<?xml version="1.0" encoding="UTF-8"?>
<TestRun id="daed4f27-6481-4fe7-a6b5-c2a9f17652ab" name="Mike@MIKE-NOTEBOOK2 2013-06-19 12:23:51" runUser="MIKE-NOTEBOOK2\Mike" xmlns="http://microsoft.com/schemas/VisualStudio/TeamTest/2006">
  <TestRunConfiguration name="Default Run Configuration" id="61769ff7-8a4d-48d9-90a1-cbb5f824fb14">
    <Deployment runDeploymentRoot="D:\ALinq\Source\Trunk\Test\TestResults\Mike_MIKE-NOTEBOOK2 2013-06-19 12_23_51">
      <DeploymentItem filename="D:\ALinq\Source\Trunk\Northwind\bin\Debug\NorthwindDatabase.dll" />
      <DeploymentItem filename="D:\ALinq\Source\Trunk\Test\bin\Debug\Oracle.DataAccess.dll" />
    </Deployment>
    <Hosts skipUnhostableTests="false" />
    <TestTypeSpecific />
  </TestRunConfiguration>
  <ResultSummary outcome="Error">
    <Counters total="2608" executed="5" passed="3" error="0" failed="1" timeout="0" aborted="1" inconclusive="0" passedButRunAborted="0" notRunnable="0" notExecuted="2603" disconnected="0" warning="0" completed="0" inProgress="0" pending="0" />
    <RunInfos>
      <RunInfo computerName="MIKE-NOTEBOOK2" outcome="Error" timestamp="2013-06-19T12:24:29.0348866+08:00">
        <Text>Test host process exited unexpectedly.</Text>
      </RunInfo>
    </RunInfos>
  </ResultSummary>
  <Times creation="2013-06-19T12:23:51.7667550+08:00" queuing="2013-06-19T12:24:01.4423084+08:00" start="2013-06-19T12:24:03.4844252+08:00" finish="2013-06-19T12:24:30.4369668+08:00" />
  <TestDefinitions>
    <UnitTest name="StringInsert" storage="d:\alinq\source\trunk\test\bin\debug\test.dll" id="16ec256c-6d28-fc49-d17c-2c900b50a53d">
      <Css projectStructure="" iteration="" />
      <Owners>
        <Owner name="" />
      </Owners>
      <TestMethod codeBase="D:\ALinq\Source\Trunk\Test\bin\Debug\Test.dll" adapterTypeName="Microsoft.VisualStudio.TestTools.TestTypes.Unit.UnitTestAdapter, Microsoft.VisualStudio.QualityTools.Tips.UnitTest.Adapter, Version=9.0.0.0, Culture=neutral, PublicKeyToken=b03f5f7f11d50a3a" className="Test.OdpOracleTest, Test" name="StringInsert" />
    </UnitTest>
    <UnitTest name="DataType_XElement" storage="d:\alinq\source\trunk\test\bin\debug\test.dll" id="7e6279c3-d464-50ea-b865-41700059ea65">
      <Css projectStructure="" iteration="" />
      <Owners>
        <Owner name="" />
      </Owners>
      <TestMethod codeBase="D:\ALinq\Source\Trunk\Test\bin\Debug\Test.dll" adapterTypeName="Microsoft.VisualStudio.TestTools.TestTypes.Unit.UnitTestAdapter, Microsoft.VisualStudio.QualityTools.Tips.UnitTest.Adapter, Version=9.0.0.0, Culture=neutral, PublicKeyToken=b03f5f7f11d50a3a" className="Test.NorOracleTest, Test" name="DataType_XElement" />
    </UnitTest>
    <UnitTest name="All_Grouped" storage="d:\alinq\source\trunk\test\bin\debug\test.dll" id="a19c6b35-d932-35ae-6d17-67bc2160a706">
      <Css projectStructure="" iteration="" />
      <Owners>
        <Owner name="" />
      </Owners>
      <TestMethod codeBase="D:\ALinq\Source\Trunk\Test\bin\Debug\Test.dll" adapterTypeName="Microsoft.VisualStudio.TestTools.TestTypes.Unit.UnitTestAdapter, Microsoft.VisualStudio.QualityTools.Tips.UnitTest.Adapter, Version=9.0.0.0, Culture=neutral, PublicKeyToken=b03f5f7f11d50a3a" className="Test.PgsqlTest, Test" name="All_Grouped" />
    </UnitTest>
    <UnitTest name="DateTime_DayOfWeek" storage="d:\alinq\source\trunk\test\bin\debug\test.dll" id="a4129f63-cebb-2cb6-d7fd-044d7ee4ddc8">
      <Css projectStructure="" iteration="" />
      <Owners>
        <Owner name="" />
      </Owners>
      <TestMethod codeBase="D:\ALinq\Source\Trunk\Test\bin\Debug\Test.dll" adapterTypeName="Microsoft.VisualStudio.TestTools.TestTypes.Unit.UnitTestAdapter, Microsoft.VisualStudio.QualityTools.Tips.UnitTest.Adapter, Version=9.0.0.0, Culture=neutral, PublicKeyToken=b03f5f7f11d50a3a" className="Test.SqlTest, Test" name="DateTime_DayOfWeek" />
    </UnitTest>
    <UnitTest name="DateTime_Date" storage="d:\alinq\source\trunk\test\bin\debug\test.dll" id="545e9e6b-36a5-7a39-3196-1814e162d5bc">
      <Css projectStructure="" iteration="" />
      <Owners>
        <Owner name="" />
      </Owners>
      <TestMethod codeBase="D:\ALinq\Source\Trunk\Test\bin\Debug\Test.dll" adapterTypeName="Microsoft.VisualStudio.TestTools.TestTypes.Unit.UnitTestAdapter, Microsoft.VisualStudio.QualityTools.Tips.UnitTest.Adapter, Version=9.0.0.0, Culture=neutral, PublicKeyToken=b03f5f7f11d50a3a" className="Test.PgsqlTest, Test" name="DateTime_Date" />
    </UnitTest>
    <UnitTest name="ResolveAll" storage="d:\alinq\source\trunk\test\bin\debug\test.dll" id="3a98d3ac-4556-953c-d38b-3535fcb006f1">
      <Css projectStructure="" iteration="" />
      <Owners>
        <Owner name="" />
      </Owners>
      <TestMethod codeBase="D:\ALinq\Source\Trunk\Test\bin\Debug\Test.dll" adapterTypeName="Microsoft.VisualStudio.TestTools.TestTypes.Unit.UnitTestAdapter, Microsoft.VisualStudio.QualityTools.Tips.UnitTest.Adapter, Version=9.0.0.0, Culture=neutral, PublicKeyToken=b03f5f7f11d50a3a" className="Test.SQL2005Test, Test" name="ResolveAll" />
    </UnitTest>
    <UnitTest name="Max_Grouped" storage="d:\alinq\source\trunk\test\bin\debug\test.dll" id="231b8be0-0ec5-2c1e-533f-603dc595c18c">
      <Css projectStructure="" iteration="" />
      <Owners>
        <Owner name="" />
      </Owners>
      <TestMethod codeBase="D:\ALinq\Source\Trunk\Test\bin\Debug\Test.dll" adapterTypeName="Microsoft.VisualStudio.TestTools.TestTypes.Unit.UnitTestAdapter, Microsoft.VisualStudio.QualityTools.Tips.UnitTest.Adapter, Version=9.0.0.0, Culture=neutral, PublicKeyToken=b03f5f7f11d50a3a" className="Test.MySqlTest, Test" name="Max_Grouped" />
    </UnitTest>
    <UnitTest name="Math_Log" storage="d:\alinq\source\trunk\test\bin\debug\test.dll" id="09e9d187-80ad-9786-4d7e-00d49424bd28">
      <Css projectStructure="" iteration="" />
      <Owners>
        <Owner name="" />
      </Owners>
      <TestMethod codeBase="D:\ALinq\Source\Trunk\Test\bin\Debug\Test.dll" adapterTypeName="Microsoft.VisualStudio.TestTools.TestTypes.Unit.UnitTestAdapter, Microsoft.VisualStudio.QualityTools.Tips.UnitTest.Adapter, Version=9.0.0.0, Culture=neutral, PublicKeyToken=b03f5f7f11d50a3a" className="Test.SQL2000Test, Test" name="Math_Log" />
    </UnitTest>
    <UnitTest name="String_ToLower2" storage="d:\alinq\source\trunk\test\bin\debug\test.dll" id="c1924540-a692-4a74-29ca-d1240a279bee">
      <Css projectStructure="" iteration="" />
      <Owners>
        <Owner name="" />
      </Owners>
      <TestMethod codeBase="D:\ALinq\Source\Trunk\Test\bin\Debug\Test.dll" adapterTypeName="Microsoft.VisualStudio.TestTools.TestTypes.Unit.UnitTestAdapter, Microsoft.VisualStudio.QualityTools.Tips.UnitTest.Adapter, Version=9.0.0.0, Culture=neutral, PublicKeyToken=b03f5f7f11d50a3a" className="Test.NorOracleTest, Test" name="String_ToLower2" />
    </UnitTest>
    <UnitTest name="AddCategory" storage="d:\alinq\source\trunk\test\bin\debug\test.dll" id="aa5262e0-3b0f-e268-f011-da7ca3d3543f">
      <Css projectStructure="" iteration="" />
      <Owners>
        <Owner name="" />
      </Owners>
      <TestMethod codeBase="D:\ALinq\Source\Trunk\Test\bin\Debug\Test.dll" adapterTypeName="Microsoft.VisualStudio.TestTools.TestTypes.Unit.UnitTestAdapter, Microsoft.VisualStudio.QualityTools.Tips.UnitTest.Adapter, Version=9.0.0.0, Culture=neutral, PublicKeyToken=b03f5f7f11d50a3a" className="Test.NorOracleProcedureTest, Test" name="AddCategory" />
    </UnitTest>
    <UnitTest name="Insert_Simple" storage="d:\alinq\source\trunk\test\bin\debug\test.dll" id="cf431198-7dbf-ac00-27fc-bb4059bb5363">
      <Css projectStructure="" iteration="" />
      <Owners>
        <Owner name="" />
      </Owners>
      <TestMethod codeBase="D:\ALinq\Source\Trunk\Test\bin\Debug\Test.dll" adapterTypeName="Microsoft.VisualStudio.TestTools.TestTypes.Unit.UnitTestAdapter, Microsoft.VisualStudio.QualityTools.Tips.UnitTest.Adapter, Version=9.0.0.0, Culture=neutral, PublicKeyToken=b03f5f7f11d50a3a" className="Test.OdpOracleTest, Test" name="Insert_Simple" />
    </UnitTest>
    <UnitTest name="StringStartsWith" storage="d:\alinq\source\trunk\test\bin\debug\test.dll" id="a98ea7b2-8fe8-fd60-30f1-c2feee5385db">
      <Css projectStructure="" iteration="" />
      <Owners>
        <Owner name="" />
      </Owners>
      <TestMethod codeBase="D:\ALinq\Source\Trunk\Test\bin\Debug\Test.dll" adapterTypeName="Microsoft.VisualStudio.TestTools.TestTypes.Unit.UnitTestAdapter, Microsoft.VisualStudio.QualityTools.Tips.UnitTest.Adapter, Version=9.0.0.0, Culture=neutral, PublicKeyToken=b03f5f7f11d50a3a" className="Test.SQL2000Test, Test" name="StringStartsWith" />
    </UnitTest>
    <UnitTest name="Intersect" storage="d:\alinq\source\trunk\test\bin\debug\test.dll" id="241fdc1c-07cb-ab7b-5399-832a70a5c577">
      <Css projectStructure="" iteration="" />
      <Owners>
        <Owner name="" />
      </Owners>
      <TestMethod codeBase="D:\ALinq\Source\Trunk\Test\bin\Debug\Test.dll" adapterTypeName="Microsoft.VisualStudio.TestTools.TestTypes.Unit.UnitTestAdapter, Microsoft.VisualStudio.QualityTools.Tips.UnitTest.Adapter, Version=9.0.0.0, Culture=neutral, PublicKeyToken=b03f5f7f11d50a3a" className="Test.AccessTest, Test" name="Intersect" />
    </UnitTest>
    <UnitTest name="Join" storage="d:\alinq\source\trunk\test\bin\debug\test.dll" id="cab839a8-818d-19aa-84c6-a316138a211d">
      <Css projectStructure="" iteration="" />
      <Owners>
        <Owner name="" />
      </Owners>
      <TestMethod codeBase="D:\ALinq\Source\Trunk\Test\bin\Debug\Test.dll" adapterTypeName="Microsoft.VisualStudio.TestTools.TestTypes.Unit.UnitTestAdapter, Microsoft.VisualStudio.QualityTools.Tips.UnitTest.Adapter, Version=9.0.0.0, Culture=neutral, PublicKeyToken=b03f5f7f11d50a3a" className="Test.FirebirdTest, Test" name="Join" />
    </UnitTest>
    <UnitTest name="Avg_Grouped" storage="d:\alinq\source\trunk\test\bin\debug\test.dll" id="46b1131b-2c04-7df4-d316-e0473472212b">
      <Css projectStructure="" iteration="" />
      <Owners>
        <Owner name="" />
      </Owners>
      <TestMethod codeBase="D:\ALinq\Source\Trunk\Test\bin\Debug\Test.dll" adapterTypeName="Microsoft.VisualStudio.TestTools.TestTypes.Unit.UnitTestAdapter, Microsoft.VisualStudio.QualityTools.Tips.UnitTest.Adapter, Version=9.0.0.0, Culture=neutral, PublicKeyToken=b03f5f7f11d50a3a" className="Test.SQLiteTest, Test" name="Avg_Grouped" />
    </UnitTest>
    <UnitTest name="GroupBy_Nested" storage="d:\alinq\source\trunk\test\bin\debug\test.dll" id="89c67a30-15f0-192d-9017-4a7fd71964f2">
      <Css projectStructure="" iteration="" />
      <Owners>
        <Owner name="" />
      </Owners>
      <TestMethod codeBase="D:\ALinq\Source\Trunk\Test\bin\Debug\Test.dll" adapterTypeName="Microsoft.VisualStudio.TestTools.TestTypes.Unit.UnitTestAdapter, Microsoft.VisualStudio.QualityTools.Tips.UnitTest.Adapter, Version=9.0.0.0, Culture=neutral, PublicKeyToken=b03f5f7f11d50a3a" className="Test.OdpOracleTest, Test" name="GroupBy_Nested" />
    </UnitTest>
    <UnitTest name="GroupBy_Avg" storage="d:\alinq\source\trunk\test\bin\debug\test.dll" id="141df5e6-a59b-df73-5f60-ae8b8ac3134e">
      <Css projectStructure="" iteration="" />
      <Owners>
        <Owner name="" />
      </Owners>
      <TestMethod codeBase="D:\ALinq\Source\Trunk\Test\bin\Debug\Test.dll" adapterTypeName="Microsoft.VisualStudio.TestTools.TestTypes.Unit.UnitTestAdapter, Microsoft.VisualStudio.QualityTools.Tips.UnitTest.Adapter, Version=9.0.0.0, Culture=neutral, PublicKeyToken=b03f5f7f11d50a3a" className="Test.NorOracleTest, Test" name="GroupBy_Avg" />
    </UnitTest>
    <UnitTest name="AutoGuid" storage="d:\alinq\source\trunk\test\bin\debug\test.dll" id="0881b728-9fa0-382a-99f2-2b749e051cd2">
      <Css projectStructure="" iteration="" />
      <Owners>
        <Owner name="" />
      </Owners>
      <TestMethod codeBase="D:\ALinq\Source\Trunk\Test\bin\Debug\Test.dll" adapterTypeName="Microsoft.VisualStudio.TestTools.TestTypes.Unit.UnitTestAdapter, Microsoft.VisualStudio.QualityTools.Tips.UnitTest.Adapter, Version=9.0.0.0, Culture=neutral, PublicKeyToken=b03f5f7f11d50a3a" className="Test.SqlTest, Test" name="AutoGuid" />
    </UnitTest>
    <UnitTest name="SelectMany_MultipleFrom" storage="d:\alinq\source\trunk\test\bin\debug\test.dll" id="8c6cfb7e-3c41-6fa1-c2f2-f15039193c71">
      <Css projectStructure="" iteration="" />
      <Owners>
        <Owner name="" />
      </Owners>
      <TestMethod codeBase="D:\ALinq\Source\Trunk\Test\bin\Debug\Test.dll" adapterTypeName="Microsoft.VisualStudio.TestTools.TestTypes.Unit.UnitTestAdapter, Microsoft.VisualStudio.QualityTools.Tips.UnitTest.Adapter, Version=9.0.0.0, Culture=neutral, PublicKeyToken=b03f5f7f11d50a3a" className="Test.SqlTest, Test" name="SelectMany_MultipleFrom" />
    </UnitTest>
    <UnitTest name="DateTime_Second" storage="d:\alinq\source\trunk\test\bin\debug\test.dll" id="48f840c8-a855-ff70-169b-8ae167d1f29a">
      <Css projectStructure="" iteration="" />
      <Owners>
        <Owner name="" />
      </Owners>
      <TestMethod codeBase="D:\ALinq\Source\Trunk\Test\bin\Debug\Test.dll" adapterTypeName="Microsoft.VisualStudio.TestTools.TestTypes.Unit.UnitTestAdapter, Microsoft.VisualStudio.QualityTools.Tips.UnitTest.Adapter, Version=9.0.0.0, Culture=neutral, PublicKeyToken=b03f5f7f11d50a3a" className="Test.NorOracleTest, Test" name="DateTime_Second" />
    </UnitTest>
    <UnitTest name="String_ToUpper2" storage="d:\alinq\source\trunk\test\bin\debug\test.dll" id="f36a13a4-4f45-ed82-e184-9d87241f29ab">
      <Css projectStructure="" iteration="" />
      <Owners>
        <Owner name="" />
      </Owners>
      <TestMethod codeBase="D:\ALinq\Source\Trunk\Test\bin\Debug\Test.dll" adapterTypeName="Microsoft.VisualStudio.TestTools.TestTypes.Unit.UnitTestAdapter, Microsoft.VisualStudio.QualityTools.Tips.UnitTest.Adapter, Version=9.0.0.0, Culture=neutral, PublicKeyToken=b03f5f7f11d50a3a" className="Test.MySqlTest, Test" name="String_ToUpper2" />
    </UnitTest>
    <UnitTest name="String_EndsWith" storage="d:\alinq\source\trunk\test\bin\debug\test.dll" id="33daf3dd-2be0-05b2-6ec2-edf5f2a6b9d8">
      <Css projectStructure="" iteration="" />
      <Owners>
        <Owner name="" />
      </Owners>
      <TestMethod codeBase="D:\ALinq\Source\Trunk\Test\bin\Debug\Test.dll" adapterTypeName="Microsoft.VisualStudio.TestTools.TestTypes.Unit.UnitTestAdapter, Microsoft.VisualStudio.QualityTools.Tips.UnitTest.Adapter, Version=9.0.0.0, Culture=neutral, PublicKeyToken=b03f5f7f11d50a3a" className="Test.SQLiteTest, Test" name="String_EndsWith" />
    </UnitTest>
    <UnitTest name="DateTime_AddMinutes" storage="d:\alinq\source\trunk\test\bin\debug\test.dll" id="fd5bc2ed-50a5-6c17-76b7-99af3dd18493">
      <Css projectStructure="" iteration="" />
      <Owners>
        <Owner name="" />
      </Owners>
      <TestMethod codeBase="D:\ALinq\Source\Trunk\Test\bin\Debug\Test.dll" adapterTypeName="Microsoft.VisualStudio.TestTools.TestTypes.Unit.UnitTestAdapter, Microsoft.VisualStudio.QualityTools.Tips.UnitTest.Adapter, Version=9.0.0.0, Culture=neutral, PublicKeyToken=b03f5f7f11d50a3a" className="Test.OdpOracleTest, Test" name="DateTime_AddMinutes" />
    </UnitTest>
    <UnitTest name="Association" storage="d:\alinq\source\trunk\test\bin\debug\test.dll" id="2c6f5ffb-6d1d-c383-322e-a2f84765f8eb">
      <Css projectStructure="" iteration="" />
      <Owners>
        <Owner name="" />
      </Owners>
      <TestMethod codeBase="D:\ALinq\Source\Trunk\Test\bin\Debug\Test.dll" adapterTypeName="Microsoft.VisualStudio.TestTools.TestTypes.Unit.UnitTestAdapter, Microsoft.VisualStudio.QualityTools.Tips.UnitTest.Adapter, Version=9.0.0.0, Culture=neutral, PublicKeyToken=b03f5f7f11d50a3a" className="Test.SQL2005Test, Test" name="Association" />
    </UnitTest>
    <UnitTest name="Min_Elements" storage="d:\alinq\source\trunk\test\bin\debug\test.dll" id="30602b49-d76d-2bfb-775d-31c52f9c28f8">
      <Css projectStructure="" iteration="" />
      <Owners>
        <Owner name="" />
      </Owners>
      <TestMethod codeBase="D:\ALinq\Source\Trunk\Test\bin\Debug\Test.dll" adapterTypeName="Microsoft.VisualStudio.TestTools.TestTypes.Unit.UnitTestAdapter, Microsoft.VisualStudio.QualityTools.Tips.UnitTest.Adapter, Version=9.0.0.0, Culture=neutral, PublicKeyToken=b03f5f7f11d50a3a" className="Test.SQLiteTest, Test" name="Min_Elements" />
    </UnitTest>
    <UnitTest name="Math_Log" storage="d:\alinq\source\trunk\test\bin\debug\test.dll" id="a0083ead-ed59-a5fd-024d-f41abaf9a359">
      <Css projectStructure="" iteration="" />
      <Owners>
        <Owner name="" />
      </Owners>
      <TestMethod codeBase="D:\ALinq\Source\Trunk\Test\bin\Debug\Test.dll" adapterTypeName="Microsoft.VisualStudio.TestTools.TestTypes.Unit.UnitTestAdapter, Microsoft.VisualStudio.QualityTools.Tips.UnitTest.Adapter, Version=9.0.0.0, Culture=neutral, PublicKeyToken=b03f5f7f11d50a3a" className="Test.PgsqlTest, Test" name="Math_Log" />
    </UnitTest>
    <UnitTest name="GroupBy_Nested" storage="d:\alinq\source\trunk\test\bin\debug\test.dll" id="88ff366a-7082-94a1-4ccb-e2066fa5cd97">
      <Css projectStructure="" iteration="" />
      <Owners>
        <Owner name="" />
      </Owners>
      <TestMethod codeBase="D:\ALinq\Source\Trunk\Test\bin\Debug\Test.dll" adapterTypeName="Microsoft.VisualStudio.TestTools.TestTypes.Unit.UnitTestAdapter, Microsoft.VisualStudio.QualityTools.Tips.UnitTest.Adapter, Version=9.0.0.0, Culture=neutral, PublicKeyToken=b03f5f7f11d50a3a" className="Test.SQL2005Test, Test" name="GroupBy_Nested" />
    </UnitTest>
    <UnitTest name="DataType_Enum" storage="d:\alinq\source\trunk\test\bin\debug\test.dll" id="c319fc25-55ed-01b7-47d5-b84a22b1c601">
      <Css projectStructure="" iteration="" />
      <Owners>
        <Owner name="" />
      </Owners>
      <TestMethod codeBase="D:\ALinq\Source\Trunk\Test\bin\Debug\Test.dll" adapterTypeName="Microsoft.VisualStudio.TestTools.TestTypes.Unit.UnitTestAdapter, Microsoft.VisualStudio.QualityTools.Tips.UnitTest.Adapter, Version=9.0.0.0, Culture=neutral, PublicKeyToken=b03f5f7f11d50a3a" className="Test.SQL2005Test, Test" name="DataType_Enum" />
    </UnitTest>
    <UnitTest name="StringRemove" storage="d:\alinq\source\trunk\test\bin\debug\test.dll" id="e302f299-cea8-2e5d-4c3e-823d98931012">
      <Css projectStructure="" iteration="" />
      <Owners>
        <Owner name="" />
      </Owners>
      <TestMethod codeBase="D:\ALinq\Source\Trunk\Test\bin\Debug\Test.dll" adapterTypeName="Microsoft.VisualStudio.TestTools.TestTypes.Unit.UnitTestAdapter, Microsoft.VisualStudio.QualityTools.Tips.UnitTest.Adapter, Version=9.0.0.0, Culture=neutral, PublicKeyToken=b03f5f7f11d50a3a" className="Test.SQL2000Test, Test" name="StringRemove" />
    </UnitTest>
    <UnitTest name="Take_Nested" storage="d:\alinq\source\trunk\test\bin\debug\test.dll" id="2b2981c1-b6ce-4211-6c24-73163f2ab4c2">
      <Css projectStructure="" iteration="" />
      <Owners>
        <Owner name="" />
      </Owners>
      <TestMethod codeBase="D:\ALinq\Source\Trunk\Test\bin\Debug\Test.dll" adapterTypeName="Microsoft.VisualStudio.TestTools.TestTypes.Unit.UnitTestAdapter, Microsoft.VisualStudio.QualityTools.Tips.UnitTest.Adapter, Version=9.0.0.0, Culture=neutral, PublicKeyToken=b03f5f7f11d50a3a" className="Test.SqlTest, Test" name="Take_Nested" />
    </UnitTest>
    <UnitTest name="GroupBy_MultipleColumns" storage="d:\alinq\source\trunk\test\bin\debug\test.dll" id="c131f5d2-14f8-e7d1-5ac3-3c7b7d77d033">
      <Css projectStructure="" iteration="" />
      <Owners>
        <Owner name="" />
      </Owners>
      <TestMethod codeBase="D:\ALinq\Source\Trunk\Test\bin\Debug\Test.dll" adapterTypeName="Microsoft.VisualStudio.TestTools.TestTypes.Unit.UnitTestAdapter, Microsoft.VisualStudio.QualityTools.Tips.UnitTest.Adapter, Version=9.0.0.0, Culture=neutral, PublicKeyToken=b03f5f7f11d50a3a" className="Test.MySqlTest, Test" name="GroupBy_MultipleColumns" />
    </UnitTest>
    <UnitTest name="DataType_Char" storage="d:\alinq\source\trunk\test\bin\debug\test.dll" id="fcb22a38-a02a-9890-319f-b0212b16d9d5">
      <Css projectStructure="" iteration="" />
      <Owners>
        <Owner name="" />
      </Owners>
      <TestMethod codeBase="D:\ALinq\Source\Trunk\Test\bin\Debug\Test.dll" adapterTypeName="Microsoft.VisualStudio.TestTools.TestTypes.Unit.UnitTestAdapter, Microsoft.VisualStudio.QualityTools.Tips.UnitTest.Adapter, Version=9.0.0.0, Culture=neutral, PublicKeyToken=b03f5f7f11d50a3a" className="Test.SQL2005Test, Test" name="DataType_Char" />
    </UnitTest>
    <UnitTest name="Math_Ceiling" storage="d:\alinq\source\trunk\test\bin\debug\test.dll" id="8dbba4ed-1037-6d7e-e510-fb1f31a2b04d">
      <Css projectStructure="" iteration="" />
      <Owners>
        <Owner name="" />
      </Owners>
      <TestMethod codeBase="D:\ALinq\Source\Trunk\Test\bin\Debug\Test.dll" adapterTypeName="Microsoft.VisualStudio.TestTools.TestTypes.Unit.UnitTestAdapter, Microsoft.VisualStudio.QualityTools.Tips.UnitTest.Adapter, Version=9.0.0.0, Culture=neutral, PublicKeyToken=b03f5f7f11d50a3a" className="Test.OdpOracleTest, Test" name="Math_Ceiling" />
    </UnitTest>
    <UnitTest name="Command" storage="d:\alinq\source\trunk\test\bin\debug\test.dll" id="b7571ae8-6002-7aa9-2612-efd1f8c63d0c">
      <Css projectStructure="" iteration="" />
      <Owners>
        <Owner name="" />
      </Owners>
      <TestMethod codeBase="D:\ALinq\Source\Trunk\Test\bin\Debug\Test.dll" adapterTypeName="Microsoft.VisualStudio.TestTools.TestTypes.Unit.UnitTestAdapter, Microsoft.VisualStudio.QualityTools.Tips.UnitTest.Adapter, Version=9.0.0.0, Culture=neutral, PublicKeyToken=b03f5f7f11d50a3a" className="Test.NorOracleTest, Test" name="Command" />
    </UnitTest>
    <UnitTest name="String_Substring1" storage="d:\alinq\source\trunk\test\bin\debug\test.dll" id="039b068e-95a1-8c13-a54a-4781d313bcfe">
      <Css projectStructure="" iteration="" />
      <Owners>
        <Owner name="" />
      </Owners>
      <TestMethod codeBase="D:\ALinq\Source\Trunk\Test\bin\Debug\Test.dll" adapterTypeName="Microsoft.VisualStudio.TestTools.TestTypes.Unit.UnitTestAdapter, Microsoft.VisualStudio.QualityTools.Tips.UnitTest.Adapter, Version=9.0.0.0, Culture=neutral, PublicKeyToken=b03f5f7f11d50a3a" className="Test.PgsqlTest, Test" name="String_Substring1" />
    </UnitTest>
    <UnitTest name="GroupBy_Min" storage="d:\alinq\source\trunk\test\bin\debug\test.dll" id="a1c6ce51-b390-749c-29b1-7e0d7a3971bc">
      <Css projectStructure="" iteration="" />
      <Owners>
        <Owner name="" />
      </Owners>
      <TestMethod codeBase="D:\ALinq\Source\Trunk\Test\bin\Debug\Test.dll" adapterTypeName="Microsoft.VisualStudio.TestTools.TestTypes.Unit.UnitTestAdapter, Microsoft.VisualStudio.QualityTools.Tips.UnitTest.Adapter, Version=9.0.0.0, Culture=neutral, PublicKeyToken=b03f5f7f11d50a3a" className="Test.NorOracleTest, Test" name="GroupBy_Min" />
    </UnitTest>
    <UnitTest name="All_Simple" storage="d:\alinq\source\trunk\test\bin\debug\test.dll" id="119d6cf9-0305-3543-470f-a123d7d8344a">
      <Css projectStructure="" iteration="" />
      <Owners>
        <Owner name="" />
      </Owners>
      <TestMethod codeBase="D:\ALinq\Source\Trunk\Test\bin\Debug\Test.dll" adapterTypeName="Microsoft.VisualStudio.TestTools.TestTypes.Unit.UnitTestAdapter, Microsoft.VisualStudio.QualityTools.Tips.UnitTest.Adapter, Version=9.0.0.0, Culture=neutral, PublicKeyToken=b03f5f7f11d50a3a" className="Test.FirebirdTest, Test" name="All_Simple" />
    </UnitTest>
    <UnitTest name="Math_Log10" storage="d:\alinq\source\trunk\test\bin\debug\test.dll" id="206c3bc7-cb59-2f21-4931-df8801317eca">
      <Css projectStructure="" iteration="" />
      <Owners>
        <Owner name="" />
      </Owners>
      <TestMethod codeBase="D:\ALinq\Source\Trunk\Test\bin\Debug\Test.dll" adapterTypeName="Microsoft.VisualStudio.TestTools.TestTypes.Unit.UnitTestAdapter, Microsoft.VisualStudio.QualityTools.Tips.UnitTest.Adapter, Version=9.0.0.0, Culture=neutral, PublicKeyToken=b03f5f7f11d50a3a" className="Test.FirebirdTest, Test" name="Math_Log10" />
    </UnitTest>
    <UnitTest name="StringInsert" storage="d:\alinq\source\trunk\test\bin\debug\test.dll" id="9dda76b6-8ced-1c44-8583-a3f1e4dca041">
      <Css projectStructure="" iteration="" />
      <Owners>
        <Owner name="" />
      </Owners>
      <TestMethod codeBase="D:\ALinq\Source\Trunk\Test\bin\Debug\Test.dll" adapterTypeName="Microsoft.VisualStudio.TestTools.TestTypes.Unit.UnitTestAdapter, Microsoft.VisualStudio.QualityTools.Tips.UnitTest.Adapter, Version=9.0.0.0, Culture=neutral, PublicKeyToken=b03f5f7f11d50a3a" className="Test.SqlTest, Test" name="StringInsert" />
    </UnitTest>
    <UnitTest name="String_Trim1" storage="d:\alinq\source\trunk\test\bin\debug\test.dll" id="25a2b29a-f967-82e9-9812-5296f8260025">
      <Css projectStructure="" iteration="" />
      <Owners>
        <Owner name="" />
      </Owners>
      <TestMethod codeBase="D:\ALinq\Source\Trunk\Test\bin\Debug\Test.dll" adapterTypeName="Microsoft.VisualStudio.TestTools.TestTypes.Unit.UnitTestAdapter, Microsoft.VisualStudio.QualityTools.Tips.UnitTest.Adapter, Version=9.0.0.0, Culture=neutral, PublicKeyToken=b03f5f7f11d50a3a" className="Test.MySqlTest, Test" name="String_Trim1" />
    </UnitTest>
    <UnitTest name="Like" storage="d:\alinq\source\trunk\test\bin\debug\test.dll" id="6fdf6c49-565a-e4d5-577b-869f654c6c15">
      <Css projectStructure="" iteration="" />
      <Owners>
        <Owner name="" />
      </Owners>
      <TestMethod codeBase="D:\ALinq\Source\Trunk\Test\bin\Debug\Test.dll" adapterTypeName="Microsoft.VisualStudio.TestTools.TestTypes.Unit.UnitTestAdapter, Microsoft.VisualStudio.QualityTools.Tips.UnitTest.Adapter, Version=9.0.0.0, Culture=neutral, PublicKeyToken=b03f5f7f11d50a3a" className="Test.OdpOracleTest, Test" name="Like" />
    </UnitTest>
    <UnitTest name="StringIndexOf" storage="d:\alinq\source\trunk\test\bin\debug\test.dll" id="5e2ac90e-4525-ee87-9c9c-e9909fa429f6">
      <Css projectStructure="" iteration="" />
      <Owners>
        <Owner name="" />
      </Owners>
      <TestMethod codeBase="D:\ALinq\Source\Trunk\Test\bin\Debug\Test.dll" adapterTypeName="Microsoft.VisualStudio.TestTools.TestTypes.Unit.UnitTestAdapter, Microsoft.VisualStudio.QualityTools.Tips.UnitTest.Adapter, Version=9.0.0.0, Culture=neutral, PublicKeyToken=b03f5f7f11d50a3a" className="Test.SQLiteTest, Test" name="StringIndexOf" />
    </UnitTest>
    <UnitTest name="Math_Sin" storage="d:\alinq\source\trunk\test\bin\debug\test.dll" id="5345956f-79bc-77de-6c4d-d74b8b4422bf">
      <Css projectStructure="" iteration="" />
      <Owners>
        <Owner name="" />
      </Owners>
      <TestMethod codeBase="D:\ALinq\Source\Trunk\Test\bin\Debug\Test.dll" adapterTypeName="Microsoft.VisualStudio.TestTools.TestTypes.Unit.UnitTestAdapter, Microsoft.VisualStudio.QualityTools.Tips.UnitTest.Adapter, Version=9.0.0.0, Culture=neutral, PublicKeyToken=b03f5f7f11d50a3a" className="Test.OdpOracleTest, Test" name="Math_Sin" />
    </UnitTest>
    <UnitTest name="DateTimeLE" storage="d:\alinq\source\trunk\test\bin\debug\test.dll" id="90364c1d-aa13-249c-0b38-9711535b2934">
      <Css projectStructure="" iteration="" />
      <Owners>
        <Owner name="" />
      </Owners>
      <TestMethod codeBase="D:\ALinq\Source\Trunk\Test\bin\Debug\Test.dll" adapterTypeName="Microsoft.VisualStudio.TestTools.TestTypes.Unit.UnitTestAdapter, Microsoft.VisualStudio.QualityTools.Tips.UnitTest.Adapter, Version=9.0.0.0, Culture=neutral, PublicKeyToken=b03f5f7f11d50a3a" className="Test.AccessTest, Test" name="DateTimeLE" />
    </UnitTest>
    <UnitTest name="CreateTale" storage="d:\alinq\source\trunk\test\bin\debug\test.dll" id="78dc759e-36b3-06fe-144e-dca3c10ddc92">
      <Css projectStructure="" iteration="" />
      <Owners>
        <Owner name="" />
      </Owners>
      <TestMethod codeBase="D:\ALinq\Source\Trunk\Test\bin\Debug\Test.dll" adapterTypeName="Microsoft.VisualStudio.TestTools.TestTypes.Unit.UnitTestAdapter, Microsoft.VisualStudio.QualityTools.Tips.UnitTest.Adapter, Version=9.0.0.0, Culture=neutral, PublicKeyToken=b03f5f7f11d50a3a" className="Test.SQLiteTest, Test" name="CreateTale" />
    </UnitTest>
    <UnitTest name="CRUD_Update1" storage="d:\alinq\source\trunk\test\bin\debug\test.dll" id="ea520a38-794f-e32c-7ed8-1fb2776fe88e">
      <Css projectStructure="" iteration="" />
      <Owners>
        <Owner name="" />
      </Owners>
      <TestMethod codeBase="D:\ALinq\Source\Trunk\Test\bin\Debug\Test.dll" adapterTypeName="Microsoft.VisualStudio.TestTools.TestTypes.Unit.UnitTestAdapter, Microsoft.VisualStudio.QualityTools.Tips.UnitTest.Adapter, Version=9.0.0.0, Culture=neutral, PublicKeyToken=b03f5f7f11d50a3a" className="Test.SqlTest, Test" name="CRUD_Update1" />
    </UnitTest>
    <UnitTest name="GroupBy_Max" storage="d:\alinq\source\trunk\test\bin\debug\test.dll" id="f4e0bf0b-ca6f-3d95-e609-0852386ba675">
      <Css projectStructure="" iteration="" />
      <Owners>
        <Owner name="" />
      </Owners>
      <TestMethod codeBase="D:\ALinq\Source\Trunk\Test\bin\Debug\Test.dll" adapterTypeName="Microsoft.VisualStudio.TestTools.TestTypes.Unit.UnitTestAdapter, Microsoft.VisualStudio.QualityTools.Tips.UnitTest.Adapter, Version=9.0.0.0, Culture=neutral, PublicKeyToken=b03f5f7f11d50a3a" className="Test.SQL2000Test, Test" name="GroupBy_Max" />
    </UnitTest>
    <UnitTest name="String_Substring2" storage="d:\alinq\source\trunk\test\bin\debug\test.dll" id="2a79fdf8-72b4-263e-c994-f524dfdcd8d5">
      <Css projectStructure="" iteration="" />
      <Owners>
        <Owner name="" />
      </Owners>
      <TestMethod codeBase="D:\ALinq\Source\Trunk\Test\bin\Debug\Test.dll" adapterTypeName="Microsoft.VisualStudio.TestTools.TestTypes.Unit.UnitTestAdapter, Microsoft.VisualStudio.QualityTools.Tips.UnitTest.Adapter, Version=9.0.0.0, Culture=neutral, PublicKeyToken=b03f5f7f11d50a3a" className="Test.DB2Test, Test" name="String_Substring2" />
    </UnitTest>
    <UnitTest name="Join_ThreeWay" storage="d:\alinq\source\trunk\test\bin\debug\test.dll" id="98353507-2392-cbfe-e352-55ad0f627ff7">
      <Css projectStructure="" iteration="" />
      <Owners>
        <Owner name="" />
      </Owners>
      <TestMethod codeBase="D:\ALinq\Source\Trunk\Test\bin\Debug\Test.dll" adapterTypeName="Microsoft.VisualStudio.TestTools.TestTypes.Unit.UnitTestAdapter, Microsoft.VisualStudio.QualityTools.Tips.UnitTest.Adapter, Version=9.0.0.0, Culture=neutral, PublicKeyToken=b03f5f7f11d50a3a" className="Test.AccessTest, Test" name="Join_ThreeWay" />
    </UnitTest>
    <UnitTest name="Where_Simple4" storage="d:\alinq\source\trunk\test\bin\debug\test.dll" id="4f45e71b-b400-f8ef-2c1a-3b04b5c91cdb">
      <Css projectStructure="" iteration="" />
      <Owners>
        <Owner name="" />
      </Owners>
      <TestMethod codeBase="D:\ALinq\Source\Trunk\Test\bin\Debug\Test.dll" adapterTypeName="Microsoft.VisualStudio.TestTools.TestTypes.Unit.UnitTestAdapter, Microsoft.VisualStudio.QualityTools.Tips.UnitTest.Adapter, Version=9.0.0.0, Culture=neutral, PublicKeyToken=b03f5f7f11d50a3a" className="Test.FirebirdTest, Test" name="Where_Simple4" />
    </UnitTest>
    <UnitTest name="Math_Min" storage="d:\alinq\source\trunk\test\bin\debug\test.dll" id="9a683a28-93b3-f3ce-5cd1-900b55a1c123">
      <Css projectStructure="" iteration="" />
      <Owners>
        <Owner name="" />
      </Owners>
      <TestMethod codeBase="D:\ALinq\Source\Trunk\Test\bin\Debug\Test.dll" adapterTypeName="Microsoft.VisualStudio.TestTools.TestTypes.Unit.UnitTestAdapter, Microsoft.VisualStudio.QualityTools.Tips.UnitTest.Adapter, Version=9.0.0.0, Culture=neutral, PublicKeyToken=b03f5f7f11d50a3a" className="Test.MySqlTest, Test" name="Math_Min" />
    </UnitTest>
    <UnitTest name="CreateProcedure2" storage="d:\alinq\source\trunk\test\bin\debug\test.dll" id="07ec2f53-0264-3f1f-1ab1-6f841b203791">
      <Css projectStructure="" iteration="" />
      <Owners>
        <Owner name="" />
      </Owners>
      <TestMethod codeBase="D:\ALinq\Source\Trunk\Test\bin\Debug\Test.dll" adapterTypeName="Microsoft.VisualStudio.TestTools.TestTypes.Unit.UnitTestAdapter, Microsoft.VisualStudio.QualityTools.Tips.UnitTest.Adapter, Version=9.0.0.0, Culture=neutral, PublicKeyToken=b03f5f7f11d50a3a" className="Test.FirebirdProcedureTest, Test" name="CreateProcedure2" />
    </UnitTest>
    <UnitTest name="String_ToUpperInvariant" storage="d:\alinq\source\trunk\test\bin\debug\test.dll" id="7a08f0cc-3b6e-6229-a9d0-4c345eaddc45">
      <Css projectStructure="" iteration="" />
      <Owners>
        <Owner name="" />
      </Owners>
      <TestMethod codeBase="D:\ALinq\Source\Trunk\Test\bin\Debug\Test.dll" adapterTypeName="Microsoft.VisualStudio.TestTools.TestTypes.Unit.UnitTestAdapter, Microsoft.VisualStudio.QualityTools.Tips.UnitTest.Adapter, Version=9.0.0.0, Culture=neutral, PublicKeyToken=b03f5f7f11d50a3a" className="Test.OdpOracleTest, Test" name="String_ToUpperInvariant" />
    </UnitTest>
    <UnitTest name="DateTime_TimeOfDay" storage="d:\alinq\source\trunk\test\bin\debug\test.dll" id="0d42ea58-f693-b096-ae33-75fc1aab1080">
      <Css projectStructure="" iteration="" />
      <Owners>
        <Owner name="" />
      </Owners>
      <TestMethod codeBase="D:\ALinq\Source\Trunk\Test\bin\Debug\Test.dll" adapterTypeName="Microsoft.VisualStudio.TestTools.TestTypes.Unit.UnitTestAdapter, Microsoft.VisualStudio.QualityTools.Tips.UnitTest.Adapter, Version=9.0.0.0, Culture=neutral, PublicKeyToken=b03f5f7f11d50a3a" className="Test.NorOracleTest, Test" name="DateTime_TimeOfDay" />
    </UnitTest>
    <UnitTest name="ResolveAll" storage="d:\alinq\source\trunk\test\bin\debug\test.dll" id="e1ccdd2c-9c1c-3730-461c-1afc0710fab1">
      <Css projectStructure="" iteration="" />
      <Owners>
        <Owner name="" />
      </Owners>
      <TestMethod codeBase="D:\ALinq\Source\Trunk\Test\bin\Debug\Test.dll" adapterTypeName="Microsoft.VisualStudio.TestTools.TestTypes.Unit.UnitTestAdapter, Microsoft.VisualStudio.QualityTools.Tips.UnitTest.Adapter, Version=9.0.0.0, Culture=neutral, PublicKeyToken=b03f5f7f11d50a3a" className="Test.AccessTest, Test" name="ResolveAll" />
    </UnitTest>
    <UnitTest name="Select_Simple" storage="d:\alinq\source\trunk\test\bin\debug\test.dll" id="087779ec-e457-0c92-c6ce-9208511c3e37">
      <Css projectStructure="" iteration="" />
      <Owners>
        <Owner name="" />
      </Owners>
      <TestMethod codeBase="D:\ALinq\Source\Trunk\Test\bin\Debug\Test.dll" adapterTypeName="Microsoft.VisualStudio.TestTools.TestTypes.Unit.UnitTestAdapter, Microsoft.VisualStudio.QualityTools.Tips.UnitTest.Adapter, Version=9.0.0.0, Culture=neutral, PublicKeyToken=b03f5f7f11d50a3a" className="Test.SQL2000Test, Test" name="Select_Simple" />
    </UnitTest>
    <UnitTest name="CRUD_Insert2" storage="d:\alinq\source\trunk\test\bin\debug\test.dll" id="4daf9a5a-c7f1-60e5-eb24-84335ca08ee6">
      <Css projectStructure="" iteration="" />
      <Owners>
        <Owner name="" />
      </Owners>
      <TestMethod codeBase="D:\ALinq\Source\Trunk\Test\bin\Debug\Test.dll" adapterTypeName="Microsoft.VisualStudio.TestTools.TestTypes.Unit.UnitTestAdapter, Microsoft.VisualStudio.QualityTools.Tips.UnitTest.Adapter, Version=9.0.0.0, Culture=neutral, PublicKeyToken=b03f5f7f11d50a3a" className="Test.OdpOracleTest, Test" name="CRUD_Insert2" />
    </UnitTest>
    <UnitTest name="Join" storage="d:\alinq\source\trunk\test\bin\debug\test.dll" id="b75fbfd5-7e02-1748-d5a4-775f1a5283b8">
      <Css projectStructure="" iteration="" />
      <Owners>
        <Owner name="" />
      </Owners>
      <TestMethod codeBase="D:\ALinq\Source\Trunk\Test\bin\Debug\Test.dll" adapterTypeName="Microsoft.VisualStudio.TestTools.TestTypes.Unit.UnitTestAdapter, Microsoft.VisualStudio.QualityTools.Tips.UnitTest.Adapter, Version=9.0.0.0, Culture=neutral, PublicKeyToken=b03f5f7f11d50a3a" className="Test.SQL2005Test, Test" name="Join" />
    </UnitTest>
    <UnitTest name="CreateDatabase" storage="d:\alinq\source\trunk\test\bin\debug\test.dll" id="636e096d-6a80-a2ef-d722-c1d4961a7547">
      <Css projectStructure="" iteration="" />
      <Owners>
        <Owner name="" />
      </Owners>
      <TestMethod codeBase="D:\ALinq\Source\Trunk\Test\bin\Debug\Test.dll" adapterTypeName="Microsoft.VisualStudio.TestTools.TestTypes.Unit.UnitTestAdapter, Microsoft.VisualStudio.QualityTools.Tips.UnitTest.Adapter, Version=9.0.0.0, Culture=neutral, PublicKeyToken=b03f5f7f11d50a3a" className="Test.SqlTest, Test" name="CreateDatabase" />
    </UnitTest>
    <UnitTest name="Count_Grouped" storage="d:\alinq\source\trunk\test\bin\debug\test.dll" id="4e9affe1-1b3e-0a94-48e1-29a8221c1e05">
      <Css projectStructure="" iteration="" />
      <Owners>
        <Owner name="" />
      </Owners>
      <TestMethod codeBase="D:\ALinq\Source\Trunk\Test\bin\Debug\Test.dll" adapterTypeName="Microsoft.VisualStudio.TestTools.TestTypes.Unit.UnitTestAdapter, Microsoft.VisualStudio.QualityTools.Tips.UnitTest.Adapter, Version=9.0.0.0, Culture=neutral, PublicKeyToken=b03f5f7f11d50a3a" className="Test.SQL2000Test, Test" name="Count_Grouped" />
    </UnitTest>
    <UnitTest name="Where_Simple1" storage="d:\alinq\source\trunk\test\bin\debug\test.dll" id="182b7a42-6971-a3dc-53ba-6eef10e189fb">
      <Css projectStructure="" iteration="" />
      <Owners>
        <Owner name="" />
      </Owners>
      <TestMethod codeBase="D:\ALinq\Source\Trunk\Test\bin\Debug\Test.dll" adapterTypeName="Microsoft.VisualStudio.TestTools.TestTypes.Unit.UnitTestAdapter, Microsoft.VisualStudio.QualityTools.Tips.UnitTest.Adapter, Version=9.0.0.0, Culture=neutral, PublicKeyToken=b03f5f7f11d50a3a" className="Test.AccessTest, Test" name="Where_Simple1" />
    </UnitTest>
    <UnitTest name="DateTime_Year" storage="d:\alinq\source\trunk\test\bin\debug\test.dll" id="96e9a89e-d44e-2c53-224f-7e7e3aa5dd95">
      <Css projectStructure="" iteration="" />
      <Owners>
        <Owner name="" />
      </Owners>
      <TestMethod codeBase="D:\ALinq\Source\Trunk\Test\bin\Debug\Test.dll" adapterTypeName="Microsoft.VisualStudio.TestTools.TestTypes.Unit.UnitTestAdapter, Microsoft.VisualStudio.QualityTools.Tips.UnitTest.Adapter, Version=9.0.0.0, Culture=neutral, PublicKeyToken=b03f5f7f11d50a3a" className="Test.SqlTest, Test" name="DateTime_Year" />
    </UnitTest>
    <UnitTest name="String_NullSelect" storage="d:\alinq\source\trunk\test\bin\debug\test.dll" id="8a9fe937-f424-f95f-77ca-76fd3929e65f">
      <Css projectStructure="" iteration="" />
      <Owners>
        <Owner name="" />
      </Owners>
      <TestMethod codeBase="D:\ALinq\Source\Trunk\Test\bin\Debug\Test.dll" adapterTypeName="Microsoft.VisualStudio.TestTools.TestTypes.Unit.UnitTestAdapter, Microsoft.VisualStudio.QualityTools.Tips.UnitTest.Adapter, Version=9.0.0.0, Culture=neutral, PublicKeyToken=b03f5f7f11d50a3a" className="Test.SQLiteTest, Test" name="String_NullSelect" />
    </UnitTest>
    <UnitTest name="StringContain" storage="d:\alinq\source\trunk\test\bin\debug\test.dll" id="2d175339-0006-732b-6ee3-fa80b651dc1f">
      <Css projectStructure="" iteration="" />
      <Owners>
        <Owner name="" />
      </Owners>
      <TestMethod codeBase="D:\ALinq\Source\Trunk\Test\bin\Debug\Test.dll" adapterTypeName="Microsoft.VisualStudio.TestTools.TestTypes.Unit.UnitTestAdapter, Microsoft.VisualStudio.QualityTools.Tips.UnitTest.Adapter, Version=9.0.0.0, Culture=neutral, PublicKeyToken=b03f5f7f11d50a3a" className="Test.SqlTest, Test" name="StringContain" />
    </UnitTest>
    <UnitTest name="String_TrimEnd" storage="d:\alinq\source\trunk\test\bin\debug\test.dll" id="e2c95863-25de-e2b5-df78-2fdf9c7b31f2">
      <Css projectStructure="" iteration="" />
      <Owners>
        <Owner name="" />
      </Owners>
      <TestMethod codeBase="D:\ALinq\Source\Trunk\Test\bin\Debug\Test.dll" adapterTypeName="Microsoft.VisualStudio.TestTools.TestTypes.Unit.UnitTestAdapter, Microsoft.VisualStudio.QualityTools.Tips.UnitTest.Adapter, Version=9.0.0.0, Culture=neutral, PublicKeyToken=b03f5f7f11d50a3a" className="Test.PgsqlTest, Test" name="String_TrimEnd" />
    </UnitTest>
    <UnitTest name="Math_Abs" storage="d:\alinq\source\trunk\test\bin\debug\test.dll" id="7e40142b-3790-6d41-a024-42751c953ad9">
      <Css projectStructure="" iteration="" />
      <Owners>
        <Owner name="" />
      </Owners>
      <TestMethod codeBase="D:\ALinq\Source\Trunk\Test\bin\Debug\Test.dll" adapterTypeName="Microsoft.VisualStudio.TestTools.TestTypes.Unit.UnitTestAdapter, Microsoft.VisualStudio.QualityTools.Tips.UnitTest.Adapter, Version=9.0.0.0, Culture=neutral, PublicKeyToken=b03f5f7f11d50a3a" className="Test.SQL2000Test, Test" name="Math_Abs" />
    </UnitTest>
    <UnitTest name="Distinct1" storage="d:\alinq\source\trunk\test\bin\debug\test.dll" id="e8452113-fce8-7fce-8fda-e80c34365405">
      <Css projectStructure="" iteration="" />
      <Owners>
        <Owner name="" />
      </Owners>
      <TestMethod codeBase="D:\ALinq\Source\Trunk\Test\bin\Debug\Test.dll" adapterTypeName="Microsoft.VisualStudio.TestTools.TestTypes.Unit.UnitTestAdapter, Microsoft.VisualStudio.QualityTools.Tips.UnitTest.Adapter, Version=9.0.0.0, Culture=neutral, PublicKeyToken=b03f5f7f11d50a3a" className="Test.SQL2005Test, Test" name="Distinct1" />
    </UnitTest>
    <UnitTest name="String_Substring1" storage="d:\alinq\source\trunk\test\bin\debug\test.dll" id="3cac494c-3e49-105a-d8c0-bf281381b60e">
      <Css projectStructure="" iteration="" />
      <Owners>
        <Owner name="" />
      </Owners>
      <TestMethod codeBase="D:\ALinq\Source\Trunk\Test\bin\Debug\Test.dll" adapterTypeName="Microsoft.VisualStudio.TestTools.TestTypes.Unit.UnitTestAdapter, Microsoft.VisualStudio.QualityTools.Tips.UnitTest.Adapter, Version=9.0.0.0, Culture=neutral, PublicKeyToken=b03f5f7f11d50a3a" className="Test.DB2Test, Test" name="String_Substring1" />
    </UnitTest>
    <UnitTest name="String_EndsWith" storage="d:\alinq\source\trunk\test\bin\debug\test.dll" id="8cfe8a62-c8e7-f1c0-f07b-590a05cd134f">
      <Css projectStructure="" iteration="" />
      <Owners>
        <Owner name="" />
      </Owners>
      <TestMethod codeBase="D:\ALinq\Source\Trunk\Test\bin\Debug\Test.dll" adapterTypeName="Microsoft.VisualStudio.TestTools.TestTypes.Unit.UnitTestAdapter, Microsoft.VisualStudio.QualityTools.Tips.UnitTest.Adapter, Version=9.0.0.0, Culture=neutral, PublicKeyToken=b03f5f7f11d50a3a" className="Test.SQL2005Test, Test" name="String_EndsWith" />
    </UnitTest>
    <UnitTest name="CollectionConvert" storage="d:\alinq\source\trunk\test\bin\debug\test.dll" id="a4276c0c-f85c-5b2f-7635-e9099529e349">
      <Css projectStructure="" iteration="" />
      <Owners>
        <Owner name="" />
      </Owners>
      <TestMethod codeBase="D:\ALinq\Source\Trunk\Test\bin\Debug\Test.dll" adapterTypeName="Microsoft.VisualStudio.TestTools.TestTypes.Unit.UnitTestAdapter, Microsoft.VisualStudio.QualityTools.Tips.UnitTest.Adapter, Version=9.0.0.0, Culture=neutral, PublicKeyToken=b03f5f7f11d50a3a" className="Test.DB2Test, Test" name="CollectionConvert" />
    </UnitTest>
    <UnitTest name="Inherit" storage="d:\alinq\source\trunk\test\bin\debug\test.dll" id="293b6710-c005-b73d-f91a-71bd69070228">
      <Css projectStructure="" iteration="" />
      <Owners>
        <Owner name="" />
      </Owners>
      <TestMethod codeBase="D:\ALinq\Source\Trunk\Test\bin\Debug\Test.dll" adapterTypeName="Microsoft.VisualStudio.TestTools.TestTypes.Unit.UnitTestAdapter, Microsoft.VisualStudio.QualityTools.Tips.UnitTest.Adapter, Version=9.0.0.0, Culture=neutral, PublicKeyToken=b03f5f7f11d50a3a" className="Test.SQLiteTest, Test" name="Inherit" />
    </UnitTest>
    <UnitTest name="DataType_XElement" storage="d:\alinq\source\trunk\test\bin\debug\test.dll" id="e26f157d-6dbd-479a-1849-20bb74f20dae">
      <Css projectStructure="" iteration="" />
      <Owners>
        <Owner name="" />
      </Owners>
      <TestMethod codeBase="D:\ALinq\Source\Trunk\Test\bin\Debug\Test.dll" adapterTypeName="Microsoft.VisualStudio.TestTools.TestTypes.Unit.UnitTestAdapter, Microsoft.VisualStudio.QualityTools.Tips.UnitTest.Adapter, Version=9.0.0.0, Culture=neutral, PublicKeyToken=b03f5f7f11d50a3a" className="Test.MySqlTest, Test" name="DataType_XElement" />
    </UnitTest>
    <UnitTest name="Inherit" storage="d:\alinq\source\trunk\test\bin\debug\test.dll" id="bc0e2879-1132-6a1a-5365-0d663f4f4fcd">
      <Css projectStructure="" iteration="" />
      <Owners>
        <Owner name="" />
      </Owners>
      <TestMethod codeBase="D:\ALinq\Source\Trunk\Test\bin\Debug\Test.dll" adapterTypeName="Microsoft.VisualStudio.TestTools.TestTypes.Unit.UnitTestAdapter, Microsoft.VisualStudio.QualityTools.Tips.UnitTest.Adapter, Version=9.0.0.0, Culture=neutral, PublicKeyToken=b03f5f7f11d50a3a" className="Test.SQL2005Test, Test" name="Inherit" />
    </UnitTest>
    <UnitTest name="Select_Condition" storage="d:\alinq\source\trunk\test\bin\debug\test.dll" id="edd4899d-f794-8e04-93c2-bdb4899d3bb2">
      <Css projectStructure="" iteration="" />
      <Owners>
        <Owner name="" />
      </Owners>
      <TestMethod codeBase="D:\ALinq\Source\Trunk\Test\bin\Debug\Test.dll" adapterTypeName="Microsoft.VisualStudio.TestTools.TestTypes.Unit.UnitTestAdapter, Microsoft.VisualStudio.QualityTools.Tips.UnitTest.Adapter, Version=9.0.0.0, Culture=neutral, PublicKeyToken=b03f5f7f11d50a3a" className="Test.NorOracleTest, Test" name="Select_Condition" />
    </UnitTest>
    <UnitTest name="String_ToUpper1" storage="d:\alinq\source\trunk\test\bin\debug\test.dll" id="4d4d7002-43f6-1b58-4d2b-3876020c2c98">
      <Css projectStructure="" iteration="" />
      <Owners>
        <Owner name="" />
      </Owners>
      <TestMethod codeBase="D:\ALinq\Source\Trunk\Test\bin\Debug\Test.dll" adapterTypeName="Microsoft.VisualStudio.TestTools.TestTypes.Unit.UnitTestAdapter, Microsoft.VisualStudio.QualityTools.Tips.UnitTest.Adapter, Version=9.0.0.0, Culture=neutral, PublicKeyToken=b03f5f7f11d50a3a" className="Test.SqlTest, Test" name="String_ToUpper1" />
    </UnitTest>
    <UnitTest name="String_IndexOf1" storage="d:\alinq\source\trunk\test\bin\debug\test.dll" id="b8dff491-6486-6f2a-4495-e1bab2f738ad">
      <Css projectStructure="" iteration="" />
      <Owners>
        <Owner name="" />
      </Owners>
      <TestMethod codeBase="D:\ALinq\Source\Trunk\Test\bin\Debug\Test.dll" adapterTypeName="Microsoft.VisualStudio.TestTools.TestTypes.Unit.UnitTestAdapter, Microsoft.VisualStudio.QualityTools.Tips.UnitTest.Adapter, Version=9.0.0.0, Culture=neutral, PublicKeyToken=b03f5f7f11d50a3a" className="Test.SQL2000Test, Test" name="String_IndexOf1" />
    </UnitTest>
    <UnitTest name="GroupByCount" storage="d:\alinq\source\trunk\test\bin\debug\test.dll" id="e31455ac-8ca8-466c-ccac-60578dbace23">
      <Css projectStructure="" iteration="" />
      <Owners>
        <Owner name="" />
      </Owners>
      <TestMethod codeBase="D:\ALinq\Source\Trunk\Test\bin\Debug\Test.dll" adapterTypeName="Microsoft.VisualStudio.TestTools.TestTypes.Unit.UnitTestAdapter, Microsoft.VisualStudio.QualityTools.Tips.UnitTest.Adapter, Version=9.0.0.0, Culture=neutral, PublicKeyToken=b03f5f7f11d50a3a" className="Test.NorOracleTest, Test" name="GroupByCount" />
    </UnitTest>
    <UnitTest name="GroupBy_Date" storage="d:\alinq\source\trunk\test\bin\debug\test.dll" id="04df96b0-632b-951e-801d-a6433d25dcb8">
      <Css projectStructure="" iteration="" />
      <Owners>
        <Owner name="" />
      </Owners>
      <TestMethod codeBase="D:\ALinq\Source\Trunk\Test\bin\Debug\Test.dll" adapterTypeName="Microsoft.VisualStudio.TestTools.TestTypes.Unit.UnitTestAdapter, Microsoft.VisualStudio.QualityTools.Tips.UnitTest.Adapter, Version=9.0.0.0, Culture=neutral, PublicKeyToken=b03f5f7f11d50a3a" className="Test.PgsqlTest, Test" name="GroupBy_Date" />
    </UnitTest>
    <UnitTest name="String_Clone" storage="d:\alinq\source\trunk\test\bin\debug\test.dll" id="182bc26d-551a-d168-4380-21f2dcc94784">
      <Css projectStructure="" iteration="" />
      <Owners>
        <Owner name="" />
      </Owners>
      <TestMethod codeBase="D:\ALinq\Source\Trunk\Test\bin\Debug\Test.dll" adapterTypeName="Microsoft.VisualStudio.TestTools.TestTypes.Unit.UnitTestAdapter, Microsoft.VisualStudio.QualityTools.Tips.UnitTest.Adapter, Version=9.0.0.0, Culture=neutral, PublicKeyToken=b03f5f7f11d50a3a" className="Test.DB2Test, Test" name="String_Clone" />
    </UnitTest>
    <UnitTest name="Where_Drilldown" storage="d:\alinq\source\trunk\test\bin\debug\test.dll" id="f31656c3-887f-d158-c854-6d11210dfb45">
      <Css projectStructure="" iteration="" />
      <Owners>
        <Owner name="" />
      </Owners>
      <TestMethod codeBase="D:\ALinq\Source\Trunk\Test\bin\Debug\Test.dll" adapterTypeName="Microsoft.VisualStudio.TestTools.TestTypes.Unit.UnitTestAdapter, Microsoft.VisualStudio.QualityTools.Tips.UnitTest.Adapter, Version=9.0.0.0, Culture=neutral, PublicKeyToken=b03f5f7f11d50a3a" className="Test.SQL2005Test, Test" name="Where_Drilldown" />
    </UnitTest>
    <UnitTest name="Insert_OneToMany" storage="d:\alinq\source\trunk\test\bin\debug\test.dll" id="4b12f3d7-f98b-7eb7-10ae-0705f51077e0">
      <Css projectStructure="" iteration="" />
      <Owners>
        <Owner name="" />
      </Owners>
      <TestMethod codeBase="D:\ALinq\Source\Trunk\Test\bin\Debug\Test.dll" adapterTypeName="Microsoft.VisualStudio.TestTools.TestTypes.Unit.UnitTestAdapter, Microsoft.VisualStudio.QualityTools.Tips.UnitTest.Adapter, Version=9.0.0.0, Culture=neutral, PublicKeyToken=b03f5f7f11d50a3a" className="Test.SqlTest, Test" name="Insert_OneToMany" />
    </UnitTest>
    <UnitTest name="DateTimeLE" storage="d:\alinq\source\trunk\test\bin\debug\test.dll" id="a71e83f8-5f9d-fbec-87dc-0cbab3e4c9f7">
      <Css projectStructure="" iteration="" />
      <Owners>
        <Owner name="" />
      </Owners>
      <TestMethod codeBase="D:\ALinq\Source\Trunk\Test\bin\Debug\Test.dll" adapterTypeName="Microsoft.VisualStudio.TestTools.TestTypes.Unit.UnitTestAdapter, Microsoft.VisualStudio.QualityTools.Tips.UnitTest.Adapter, Version=9.0.0.0, Culture=neutral, PublicKeyToken=b03f5f7f11d50a3a" className="Test.DB2Test, Test" name="DateTimeLE" />
    </UnitTest>
    <UnitTest name="StringSubstring" storage="d:\alinq\source\trunk\test\bin\debug\test.dll" id="e651f7f8-968d-ed99-6f27-79a928f520fb">
      <Css projectStructure="" iteration="" />
      <Owners>
        <Owner name="" />
      </Owners>
      <TestMethod codeBase="D:\ALinq\Source\Trunk\Test\bin\Debug\Test.dll" adapterTypeName="Microsoft.VisualStudio.TestTools.TestTypes.Unit.UnitTestAdapter, Microsoft.VisualStudio.QualityTools.Tips.UnitTest.Adapter, Version=9.0.0.0, Culture=neutral, PublicKeyToken=b03f5f7f11d50a3a" className="Test.FirebirdTest, Test" name="StringSubstring" />
    </UnitTest>
    <UnitTest name="StringSubstring" storage="d:\alinq\source\trunk\test\bin\debug\test.dll" id="1450f9e6-5ee2-066b-5500-4696973a5e4c">
      <Css projectStructure="" iteration="" />
      <Owners>
        <Owner name="" />
      </Owners>
      <TestMethod codeBase="D:\ALinq\Source\Trunk\Test\bin\Debug\Test.dll" adapterTypeName="Microsoft.VisualStudio.TestTools.TestTypes.Unit.UnitTestAdapter, Microsoft.VisualStudio.QualityTools.Tips.UnitTest.Adapter, Version=9.0.0.0, Culture=neutral, PublicKeyToken=b03f5f7f11d50a3a" className="Test.SqlTest, Test" name="StringSubstring" />
    </UnitTest>
    <UnitTest name="Avg_Simple" storage="d:\alinq\source\trunk\test\bin\debug\test.dll" id="79b97bbf-1711-cf69-9676-af2adceaf86b">
      <Css projectStructure="" iteration="" />
      <Execution timeOut="10000" />
      <Owners>
        <Owner name="" />
      </Owners>
      <TestMethod codeBase="D:\ALinq\Source\Trunk\Test\bin\Debug\Test.dll" adapterTypeName="Microsoft.VisualStudio.TestTools.TestTypes.Unit.UnitTestAdapter, Microsoft.VisualStudio.QualityTools.Tips.UnitTest.Adapter, Version=9.0.0.0, Culture=neutral, PublicKeyToken=b03f5f7f11d50a3a" className="Test.NorOracleTest, Test" name="Avg_Simple" />
    </UnitTest>
    <UnitTest name="Select_LocalMethodCall" storage="d:\alinq\source\trunk\test\bin\debug\test.dll" id="fa5a837c-2e32-d860-09e9-91445b37e405">
      <Css projectStructure="" iteration="" />
      <Owners>
        <Owner name="" />
      </Owners>
      <TestMethod codeBase="D:\ALinq\Source\Trunk\Test\bin\Debug\Test.dll" adapterTypeName="Microsoft.VisualStudio.TestTools.TestTypes.Unit.UnitTestAdapter, Microsoft.VisualStudio.QualityTools.Tips.UnitTest.Adapter, Version=9.0.0.0, Culture=neutral, PublicKeyToken=b03f5f7f11d50a3a" className="Test.MySqlTest, Test" name="Select_LocalMethodCall" />
    </UnitTest>
    <UnitTest name="DataType_XElement" storage="d:\alinq\source\trunk\test\bin\debug\test.dll" id="a270bc6a-6f14-6bfd-5a87-990644d5e897">
      <Css projectStructure="" iteration="" />
      <Owners>
        <Owner name="" />
      </Owners>
      <TestMethod codeBase="D:\ALinq\Source\Trunk\Test\bin\Debug\Test.dll" adapterTypeName="Microsoft.VisualStudio.TestTools.TestTypes.Unit.UnitTestAdapter, Microsoft.VisualStudio.QualityTools.Tips.UnitTest.Adapter, Version=9.0.0.0, Culture=neutral, PublicKeyToken=b03f5f7f11d50a3a" className="Test.SQLiteTest, Test" name="DataType_XElement" />
    </UnitTest>
    <UnitTest name="Avg_Grouped" storage="d:\alinq\source\trunk\test\bin\debug\test.dll" id="5590dfe4-1ea6-af60-6b26-aac520d512f9">
      <Css projectStructure="" iteration="" />
      <Owners>
        <Owner name="" />
      </Owners>
      <TestMethod codeBase="D:\ALinq\Source\Trunk\Test\bin\Debug\Test.dll" adapterTypeName="Microsoft.VisualStudio.TestTools.TestTypes.Unit.UnitTestAdapter, Microsoft.VisualStudio.QualityTools.Tips.UnitTest.Adapter, Version=9.0.0.0, Culture=neutral, PublicKeyToken=b03f5f7f11d50a3a" className="Test.SQL2005Test, Test" name="Avg_Grouped" />
    </UnitTest>
    <UnitTest name="DateTime_AddMinutes" storage="d:\alinq\source\trunk\test\bin\debug\test.dll" id="c03f416e-9155-3008-58da-08650a3bf6b0">
      <Css projectStructure="" iteration="" />
      <Owners>
        <Owner name="" />
      </Owners>
      <TestMethod codeBase="D:\ALinq\Source\Trunk\Test\bin\Debug\Test.dll" adapterTypeName="Microsoft.VisualStudio.TestTools.TestTypes.Unit.UnitTestAdapter, Microsoft.VisualStudio.QualityTools.Tips.UnitTest.Adapter, Version=9.0.0.0, Culture=neutral, PublicKeyToken=b03f5f7f11d50a3a" className="Test.DB2Test, Test" name="DateTime_AddMinutes" />
    </UnitTest>
    <UnitTest name="Math_Log" storage="d:\alinq\source\trunk\test\bin\debug\test.dll" id="891bc34a-727b-72a7-f654-9ce753ca59cc">
      <Css projectStructure="" iteration="" />
      <Owners>
        <Owner name="" />
      </Owners>
      <TestMethod codeBase="D:\ALinq\Source\Trunk\Test\bin\Debug\Test.dll" adapterTypeName="Microsoft.VisualStudio.TestTools.TestTypes.Unit.UnitTestAdapter, Microsoft.VisualStudio.QualityTools.Tips.UnitTest.Adapter, Version=9.0.0.0, Culture=neutral, PublicKeyToken=b03f5f7f11d50a3a" className="Test.OdpOracleTest, Test" name="Math_Log" />
    </UnitTest>
    <UnitTest name="Convert_ToByte" storage="d:\alinq\source\trunk\test\bin\debug\test.dll" id="c5a6b8fe-0393-480c-cd3e-7ca41dd3b602">
      <Css projectStructure="" iteration="" />
      <Owners>
        <Owner name="" />
      </Owners>
      <TestMethod codeBase="D:\ALinq\Source\Trunk\Test\bin\Debug\Test.dll" adapterTypeName="Microsoft.VisualStudio.TestTools.TestTypes.Unit.UnitTestAdapter, Microsoft.VisualStudio.QualityTools.Tips.UnitTest.Adapter, Version=9.0.0.0, Culture=neutral, PublicKeyToken=b03f5f7f11d50a3a" className="Test.AccessTest, Test" name="Convert_ToByte" />
    </UnitTest>
    <UnitTest name="Null" storage="d:\alinq\source\trunk\test\bin\debug\test.dll" id="0e794329-20ff-8bff-0241-d4d60d82a24a">
      <Css projectStructure="" iteration="" />
      <Owners>
        <Owner name="" />
      </Owners>
      <TestMethod codeBase="D:\ALinq\Source\Trunk\Test\bin\Debug\Test.dll" adapterTypeName="Microsoft.VisualStudio.TestTools.TestTypes.Unit.UnitTestAdapter, Microsoft.VisualStudio.QualityTools.Tips.UnitTest.Adapter, Version=9.0.0.0, Culture=neutral, PublicKeyToken=b03f5f7f11d50a3a" className="Test.SQL2005Test, Test" name="Null" />
    </UnitTest>
    <UnitTest name="CRUD_Update3" storage="d:\alinq\source\trunk\test\bin\debug\test.dll" id="1dfaa884-d696-9fc1-f26c-8133596e2273">
      <Css projectStructure="" iteration="" />
      <Owners>
        <Owner name="" />
      </Owners>
      <TestMethod codeBase="D:\ALinq\Source\Trunk\Test\bin\Debug\Test.dll" adapterTypeName="Microsoft.VisualStudio.TestTools.TestTypes.Unit.UnitTestAdapter, Microsoft.VisualStudio.QualityTools.Tips.UnitTest.Adapter, Version=9.0.0.0, Culture=neutral, PublicKeyToken=b03f5f7f11d50a3a" className="Test.MySqlTest, Test" name="CRUD_Update3" />
    </UnitTest>
    <UnitTest name="String_ToUpperInvariant" storage="d:\alinq\source\trunk\test\bin\debug\test.dll" id="1c1eab8b-ce33-961c-7895-aa7abb35a033">
      <Css projectStructure="" iteration="" />
      <Owners>
        <Owner name="" />
      </Owners>
      <TestMethod codeBase="D:\ALinq\Source\Trunk\Test\bin\Debug\Test.dll" adapterTypeName="Microsoft.VisualStudio.TestTools.TestTypes.Unit.UnitTestAdapter, Microsoft.VisualStudio.QualityTools.Tips.UnitTest.Adapter, Version=9.0.0.0, Culture=neutral, PublicKeyToken=b03f5f7f11d50a3a" className="Test.SQL2005Test, Test" name="String_ToUpperInvariant" />
    </UnitTest>
    <UnitTest name="GroupBy_Where" storage="d:\alinq\source\trunk\test\bin\debug\test.dll" id="ab2bda31-41b0-0525-8725-86634fd88e23">
      <Css projectStructure="" iteration="" />
      <Owners>
        <Owner name="" />
      </Owners>
      <TestMethod codeBase="D:\ALinq\Source\Trunk\Test\bin\Debug\Test.dll" adapterTypeName="Microsoft.VisualStudio.TestTools.TestTypes.Unit.UnitTestAdapter, Microsoft.VisualStudio.QualityTools.Tips.UnitTest.Adapter, Version=9.0.0.0, Culture=neutral, PublicKeyToken=b03f5f7f11d50a3a" className="Test.SQLiteTest, Test" name="GroupBy_Where" />
    </UnitTest>
    <UnitTest name="Distinct1" storage="d:\alinq\source\trunk\test\bin\debug\test.dll" id="ff95b0b4-8d92-a41b-ae4e-1d13470bb102">
      <Css projectStructure="" iteration="" />
      <Owners>
        <Owner name="" />
      </Owners>
      <TestMethod codeBase="D:\ALinq\Source\Trunk\Test\bin\Debug\Test.dll" adapterTypeName="Microsoft.VisualStudio.TestTools.TestTypes.Unit.UnitTestAdapter, Microsoft.VisualStudio.QualityTools.Tips.UnitTest.Adapter, Version=9.0.0.0, Culture=neutral, PublicKeyToken=b03f5f7f11d50a3a" className="Test.SqlTest, Test" name="Distinct1" />
    </UnitTest>
    <UnitTest name="Join_TowWay" storage="d:\alinq\source\trunk\test\bin\debug\test.dll" id="b0ce108f-789b-48b2-f82a-217620b9e195">
      <Css projectStructure="" iteration="" />
      <Owners>
        <Owner name="" />
      </Owners>
      <TestMethod codeBase="D:\ALinq\Source\Trunk\Test\bin\Debug\Test.dll" adapterTypeName="Microsoft.VisualStudio.TestTools.TestTypes.Unit.UnitTestAdapter, Microsoft.VisualStudio.QualityTools.Tips.UnitTest.Adapter, Version=9.0.0.0, Culture=neutral, PublicKeyToken=b03f5f7f11d50a3a" className="Test.NorOracleTest, Test" name="Join_TowWay" />
    </UnitTest>
    <UnitTest name="DateTime_Date" storage="d:\alinq\source\trunk\test\bin\debug\test.dll" id="5d3bfcdc-d59f-60f5-56fd-3d3ddad5ac7e">
      <Css projectStructure="" iteration="" />
      <Owners>
        <Owner name="" />
      </Owners>
      <TestMethod codeBase="D:\ALinq\Source\Trunk\Test\bin\Debug\Test.dll" adapterTypeName="Microsoft.VisualStudio.TestTools.TestTypes.Unit.UnitTestAdapter, Microsoft.VisualStudio.QualityTools.Tips.UnitTest.Adapter, Version=9.0.0.0, Culture=neutral, PublicKeyToken=b03f5f7f11d50a3a" className="Test.SQL2000Test, Test" name="DateTime_Date" />
    </UnitTest>
    <UnitTest name="Insert_ManyToMany" storage="d:\alinq\source\trunk\test\bin\debug\test.dll" id="4def8eea-8489-6d4e-b815-0d5b2d89b77f">
      <Css projectStructure="" iteration="" />
      <Owners>
        <Owner name="" />
      </Owners>
      <TestMethod codeBase="D:\ALinq\Source\Trunk\Test\bin\Debug\Test.dll" adapterTypeName="Microsoft.VisualStudio.TestTools.TestTypes.Unit.UnitTestAdapter, Microsoft.VisualStudio.QualityTools.Tips.UnitTest.Adapter, Version=9.0.0.0, Culture=neutral, PublicKeyToken=b03f5f7f11d50a3a" className="Test.PgsqlTest, Test" name="Insert_ManyToMany" />
    </UnitTest>
    <UnitTest name="DataType_Enum" storage="d:\alinq\source\trunk\test\bin\debug\test.dll" id="426e3a55-2a83-b468-37f5-2ba1561aa8db">
      <Css projectStructure="" iteration="" />
      <Owners>
        <Owner name="" />
      </Owners>
      <TestMethod codeBase="D:\ALinq\Source\Trunk\Test\bin\Debug\Test.dll" adapterTypeName="Microsoft.VisualStudio.TestTools.TestTypes.Unit.UnitTestAdapter, Microsoft.VisualStudio.QualityTools.Tips.UnitTest.Adapter, Version=9.0.0.0, Culture=neutral, PublicKeyToken=b03f5f7f11d50a3a" className="Test.SQLiteTest, Test" name="DataType_Enum" />
    </UnitTest>
    <UnitTest name="GetCategoriesCount" storage="d:\alinq\source\trunk\test\bin\debug\test.dll" id="a87a95c8-52d1-cf16-4456-78e8256e8e8e">
      <Css projectStructure="" iteration="" />
      <Owners>
        <Owner name="" />
      </Owners>
      <TestMethod codeBase="D:\ALinq\Source\Trunk\Test\bin\Debug\Test.dll" adapterTypeName="Microsoft.VisualStudio.TestTools.TestTypes.Unit.UnitTestAdapter, Microsoft.VisualStudio.QualityTools.Tips.UnitTest.Adapter, Version=9.0.0.0, Culture=neutral, PublicKeyToken=b03f5f7f11d50a3a" className="Test.NorOracleProcedureTest, Test" name="GetCategoriesCount" />
    </UnitTest>
    <UnitTest name="Join_OnToMany" storage="d:\alinq\source\trunk\test\bin\debug\test.dll" id="c996513d-0f7d-c492-28eb-255c1194d44a">
      <Css projectStructure="" iteration="" />
      <Owners>
        <Owner name="" />
      </Owners>
      <TestMethod codeBase="D:\ALinq\Source\Trunk\Test\bin\Debug\Test.dll" adapterTypeName="Microsoft.VisualStudio.TestTools.TestTypes.Unit.UnitTestAdapter, Microsoft.VisualStudio.QualityTools.Tips.UnitTest.Adapter, Version=9.0.0.0, Culture=neutral, PublicKeyToken=b03f5f7f11d50a3a" className="Test.DB2Test, Test" name="Join_OnToMany" />
    </UnitTest>
    <UnitTest name="Math_Atan2" storage="d:\alinq\source\trunk\test\bin\debug\test.dll" id="bea7ff44-517f-65c4-bcd6-39f921ca012d">
      <Css projectStructure="" iteration="" />
      <Owners>
        <Owner name="" />
      </Owners>
      <TestMethod codeBase="D:\ALinq\Source\Trunk\Test\bin\Debug\Test.dll" adapterTypeName="Microsoft.VisualStudio.TestTools.TestTypes.Unit.UnitTestAdapter, Microsoft.VisualStudio.QualityTools.Tips.UnitTest.Adapter, Version=9.0.0.0, Culture=neutral, PublicKeyToken=b03f5f7f11d50a3a" className="Test.FirebirdTest, Test" name="Math_Atan2" />
    </UnitTest>
    <UnitTest name="DeleteTable" storage="d:\alinq\source\trunk\test\bin\debug\test.dll" id="ac9e7530-d790-d569-f962-e5bcd1ebcad6">
      <Css projectStructure="" iteration="" />
      <Owners>
        <Owner name="" />
      </Owners>
      <TestMethod codeBase="D:\ALinq\Source\Trunk\Test\bin\Debug\Test.dll" adapterTypeName="Microsoft.VisualStudio.TestTools.TestTypes.Unit.UnitTestAdapter, Microsoft.VisualStudio.QualityTools.Tips.UnitTest.Adapter, Version=9.0.0.0, Culture=neutral, PublicKeyToken=b03f5f7f11d50a3a" className="Test.FirebirdTest, Test" name="DeleteTable" />
    </UnitTest>
    <UnitTest name="Math_Sin" storage="d:\alinq\source\trunk\test\bin\debug\test.dll" id="9c733b6c-4f4a-a1ce-e7a0-f18e28944b59">
      <Css projectStructure="" iteration="" />
      <Owners>
        <Owner name="" />
      </Owners>
      <TestMethod codeBase="D:\ALinq\Source\Trunk\Test\bin\Debug\Test.dll" adapterTypeName="Microsoft.VisualStudio.TestTools.TestTypes.Unit.UnitTestAdapter, Microsoft.VisualStudio.QualityTools.Tips.UnitTest.Adapter, Version=9.0.0.0, Culture=neutral, PublicKeyToken=b03f5f7f11d50a3a" className="Test.SqlTest, Test" name="Math_Sin" />
    </UnitTest>
    <UnitTest name="CRUD_Delete1" storage="d:\alinq\source\trunk\test\bin\debug\test.dll" id="96c288db-a2a5-7f24-9f81-f7fd3ca31e14">
      <Css projectStructure="" iteration="" />
      <Owners>
        <Owner name="" />
      </Owners>
      <TestMethod codeBase="D:\ALinq\Source\Trunk\Test\bin\Debug\Test.dll" adapterTypeName="Microsoft.VisualStudio.TestTools.TestTypes.Unit.UnitTestAdapter, Microsoft.VisualStudio.QualityTools.Tips.UnitTest.Adapter, Version=9.0.0.0, Culture=neutral, PublicKeyToken=b03f5f7f11d50a3a" className="Test.PgsqlTest, Test" name="CRUD_Delete1" />
    </UnitTest>
    <UnitTest name="SqlMethod_Len" storage="d:\alinq\source\trunk\test\bin\debug\test.dll" id="39f3b29f-7f52-f1e2-8586-f6ad5bd8d22b">
      <Css projectStructure="" iteration="" />
      <Owners>
        <Owner name="" />
      </Owners>
      <TestMethod codeBase="D:\ALinq\Source\Trunk\Test\bin\Debug\Test.dll" adapterTypeName="Microsoft.VisualStudio.TestTools.TestTypes.Unit.UnitTestAdapter, Microsoft.VisualStudio.QualityTools.Tips.UnitTest.Adapter, Version=9.0.0.0, Culture=neutral, PublicKeyToken=b03f5f7f11d50a3a" className="Test.FirebirdTest, Test" name="SqlMethod_Len" />
    </UnitTest>
    <UnitTest name="FromType" storage="d:\alinq\source\trunk\test\bin\debug\test.dll" id="072ca1c4-6f11-89ea-d296-ae81b9ad2978">
      <Css projectStructure="" iteration="" />
      <Owners>
        <Owner name="" />
      </Owners>
      <TestMethod codeBase="D:\ALinq\Source\Trunk\Test\bin\Debug\Test.dll" adapterTypeName="Microsoft.VisualStudio.TestTools.TestTypes.Unit.UnitTestAdapter, Microsoft.VisualStudio.QualityTools.Tips.UnitTest.Adapter, Version=9.0.0.0, Culture=neutral, PublicKeyToken=b03f5f7f11d50a3a" className="Test.MySqlTypeProviderTest, Test" name="FromType" />
    </UnitTest>
    <UnitTest name="Any_Grouped" storage="d:\alinq\source\trunk\test\bin\debug\test.dll" id="8c93207a-eeee-3816-2f1f-cdd38628d911">
      <Css projectStructure="" iteration="" />
      <Owners>
        <Owner name="" />
      </Owners>
      <TestMethod codeBase="D:\ALinq\Source\Trunk\Test\bin\Debug\Test.dll" adapterTypeName="Microsoft.VisualStudio.TestTools.TestTypes.Unit.UnitTestAdapter, Microsoft.VisualStudio.QualityTools.Tips.UnitTest.Adapter, Version=9.0.0.0, Culture=neutral, PublicKeyToken=b03f5f7f11d50a3a" className="Test.SQL2000Test, Test" name="Any_Grouped" />
    </UnitTest>
    <UnitTest name="Command" storage="d:\alinq\source\trunk\test\bin\debug\test.dll" id="a863b19d-ec7c-428b-ac59-a0bfc48dd086">
      <Css projectStructure="" iteration="" />
      <Owners>
        <Owner name="" />
      </Owners>
      <TestMethod codeBase="D:\ALinq\Source\Trunk\Test\bin\Debug\Test.dll" adapterTypeName="Microsoft.VisualStudio.TestTools.TestTypes.Unit.UnitTestAdapter, Microsoft.VisualStudio.QualityTools.Tips.UnitTest.Adapter, Version=9.0.0.0, Culture=neutral, PublicKeyToken=b03f5f7f11d50a3a" className="Test.MySqlTest, Test" name="Command" />
    </UnitTest>
    <UnitTest name="ResolveAll" storage="d:\alinq\source\trunk\test\bin\debug\test.dll" id="2a6b5c94-e089-71cd-f89b-dcb01f740cf0">
      <Css projectStructure="" iteration="" />
      <Owners>
        <Owner name="" />
      </Owners>
      <TestMethod codeBase="D:\ALinq\Source\Trunk\Test\bin\Debug\Test.dll" adapterTypeName="Microsoft.VisualStudio.TestTools.TestTypes.Unit.UnitTestAdapter, Microsoft.VisualStudio.QualityTools.Tips.UnitTest.Adapter, Version=9.0.0.0, Culture=neutral, PublicKeyToken=b03f5f7f11d50a3a" className="Test.SQL2000Test, Test" name="ResolveAll" />
    </UnitTest>
    <UnitTest name="Math_Round2" storage="d:\alinq\source\trunk\test\bin\debug\test.dll" id="a53bf01e-be43-87af-8888-e82be9d580ca">
      <Css projectStructure="" iteration="" />
      <Owners>
        <Owner name="" />
      </Owners>
      <TestMethod codeBase="D:\ALinq\Source\Trunk\Test\bin\Debug\Test.dll" adapterTypeName="Microsoft.VisualStudio.TestTools.TestTypes.Unit.UnitTestAdapter, Microsoft.VisualStudio.QualityTools.Tips.UnitTest.Adapter, Version=9.0.0.0, Culture=neutral, PublicKeyToken=b03f5f7f11d50a3a" className="Test.SQLiteTest, Test" name="Math_Round2" />
    </UnitTest>
    <UnitTest name="OrderBy_Conditional" storage="d:\alinq\source\trunk\test\bin\debug\test.dll" id="a09a3fda-9fbe-b78f-5f43-c1dfd0e8ac05">
      <Css projectStructure="" iteration="" />
      <Owners>
        <Owner name="" />
      </Owners>
      <TestMethod codeBase="D:\ALinq\Source\Trunk\Test\bin\Debug\Test.dll" adapterTypeName="Microsoft.VisualStudio.TestTools.TestTypes.Unit.UnitTestAdapter, Microsoft.VisualStudio.QualityTools.Tips.UnitTest.Adapter, Version=9.0.0.0, Culture=neutral, PublicKeyToken=b03f5f7f11d50a3a" className="Test.SQL2000Test, Test" name="OrderBy_Conditional" />
    </UnitTest>
    <UnitTest name="Where_Simple2" storage="d:\alinq\source\trunk\test\bin\debug\test.dll" id="139007b3-3900-22e4-9051-1d74fc18708a">
      <Css projectStructure="" iteration="" />
      <Owners>
        <Owner name="" />
      </Owners>
      <TestMethod codeBase="D:\ALinq\Source\Trunk\Test\bin\Debug\Test.dll" adapterTypeName="Microsoft.VisualStudio.TestTools.TestTypes.Unit.UnitTestAdapter, Microsoft.VisualStudio.QualityTools.Tips.UnitTest.Adapter, Version=9.0.0.0, Culture=neutral, PublicKeyToken=b03f5f7f11d50a3a" className="Test.AccessTest, Test" name="Where_Simple2" />
    </UnitTest>
    <UnitTest name="Min_Grouped" storage="d:\alinq\source\trunk\test\bin\debug\test.dll" id="a54c182e-09cd-295a-8f0b-9af42363e7df">
      <Css projectStructure="" iteration="" />
      <Owners>
        <Owner name="" />
      </Owners>
      <TestMethod codeBase="D:\ALinq\Source\Trunk\Test\bin\Debug\Test.dll" adapterTypeName="Microsoft.VisualStudio.TestTools.TestTypes.Unit.UnitTestAdapter, Microsoft.VisualStudio.QualityTools.Tips.UnitTest.Adapter, Version=9.0.0.0, Culture=neutral, PublicKeyToken=b03f5f7f11d50a3a" className="Test.AccessTest, Test" name="Min_Grouped" />
    </UnitTest>
    <UnitTest name="DateTime_AddMinutes" storage="d:\alinq\source\trunk\test\bin\debug\test.dll" id="5247d3d6-2688-39fb-6f62-33761ffa2288">
      <Css projectStructure="" iteration="" />
      <Owners>
        <Owner name="" />
      </Owners>
      <TestMethod codeBase="D:\ALinq\Source\Trunk\Test\bin\Debug\Test.dll" adapterTypeName="Microsoft.VisualStudio.TestTools.TestTypes.Unit.UnitTestAdapter, Microsoft.VisualStudio.QualityTools.Tips.UnitTest.Adapter, Version=9.0.0.0, Culture=neutral, PublicKeyToken=b03f5f7f11d50a3a" className="Test.MySqlTest, Test" name="DateTime_AddMinutes" />
    </UnitTest>
    <UnitTest name="String_Trim1" storage="d:\alinq\source\trunk\test\bin\debug\test.dll" id="b5a6f9e1-35bf-b241-c20d-9b32294147b3">
      <Css projectStructure="" iteration="" />
      <Owners>
        <Owner name="" />
      </Owners>
      <TestMethod codeBase="D:\ALinq\Source\Trunk\Test\bin\Debug\Test.dll" adapterTypeName="Microsoft.VisualStudio.TestTools.TestTypes.Unit.UnitTestAdapter, Microsoft.VisualStudio.QualityTools.Tips.UnitTest.Adapter, Version=9.0.0.0, Culture=neutral, PublicKeyToken=b03f5f7f11d50a3a" className="Test.SQLiteTest, Test" name="String_Trim1" />
    </UnitTest>
    <UnitTest name="StringEndsWith" storage="d:\alinq\source\trunk\test\bin\debug\test.dll" id="3c2e1ae6-1ce5-b5a2-15cb-d0c03c467144">
      <Css projectStructure="" iteration="" />
      <Owners>
        <Owner name="" />
      </Owners>
      <TestMethod codeBase="D:\ALinq\Source\Trunk\Test\bin\Debug\Test.dll" adapterTypeName="Microsoft.VisualStudio.TestTools.TestTypes.Unit.UnitTestAdapter, Microsoft.VisualStudio.QualityTools.Tips.UnitTest.Adapter, Version=9.0.0.0, Culture=neutral, PublicKeyToken=b03f5f7f11d50a3a" className="Test.FirebirdTest, Test" name="StringEndsWith" />
    </UnitTest>
    <UnitTest name="Avg_Projection" storage="d:\alinq\source\trunk\test\bin\debug\test.dll" id="1dc5d30c-b9d6-184b-a526-57494a9a53f2">
      <Css projectStructure="" iteration="" />
      <Owners>
        <Owner name="" />
      </Owners>
      <TestMethod codeBase="D:\ALinq\Source\Trunk\Test\bin\Debug\Test.dll" adapterTypeName="Microsoft.VisualStudio.TestTools.TestTypes.Unit.UnitTestAdapter, Microsoft.VisualStudio.QualityTools.Tips.UnitTest.Adapter, Version=9.0.0.0, Culture=neutral, PublicKeyToken=b03f5f7f11d50a3a" className="Test.SqlTest, Test" name="Avg_Projection" />
    </UnitTest>
    <UnitTest name="String_Char" storage="d:\alinq\source\trunk\test\bin\debug\test.dll" id="af41afe6-d0b3-fecd-338c-e86f2b4c42a4">
      <Css projectStructure="" iteration="" />
      <Owners>
        <Owner name="" />
      </Owners>
      <TestMethod codeBase="D:\ALinq\Source\Trunk\Test\bin\Debug\Test.dll" adapterTypeName="Microsoft.VisualStudio.TestTools.TestTypes.Unit.UnitTestAdapter, Microsoft.VisualStudio.QualityTools.Tips.UnitTest.Adapter, Version=9.0.0.0, Culture=neutral, PublicKeyToken=b03f5f7f11d50a3a" className="Test.OdpOracleTest, Test" name="String_Char" />
    </UnitTest>
    <UnitTest name="Convert_ToByte" storage="d:\alinq\source\trunk\test\bin\debug\test.dll" id="4e966a0f-2d22-8e3b-b49b-ebaa566f55da">
      <Css projectStructure="" iteration="" />
      <Owners>
        <Owner name="" />
      </Owners>
      <TestMethod codeBase="D:\ALinq\Source\Trunk\Test\bin\Debug\Test.dll" adapterTypeName="Microsoft.VisualStudio.TestTools.TestTypes.Unit.UnitTestAdapter, Microsoft.VisualStudio.QualityTools.Tips.UnitTest.Adapter, Version=9.0.0.0, Culture=neutral, PublicKeyToken=b03f5f7f11d50a3a" className="Test.SQL2000Test, Test" name="Convert_ToByte" />
    </UnitTest>
    <UnitTest name="Join_LeftOuter" storage="d:\alinq\source\trunk\test\bin\debug\test.dll" id="a0da705c-ccc8-51c3-50da-3f96bbee09af">
      <Css projectStructure="" iteration="" />
      <Owners>
        <Owner name="" />
      </Owners>
      <TestMethod codeBase="D:\ALinq\Source\Trunk\Test\bin\Debug\Test.dll" adapterTypeName="Microsoft.VisualStudio.TestTools.TestTypes.Unit.UnitTestAdapter, Microsoft.VisualStudio.QualityTools.Tips.UnitTest.Adapter, Version=9.0.0.0, Culture=neutral, PublicKeyToken=b03f5f7f11d50a3a" className="Test.DB2Test, Test" name="Join_LeftOuter" />
    </UnitTest>
    <UnitTest name="DateTime_Day" storage="d:\alinq\source\trunk\test\bin\debug\test.dll" id="f3375fee-e622-8738-5681-19e3225fd4f7">
      <Css projectStructure="" iteration="" />
      <Owners>
        <Owner name="" />
      </Owners>
      <TestMethod codeBase="D:\ALinq\Source\Trunk\Test\bin\Debug\Test.dll" adapterTypeName="Microsoft.VisualStudio.TestTools.TestTypes.Unit.UnitTestAdapter, Microsoft.VisualStudio.QualityTools.Tips.UnitTest.Adapter, Version=9.0.0.0, Culture=neutral, PublicKeyToken=b03f5f7f11d50a3a" className="Test.MySqlTest, Test" name="DateTime_Day" />
    </UnitTest>
    <UnitTest name="AddCategory" storage="d:\alinq\source\trunk\test\bin\debug\test.dll" id="f3fbe837-9af8-6394-2946-246c8d2dcb8b">
      <Css projectStructure="" iteration="" />
      <Owners>
        <Owner name="" />
      </Owners>
      <TestMethod codeBase="D:\ALinq\Source\Trunk\Test\bin\Debug\Test.dll" adapterTypeName="Microsoft.VisualStudio.TestTools.TestTypes.Unit.UnitTestAdapter, Microsoft.VisualStudio.QualityTools.Tips.UnitTest.Adapter, Version=9.0.0.0, Culture=neutral, PublicKeyToken=b03f5f7f11d50a3a" className="Test.FirebirdProcedureTest, Test" name="AddCategory" />
    </UnitTest>
    <UnitTest name="DateTimeLT" storage="d:\alinq\source\trunk\test\bin\debug\test.dll" id="c5196b83-3361-9006-6e4b-f98321f4ddc5">
      <Css projectStructure="" iteration="" />
      <Owners>
        <Owner name="" />
      </Owners>
      <TestMethod codeBase="D:\ALinq\Source\Trunk\Test\bin\Debug\Test.dll" adapterTypeName="Microsoft.VisualStudio.TestTools.TestTypes.Unit.UnitTestAdapter, Microsoft.VisualStudio.QualityTools.Tips.UnitTest.Adapter, Version=9.0.0.0, Culture=neutral, PublicKeyToken=b03f5f7f11d50a3a" className="Test.SqlTest, Test" name="DateTimeLT" />
    </UnitTest>
    <UnitTest name="Math_Acos" storage="d:\alinq\source\trunk\test\bin\debug\test.dll" id="613c01cd-62ea-31be-e992-f5eeb0073be7">
      <Css projectStructure="" iteration="" />
      <Owners>
        <Owner name="" />
      </Owners>
      <TestMethod codeBase="D:\ALinq\Source\Trunk\Test\bin\Debug\Test.dll" adapterTypeName="Microsoft.VisualStudio.TestTools.TestTypes.Unit.UnitTestAdapter, Microsoft.VisualStudio.QualityTools.Tips.UnitTest.Adapter, Version=9.0.0.0, Culture=neutral, PublicKeyToken=b03f5f7f11d50a3a" className="Test.AccessTest, Test" name="Math_Acos" />
    </UnitTest>
    <UnitTest name="GroupBy_Max" storage="d:\alinq\source\trunk\test\bin\debug\test.dll" id="36f8ba7f-573c-1404-ffbd-d81416d726cd">
      <Css projectStructure="" iteration="" />
      <Owners>
        <Owner name="" />
      </Owners>
      <TestMethod codeBase="D:\ALinq\Source\Trunk\Test\bin\Debug\Test.dll" adapterTypeName="Microsoft.VisualStudio.TestTools.TestTypes.Unit.UnitTestAdapter, Microsoft.VisualStudio.QualityTools.Tips.UnitTest.Adapter, Version=9.0.0.0, Culture=neutral, PublicKeyToken=b03f5f7f11d50a3a" className="Test.AccessTest, Test" name="GroupBy_Max" />
    </UnitTest>
    <UnitTest name="Max_Elements" storage="d:\alinq\source\trunk\test\bin\debug\test.dll" id="955c510c-2536-1314-4df1-898fa82ba9cc">
      <Css projectStructure="" iteration="" />
      <Owners>
        <Owner name="" />
      </Owners>
      <TestMethod codeBase="D:\ALinq\Source\Trunk\Test\bin\Debug\Test.dll" adapterTypeName="Microsoft.VisualStudio.TestTools.TestTypes.Unit.UnitTestAdapter, Microsoft.VisualStudio.QualityTools.Tips.UnitTest.Adapter, Version=9.0.0.0, Culture=neutral, PublicKeyToken=b03f5f7f11d50a3a" className="Test.MySqlTest, Test" name="Max_Elements" />
    </UnitTest>
    <UnitTest name="GroupBy_Day" storage="d:\alinq\source\trunk\test\bin\debug\test.dll" id="9a76fa34-b984-9cd8-ed11-1efdb7b43d6a">
      <Css projectStructure="" iteration="" />
      <Owners>
        <Owner name="" />
      </Owners>
      <TestMethod codeBase="D:\ALinq\Source\Trunk\Test\bin\Debug\Test.dll" adapterTypeName="Microsoft.VisualStudio.TestTools.TestTypes.Unit.UnitTestAdapter, Microsoft.VisualStudio.QualityTools.Tips.UnitTest.Adapter, Version=9.0.0.0, Culture=neutral, PublicKeyToken=b03f5f7f11d50a3a" className="Test.SQLiteTest, Test" name="GroupBy_Day" />
    </UnitTest>
    <UnitTest name="Min_Simple" storage="d:\alinq\source\trunk\test\bin\debug\test.dll" id="687bd91a-da2e-d86f-b451-0fa274379f17">
      <Css projectStructure="" iteration="" />
      <Owners>
        <Owner name="" />
      </Owners>
      <TestMethod codeBase="D:\ALinq\Source\Trunk\Test\bin\Debug\Test.dll" adapterTypeName="Microsoft.VisualStudio.TestTools.TestTypes.Unit.UnitTestAdapter, Microsoft.VisualStudio.QualityTools.Tips.UnitTest.Adapter, Version=9.0.0.0, Culture=neutral, PublicKeyToken=b03f5f7f11d50a3a" className="Test.DB2Test, Test" name="Min_Simple" />
    </UnitTest>
    <UnitTest name="OrderBy_Conditional" storage="d:\alinq\source\trunk\test\bin\debug\test.dll" id="7b39ea25-48b8-3817-d717-229cd2c4f5de">
      <Css projectStructure="" iteration="" />
      <Owners>
        <Owner name="" />
      </Owners>
      <TestMethod codeBase="D:\ALinq\Source\Trunk\Test\bin\Debug\Test.dll" adapterTypeName="Microsoft.VisualStudio.TestTools.TestTypes.Unit.UnitTestAdapter, Microsoft.VisualStudio.QualityTools.Tips.UnitTest.Adapter, Version=9.0.0.0, Culture=neutral, PublicKeyToken=b03f5f7f11d50a3a" className="Test.MySqlTest, Test" name="OrderBy_Conditional" />
    </UnitTest>
    <UnitTest name="Math_Round2" storage="d:\alinq\source\trunk\test\bin\debug\test.dll" id="5b5adf4b-0c71-f748-d486-5a6ceeebe763">
      <Css projectStructure="" iteration="" />
      <Owners>
        <Owner name="" />
      </Owners>
      <TestMethod codeBase="D:\ALinq\Source\Trunk\Test\bin\Debug\Test.dll" adapterTypeName="Microsoft.VisualStudio.TestTools.TestTypes.Unit.UnitTestAdapter, Microsoft.VisualStudio.QualityTools.Tips.UnitTest.Adapter, Version=9.0.0.0, Culture=neutral, PublicKeyToken=b03f5f7f11d50a3a" className="Test.SQL2005Test, Test" name="Math_Round2" />
    </UnitTest>
    <UnitTest name="Select_Simple" storage="d:\alinq\source\trunk\test\bin\debug\test.dll" id="606937e5-6c33-04ce-e794-55f0269a1d21">
      <Css projectStructure="" iteration="" />
      <Owners>
        <Owner name="" />
      </Owners>
      <TestMethod codeBase="D:\ALinq\Source\Trunk\Test\bin\Debug\Test.dll" adapterTypeName="Microsoft.VisualStudio.TestTools.TestTypes.Unit.UnitTestAdapter, Microsoft.VisualStudio.QualityTools.Tips.UnitTest.Adapter, Version=9.0.0.0, Culture=neutral, PublicKeyToken=b03f5f7f11d50a3a" className="Test.AccessTest, Test" name="Select_Simple" />
    </UnitTest>
    <UnitTest name="String_Equals3" storage="d:\alinq\source\trunk\test\bin\debug\test.dll" id="55e1d91c-1871-d7d1-9c1c-25f46390271b">
      <Css projectStructure="" iteration="" />
      <Owners>
        <Owner name="" />
      </Owners>
      <TestMethod codeBase="D:\ALinq\Source\Trunk\Test\bin\Debug\Test.dll" adapterTypeName="Microsoft.VisualStudio.TestTools.TestTypes.Unit.UnitTestAdapter, Microsoft.VisualStudio.QualityTools.Tips.UnitTest.Adapter, Version=9.0.0.0, Culture=neutral, PublicKeyToken=b03f5f7f11d50a3a" className="Test.SQLiteTest, Test" name="String_Equals3" />
    </UnitTest>
    <UnitTest name="CRUD_Update1" storage="d:\alinq\source\trunk\test\bin\debug\test.dll" id="21ef9fdc-8202-ab18-267f-02b394ae4f02">
      <Css projectStructure="" iteration="" />
      <Owners>
        <Owner name="" />
      </Owners>
      <TestMethod codeBase="D:\ALinq\Source\Trunk\Test\bin\Debug\Test.dll" adapterTypeName="Microsoft.VisualStudio.TestTools.TestTypes.Unit.UnitTestAdapter, Microsoft.VisualStudio.QualityTools.Tips.UnitTest.Adapter, Version=9.0.0.0, Culture=neutral, PublicKeyToken=b03f5f7f11d50a3a" className="Test.OdpOracleTest, Test" name="CRUD_Update1" />
    </UnitTest>
    <UnitTest name="String_Trim" storage="d:\alinq\source\trunk\test\bin\debug\test.dll" id="29edf6c3-af58-3d37-1054-fbbc082ad78a">
      <Css projectStructure="" iteration="" />
      <Owners>
        <Owner name="" />
      </Owners>
      <TestMethod codeBase="D:\ALinq\Source\Trunk\Test\bin\Debug\Test.dll" adapterTypeName="Microsoft.VisualStudio.TestTools.TestTypes.Unit.UnitTestAdapter, Microsoft.VisualStudio.QualityTools.Tips.UnitTest.Adapter, Version=9.0.0.0, Culture=neutral, PublicKeyToken=b03f5f7f11d50a3a" className="Test.MySqlTest, Test" name="String_Trim" />
    </UnitTest>
    <UnitTest name="Any_Grouped" storage="d:\alinq\source\trunk\test\bin\debug\test.dll" id="3d4ea9d9-44ea-1ea6-0737-a5eec3f2e67c">
      <Css projectStructure="" iteration="" />
      <Owners>
        <Owner name="" />
      </Owners>
      <TestMethod codeBase="D:\ALinq\Source\Trunk\Test\bin\Debug\Test.dll" adapterTypeName="Microsoft.VisualStudio.TestTools.TestTypes.Unit.UnitTestAdapter, Microsoft.VisualStudio.QualityTools.Tips.UnitTest.Adapter, Version=9.0.0.0, Culture=neutral, PublicKeyToken=b03f5f7f11d50a3a" className="Test.OdpOracleTest, Test" name="Any_Grouped" />
    </UnitTest>
    <UnitTest name="StringInsert" storage="d:\alinq\source\trunk\test\bin\debug\test.dll" id="b3efc610-fe52-52eb-8036-2de5836e0344">
      <Css projectStructure="" iteration="" />
      <Owners>
        <Owner name="" />
      </Owners>
      <TestMethod codeBase="D:\ALinq\Source\Trunk\Test\bin\Debug\Test.dll" adapterTypeName="Microsoft.VisualStudio.TestTools.TestTypes.Unit.UnitTestAdapter, Microsoft.VisualStudio.QualityTools.Tips.UnitTest.Adapter, Version=9.0.0.0, Culture=neutral, PublicKeyToken=b03f5f7f11d50a3a" className="Test.SQL2005Test, Test" name="StringInsert" />
    </UnitTest>
    <UnitTest name="DataType_Clob" storage="d:\alinq\source\trunk\test\bin\debug\test.dll" id="8fa6bd8e-c65e-f275-0f54-5cb2d12298a2">
      <Css projectStructure="" iteration="" />
      <Owners>
        <Owner name="" />
      </Owners>
      <TestMethod codeBase="D:\ALinq\Source\Trunk\Test\bin\Debug\Test.dll" adapterTypeName="Microsoft.VisualStudio.TestTools.TestTypes.Unit.UnitTestAdapter, Microsoft.VisualStudio.QualityTools.Tips.UnitTest.Adapter, Version=9.0.0.0, Culture=neutral, PublicKeyToken=b03f5f7f11d50a3a" className="Test.NorOracleTest, Test" name="DataType_Clob" />
    </UnitTest>
    <UnitTest name="ParseSqlDataType" storage="d:\alinq\source\trunk\test\bin\debug\test.dll" id="987c993c-5946-9ba3-b6cf-d5dc51ec9444">
      <Css projectStructure="" iteration="" />
      <Owners>
        <Owner name="" />
      </Owners>
      <TestMethod codeBase="D:\ALinq\Source\Trunk\Test\bin\Debug\Test.dll" adapterTypeName="Microsoft.VisualStudio.TestTools.TestTypes.Unit.UnitTestAdapter, Microsoft.VisualStudio.QualityTools.Tips.UnitTest.Adapter, Version=9.0.0.0, Culture=neutral, PublicKeyToken=b03f5f7f11d50a3a" className="Test.Sql2005DataTypeProvider, Test" name="ParseSqlDataType" />
    </UnitTest>
    <UnitTest name="DataLoadOptionsTest" storage="d:\alinq\source\trunk\test\bin\debug\test.dll" id="f9582425-45f1-0ccd-6b16-dbc172ead7ab">
      <Css projectStructure="" iteration="" />
      <Owners>
        <Owner name="" />
      </Owners>
      <TestMethod codeBase="D:\ALinq\Source\Trunk\Test\bin\Debug\Test.dll" adapterTypeName="Microsoft.VisualStudio.TestTools.TestTypes.Unit.UnitTestAdapter, Microsoft.VisualStudio.QualityTools.Tips.UnitTest.Adapter, Version=9.0.0.0, Culture=neutral, PublicKeyToken=b03f5f7f11d50a3a" className="Test.NorOracleTest, Test" name="DataLoadOptionsTest" />
    </UnitTest>
    <UnitTest name="CRUD_Update2" storage="d:\alinq\source\trunk\test\bin\debug\test.dll" id="005d4495-9f8d-af6f-0073-45c8c279c639">
      <Css projectStructure="" iteration="" />
      <Owners>
        <Owner name="" />
      </Owners>
      <TestMethod codeBase="D:\ALinq\Source\Trunk\Test\bin\Debug\Test.dll" adapterTypeName="Microsoft.VisualStudio.TestTools.TestTypes.Unit.UnitTestAdapter, Microsoft.VisualStudio.QualityTools.Tips.UnitTest.Adapter, Version=9.0.0.0, Culture=neutral, PublicKeyToken=b03f5f7f11d50a3a" className="Test.DB2Test, Test" name="CRUD_Update2" />
    </UnitTest>
    <UnitTest name="GroupBy_Nested" storage="d:\alinq\source\trunk\test\bin\debug\test.dll" id="d63d42a6-4441-8200-5e12-57969f3d44ca">
      <Css projectStructure="" iteration="" />
      <Owners>
        <Owner name="" />
      </Owners>
      <TestMethod codeBase="D:\ALinq\Source\Trunk\Test\bin\Debug\Test.dll" adapterTypeName="Microsoft.VisualStudio.TestTools.TestTypes.Unit.UnitTestAdapter, Microsoft.VisualStudio.QualityTools.Tips.UnitTest.Adapter, Version=9.0.0.0, Culture=neutral, PublicKeyToken=b03f5f7f11d50a3a" className="Test.MySqlTest, Test" name="GroupBy_Nested" />
    </UnitTest>
    <UnitTest name="First" priority="20" storage="d:\alinq\source\trunk\test\bin\debug\test.dll" id="90a0edf6-2e90-cd7c-07bf-7ea02a2bd937">
      <Css projectStructure="" iteration="" />
      <Owners>
        <Owner name="" />
      </Owners>
      <TestMethod codeBase="D:\ALinq\Source\Trunk\Test\bin\Debug\Test.dll" adapterTypeName="Microsoft.VisualStudio.TestTools.TestTypes.Unit.UnitTestAdapter, Microsoft.VisualStudio.QualityTools.Tips.UnitTest.Adapter, Version=9.0.0.0, Culture=neutral, PublicKeyToken=b03f5f7f11d50a3a" className="Test.DB2Test, Test" name="First" />
    </UnitTest>
    <UnitTest name="OrderBy_GroupBy" storage="d:\alinq\source\trunk\test\bin\debug\test.dll" id="3ccbfd03-02a6-454e-3e72-817f3d50fd3f">
      <Css projectStructure="" iteration="" />
      <Owners>
        <Owner name="" />
      </Owners>
      <TestMethod codeBase="D:\ALinq\Source\Trunk\Test\bin\Debug\Test.dll" adapterTypeName="Microsoft.VisualStudio.TestTools.TestTypes.Unit.UnitTestAdapter, Microsoft.VisualStudio.QualityTools.Tips.UnitTest.Adapter, Version=9.0.0.0, Culture=neutral, PublicKeyToken=b03f5f7f11d50a3a" className="Test.SqlTest, Test" name="OrderBy_GroupBy" />
    </UnitTest>
    <UnitTest name="IfEqualTest" storage="d:\alinq\source\trunk\test\bin\debug\test.dll" id="b3b8eb7f-3bca-d9f1-5fb6-b14c84d162e6">
      <Css projectStructure="" iteration="" />
      <Owners>
        <Owner name="" />
      </Owners>
      <TestMethod codeBase="D:\ALinq\Source\Trunk\Test\bin\Debug\Test.dll" adapterTypeName="Microsoft.VisualStudio.TestTools.TestTypes.Unit.UnitTestAdapter, Microsoft.VisualStudio.QualityTools.Tips.UnitTest.Adapter, Version=9.0.0.0, Culture=neutral, PublicKeyToken=b03f5f7f11d50a3a" className="Test.DB2Test, Test" name="IfEqualTest" />
    </UnitTest>
    <UnitTest name="Math_Asin" storage="d:\alinq\source\trunk\test\bin\debug\test.dll" id="9dd7fbec-cf87-3e75-83f5-281b124146ce">
      <Css projectStructure="" iteration="" />
      <Owners>
        <Owner name="" />
      </Owners>
      <TestMethod codeBase="D:\ALinq\Source\Trunk\Test\bin\Debug\Test.dll" adapterTypeName="Microsoft.VisualStudio.TestTools.TestTypes.Unit.UnitTestAdapter, Microsoft.VisualStudio.QualityTools.Tips.UnitTest.Adapter, Version=9.0.0.0, Culture=neutral, PublicKeyToken=b03f5f7f11d50a3a" className="Test.SQLiteTest, Test" name="Math_Asin" />
    </UnitTest>
    <UnitTest name="Null" storage="d:\alinq\source\trunk\test\bin\debug\test.dll" id="05c8edc4-93f3-8546-28c8-eba01a929d3a">
      <Css projectStructure="" iteration="" />
      <Owners>
        <Owner name="" />
      </Owners>
      <TestMethod codeBase="D:\ALinq\Source\Trunk\Test\bin\Debug\Test.dll" adapterTypeName="Microsoft.VisualStudio.TestTools.TestTypes.Unit.UnitTestAdapter, Microsoft.VisualStudio.QualityTools.Tips.UnitTest.Adapter, Version=9.0.0.0, Culture=neutral, PublicKeyToken=b03f5f7f11d50a3a" className="Test.AccessTest, Test" name="Null" />
    </UnitTest>
    <UnitTest name="StringRemove" storage="d:\alinq\source\trunk\test\bin\debug\test.dll" id="abafaa28-863d-b9d2-2c33-7e111253853a">
      <Css projectStructure="" iteration="" />
      <Owners>
        <Owner name="" />
      </Owners>
      <TestMethod codeBase="D:\ALinq\Source\Trunk\Test\bin\Debug\Test.dll" adapterTypeName="Microsoft.VisualStudio.TestTools.TestTypes.Unit.UnitTestAdapter, Microsoft.VisualStudio.QualityTools.Tips.UnitTest.Adapter, Version=9.0.0.0, Culture=neutral, PublicKeyToken=b03f5f7f11d50a3a" className="Test.NorOracleTest, Test" name="StringRemove" />
    </UnitTest>
    <UnitTest name="DateTime_AddYears" storage="d:\alinq\source\trunk\test\bin\debug\test.dll" id="4c0cc070-de1b-b37f-a713-ed51c65d0370">
      <Css projectStructure="" iteration="" />
      <Owners>
        <Owner name="" />
      </Owners>
      <TestMethod codeBase="D:\ALinq\Source\Trunk\Test\bin\Debug\Test.dll" adapterTypeName="Microsoft.VisualStudio.TestTools.TestTypes.Unit.UnitTestAdapter, Microsoft.VisualStudio.QualityTools.Tips.UnitTest.Adapter, Version=9.0.0.0, Culture=neutral, PublicKeyToken=b03f5f7f11d50a3a" className="Test.FirebirdTest, Test" name="DateTime_AddYears" />
    </UnitTest>
    <UnitTest name="GroupBy_Avg" storage="d:\alinq\source\trunk\test\bin\debug\test.dll" id="9de6d62b-8e45-acec-1d91-c742c9fdb24b">
      <Css projectStructure="" iteration="" />
      <Owners>
        <Owner name="" />
      </Owners>
      <TestMethod codeBase="D:\ALinq\Source\Trunk\Test\bin\Debug\Test.dll" adapterTypeName="Microsoft.VisualStudio.TestTools.TestTypes.Unit.UnitTestAdapter, Microsoft.VisualStudio.QualityTools.Tips.UnitTest.Adapter, Version=9.0.0.0, Culture=neutral, PublicKeyToken=b03f5f7f11d50a3a" className="Test.SQL2005Test, Test" name="GroupBy_Avg" />
    </UnitTest>
    <UnitTest name="StringRemove" storage="d:\alinq\source\trunk\test\bin\debug\test.dll" id="b9835bba-2e55-418c-e07e-e99358c564e6">
      <Css projectStructure="" iteration="" />
      <Owners>
        <Owner name="" />
      </Owners>
      <TestMethod codeBase="D:\ALinq\Source\Trunk\Test\bin\Debug\Test.dll" adapterTypeName="Microsoft.VisualStudio.TestTools.TestTypes.Unit.UnitTestAdapter, Microsoft.VisualStudio.QualityTools.Tips.UnitTest.Adapter, Version=9.0.0.0, Culture=neutral, PublicKeyToken=b03f5f7f11d50a3a" className="Test.SqlTest, Test" name="StringRemove" />
    </UnitTest>
    <UnitTest name="TestNull" storage="d:\alinq\source\trunk\test\bin\debug\test.dll" id="52ad2a2a-6740-a9e0-e9af-cc4cb4838079">
      <Css projectStructure="" iteration="" />
      <Owners>
        <Owner name="" />
      </Owners>
      <TestMethod codeBase="D:\ALinq\Source\Trunk\Test\bin\Debug\Test.dll" adapterTypeName="Microsoft.VisualStudio.TestTools.TestTypes.Unit.UnitTestAdapter, Microsoft.VisualStudio.QualityTools.Tips.UnitTest.Adapter, Version=9.0.0.0, Culture=neutral, PublicKeyToken=b03f5f7f11d50a3a" className="Test.SQL2000Test, Test" name="TestNull" />
    </UnitTest>
    <UnitTest name="CreateDatabase" storage="d:\alinq\source\trunk\test\bin\debug\test.dll" id="316d2245-5185-f5e8-a1c1-6726d9c82d45">
      <Css projectStructure="" iteration="" />
      <Owners>
        <Owner name="" />
      </Owners>
      <TestMethod codeBase="D:\ALinq\Source\Trunk\Test\bin\Debug\Test.dll" adapterTypeName="Microsoft.VisualStudio.TestTools.TestTypes.Unit.UnitTestAdapter, Microsoft.VisualStudio.QualityTools.Tips.UnitTest.Adapter, Version=9.0.0.0, Culture=neutral, PublicKeyToken=b03f5f7f11d50a3a" className="Test.TranslateTest, Test" name="CreateDatabase" />
    </UnitTest>
    <UnitTest name="OrderBy_ThenByDescending" storage="d:\alinq\source\trunk\test\bin\debug\test.dll" id="550d63c5-2fb9-e32f-144c-8322c3a27bbe">
      <Css projectStructure="" iteration="" />
      <Owners>
        <Owner name="" />
      </Owners>
      <TestMethod codeBase="D:\ALinq\Source\Trunk\Test\bin\Debug\Test.dll" adapterTypeName="Microsoft.VisualStudio.TestTools.TestTypes.Unit.UnitTestAdapter, Microsoft.VisualStudio.QualityTools.Tips.UnitTest.Adapter, Version=9.0.0.0, Culture=neutral, PublicKeyToken=b03f5f7f11d50a3a" className="Test.OdpOracleTest, Test" name="OrderBy_ThenByDescending" />
    </UnitTest>
    <UnitTest name="Insert_OneToMany" storage="d:\alinq\source\trunk\test\bin\debug\test.dll" id="914a03aa-30de-38b7-f67c-afa1e212403f">
      <Css projectStructure="" iteration="" />
      <Owners>
        <Owner name="" />
      </Owners>
      <TestMethod codeBase="D:\ALinq\Source\Trunk\Test\bin\Debug\Test.dll" adapterTypeName="Microsoft.VisualStudio.TestTools.TestTypes.Unit.UnitTestAdapter, Microsoft.VisualStudio.QualityTools.Tips.UnitTest.Adapter, Version=9.0.0.0, Culture=neutral, PublicKeyToken=b03f5f7f11d50a3a" className="Test.PgsqlTest, Test" name="Insert_OneToMany" />
    </UnitTest>
    <UnitTest name="StringToLower" storage="d:\alinq\source\trunk\test\bin\debug\test.dll" id="b124008b-d240-3a30-fd8b-6be8bde079cb">
      <Css projectStructure="" iteration="" />
      <Owners>
        <Owner name="" />
      </Owners>
      <TestMethod codeBase="D:\ALinq\Source\Trunk\Test\bin\Debug\Test.dll" adapterTypeName="Microsoft.VisualStudio.TestTools.TestTypes.Unit.UnitTestAdapter, Microsoft.VisualStudio.QualityTools.Tips.UnitTest.Adapter, Version=9.0.0.0, Culture=neutral, PublicKeyToken=b03f5f7f11d50a3a" className="Test.OdpOracleTest, Test" name="StringToLower" />
    </UnitTest>
    <UnitTest name="DateTime_AddYears" storage="d:\alinq\source\trunk\test\bin\debug\test.dll" id="2985a782-d185-1db7-3b07-aa57fe95492f">
      <Css projectStructure="" iteration="" />
      <Owners>
        <Owner name="" />
      </Owners>
      <TestMethod codeBase="D:\ALinq\Source\Trunk\Test\bin\Debug\Test.dll" adapterTypeName="Microsoft.VisualStudio.TestTools.TestTypes.Unit.UnitTestAdapter, Microsoft.VisualStudio.QualityTools.Tips.UnitTest.Adapter, Version=9.0.0.0, Culture=neutral, PublicKeyToken=b03f5f7f11d50a3a" className="Test.MySqlTest, Test" name="DateTime_AddYears" />
    </UnitTest>
    <UnitTest name="DateTime_AddHours" storage="d:\alinq\source\trunk\test\bin\debug\test.dll" id="c4d73e55-5aea-3eaf-2d9f-902a88ff7b1f">
      <Css projectStructure="" iteration="" />
      <Owners>
        <Owner name="" />
      </Owners>
      <TestMethod codeBase="D:\ALinq\Source\Trunk\Test\bin\Debug\Test.dll" adapterTypeName="Microsoft.VisualStudio.TestTools.TestTypes.Unit.UnitTestAdapter, Microsoft.VisualStudio.QualityTools.Tips.UnitTest.Adapter, Version=9.0.0.0, Culture=neutral, PublicKeyToken=b03f5f7f11d50a3a" className="Test.SQL2000Test, Test" name="DateTime_AddHours" />
    </UnitTest>
    <UnitTest name="Math_Exp" storage="d:\alinq\source\trunk\test\bin\debug\test.dll" id="ec3e602f-9c47-39f6-15b8-28e29f7855b2">
      <Css projectStructure="" iteration="" />
      <Owners>
        <Owner name="" />
      </Owners>
      <TestMethod codeBase="D:\ALinq\Source\Trunk\Test\bin\Debug\Test.dll" adapterTypeName="Microsoft.VisualStudio.TestTools.TestTypes.Unit.UnitTestAdapter, Microsoft.VisualStudio.QualityTools.Tips.UnitTest.Adapter, Version=9.0.0.0, Culture=neutral, PublicKeyToken=b03f5f7f11d50a3a" className="Test.PgsqlTest, Test" name="Math_Exp" />
    </UnitTest>
    <UnitTest name="String_Insert" storage="d:\alinq\source\trunk\test\bin\debug\test.dll" id="22ad216c-3ae2-4105-4b05-706a07bdb9be">
      <Css projectStructure="" iteration="" />
      <Owners>
        <Owner name="" />
      </Owners>
      <TestMethod codeBase="D:\ALinq\Source\Trunk\Test\bin\Debug\Test.dll" adapterTypeName="Microsoft.VisualStudio.TestTools.TestTypes.Unit.UnitTestAdapter, Microsoft.VisualStudio.QualityTools.Tips.UnitTest.Adapter, Version=9.0.0.0, Culture=neutral, PublicKeyToken=b03f5f7f11d50a3a" className="Test.NorOracleTest, Test" name="String_Insert" />
    </UnitTest>
    <UnitTest name="TableExists" storage="d:\alinq\source\trunk\test\bin\debug\test.dll" id="159dc74d-d464-469a-fd05-afdcca39d99f">
      <Css projectStructure="" iteration="" />
      <Owners>
        <Owner name="" />
      </Owners>
      <TestMethod codeBase="D:\ALinq\Source\Trunk\Test\bin\Debug\Test.dll" adapterTypeName="Microsoft.VisualStudio.TestTools.TestTypes.Unit.UnitTestAdapter, Microsoft.VisualStudio.QualityTools.Tips.UnitTest.Adapter, Version=9.0.0.0, Culture=neutral, PublicKeyToken=b03f5f7f11d50a3a" className="Test.SQL2000Test, Test" name="TableExists" />
    </UnitTest>
    <UnitTest name="Math_Max" storage="d:\alinq\source\trunk\test\bin\debug\test.dll" id="96ce2a36-b964-2edb-aecd-b16f67db8169">
      <Css projectStructure="" iteration="" />
      <Owners>
        <Owner name="" />
      </Owners>
      <TestMethod codeBase="D:\ALinq\Source\Trunk\Test\bin\Debug\Test.dll" adapterTypeName="Microsoft.VisualStudio.TestTools.TestTypes.Unit.UnitTestAdapter, Microsoft.VisualStudio.QualityTools.Tips.UnitTest.Adapter, Version=9.0.0.0, Culture=neutral, PublicKeyToken=b03f5f7f11d50a3a" className="Test.SQL2000Test, Test" name="Math_Max" />
    </UnitTest>
    <UnitTest name="SingleOrDefault" storage="d:\alinq\source\trunk\test\bin\debug\test.dll" id="608399ff-0916-1e1a-ee60-e9461f0026c4">
      <Css projectStructure="" iteration="" />
      <Owners>
        <Owner name="" />
      </Owners>
      <TestMethod codeBase="D:\ALinq\Source\Trunk\Test\bin\Debug\Test.dll" adapterTypeName="Microsoft.VisualStudio.TestTools.TestTypes.Unit.UnitTestAdapter, Microsoft.VisualStudio.QualityTools.Tips.UnitTest.Adapter, Version=9.0.0.0, Culture=neutral, PublicKeyToken=b03f5f7f11d50a3a" className="Test.SQL2000Test, Test" name="SingleOrDefault" />
    </UnitTest>
    <UnitTest name="Concat" storage="d:\alinq\source\trunk\test\bin\debug\test.dll" id="044da2cc-2c45-87c1-1c5b-93e871c38e2b">
      <Css projectStructure="" iteration="" />
      <Owners>
        <Owner name="" />
      </Owners>
      <TestMethod codeBase="D:\ALinq\Source\Trunk\Test\bin\Debug\Test.dll" adapterTypeName="Microsoft.VisualStudio.TestTools.TestTypes.Unit.UnitTestAdapter, Microsoft.VisualStudio.QualityTools.Tips.UnitTest.Adapter, Version=9.0.0.0, Culture=neutral, PublicKeyToken=b03f5f7f11d50a3a" className="Test.OdpOracleTest, Test" name="Concat" />
    </UnitTest>
    <UnitTest name="StringRemove" storage="d:\alinq\source\trunk\test\bin\debug\test.dll" id="4da364d5-b85f-7346-9ccb-03cae68752d9">
      <Css projectStructure="" iteration="" />
      <Owners>
        <Owner name="" />
      </Owners>
      <TestMethod codeBase="D:\ALinq\Source\Trunk\Test\bin\Debug\Test.dll" adapterTypeName="Microsoft.VisualStudio.TestTools.TestTypes.Unit.UnitTestAdapter, Microsoft.VisualStudio.QualityTools.Tips.UnitTest.Adapter, Version=9.0.0.0, Culture=neutral, PublicKeyToken=b03f5f7f11d50a3a" className="Test.OdpOracleTest, Test" name="StringRemove" />
    </UnitTest>
    <UnitTest name="OrderBy_ThenByDescending" storage="d:\alinq\source\trunk\test\bin\debug\test.dll" id="7a9ffa30-c336-9add-067f-398d3b3a8c3b">
      <Css projectStructure="" iteration="" />
      <Owners>
        <Owner name="" />
      </Owners>
      <TestMethod codeBase="D:\ALinq\Source\Trunk\Test\bin\Debug\Test.dll" adapterTypeName="Microsoft.VisualStudio.TestTools.TestTypes.Unit.UnitTestAdapter, Microsoft.VisualStudio.QualityTools.Tips.UnitTest.Adapter, Version=9.0.0.0, Culture=neutral, PublicKeyToken=b03f5f7f11d50a3a" className="Test.NorOracleTest, Test" name="OrderBy_ThenByDescending" />
    </UnitTest>
    <UnitTest name="CRUD_Insert2" storage="d:\alinq\source\trunk\test\bin\debug\test.dll" id="f05b633b-b482-8734-50ec-13c7f1541946">
      <Css projectStructure="" iteration="" />
      <Owners>
        <Owner name="" />
      </Owners>
      <TestMethod codeBase="D:\ALinq\Source\Trunk\Test\bin\Debug\Test.dll" adapterTypeName="Microsoft.VisualStudio.TestTools.TestTypes.Unit.UnitTestAdapter, Microsoft.VisualStudio.QualityTools.Tips.UnitTest.Adapter, Version=9.0.0.0, Culture=neutral, PublicKeyToken=b03f5f7f11d50a3a" className="Test.DB2Test, Test" name="CRUD_Insert2" />
    </UnitTest>
    <UnitTest name="GetDefaultValue" storage="d:\alinq\source\trunk\test\bin\debug\test.dll" id="d9ea7e95-e3f1-344e-17e4-a2f041b75665">
      <Css projectStructure="" iteration="" />
      <Owners>
        <Owner name="" />
      </Owners>
      <TestMethod codeBase="D:\ALinq\Source\Trunk\Test\bin\Debug\Test.dll" adapterTypeName="Microsoft.VisualStudio.TestTools.TestTypes.Unit.UnitTestAdapter, Microsoft.VisualStudio.QualityTools.Tips.UnitTest.Adapter, Version=9.0.0.0, Culture=neutral, PublicKeyToken=b03f5f7f11d50a3a" className="Test.OdpOracleTest, Test" name="GetDefaultValue" />
    </UnitTest>
    <UnitTest name="Convert_ToInt32" storage="d:\alinq\source\trunk\test\bin\debug\test.dll" id="4f879db0-185c-fed3-2d46-3e5a8e9ef158">
      <Css projectStructure="" iteration="" />
      <Owners>
        <Owner name="" />
      </Owners>
      <TestMethod codeBase="D:\ALinq\Source\Trunk\Test\bin\Debug\Test.dll" adapterTypeName="Microsoft.VisualStudio.TestTools.TestTypes.Unit.UnitTestAdapter, Microsoft.VisualStudio.QualityTools.Tips.UnitTest.Adapter, Version=9.0.0.0, Culture=neutral, PublicKeyToken=b03f5f7f11d50a3a" className="Test.AccessTest, Test" name="Convert_ToInt32" />
    </UnitTest>
    <UnitTest name="GroupBy_Year" storage="d:\alinq\source\trunk\test\bin\debug\test.dll" id="2a5596da-7a23-62a3-a417-6104dd06ba6b">
      <Css projectStructure="" iteration="" />
      <Owners>
        <Owner name="" />
      </Owners>
      <TestMethod codeBase="D:\ALinq\Source\Trunk\Test\bin\Debug\Test.dll" adapterTypeName="Microsoft.VisualStudio.TestTools.TestTypes.Unit.UnitTestAdapter, Microsoft.VisualStudio.QualityTools.Tips.UnitTest.Adapter, Version=9.0.0.0, Culture=neutral, PublicKeyToken=b03f5f7f11d50a3a" className="Test.OdpOracleTest, Test" name="GroupBy_Year" />
    </UnitTest>
    <UnitTest name="DateTime_AddMonths" storage="d:\alinq\source\trunk\test\bin\debug\test.dll" id="e074bda5-4439-dd50-f1a3-b773fa733083">
      <Css projectStructure="" iteration="" />
      <Owners>
        <Owner name="" />
      </Owners>
      <TestMethod codeBase="D:\ALinq\Source\Trunk\Test\bin\Debug\Test.dll" adapterTypeName="Microsoft.VisualStudio.TestTools.TestTypes.Unit.UnitTestAdapter, Microsoft.VisualStudio.QualityTools.Tips.UnitTest.Adapter, Version=9.0.0.0, Culture=neutral, PublicKeyToken=b03f5f7f11d50a3a" className="Test.DB2Test, Test" name="DateTime_AddMonths" />
    </UnitTest>
    <UnitTest name="String_ToUpper1" storage="d:\alinq\source\trunk\test\bin\debug\test.dll" id="cb16e481-d5c2-188e-a419-df31c0884a1f">
      <Css projectStructure="" iteration="" />
      <Owners>
        <Owner name="" />
      </Owners>
      <TestMethod codeBase="D:\ALinq\Source\Trunk\Test\bin\Debug\Test.dll" adapterTypeName="Microsoft.VisualStudio.TestTools.TestTypes.Unit.UnitTestAdapter, Microsoft.VisualStudio.QualityTools.Tips.UnitTest.Adapter, Version=9.0.0.0, Culture=neutral, PublicKeyToken=b03f5f7f11d50a3a" className="Test.SQL2000Test, Test" name="String_ToUpper1" />
    </UnitTest>
    <UnitTest name="StringRelace" storage="d:\alinq\source\trunk\test\bin\debug\test.dll" id="6e2462bb-37f9-1489-6b76-46194baad7d0">
      <Css projectStructure="" iteration="" />
      <Owners>
        <Owner name="" />
      </Owners>
      <TestMethod codeBase="D:\ALinq\Source\Trunk\Test\bin\Debug\Test.dll" adapterTypeName="Microsoft.VisualStudio.TestTools.TestTypes.Unit.UnitTestAdapter, Microsoft.VisualStudio.QualityTools.Tips.UnitTest.Adapter, Version=9.0.0.0, Culture=neutral, PublicKeyToken=b03f5f7f11d50a3a" className="Test.AccessTest, Test" name="StringRelace" />
    </UnitTest>
    <UnitTest name="GetDefaultValue" storage="d:\alinq\source\trunk\test\bin\debug\test.dll" id="1cfce327-ccf1-c5ab-ada6-416b33332684">
      <Css projectStructure="" iteration="" />
      <Owners>
        <Owner name="" />
      </Owners>
      <TestMethod codeBase="D:\ALinq\Source\Trunk\Test\bin\Debug\Test.dll" adapterTypeName="Microsoft.VisualStudio.TestTools.TestTypes.Unit.UnitTestAdapter, Microsoft.VisualStudio.QualityTools.Tips.UnitTest.Adapter, Version=9.0.0.0, Culture=neutral, PublicKeyToken=b03f5f7f11d50a3a" className="Test.NorOracleTest, Test" name="GetDefaultValue" />
    </UnitTest>
    <UnitTest name="String_TrimEnd" storage="d:\alinq\source\trunk\test\bin\debug\test.dll" id="2eb2dfd3-ad95-048f-55e9-7f5ba491094a">
      <Css projectStructure="" iteration="" />
      <Owners>
        <Owner name="" />
      </Owners>
      <TestMethod codeBase="D:\ALinq\Source\Trunk\Test\bin\Debug\Test.dll" adapterTypeName="Microsoft.VisualStudio.TestTools.TestTypes.Unit.UnitTestAdapter, Microsoft.VisualStudio.QualityTools.Tips.UnitTest.Adapter, Version=9.0.0.0, Culture=neutral, PublicKeyToken=b03f5f7f11d50a3a" className="Test.FirebirdTest, Test" name="String_TrimEnd" />
    </UnitTest>
    <UnitTest name="GroupBy_Year" storage="d:\alinq\source\trunk\test\bin\debug\test.dll" id="b7a3ac6b-5b8f-92ee-01b7-0ef8d0ed677e">
      <Css projectStructure="" iteration="" />
      <Owners>
        <Owner name="" />
      </Owners>
      <TestMethod codeBase="D:\ALinq\Source\Trunk\Test\bin\Debug\Test.dll" adapterTypeName="Microsoft.VisualStudio.TestTools.TestTypes.Unit.UnitTestAdapter, Microsoft.VisualStudio.QualityTools.Tips.UnitTest.Adapter, Version=9.0.0.0, Culture=neutral, PublicKeyToken=b03f5f7f11d50a3a" className="Test.FirebirdTest, Test" name="GroupBy_Year" />
    </UnitTest>
    <UnitTest name="OrderBy_Simple" storage="d:\alinq\source\trunk\test\bin\debug\test.dll" id="2b461c40-e8e5-7539-0597-48e85c7c9c75">
      <Css projectStructure="" iteration="" />
      <Owners>
        <Owner name="" />
      </Owners>
      <TestMethod codeBase="D:\ALinq\Source\Trunk\Test\bin\Debug\Test.dll" adapterTypeName="Microsoft.VisualStudio.TestTools.TestTypes.Unit.UnitTestAdapter, Microsoft.VisualStudio.QualityTools.Tips.UnitTest.Adapter, Version=9.0.0.0, Culture=neutral, PublicKeyToken=b03f5f7f11d50a3a" className="Test.PgsqlTest, Test" name="OrderBy_Simple" />
    </UnitTest>
    <UnitTest name="AutoGuid" storage="d:\alinq\source\trunk\test\bin\debug\test.dll" id="f2ee4033-41ac-dcde-984d-5ea35687a6a3">
      <Css projectStructure="" iteration="" />
      <Owners>
        <Owner name="" />
      </Owners>
      <TestMethod codeBase="D:\ALinq\Source\Trunk\Test\bin\Debug\Test.dll" adapterTypeName="Microsoft.VisualStudio.TestTools.TestTypes.Unit.UnitTestAdapter, Microsoft.VisualStudio.QualityTools.Tips.UnitTest.Adapter, Version=9.0.0.0, Culture=neutral, PublicKeyToken=b03f5f7f11d50a3a" className="Test.SQL2000Test, Test" name="AutoGuid" />
    </UnitTest>
    <UnitTest name="DateTimeGT" storage="d:\alinq\source\trunk\test\bin\debug\test.dll" id="685b510b-9f1d-32ef-db17-38df3a72daab">
      <Css projectStructure="" iteration="" />
      <Owners>
        <Owner name="" />
      </Owners>
      <TestMethod codeBase="D:\ALinq\Source\Trunk\Test\bin\Debug\Test.dll" adapterTypeName="Microsoft.VisualStudio.TestTools.TestTypes.Unit.UnitTestAdapter, Microsoft.VisualStudio.QualityTools.Tips.UnitTest.Adapter, Version=9.0.0.0, Culture=neutral, PublicKeyToken=b03f5f7f11d50a3a" className="Test.SQLiteTest, Test" name="DateTimeGT" />
    </UnitTest>
    <UnitTest name="Max_Elements" storage="d:\alinq\source\trunk\test\bin\debug\test.dll" id="a0af8bc9-9249-0f98-d8f6-bf7e689b8521">
      <Css projectStructure="" iteration="" />
      <Owners>
        <Owner name="" />
      </Owners>
      <TestMethod codeBase="D:\ALinq\Source\Trunk\Test\bin\Debug\Test.dll" adapterTypeName="Microsoft.VisualStudio.TestTools.TestTypes.Unit.UnitTestAdapter, Microsoft.VisualStudio.QualityTools.Tips.UnitTest.Adapter, Version=9.0.0.0, Culture=neutral, PublicKeyToken=b03f5f7f11d50a3a" className="Test.AccessTest, Test" name="Max_Elements" />
    </UnitTest>
    <UnitTest name="Math_Atan2" storage="d:\alinq\source\trunk\test\bin\debug\test.dll" id="da83c50b-47e2-9545-121a-764175b5bfc2">
      <Css projectStructure="" iteration="" />
      <Owners>
        <Owner name="" />
      </Owners>
      <TestMethod codeBase="D:\ALinq\Source\Trunk\Test\bin\Debug\Test.dll" adapterTypeName="Microsoft.VisualStudio.TestTools.TestTypes.Unit.UnitTestAdapter, Microsoft.VisualStudio.QualityTools.Tips.UnitTest.Adapter, Version=9.0.0.0, Culture=neutral, PublicKeyToken=b03f5f7f11d50a3a" className="Test.DB2Test, Test" name="Math_Atan2" />
    </UnitTest>
    <UnitTest name="Take_Nested" storage="d:\alinq\source\trunk\test\bin\debug\test.dll" id="ef375dd7-f4aa-cdba-8e6f-aec833098a3b">
      <Css projectStructure="" iteration="" />
      <Owners>
        <Owner name="" />
      </Owners>
      <TestMethod codeBase="D:\ALinq\Source\Trunk\Test\bin\Debug\Test.dll" adapterTypeName="Microsoft.VisualStudio.TestTools.TestTypes.Unit.UnitTestAdapter, Microsoft.VisualStudio.QualityTools.Tips.UnitTest.Adapter, Version=9.0.0.0, Culture=neutral, PublicKeyToken=b03f5f7f11d50a3a" className="Test.SQL2005Test, Test" name="Take_Nested" />
    </UnitTest>
    <UnitTest name="DateTime_Hour" storage="d:\alinq\source\trunk\test\bin\debug\test.dll" id="29403d46-fd7f-0efe-0ad9-ff1a8c6e2dc1">
      <Css projectStructure="" iteration="" />
      <Owners>
        <Owner name="" />
      </Owners>
      <TestMethod codeBase="D:\ALinq\Source\Trunk\Test\bin\Debug\Test.dll" adapterTypeName="Microsoft.VisualStudio.TestTools.TestTypes.Unit.UnitTestAdapter, Microsoft.VisualStudio.QualityTools.Tips.UnitTest.Adapter, Version=9.0.0.0, Culture=neutral, PublicKeyToken=b03f5f7f11d50a3a" className="Test.OdpOracleTest, Test" name="DateTime_Hour" />
    </UnitTest>
    <UnitTest name="Count_Empty" storage="d:\alinq\source\trunk\test\bin\debug\test.dll" id="e8320d3b-7029-9690-80e7-06ed6ff415ed">
      <Css projectStructure="" iteration="" />
      <Owners>
        <Owner name="" />
      </Owners>
      <TestMethod codeBase="D:\ALinq\Source\Trunk\Test\bin\Debug\Test.dll" adapterTypeName="Microsoft.VisualStudio.TestTools.TestTypes.Unit.UnitTestAdapter, Microsoft.VisualStudio.QualityTools.Tips.UnitTest.Adapter, Version=9.0.0.0, Culture=neutral, PublicKeyToken=b03f5f7f11d50a3a" className="Test.OdpOracleTest, Test" name="Count_Empty" />
    </UnitTest>
    <UnitTest name="CreateProcedure2" storage="d:\alinq\source\trunk\test\bin\debug\test.dll" id="382a0fc8-d8e9-e64a-2c21-24a8d783dbd7">
      <Css projectStructure="" iteration="" />
      <Owners>
        <Owner name="" />
      </Owners>
      <TestMethod codeBase="D:\ALinq\Source\Trunk\Test\bin\Debug\Test.dll" adapterTypeName="Microsoft.VisualStudio.TestTools.TestTypes.Unit.UnitTestAdapter, Microsoft.VisualStudio.QualityTools.Tips.UnitTest.Adapter, Version=9.0.0.0, Culture=neutral, PublicKeyToken=b03f5f7f11d50a3a" className="Test.MySqlProcedureTest, Test" name="CreateProcedure2" />
    </UnitTest>
    <UnitTest name="Math_Round2" storage="d:\alinq\source\trunk\test\bin\debug\test.dll" id="565345a9-7782-a27c-5cfb-dcd8a524ea64">
      <Css projectStructure="" iteration="" />
      <Owners>
        <Owner name="" />
      </Owners>
      <TestMethod codeBase="D:\ALinq\Source\Trunk\Test\bin\Debug\Test.dll" adapterTypeName="Microsoft.VisualStudio.TestTools.TestTypes.Unit.UnitTestAdapter, Microsoft.VisualStudio.QualityTools.Tips.UnitTest.Adapter, Version=9.0.0.0, Culture=neutral, PublicKeyToken=b03f5f7f11d50a3a" className="Test.DB2Test, Test" name="Math_Round2" />
    </UnitTest>
    <UnitTest name="DateTime_Month" storage="d:\alinq\source\trunk\test\bin\debug\test.dll" id="eae7590f-e8f2-3355-864d-ee03c8bd0ad2">
      <Css projectStructure="" iteration="" />
      <Owners>
        <Owner name="" />
      </Owners>
      <TestMethod codeBase="D:\ALinq\Source\Trunk\Test\bin\Debug\Test.dll" adapterTypeName="Microsoft.VisualStudio.TestTools.TestTypes.Unit.UnitTestAdapter, Microsoft.VisualStudio.QualityTools.Tips.UnitTest.Adapter, Version=9.0.0.0, Culture=neutral, PublicKeyToken=b03f5f7f11d50a3a" className="Test.SQLiteTest, Test" name="DateTime_Month" />
    </UnitTest>
    <UnitTest name="CRUD_Delete2" storage="d:\alinq\source\trunk\test\bin\debug\test.dll" id="081c4849-59c2-df72-346d-859c52db8dce">
      <Css projectStructure="" iteration="" />
      <Owners>
        <Owner name="" />
      </Owners>
      <TestMethod codeBase="D:\ALinq\Source\Trunk\Test\bin\Debug\Test.dll" adapterTypeName="Microsoft.VisualStudio.TestTools.TestTypes.Unit.UnitTestAdapter, Microsoft.VisualStudio.QualityTools.Tips.UnitTest.Adapter, Version=9.0.0.0, Culture=neutral, PublicKeyToken=b03f5f7f11d50a3a" className="Test.SqlTest, Test" name="CRUD_Delete2" />
    </UnitTest>
    <UnitTest name="CRUD_Insert1" storage="d:\alinq\source\trunk\test\bin\debug\test.dll" id="a02ad61f-fd38-32b4-0565-020718174d90">
      <Css projectStructure="" iteration="" />
      <Owners>
        <Owner name="" />
      </Owners>
      <TestMethod codeBase="D:\ALinq\Source\Trunk\Test\bin\Debug\Test.dll" adapterTypeName="Microsoft.VisualStudio.TestTools.TestTypes.Unit.UnitTestAdapter, Microsoft.VisualStudio.QualityTools.Tips.UnitTest.Adapter, Version=9.0.0.0, Culture=neutral, PublicKeyToken=b03f5f7f11d50a3a" className="Test.SQL2000Test, Test" name="CRUD_Insert1" />
    </UnitTest>
    <UnitTest name="String_TrimStart" storage="d:\alinq\source\trunk\test\bin\debug\test.dll" id="60464050-395d-41b8-4abc-cd5e8f53898c">
      <Css projectStructure="" iteration="" />
      <Owners>
        <Owner name="" />
      </Owners>
      <TestMethod codeBase="D:\ALinq\Source\Trunk\Test\bin\Debug\Test.dll" adapterTypeName="Microsoft.VisualStudio.TestTools.TestTypes.Unit.UnitTestAdapter, Microsoft.VisualStudio.QualityTools.Tips.UnitTest.Adapter, Version=9.0.0.0, Culture=neutral, PublicKeyToken=b03f5f7f11d50a3a" className="Test.SqlTest, Test" name="String_TrimStart" />
    </UnitTest>
    <UnitTest name="Math_Abs" storage="d:\alinq\source\trunk\test\bin\debug\test.dll" id="405e44b3-251f-083c-db11-fd2f8698f68e">
      <Css projectStructure="" iteration="" />
      <Owners>
        <Owner name="" />
      </Owners>
      <TestMethod codeBase="D:\ALinq\Source\Trunk\Test\bin\Debug\Test.dll" adapterTypeName="Microsoft.VisualStudio.TestTools.TestTypes.Unit.UnitTestAdapter, Microsoft.VisualStudio.QualityTools.Tips.UnitTest.Adapter, Version=9.0.0.0, Culture=neutral, PublicKeyToken=b03f5f7f11d50a3a" className="Test.FirebirdTest, Test" name="Math_Abs" />
    </UnitTest>
    <UnitTest name="Math_Cos" storage="d:\alinq\source\trunk\test\bin\debug\test.dll" id="bfc05492-d290-d572-1323-69a5b5adf7ec">
      <Css projectStructure="" iteration="" />
      <Owners>
        <Owner name="" />
      </Owners>
      <TestMethod codeBase="D:\ALinq\Source\Trunk\Test\bin\Debug\Test.dll" adapterTypeName="Microsoft.VisualStudio.TestTools.TestTypes.Unit.UnitTestAdapter, Microsoft.VisualStudio.QualityTools.Tips.UnitTest.Adapter, Version=9.0.0.0, Culture=neutral, PublicKeyToken=b03f5f7f11d50a3a" className="Test.NorOracleTest, Test" name="Math_Cos" />
    </UnitTest>
    <UnitTest name="DateTime_Minute" storage="d:\alinq\source\trunk\test\bin\debug\test.dll" id="f2eaa498-07a5-2ed8-7aea-fcae5ef2d2b6">
      <Css projectStructure="" iteration="" />
      <Owners>
        <Owner name="" />
      </Owners>
      <TestMethod codeBase="D:\ALinq\Source\Trunk\Test\bin\Debug\Test.dll" adapterTypeName="Microsoft.VisualStudio.TestTools.TestTypes.Unit.UnitTestAdapter, Microsoft.VisualStudio.QualityTools.Tips.UnitTest.Adapter, Version=9.0.0.0, Culture=neutral, PublicKeyToken=b03f5f7f11d50a3a" className="Test.SqlTest, Test" name="DateTime_Minute" />
    </UnitTest>
    <UnitTest name="Max_Grouped" storage="d:\alinq\source\trunk\test\bin\debug\test.dll" id="6b19acf1-1291-f367-5ac8-29510e8619c6">
      <Css projectStructure="" iteration="" />
      <Owners>
        <Owner name="" />
      </Owners>
      <TestMethod codeBase="D:\ALinq\Source\Trunk\Test\bin\Debug\Test.dll" adapterTypeName="Microsoft.VisualStudio.TestTools.TestTypes.Unit.UnitTestAdapter, Microsoft.VisualStudio.QualityTools.Tips.UnitTest.Adapter, Version=9.0.0.0, Culture=neutral, PublicKeyToken=b03f5f7f11d50a3a" className="Test.DB2Test, Test" name="Max_Grouped" />
    </UnitTest>
    <UnitTest name="Convert_ToBoolean" storage="d:\alinq\source\trunk\test\bin\debug\test.dll" id="b762dbe9-a06a-661f-d36e-d76e0430796a">
      <Css projectStructure="" iteration="" />
      <Owners>
        <Owner name="" />
      </Owners>
      <TestMethod codeBase="D:\ALinq\Source\Trunk\Test\bin\Debug\Test.dll" adapterTypeName="Microsoft.VisualStudio.TestTools.TestTypes.Unit.UnitTestAdapter, Microsoft.VisualStudio.QualityTools.Tips.UnitTest.Adapter, Version=9.0.0.0, Culture=neutral, PublicKeyToken=b03f5f7f11d50a3a" className="Test.NorOracleTest, Test" name="Convert_ToBoolean" />
    </UnitTest>
    <UnitTest name="GroupBy_Min" storage="d:\alinq\source\trunk\test\bin\debug\test.dll" id="e166480e-5731-94f6-6b47-d1373309f64e">
      <Css projectStructure="" iteration="" />
      <Owners>
        <Owner name="" />
      </Owners>
      <Execution id="02b46f46-f62c-4652-b33f-870d380a3607" />
      <TestMethod codeBase="D:\ALinq\Source\Trunk\Test\bin\Debug\Test.dll" adapterTypeName="Microsoft.VisualStudio.TestTools.TestTypes.Unit.UnitTestAdapter, Microsoft.VisualStudio.QualityTools.Tips.UnitTest.Adapter, Version=9.0.0.0, Culture=neutral, PublicKeyToken=b03f5f7f11d50a3a" className="Test.FirebirdTest, Test" name="GroupBy_Min" />
    </UnitTest>
    <UnitTest name="Skip_Simple" storage="d:\alinq\source\trunk\test\bin\debug\test.dll" id="7791324d-e794-e436-6034-fecaab804146">
      <Css projectStructure="" iteration="" />
      <Owners>
        <Owner name="" />
      </Owners>
      <TestMethod codeBase="D:\ALinq\Source\Trunk\Test\bin\Debug\Test.dll" adapterTypeName="Microsoft.VisualStudio.TestTools.TestTypes.Unit.UnitTestAdapter, Microsoft.VisualStudio.QualityTools.Tips.UnitTest.Adapter, Version=9.0.0.0, Culture=neutral, PublicKeyToken=b03f5f7f11d50a3a" className="Test.SQL2000Test, Test" name="Skip_Simple" />
    </UnitTest>
    <UnitTest name="ResolveAll" storage="d:\alinq\source\trunk\test\bin\debug\test.dll" id="3c75bed1-0f32-3d05-cf72-4cadcf0b6647">
      <Css projectStructure="" iteration="" />
      <Owners>
        <Owner name="" />
      </Owners>
      <TestMethod codeBase="D:\ALinq\Source\Trunk\Test\bin\Debug\Test.dll" adapterTypeName="Microsoft.VisualStudio.TestTools.TestTypes.Unit.UnitTestAdapter, Microsoft.VisualStudio.QualityTools.Tips.UnitTest.Adapter, Version=9.0.0.0, Culture=neutral, PublicKeyToken=b03f5f7f11d50a3a" className="Test.DB2Test, Test" name="ResolveAll" />
    </UnitTest>
    <UnitTest name="DataType_Guid" storage="d:\alinq\source\trunk\test\bin\debug\test.dll" id="76e429c0-bad1-0930-19f9-dd8b54d27a79">
      <Css projectStructure="" iteration="" />
      <Owners>
        <Owner name="" />
      </Owners>
      <TestMethod codeBase="D:\ALinq\Source\Trunk\Test\bin\Debug\Test.dll" adapterTypeName="Microsoft.VisualStudio.TestTools.TestTypes.Unit.UnitTestAdapter, Microsoft.VisualStudio.QualityTools.Tips.UnitTest.Adapter, Version=9.0.0.0, Culture=neutral, PublicKeyToken=b03f5f7f11d50a3a" className="Test.SQL2005Test, Test" name="DataType_Guid" />
    </UnitTest>
    <UnitTest name="Null" storage="d:\alinq\source\trunk\test\bin\debug\test.dll" id="891b23dd-105a-5df6-c697-a1bc3afd6905">
      <Css projectStructure="" iteration="" />
      <Owners>
        <Owner name="" />
      </Owners>
      <TestMethod codeBase="D:\ALinq\Source\Trunk\Test\bin\Debug\Test.dll" adapterTypeName="Microsoft.VisualStudio.TestTools.TestTypes.Unit.UnitTestAdapter, Microsoft.VisualStudio.QualityTools.Tips.UnitTest.Adapter, Version=9.0.0.0, Culture=neutral, PublicKeyToken=b03f5f7f11d50a3a" className="Test.OdpOracleTest, Test" name="Null" />
    </UnitTest>
    <UnitTest name="SqlMethod_Remote" storage="d:\alinq\source\trunk\test\bin\debug\test.dll" id="53167c48-021b-ef47-fa07-9346735c9ee5">
      <Css projectStructure="" iteration="" />
      <Owners>
        <Owner name="" />
      </Owners>
      <TestMethod codeBase="D:\ALinq\Source\Trunk\Test\bin\Debug\Test.dll" adapterTypeName="Microsoft.VisualStudio.TestTools.TestTypes.Unit.UnitTestAdapter, Microsoft.VisualStudio.QualityTools.Tips.UnitTest.Adapter, Version=9.0.0.0, Culture=neutral, PublicKeyToken=b03f5f7f11d50a3a" className="Test.AccessTest, Test" name="SqlMethod_Remote" />
    </UnitTest>
    <UnitTest name="Distinct2" storage="d:\alinq\source\trunk\test\bin\debug\test.dll" id="b920428f-6304-1aea-7a34-e7dc11142cec">
      <Css projectStructure="" iteration="" />
      <Owners>
        <Owner name="" />
      </Owners>
      <TestMethod codeBase="D:\ALinq\Source\Trunk\Test\bin\Debug\Test.dll" adapterTypeName="Microsoft.VisualStudio.TestTools.TestTypes.Unit.UnitTestAdapter, Microsoft.VisualStudio.QualityTools.Tips.UnitTest.Adapter, Version=9.0.0.0, Culture=neutral, PublicKeyToken=b03f5f7f11d50a3a" className="Test.NorOracleTest, Test" name="Distinct2" />
    </UnitTest>
    <UnitTest name="Join_NullableNonnullableKeyRelationship" storage="d:\alinq\source\trunk\test\bin\debug\test.dll" id="ff518be9-38ab-8598-343f-561d4a1e9c10">
      <Css projectStructure="" iteration="" />
      <Owners>
        <Owner name="" />
      </Owners>
      <TestMethod codeBase="D:\ALinq\Source\Trunk\Test\bin\Debug\Test.dll" adapterTypeName="Microsoft.VisualStudio.TestTools.TestTypes.Unit.UnitTestAdapter, Microsoft.VisualStudio.QualityTools.Tips.UnitTest.Adapter, Version=9.0.0.0, Culture=neutral, PublicKeyToken=b03f5f7f11d50a3a" className="Test.DB2Test, Test" name="Join_NullableNonnullableKeyRelationship" />
    </UnitTest>
    <UnitTest name="GroupBy_Date" storage="d:\alinq\source\trunk\test\bin\debug\test.dll" id="3fb7bcc6-9e15-df27-9bae-0cf8898d9f52">
      <Css projectStructure="" iteration="" />
      <Owners>
        <Owner name="" />
      </Owners>
      <TestMethod codeBase="D:\ALinq\Source\Trunk\Test\bin\Debug\Test.dll" adapterTypeName="Microsoft.VisualStudio.TestTools.TestTypes.Unit.UnitTestAdapter, Microsoft.VisualStudio.QualityTools.Tips.UnitTest.Adapter, Version=9.0.0.0, Culture=neutral, PublicKeyToken=b03f5f7f11d50a3a" className="Test.SQL2000Test, Test" name="GroupBy_Date" />
    </UnitTest>
    <UnitTest name="DateTime_Subtract" storage="d:\alinq\source\trunk\test\bin\debug\test.dll" id="6203200d-d83d-695a-6e0c-b5525ae70db0">
      <Css projectStructure="" iteration="" />
      <Owners>
        <Owner name="" />
      </Owners>
      <TestMethod codeBase="D:\ALinq\Source\Trunk\Test\bin\Debug\Test.dll" adapterTypeName="Microsoft.VisualStudio.TestTools.TestTypes.Unit.UnitTestAdapter, Microsoft.VisualStudio.QualityTools.Tips.UnitTest.Adapter, Version=9.0.0.0, Culture=neutral, PublicKeyToken=b03f5f7f11d50a3a" className="Test.SQL2000Test, Test" name="DateTime_Subtract" />
    </UnitTest>
    <UnitTest name="String_IndexOf3" storage="d:\alinq\source\trunk\test\bin\debug\test.dll" id="2a5a50bf-b1e6-5ad4-890d-191edc3bb97f">
      <Css projectStructure="" iteration="" />
      <Owners>
        <Owner name="" />
      </Owners>
      <TestMethod codeBase="D:\ALinq\Source\Trunk\Test\bin\Debug\Test.dll" adapterTypeName="Microsoft.VisualStudio.TestTools.TestTypes.Unit.UnitTestAdapter, Microsoft.VisualStudio.QualityTools.Tips.UnitTest.Adapter, Version=9.0.0.0, Culture=neutral, PublicKeyToken=b03f5f7f11d50a3a" className="Test.AccessTest, Test" name="String_IndexOf3" />
    </UnitTest>
    <UnitTest name="DateTime_AddHours" storage="d:\alinq\source\trunk\test\bin\debug\test.dll" id="78e5db4b-01ae-df1c-4db5-5941fc5bd203">
      <Css projectStructure="" iteration="" />
      <Owners>
        <Owner name="" />
      </Owners>
      <TestMethod codeBase="D:\ALinq\Source\Trunk\Test\bin\Debug\Test.dll" adapterTypeName="Microsoft.VisualStudio.TestTools.TestTypes.Unit.UnitTestAdapter, Microsoft.VisualStudio.QualityTools.Tips.UnitTest.Adapter, Version=9.0.0.0, Culture=neutral, PublicKeyToken=b03f5f7f11d50a3a" className="Test.PgsqlTest, Test" name="DateTime_AddHours" />
    </UnitTest>
    <UnitTest name="Distinct1" storage="d:\alinq\source\trunk\test\bin\debug\test.dll" id="8290e299-dbc2-6f93-efe9-f885fd86b3a5">
      <Css projectStructure="" iteration="" />
      <Owners>
        <Owner name="" />
      </Owners>
      <TestMethod codeBase="D:\ALinq\Source\Trunk\Test\bin\Debug\Test.dll" adapterTypeName="Microsoft.VisualStudio.TestTools.TestTypes.Unit.UnitTestAdapter, Microsoft.VisualStudio.QualityTools.Tips.UnitTest.Adapter, Version=9.0.0.0, Culture=neutral, PublicKeyToken=b03f5f7f11d50a3a" className="Test.MySqlTest, Test" name="Distinct1" />
    </UnitTest>
    <UnitTest name="Count_Grouped" storage="d:\alinq\source\trunk\test\bin\debug\test.dll" id="308b8c4e-eddd-a546-1d6e-2cfd7ad29366">
      <Css projectStructure="" iteration="" />
      <Owners>
        <Owner name="" />
      </Owners>
      <TestMethod codeBase="D:\ALinq\Source\Trunk\Test\bin\Debug\Test.dll" adapterTypeName="Microsoft.VisualStudio.TestTools.TestTypes.Unit.UnitTestAdapter, Microsoft.VisualStudio.QualityTools.Tips.UnitTest.Adapter, Version=9.0.0.0, Culture=neutral, PublicKeyToken=b03f5f7f11d50a3a" className="Test.MySqlTest, Test" name="Count_Grouped" />
    </UnitTest>
    <UnitTest name="CreateTale" storage="d:\alinq\source\trunk\test\bin\debug\test.dll" id="d8451628-bae5-ae05-f545-374e450bb1cb">
      <Css projectStructure="" iteration="" />
      <Owners>
        <Owner name="" />
      </Owners>
      <TestMethod codeBase="D:\ALinq\Source\Trunk\Test\bin\Debug\Test.dll" adapterTypeName="Microsoft.VisualStudio.TestTools.TestTypes.Unit.UnitTestAdapter, Microsoft.VisualStudio.QualityTools.Tips.UnitTest.Adapter, Version=9.0.0.0, Culture=neutral, PublicKeyToken=b03f5f7f11d50a3a" className="Test.SQL2005Test, Test" name="CreateTale" />
    </UnitTest>
    <UnitTest name="GroupBy_Max" storage="d:\alinq\source\trunk\test\bin\debug\test.dll" id="125c5aab-e582-8e3e-fc9c-4dc99eff7cce">
      <Css projectStructure="" iteration="" />
      <Owners>
        <Owner name="" />
      </Owners>
      <TestMethod codeBase="D:\ALinq\Source\Trunk\Test\bin\Debug\Test.dll" adapterTypeName="Microsoft.VisualStudio.TestTools.TestTypes.Unit.UnitTestAdapter, Microsoft.VisualStudio.QualityTools.Tips.UnitTest.Adapter, Version=9.0.0.0, Culture=neutral, PublicKeyToken=b03f5f7f11d50a3a" className="Test.SQL2005Test, Test" name="GroupBy_Max" />
    </UnitTest>
    <UnitTest name="Math_Sign" storage="d:\alinq\source\trunk\test\bin\debug\test.dll" id="a28f575e-8a01-ce7a-d011-0b5485bb2ae8">
      <Css projectStructure="" iteration="" />
      <Owners>
        <Owner name="" />
      </Owners>
      <TestMethod codeBase="D:\ALinq\Source\Trunk\Test\bin\Debug\Test.dll" adapterTypeName="Microsoft.VisualStudio.TestTools.TestTypes.Unit.UnitTestAdapter, Microsoft.VisualStudio.QualityTools.Tips.UnitTest.Adapter, Version=9.0.0.0, Culture=neutral, PublicKeyToken=b03f5f7f11d50a3a" className="Test.SQLiteTest, Test" name="Math_Sign" />
    </UnitTest>
    <UnitTest name="GetCategoresAndProducts" storage="d:\alinq\source\trunk\test\bin\debug\test.dll" id="049bd7ce-4161-c6ae-e47e-5b1fb49c71a2">
      <Css projectStructure="" iteration="" />
      <Owners>
        <Owner name="" />
      </Owners>
      <TestMethod codeBase="D:\ALinq\Source\Trunk\Test\bin\Debug\Test.dll" adapterTypeName="Microsoft.VisualStudio.TestTools.TestTypes.Unit.UnitTestAdapter, Microsoft.VisualStudio.QualityTools.Tips.UnitTest.Adapter, Version=9.0.0.0, Culture=neutral, PublicKeyToken=b03f5f7f11d50a3a" className="Test.MySqlProcedureTest, Test" name="GetCategoresAndProducts" />
    </UnitTest>
    <UnitTest name="GroupBy_Month" storage="d:\alinq\source\trunk\test\bin\debug\test.dll" id="36cbcfd4-d8d6-1058-f839-873976a69952">
      <Css projectStructure="" iteration="" />
      <Owners>
        <Owner name="" />
      </Owners>
      <TestMethod codeBase="D:\ALinq\Source\Trunk\Test\bin\Debug\Test.dll" adapterTypeName="Microsoft.VisualStudio.TestTools.TestTypes.Unit.UnitTestAdapter, Microsoft.VisualStudio.QualityTools.Tips.UnitTest.Adapter, Version=9.0.0.0, Culture=neutral, PublicKeyToken=b03f5f7f11d50a3a" className="Test.PgsqlTest, Test" name="GroupBy_Month" />
    </UnitTest>
    <UnitTest name="Take_Simple" storage="d:\alinq\source\trunk\test\bin\debug\test.dll" id="12048a73-23f9-7788-a97e-5125ac2e288c">
      <Css projectStructure="" iteration="" />
      <Owners>
        <Owner name="" />
      </Owners>
      <TestMethod codeBase="D:\ALinq\Source\Trunk\Test\bin\Debug\Test.dll" adapterTypeName="Microsoft.VisualStudio.TestTools.TestTypes.Unit.UnitTestAdapter, Microsoft.VisualStudio.QualityTools.Tips.UnitTest.Adapter, Version=9.0.0.0, Culture=neutral, PublicKeyToken=b03f5f7f11d50a3a" className="Test.SQLiteTest, Test" name="Take_Simple" />
    </UnitTest>
    <UnitTest name="DataLoadOptionsTest" storage="d:\alinq\source\trunk\test\bin\debug\test.dll" id="39f5818d-9cbd-9eba-2e9d-923f732d9e4c">
      <Css projectStructure="" iteration="" />
      <Owners>
        <Owner name="" />
      </Owners>
      <TestMethod codeBase="D:\ALinq\Source\Trunk\Test\bin\Debug\Test.dll" adapterTypeName="Microsoft.VisualStudio.TestTools.TestTypes.Unit.UnitTestAdapter, Microsoft.VisualStudio.QualityTools.Tips.UnitTest.Adapter, Version=9.0.0.0, Culture=neutral, PublicKeyToken=b03f5f7f11d50a3a" className="Test.DB2Test, Test" name="DataLoadOptionsTest" />
    </UnitTest>
    <UnitTest name="String_TrimEnd" storage="d:\alinq\source\trunk\test\bin\debug\test.dll" id="877dd8a8-2cbf-e2f4-bf88-a049250d7993">
      <Css projectStructure="" iteration="" />
      <Owners>
        <Owner name="" />
      </Owners>
      <TestMethod codeBase="D:\ALinq\Source\Trunk\Test\bin\Debug\Test.dll" adapterTypeName="Microsoft.VisualStudio.TestTools.TestTypes.Unit.UnitTestAdapter, Microsoft.VisualStudio.QualityTools.Tips.UnitTest.Adapter, Version=9.0.0.0, Culture=neutral, PublicKeyToken=b03f5f7f11d50a3a" className="Test.SQL2000Test, Test" name="String_TrimEnd" />
    </UnitTest>
    <UnitTest name="Math_Sin" storage="d:\alinq\source\trunk\test\bin\debug\test.dll" id="6ef10467-ac47-69e3-c8f4-24107ab94602">
      <Css projectStructure="" iteration="" />
      <Owners>
        <Owner name="" />
      </Owners>
      <TestMethod codeBase="D:\ALinq\Source\Trunk\Test\bin\Debug\Test.dll" adapterTypeName="Microsoft.VisualStudio.TestTools.TestTypes.Unit.UnitTestAdapter, Microsoft.VisualStudio.QualityTools.Tips.UnitTest.Adapter, Version=9.0.0.0, Culture=neutral, PublicKeyToken=b03f5f7f11d50a3a" className="Test.DB2Test, Test" name="Math_Sin" />
    </UnitTest>
    <UnitTest name="Convert_ToSByte" storage="d:\alinq\source\trunk\test\bin\debug\test.dll" id="ef37d986-752d-a49c-2f3c-f2267b8c9ec9">
      <Css projectStructure="" iteration="" />
      <Owners>
        <Owner name="" />
      </Owners>
      <TestMethod codeBase="D:\ALinq\Source\Trunk\Test\bin\Debug\Test.dll" adapterTypeName="Microsoft.VisualStudio.TestTools.TestTypes.Unit.UnitTestAdapter, Microsoft.VisualStudio.QualityTools.Tips.UnitTest.Adapter, Version=9.0.0.0, Culture=neutral, PublicKeyToken=b03f5f7f11d50a3a" className="Test.FirebirdTest, Test" name="Convert_ToSByte" />
    </UnitTest>
    <UnitTest name="Count_Conditional" storage="d:\alinq\source\trunk\test\bin\debug\test.dll" id="98d95bc7-9f31-90ac-bf39-e06e88240ac0">
      <Css projectStructure="" iteration="" />
      <Owners>
        <Owner name="" />
      </Owners>
      <TestMethod codeBase="D:\ALinq\Source\Trunk\Test\bin\Debug\Test.dll" adapterTypeName="Microsoft.VisualStudio.TestTools.TestTypes.Unit.UnitTestAdapter, Microsoft.VisualStudio.QualityTools.Tips.UnitTest.Adapter, Version=9.0.0.0, Culture=neutral, PublicKeyToken=b03f5f7f11d50a3a" className="Test.FirebirdTest, Test" name="Count_Conditional" />
    </UnitTest>
    <UnitTest name="Join_NullableNonnullableKeyRelationship" storage="d:\alinq\source\trunk\test\bin\debug\test.dll" id="9573cd16-7697-e47d-63cd-c8eeca3afd43">
      <Css projectStructure="" iteration="" />
      <Owners>
        <Owner name="" />
      </Owners>
      <TestMethod codeBase="D:\ALinq\Source\Trunk\Test\bin\Debug\Test.dll" adapterTypeName="Microsoft.VisualStudio.TestTools.TestTypes.Unit.UnitTestAdapter, Microsoft.VisualStudio.QualityTools.Tips.UnitTest.Adapter, Version=9.0.0.0, Culture=neutral, PublicKeyToken=b03f5f7f11d50a3a" className="Test.MySqlTest, Test" name="Join_NullableNonnullableKeyRelationship" />
    </UnitTest>
    <UnitTest name="String_TrimEnd" storage="d:\alinq\source\trunk\test\bin\debug\test.dll" id="7b35a920-76a9-e97a-5efa-dd4a75ea7458">
      <Css projectStructure="" iteration="" />
      <Owners>
        <Owner name="" />
      </Owners>
      <TestMethod codeBase="D:\ALinq\Source\Trunk\Test\bin\Debug\Test.dll" adapterTypeName="Microsoft.VisualStudio.TestTools.TestTypes.Unit.UnitTestAdapter, Microsoft.VisualStudio.QualityTools.Tips.UnitTest.Adapter, Version=9.0.0.0, Culture=neutral, PublicKeyToken=b03f5f7f11d50a3a" className="Test.NorOracleTest, Test" name="String_TrimEnd" />
    </UnitTest>
    <UnitTest name="CollectionConvert" storage="d:\alinq\source\trunk\test\bin\debug\test.dll" id="b0318158-489d-f04b-210b-ccd127a3be56">
      <Css projectStructure="" iteration="" />
      <Owners>
        <Owner name="" />
      </Owners>
      <TestMethod codeBase="D:\ALinq\Source\Trunk\Test\bin\Debug\Test.dll" adapterTypeName="Microsoft.VisualStudio.TestTools.TestTypes.Unit.UnitTestAdapter, Microsoft.VisualStudio.QualityTools.Tips.UnitTest.Adapter, Version=9.0.0.0, Culture=neutral, PublicKeyToken=b03f5f7f11d50a3a" className="Test.SqlTest, Test" name="CollectionConvert" />
    </UnitTest>
    <UnitTest name="SqlMethod_Remote" storage="d:\alinq\source\trunk\test\bin\debug\test.dll" id="435b1085-7d50-ada0-42da-c99d862e1255">
      <Css projectStructure="" iteration="" />
      <Owners>
        <Owner name="" />
      </Owners>
      <TestMethod codeBase="D:\ALinq\Source\Trunk\Test\bin\Debug\Test.dll" adapterTypeName="Microsoft.VisualStudio.TestTools.TestTypes.Unit.UnitTestAdapter, Microsoft.VisualStudio.QualityTools.Tips.UnitTest.Adapter, Version=9.0.0.0, Culture=neutral, PublicKeyToken=b03f5f7f11d50a3a" className="Test.PgsqlTest, Test" name="SqlMethod_Remote" />
    </UnitTest>
    <UnitTest name="Insert_Simple" storage="d:\alinq\source\trunk\test\bin\debug\test.dll" id="af60dc08-047e-90ce-5686-84513113a25d">
      <Css projectStructure="" iteration="" />
      <Owners>
        <Owner name="" />
      </Owners>
      <TestMethod codeBase="D:\ALinq\Source\Trunk\Test\bin\Debug\Test.dll" adapterTypeName="Microsoft.VisualStudio.TestTools.TestTypes.Unit.UnitTestAdapter, Microsoft.VisualStudio.QualityTools.Tips.UnitTest.Adapter, Version=9.0.0.0, Culture=neutral, PublicKeyToken=b03f5f7f11d50a3a" className="Test.DB2Test, Test" name="Insert_Simple" />
    </UnitTest>
    <UnitTest name="GroupBy_Year" storage="d:\alinq\source\trunk\test\bin\debug\test.dll" id="dcfa1fd2-5345-beb1-c4dc-89d87cd5ba05">
      <Css projectStructure="" iteration="" />
      <Owners>
        <Owner name="" />
      </Owners>
      <TestMethod codeBase="D:\ALinq\Source\Trunk\Test\bin\Debug\Test.dll" adapterTypeName="Microsoft.VisualStudio.TestTools.TestTypes.Unit.UnitTestAdapter, Microsoft.VisualStudio.QualityTools.Tips.UnitTest.Adapter, Version=9.0.0.0, Culture=neutral, PublicKeyToken=b03f5f7f11d50a3a" className="Test.PgsqlTest, Test" name="GroupBy_Year" />
    </UnitTest>
    <UnitTest name="Join_TowWay" storage="d:\alinq\source\trunk\test\bin\debug\test.dll" id="0e44d446-cc3e-32ab-5081-24dd6236159d">
      <Css projectStructure="" iteration="" />
      <Owners>
        <Owner name="" />
      </Owners>
      <TestMethod codeBase="D:\ALinq\Source\Trunk\Test\bin\Debug\Test.dll" adapterTypeName="Microsoft.VisualStudio.TestTools.TestTypes.Unit.UnitTestAdapter, Microsoft.VisualStudio.QualityTools.Tips.UnitTest.Adapter, Version=9.0.0.0, Culture=neutral, PublicKeyToken=b03f5f7f11d50a3a" className="Test.AccessTest, Test" name="Join_TowWay" />
    </UnitTest>
    <UnitTest name="CRUD_Delete2" storage="d:\alinq\source\trunk\test\bin\debug\test.dll" id="e7f95bb8-2b2d-3176-1ca0-9b1c84b38a35">
      <Css projectStructure="" iteration="" />
      <Owners>
        <Owner name="" />
      </Owners>
      <TestMethod codeBase="D:\ALinq\Source\Trunk\Test\bin\Debug\Test.dll" adapterTypeName="Microsoft.VisualStudio.TestTools.TestTypes.Unit.UnitTestAdapter, Microsoft.VisualStudio.QualityTools.Tips.UnitTest.Adapter, Version=9.0.0.0, Culture=neutral, PublicKeyToken=b03f5f7f11d50a3a" className="Test.OdpOracleTest, Test" name="CRUD_Delete2" />
    </UnitTest>
    <UnitTest name="Convert_ToSingle" storage="d:\alinq\source\trunk\test\bin\debug\test.dll" id="8160c214-7cc9-e107-eee6-e658c7430bc1">
      <Css projectStructure="" iteration="" />
      <Owners>
        <Owner name="" />
      </Owners>
      <TestMethod codeBase="D:\ALinq\Source\Trunk\Test\bin\Debug\Test.dll" adapterTypeName="Microsoft.VisualStudio.TestTools.TestTypes.Unit.UnitTestAdapter, Microsoft.VisualStudio.QualityTools.Tips.UnitTest.Adapter, Version=9.0.0.0, Culture=neutral, PublicKeyToken=b03f5f7f11d50a3a" className="Test.SQL2005Test, Test" name="Convert_ToSingle" />
    </UnitTest>
    <UnitTest name="All_Grouped" storage="d:\alinq\source\trunk\test\bin\debug\test.dll" id="205aeb4d-4fa5-4cf9-df11-ccc0730271dc">
      <Css projectStructure="" iteration="" />
      <Owners>
        <Owner name="" />
      </Owners>
      <TestMethod codeBase="D:\ALinq\Source\Trunk\Test\bin\Debug\Test.dll" adapterTypeName="Microsoft.VisualStudio.TestTools.TestTypes.Unit.UnitTestAdapter, Microsoft.VisualStudio.QualityTools.Tips.UnitTest.Adapter, Version=9.0.0.0, Culture=neutral, PublicKeyToken=b03f5f7f11d50a3a" className="Test.SQL2005Test, Test" name="All_Grouped" />
    </UnitTest>
    <UnitTest name="String_IndexOf3" storage="d:\alinq\source\trunk\test\bin\debug\test.dll" id="2746ab8d-67f9-cf43-5db4-775a93aebb45">
      <Css projectStructure="" iteration="" />
      <Owners>
        <Owner name="" />
      </Owners>
      <TestMethod codeBase="D:\ALinq\Source\Trunk\Test\bin\Debug\Test.dll" adapterTypeName="Microsoft.VisualStudio.TestTools.TestTypes.Unit.UnitTestAdapter, Microsoft.VisualStudio.QualityTools.Tips.UnitTest.Adapter, Version=9.0.0.0, Culture=neutral, PublicKeyToken=b03f5f7f11d50a3a" className="Test.PgsqlTest, Test" name="String_IndexOf3" />
    </UnitTest>
    <UnitTest name="Concat" storage="d:\alinq\source\trunk\test\bin\debug\test.dll" id="5f61b7a3-9121-9b4d-cb94-c95abca7a4e6">
      <Css projectStructure="" iteration="" />
      <Owners>
        <Owner name="" />
      </Owners>
      <TestMethod codeBase="D:\ALinq\Source\Trunk\Test\bin\Debug\Test.dll" adapterTypeName="Microsoft.VisualStudio.TestTools.TestTypes.Unit.UnitTestAdapter, Microsoft.VisualStudio.QualityTools.Tips.UnitTest.Adapter, Version=9.0.0.0, Culture=neutral, PublicKeyToken=b03f5f7f11d50a3a" className="Test.PgsqlTest, Test" name="Concat" />
    </UnitTest>
    <UnitTest name="String_Equals2" storage="d:\alinq\source\trunk\test\bin\debug\test.dll" id="08766167-cf9d-376b-0499-6370175a6d01">
      <Css projectStructure="" iteration="" />
      <Owners>
        <Owner name="" />
      </Owners>
      <TestMethod codeBase="D:\ALinq\Source\Trunk\Test\bin\Debug\Test.dll" adapterTypeName="Microsoft.VisualStudio.TestTools.TestTypes.Unit.UnitTestAdapter, Microsoft.VisualStudio.QualityTools.Tips.UnitTest.Adapter, Version=9.0.0.0, Culture=neutral, PublicKeyToken=b03f5f7f11d50a3a" className="Test.NorOracleTest, Test" name="String_Equals2" />
    </UnitTest>
    <UnitTest name="Math_Floor" storage="d:\alinq\source\trunk\test\bin\debug\test.dll" id="5dba4727-3c5f-9f1c-30ce-690cbdbf625c">
      <Css projectStructure="" iteration="" />
      <Owners>
        <Owner name="" />
      </Owners>
      <TestMethod codeBase="D:\ALinq\Source\Trunk\Test\bin\Debug\Test.dll" adapterTypeName="Microsoft.VisualStudio.TestTools.TestTypes.Unit.UnitTestAdapter, Microsoft.VisualStudio.QualityTools.Tips.UnitTest.Adapter, Version=9.0.0.0, Culture=neutral, PublicKeyToken=b03f5f7f11d50a3a" className="Test.AccessTest, Test" name="Math_Floor" />
    </UnitTest>
    <UnitTest name="DateTime_AddSeconds" storage="d:\alinq\source\trunk\test\bin\debug\test.dll" id="6098bbff-d35b-ca85-9006-e7a73338b48a">
      <Css projectStructure="" iteration="" />
      <Owners>
        <Owner name="" />
      </Owners>
      <TestMethod codeBase="D:\ALinq\Source\Trunk\Test\bin\Debug\Test.dll" adapterTypeName="Microsoft.VisualStudio.TestTools.TestTypes.Unit.UnitTestAdapter, Microsoft.VisualStudio.QualityTools.Tips.UnitTest.Adapter, Version=9.0.0.0, Culture=neutral, PublicKeyToken=b03f5f7f11d50a3a" className="Test.SQL2000Test, Test" name="DateTime_AddSeconds" />
    </UnitTest>
    <UnitTest name="DateTime_DayOfYear" storage="d:\alinq\source\trunk\test\bin\debug\test.dll" id="4957d892-1bc8-9a13-5c47-1ebe20ccc0b9">
      <Css projectStructure="" iteration="" />
      <Owners>
        <Owner name="" />
      </Owners>
      <TestMethod codeBase="D:\ALinq\Source\Trunk\Test\bin\Debug\Test.dll" adapterTypeName="Microsoft.VisualStudio.TestTools.TestTypes.Unit.UnitTestAdapter, Microsoft.VisualStudio.QualityTools.Tips.UnitTest.Adapter, Version=9.0.0.0, Culture=neutral, PublicKeyToken=b03f5f7f11d50a3a" className="Test.MySqlTest, Test" name="DateTime_DayOfYear" />
    </UnitTest>
    <UnitTest name="Math_Tanh" storage="d:\alinq\source\trunk\test\bin\debug\test.dll" id="273a263d-1cda-d068-bf0a-03c7a1ca2a94">
      <Css projectStructure="" iteration="" />
      <Owners>
        <Owner name="" />
      </Owners>
      <TestMethod codeBase="D:\ALinq\Source\Trunk\Test\bin\Debug\Test.dll" adapterTypeName="Microsoft.VisualStudio.TestTools.TestTypes.Unit.UnitTestAdapter, Microsoft.VisualStudio.QualityTools.Tips.UnitTest.Adapter, Version=9.0.0.0, Culture=neutral, PublicKeyToken=b03f5f7f11d50a3a" className="Test.DB2Test, Test" name="Math_Tanh" />
    </UnitTest>
    <UnitTest name="String_EndsWith" storage="d:\alinq\source\trunk\test\bin\debug\test.dll" id="f428bfed-6fa5-ee5d-4417-c0d44242f0eb">
      <Css projectStructure="" iteration="" />
      <Owners>
        <Owner name="" />
      </Owners>
      <TestMethod codeBase="D:\ALinq\Source\Trunk\Test\bin\Debug\Test.dll" adapterTypeName="Microsoft.VisualStudio.TestTools.TestTypes.Unit.UnitTestAdapter, Microsoft.VisualStudio.QualityTools.Tips.UnitTest.Adapter, Version=9.0.0.0, Culture=neutral, PublicKeyToken=b03f5f7f11d50a3a" className="Test.MySqlTest, Test" name="String_EndsWith" />
    </UnitTest>
    <UnitTest name="Bitwise" storage="d:\alinq\source\trunk\test\bin\debug\test.dll" id="73d14ae6-0d2f-562f-5bf0-7e695b0ea9d4">
      <Css projectStructure="" iteration="" />
      <Owners>
        <Owner name="" />
      </Owners>
      <TestMethod codeBase="D:\ALinq\Source\Trunk\Test\bin\Debug\Test.dll" adapterTypeName="Microsoft.VisualStudio.TestTools.TestTypes.Unit.UnitTestAdapter, Microsoft.VisualStudio.QualityTools.Tips.UnitTest.Adapter, Version=9.0.0.0, Culture=neutral, PublicKeyToken=b03f5f7f11d50a3a" className="Test.DB2Test, Test" name="Bitwise" />
    </UnitTest>
    <UnitTest name="Single" storage="d:\alinq\source\trunk\test\bin\debug\test.dll" id="87794e24-2aa3-3d05-2bd4-97851c2a81c1">
      <Css projectStructure="" iteration="" />
      <Owners>
        <Owner name="" />
      </Owners>
      <TestMethod codeBase="D:\ALinq\Source\Trunk\Test\bin\Debug\Test.dll" adapterTypeName="Microsoft.VisualStudio.TestTools.TestTypes.Unit.UnitTestAdapter, Microsoft.VisualStudio.QualityTools.Tips.UnitTest.Adapter, Version=9.0.0.0, Culture=neutral, PublicKeyToken=b03f5f7f11d50a3a" className="Test.SqlTest, Test" name="Single" />
    </UnitTest>
    <UnitTest name="Avg_Projection" storage="d:\alinq\source\trunk\test\bin\debug\test.dll" id="4602c6d7-066d-bd71-947e-ca66671df38b">
      <Css projectStructure="" iteration="" />
      <Owners>
        <Owner name="" />
      </Owners>
      <TestMethod codeBase="D:\ALinq\Source\Trunk\Test\bin\Debug\Test.dll" adapterTypeName="Microsoft.VisualStudio.TestTools.TestTypes.Unit.UnitTestAdapter, Microsoft.VisualStudio.QualityTools.Tips.UnitTest.Adapter, Version=9.0.0.0, Culture=neutral, PublicKeyToken=b03f5f7f11d50a3a" className="Test.NorOracleTest, Test" name="Avg_Projection" />
    </UnitTest>
    <UnitTest name="Math_Sqrt" storage="d:\alinq\source\trunk\test\bin\debug\test.dll" id="cf7f3b4d-88e9-dc7c-9a9d-8181ef69c31e">
      <Css projectStructure="" iteration="" />
      <Owners>
        <Owner name="" />
      </Owners>
      <TestMethod codeBase="D:\ALinq\Source\Trunk\Test\bin\Debug\Test.dll" adapterTypeName="Microsoft.VisualStudio.TestTools.TestTypes.Unit.UnitTestAdapter, Microsoft.VisualStudio.QualityTools.Tips.UnitTest.Adapter, Version=9.0.0.0, Culture=neutral, PublicKeyToken=b03f5f7f11d50a3a" className="Test.SqlTest, Test" name="Math_Sqrt" />
    </UnitTest>
    <UnitTest name="CRUD_Insert1" storage="d:\alinq\source\trunk\test\bin\debug\test.dll" id="22af29f4-5ff0-9c60-6aa7-5d54a4f7714d">
      <Css projectStructure="" iteration="" />
      <Owners>
        <Owner name="" />
      </Owners>
      <TestMethod codeBase="D:\ALinq\Source\Trunk\Test\bin\Debug\Test.dll" adapterTypeName="Microsoft.VisualStudio.TestTools.TestTypes.Unit.UnitTestAdapter, Microsoft.VisualStudio.QualityTools.Tips.UnitTest.Adapter, Version=9.0.0.0, Culture=neutral, PublicKeyToken=b03f5f7f11d50a3a" className="Test.NorOracleTest, Test" name="CRUD_Insert1" />
    </UnitTest>
    <UnitTest name="Max_Simple" storage="d:\alinq\source\trunk\test\bin\debug\test.dll" id="3c55f1ea-5be1-927d-231a-870be65b6ee3">
      <Css projectStructure="" iteration="" />
      <Owners>
        <Owner name="" />
      </Owners>
      <TestMethod codeBase="D:\ALinq\Source\Trunk\Test\bin\Debug\Test.dll" adapterTypeName="Microsoft.VisualStudio.TestTools.TestTypes.Unit.UnitTestAdapter, Microsoft.VisualStudio.QualityTools.Tips.UnitTest.Adapter, Version=9.0.0.0, Culture=neutral, PublicKeyToken=b03f5f7f11d50a3a" className="Test.SQL2000Test, Test" name="Max_Simple" />
    </UnitTest>
    <UnitTest name="String_NullSelect" storage="d:\alinq\source\trunk\test\bin\debug\test.dll" id="75399432-7f36-c8e2-956e-cd51f47219f0">
      <Css projectStructure="" iteration="" />
      <Owners>
        <Owner name="" />
      </Owners>
      <TestMethod codeBase="D:\ALinq\Source\Trunk\Test\bin\Debug\Test.dll" adapterTypeName="Microsoft.VisualStudio.TestTools.TestTypes.Unit.UnitTestAdapter, Microsoft.VisualStudio.QualityTools.Tips.UnitTest.Adapter, Version=9.0.0.0, Culture=neutral, PublicKeyToken=b03f5f7f11d50a3a" className="Test.OdpOracleTest, Test" name="String_NullSelect" />
    </UnitTest>
    <UnitTest name="Insert_Simple" storage="d:\alinq\source\trunk\test\bin\debug\test.dll" id="d773e41d-681f-49d9-0152-e97b42573274">
      <Css projectStructure="" iteration="" />
      <Owners>
        <Owner name="" />
      </Owners>
      <TestMethod codeBase="D:\ALinq\Source\Trunk\Test\bin\Debug\Test.dll" adapterTypeName="Microsoft.VisualStudio.TestTools.TestTypes.Unit.UnitTestAdapter, Microsoft.VisualStudio.QualityTools.Tips.UnitTest.Adapter, Version=9.0.0.0, Culture=neutral, PublicKeyToken=b03f5f7f11d50a3a" className="Test.AccessTest, Test" name="Insert_Simple" />
    </UnitTest>
    <UnitTest name="String_Clone" storage="d:\alinq\source\trunk\test\bin\debug\test.dll" id="3b82a76b-31de-c678-bf1d-d77ad7cf0d31">
      <Css projectStructure="" iteration="" />
      <Owners>
        <Owner name="" />
      </Owners>
      <TestMethod codeBase="D:\ALinq\Source\Trunk\Test\bin\Debug\Test.dll" adapterTypeName="Microsoft.VisualStudio.TestTools.TestTypes.Unit.UnitTestAdapter, Microsoft.VisualStudio.QualityTools.Tips.UnitTest.Adapter, Version=9.0.0.0, Culture=neutral, PublicKeyToken=b03f5f7f11d50a3a" className="Test.FirebirdTest, Test" name="String_Clone" />
    </UnitTest>
    <UnitTest name="Convert_ToBoolean" storage="d:\alinq\source\trunk\test\bin\debug\test.dll" id="bf9fdce5-e471-8698-fedd-9d042bbf4f2e">
      <Css projectStructure="" iteration="" />
      <Owners>
        <Owner name="" />
      </Owners>
      <TestMethod codeBase="D:\ALinq\Source\Trunk\Test\bin\Debug\Test.dll" adapterTypeName="Microsoft.VisualStudio.TestTools.TestTypes.Unit.UnitTestAdapter, Microsoft.VisualStudio.QualityTools.Tips.UnitTest.Adapter, Version=9.0.0.0, Culture=neutral, PublicKeyToken=b03f5f7f11d50a3a" className="Test.PgsqlTest, Test" name="Convert_ToBoolean" />
    </UnitTest>
    <UnitTest name="StringLength" storage="d:\alinq\source\trunk\test\bin\debug\test.dll" id="b96c9fd4-3c20-156f-144d-fc4973ff9105">
      <Css projectStructure="" iteration="" />
      <Owners>
        <Owner name="" />
      </Owners>
      <TestMethod codeBase="D:\ALinq\Source\Trunk\Test\bin\Debug\Test.dll" adapterTypeName="Microsoft.VisualStudio.TestTools.TestTypes.Unit.UnitTestAdapter, Microsoft.VisualStudio.QualityTools.Tips.UnitTest.Adapter, Version=9.0.0.0, Culture=neutral, PublicKeyToken=b03f5f7f11d50a3a" className="Test.SqlTest, Test" name="StringLength" />
    </UnitTest>
    <UnitTest name="StringStartsWith" storage="d:\alinq\source\trunk\test\bin\debug\test.dll" id="6b48f243-de64-1f75-915a-0439563f51d1">
      <Css projectStructure="" iteration="" />
      <Owners>
        <Owner name="" />
      </Owners>
      <TestMethod codeBase="D:\ALinq\Source\Trunk\Test\bin\Debug\Test.dll" adapterTypeName="Microsoft.VisualStudio.TestTools.TestTypes.Unit.UnitTestAdapter, Microsoft.VisualStudio.QualityTools.Tips.UnitTest.Adapter, Version=9.0.0.0, Culture=neutral, PublicKeyToken=b03f5f7f11d50a3a" className="Test.AccessTest, Test" name="StringStartsWith" />
    </UnitTest>
    <UnitTest name="Avg_Simple" storage="d:\alinq\source\trunk\test\bin\debug\test.dll" id="88d4618c-c448-5471-2ce7-487f03a90ab8">
      <Css projectStructure="" iteration="" />
      <Execution timeOut="10000" />
      <Owners>
        <Owner name="" />
      </Owners>
      <TestMethod codeBase="D:\ALinq\Source\Trunk\Test\bin\Debug\Test.dll" adapterTypeName="Microsoft.VisualStudio.TestTools.TestTypes.Unit.UnitTestAdapter, Microsoft.VisualStudio.QualityTools.Tips.UnitTest.Adapter, Version=9.0.0.0, Culture=neutral, PublicKeyToken=b03f5f7f11d50a3a" className="Test.PgsqlTest, Test" name="Avg_Simple" />
    </UnitTest>
    <UnitTest name="CRUD_Update1" storage="d:\alinq\source\trunk\test\bin\debug\test.dll" id="ca255c48-6f25-9ca1-bdeb-cd70d3a7fc43">
      <Css projectStructure="" iteration="" />
      <Owners>
        <Owner name="" />
      </Owners>
      <TestMethod codeBase="D:\ALinq\Source\Trunk\Test\bin\Debug\Test.dll" adapterTypeName="Microsoft.VisualStudio.TestTools.TestTypes.Unit.UnitTestAdapter, Microsoft.VisualStudio.QualityTools.Tips.UnitTest.Adapter, Version=9.0.0.0, Culture=neutral, PublicKeyToken=b03f5f7f11d50a3a" className="Test.AccessTest, Test" name="CRUD_Update1" />
    </UnitTest>
    <UnitTest name="Where_Simple1" storage="d:\alinq\source\trunk\test\bin\debug\test.dll" id="de6860d7-cb19-5deb-850a-96226b5d2ad2">
      <Css projectStructure="" iteration="" />
      <Owners>
        <Owner name="" />
      </Owners>
      <TestMethod codeBase="D:\ALinq\Source\Trunk\Test\bin\Debug\Test.dll" adapterTypeName="Microsoft.VisualStudio.TestTools.TestTypes.Unit.UnitTestAdapter, Microsoft.VisualStudio.QualityTools.Tips.UnitTest.Adapter, Version=9.0.0.0, Culture=neutral, PublicKeyToken=b03f5f7f11d50a3a" className="Test.FirebirdTest, Test" name="Where_Simple1" />
    </UnitTest>
    <UnitTest name="Where_Simple3" storage="d:\alinq\source\trunk\test\bin\debug\test.dll" id="2ab421c9-0344-aa63-1a14-6be9ece3b21c">
      <Css projectStructure="" iteration="" />
      <Owners>
        <Owner name="" />
      </Owners>
      <TestMethod codeBase="D:\ALinq\Source\Trunk\Test\bin\Debug\Test.dll" adapterTypeName="Microsoft.VisualStudio.TestTools.TestTypes.Unit.UnitTestAdapter, Microsoft.VisualStudio.QualityTools.Tips.UnitTest.Adapter, Version=9.0.0.0, Culture=neutral, PublicKeyToken=b03f5f7f11d50a3a" className="Test.DB2Test, Test" name="Where_Simple3" />
    </UnitTest>
    <UnitTest name="String_Insert" storage="d:\alinq\source\trunk\test\bin\debug\test.dll" id="91f5af55-6fb5-c5a6-8ff8-8a1d0a6ef0cf">
      <Css projectStructure="" iteration="" />
      <Owners>
        <Owner name="" />
      </Owners>
      <TestMethod codeBase="D:\ALinq\Source\Trunk\Test\bin\Debug\Test.dll" adapterTypeName="Microsoft.VisualStudio.TestTools.TestTypes.Unit.UnitTestAdapter, Microsoft.VisualStudio.QualityTools.Tips.UnitTest.Adapter, Version=9.0.0.0, Culture=neutral, PublicKeyToken=b03f5f7f11d50a3a" className="Test.SqlTest, Test" name="String_Insert" />
    </UnitTest>
    <UnitTest name="CRUD_Update2" storage="d:\alinq\source\trunk\test\bin\debug\test.dll" id="ac3fdb62-1ed5-9a95-dc10-f64b8ad28e3a">
      <Css projectStructure="" iteration="" />
      <Owners>
        <Owner name="" />
      </Owners>
      <TestMethod codeBase="D:\ALinq\Source\Trunk\Test\bin\Debug\Test.dll" adapterTypeName="Microsoft.VisualStudio.TestTools.TestTypes.Unit.UnitTestAdapter, Microsoft.VisualStudio.QualityTools.Tips.UnitTest.Adapter, Version=9.0.0.0, Culture=neutral, PublicKeyToken=b03f5f7f11d50a3a" className="Test.AccessTest, Test" name="CRUD_Update2" />
    </UnitTest>
    <UnitTest name="Where_Drilldown" storage="d:\alinq\source\trunk\test\bin\debug\test.dll" id="bc7aa3bf-43a0-2a7f-9817-423692077b14">
      <Css projectStructure="" iteration="" />
      <Owners>
        <Owner name="" />
      </Owners>
      <TestMethod codeBase="D:\ALinq\Source\Trunk\Test\bin\Debug\Test.dll" adapterTypeName="Microsoft.VisualStudio.TestTools.TestTypes.Unit.UnitTestAdapter, Microsoft.VisualStudio.QualityTools.Tips.UnitTest.Adapter, Version=9.0.0.0, Culture=neutral, PublicKeyToken=b03f5f7f11d50a3a" className="Test.AccessTest, Test" name="Where_Drilldown" />
    </UnitTest>
    <UnitTest name="Max_Grouped" storage="d:\alinq\source\trunk\test\bin\debug\test.dll" id="b0859b52-e026-0144-091d-ca1c440cc1b9">
      <Css projectStructure="" iteration="" />
      <Owners>
        <Owner name="" />
      </Owners>
      <TestMethod codeBase="D:\ALinq\Source\Trunk\Test\bin\Debug\Test.dll" adapterTypeName="Microsoft.VisualStudio.TestTools.TestTypes.Unit.UnitTestAdapter, Microsoft.VisualStudio.QualityTools.Tips.UnitTest.Adapter, Version=9.0.0.0, Culture=neutral, PublicKeyToken=b03f5f7f11d50a3a" className="Test.SQL2005Test, Test" name="Max_Grouped" />
    </UnitTest>
    <UnitTest name="Join_TowWay" storage="d:\alinq\source\trunk\test\bin\debug\test.dll" id="03225c33-5747-f22f-1230-76808db5f468">
      <Css projectStructure="" iteration="" />
      <Owners>
        <Owner name="" />
      </Owners>
      <TestMethod codeBase="D:\ALinq\Source\Trunk\Test\bin\Debug\Test.dll" adapterTypeName="Microsoft.VisualStudio.TestTools.TestTypes.Unit.UnitTestAdapter, Microsoft.VisualStudio.QualityTools.Tips.UnitTest.Adapter, Version=9.0.0.0, Culture=neutral, PublicKeyToken=b03f5f7f11d50a3a" className="Test.SQLiteTest, Test" name="Join_TowWay" />
    </UnitTest>
    <UnitTest name="Select_AnonymousType" storage="d:\alinq\source\trunk\test\bin\debug\test.dll" id="c5804a65-dedd-7436-bff6-52d685970e52">
      <Css projectStructure="" iteration="" />
      <Owners>
        <Owner name="" />
      </Owners>
      <TestMethod codeBase="D:\ALinq\Source\Trunk\Test\bin\Debug\Test.dll" adapterTypeName="Microsoft.VisualStudio.TestTools.TestTypes.Unit.UnitTestAdapter, Microsoft.VisualStudio.QualityTools.Tips.UnitTest.Adapter, Version=9.0.0.0, Culture=neutral, PublicKeyToken=b03f5f7f11d50a3a" className="Test.SQLiteTest, Test" name="Select_AnonymousType" />
    </UnitTest>
    <UnitTest name="String_IndexOf2" storage="d:\alinq\source\trunk\test\bin\debug\test.dll" id="137eacde-020a-e854-f0f9-6f1731fce301">
      <Css projectStructure="" iteration="" />
      <Owners>
        <Owner name="" />
      </Owners>
      <TestMethod codeBase="D:\ALinq\Source\Trunk\Test\bin\Debug\Test.dll" adapterTypeName="Microsoft.VisualStudio.TestTools.TestTypes.Unit.UnitTestAdapter, Microsoft.VisualStudio.QualityTools.Tips.UnitTest.Adapter, Version=9.0.0.0, Culture=neutral, PublicKeyToken=b03f5f7f11d50a3a" className="Test.SQL2000Test, Test" name="String_IndexOf2" />
    </UnitTest>
    <UnitTest name="GroupBy_Expression" storage="d:\alinq\source\trunk\test\bin\debug\test.dll" id="656ee13f-e2e3-baa3-aadc-559f0e5957af">
      <Css projectStructure="" iteration="" />
      <Owners>
        <Owner name="" />
      </Owners>
      <TestMethod codeBase="D:\ALinq\Source\Trunk\Test\bin\Debug\Test.dll" adapterTypeName="Microsoft.VisualStudio.TestTools.TestTypes.Unit.UnitTestAdapter, Microsoft.VisualStudio.QualityTools.Tips.UnitTest.Adapter, Version=9.0.0.0, Culture=neutral, PublicKeyToken=b03f5f7f11d50a3a" className="Test.SQL2005Test, Test" name="GroupBy_Expression" />
    </UnitTest>
    <UnitTest name="Any_Condition" storage="d:\alinq\source\trunk\test\bin\debug\test.dll" id="293c5939-981b-6970-e7e8-7f3306928356">
      <Css projectStructure="" iteration="" />
      <Owners>
        <Owner name="" />
      </Owners>
      <TestMethod codeBase="D:\ALinq\Source\Trunk\Test\bin\Debug\Test.dll" adapterTypeName="Microsoft.VisualStudio.TestTools.TestTypes.Unit.UnitTestAdapter, Microsoft.VisualStudio.QualityTools.Tips.UnitTest.Adapter, Version=9.0.0.0, Culture=neutral, PublicKeyToken=b03f5f7f11d50a3a" className="Test.NorOracleTest, Test" name="Any_Condition" />
    </UnitTest>
    <UnitTest name="DataType_Guid" storage="d:\alinq\source\trunk\test\bin\debug\test.dll" id="6382b04e-2a61-409b-3741-d0d46ab45a3a">
      <Css projectStructure="" iteration="" />
      <Owners>
        <Owner name="" />
      </Owners>
      <TestMethod codeBase="D:\ALinq\Source\Trunk\Test\bin\Debug\Test.dll" adapterTypeName="Microsoft.VisualStudio.TestTools.TestTypes.Unit.UnitTestAdapter, Microsoft.VisualStudio.QualityTools.Tips.UnitTest.Adapter, Version=9.0.0.0, Culture=neutral, PublicKeyToken=b03f5f7f11d50a3a" className="Test.SQL2000Test, Test" name="DataType_Guid" />
    </UnitTest>
    <UnitTest name="Convert_ToString" storage="d:\alinq\source\trunk\test\bin\debug\test.dll" id="f8d934f7-65a0-4562-4f88-5466f3921cc7">
      <Css projectStructure="" iteration="" />
      <Owners>
        <Owner name="" />
      </Owners>
      <TestMethod codeBase="D:\ALinq\Source\Trunk\Test\bin\Debug\Test.dll" adapterTypeName="Microsoft.VisualStudio.TestTools.TestTypes.Unit.UnitTestAdapter, Microsoft.VisualStudio.QualityTools.Tips.UnitTest.Adapter, Version=9.0.0.0, Culture=neutral, PublicKeyToken=b03f5f7f11d50a3a" className="Test.NorOracleTest, Test" name="Convert_ToString" />
    </UnitTest>
    <UnitTest name="String_Equals3" storage="d:\alinq\source\trunk\test\bin\debug\test.dll" id="55720033-59bf-4a53-92d5-13fc03e5acac">
      <Css projectStructure="" iteration="" />
      <Owners>
        <Owner name="" />
      </Owners>
      <TestMethod codeBase="D:\ALinq\Source\Trunk\Test\bin\Debug\Test.dll" adapterTypeName="Microsoft.VisualStudio.TestTools.TestTypes.Unit.UnitTestAdapter, Microsoft.VisualStudio.QualityTools.Tips.UnitTest.Adapter, Version=9.0.0.0, Culture=neutral, PublicKeyToken=b03f5f7f11d50a3a" className="Test.AccessTest, Test" name="String_Equals3" />
    </UnitTest>
    <UnitTest name="String_TrimEnd" storage="d:\alinq\source\trunk\test\bin\debug\test.dll" id="411dbbcd-b6f3-96e0-c9fc-0de286275d2e">
      <Css projectStructure="" iteration="" />
      <Owners>
        <Owner name="" />
      </Owners>
      <TestMethod codeBase="D:\ALinq\Source\Trunk\Test\bin\Debug\Test.dll" adapterTypeName="Microsoft.VisualStudio.TestTools.TestTypes.Unit.UnitTestAdapter, Microsoft.VisualStudio.QualityTools.Tips.UnitTest.Adapter, Version=9.0.0.0, Culture=neutral, PublicKeyToken=b03f5f7f11d50a3a" className="Test.DB2Test, Test" name="String_TrimEnd" />
    </UnitTest>
    <UnitTest name="DeleteTable" storage="d:\alinq\source\trunk\test\bin\debug\test.dll" id="cae614f1-4198-0092-755a-869886362636">
      <Css projectStructure="" iteration="" />
      <Owners>
        <Owner name="" />
      </Owners>
      <TestMethod codeBase="D:\ALinq\Source\Trunk\Test\bin\Debug\Test.dll" adapterTypeName="Microsoft.VisualStudio.TestTools.TestTypes.Unit.UnitTestAdapter, Microsoft.VisualStudio.QualityTools.Tips.UnitTest.Adapter, Version=9.0.0.0, Culture=neutral, PublicKeyToken=b03f5f7f11d50a3a" className="Test.DB2Test, Test" name="DeleteTable" />
    </UnitTest>
    <UnitTest name="String_ToUpperInvariant" storage="d:\alinq\source\trunk\test\bin\debug\test.dll" id="de32249a-4508-2fb8-3df6-ca7c5f40495b">
      <Css projectStructure="" iteration="" />
      <Owners>
        <Owner name="" />
      </Owners>
      <TestMethod codeBase="D:\ALinq\Source\Trunk\Test\bin\Debug\Test.dll" adapterTypeName="Microsoft.VisualStudio.TestTools.TestTypes.Unit.UnitTestAdapter, Microsoft.VisualStudio.QualityTools.Tips.UnitTest.Adapter, Version=9.0.0.0, Culture=neutral, PublicKeyToken=b03f5f7f11d50a3a" className="Test.AccessTest, Test" name="String_ToUpperInvariant" />
    </UnitTest>
    <UnitTest name="String_Trim1" storage="d:\alinq\source\trunk\test\bin\debug\test.dll" id="6dbf53be-6748-ba54-b24a-bd80a54fafbd">
      <Css projectStructure="" iteration="" />
      <Owners>
        <Owner name="" />
      </Owners>
      <TestMethod codeBase="D:\ALinq\Source\Trunk\Test\bin\Debug\Test.dll" adapterTypeName="Microsoft.VisualStudio.TestTools.TestTypes.Unit.UnitTestAdapter, Microsoft.VisualStudio.QualityTools.Tips.UnitTest.Adapter, Version=9.0.0.0, Culture=neutral, PublicKeyToken=b03f5f7f11d50a3a" className="Test.NorOracleTest, Test" name="String_Trim1" />
    </UnitTest>
    <UnitTest name="Convert_ToSingle" storage="d:\alinq\source\trunk\test\bin\debug\test.dll" id="03ca68dc-5bbf-4a08-fe47-7025b07b0664">
      <Css projectStructure="" iteration="" />
      <Owners>
        <Owner name="" />
      </Owners>
      <TestMethod codeBase="D:\ALinq\Source\Trunk\Test\bin\Debug\Test.dll" adapterTypeName="Microsoft.VisualStudio.TestTools.TestTypes.Unit.UnitTestAdapter, Microsoft.VisualStudio.QualityTools.Tips.UnitTest.Adapter, Version=9.0.0.0, Culture=neutral, PublicKeyToken=b03f5f7f11d50a3a" className="Test.OdpOracleTest, Test" name="Convert_ToSingle" />
    </UnitTest>
    <UnitTest name="StringToUpper" storage="d:\alinq\source\trunk\test\bin\debug\test.dll" id="36f96050-3feb-3c37-65cd-306a2f8cc6d3">
      <Css projectStructure="" iteration="" />
      <Owners>
        <Owner name="" />
      </Owners>
      <TestMethod codeBase="D:\ALinq\Source\Trunk\Test\bin\Debug\Test.dll" adapterTypeName="Microsoft.VisualStudio.TestTools.TestTypes.Unit.UnitTestAdapter, Microsoft.VisualStudio.QualityTools.Tips.UnitTest.Adapter, Version=9.0.0.0, Culture=neutral, PublicKeyToken=b03f5f7f11d50a3a" className="Test.SQL2000Test, Test" name="StringToUpper" />
    </UnitTest>
    <UnitTest name="DateDiffMinute" storage="d:\alinq\source\trunk\test\bin\debug\test.dll" id="3a7241f3-d50a-e2c6-c147-9b8487d12b02">
      <Css projectStructure="" iteration="" />
      <Owners>
        <Owner name="" />
      </Owners>
      <TestMethod codeBase="D:\ALinq\Source\Trunk\Test\bin\Debug\Test.dll" adapterTypeName="Microsoft.VisualStudio.TestTools.TestTypes.Unit.UnitTestAdapter, Microsoft.VisualStudio.QualityTools.Tips.UnitTest.Adapter, Version=9.0.0.0, Culture=neutral, PublicKeyToken=b03f5f7f11d50a3a" className="Test.SqlMethodsTest, Test" name="DateDiffMinute" />
    </UnitTest>
    <UnitTest name="Concat" storage="d:\alinq\source\trunk\test\bin\debug\test.dll" id="4bdf5380-5b81-fcd0-98b1-77248e10874b">
      <Css projectStructure="" iteration="" />
      <Owners>
        <Owner name="" />
      </Owners>
      <TestMethod codeBase="D:\ALinq\Source\Trunk\Test\bin\Debug\Test.dll" adapterTypeName="Microsoft.VisualStudio.TestTools.TestTypes.Unit.UnitTestAdapter, Microsoft.VisualStudio.QualityTools.Tips.UnitTest.Adapter, Version=9.0.0.0, Culture=neutral, PublicKeyToken=b03f5f7f11d50a3a" className="Test.SQL2005Test, Test" name="Concat" />
    </UnitTest>
    <UnitTest name="Select_Simple" storage="d:\alinq\source\trunk\test\bin\debug\test.dll" id="435805ad-97d3-40f8-2750-9c8fa49041b7">
      <Css projectStructure="" iteration="" />
      <Owners>
        <Owner name="" />
      </Owners>
      <TestMethod codeBase="D:\ALinq\Source\Trunk\Test\bin\Debug\Test.dll" adapterTypeName="Microsoft.VisualStudio.TestTools.TestTypes.Unit.UnitTestAdapter, Microsoft.VisualStudio.QualityTools.Tips.UnitTest.Adapter, Version=9.0.0.0, Culture=neutral, PublicKeyToken=b03f5f7f11d50a3a" className="Test.OdpOracleTest, Test" name="Select_Simple" />
    </UnitTest>
    <UnitTest name="StringStartsWith" storage="d:\alinq\source\trunk\test\bin\debug\test.dll" id="c0f21cce-b3c9-c0ed-df24-c13d1566bb3c">
      <Css projectStructure="" iteration="" />
      <Owners>
        <Owner name="" />
      </Owners>
      <TestMethod codeBase="D:\ALinq\Source\Trunk\Test\bin\Debug\Test.dll" adapterTypeName="Microsoft.VisualStudio.TestTools.TestTypes.Unit.UnitTestAdapter, Microsoft.VisualStudio.QualityTools.Tips.UnitTest.Adapter, Version=9.0.0.0, Culture=neutral, PublicKeyToken=b03f5f7f11d50a3a" className="Test.SQL2005Test, Test" name="StringStartsWith" />
    </UnitTest>
    <UnitTest name="String_Char" storage="d:\alinq\source\trunk\test\bin\debug\test.dll" id="38d76fba-6f91-7251-e70f-cccf24eadf35">
      <Css projectStructure="" iteration="" />
      <Owners>
        <Owner name="" />
      </Owners>
      <TestMethod codeBase="D:\ALinq\Source\Trunk\Test\bin\Debug\Test.dll" adapterTypeName="Microsoft.VisualStudio.TestTools.TestTypes.Unit.UnitTestAdapter, Microsoft.VisualStudio.QualityTools.Tips.UnitTest.Adapter, Version=9.0.0.0, Culture=neutral, PublicKeyToken=b03f5f7f11d50a3a" className="Test.SQL2005Test, Test" name="String_Char" />
    </UnitTest>
    <UnitTest name="Avg_Emelents" storage="d:\alinq\source\trunk\test\bin\debug\test.dll" id="2c039f79-f571-b9ef-9013-29e6c087d669">
      <Css projectStructure="" iteration="" />
      <Owners>
        <Owner name="" />
      </Owners>
      <TestMethod codeBase="D:\ALinq\Source\Trunk\Test\bin\Debug\Test.dll" adapterTypeName="Microsoft.VisualStudio.TestTools.TestTypes.Unit.UnitTestAdapter, Microsoft.VisualStudio.QualityTools.Tips.UnitTest.Adapter, Version=9.0.0.0, Culture=neutral, PublicKeyToken=b03f5f7f11d50a3a" className="Test.FirebirdTest, Test" name="Avg_Emelents" />
    </UnitTest>
    <UnitTest name="ComposeKey" storage="d:\alinq\source\trunk\test\bin\debug\test.dll" id="06ea1067-95b7-298a-695d-2096f664b4cc">
      <Css projectStructure="" iteration="" />
      <Owners>
        <Owner name="" />
      </Owners>
      <TestMethod codeBase="D:\ALinq\Source\Trunk\Test\bin\Debug\Test.dll" adapterTypeName="Microsoft.VisualStudio.TestTools.TestTypes.Unit.UnitTestAdapter, Microsoft.VisualStudio.QualityTools.Tips.UnitTest.Adapter, Version=9.0.0.0, Culture=neutral, PublicKeyToken=b03f5f7f11d50a3a" className="Test.SQL2000Test, Test" name="ComposeKey" />
    </UnitTest>
    <UnitTest name="String_Trim1" storage="d:\alinq\source\trunk\test\bin\debug\test.dll" id="71b835a7-5e40-e92e-9fd9-9a85924c528d">
      <Css projectStructure="" iteration="" />
      <Owners>
        <Owner name="" />
      </Owners>
      <TestMethod codeBase="D:\ALinq\Source\Trunk\Test\bin\Debug\Test.dll" adapterTypeName="Microsoft.VisualStudio.TestTools.TestTypes.Unit.UnitTestAdapter, Microsoft.VisualStudio.QualityTools.Tips.UnitTest.Adapter, Version=9.0.0.0, Culture=neutral, PublicKeyToken=b03f5f7f11d50a3a" className="Test.PgsqlTest, Test" name="String_Trim1" />
    </UnitTest>
    <UnitTest name="Math_Atan" storage="d:\alinq\source\trunk\test\bin\debug\test.dll" id="4085997a-1c85-cf08-4926-cb350a1ab342">
      <Css projectStructure="" iteration="" />
      <Owners>
        <Owner name="" />
      </Owners>
      <TestMethod codeBase="D:\ALinq\Source\Trunk\Test\bin\Debug\Test.dll" adapterTypeName="Microsoft.VisualStudio.TestTools.TestTypes.Unit.UnitTestAdapter, Microsoft.VisualStudio.QualityTools.Tips.UnitTest.Adapter, Version=9.0.0.0, Culture=neutral, PublicKeyToken=b03f5f7f11d50a3a" className="Test.MySqlTest, Test" name="Math_Atan" />
    </UnitTest>
    <UnitTest name="DateTime_AddMinutes" storage="d:\alinq\source\trunk\test\bin\debug\test.dll" id="586e402c-5893-1f7a-9299-8ac9b2fed923">
      <Css projectStructure="" iteration="" />
      <Owners>
        <Owner name="" />
      </Owners>
      <TestMethod codeBase="D:\ALinq\Source\Trunk\Test\bin\Debug\Test.dll" adapterTypeName="Microsoft.VisualStudio.TestTools.TestTypes.Unit.UnitTestAdapter, Microsoft.VisualStudio.QualityTools.Tips.UnitTest.Adapter, Version=9.0.0.0, Culture=neutral, PublicKeyToken=b03f5f7f11d50a3a" className="Test.SqlTest, Test" name="DateTime_AddMinutes" />
    </UnitTest>
    <UnitTest name="String_ToUpper2" storage="d:\alinq\source\trunk\test\bin\debug\test.dll" id="6d1d459a-864f-2c02-db6f-83c585c13afd">
      <Css projectStructure="" iteration="" />
      <Owners>
        <Owner name="" />
      </Owners>
      <TestMethod codeBase="D:\ALinq\Source\Trunk\Test\bin\Debug\Test.dll" adapterTypeName="Microsoft.VisualStudio.TestTools.TestTypes.Unit.UnitTestAdapter, Microsoft.VisualStudio.QualityTools.Tips.UnitTest.Adapter, Version=9.0.0.0, Culture=neutral, PublicKeyToken=b03f5f7f11d50a3a" className="Test.PgsqlTest, Test" name="String_ToUpper2" />
    </UnitTest>
    <UnitTest name="CreateDatabase" storage="d:\alinq\source\trunk\test\bin\debug\test.dll" id="d3960b22-864b-570c-277a-0d237cf1b99b">
      <Css projectStructure="" iteration="" />
      <Owners>
        <Owner name="" />
      </Owners>
      <TestMethod codeBase="D:\ALinq\Source\Trunk\Test\bin\Debug\Test.dll" adapterTypeName="Microsoft.VisualStudio.TestTools.TestTypes.Unit.UnitTestAdapter, Microsoft.VisualStudio.QualityTools.Tips.UnitTest.Adapter, Version=9.0.0.0, Culture=neutral, PublicKeyToken=b03f5f7f11d50a3a" className="Test.FirebirdProcedureTest, Test" name="CreateDatabase" />
    </UnitTest>
    <UnitTest name="ResolveAll" storage="d:\alinq\source\trunk\test\bin\debug\test.dll" id="e0f5419a-271d-b3c7-69ec-603a11b201e7">
      <Css projectStructure="" iteration="" />
      <Owners>
        <Owner name="" />
      </Owners>
      <TestMethod codeBase="D:\ALinq\Source\Trunk\Test\bin\Debug\Test.dll" adapterTypeName="Microsoft.VisualStudio.TestTools.TestTypes.Unit.UnitTestAdapter, Microsoft.VisualStudio.QualityTools.Tips.UnitTest.Adapter, Version=9.0.0.0, Culture=neutral, PublicKeyToken=b03f5f7f11d50a3a" className="Test.MySqlTest, Test" name="ResolveAll" />
    </UnitTest>
    <UnitTest name="Sum_Grouped" storage="d:\alinq\source\trunk\test\bin\debug\test.dll" id="2e30fbce-4171-c44e-45d5-30517d1635bc">
      <Css projectStructure="" iteration="" />
      <Owners>
        <Owner name="" />
      </Owners>
      <TestMethod codeBase="D:\ALinq\Source\Trunk\Test\bin\Debug\Test.dll" adapterTypeName="Microsoft.VisualStudio.TestTools.TestTypes.Unit.UnitTestAdapter, Microsoft.VisualStudio.QualityTools.Tips.UnitTest.Adapter, Version=9.0.0.0, Culture=neutral, PublicKeyToken=b03f5f7f11d50a3a" className="Test.SQL2000Test, Test" name="Sum_Grouped" />
    </UnitTest>
    <UnitTest name="Math_Sin" storage="d:\alinq\source\trunk\test\bin\debug\test.dll" id="3237b21b-3411-5f62-3ac7-2f944e555800">
      <Css projectStructure="" iteration="" />
      <Owners>
        <Owner name="" />
      </Owners>
      <TestMethod codeBase="D:\ALinq\Source\Trunk\Test\bin\Debug\Test.dll" adapterTypeName="Microsoft.VisualStudio.TestTools.TestTypes.Unit.UnitTestAdapter, Microsoft.VisualStudio.QualityTools.Tips.UnitTest.Adapter, Version=9.0.0.0, Culture=neutral, PublicKeyToken=b03f5f7f11d50a3a" className="Test.FirebirdTest, Test" name="Math_Sin" />
    </UnitTest>
    <UnitTest name="DateTime_AddYears" storage="d:\alinq\source\trunk\test\bin\debug\test.dll" id="31c84030-d050-ff0d-d2ea-56e4b44bc503">
      <Css projectStructure="" iteration="" />
      <Owners>
        <Owner name="" />
      </Owners>
      <TestMethod codeBase="D:\ALinq\Source\Trunk\Test\bin\Debug\Test.dll" adapterTypeName="Microsoft.VisualStudio.TestTools.TestTypes.Unit.UnitTestAdapter, Microsoft.VisualStudio.QualityTools.Tips.UnitTest.Adapter, Version=9.0.0.0, Culture=neutral, PublicKeyToken=b03f5f7f11d50a3a" className="Test.OdpOracleTest, Test" name="DateTime_AddYears" />
    </UnitTest>
    <UnitTest name="StringToLower" storage="d:\alinq\source\trunk\test\bin\debug\test.dll" id="83617e51-6d6a-9571-1447-6df90768f58c">
      <Css projectStructure="" iteration="" />
      <Owners>
        <Owner name="" />
      </Owners>
      <TestMethod codeBase="D:\ALinq\Source\Trunk\Test\bin\Debug\Test.dll" adapterTypeName="Microsoft.VisualStudio.TestTools.TestTypes.Unit.UnitTestAdapter, Microsoft.VisualStudio.QualityTools.Tips.UnitTest.Adapter, Version=9.0.0.0, Culture=neutral, PublicKeyToken=b03f5f7f11d50a3a" className="Test.SqlTest, Test" name="StringToLower" />
    </UnitTest>
    <UnitTest name="FirstOrDefault" storage="d:\alinq\source\trunk\test\bin\debug\test.dll" id="9da0e899-2697-befb-cf06-8b0f58c18cdb">
      <Css projectStructure="" iteration="" />
      <Owners>
        <Owner name="" />
      </Owners>
      <TestMethod codeBase="D:\ALinq\Source\Trunk\Test\bin\Debug\Test.dll" adapterTypeName="Microsoft.VisualStudio.TestTools.TestTypes.Unit.UnitTestAdapter, Microsoft.VisualStudio.QualityTools.Tips.UnitTest.Adapter, Version=9.0.0.0, Culture=neutral, PublicKeyToken=b03f5f7f11d50a3a" className="Test.AccessTest, Test" name="FirstOrDefault" />
    </UnitTest>
    <UnitTest name="Concat" storage="d:\alinq\source\trunk\test\bin\debug\test.dll" id="39662b35-faed-fb6e-fb6d-283d4d816154">
      <Css projectStructure="" iteration="" />
      <Owners>
        <Owner name="" />
      </Owners>
      <TestMethod codeBase="D:\ALinq\Source\Trunk\Test\bin\Debug\Test.dll" adapterTypeName="Microsoft.VisualStudio.TestTools.TestTypes.Unit.UnitTestAdapter, Microsoft.VisualStudio.QualityTools.Tips.UnitTest.Adapter, Version=9.0.0.0, Culture=neutral, PublicKeyToken=b03f5f7f11d50a3a" className="Test.AccessTest, Test" name="Concat" />
    </UnitTest>
    <UnitTest name="Single" storage="d:\alinq\source\trunk\test\bin\debug\test.dll" id="37644299-453d-50f6-f061-a534a115805f">
      <Css projectStructure="" iteration="" />
      <Owners>
        <Owner name="" />
      </Owners>
      <TestMethod codeBase="D:\ALinq\Source\Trunk\Test\bin\Debug\Test.dll" adapterTypeName="Microsoft.VisualStudio.TestTools.TestTypes.Unit.UnitTestAdapter, Microsoft.VisualStudio.QualityTools.Tips.UnitTest.Adapter, Version=9.0.0.0, Culture=neutral, PublicKeyToken=b03f5f7f11d50a3a" className="Test.SQL2000Test, Test" name="Single" />
    </UnitTest>
    <UnitTest name="String_ToLower2" storage="d:\alinq\source\trunk\test\bin\debug\test.dll" id="280e9bb8-7ead-455e-876a-e49a5e9c2c4a">
      <Css projectStructure="" iteration="" />
      <Owners>
        <Owner name="" />
      </Owners>
      <TestMethod codeBase="D:\ALinq\Source\Trunk\Test\bin\Debug\Test.dll" adapterTypeName="Microsoft.VisualStudio.TestTools.TestTypes.Unit.UnitTestAdapter, Microsoft.VisualStudio.QualityTools.Tips.UnitTest.Adapter, Version=9.0.0.0, Culture=neutral, PublicKeyToken=b03f5f7f11d50a3a" className="Test.AccessTest, Test" name="String_ToLower2" />
    </UnitTest>
    <UnitTest name="DateTime_Month" storage="d:\alinq\source\trunk\test\bin\debug\test.dll" id="90d0d8b9-a149-106a-2f39-ffed6aedbb15">
      <Css projectStructure="" iteration="" />
      <Owners>
        <Owner name="" />
      </Owners>
      <TestMethod codeBase="D:\ALinq\Source\Trunk\Test\bin\Debug\Test.dll" adapterTypeName="Microsoft.VisualStudio.TestTools.TestTypes.Unit.UnitTestAdapter, Microsoft.VisualStudio.QualityTools.Tips.UnitTest.Adapter, Version=9.0.0.0, Culture=neutral, PublicKeyToken=b03f5f7f11d50a3a" className="Test.AccessTest, Test" name="DateTime_Month" />
    </UnitTest>
    <UnitTest name="Min_Projection" storage="d:\alinq\source\trunk\test\bin\debug\test.dll" id="800ae083-e5ce-58cf-c2fb-b3d7ef332a27">
      <Css projectStructure="" iteration="" />
      <Owners>
        <Owner name="" />
      </Owners>
      <TestMethod codeBase="D:\ALinq\Source\Trunk\Test\bin\Debug\Test.dll" adapterTypeName="Microsoft.VisualStudio.TestTools.TestTypes.Unit.UnitTestAdapter, Microsoft.VisualStudio.QualityTools.Tips.UnitTest.Adapter, Version=9.0.0.0, Culture=neutral, PublicKeyToken=b03f5f7f11d50a3a" className="Test.DB2Test, Test" name="Min_Projection" />
    </UnitTest>
    <UnitTest name="IfEqualTest" storage="d:\alinq\source\trunk\test\bin\debug\test.dll" id="9a349a51-a25e-3bdc-d2eb-b3350309d79a">
      <Css projectStructure="" iteration="" />
      <Owners>
        <Owner name="" />
      </Owners>
      <TestMethod codeBase="D:\ALinq\Source\Trunk\Test\bin\Debug\Test.dll" adapterTypeName="Microsoft.VisualStudio.TestTools.TestTypes.Unit.UnitTestAdapter, Microsoft.VisualStudio.QualityTools.Tips.UnitTest.Adapter, Version=9.0.0.0, Culture=neutral, PublicKeyToken=b03f5f7f11d50a3a" className="Test.SQL2000Test, Test" name="IfEqualTest" />
    </UnitTest>
    <UnitTest name="Convert_ToSingle" storage="d:\alinq\source\trunk\test\bin\debug\test.dll" id="ba6aaba6-b058-560a-b32a-a07b0c5d83a0">
      <Css projectStructure="" iteration="" />
      <Owners>
        <Owner name="" />
      </Owners>
      <TestMethod codeBase="D:\ALinq\Source\Trunk\Test\bin\Debug\Test.dll" adapterTypeName="Microsoft.VisualStudio.TestTools.TestTypes.Unit.UnitTestAdapter, Microsoft.VisualStudio.QualityTools.Tips.UnitTest.Adapter, Version=9.0.0.0, Culture=neutral, PublicKeyToken=b03f5f7f11d50a3a" className="Test.SQL2000Test, Test" name="Convert_ToSingle" />
    </UnitTest>
    <UnitTest name="Math_Asin" storage="d:\alinq\source\trunk\test\bin\debug\test.dll" id="f49fcdf1-7d39-22fa-a606-f8df21cb7d04">
      <Css projectStructure="" iteration="" />
      <Owners>
        <Owner name="" />
      </Owners>
      <TestMethod codeBase="D:\ALinq\Source\Trunk\Test\bin\Debug\Test.dll" adapterTypeName="Microsoft.VisualStudio.TestTools.TestTypes.Unit.UnitTestAdapter, Microsoft.VisualStudio.QualityTools.Tips.UnitTest.Adapter, Version=9.0.0.0, Culture=neutral, PublicKeyToken=b03f5f7f11d50a3a" className="Test.OdpOracleTest, Test" name="Math_Asin" />
    </UnitTest>
    <UnitTest name="String_Trim1" storage="d:\alinq\source\trunk\test\bin\debug\test.dll" id="136b6d3b-29bb-17b6-e0cf-4ebee601b5e6">
      <Css projectStructure="" iteration="" />
      <Owners>
        <Owner name="" />
      </Owners>
      <TestMethod codeBase="D:\ALinq\Source\Trunk\Test\bin\Debug\Test.dll" adapterTypeName="Microsoft.VisualStudio.TestTools.TestTypes.Unit.UnitTestAdapter, Microsoft.VisualStudio.QualityTools.Tips.UnitTest.Adapter, Version=9.0.0.0, Culture=neutral, PublicKeyToken=b03f5f7f11d50a3a" className="Test.SQL2000Test, Test" name="String_Trim1" />
    </UnitTest>
    <UnitTest name="CRUD_Update4" storage="d:\alinq\source\trunk\test\bin\debug\test.dll" id="44f2cb16-ecab-f935-4087-fd83cae4e6f3">
      <Css projectStructure="" iteration="" />
      <Owners>
        <Owner name="" />
      </Owners>
      <TestMethod codeBase="D:\ALinq\Source\Trunk\Test\bin\Debug\Test.dll" adapterTypeName="Microsoft.VisualStudio.TestTools.TestTypes.Unit.UnitTestAdapter, Microsoft.VisualStudio.QualityTools.Tips.UnitTest.Adapter, Version=9.0.0.0, Culture=neutral, PublicKeyToken=b03f5f7f11d50a3a" className="Test.SQLiteTest, Test" name="CRUD_Update4" />
    </UnitTest>
    <UnitTest name="StringSubstring" storage="d:\alinq\source\trunk\test\bin\debug\test.dll" id="4ece33b2-6d64-3bd1-27af-e1c98acc4eb8">
      <Css projectStructure="" iteration="" />
      <Owners>
        <Owner name="" />
      </Owners>
      <TestMethod codeBase="D:\ALinq\Source\Trunk\Test\bin\Debug\Test.dll" adapterTypeName="Microsoft.VisualStudio.TestTools.TestTypes.Unit.UnitTestAdapter, Microsoft.VisualStudio.QualityTools.Tips.UnitTest.Adapter, Version=9.0.0.0, Culture=neutral, PublicKeyToken=b03f5f7f11d50a3a" className="Test.OdpOracleTest, Test" name="StringSubstring" />
    </UnitTest>
    <UnitTest name="DateTime_AddDays" storage="d:\alinq\source\trunk\test\bin\debug\test.dll" id="e75d3117-3cdb-84da-1c7d-334a5a6eccec">
      <Css projectStructure="" iteration="" />
      <Owners>
        <Owner name="" />
      </Owners>
      <TestMethod codeBase="D:\ALinq\Source\Trunk\Test\bin\Debug\Test.dll" adapterTypeName="Microsoft.VisualStudio.TestTools.TestTypes.Unit.UnitTestAdapter, Microsoft.VisualStudio.QualityTools.Tips.UnitTest.Adapter, Version=9.0.0.0, Culture=neutral, PublicKeyToken=b03f5f7f11d50a3a" className="Test.FirebirdTest, Test" name="DateTime_AddDays" />
    </UnitTest>
    <UnitTest name="GroupBy_Simple" storage="d:\alinq\source\trunk\test\bin\debug\test.dll" id="94fa04a9-13af-dcc7-606a-f3d414b9c1f1">
      <Css projectStructure="" iteration="" />
      <Owners>
        <Owner name="" />
      </Owners>
      <TestMethod codeBase="D:\ALinq\Source\Trunk\Test\bin\Debug\Test.dll" adapterTypeName="Microsoft.VisualStudio.TestTools.TestTypes.Unit.UnitTestAdapter, Microsoft.VisualStudio.QualityTools.Tips.UnitTest.Adapter, Version=9.0.0.0, Culture=neutral, PublicKeyToken=b03f5f7f11d50a3a" className="Test.FirebirdTest, Test" name="GroupBy_Simple" />
    </UnitTest>
    <UnitTest name="Math_Atan2" storage="d:\alinq\source\trunk\test\bin\debug\test.dll" id="a280da9b-978c-c4d8-c780-6bfd11e59735">
      <Css projectStructure="" iteration="" />
      <Owners>
        <Owner name="" />
      </Owners>
      <TestMethod codeBase="D:\ALinq\Source\Trunk\Test\bin\Debug\Test.dll" adapterTypeName="Microsoft.VisualStudio.TestTools.TestTypes.Unit.UnitTestAdapter, Microsoft.VisualStudio.QualityTools.Tips.UnitTest.Adapter, Version=9.0.0.0, Culture=neutral, PublicKeyToken=b03f5f7f11d50a3a" className="Test.AccessTest, Test" name="Math_Atan2" />
    </UnitTest>
    <UnitTest name="Test2" storage="d:\alinq\source\trunk\test\bin\debug\test.dll" id="394dcf41-efb5-b878-29a9-13d948b45486">
      <Css projectStructure="" iteration="" />
      <Owners>
        <Owner name="" />
      </Owners>
      <TestMethod codeBase="D:\ALinq\Source\Trunk\Test\bin\Debug\Test.dll" adapterTypeName="Microsoft.VisualStudio.TestTools.TestTypes.Unit.UnitTestAdapter, Microsoft.VisualStudio.QualityTools.Tips.UnitTest.Adapter, Version=9.0.0.0, Culture=neutral, PublicKeyToken=b03f5f7f11d50a3a" className="Test.TempTest, Test" name="Test2" />
    </UnitTest>
    <UnitTest name="Sum_Projection" storage="d:\alinq\source\trunk\test\bin\debug\test.dll" id="4dcc22d2-f5cf-299e-98c9-08b171fdd7ad">
      <Css projectStructure="" iteration="" />
      <Owners>
        <Owner name="" />
      </Owners>
      <TestMethod codeBase="D:\ALinq\Source\Trunk\Test\bin\Debug\Test.dll" adapterTypeName="Microsoft.VisualStudio.TestTools.TestTypes.Unit.UnitTestAdapter, Microsoft.VisualStudio.QualityTools.Tips.UnitTest.Adapter, Version=9.0.0.0, Culture=neutral, PublicKeyToken=b03f5f7f11d50a3a" className="Test.DB2Test, Test" name="Sum_Projection" />
    </UnitTest>
    <UnitTest name="String_Substring1" storage="d:\alinq\source\trunk\test\bin\debug\test.dll" id="c28d8a33-c654-c412-0d1e-9bc43aece6ba">
      <Css projectStructure="" iteration="" />
      <Owners>
        <Owner name="" />
      </Owners>
      <TestMethod codeBase="D:\ALinq\Source\Trunk\Test\bin\Debug\Test.dll" adapterTypeName="Microsoft.VisualStudio.TestTools.TestTypes.Unit.UnitTestAdapter, Microsoft.VisualStudio.QualityTools.Tips.UnitTest.Adapter, Version=9.0.0.0, Culture=neutral, PublicKeyToken=b03f5f7f11d50a3a" className="Test.OdpOracleTest, Test" name="String_Substring1" />
    </UnitTest>
    <UnitTest name="Sum_Projection" storage="d:\alinq\source\trunk\test\bin\debug\test.dll" id="2223c1fb-2ee6-7b00-3ad4-5b005dc2f24e">
      <Css projectStructure="" iteration="" />
      <Owners>
        <Owner name="" />
      </Owners>
      <TestMethod codeBase="D:\ALinq\Source\Trunk\Test\bin\Debug\Test.dll" adapterTypeName="Microsoft.VisualStudio.TestTools.TestTypes.Unit.UnitTestAdapter, Microsoft.VisualStudio.QualityTools.Tips.UnitTest.Adapter, Version=9.0.0.0, Culture=neutral, PublicKeyToken=b03f5f7f11d50a3a" className="Test.FirebirdTest, Test" name="Sum_Projection" />
    </UnitTest>
    <UnitTest name="Test2" storage="d:\alinq\source\trunk\test\bin\debug\test.dll" id="2c71d3f6-9835-e590-6e5c-42027cc25033">
      <Css projectStructure="" iteration="" />
      <Owners>
        <Owner name="" />
      </Owners>
      <TestMethod codeBase="D:\ALinq\Source\Trunk\Test\bin\Debug\Test.dll" adapterTypeName="Microsoft.VisualStudio.TestTools.TestTypes.Unit.UnitTestAdapter, Microsoft.VisualStudio.QualityTools.Tips.UnitTest.Adapter, Version=9.0.0.0, Culture=neutral, PublicKeyToken=b03f5f7f11d50a3a" className="Test.DB2Test, Test" name="Test2" />
    </UnitTest>
    <UnitTest name="Join_LetAssignment" storage="d:\alinq\source\trunk\test\bin\debug\test.dll" id="2a4df6f2-cb92-0cc3-06af-50eb91cd584f">
      <Css projectStructure="" iteration="" />
      <Owners>
        <Owner name="" />
      </Owners>
      <TestMethod codeBase="D:\ALinq\Source\Trunk\Test\bin\Debug\Test.dll" adapterTypeName="Microsoft.VisualStudio.TestTools.TestTypes.Unit.UnitTestAdapter, Microsoft.VisualStudio.QualityTools.Tips.UnitTest.Adapter, Version=9.0.0.0, Culture=neutral, PublicKeyToken=b03f5f7f11d50a3a" className="Test.SQL2000Test, Test" name="Join_LetAssignment" />
    </UnitTest>
    <UnitTest name="Join_SelfJoin" storage="d:\alinq\source\trunk\test\bin\debug\test.dll" id="6ea883aa-4d2b-b7ca-82e7-90d807ae9c21">
      <Css projectStructure="" iteration="" />
      <Owners>
        <Owner name="" />
      </Owners>
      <TestMethod codeBase="D:\ALinq\Source\Trunk\Test\bin\Debug\Test.dll" adapterTypeName="Microsoft.VisualStudio.TestTools.TestTypes.Unit.UnitTestAdapter, Microsoft.VisualStudio.QualityTools.Tips.UnitTest.Adapter, Version=9.0.0.0, Culture=neutral, PublicKeyToken=b03f5f7f11d50a3a" className="Test.AccessTest, Test" name="Join_SelfJoin" />
    </UnitTest>
    <UnitTest name="CollectionConvert" storage="d:\alinq\source\trunk\test\bin\debug\test.dll" id="a5f9008c-2368-420c-426f-4706e7e72549">
      <Css projectStructure="" iteration="" />
      <Owners>
        <Owner name="" />
      </Owners>
      <TestMethod codeBase="D:\ALinq\Source\Trunk\Test\bin\Debug\Test.dll" adapterTypeName="Microsoft.VisualStudio.TestTools.TestTypes.Unit.UnitTestAdapter, Microsoft.VisualStudio.QualityTools.Tips.UnitTest.Adapter, Version=9.0.0.0, Culture=neutral, PublicKeyToken=b03f5f7f11d50a3a" className="Test.NorOracleTest, Test" name="CollectionConvert" />
    </UnitTest>
    <UnitTest name="Join_ManyToMany" storage="d:\alinq\source\trunk\test\bin\debug\test.dll" id="aec48c6a-5141-9d60-0964-eb9669abcecd">
      <Css projectStructure="" iteration="" />
      <Owners>
        <Owner name="" />
      </Owners>
      <TestMethod codeBase="D:\ALinq\Source\Trunk\Test\bin\Debug\Test.dll" adapterTypeName="Microsoft.VisualStudio.TestTools.TestTypes.Unit.UnitTestAdapter, Microsoft.VisualStudio.QualityTools.Tips.UnitTest.Adapter, Version=9.0.0.0, Culture=neutral, PublicKeyToken=b03f5f7f11d50a3a" className="Test.PgsqlTest, Test" name="Join_ManyToMany" />
    </UnitTest>
    <UnitTest name="Max_Projection" storage="d:\alinq\source\trunk\test\bin\debug\test.dll" id="164fb499-e098-417c-ed71-a314acba964a">
      <Css projectStructure="" iteration="" />
      <Owners>
        <Owner name="" />
      </Owners>
      <TestMethod codeBase="D:\ALinq\Source\Trunk\Test\bin\Debug\Test.dll" adapterTypeName="Microsoft.VisualStudio.TestTools.TestTypes.Unit.UnitTestAdapter, Microsoft.VisualStudio.QualityTools.Tips.UnitTest.Adapter, Version=9.0.0.0, Culture=neutral, PublicKeyToken=b03f5f7f11d50a3a" className="Test.OdpOracleTest, Test" name="Max_Projection" />
    </UnitTest>
    <UnitTest name="Max_Simple" storage="d:\alinq\source\trunk\test\bin\debug\test.dll" id="58aaf89d-9322-6c61-8e89-7749f2d39fa0">
      <Css projectStructure="" iteration="" />
      <Owners>
        <Owner name="" />
      </Owners>
      <TestMethod codeBase="D:\ALinq\Source\Trunk\Test\bin\Debug\Test.dll" adapterTypeName="Microsoft.VisualStudio.TestTools.TestTypes.Unit.UnitTestAdapter, Microsoft.VisualStudio.QualityTools.Tips.UnitTest.Adapter, Version=9.0.0.0, Culture=neutral, PublicKeyToken=b03f5f7f11d50a3a" className="Test.AccessTest, Test" name="Max_Simple" />
    </UnitTest>
    <UnitTest name="Where_Simple2" storage="d:\alinq\source\trunk\test\bin\debug\test.dll" id="777aaa31-d470-34da-12c2-2fe952a15e41">
      <Css projectStructure="" iteration="" />
      <Owners>
        <Owner name="" />
      </Owners>
      <TestMethod codeBase="D:\ALinq\Source\Trunk\Test\bin\Debug\Test.dll" adapterTypeName="Microsoft.VisualStudio.TestTools.TestTypes.Unit.UnitTestAdapter, Microsoft.VisualStudio.QualityTools.Tips.UnitTest.Adapter, Version=9.0.0.0, Culture=neutral, PublicKeyToken=b03f5f7f11d50a3a" className="Test.OdpOracleTest, Test" name="Where_Simple2" />
    </UnitTest>
    <UnitTest name="String_EndsWith" storage="d:\alinq\source\trunk\test\bin\debug\test.dll" id="b390ab09-49e5-1b7a-3e72-963f55224e30">
      <Css projectStructure="" iteration="" />
      <Owners>
        <Owner name="" />
      </Owners>
      <TestMethod codeBase="D:\ALinq\Source\Trunk\Test\bin\Debug\Test.dll" adapterTypeName="Microsoft.VisualStudio.TestTools.TestTypes.Unit.UnitTestAdapter, Microsoft.VisualStudio.QualityTools.Tips.UnitTest.Adapter, Version=9.0.0.0, Culture=neutral, PublicKeyToken=b03f5f7f11d50a3a" className="Test.PgsqlTest, Test" name="String_EndsWith" />
    </UnitTest>
    <UnitTest name="Update" storage="d:\alinq\source\trunk\test\bin\debug\test.dll" id="0ca6e638-6e18-3477-0e74-f8aeff2f39a2">
      <Css projectStructure="" iteration="" />
      <Owners>
        <Owner name="" />
      </Owners>
      <TestMethod codeBase="D:\ALinq\Source\Trunk\Test\bin\Debug\Test.dll" adapterTypeName="Microsoft.VisualStudio.TestTools.TestTypes.Unit.UnitTestAdapter, Microsoft.VisualStudio.QualityTools.Tips.UnitTest.Adapter, Version=9.0.0.0, Culture=neutral, PublicKeyToken=b03f5f7f11d50a3a" className="Test.DB2Test, Test" name="Update" />
    </UnitTest>
    <UnitTest name="Delete_ManyToMany" storage="d:\alinq\source\trunk\test\bin\debug\test.dll" id="308d4ec1-b101-47b7-fa0d-bc26757a6b20">
      <Css projectStructure="" iteration="" />
      <Owners>
        <Owner name="" />
      </Owners>
      <TestMethod codeBase="D:\ALinq\Source\Trunk\Test\bin\Debug\Test.dll" adapterTypeName="Microsoft.VisualStudio.TestTools.TestTypes.Unit.UnitTestAdapter, Microsoft.VisualStudio.QualityTools.Tips.UnitTest.Adapter, Version=9.0.0.0, Culture=neutral, PublicKeyToken=b03f5f7f11d50a3a" className="Test.MySqlTest, Test" name="Delete_ManyToMany" />
    </UnitTest>
    <UnitTest name="GroupBy_Expression" storage="d:\alinq\source\trunk\test\bin\debug\test.dll" id="c3f55d24-c1e6-ee3d-3313-f3b8d719bf3e">
      <Css projectStructure="" iteration="" />
      <Owners>
        <Owner name="" />
      </Owners>
      <TestMethod codeBase="D:\ALinq\Source\Trunk\Test\bin\Debug\Test.dll" adapterTypeName="Microsoft.VisualStudio.TestTools.TestTypes.Unit.UnitTestAdapter, Microsoft.VisualStudio.QualityTools.Tips.UnitTest.Adapter, Version=9.0.0.0, Culture=neutral, PublicKeyToken=b03f5f7f11d50a3a" className="Test.SqlTest, Test" name="GroupBy_Expression" />
    </UnitTest>
    <UnitTest name="LongCount" storage="d:\alinq\source\trunk\test\bin\debug\test.dll" id="986f7b6a-3032-f2c0-c46e-98ee9342dcd2">
      <Css projectStructure="" iteration="" />
      <Owners>
        <Owner name="" />
      </Owners>
      <TestMethod codeBase="D:\ALinq\Source\Trunk\Test\bin\Debug\Test.dll" adapterTypeName="Microsoft.VisualStudio.TestTools.TestTypes.Unit.UnitTestAdapter, Microsoft.VisualStudio.QualityTools.Tips.UnitTest.Adapter, Version=9.0.0.0, Culture=neutral, PublicKeyToken=b03f5f7f11d50a3a" className="Test.NorOracleTest, Test" name="LongCount" />
    </UnitTest>
    <UnitTest name="Sum_Empty" storage="d:\alinq\source\trunk\test\bin\debug\test.dll" id="388e7f32-facf-5d6e-69ba-78ab7c08b922">
      <Css projectStructure="" iteration="" />
      <Owners>
        <Owner name="" />
      </Owners>
      <TestMethod codeBase="D:\ALinq\Source\Trunk\Test\bin\Debug\Test.dll" adapterTypeName="Microsoft.VisualStudio.TestTools.TestTypes.Unit.UnitTestAdapter, Microsoft.VisualStudio.QualityTools.Tips.UnitTest.Adapter, Version=9.0.0.0, Culture=neutral, PublicKeyToken=b03f5f7f11d50a3a" className="Test.OdpOracleTest, Test" name="Sum_Empty" />
    </UnitTest>
    <UnitTest name="Math_Tan" storage="d:\alinq\source\trunk\test\bin\debug\test.dll" id="12c967d4-952e-4dad-26c3-76bb32ca1fc3">
      <Css projectStructure="" iteration="" />
      <Owners>
        <Owner name="" />
      </Owners>
      <TestMethod codeBase="D:\ALinq\Source\Trunk\Test\bin\Debug\Test.dll" adapterTypeName="Microsoft.VisualStudio.TestTools.TestTypes.Unit.UnitTestAdapter, Microsoft.VisualStudio.QualityTools.Tips.UnitTest.Adapter, Version=9.0.0.0, Culture=neutral, PublicKeyToken=b03f5f7f11d50a3a" className="Test.SQLiteTest, Test" name="Math_Tan" />
    </UnitTest>
    <UnitTest name="Any_Simple" storage="d:\alinq\source\trunk\test\bin\debug\test.dll" id="a75fb6eb-a343-092e-6810-0f7c88a9b0f7">
      <Css projectStructure="" iteration="" />
      <Owners>
        <Owner name="" />
      </Owners>
      <TestMethod codeBase="D:\ALinq\Source\Trunk\Test\bin\Debug\Test.dll" adapterTypeName="Microsoft.VisualStudio.TestTools.TestTypes.Unit.UnitTestAdapter, Microsoft.VisualStudio.QualityTools.Tips.UnitTest.Adapter, Version=9.0.0.0, Culture=neutral, PublicKeyToken=b03f5f7f11d50a3a" className="Test.SqlTest, Test" name="Any_Simple" />
    </UnitTest>
    <UnitTest name="DateTimeGT" storage="d:\alinq\source\trunk\test\bin\debug\test.dll" id="5123adc4-aa22-363c-0259-ee35f05859fc">
      <Css projectStructure="" iteration="" />
      <Owners>
        <Owner name="" />
      </Owners>
      <TestMethod codeBase="D:\ALinq\Source\Trunk\Test\bin\Debug\Test.dll" adapterTypeName="Microsoft.VisualStudio.TestTools.TestTypes.Unit.UnitTestAdapter, Microsoft.VisualStudio.QualityTools.Tips.UnitTest.Adapter, Version=9.0.0.0, Culture=neutral, PublicKeyToken=b03f5f7f11d50a3a" className="Test.PgsqlTest, Test" name="DateTimeGT" />
    </UnitTest>
    <UnitTest name="Update" storage="d:\alinq\source\trunk\test\bin\debug\test.dll" id="88bb6b4e-2e4b-9c73-c38d-10fae1548447">
      <Css projectStructure="" iteration="" />
      <Owners>
        <Owner name="" />
      </Owners>
      <TestMethod codeBase="D:\ALinq\Source\Trunk\Test\bin\Debug\Test.dll" adapterTypeName="Microsoft.VisualStudio.TestTools.TestTypes.Unit.UnitTestAdapter, Microsoft.VisualStudio.QualityTools.Tips.UnitTest.Adapter, Version=9.0.0.0, Culture=neutral, PublicKeyToken=b03f5f7f11d50a3a" className="Test.OdpOracleTest, Test" name="Update" />
    </UnitTest>
    <UnitTest name="DataType_XElement" storage="d:\alinq\source\trunk\test\bin\debug\test.dll" id="ee4c98ea-1316-4e6f-d1c1-307f1cd6466f">
      <Css projectStructure="" iteration="" />
      <Owners>
        <Owner name="" />
      </Owners>
      <TestMethod codeBase="D:\ALinq\Source\Trunk\Test\bin\Debug\Test.dll" adapterTypeName="Microsoft.VisualStudio.TestTools.TestTypes.Unit.UnitTestAdapter, Microsoft.VisualStudio.QualityTools.Tips.UnitTest.Adapter, Version=9.0.0.0, Culture=neutral, PublicKeyToken=b03f5f7f11d50a3a" className="Test.FirebirdTest, Test" name="DataType_XElement" />
    </UnitTest>
    <UnitTest name="GroupBy_Max" storage="d:\alinq\source\trunk\test\bin\debug\test.dll" id="3052d0cb-f9fd-d21a-9f58-829c29625451">
      <Css projectStructure="" iteration="" />
      <Owners>
        <Owner name="" />
      </Owners>
      <TestMethod codeBase="D:\ALinq\Source\Trunk\Test\bin\Debug\Test.dll" adapterTypeName="Microsoft.VisualStudio.TestTools.TestTypes.Unit.UnitTestAdapter, Microsoft.VisualStudio.QualityTools.Tips.UnitTest.Adapter, Version=9.0.0.0, Culture=neutral, PublicKeyToken=b03f5f7f11d50a3a" className="Test.OdpOracleTest, Test" name="GroupBy_Max" />
    </UnitTest>
    <UnitTest name="Avg_Simple" storage="d:\alinq\source\trunk\test\bin\debug\test.dll" id="c1926287-0f25-d7d5-099d-c3286f574d97">
      <Css projectStructure="" iteration="" />
      <Execution timeOut="10000" />
      <Owners>
        <Owner name="" />
      </Owners>
      <TestMethod codeBase="D:\ALinq\Source\Trunk\Test\bin\Debug\Test.dll" adapterTypeName="Microsoft.VisualStudio.TestTools.TestTypes.Unit.UnitTestAdapter, Microsoft.VisualStudio.QualityTools.Tips.UnitTest.Adapter, Version=9.0.0.0, Culture=neutral, PublicKeyToken=b03f5f7f11d50a3a" className="Test.SqlTest, Test" name="Avg_Simple" />
    </UnitTest>
    <UnitTest name="All_Grouped" storage="d:\alinq\source\trunk\test\bin\debug\test.dll" id="5aa8e4b9-ac75-db48-573f-84ad56a88fc0">
      <Css projectStructure="" iteration="" />
      <Owners>
        <Owner name="" />
      </Owners>
      <TestMethod codeBase="D:\ALinq\Source\Trunk\Test\bin\Debug\Test.dll" adapterTypeName="Microsoft.VisualStudio.TestTools.TestTypes.Unit.UnitTestAdapter, Microsoft.VisualStudio.QualityTools.Tips.UnitTest.Adapter, Version=9.0.0.0, Culture=neutral, PublicKeyToken=b03f5f7f11d50a3a" className="Test.DB2Test, Test" name="All_Grouped" />
    </UnitTest>
    <UnitTest name="TableExists" storage="d:\alinq\source\trunk\test\bin\debug\test.dll" id="f64c1fd7-12cc-a212-d01f-ac80040d25e4">
      <Css projectStructure="" iteration="" />
      <Owners>
        <Owner name="" />
      </Owners>
      <TestMethod codeBase="D:\ALinq\Source\Trunk\Test\bin\Debug\Test.dll" adapterTypeName="Microsoft.VisualStudio.TestTools.TestTypes.Unit.UnitTestAdapter, Microsoft.VisualStudio.QualityTools.Tips.UnitTest.Adapter, Version=9.0.0.0, Culture=neutral, PublicKeyToken=b03f5f7f11d50a3a" className="Test.NorOracleTest, Test" name="TableExists" />
    </UnitTest>
    <UnitTest name="Sum_Simple" storage="d:\alinq\source\trunk\test\bin\debug\test.dll" id="6b843186-7fe8-db95-6d3b-55a9ea39de72">
      <Css projectStructure="" iteration="" />
      <Owners>
        <Owner name="" />
      </Owners>
      <TestMethod codeBase="D:\ALinq\Source\Trunk\Test\bin\Debug\Test.dll" adapterTypeName="Microsoft.VisualStudio.TestTools.TestTypes.Unit.UnitTestAdapter, Microsoft.VisualStudio.QualityTools.Tips.UnitTest.Adapter, Version=9.0.0.0, Culture=neutral, PublicKeyToken=b03f5f7f11d50a3a" className="Test.OdpOracleTest, Test" name="Sum_Simple" />
    </UnitTest>
    <UnitTest name="Math_Abs" storage="d:\alinq\source\trunk\test\bin\debug\test.dll" id="051235bd-a218-4c69-f9ef-0fb2b23484c6">
      <Css projectStructure="" iteration="" />
      <Owners>
        <Owner name="" />
      </Owners>
      <TestMethod codeBase="D:\ALinq\Source\Trunk\Test\bin\Debug\Test.dll" adapterTypeName="Microsoft.VisualStudio.TestTools.TestTypes.Unit.UnitTestAdapter, Microsoft.VisualStudio.QualityTools.Tips.UnitTest.Adapter, Version=9.0.0.0, Culture=neutral, PublicKeyToken=b03f5f7f11d50a3a" className="Test.SQL2005Test, Test" name="Math_Abs" />
    </UnitTest>
    <UnitTest name="StringConcat" storage="d:\alinq\source\trunk\test\bin\debug\test.dll" id="ab7f8f68-6697-f7b7-cfcd-30efdf2fa6c6">
      <Css projectStructure="" iteration="" />
      <Owners>
        <Owner name="" />
      </Owners>
      <TestMethod codeBase="D:\ALinq\Source\Trunk\Test\bin\Debug\Test.dll" adapterTypeName="Microsoft.VisualStudio.TestTools.TestTypes.Unit.UnitTestAdapter, Microsoft.VisualStudio.QualityTools.Tips.UnitTest.Adapter, Version=9.0.0.0, Culture=neutral, PublicKeyToken=b03f5f7f11d50a3a" className="Test.SQLiteTest, Test" name="StringConcat" />
    </UnitTest>
    <UnitTest name="String_NullSelect" storage="d:\alinq\source\trunk\test\bin\debug\test.dll" id="626ff9e0-5294-9e43-d22e-764e0ac4903e">
      <Css projectStructure="" iteration="" />
      <Owners>
        <Owner name="" />
      </Owners>
      <TestMethod codeBase="D:\ALinq\Source\Trunk\Test\bin\Debug\Test.dll" adapterTypeName="Microsoft.VisualStudio.TestTools.TestTypes.Unit.UnitTestAdapter, Microsoft.VisualStudio.QualityTools.Tips.UnitTest.Adapter, Version=9.0.0.0, Culture=neutral, PublicKeyToken=b03f5f7f11d50a3a" className="Test.DB2Test, Test" name="String_NullSelect" />
    </UnitTest>
    <UnitTest name="String_IndexOf1" storage="d:\alinq\source\trunk\test\bin\debug\test.dll" id="8cdc5ac7-0b17-7a3b-4b26-6b851e1cd6b4">
      <Css projectStructure="" iteration="" />
      <Owners>
        <Owner name="" />
      </Owners>
      <TestMethod codeBase="D:\ALinq\Source\Trunk\Test\bin\Debug\Test.dll" adapterTypeName="Microsoft.VisualStudio.TestTools.TestTypes.Unit.UnitTestAdapter, Microsoft.VisualStudio.QualityTools.Tips.UnitTest.Adapter, Version=9.0.0.0, Culture=neutral, PublicKeyToken=b03f5f7f11d50a3a" className="Test.SQLiteTest, Test" name="String_IndexOf1" />
    </UnitTest>
    <UnitTest name="GroupBy_Nested" storage="d:\alinq\source\trunk\test\bin\debug\test.dll" id="f279a378-5c96-3a19-35d7-4b0ffafc08c3">
      <Css projectStructure="" iteration="" />
      <Owners>
        <Owner name="" />
      </Owners>
      <TestMethod codeBase="D:\ALinq\Source\Trunk\Test\bin\Debug\Test.dll" adapterTypeName="Microsoft.VisualStudio.TestTools.TestTypes.Unit.UnitTestAdapter, Microsoft.VisualStudio.QualityTools.Tips.UnitTest.Adapter, Version=9.0.0.0, Culture=neutral, PublicKeyToken=b03f5f7f11d50a3a" className="Test.AccessTest, Test" name="GroupBy_Nested" />
    </UnitTest>
    <UnitTest name="Avg_Simple" storage="d:\alinq\source\trunk\test\bin\debug\test.dll" id="bd0ad440-ac2f-17aa-4656-32dc72f0851a">
      <Css projectStructure="" iteration="" />
      <Execution timeOut="10000" />
      <Owners>
        <Owner name="" />
      </Owners>
      <TestMethod codeBase="D:\ALinq\Source\Trunk\Test\bin\Debug\Test.dll" adapterTypeName="Microsoft.VisualStudio.TestTools.TestTypes.Unit.UnitTestAdapter, Microsoft.VisualStudio.QualityTools.Tips.UnitTest.Adapter, Version=9.0.0.0, Culture=neutral, PublicKeyToken=b03f5f7f11d50a3a" className="Test.SQL2005Test, Test" name="Avg_Simple" />
    </UnitTest>
    <UnitTest name="GroupBy_Nested" storage="d:\alinq\source\trunk\test\bin\debug\test.dll" id="b79e19b8-4462-447a-22c9-9ca4c1f7c4e0">
      <Css projectStructure="" iteration="" />
      <Owners>
        <Owner name="" />
      </Owners>
      <TestMethod codeBase="D:\ALinq\Source\Trunk\Test\bin\Debug\Test.dll" adapterTypeName="Microsoft.VisualStudio.TestTools.TestTypes.Unit.UnitTestAdapter, Microsoft.VisualStudio.QualityTools.Tips.UnitTest.Adapter, Version=9.0.0.0, Culture=neutral, PublicKeyToken=b03f5f7f11d50a3a" className="Test.PgsqlTest, Test" name="GroupBy_Nested" />
    </UnitTest>
    <UnitTest name="GroupByCount" storage="d:\alinq\source\trunk\test\bin\debug\test.dll" id="2fae6a47-f3d4-5323-dcc7-ba5dabc7194f">
      <Css projectStructure="" iteration="" />
      <Owners>
        <Owner name="" />
      </Owners>
      <TestMethod codeBase="D:\ALinq\Source\Trunk\Test\bin\Debug\Test.dll" adapterTypeName="Microsoft.VisualStudio.TestTools.TestTypes.Unit.UnitTestAdapter, Microsoft.VisualStudio.QualityTools.Tips.UnitTest.Adapter, Version=9.0.0.0, Culture=neutral, PublicKeyToken=b03f5f7f11d50a3a" className="Test.OdpOracleTest, Test" name="GroupByCount" />
    </UnitTest>
    <UnitTest name="Math_Atan2" storage="d:\alinq\source\trunk\test\bin\debug\test.dll" id="b42326eb-7bec-b1cb-e9c6-eb48678d5684">
      <Css projectStructure="" iteration="" />
      <Owners>
        <Owner name="" />
      </Owners>
      <TestMethod codeBase="D:\ALinq\Source\Trunk\Test\bin\Debug\Test.dll" adapterTypeName="Microsoft.VisualStudio.TestTools.TestTypes.Unit.UnitTestAdapter, Microsoft.VisualStudio.QualityTools.Tips.UnitTest.Adapter, Version=9.0.0.0, Culture=neutral, PublicKeyToken=b03f5f7f11d50a3a" className="Test.SQL2000Test, Test" name="Math_Atan2" />
    </UnitTest>
    <UnitTest name="Sum_Empty" storage="d:\alinq\source\trunk\test\bin\debug\test.dll" id="17c04c44-08af-3eca-0fcf-941c83ec2f74">
      <Css projectStructure="" iteration="" />
      <Owners>
        <Owner name="" />
      </Owners>
      <TestMethod codeBase="D:\ALinq\Source\Trunk\Test\bin\Debug\Test.dll" adapterTypeName="Microsoft.VisualStudio.TestTools.TestTypes.Unit.UnitTestAdapter, Microsoft.VisualStudio.QualityTools.Tips.UnitTest.Adapter, Version=9.0.0.0, Culture=neutral, PublicKeyToken=b03f5f7f11d50a3a" className="Test.SQLiteTest, Test" name="Sum_Empty" />
    </UnitTest>
    <UnitTest name="DateTime_AddMinutes" storage="d:\alinq\source\trunk\test\bin\debug\test.dll" id="89e14287-e43d-d708-93f0-7158a62f92a9">
      <Css projectStructure="" iteration="" />
      <Owners>
        <Owner name="" />
      </Owners>
      <TestMethod codeBase="D:\ALinq\Source\Trunk\Test\bin\Debug\Test.dll" adapterTypeName="Microsoft.VisualStudio.TestTools.TestTypes.Unit.UnitTestAdapter, Microsoft.VisualStudio.QualityTools.Tips.UnitTest.Adapter, Version=9.0.0.0, Culture=neutral, PublicKeyToken=b03f5f7f11d50a3a" className="Test.FirebirdTest, Test" name="DateTime_AddMinutes" />
    </UnitTest>
    <UnitTest name="DateTimeLE" storage="d:\alinq\source\trunk\test\bin\debug\test.dll" id="3c556e7b-3a88-4c68-d43f-ac85bed83e69">
      <Css projectStructure="" iteration="" />
      <Owners>
        <Owner name="" />
      </Owners>
      <TestMethod codeBase="D:\ALinq\Source\Trunk\Test\bin\Debug\Test.dll" adapterTypeName="Microsoft.VisualStudio.TestTools.TestTypes.Unit.UnitTestAdapter, Microsoft.VisualStudio.QualityTools.Tips.UnitTest.Adapter, Version=9.0.0.0, Culture=neutral, PublicKeyToken=b03f5f7f11d50a3a" className="Test.SQL2000Test, Test" name="DateTimeLE" />
    </UnitTest>
    <UnitTest name="String_TrimStart" storage="d:\alinq\source\trunk\test\bin\debug\test.dll" id="224052a5-94d1-4626-891a-39321cc7795e">
      <Css projectStructure="" iteration="" />
      <Owners>
        <Owner name="" />
      </Owners>
      <TestMethod codeBase="D:\ALinq\Source\Trunk\Test\bin\Debug\Test.dll" adapterTypeName="Microsoft.VisualStudio.TestTools.TestTypes.Unit.UnitTestAdapter, Microsoft.VisualStudio.QualityTools.Tips.UnitTest.Adapter, Version=9.0.0.0, Culture=neutral, PublicKeyToken=b03f5f7f11d50a3a" className="Test.PgsqlTest, Test" name="String_TrimStart" />
    </UnitTest>
    <UnitTest name="String_IndexOf4" storage="d:\alinq\source\trunk\test\bin\debug\test.dll" id="f74bbe1e-cce8-f1d5-4d07-ec604b621117">
      <Css projectStructure="" iteration="" />
      <Owners>
        <Owner name="" />
      </Owners>
      <TestMethod codeBase="D:\ALinq\Source\Trunk\Test\bin\Debug\Test.dll" adapterTypeName="Microsoft.VisualStudio.TestTools.TestTypes.Unit.UnitTestAdapter, Microsoft.VisualStudio.QualityTools.Tips.UnitTest.Adapter, Version=9.0.0.0, Culture=neutral, PublicKeyToken=b03f5f7f11d50a3a" className="Test.SQLiteTest, Test" name="String_IndexOf4" />
    </UnitTest>
    <UnitTest name="Min_Simple" storage="d:\alinq\source\trunk\test\bin\debug\test.dll" id="2af94fec-d2db-a66d-8aff-c53fe78493e3">
      <Css projectStructure="" iteration="" />
      <Owners>
        <Owner name="" />
      </Owners>
      <TestMethod codeBase="D:\ALinq\Source\Trunk\Test\bin\Debug\Test.dll" adapterTypeName="Microsoft.VisualStudio.TestTools.TestTypes.Unit.UnitTestAdapter, Microsoft.VisualStudio.QualityTools.Tips.UnitTest.Adapter, Version=9.0.0.0, Culture=neutral, PublicKeyToken=b03f5f7f11d50a3a" className="Test.OdpOracleTest, Test" name="Min_Simple" />
    </UnitTest>
    <UnitTest name="CRUD_Update4" storage="d:\alinq\source\trunk\test\bin\debug\test.dll" id="c097a966-dd55-fe6b-c3e8-c14bc6649d92">
      <Css projectStructure="" iteration="" />
      <Owners>
        <Owner name="" />
      </Owners>
      <TestMethod codeBase="D:\ALinq\Source\Trunk\Test\bin\Debug\Test.dll" adapterTypeName="Microsoft.VisualStudio.TestTools.TestTypes.Unit.UnitTestAdapter, Microsoft.VisualStudio.QualityTools.Tips.UnitTest.Adapter, Version=9.0.0.0, Culture=neutral, PublicKeyToken=b03f5f7f11d50a3a" className="Test.PgsqlTest, Test" name="CRUD_Update4" />
    </UnitTest>
    <UnitTest name="OrderBy_GroupBy" storage="d:\alinq\source\trunk\test\bin\debug\test.dll" id="a0c79d34-81a7-c451-037d-d191ad713823">
      <Css projectStructure="" iteration="" />
      <Owners>
        <Owner name="" />
      </Owners>
      <TestMethod codeBase="D:\ALinq\Source\Trunk\Test\bin\Debug\Test.dll" adapterTypeName="Microsoft.VisualStudio.TestTools.TestTypes.Unit.UnitTestAdapter, Microsoft.VisualStudio.QualityTools.Tips.UnitTest.Adapter, Version=9.0.0.0, Culture=neutral, PublicKeyToken=b03f5f7f11d50a3a" className="Test.NorOracleTest, Test" name="OrderBy_GroupBy" />
    </UnitTest>
    <UnitTest name="Distinct2" storage="d:\alinq\source\trunk\test\bin\debug\test.dll" id="77e6af6c-c845-67df-abee-578cf3a08b9d">
      <Css projectStructure="" iteration="" />
      <Owners>
        <Owner name="" />
      </Owners>
      <TestMethod codeBase="D:\ALinq\Source\Trunk\Test\bin\Debug\Test.dll" adapterTypeName="Microsoft.VisualStudio.TestTools.TestTypes.Unit.UnitTestAdapter, Microsoft.VisualStudio.QualityTools.Tips.UnitTest.Adapter, Version=9.0.0.0, Culture=neutral, PublicKeyToken=b03f5f7f11d50a3a" className="Test.FirebirdTest, Test" name="Distinct2" />
    </UnitTest>
    <UnitTest name="DataType_Int64" storage="d:\alinq\source\trunk\test\bin\debug\test.dll" id="d0470b17-1916-c143-8f2b-1b7937a5bdbc">
      <Css projectStructure="" iteration="" />
      <Owners>
        <Owner name="" />
      </Owners>
      <TestMethod codeBase="D:\ALinq\Source\Trunk\Test\bin\Debug\Test.dll" adapterTypeName="Microsoft.VisualStudio.TestTools.TestTypes.Unit.UnitTestAdapter, Microsoft.VisualStudio.QualityTools.Tips.UnitTest.Adapter, Version=9.0.0.0, Culture=neutral, PublicKeyToken=b03f5f7f11d50a3a" className="Test.MySqlTest, Test" name="DataType_Int64" />
    </UnitTest>
    <UnitTest name="Skip_Simple" storage="d:\alinq\source\trunk\test\bin\debug\test.dll" id="388d948b-3d08-eca7-d65f-c35672362e3a">
      <Css projectStructure="" iteration="" />
      <Owners>
        <Owner name="" />
      </Owners>
      <TestMethod codeBase="D:\ALinq\Source\Trunk\Test\bin\Debug\Test.dll" adapterTypeName="Microsoft.VisualStudio.TestTools.TestTypes.Unit.UnitTestAdapter, Microsoft.VisualStudio.QualityTools.Tips.UnitTest.Adapter, Version=9.0.0.0, Culture=neutral, PublicKeyToken=b03f5f7f11d50a3a" className="Test.SQL2005Test, Test" name="Skip_Simple" />
    </UnitTest>
    <UnitTest name="OrderBy_GroupBy" storage="d:\alinq\source\trunk\test\bin\debug\test.dll" id="1a53e657-caa2-d7e7-ad80-b2a384bdb7f1">
      <Css projectStructure="" iteration="" />
      <Owners>
        <Owner name="" />
      </Owners>
      <TestMethod codeBase="D:\ALinq\Source\Trunk\Test\bin\Debug\Test.dll" adapterTypeName="Microsoft.VisualStudio.TestTools.TestTypes.Unit.UnitTestAdapter, Microsoft.VisualStudio.QualityTools.Tips.UnitTest.Adapter, Version=9.0.0.0, Culture=neutral, PublicKeyToken=b03f5f7f11d50a3a" className="Test.AccessTest, Test" name="OrderBy_GroupBy" />
    </UnitTest>
    <UnitTest name="Convert_ToInt64" storage="d:\alinq\source\trunk\test\bin\debug\test.dll" id="2a23c614-01a4-ed61-5877-c43575ebd5f0">
      <Css projectStructure="" iteration="" />
      <Owners>
        <Owner name="" />
      </Owners>
      <TestMethod codeBase="D:\ALinq\Source\Trunk\Test\bin\Debug\Test.dll" adapterTypeName="Microsoft.VisualStudio.TestTools.TestTypes.Unit.UnitTestAdapter, Microsoft.VisualStudio.QualityTools.Tips.UnitTest.Adapter, Version=9.0.0.0, Culture=neutral, PublicKeyToken=b03f5f7f11d50a3a" className="Test.FirebirdTest, Test" name="Convert_ToInt64" />
    </UnitTest>
    <UnitTest name="StringToLower" storage="d:\alinq\source\trunk\test\bin\debug\test.dll" id="107706be-d9fe-aa2b-95ec-cef103879014">
      <Css projectStructure="" iteration="" />
      <Owners>
        <Owner name="" />
      </Owners>
      <TestMethod codeBase="D:\ALinq\Source\Trunk\Test\bin\Debug\Test.dll" adapterTypeName="Microsoft.VisualStudio.TestTools.TestTypes.Unit.UnitTestAdapter, Microsoft.VisualStudio.QualityTools.Tips.UnitTest.Adapter, Version=9.0.0.0, Culture=neutral, PublicKeyToken=b03f5f7f11d50a3a" className="Test.AccessTest, Test" name="StringToLower" />
    </UnitTest>
    <UnitTest name="CRUD_Insert1" storage="d:\alinq\source\trunk\test\bin\debug\test.dll" id="e3807015-e6d9-6220-044c-999f5a2fe1e5">
      <Css projectStructure="" iteration="" />
      <Owners>
        <Owner name="" />
      </Owners>
      <TestMethod codeBase="D:\ALinq\Source\Trunk\Test\bin\Debug\Test.dll" adapterTypeName="Microsoft.VisualStudio.TestTools.TestTypes.Unit.UnitTestAdapter, Microsoft.VisualStudio.QualityTools.Tips.UnitTest.Adapter, Version=9.0.0.0, Culture=neutral, PublicKeyToken=b03f5f7f11d50a3a" className="Test.DB2Test, Test" name="CRUD_Insert1" />
    </UnitTest>
    <UnitTest name="DateTime_TimeOfDay" storage="d:\alinq\source\trunk\test\bin\debug\test.dll" id="0607a480-df77-a215-cdc0-5ca66f5d4486">
      <Css projectStructure="" iteration="" />
      <Owners>
        <Owner name="" />
      </Owners>
      <TestMethod codeBase="D:\ALinq\Source\Trunk\Test\bin\Debug\Test.dll" adapterTypeName="Microsoft.VisualStudio.TestTools.TestTypes.Unit.UnitTestAdapter, Microsoft.VisualStudio.QualityTools.Tips.UnitTest.Adapter, Version=9.0.0.0, Culture=neutral, PublicKeyToken=b03f5f7f11d50a3a" className="Test.MySqlTest, Test" name="DateTime_TimeOfDay" />
    </UnitTest>
    <UnitTest name="DateTime_Month" storage="d:\alinq\source\trunk\test\bin\debug\test.dll" id="31d1bf8f-6dcf-7c71-4b42-677d88eb6ad4">
      <Css projectStructure="" iteration="" />
      <Owners>
        <Owner name="" />
      </Owners>
      <TestMethod codeBase="D:\ALinq\Source\Trunk\Test\bin\Debug\Test.dll" adapterTypeName="Microsoft.VisualStudio.TestTools.TestTypes.Unit.UnitTestAdapter, Microsoft.VisualStudio.QualityTools.Tips.UnitTest.Adapter, Version=9.0.0.0, Culture=neutral, PublicKeyToken=b03f5f7f11d50a3a" className="Test.SQL2005Test, Test" name="DateTime_Month" />
    </UnitTest>
    <UnitTest name="Union" storage="d:\alinq\source\trunk\test\bin\debug\test.dll" id="56ac1acd-e862-3beb-e348-27bb296321b8">
      <Css projectStructure="" iteration="" />
      <Owners>
        <Owner name="" />
      </Owners>
      <TestMethod codeBase="D:\ALinq\Source\Trunk\Test\bin\Debug\Test.dll" adapterTypeName="Microsoft.VisualStudio.TestTools.TestTypes.Unit.UnitTestAdapter, Microsoft.VisualStudio.QualityTools.Tips.UnitTest.Adapter, Version=9.0.0.0, Culture=neutral, PublicKeyToken=b03f5f7f11d50a3a" className="Test.DB2Test, Test" name="Union" />
    </UnitTest>
    <UnitTest name="StringContain" storage="d:\alinq\source\trunk\test\bin\debug\test.dll" id="d832e685-41a7-0c87-d8b7-f4b2fdc4a80a">
      <Css projectStructure="" iteration="" />
      <Owners>
        <Owner name="" />
      </Owners>
      <TestMethod codeBase="D:\ALinq\Source\Trunk\Test\bin\Debug\Test.dll" adapterTypeName="Microsoft.VisualStudio.TestTools.TestTypes.Unit.UnitTestAdapter, Microsoft.VisualStudio.QualityTools.Tips.UnitTest.Adapter, Version=9.0.0.0, Culture=neutral, PublicKeyToken=b03f5f7f11d50a3a" className="Test.FirebirdTest, Test" name="StringContain" />
    </UnitTest>
    <UnitTest name="DateTime_AddMonths" storage="d:\alinq\source\trunk\test\bin\debug\test.dll" id="65b1df80-e80e-16ba-ddd6-9262b72b0f58">
      <Css projectStructure="" iteration="" />
      <Owners>
        <Owner name="" />
      </Owners>
      <TestMethod codeBase="D:\ALinq\Source\Trunk\Test\bin\Debug\Test.dll" adapterTypeName="Microsoft.VisualStudio.TestTools.TestTypes.Unit.UnitTestAdapter, Microsoft.VisualStudio.QualityTools.Tips.UnitTest.Adapter, Version=9.0.0.0, Culture=neutral, PublicKeyToken=b03f5f7f11d50a3a" className="Test.MySqlTest, Test" name="DateTime_AddMonths" />
    </UnitTest>
    <UnitTest name="String_TrimEnd" storage="d:\alinq\source\trunk\test\bin\debug\test.dll" id="7d8e8d60-081a-647d-5c54-e013795ceb73">
      <Css projectStructure="" iteration="" />
      <Owners>
        <Owner name="" />
      </Owners>
      <TestMethod codeBase="D:\ALinq\Source\Trunk\Test\bin\Debug\Test.dll" adapterTypeName="Microsoft.VisualStudio.TestTools.TestTypes.Unit.UnitTestAdapter, Microsoft.VisualStudio.QualityTools.Tips.UnitTest.Adapter, Version=9.0.0.0, Culture=neutral, PublicKeyToken=b03f5f7f11d50a3a" className="Test.SqlTest, Test" name="String_TrimEnd" />
    </UnitTest>
    <UnitTest name="Convert_ToBoolean" storage="d:\alinq\source\trunk\test\bin\debug\test.dll" id="af4c10bc-373c-ffa1-5f22-a1bd21ec2d3a">
      <Css projectStructure="" iteration="" />
      <Owners>
        <Owner name="" />
      </Owners>
      <TestMethod codeBase="D:\ALinq\Source\Trunk\Test\bin\Debug\Test.dll" adapterTypeName="Microsoft.VisualStudio.TestTools.TestTypes.Unit.UnitTestAdapter, Microsoft.VisualStudio.QualityTools.Tips.UnitTest.Adapter, Version=9.0.0.0, Culture=neutral, PublicKeyToken=b03f5f7f11d50a3a" className="Test.SQL2005Test, Test" name="Convert_ToBoolean" />
    </UnitTest>
    <UnitTest name="AddCategory" storage="d:\alinq\source\trunk\test\bin\debug\test.dll" id="dcaabf38-294b-5b00-ce4a-f4432a09e911">
      <Css projectStructure="" iteration="" />
      <Owners>
        <Owner name="" />
      </Owners>
      <TestMethod codeBase="D:\ALinq\Source\Trunk\Test\bin\Debug\Test.dll" adapterTypeName="Microsoft.VisualStudio.TestTools.TestTypes.Unit.UnitTestAdapter, Microsoft.VisualStudio.QualityTools.Tips.UnitTest.Adapter, Version=9.0.0.0, Culture=neutral, PublicKeyToken=b03f5f7f11d50a3a" className="Test.MySqlProcedureTest, Test" name="AddCategory" />
    </UnitTest>
    <UnitTest name="Math_Ceiling" storage="d:\alinq\source\trunk\test\bin\debug\test.dll" id="9b76c11b-2588-c281-9289-2b316bb49652">
      <Css projectStructure="" iteration="" />
      <Owners>
        <Owner name="" />
      </Owners>
      <TestMethod codeBase="D:\ALinq\Source\Trunk\Test\bin\Debug\Test.dll" adapterTypeName="Microsoft.VisualStudio.TestTools.TestTypes.Unit.UnitTestAdapter, Microsoft.VisualStudio.QualityTools.Tips.UnitTest.Adapter, Version=9.0.0.0, Culture=neutral, PublicKeyToken=b03f5f7f11d50a3a" className="Test.PgsqlTest, Test" name="Math_Ceiling" />
    </UnitTest>
    <UnitTest name="Test2" storage="d:\alinq\source\trunk\test\bin\debug\test.dll" id="8eb45f43-5266-41e8-815c-bde5d9727e7b">
      <Css projectStructure="" iteration="" />
      <Owners>
        <Owner name="" />
      </Owners>
      <TestMethod codeBase="D:\ALinq\Source\Trunk\Test\bin\Debug\Test.dll" adapterTypeName="Microsoft.VisualStudio.TestTools.TestTypes.Unit.UnitTestAdapter, Microsoft.VisualStudio.QualityTools.Tips.UnitTest.Adapter, Version=9.0.0.0, Culture=neutral, PublicKeyToken=b03f5f7f11d50a3a" className="Test.FirebirdTest, Test" name="Test2" />
    </UnitTest>
    <UnitTest name="Convert_ToString" storage="d:\alinq\source\trunk\test\bin\debug\test.dll" id="c5e06805-8518-b12d-bc52-4f8c3b19376b">
      <Css projectStructure="" iteration="" />
      <Owners>
        <Owner name="" />
      </Owners>
      <TestMethod codeBase="D:\ALinq\Source\Trunk\Test\bin\Debug\Test.dll" adapterTypeName="Microsoft.VisualStudio.TestTools.TestTypes.Unit.UnitTestAdapter, Microsoft.VisualStudio.QualityTools.Tips.UnitTest.Adapter, Version=9.0.0.0, Culture=neutral, PublicKeyToken=b03f5f7f11d50a3a" className="Test.OdpOracleTest, Test" name="Convert_ToString" />
    </UnitTest>
    <UnitTest name="TempTest" storage="d:\alinq\source\trunk\test\bin\debug\test.dll" id="2c312251-7712-a397-6e63-679e5bbe62be">
      <Css projectStructure="" iteration="" />
      <Owners>
        <Owner name="" />
      </Owners>
      <TestMethod codeBase="D:\ALinq\Source\Trunk\Test\bin\Debug\Test.dll" adapterTypeName="Microsoft.VisualStudio.TestTools.TestTypes.Unit.UnitTestAdapter, Microsoft.VisualStudio.QualityTools.Tips.UnitTest.Adapter, Version=9.0.0.0, Culture=neutral, PublicKeyToken=b03f5f7f11d50a3a" className="Test.NorOracleTest, Test" name="TempTest" />
    </UnitTest>
    <UnitTest name="DateTimeLT" storage="d:\alinq\source\trunk\test\bin\debug\test.dll" id="5a675e4f-190e-5cc5-79ec-943e65836a56">
      <Css projectStructure="" iteration="" />
      <Owners>
        <Owner name="" />
      </Owners>
      <TestMethod codeBase="D:\ALinq\Source\Trunk\Test\bin\Debug\Test.dll" adapterTypeName="Microsoft.VisualStudio.TestTools.TestTypes.Unit.UnitTestAdapter, Microsoft.VisualStudio.QualityTools.Tips.UnitTest.Adapter, Version=9.0.0.0, Culture=neutral, PublicKeyToken=b03f5f7f11d50a3a" className="Test.DB2Test, Test" name="DateTimeLT" />
    </UnitTest>
    <UnitTest name="Math_Round2" storage="d:\alinq\source\trunk\test\bin\debug\test.dll" id="f4dacd84-8ad7-cfbb-dfc1-54a80944304c">
      <Css projectStructure="" iteration="" />
      <Owners>
        <Owner name="" />
      </Owners>
      <TestMethod codeBase="D:\ALinq\Source\Trunk\Test\bin\Debug\Test.dll" adapterTypeName="Microsoft.VisualStudio.TestTools.TestTypes.Unit.UnitTestAdapter, Microsoft.VisualStudio.QualityTools.Tips.UnitTest.Adapter, Version=9.0.0.0, Culture=neutral, PublicKeyToken=b03f5f7f11d50a3a" className="Test.MySqlTest, Test" name="Math_Round2" />
    </UnitTest>
    <UnitTest name="GetCategoryName1" storage="d:\alinq\source\trunk\test\bin\debug\test.dll" id="769d273b-9c8d-de98-d709-ea426ef9dc2e">
      <Css projectStructure="" iteration="" />
      <Owners>
        <Owner name="" />
      </Owners>
      <TestMethod codeBase="D:\ALinq\Source\Trunk\Test\bin\Debug\Test.dll" adapterTypeName="Microsoft.VisualStudio.TestTools.TestTypes.Unit.UnitTestAdapter, Microsoft.VisualStudio.QualityTools.Tips.UnitTest.Adapter, Version=9.0.0.0, Culture=neutral, PublicKeyToken=b03f5f7f11d50a3a" className="Test.MySqlProcedureTest, Test" name="GetCategoryName1" />
    </UnitTest>
    <UnitTest name="Math_Tan" storage="d:\alinq\source\trunk\test\bin\debug\test.dll" id="9431218b-a5cc-8788-677b-87e263ac4912">
      <Css projectStructure="" iteration="" />
      <Owners>
        <Owner name="" />
      </Owners>
      <TestMethod codeBase="D:\ALinq\Source\Trunk\Test\bin\Debug\Test.dll" adapterTypeName="Microsoft.VisualStudio.TestTools.TestTypes.Unit.UnitTestAdapter, Microsoft.VisualStudio.QualityTools.Tips.UnitTest.Adapter, Version=9.0.0.0, Culture=neutral, PublicKeyToken=b03f5f7f11d50a3a" className="Test.FirebirdTest, Test" name="Math_Tan" />
    </UnitTest>
    <UnitTest name="String_Equals3" storage="d:\alinq\source\trunk\test\bin\debug\test.dll" id="7037a1fe-d983-4774-164d-a361cedce862">
      <Css projectStructure="" iteration="" />
      <Owners>
        <Owner name="" />
      </Owners>
      <TestMethod codeBase="D:\ALinq\Source\Trunk\Test\bin\Debug\Test.dll" adapterTypeName="Microsoft.VisualStudio.TestTools.TestTypes.Unit.UnitTestAdapter, Microsoft.VisualStudio.QualityTools.Tips.UnitTest.Adapter, Version=9.0.0.0, Culture=neutral, PublicKeyToken=b03f5f7f11d50a3a" className="Test.NorOracleTest, Test" name="String_Equals3" />
    </UnitTest>
    <UnitTest name="GetDefaultValue" storage="d:\alinq\source\trunk\test\bin\debug\test.dll" id="fe68e0d3-f639-5ecb-8d46-d474e2419f93">
      <Css projectStructure="" iteration="" />
      <Owners>
        <Owner name="" />
      </Owners>
      <TestMethod codeBase="D:\ALinq\Source\Trunk\Test\bin\Debug\Test.dll" adapterTypeName="Microsoft.VisualStudio.TestTools.TestTypes.Unit.UnitTestAdapter, Microsoft.VisualStudio.QualityTools.Tips.UnitTest.Adapter, Version=9.0.0.0, Culture=neutral, PublicKeyToken=b03f5f7f11d50a3a" className="Test.SQL2000Test, Test" name="GetDefaultValue" />
    </UnitTest>
    <UnitTest name="Join_LeftOuter" storage="d:\alinq\source\trunk\test\bin\debug\test.dll" id="19f07334-414f-8713-950f-33b720105502">
      <Css projectStructure="" iteration="" />
      <Owners>
        <Owner name="" />
      </Owners>
      <TestMethod codeBase="D:\ALinq\Source\Trunk\Test\bin\Debug\Test.dll" adapterTypeName="Microsoft.VisualStudio.TestTools.TestTypes.Unit.UnitTestAdapter, Microsoft.VisualStudio.QualityTools.Tips.UnitTest.Adapter, Version=9.0.0.0, Culture=neutral, PublicKeyToken=b03f5f7f11d50a3a" className="Test.SQLiteTest, Test" name="Join_LeftOuter" />
    </UnitTest>
    <UnitTest name="String_Equals2" storage="d:\alinq\source\trunk\test\bin\debug\test.dll" id="cc983e57-82dd-bc35-432e-864cf844d750">
      <Css projectStructure="" iteration="" />
      <Owners>
        <Owner name="" />
      </Owners>
      <TestMethod codeBase="D:\ALinq\Source\Trunk\Test\bin\Debug\Test.dll" adapterTypeName="Microsoft.VisualStudio.TestTools.TestTypes.Unit.UnitTestAdapter, Microsoft.VisualStudio.QualityTools.Tips.UnitTest.Adapter, Version=9.0.0.0, Culture=neutral, PublicKeyToken=b03f5f7f11d50a3a" className="Test.PgsqlTest, Test" name="String_Equals2" />
    </UnitTest>
    <UnitTest name="DeleteTable" storage="d:\alinq\source\trunk\test\bin\debug\test.dll" id="20f3e01d-767e-aa5d-f7bf-6524fe7a875b">
      <Css projectStructure="" iteration="" />
      <Owners>
        <Owner name="" />
      </Owners>
      <TestMethod codeBase="D:\ALinq\Source\Trunk\Test\bin\Debug\Test.dll" adapterTypeName="Microsoft.VisualStudio.TestTools.TestTypes.Unit.UnitTestAdapter, Microsoft.VisualStudio.QualityTools.Tips.UnitTest.Adapter, Version=9.0.0.0, Culture=neutral, PublicKeyToken=b03f5f7f11d50a3a" className="Test.MySqlTest, Test" name="DeleteTable" />
    </UnitTest>
    <UnitTest name="DateTime_Month" storage="d:\alinq\source\trunk\test\bin\debug\test.dll" id="25f70909-d6d1-4c72-66e7-310156b940d4">
      <Css projectStructure="" iteration="" />
      <Owners>
        <Owner name="" />
      </Owners>
      <TestMethod codeBase="D:\ALinq\Source\Trunk\Test\bin\Debug\Test.dll" adapterTypeName="Microsoft.VisualStudio.TestTools.TestTypes.Unit.UnitTestAdapter, Microsoft.VisualStudio.QualityTools.Tips.UnitTest.Adapter, Version=9.0.0.0, Culture=neutral, PublicKeyToken=b03f5f7f11d50a3a" className="Test.FirebirdTest, Test" name="DateTime_Month" />
    </UnitTest>
    <UnitTest name="DataType_Int64" storage="d:\alinq\source\trunk\test\bin\debug\test.dll" id="b6a62f95-dbbe-8297-9a47-3f2a25bfecac">
      <Css projectStructure="" iteration="" />
      <Owners>
        <Owner name="" />
      </Owners>
      <TestMethod codeBase="D:\ALinq\Source\Trunk\Test\bin\Debug\Test.dll" adapterTypeName="Microsoft.VisualStudio.TestTools.TestTypes.Unit.UnitTestAdapter, Microsoft.VisualStudio.QualityTools.Tips.UnitTest.Adapter, Version=9.0.0.0, Culture=neutral, PublicKeyToken=b03f5f7f11d50a3a" className="Test.SqlTest, Test" name="DataType_Int64" />
    </UnitTest>
    <UnitTest name="Avg_Simple" storage="d:\alinq\source\trunk\test\bin\debug\test.dll" id="247aa422-43b6-3fda-33fb-3720fae0fbda">
      <Css projectStructure="" iteration="" />
      <Execution timeOut="10000" />
      <Owners>
        <Owner name="" />
      </Owners>
      <TestMethod codeBase="D:\ALinq\Source\Trunk\Test\bin\Debug\Test.dll" adapterTypeName="Microsoft.VisualStudio.TestTools.TestTypes.Unit.UnitTestAdapter, Microsoft.VisualStudio.QualityTools.Tips.UnitTest.Adapter, Version=9.0.0.0, Culture=neutral, PublicKeyToken=b03f5f7f11d50a3a" className="Test.OdpOracleTest, Test" name="Avg_Simple" />
    </UnitTest>
    <UnitTest name="Select_AnonymousType" storage="d:\alinq\source\trunk\test\bin\debug\test.dll" id="ce25be30-cc15-b52b-6786-26cf08f65e66">
      <Css projectStructure="" iteration="" />
      <Owners>
        <Owner name="" />
      </Owners>
      <TestMethod codeBase="D:\ALinq\Source\Trunk\Test\bin\Debug\Test.dll" adapterTypeName="Microsoft.VisualStudio.TestTools.TestTypes.Unit.UnitTestAdapter, Microsoft.VisualStudio.QualityTools.Tips.UnitTest.Adapter, Version=9.0.0.0, Culture=neutral, PublicKeyToken=b03f5f7f11d50a3a" className="Test.FirebirdTest, Test" name="Select_AnonymousType" />
    </UnitTest>
    <UnitTest name="DataLoadOptionsTest" storage="d:\alinq\source\trunk\test\bin\debug\test.dll" id="80afa14b-8d36-1c8f-39d3-5f0ec5825881">
      <Css projectStructure="" iteration="" />
      <Owners>
        <Owner name="" />
      </Owners>
      <TestMethod codeBase="D:\ALinq\Source\Trunk\Test\bin\Debug\Test.dll" adapterTypeName="Microsoft.VisualStudio.TestTools.TestTypes.Unit.UnitTestAdapter, Microsoft.VisualStudio.QualityTools.Tips.UnitTest.Adapter, Version=9.0.0.0, Culture=neutral, PublicKeyToken=b03f5f7f11d50a3a" className="Test.SQL2000Test, Test" name="DataLoadOptionsTest" />
    </UnitTest>
    <UnitTest name="String_ToLower1" storage="d:\alinq\source\trunk\test\bin\debug\test.dll" id="81552f55-b332-9ebd-8985-26bcf5e6743b">
      <Css projectStructure="" iteration="" />
      <Owners>
        <Owner name="" />
      </Owners>
      <TestMethod codeBase="D:\ALinq\Source\Trunk\Test\bin\Debug\Test.dll" adapterTypeName="Microsoft.VisualStudio.TestTools.TestTypes.Unit.UnitTestAdapter, Microsoft.VisualStudio.QualityTools.Tips.UnitTest.Adapter, Version=9.0.0.0, Culture=neutral, PublicKeyToken=b03f5f7f11d50a3a" className="Test.SQL2005Test, Test" name="String_ToLower1" />
    </UnitTest>
    <UnitTest name="GroupBy_Expression" storage="d:\alinq\source\trunk\test\bin\debug\test.dll" id="e7940ef8-1ca1-a7f5-f4af-9bf6718f6860">
      <Css projectStructure="" iteration="" />
      <Owners>
        <Owner name="" />
      </Owners>
      <TestMethod codeBase="D:\ALinq\Source\Trunk\Test\bin\Debug\Test.dll" adapterTypeName="Microsoft.VisualStudio.TestTools.TestTypes.Unit.UnitTestAdapter, Microsoft.VisualStudio.QualityTools.Tips.UnitTest.Adapter, Version=9.0.0.0, Culture=neutral, PublicKeyToken=b03f5f7f11d50a3a" className="Test.PgsqlTest, Test" name="GroupBy_Expression" />
    </UnitTest>
    <UnitTest name="Skip_Take" storage="d:\alinq\source\trunk\test\bin\debug\test.dll" id="17acb238-867d-869d-d229-97d3b0c3f1c1">
      <Css projectStructure="" iteration="" />
      <Owners>
        <Owner name="" />
      </Owners>
      <TestMethod codeBase="D:\ALinq\Source\Trunk\Test\bin\Debug\Test.dll" adapterTypeName="Microsoft.VisualStudio.TestTools.TestTypes.Unit.UnitTestAdapter, Microsoft.VisualStudio.QualityTools.Tips.UnitTest.Adapter, Version=9.0.0.0, Culture=neutral, PublicKeyToken=b03f5f7f11d50a3a" className="Test.PgsqlTest, Test" name="Skip_Take" />
    </UnitTest>
    <UnitTest name="CRUD_Delete1" storage="d:\alinq\source\trunk\test\bin\debug\test.dll" id="5462f478-66d6-32ae-3d4b-d28a5975a06d">
      <Css projectStructure="" iteration="" />
      <Owners>
        <Owner name="" />
      </Owners>
      <TestMethod codeBase="D:\ALinq\Source\Trunk\Test\bin\Debug\Test.dll" adapterTypeName="Microsoft.VisualStudio.TestTools.TestTypes.Unit.UnitTestAdapter, Microsoft.VisualStudio.QualityTools.Tips.UnitTest.Adapter, Version=9.0.0.0, Culture=neutral, PublicKeyToken=b03f5f7f11d50a3a" className="Test.OdpOracleTest, Test" name="CRUD_Delete1" />
    </UnitTest>
    <UnitTest name="Contains" storage="d:\alinq\source\trunk\test\bin\debug\test.dll" id="6488748f-f232-54df-df52-e22ef42dfca5">
      <Css projectStructure="" iteration="" />
      <Owners>
        <Owner name="" />
      </Owners>
      <TestMethod codeBase="D:\ALinq\Source\Trunk\Test\bin\Debug\Test.dll" adapterTypeName="Microsoft.VisualStudio.TestTools.TestTypes.Unit.UnitTestAdapter, Microsoft.VisualStudio.QualityTools.Tips.UnitTest.Adapter, Version=9.0.0.0, Culture=neutral, PublicKeyToken=b03f5f7f11d50a3a" className="Test.SQL2000Test, Test" name="Contains" />
    </UnitTest>
    <UnitTest name="Count_Empty" storage="d:\alinq\source\trunk\test\bin\debug\test.dll" id="abb4153d-e46f-262e-96f6-f8c0696814fd">
      <Css projectStructure="" iteration="" />
      <Owners>
        <Owner name="" />
      </Owners>
      <TestMethod codeBase="D:\ALinq\Source\Trunk\Test\bin\Debug\Test.dll" adapterTypeName="Microsoft.VisualStudio.TestTools.TestTypes.Unit.UnitTestAdapter, Microsoft.VisualStudio.QualityTools.Tips.UnitTest.Adapter, Version=9.0.0.0, Culture=neutral, PublicKeyToken=b03f5f7f11d50a3a" className="Test.SqlTest, Test" name="Count_Empty" />
    </UnitTest>
    <UnitTest name="All_Simple" storage="d:\alinq\source\trunk\test\bin\debug\test.dll" id="56a670b4-3a02-7143-06b6-815c4be74d78">
      <Css projectStructure="" iteration="" />
      <Owners>
        <Owner name="" />
      </Owners>
      <TestMethod codeBase="D:\ALinq\Source\Trunk\Test\bin\Debug\Test.dll" adapterTypeName="Microsoft.VisualStudio.TestTools.TestTypes.Unit.UnitTestAdapter, Microsoft.VisualStudio.QualityTools.Tips.UnitTest.Adapter, Version=9.0.0.0, Culture=neutral, PublicKeyToken=b03f5f7f11d50a3a" className="Test.NorOracleTest, Test" name="All_Simple" />
    </UnitTest>
    <UnitTest name="Count_Grouped" storage="d:\alinq\source\trunk\test\bin\debug\test.dll" id="9c0404a1-01eb-776f-80f8-5b119c8fd6b3">
      <Css projectStructure="" iteration="" />
      <Owners>
        <Owner name="" />
      </Owners>
      <TestMethod codeBase="D:\ALinq\Source\Trunk\Test\bin\Debug\Test.dll" adapterTypeName="Microsoft.VisualStudio.TestTools.TestTypes.Unit.UnitTestAdapter, Microsoft.VisualStudio.QualityTools.Tips.UnitTest.Adapter, Version=9.0.0.0, Culture=neutral, PublicKeyToken=b03f5f7f11d50a3a" className="Test.SQL2005Test, Test" name="Count_Grouped" />
    </UnitTest>
    <UnitTest name="DateTime_AddHours" storage="d:\alinq\source\trunk\test\bin\debug\test.dll" id="6b2bd6d4-267f-5b0e-95e5-99258af8f3e4">
      <Css projectStructure="" iteration="" />
      <Owners>
        <Owner name="" />
      </Owners>
      <TestMethod codeBase="D:\ALinq\Source\Trunk\Test\bin\Debug\Test.dll" adapterTypeName="Microsoft.VisualStudio.TestTools.TestTypes.Unit.UnitTestAdapter, Microsoft.VisualStudio.QualityTools.Tips.UnitTest.Adapter, Version=9.0.0.0, Culture=neutral, PublicKeyToken=b03f5f7f11d50a3a" className="Test.NorOracleTest, Test" name="DateTime_AddHours" />
    </UnitTest>
    <UnitTest name="GroupBy_ConditionalCount" storage="d:\alinq\source\trunk\test\bin\debug\test.dll" id="7402905b-847c-97bb-4ad5-21a49083d3e5">
      <Css projectStructure="" iteration="" />
      <Owners>
        <Owner name="" />
      </Owners>
      <TestMethod codeBase="D:\ALinq\Source\Trunk\Test\bin\Debug\Test.dll" adapterTypeName="Microsoft.VisualStudio.TestTools.TestTypes.Unit.UnitTestAdapter, Microsoft.VisualStudio.QualityTools.Tips.UnitTest.Adapter, Version=9.0.0.0, Culture=neutral, PublicKeyToken=b03f5f7f11d50a3a" className="Test.DB2Test, Test" name="GroupBy_ConditionalCount" />
    </UnitTest>
    <UnitTest name="LongCount" storage="d:\alinq\source\trunk\test\bin\debug\test.dll" id="424ce212-6365-c22b-6a10-20d14870e625">
      <Css projectStructure="" iteration="" />
      <Owners>
        <Owner name="" />
      </Owners>
      <TestMethod codeBase="D:\ALinq\Source\Trunk\Test\bin\Debug\Test.dll" adapterTypeName="Microsoft.VisualStudio.TestTools.TestTypes.Unit.UnitTestAdapter, Microsoft.VisualStudio.QualityTools.Tips.UnitTest.Adapter, Version=9.0.0.0, Culture=neutral, PublicKeyToken=b03f5f7f11d50a3a" className="Test.SqlTest, Test" name="LongCount" />
    </UnitTest>
    <UnitTest name="Where_Simple3" storage="d:\alinq\source\trunk\test\bin\debug\test.dll" id="de70a741-e3a9-3265-edde-ed0c63547edf">
      <Css projectStructure="" iteration="" />
      <Owners>
        <Owner name="" />
      </Owners>
      <TestMethod codeBase="D:\ALinq\Source\Trunk\Test\bin\Debug\Test.dll" adapterTypeName="Microsoft.VisualStudio.TestTools.TestTypes.Unit.UnitTestAdapter, Microsoft.VisualStudio.QualityTools.Tips.UnitTest.Adapter, Version=9.0.0.0, Culture=neutral, PublicKeyToken=b03f5f7f11d50a3a" className="Test.AccessTest, Test" name="Where_Simple3" />
    </UnitTest>
    <UnitTest name="Math_Sign" storage="d:\alinq\source\trunk\test\bin\debug\test.dll" id="02bf7e84-6faa-8317-ab1c-eb4e7de5c672">
      <Css projectStructure="" iteration="" />
      <Owners>
        <Owner name="" />
      </Owners>
      <TestMethod codeBase="D:\ALinq\Source\Trunk\Test\bin\Debug\Test.dll" adapterTypeName="Microsoft.VisualStudio.TestTools.TestTypes.Unit.UnitTestAdapter, Microsoft.VisualStudio.QualityTools.Tips.UnitTest.Adapter, Version=9.0.0.0, Culture=neutral, PublicKeyToken=b03f5f7f11d50a3a" className="Test.FirebirdTest, Test" name="Math_Sign" />
    </UnitTest>
    <UnitTest name="Where_Simple3" storage="d:\alinq\source\trunk\test\bin\debug\test.dll" id="754c9d57-0901-e590-3394-642c41bb57d4">
      <Css projectStructure="" iteration="" />
      <Owners>
        <Owner name="" />
      </Owners>
      <TestMethod codeBase="D:\ALinq\Source\Trunk\Test\bin\Debug\Test.dll" adapterTypeName="Microsoft.VisualStudio.TestTools.TestTypes.Unit.UnitTestAdapter, Microsoft.VisualStudio.QualityTools.Tips.UnitTest.Adapter, Version=9.0.0.0, Culture=neutral, PublicKeyToken=b03f5f7f11d50a3a" className="Test.OdpOracleTest, Test" name="Where_Simple3" />
    </UnitTest>
    <UnitTest name="OrderBy_GroupBy" storage="d:\alinq\source\trunk\test\bin\debug\test.dll" id="1bfbdf3e-5408-8878-9c14-2144e74ba6c6">
      <Css projectStructure="" iteration="" />
      <Owners>
        <Owner name="" />
      </Owners>
      <TestMethod codeBase="D:\ALinq\Source\Trunk\Test\bin\Debug\Test.dll" adapterTypeName="Microsoft.VisualStudio.TestTools.TestTypes.Unit.UnitTestAdapter, Microsoft.VisualStudio.QualityTools.Tips.UnitTest.Adapter, Version=9.0.0.0, Culture=neutral, PublicKeyToken=b03f5f7f11d50a3a" className="Test.FirebirdTest, Test" name="OrderBy_GroupBy" />
    </UnitTest>
    <UnitTest name="Count_Empty" storage="d:\alinq\source\trunk\test\bin\debug\test.dll" id="302a6e0a-8ea0-8b44-3905-129f19200621">
      <Css projectStructure="" iteration="" />
      <Owners>
        <Owner name="" />
      </Owners>
      <TestMethod codeBase="D:\ALinq\Source\Trunk\Test\bin\Debug\Test.dll" adapterTypeName="Microsoft.VisualStudio.TestTools.TestTypes.Unit.UnitTestAdapter, Microsoft.VisualStudio.QualityTools.Tips.UnitTest.Adapter, Version=9.0.0.0, Culture=neutral, PublicKeyToken=b03f5f7f11d50a3a" className="Test.NorOracleTest, Test" name="Count_Empty" />
    </UnitTest>
    <UnitTest name="OrderBy_ThenByDescending" storage="d:\alinq\source\trunk\test\bin\debug\test.dll" id="1c62c40d-51b0-9afc-e65d-689c9d50497d">
      <Css projectStructure="" iteration="" />
      <Owners>
        <Owner name="" />
      </Owners>
      <TestMethod codeBase="D:\ALinq\Source\Trunk\Test\bin\Debug\Test.dll" adapterTypeName="Microsoft.VisualStudio.TestTools.TestTypes.Unit.UnitTestAdapter, Microsoft.VisualStudio.QualityTools.Tips.UnitTest.Adapter, Version=9.0.0.0, Culture=neutral, PublicKeyToken=b03f5f7f11d50a3a" className="Test.SQL2000Test, Test" name="OrderBy_ThenByDescending" />
    </UnitTest>
    <UnitTest name="Take_Simple" storage="d:\alinq\source\trunk\test\bin\debug\test.dll" id="27612d6d-3524-7745-785e-55b418466c76">
      <Css projectStructure="" iteration="" />
      <Owners>
        <Owner name="" />
      </Owners>
      <TestMethod codeBase="D:\ALinq\Source\Trunk\Test\bin\Debug\Test.dll" adapterTypeName="Microsoft.VisualStudio.TestTools.TestTypes.Unit.UnitTestAdapter, Microsoft.VisualStudio.QualityTools.Tips.UnitTest.Adapter, Version=9.0.0.0, Culture=neutral, PublicKeyToken=b03f5f7f11d50a3a" className="Test.SQL2005Test, Test" name="Take_Simple" />
    </UnitTest>
    <UnitTest name="String_Length" storage="d:\alinq\source\trunk\test\bin\debug\test.dll" id="d8b90a3a-ad22-71ef-31c3-9530a33df24f">
      <Css projectStructure="" iteration="" />
      <Owners>
        <Owner name="" />
      </Owners>
      <TestMethod codeBase="D:\ALinq\Source\Trunk\Test\bin\Debug\Test.dll" adapterTypeName="Microsoft.VisualStudio.TestTools.TestTypes.Unit.UnitTestAdapter, Microsoft.VisualStudio.QualityTools.Tips.UnitTest.Adapter, Version=9.0.0.0, Culture=neutral, PublicKeyToken=b03f5f7f11d50a3a" className="Test.AccessTest, Test" name="String_Length" />
    </UnitTest>
    <UnitTest name="Like" storage="d:\alinq\source\trunk\test\bin\debug\test.dll" id="aa180504-6b61-89a8-4c7b-7a586e59f3d8">
      <Css projectStructure="" iteration="" />
      <Owners>
        <Owner name="" />
      </Owners>
      <TestMethod codeBase="D:\ALinq\Source\Trunk\Test\bin\Debug\Test.dll" adapterTypeName="Microsoft.VisualStudio.TestTools.TestTypes.Unit.UnitTestAdapter, Microsoft.VisualStudio.QualityTools.Tips.UnitTest.Adapter, Version=9.0.0.0, Culture=neutral, PublicKeyToken=b03f5f7f11d50a3a" className="Test.SqlTest, Test" name="Like" />
    </UnitTest>
    <UnitTest name="DateTimeGT" storage="d:\alinq\source\trunk\test\bin\debug\test.dll" id="c220c206-6837-807d-0d17-3a367ae31058">
      <Css projectStructure="" iteration="" />
      <Owners>
        <Owner name="" />
      </Owners>
      <TestMethod codeBase="D:\ALinq\Source\Trunk\Test\bin\Debug\Test.dll" adapterTypeName="Microsoft.VisualStudio.TestTools.TestTypes.Unit.UnitTestAdapter, Microsoft.VisualStudio.QualityTools.Tips.UnitTest.Adapter, Version=9.0.0.0, Culture=neutral, PublicKeyToken=b03f5f7f11d50a3a" className="Test.OdpOracleTest, Test" name="DateTimeGT" />
    </UnitTest>
    <UnitTest name="Math_Sin" storage="d:\alinq\source\trunk\test\bin\debug\test.dll" id="42dbdf7a-12ff-9577-b9cd-b5cb91ba5025">
      <Css projectStructure="" iteration="" />
      <Owners>
        <Owner name="" />
      </Owners>
      <TestMethod codeBase="D:\ALinq\Source\Trunk\Test\bin\Debug\Test.dll" adapterTypeName="Microsoft.VisualStudio.TestTools.TestTypes.Unit.UnitTestAdapter, Microsoft.VisualStudio.QualityTools.Tips.UnitTest.Adapter, Version=9.0.0.0, Culture=neutral, PublicKeyToken=b03f5f7f11d50a3a" className="Test.NorOracleTest, Test" name="Math_Sin" />
    </UnitTest>
    <UnitTest name="String_Contains" storage="d:\alinq\source\trunk\test\bin\debug\test.dll" id="693e47ce-45f5-db54-ee4d-7d597a818a39">
      <Css projectStructure="" iteration="" />
      <Owners>
        <Owner name="" />
      </Owners>
      <TestMethod codeBase="D:\ALinq\Source\Trunk\Test\bin\Debug\Test.dll" adapterTypeName="Microsoft.VisualStudio.TestTools.TestTypes.Unit.UnitTestAdapter, Microsoft.VisualStudio.QualityTools.Tips.UnitTest.Adapter, Version=9.0.0.0, Culture=neutral, PublicKeyToken=b03f5f7f11d50a3a" className="Test.DB2Test, Test" name="String_Contains" />
    </UnitTest>
    <UnitTest name="DataType_XDocument" storage="d:\alinq\source\trunk\test\bin\debug\test.dll" id="4154ca25-0bfb-1447-8fcf-06384cfc825d">
      <Css projectStructure="" iteration="" />
      <Owners>
        <Owner name="" />
      </Owners>
      <TestMethod codeBase="D:\ALinq\Source\Trunk\Test\bin\Debug\Test.dll" adapterTypeName="Microsoft.VisualStudio.TestTools.TestTypes.Unit.UnitTestAdapter, Microsoft.VisualStudio.QualityTools.Tips.UnitTest.Adapter, Version=9.0.0.0, Culture=neutral, PublicKeyToken=b03f5f7f11d50a3a" className="Test.AccessTest, Test" name="DataType_XDocument" />
    </UnitTest>
    <UnitTest name="Math_Exp" storage="d:\alinq\source\trunk\test\bin\debug\test.dll" id="65ded7d2-369a-6538-baef-216f1221aed3">
      <Css projectStructure="" iteration="" />
      <Owners>
        <Owner name="" />
      </Owners>
      <TestMethod codeBase="D:\ALinq\Source\Trunk\Test\bin\Debug\Test.dll" adapterTypeName="Microsoft.VisualStudio.TestTools.TestTypes.Unit.UnitTestAdapter, Microsoft.VisualStudio.QualityTools.Tips.UnitTest.Adapter, Version=9.0.0.0, Culture=neutral, PublicKeyToken=b03f5f7f11d50a3a" className="Test.SqlTest, Test" name="Math_Exp" />
    </UnitTest>
    <UnitTest name="GroupBy_Month" storage="d:\alinq\source\trunk\test\bin\debug\test.dll" id="70113291-a5d1-9686-4200-b569a4c215bd">
      <Css projectStructure="" iteration="" />
      <Owners>
        <Owner name="" />
      </Owners>
      <TestMethod codeBase="D:\ALinq\Source\Trunk\Test\bin\Debug\Test.dll" adapterTypeName="Microsoft.VisualStudio.TestTools.TestTypes.Unit.UnitTestAdapter, Microsoft.VisualStudio.QualityTools.Tips.UnitTest.Adapter, Version=9.0.0.0, Culture=neutral, PublicKeyToken=b03f5f7f11d50a3a" className="Test.FirebirdTest, Test" name="GroupBy_Month" />
    </UnitTest>
    <UnitTest name="String_IndexOf4" storage="d:\alinq\source\trunk\test\bin\debug\test.dll" id="c29d1fa9-7dee-6d46-5394-58ea7bf82454">
      <Css projectStructure="" iteration="" />
      <Owners>
        <Owner name="" />
      </Owners>
      <TestMethod codeBase="D:\ALinq\Source\Trunk\Test\bin\Debug\Test.dll" adapterTypeName="Microsoft.VisualStudio.TestTools.TestTypes.Unit.UnitTestAdapter, Microsoft.VisualStudio.QualityTools.Tips.UnitTest.Adapter, Version=9.0.0.0, Culture=neutral, PublicKeyToken=b03f5f7f11d50a3a" className="Test.NorOracleTest, Test" name="String_IndexOf4" />
    </UnitTest>
    <UnitTest name="Math_Truncate1" storage="d:\alinq\source\trunk\test\bin\debug\test.dll" id="b3d39df6-37ae-0aaf-39cc-7880e3adc398">
      <Css projectStructure="" iteration="" />
      <Owners>
        <Owner name="" />
      </Owners>
      <TestMethod codeBase="D:\ALinq\Source\Trunk\Test\bin\Debug\Test.dll" adapterTypeName="Microsoft.VisualStudio.TestTools.TestTypes.Unit.UnitTestAdapter, Microsoft.VisualStudio.QualityTools.Tips.UnitTest.Adapter, Version=9.0.0.0, Culture=neutral, PublicKeyToken=b03f5f7f11d50a3a" className="Test.SQL2000Test, Test" name="Math_Truncate1" />
    </UnitTest>
    <UnitTest name="Test2" storage="d:\alinq\source\trunk\test\bin\debug\test.dll" id="97f51c93-2843-ee9c-307a-be0a318e3418">
      <Css projectStructure="" iteration="" />
      <Owners>
        <Owner name="" />
      </Owners>
      <TestMethod codeBase="D:\ALinq\Source\Trunk\Test\bin\Debug\Test.dll" adapterTypeName="Microsoft.VisualStudio.TestTools.TestTypes.Unit.UnitTestAdapter, Microsoft.VisualStudio.QualityTools.Tips.UnitTest.Adapter, Version=9.0.0.0, Culture=neutral, PublicKeyToken=b03f5f7f11d50a3a" className="Test.NorOracleTest, Test" name="Test2" />
    </UnitTest>
    <UnitTest name="DateTime_Minute" storage="d:\alinq\source\trunk\test\bin\debug\test.dll" id="a6a4c1df-a5a7-641a-fa47-8b1a14cd7dd1">
      <Css projectStructure="" iteration="" />
      <Owners>
        <Owner name="" />
      </Owners>
      <TestMethod codeBase="D:\ALinq\Source\Trunk\Test\bin\Debug\Test.dll" adapterTypeName="Microsoft.VisualStudio.TestTools.TestTypes.Unit.UnitTestAdapter, Microsoft.VisualStudio.QualityTools.Tips.UnitTest.Adapter, Version=9.0.0.0, Culture=neutral, PublicKeyToken=b03f5f7f11d50a3a" className="Test.DB2Test, Test" name="DateTime_Minute" />
    </UnitTest>
    <UnitTest name="Convert_ToString" storage="d:\alinq\source\trunk\test\bin\debug\test.dll" id="d304d660-183f-d2ae-3592-aeced07c9f72">
      <Css projectStructure="" iteration="" />
      <Owners>
        <Owner name="" />
      </Owners>
      <TestMethod codeBase="D:\ALinq\Source\Trunk\Test\bin\Debug\Test.dll" adapterTypeName="Microsoft.VisualStudio.TestTools.TestTypes.Unit.UnitTestAdapter, Microsoft.VisualStudio.QualityTools.Tips.UnitTest.Adapter, Version=9.0.0.0, Culture=neutral, PublicKeyToken=b03f5f7f11d50a3a" className="Test.SQL2000Test, Test" name="Convert_ToString" />
    </UnitTest>
    <UnitTest name="Math_Ceiling" storage="d:\alinq\source\trunk\test\bin\debug\test.dll" id="7424c0a5-b244-d3f2-83c7-15fa765173fb">
      <Css projectStructure="" iteration="" />
      <Owners>
        <Owner name="" />
      </Owners>
      <TestMethod codeBase="D:\ALinq\Source\Trunk\Test\bin\Debug\Test.dll" adapterTypeName="Microsoft.VisualStudio.TestTools.TestTypes.Unit.UnitTestAdapter, Microsoft.VisualStudio.QualityTools.Tips.UnitTest.Adapter, Version=9.0.0.0, Culture=neutral, PublicKeyToken=b03f5f7f11d50a3a" className="Test.DB2Test, Test" name="Math_Ceiling" />
    </UnitTest>
    <UnitTest name="GroupBy_Month" storage="d:\alinq\source\trunk\test\bin\debug\test.dll" id="f3aa3dcd-97cb-f85a-d070-5b73a50019c5">
      <Css projectStructure="" iteration="" />
      <Owners>
        <Owner name="" />
      </Owners>
      <TestMethod codeBase="D:\ALinq\Source\Trunk\Test\bin\Debug\Test.dll" adapterTypeName="Microsoft.VisualStudio.TestTools.TestTypes.Unit.UnitTestAdapter, Microsoft.VisualStudio.QualityTools.Tips.UnitTest.Adapter, Version=9.0.0.0, Culture=neutral, PublicKeyToken=b03f5f7f11d50a3a" className="Test.OdpOracleTest, Test" name="GroupBy_Month" />
    </UnitTest>
    <UnitTest name="Join_OnToMany" storage="d:\alinq\source\trunk\test\bin\debug\test.dll" id="0c24f0a0-a921-870a-e72e-0d180f372258">
      <Css projectStructure="" iteration="" />
      <Owners>
        <Owner name="" />
      </Owners>
      <TestMethod codeBase="D:\ALinq\Source\Trunk\Test\bin\Debug\Test.dll" adapterTypeName="Microsoft.VisualStudio.TestTools.TestTypes.Unit.UnitTestAdapter, Microsoft.VisualStudio.QualityTools.Tips.UnitTest.Adapter, Version=9.0.0.0, Culture=neutral, PublicKeyToken=b03f5f7f11d50a3a" className="Test.SQLiteTest, Test" name="Join_OnToMany" />
    </UnitTest>
    <UnitTest name="Math_Log" storage="d:\alinq\source\trunk\test\bin\debug\test.dll" id="f3197db1-bfbd-1b66-8e92-d40c5b27e1f9">
      <Css projectStructure="" iteration="" />
      <Owners>
        <Owner name="" />
      </Owners>
      <TestMethod codeBase="D:\ALinq\Source\Trunk\Test\bin\Debug\Test.dll" adapterTypeName="Microsoft.VisualStudio.TestTools.TestTypes.Unit.UnitTestAdapter, Microsoft.VisualStudio.QualityTools.Tips.UnitTest.Adapter, Version=9.0.0.0, Culture=neutral, PublicKeyToken=b03f5f7f11d50a3a" className="Test.SQL2005Test, Test" name="Math_Log" />
    </UnitTest>
    <UnitTest name="DateTime_Add" storage="d:\alinq\source\trunk\test\bin\debug\test.dll" id="ee3ce67f-d338-6195-1840-af36e0ea566a">
      <Css projectStructure="" iteration="" />
      <Owners>
        <Owner name="" />
      </Owners>
      <TestMethod codeBase="D:\ALinq\Source\Trunk\Test\bin\Debug\Test.dll" adapterTypeName="Microsoft.VisualStudio.TestTools.TestTypes.Unit.UnitTestAdapter, Microsoft.VisualStudio.QualityTools.Tips.UnitTest.Adapter, Version=9.0.0.0, Culture=neutral, PublicKeyToken=b03f5f7f11d50a3a" className="Test.AccessTest, Test" name="DateTime_Add" />
    </UnitTest>
    <UnitTest name="Select_Simple" storage="d:\alinq\source\trunk\test\bin\debug\test.dll" id="a999ecce-b1a8-d4b4-8462-d030e6f90d8f">
      <Css projectStructure="" iteration="" />
      <Owners>
        <Owner name="" />
      </Owners>
      <TestMethod codeBase="D:\ALinq\Source\Trunk\Test\bin\Debug\Test.dll" adapterTypeName="Microsoft.VisualStudio.TestTools.TestTypes.Unit.UnitTestAdapter, Microsoft.VisualStudio.QualityTools.Tips.UnitTest.Adapter, Version=9.0.0.0, Culture=neutral, PublicKeyToken=b03f5f7f11d50a3a" className="Test.NorOracleTest, Test" name="Select_Simple" />
    </UnitTest>
    <UnitTest name="GroupBy_Avg" storage="d:\alinq\source\trunk\test\bin\debug\test.dll" id="a5eb3026-92fc-4477-23c3-8c3a0287dec0">
      <Css projectStructure="" iteration="" />
      <Owners>
        <Owner name="" />
      </Owners>
      <TestMethod codeBase="D:\ALinq\Source\Trunk\Test\bin\Debug\Test.dll" adapterTypeName="Microsoft.VisualStudio.TestTools.TestTypes.Unit.UnitTestAdapter, Microsoft.VisualStudio.QualityTools.Tips.UnitTest.Adapter, Version=9.0.0.0, Culture=neutral, PublicKeyToken=b03f5f7f11d50a3a" className="Test.SQLiteTest, Test" name="GroupBy_Avg" />
    </UnitTest>
    <UnitTest name="String_Trim" storage="d:\alinq\source\trunk\test\bin\debug\test.dll" id="dd3cc5c7-ed00-8b19-534a-6ecb004d72c9">
      <Css projectStructure="" iteration="" />
      <Owners>
        <Owner name="" />
      </Owners>
      <TestMethod codeBase="D:\ALinq\Source\Trunk\Test\bin\Debug\Test.dll" adapterTypeName="Microsoft.VisualStudio.TestTools.TestTypes.Unit.UnitTestAdapter, Microsoft.VisualStudio.QualityTools.Tips.UnitTest.Adapter, Version=9.0.0.0, Culture=neutral, PublicKeyToken=b03f5f7f11d50a3a" className="Test.SQLiteTest, Test" name="String_Trim" />
    </UnitTest>
    <UnitTest name="Max_Elements" storage="d:\alinq\source\trunk\test\bin\debug\test.dll" id="03b49fcb-e1b3-3103-4faa-1392a0d56afe">
      <Css projectStructure="" iteration="" />
      <Owners>
        <Owner name="" />
      </Owners>
      <TestMethod codeBase="D:\ALinq\Source\Trunk\Test\bin\Debug\Test.dll" adapterTypeName="Microsoft.VisualStudio.TestTools.TestTypes.Unit.UnitTestAdapter, Microsoft.VisualStudio.QualityTools.Tips.UnitTest.Adapter, Version=9.0.0.0, Culture=neutral, PublicKeyToken=b03f5f7f11d50a3a" className="Test.OdpOracleTest, Test" name="Max_Elements" />
    </UnitTest>
    <UnitTest name="Join_SelfJoin" storage="d:\alinq\source\trunk\test\bin\debug\test.dll" id="6f443726-b119-1b75-c9e6-cf86e5d49bd0">
      <Css projectStructure="" iteration="" />
      <Owners>
        <Owner name="" />
      </Owners>
      <TestMethod codeBase="D:\ALinq\Source\Trunk\Test\bin\Debug\Test.dll" adapterTypeName="Microsoft.VisualStudio.TestTools.TestTypes.Unit.UnitTestAdapter, Microsoft.VisualStudio.QualityTools.Tips.UnitTest.Adapter, Version=9.0.0.0, Culture=neutral, PublicKeyToken=b03f5f7f11d50a3a" className="Test.PgsqlTest, Test" name="Join_SelfJoin" />
    </UnitTest>
    <UnitTest name="Max_Simple" storage="d:\alinq\source\trunk\test\bin\debug\test.dll" id="82fc16ad-0d29-4345-bf1e-4b8de5f5812c">
      <Css projectStructure="" iteration="" />
      <Owners>
        <Owner name="" />
      </Owners>
      <TestMethod codeBase="D:\ALinq\Source\Trunk\Test\bin\Debug\Test.dll" adapterTypeName="Microsoft.VisualStudio.TestTools.TestTypes.Unit.UnitTestAdapter, Microsoft.VisualStudio.QualityTools.Tips.UnitTest.Adapter, Version=9.0.0.0, Culture=neutral, PublicKeyToken=b03f5f7f11d50a3a" className="Test.MySqlTest, Test" name="Max_Simple" />
    </UnitTest>
    <UnitTest name="Join_CompositeKey" storage="d:\alinq\source\trunk\test\bin\debug\test.dll" id="d2d1e56d-5a54-e045-e6b5-7ca7651ec922">
      <Css projectStructure="" iteration="" />
      <Owners>
        <Owner name="" />
      </Owners>
      <TestMethod codeBase="D:\ALinq\Source\Trunk\Test\bin\Debug\Test.dll" adapterTypeName="Microsoft.VisualStudio.TestTools.TestTypes.Unit.UnitTestAdapter, Microsoft.VisualStudio.QualityTools.Tips.UnitTest.Adapter, Version=9.0.0.0, Culture=neutral, PublicKeyToken=b03f5f7f11d50a3a" className="Test.PgsqlTest, Test" name="Join_CompositeKey" />
    </UnitTest>
    <UnitTest name="Distinct1" storage="d:\alinq\source\trunk\test\bin\debug\test.dll" id="fd3af2b0-c5c8-0b6d-ff09-e443cc7f7c80">
      <Css projectStructure="" iteration="" />
      <Owners>
        <Owner name="" />
      </Owners>
      <TestMethod codeBase="D:\ALinq\Source\Trunk\Test\bin\Debug\Test.dll" adapterTypeName="Microsoft.VisualStudio.TestTools.TestTypes.Unit.UnitTestAdapter, Microsoft.VisualStudio.QualityTools.Tips.UnitTest.Adapter, Version=9.0.0.0, Culture=neutral, PublicKeyToken=b03f5f7f11d50a3a" className="Test.NorOracleTest, Test" name="Distinct1" />
    </UnitTest>
    <UnitTest name="Delete_ManyToMany" storage="d:\alinq\source\trunk\test\bin\debug\test.dll" id="840b9eb3-d463-790d-baad-6c7f541943cc">
      <Css projectStructure="" iteration="" />
      <Owners>
        <Owner name="" />
      </Owners>
      <TestMethod codeBase="D:\ALinq\Source\Trunk\Test\bin\Debug\Test.dll" adapterTypeName="Microsoft.VisualStudio.TestTools.TestTypes.Unit.UnitTestAdapter, Microsoft.VisualStudio.QualityTools.Tips.UnitTest.Adapter, Version=9.0.0.0, Culture=neutral, PublicKeyToken=b03f5f7f11d50a3a" className="Test.FirebirdTest, Test" name="Delete_ManyToMany" />
    </UnitTest>
    <UnitTest name="DataType_Enum" storage="d:\alinq\source\trunk\test\bin\debug\test.dll" id="cf2833fc-b29c-5d19-4aa7-3e1bd77f4f84">
      <Css projectStructure="" iteration="" />
      <Owners>
        <Owner name="" />
      </Owners>
      <TestMethod codeBase="D:\ALinq\Source\Trunk\Test\bin\Debug\Test.dll" adapterTypeName="Microsoft.VisualStudio.TestTools.TestTypes.Unit.UnitTestAdapter, Microsoft.VisualStudio.QualityTools.Tips.UnitTest.Adapter, Version=9.0.0.0, Culture=neutral, PublicKeyToken=b03f5f7f11d50a3a" className="Test.DB2Test, Test" name="DataType_Enum" />
    </UnitTest>
    <UnitTest name="SelectMany_MultipleFrom" storage="d:\alinq\source\trunk\test\bin\debug\test.dll" id="9d1853ce-1291-e824-5119-2e151b29b7a3">
      <Css projectStructure="" iteration="" />
      <Owners>
        <Owner name="" />
      </Owners>
      <TestMethod codeBase="D:\ALinq\Source\Trunk\Test\bin\Debug\Test.dll" adapterTypeName="Microsoft.VisualStudio.TestTools.TestTypes.Unit.UnitTestAdapter, Microsoft.VisualStudio.QualityTools.Tips.UnitTest.Adapter, Version=9.0.0.0, Culture=neutral, PublicKeyToken=b03f5f7f11d50a3a" className="Test.AccessTest, Test" name="SelectMany_MultipleFrom" />
    </UnitTest>
    <UnitTest name="Select_LocalMethodCall" storage="d:\alinq\source\trunk\test\bin\debug\test.dll" id="900feb3b-0dda-470f-565c-22f129ede6d1">
      <Css projectStructure="" iteration="" />
      <Owners>
        <Owner name="" />
      </Owners>
      <TestMethod codeBase="D:\ALinq\Source\Trunk\Test\bin\Debug\Test.dll" adapterTypeName="Microsoft.VisualStudio.TestTools.TestTypes.Unit.UnitTestAdapter, Microsoft.VisualStudio.QualityTools.Tips.UnitTest.Adapter, Version=9.0.0.0, Culture=neutral, PublicKeyToken=b03f5f7f11d50a3a" className="Test.OdpOracleTest, Test" name="Select_LocalMethodCall" />
    </UnitTest>
    <UnitTest name="DateDiffSecond" storage="d:\alinq\source\trunk\test\bin\debug\test.dll" id="ff9f76f9-abf1-a8db-046d-155fb8b41b9f">
      <Css projectStructure="" iteration="" />
      <Owners>
        <Owner name="" />
      </Owners>
      <TestMethod codeBase="D:\ALinq\Source\Trunk\Test\bin\Debug\Test.dll" adapterTypeName="Microsoft.VisualStudio.TestTools.TestTypes.Unit.UnitTestAdapter, Microsoft.VisualStudio.QualityTools.Tips.UnitTest.Adapter, Version=9.0.0.0, Culture=neutral, PublicKeyToken=b03f5f7f11d50a3a" className="Test.SqlMethodsTest, Test" name="DateDiffSecond" />
    </UnitTest>
    <UnitTest name="CRUD_Delete2" storage="d:\alinq\source\trunk\test\bin\debug\test.dll" id="87f5c1ee-4871-1412-3301-000de6cbf37a">
      <Css projectStructure="" iteration="" />
      <Owners>
        <Owner name="" />
      </Owners>
      <TestMethod codeBase="D:\ALinq\Source\Trunk\Test\bin\Debug\Test.dll" adapterTypeName="Microsoft.VisualStudio.TestTools.TestTypes.Unit.UnitTestAdapter, Microsoft.VisualStudio.QualityTools.Tips.UnitTest.Adapter, Version=9.0.0.0, Culture=neutral, PublicKeyToken=b03f5f7f11d50a3a" className="Test.SQL2000Test, Test" name="CRUD_Delete2" />
    </UnitTest>
    <UnitTest name="String_Length" storage="d:\alinq\source\trunk\test\bin\debug\test.dll" id="6e74f936-2027-3ed3-76ed-711ea0e5b988">
      <Css projectStructure="" iteration="" />
      <Owners>
        <Owner name="" />
      </Owners>
      <TestMethod codeBase="D:\ALinq\Source\Trunk\Test\bin\Debug\Test.dll" adapterTypeName="Microsoft.VisualStudio.TestTools.TestTypes.Unit.UnitTestAdapter, Microsoft.VisualStudio.QualityTools.Tips.UnitTest.Adapter, Version=9.0.0.0, Culture=neutral, PublicKeyToken=b03f5f7f11d50a3a" className="Test.SQL2000Test, Test" name="String_Length" />
    </UnitTest>
    <UnitTest name="Math_Abs" storage="d:\alinq\source\trunk\test\bin\debug\test.dll" id="47406097-1b3b-f3f3-9e50-90b10cbee829">
      <Css projectStructure="" iteration="" />
      <Owners>
        <Owner name="" />
      </Owners>
      <TestMethod codeBase="D:\ALinq\Source\Trunk\Test\bin\Debug\Test.dll" adapterTypeName="Microsoft.VisualStudio.TestTools.TestTypes.Unit.UnitTestAdapter, Microsoft.VisualStudio.QualityTools.Tips.UnitTest.Adapter, Version=9.0.0.0, Culture=neutral, PublicKeyToken=b03f5f7f11d50a3a" className="Test.DB2Test, Test" name="Math_Abs" />
    </UnitTest>
    <UnitTest name="Select_Simple" storage="d:\alinq\source\trunk\test\bin\debug\test.dll" id="68cfb933-ebd6-e497-c7c3-435d96068c9b">
      <Css projectStructure="" iteration="" />
      <Owners>
        <Owner name="" />
      </Owners>
      <TestMethod codeBase="D:\ALinq\Source\Trunk\Test\bin\Debug\Test.dll" adapterTypeName="Microsoft.VisualStudio.TestTools.TestTypes.Unit.UnitTestAdapter, Microsoft.VisualStudio.QualityTools.Tips.UnitTest.Adapter, Version=9.0.0.0, Culture=neutral, PublicKeyToken=b03f5f7f11d50a3a" className="Test.SQL2005Test, Test" name="Select_Simple" />
    </UnitTest>
    <UnitTest name="Intersect" storage="d:\alinq\source\trunk\test\bin\debug\test.dll" id="3b5ae482-1c18-3626-4e13-29e3c302b9ef">
      <Css projectStructure="" iteration="" />
      <Owners>
        <Owner name="" />
      </Owners>
      <TestMethod codeBase="D:\ALinq\Source\Trunk\Test\bin\Debug\Test.dll" adapterTypeName="Microsoft.VisualStudio.TestTools.TestTypes.Unit.UnitTestAdapter, Microsoft.VisualStudio.QualityTools.Tips.UnitTest.Adapter, Version=9.0.0.0, Culture=neutral, PublicKeyToken=b03f5f7f11d50a3a" className="Test.SQL2000Test, Test" name="Intersect" />
    </UnitTest>
    <UnitTest name="Math_Cos" storage="d:\alinq\source\trunk\test\bin\debug\test.dll" id="5fab8e8d-1285-58f9-f4b9-2a5e4f98932a">
      <Css projectStructure="" iteration="" />
      <Owners>
        <Owner name="" />
      </Owners>
      <TestMethod codeBase="D:\ALinq\Source\Trunk\Test\bin\Debug\Test.dll" adapterTypeName="Microsoft.VisualStudio.TestTools.TestTypes.Unit.UnitTestAdapter, Microsoft.VisualStudio.QualityTools.Tips.UnitTest.Adapter, Version=9.0.0.0, Culture=neutral, PublicKeyToken=b03f5f7f11d50a3a" className="Test.MySqlTest, Test" name="Math_Cos" />
    </UnitTest>
    <UnitTest name="CRUD_Update2" storage="d:\alinq\source\trunk\test\bin\debug\test.dll" id="3efb94b4-84d7-3ce7-0cf4-24e39c841b17">
      <Css projectStructure="" iteration="" />
      <Owners>
        <Owner name="" />
      </Owners>
      <TestMethod codeBase="D:\ALinq\Source\Trunk\Test\bin\Debug\Test.dll" adapterTypeName="Microsoft.VisualStudio.TestTools.TestTypes.Unit.UnitTestAdapter, Microsoft.VisualStudio.QualityTools.Tips.UnitTest.Adapter, Version=9.0.0.0, Culture=neutral, PublicKeyToken=b03f5f7f11d50a3a" className="Test.FirebirdTest, Test" name="CRUD_Update2" />
    </UnitTest>
    <UnitTest name="Math_Sign" storage="d:\alinq\source\trunk\test\bin\debug\test.dll" id="e44673f0-aba7-0439-43f7-c2ceb86dd38f">
      <Css projectStructure="" iteration="" />
      <Owners>
        <Owner name="" />
      </Owners>
      <TestMethod codeBase="D:\ALinq\Source\Trunk\Test\bin\Debug\Test.dll" adapterTypeName="Microsoft.VisualStudio.TestTools.TestTypes.Unit.UnitTestAdapter, Microsoft.VisualStudio.QualityTools.Tips.UnitTest.Adapter, Version=9.0.0.0, Culture=neutral, PublicKeyToken=b03f5f7f11d50a3a" className="Test.SQL2000Test, Test" name="Math_Sign" />
    </UnitTest>
    <UnitTest name="Null" storage="d:\alinq\source\trunk\test\bin\debug\test.dll" id="f88e3485-a19c-a087-defb-0c62ca5c58d6">
      <Css projectStructure="" iteration="" />
      <Owners>
        <Owner name="" />
      </Owners>
      <TestMethod codeBase="D:\ALinq\Source\Trunk\Test\bin\Debug\Test.dll" adapterTypeName="Microsoft.VisualStudio.TestTools.TestTypes.Unit.UnitTestAdapter, Microsoft.VisualStudio.QualityTools.Tips.UnitTest.Adapter, Version=9.0.0.0, Culture=neutral, PublicKeyToken=b03f5f7f11d50a3a" className="Test.MySqlTest, Test" name="Null" />
    </UnitTest>
    <UnitTest name="Contains" storage="d:\alinq\source\trunk\test\bin\debug\test.dll" id="7489b3a7-7c89-9d9d-63ab-c5997e502cfa">
      <Css projectStructure="" iteration="" />
      <Owners>
        <Owner name="" />
      </Owners>
      <TestMethod codeBase="D:\ALinq\Source\Trunk\Test\bin\Debug\Test.dll" adapterTypeName="Microsoft.VisualStudio.TestTools.TestTypes.Unit.UnitTestAdapter, Microsoft.VisualStudio.QualityTools.Tips.UnitTest.Adapter, Version=9.0.0.0, Culture=neutral, PublicKeyToken=b03f5f7f11d50a3a" className="Test.SQLiteTest, Test" name="Contains" />
    </UnitTest>
    <UnitTest name="Math_Min" storage="d:\alinq\source\trunk\test\bin\debug\test.dll" id="ef320009-5e4a-1385-6241-34b8ea0376fb">
      <Css projectStructure="" iteration="" />
      <Owners>
        <Owner name="" />
      </Owners>
      <TestMethod codeBase="D:\ALinq\Source\Trunk\Test\bin\Debug\Test.dll" adapterTypeName="Microsoft.VisualStudio.TestTools.TestTypes.Unit.UnitTestAdapter, Microsoft.VisualStudio.QualityTools.Tips.UnitTest.Adapter, Version=9.0.0.0, Culture=neutral, PublicKeyToken=b03f5f7f11d50a3a" className="Test.SqlTest, Test" name="Math_Min" />
    </UnitTest>
    <UnitTest name="DateTime_Year" storage="d:\alinq\source\trunk\test\bin\debug\test.dll" id="a77c1721-6608-3b87-ba2d-8f98748fc323">
      <Css projectStructure="" iteration="" />
      <Owners>
        <Owner name="" />
      </Owners>
      <TestMethod codeBase="D:\ALinq\Source\Trunk\Test\bin\Debug\Test.dll" adapterTypeName="Microsoft.VisualStudio.TestTools.TestTypes.Unit.UnitTestAdapter, Microsoft.VisualStudio.QualityTools.Tips.UnitTest.Adapter, Version=9.0.0.0, Culture=neutral, PublicKeyToken=b03f5f7f11d50a3a" className="Test.SQLiteTest, Test" name="DateTime_Year" />
    </UnitTest>
    <UnitTest name="DateTimeGE" storage="d:\alinq\source\trunk\test\bin\debug\test.dll" id="163fe611-0b7a-3269-9bfe-67a5d2065d0a">
      <Css projectStructure="" iteration="" />
      <Owners>
        <Owner name="" />
      </Owners>
      <TestMethod codeBase="D:\ALinq\Source\Trunk\Test\bin\Debug\Test.dll" adapterTypeName="Microsoft.VisualStudio.TestTools.TestTypes.Unit.UnitTestAdapter, Microsoft.VisualStudio.QualityTools.Tips.UnitTest.Adapter, Version=9.0.0.0, Culture=neutral, PublicKeyToken=b03f5f7f11d50a3a" className="Test.OdpOracleTest, Test" name="DateTimeGE" />
    </UnitTest>
    <UnitTest name="GroupBy_Max" storage="d:\alinq\source\trunk\test\bin\debug\test.dll" id="c5fe51b1-6fa3-2fbe-aac4-21fc146168fd">
      <Css projectStructure="" iteration="" />
      <Owners>
        <Owner name="" />
      </Owners>
      <TestMethod codeBase="D:\ALinq\Source\Trunk\Test\bin\Debug\Test.dll" adapterTypeName="Microsoft.VisualStudio.TestTools.TestTypes.Unit.UnitTestAdapter, Microsoft.VisualStudio.QualityTools.Tips.UnitTest.Adapter, Version=9.0.0.0, Culture=neutral, PublicKeyToken=b03f5f7f11d50a3a" className="Test.NorOracleTest, Test" name="GroupBy_Max" />
    </UnitTest>
    <UnitTest name="DateTimeLT" storage="d:\alinq\source\trunk\test\bin\debug\test.dll" id="a2d1a44f-2a45-4567-5c88-e8a9b7f73d60">
      <Css projectStructure="" iteration="" />
      <Owners>
        <Owner name="" />
      </Owners>
      <TestMethod codeBase="D:\ALinq\Source\Trunk\Test\bin\Debug\Test.dll" adapterTypeName="Microsoft.VisualStudio.TestTools.TestTypes.Unit.UnitTestAdapter, Microsoft.VisualStudio.QualityTools.Tips.UnitTest.Adapter, Version=9.0.0.0, Culture=neutral, PublicKeyToken=b03f5f7f11d50a3a" className="Test.SQL2005Test, Test" name="DateTimeLT" />
    </UnitTest>
    <UnitTest name="Insert_Inherit" storage="d:\alinq\source\trunk\test\bin\debug\test.dll" id="acc217ec-f798-ad0f-80e4-a7209b80db19">
      <Css projectStructure="" iteration="" />
      <Owners>
        <Owner name="" />
      </Owners>
      <TestMethod codeBase="D:\ALinq\Source\Trunk\Test\bin\Debug\Test.dll" adapterTypeName="Microsoft.VisualStudio.TestTools.TestTypes.Unit.UnitTestAdapter, Microsoft.VisualStudio.QualityTools.Tips.UnitTest.Adapter, Version=9.0.0.0, Culture=neutral, PublicKeyToken=b03f5f7f11d50a3a" className="Test.NorOracleTest, Test" name="Insert_Inherit" />
    </UnitTest>
    <UnitTest name="DeleteTable" storage="d:\alinq\source\trunk\test\bin\debug\test.dll" id="20fe16ad-9c73-efc9-95a6-ea725ed4fcb5">
      <Css projectStructure="" iteration="" />
      <Owners>
        <Owner name="" />
      </Owners>
      <TestMethod codeBase="D:\ALinq\Source\Trunk\Test\bin\Debug\Test.dll" adapterTypeName="Microsoft.VisualStudio.TestTools.TestTypes.Unit.UnitTestAdapter, Microsoft.VisualStudio.QualityTools.Tips.UnitTest.Adapter, Version=9.0.0.0, Culture=neutral, PublicKeyToken=b03f5f7f11d50a3a" className="Test.SqlTest, Test" name="DeleteTable" />
    </UnitTest>
    <UnitTest name="Avg_Grouped" storage="d:\alinq\source\trunk\test\bin\debug\test.dll" id="a3877b62-0d2e-5b36-be33-f5862a5a2d1d">
      <Css projectStructure="" iteration="" />
      <Owners>
        <Owner name="" />
      </Owners>
      <TestMethod codeBase="D:\ALinq\Source\Trunk\Test\bin\Debug\Test.dll" adapterTypeName="Microsoft.VisualStudio.TestTools.TestTypes.Unit.UnitTestAdapter, Microsoft.VisualStudio.QualityTools.Tips.UnitTest.Adapter, Version=9.0.0.0, Culture=neutral, PublicKeyToken=b03f5f7f11d50a3a" className="Test.MySqlTest, Test" name="Avg_Grouped" />
    </UnitTest>
    <UnitTest name="GetCategoryName" storage="d:\alinq\source\trunk\test\bin\debug\test.dll" id="dc07a686-1ed8-c343-9fa4-f137f2efee49">
      <Css projectStructure="" iteration="" />
      <Owners>
        <Owner name="" />
      </Owners>
      <TestMethod codeBase="D:\ALinq\Source\Trunk\Test\bin\Debug\Test.dll" adapterTypeName="Microsoft.VisualStudio.TestTools.TestTypes.Unit.UnitTestAdapter, Microsoft.VisualStudio.QualityTools.Tips.UnitTest.Adapter, Version=9.0.0.0, Culture=neutral, PublicKeyToken=b03f5f7f11d50a3a" className="Test.FirebirdProcedureTest, Test" name="GetCategoryName" />
    </UnitTest>
    <UnitTest name="Min_Simple" storage="d:\alinq\source\trunk\test\bin\debug\test.dll" id="deb1928a-4c61-980c-2664-8533246b82f7">
      <Css projectStructure="" iteration="" />
      <Owners>
        <Owner name="" />
      </Owners>
      <TestMethod codeBase="D:\ALinq\Source\Trunk\Test\bin\Debug\Test.dll" adapterTypeName="Microsoft.VisualStudio.TestTools.TestTypes.Unit.UnitTestAdapter, Microsoft.VisualStudio.QualityTools.Tips.UnitTest.Adapter, Version=9.0.0.0, Culture=neutral, PublicKeyToken=b03f5f7f11d50a3a" className="Test.FirebirdTest, Test" name="Min_Simple" />
    </UnitTest>
    <UnitTest name="GroupBy_Avg" storage="d:\alinq\source\trunk\test\bin\debug\test.dll" id="896dca81-4415-0785-d3ab-ce59ce03c625">
      <Css projectStructure="" iteration="" />
      <Owners>
        <Owner name="" />
      </Owners>
      <TestMethod codeBase="D:\ALinq\Source\Trunk\Test\bin\Debug\Test.dll" adapterTypeName="Microsoft.VisualStudio.TestTools.TestTypes.Unit.UnitTestAdapter, Microsoft.VisualStudio.QualityTools.Tips.UnitTest.Adapter, Version=9.0.0.0, Culture=neutral, PublicKeyToken=b03f5f7f11d50a3a" className="Test.SqlTest, Test" name="GroupBy_Avg" />
    </UnitTest>
    <UnitTest name="StringSubstring" storage="d:\alinq\source\trunk\test\bin\debug\test.dll" id="9186cdbb-6f27-49aa-0fdf-08baa8183876">
      <Css projectStructure="" iteration="" />
      <Owners>
        <Owner name="" />
      </Owners>
      <TestMethod codeBase="D:\ALinq\Source\Trunk\Test\bin\Debug\Test.dll" adapterTypeName="Microsoft.VisualStudio.TestTools.TestTypes.Unit.UnitTestAdapter, Microsoft.VisualStudio.QualityTools.Tips.UnitTest.Adapter, Version=9.0.0.0, Culture=neutral, PublicKeyToken=b03f5f7f11d50a3a" className="Test.NorOracleTest, Test" name="StringSubstring" />
    </UnitTest>
    <UnitTest name="ComposeKey" storage="d:\alinq\source\trunk\test\bin\debug\test.dll" id="aefdc6ce-1bed-4c41-67fa-cf050365300c">
      <Css projectStructure="" iteration="" />
      <Owners>
        <Owner name="" />
      </Owners>
      <TestMethod codeBase="D:\ALinq\Source\Trunk\Test\bin\Debug\Test.dll" adapterTypeName="Microsoft.VisualStudio.TestTools.TestTypes.Unit.UnitTestAdapter, Microsoft.VisualStudio.QualityTools.Tips.UnitTest.Adapter, Version=9.0.0.0, Culture=neutral, PublicKeyToken=b03f5f7f11d50a3a" className="Test.SqlTest, Test" name="ComposeKey" />
    </UnitTest>
    <UnitTest name="String_Equals2" storage="d:\alinq\source\trunk\test\bin\debug\test.dll" id="d731b0f2-b2e1-d54e-4c81-3ad52079ef80">
      <Css projectStructure="" iteration="" />
      <Owners>
        <Owner name="" />
      </Owners>
      <TestMethod codeBase="D:\ALinq\Source\Trunk\Test\bin\Debug\Test.dll" adapterTypeName="Microsoft.VisualStudio.TestTools.TestTypes.Unit.UnitTestAdapter, Microsoft.VisualStudio.QualityTools.Tips.UnitTest.Adapter, Version=9.0.0.0, Culture=neutral, PublicKeyToken=b03f5f7f11d50a3a" className="Test.SQL2005Test, Test" name="String_Equals2" />
    </UnitTest>
    <UnitTest name="CreateDatabase" storage="d:\alinq\source\trunk\test\bin\debug\test.dll" id="e15a0491-79cf-ddef-c0f3-562bbc25116e">
      <Css projectStructure="" iteration="" />
      <Owners>
        <Owner name="" />
      </Owners>
      <TestMethod codeBase="D:\ALinq\Source\Trunk\Test\bin\Debug\Test.dll" adapterTypeName="Microsoft.VisualStudio.TestTools.TestTypes.Unit.UnitTestAdapter, Microsoft.VisualStudio.QualityTools.Tips.UnitTest.Adapter, Version=9.0.0.0, Culture=neutral, PublicKeyToken=b03f5f7f11d50a3a" className="Test.DB2Test, Test" name="CreateDatabase" />
    </UnitTest>
    <UnitTest name="String_ToLower1" storage="d:\alinq\source\trunk\test\bin\debug\test.dll" id="f0e2891f-85d5-78c4-f70b-71a3de54933e">
      <Css projectStructure="" iteration="" />
      <Owners>
        <Owner name="" />
      </Owners>
      <TestMethod codeBase="D:\ALinq\Source\Trunk\Test\bin\Debug\Test.dll" adapterTypeName="Microsoft.VisualStudio.TestTools.TestTypes.Unit.UnitTestAdapter, Microsoft.VisualStudio.QualityTools.Tips.UnitTest.Adapter, Version=9.0.0.0, Culture=neutral, PublicKeyToken=b03f5f7f11d50a3a" className="Test.PgsqlTest, Test" name="String_ToLower1" />
    </UnitTest>
    <UnitTest name="Select_SpecialType" storage="d:\alinq\source\trunk\test\bin\debug\test.dll" id="a9404938-89d4-d00a-7c1a-c27a55585e61">
      <Css projectStructure="" iteration="" />
      <Owners>
        <Owner name="" />
      </Owners>
      <TestMethod codeBase="D:\ALinq\Source\Trunk\Test\bin\Debug\Test.dll" adapterTypeName="Microsoft.VisualStudio.TestTools.TestTypes.Unit.UnitTestAdapter, Microsoft.VisualStudio.QualityTools.Tips.UnitTest.Adapter, Version=9.0.0.0, Culture=neutral, PublicKeyToken=b03f5f7f11d50a3a" className="Test.OdpOracleTest, Test" name="Select_SpecialType" />
    </UnitTest>
    <UnitTest name="String_Char" storage="d:\alinq\source\trunk\test\bin\debug\test.dll" id="b2a24066-88ae-d058-f2b6-29731a970f32">
      <Css projectStructure="" iteration="" />
      <Owners>
        <Owner name="" />
      </Owners>
      <TestMethod codeBase="D:\ALinq\Source\Trunk\Test\bin\Debug\Test.dll" adapterTypeName="Microsoft.VisualStudio.TestTools.TestTypes.Unit.UnitTestAdapter, Microsoft.VisualStudio.QualityTools.Tips.UnitTest.Adapter, Version=9.0.0.0, Culture=neutral, PublicKeyToken=b03f5f7f11d50a3a" className="Test.SqlTest, Test" name="String_Char" />
    </UnitTest>
    <UnitTest name="Join_LetAssignment" storage="d:\alinq\source\trunk\test\bin\debug\test.dll" id="f2ec462a-1449-aee6-1e08-3ab3517d608e">
      <Css projectStructure="" iteration="" />
      <Owners>
        <Owner name="" />
      </Owners>
      <TestMethod codeBase="D:\ALinq\Source\Trunk\Test\bin\Debug\Test.dll" adapterTypeName="Microsoft.VisualStudio.TestTools.TestTypes.Unit.UnitTestAdapter, Microsoft.VisualStudio.QualityTools.Tips.UnitTest.Adapter, Version=9.0.0.0, Culture=neutral, PublicKeyToken=b03f5f7f11d50a3a" className="Test.FirebirdTest, Test" name="Join_LetAssignment" />
    </UnitTest>
    <UnitTest name="DateTimeGT" storage="d:\alinq\source\trunk\test\bin\debug\test.dll" id="e21f1015-1c10-71d0-47e0-6dacf0c67752">
      <Css projectStructure="" iteration="" />
      <Owners>
        <Owner name="" />
      </Owners>
      <TestMethod codeBase="D:\ALinq\Source\Trunk\Test\bin\Debug\Test.dll" adapterTypeName="Microsoft.VisualStudio.TestTools.TestTypes.Unit.UnitTestAdapter, Microsoft.VisualStudio.QualityTools.Tips.UnitTest.Adapter, Version=9.0.0.0, Culture=neutral, PublicKeyToken=b03f5f7f11d50a3a" className="Test.NorOracleTest, Test" name="DateTimeGT" />
    </UnitTest>
    <UnitTest name="CRUD_Update4" storage="d:\alinq\source\trunk\test\bin\debug\test.dll" id="a97a8147-eba2-9ec1-5aad-ad0045adb7d5">
      <Css projectStructure="" iteration="" />
      <Owners>
        <Owner name="" />
      </Owners>
      <TestMethod codeBase="D:\ALinq\Source\Trunk\Test\bin\Debug\Test.dll" adapterTypeName="Microsoft.VisualStudio.TestTools.TestTypes.Unit.UnitTestAdapter, Microsoft.VisualStudio.QualityTools.Tips.UnitTest.Adapter, Version=9.0.0.0, Culture=neutral, PublicKeyToken=b03f5f7f11d50a3a" className="Test.DB2Test, Test" name="CRUD_Update4" />
    </UnitTest>
    <UnitTest name="StringIndexOf" storage="d:\alinq\source\trunk\test\bin\debug\test.dll" id="66392782-9be7-b399-bac5-ed8a264798e6">
      <Css projectStructure="" iteration="" />
      <Owners>
        <Owner name="" />
      </Owners>
      <TestMethod codeBase="D:\ALinq\Source\Trunk\Test\bin\Debug\Test.dll" adapterTypeName="Microsoft.VisualStudio.TestTools.TestTypes.Unit.UnitTestAdapter, Microsoft.VisualStudio.QualityTools.Tips.UnitTest.Adapter, Version=9.0.0.0, Culture=neutral, PublicKeyToken=b03f5f7f11d50a3a" className="Test.SqlTest, Test" name="StringIndexOf" />
    </UnitTest>
    <UnitTest name="Math_Ceiling" storage="d:\alinq\source\trunk\test\bin\debug\test.dll" id="bd5c05f0-a520-d5e2-0462-ddaf9d795ae8">
      <Css projectStructure="" iteration="" />
      <Owners>
        <Owner name="" />
      </Owners>
      <TestMethod codeBase="D:\ALinq\Source\Trunk\Test\bin\Debug\Test.dll" adapterTypeName="Microsoft.VisualStudio.TestTools.TestTypes.Unit.UnitTestAdapter, Microsoft.VisualStudio.QualityTools.Tips.UnitTest.Adapter, Version=9.0.0.0, Culture=neutral, PublicKeyToken=b03f5f7f11d50a3a" className="Test.AccessTest, Test" name="Math_Ceiling" />
    </UnitTest>
    <UnitTest name="DateDiffMillisecond" storage="d:\alinq\source\trunk\test\bin\debug\test.dll" id="923a0686-4c99-15de-a6e6-285a28b7f04b">
      <Css projectStructure="" iteration="" />
      <Owners>
        <Owner name="" />
      </Owners>
      <TestMethod codeBase="D:\ALinq\Source\Trunk\Test\bin\Debug\Test.dll" adapterTypeName="Microsoft.VisualStudio.TestTools.TestTypes.Unit.UnitTestAdapter, Microsoft.VisualStudio.QualityTools.Tips.UnitTest.Adapter, Version=9.0.0.0, Culture=neutral, PublicKeyToken=b03f5f7f11d50a3a" className="Test.AccessSqlMethods, Test" name="DateDiffMillisecond" />
    </UnitTest>
    <UnitTest name="Math_Pow" storage="d:\alinq\source\trunk\test\bin\debug\test.dll" id="9365a75f-cec5-7b46-d179-86d61b88c2d8">
      <Css projectStructure="" iteration="" />
      <Owners>
        <Owner name="" />
      </Owners>
      <TestMethod codeBase="D:\ALinq\Source\Trunk\Test\bin\Debug\Test.dll" adapterTypeName="Microsoft.VisualStudio.TestTools.TestTypes.Unit.UnitTestAdapter, Microsoft.VisualStudio.QualityTools.Tips.UnitTest.Adapter, Version=9.0.0.0, Culture=neutral, PublicKeyToken=b03f5f7f11d50a3a" className="Test.PgsqlTest, Test" name="Math_Pow" />
    </UnitTest>
    <UnitTest name="TestNull" storage="d:\alinq\source\trunk\test\bin\debug\test.dll" id="46e9337f-43ef-c7ff-216e-4093a34cb315">
      <Css projectStructure="" iteration="" />
      <Owners>
        <Owner name="" />
      </Owners>
      <TestMethod codeBase="D:\ALinq\Source\Trunk\Test\bin\Debug\Test.dll" adapterTypeName="Microsoft.VisualStudio.TestTools.TestTypes.Unit.UnitTestAdapter, Microsoft.VisualStudio.QualityTools.Tips.UnitTest.Adapter, Version=9.0.0.0, Culture=neutral, PublicKeyToken=b03f5f7f11d50a3a" className="Test.AccessTest, Test" name="TestNull" />
    </UnitTest>
    <UnitTest name="Math_Truncate1" storage="d:\alinq\source\trunk\test\bin\debug\test.dll" id="5ff38e3e-3da6-bc83-5616-99c6bddda09f">
      <Css projectStructure="" iteration="" />
      <Owners>
        <Owner name="" />
      </Owners>
      <TestMethod codeBase="D:\ALinq\Source\Trunk\Test\bin\Debug\Test.dll" adapterTypeName="Microsoft.VisualStudio.TestTools.TestTypes.Unit.UnitTestAdapter, Microsoft.VisualStudio.QualityTools.Tips.UnitTest.Adapter, Version=9.0.0.0, Culture=neutral, PublicKeyToken=b03f5f7f11d50a3a" className="Test.SQLiteTest, Test" name="Math_Truncate1" />
    </UnitTest>
    <UnitTest name="TableExists" storage="d:\alinq\source\trunk\test\bin\debug\test.dll" id="6cf101ab-614a-cedf-2266-b8577ad78957">
      <Css projectStructure="" iteration="" />
      <Owners>
        <Owner name="" />
      </Owners>
      <TestMethod codeBase="D:\ALinq\Source\Trunk\Test\bin\Debug\Test.dll" adapterTypeName="Microsoft.VisualStudio.TestTools.TestTypes.Unit.UnitTestAdapter, Microsoft.VisualStudio.QualityTools.Tips.UnitTest.Adapter, Version=9.0.0.0, Culture=neutral, PublicKeyToken=b03f5f7f11d50a3a" className="Test.MySqlTest, Test" name="TableExists" />
    </UnitTest>
    <UnitTest name="String_ToUpper2" storage="d:\alinq\source\trunk\test\bin\debug\test.dll" id="73e636b4-3ec9-cc29-59b2-75d0cef7fb7f">
      <Css projectStructure="" iteration="" />
      <Owners>
        <Owner name="" />
      </Owners>
      <TestMethod codeBase="D:\ALinq\Source\Trunk\Test\bin\Debug\Test.dll" adapterTypeName="Microsoft.VisualStudio.TestTools.TestTypes.Unit.UnitTestAdapter, Microsoft.VisualStudio.QualityTools.Tips.UnitTest.Adapter, Version=9.0.0.0, Culture=neutral, PublicKeyToken=b03f5f7f11d50a3a" className="Test.AccessTest, Test" name="String_ToUpper2" />
    </UnitTest>
    <UnitTest name="Math_Asin" storage="d:\alinq\source\trunk\test\bin\debug\test.dll" id="c0ebea94-70bb-854a-a958-2daaad4ab215">
      <Css projectStructure="" iteration="" />
      <Owners>
        <Owner name="" />
      </Owners>
      <TestMethod codeBase="D:\ALinq\Source\Trunk\Test\bin\Debug\Test.dll" adapterTypeName="Microsoft.VisualStudio.TestTools.TestTypes.Unit.UnitTestAdapter, Microsoft.VisualStudio.QualityTools.Tips.UnitTest.Adapter, Version=9.0.0.0, Culture=neutral, PublicKeyToken=b03f5f7f11d50a3a" className="Test.AccessTest, Test" name="Math_Asin" />
    </UnitTest>
    <UnitTest name="GroupBy_Month" storage="d:\alinq\source\trunk\test\bin\debug\test.dll" id="de5619fc-dbbc-6e7b-bb20-d406f48b87c5">
      <Css projectStructure="" iteration="" />
      <Owners>
        <Owner name="" />
      </Owners>
      <TestMethod codeBase="D:\ALinq\Source\Trunk\Test\bin\Debug\Test.dll" adapterTypeName="Microsoft.VisualStudio.TestTools.TestTypes.Unit.UnitTestAdapter, Microsoft.VisualStudio.QualityTools.Tips.UnitTest.Adapter, Version=9.0.0.0, Culture=neutral, PublicKeyToken=b03f5f7f11d50a3a" className="Test.NorOracleTest, Test" name="GroupBy_Month" />
    </UnitTest>
    <UnitTest name="Skip_Take" storage="d:\alinq\source\trunk\test\bin\debug\test.dll" id="a6146f59-fc36-207c-fe01-c336b5828cd9">
      <Css projectStructure="" iteration="" />
      <Owners>
        <Owner name="" />
      </Owners>
      <TestMethod codeBase="D:\ALinq\Source\Trunk\Test\bin\Debug\Test.dll" adapterTypeName="Microsoft.VisualStudio.TestTools.TestTypes.Unit.UnitTestAdapter, Microsoft.VisualStudio.QualityTools.Tips.UnitTest.Adapter, Version=9.0.0.0, Culture=neutral, PublicKeyToken=b03f5f7f11d50a3a" className="Test.SQLiteTest, Test" name="Skip_Take" />
    </UnitTest>
    <UnitTest name="GroupBy_ConditionalCount" storage="d:\alinq\source\trunk\test\bin\debug\test.dll" id="7d4b6ad4-44e0-eddf-1e60-7a2290b5367b">
      <Css projectStructure="" iteration="" />
      <Owners>
        <Owner name="" />
      </Owners>
      <TestMethod codeBase="D:\ALinq\Source\Trunk\Test\bin\Debug\Test.dll" adapterTypeName="Microsoft.VisualStudio.TestTools.TestTypes.Unit.UnitTestAdapter, Microsoft.VisualStudio.QualityTools.Tips.UnitTest.Adapter, Version=9.0.0.0, Culture=neutral, PublicKeyToken=b03f5f7f11d50a3a" className="Test.SQL2005Test, Test" name="GroupBy_ConditionalCount" />
    </UnitTest>
    <UnitTest name="Except" storage="d:\alinq\source\trunk\test\bin\debug\test.dll" id="82556ac5-d148-75f4-7c7f-9511fd0e285c">
      <Css projectStructure="" iteration="" />
      <Owners>
        <Owner name="" />
      </Owners>
      <TestMethod codeBase="D:\ALinq\Source\Trunk\Test\bin\Debug\Test.dll" adapterTypeName="Microsoft.VisualStudio.TestTools.TestTypes.Unit.UnitTestAdapter, Microsoft.VisualStudio.QualityTools.Tips.UnitTest.Adapter, Version=9.0.0.0, Culture=neutral, PublicKeyToken=b03f5f7f11d50a3a" className="Test.SqlTest, Test" name="Except" />
    </UnitTest>
    <UnitTest name="DateTime_AddSeconds" storage="d:\alinq\source\trunk\test\bin\debug\test.dll" id="91c1bd02-0e9e-0d6a-6382-c916c0fde087">
      <Css projectStructure="" iteration="" />
      <Owners>
        <Owner name="" />
      </Owners>
      <TestMethod codeBase="D:\ALinq\Source\Trunk\Test\bin\Debug\Test.dll" adapterTypeName="Microsoft.VisualStudio.TestTools.TestTypes.Unit.UnitTestAdapter, Microsoft.VisualStudio.QualityTools.Tips.UnitTest.Adapter, Version=9.0.0.0, Culture=neutral, PublicKeyToken=b03f5f7f11d50a3a" className="Test.NorOracleTest, Test" name="DateTime_AddSeconds" />
    </UnitTest>
    <UnitTest name="DataType_UInt64" storage="d:\alinq\source\trunk\test\bin\debug\test.dll" id="de9e45ca-bdf5-a433-b3f7-33fd896b4457">
      <Css projectStructure="" iteration="" />
      <Owners>
        <Owner name="" />
      </Owners>
      <TestMethod codeBase="D:\ALinq\Source\Trunk\Test\bin\Debug\Test.dll" adapterTypeName="Microsoft.VisualStudio.TestTools.TestTypes.Unit.UnitTestAdapter, Microsoft.VisualStudio.QualityTools.Tips.UnitTest.Adapter, Version=9.0.0.0, Culture=neutral, PublicKeyToken=b03f5f7f11d50a3a" className="Test.AccessTest, Test" name="DataType_UInt64" />
    </UnitTest>
    <UnitTest name="DateTime_Minute" storage="d:\alinq\source\trunk\test\bin\debug\test.dll" id="312f2145-a939-64ec-bce3-f297bc2d8632">
      <Css projectStructure="" iteration="" />
      <Owners>
        <Owner name="" />
      </Owners>
      <TestMethod codeBase="D:\ALinq\Source\Trunk\Test\bin\Debug\Test.dll" adapterTypeName="Microsoft.VisualStudio.TestTools.TestTypes.Unit.UnitTestAdapter, Microsoft.VisualStudio.QualityTools.Tips.UnitTest.Adapter, Version=9.0.0.0, Culture=neutral, PublicKeyToken=b03f5f7f11d50a3a" className="Test.SQL2005Test, Test" name="DateTime_Minute" />
    </UnitTest>
    <UnitTest name="Count_Conditional" storage="d:\alinq\source\trunk\test\bin\debug\test.dll" id="728007a3-cba4-140c-12fa-c0906ba01715">
      <Css projectStructure="" iteration="" />
      <Owners>
        <Owner name="" />
      </Owners>
      <TestMethod codeBase="D:\ALinq\Source\Trunk\Test\bin\Debug\Test.dll" adapterTypeName="Microsoft.VisualStudio.TestTools.TestTypes.Unit.UnitTestAdapter, Microsoft.VisualStudio.QualityTools.Tips.UnitTest.Adapter, Version=9.0.0.0, Culture=neutral, PublicKeyToken=b03f5f7f11d50a3a" className="Test.SqlTest, Test" name="Count_Conditional" />
    </UnitTest>
    <UnitTest name="String_TrimStart" storage="d:\alinq\source\trunk\test\bin\debug\test.dll" id="2db18b94-1ba2-8ab3-65ed-53ec85130472">
      <Css projectStructure="" iteration="" />
      <Owners>
        <Owner name="" />
      </Owners>
      <TestMethod codeBase="D:\ALinq\Source\Trunk\Test\bin\Debug\Test.dll" adapterTypeName="Microsoft.VisualStudio.TestTools.TestTypes.Unit.UnitTestAdapter, Microsoft.VisualStudio.QualityTools.Tips.UnitTest.Adapter, Version=9.0.0.0, Culture=neutral, PublicKeyToken=b03f5f7f11d50a3a" className="Test.NorOracleTest, Test" name="String_TrimStart" />
    </UnitTest>
    <UnitTest name="CreateDatabase" storage="d:\alinq\source\trunk\test\bin\debug\test.dll" id="af172b8b-889b-1873-7efb-6e15b877c05f">
      <Css projectStructure="" iteration="" />
      <Owners>
        <Owner name="" />
      </Owners>
      <TestMethod codeBase="D:\ALinq\Source\Trunk\Test\bin\Debug\Test.dll" adapterTypeName="Microsoft.VisualStudio.TestTools.TestTypes.Unit.UnitTestAdapter, Microsoft.VisualStudio.QualityTools.Tips.UnitTest.Adapter, Version=9.0.0.0, Culture=neutral, PublicKeyToken=b03f5f7f11d50a3a" className="Test.PgsqlTest, Test" name="CreateDatabase" />
    </UnitTest>
    <UnitTest name="Max_Simple" storage="d:\alinq\source\trunk\test\bin\debug\test.dll" id="5f1fdffc-0ce2-75d0-83bf-fd4afd7b5a00">
      <Css projectStructure="" iteration="" />
      <Owners>
        <Owner name="" />
      </Owners>
      <TestMethod codeBase="D:\ALinq\Source\Trunk\Test\bin\Debug\Test.dll" adapterTypeName="Microsoft.VisualStudio.TestTools.TestTypes.Unit.UnitTestAdapter, Microsoft.VisualStudio.QualityTools.Tips.UnitTest.Adapter, Version=9.0.0.0, Culture=neutral, PublicKeyToken=b03f5f7f11d50a3a" className="Test.PgsqlTest, Test" name="Max_Simple" />
    </UnitTest>
    <UnitTest name="Inherit" storage="d:\alinq\source\trunk\test\bin\debug\test.dll" id="82ccd57e-26ee-39a8-3927-9733043fc8c0">
      <Css projectStructure="" iteration="" />
      <Owners>
        <Owner name="" />
      </Owners>
      <TestMethod codeBase="D:\ALinq\Source\Trunk\Test\bin\Debug\Test.dll" adapterTypeName="Microsoft.VisualStudio.TestTools.TestTypes.Unit.UnitTestAdapter, Microsoft.VisualStudio.QualityTools.Tips.UnitTest.Adapter, Version=9.0.0.0, Culture=neutral, PublicKeyToken=b03f5f7f11d50a3a" className="Test.OdpOracleTest, Test" name="Inherit" />
    </UnitTest>
    <UnitTest name="Where_Simple2" storage="d:\alinq\source\trunk\test\bin\debug\test.dll" id="ef85acb5-417f-1c28-fb82-39873d6b3be4">
      <Css projectStructure="" iteration="" />
      <Owners>
        <Owner name="" />
      </Owners>
      <TestMethod codeBase="D:\ALinq\Source\Trunk\Test\bin\Debug\Test.dll" adapterTypeName="Microsoft.VisualStudio.TestTools.TestTypes.Unit.UnitTestAdapter, Microsoft.VisualStudio.QualityTools.Tips.UnitTest.Adapter, Version=9.0.0.0, Culture=neutral, PublicKeyToken=b03f5f7f11d50a3a" className="Test.NorOracleTest, Test" name="Where_Simple2" />
    </UnitTest>
    <UnitTest name="Math_Max" storage="d:\alinq\source\trunk\test\bin\debug\test.dll" id="c1f40fc1-68db-3a27-549b-0b13dab3f353">
      <Css projectStructure="" iteration="" />
      <Owners>
        <Owner name="" />
      </Owners>
      <TestMethod codeBase="D:\ALinq\Source\Trunk\Test\bin\Debug\Test.dll" adapterTypeName="Microsoft.VisualStudio.TestTools.TestTypes.Unit.UnitTestAdapter, Microsoft.VisualStudio.QualityTools.Tips.UnitTest.Adapter, Version=9.0.0.0, Culture=neutral, PublicKeyToken=b03f5f7f11d50a3a" className="Test.OdpOracleTest, Test" name="Math_Max" />
    </UnitTest>
    <UnitTest name="Min_Simple" storage="d:\alinq\source\trunk\test\bin\debug\test.dll" id="0be59d99-e9e1-09ad-61d9-951ac8d4ae71">
      <Css projectStructure="" iteration="" />
      <Owners>
        <Owner name="" />
      </Owners>
      <TestMethod codeBase="D:\ALinq\Source\Trunk\Test\bin\Debug\Test.dll" adapterTypeName="Microsoft.VisualStudio.TestTools.TestTypes.Unit.UnitTestAdapter, Microsoft.VisualStudio.QualityTools.Tips.UnitTest.Adapter, Version=9.0.0.0, Culture=neutral, PublicKeyToken=b03f5f7f11d50a3a" className="Test.SQLiteTest, Test" name="Min_Simple" />
    </UnitTest>
    <UnitTest name="CRUD_Update2" storage="d:\alinq\source\trunk\test\bin\debug\test.dll" id="ee47bc88-112a-7bbb-4dfa-339e3a88c421">
      <Css projectStructure="" iteration="" />
      <Owners>
        <Owner name="" />
      </Owners>
      <TestMethod codeBase="D:\ALinq\Source\Trunk\Test\bin\Debug\Test.dll" adapterTypeName="Microsoft.VisualStudio.TestTools.TestTypes.Unit.UnitTestAdapter, Microsoft.VisualStudio.QualityTools.Tips.UnitTest.Adapter, Version=9.0.0.0, Culture=neutral, PublicKeyToken=b03f5f7f11d50a3a" className="Test.SQLiteTest, Test" name="CRUD_Update2" />
    </UnitTest>
    <UnitTest name="DateTimeGE" storage="d:\alinq\source\trunk\test\bin\debug\test.dll" id="942f0227-8023-b8f4-5997-d906b0c67420">
      <Css projectStructure="" iteration="" />
      <Owners>
        <Owner name="" />
      </Owners>
      <TestMethod codeBase="D:\ALinq\Source\Trunk\Test\bin\Debug\Test.dll" adapterTypeName="Microsoft.VisualStudio.TestTools.TestTypes.Unit.UnitTestAdapter, Microsoft.VisualStudio.QualityTools.Tips.UnitTest.Adapter, Version=9.0.0.0, Culture=neutral, PublicKeyToken=b03f5f7f11d50a3a" className="Test.SqlTest, Test" name="DateTimeGE" />
    </UnitTest>
    <UnitTest name="Min_Projection" storage="d:\alinq\source\trunk\test\bin\debug\test.dll" id="73712f82-89d0-809c-536e-e6c7920ffe5d">
      <Css projectStructure="" iteration="" />
      <Owners>
        <Owner name="" />
      </Owners>
      <TestMethod codeBase="D:\ALinq\Source\Trunk\Test\bin\Debug\Test.dll" adapterTypeName="Microsoft.VisualStudio.TestTools.TestTypes.Unit.UnitTestAdapter, Microsoft.VisualStudio.QualityTools.Tips.UnitTest.Adapter, Version=9.0.0.0, Culture=neutral, PublicKeyToken=b03f5f7f11d50a3a" className="Test.AccessTest, Test" name="Min_Projection" />
    </UnitTest>
    <UnitTest name="ParseSqlDataType" storage="d:\alinq\source\trunk\test\bin\debug\test.dll" id="f32cac5d-da2c-89de-a93b-ca7be08b187b">
      <Css projectStructure="" iteration="" />
      <Owners>
        <Owner name="" />
      </Owners>
      <TestMethod codeBase="D:\ALinq\Source\Trunk\Test\bin\Debug\Test.dll" adapterTypeName="Microsoft.VisualStudio.TestTools.TestTypes.Unit.UnitTestAdapter, Microsoft.VisualStudio.QualityTools.Tips.UnitTest.Adapter, Version=9.0.0.0, Culture=neutral, PublicKeyToken=b03f5f7f11d50a3a" className="Test.SQLiteDataTypeTest, Test" name="ParseSqlDataType" />
    </UnitTest>
    <UnitTest name="OrderBy_Conditional" storage="d:\alinq\source\trunk\test\bin\debug\test.dll" id="dd67c3da-ab6a-d42b-f13a-2e74c79e9d38">
      <Css projectStructure="" iteration="" />
      <Owners>
        <Owner name="" />
      </Owners>
      <TestMethod codeBase="D:\ALinq\Source\Trunk\Test\bin\Debug\Test.dll" adapterTypeName="Microsoft.VisualStudio.TestTools.TestTypes.Unit.UnitTestAdapter, Microsoft.VisualStudio.QualityTools.Tips.UnitTest.Adapter, Version=9.0.0.0, Culture=neutral, PublicKeyToken=b03f5f7f11d50a3a" className="Test.SQL2005Test, Test" name="OrderBy_Conditional" />
    </UnitTest>
    <UnitTest name="Any_Grouped" storage="d:\alinq\source\trunk\test\bin\debug\test.dll" id="9ab05595-46b5-bebd-4a9c-658d7932db5f">
      <Css projectStructure="" iteration="" />
      <Owners>
        <Owner name="" />
      </Owners>
      <TestMethod codeBase="D:\ALinq\Source\Trunk\Test\bin\Debug\Test.dll" adapterTypeName="Microsoft.VisualStudio.TestTools.TestTypes.Unit.UnitTestAdapter, Microsoft.VisualStudio.QualityTools.Tips.UnitTest.Adapter, Version=9.0.0.0, Culture=neutral, PublicKeyToken=b03f5f7f11d50a3a" className="Test.SQLiteTest, Test" name="Any_Grouped" />
    </UnitTest>
    <UnitTest name="Skip_Nested" storage="d:\alinq\source\trunk\test\bin\debug\test.dll" id="d7902940-886a-de77-0d85-cf7701a4f84f">
      <Css projectStructure="" iteration="" />
      <Owners>
        <Owner name="" />
      </Owners>
      <TestMethod codeBase="D:\ALinq\Source\Trunk\Test\bin\Debug\Test.dll" adapterTypeName="Microsoft.VisualStudio.TestTools.TestTypes.Unit.UnitTestAdapter, Microsoft.VisualStudio.QualityTools.Tips.UnitTest.Adapter, Version=9.0.0.0, Culture=neutral, PublicKeyToken=b03f5f7f11d50a3a" className="Test.DB2Test, Test" name="Skip_Nested" />
    </UnitTest>
    <UnitTest name="CRUD_Update4" storage="d:\alinq\source\trunk\test\bin\debug\test.dll" id="9feba22e-b4b5-4233-6cd0-947daeb5f337">
      <Css projectStructure="" iteration="" />
      <Owners>
        <Owner name="" />
      </Owners>
      <TestMethod codeBase="D:\ALinq\Source\Trunk\Test\bin\Debug\Test.dll" adapterTypeName="Microsoft.VisualStudio.TestTools.TestTypes.Unit.UnitTestAdapter, Microsoft.VisualStudio.QualityTools.Tips.UnitTest.Adapter, Version=9.0.0.0, Culture=neutral, PublicKeyToken=b03f5f7f11d50a3a" className="Test.AccessTest, Test" name="CRUD_Update4" />
    </UnitTest>
    <UnitTest name="Convert_ToInt32" storage="d:\alinq\source\trunk\test\bin\debug\test.dll" id="47fe6a82-f492-b88b-db72-1ebdb61c6bf2">
      <Css projectStructure="" iteration="" />
      <Owners>
        <Owner name="" />
      </Owners>
      <TestMethod codeBase="D:\ALinq\Source\Trunk\Test\bin\Debug\Test.dll" adapterTypeName="Microsoft.VisualStudio.TestTools.TestTypes.Unit.UnitTestAdapter, Microsoft.VisualStudio.QualityTools.Tips.UnitTest.Adapter, Version=9.0.0.0, Culture=neutral, PublicKeyToken=b03f5f7f11d50a3a" className="Test.FirebirdTest, Test" name="Convert_ToInt32" />
    </UnitTest>
    <UnitTest name="First" priority="20" storage="d:\alinq\source\trunk\test\bin\debug\test.dll" id="372512b8-e961-2461-3677-56688467533c">
      <Css projectStructure="" iteration="" />
      <Owners>
        <Owner name="" />
      </Owners>
      <TestMethod codeBase="D:\ALinq\Source\Trunk\Test\bin\Debug\Test.dll" adapterTypeName="Microsoft.VisualStudio.TestTools.TestTypes.Unit.UnitTestAdapter, Microsoft.VisualStudio.QualityTools.Tips.UnitTest.Adapter, Version=9.0.0.0, Culture=neutral, PublicKeyToken=b03f5f7f11d50a3a" className="Test.SQL2000Test, Test" name="First" />
    </UnitTest>
    <UnitTest name="GroupBy_Day" storage="d:\alinq\source\trunk\test\bin\debug\test.dll" id="bb99537c-8fd2-7339-bab7-432c9465015b">
      <Css projectStructure="" iteration="" />
      <Owners>
        <Owner name="" />
      </Owners>
      <TestMethod codeBase="D:\ALinq\Source\Trunk\Test\bin\Debug\Test.dll" adapterTypeName="Microsoft.VisualStudio.TestTools.TestTypes.Unit.UnitTestAdapter, Microsoft.VisualStudio.QualityTools.Tips.UnitTest.Adapter, Version=9.0.0.0, Culture=neutral, PublicKeyToken=b03f5f7f11d50a3a" className="Test.OdpOracleTest, Test" name="GroupBy_Day" />
    </UnitTest>
    <UnitTest name="Insert_ManyToMany" storage="d:\alinq\source\trunk\test\bin\debug\test.dll" id="5b976b0d-a3a3-0015-c690-ea0bafb312f4">
      <Css projectStructure="" iteration="" />
      <Owners>
        <Owner name="" />
      </Owners>
      <TestMethod codeBase="D:\ALinq\Source\Trunk\Test\bin\Debug\Test.dll" adapterTypeName="Microsoft.VisualStudio.TestTools.TestTypes.Unit.UnitTestAdapter, Microsoft.VisualStudio.QualityTools.Tips.UnitTest.Adapter, Version=9.0.0.0, Culture=neutral, PublicKeyToken=b03f5f7f11d50a3a" className="Test.SQL2000Test, Test" name="Insert_ManyToMany" />
    </UnitTest>
    <UnitTest name="CRUD_Update3" storage="d:\alinq\source\trunk\test\bin\debug\test.dll" id="24459630-86f8-18d0-2763-93ad4ff7588d">
      <Css projectStructure="" iteration="" />
      <Owners>
        <Owner name="" />
      </Owners>
      <TestMethod codeBase="D:\ALinq\Source\Trunk\Test\bin\Debug\Test.dll" adapterTypeName="Microsoft.VisualStudio.TestTools.TestTypes.Unit.UnitTestAdapter, Microsoft.VisualStudio.QualityTools.Tips.UnitTest.Adapter, Version=9.0.0.0, Culture=neutral, PublicKeyToken=b03f5f7f11d50a3a" className="Test.DB2Test, Test" name="CRUD_Update3" />
    </UnitTest>
    <UnitTest name="ResolveAll" storage="d:\alinq\source\trunk\test\bin\debug\test.dll" id="b637484a-0a29-f3b0-d7b0-fd4e2a71c99b">
      <Css projectStructure="" iteration="" />
      <Owners>
        <Owner name="" />
      </Owners>
      <TestMethod codeBase="D:\ALinq\Source\Trunk\Test\bin\Debug\Test.dll" adapterTypeName="Microsoft.VisualStudio.TestTools.TestTypes.Unit.UnitTestAdapter, Microsoft.VisualStudio.QualityTools.Tips.UnitTest.Adapter, Version=9.0.0.0, Culture=neutral, PublicKeyToken=b03f5f7f11d50a3a" className="Test.NorOracleTest, Test" name="ResolveAll" />
    </UnitTest>
    <UnitTest name="GroupBy_Select" storage="d:\alinq\source\trunk\test\bin\debug\test.dll" id="29358cf3-4ce0-0f9b-5a2a-d4edc0ebc4ec">
      <Css projectStructure="" iteration="" />
      <Owners>
        <Owner name="" />
      </Owners>
      <TestMethod codeBase="D:\ALinq\Source\Trunk\Test\bin\Debug\Test.dll" adapterTypeName="Microsoft.VisualStudio.TestTools.TestTypes.Unit.UnitTestAdapter, Microsoft.VisualStudio.QualityTools.Tips.UnitTest.Adapter, Version=9.0.0.0, Culture=neutral, PublicKeyToken=b03f5f7f11d50a3a" className="Test.MySqlTest, Test" name="GroupBy_Select" />
    </UnitTest>
    <UnitTest name="DeleteTable" storage="d:\alinq\source\trunk\test\bin\debug\test.dll" id="ff1f2d31-f557-57c1-eaa7-3258bc18bae9">
      <Css projectStructure="" iteration="" />
      <Owners>
        <Owner name="" />
      </Owners>
      <TestMethod codeBase="D:\ALinq\Source\Trunk\Test\bin\Debug\Test.dll" adapterTypeName="Microsoft.VisualStudio.TestTools.TestTypes.Unit.UnitTestAdapter, Microsoft.VisualStudio.QualityTools.Tips.UnitTest.Adapter, Version=9.0.0.0, Culture=neutral, PublicKeyToken=b03f5f7f11d50a3a" className="Test.PgsqlTest, Test" name="DeleteTable" />
    </UnitTest>
    <UnitTest name="DataType_XDocument" storage="d:\alinq\source\trunk\test\bin\debug\test.dll" id="986146aa-0e69-f622-f640-879f33516ebf">
      <Css projectStructure="" iteration="" />
      <Owners>
        <Owner name="" />
      </Owners>
      <TestMethod codeBase="D:\ALinq\Source\Trunk\Test\bin\Debug\Test.dll" adapterTypeName="Microsoft.VisualStudio.TestTools.TestTypes.Unit.UnitTestAdapter, Microsoft.VisualStudio.QualityTools.Tips.UnitTest.Adapter, Version=9.0.0.0, Culture=neutral, PublicKeyToken=b03f5f7f11d50a3a" className="Test.SQL2005Test, Test" name="DataType_XDocument" />
    </UnitTest>
    <UnitTest name="Insert_OneToMany" storage="d:\alinq\source\trunk\test\bin\debug\test.dll" id="8e4181d3-fe96-b1ca-c487-8c12a0ed2cc1">
      <Css projectStructure="" iteration="" />
      <Owners>
        <Owner name="" />
      </Owners>
      <TestMethod codeBase="D:\ALinq\Source\Trunk\Test\bin\Debug\Test.dll" adapterTypeName="Microsoft.VisualStudio.TestTools.TestTypes.Unit.UnitTestAdapter, Microsoft.VisualStudio.QualityTools.Tips.UnitTest.Adapter, Version=9.0.0.0, Culture=neutral, PublicKeyToken=b03f5f7f11d50a3a" className="Test.NorOracleTest, Test" name="Insert_OneToMany" />
    </UnitTest>
    <UnitTest name="Math_Atan" storage="d:\alinq\source\trunk\test\bin\debug\test.dll" id="6897bc96-8fbb-946b-01bd-4d1ed6431693">
      <Css projectStructure="" iteration="" />
      <Owners>
        <Owner name="" />
      </Owners>
      <TestMethod codeBase="D:\ALinq\Source\Trunk\Test\bin\Debug\Test.dll" adapterTypeName="Microsoft.VisualStudio.TestTools.TestTypes.Unit.UnitTestAdapter, Microsoft.VisualStudio.QualityTools.Tips.UnitTest.Adapter, Version=9.0.0.0, Culture=neutral, PublicKeyToken=b03f5f7f11d50a3a" className="Test.AccessTest, Test" name="Math_Atan" />
    </UnitTest>
    <UnitTest name="Math_Min" storage="d:\alinq\source\trunk\test\bin\debug\test.dll" id="71e26959-b11f-48f8-27e2-807c4f5f1b39">
      <Css projectStructure="" iteration="" />
      <Owners>
        <Owner name="" />
      </Owners>
      <TestMethod codeBase="D:\ALinq\Source\Trunk\Test\bin\Debug\Test.dll" adapterTypeName="Microsoft.VisualStudio.TestTools.TestTypes.Unit.UnitTestAdapter, Microsoft.VisualStudio.QualityTools.Tips.UnitTest.Adapter, Version=9.0.0.0, Culture=neutral, PublicKeyToken=b03f5f7f11d50a3a" className="Test.OdpOracleTest, Test" name="Math_Min" />
    </UnitTest>
    <UnitTest name="DateTime_DayOfYear" storage="d:\alinq\source\trunk\test\bin\debug\test.dll" id="39852a30-b536-3c6f-f3b4-3590484da938">
      <Css projectStructure="" iteration="" />
      <Owners>
        <Owner name="" />
      </Owners>
      <TestMethod codeBase="D:\ALinq\Source\Trunk\Test\bin\Debug\Test.dll" adapterTypeName="Microsoft.VisualStudio.TestTools.TestTypes.Unit.UnitTestAdapter, Microsoft.VisualStudio.QualityTools.Tips.UnitTest.Adapter, Version=9.0.0.0, Culture=neutral, PublicKeyToken=b03f5f7f11d50a3a" className="Test.NorOracleTest, Test" name="DateTime_DayOfYear" />
    </UnitTest>
    <UnitTest name="Join_TowWay" storage="d:\alinq\source\trunk\test\bin\debug\test.dll" id="5eab0771-e464-8303-89e1-3c32f08f3779">
      <Css projectStructure="" iteration="" />
      <Owners>
        <Owner name="" />
      </Owners>
      <TestMethod codeBase="D:\ALinq\Source\Trunk\Test\bin\Debug\Test.dll" adapterTypeName="Microsoft.VisualStudio.TestTools.TestTypes.Unit.UnitTestAdapter, Microsoft.VisualStudio.QualityTools.Tips.UnitTest.Adapter, Version=9.0.0.0, Culture=neutral, PublicKeyToken=b03f5f7f11d50a3a" className="Test.DB2Test, Test" name="Join_TowWay" />
    </UnitTest>
    <UnitTest name="String_ToUpper1" storage="d:\alinq\source\trunk\test\bin\debug\test.dll" id="95b16ca7-0126-7063-4d09-1de99148a6fd">
      <Css projectStructure="" iteration="" />
      <Owners>
        <Owner name="" />
      </Owners>
      <TestMethod codeBase="D:\ALinq\Source\Trunk\Test\bin\Debug\Test.dll" adapterTypeName="Microsoft.VisualStudio.TestTools.TestTypes.Unit.UnitTestAdapter, Microsoft.VisualStudio.QualityTools.Tips.UnitTest.Adapter, Version=9.0.0.0, Culture=neutral, PublicKeyToken=b03f5f7f11d50a3a" className="Test.PgsqlTest, Test" name="String_ToUpper1" />
    </UnitTest>
    <UnitTest name="LongCount" storage="d:\alinq\source\trunk\test\bin\debug\test.dll" id="6245d68e-51ce-2fa5-a06c-1ea7f1be50c7">
      <Css projectStructure="" iteration="" />
      <Owners>
        <Owner name="" />
      </Owners>
      <TestMethod codeBase="D:\ALinq\Source\Trunk\Test\bin\Debug\Test.dll" adapterTypeName="Microsoft.VisualStudio.TestTools.TestTypes.Unit.UnitTestAdapter, Microsoft.VisualStudio.QualityTools.Tips.UnitTest.Adapter, Version=9.0.0.0, Culture=neutral, PublicKeyToken=b03f5f7f11d50a3a" className="Test.PgsqlTest, Test" name="LongCount" />
    </UnitTest>
    <UnitTest name="Max_Simple" storage="d:\alinq\source\trunk\test\bin\debug\test.dll" id="5e2bf52b-7786-4b94-4118-574707a02cca">
      <Css projectStructure="" iteration="" />
      <Owners>
        <Owner name="" />
      </Owners>
      <TestMethod codeBase="D:\ALinq\Source\Trunk\Test\bin\Debug\Test.dll" adapterTypeName="Microsoft.VisualStudio.TestTools.TestTypes.Unit.UnitTestAdapter, Microsoft.VisualStudio.QualityTools.Tips.UnitTest.Adapter, Version=9.0.0.0, Culture=neutral, PublicKeyToken=b03f5f7f11d50a3a" className="Test.OdpOracleTest, Test" name="Max_Simple" />
    </UnitTest>
    <UnitTest name="GroupBy_Simple" storage="d:\alinq\source\trunk\test\bin\debug\test.dll" id="764c6456-8718-2515-38bc-a8e26129245b">
      <Css projectStructure="" iteration="" />
      <Owners>
        <Owner name="" />
      </Owners>
      <TestMethod codeBase="D:\ALinq\Source\Trunk\Test\bin\Debug\Test.dll" adapterTypeName="Microsoft.VisualStudio.TestTools.TestTypes.Unit.UnitTestAdapter, Microsoft.VisualStudio.QualityTools.Tips.UnitTest.Adapter, Version=9.0.0.0, Culture=neutral, PublicKeyToken=b03f5f7f11d50a3a" className="Test.PgsqlTest, Test" name="GroupBy_Simple" />
    </UnitTest>
    <UnitTest name="CreateTale" storage="d:\alinq\source\trunk\test\bin\debug\test.dll" id="b2520b9e-7740-bf67-b685-d32cef560baa">
      <Css projectStructure="" iteration="" />
      <Owners>
        <Owner name="" />
      </Owners>
      <TestMethod codeBase="D:\ALinq\Source\Trunk\Test\bin\Debug\Test.dll" adapterTypeName="Microsoft.VisualStudio.TestTools.TestTypes.Unit.UnitTestAdapter, Microsoft.VisualStudio.QualityTools.Tips.UnitTest.Adapter, Version=9.0.0.0, Culture=neutral, PublicKeyToken=b03f5f7f11d50a3a" className="Test.OdpOracleTest, Test" name="CreateTale" />
    </UnitTest>
    <UnitTest name="CRUD_Update1" storage="d:\alinq\source\trunk\test\bin\debug\test.dll" id="16b62b45-8db0-f2c9-6656-08e027c4e509">
      <Css projectStructure="" iteration="" />
      <Owners>
        <Owner name="" />
      </Owners>
      <TestMethod codeBase="D:\ALinq\Source\Trunk\Test\bin\Debug\Test.dll" adapterTypeName="Microsoft.VisualStudio.TestTools.TestTypes.Unit.UnitTestAdapter, Microsoft.VisualStudio.QualityTools.Tips.UnitTest.Adapter, Version=9.0.0.0, Culture=neutral, PublicKeyToken=b03f5f7f11d50a3a" className="Test.PgsqlTest, Test" name="CRUD_Update1" />
    </UnitTest>
    <UnitTest name="String_IndexOf1" storage="d:\alinq\source\trunk\test\bin\debug\test.dll" id="c469604c-cff6-7e7a-34f9-c5e6fda61b13">
      <Css projectStructure="" iteration="" />
      <Owners>
        <Owner name="" />
      </Owners>
      <TestMethod codeBase="D:\ALinq\Source\Trunk\Test\bin\Debug\Test.dll" adapterTypeName="Microsoft.VisualStudio.TestTools.TestTypes.Unit.UnitTestAdapter, Microsoft.VisualStudio.QualityTools.Tips.UnitTest.Adapter, Version=9.0.0.0, Culture=neutral, PublicKeyToken=b03f5f7f11d50a3a" className="Test.AccessTest, Test" name="String_IndexOf1" />
    </UnitTest>
    <UnitTest name="Select_AnonymousType" storage="d:\alinq\source\trunk\test\bin\debug\test.dll" id="e5af5a11-4279-5b26-a2a7-bc92267f4901">
      <Css projectStructure="" iteration="" />
      <Owners>
        <Owner name="" />
      </Owners>
      <TestMethod codeBase="D:\ALinq\Source\Trunk\Test\bin\Debug\Test.dll" adapterTypeName="Microsoft.VisualStudio.TestTools.TestTypes.Unit.UnitTestAdapter, Microsoft.VisualStudio.QualityTools.Tips.UnitTest.Adapter, Version=9.0.0.0, Culture=neutral, PublicKeyToken=b03f5f7f11d50a3a" className="Test.DB2Test, Test" name="Select_AnonymousType" />
    </UnitTest>
    <UnitTest name="Insert_Inherit" storage="d:\alinq\source\trunk\test\bin\debug\test.dll" id="30df2ce9-ff6a-5ce7-c53b-236cf8bb5676">
      <Css projectStructure="" iteration="" />
      <Owners>
        <Owner name="" />
      </Owners>
      <TestMethod codeBase="D:\ALinq\Source\Trunk\Test\bin\Debug\Test.dll" adapterTypeName="Microsoft.VisualStudio.TestTools.TestTypes.Unit.UnitTestAdapter, Microsoft.VisualStudio.QualityTools.Tips.UnitTest.Adapter, Version=9.0.0.0, Culture=neutral, PublicKeyToken=b03f5f7f11d50a3a" className="Test.SQLiteTest, Test" name="Insert_Inherit" />
    </UnitTest>
    <UnitTest name="Association" storage="d:\alinq\source\trunk\test\bin\debug\test.dll" id="5b98e89a-079d-d776-baea-800fa627dfea">
      <Css projectStructure="" iteration="" />
      <Owners>
        <Owner name="" />
      </Owners>
      <TestMethod codeBase="D:\ALinq\Source\Trunk\Test\bin\Debug\Test.dll" adapterTypeName="Microsoft.VisualStudio.TestTools.TestTypes.Unit.UnitTestAdapter, Microsoft.VisualStudio.QualityTools.Tips.UnitTest.Adapter, Version=9.0.0.0, Culture=neutral, PublicKeyToken=b03f5f7f11d50a3a" className="Test.FirebirdTest, Test" name="Association" />
    </UnitTest>
    <UnitTest name="Insert_OneToMany" storage="d:\alinq\source\trunk\test\bin\debug\test.dll" id="050782df-267b-54dc-5075-728164833137">
      <Css projectStructure="" iteration="" />
      <Owners>
        <Owner name="" />
      </Owners>
      <TestMethod codeBase="D:\ALinq\Source\Trunk\Test\bin\Debug\Test.dll" adapterTypeName="Microsoft.VisualStudio.TestTools.TestTypes.Unit.UnitTestAdapter, Microsoft.VisualStudio.QualityTools.Tips.UnitTest.Adapter, Version=9.0.0.0, Culture=neutral, PublicKeyToken=b03f5f7f11d50a3a" className="Test.DB2Test, Test" name="Insert_OneToMany" />
    </UnitTest>
    <UnitTest name="DataType_Char" storage="d:\alinq\source\trunk\test\bin\debug\test.dll" id="3a3e2936-53f5-3efc-8074-f1b3b0fa51f2">
      <Css projectStructure="" iteration="" />
      <Owners>
        <Owner name="" />
      </Owners>
      <TestMethod codeBase="D:\ALinq\Source\Trunk\Test\bin\Debug\Test.dll" adapterTypeName="Microsoft.VisualStudio.TestTools.TestTypes.Unit.UnitTestAdapter, Microsoft.VisualStudio.QualityTools.Tips.UnitTest.Adapter, Version=9.0.0.0, Culture=neutral, PublicKeyToken=b03f5f7f11d50a3a" className="Test.PgsqlTest, Test" name="DataType_Char" />
    </UnitTest>
    <UnitTest name="String_EndsWith" storage="d:\alinq\source\trunk\test\bin\debug\test.dll" id="4d8b595a-c183-78de-71c4-11db1bdb2652">
      <Css projectStructure="" iteration="" />
      <Owners>
        <Owner name="" />
      </Owners>
      <TestMethod codeBase="D:\ALinq\Source\Trunk\Test\bin\Debug\Test.dll" adapterTypeName="Microsoft.VisualStudio.TestTools.TestTypes.Unit.UnitTestAdapter, Microsoft.VisualStudio.QualityTools.Tips.UnitTest.Adapter, Version=9.0.0.0, Culture=neutral, PublicKeyToken=b03f5f7f11d50a3a" className="Test.SQL2000Test, Test" name="String_EndsWith" />
    </UnitTest>
    <UnitTest name="Math_Acos" storage="d:\alinq\source\trunk\test\bin\debug\test.dll" id="9b10071e-34f8-94c5-4fd4-acb2e2aed12f">
      <Css projectStructure="" iteration="" />
      <Owners>
        <Owner name="" />
      </Owners>
      <TestMethod codeBase="D:\ALinq\Source\Trunk\Test\bin\Debug\Test.dll" adapterTypeName="Microsoft.VisualStudio.TestTools.TestTypes.Unit.UnitTestAdapter, Microsoft.VisualStudio.QualityTools.Tips.UnitTest.Adapter, Version=9.0.0.0, Culture=neutral, PublicKeyToken=b03f5f7f11d50a3a" className="Test.FirebirdTest, Test" name="Math_Acos" />
    </UnitTest>
    <UnitTest name="Concat" storage="d:\alinq\source\trunk\test\bin\debug\test.dll" id="1a7be7ad-f3ad-70a9-a503-78b0ffdbe588">
      <Css projectStructure="" iteration="" />
      <Owners>
        <Owner name="" />
      </Owners>
      <TestMethod codeBase="D:\ALinq\Source\Trunk\Test\bin\Debug\Test.dll" adapterTypeName="Microsoft.VisualStudio.TestTools.TestTypes.Unit.UnitTestAdapter, Microsoft.VisualStudio.QualityTools.Tips.UnitTest.Adapter, Version=9.0.0.0, Culture=neutral, PublicKeyToken=b03f5f7f11d50a3a" className="Test.NorOracleTest, Test" name="Concat" />
    </UnitTest>
    <UnitTest name="DataType_UInt64" storage="d:\alinq\source\trunk\test\bin\debug\test.dll" id="f09d1cdf-dda5-81b8-3957-915e5d0e5234">
      <Css projectStructure="" iteration="" />
      <Owners>
        <Owner name="" />
      </Owners>
      <TestMethod codeBase="D:\ALinq\Source\Trunk\Test\bin\Debug\Test.dll" adapterTypeName="Microsoft.VisualStudio.TestTools.TestTypes.Unit.UnitTestAdapter, Microsoft.VisualStudio.QualityTools.Tips.UnitTest.Adapter, Version=9.0.0.0, Culture=neutral, PublicKeyToken=b03f5f7f11d50a3a" className="Test.PgsqlTest, Test" name="DataType_UInt64" />
    </UnitTest>
    <UnitTest name="First" priority="20" storage="d:\alinq\source\trunk\test\bin\debug\test.dll" id="1cb0e9b9-9e5d-0272-3743-a4d71a5f974e">
      <Css projectStructure="" iteration="" />
      <Owners>
        <Owner name="" />
      </Owners>
      <TestMethod codeBase="D:\ALinq\Source\Trunk\Test\bin\Debug\Test.dll" adapterTypeName="Microsoft.VisualStudio.TestTools.TestTypes.Unit.UnitTestAdapter, Microsoft.VisualStudio.QualityTools.Tips.UnitTest.Adapter, Version=9.0.0.0, Culture=neutral, PublicKeyToken=b03f5f7f11d50a3a" className="Test.SQLiteTest, Test" name="First" />
    </UnitTest>
    <UnitTest name="CRUD_Update1" storage="d:\alinq\source\trunk\test\bin\debug\test.dll" id="2c66b808-93e5-95d5-77ea-aaf25e6cc133">
      <Css projectStructure="" iteration="" />
      <Owners>
        <Owner name="" />
      </Owners>
      <TestMethod codeBase="D:\ALinq\Source\Trunk\Test\bin\Debug\Test.dll" adapterTypeName="Microsoft.VisualStudio.TestTools.TestTypes.Unit.UnitTestAdapter, Microsoft.VisualStudio.QualityTools.Tips.UnitTest.Adapter, Version=9.0.0.0, Culture=neutral, PublicKeyToken=b03f5f7f11d50a3a" className="Test.DB2Test, Test" name="CRUD_Update1" />
    </UnitTest>
    <UnitTest name="GroupBy_Date" storage="d:\alinq\source\trunk\test\bin\debug\test.dll" id="af084419-6341-6364-4bcb-452d61c18d0f">
      <Css projectStructure="" iteration="" />
      <Owners>
        <Owner name="" />
      </Owners>
      <TestMethod codeBase="D:\ALinq\Source\Trunk\Test\bin\Debug\Test.dll" adapterTypeName="Microsoft.VisualStudio.TestTools.TestTypes.Unit.UnitTestAdapter, Microsoft.VisualStudio.QualityTools.Tips.UnitTest.Adapter, Version=9.0.0.0, Culture=neutral, PublicKeyToken=b03f5f7f11d50a3a" className="Test.DB2Test, Test" name="GroupBy_Date" />
    </UnitTest>
    <UnitTest name="String_Contains" storage="d:\alinq\source\trunk\test\bin\debug\test.dll" id="5235631e-1fd1-9952-4581-3ffe0de7c8b2">
      <Css projectStructure="" iteration="" />
      <Owners>
        <Owner name="" />
      </Owners>
      <TestMethod codeBase="D:\ALinq\Source\Trunk\Test\bin\Debug\Test.dll" adapterTypeName="Microsoft.VisualStudio.TestTools.TestTypes.Unit.UnitTestAdapter, Microsoft.VisualStudio.QualityTools.Tips.UnitTest.Adapter, Version=9.0.0.0, Culture=neutral, PublicKeyToken=b03f5f7f11d50a3a" className="Test.OdpOracleTest, Test" name="String_Contains" />
    </UnitTest>
    <UnitTest name="GroupBy_Avg" storage="d:\alinq\source\trunk\test\bin\debug\test.dll" id="8844a490-92f3-1cf7-37dc-b1da05240aa9">
      <Css projectStructure="" iteration="" />
      <Owners>
        <Owner name="" />
      </Owners>
      <TestMethod codeBase="D:\ALinq\Source\Trunk\Test\bin\Debug\Test.dll" adapterTypeName="Microsoft.VisualStudio.TestTools.TestTypes.Unit.UnitTestAdapter, Microsoft.VisualStudio.QualityTools.Tips.UnitTest.Adapter, Version=9.0.0.0, Culture=neutral, PublicKeyToken=b03f5f7f11d50a3a" className="Test.MySqlTest, Test" name="GroupBy_Avg" />
    </UnitTest>
    <UnitTest name="Avg_Projection" storage="d:\alinq\source\trunk\test\bin\debug\test.dll" id="7388f10b-9a7b-08df-7070-ba658922aca5">
      <Css projectStructure="" iteration="" />
      <Owners>
        <Owner name="" />
      </Owners>
      <TestMethod codeBase="D:\ALinq\Source\Trunk\Test\bin\Debug\Test.dll" adapterTypeName="Microsoft.VisualStudio.TestTools.TestTypes.Unit.UnitTestAdapter, Microsoft.VisualStudio.QualityTools.Tips.UnitTest.Adapter, Version=9.0.0.0, Culture=neutral, PublicKeyToken=b03f5f7f11d50a3a" className="Test.DB2Test, Test" name="Avg_Projection" />
    </UnitTest>
    <UnitTest name="ToQueryString" storage="d:\alinq\source\trunk\test\bin\debug\test.dll" id="5e9ea4cf-ae67-d7fe-bb6f-a996d963662c">
      <Css projectStructure="" iteration="" />
      <Owners>
        <Owner name="" />
      </Owners>
      <TestMethod codeBase="D:\ALinq\Source\Trunk\Test\bin\Debug\Test.dll" adapterTypeName="Microsoft.VisualStudio.TestTools.TestTypes.Unit.UnitTestAdapter, Microsoft.VisualStudio.QualityTools.Tips.UnitTest.Adapter, Version=9.0.0.0, Culture=neutral, PublicKeyToken=b03f5f7f11d50a3a" className="Test.SQLiteDataTypeProviderTest, Test" name="ToQueryString" />
    </UnitTest>
    <UnitTest name="DateTime_AddDays" storage="d:\alinq\source\trunk\test\bin\debug\test.dll" id="1427b34d-7d1b-a56e-5fef-659d55dc7205">
      <Css projectStructure="" iteration="" />
      <Owners>
        <Owner name="" />
      </Owners>
      <TestMethod codeBase="D:\ALinq\Source\Trunk\Test\bin\Debug\Test.dll" adapterTypeName="Microsoft.VisualStudio.TestTools.TestTypes.Unit.UnitTestAdapter, Microsoft.VisualStudio.QualityTools.Tips.UnitTest.Adapter, Version=9.0.0.0, Culture=neutral, PublicKeyToken=b03f5f7f11d50a3a" className="Test.NorOracleTest, Test" name="DateTime_AddDays" />
    </UnitTest>
    <UnitTest name="String_IndexOf4" storage="d:\alinq\source\trunk\test\bin\debug\test.dll" id="ca0a72bc-41ef-73fb-a08b-293b809059e7">
      <Css projectStructure="" iteration="" />
      <Owners>
        <Owner name="" />
      </Owners>
      <TestMethod codeBase="D:\ALinq\Source\Trunk\Test\bin\Debug\Test.dll" adapterTypeName="Microsoft.VisualStudio.TestTools.TestTypes.Unit.UnitTestAdapter, Microsoft.VisualStudio.QualityTools.Tips.UnitTest.Adapter, Version=9.0.0.0, Culture=neutral, PublicKeyToken=b03f5f7f11d50a3a" className="Test.OdpOracleTest, Test" name="String_IndexOf4" />
    </UnitTest>
    <UnitTest name="DateTime_AddSeconds" storage="d:\alinq\source\trunk\test\bin\debug\test.dll" id="600c664a-2cde-b179-686d-08d5314754a7">
      <Css projectStructure="" iteration="" />
      <Owners>
        <Owner name="" />
      </Owners>
      <TestMethod codeBase="D:\ALinq\Source\Trunk\Test\bin\Debug\Test.dll" adapterTypeName="Microsoft.VisualStudio.TestTools.TestTypes.Unit.UnitTestAdapter, Microsoft.VisualStudio.QualityTools.Tips.UnitTest.Adapter, Version=9.0.0.0, Culture=neutral, PublicKeyToken=b03f5f7f11d50a3a" className="Test.AccessTest, Test" name="DateTime_AddSeconds" />
    </UnitTest>
    <UnitTest name="Math_Abs" storage="d:\alinq\source\trunk\test\bin\debug\test.dll" id="548782fc-d238-11af-e10f-f6e38ca56245">
      <Css projectStructure="" iteration="" />
      <Owners>
        <Owner name="" />
      </Owners>
      <TestMethod codeBase="D:\ALinq\Source\Trunk\Test\bin\Debug\Test.dll" adapterTypeName="Microsoft.VisualStudio.TestTools.TestTypes.Unit.UnitTestAdapter, Microsoft.VisualStudio.QualityTools.Tips.UnitTest.Adapter, Version=9.0.0.0, Culture=neutral, PublicKeyToken=b03f5f7f11d50a3a" className="Test.SqlTest, Test" name="Math_Abs" />
    </UnitTest>
    <UnitTest name="Math_Floor" storage="d:\alinq\source\trunk\test\bin\debug\test.dll" id="be3ee53c-41d2-5105-a811-ac06eec8febf">
      <Css projectStructure="" iteration="" />
      <Owners>
        <Owner name="" />
      </Owners>
      <TestMethod codeBase="D:\ALinq\Source\Trunk\Test\bin\Debug\Test.dll" adapterTypeName="Microsoft.VisualStudio.TestTools.TestTypes.Unit.UnitTestAdapter, Microsoft.VisualStudio.QualityTools.Tips.UnitTest.Adapter, Version=9.0.0.0, Culture=neutral, PublicKeyToken=b03f5f7f11d50a3a" className="Test.FirebirdTest, Test" name="Math_Floor" />
    </UnitTest>
    <UnitTest name="DateTime_TimeOfDay" storage="d:\alinq\source\trunk\test\bin\debug\test.dll" id="06a9d520-a064-8606-1d09-112443ec00d3">
      <Css projectStructure="" iteration="" />
      <Owners>
        <Owner name="" />
      </Owners>
      <TestMethod codeBase="D:\ALinq\Source\Trunk\Test\bin\Debug\Test.dll" adapterTypeName="Microsoft.VisualStudio.TestTools.TestTypes.Unit.UnitTestAdapter, Microsoft.VisualStudio.QualityTools.Tips.UnitTest.Adapter, Version=9.0.0.0, Culture=neutral, PublicKeyToken=b03f5f7f11d50a3a" className="Test.SQL2005Test, Test" name="DateTime_TimeOfDay" />
    </UnitTest>
    <UnitTest name="AutoGuid" storage="d:\alinq\source\trunk\test\bin\debug\test.dll" id="90a6a9e4-bea4-bfca-5f6c-83438471e0af">
      <Css projectStructure="" iteration="" />
      <Owners>
        <Owner name="" />
      </Owners>
      <TestMethod codeBase="D:\ALinq\Source\Trunk\Test\bin\Debug\Test.dll" adapterTypeName="Microsoft.VisualStudio.TestTools.TestTypes.Unit.UnitTestAdapter, Microsoft.VisualStudio.QualityTools.Tips.UnitTest.Adapter, Version=9.0.0.0, Culture=neutral, PublicKeyToken=b03f5f7f11d50a3a" className="Test.SQLiteTest, Test" name="AutoGuid" />
    </UnitTest>
    <UnitTest name="Intersect" storage="d:\alinq\source\trunk\test\bin\debug\test.dll" id="7ebfd990-d372-e0e3-7e4e-467d1a490ecd">
      <Css projectStructure="" iteration="" />
      <Owners>
        <Owner name="" />
      </Owners>
      <TestMethod codeBase="D:\ALinq\Source\Trunk\Test\bin\Debug\Test.dll" adapterTypeName="Microsoft.VisualStudio.TestTools.TestTypes.Unit.UnitTestAdapter, Microsoft.VisualStudio.QualityTools.Tips.UnitTest.Adapter, Version=9.0.0.0, Culture=neutral, PublicKeyToken=b03f5f7f11d50a3a" className="Test.FirebirdTest, Test" name="Intersect" />
    </UnitTest>
    <UnitTest name="Concat" storage="d:\alinq\source\trunk\test\bin\debug\test.dll" id="0d13ff5d-2138-0b38-f00b-2f6e1b29b7ff">
      <Css projectStructure="" iteration="" />
      <Owners>
        <Owner name="" />
      </Owners>
      <TestMethod codeBase="D:\ALinq\Source\Trunk\Test\bin\Debug\Test.dll" adapterTypeName="Microsoft.VisualStudio.TestTools.TestTypes.Unit.UnitTestAdapter, Microsoft.VisualStudio.QualityTools.Tips.UnitTest.Adapter, Version=9.0.0.0, Culture=neutral, PublicKeyToken=b03f5f7f11d50a3a" className="Test.SqlTest, Test" name="Concat" />
    </UnitTest>
    <UnitTest name="Union" storage="d:\alinq\source\trunk\test\bin\debug\test.dll" id="5b171963-1e30-f6d0-ff35-717586eca923">
      <Css projectStructure="" iteration="" />
      <Owners>
        <Owner name="" />
      </Owners>
      <TestMethod codeBase="D:\ALinq\Source\Trunk\Test\bin\Debug\Test.dll" adapterTypeName="Microsoft.VisualStudio.TestTools.TestTypes.Unit.UnitTestAdapter, Microsoft.VisualStudio.QualityTools.Tips.UnitTest.Adapter, Version=9.0.0.0, Culture=neutral, PublicKeyToken=b03f5f7f11d50a3a" className="Test.PgsqlTest, Test" name="Union" />
    </UnitTest>
    <UnitTest name="Sum_Grouped" storage="d:\alinq\source\trunk\test\bin\debug\test.dll" id="20491a91-13fe-7363-3768-9d2e3ed125af">
      <Css projectStructure="" iteration="" />
      <Owners>
        <Owner name="" />
      </Owners>
      <TestMethod codeBase="D:\ALinq\Source\Trunk\Test\bin\Debug\Test.dll" adapterTypeName="Microsoft.VisualStudio.TestTools.TestTypes.Unit.UnitTestAdapter, Microsoft.VisualStudio.QualityTools.Tips.UnitTest.Adapter, Version=9.0.0.0, Culture=neutral, PublicKeyToken=b03f5f7f11d50a3a" className="Test.MySqlTest, Test" name="Sum_Grouped" />
    </UnitTest>
    <UnitTest name="DateTime_Month" storage="d:\alinq\source\trunk\test\bin\debug\test.dll" id="8ec4e6ae-9b21-0619-ee0d-a0bc2630d99a">
      <Css projectStructure="" iteration="" />
      <Owners>
        <Owner name="" />
      </Owners>
      <TestMethod codeBase="D:\ALinq\Source\Trunk\Test\bin\Debug\Test.dll" adapterTypeName="Microsoft.VisualStudio.TestTools.TestTypes.Unit.UnitTestAdapter, Microsoft.VisualStudio.QualityTools.Tips.UnitTest.Adapter, Version=9.0.0.0, Culture=neutral, PublicKeyToken=b03f5f7f11d50a3a" className="Test.NorOracleTest, Test" name="DateTime_Month" />
    </UnitTest>
    <UnitTest name="String_Trim" storage="d:\alinq\source\trunk\test\bin\debug\test.dll" id="bb05d079-24b3-a4e4-2366-f484aa73a5d0">
      <Css projectStructure="" iteration="" />
      <Owners>
        <Owner name="" />
      </Owners>
      <TestMethod codeBase="D:\ALinq\Source\Trunk\Test\bin\Debug\Test.dll" adapterTypeName="Microsoft.VisualStudio.TestTools.TestTypes.Unit.UnitTestAdapter, Microsoft.VisualStudio.QualityTools.Tips.UnitTest.Adapter, Version=9.0.0.0, Culture=neutral, PublicKeyToken=b03f5f7f11d50a3a" className="Test.PgsqlTest, Test" name="String_Trim" />
    </UnitTest>
    <UnitTest name="Where_Simple4" storage="d:\alinq\source\trunk\test\bin\debug\test.dll" id="b4a2c0ed-5cfa-8b9b-c836-5c26ee5c04c2">
      <Css projectStructure="" iteration="" />
      <Owners>
        <Owner name="" />
      </Owners>
      <TestMethod codeBase="D:\ALinq\Source\Trunk\Test\bin\Debug\Test.dll" adapterTypeName="Microsoft.VisualStudio.TestTools.TestTypes.Unit.UnitTestAdapter, Microsoft.VisualStudio.QualityTools.Tips.UnitTest.Adapter, Version=9.0.0.0, Culture=neutral, PublicKeyToken=b03f5f7f11d50a3a" className="Test.NorOracleTest, Test" name="Where_Simple4" />
    </UnitTest>
    <UnitTest name="Math_Exp" storage="d:\alinq\source\trunk\test\bin\debug\test.dll" id="943929f8-6507-3945-7065-6363b126afbf">
      <Css projectStructure="" iteration="" />
      <Owners>
        <Owner name="" />
      </Owners>
      <TestMethod codeBase="D:\ALinq\Source\Trunk\Test\bin\Debug\Test.dll" adapterTypeName="Microsoft.VisualStudio.TestTools.TestTypes.Unit.UnitTestAdapter, Microsoft.VisualStudio.QualityTools.Tips.UnitTest.Adapter, Version=9.0.0.0, Culture=neutral, PublicKeyToken=b03f5f7f11d50a3a" className="Test.OdpOracleTest, Test" name="Math_Exp" />
    </UnitTest>
    <UnitTest name="Except" storage="d:\alinq\source\trunk\test\bin\debug\test.dll" id="a2b340e0-3f52-5d67-5f95-03c42ab3a063">
      <Css projectStructure="" iteration="" />
      <Owners>
        <Owner name="" />
      </Owners>
      <TestMethod codeBase="D:\ALinq\Source\Trunk\Test\bin\Debug\Test.dll" adapterTypeName="Microsoft.VisualStudio.TestTools.TestTypes.Unit.UnitTestAdapter, Microsoft.VisualStudio.QualityTools.Tips.UnitTest.Adapter, Version=9.0.0.0, Culture=neutral, PublicKeyToken=b03f5f7f11d50a3a" className="Test.OdpOracleTest, Test" name="Except" />
    </UnitTest>
    <UnitTest name="FirstOrDefault" storage="d:\alinq\source\trunk\test\bin\debug\test.dll" id="69f9f863-01ee-a67d-ceb4-ef8195beb81a">
      <Css projectStructure="" iteration="" />
      <Owners>
        <Owner name="" />
      </Owners>
      <TestMethod codeBase="D:\ALinq\Source\Trunk\Test\bin\Debug\Test.dll" adapterTypeName="Microsoft.VisualStudio.TestTools.TestTypes.Unit.UnitTestAdapter, Microsoft.VisualStudio.QualityTools.Tips.UnitTest.Adapter, Version=9.0.0.0, Culture=neutral, PublicKeyToken=b03f5f7f11d50a3a" className="Test.NorOracleTest, Test" name="FirstOrDefault" />
    </UnitTest>
    <UnitTest name="StringRelace" storage="d:\alinq\source\trunk\test\bin\debug\test.dll" id="ea99489a-d5d0-f313-3e52-b31d25c4895b">
      <Css projectStructure="" iteration="" />
      <Owners>
        <Owner name="" />
      </Owners>
      <TestMethod codeBase="D:\ALinq\Source\Trunk\Test\bin\Debug\Test.dll" adapterTypeName="Microsoft.VisualStudio.TestTools.TestTypes.Unit.UnitTestAdapter, Microsoft.VisualStudio.QualityTools.Tips.UnitTest.Adapter, Version=9.0.0.0, Culture=neutral, PublicKeyToken=b03f5f7f11d50a3a" className="Test.NorOracleTest, Test" name="StringRelace" />
    </UnitTest>
    <UnitTest name="DataType_Guid" storage="d:\alinq\source\trunk\test\bin\debug\test.dll" id="6e9357fe-1ecf-869f-0a05-3b050fe0e5d2">
      <Css projectStructure="" iteration="" />
      <Owners>
        <Owner name="" />
      </Owners>
      <TestMethod codeBase="D:\ALinq\Source\Trunk\Test\bin\Debug\Test.dll" adapterTypeName="Microsoft.VisualStudio.TestTools.TestTypes.Unit.UnitTestAdapter, Microsoft.VisualStudio.QualityTools.Tips.UnitTest.Adapter, Version=9.0.0.0, Culture=neutral, PublicKeyToken=b03f5f7f11d50a3a" className="Test.MySqlTest, Test" name="DataType_Guid" />
    </UnitTest>
    <UnitTest name="Math_Cos" storage="d:\alinq\source\trunk\test\bin\debug\test.dll" id="1a1f1991-b66a-11fc-5373-f8b9e32202b6">
      <Css projectStructure="" iteration="" />
      <Owners>
        <Owner name="" />
      </Owners>
      <TestMethod codeBase="D:\ALinq\Source\Trunk\Test\bin\Debug\Test.dll" adapterTypeName="Microsoft.VisualStudio.TestTools.TestTypes.Unit.UnitTestAdapter, Microsoft.VisualStudio.QualityTools.Tips.UnitTest.Adapter, Version=9.0.0.0, Culture=neutral, PublicKeyToken=b03f5f7f11d50a3a" className="Test.SqlTest, Test" name="Math_Cos" />
    </UnitTest>
    <UnitTest name="DataType_XElement" storage="d:\alinq\source\trunk\test\bin\debug\test.dll" id="e19f9c13-3be9-ea95-e214-b9dce569e915">
      <Css projectStructure="" iteration="" />
      <Owners>
        <Owner name="" />
      </Owners>
      <TestMethod codeBase="D:\ALinq\Source\Trunk\Test\bin\Debug\Test.dll" adapterTypeName="Microsoft.VisualStudio.TestTools.TestTypes.Unit.UnitTestAdapter, Microsoft.VisualStudio.QualityTools.Tips.UnitTest.Adapter, Version=9.0.0.0, Culture=neutral, PublicKeyToken=b03f5f7f11d50a3a" className="Test.AccessTest, Test" name="DataType_XElement" />
    </UnitTest>
    <UnitTest name="Count_Nested" storage="d:\alinq\source\trunk\test\bin\debug\test.dll" id="339a6746-e94c-9332-f41b-08325f43cb8e">
      <Css projectStructure="" iteration="" />
      <Owners>
        <Owner name="" />
      </Owners>
      <TestMethod codeBase="D:\ALinq\Source\Trunk\Test\bin\Debug\Test.dll" adapterTypeName="Microsoft.VisualStudio.TestTools.TestTypes.Unit.UnitTestAdapter, Microsoft.VisualStudio.QualityTools.Tips.UnitTest.Adapter, Version=9.0.0.0, Culture=neutral, PublicKeyToken=b03f5f7f11d50a3a" className="Test.FirebirdTest, Test" name="Count_Nested" />
    </UnitTest>
    <UnitTest name="TableExists" storage="d:\alinq\source\trunk\test\bin\debug\test.dll" id="5787e32b-147b-dbff-daa4-450b6871d291">
      <Css projectStructure="" iteration="" />
      <Owners>
        <Owner name="" />
      </Owners>
      <TestMethod codeBase="D:\ALinq\Source\Trunk\Test\bin\Debug\Test.dll" adapterTypeName="Microsoft.VisualStudio.TestTools.TestTypes.Unit.UnitTestAdapter, Microsoft.VisualStudio.QualityTools.Tips.UnitTest.Adapter, Version=9.0.0.0, Culture=neutral, PublicKeyToken=b03f5f7f11d50a3a" className="Test.SQL2005Test, Test" name="TableExists" />
    </UnitTest>
    <UnitTest name="Take_Simple" storage="d:\alinq\source\trunk\test\bin\debug\test.dll" id="9d7d2c7d-a372-053b-66fa-a33b85b0f130">
      <Css projectStructure="" iteration="" />
      <Owners>
        <Owner name="" />
      </Owners>
      <TestMethod codeBase="D:\ALinq\Source\Trunk\Test\bin\Debug\Test.dll" adapterTypeName="Microsoft.VisualStudio.TestTools.TestTypes.Unit.UnitTestAdapter, Microsoft.VisualStudio.QualityTools.Tips.UnitTest.Adapter, Version=9.0.0.0, Culture=neutral, PublicKeyToken=b03f5f7f11d50a3a" className="Test.SQL2000Test, Test" name="Take_Simple" />
    </UnitTest>
    <UnitTest name="DateTime_AddMonths" storage="d:\alinq\source\trunk\test\bin\debug\test.dll" id="72d0976b-eb88-38fd-ac23-4e99f584a561">
      <Css projectStructure="" iteration="" />
      <Owners>
        <Owner name="" />
      </Owners>
      <TestMethod codeBase="D:\ALinq\Source\Trunk\Test\bin\Debug\Test.dll" adapterTypeName="Microsoft.VisualStudio.TestTools.TestTypes.Unit.UnitTestAdapter, Microsoft.VisualStudio.QualityTools.Tips.UnitTest.Adapter, Version=9.0.0.0, Culture=neutral, PublicKeyToken=b03f5f7f11d50a3a" className="Test.PgsqlTest, Test" name="DateTime_AddMonths" />
    </UnitTest>
    <UnitTest name="ParseSqlDataType" storage="d:\alinq\source\trunk\test\bin\debug\test.dll" id="fd9bd814-b146-70cb-c549-4c388031bdd6">
      <Css projectStructure="" iteration="" />
      <Owners>
        <Owner name="" />
      </Owners>
      <TestMethod codeBase="D:\ALinq\Source\Trunk\Test\bin\Debug\Test.dll" adapterTypeName="Microsoft.VisualStudio.TestTools.TestTypes.Unit.UnitTestAdapter, Microsoft.VisualStudio.QualityTools.Tips.UnitTest.Adapter, Version=9.0.0.0, Culture=neutral, PublicKeyToken=b03f5f7f11d50a3a" className="Test.PgsqlDataTypeTest, Test" name="ParseSqlDataType" />
    </UnitTest>
    <UnitTest name="GetCategoriesCount" storage="d:\alinq\source\trunk\test\bin\debug\test.dll" id="94e16fd2-98e0-1fa6-969b-91ef4e414bef">
      <Css projectStructure="" iteration="" />
      <Owners>
        <Owner name="" />
      </Owners>
      <TestMethod codeBase="D:\ALinq\Source\Trunk\Test\bin\Debug\Test.dll" adapterTypeName="Microsoft.VisualStudio.TestTools.TestTypes.Unit.UnitTestAdapter, Microsoft.VisualStudio.QualityTools.Tips.UnitTest.Adapter, Version=9.0.0.0, Culture=neutral, PublicKeyToken=b03f5f7f11d50a3a" className="Test.MySqlProcedureTest, Test" name="GetCategoriesCount" />
    </UnitTest>
    <UnitTest name="GroupBy_Sum" storage="d:\alinq\source\trunk\test\bin\debug\test.dll" id="d58af301-82ef-a027-a8ab-727af7d97ebc">
      <Css projectStructure="" iteration="" />
      <Owners>
        <Owner name="" />
      </Owners>
      <TestMethod codeBase="D:\ALinq\Source\Trunk\Test\bin\Debug\Test.dll" adapterTypeName="Microsoft.VisualStudio.TestTools.TestTypes.Unit.UnitTestAdapter, Microsoft.VisualStudio.QualityTools.Tips.UnitTest.Adapter, Version=9.0.0.0, Culture=neutral, PublicKeyToken=b03f5f7f11d50a3a" className="Test.FirebirdTest, Test" name="GroupBy_Sum" />
    </UnitTest>
    <UnitTest name="Convert_ToSingle" storage="d:\alinq\source\trunk\test\bin\debug\test.dll" id="2d98887c-64dc-6eed-57ac-625230763320">
      <Css projectStructure="" iteration="" />
      <Owners>
        <Owner name="" />
      </Owners>
      <TestMethod codeBase="D:\ALinq\Source\Trunk\Test\bin\Debug\Test.dll" adapterTypeName="Microsoft.VisualStudio.TestTools.TestTypes.Unit.UnitTestAdapter, Microsoft.VisualStudio.QualityTools.Tips.UnitTest.Adapter, Version=9.0.0.0, Culture=neutral, PublicKeyToken=b03f5f7f11d50a3a" className="Test.DB2Test, Test" name="Convert_ToSingle" />
    </UnitTest>
    <UnitTest name="DataType_XElement" storage="d:\alinq\source\trunk\test\bin\debug\test.dll" id="5bee8f09-19c6-4a14-fad2-95da2b9f3562">
      <Css projectStructure="" iteration="" />
      <Owners>
        <Owner name="" />
      </Owners>
      <TestMethod codeBase="D:\ALinq\Source\Trunk\Test\bin\Debug\Test.dll" adapterTypeName="Microsoft.VisualStudio.TestTools.TestTypes.Unit.UnitTestAdapter, Microsoft.VisualStudio.QualityTools.Tips.UnitTest.Adapter, Version=9.0.0.0, Culture=neutral, PublicKeyToken=b03f5f7f11d50a3a" className="Test.SQL2000Test, Test" name="DataType_XElement" />
    </UnitTest>
    <UnitTest name="String_Length" storage="d:\alinq\source\trunk\test\bin\debug\test.dll" id="7effbd4f-3e30-e686-bff1-28f9af77184e">
      <Css projectStructure="" iteration="" />
      <Owners>
        <Owner name="" />
      </Owners>
      <TestMethod codeBase="D:\ALinq\Source\Trunk\Test\bin\Debug\Test.dll" adapterTypeName="Microsoft.VisualStudio.TestTools.TestTypes.Unit.UnitTestAdapter, Microsoft.VisualStudio.QualityTools.Tips.UnitTest.Adapter, Version=9.0.0.0, Culture=neutral, PublicKeyToken=b03f5f7f11d50a3a" className="Test.SQL2005Test, Test" name="String_Length" />
    </UnitTest>
    <UnitTest name="String_Trim" storage="d:\alinq\source\trunk\test\bin\debug\test.dll" id="238e3e7b-2cd8-91f7-fc1d-7cf41217e033">
      <Css projectStructure="" iteration="" />
      <Owners>
        <Owner name="" />
      </Owners>
      <TestMethod codeBase="D:\ALinq\Source\Trunk\Test\bin\Debug\Test.dll" adapterTypeName="Microsoft.VisualStudio.TestTools.TestTypes.Unit.UnitTestAdapter, Microsoft.VisualStudio.QualityTools.Tips.UnitTest.Adapter, Version=9.0.0.0, Culture=neutral, PublicKeyToken=b03f5f7f11d50a3a" className="Test.NorOracleTest, Test" name="String_Trim" />
    </UnitTest>
    <UnitTest name="DataType_Guid" storage="d:\alinq\source\trunk\test\bin\debug\test.dll" id="6880eeb1-0f13-2656-3063-5eb4c9e16f12">
      <Css projectStructure="" iteration="" />
      <Owners>
        <Owner name="" />
      </Owners>
      <TestMethod codeBase="D:\ALinq\Source\Trunk\Test\bin\Debug\Test.dll" adapterTypeName="Microsoft.VisualStudio.TestTools.TestTypes.Unit.UnitTestAdapter, Microsoft.VisualStudio.QualityTools.Tips.UnitTest.Adapter, Version=9.0.0.0, Culture=neutral, PublicKeyToken=b03f5f7f11d50a3a" className="Test.SQLiteTest, Test" name="DataType_Guid" />
    </UnitTest>
    <UnitTest name="DateTime_Add" storage="d:\alinq\source\trunk\test\bin\debug\test.dll" id="68a68e6e-1f36-b960-59a6-83d841b0033a">
      <Css projectStructure="" iteration="" />
      <Owners>
        <Owner name="" />
      </Owners>
      <TestMethod codeBase="D:\ALinq\Source\Trunk\Test\bin\Debug\Test.dll" adapterTypeName="Microsoft.VisualStudio.TestTools.TestTypes.Unit.UnitTestAdapter, Microsoft.VisualStudio.QualityTools.Tips.UnitTest.Adapter, Version=9.0.0.0, Culture=neutral, PublicKeyToken=b03f5f7f11d50a3a" className="Test.OdpOracleTest, Test" name="DateTime_Add" />
    </UnitTest>
    <UnitTest name="OrderBy_GroupBy" storage="d:\alinq\source\trunk\test\bin\debug\test.dll" id="05674b16-56af-20d1-bba7-91df9bd77f79">
      <Css projectStructure="" iteration="" />
      <Owners>
        <Owner name="" />
      </Owners>
      <TestMethod codeBase="D:\ALinq\Source\Trunk\Test\bin\Debug\Test.dll" adapterTypeName="Microsoft.VisualStudio.TestTools.TestTypes.Unit.UnitTestAdapter, Microsoft.VisualStudio.QualityTools.Tips.UnitTest.Adapter, Version=9.0.0.0, Culture=neutral, PublicKeyToken=b03f5f7f11d50a3a" className="Test.SQLiteTest, Test" name="OrderBy_GroupBy" />
    </UnitTest>
    <UnitTest name="OracleConnectionTest" storage="d:\alinq\source\trunk\test\bin\debug\test.dll" id="a69f615c-a748-632c-db48-79d2a98ebc46">
      <Css projectStructure="" iteration="" />
      <Owners>
        <Owner name="" />
      </Owners>
      <TestMethod codeBase="D:\ALinq\Source\Trunk\Test\bin\Debug\Test.dll" adapterTypeName="Microsoft.VisualStudio.TestTools.TestTypes.Unit.UnitTestAdapter, Microsoft.VisualStudio.QualityTools.Tips.UnitTest.Adapter, Version=9.0.0.0, Culture=neutral, PublicKeyToken=b03f5f7f11d50a3a" className="Test.DataContextTest, Test" name="OracleConnectionTest" />
    </UnitTest>
    <UnitTest name="String_Insert" storage="d:\alinq\source\trunk\test\bin\debug\test.dll" id="398b4ad1-7e36-7b21-309c-9b7640bde6ff">
      <Css projectStructure="" iteration="" />
      <Owners>
        <Owner name="" />
      </Owners>
      <TestMethod codeBase="D:\ALinq\Source\Trunk\Test\bin\Debug\Test.dll" adapterTypeName="Microsoft.VisualStudio.TestTools.TestTypes.Unit.UnitTestAdapter, Microsoft.VisualStudio.QualityTools.Tips.UnitTest.Adapter, Version=9.0.0.0, Culture=neutral, PublicKeyToken=b03f5f7f11d50a3a" className="Test.SQL2005Test, Test" name="String_Insert" />
    </UnitTest>
    <UnitTest name="Math_Tan" storage="d:\alinq\source\trunk\test\bin\debug\test.dll" id="9805cfb5-60e7-4b52-6b8f-8d6f40b5235f">
      <Css projectStructure="" iteration="" />
      <Owners>
        <Owner name="" />
      </Owners>
      <TestMethod codeBase="D:\ALinq\Source\Trunk\Test\bin\Debug\Test.dll" adapterTypeName="Microsoft.VisualStudio.TestTools.TestTypes.Unit.UnitTestAdapter, Microsoft.VisualStudio.QualityTools.Tips.UnitTest.Adapter, Version=9.0.0.0, Culture=neutral, PublicKeyToken=b03f5f7f11d50a3a" className="Test.AccessTest, Test" name="Math_Tan" />
    </UnitTest>
    <UnitTest name="Math_Sinh" storage="d:\alinq\source\trunk\test\bin\debug\test.dll" id="bb0e570d-ca6b-d131-25d8-100bf3e4805e">
      <Css projectStructure="" iteration="" />
      <Owners>
        <Owner name="" />
      </Owners>
      <TestMethod codeBase="D:\ALinq\Source\Trunk\Test\bin\Debug\Test.dll" adapterTypeName="Microsoft.VisualStudio.TestTools.TestTypes.Unit.UnitTestAdapter, Microsoft.VisualStudio.QualityTools.Tips.UnitTest.Adapter, Version=9.0.0.0, Culture=neutral, PublicKeyToken=b03f5f7f11d50a3a" className="Test.SQL2005Test, Test" name="Math_Sinh" />
    </UnitTest>
    <UnitTest name="StringSubstring" storage="d:\alinq\source\trunk\test\bin\debug\test.dll" id="0ab4be96-02c7-9956-73f3-79f00ae376d7">
      <Css projectStructure="" iteration="" />
      <Owners>
        <Owner name="" />
      </Owners>
      <TestMethod codeBase="D:\ALinq\Source\Trunk\Test\bin\Debug\Test.dll" adapterTypeName="Microsoft.VisualStudio.TestTools.TestTypes.Unit.UnitTestAdapter, Microsoft.VisualStudio.QualityTools.Tips.UnitTest.Adapter, Version=9.0.0.0, Culture=neutral, PublicKeyToken=b03f5f7f11d50a3a" className="Test.AccessTest, Test" name="StringSubstring" />
    </UnitTest>
    <UnitTest name="Convert_ToInt64" storage="d:\alinq\source\trunk\test\bin\debug\test.dll" id="81c336af-96f2-a6b3-00ae-c4cc60a9a3c8">
      <Css projectStructure="" iteration="" />
      <Owners>
        <Owner name="" />
      </Owners>
      <TestMethod codeBase="D:\ALinq\Source\Trunk\Test\bin\Debug\Test.dll" adapterTypeName="Microsoft.VisualStudio.TestTools.TestTypes.Unit.UnitTestAdapter, Microsoft.VisualStudio.QualityTools.Tips.UnitTest.Adapter, Version=9.0.0.0, Culture=neutral, PublicKeyToken=b03f5f7f11d50a3a" className="Test.NorOracleTest, Test" name="Convert_ToInt64" />
    </UnitTest>
    <UnitTest name="CreateProcedure1" storage="d:\alinq\source\trunk\test\bin\debug\test.dll" id="2b46ecf3-55cd-028a-a789-6bb22990564a">
      <Css projectStructure="" iteration="" />
      <Owners>
        <Owner name="" />
      </Owners>
      <TestMethod codeBase="D:\ALinq\Source\Trunk\Test\bin\Debug\Test.dll" adapterTypeName="Microsoft.VisualStudio.TestTools.TestTypes.Unit.UnitTestAdapter, Microsoft.VisualStudio.QualityTools.Tips.UnitTest.Adapter, Version=9.0.0.0, Culture=neutral, PublicKeyToken=b03f5f7f11d50a3a" className="Test.MySqlProcedureTest, Test" name="CreateProcedure1" />
    </UnitTest>
    <UnitTest name="Max_Projection" storage="d:\alinq\source\trunk\test\bin\debug\test.dll" id="411d88f3-a2db-ec1c-1579-3fdb4b676da4">
      <Css projectStructure="" iteration="" />
      <Owners>
        <Owner name="" />
      </Owners>
      <TestMethod codeBase="D:\ALinq\Source\Trunk\Test\bin\Debug\Test.dll" adapterTypeName="Microsoft.VisualStudio.TestTools.TestTypes.Unit.UnitTestAdapter, Microsoft.VisualStudio.QualityTools.Tips.UnitTest.Adapter, Version=9.0.0.0, Culture=neutral, PublicKeyToken=b03f5f7f11d50a3a" className="Test.SQL2005Test, Test" name="Max_Projection" />
    </UnitTest>
    <UnitTest name="Math_DivRem" storage="d:\alinq\source\trunk\test\bin\debug\test.dll" id="d6e2f211-cfd2-4d2a-d3d2-caa494d70ed4">
      <Css projectStructure="" iteration="" />
      <Owners>
        <Owner name="" />
      </Owners>
      <TestMethod codeBase="D:\ALinq\Source\Trunk\Test\bin\Debug\Test.dll" adapterTypeName="Microsoft.VisualStudio.TestTools.TestTypes.Unit.UnitTestAdapter, Microsoft.VisualStudio.QualityTools.Tips.UnitTest.Adapter, Version=9.0.0.0, Culture=neutral, PublicKeyToken=b03f5f7f11d50a3a" className="Test.OdpOracleTest, Test" name="Math_DivRem" />
    </UnitTest>
    <UnitTest name="DateTime_AddMonths" storage="d:\alinq\source\trunk\test\bin\debug\test.dll" id="b521e46d-627f-4c61-9b4a-abee4c7fe168">
      <Css projectStructure="" iteration="" />
      <Owners>
        <Owner name="" />
      </Owners>
      <TestMethod codeBase="D:\ALinq\Source\Trunk\Test\bin\Debug\Test.dll" adapterTypeName="Microsoft.VisualStudio.TestTools.TestTypes.Unit.UnitTestAdapter, Microsoft.VisualStudio.QualityTools.Tips.UnitTest.Adapter, Version=9.0.0.0, Culture=neutral, PublicKeyToken=b03f5f7f11d50a3a" className="Test.OdpOracleTest, Test" name="DateTime_AddMonths" />
    </UnitTest>
    <UnitTest name="Convert_ToBoolean" storage="d:\alinq\source\trunk\test\bin\debug\test.dll" id="7b18ef9a-8831-274c-45b7-596bcf4ae199">
      <Css projectStructure="" iteration="" />
      <Owners>
        <Owner name="" />
      </Owners>
      <TestMethod codeBase="D:\ALinq\Source\Trunk\Test\bin\Debug\Test.dll" adapterTypeName="Microsoft.VisualStudio.TestTools.TestTypes.Unit.UnitTestAdapter, Microsoft.VisualStudio.QualityTools.Tips.UnitTest.Adapter, Version=9.0.0.0, Culture=neutral, PublicKeyToken=b03f5f7f11d50a3a" className="Test.DB2Test, Test" name="Convert_ToBoolean" />
    </UnitTest>
    <UnitTest name="Inherit" storage="d:\alinq\source\trunk\test\bin\debug\test.dll" id="22f0919e-494d-cf72-a108-3d56f902ddb1">
      <Css projectStructure="" iteration="" />
      <Owners>
        <Owner name="" />
      </Owners>
      <TestMethod codeBase="D:\ALinq\Source\Trunk\Test\bin\Debug\Test.dll" adapterTypeName="Microsoft.VisualStudio.TestTools.TestTypes.Unit.UnitTestAdapter, Microsoft.VisualStudio.QualityTools.Tips.UnitTest.Adapter, Version=9.0.0.0, Culture=neutral, PublicKeyToken=b03f5f7f11d50a3a" className="Test.DB2Test, Test" name="Inherit" />
    </UnitTest>
    <UnitTest name="Union" storage="d:\alinq\source\trunk\test\bin\debug\test.dll" id="d7465ec4-b185-0c66-a138-3bcc85a1abee">
      <Css projectStructure="" iteration="" />
      <Owners>
        <Owner name="" />
      </Owners>
      <TestMethod codeBase="D:\ALinq\Source\Trunk\Test\bin\Debug\Test.dll" adapterTypeName="Microsoft.VisualStudio.TestTools.TestTypes.Unit.UnitTestAdapter, Microsoft.VisualStudio.QualityTools.Tips.UnitTest.Adapter, Version=9.0.0.0, Culture=neutral, PublicKeyToken=b03f5f7f11d50a3a" className="Test.MySqlTest, Test" name="Union" />
    </UnitTest>
    <UnitTest name="String_IndexOf1" storage="d:\alinq\source\trunk\test\bin\debug\test.dll" id="e253e087-51c9-b54e-9123-245f73a95035">
      <Css projectStructure="" iteration="" />
      <Owners>
        <Owner name="" />
      </Owners>
      <TestMethod codeBase="D:\ALinq\Source\Trunk\Test\bin\Debug\Test.dll" adapterTypeName="Microsoft.VisualStudio.TestTools.TestTypes.Unit.UnitTestAdapter, Microsoft.VisualStudio.QualityTools.Tips.UnitTest.Adapter, Version=9.0.0.0, Culture=neutral, PublicKeyToken=b03f5f7f11d50a3a" className="Test.DB2Test, Test" name="String_IndexOf1" />
    </UnitTest>
    <UnitTest name="Join_ThreeWay" storage="d:\alinq\source\trunk\test\bin\debug\test.dll" id="79b84301-ad5d-cf1d-0c86-d44e503b5947">
      <Css projectStructure="" iteration="" />
      <Owners>
        <Owner name="" />
      </Owners>
      <TestMethod codeBase="D:\ALinq\Source\Trunk\Test\bin\Debug\Test.dll" adapterTypeName="Microsoft.VisualStudio.TestTools.TestTypes.Unit.UnitTestAdapter, Microsoft.VisualStudio.QualityTools.Tips.UnitTest.Adapter, Version=9.0.0.0, Culture=neutral, PublicKeyToken=b03f5f7f11d50a3a" className="Test.OdpOracleTest, Test" name="Join_ThreeWay" />
    </UnitTest>
    <UnitTest name="Math_BigMul" storage="d:\alinq\source\trunk\test\bin\debug\test.dll" id="03dd3b13-2991-e7e4-6dfb-8a29ec8dfac3">
      <Css projectStructure="" iteration="" />
      <Owners>
        <Owner name="" />
      </Owners>
      <TestMethod codeBase="D:\ALinq\Source\Trunk\Test\bin\Debug\Test.dll" adapterTypeName="Microsoft.VisualStudio.TestTools.TestTypes.Unit.UnitTestAdapter, Microsoft.VisualStudio.QualityTools.Tips.UnitTest.Adapter, Version=9.0.0.0, Culture=neutral, PublicKeyToken=b03f5f7f11d50a3a" className="Test.SQL2000Test, Test" name="Math_BigMul" />
    </UnitTest>
    <UnitTest name="Math_Floor" storage="d:\alinq\source\trunk\test\bin\debug\test.dll" id="0dc596ec-674c-715b-237e-6e594969c7bc">
      <Css projectStructure="" iteration="" />
      <Owners>
        <Owner name="" />
      </Owners>
      <TestMethod codeBase="D:\ALinq\Source\Trunk\Test\bin\Debug\Test.dll" adapterTypeName="Microsoft.VisualStudio.TestTools.TestTypes.Unit.UnitTestAdapter, Microsoft.VisualStudio.QualityTools.Tips.UnitTest.Adapter, Version=9.0.0.0, Culture=neutral, PublicKeyToken=b03f5f7f11d50a3a" className="Test.NorOracleTest, Test" name="Math_Floor" />
    </UnitTest>
    <UnitTest name="Min_Simple" storage="d:\alinq\source\trunk\test\bin\debug\test.dll" id="d5549f61-c402-db62-837e-b2c543b14d5d">
      <Css projectStructure="" iteration="" />
      <Owners>
        <Owner name="" />
      </Owners>
      <TestMethod codeBase="D:\ALinq\Source\Trunk\Test\bin\Debug\Test.dll" adapterTypeName="Microsoft.VisualStudio.TestTools.TestTypes.Unit.UnitTestAdapter, Microsoft.VisualStudio.QualityTools.Tips.UnitTest.Adapter, Version=9.0.0.0, Culture=neutral, PublicKeyToken=b03f5f7f11d50a3a" className="Test.SqlTest, Test" name="Min_Simple" />
    </UnitTest>
    <UnitTest name="Min_Elements" storage="d:\alinq\source\trunk\test\bin\debug\test.dll" id="58ecacd1-fb52-a058-9ab9-9f674e37f259">
      <Css projectStructure="" iteration="" />
      <Owners>
        <Owner name="" />
      </Owners>
      <TestMethod codeBase="D:\ALinq\Source\Trunk\Test\bin\Debug\Test.dll" adapterTypeName="Microsoft.VisualStudio.TestTools.TestTypes.Unit.UnitTestAdapter, Microsoft.VisualStudio.QualityTools.Tips.UnitTest.Adapter, Version=9.0.0.0, Culture=neutral, PublicKeyToken=b03f5f7f11d50a3a" className="Test.PgsqlTest, Test" name="Min_Elements" />
    </UnitTest>
    <UnitTest name="Count_Empty" storage="d:\alinq\source\trunk\test\bin\debug\test.dll" id="863f1ee6-27d5-750c-bfc4-1f98b926d80f">
      <Css projectStructure="" iteration="" />
      <Owners>
        <Owner name="" />
      </Owners>
      <TestMethod codeBase="D:\ALinq\Source\Trunk\Test\bin\Debug\Test.dll" adapterTypeName="Microsoft.VisualStudio.TestTools.TestTypes.Unit.UnitTestAdapter, Microsoft.VisualStudio.QualityTools.Tips.UnitTest.Adapter, Version=9.0.0.0, Culture=neutral, PublicKeyToken=b03f5f7f11d50a3a" className="Test.DB2Test, Test" name="Count_Empty" />
    </UnitTest>
    <UnitTest name="Insert_ManyToMany" storage="d:\alinq\source\trunk\test\bin\debug\test.dll" id="3b4ab98e-2d63-3111-4f2b-6c99394aa505">
      <Css projectStructure="" iteration="" />
      <Owners>
        <Owner name="" />
      </Owners>
      <TestMethod codeBase="D:\ALinq\Source\Trunk\Test\bin\Debug\Test.dll" adapterTypeName="Microsoft.VisualStudio.TestTools.TestTypes.Unit.UnitTestAdapter, Microsoft.VisualStudio.QualityTools.Tips.UnitTest.Adapter, Version=9.0.0.0, Culture=neutral, PublicKeyToken=b03f5f7f11d50a3a" className="Test.OdpOracleTest, Test" name="Insert_ManyToMany" />
    </UnitTest>
    <UnitTest name="Skip_Take" storage="d:\alinq\source\trunk\test\bin\debug\test.dll" id="0c89856b-aa38-21dd-c746-24a28989592a">
      <Css projectStructure="" iteration="" />
      <Owners>
        <Owner name="" />
      </Owners>
      <TestMethod codeBase="D:\ALinq\Source\Trunk\Test\bin\Debug\Test.dll" adapterTypeName="Microsoft.VisualStudio.TestTools.TestTypes.Unit.UnitTestAdapter, Microsoft.VisualStudio.QualityTools.Tips.UnitTest.Adapter, Version=9.0.0.0, Culture=neutral, PublicKeyToken=b03f5f7f11d50a3a" className="Test.AccessTest, Test" name="Skip_Take" />
    </UnitTest>
    <UnitTest name="CreateDatabase" storage="d:\alinq\source\trunk\test\bin\debug\test.dll" id="f9e10c0d-8ac2-3512-0356-fcf9d86e1251">
      <Css projectStructure="" iteration="" />
      <Owners>
        <Owner name="" />
      </Owners>
      <TestMethod codeBase="D:\ALinq\Source\Trunk\Test\bin\Debug\Test.dll" adapterTypeName="Microsoft.VisualStudio.TestTools.TestTypes.Unit.UnitTestAdapter, Microsoft.VisualStudio.QualityTools.Tips.UnitTest.Adapter, Version=9.0.0.0, Culture=neutral, PublicKeyToken=b03f5f7f11d50a3a" className="Test.OdpOracleProcedureTest, Test" name="CreateDatabase" />
    </UnitTest>
    <UnitTest name="String_Length" storage="d:\alinq\source\trunk\test\bin\debug\test.dll" id="71c565b5-795a-090e-5347-10b074a0f212">
      <Css projectStructure="" iteration="" />
      <Owners>
        <Owner name="" />
      </Owners>
      <TestMethod codeBase="D:\ALinq\Source\Trunk\Test\bin\Debug\Test.dll" adapterTypeName="Microsoft.VisualStudio.TestTools.TestTypes.Unit.UnitTestAdapter, Microsoft.VisualStudio.QualityTools.Tips.UnitTest.Adapter, Version=9.0.0.0, Culture=neutral, PublicKeyToken=b03f5f7f11d50a3a" className="Test.NorOracleTest, Test" name="String_Length" />
    </UnitTest>
    <UnitTest name="GetDefaultValue" storage="d:\alinq\source\trunk\test\bin\debug\test.dll" id="5efab125-3ee8-b5e8-93b5-95bb4f8eb748">
      <Css projectStructure="" iteration="" />
      <Owners>
        <Owner name="" />
      </Owners>
      <TestMethod codeBase="D:\ALinq\Source\Trunk\Test\bin\Debug\Test.dll" adapterTypeName="Microsoft.VisualStudio.TestTools.TestTypes.Unit.UnitTestAdapter, Microsoft.VisualStudio.QualityTools.Tips.UnitTest.Adapter, Version=9.0.0.0, Culture=neutral, PublicKeyToken=b03f5f7f11d50a3a" className="Test.DB2Test, Test" name="GetDefaultValue" />
    </UnitTest>
    <UnitTest name="Insert_Simple" storage="d:\alinq\source\trunk\test\bin\debug\test.dll" id="4cfe52aa-6f7c-fcc3-01a8-05f4b7b1549b">
      <Css projectStructure="" iteration="" />
      <Owners>
        <Owner name="" />
      </Owners>
      <TestMethod codeBase="D:\ALinq\Source\Trunk\Test\bin\Debug\Test.dll" adapterTypeName="Microsoft.VisualStudio.TestTools.TestTypes.Unit.UnitTestAdapter, Microsoft.VisualStudio.QualityTools.Tips.UnitTest.Adapter, Version=9.0.0.0, Culture=neutral, PublicKeyToken=b03f5f7f11d50a3a" className="Test.PgsqlTest, Test" name="Insert_Simple" />
    </UnitTest>
    <UnitTest name="Math_Atan2" storage="d:\alinq\source\trunk\test\bin\debug\test.dll" id="2034e586-b716-854d-fc51-da37e0442573">
      <Css projectStructure="" iteration="" />
      <Owners>
        <Owner name="" />
      </Owners>
      <TestMethod codeBase="D:\ALinq\Source\Trunk\Test\bin\Debug\Test.dll" adapterTypeName="Microsoft.VisualStudio.TestTools.TestTypes.Unit.UnitTestAdapter, Microsoft.VisualStudio.QualityTools.Tips.UnitTest.Adapter, Version=9.0.0.0, Culture=neutral, PublicKeyToken=b03f5f7f11d50a3a" className="Test.MySqlTest, Test" name="Math_Atan2" />
    </UnitTest>
    <UnitTest name="StringStartsWith" storage="d:\alinq\source\trunk\test\bin\debug\test.dll" id="8b5e3d11-ea5a-d194-c3ea-86ac2046c454">
      <Css projectStructure="" iteration="" />
      <Owners>
        <Owner name="" />
      </Owners>
      <TestMethod codeBase="D:\ALinq\Source\Trunk\Test\bin\Debug\Test.dll" adapterTypeName="Microsoft.VisualStudio.TestTools.TestTypes.Unit.UnitTestAdapter, Microsoft.VisualStudio.QualityTools.Tips.UnitTest.Adapter, Version=9.0.0.0, Culture=neutral, PublicKeyToken=b03f5f7f11d50a3a" className="Test.DB2Test, Test" name="StringStartsWith" />
    </UnitTest>
    <UnitTest name="String_CompareTo" storage="d:\alinq\source\trunk\test\bin\debug\test.dll" id="920cc137-672c-e735-1395-7e8041bd5789">
      <Css projectStructure="" iteration="" />
      <Owners>
        <Owner name="" />
      </Owners>
      <TestMethod codeBase="D:\ALinq\Source\Trunk\Test\bin\Debug\Test.dll" adapterTypeName="Microsoft.VisualStudio.TestTools.TestTypes.Unit.UnitTestAdapter, Microsoft.VisualStudio.QualityTools.Tips.UnitTest.Adapter, Version=9.0.0.0, Culture=neutral, PublicKeyToken=b03f5f7f11d50a3a" className="Test.SQLiteTest, Test" name="String_CompareTo" />
    </UnitTest>
    <UnitTest name="Math_Acos" storage="d:\alinq\source\trunk\test\bin\debug\test.dll" id="ff482888-932c-3694-5b04-f03df920b124">
      <Css projectStructure="" iteration="" />
      <Owners>
        <Owner name="" />
      </Owners>
      <TestMethod codeBase="D:\ALinq\Source\Trunk\Test\bin\Debug\Test.dll" adapterTypeName="Microsoft.VisualStudio.TestTools.TestTypes.Unit.UnitTestAdapter, Microsoft.VisualStudio.QualityTools.Tips.UnitTest.Adapter, Version=9.0.0.0, Culture=neutral, PublicKeyToken=b03f5f7f11d50a3a" className="Test.SQL2005Test, Test" name="Math_Acos" />
    </UnitTest>
    <UnitTest name="DateTime_ToLoaclTime" storage="d:\alinq\source\trunk\test\bin\debug\test.dll" id="88a76547-7d15-e240-3736-2b59740fd663">
      <Css projectStructure="" iteration="" />
      <Owners>
        <Owner name="" />
      </Owners>
      <TestMethod codeBase="D:\ALinq\Source\Trunk\Test\bin\Debug\Test.dll" adapterTypeName="Microsoft.VisualStudio.TestTools.TestTypes.Unit.UnitTestAdapter, Microsoft.VisualStudio.QualityTools.Tips.UnitTest.Adapter, Version=9.0.0.0, Culture=neutral, PublicKeyToken=b03f5f7f11d50a3a" className="Test.OdpOracleTest, Test" name="DateTime_ToLoaclTime" />
    </UnitTest>
    <UnitTest name="TestGuid" storage="d:\alinq\source\trunk\test\bin\debug\test.dll" id="6b1c513b-e93b-623a-6d0d-740fbae98db3">
      <Css projectStructure="" iteration="" />
      <Owners>
        <Owner name="" />
      </Owners>
      <TestMethod codeBase="D:\ALinq\Source\Trunk\Test\bin\Debug\Test.dll" adapterTypeName="Microsoft.VisualStudio.TestTools.TestTypes.Unit.UnitTestAdapter, Microsoft.VisualStudio.QualityTools.Tips.UnitTest.Adapter, Version=9.0.0.0, Culture=neutral, PublicKeyToken=b03f5f7f11d50a3a" className="Test.OdpOracleDataTypeProviderTest, Test" name="TestGuid" />
    </UnitTest>
    <UnitTest name="Convert_ToSingle" storage="d:\alinq\source\trunk\test\bin\debug\test.dll" id="5904d37a-5434-16ef-5912-399c61fec686">
      <Css projectStructure="" iteration="" />
      <Owners>
        <Owner name="" />
      </Owners>
      <TestMethod codeBase="D:\ALinq\Source\Trunk\Test\bin\Debug\Test.dll" adapterTypeName="Microsoft.VisualStudio.TestTools.TestTypes.Unit.UnitTestAdapter, Microsoft.VisualStudio.QualityTools.Tips.UnitTest.Adapter, Version=9.0.0.0, Culture=neutral, PublicKeyToken=b03f5f7f11d50a3a" className="Test.PgsqlTest, Test" name="Convert_ToSingle" />
    </UnitTest>
    <UnitTest name="String_IndexOf4" storage="d:\alinq\source\trunk\test\bin\debug\test.dll" id="84b530dd-8a53-e8cf-e348-7e5afc4fdc16">
      <Css projectStructure="" iteration="" />
      <Owners>
        <Owner name="" />
      </Owners>
      <TestMethod codeBase="D:\ALinq\Source\Trunk\Test\bin\Debug\Test.dll" adapterTypeName="Microsoft.VisualStudio.TestTools.TestTypes.Unit.UnitTestAdapter, Microsoft.VisualStudio.QualityTools.Tips.UnitTest.Adapter, Version=9.0.0.0, Culture=neutral, PublicKeyToken=b03f5f7f11d50a3a" className="Test.PgsqlTest, Test" name="String_IndexOf4" />
    </UnitTest>
    <UnitTest name="CRUD_Delete2" storage="d:\alinq\source\trunk\test\bin\debug\test.dll" id="50df54be-f057-bb02-4d13-d6006fd2df57">
      <Css projectStructure="" iteration="" />
      <Owners>
        <Owner name="" />
      </Owners>
      <TestMethod codeBase="D:\ALinq\Source\Trunk\Test\bin\Debug\Test.dll" adapterTypeName="Microsoft.VisualStudio.TestTools.TestTypes.Unit.UnitTestAdapter, Microsoft.VisualStudio.QualityTools.Tips.UnitTest.Adapter, Version=9.0.0.0, Culture=neutral, PublicKeyToken=b03f5f7f11d50a3a" className="Test.SQL2005Test, Test" name="CRUD_Delete2" />
    </UnitTest>
    <UnitTest name="Select_LocalMethodCall" storage="d:\alinq\source\trunk\test\bin\debug\test.dll" id="24a49931-5da6-6eac-12a8-11d276dfc73d">
      <Css projectStructure="" iteration="" />
      <Owners>
        <Owner name="" />
      </Owners>
      <TestMethod codeBase="D:\ALinq\Source\Trunk\Test\bin\Debug\Test.dll" adapterTypeName="Microsoft.VisualStudio.TestTools.TestTypes.Unit.UnitTestAdapter, Microsoft.VisualStudio.QualityTools.Tips.UnitTest.Adapter, Version=9.0.0.0, Culture=neutral, PublicKeyToken=b03f5f7f11d50a3a" className="Test.PgsqlTest, Test" name="Select_LocalMethodCall" />
    </UnitTest>
    <UnitTest name="Max_Grouped" storage="d:\alinq\source\trunk\test\bin\debug\test.dll" id="432dc559-edc5-5811-db9a-5b51270ea493">
      <Css projectStructure="" iteration="" />
      <Owners>
        <Owner name="" />
      </Owners>
      <TestMethod codeBase="D:\ALinq\Source\Trunk\Test\bin\Debug\Test.dll" adapterTypeName="Microsoft.VisualStudio.TestTools.TestTypes.Unit.UnitTestAdapter, Microsoft.VisualStudio.QualityTools.Tips.UnitTest.Adapter, Version=9.0.0.0, Culture=neutral, PublicKeyToken=b03f5f7f11d50a3a" className="Test.FirebirdTest, Test" name="Max_Grouped" />
    </UnitTest>
    <UnitTest name="Join_ManyToMany" storage="d:\alinq\source\trunk\test\bin\debug\test.dll" id="6f56f91a-5ab1-8463-6df2-d65380d0a2ce">
      <Css projectStructure="" iteration="" />
      <Owners>
        <Owner name="" />
      </Owners>
      <TestMethod codeBase="D:\ALinq\Source\Trunk\Test\bin\Debug\Test.dll" adapterTypeName="Microsoft.VisualStudio.TestTools.TestTypes.Unit.UnitTestAdapter, Microsoft.VisualStudio.QualityTools.Tips.UnitTest.Adapter, Version=9.0.0.0, Culture=neutral, PublicKeyToken=b03f5f7f11d50a3a" className="Test.DB2Test, Test" name="Join_ManyToMany" />
    </UnitTest>
    <UnitTest name="String_Substring1" storage="d:\alinq\source\trunk\test\bin\debug\test.dll" id="a173e697-645f-a620-b8a2-f37aa806c4eb">
      <Css projectStructure="" iteration="" />
      <Owners>
        <Owner name="" />
      </Owners>
      <TestMethod codeBase="D:\ALinq\Source\Trunk\Test\bin\Debug\Test.dll" adapterTypeName="Microsoft.VisualStudio.TestTools.TestTypes.Unit.UnitTestAdapter, Microsoft.VisualStudio.QualityTools.Tips.UnitTest.Adapter, Version=9.0.0.0, Culture=neutral, PublicKeyToken=b03f5f7f11d50a3a" className="Test.SqlTest, Test" name="String_Substring1" />
    </UnitTest>
    <UnitTest name="GroupBy_MultipleColumns" storage="d:\alinq\source\trunk\test\bin\debug\test.dll" id="ffd83b26-65d0-3827-8254-cb0844512e0b">
      <Css projectStructure="" iteration="" />
      <Owners>
        <Owner name="" />
      </Owners>
      <TestMethod codeBase="D:\ALinq\Source\Trunk\Test\bin\Debug\Test.dll" adapterTypeName="Microsoft.VisualStudio.TestTools.TestTypes.Unit.UnitTestAdapter, Microsoft.VisualStudio.QualityTools.Tips.UnitTest.Adapter, Version=9.0.0.0, Culture=neutral, PublicKeyToken=b03f5f7f11d50a3a" className="Test.OdpOracleTest, Test" name="GroupBy_MultipleColumns" />
    </UnitTest>
    <UnitTest name="DataType_Guid" storage="d:\alinq\source\trunk\test\bin\debug\test.dll" id="ced41e6f-80bf-57d3-8f4f-1b0f51130930">
      <Css projectStructure="" iteration="" />
      <Owners>
        <Owner name="" />
      </Owners>
      <TestMethod codeBase="D:\ALinq\Source\Trunk\Test\bin\Debug\Test.dll" adapterTypeName="Microsoft.VisualStudio.TestTools.TestTypes.Unit.UnitTestAdapter, Microsoft.VisualStudio.QualityTools.Tips.UnitTest.Adapter, Version=9.0.0.0, Culture=neutral, PublicKeyToken=b03f5f7f11d50a3a" className="Test.DB2Test, Test" name="DataType_Guid" />
    </UnitTest>
    <UnitTest name="DateTime_AddMinutes" storage="d:\alinq\source\trunk\test\bin\debug\test.dll" id="64ef96d4-7f1a-518e-7617-b01a509af04b">
      <Css projectStructure="" iteration="" />
      <Owners>
        <Owner name="" />
      </Owners>
      <TestMethod codeBase="D:\ALinq\Source\Trunk\Test\bin\Debug\Test.dll" adapterTypeName="Microsoft.VisualStudio.TestTools.TestTypes.Unit.UnitTestAdapter, Microsoft.VisualStudio.QualityTools.Tips.UnitTest.Adapter, Version=9.0.0.0, Culture=neutral, PublicKeyToken=b03f5f7f11d50a3a" className="Test.SQLiteTest, Test" name="DateTime_AddMinutes" />
    </UnitTest>
    <UnitTest name="Command" storage="d:\alinq\source\trunk\test\bin\debug\test.dll" id="01bdfc75-e7d3-47d2-65c8-f2b17f6fae5f">
      <Css projectStructure="" iteration="" />
      <Owners>
        <Owner name="" />
      </Owners>
      <TestMethod codeBase="D:\ALinq\Source\Trunk\Test\bin\Debug\Test.dll" adapterTypeName="Microsoft.VisualStudio.TestTools.TestTypes.Unit.UnitTestAdapter, Microsoft.VisualStudio.QualityTools.Tips.UnitTest.Adapter, Version=9.0.0.0, Culture=neutral, PublicKeyToken=b03f5f7f11d50a3a" className="Test.OdpOracleTest, Test" name="Command" />
    </UnitTest>
    <UnitTest name="TrialTest" storage="d:\alinq\source\trunk\test\bin\debug\test.dll" id="fab7d022-d231-de97-608d-935a027320ae">
      <Css projectStructure="" iteration="" />
      <Owners>
        <Owner name="" />
      </Owners>
      <TestMethod codeBase="D:\ALinq\Source\Trunk\Test\bin\Debug\Test.dll" adapterTypeName="Microsoft.VisualStudio.TestTools.TestTypes.Unit.UnitTestAdapter, Microsoft.VisualStudio.QualityTools.Tips.UnitTest.Adapter, Version=9.0.0.0, Culture=neutral, PublicKeyToken=b03f5f7f11d50a3a" className="Test.DataContextTest, Test" name="TrialTest" />
    </UnitTest>
    <UnitTest name="Where_Simple3" storage="d:\alinq\source\trunk\test\bin\debug\test.dll" id="a978df68-50b7-fe58-a661-6c057e102475">
      <Css projectStructure="" iteration="" />
      <Owners>
        <Owner name="" />
      </Owners>
      <TestMethod codeBase="D:\ALinq\Source\Trunk\Test\bin\Debug\Test.dll" adapterTypeName="Microsoft.VisualStudio.TestTools.TestTypes.Unit.UnitTestAdapter, Microsoft.VisualStudio.QualityTools.Tips.UnitTest.Adapter, Version=9.0.0.0, Culture=neutral, PublicKeyToken=b03f5f7f11d50a3a" className="Test.SQL2005Test, Test" name="Where_Simple3" />
    </UnitTest>
    <UnitTest name="All_Simple" storage="d:\alinq\source\trunk\test\bin\debug\test.dll" id="33e44030-87e1-2ed5-9742-940bc9bafadc">
      <Css projectStructure="" iteration="" />
      <Owners>
        <Owner name="" />
      </Owners>
      <TestMethod codeBase="D:\ALinq\Source\Trunk\Test\bin\Debug\Test.dll" adapterTypeName="Microsoft.VisualStudio.TestTools.TestTypes.Unit.UnitTestAdapter, Microsoft.VisualStudio.QualityTools.Tips.UnitTest.Adapter, Version=9.0.0.0, Culture=neutral, PublicKeyToken=b03f5f7f11d50a3a" className="Test.AccessTest, Test" name="All_Simple" />
    </UnitTest>
    <UnitTest name="CreateProcedure6" storage="d:\alinq\source\trunk\test\bin\debug\test.dll" id="2e4afea4-e2a2-4d65-58d4-0d101acd5b56">
      <Css projectStructure="" iteration="" />
      <Owners>
        <Owner name="" />
      </Owners>
      <TestMethod codeBase="D:\ALinq\Source\Trunk\Test\bin\Debug\Test.dll" adapterTypeName="Microsoft.VisualStudio.TestTools.TestTypes.Unit.UnitTestAdapter, Microsoft.VisualStudio.QualityTools.Tips.UnitTest.Adapter, Version=9.0.0.0, Culture=neutral, PublicKeyToken=b03f5f7f11d50a3a" className="Test.MySqlProcedureTest, Test" name="CreateProcedure6" />
    </UnitTest>
    <UnitTest name="Math_Sinh" storage="d:\alinq\source\trunk\test\bin\debug\test.dll" id="f3b340eb-e4d6-5e90-b6c4-ca0ffbea0699">
      <Css projectStructure="" iteration="" />
      <Owners>
        <Owner name="" />
      </Owners>
      <TestMethod codeBase="D:\ALinq\Source\Trunk\Test\bin\Debug\Test.dll" adapterTypeName="Microsoft.VisualStudio.TestTools.TestTypes.Unit.UnitTestAdapter, Microsoft.VisualStudio.QualityTools.Tips.UnitTest.Adapter, Version=9.0.0.0, Culture=neutral, PublicKeyToken=b03f5f7f11d50a3a" className="Test.MySqlTest, Test" name="Math_Sinh" />
    </UnitTest>
    <UnitTest name="String_ToLower2" storage="d:\alinq\source\trunk\test\bin\debug\test.dll" id="a9b8f021-2d14-a0c5-4495-1eeb8cb74ae8">
      <Css projectStructure="" iteration="" />
      <Owners>
        <Owner name="" />
      </Owners>
      <TestMethod codeBase="D:\ALinq\Source\Trunk\Test\bin\Debug\Test.dll" adapterTypeName="Microsoft.VisualStudio.TestTools.TestTypes.Unit.UnitTestAdapter, Microsoft.VisualStudio.QualityTools.Tips.UnitTest.Adapter, Version=9.0.0.0, Culture=neutral, PublicKeyToken=b03f5f7f11d50a3a" className="Test.SQLiteTest, Test" name="String_ToLower2" />
    </UnitTest>
    <UnitTest name="AutoGuid" storage="d:\alinq\source\trunk\test\bin\debug\test.dll" id="fde14a87-f892-0bcf-fc99-fa7f1f03d4d0">
      <Css projectStructure="" iteration="" />
      <Owners>
        <Owner name="" />
      </Owners>
      <TestMethod codeBase="D:\ALinq\Source\Trunk\Test\bin\Debug\Test.dll" adapterTypeName="Microsoft.VisualStudio.TestTools.TestTypes.Unit.UnitTestAdapter, Microsoft.VisualStudio.QualityTools.Tips.UnitTest.Adapter, Version=9.0.0.0, Culture=neutral, PublicKeyToken=b03f5f7f11d50a3a" className="Test.OdpOracleTest, Test" name="AutoGuid" />
    </UnitTest>
    <UnitTest name="StringInsert" storage="d:\alinq\source\trunk\test\bin\debug\test.dll" id="f84bb04f-bcd6-a9b0-816b-e75a692f831b">
      <Css projectStructure="" iteration="" />
      <Owners>
        <Owner name="" />
      </Owners>
      <TestMethod codeBase="D:\ALinq\Source\Trunk\Test\bin\Debug\Test.dll" adapterTypeName="Microsoft.VisualStudio.TestTools.TestTypes.Unit.UnitTestAdapter, Microsoft.VisualStudio.QualityTools.Tips.UnitTest.Adapter, Version=9.0.0.0, Culture=neutral, PublicKeyToken=b03f5f7f11d50a3a" className="Test.NorOracleTest, Test" name="StringInsert" />
    </UnitTest>
    <UnitTest name="DateTime_DayOfYear" storage="d:\alinq\source\trunk\test\bin\debug\test.dll" id="bf61b087-c38a-98ff-a9f7-7db12c2aa04d">
      <Css projectStructure="" iteration="" />
      <Owners>
        <Owner name="" />
      </Owners>
      <TestMethod codeBase="D:\ALinq\Source\Trunk\Test\bin\Debug\Test.dll" adapterTypeName="Microsoft.VisualStudio.TestTools.TestTypes.Unit.UnitTestAdapter, Microsoft.VisualStudio.QualityTools.Tips.UnitTest.Adapter, Version=9.0.0.0, Culture=neutral, PublicKeyToken=b03f5f7f11d50a3a" className="Test.SQL2005Test, Test" name="DateTime_DayOfYear" />
    </UnitTest>
    <UnitTest name="String_IndexOf2" storage="d:\alinq\source\trunk\test\bin\debug\test.dll" id="988de4be-1856-3fa9-c090-754a59dae241">
      <Css projectStructure="" iteration="" />
      <Owners>
        <Owner name="" />
      </Owners>
      <TestMethod codeBase="D:\ALinq\Source\Trunk\Test\bin\Debug\Test.dll" adapterTypeName="Microsoft.VisualStudio.TestTools.TestTypes.Unit.UnitTestAdapter, Microsoft.VisualStudio.QualityTools.Tips.UnitTest.Adapter, Version=9.0.0.0, Culture=neutral, PublicKeyToken=b03f5f7f11d50a3a" className="Test.MySqlTest, Test" name="String_IndexOf2" />
    </UnitTest>
    <UnitTest name="StringConcat" storage="d:\alinq\source\trunk\test\bin\debug\test.dll" id="0102058f-7ded-ab33-bfaa-1bb86366d5c7">
      <Css projectStructure="" iteration="" />
      <Owners>
        <Owner name="" />
      </Owners>
      <TestMethod codeBase="D:\ALinq\Source\Trunk\Test\bin\Debug\Test.dll" adapterTypeName="Microsoft.VisualStudio.TestTools.TestTypes.Unit.UnitTestAdapter, Microsoft.VisualStudio.QualityTools.Tips.UnitTest.Adapter, Version=9.0.0.0, Culture=neutral, PublicKeyToken=b03f5f7f11d50a3a" className="Test.SQL2000Test, Test" name="StringConcat" />
    </UnitTest>
    <UnitTest name="Select_LocalMethodCall" storage="d:\alinq\source\trunk\test\bin\debug\test.dll" id="f21611ae-2a86-fc16-055f-2d52bc6b1389">
      <Css projectStructure="" iteration="" />
      <Owners>
        <Owner name="" />
      </Owners>
      <TestMethod codeBase="D:\ALinq\Source\Trunk\Test\bin\Debug\Test.dll" adapterTypeName="Microsoft.VisualStudio.TestTools.TestTypes.Unit.UnitTestAdapter, Microsoft.VisualStudio.QualityTools.Tips.UnitTest.Adapter, Version=9.0.0.0, Culture=neutral, PublicKeyToken=b03f5f7f11d50a3a" className="Test.SqlTest, Test" name="Select_LocalMethodCall" />
    </UnitTest>
    <UnitTest name="DeleteTable" storage="d:\alinq\source\trunk\test\bin\debug\test.dll" id="b5bd9ae2-5ddc-2f60-5ce4-fb7071e535da">
      <Css projectStructure="" iteration="" />
      <Owners>
        <Owner name="" />
      </Owners>
      <TestMethod codeBase="D:\ALinq\Source\Trunk\Test\bin\Debug\Test.dll" adapterTypeName="Microsoft.VisualStudio.TestTools.TestTypes.Unit.UnitTestAdapter, Microsoft.VisualStudio.QualityTools.Tips.UnitTest.Adapter, Version=9.0.0.0, Culture=neutral, PublicKeyToken=b03f5f7f11d50a3a" className="Test.NorOracleTest, Test" name="DeleteTable" />
    </UnitTest>
    <UnitTest name="GetDefaultValue" storage="d:\alinq\source\trunk\test\bin\debug\test.dll" id="8bdd8e0c-9c03-a7fb-6960-13afb2c66dad">
      <Css projectStructure="" iteration="" />
      <Owners>
        <Owner name="" />
      </Owners>
      <TestMethod codeBase="D:\ALinq\Source\Trunk\Test\bin\Debug\Test.dll" adapterTypeName="Microsoft.VisualStudio.TestTools.TestTypes.Unit.UnitTestAdapter, Microsoft.VisualStudio.QualityTools.Tips.UnitTest.Adapter, Version=9.0.0.0, Culture=neutral, PublicKeyToken=b03f5f7f11d50a3a" className="Test.SQL2005Test, Test" name="GetDefaultValue" />
    </UnitTest>
    <UnitTest name="CRUD_Insert2" storage="d:\alinq\source\trunk\test\bin\debug\test.dll" id="4cd95d73-6f80-d4f9-8fb0-df25bb18e242">
      <Css projectStructure="" iteration="" />
      <Owners>
        <Owner name="" />
      </Owners>
      <TestMethod codeBase="D:\ALinq\Source\Trunk\Test\bin\Debug\Test.dll" adapterTypeName="Microsoft.VisualStudio.TestTools.TestTypes.Unit.UnitTestAdapter, Microsoft.VisualStudio.QualityTools.Tips.UnitTest.Adapter, Version=9.0.0.0, Culture=neutral, PublicKeyToken=b03f5f7f11d50a3a" className="Test.PgsqlTest, Test" name="CRUD_Insert2" />
    </UnitTest>
    <UnitTest name="Join_LeftOuter" storage="d:\alinq\source\trunk\test\bin\debug\test.dll" id="9a9bd9f3-783e-dac7-2dc7-4db88db86769">
      <Css projectStructure="" iteration="" />
      <Owners>
        <Owner name="" />
      </Owners>
      <TestMethod codeBase="D:\ALinq\Source\Trunk\Test\bin\Debug\Test.dll" adapterTypeName="Microsoft.VisualStudio.TestTools.TestTypes.Unit.UnitTestAdapter, Microsoft.VisualStudio.QualityTools.Tips.UnitTest.Adapter, Version=9.0.0.0, Culture=neutral, PublicKeyToken=b03f5f7f11d50a3a" className="Test.SQL2005Test, Test" name="Join_LeftOuter" />
    </UnitTest>
    <UnitTest name="Min_Grouped" storage="d:\alinq\source\trunk\test\bin\debug\test.dll" id="475edd74-e876-939f-fe71-7aa049827404">
      <Css projectStructure="" iteration="" />
      <Owners>
        <Owner name="" />
      </Owners>
      <TestMethod codeBase="D:\ALinq\Source\Trunk\Test\bin\Debug\Test.dll" adapterTypeName="Microsoft.VisualStudio.TestTools.TestTypes.Unit.UnitTestAdapter, Microsoft.VisualStudio.QualityTools.Tips.UnitTest.Adapter, Version=9.0.0.0, Culture=neutral, PublicKeyToken=b03f5f7f11d50a3a" className="Test.MySqlTest, Test" name="Min_Grouped" />
    </UnitTest>
    <UnitTest name="Count_Simple" storage="d:\alinq\source\trunk\test\bin\debug\test.dll" id="0e3ad54e-fb5e-ed32-36a2-3b2bdc9b23ea">
      <Css projectStructure="" iteration="" />
      <Owners>
        <Owner name="" />
      </Owners>
      <TestMethod codeBase="D:\ALinq\Source\Trunk\Test\bin\Debug\Test.dll" adapterTypeName="Microsoft.VisualStudio.TestTools.TestTypes.Unit.UnitTestAdapter, Microsoft.VisualStudio.QualityTools.Tips.UnitTest.Adapter, Version=9.0.0.0, Culture=neutral, PublicKeyToken=b03f5f7f11d50a3a" className="Test.OdpOracleTest, Test" name="Count_Simple" />
    </UnitTest>
    <UnitTest name="Except" storage="d:\alinq\source\trunk\test\bin\debug\test.dll" id="c6207631-e942-1914-c87d-6b019b4f3076">
      <Css projectStructure="" iteration="" />
      <Owners>
        <Owner name="" />
      </Owners>
      <TestMethod codeBase="D:\ALinq\Source\Trunk\Test\bin\Debug\Test.dll" adapterTypeName="Microsoft.VisualStudio.TestTools.TestTypes.Unit.UnitTestAdapter, Microsoft.VisualStudio.QualityTools.Tips.UnitTest.Adapter, Version=9.0.0.0, Culture=neutral, PublicKeyToken=b03f5f7f11d50a3a" className="Test.SQLiteTest, Test" name="Except" />
    </UnitTest>
    <UnitTest name="Where_Simple1" storage="d:\alinq\source\trunk\test\bin\debug\test.dll" id="b6f97f57-af6c-43ff-ebdd-30f3ba8154c9">
      <Css projectStructure="" iteration="" />
      <Owners>
        <Owner name="" />
      </Owners>
      <TestMethod codeBase="D:\ALinq\Source\Trunk\Test\bin\Debug\Test.dll" adapterTypeName="Microsoft.VisualStudio.TestTools.TestTypes.Unit.UnitTestAdapter, Microsoft.VisualStudio.QualityTools.Tips.UnitTest.Adapter, Version=9.0.0.0, Culture=neutral, PublicKeyToken=b03f5f7f11d50a3a" className="Test.SQL2005Test, Test" name="Where_Simple1" />
    </UnitTest>
    <UnitTest name="Distinct2" storage="d:\alinq\source\trunk\test\bin\debug\test.dll" id="22a38773-c009-2b07-ae83-102b8d4e5e79">
      <Css projectStructure="" iteration="" />
      <Owners>
        <Owner name="" />
      </Owners>
      <TestMethod codeBase="D:\ALinq\Source\Trunk\Test\bin\Debug\Test.dll" adapterTypeName="Microsoft.VisualStudio.TestTools.TestTypes.Unit.UnitTestAdapter, Microsoft.VisualStudio.QualityTools.Tips.UnitTest.Adapter, Version=9.0.0.0, Culture=neutral, PublicKeyToken=b03f5f7f11d50a3a" className="Test.SQL2000Test, Test" name="Distinct2" />
    </UnitTest>
    <UnitTest name="Take_Nested" storage="d:\alinq\source\trunk\test\bin\debug\test.dll" id="ac208540-f6f9-5081-c1ba-31b9e7ddb3cb">
      <Css projectStructure="" iteration="" />
      <Owners>
        <Owner name="" />
      </Owners>
      <TestMethod codeBase="D:\ALinq\Source\Trunk\Test\bin\Debug\Test.dll" adapterTypeName="Microsoft.VisualStudio.TestTools.TestTypes.Unit.UnitTestAdapter, Microsoft.VisualStudio.QualityTools.Tips.UnitTest.Adapter, Version=9.0.0.0, Culture=neutral, PublicKeyToken=b03f5f7f11d50a3a" className="Test.OdpOracleTest, Test" name="Take_Nested" />
    </UnitTest>
    <UnitTest name="Test2" storage="d:\alinq\source\trunk\test\bin\debug\test.dll" id="8c8d5d1e-6461-c37a-3cfc-7edd8aae6391">
      <Css projectStructure="" iteration="" />
      <Owners>
        <Owner name="" />
      </Owners>
      <TestMethod codeBase="D:\ALinq\Source\Trunk\Test\bin\Debug\Test.dll" adapterTypeName="Microsoft.VisualStudio.TestTools.TestTypes.Unit.UnitTestAdapter, Microsoft.VisualStudio.QualityTools.Tips.UnitTest.Adapter, Version=9.0.0.0, Culture=neutral, PublicKeyToken=b03f5f7f11d50a3a" className="Test.AccessTest, Test" name="Test2" />
    </UnitTest>
    <UnitTest name="Math_Atan" storage="d:\alinq\source\trunk\test\bin\debug\test.dll" id="2169b153-5d82-b6d6-ea62-ab56efa2e3b3">
      <Css projectStructure="" iteration="" />
      <Owners>
        <Owner name="" />
      </Owners>
      <TestMethod codeBase="D:\ALinq\Source\Trunk\Test\bin\Debug\Test.dll" adapterTypeName="Microsoft.VisualStudio.TestTools.TestTypes.Unit.UnitTestAdapter, Microsoft.VisualStudio.QualityTools.Tips.UnitTest.Adapter, Version=9.0.0.0, Culture=neutral, PublicKeyToken=b03f5f7f11d50a3a" className="Test.SQL2005Test, Test" name="Math_Atan" />
    </UnitTest>
    <UnitTest name="DateTime_AddMonths" storage="d:\alinq\source\trunk\test\bin\debug\test.dll" id="94746076-e8e4-ec09-575d-b3f569ea2b6d">
      <Css projectStructure="" iteration="" />
      <Owners>
        <Owner name="" />
      </Owners>
      <TestMethod codeBase="D:\ALinq\Source\Trunk\Test\bin\Debug\Test.dll" adapterTypeName="Microsoft.VisualStudio.TestTools.TestTypes.Unit.UnitTestAdapter, Microsoft.VisualStudio.QualityTools.Tips.UnitTest.Adapter, Version=9.0.0.0, Culture=neutral, PublicKeyToken=b03f5f7f11d50a3a" className="Test.AccessTest, Test" name="DateTime_AddMonths" />
    </UnitTest>
    <UnitTest name="Select_LocalMethodCall" storage="d:\alinq\source\trunk\test\bin\debug\test.dll" id="bae5a0b5-3681-c95a-c73a-9b4deb1965ec">
      <Css projectStructure="" iteration="" />
      <Owners>
        <Owner name="" />
      </Owners>
      <TestMethod codeBase="D:\ALinq\Source\Trunk\Test\bin\Debug\Test.dll" adapterTypeName="Microsoft.VisualStudio.TestTools.TestTypes.Unit.UnitTestAdapter, Microsoft.VisualStudio.QualityTools.Tips.UnitTest.Adapter, Version=9.0.0.0, Culture=neutral, PublicKeyToken=b03f5f7f11d50a3a" className="Test.FirebirdTest, Test" name="Select_LocalMethodCall" />
    </UnitTest>
    <UnitTest name="Join_LetAssignment" storage="d:\alinq\source\trunk\test\bin\debug\test.dll" id="5b83b9d9-1a40-e881-53a4-6b7426547bd2">
      <Css projectStructure="" iteration="" />
      <Owners>
        <Owner name="" />
      </Owners>
      <TestMethod codeBase="D:\ALinq\Source\Trunk\Test\bin\Debug\Test.dll" adapterTypeName="Microsoft.VisualStudio.TestTools.TestTypes.Unit.UnitTestAdapter, Microsoft.VisualStudio.QualityTools.Tips.UnitTest.Adapter, Version=9.0.0.0, Culture=neutral, PublicKeyToken=b03f5f7f11d50a3a" className="Test.SqlTest, Test" name="Join_LetAssignment" />
    </UnitTest>
    <UnitTest name="Avg_Projection" storage="d:\alinq\source\trunk\test\bin\debug\test.dll" id="1c5ceaa2-c0b8-d9f9-42c1-c378a587aa67">
      <Css projectStructure="" iteration="" />
      <Owners>
        <Owner name="" />
      </Owners>
      <TestMethod codeBase="D:\ALinq\Source\Trunk\Test\bin\Debug\Test.dll" adapterTypeName="Microsoft.VisualStudio.TestTools.TestTypes.Unit.UnitTestAdapter, Microsoft.VisualStudio.QualityTools.Tips.UnitTest.Adapter, Version=9.0.0.0, Culture=neutral, PublicKeyToken=b03f5f7f11d50a3a" className="Test.FirebirdTest, Test" name="Avg_Projection" />
    </UnitTest>
    <UnitTest name="GroupBy_MultipleColumns" storage="d:\alinq\source\trunk\test\bin\debug\test.dll" id="dc8c0dc9-5d63-f35a-9f80-d352eb406b0c">
      <Css projectStructure="" iteration="" />
      <Owners>
        <Owner name="" />
      </Owners>
      <TestMethod codeBase="D:\ALinq\Source\Trunk\Test\bin\Debug\Test.dll" adapterTypeName="Microsoft.VisualStudio.TestTools.TestTypes.Unit.UnitTestAdapter, Microsoft.VisualStudio.QualityTools.Tips.UnitTest.Adapter, Version=9.0.0.0, Culture=neutral, PublicKeyToken=b03f5f7f11d50a3a" className="Test.FirebirdTest, Test" name="GroupBy_MultipleColumns" />
    </UnitTest>
    <UnitTest name="DateTime_ToString" storage="d:\alinq\source\trunk\test\bin\debug\test.dll" id="04f0c02f-1078-0b25-cf90-55e18402ce8b">
      <Css projectStructure="" iteration="" />
      <Owners>
        <Owner name="" />
      </Owners>
      <TestMethod codeBase="D:\ALinq\Source\Trunk\Test\bin\Debug\Test.dll" adapterTypeName="Microsoft.VisualStudio.TestTools.TestTypes.Unit.UnitTestAdapter, Microsoft.VisualStudio.QualityTools.Tips.UnitTest.Adapter, Version=9.0.0.0, Culture=neutral, PublicKeyToken=b03f5f7f11d50a3a" className="Test.NorOracleTest, Test" name="DateTime_ToString" />
    </UnitTest>
    <UnitTest name="Join_LeftOuter" storage="d:\alinq\source\trunk\test\bin\debug\test.dll" id="245239e4-11c2-3cc7-beae-1b7922390af6">
      <Css projectStructure="" iteration="" />
      <Owners>
        <Owner name="" />
      </Owners>
      <TestMethod codeBase="D:\ALinq\Source\Trunk\Test\bin\Debug\Test.dll" adapterTypeName="Microsoft.VisualStudio.TestTools.TestTypes.Unit.UnitTestAdapter, Microsoft.VisualStudio.QualityTools.Tips.UnitTest.Adapter, Version=9.0.0.0, Culture=neutral, PublicKeyToken=b03f5f7f11d50a3a" className="Test.MySqlTest, Test" name="Join_LeftOuter" />
    </UnitTest>
    <UnitTest name="Join_TowWay" storage="d:\alinq\source\trunk\test\bin\debug\test.dll" id="deaabb69-0257-622d-3e26-305d9c1bc497">
      <Css projectStructure="" iteration="" />
      <Owners>
        <Owner name="" />
      </Owners>
      <TestMethod codeBase="D:\ALinq\Source\Trunk\Test\bin\Debug\Test.dll" adapterTypeName="Microsoft.VisualStudio.TestTools.TestTypes.Unit.UnitTestAdapter, Microsoft.VisualStudio.QualityTools.Tips.UnitTest.Adapter, Version=9.0.0.0, Culture=neutral, PublicKeyToken=b03f5f7f11d50a3a" className="Test.OdpOracleTest, Test" name="Join_TowWay" />
    </UnitTest>
    <UnitTest name="Skip_Simple" storage="d:\alinq\source\trunk\test\bin\debug\test.dll" id="f88eaaf6-5791-4710-eb59-75448d940c01">
      <Css projectStructure="" iteration="" />
      <Owners>
        <Owner name="" />
      </Owners>
      <TestMethod codeBase="D:\ALinq\Source\Trunk\Test\bin\Debug\Test.dll" adapterTypeName="Microsoft.VisualStudio.TestTools.TestTypes.Unit.UnitTestAdapter, Microsoft.VisualStudio.QualityTools.Tips.UnitTest.Adapter, Version=9.0.0.0, Culture=neutral, PublicKeyToken=b03f5f7f11d50a3a" className="Test.AccessTest, Test" name="Skip_Simple" />
    </UnitTest>
    <UnitTest name="DataLoadOptionsTest" storage="d:\alinq\source\trunk\test\bin\debug\test.dll" id="7c95e5c1-b95f-48eb-a99d-339af1f08546">
      <Css projectStructure="" iteration="" />
      <Owners>
        <Owner name="" />
      </Owners>
      <TestMethod codeBase="D:\ALinq\Source\Trunk\Test\bin\Debug\Test.dll" adapterTypeName="Microsoft.VisualStudio.TestTools.TestTypes.Unit.UnitTestAdapter, Microsoft.VisualStudio.QualityTools.Tips.UnitTest.Adapter, Version=9.0.0.0, Culture=neutral, PublicKeyToken=b03f5f7f11d50a3a" className="Test.FirebirdTest, Test" name="DataLoadOptionsTest" />
    </UnitTest>
    <UnitTest name="Convert_ToBoolean" storage="d:\alinq\source\trunk\test\bin\debug\test.dll" id="8f82b5c2-3338-becb-f2fc-161bd1e522f8">
      <Css projectStructure="" iteration="" />
      <Owners>
        <Owner name="" />
      </Owners>
      <TestMethod codeBase="D:\ALinq\Source\Trunk\Test\bin\Debug\Test.dll" adapterTypeName="Microsoft.VisualStudio.TestTools.TestTypes.Unit.UnitTestAdapter, Microsoft.VisualStudio.QualityTools.Tips.UnitTest.Adapter, Version=9.0.0.0, Culture=neutral, PublicKeyToken=b03f5f7f11d50a3a" className="Test.SqlTest, Test" name="Convert_ToBoolean" />
    </UnitTest>
    <UnitTest name="String_IndexOf2" storage="d:\alinq\source\trunk\test\bin\debug\test.dll" id="96177d53-5b73-9fe0-ee8b-031a911ac8c2">
      <Css projectStructure="" iteration="" />
      <Owners>
        <Owner name="" />
      </Owners>
      <TestMethod codeBase="D:\ALinq\Source\Trunk\Test\bin\Debug\Test.dll" adapterTypeName="Microsoft.VisualStudio.TestTools.TestTypes.Unit.UnitTestAdapter, Microsoft.VisualStudio.QualityTools.Tips.UnitTest.Adapter, Version=9.0.0.0, Culture=neutral, PublicKeyToken=b03f5f7f11d50a3a" className="Test.SQLiteTest, Test" name="String_IndexOf2" />
    </UnitTest>
    <UnitTest name="Intersect" storage="d:\alinq\source\trunk\test\bin\debug\test.dll" id="eb655580-76db-838d-8549-7f7add972dba">
      <Css projectStructure="" iteration="" />
      <Owners>
        <Owner name="" />
      </Owners>
      <TestMethod codeBase="D:\ALinq\Source\Trunk\Test\bin\Debug\Test.dll" adapterTypeName="Microsoft.VisualStudio.TestTools.TestTypes.Unit.UnitTestAdapter, Microsoft.VisualStudio.QualityTools.Tips.UnitTest.Adapter, Version=9.0.0.0, Culture=neutral, PublicKeyToken=b03f5f7f11d50a3a" className="Test.PgsqlTest, Test" name="Intersect" />
    </UnitTest>
    <UnitTest name="DateTime_AddHours" storage="d:\alinq\source\trunk\test\bin\debug\test.dll" id="5784a10b-9cf9-706a-2cdf-0a1313345448">
      <Css projectStructure="" iteration="" />
      <Owners>
        <Owner name="" />
      </Owners>
      <TestMethod codeBase="D:\ALinq\Source\Trunk\Test\bin\Debug\Test.dll" adapterTypeName="Microsoft.VisualStudio.TestTools.TestTypes.Unit.UnitTestAdapter, Microsoft.VisualStudio.QualityTools.Tips.UnitTest.Adapter, Version=9.0.0.0, Culture=neutral, PublicKeyToken=b03f5f7f11d50a3a" className="Test.OdpOracleTest, Test" name="DateTime_AddHours" />
    </UnitTest>
    <UnitTest name="Select_Simple" storage="d:\alinq\source\trunk\test\bin\debug\test.dll" id="527255d2-a19f-72d2-a606-aede1420fa14">
      <Css projectStructure="" iteration="" />
      <Owners>
        <Owner name="" />
      </Owners>
      <TestMethod codeBase="D:\ALinq\Source\Trunk\Test\bin\Debug\Test.dll" adapterTypeName="Microsoft.VisualStudio.TestTools.TestTypes.Unit.UnitTestAdapter, Microsoft.VisualStudio.QualityTools.Tips.UnitTest.Adapter, Version=9.0.0.0, Culture=neutral, PublicKeyToken=b03f5f7f11d50a3a" className="Test.DB2Test, Test" name="Select_Simple" />
    </UnitTest>
    <UnitTest name="Where_Simple1" storage="d:\alinq\source\trunk\test\bin\debug\test.dll" id="3079b379-8393-676a-6428-31b3fce6c314">
      <Css projectStructure="" iteration="" />
      <Owners>
        <Owner name="" />
      </Owners>
      <TestMethod codeBase="D:\ALinq\Source\Trunk\Test\bin\Debug\Test.dll" adapterTypeName="Microsoft.VisualStudio.TestTools.TestTypes.Unit.UnitTestAdapter, Microsoft.VisualStudio.QualityTools.Tips.UnitTest.Adapter, Version=9.0.0.0, Culture=neutral, PublicKeyToken=b03f5f7f11d50a3a" className="Test.SQL2000Test, Test" name="Where_Simple1" />
    </UnitTest>
    <UnitTest name="Concat" storage="d:\alinq\source\trunk\test\bin\debug\test.dll" id="423861b6-b7c4-abc2-0bff-47b49bf004b3">
      <Css projectStructure="" iteration="" />
      <Owners>
        <Owner name="" />
      </Owners>
      <TestMethod codeBase="D:\ALinq\Source\Trunk\Test\bin\Debug\Test.dll" adapterTypeName="Microsoft.VisualStudio.TestTools.TestTypes.Unit.UnitTestAdapter, Microsoft.VisualStudio.QualityTools.Tips.UnitTest.Adapter, Version=9.0.0.0, Culture=neutral, PublicKeyToken=b03f5f7f11d50a3a" className="Test.SQL2000Test, Test" name="Concat" />
    </UnitTest>
    <UnitTest name="StoreAndReuseQuery" storage="d:\alinq\source\trunk\test\bin\debug\test.dll" id="61a1dec8-4eeb-09e9-7d2d-a8212e2ef330">
      <Css projectStructure="" iteration="" />
      <Owners>
        <Owner name="" />
      </Owners>
      <TestMethod codeBase="D:\ALinq\Source\Trunk\Test\bin\Debug\Test.dll" adapterTypeName="Microsoft.VisualStudio.TestTools.TestTypes.Unit.UnitTestAdapter, Microsoft.VisualStudio.QualityTools.Tips.UnitTest.Adapter, Version=9.0.0.0, Culture=neutral, PublicKeyToken=b03f5f7f11d50a3a" className="Test.SQLiteTest, Test" name="StoreAndReuseQuery" />
    </UnitTest>
    <UnitTest name="All_Simple" storage="d:\alinq\source\trunk\test\bin\debug\test.dll" id="68360461-51c1-7046-7d53-530cc325c184">
      <Css projectStructure="" iteration="" />
      <Owners>
        <Owner name="" />
      </Owners>
      <TestMethod codeBase="D:\ALinq\Source\Trunk\Test\bin\Debug\Test.dll" adapterTypeName="Microsoft.VisualStudio.TestTools.TestTypes.Unit.UnitTestAdapter, Microsoft.VisualStudio.QualityTools.Tips.UnitTest.Adapter, Version=9.0.0.0, Culture=neutral, PublicKeyToken=b03f5f7f11d50a3a" className="Test.DB2Test, Test" name="All_Simple" />
    </UnitTest>
    <UnitTest name="Any_Grouped" storage="d:\alinq\source\trunk\test\bin\debug\test.dll" id="0df8ae62-fec2-06bc-7a4d-a7a6f4809d98">
      <Css projectStructure="" iteration="" />
      <Owners>
        <Owner name="" />
      </Owners>
      <TestMethod codeBase="D:\ALinq\Source\Trunk\Test\bin\Debug\Test.dll" adapterTypeName="Microsoft.VisualStudio.TestTools.TestTypes.Unit.UnitTestAdapter, Microsoft.VisualStudio.QualityTools.Tips.UnitTest.Adapter, Version=9.0.0.0, Culture=neutral, PublicKeyToken=b03f5f7f11d50a3a" className="Test.FirebirdTest, Test" name="Any_Grouped" />
    </UnitTest>
    <UnitTest name="Test" storage="d:\alinq\source\trunk\test\bin\debug\test.dll" id="9f72b4dc-bdc5-e535-dfa2-9d17864553e8">
      <Css projectStructure="" iteration="" />
      <Owners>
        <Owner name="" />
      </Owners>
      <TestMethod codeBase="D:\ALinq\Source\Trunk\Test\bin\Debug\Test.dll" adapterTypeName="Microsoft.VisualStudio.TestTools.TestTypes.Unit.UnitTestAdapter, Microsoft.VisualStudio.QualityTools.Tips.UnitTest.Adapter, Version=9.0.0.0, Culture=neutral, PublicKeyToken=b03f5f7f11d50a3a" className="Test.OdpOracleProcedureTest, Test" name="Test" />
    </UnitTest>
    <UnitTest name="StringStartsWith" storage="d:\alinq\source\trunk\test\bin\debug\test.dll" id="e04d2b56-498c-405e-ae32-754f5e4ffd6f">
      <Css projectStructure="" iteration="" />
      <Owners>
        <Owner name="" />
      </Owners>
      <TestMethod codeBase="D:\ALinq\Source\Trunk\Test\bin\Debug\Test.dll" adapterTypeName="Microsoft.VisualStudio.TestTools.TestTypes.Unit.UnitTestAdapter, Microsoft.VisualStudio.QualityTools.Tips.UnitTest.Adapter, Version=9.0.0.0, Culture=neutral, PublicKeyToken=b03f5f7f11d50a3a" className="Test.SqlTest, Test" name="StringStartsWith" />
    </UnitTest>
    <UnitTest name="GroupByCount" storage="d:\alinq\source\trunk\test\bin\debug\test.dll" id="e54553d5-72f9-db82-ab63-9d2a942097e9">
      <Css projectStructure="" iteration="" />
      <Owners>
        <Owner name="" />
      </Owners>
      <TestMethod codeBase="D:\ALinq\Source\Trunk\Test\bin\Debug\Test.dll" adapterTypeName="Microsoft.VisualStudio.TestTools.TestTypes.Unit.UnitTestAdapter, Microsoft.VisualStudio.QualityTools.Tips.UnitTest.Adapter, Version=9.0.0.0, Culture=neutral, PublicKeyToken=b03f5f7f11d50a3a" className="Test.MySqlTest, Test" name="GroupByCount" />
    </UnitTest>
    <UnitTest name="String_ToLower1" storage="d:\alinq\source\trunk\test\bin\debug\test.dll" id="08c46089-b65f-9a97-cfe1-3a82d71f8bef">
      <Css projectStructure="" iteration="" />
      <Owners>
        <Owner name="" />
      </Owners>
      <TestMethod codeBase="D:\ALinq\Source\Trunk\Test\bin\Debug\Test.dll" adapterTypeName="Microsoft.VisualStudio.TestTools.TestTypes.Unit.UnitTestAdapter, Microsoft.VisualStudio.QualityTools.Tips.UnitTest.Adapter, Version=9.0.0.0, Culture=neutral, PublicKeyToken=b03f5f7f11d50a3a" className="Test.SQLiteTest, Test" name="String_ToLower1" />
    </UnitTest>
    <UnitTest name="DateTime_DayOfWeek" storage="d:\alinq\source\trunk\test\bin\debug\test.dll" id="079bfd39-1b3d-5819-efd4-64ef3f53af02">
      <Css projectStructure="" iteration="" />
      <Owners>
        <Owner name="" />
      </Owners>
      <TestMethod codeBase="D:\ALinq\Source\Trunk\Test\bin\Debug\Test.dll" adapterTypeName="Microsoft.VisualStudio.TestTools.TestTypes.Unit.UnitTestAdapter, Microsoft.VisualStudio.QualityTools.Tips.UnitTest.Adapter, Version=9.0.0.0, Culture=neutral, PublicKeyToken=b03f5f7f11d50a3a" className="Test.SQL2000Test, Test" name="DateTime_DayOfWeek" />
    </UnitTest>
    <UnitTest name="Join" storage="d:\alinq\source\trunk\test\bin\debug\test.dll" id="e4a55289-63c2-081d-68c1-a5717a6a49ee">
      <Css projectStructure="" iteration="" />
      <Owners>
        <Owner name="" />
      </Owners>
      <TestMethod codeBase="D:\ALinq\Source\Trunk\Test\bin\Debug\Test.dll" adapterTypeName="Microsoft.VisualStudio.TestTools.TestTypes.Unit.UnitTestAdapter, Microsoft.VisualStudio.QualityTools.Tips.UnitTest.Adapter, Version=9.0.0.0, Culture=neutral, PublicKeyToken=b03f5f7f11d50a3a" className="Test.OdpOracleTest, Test" name="Join" />
    </UnitTest>
    <UnitTest name="GroupBy_Nested" storage="d:\alinq\source\trunk\test\bin\debug\test.dll" id="78014a8b-6e4a-5e73-ff1f-98c1c82dbc24">
      <Css projectStructure="" iteration="" />
      <Owners>
        <Owner name="" />
      </Owners>
      <TestMethod codeBase="D:\ALinq\Source\Trunk\Test\bin\Debug\Test.dll" adapterTypeName="Microsoft.VisualStudio.TestTools.TestTypes.Unit.UnitTestAdapter, Microsoft.VisualStudio.QualityTools.Tips.UnitTest.Adapter, Version=9.0.0.0, Culture=neutral, PublicKeyToken=b03f5f7f11d50a3a" className="Test.NorOracleTest, Test" name="GroupBy_Nested" />
    </UnitTest>
    <UnitTest name="Intersect" storage="d:\alinq\source\trunk\test\bin\debug\test.dll" id="61ffb7c3-2f04-a6c5-2bd1-3b722ba0821b">
      <Css projectStructure="" iteration="" />
      <Owners>
        <Owner name="" />
      </Owners>
      <TestMethod codeBase="D:\ALinq\Source\Trunk\Test\bin\Debug\Test.dll" adapterTypeName="Microsoft.VisualStudio.TestTools.TestTypes.Unit.UnitTestAdapter, Microsoft.VisualStudio.QualityTools.Tips.UnitTest.Adapter, Version=9.0.0.0, Culture=neutral, PublicKeyToken=b03f5f7f11d50a3a" className="Test.DB2Test, Test" name="Intersect" />
    </UnitTest>
    <UnitTest name="Math_Min" storage="d:\alinq\source\trunk\test\bin\debug\test.dll" id="90b34f3f-7153-8442-40d3-f3551853fd17">
      <Css projectStructure="" iteration="" />
      <Owners>
        <Owner name="" />
      </Owners>
      <TestMethod codeBase="D:\ALinq\Source\Trunk\Test\bin\Debug\Test.dll" adapterTypeName="Microsoft.VisualStudio.TestTools.TestTypes.Unit.UnitTestAdapter, Microsoft.VisualStudio.QualityTools.Tips.UnitTest.Adapter, Version=9.0.0.0, Culture=neutral, PublicKeyToken=b03f5f7f11d50a3a" className="Test.AccessTest, Test" name="Math_Min" />
    </UnitTest>
    <UnitTest name="Convert_ToByte" storage="d:\alinq\source\trunk\test\bin\debug\test.dll" id="93dc92d0-64f8-a82f-c172-f869795c61cd">
      <Css projectStructure="" iteration="" />
      <Owners>
        <Owner name="" />
      </Owners>
      <TestMethod codeBase="D:\ALinq\Source\Trunk\Test\bin\Debug\Test.dll" adapterTypeName="Microsoft.VisualStudio.TestTools.TestTypes.Unit.UnitTestAdapter, Microsoft.VisualStudio.QualityTools.Tips.UnitTest.Adapter, Version=9.0.0.0, Culture=neutral, PublicKeyToken=b03f5f7f11d50a3a" className="Test.MySqlTest, Test" name="Convert_ToByte" />
    </UnitTest>
    <UnitTest name="DateTime_ToString" storage="d:\alinq\source\trunk\test\bin\debug\test.dll" id="6637dbfc-b39d-491e-1e4e-7796ea7e2932">
      <Css projectStructure="" iteration="" />
      <Owners>
        <Owner name="" />
      </Owners>
      <TestMethod codeBase="D:\ALinq\Source\Trunk\Test\bin\Debug\Test.dll" adapterTypeName="Microsoft.VisualStudio.TestTools.TestTypes.Unit.UnitTestAdapter, Microsoft.VisualStudio.QualityTools.Tips.UnitTest.Adapter, Version=9.0.0.0, Culture=neutral, PublicKeyToken=b03f5f7f11d50a3a" className="Test.OdpOracleTest, Test" name="DateTime_ToString" />
    </UnitTest>
    <UnitTest name="StringConnect" storage="d:\alinq\source\trunk\test\bin\debug\test.dll" id="0518462c-0a9e-956b-f101-21236e62f866">
      <Css projectStructure="" iteration="" />
      <Owners>
        <Owner name="" />
      </Owners>
      <TestMethod codeBase="D:\ALinq\Source\Trunk\Test\bin\Debug\Test.dll" adapterTypeName="Microsoft.VisualStudio.TestTools.TestTypes.Unit.UnitTestAdapter, Microsoft.VisualStudio.QualityTools.Tips.UnitTest.Adapter, Version=9.0.0.0, Culture=neutral, PublicKeyToken=b03f5f7f11d50a3a" className="Test.OdpOracleTest, Test" name="StringConnect" />
    </UnitTest>
    <UnitTest name="DateTime_ToString" storage="d:\alinq\source\trunk\test\bin\debug\test.dll" id="1fc3962f-1591-9952-7f3f-8b5e279d74f5">
      <Css projectStructure="" iteration="" />
      <Owners>
        <Owner name="" />
      </Owners>
      <TestMethod codeBase="D:\ALinq\Source\Trunk\Test\bin\Debug\Test.dll" adapterTypeName="Microsoft.VisualStudio.TestTools.TestTypes.Unit.UnitTestAdapter, Microsoft.VisualStudio.QualityTools.Tips.UnitTest.Adapter, Version=9.0.0.0, Culture=neutral, PublicKeyToken=b03f5f7f11d50a3a" className="Test.SQL2005Test, Test" name="DateTime_ToString" />
    </UnitTest>
    <UnitTest name="Avg_Grouped" storage="d:\alinq\source\trunk\test\bin\debug\test.dll" id="bc090932-3e07-0c97-1dd0-ff9ad88b205b">
      <Css projectStructure="" iteration="" />
      <Owners>
        <Owner name="" />
      </Owners>
      <TestMethod codeBase="D:\ALinq\Source\Trunk\Test\bin\Debug\Test.dll" adapterTypeName="Microsoft.VisualStudio.TestTools.TestTypes.Unit.UnitTestAdapter, Microsoft.VisualStudio.QualityTools.Tips.UnitTest.Adapter, Version=9.0.0.0, Culture=neutral, PublicKeyToken=b03f5f7f11d50a3a" className="Test.AccessTest, Test" name="Avg_Grouped" />
    </UnitTest>
    <UnitTest name="First" priority="20" storage="d:\alinq\source\trunk\test\bin\debug\test.dll" id="34d1f1b6-e0ff-ba08-4bbc-50f79f2ee8d3">
      <Css projectStructure="" iteration="" />
      <Owners>
        <Owner name="" />
      </Owners>
      <TestMethod codeBase="D:\ALinq\Source\Trunk\Test\bin\Debug\Test.dll" adapterTypeName="Microsoft.VisualStudio.TestTools.TestTypes.Unit.UnitTestAdapter, Microsoft.VisualStudio.QualityTools.Tips.UnitTest.Adapter, Version=9.0.0.0, Culture=neutral, PublicKeyToken=b03f5f7f11d50a3a" className="Test.FirebirdTest, Test" name="First" />
    </UnitTest>
    <UnitTest name="String_ToUpperInvariant" storage="d:\alinq\source\trunk\test\bin\debug\test.dll" id="c8234979-5049-ad5a-b140-6404c203cf9e">
      <Css projectStructure="" iteration="" />
      <Owners>
        <Owner name="" />
      </Owners>
      <TestMethod codeBase="D:\ALinq\Source\Trunk\Test\bin\Debug\Test.dll" adapterTypeName="Microsoft.VisualStudio.TestTools.TestTypes.Unit.UnitTestAdapter, Microsoft.VisualStudio.QualityTools.Tips.UnitTest.Adapter, Version=9.0.0.0, Culture=neutral, PublicKeyToken=b03f5f7f11d50a3a" className="Test.MySqlTest, Test" name="String_ToUpperInvariant" />
    </UnitTest>
    <UnitTest name="StringToLower" storage="d:\alinq\source\trunk\test\bin\debug\test.dll" id="86bd9f23-cccd-0ab5-1d9f-e9bc59550eb6">
      <Css projectStructure="" iteration="" />
      <Owners>
        <Owner name="" />
      </Owners>
      <TestMethod codeBase="D:\ALinq\Source\Trunk\Test\bin\Debug\Test.dll" adapterTypeName="Microsoft.VisualStudio.TestTools.TestTypes.Unit.UnitTestAdapter, Microsoft.VisualStudio.QualityTools.Tips.UnitTest.Adapter, Version=9.0.0.0, Culture=neutral, PublicKeyToken=b03f5f7f11d50a3a" className="Test.SQL2005Test, Test" name="StringToLower" />
    </UnitTest>
    <UnitTest name="Min_Grouped" storage="d:\alinq\source\trunk\test\bin\debug\test.dll" id="908cef36-817d-34cf-a1ae-f044e6a4518a">
      <Css projectStructure="" iteration="" />
      <Owners>
        <Owner name="" />
      </Owners>
      <TestMethod codeBase="D:\ALinq\Source\Trunk\Test\bin\Debug\Test.dll" adapterTypeName="Microsoft.VisualStudio.TestTools.TestTypes.Unit.UnitTestAdapter, Microsoft.VisualStudio.QualityTools.Tips.UnitTest.Adapter, Version=9.0.0.0, Culture=neutral, PublicKeyToken=b03f5f7f11d50a3a" className="Test.SQLiteTest, Test" name="Min_Grouped" />
    </UnitTest>
    <UnitTest name="Where_Simple1" storage="d:\alinq\source\trunk\test\bin\debug\test.dll" id="03935230-be08-d33e-7279-8cfa2954e871">
      <Css projectStructure="" iteration="" />
      <Owners>
        <Owner name="" />
      </Owners>
      <TestMethod codeBase="D:\ALinq\Source\Trunk\Test\bin\Debug\Test.dll" adapterTypeName="Microsoft.VisualStudio.TestTools.TestTypes.Unit.UnitTestAdapter, Microsoft.VisualStudio.QualityTools.Tips.UnitTest.Adapter, Version=9.0.0.0, Culture=neutral, PublicKeyToken=b03f5f7f11d50a3a" className="Test.OdpOracleTest, Test" name="Where_Simple1" />
    </UnitTest>
    <UnitTest name="Association" storage="d:\alinq\source\trunk\test\bin\debug\test.dll" id="99854217-8fd5-87eb-853c-88ee3a5bc23a">
      <Css projectStructure="" iteration="" />
      <Owners>
        <Owner name="" />
      </Owners>
      <TestMethod codeBase="D:\ALinq\Source\Trunk\Test\bin\Debug\Test.dll" adapterTypeName="Microsoft.VisualStudio.TestTools.TestTypes.Unit.UnitTestAdapter, Microsoft.VisualStudio.QualityTools.Tips.UnitTest.Adapter, Version=9.0.0.0, Culture=neutral, PublicKeyToken=b03f5f7f11d50a3a" className="Test.SQL2000Test, Test" name="Association" />
    </UnitTest>
    <UnitTest name="GroupBy_Year" storage="d:\alinq\source\trunk\test\bin\debug\test.dll" id="5365f977-ef6d-2fd7-b425-8be6ca62eb58">
      <Css projectStructure="" iteration="" />
      <Owners>
        <Owner name="" />
      </Owners>
      <TestMethod codeBase="D:\ALinq\Source\Trunk\Test\bin\Debug\Test.dll" adapterTypeName="Microsoft.VisualStudio.TestTools.TestTypes.Unit.UnitTestAdapter, Microsoft.VisualStudio.QualityTools.Tips.UnitTest.Adapter, Version=9.0.0.0, Culture=neutral, PublicKeyToken=b03f5f7f11d50a3a" className="Test.SQL2000Test, Test" name="GroupBy_Year" />
    </UnitTest>
    <UnitTest name="Contains" storage="d:\alinq\source\trunk\test\bin\debug\test.dll" id="1d5cb13b-0d31-98b2-6d20-690c514fb249">
      <Css projectStructure="" iteration="" />
      <Owners>
        <Owner name="" />
      </Owners>
      <TestMethod codeBase="D:\ALinq\Source\Trunk\Test\bin\Debug\Test.dll" adapterTypeName="Microsoft.VisualStudio.TestTools.TestTypes.Unit.UnitTestAdapter, Microsoft.VisualStudio.QualityTools.Tips.UnitTest.Adapter, Version=9.0.0.0, Culture=neutral, PublicKeyToken=b03f5f7f11d50a3a" className="Test.SQL2005Test, Test" name="Contains" />
    </UnitTest>
    <UnitTest name="Convert_ToSByte" storage="d:\alinq\source\trunk\test\bin\debug\test.dll" id="37a66edf-6b23-b769-c3dc-a1b76f52472c">
      <Css projectStructure="" iteration="" />
      <Owners>
        <Owner name="" />
      </Owners>
      <TestMethod codeBase="D:\ALinq\Source\Trunk\Test\bin\Debug\Test.dll" adapterTypeName="Microsoft.VisualStudio.TestTools.TestTypes.Unit.UnitTestAdapter, Microsoft.VisualStudio.QualityTools.Tips.UnitTest.Adapter, Version=9.0.0.0, Culture=neutral, PublicKeyToken=b03f5f7f11d50a3a" className="Test.AccessTest, Test" name="Convert_ToSByte" />
    </UnitTest>
    <UnitTest name="Union" storage="d:\alinq\source\trunk\test\bin\debug\test.dll" id="67ed7be7-1f83-5834-7dc3-0d1bc2a9a99f">
      <Css projectStructure="" iteration="" />
      <Owners>
        <Owner name="" />
      </Owners>
      <TestMethod codeBase="D:\ALinq\Source\Trunk\Test\bin\Debug\Test.dll" adapterTypeName="Microsoft.VisualStudio.TestTools.TestTypes.Unit.UnitTestAdapter, Microsoft.VisualStudio.QualityTools.Tips.UnitTest.Adapter, Version=9.0.0.0, Culture=neutral, PublicKeyToken=b03f5f7f11d50a3a" className="Test.SqlTest, Test" name="Union" />
    </UnitTest>
    <UnitTest name="Functions" storage="d:\alinq\source\trunk\test\bin\debug\test.dll" id="83d8facb-7585-b7ca-6d7e-1bae904f50f2">
      <Css projectStructure="" iteration="" />
      <Owners>
        <Owner name="" />
      </Owners>
      <TestMethod codeBase="D:\ALinq\Source\Trunk\Test\bin\Debug\Test.dll" adapterTypeName="Microsoft.VisualStudio.TestTools.TestTypes.Unit.UnitTestAdapter, Microsoft.VisualStudio.QualityTools.Tips.UnitTest.Adapter, Version=9.0.0.0, Culture=neutral, PublicKeyToken=b03f5f7f11d50a3a" className="Test.OdpOracleTest, Test" name="Functions" />
    </UnitTest>
    <UnitTest name="Select_SpecialType" storage="d:\alinq\source\trunk\test\bin\debug\test.dll" id="eb885f7c-b512-92d3-9c20-d2a6703f3abf">
      <Css projectStructure="" iteration="" />
      <Owners>
        <Owner name="" />
      </Owners>
      <TestMethod codeBase="D:\ALinq\Source\Trunk\Test\bin\Debug\Test.dll" adapterTypeName="Microsoft.VisualStudio.TestTools.TestTypes.Unit.UnitTestAdapter, Microsoft.VisualStudio.QualityTools.Tips.UnitTest.Adapter, Version=9.0.0.0, Culture=neutral, PublicKeyToken=b03f5f7f11d50a3a" className="Test.SQL2005Test, Test" name="Select_SpecialType" />
    </UnitTest>
    <UnitTest name="GroupBy_Where" storage="d:\alinq\source\trunk\test\bin\debug\test.dll" id="721a360e-ab43-136e-b0f6-808e2320e576">
      <Css projectStructure="" iteration="" />
      <Owners>
        <Owner name="" />
      </Owners>
      <TestMethod codeBase="D:\ALinq\Source\Trunk\Test\bin\Debug\Test.dll" adapterTypeName="Microsoft.VisualStudio.TestTools.TestTypes.Unit.UnitTestAdapter, Microsoft.VisualStudio.QualityTools.Tips.UnitTest.Adapter, Version=9.0.0.0, Culture=neutral, PublicKeyToken=b03f5f7f11d50a3a" className="Test.SQL2005Test, Test" name="GroupBy_Where" />
    </UnitTest>
    <UnitTest name="DateDiffHour" storage="d:\alinq\source\trunk\test\bin\debug\test.dll" id="210efdc4-2718-cccb-c951-718a4c9427f3">
      <Css projectStructure="" iteration="" />
      <Owners>
        <Owner name="" />
      </Owners>
      <TestMethod codeBase="D:\ALinq\Source\Trunk\Test\bin\Debug\Test.dll" adapterTypeName="Microsoft.VisualStudio.TestTools.TestTypes.Unit.UnitTestAdapter, Microsoft.VisualStudio.QualityTools.Tips.UnitTest.Adapter, Version=9.0.0.0, Culture=neutral, PublicKeyToken=b03f5f7f11d50a3a" className="Test.SqlMethodsTest, Test" name="DateDiffHour" />
    </UnitTest>
    <UnitTest name="String_Substring1" storage="d:\alinq\source\trunk\test\bin\debug\test.dll" id="a950da7d-0f78-cb8f-73d4-06e38f258c72">
      <Css projectStructure="" iteration="" />
      <Owners>
        <Owner name="" />
      </Owners>
      <TestMethod codeBase="D:\ALinq\Source\Trunk\Test\bin\Debug\Test.dll" adapterTypeName="Microsoft.VisualStudio.TestTools.TestTypes.Unit.UnitTestAdapter, Microsoft.VisualStudio.QualityTools.Tips.UnitTest.Adapter, Version=9.0.0.0, Culture=neutral, PublicKeyToken=b03f5f7f11d50a3a" className="Test.FirebirdTest, Test" name="String_Substring1" />
    </UnitTest>
    <UnitTest name="String_ToUpperInvariant" storage="d:\alinq\source\trunk\test\bin\debug\test.dll" id="dd6042fa-433a-993d-df27-ae0e9d89bdd2">
      <Css projectStructure="" iteration="" />
      <Owners>
        <Owner name="" />
      </Owners>
      <TestMethod codeBase="D:\ALinq\Source\Trunk\Test\bin\Debug\Test.dll" adapterTypeName="Microsoft.VisualStudio.TestTools.TestTypes.Unit.UnitTestAdapter, Microsoft.VisualStudio.QualityTools.Tips.UnitTest.Adapter, Version=9.0.0.0, Culture=neutral, PublicKeyToken=b03f5f7f11d50a3a" className="Test.PgsqlTest, Test" name="String_ToUpperInvariant" />
    </UnitTest>
    <UnitTest name="Convert_ToSingle" storage="d:\alinq\source\trunk\test\bin\debug\test.dll" id="596ecc35-c64f-a77e-f393-0036d90bd3f7">
      <Css projectStructure="" iteration="" />
      <Owners>
        <Owner name="" />
      </Owners>
      <TestMethod codeBase="D:\ALinq\Source\Trunk\Test\bin\Debug\Test.dll" adapterTypeName="Microsoft.VisualStudio.TestTools.TestTypes.Unit.UnitTestAdapter, Microsoft.VisualStudio.QualityTools.Tips.UnitTest.Adapter, Version=9.0.0.0, Culture=neutral, PublicKeyToken=b03f5f7f11d50a3a" className="Test.AccessTest, Test" name="Convert_ToSingle" />
    </UnitTest>
    <UnitTest name="DateTime_Second" storage="d:\alinq\source\trunk\test\bin\debug\test.dll" id="1365f875-9070-7381-de05-e26f0808dcd8">
      <Css projectStructure="" iteration="" />
      <Owners>
        <Owner name="" />
      </Owners>
      <TestMethod codeBase="D:\ALinq\Source\Trunk\Test\bin\Debug\Test.dll" adapterTypeName="Microsoft.VisualStudio.TestTools.TestTypes.Unit.UnitTestAdapter, Microsoft.VisualStudio.QualityTools.Tips.UnitTest.Adapter, Version=9.0.0.0, Culture=neutral, PublicKeyToken=b03f5f7f11d50a3a" className="Test.FirebirdTest, Test" name="DateTime_Second" />
    </UnitTest>
    <UnitTest name="Sum_Empty" storage="d:\alinq\source\trunk\test\bin\debug\test.dll" id="159dd13c-9203-dab4-0949-1b2f2f4af3d7">
      <Css projectStructure="" iteration="" />
      <Owners>
        <Owner name="" />
      </Owners>
      <TestMethod codeBase="D:\ALinq\Source\Trunk\Test\bin\Debug\Test.dll" adapterTypeName="Microsoft.VisualStudio.TestTools.TestTypes.Unit.UnitTestAdapter, Microsoft.VisualStudio.QualityTools.Tips.UnitTest.Adapter, Version=9.0.0.0, Culture=neutral, PublicKeyToken=b03f5f7f11d50a3a" className="Test.DB2Test, Test" name="Sum_Empty" />
    </UnitTest>
    <UnitTest name="Math_DivRem" storage="d:\alinq\source\trunk\test\bin\debug\test.dll" id="edb38351-102b-bca0-3671-469af9b60e84">
      <Css projectStructure="" iteration="" />
      <Owners>
        <Owner name="" />
      </Owners>
      <TestMethod codeBase="D:\ALinq\Source\Trunk\Test\bin\Debug\Test.dll" adapterTypeName="Microsoft.VisualStudio.TestTools.TestTypes.Unit.UnitTestAdapter, Microsoft.VisualStudio.QualityTools.Tips.UnitTest.Adapter, Version=9.0.0.0, Culture=neutral, PublicKeyToken=b03f5f7f11d50a3a" className="Test.NorOracleTest, Test" name="Math_DivRem" />
    </UnitTest>
    <UnitTest name="String_IndexOf1" storage="d:\alinq\source\trunk\test\bin\debug\test.dll" id="7dec56b2-28f8-fa15-a93f-9f1fda568e2b">
      <Css projectStructure="" iteration="" />
      <Owners>
        <Owner name="" />
      </Owners>
      <TestMethod codeBase="D:\ALinq\Source\Trunk\Test\bin\Debug\Test.dll" adapterTypeName="Microsoft.VisualStudio.TestTools.TestTypes.Unit.UnitTestAdapter, Microsoft.VisualStudio.QualityTools.Tips.UnitTest.Adapter, Version=9.0.0.0, Culture=neutral, PublicKeyToken=b03f5f7f11d50a3a" className="Test.NorOracleTest, Test" name="String_IndexOf1" />
    </UnitTest>
    <UnitTest name="String_IndexOf3" storage="d:\alinq\source\trunk\test\bin\debug\test.dll" id="08b16489-7ee5-32b4-1cd7-7a59d6a74a1c">
      <Css projectStructure="" iteration="" />
      <Owners>
        <Owner name="" />
      </Owners>
      <TestMethod codeBase="D:\ALinq\Source\Trunk\Test\bin\Debug\Test.dll" adapterTypeName="Microsoft.VisualStudio.TestTools.TestTypes.Unit.UnitTestAdapter, Microsoft.VisualStudio.QualityTools.Tips.UnitTest.Adapter, Version=9.0.0.0, Culture=neutral, PublicKeyToken=b03f5f7f11d50a3a" className="Test.SQL2000Test, Test" name="String_IndexOf3" />
    </UnitTest>
    <UnitTest name="Math_Cosh" storage="d:\alinq\source\trunk\test\bin\debug\test.dll" id="d197c513-e2a5-0bc9-c74b-601e384d6633">
      <Css projectStructure="" iteration="" />
      <Owners>
        <Owner name="" />
      </Owners>
      <TestMethod codeBase="D:\ALinq\Source\Trunk\Test\bin\Debug\Test.dll" adapterTypeName="Microsoft.VisualStudio.TestTools.TestTypes.Unit.UnitTestAdapter, Microsoft.VisualStudio.QualityTools.Tips.UnitTest.Adapter, Version=9.0.0.0, Culture=neutral, PublicKeyToken=b03f5f7f11d50a3a" className="Test.SQL2005Test, Test" name="Math_Cosh" />
    </UnitTest>
    <UnitTest name="Test2" storage="d:\alinq\source\trunk\test\bin\debug\test.dll" id="596f47f6-0940-7e8e-2fa3-a893fb1865b7">
      <Css projectStructure="" iteration="" />
      <Owners>
        <Owner name="" />
      </Owners>
      <TestMethod codeBase="D:\ALinq\Source\Trunk\Test\bin\Debug\Test.dll" adapterTypeName="Microsoft.VisualStudio.TestTools.TestTypes.Unit.UnitTestAdapter, Microsoft.VisualStudio.QualityTools.Tips.UnitTest.Adapter, Version=9.0.0.0, Culture=neutral, PublicKeyToken=b03f5f7f11d50a3a" className="Test.SqlTest, Test" name="Test2" />
    </UnitTest>
    <UnitTest name="AutoGuid" storage="d:\alinq\source\trunk\test\bin\debug\test.dll" id="5dc61897-5f53-1452-5020-aee38b0c8958">
      <Css projectStructure="" iteration="" />
      <Owners>
        <Owner name="" />
      </Owners>
      <TestMethod codeBase="D:\ALinq\Source\Trunk\Test\bin\Debug\Test.dll" adapterTypeName="Microsoft.VisualStudio.TestTools.TestTypes.Unit.UnitTestAdapter, Microsoft.VisualStudio.QualityTools.Tips.UnitTest.Adapter, Version=9.0.0.0, Culture=neutral, PublicKeyToken=b03f5f7f11d50a3a" className="Test.SQL2005Test, Test" name="AutoGuid" />
    </UnitTest>
    <UnitTest name="StringRelace" storage="d:\alinq\source\trunk\test\bin\debug\test.dll" id="27301cb1-6d1e-8db2-aa1b-afe51d5ffe45">
      <Css projectStructure="" iteration="" />
      <Owners>
        <Owner name="" />
      </Owners>
      <TestMethod codeBase="D:\ALinq\Source\Trunk\Test\bin\Debug\Test.dll" adapterTypeName="Microsoft.VisualStudio.TestTools.TestTypes.Unit.UnitTestAdapter, Microsoft.VisualStudio.QualityTools.Tips.UnitTest.Adapter, Version=9.0.0.0, Culture=neutral, PublicKeyToken=b03f5f7f11d50a3a" className="Test.PgsqlTest, Test" name="StringRelace" />
    </UnitTest>
    <UnitTest name="String_Substring1" storage="d:\alinq\source\trunk\test\bin\debug\test.dll" id="792edeb2-852e-697c-a3ab-3cb5c39cc1d2">
      <Css projectStructure="" iteration="" />
      <Owners>
        <Owner name="" />
      </Owners>
      <TestMethod codeBase="D:\ALinq\Source\Trunk\Test\bin\Debug\Test.dll" adapterTypeName="Microsoft.VisualStudio.TestTools.TestTypes.Unit.UnitTestAdapter, Microsoft.VisualStudio.QualityTools.Tips.UnitTest.Adapter, Version=9.0.0.0, Culture=neutral, PublicKeyToken=b03f5f7f11d50a3a" className="Test.AccessTest, Test" name="String_Substring1" />
    </UnitTest>
    <UnitTest name="temp" storage="d:\alinq\source\trunk\test\bin\debug\test.dll" id="26156562-09a1-af30-6e06-5eeeb8bd709f">
      <Css projectStructure="" iteration="" />
      <Owners>
        <Owner name="" />
      </Owners>
      <TestMethod codeBase="D:\ALinq\Source\Trunk\Test\bin\Debug\Test.dll" adapterTypeName="Microsoft.VisualStudio.TestTools.TestTypes.Unit.UnitTestAdapter, Microsoft.VisualStudio.QualityTools.Tips.UnitTest.Adapter, Version=9.0.0.0, Culture=neutral, PublicKeyToken=b03f5f7f11d50a3a" className="Test.MySqlTypeProviderTest, Test" name="temp" />
    </UnitTest>
    <UnitTest name="Math_Tan" storage="d:\alinq\source\trunk\test\bin\debug\test.dll" id="a9d42bc6-ffea-1e4f-5fe0-f834b5352fe3">
      <Css projectStructure="" iteration="" />
      <Owners>
        <Owner name="" />
      </Owners>
      <TestMethod codeBase="D:\ALinq\Source\Trunk\Test\bin\Debug\Test.dll" adapterTypeName="Microsoft.VisualStudio.TestTools.TestTypes.Unit.UnitTestAdapter, Microsoft.VisualStudio.QualityTools.Tips.UnitTest.Adapter, Version=9.0.0.0, Culture=neutral, PublicKeyToken=b03f5f7f11d50a3a" className="Test.SqlTest, Test" name="Math_Tan" />
    </UnitTest>
    <UnitTest name="ParseSqlDataType" storage="d:\alinq\source\trunk\test\bin\debug\test.dll" id="17e1581d-432b-0a49-52c3-7aee1d34e312">
      <Css projectStructure="" iteration="" />
      <Owners>
        <Owner name="" />
      </Owners>
      <TestMethod codeBase="D:\ALinq\Source\Trunk\Test\bin\Debug\Test.dll" adapterTypeName="Microsoft.VisualStudio.TestTools.TestTypes.Unit.UnitTestAdapter, Microsoft.VisualStudio.QualityTools.Tips.UnitTest.Adapter, Version=9.0.0.0, Culture=neutral, PublicKeyToken=b03f5f7f11d50a3a" className="Test.DB2DataTypeProviderTest, Test" name="ParseSqlDataType" />
    </UnitTest>
    <UnitTest name="Math_Log10" storage="d:\alinq\source\trunk\test\bin\debug\test.dll" id="ea49ed46-bcf1-2519-615a-d829d6c1c80f">
      <Css projectStructure="" iteration="" />
      <Owners>
        <Owner name="" />
      </Owners>
      <TestMethod codeBase="D:\ALinq\Source\Trunk\Test\bin\Debug\Test.dll" adapterTypeName="Microsoft.VisualStudio.TestTools.TestTypes.Unit.UnitTestAdapter, Microsoft.VisualStudio.QualityTools.Tips.UnitTest.Adapter, Version=9.0.0.0, Culture=neutral, PublicKeyToken=b03f5f7f11d50a3a" className="Test.MySqlTest, Test" name="Math_Log10" />
    </UnitTest>
    <UnitTest name="OrderBy_Simple" storage="d:\alinq\source\trunk\test\bin\debug\test.dll" id="4c9444b3-33fb-97b5-c310-dba31fe06500">
      <Css projectStructure="" iteration="" />
      <Owners>
        <Owner name="" />
      </Owners>
      <TestMethod codeBase="D:\ALinq\Source\Trunk\Test\bin\Debug\Test.dll" adapterTypeName="Microsoft.VisualStudio.TestTools.TestTypes.Unit.UnitTestAdapter, Microsoft.VisualStudio.QualityTools.Tips.UnitTest.Adapter, Version=9.0.0.0, Culture=neutral, PublicKeyToken=b03f5f7f11d50a3a" className="Test.NorOracleTest, Test" name="OrderBy_Simple" />
    </UnitTest>
    <UnitTest name="Update" storage="d:\alinq\source\trunk\test\bin\debug\test.dll" id="48d4cd02-7ea9-886c-2c71-afdedaaf1ba3">
      <Css projectStructure="" iteration="" />
      <Owners>
        <Owner name="" />
      </Owners>
      <TestMethod codeBase="D:\ALinq\Source\Trunk\Test\bin\Debug\Test.dll" adapterTypeName="Microsoft.VisualStudio.TestTools.TestTypes.Unit.UnitTestAdapter, Microsoft.VisualStudio.QualityTools.Tips.UnitTest.Adapter, Version=9.0.0.0, Culture=neutral, PublicKeyToken=b03f5f7f11d50a3a" className="Test.AccessTest, Test" name="Update" />
    </UnitTest>
    <UnitTest name="String_Substring2" storage="d:\alinq\source\trunk\test\bin\debug\test.dll" id="86ec4d1f-0a9b-3803-1c4b-3df03fb2e81f">
      <Css projectStructure="" iteration="" />
      <Owners>
        <Owner name="" />
      </Owners>
      <TestMethod codeBase="D:\ALinq\Source\Trunk\Test\bin\Debug\Test.dll" adapterTypeName="Microsoft.VisualStudio.TestTools.TestTypes.Unit.UnitTestAdapter, Microsoft.VisualStudio.QualityTools.Tips.UnitTest.Adapter, Version=9.0.0.0, Culture=neutral, PublicKeyToken=b03f5f7f11d50a3a" className="Test.OdpOracleTest, Test" name="String_Substring2" />
    </UnitTest>
    <UnitTest name="DateTime_Subtract" storage="d:\alinq\source\trunk\test\bin\debug\test.dll" id="b7ad941b-0167-02ac-412e-c8250280abf5">
      <Css projectStructure="" iteration="" />
      <Owners>
        <Owner name="" />
      </Owners>
      <TestMethod codeBase="D:\ALinq\Source\Trunk\Test\bin\Debug\Test.dll" adapterTypeName="Microsoft.VisualStudio.TestTools.TestTypes.Unit.UnitTestAdapter, Microsoft.VisualStudio.QualityTools.Tips.UnitTest.Adapter, Version=9.0.0.0, Culture=neutral, PublicKeyToken=b03f5f7f11d50a3a" className="Test.DB2Test, Test" name="DateTime_Subtract" />
    </UnitTest>
    <UnitTest name="GroupBy_Day" storage="d:\alinq\source\trunk\test\bin\debug\test.dll" id="6fc9280a-c7e7-e419-d3b3-314a674cf83d">
      <Css projectStructure="" iteration="" />
      <Owners>
        <Owner name="" />
      </Owners>
      <TestMethod codeBase="D:\ALinq\Source\Trunk\Test\bin\Debug\Test.dll" adapterTypeName="Microsoft.VisualStudio.TestTools.TestTypes.Unit.UnitTestAdapter, Microsoft.VisualStudio.QualityTools.Tips.UnitTest.Adapter, Version=9.0.0.0, Culture=neutral, PublicKeyToken=b03f5f7f11d50a3a" className="Test.MySqlTest, Test" name="GroupBy_Day" />
    </UnitTest>
    <UnitTest name="OrderBy_Conditional" storage="d:\alinq\source\trunk\test\bin\debug\test.dll" id="e42b1cfa-38c9-f10d-e908-9fb5a8bed70b">
      <Css projectStructure="" iteration="" />
      <Owners>
        <Owner name="" />
      </Owners>
      <TestMethod codeBase="D:\ALinq\Source\Trunk\Test\bin\Debug\Test.dll" adapterTypeName="Microsoft.VisualStudio.TestTools.TestTypes.Unit.UnitTestAdapter, Microsoft.VisualStudio.QualityTools.Tips.UnitTest.Adapter, Version=9.0.0.0, Culture=neutral, PublicKeyToken=b03f5f7f11d50a3a" className="Test.SQLiteTest, Test" name="OrderBy_Conditional" />
    </UnitTest>
    <UnitTest name="Union" storage="d:\alinq\source\trunk\test\bin\debug\test.dll" id="c0e968d2-5051-add8-095d-09b0345520d9">
      <Css projectStructure="" iteration="" />
      <Owners>
        <Owner name="" />
      </Owners>
      <TestMethod codeBase="D:\ALinq\Source\Trunk\Test\bin\Debug\Test.dll" adapterTypeName="Microsoft.VisualStudio.TestTools.TestTypes.Unit.UnitTestAdapter, Microsoft.VisualStudio.QualityTools.Tips.UnitTest.Adapter, Version=9.0.0.0, Culture=neutral, PublicKeyToken=b03f5f7f11d50a3a" className="Test.SQL2000Test, Test" name="Union" />
    </UnitTest>
    <UnitTest name="DataLoadOptionsTest" storage="d:\alinq\source\trunk\test\bin\debug\test.dll" id="b3063f7e-4754-3b15-5020-cc6657931caf">
      <Css projectStructure="" iteration="" />
      <Owners>
        <Owner name="" />
      </Owners>
      <TestMethod codeBase="D:\ALinq\Source\Trunk\Test\bin\Debug\Test.dll" adapterTypeName="Microsoft.VisualStudio.TestTools.TestTypes.Unit.UnitTestAdapter, Microsoft.VisualStudio.QualityTools.Tips.UnitTest.Adapter, Version=9.0.0.0, Culture=neutral, PublicKeyToken=b03f5f7f11d50a3a" className="Test.AccessTest, Test" name="DataLoadOptionsTest" />
    </UnitTest>
    <UnitTest name="Min_Grouped" storage="d:\alinq\source\trunk\test\bin\debug\test.dll" id="c77677ce-f0a6-8bb7-ea44-34f11dd1f02e">
      <Css projectStructure="" iteration="" />
      <Owners>
        <Owner name="" />
      </Owners>
      <TestMethod codeBase="D:\ALinq\Source\Trunk\Test\bin\Debug\Test.dll" adapterTypeName="Microsoft.VisualStudio.TestTools.TestTypes.Unit.UnitTestAdapter, Microsoft.VisualStudio.QualityTools.Tips.UnitTest.Adapter, Version=9.0.0.0, Culture=neutral, PublicKeyToken=b03f5f7f11d50a3a" className="Test.SQL2005Test, Test" name="Min_Grouped" />
    </UnitTest>
    <UnitTest name="GroupBy_Date" storage="d:\alinq\source\trunk\test\bin\debug\test.dll" id="68094dec-cb55-2371-7c84-46762bfe9696">
      <Css projectStructure="" iteration="" />
      <Owners>
        <Owner name="" />
      </Owners>
      <TestMethod codeBase="D:\ALinq\Source\Trunk\Test\bin\Debug\Test.dll" adapterTypeName="Microsoft.VisualStudio.TestTools.TestTypes.Unit.UnitTestAdapter, Microsoft.VisualStudio.QualityTools.Tips.UnitTest.Adapter, Version=9.0.0.0, Culture=neutral, PublicKeyToken=b03f5f7f11d50a3a" className="Test.SqlTest, Test" name="GroupBy_Date" />
    </UnitTest>
    <UnitTest name="String_Equals3" storage="d:\alinq\source\trunk\test\bin\debug\test.dll" id="544eea65-2acf-07b3-dc3c-d06cb3437d72">
      <Css projectStructure="" iteration="" />
      <Owners>
        <Owner name="" />
      </Owners>
      <TestMethod codeBase="D:\ALinq\Source\Trunk\Test\bin\Debug\Test.dll" adapterTypeName="Microsoft.VisualStudio.TestTools.TestTypes.Unit.UnitTestAdapter, Microsoft.VisualStudio.QualityTools.Tips.UnitTest.Adapter, Version=9.0.0.0, Culture=neutral, PublicKeyToken=b03f5f7f11d50a3a" className="Test.DB2Test, Test" name="String_Equals3" />
    </UnitTest>
    <UnitTest name="AutoGuid" storage="d:\alinq\source\trunk\test\bin\debug\test.dll" id="67a6c211-6ac2-b07a-a514-9e36b939baaf">
      <Css projectStructure="" iteration="" />
      <Owners>
        <Owner name="" />
      </Owners>
      <TestMethod codeBase="D:\ALinq\Source\Trunk\Test\bin\Debug\Test.dll" adapterTypeName="Microsoft.VisualStudio.TestTools.TestTypes.Unit.UnitTestAdapter, Microsoft.VisualStudio.QualityTools.Tips.UnitTest.Adapter, Version=9.0.0.0, Culture=neutral, PublicKeyToken=b03f5f7f11d50a3a" className="Test.AccessTest, Test" name="AutoGuid" />
    </UnitTest>
    <UnitTest name="String_IndexOf2" storage="d:\alinq\source\trunk\test\bin\debug\test.dll" id="9610eb1e-1843-5029-b98a-7f8a0f3db054">
      <Css projectStructure="" iteration="" />
      <Owners>
        <Owner name="" />
      </Owners>
      <TestMethod codeBase="D:\ALinq\Source\Trunk\Test\bin\Debug\Test.dll" adapterTypeName="Microsoft.VisualStudio.TestTools.TestTypes.Unit.UnitTestAdapter, Microsoft.VisualStudio.QualityTools.Tips.UnitTest.Adapter, Version=9.0.0.0, Culture=neutral, PublicKeyToken=b03f5f7f11d50a3a" className="Test.OdpOracleTest, Test" name="String_IndexOf2" />
    </UnitTest>
    <UnitTest name="Skip_Nested" storage="d:\alinq\source\trunk\test\bin\debug\test.dll" id="019d9897-914e-ab01-ee96-61bb049f0873">
      <Css projectStructure="" iteration="" />
      <Owners>
        <Owner name="" />
      </Owners>
      <TestMethod codeBase="D:\ALinq\Source\Trunk\Test\bin\Debug\Test.dll" adapterTypeName="Microsoft.VisualStudio.TestTools.TestTypes.Unit.UnitTestAdapter, Microsoft.VisualStudio.QualityTools.Tips.UnitTest.Adapter, Version=9.0.0.0, Culture=neutral, PublicKeyToken=b03f5f7f11d50a3a" className="Test.SQL2000Test, Test" name="Skip_Nested" />
    </UnitTest>
    <UnitTest name="GroupBy_Where" storage="d:\alinq\source\trunk\test\bin\debug\test.dll" id="f54abcf1-cb55-07be-99e2-991e18d0a13f">
      <Css projectStructure="" iteration="" />
      <Owners>
        <Owner name="" />
      </Owners>
      <TestMethod codeBase="D:\ALinq\Source\Trunk\Test\bin\Debug\Test.dll" adapterTypeName="Microsoft.VisualStudio.TestTools.TestTypes.Unit.UnitTestAdapter, Microsoft.VisualStudio.QualityTools.Tips.UnitTest.Adapter, Version=9.0.0.0, Culture=neutral, PublicKeyToken=b03f5f7f11d50a3a" className="Test.FirebirdTest, Test" name="GroupBy_Where" />
    </UnitTest>
    <UnitTest name="Min_Projection" storage="d:\alinq\source\trunk\test\bin\debug\test.dll" id="6c39a8dd-16fc-c984-0cb9-5719561ea53d">
      <Css projectStructure="" iteration="" />
      <Owners>
        <Owner name="" />
      </Owners>
      <TestMethod codeBase="D:\ALinq\Source\Trunk\Test\bin\Debug\Test.dll" adapterTypeName="Microsoft.VisualStudio.TestTools.TestTypes.Unit.UnitTestAdapter, Microsoft.VisualStudio.QualityTools.Tips.UnitTest.Adapter, Version=9.0.0.0, Culture=neutral, PublicKeyToken=b03f5f7f11d50a3a" className="Test.MySqlTest, Test" name="Min_Projection" />
    </UnitTest>
    <UnitTest name="Take_Simple" storage="d:\alinq\source\trunk\test\bin\debug\test.dll" id="45b92ce6-3ff0-3996-f07b-043e235f5396">
      <Css projectStructure="" iteration="" />
      <Owners>
        <Owner name="" />
      </Owners>
      <TestMethod codeBase="D:\ALinq\Source\Trunk\Test\bin\Debug\Test.dll" adapterTypeName="Microsoft.VisualStudio.TestTools.TestTypes.Unit.UnitTestAdapter, Microsoft.VisualStudio.QualityTools.Tips.UnitTest.Adapter, Version=9.0.0.0, Culture=neutral, PublicKeyToken=b03f5f7f11d50a3a" className="Test.OdpOracleTest, Test" name="Take_Simple" />
    </UnitTest>
    <UnitTest name="DateDiffMonth" storage="d:\alinq\source\trunk\test\bin\debug\test.dll" id="fb478761-8a16-b987-0dfd-e90acb5204fe">
      <Css projectStructure="" iteration="" />
      <Owners>
        <Owner name="" />
      </Owners>
      <TestMethod codeBase="D:\ALinq\Source\Trunk\Test\bin\Debug\Test.dll" adapterTypeName="Microsoft.VisualStudio.TestTools.TestTypes.Unit.UnitTestAdapter, Microsoft.VisualStudio.QualityTools.Tips.UnitTest.Adapter, Version=9.0.0.0, Culture=neutral, PublicKeyToken=b03f5f7f11d50a3a" className="Test.AccessSqlMethods, Test" name="DateDiffMonth" />
    </UnitTest>
    <UnitTest name="DateTime_Year" storage="d:\alinq\source\trunk\test\bin\debug\test.dll" id="b62d5c52-218b-67db-3afd-0cd719567fdb">
      <Css projectStructure="" iteration="" />
      <Owners>
        <Owner name="" />
      </Owners>
      <TestMethod codeBase="D:\ALinq\Source\Trunk\Test\bin\Debug\Test.dll" adapterTypeName="Microsoft.VisualStudio.TestTools.TestTypes.Unit.UnitTestAdapter, Microsoft.VisualStudio.QualityTools.Tips.UnitTest.Adapter, Version=9.0.0.0, Culture=neutral, PublicKeyToken=b03f5f7f11d50a3a" className="Test.AccessTest, Test" name="DateTime_Year" />
    </UnitTest>
    <UnitTest name="String_Trim1" storage="d:\alinq\source\trunk\test\bin\debug\test.dll" id="fe7efac6-7a8b-dd2a-c09c-57b233c8ab31">
      <Css projectStructure="" iteration="" />
      <Owners>
        <Owner name="" />
      </Owners>
      <TestMethod codeBase="D:\ALinq\Source\Trunk\Test\bin\Debug\Test.dll" adapterTypeName="Microsoft.VisualStudio.TestTools.TestTypes.Unit.UnitTestAdapter, Microsoft.VisualStudio.QualityTools.Tips.UnitTest.Adapter, Version=9.0.0.0, Culture=neutral, PublicKeyToken=b03f5f7f11d50a3a" className="Test.FirebirdTest, Test" name="String_Trim1" />
    </UnitTest>
    <UnitTest name="ComposeKey" storage="d:\alinq\source\trunk\test\bin\debug\test.dll" id="7d39e7a4-3cad-fe84-d727-abcdc8269c58">
      <Css projectStructure="" iteration="" />
      <Owners>
        <Owner name="" />
      </Owners>
      <TestMethod codeBase="D:\ALinq\Source\Trunk\Test\bin\Debug\Test.dll" adapterTypeName="Microsoft.VisualStudio.TestTools.TestTypes.Unit.UnitTestAdapter, Microsoft.VisualStudio.QualityTools.Tips.UnitTest.Adapter, Version=9.0.0.0, Culture=neutral, PublicKeyToken=b03f5f7f11d50a3a" className="Test.PgsqlTest, Test" name="ComposeKey" />
    </UnitTest>
    <UnitTest name="StringRelace" storage="d:\alinq\source\trunk\test\bin\debug\test.dll" id="e4b7446d-4e5d-23b4-e11f-2454a3b89993">
      <Css projectStructure="" iteration="" />
      <Owners>
        <Owner name="" />
      </Owners>
      <TestMethod codeBase="D:\ALinq\Source\Trunk\Test\bin\Debug\Test.dll" adapterTypeName="Microsoft.VisualStudio.TestTools.TestTypes.Unit.UnitTestAdapter, Microsoft.VisualStudio.QualityTools.Tips.UnitTest.Adapter, Version=9.0.0.0, Culture=neutral, PublicKeyToken=b03f5f7f11d50a3a" className="Test.SQL2000Test, Test" name="StringRelace" />
    </UnitTest>
    <UnitTest name="DateTimeGE" storage="d:\alinq\source\trunk\test\bin\debug\test.dll" id="1b7b7a78-9099-9ded-8014-39218b7c9bff">
      <Css projectStructure="" iteration="" />
      <Owners>
        <Owner name="" />
      </Owners>
      <TestMethod codeBase="D:\ALinq\Source\Trunk\Test\bin\Debug\Test.dll" adapterTypeName="Microsoft.VisualStudio.TestTools.TestTypes.Unit.UnitTestAdapter, Microsoft.VisualStudio.QualityTools.Tips.UnitTest.Adapter, Version=9.0.0.0, Culture=neutral, PublicKeyToken=b03f5f7f11d50a3a" className="Test.DB2Test, Test" name="DateTimeGE" />
    </UnitTest>
    <UnitTest name="GroupBy_Sum" storage="d:\alinq\source\trunk\test\bin\debug\test.dll" id="2c231f66-88ec-0b15-bbff-514c30ee89d4">
      <Css projectStructure="" iteration="" />
      <Owners>
        <Owner name="" />
      </Owners>
      <TestMethod codeBase="D:\ALinq\Source\Trunk\Test\bin\Debug\Test.dll" adapterTypeName="Microsoft.VisualStudio.TestTools.TestTypes.Unit.UnitTestAdapter, Microsoft.VisualStudio.QualityTools.Tips.UnitTest.Adapter, Version=9.0.0.0, Culture=neutral, PublicKeyToken=b03f5f7f11d50a3a" className="Test.OdpOracleTest, Test" name="GroupBy_Sum" />
    </UnitTest>
    <UnitTest name="Math_Abs" storage="d:\alinq\source\trunk\test\bin\debug\test.dll" id="05cc498c-6539-39b3-f8fe-7bafa5ad6d27">
      <Css projectStructure="" iteration="" />
      <Owners>
        <Owner name="" />
      </Owners>
      <TestMethod codeBase="D:\ALinq\Source\Trunk\Test\bin\Debug\Test.dll" adapterTypeName="Microsoft.VisualStudio.TestTools.TestTypes.Unit.UnitTestAdapter, Microsoft.VisualStudio.QualityTools.Tips.UnitTest.Adapter, Version=9.0.0.0, Culture=neutral, PublicKeyToken=b03f5f7f11d50a3a" className="Test.NorOracleTest, Test" name="Math_Abs" />
    </UnitTest>
    <UnitTest name="DateTime_DayOfWeek" storage="d:\alinq\source\trunk\test\bin\debug\test.dll" id="8a79e397-0841-b7b2-a2aa-923e45dba4a4">
      <Css projectStructure="" iteration="" />
      <Owners>
        <Owner name="" />
      </Owners>
      <TestMethod codeBase="D:\ALinq\Source\Trunk\Test\bin\Debug\Test.dll" adapterTypeName="Microsoft.VisualStudio.TestTools.TestTypes.Unit.UnitTestAdapter, Microsoft.VisualStudio.QualityTools.Tips.UnitTest.Adapter, Version=9.0.0.0, Culture=neutral, PublicKeyToken=b03f5f7f11d50a3a" className="Test.FirebirdTest, Test" name="DateTime_DayOfWeek" />
    </UnitTest>
    <UnitTest name="Skip_Take" storage="d:\alinq\source\trunk\test\bin\debug\test.dll" id="e74b2f0e-91d8-f83e-3f97-99551e4a709b">
      <Css projectStructure="" iteration="" />
      <Owners>
        <Owner name="" />
      </Owners>
      <TestMethod codeBase="D:\ALinq\Source\Trunk\Test\bin\Debug\Test.dll" adapterTypeName="Microsoft.VisualStudio.TestTools.TestTypes.Unit.UnitTestAdapter, Microsoft.VisualStudio.QualityTools.Tips.UnitTest.Adapter, Version=9.0.0.0, Culture=neutral, PublicKeyToken=b03f5f7f11d50a3a" className="Test.OdpOracleTest, Test" name="Skip_Take" />
    </UnitTest>
    <UnitTest name="Select_AnonymousType" storage="d:\alinq\source\trunk\test\bin\debug\test.dll" id="c0a1a261-ef27-59a6-77dc-ede61cc0c104">
      <Css projectStructure="" iteration="" />
      <Owners>
        <Owner name="" />
      </Owners>
      <TestMethod codeBase="D:\ALinq\Source\Trunk\Test\bin\Debug\Test.dll" adapterTypeName="Microsoft.VisualStudio.TestTools.TestTypes.Unit.UnitTestAdapter, Microsoft.VisualStudio.QualityTools.Tips.UnitTest.Adapter, Version=9.0.0.0, Culture=neutral, PublicKeyToken=b03f5f7f11d50a3a" className="Test.OdpOracleTest, Test" name="Select_AnonymousType" />
    </UnitTest>
    <UnitTest name="String_Insert" storage="d:\alinq\source\trunk\test\bin\debug\test.dll" id="139bf06c-099a-77e7-3510-69fcb291d876">
      <Css projectStructure="" iteration="" />
      <Owners>
        <Owner name="" />
      </Owners>
      <TestMethod codeBase="D:\ALinq\Source\Trunk\Test\bin\Debug\Test.dll" adapterTypeName="Microsoft.VisualStudio.TestTools.TestTypes.Unit.UnitTestAdapter, Microsoft.VisualStudio.QualityTools.Tips.UnitTest.Adapter, Version=9.0.0.0, Culture=neutral, PublicKeyToken=b03f5f7f11d50a3a" className="Test.DB2Test, Test" name="String_Insert" />
    </UnitTest>
    <UnitTest name="DateTime_ToLoaclTime" storage="d:\alinq\source\trunk\test\bin\debug\test.dll" id="d119b0aa-8439-5222-e07f-b2bff685bae9">
      <Css projectStructure="" iteration="" />
      <Owners>
        <Owner name="" />
      </Owners>
      <TestMethod codeBase="D:\ALinq\Source\Trunk\Test\bin\Debug\Test.dll" adapterTypeName="Microsoft.VisualStudio.TestTools.TestTypes.Unit.UnitTestAdapter, Microsoft.VisualStudio.QualityTools.Tips.UnitTest.Adapter, Version=9.0.0.0, Culture=neutral, PublicKeyToken=b03f5f7f11d50a3a" className="Test.DB2Test, Test" name="DateTime_ToLoaclTime" />
    </UnitTest>
    <UnitTest name="First" priority="20" storage="d:\alinq\source\trunk\test\bin\debug\test.dll" id="f312755c-0ac6-5ae5-da43-bcc9575efd8c">
      <Css projectStructure="" iteration="" />
      <Owners>
        <Owner name="" />
      </Owners>
      <TestMethod codeBase="D:\ALinq\Source\Trunk\Test\bin\Debug\Test.dll" adapterTypeName="Microsoft.VisualStudio.TestTools.TestTypes.Unit.UnitTestAdapter, Microsoft.VisualStudio.QualityTools.Tips.UnitTest.Adapter, Version=9.0.0.0, Culture=neutral, PublicKeyToken=b03f5f7f11d50a3a" className="Test.NorOracleTest, Test" name="First" />
    </UnitTest>
    <UnitTest name="String_IndexOf1" storage="d:\alinq\source\trunk\test\bin\debug\test.dll" id="29d83646-f34a-d13a-1963-88e6c6c881c4">
      <Css projectStructure="" iteration="" />
      <Owners>
        <Owner name="" />
      </Owners>
      <TestMethod codeBase="D:\ALinq\Source\Trunk\Test\bin\Debug\Test.dll" adapterTypeName="Microsoft.VisualStudio.TestTools.TestTypes.Unit.UnitTestAdapter, Microsoft.VisualStudio.QualityTools.Tips.UnitTest.Adapter, Version=9.0.0.0, Culture=neutral, PublicKeyToken=b03f5f7f11d50a3a" className="Test.SQL2005Test, Test" name="String_IndexOf1" />
    </UnitTest>
    <UnitTest name="Take_Simple" storage="d:\alinq\source\trunk\test\bin\debug\test.dll" id="b5e71f96-0f63-61fd-98e2-151aec3fbbf1">
      <Css projectStructure="" iteration="" />
      <Owners>
        <Owner name="" />
      </Owners>
      <TestMethod codeBase="D:\ALinq\Source\Trunk\Test\bin\Debug\Test.dll" adapterTypeName="Microsoft.VisualStudio.TestTools.TestTypes.Unit.UnitTestAdapter, Microsoft.VisualStudio.QualityTools.Tips.UnitTest.Adapter, Version=9.0.0.0, Culture=neutral, PublicKeyToken=b03f5f7f11d50a3a" className="Test.AccessTest, Test" name="Take_Simple" />
    </UnitTest>
    <UnitTest name="Contains" storage="d:\alinq\source\trunk\test\bin\debug\test.dll" id="098d6970-908c-2969-3f8a-8d4a876e9847">
      <Css projectStructure="" iteration="" />
      <Owners>
        <Owner name="" />
      </Owners>
      <TestMethod codeBase="D:\ALinq\Source\Trunk\Test\bin\Debug\Test.dll" adapterTypeName="Microsoft.VisualStudio.TestTools.TestTypes.Unit.UnitTestAdapter, Microsoft.VisualStudio.QualityTools.Tips.UnitTest.Adapter, Version=9.0.0.0, Culture=neutral, PublicKeyToken=b03f5f7f11d50a3a" className="Test.FirebirdTest, Test" name="Contains" />
    </UnitTest>
    <UnitTest name="String_TrimStart" storage="d:\alinq\source\trunk\test\bin\debug\test.dll" id="9bfcf69d-607a-99d8-2ea0-a420aecf279a">
      <Css projectStructure="" iteration="" />
      <Owners>
        <Owner name="" />
      </Owners>
      <TestMethod codeBase="D:\ALinq\Source\Trunk\Test\bin\Debug\Test.dll" adapterTypeName="Microsoft.VisualStudio.TestTools.TestTypes.Unit.UnitTestAdapter, Microsoft.VisualStudio.QualityTools.Tips.UnitTest.Adapter, Version=9.0.0.0, Culture=neutral, PublicKeyToken=b03f5f7f11d50a3a" className="Test.DB2Test, Test" name="String_TrimStart" />
    </UnitTest>
    <UnitTest name="Count_Simple" storage="d:\alinq\source\trunk\test\bin\debug\test.dll" id="8f0d2539-238c-2389-844c-9d4bd7c53d8d">
      <Css projectStructure="" iteration="" />
      <Owners>
        <Owner name="" />
      </Owners>
      <TestMethod codeBase="D:\ALinq\Source\Trunk\Test\bin\Debug\Test.dll" adapterTypeName="Microsoft.VisualStudio.TestTools.TestTypes.Unit.UnitTestAdapter, Microsoft.VisualStudio.QualityTools.Tips.UnitTest.Adapter, Version=9.0.0.0, Culture=neutral, PublicKeyToken=b03f5f7f11d50a3a" className="Test.SQL2005Test, Test" name="Count_Simple" />
    </UnitTest>
    <UnitTest name="Convert_ToSByte" storage="d:\alinq\source\trunk\test\bin\debug\test.dll" id="3597cb40-32eb-637e-6510-743ceb99ca42">
      <Css projectStructure="" iteration="" />
      <Owners>
        <Owner name="" />
      </Owners>
      <TestMethod codeBase="D:\ALinq\Source\Trunk\Test\bin\Debug\Test.dll" adapterTypeName="Microsoft.VisualStudio.TestTools.TestTypes.Unit.UnitTestAdapter, Microsoft.VisualStudio.QualityTools.Tips.UnitTest.Adapter, Version=9.0.0.0, Culture=neutral, PublicKeyToken=b03f5f7f11d50a3a" className="Test.OdpOracleTest, Test" name="Convert_ToSByte" />
    </UnitTest>
    <UnitTest name="String_TrimStart" storage="d:\alinq\source\trunk\test\bin\debug\test.dll" id="d300838f-94ed-860f-7524-a2fd78b14378">
      <Css projectStructure="" iteration="" />
      <Owners>
        <Owner name="" />
      </Owners>
      <TestMethod codeBase="D:\ALinq\Source\Trunk\Test\bin\Debug\Test.dll" adapterTypeName="Microsoft.VisualStudio.TestTools.TestTypes.Unit.UnitTestAdapter, Microsoft.VisualStudio.QualityTools.Tips.UnitTest.Adapter, Version=9.0.0.0, Culture=neutral, PublicKeyToken=b03f5f7f11d50a3a" className="Test.SQL2005Test, Test" name="String_TrimStart" />
    </UnitTest>
    <UnitTest name="GroupByCount" storage="d:\alinq\source\trunk\test\bin\debug\test.dll" id="8355127c-8700-b028-7e11-b2ff278f8282">
      <Css projectStructure="" iteration="" />
      <Owners>
        <Owner name="" />
      </Owners>
      <TestMethod codeBase="D:\ALinq\Source\Trunk\Test\bin\Debug\Test.dll" adapterTypeName="Microsoft.VisualStudio.TestTools.TestTypes.Unit.UnitTestAdapter, Microsoft.VisualStudio.QualityTools.Tips.UnitTest.Adapter, Version=9.0.0.0, Culture=neutral, PublicKeyToken=b03f5f7f11d50a3a" className="Test.SQL2005Test, Test" name="GroupByCount" />
    </UnitTest>
    <UnitTest name="Insert_OneToMany" storage="d:\alinq\source\trunk\test\bin\debug\test.dll" id="dcab420c-bab4-7638-4fce-acab7bc6fdb7">
      <Css projectStructure="" iteration="" />
      <Owners>
        <Owner name="" />
      </Owners>
      <TestMethod codeBase="D:\ALinq\Source\Trunk\Test\bin\Debug\Test.dll" adapterTypeName="Microsoft.VisualStudio.TestTools.TestTypes.Unit.UnitTestAdapter, Microsoft.VisualStudio.QualityTools.Tips.UnitTest.Adapter, Version=9.0.0.0, Culture=neutral, PublicKeyToken=b03f5f7f11d50a3a" className="Test.SQL2000Test, Test" name="Insert_OneToMany" />
    </UnitTest>
    <UnitTest name="SqlMethod_Remote" storage="d:\alinq\source\trunk\test\bin\debug\test.dll" id="d3dc19e6-db0b-5237-e4b8-ac6b873a8a8c">
      <Css projectStructure="" iteration="" />
      <Owners>
        <Owner name="" />
      </Owners>
      <TestMethod codeBase="D:\ALinq\Source\Trunk\Test\bin\Debug\Test.dll" adapterTypeName="Microsoft.VisualStudio.TestTools.TestTypes.Unit.UnitTestAdapter, Microsoft.VisualStudio.QualityTools.Tips.UnitTest.Adapter, Version=9.0.0.0, Culture=neutral, PublicKeyToken=b03f5f7f11d50a3a" className="Test.OdpOracleTest, Test" name="SqlMethod_Remote" />
    </UnitTest>
    <UnitTest name="Where_Simple2" storage="d:\alinq\source\trunk\test\bin\debug\test.dll" id="aa31aca2-43b5-13b3-712f-14c22aff46a4">
      <Css projectStructure="" iteration="" />
      <Owners>
        <Owner name="" />
      </Owners>
      <TestMethod codeBase="D:\ALinq\Source\Trunk\Test\bin\Debug\Test.dll" adapterTypeName="Microsoft.VisualStudio.TestTools.TestTypes.Unit.UnitTestAdapter, Microsoft.VisualStudio.QualityTools.Tips.UnitTest.Adapter, Version=9.0.0.0, Culture=neutral, PublicKeyToken=b03f5f7f11d50a3a" className="Test.MySqlTest, Test" name="Where_Simple2" />
    </UnitTest>
    <UnitTest name="AutoGuid" storage="d:\alinq\source\trunk\test\bin\debug\test.dll" id="c07ffdb6-93f1-776a-169f-d6ea23a0f371">
      <Css projectStructure="" iteration="" />
      <Owners>
        <Owner name="" />
      </Owners>
      <TestMethod codeBase="D:\ALinq\Source\Trunk\Test\bin\Debug\Test.dll" adapterTypeName="Microsoft.VisualStudio.TestTools.TestTypes.Unit.UnitTestAdapter, Microsoft.VisualStudio.QualityTools.Tips.UnitTest.Adapter, Version=9.0.0.0, Culture=neutral, PublicKeyToken=b03f5f7f11d50a3a" className="Test.DB2Test, Test" name="AutoGuid" />
    </UnitTest>
    <UnitTest name="String_IndexOf2" storage="d:\alinq\source\trunk\test\bin\debug\test.dll" id="9b3d512c-d1cf-17fd-9f65-2da26bad3be2">
      <Css projectStructure="" iteration="" />
      <Owners>
        <Owner name="" />
      </Owners>
      <TestMethod codeBase="D:\ALinq\Source\Trunk\Test\bin\Debug\Test.dll" adapterTypeName="Microsoft.VisualStudio.TestTools.TestTypes.Unit.UnitTestAdapter, Microsoft.VisualStudio.QualityTools.Tips.UnitTest.Adapter, Version=9.0.0.0, Culture=neutral, PublicKeyToken=b03f5f7f11d50a3a" className="Test.DB2Test, Test" name="String_IndexOf2" />
    </UnitTest>
    <UnitTest name="DateTime_Add" storage="d:\alinq\source\trunk\test\bin\debug\test.dll" id="b656f605-b739-46bb-798b-8b9c557c2ff0">
      <Css projectStructure="" iteration="" />
      <Owners>
        <Owner name="" />
      </Owners>
      <TestMethod codeBase="D:\ALinq\Source\Trunk\Test\bin\Debug\Test.dll" adapterTypeName="Microsoft.VisualStudio.TestTools.TestTypes.Unit.UnitTestAdapter, Microsoft.VisualStudio.QualityTools.Tips.UnitTest.Adapter, Version=9.0.0.0, Culture=neutral, PublicKeyToken=b03f5f7f11d50a3a" className="Test.MySqlTest, Test" name="DateTime_Add" />
    </UnitTest>
    <UnitTest name="Skip_Take" storage="d:\alinq\source\trunk\test\bin\debug\test.dll" id="ceb898ea-03b0-7c3b-8e4c-93c03f2d38c5">
      <Css projectStructure="" iteration="" />
      <Owners>
        <Owner name="" />
      </Owners>
      <TestMethod codeBase="D:\ALinq\Source\Trunk\Test\bin\Debug\Test.dll" adapterTypeName="Microsoft.VisualStudio.TestTools.TestTypes.Unit.UnitTestAdapter, Microsoft.VisualStudio.QualityTools.Tips.UnitTest.Adapter, Version=9.0.0.0, Culture=neutral, PublicKeyToken=b03f5f7f11d50a3a" className="Test.FirebirdTest, Test" name="Skip_Take" />
    </UnitTest>
    <UnitTest name="DateTimeLT" storage="d:\alinq\source\trunk\test\bin\debug\test.dll" id="211fa4f5-a729-b182-5a37-8f1fad604aa2">
      <Css projectStructure="" iteration="" />
      <Owners>
        <Owner name="" />
      </Owners>
      <TestMethod codeBase="D:\ALinq\Source\Trunk\Test\bin\Debug\Test.dll" adapterTypeName="Microsoft.VisualStudio.TestTools.TestTypes.Unit.UnitTestAdapter, Microsoft.VisualStudio.QualityTools.Tips.UnitTest.Adapter, Version=9.0.0.0, Culture=neutral, PublicKeyToken=b03f5f7f11d50a3a" className="Test.FirebirdTest, Test" name="DateTimeLT" />
    </UnitTest>
    <UnitTest name="GroupBy_Min" storage="d:\alinq\source\trunk\test\bin\debug\test.dll" id="4e42a741-7ccd-2a7a-fddb-e78b1e9d51f7">
      <Css projectStructure="" iteration="" />
      <Owners>
        <Owner name="" />
      </Owners>
      <TestMethod codeBase="D:\ALinq\Source\Trunk\Test\bin\Debug\Test.dll" adapterTypeName="Microsoft.VisualStudio.TestTools.TestTypes.Unit.UnitTestAdapter, Microsoft.VisualStudio.QualityTools.Tips.UnitTest.Adapter, Version=9.0.0.0, Culture=neutral, PublicKeyToken=b03f5f7f11d50a3a" className="Test.PgsqlTest, Test" name="GroupBy_Min" />
    </UnitTest>
    <UnitTest name="Where_Simple2" storage="d:\alinq\source\trunk\test\bin\debug\test.dll" id="f7466e21-4b4a-0b77-68ae-a315a5b85e4c">
      <Css projectStructure="" iteration="" />
      <Owners>
        <Owner name="" />
      </Owners>
      <TestMethod codeBase="D:\ALinq\Source\Trunk\Test\bin\Debug\Test.dll" adapterTypeName="Microsoft.VisualStudio.TestTools.TestTypes.Unit.UnitTestAdapter, Microsoft.VisualStudio.QualityTools.Tips.UnitTest.Adapter, Version=9.0.0.0, Culture=neutral, PublicKeyToken=b03f5f7f11d50a3a" className="Test.SQLiteTest, Test" name="Where_Simple2" />
    </UnitTest>
    <UnitTest name="Join_OnToMany" storage="d:\alinq\source\trunk\test\bin\debug\test.dll" id="61d5c1b4-fbaa-ae3f-0eb7-3722609f0fa6">
      <Css projectStructure="" iteration="" />
      <Owners>
        <Owner name="" />
      </Owners>
      <TestMethod codeBase="D:\ALinq\Source\Trunk\Test\bin\Debug\Test.dll" adapterTypeName="Microsoft.VisualStudio.TestTools.TestTypes.Unit.UnitTestAdapter, Microsoft.VisualStudio.QualityTools.Tips.UnitTest.Adapter, Version=9.0.0.0, Culture=neutral, PublicKeyToken=b03f5f7f11d50a3a" className="Test.PgsqlTest, Test" name="Join_OnToMany" />
    </UnitTest>
    <UnitTest name="StringRemove" storage="d:\alinq\source\trunk\test\bin\debug\test.dll" id="688f93b9-2444-73d8-5087-5274640444b9">
      <Css projectStructure="" iteration="" />
      <Owners>
        <Owner name="" />
      </Owners>
      <TestMethod codeBase="D:\ALinq\Source\Trunk\Test\bin\Debug\Test.dll" adapterTypeName="Microsoft.VisualStudio.TestTools.TestTypes.Unit.UnitTestAdapter, Microsoft.VisualStudio.QualityTools.Tips.UnitTest.Adapter, Version=9.0.0.0, Culture=neutral, PublicKeyToken=b03f5f7f11d50a3a" className="Test.PgsqlTest, Test" name="StringRemove" />
    </UnitTest>
    <UnitTest name="Take_Nested" storage="d:\alinq\source\trunk\test\bin\debug\test.dll" id="d3ab7726-9a4f-7754-b6cb-57648973328a">
      <Css projectStructure="" iteration="" />
      <Owners>
        <Owner name="" />
      </Owners>
      <TestMethod codeBase="D:\ALinq\Source\Trunk\Test\bin\Debug\Test.dll" adapterTypeName="Microsoft.VisualStudio.TestTools.TestTypes.Unit.UnitTestAdapter, Microsoft.VisualStudio.QualityTools.Tips.UnitTest.Adapter, Version=9.0.0.0, Culture=neutral, PublicKeyToken=b03f5f7f11d50a3a" className="Test.SQL2000Test, Test" name="Take_Nested" />
    </UnitTest>
    <UnitTest name="String_IndexOf3" storage="d:\alinq\source\trunk\test\bin\debug\test.dll" id="41bebae6-48fe-d1fe-949e-edee214e538f">
      <Css projectStructure="" iteration="" />
      <Owners>
        <Owner name="" />
      </Owners>
      <TestMethod codeBase="D:\ALinq\Source\Trunk\Test\bin\Debug\Test.dll" adapterTypeName="Microsoft.VisualStudio.TestTools.TestTypes.Unit.UnitTestAdapter, Microsoft.VisualStudio.QualityTools.Tips.UnitTest.Adapter, Version=9.0.0.0, Culture=neutral, PublicKeyToken=b03f5f7f11d50a3a" className="Test.NorOracleTest, Test" name="String_IndexOf3" />
    </UnitTest>
    <UnitTest name="Math_Atan" storage="d:\alinq\source\trunk\test\bin\debug\test.dll" id="9c958c50-3899-c320-11ce-00b9c32b0da7">
      <Css projectStructure="" iteration="" />
      <Owners>
        <Owner name="" />
      </Owners>
      <TestMethod codeBase="D:\ALinq\Source\Trunk\Test\bin\Debug\Test.dll" adapterTypeName="Microsoft.VisualStudio.TestTools.TestTypes.Unit.UnitTestAdapter, Microsoft.VisualStudio.QualityTools.Tips.UnitTest.Adapter, Version=9.0.0.0, Culture=neutral, PublicKeyToken=b03f5f7f11d50a3a" className="Test.SQLiteTest, Test" name="Math_Atan" />
    </UnitTest>
    <UnitTest name="DeleteTable" storage="d:\alinq\source\trunk\test\bin\debug\test.dll" id="4bcd92c0-2e46-e032-60b8-f40317a22849">
      <Css projectStructure="" iteration="" />
      <Owners>
        <Owner name="" />
      </Owners>
      <TestMethod codeBase="D:\ALinq\Source\Trunk\Test\bin\Debug\Test.dll" adapterTypeName="Microsoft.VisualStudio.TestTools.TestTypes.Unit.UnitTestAdapter, Microsoft.VisualStudio.QualityTools.Tips.UnitTest.Adapter, Version=9.0.0.0, Culture=neutral, PublicKeyToken=b03f5f7f11d50a3a" className="Test.SQL2000Test, Test" name="DeleteTable" />
    </UnitTest>
    <UnitTest name="CollectionConvert" storage="d:\alinq\source\trunk\test\bin\debug\test.dll" id="1242df54-89c6-f03a-3484-00c1b2bce307">
      <Css projectStructure="" iteration="" />
      <Owners>
        <Owner name="" />
      </Owners>
      <TestMethod codeBase="D:\ALinq\Source\Trunk\Test\bin\Debug\Test.dll" adapterTypeName="Microsoft.VisualStudio.TestTools.TestTypes.Unit.UnitTestAdapter, Microsoft.VisualStudio.QualityTools.Tips.UnitTest.Adapter, Version=9.0.0.0, Culture=neutral, PublicKeyToken=b03f5f7f11d50a3a" className="Test.OdpOracleTest, Test" name="CollectionConvert" />
    </UnitTest>
    <UnitTest name="Math_BigMul" storage="d:\alinq\source\trunk\test\bin\debug\test.dll" id="5363a5b3-4243-a1a5-e937-d45bdd81ac96">
      <Css projectStructure="" iteration="" />
      <Owners>
        <Owner name="" />
      </Owners>
      <TestMethod codeBase="D:\ALinq\Source\Trunk\Test\bin\Debug\Test.dll" adapterTypeName="Microsoft.VisualStudio.TestTools.TestTypes.Unit.UnitTestAdapter, Microsoft.VisualStudio.QualityTools.Tips.UnitTest.Adapter, Version=9.0.0.0, Culture=neutral, PublicKeyToken=b03f5f7f11d50a3a" className="Test.SqlTest, Test" name="Math_BigMul" />
    </UnitTest>
    <UnitTest name="String_IndexOf1" storage="d:\alinq\source\trunk\test\bin\debug\test.dll" id="c3abe31f-594d-0e96-d700-cfb85ef75265">
      <Css projectStructure="" iteration="" />
      <Owners>
        <Owner name="" />
      </Owners>
      <TestMethod codeBase="D:\ALinq\Source\Trunk\Test\bin\Debug\Test.dll" adapterTypeName="Microsoft.VisualStudio.TestTools.TestTypes.Unit.UnitTestAdapter, Microsoft.VisualStudio.QualityTools.Tips.UnitTest.Adapter, Version=9.0.0.0, Culture=neutral, PublicKeyToken=b03f5f7f11d50a3a" className="Test.FirebirdTest, Test" name="String_IndexOf1" />
    </UnitTest>
    <UnitTest name="String_Contains" storage="d:\alinq\source\trunk\test\bin\debug\test.dll" id="7202ba39-ab6d-4d79-673e-efdd041957c8">
      <Css projectStructure="" iteration="" />
      <Owners>
        <Owner name="" />
      </Owners>
      <TestMethod codeBase="D:\ALinq\Source\Trunk\Test\bin\Debug\Test.dll" adapterTypeName="Microsoft.VisualStudio.TestTools.TestTypes.Unit.UnitTestAdapter, Microsoft.VisualStudio.QualityTools.Tips.UnitTest.Adapter, Version=9.0.0.0, Culture=neutral, PublicKeyToken=b03f5f7f11d50a3a" className="Test.NorOracleTest, Test" name="String_Contains" />
    </UnitTest>
    <UnitTest name="Min_Grouped" storage="d:\alinq\source\trunk\test\bin\debug\test.dll" id="f2ff4497-0c3d-740b-329c-d3286ad7f111">
      <Css projectStructure="" iteration="" />
      <Owners>
        <Owner name="" />
      </Owners>
      <TestMethod codeBase="D:\ALinq\Source\Trunk\Test\bin\Debug\Test.dll" adapterTypeName="Microsoft.VisualStudio.TestTools.TestTypes.Unit.UnitTestAdapter, Microsoft.VisualStudio.QualityTools.Tips.UnitTest.Adapter, Version=9.0.0.0, Culture=neutral, PublicKeyToken=b03f5f7f11d50a3a" className="Test.OdpOracleTest, Test" name="Min_Grouped" />
    </UnitTest>
    <UnitTest name="Where_Drilldown" storage="d:\alinq\source\trunk\test\bin\debug\test.dll" id="96a29e1d-e886-6cbb-2226-9ba29c11a1cf">
      <Css projectStructure="" iteration="" />
      <Owners>
        <Owner name="" />
      </Owners>
      <TestMethod codeBase="D:\ALinq\Source\Trunk\Test\bin\Debug\Test.dll" adapterTypeName="Microsoft.VisualStudio.TestTools.TestTypes.Unit.UnitTestAdapter, Microsoft.VisualStudio.QualityTools.Tips.UnitTest.Adapter, Version=9.0.0.0, Culture=neutral, PublicKeyToken=b03f5f7f11d50a3a" className="Test.NorOracleTest, Test" name="Where_Drilldown" />
    </UnitTest>
    <UnitTest name="ParseSqlDataType" storage="d:\alinq\source\trunk\test\bin\debug\test.dll" id="43588b40-d223-8352-09ab-0d3b54f50b4f">
      <Css projectStructure="" iteration="" />
      <Owners>
        <Owner name="" />
      </Owners>
      <Execution id="5b31de5e-529b-44c5-b41c-a85dc15930e2" />
      <TestMethod codeBase="D:\ALinq\Source\Trunk\Test\bin\Debug\Test.dll" adapterTypeName="Microsoft.VisualStudio.TestTools.TestTypes.Unit.UnitTestAdapter, Microsoft.VisualStudio.QualityTools.Tips.UnitTest.Adapter, Version=9.0.0.0, Culture=neutral, PublicKeyToken=b03f5f7f11d50a3a" className="Test.AccessDataTypeProviderTest, Test" name="ParseSqlDataType" />
    </UnitTest>
    <UnitTest name="String_EndsWith" storage="d:\alinq\source\trunk\test\bin\debug\test.dll" id="73179842-de16-d51e-58d3-25206105efdf">
      <Css projectStructure="" iteration="" />
      <Owners>
        <Owner name="" />
      </Owners>
      <TestMethod codeBase="D:\ALinq\Source\Trunk\Test\bin\Debug\Test.dll" adapterTypeName="Microsoft.VisualStudio.TestTools.TestTypes.Unit.UnitTestAdapter, Microsoft.VisualStudio.QualityTools.Tips.UnitTest.Adapter, Version=9.0.0.0, Culture=neutral, PublicKeyToken=b03f5f7f11d50a3a" className="Test.SqlTest, Test" name="String_EndsWith" />
    </UnitTest>
    <UnitTest name="DateTime_AddDays" storage="d:\alinq\source\trunk\test\bin\debug\test.dll" id="d37c3fb3-fe11-4500-37a0-92112b241f50">
      <Css projectStructure="" iteration="" />
      <Owners>
        <Owner name="" />
      </Owners>
      <TestMethod codeBase="D:\ALinq\Source\Trunk\Test\bin\Debug\Test.dll" adapterTypeName="Microsoft.VisualStudio.TestTools.TestTypes.Unit.UnitTestAdapter, Microsoft.VisualStudio.QualityTools.Tips.UnitTest.Adapter, Version=9.0.0.0, Culture=neutral, PublicKeyToken=b03f5f7f11d50a3a" className="Test.MySqlTest, Test" name="DateTime_AddDays" />
    </UnitTest>
    <UnitTest name="ResolveAll" storage="d:\alinq\source\trunk\test\bin\debug\test.dll" id="ea014ad6-b90a-ce7b-e530-8808b42ff8e8">
      <Css projectStructure="" iteration="" />
      <Owners>
        <Owner name="" />
      </Owners>
      <TestMethod codeBase="D:\ALinq\Source\Trunk\Test\bin\Debug\Test.dll" adapterTypeName="Microsoft.VisualStudio.TestTools.TestTypes.Unit.UnitTestAdapter, Microsoft.VisualStudio.QualityTools.Tips.UnitTest.Adapter, Version=9.0.0.0, Culture=neutral, PublicKeyToken=b03f5f7f11d50a3a" className="Test.PgsqlTest, Test" name="ResolveAll" />
    </UnitTest>
    <UnitTest name="Take_Nested" storage="d:\alinq\source\trunk\test\bin\debug\test.dll" id="1ffbfd74-579c-143b-1dd0-fd51100e0077">
      <Css projectStructure="" iteration="" />
      <Owners>
        <Owner name="" />
      </Owners>
      <TestMethod codeBase="D:\ALinq\Source\Trunk\Test\bin\Debug\Test.dll" adapterTypeName="Microsoft.VisualStudio.TestTools.TestTypes.Unit.UnitTestAdapter, Microsoft.VisualStudio.QualityTools.Tips.UnitTest.Adapter, Version=9.0.0.0, Culture=neutral, PublicKeyToken=b03f5f7f11d50a3a" className="Test.AccessTest, Test" name="Take_Nested" />
    </UnitTest>
    <UnitTest name="CRUD_Update4" storage="d:\alinq\source\trunk\test\bin\debug\test.dll" id="e37b2894-1aa2-77af-25b1-ae458456f33f">
      <Css projectStructure="" iteration="" />
      <Owners>
        <Owner name="" />
      </Owners>
      <TestMethod codeBase="D:\ALinq\Source\Trunk\Test\bin\Debug\Test.dll" adapterTypeName="Microsoft.VisualStudio.TestTools.TestTypes.Unit.UnitTestAdapter, Microsoft.VisualStudio.QualityTools.Tips.UnitTest.Adapter, Version=9.0.0.0, Culture=neutral, PublicKeyToken=b03f5f7f11d50a3a" className="Test.SQL2000Test, Test" name="CRUD_Update4" />
    </UnitTest>
    <UnitTest name="String_Trim1" storage="d:\alinq\source\trunk\test\bin\debug\test.dll" id="85095640-3534-557d-7ebf-de999a9be7ac">
      <Css projectStructure="" iteration="" />
      <Owners>
        <Owner name="" />
      </Owners>
      <TestMethod codeBase="D:\ALinq\Source\Trunk\Test\bin\Debug\Test.dll" adapterTypeName="Microsoft.VisualStudio.TestTools.TestTypes.Unit.UnitTestAdapter, Microsoft.VisualStudio.QualityTools.Tips.UnitTest.Adapter, Version=9.0.0.0, Culture=neutral, PublicKeyToken=b03f5f7f11d50a3a" className="Test.SQL2005Test, Test" name="String_Trim1" />
    </UnitTest>
    <UnitTest name="String_NullSelect" storage="d:\alinq\source\trunk\test\bin\debug\test.dll" id="fb320ec8-b214-ab99-f8fc-17b4c4d4930b">
      <Css projectStructure="" iteration="" />
      <Owners>
        <Owner name="" />
      </Owners>
      <TestMethod codeBase="D:\ALinq\Source\Trunk\Test\bin\Debug\Test.dll" adapterTypeName="Microsoft.VisualStudio.TestTools.TestTypes.Unit.UnitTestAdapter, Microsoft.VisualStudio.QualityTools.Tips.UnitTest.Adapter, Version=9.0.0.0, Culture=neutral, PublicKeyToken=b03f5f7f11d50a3a" className="Test.PgsqlTest, Test" name="String_NullSelect" />
    </UnitTest>
    <UnitTest name="DateDiffMonth" storage="d:\alinq\source\trunk\test\bin\debug\test.dll" id="df5b52c0-0680-b452-27af-dc1b5c5ef1a1">
      <Css projectStructure="" iteration="" />
      <Owners>
        <Owner name="" />
      </Owners>
      <TestMethod codeBase="D:\ALinq\Source\Trunk\Test\bin\Debug\Test.dll" adapterTypeName="Microsoft.VisualStudio.TestTools.TestTypes.Unit.UnitTestAdapter, Microsoft.VisualStudio.QualityTools.Tips.UnitTest.Adapter, Version=9.0.0.0, Culture=neutral, PublicKeyToken=b03f5f7f11d50a3a" className="Test.MySqlMethods, Test" name="DateDiffMonth" />
    </UnitTest>
    <UnitTest name="StringToLower" storage="d:\alinq\source\trunk\test\bin\debug\test.dll" id="30902cb3-624a-7153-b7f8-71d7421abec2">
      <Css projectStructure="" iteration="" />
      <Owners>
        <Owner name="" />
      </Owners>
      <TestMethod codeBase="D:\ALinq\Source\Trunk\Test\bin\Debug\Test.dll" adapterTypeName="Microsoft.VisualStudio.TestTools.TestTypes.Unit.UnitTestAdapter, Microsoft.VisualStudio.QualityTools.Tips.UnitTest.Adapter, Version=9.0.0.0, Culture=neutral, PublicKeyToken=b03f5f7f11d50a3a" className="Test.NorOracleTest, Test" name="StringToLower" />
    </UnitTest>
    <UnitTest name="Where_Simple1" storage="d:\alinq\source\trunk\test\bin\debug\test.dll" id="5096ea8d-6b1b-a30c-19cb-2fe81d1d337f">
      <Css projectStructure="" iteration="" />
      <Owners>
        <Owner name="" />
      </Owners>
      <TestMethod codeBase="D:\ALinq\Source\Trunk\Test\bin\Debug\Test.dll" adapterTypeName="Microsoft.VisualStudio.TestTools.TestTypes.Unit.UnitTestAdapter, Microsoft.VisualStudio.QualityTools.Tips.UnitTest.Adapter, Version=9.0.0.0, Culture=neutral, PublicKeyToken=b03f5f7f11d50a3a" className="Test.NorOracleTest, Test" name="Where_Simple1" />
    </UnitTest>
    <UnitTest name="DateTime_AddSeconds" storage="d:\alinq\source\trunk\test\bin\debug\test.dll" id="3b0ca8b9-2146-f810-4e69-710ec07c1b0c">
      <Css projectStructure="" iteration="" />
      <Owners>
        <Owner name="" />
      </Owners>
      <TestMethod codeBase="D:\ALinq\Source\Trunk\Test\bin\Debug\Test.dll" adapterTypeName="Microsoft.VisualStudio.TestTools.TestTypes.Unit.UnitTestAdapter, Microsoft.VisualStudio.QualityTools.Tips.UnitTest.Adapter, Version=9.0.0.0, Culture=neutral, PublicKeyToken=b03f5f7f11d50a3a" className="Test.SQL2005Test, Test" name="DateTime_AddSeconds" />
    </UnitTest>
    <UnitTest name="String_Equals1" storage="d:\alinq\source\trunk\test\bin\debug\test.dll" id="8e77c8a1-15e5-d64d-30fb-17d437aadf2b">
      <Css projectStructure="" iteration="" />
      <Owners>
        <Owner name="" />
      </Owners>
      <TestMethod codeBase="D:\ALinq\Source\Trunk\Test\bin\Debug\Test.dll" adapterTypeName="Microsoft.VisualStudio.TestTools.TestTypes.Unit.UnitTestAdapter, Microsoft.VisualStudio.QualityTools.Tips.UnitTest.Adapter, Version=9.0.0.0, Culture=neutral, PublicKeyToken=b03f5f7f11d50a3a" className="Test.OdpOracleTest, Test" name="String_Equals1" />
    </UnitTest>
    <UnitTest name="DateTime_Subtract" storage="d:\alinq\source\trunk\test\bin\debug\test.dll" id="f8d27003-495e-5f3d-cb51-67818237d98c">
      <Css projectStructure="" iteration="" />
      <Owners>
        <Owner name="" />
      </Owners>
      <TestMethod codeBase="D:\ALinq\Source\Trunk\Test\bin\Debug\Test.dll" adapterTypeName="Microsoft.VisualStudio.TestTools.TestTypes.Unit.UnitTestAdapter, Microsoft.VisualStudio.QualityTools.Tips.UnitTest.Adapter, Version=9.0.0.0, Culture=neutral, PublicKeyToken=b03f5f7f11d50a3a" className="Test.AccessTest, Test" name="DateTime_Subtract" />
    </UnitTest>
    <UnitTest name="Select_Simple" storage="d:\alinq\source\trunk\test\bin\debug\test.dll" id="2386e012-0293-e196-1fd4-2fa692e2e925">
      <Css projectStructure="" iteration="" />
      <Owners>
        <Owner name="" />
      </Owners>
      <TestMethod codeBase="D:\ALinq\Source\Trunk\Test\bin\Debug\Test.dll" adapterTypeName="Microsoft.VisualStudio.TestTools.TestTypes.Unit.UnitTestAdapter, Microsoft.VisualStudio.QualityTools.Tips.UnitTest.Adapter, Version=9.0.0.0, Culture=neutral, PublicKeyToken=b03f5f7f11d50a3a" className="Test.PgsqlTest, Test" name="Select_Simple" />
    </UnitTest>
    <UnitTest name="Math_Tan" storage="d:\alinq\source\trunk\test\bin\debug\test.dll" id="514e057f-2fad-09c9-dd58-09d4aa79a78a">
      <Css projectStructure="" iteration="" />
      <Owners>
        <Owner name="" />
      </Owners>
      <TestMethod codeBase="D:\ALinq\Source\Trunk\Test\bin\Debug\Test.dll" adapterTypeName="Microsoft.VisualStudio.TestTools.TestTypes.Unit.UnitTestAdapter, Microsoft.VisualStudio.QualityTools.Tips.UnitTest.Adapter, Version=9.0.0.0, Culture=neutral, PublicKeyToken=b03f5f7f11d50a3a" className="Test.SQL2005Test, Test" name="Math_Tan" />
    </UnitTest>
    <UnitTest name="Select_SpecialType" storage="d:\alinq\source\trunk\test\bin\debug\test.dll" id="92e0b657-27d6-1b4b-63f7-959736d99b58">
      <Css projectStructure="" iteration="" />
      <Owners>
        <Owner name="" />
      </Owners>
      <TestMethod codeBase="D:\ALinq\Source\Trunk\Test\bin\Debug\Test.dll" adapterTypeName="Microsoft.VisualStudio.TestTools.TestTypes.Unit.UnitTestAdapter, Microsoft.VisualStudio.QualityTools.Tips.UnitTest.Adapter, Version=9.0.0.0, Culture=neutral, PublicKeyToken=b03f5f7f11d50a3a" className="Test.FirebirdTest, Test" name="Select_SpecialType" />
    </UnitTest>
    <UnitTest name="Distinct1" storage="d:\alinq\source\trunk\test\bin\debug\test.dll" id="6a095821-7e5e-bee4-a550-269ac04ae93e">
      <Css projectStructure="" iteration="" />
      <Owners>
        <Owner name="" />
      </Owners>
      <TestMethod codeBase="D:\ALinq\Source\Trunk\Test\bin\Debug\Test.dll" adapterTypeName="Microsoft.VisualStudio.TestTools.TestTypes.Unit.UnitTestAdapter, Microsoft.VisualStudio.QualityTools.Tips.UnitTest.Adapter, Version=9.0.0.0, Culture=neutral, PublicKeyToken=b03f5f7f11d50a3a" className="Test.OdpOracleTest, Test" name="Distinct1" />
    </UnitTest>
    <UnitTest name="All_Simple" storage="d:\alinq\source\trunk\test\bin\debug\test.dll" id="22519131-28da-6e96-0605-02248aa6fe7d">
      <Css projectStructure="" iteration="" />
      <Owners>
        <Owner name="" />
      </Owners>
      <TestMethod codeBase="D:\ALinq\Source\Trunk\Test\bin\Debug\Test.dll" adapterTypeName="Microsoft.VisualStudio.TestTools.TestTypes.Unit.UnitTestAdapter, Microsoft.VisualStudio.QualityTools.Tips.UnitTest.Adapter, Version=9.0.0.0, Culture=neutral, PublicKeyToken=b03f5f7f11d50a3a" className="Test.SQLiteTest, Test" name="All_Simple" />
    </UnitTest>
    <UnitTest name="Join_LetAssignment" storage="d:\alinq\source\trunk\test\bin\debug\test.dll" id="12a53ac1-4ce4-9728-a77e-81ec30aa0a83">
      <Css projectStructure="" iteration="" />
      <Owners>
        <Owner name="" />
      </Owners>
      <TestMethod codeBase="D:\ALinq\Source\Trunk\Test\bin\Debug\Test.dll" adapterTypeName="Microsoft.VisualStudio.TestTools.TestTypes.Unit.UnitTestAdapter, Microsoft.VisualStudio.QualityTools.Tips.UnitTest.Adapter, Version=9.0.0.0, Culture=neutral, PublicKeyToken=b03f5f7f11d50a3a" className="Test.DB2Test, Test" name="Join_LetAssignment" />
    </UnitTest>
    <UnitTest name="String_Equals3" storage="d:\alinq\source\trunk\test\bin\debug\test.dll" id="30bd0459-ca42-e963-1bbe-177cf0ff997c">
      <Css projectStructure="" iteration="" />
      <Owners>
        <Owner name="" />
      </Owners>
      <TestMethod codeBase="D:\ALinq\Source\Trunk\Test\bin\Debug\Test.dll" adapterTypeName="Microsoft.VisualStudio.TestTools.TestTypes.Unit.UnitTestAdapter, Microsoft.VisualStudio.QualityTools.Tips.UnitTest.Adapter, Version=9.0.0.0, Culture=neutral, PublicKeyToken=b03f5f7f11d50a3a" className="Test.MySqlTest, Test" name="String_Equals3" />
    </UnitTest>
    <UnitTest name="Distinct1" storage="d:\alinq\source\trunk\test\bin\debug\test.dll" id="f970e053-2f72-c30b-4f76-394596a82140">
      <Css projectStructure="" iteration="" />
      <Owners>
        <Owner name="" />
      </Owners>
      <TestMethod codeBase="D:\ALinq\Source\Trunk\Test\bin\Debug\Test.dll" adapterTypeName="Microsoft.VisualStudio.TestTools.TestTypes.Unit.UnitTestAdapter, Microsoft.VisualStudio.QualityTools.Tips.UnitTest.Adapter, Version=9.0.0.0, Culture=neutral, PublicKeyToken=b03f5f7f11d50a3a" className="Test.SQLiteTest, Test" name="Distinct1" />
    </UnitTest>
    <UnitTest name="String_Substring2" storage="d:\alinq\source\trunk\test\bin\debug\test.dll" id="b3be5871-b3cd-ceb8-194c-6c5fddea7e7c">
      <Css projectStructure="" iteration="" />
      <Owners>
        <Owner name="" />
      </Owners>
      <TestMethod codeBase="D:\ALinq\Source\Trunk\Test\bin\Debug\Test.dll" adapterTypeName="Microsoft.VisualStudio.TestTools.TestTypes.Unit.UnitTestAdapter, Microsoft.VisualStudio.QualityTools.Tips.UnitTest.Adapter, Version=9.0.0.0, Culture=neutral, PublicKeyToken=b03f5f7f11d50a3a" className="Test.FirebirdTest, Test" name="String_Substring2" />
    </UnitTest>
    <UnitTest name="SqlMethod_Len" storage="d:\alinq\source\trunk\test\bin\debug\test.dll" id="360dc061-1e5a-92a2-d75f-e366c65cb021">
      <Css projectStructure="" iteration="" />
      <Owners>
        <Owner name="" />
      </Owners>
      <TestMethod codeBase="D:\ALinq\Source\Trunk\Test\bin\Debug\Test.dll" adapterTypeName="Microsoft.VisualStudio.TestTools.TestTypes.Unit.UnitTestAdapter, Microsoft.VisualStudio.QualityTools.Tips.UnitTest.Adapter, Version=9.0.0.0, Culture=neutral, PublicKeyToken=b03f5f7f11d50a3a" className="Test.NorOracleTest, Test" name="SqlMethod_Len" />
    </UnitTest>
    <UnitTest name="CRUD_Update2" storage="d:\alinq\source\trunk\test\bin\debug\test.dll" id="ee7946c9-33ca-bab1-a339-33b8521f92d8">
      <Css projectStructure="" iteration="" />
      <Owners>
        <Owner name="" />
      </Owners>
      <TestMethod codeBase="D:\ALinq\Source\Trunk\Test\bin\Debug\Test.dll" adapterTypeName="Microsoft.VisualStudio.TestTools.TestTypes.Unit.UnitTestAdapter, Microsoft.VisualStudio.QualityTools.Tips.UnitTest.Adapter, Version=9.0.0.0, Culture=neutral, PublicKeyToken=b03f5f7f11d50a3a" className="Test.NorOracleTest, Test" name="CRUD_Update2" />
    </UnitTest>
    <UnitTest name="Join" storage="d:\alinq\source\trunk\test\bin\debug\test.dll" id="4958ca81-70b4-0a4d-43c1-0dbc4a7ac787">
      <Css projectStructure="" iteration="" />
      <Owners>
        <Owner name="" />
      </Owners>
      <TestMethod codeBase="D:\ALinq\Source\Trunk\Test\bin\Debug\Test.dll" adapterTypeName="Microsoft.VisualStudio.TestTools.TestTypes.Unit.UnitTestAdapter, Microsoft.VisualStudio.QualityTools.Tips.UnitTest.Adapter, Version=9.0.0.0, Culture=neutral, PublicKeyToken=b03f5f7f11d50a3a" className="Test.SqlTest, Test" name="Join" />
    </UnitTest>
    <UnitTest name="Skip_Simple" storage="d:\alinq\source\trunk\test\bin\debug\test.dll" id="52b1249b-b03c-fb9d-42f4-432c9ccb40fc">
      <Css projectStructure="" iteration="" />
      <Owners>
        <Owner name="" />
      </Owners>
      <TestMethod codeBase="D:\ALinq\Source\Trunk\Test\bin\Debug\Test.dll" adapterTypeName="Microsoft.VisualStudio.TestTools.TestTypes.Unit.UnitTestAdapter, Microsoft.VisualStudio.QualityTools.Tips.UnitTest.Adapter, Version=9.0.0.0, Culture=neutral, PublicKeyToken=b03f5f7f11d50a3a" className="Test.SqlTest, Test" name="Skip_Simple" />
    </UnitTest>
    <UnitTest name="Count_Conditional" storage="d:\alinq\source\trunk\test\bin\debug\test.dll" id="b1ea1518-a2fe-6af3-1a3d-95608ff2a7da">
      <Css projectStructure="" iteration="" />
      <Owners>
        <Owner name="" />
      </Owners>
      <TestMethod codeBase="D:\ALinq\Source\Trunk\Test\bin\Debug\Test.dll" adapterTypeName="Microsoft.VisualStudio.TestTools.TestTypes.Unit.UnitTestAdapter, Microsoft.VisualStudio.QualityTools.Tips.UnitTest.Adapter, Version=9.0.0.0, Culture=neutral, PublicKeyToken=b03f5f7f11d50a3a" className="Test.DB2Test, Test" name="Count_Conditional" />
    </UnitTest>
    <UnitTest name="GroupBy_MultipleColumns" storage="d:\alinq\source\trunk\test\bin\debug\test.dll" id="609ab994-7a95-c14b-81c4-173e64372d06">
      <Css projectStructure="" iteration="" />
      <Owners>
        <Owner name="" />
      </Owners>
      <TestMethod codeBase="D:\ALinq\Source\Trunk\Test\bin\Debug\Test.dll" adapterTypeName="Microsoft.VisualStudio.TestTools.TestTypes.Unit.UnitTestAdapter, Microsoft.VisualStudio.QualityTools.Tips.UnitTest.Adapter, Version=9.0.0.0, Culture=neutral, PublicKeyToken=b03f5f7f11d50a3a" className="Test.DB2Test, Test" name="GroupBy_MultipleColumns" />
    </UnitTest>
    <UnitTest name="Join_TowWay" storage="d:\alinq\source\trunk\test\bin\debug\test.dll" id="f418870e-ae83-bab0-b500-32c04a798292">
      <Css projectStructure="" iteration="" />
      <Owners>
        <Owner name="" />
      </Owners>
      <TestMethod codeBase="D:\ALinq\Source\Trunk\Test\bin\Debug\Test.dll" adapterTypeName="Microsoft.VisualStudio.TestTools.TestTypes.Unit.UnitTestAdapter, Microsoft.VisualStudio.QualityTools.Tips.UnitTest.Adapter, Version=9.0.0.0, Culture=neutral, PublicKeyToken=b03f5f7f11d50a3a" className="Test.SqlTest, Test" name="Join_TowWay" />
    </UnitTest>
    <UnitTest name="AccessConnectionTest" storage="d:\alinq\source\trunk\test\bin\debug\test.dll" id="2542026d-4aac-6abe-ceed-ec92b2c984b1">
      <Css projectStructure="" iteration="" />
      <Owners>
        <Owner name="" />
      </Owners>
      <TestMethod codeBase="D:\ALinq\Source\Trunk\Test\bin\Debug\Test.dll" adapterTypeName="Microsoft.VisualStudio.TestTools.TestTypes.Unit.UnitTestAdapter, Microsoft.VisualStudio.QualityTools.Tips.UnitTest.Adapter, Version=9.0.0.0, Culture=neutral, PublicKeyToken=b03f5f7f11d50a3a" className="Test.DataContextTest, Test" name="AccessConnectionTest" />
    </UnitTest>
    <UnitTest name="Select_Condition" storage="d:\alinq\source\trunk\test\bin\debug\test.dll" id="62972b7c-c6bf-9eb9-8273-669d9f12bff7">
      <Css projectStructure="" iteration="" />
      <Owners>
        <Owner name="" />
      </Owners>
      <TestMethod codeBase="D:\ALinq\Source\Trunk\Test\bin\Debug\Test.dll" adapterTypeName="Microsoft.VisualStudio.TestTools.TestTypes.Unit.UnitTestAdapter, Microsoft.VisualStudio.QualityTools.Tips.UnitTest.Adapter, Version=9.0.0.0, Culture=neutral, PublicKeyToken=b03f5f7f11d50a3a" className="Test.SQL2005Test, Test" name="Select_Condition" />
    </UnitTest>
    <UnitTest name="DateTime_ToString" storage="d:\alinq\source\trunk\test\bin\debug\test.dll" id="77e2ef3b-c931-3cfa-5e9f-4bdae9094ca8">
      <Css projectStructure="" iteration="" />
      <Owners>
        <Owner name="" />
      </Owners>
      <TestMethod codeBase="D:\ALinq\Source\Trunk\Test\bin\Debug\Test.dll" adapterTypeName="Microsoft.VisualStudio.TestTools.TestTypes.Unit.UnitTestAdapter, Microsoft.VisualStudio.QualityTools.Tips.UnitTest.Adapter, Version=9.0.0.0, Culture=neutral, PublicKeyToken=b03f5f7f11d50a3a" className="Test.SQLiteTest, Test" name="DateTime_ToString" />
    </UnitTest>
    <UnitTest name="GroupBy_Month" storage="d:\alinq\source\trunk\test\bin\debug\test.dll" id="6b9b9eba-d2f8-644b-8cde-d10d89369811">
      <Css projectStructure="" iteration="" />
      <Owners>
        <Owner name="" />
      </Owners>
      <TestMethod codeBase="D:\ALinq\Source\Trunk\Test\bin\Debug\Test.dll" adapterTypeName="Microsoft.VisualStudio.TestTools.TestTypes.Unit.UnitTestAdapter, Microsoft.VisualStudio.QualityTools.Tips.UnitTest.Adapter, Version=9.0.0.0, Culture=neutral, PublicKeyToken=b03f5f7f11d50a3a" className="Test.MySqlTest, Test" name="GroupBy_Month" />
    </UnitTest>
    <UnitTest name="Select_AnonymousType" storage="d:\alinq\source\trunk\test\bin\debug\test.dll" id="4a25d97a-3271-7879-8062-f45e62618a50">
      <Css projectStructure="" iteration="" />
      <Owners>
        <Owner name="" />
      </Owners>
      <TestMethod codeBase="D:\ALinq\Source\Trunk\Test\bin\Debug\Test.dll" adapterTypeName="Microsoft.VisualStudio.TestTools.TestTypes.Unit.UnitTestAdapter, Microsoft.VisualStudio.QualityTools.Tips.UnitTest.Adapter, Version=9.0.0.0, Culture=neutral, PublicKeyToken=b03f5f7f11d50a3a" className="Test.NorOracleTest, Test" name="Select_AnonymousType" />
    </UnitTest>
    <UnitTest name="FirstOrDefault" storage="d:\alinq\source\trunk\test\bin\debug\test.dll" id="251f78ea-3ccc-2564-410a-c5ed14cbe713">
      <Css projectStructure="" iteration="" />
      <Owners>
        <Owner name="" />
      </Owners>
      <TestMethod codeBase="D:\ALinq\Source\Trunk\Test\bin\Debug\Test.dll" adapterTypeName="Microsoft.VisualStudio.TestTools.TestTypes.Unit.UnitTestAdapter, Microsoft.VisualStudio.QualityTools.Tips.UnitTest.Adapter, Version=9.0.0.0, Culture=neutral, PublicKeyToken=b03f5f7f11d50a3a" className="Test.PgsqlTest, Test" name="FirstOrDefault" />
    </UnitTest>
    <UnitTest name="ParseSqlDataType" storage="d:\alinq\source\trunk\test\bin\debug\test.dll" id="2f5fcd1d-2d5a-5693-b53f-425f13ee0615">
      <Css projectStructure="" iteration="" />
      <Owners>
        <Owner name="" />
      </Owners>
      <TestMethod codeBase="D:\ALinq\Source\Trunk\Test\bin\Debug\Test.dll" adapterTypeName="Microsoft.VisualStudio.TestTools.TestTypes.Unit.UnitTestAdapter, Microsoft.VisualStudio.QualityTools.Tips.UnitTest.Adapter, Version=9.0.0.0, Culture=neutral, PublicKeyToken=b03f5f7f11d50a3a" className="Test.NorOracleDataTypeProviderTest, Test" name="ParseSqlDataType" />
    </UnitTest>
    <UnitTest name="Like" storage="d:\alinq\source\trunk\test\bin\debug\test.dll" id="38c53564-42e4-24f4-eb9f-c10bb3aa28d6">
      <Css projectStructure="" iteration="" />
      <Owners>
        <Owner name="" />
      </Owners>
      <TestMethod codeBase="D:\ALinq\Source\Trunk\Test\bin\Debug\Test.dll" adapterTypeName="Microsoft.VisualStudio.TestTools.TestTypes.Unit.UnitTestAdapter, Microsoft.VisualStudio.QualityTools.Tips.UnitTest.Adapter, Version=9.0.0.0, Culture=neutral, PublicKeyToken=b03f5f7f11d50a3a" className="Test.DB2Test, Test" name="Like" />
    </UnitTest>
    <UnitTest name="String_Contains" storage="d:\alinq\source\trunk\test\bin\debug\test.dll" id="9f3ea06f-fc63-0be1-af67-2484632d8202">
      <Css projectStructure="" iteration="" />
      <Owners>
        <Owner name="" />
      </Owners>
      <TestMethod codeBase="D:\ALinq\Source\Trunk\Test\bin\Debug\Test.dll" adapterTypeName="Microsoft.VisualStudio.TestTools.TestTypes.Unit.UnitTestAdapter, Microsoft.VisualStudio.QualityTools.Tips.UnitTest.Adapter, Version=9.0.0.0, Culture=neutral, PublicKeyToken=b03f5f7f11d50a3a" className="Test.PgsqlTest, Test" name="String_Contains" />
    </UnitTest>
    <UnitTest name="Convert_ToByte" storage="d:\alinq\source\trunk\test\bin\debug\test.dll" id="09246220-1349-2ae9-1f64-a3c47475c79b">
      <Css projectStructure="" iteration="" />
      <Owners>
        <Owner name="" />
      </Owners>
      <TestMethod codeBase="D:\ALinq\Source\Trunk\Test\bin\Debug\Test.dll" adapterTypeName="Microsoft.VisualStudio.TestTools.TestTypes.Unit.UnitTestAdapter, Microsoft.VisualStudio.QualityTools.Tips.UnitTest.Adapter, Version=9.0.0.0, Culture=neutral, PublicKeyToken=b03f5f7f11d50a3a" className="Test.PgsqlTest, Test" name="Convert_ToByte" />
    </UnitTest>
    <UnitTest name="GroupBy_Day" storage="d:\alinq\source\trunk\test\bin\debug\test.dll" id="52abe040-8764-db0e-80c5-4b475c7172ac">
      <Css projectStructure="" iteration="" />
      <Owners>
        <Owner name="" />
      </Owners>
      <TestMethod codeBase="D:\ALinq\Source\Trunk\Test\bin\Debug\Test.dll" adapterTypeName="Microsoft.VisualStudio.TestTools.TestTypes.Unit.UnitTestAdapter, Microsoft.VisualStudio.QualityTools.Tips.UnitTest.Adapter, Version=9.0.0.0, Culture=neutral, PublicKeyToken=b03f5f7f11d50a3a" className="Test.FirebirdTest, Test" name="GroupBy_Day" />
    </UnitTest>
    <UnitTest name="Test1" storage="d:\alinq\source\trunk\test\bin\debug\test.dll" id="dc00432d-bce3-c9a0-ddf7-fc0f58ba6400">
      <Css projectStructure="" iteration="" />
      <Owners>
        <Owner name="" />
      </Owners>
      <TestMethod codeBase="D:\ALinq\Source\Trunk\Test\bin\Debug\Test.dll" adapterTypeName="Microsoft.VisualStudio.TestTools.TestTypes.Unit.UnitTestAdapter, Microsoft.VisualStudio.QualityTools.Tips.UnitTest.Adapter, Version=9.0.0.0, Culture=neutral, PublicKeyToken=b03f5f7f11d50a3a" className="Test.NorOracleTest, Test" name="Test1" />
    </UnitTest>
    <UnitTest name="DateTime_Hour" storage="d:\alinq\source\trunk\test\bin\debug\test.dll" id="2d110118-e748-5894-d588-0ae320ba08df">
      <Css projectStructure="" iteration="" />
      <Owners>
        <Owner name="" />
      </Owners>
      <TestMethod codeBase="D:\ALinq\Source\Trunk\Test\bin\Debug\Test.dll" adapterTypeName="Microsoft.VisualStudio.TestTools.TestTypes.Unit.UnitTestAdapter, Microsoft.VisualStudio.QualityTools.Tips.UnitTest.Adapter, Version=9.0.0.0, Culture=neutral, PublicKeyToken=b03f5f7f11d50a3a" className="Test.FirebirdTest, Test" name="DateTime_Hour" />
    </UnitTest>
    <UnitTest name="Delete_ManyToMany" storage="d:\alinq\source\trunk\test\bin\debug\test.dll" id="7b8ecc0c-ccb7-2f70-4b58-069d402a9886">
      <Css projectStructure="" iteration="" />
      <Owners>
        <Owner name="" />
      </Owners>
      <TestMethod codeBase="D:\ALinq\Source\Trunk\Test\bin\Debug\Test.dll" adapterTypeName="Microsoft.VisualStudio.TestTools.TestTypes.Unit.UnitTestAdapter, Microsoft.VisualStudio.QualityTools.Tips.UnitTest.Adapter, Version=9.0.0.0, Culture=neutral, PublicKeyToken=b03f5f7f11d50a3a" className="Test.DB2Test, Test" name="Delete_ManyToMany" />
    </UnitTest>
    <UnitTest name="FromTypeTest" storage="d:\alinq\source\trunk\test\bin\debug\test.dll" id="8bd7c371-15af-3a0e-f663-ba18b16884f9">
      <Css projectStructure="" iteration="" />
      <Owners>
        <Owner name="" />
      </Owners>
      <TestMethod codeBase="D:\ALinq\Source\Trunk\Test\bin\Debug\Test.dll" adapterTypeName="Microsoft.VisualStudio.TestTools.TestTypes.Unit.UnitTestAdapter, Microsoft.VisualStudio.QualityTools.Tips.UnitTest.Adapter, Version=9.0.0.0, Culture=neutral, PublicKeyToken=b03f5f7f11d50a3a" className="Test.DB2DataTypeTest, Test" name="FromTypeTest" />
    </UnitTest>
    <UnitTest name="Sum_Projection" storage="d:\alinq\source\trunk\test\bin\debug\test.dll" id="06ee5cb4-7526-61f3-a139-61b3249ddb09">
      <Css projectStructure="" iteration="" />
      <Owners>
        <Owner name="" />
      </Owners>
      <TestMethod codeBase="D:\ALinq\Source\Trunk\Test\bin\Debug\Test.dll" adapterTypeName="Microsoft.VisualStudio.TestTools.TestTypes.Unit.UnitTestAdapter, Microsoft.VisualStudio.QualityTools.Tips.UnitTest.Adapter, Version=9.0.0.0, Culture=neutral, PublicKeyToken=b03f5f7f11d50a3a" className="Test.AccessTest, Test" name="Sum_Projection" />
    </UnitTest>
    <UnitTest name="String_ToUpper2" storage="d:\alinq\source\trunk\test\bin\debug\test.dll" id="1c60b5d9-66ac-298f-e5d1-5e93f9afe4c3">
      <Css projectStructure="" iteration="" />
      <Owners>
        <Owner name="" />
      </Owners>
      <TestMethod codeBase="D:\ALinq\Source\Trunk\Test\bin\Debug\Test.dll" adapterTypeName="Microsoft.VisualStudio.TestTools.TestTypes.Unit.UnitTestAdapter, Microsoft.VisualStudio.QualityTools.Tips.UnitTest.Adapter, Version=9.0.0.0, Culture=neutral, PublicKeyToken=b03f5f7f11d50a3a" className="Test.SQL2000Test, Test" name="String_ToUpper2" />
    </UnitTest>
    <UnitTest name="Convert_ToByte" storage="d:\alinq\source\trunk\test\bin\debug\test.dll" id="dfc46115-f8f3-cb83-4245-c3ec079e6b07">
      <Css projectStructure="" iteration="" />
      <Owners>
        <Owner name="" />
      </Owners>
      <TestMethod codeBase="D:\ALinq\Source\Trunk\Test\bin\Debug\Test.dll" adapterTypeName="Microsoft.VisualStudio.TestTools.TestTypes.Unit.UnitTestAdapter, Microsoft.VisualStudio.QualityTools.Tips.UnitTest.Adapter, Version=9.0.0.0, Culture=neutral, PublicKeyToken=b03f5f7f11d50a3a" className="Test.OdpOracleTest, Test" name="Convert_ToByte" />
    </UnitTest>
    <UnitTest name="String_IndexOf2" storage="d:\alinq\source\trunk\test\bin\debug\test.dll" id="1bca8a88-7545-f668-ad28-a345cae2c011">
      <Css projectStructure="" iteration="" />
      <Owners>
        <Owner name="" />
      </Owners>
      <TestMethod codeBase="D:\ALinq\Source\Trunk\Test\bin\Debug\Test.dll" adapterTypeName="Microsoft.VisualStudio.TestTools.TestTypes.Unit.UnitTestAdapter, Microsoft.VisualStudio.QualityTools.Tips.UnitTest.Adapter, Version=9.0.0.0, Culture=neutral, PublicKeyToken=b03f5f7f11d50a3a" className="Test.FirebirdTest, Test" name="String_IndexOf2" />
    </UnitTest>
    <UnitTest name="Single" storage="d:\alinq\source\trunk\test\bin\debug\test.dll" id="da9667d3-f83c-af61-db2c-14b8b6c00c53">
      <Css projectStructure="" iteration="" />
      <Owners>
        <Owner name="" />
      </Owners>
      <TestMethod codeBase="D:\ALinq\Source\Trunk\Test\bin\Debug\Test.dll" adapterTypeName="Microsoft.VisualStudio.TestTools.TestTypes.Unit.UnitTestAdapter, Microsoft.VisualStudio.QualityTools.Tips.UnitTest.Adapter, Version=9.0.0.0, Culture=neutral, PublicKeyToken=b03f5f7f11d50a3a" className="Test.FirebirdTest, Test" name="Single" />
    </UnitTest>
    <UnitTest name="Sum_Simple" storage="d:\alinq\source\trunk\test\bin\debug\test.dll" id="aff03eda-2b06-c04b-5907-e93f4cff01df">
      <Css projectStructure="" iteration="" />
      <Owners>
        <Owner name="" />
      </Owners>
      <TestMethod codeBase="D:\ALinq\Source\Trunk\Test\bin\Debug\Test.dll" adapterTypeName="Microsoft.VisualStudio.TestTools.TestTypes.Unit.UnitTestAdapter, Microsoft.VisualStudio.QualityTools.Tips.UnitTest.Adapter, Version=9.0.0.0, Culture=neutral, PublicKeyToken=b03f5f7f11d50a3a" className="Test.MySqlTest, Test" name="Sum_Simple" />
    </UnitTest>
    <UnitTest name="DateTime_Day" storage="d:\alinq\source\trunk\test\bin\debug\test.dll" id="0bf68ccb-7918-590a-c40c-bc47df71286e">
      <Css projectStructure="" iteration="" />
      <Owners>
        <Owner name="" />
      </Owners>
      <TestMethod codeBase="D:\ALinq\Source\Trunk\Test\bin\Debug\Test.dll" adapterTypeName="Microsoft.VisualStudio.TestTools.TestTypes.Unit.UnitTestAdapter, Microsoft.VisualStudio.QualityTools.Tips.UnitTest.Adapter, Version=9.0.0.0, Culture=neutral, PublicKeyToken=b03f5f7f11d50a3a" className="Test.FirebirdTest, Test" name="DateTime_Day" />
    </UnitTest>
    <UnitTest name="Insert_ManyToMany" storage="d:\alinq\source\trunk\test\bin\debug\test.dll" id="3d227843-234c-f3bc-b478-95c757b84c71">
      <Css projectStructure="" iteration="" />
      <Owners>
        <Owner name="" />
      </Owners>
      <TestMethod codeBase="D:\ALinq\Source\Trunk\Test\bin\Debug\Test.dll" adapterTypeName="Microsoft.VisualStudio.TestTools.TestTypes.Unit.UnitTestAdapter, Microsoft.VisualStudio.QualityTools.Tips.UnitTest.Adapter, Version=9.0.0.0, Culture=neutral, PublicKeyToken=b03f5f7f11d50a3a" className="Test.MySqlTest, Test" name="Insert_ManyToMany" />
    </UnitTest>
    <UnitTest name="OrderBy_ThenByDescending" storage="d:\alinq\source\trunk\test\bin\debug\test.dll" id="46cf7504-5b24-3bc1-6e15-de188ba7bc20">
      <Css projectStructure="" iteration="" />
      <Owners>
        <Owner name="" />
      </Owners>
      <TestMethod codeBase="D:\ALinq\Source\Trunk\Test\bin\Debug\Test.dll" adapterTypeName="Microsoft.VisualStudio.TestTools.TestTypes.Unit.UnitTestAdapter, Microsoft.VisualStudio.QualityTools.Tips.UnitTest.Adapter, Version=9.0.0.0, Culture=neutral, PublicKeyToken=b03f5f7f11d50a3a" className="Test.PgsqlTest, Test" name="OrderBy_ThenByDescending" />
    </UnitTest>
    <UnitTest name="GroupBy_Min" storage="d:\alinq\source\trunk\test\bin\debug\test.dll" id="38c83933-2be3-e567-6c8a-886a97f95d64">
      <Css projectStructure="" iteration="" />
      <Owners>
        <Owner name="" />
      </Owners>
      <TestMethod codeBase="D:\ALinq\Source\Trunk\Test\bin\Debug\Test.dll" adapterTypeName="Microsoft.VisualStudio.TestTools.TestTypes.Unit.UnitTestAdapter, Microsoft.VisualStudio.QualityTools.Tips.UnitTest.Adapter, Version=9.0.0.0, Culture=neutral, PublicKeyToken=b03f5f7f11d50a3a" className="Test.SQL2005Test, Test" name="GroupBy_Min" />
    </UnitTest>
    <UnitTest name="FromTypeTest" storage="d:\alinq\source\trunk\test\bin\debug\test.dll" id="449a0a5b-6a6e-b82c-f9a3-3f64f85d30df">
      <Css projectStructure="" iteration="" />
      <Owners>
        <Owner name="" />
      </Owners>
      <TestMethod codeBase="D:\ALinq\Source\Trunk\Test\bin\Debug\Test.dll" adapterTypeName="Microsoft.VisualStudio.TestTools.TestTypes.Unit.UnitTestAdapter, Microsoft.VisualStudio.QualityTools.Tips.UnitTest.Adapter, Version=9.0.0.0, Culture=neutral, PublicKeyToken=b03f5f7f11d50a3a" className="Test.NorOracleDataTypeProviderTest, Test" name="FromTypeTest" />
    </UnitTest>
    <UnitTest name="GroupBy_Day" storage="d:\alinq\source\trunk\test\bin\debug\test.dll" id="f0a18efc-ee78-95aa-2bed-69c256e049e9">
      <Css projectStructure="" iteration="" />
      <Owners>
        <Owner name="" />
      </Owners>
      <TestMethod codeBase="D:\ALinq\Source\Trunk\Test\bin\Debug\Test.dll" adapterTypeName="Microsoft.VisualStudio.TestTools.TestTypes.Unit.UnitTestAdapter, Microsoft.VisualStudio.QualityTools.Tips.UnitTest.Adapter, Version=9.0.0.0, Culture=neutral, PublicKeyToken=b03f5f7f11d50a3a" className="Test.PgsqlTest, Test" name="GroupBy_Day" />
    </UnitTest>
    <UnitTest name="StringLength" storage="d:\alinq\source\trunk\test\bin\debug\test.dll" id="48ab14bc-edd9-b348-ecad-4eb8a66f91f8">
      <Css projectStructure="" iteration="" />
      <Owners>
        <Owner name="" />
      </Owners>
      <TestMethod codeBase="D:\ALinq\Source\Trunk\Test\bin\Debug\Test.dll" adapterTypeName="Microsoft.VisualStudio.TestTools.TestTypes.Unit.UnitTestAdapter, Microsoft.VisualStudio.QualityTools.Tips.UnitTest.Adapter, Version=9.0.0.0, Culture=neutral, PublicKeyToken=b03f5f7f11d50a3a" className="Test.DB2Test, Test" name="StringLength" />
    </UnitTest>
    <UnitTest name="String_Char" storage="d:\alinq\source\trunk\test\bin\debug\test.dll" id="f7de4c24-4ea6-df27-928b-108d3a46888b">
      <Css projectStructure="" iteration="" />
      <Owners>
        <Owner name="" />
      </Owners>
      <TestMethod codeBase="D:\ALinq\Source\Trunk\Test\bin\Debug\Test.dll" adapterTypeName="Microsoft.VisualStudio.TestTools.TestTypes.Unit.UnitTestAdapter, Microsoft.VisualStudio.QualityTools.Tips.UnitTest.Adapter, Version=9.0.0.0, Culture=neutral, PublicKeyToken=b03f5f7f11d50a3a" className="Test.AccessTest, Test" name="String_Char" />
    </UnitTest>
    <UnitTest name="Sum_Projection" storage="d:\alinq\source\trunk\test\bin\debug\test.dll" id="07aaeae1-8c5b-9c03-6b5a-3532a36650ed">
      <Css projectStructure="" iteration="" />
      <Owners>
        <Owner name="" />
      </Owners>
      <TestMethod codeBase="D:\ALinq\Source\Trunk\Test\bin\Debug\Test.dll" adapterTypeName="Microsoft.VisualStudio.TestTools.TestTypes.Unit.UnitTestAdapter, Microsoft.VisualStudio.QualityTools.Tips.UnitTest.Adapter, Version=9.0.0.0, Culture=neutral, PublicKeyToken=b03f5f7f11d50a3a" className="Test.NorOracleTest, Test" name="Sum_Projection" />
    </UnitTest>
    <UnitTest name="TranslateTest" storage="d:\alinq\source\trunk\test\bin\debug\test.dll" id="2ba72832-1ac1-0233-e8ca-961c50e25450">
      <Css projectStructure="" iteration="" />
      <Owners>
        <Owner name="" />
      </Owners>
      <TestMethod codeBase="D:\ALinq\Source\Trunk\Test\bin\Debug\Test.dll" adapterTypeName="Microsoft.VisualStudio.TestTools.TestTypes.Unit.UnitTestAdapter, Microsoft.VisualStudio.QualityTools.Tips.UnitTest.Adapter, Version=9.0.0.0, Culture=neutral, PublicKeyToken=b03f5f7f11d50a3a" className="Test.DataContextTest, Test" name="TranslateTest" />
    </UnitTest>
    <UnitTest name="Insert_Inherit" storage="d:\alinq\source\trunk\test\bin\debug\test.dll" id="1bded621-fd99-97c6-c15c-f2f324b425d3">
      <Css projectStructure="" iteration="" />
      <Owners>
        <Owner name="" />
      </Owners>
      <TestMethod codeBase="D:\ALinq\Source\Trunk\Test\bin\Debug\Test.dll" adapterTypeName="Microsoft.VisualStudio.TestTools.TestTypes.Unit.UnitTestAdapter, Microsoft.VisualStudio.QualityTools.Tips.UnitTest.Adapter, Version=9.0.0.0, Culture=neutral, PublicKeyToken=b03f5f7f11d50a3a" className="Test.SQL2005Test, Test" name="Insert_Inherit" />
    </UnitTest>
    <UnitTest name="FirstOrDefault" storage="d:\alinq\source\trunk\test\bin\debug\test.dll" id="7eba9400-2405-8dc9-58b2-ca7c1e81dfb7">
      <Css projectStructure="" iteration="" />
      <Owners>
        <Owner name="" />
      </Owners>
      <TestMethod codeBase="D:\ALinq\Source\Trunk\Test\bin\Debug\Test.dll" adapterTypeName="Microsoft.VisualStudio.TestTools.TestTypes.Unit.UnitTestAdapter, Microsoft.VisualStudio.QualityTools.Tips.UnitTest.Adapter, Version=9.0.0.0, Culture=neutral, PublicKeyToken=b03f5f7f11d50a3a" className="Test.OdpOracleTest, Test" name="FirstOrDefault" />
    </UnitTest>
    <UnitTest name="CRUD_Update3" storage="d:\alinq\source\trunk\test\bin\debug\test.dll" id="63e495da-fa56-f7a1-5bf9-43725d1ab8ea">
      <Css projectStructure="" iteration="" />
      <Owners>
        <Owner name="" />
      </Owners>
      <TestMethod codeBase="D:\ALinq\Source\Trunk\Test\bin\Debug\Test.dll" adapterTypeName="Microsoft.VisualStudio.TestTools.TestTypes.Unit.UnitTestAdapter, Microsoft.VisualStudio.QualityTools.Tips.UnitTest.Adapter, Version=9.0.0.0, Culture=neutral, PublicKeyToken=b03f5f7f11d50a3a" className="Test.AccessTest, Test" name="CRUD_Update3" />
    </UnitTest>
    <UnitTest name="Join_ThreeWay" storage="d:\alinq\source\trunk\test\bin\debug\test.dll" id="d00086c9-9f36-3ea3-b80c-9366b8d54d80">
      <Css projectStructure="" iteration="" />
      <Owners>
        <Owner name="" />
      </Owners>
      <TestMethod codeBase="D:\ALinq\Source\Trunk\Test\bin\Debug\Test.dll" adapterTypeName="Microsoft.VisualStudio.TestTools.TestTypes.Unit.UnitTestAdapter, Microsoft.VisualStudio.QualityTools.Tips.UnitTest.Adapter, Version=9.0.0.0, Culture=neutral, PublicKeyToken=b03f5f7f11d50a3a" className="Test.PgsqlTest, Test" name="Join_ThreeWay" />
    </UnitTest>
    <UnitTest name="Math_Pow" storage="d:\alinq\source\trunk\test\bin\debug\test.dll" id="162c49f3-c130-b793-9915-34f07150ae72">
      <Css projectStructure="" iteration="" />
      <Owners>
        <Owner name="" />
      </Owners>
      <TestMethod codeBase="D:\ALinq\Source\Trunk\Test\bin\Debug\Test.dll" adapterTypeName="Microsoft.VisualStudio.TestTools.TestTypes.Unit.UnitTestAdapter, Microsoft.VisualStudio.QualityTools.Tips.UnitTest.Adapter, Version=9.0.0.0, Culture=neutral, PublicKeyToken=b03f5f7f11d50a3a" className="Test.NorOracleTest, Test" name="Math_Pow" />
    </UnitTest>
    <UnitTest name="Avg_Grouped" storage="d:\alinq\source\trunk\test\bin\debug\test.dll" id="c4a71b57-0b2b-60c7-2f36-d7911ccb6c32">
      <Css projectStructure="" iteration="" />
      <Owners>
        <Owner name="" />
      </Owners>
      <TestMethod codeBase="D:\ALinq\Source\Trunk\Test\bin\Debug\Test.dll" adapterTypeName="Microsoft.VisualStudio.TestTools.TestTypes.Unit.UnitTestAdapter, Microsoft.VisualStudio.QualityTools.Tips.UnitTest.Adapter, Version=9.0.0.0, Culture=neutral, PublicKeyToken=b03f5f7f11d50a3a" className="Test.FirebirdTest, Test" name="Avg_Grouped" />
    </UnitTest>
    <UnitTest name="GroupBy_Simple" storage="d:\alinq\source\trunk\test\bin\debug\test.dll" id="2c3e061a-1176-0f3a-4b33-1757668d5a85">
      <Css projectStructure="" iteration="" />
      <Owners>
        <Owner name="" />
      </Owners>
      <TestMethod codeBase="D:\ALinq\Source\Trunk\Test\bin\Debug\Test.dll" adapterTypeName="Microsoft.VisualStudio.TestTools.TestTypes.Unit.UnitTestAdapter, Microsoft.VisualStudio.QualityTools.Tips.UnitTest.Adapter, Version=9.0.0.0, Culture=neutral, PublicKeyToken=b03f5f7f11d50a3a" className="Test.SqlTest, Test" name="GroupBy_Simple" />
    </UnitTest>
    <UnitTest name="TableExists" storage="d:\alinq\source\trunk\test\bin\debug\test.dll" id="904f5e92-a2fb-8c38-9a1f-80b3705af768">
      <Css projectStructure="" iteration="" />
      <Owners>
        <Owner name="" />
      </Owners>
      <TestMethod codeBase="D:\ALinq\Source\Trunk\Test\bin\Debug\Test.dll" adapterTypeName="Microsoft.VisualStudio.TestTools.TestTypes.Unit.UnitTestAdapter, Microsoft.VisualStudio.QualityTools.Tips.UnitTest.Adapter, Version=9.0.0.0, Culture=neutral, PublicKeyToken=b03f5f7f11d50a3a" className="Test.SQLiteTest, Test" name="TableExists" />
    </UnitTest>
    <UnitTest name="DateTime_Day" storage="d:\alinq\source\trunk\test\bin\debug\test.dll" id="deeff2e6-96ed-f4bd-2158-d5e9bb7bcc24">
      <Css projectStructure="" iteration="" />
      <Owners>
        <Owner name="" />
      </Owners>
      <TestMethod codeBase="D:\ALinq\Source\Trunk\Test\bin\Debug\Test.dll" adapterTypeName="Microsoft.VisualStudio.TestTools.TestTypes.Unit.UnitTestAdapter, Microsoft.VisualStudio.QualityTools.Tips.UnitTest.Adapter, Version=9.0.0.0, Culture=neutral, PublicKeyToken=b03f5f7f11d50a3a" className="Test.DB2Test, Test" name="DateTime_Day" />
    </UnitTest>
    <UnitTest name="String_Trim1" storage="d:\alinq\source\trunk\test\bin\debug\test.dll" id="958aa4ec-5955-840f-5305-c2afc212fedd">
      <Css projectStructure="" iteration="" />
      <Owners>
        <Owner name="" />
      </Owners>
      <TestMethod codeBase="D:\ALinq\Source\Trunk\Test\bin\Debug\Test.dll" adapterTypeName="Microsoft.VisualStudio.TestTools.TestTypes.Unit.UnitTestAdapter, Microsoft.VisualStudio.QualityTools.Tips.UnitTest.Adapter, Version=9.0.0.0, Culture=neutral, PublicKeyToken=b03f5f7f11d50a3a" className="Test.AccessTest, Test" name="String_Trim1" />
    </UnitTest>
    <UnitTest name="GroupBy_MultipleColumns" storage="d:\alinq\source\trunk\test\bin\debug\test.dll" id="7748f97f-80ef-c85c-8439-a3aa84f6f504">
      <Css projectStructure="" iteration="" />
      <Owners>
        <Owner name="" />
      </Owners>
      <TestMethod codeBase="D:\ALinq\Source\Trunk\Test\bin\Debug\Test.dll" adapterTypeName="Microsoft.VisualStudio.TestTools.TestTypes.Unit.UnitTestAdapter, Microsoft.VisualStudio.QualityTools.Tips.UnitTest.Adapter, Version=9.0.0.0, Culture=neutral, PublicKeyToken=b03f5f7f11d50a3a" className="Test.SQL2005Test, Test" name="GroupBy_MultipleColumns" />
    </UnitTest>
    <UnitTest name="String_Clone" storage="d:\alinq\source\trunk\test\bin\debug\test.dll" id="7f1881cc-07a6-03ee-9cb7-82d59487d41c">
      <Css projectStructure="" iteration="" />
      <Owners>
        <Owner name="" />
      </Owners>
      <TestMethod codeBase="D:\ALinq\Source\Trunk\Test\bin\Debug\Test.dll" adapterTypeName="Microsoft.VisualStudio.TestTools.TestTypes.Unit.UnitTestAdapter, Microsoft.VisualStudio.QualityTools.Tips.UnitTest.Adapter, Version=9.0.0.0, Culture=neutral, PublicKeyToken=b03f5f7f11d50a3a" className="Test.MySqlTest, Test" name="String_Clone" />
    </UnitTest>
    <UnitTest name="Command" storage="d:\alinq\source\trunk\test\bin\debug\test.dll" id="492d6efa-afef-a011-0139-d849dfb4d5a1">
      <Css projectStructure="" iteration="" />
      <Owners>
        <Owner name="" />
      </Owners>
      <TestMethod codeBase="D:\ALinq\Source\Trunk\Test\bin\Debug\Test.dll" adapterTypeName="Microsoft.VisualStudio.TestTools.TestTypes.Unit.UnitTestAdapter, Microsoft.VisualStudio.QualityTools.Tips.UnitTest.Adapter, Version=9.0.0.0, Culture=neutral, PublicKeyToken=b03f5f7f11d50a3a" className="Test.FirebirdTest, Test" name="Command" />
    </UnitTest>
    <UnitTest name="Join" storage="d:\alinq\source\trunk\test\bin\debug\test.dll" id="34f9d756-8106-58ec-f74a-2fcf803d8904">
      <Css projectStructure="" iteration="" />
      <Owners>
        <Owner name="" />
      </Owners>
      <TestMethod codeBase="D:\ALinq\Source\Trunk\Test\bin\Debug\Test.dll" adapterTypeName="Microsoft.VisualStudio.TestTools.TestTypes.Unit.UnitTestAdapter, Microsoft.VisualStudio.QualityTools.Tips.UnitTest.Adapter, Version=9.0.0.0, Culture=neutral, PublicKeyToken=b03f5f7f11d50a3a" className="Test.MySqlTest, Test" name="Join" />
    </UnitTest>
    <UnitTest name="Max_Projection" storage="d:\alinq\source\trunk\test\bin\debug\test.dll" id="40c47ccb-791d-a866-978f-7bbf0cf6ba74">
      <Css projectStructure="" iteration="" />
      <Owners>
        <Owner name="" />
      </Owners>
      <TestMethod codeBase="D:\ALinq\Source\Trunk\Test\bin\Debug\Test.dll" adapterTypeName="Microsoft.VisualStudio.TestTools.TestTypes.Unit.UnitTestAdapter, Microsoft.VisualStudio.QualityTools.Tips.UnitTest.Adapter, Version=9.0.0.0, Culture=neutral, PublicKeyToken=b03f5f7f11d50a3a" className="Test.FirebirdTest, Test" name="Max_Projection" />
    </UnitTest>
    <UnitTest name="Math_Ceiling" storage="d:\alinq\source\trunk\test\bin\debug\test.dll" id="511f6cad-9729-e8a8-49c6-d38847f46acb">
      <Css projectStructure="" iteration="" />
      <Owners>
        <Owner name="" />
      </Owners>
      <TestMethod codeBase="D:\ALinq\Source\Trunk\Test\bin\Debug\Test.dll" adapterTypeName="Microsoft.VisualStudio.TestTools.TestTypes.Unit.UnitTestAdapter, Microsoft.VisualStudio.QualityTools.Tips.UnitTest.Adapter, Version=9.0.0.0, Culture=neutral, PublicKeyToken=b03f5f7f11d50a3a" className="Test.NorOracleTest, Test" name="Math_Ceiling" />
    </UnitTest>
    <UnitTest name="Insert_ManyToMany" storage="d:\alinq\source\trunk\test\bin\debug\test.dll" id="8ea4a52b-994b-95e3-3e1e-892e06f4bd1e">
      <Css projectStructure="" iteration="" />
      <Owners>
        <Owner name="" />
      </Owners>
      <TestMethod codeBase="D:\ALinq\Source\Trunk\Test\bin\Debug\Test.dll" adapterTypeName="Microsoft.VisualStudio.TestTools.TestTypes.Unit.UnitTestAdapter, Microsoft.VisualStudio.QualityTools.Tips.UnitTest.Adapter, Version=9.0.0.0, Culture=neutral, PublicKeyToken=b03f5f7f11d50a3a" className="Test.FirebirdTest, Test" name="Insert_ManyToMany" />
    </UnitTest>
    <UnitTest name="String_ToLower2" storage="d:\alinq\source\trunk\test\bin\debug\test.dll" id="2d1590a6-6bfc-8b82-891d-4c412379b447">
      <Css projectStructure="" iteration="" />
      <Owners>
        <Owner name="" />
      </Owners>
      <TestMethod codeBase="D:\ALinq\Source\Trunk\Test\bin\Debug\Test.dll" adapterTypeName="Microsoft.VisualStudio.TestTools.TestTypes.Unit.UnitTestAdapter, Microsoft.VisualStudio.QualityTools.Tips.UnitTest.Adapter, Version=9.0.0.0, Culture=neutral, PublicKeyToken=b03f5f7f11d50a3a" className="Test.MySqlTest, Test" name="String_ToLower2" />
    </UnitTest>
    <UnitTest name="Min_Simple" storage="d:\alinq\source\trunk\test\bin\debug\test.dll" id="b0c27aa7-8920-a85b-9d87-a820f4df78bc">
      <Css projectStructure="" iteration="" />
      <Owners>
        <Owner name="" />
      </Owners>
      <TestMethod codeBase="D:\ALinq\Source\Trunk\Test\bin\Debug\Test.dll" adapterTypeName="Microsoft.VisualStudio.TestTools.TestTypes.Unit.UnitTestAdapter, Microsoft.VisualStudio.QualityTools.Tips.UnitTest.Adapter, Version=9.0.0.0, Culture=neutral, PublicKeyToken=b03f5f7f11d50a3a" className="Test.MySqlTest, Test" name="Min_Simple" />
    </UnitTest>
    <UnitTest name="String_Trim" storage="d:\alinq\source\trunk\test\bin\debug\test.dll" id="38c5769f-f165-205d-63c7-033eda866990">
      <Css projectStructure="" iteration="" />
      <Owners>
        <Owner name="" />
      </Owners>
      <TestMethod codeBase="D:\ALinq\Source\Trunk\Test\bin\Debug\Test.dll" adapterTypeName="Microsoft.VisualStudio.TestTools.TestTypes.Unit.UnitTestAdapter, Microsoft.VisualStudio.QualityTools.Tips.UnitTest.Adapter, Version=9.0.0.0, Culture=neutral, PublicKeyToken=b03f5f7f11d50a3a" className="Test.OdpOracleTest, Test" name="String_Trim" />
    </UnitTest>
    <UnitTest name="Select_Condition" storage="d:\alinq\source\trunk\test\bin\debug\test.dll" id="057a96d8-24db-f267-8f13-c29d0f81f4bf">
      <Css projectStructure="" iteration="" />
      <Owners>
        <Owner name="" />
      </Owners>
      <TestMethod codeBase="D:\ALinq\Source\Trunk\Test\bin\Debug\Test.dll" adapterTypeName="Microsoft.VisualStudio.TestTools.TestTypes.Unit.UnitTestAdapter, Microsoft.VisualStudio.QualityTools.Tips.UnitTest.Adapter, Version=9.0.0.0, Culture=neutral, PublicKeyToken=b03f5f7f11d50a3a" className="Test.DB2Test, Test" name="Select_Condition" />
    </UnitTest>
    <UnitTest name="Math_Tanh" storage="d:\alinq\source\trunk\test\bin\debug\test.dll" id="a745410a-74bb-3ba1-efcd-662ff14ded67">
      <Css projectStructure="" iteration="" />
      <Owners>
        <Owner name="" />
      </Owners>
      <TestMethod codeBase="D:\ALinq\Source\Trunk\Test\bin\Debug\Test.dll" adapterTypeName="Microsoft.VisualStudio.TestTools.TestTypes.Unit.UnitTestAdapter, Microsoft.VisualStudio.QualityTools.Tips.UnitTest.Adapter, Version=9.0.0.0, Culture=neutral, PublicKeyToken=b03f5f7f11d50a3a" className="Test.AccessTest, Test" name="Math_Tanh" />
    </UnitTest>
    <UnitTest name="CreateProcedure5" storage="d:\alinq\source\trunk\test\bin\debug\test.dll" id="624b3f24-26f2-3294-7d1f-c61f87ffb732">
      <Css projectStructure="" iteration="" />
      <Owners>
        <Owner name="" />
      </Owners>
      <TestMethod codeBase="D:\ALinq\Source\Trunk\Test\bin\Debug\Test.dll" adapterTypeName="Microsoft.VisualStudio.TestTools.TestTypes.Unit.UnitTestAdapter, Microsoft.VisualStudio.QualityTools.Tips.UnitTest.Adapter, Version=9.0.0.0, Culture=neutral, PublicKeyToken=b03f5f7f11d50a3a" className="Test.MySqlProcedureTest, Test" name="CreateProcedure5" />
    </UnitTest>
    <UnitTest name="DateTime_DayOfWeek" storage="d:\alinq\source\trunk\test\bin\debug\test.dll" id="639f8592-6bcb-200f-e572-551dfee5d655">
      <Css projectStructure="" iteration="" />
      <Owners>
        <Owner name="" />
      </Owners>
      <TestMethod codeBase="D:\ALinq\Source\Trunk\Test\bin\Debug\Test.dll" adapterTypeName="Microsoft.VisualStudio.TestTools.TestTypes.Unit.UnitTestAdapter, Microsoft.VisualStudio.QualityTools.Tips.UnitTest.Adapter, Version=9.0.0.0, Culture=neutral, PublicKeyToken=b03f5f7f11d50a3a" className="Test.MySqlTest, Test" name="DateTime_DayOfWeek" />
    </UnitTest>
    <UnitTest name="Contains" storage="d:\alinq\source\trunk\test\bin\debug\test.dll" id="22af28ac-f148-d407-199e-486e8dd0f7af">
      <Css projectStructure="" iteration="" />
      <Owners>
        <Owner name="" />
      </Owners>
      <TestMethod codeBase="D:\ALinq\Source\Trunk\Test\bin\Debug\Test.dll" adapterTypeName="Microsoft.VisualStudio.TestTools.TestTypes.Unit.UnitTestAdapter, Microsoft.VisualStudio.QualityTools.Tips.UnitTest.Adapter, Version=9.0.0.0, Culture=neutral, PublicKeyToken=b03f5f7f11d50a3a" className="Test.OdpOracleTest, Test" name="Contains" />
    </UnitTest>
    <UnitTest name="Math_BigMul" storage="d:\alinq\source\trunk\test\bin\debug\test.dll" id="9956db1a-ac65-3047-b467-8ae6324dee0e">
      <Css projectStructure="" iteration="" />
      <Owners>
        <Owner name="" />
      </Owners>
      <TestMethod codeBase="D:\ALinq\Source\Trunk\Test\bin\Debug\Test.dll" adapterTypeName="Microsoft.VisualStudio.TestTools.TestTypes.Unit.UnitTestAdapter, Microsoft.VisualStudio.QualityTools.Tips.UnitTest.Adapter, Version=9.0.0.0, Culture=neutral, PublicKeyToken=b03f5f7f11d50a3a" className="Test.OdpOracleTest, Test" name="Math_BigMul" />
    </UnitTest>
    <UnitTest name="StringConcat" storage="d:\alinq\source\trunk\test\bin\debug\test.dll" id="98cdfd2f-10cc-dc00-398c-31ced5118593">
      <Css projectStructure="" iteration="" />
      <Owners>
        <Owner name="" />
      </Owners>
      <TestMethod codeBase="D:\ALinq\Source\Trunk\Test\bin\Debug\Test.dll" adapterTypeName="Microsoft.VisualStudio.TestTools.TestTypes.Unit.UnitTestAdapter, Microsoft.VisualStudio.QualityTools.Tips.UnitTest.Adapter, Version=9.0.0.0, Culture=neutral, PublicKeyToken=b03f5f7f11d50a3a" className="Test.SQL2005Test, Test" name="StringConcat" />
    </UnitTest>
    <UnitTest name="Join_ManyToMany" storage="d:\alinq\source\trunk\test\bin\debug\test.dll" id="b0cd70ec-f67d-c647-5759-0e31029d823f">
      <Css projectStructure="" iteration="" />
      <Owners>
        <Owner name="" />
      </Owners>
      <TestMethod codeBase="D:\ALinq\Source\Trunk\Test\bin\Debug\Test.dll" adapterTypeName="Microsoft.VisualStudio.TestTools.TestTypes.Unit.UnitTestAdapter, Microsoft.VisualStudio.QualityTools.Tips.UnitTest.Adapter, Version=9.0.0.0, Culture=neutral, PublicKeyToken=b03f5f7f11d50a3a" className="Test.MySqlTest, Test" name="Join_ManyToMany" />
    </UnitTest>
    <UnitTest name="Insert_OneToMany" storage="d:\alinq\source\trunk\test\bin\debug\test.dll" id="00659c34-f2f3-635c-570e-cf519dbd02ea">
      <Css projectStructure="" iteration="" />
      <Owners>
        <Owner name="" />
      </Owners>
      <TestMethod codeBase="D:\ALinq\Source\Trunk\Test\bin\Debug\Test.dll" adapterTypeName="Microsoft.VisualStudio.TestTools.TestTypes.Unit.UnitTestAdapter, Microsoft.VisualStudio.QualityTools.Tips.UnitTest.Adapter, Version=9.0.0.0, Culture=neutral, PublicKeyToken=b03f5f7f11d50a3a" className="Test.SQLiteTest, Test" name="Insert_OneToMany" />
    </UnitTest>
    <UnitTest name="AutoGuid" storage="d:\alinq\source\trunk\test\bin\debug\test.dll" id="522a0904-65ec-1b56-43c8-9ba17972e3fd">
      <Css projectStructure="" iteration="" />
      <Owners>
        <Owner name="" />
      </Owners>
      <TestMethod codeBase="D:\ALinq\Source\Trunk\Test\bin\Debug\Test.dll" adapterTypeName="Microsoft.VisualStudio.TestTools.TestTypes.Unit.UnitTestAdapter, Microsoft.VisualStudio.QualityTools.Tips.UnitTest.Adapter, Version=9.0.0.0, Culture=neutral, PublicKeyToken=b03f5f7f11d50a3a" className="Test.PgsqlTest, Test" name="AutoGuid" />
    </UnitTest>
    <UnitTest name="StringContain" storage="d:\alinq\source\trunk\test\bin\debug\test.dll" id="2d3f7ad4-b648-6185-504d-9ed34ca2d768">
      <Css projectStructure="" iteration="" />
      <Owners>
        <Owner name="" />
      </Owners>
      <TestMethod codeBase="D:\ALinq\Source\Trunk\Test\bin\Debug\Test.dll" adapterTypeName="Microsoft.VisualStudio.TestTools.TestTypes.Unit.UnitTestAdapter, Microsoft.VisualStudio.QualityTools.Tips.UnitTest.Adapter, Version=9.0.0.0, Culture=neutral, PublicKeyToken=b03f5f7f11d50a3a" className="Test.SQL2005Test, Test" name="StringContain" />
    </UnitTest>
    <UnitTest name="Count_Simple" storage="d:\alinq\source\trunk\test\bin\debug\test.dll" id="d1d64089-2cd6-e376-5cdb-251427a11536">
      <Css projectStructure="" iteration="" />
      <Owners>
        <Owner name="" />
      </Owners>
      <TestMethod codeBase="D:\ALinq\Source\Trunk\Test\bin\Debug\Test.dll" adapterTypeName="Microsoft.VisualStudio.TestTools.TestTypes.Unit.UnitTestAdapter, Microsoft.VisualStudio.QualityTools.Tips.UnitTest.Adapter, Version=9.0.0.0, Culture=neutral, PublicKeyToken=b03f5f7f11d50a3a" className="Test.PgsqlTest, Test" name="Count_Simple" />
    </UnitTest>
    <UnitTest name="DateTimeGE" storage="d:\alinq\source\trunk\test\bin\debug\test.dll" id="9a454201-21af-6f8f-010c-3887fbae57b3">
      <Css projectStructure="" iteration="" />
      <Owners>
        <Owner name="" />
      </Owners>
      <TestMethod codeBase="D:\ALinq\Source\Trunk\Test\bin\Debug\Test.dll" adapterTypeName="Microsoft.VisualStudio.TestTools.TestTypes.Unit.UnitTestAdapter, Microsoft.VisualStudio.QualityTools.Tips.UnitTest.Adapter, Version=9.0.0.0, Culture=neutral, PublicKeyToken=b03f5f7f11d50a3a" className="Test.PgsqlTest, Test" name="DateTimeGE" />
    </UnitTest>
    <UnitTest name="DateTime_AddMonths" storage="d:\alinq\source\trunk\test\bin\debug\test.dll" id="9b6fbbea-25b0-4e22-3edb-6493328cb4d8">
      <Css projectStructure="" iteration="" />
      <Owners>
        <Owner name="" />
      </Owners>
      <TestMethod codeBase="D:\ALinq\Source\Trunk\Test\bin\Debug\Test.dll" adapterTypeName="Microsoft.VisualStudio.TestTools.TestTypes.Unit.UnitTestAdapter, Microsoft.VisualStudio.QualityTools.Tips.UnitTest.Adapter, Version=9.0.0.0, Culture=neutral, PublicKeyToken=b03f5f7f11d50a3a" className="Test.SQL2000Test, Test" name="DateTime_AddMonths" />
    </UnitTest>
    <UnitTest name="Inherit" storage="d:\alinq\source\trunk\test\bin\debug\test.dll" id="be912c33-6c42-15ba-bfe7-731fbf68edf7">
      <Css projectStructure="" iteration="" />
      <Owners>
        <Owner name="" />
      </Owners>
      <TestMethod codeBase="D:\ALinq\Source\Trunk\Test\bin\Debug\Test.dll" adapterTypeName="Microsoft.VisualStudio.TestTools.TestTypes.Unit.UnitTestAdapter, Microsoft.VisualStudio.QualityTools.Tips.UnitTest.Adapter, Version=9.0.0.0, Culture=neutral, PublicKeyToken=b03f5f7f11d50a3a" className="Test.MySqlTest, Test" name="Inherit" />
    </UnitTest>
    <UnitTest name="Max_Grouped" storage="d:\alinq\source\trunk\test\bin\debug\test.dll" id="775c2c76-88b8-886c-4e09-c4590b00e53e">
      <Css projectStructure="" iteration="" />
      <Owners>
        <Owner name="" />
      </Owners>
      <TestMethod codeBase="D:\ALinq\Source\Trunk\Test\bin\Debug\Test.dll" adapterTypeName="Microsoft.VisualStudio.TestTools.TestTypes.Unit.UnitTestAdapter, Microsoft.VisualStudio.QualityTools.Tips.UnitTest.Adapter, Version=9.0.0.0, Culture=neutral, PublicKeyToken=b03f5f7f11d50a3a" className="Test.SqlTest, Test" name="Max_Grouped" />
    </UnitTest>
    <UnitTest name="Sum_Projection" storage="d:\alinq\source\trunk\test\bin\debug\test.dll" id="6167a4e0-ed2e-6a2a-f1a2-be04c4056ce5">
      <Css projectStructure="" iteration="" />
      <Owners>
        <Owner name="" />
      </Owners>
      <TestMethod codeBase="D:\ALinq\Source\Trunk\Test\bin\Debug\Test.dll" adapterTypeName="Microsoft.VisualStudio.TestTools.TestTypes.Unit.UnitTestAdapter, Microsoft.VisualStudio.QualityTools.Tips.UnitTest.Adapter, Version=9.0.0.0, Culture=neutral, PublicKeyToken=b03f5f7f11d50a3a" className="Test.SQLiteTest, Test" name="Sum_Projection" />
    </UnitTest>
    <UnitTest name="String_Equals1" storage="d:\alinq\source\trunk\test\bin\debug\test.dll" id="9ae62e49-ce1a-2b1e-085a-75bbfebe285e">
      <Css projectStructure="" iteration="" />
      <Owners>
        <Owner name="" />
      </Owners>
      <TestMethod codeBase="D:\ALinq\Source\Trunk\Test\bin\Debug\Test.dll" adapterTypeName="Microsoft.VisualStudio.TestTools.TestTypes.Unit.UnitTestAdapter, Microsoft.VisualStudio.QualityTools.Tips.UnitTest.Adapter, Version=9.0.0.0, Culture=neutral, PublicKeyToken=b03f5f7f11d50a3a" className="Test.AccessTest, Test" name="String_Equals1" />
    </UnitTest>
    <UnitTest name="IfEqualTest" storage="d:\alinq\source\trunk\test\bin\debug\test.dll" id="4fea5a2b-a0b9-529f-30ae-5efb360ce484">
      <Css projectStructure="" iteration="" />
      <Owners>
        <Owner name="" />
      </Owners>
      <TestMethod codeBase="D:\ALinq\Source\Trunk\Test\bin\Debug\Test.dll" adapterTypeName="Microsoft.VisualStudio.TestTools.TestTypes.Unit.UnitTestAdapter, Microsoft.VisualStudio.QualityTools.Tips.UnitTest.Adapter, Version=9.0.0.0, Culture=neutral, PublicKeyToken=b03f5f7f11d50a3a" className="Test.FirebirdTest, Test" name="IfEqualTest" />
    </UnitTest>
    <UnitTest name="Math_Truncate1" storage="d:\alinq\source\trunk\test\bin\debug\test.dll" id="35ea5a28-5ef6-51da-b4d3-5c377252d86a">
      <Css projectStructure="" iteration="" />
      <Owners>
        <Owner name="" />
      </Owners>
      <TestMethod codeBase="D:\ALinq\Source\Trunk\Test\bin\Debug\Test.dll" adapterTypeName="Microsoft.VisualStudio.TestTools.TestTypes.Unit.UnitTestAdapter, Microsoft.VisualStudio.QualityTools.Tips.UnitTest.Adapter, Version=9.0.0.0, Culture=neutral, PublicKeyToken=b03f5f7f11d50a3a" className="Test.OdpOracleTest, Test" name="Math_Truncate1" />
    </UnitTest>
    <UnitTest name="DateDiffHour" storage="d:\alinq\source\trunk\test\bin\debug\test.dll" id="15feac6e-5a6e-7446-8c2d-6832bbb1aa74">
      <Css projectStructure="" iteration="" />
      <Owners>
        <Owner name="" />
      </Owners>
      <TestMethod codeBase="D:\ALinq\Source\Trunk\Test\bin\Debug\Test.dll" adapterTypeName="Microsoft.VisualStudio.TestTools.TestTypes.Unit.UnitTestAdapter, Microsoft.VisualStudio.QualityTools.Tips.UnitTest.Adapter, Version=9.0.0.0, Culture=neutral, PublicKeyToken=b03f5f7f11d50a3a" className="Test.DB2SqlMethods, Test" name="DateDiffHour" />
    </UnitTest>
    <UnitTest name="GroupBy_Sum" storage="d:\alinq\source\trunk\test\bin\debug\test.dll" id="ad072412-e0d7-763d-aee0-91cf8b1f53b6">
      <Css projectStructure="" iteration="" />
      <Owners>
        <Owner name="" />
      </Owners>
      <TestMethod codeBase="D:\ALinq\Source\Trunk\Test\bin\Debug\Test.dll" adapterTypeName="Microsoft.VisualStudio.TestTools.TestTypes.Unit.UnitTestAdapter, Microsoft.VisualStudio.QualityTools.Tips.UnitTest.Adapter, Version=9.0.0.0, Culture=neutral, PublicKeyToken=b03f5f7f11d50a3a" className="Test.SQLiteTest, Test" name="GroupBy_Sum" />
    </UnitTest>
    <UnitTest name="Select_Condition" storage="d:\alinq\source\trunk\test\bin\debug\test.dll" id="77d5eba4-dfc2-eff2-ae11-a39949b750a9">
      <Css projectStructure="" iteration="" />
      <Owners>
        <Owner name="" />
      </Owners>
      <TestMethod codeBase="D:\ALinq\Source\Trunk\Test\bin\Debug\Test.dll" adapterTypeName="Microsoft.VisualStudio.TestTools.TestTypes.Unit.UnitTestAdapter, Microsoft.VisualStudio.QualityTools.Tips.UnitTest.Adapter, Version=9.0.0.0, Culture=neutral, PublicKeyToken=b03f5f7f11d50a3a" className="Test.MySqlTest, Test" name="Select_Condition" />
    </UnitTest>
    <UnitTest name="Where_Simple2" storage="d:\alinq\source\trunk\test\bin\debug\test.dll" id="0d3f5e01-6c02-feb0-3a5b-f395773daab1">
      <Css projectStructure="" iteration="" />
      <Owners>
        <Owner name="" />
      </Owners>
      <TestMethod codeBase="D:\ALinq\Source\Trunk\Test\bin\Debug\Test.dll" adapterTypeName="Microsoft.VisualStudio.TestTools.TestTypes.Unit.UnitTestAdapter, Microsoft.VisualStudio.QualityTools.Tips.UnitTest.Adapter, Version=9.0.0.0, Culture=neutral, PublicKeyToken=b03f5f7f11d50a3a" className="Test.DB2Test, Test" name="Where_Simple2" />
    </UnitTest>
    <UnitTest name="Take_Simple" storage="d:\alinq\source\trunk\test\bin\debug\test.dll" id="62252ea4-1dad-d2c3-bb75-85fa4017bb12">
      <Css projectStructure="" iteration="" />
      <Owners>
        <Owner name="" />
      </Owners>
      <TestMethod codeBase="D:\ALinq\Source\Trunk\Test\bin\Debug\Test.dll" adapterTypeName="Microsoft.VisualStudio.TestTools.TestTypes.Unit.UnitTestAdapter, Microsoft.VisualStudio.QualityTools.Tips.UnitTest.Adapter, Version=9.0.0.0, Culture=neutral, PublicKeyToken=b03f5f7f11d50a3a" className="Test.FirebirdTest, Test" name="Take_Simple" />
    </UnitTest>
    <UnitTest name="Math_Max" storage="d:\alinq\source\trunk\test\bin\debug\test.dll" id="68066495-e3da-2be9-6612-936538aa5583">
      <Css projectStructure="" iteration="" />
      <Owners>
        <Owner name="" />
      </Owners>
      <TestMethod codeBase="D:\ALinq\Source\Trunk\Test\bin\Debug\Test.dll" adapterTypeName="Microsoft.VisualStudio.TestTools.TestTypes.Unit.UnitTestAdapter, Microsoft.VisualStudio.QualityTools.Tips.UnitTest.Adapter, Version=9.0.0.0, Culture=neutral, PublicKeyToken=b03f5f7f11d50a3a" className="Test.FirebirdTest, Test" name="Math_Max" />
    </UnitTest>
    <UnitTest name="Aggregate_Null" storage="d:\alinq\source\trunk\test\bin\debug\test.dll" id="b7c078fa-57e9-cb86-057e-94e4fb96bd50">
      <Css projectStructure="" iteration="" />
      <Owners>
        <Owner name="" />
      </Owners>
      <TestMethod codeBase="D:\ALinq\Source\Trunk\Test\bin\Debug\Test.dll" adapterTypeName="Microsoft.VisualStudio.TestTools.TestTypes.Unit.UnitTestAdapter, Microsoft.VisualStudio.QualityTools.Tips.UnitTest.Adapter, Version=9.0.0.0, Culture=neutral, PublicKeyToken=b03f5f7f11d50a3a" className="Test.OdpOracleTest, Test" name="Aggregate_Null" />
    </UnitTest>
    <UnitTest name="String_Insert" storage="d:\alinq\source\trunk\test\bin\debug\test.dll" id="39c10160-0fd8-b756-6081-4bd8cebf5398">
      <Css projectStructure="" iteration="" />
      <Owners>
        <Owner name="" />
      </Owners>
      <TestMethod codeBase="D:\ALinq\Source\Trunk\Test\bin\Debug\Test.dll" adapterTypeName="Microsoft.VisualStudio.TestTools.TestTypes.Unit.UnitTestAdapter, Microsoft.VisualStudio.QualityTools.Tips.UnitTest.Adapter, Version=9.0.0.0, Culture=neutral, PublicKeyToken=b03f5f7f11d50a3a" className="Test.OdpOracleTest, Test" name="String_Insert" />
    </UnitTest>
    <UnitTest name="StringToUpper" storage="d:\alinq\source\trunk\test\bin\debug\test.dll" id="ed216442-6bb3-0c6e-7def-4031ad896487">
      <Css projectStructure="" iteration="" />
      <Owners>
        <Owner name="" />
      </Owners>
      <TestMethod codeBase="D:\ALinq\Source\Trunk\Test\bin\Debug\Test.dll" adapterTypeName="Microsoft.VisualStudio.TestTools.TestTypes.Unit.UnitTestAdapter, Microsoft.VisualStudio.QualityTools.Tips.UnitTest.Adapter, Version=9.0.0.0, Culture=neutral, PublicKeyToken=b03f5f7f11d50a3a" className="Test.PgsqlTest, Test" name="StringToUpper" />
    </UnitTest>
    <UnitTest name="CRUD_Delete1" storage="d:\alinq\source\trunk\test\bin\debug\test.dll" id="50c680a1-1fd5-52c2-40d4-2dc122a210c7">
      <Css projectStructure="" iteration="" />
      <Owners>
        <Owner name="" />
      </Owners>
      <TestMethod codeBase="D:\ALinq\Source\Trunk\Test\bin\Debug\Test.dll" adapterTypeName="Microsoft.VisualStudio.TestTools.TestTypes.Unit.UnitTestAdapter, Microsoft.VisualStudio.QualityTools.Tips.UnitTest.Adapter, Version=9.0.0.0, Culture=neutral, PublicKeyToken=b03f5f7f11d50a3a" className="Test.SqlTest, Test" name="CRUD_Delete1" />
    </UnitTest>
    <UnitTest name="Min_Elements" storage="d:\alinq\source\trunk\test\bin\debug\test.dll" id="bc5ed30e-5751-adf3-9d10-6c802fd3d415">
      <Css projectStructure="" iteration="" />
      <Owners>
        <Owner name="" />
      </Owners>
      <TestMethod codeBase="D:\ALinq\Source\Trunk\Test\bin\Debug\Test.dll" adapterTypeName="Microsoft.VisualStudio.TestTools.TestTypes.Unit.UnitTestAdapter, Microsoft.VisualStudio.QualityTools.Tips.UnitTest.Adapter, Version=9.0.0.0, Culture=neutral, PublicKeyToken=b03f5f7f11d50a3a" className="Test.SQL2005Test, Test" name="Min_Elements" />
    </UnitTest>
    <UnitTest name="StringConnect" storage="d:\alinq\source\trunk\test\bin\debug\test.dll" id="410c3c00-7688-cf3b-94b9-8669cc3e10a6">
      <Css projectStructure="" iteration="" />
      <Owners>
        <Owner name="" />
      </Owners>
      <TestMethod codeBase="D:\ALinq\Source\Trunk\Test\bin\Debug\Test.dll" adapterTypeName="Microsoft.VisualStudio.TestTools.TestTypes.Unit.UnitTestAdapter, Microsoft.VisualStudio.QualityTools.Tips.UnitTest.Adapter, Version=9.0.0.0, Culture=neutral, PublicKeyToken=b03f5f7f11d50a3a" className="Test.SQL2000Test, Test" name="StringConnect" />
    </UnitTest>
    <UnitTest name="Join_ManyToMany" storage="d:\alinq\source\trunk\test\bin\debug\test.dll" id="552f89b6-811e-4fac-5525-1a49211274cb">
      <Css projectStructure="" iteration="" />
      <Owners>
        <Owner name="" />
      </Owners>
      <TestMethod codeBase="D:\ALinq\Source\Trunk\Test\bin\Debug\Test.dll" adapterTypeName="Microsoft.VisualStudio.TestTools.TestTypes.Unit.UnitTestAdapter, Microsoft.VisualStudio.QualityTools.Tips.UnitTest.Adapter, Version=9.0.0.0, Culture=neutral, PublicKeyToken=b03f5f7f11d50a3a" className="Test.SQLiteTest, Test" name="Join_ManyToMany" />
    </UnitTest>
    <UnitTest name="DateTime_AddHours" storage="d:\alinq\source\trunk\test\bin\debug\test.dll" id="d1a23f63-e55a-0359-f54a-9e184c6a4408">
      <Css projectStructure="" iteration="" />
      <Owners>
        <Owner name="" />
      </Owners>
      <TestMethod codeBase="D:\ALinq\Source\Trunk\Test\bin\Debug\Test.dll" adapterTypeName="Microsoft.VisualStudio.TestTools.TestTypes.Unit.UnitTestAdapter, Microsoft.VisualStudio.QualityTools.Tips.UnitTest.Adapter, Version=9.0.0.0, Culture=neutral, PublicKeyToken=b03f5f7f11d50a3a" className="Test.SqlTest, Test" name="DateTime_AddHours" />
    </UnitTest>
    <UnitTest name="DataType_Char" storage="d:\alinq\source\trunk\test\bin\debug\test.dll" id="ac4fab52-b3b8-cdff-300c-613fb68b9d15">
      <Css projectStructure="" iteration="" />
      <Owners>
        <Owner name="" />
      </Owners>
      <TestMethod codeBase="D:\ALinq\Source\Trunk\Test\bin\Debug\Test.dll" adapterTypeName="Microsoft.VisualStudio.TestTools.TestTypes.Unit.UnitTestAdapter, Microsoft.VisualStudio.QualityTools.Tips.UnitTest.Adapter, Version=9.0.0.0, Culture=neutral, PublicKeyToken=b03f5f7f11d50a3a" className="Test.SQLiteTest, Test" name="DataType_Char" />
    </UnitTest>
    <UnitTest name="StringRemove" storage="d:\alinq\source\trunk\test\bin\debug\test.dll" id="be2cad8e-fc4b-97ff-04d4-7f749fc2ca9e">
      <Css projectStructure="" iteration="" />
      <Owners>
        <Owner name="" />
      </Owners>
      <TestMethod codeBase="D:\ALinq\Source\Trunk\Test\bin\Debug\Test.dll" adapterTypeName="Microsoft.VisualStudio.TestTools.TestTypes.Unit.UnitTestAdapter, Microsoft.VisualStudio.QualityTools.Tips.UnitTest.Adapter, Version=9.0.0.0, Culture=neutral, PublicKeyToken=b03f5f7f11d50a3a" className="Test.MySqlTest, Test" name="StringRemove" />
    </UnitTest>
    <UnitTest name="StringIndexOf" storage="d:\alinq\source\trunk\test\bin\debug\test.dll" id="15330dd2-c249-f54d-3462-1b91dcb24480">
      <Css projectStructure="" iteration="" />
      <Owners>
        <Owner name="" />
      </Owners>
      <TestMethod codeBase="D:\ALinq\Source\Trunk\Test\bin\Debug\Test.dll" adapterTypeName="Microsoft.VisualStudio.TestTools.TestTypes.Unit.UnitTestAdapter, Microsoft.VisualStudio.QualityTools.Tips.UnitTest.Adapter, Version=9.0.0.0, Culture=neutral, PublicKeyToken=b03f5f7f11d50a3a" className="Test.AccessTest, Test" name="StringIndexOf" />
    </UnitTest>
    <UnitTest name="Insert_Simple" storage="d:\alinq\source\trunk\test\bin\debug\test.dll" id="531be3dc-3dc2-769a-6fd2-2c6f08eb05a4">
      <Css projectStructure="" iteration="" />
      <Owners>
        <Owner name="" />
      </Owners>
      <TestMethod codeBase="D:\ALinq\Source\Trunk\Test\bin\Debug\Test.dll" adapterTypeName="Microsoft.VisualStudio.TestTools.TestTypes.Unit.UnitTestAdapter, Microsoft.VisualStudio.QualityTools.Tips.UnitTest.Adapter, Version=9.0.0.0, Culture=neutral, PublicKeyToken=b03f5f7f11d50a3a" className="Test.SqlTest, Test" name="Insert_Simple" />
    </UnitTest>
    <UnitTest name="String_Clone" storage="d:\alinq\source\trunk\test\bin\debug\test.dll" id="32c45bba-c3f3-d667-f8a3-d7944e70fe06">
      <Css projectStructure="" iteration="" />
      <Owners>
        <Owner name="" />
      </Owners>
      <TestMethod codeBase="D:\ALinq\Source\Trunk\Test\bin\Debug\Test.dll" adapterTypeName="Microsoft.VisualStudio.TestTools.TestTypes.Unit.UnitTestAdapter, Microsoft.VisualStudio.QualityTools.Tips.UnitTest.Adapter, Version=9.0.0.0, Culture=neutral, PublicKeyToken=b03f5f7f11d50a3a" className="Test.NorOracleTest, Test" name="String_Clone" />
    </UnitTest>
    <UnitTest name="GetCategoriesCount" storage="d:\alinq\source\trunk\test\bin\debug\test.dll" id="f2a9736e-3151-1d08-0826-96cb30bcdb23">
      <Css projectStructure="" iteration="" />
      <Owners>
        <Owner name="" />
      </Owners>
      <TestMethod codeBase="D:\ALinq\Source\Trunk\Test\bin\Debug\Test.dll" adapterTypeName="Microsoft.VisualStudio.TestTools.TestTypes.Unit.UnitTestAdapter, Microsoft.VisualStudio.QualityTools.Tips.UnitTest.Adapter, Version=9.0.0.0, Culture=neutral, PublicKeyToken=b03f5f7f11d50a3a" className="Test.OdpOracleProcedureTest, Test" name="GetCategoriesCount" />
    </UnitTest>
    <UnitTest name="Convert_ToInt32" storage="d:\alinq\source\trunk\test\bin\debug\test.dll" id="ef95a86c-04ff-7b99-5f69-e2cdf40d3ae5">
      <Css projectStructure="" iteration="" />
      <Owners>
        <Owner name="" />
      </Owners>
      <TestMethod codeBase="D:\ALinq\Source\Trunk\Test\bin\Debug\Test.dll" adapterTypeName="Microsoft.VisualStudio.TestTools.TestTypes.Unit.UnitTestAdapter, Microsoft.VisualStudio.QualityTools.Tips.UnitTest.Adapter, Version=9.0.0.0, Culture=neutral, PublicKeyToken=b03f5f7f11d50a3a" className="Test.SQL2000Test, Test" name="Convert_ToInt32" />
    </UnitTest>
    <UnitTest name="Insert_OneToMany" storage="d:\alinq\source\trunk\test\bin\debug\test.dll" id="ea22425a-388a-f0a9-a597-42503fdd7e51">
      <Css projectStructure="" iteration="" />
      <Owners>
        <Owner name="" />
      </Owners>
      <TestMethod codeBase="D:\ALinq\Source\Trunk\Test\bin\Debug\Test.dll" adapterTypeName="Microsoft.VisualStudio.TestTools.TestTypes.Unit.UnitTestAdapter, Microsoft.VisualStudio.QualityTools.Tips.UnitTest.Adapter, Version=9.0.0.0, Culture=neutral, PublicKeyToken=b03f5f7f11d50a3a" className="Test.AccessTest, Test" name="Insert_OneToMany" />
    </UnitTest>
    <UnitTest name="CompileTest" storage="d:\alinq\source\trunk\test\bin\debug\test.dll" id="ec6ae9d2-8a47-bbda-ed8b-86be33ab8979">
      <Css projectStructure="" iteration="" />
      <Owners>
        <Owner name="" />
      </Owners>
      <TestMethod codeBase="D:\ALinq\Source\Trunk\Test\bin\Debug\Test.dll" adapterTypeName="Microsoft.VisualStudio.TestTools.TestTypes.Unit.UnitTestAdapter, Microsoft.VisualStudio.QualityTools.Tips.UnitTest.Adapter, Version=9.0.0.0, Culture=neutral, PublicKeyToken=b03f5f7f11d50a3a" className="Test.CompiledQueryTest, Test" name="CompileTest" />
    </UnitTest>
    <UnitTest name="DateTime_Year" storage="d:\alinq\source\trunk\test\bin\debug\test.dll" id="5c11e74e-0673-63ad-833e-f0a0d5a130fd">
      <Css projectStructure="" iteration="" />
      <Owners>
        <Owner name="" />
      </Owners>
      <TestMethod codeBase="D:\ALinq\Source\Trunk\Test\bin\Debug\Test.dll" adapterTypeName="Microsoft.VisualStudio.TestTools.TestTypes.Unit.UnitTestAdapter, Microsoft.VisualStudio.QualityTools.Tips.UnitTest.Adapter, Version=9.0.0.0, Culture=neutral, PublicKeyToken=b03f5f7f11d50a3a" className="Test.FirebirdTest, Test" name="DateTime_Year" />
    </UnitTest>
    <UnitTest name="Skip_Simple" storage="d:\alinq\source\trunk\test\bin\debug\test.dll" id="8a699206-1620-0a0e-de3b-32ffbb026272">
      <Css projectStructure="" iteration="" />
      <Owners>
        <Owner name="" />
      </Owners>
      <TestMethod codeBase="D:\ALinq\Source\Trunk\Test\bin\Debug\Test.dll" adapterTypeName="Microsoft.VisualStudio.TestTools.TestTypes.Unit.UnitTestAdapter, Microsoft.VisualStudio.QualityTools.Tips.UnitTest.Adapter, Version=9.0.0.0, Culture=neutral, PublicKeyToken=b03f5f7f11d50a3a" className="Test.NorOracleTest, Test" name="Skip_Simple" />
    </UnitTest>
    <UnitTest name="String_ToUpper1" storage="d:\alinq\source\trunk\test\bin\debug\test.dll" id="069f3fda-a16c-b27b-8b50-2ab9e05bf580">
      <Css projectStructure="" iteration="" />
      <Owners>
        <Owner name="" />
      </Owners>
      <TestMethod codeBase="D:\ALinq\Source\Trunk\Test\bin\Debug\Test.dll" adapterTypeName="Microsoft.VisualStudio.TestTools.TestTypes.Unit.UnitTestAdapter, Microsoft.VisualStudio.QualityTools.Tips.UnitTest.Adapter, Version=9.0.0.0, Culture=neutral, PublicKeyToken=b03f5f7f11d50a3a" className="Test.DB2Test, Test" name="String_ToUpper1" />
    </UnitTest>
    <UnitTest name="StringConnect" storage="d:\alinq\source\trunk\test\bin\debug\test.dll" id="1597b38c-2fa1-3d23-df80-01dcb73e4ed7">
      <Css projectStructure="" iteration="" />
      <Owners>
        <Owner name="" />
      </Owners>
      <TestMethod codeBase="D:\ALinq\Source\Trunk\Test\bin\Debug\Test.dll" adapterTypeName="Microsoft.VisualStudio.TestTools.TestTypes.Unit.UnitTestAdapter, Microsoft.VisualStudio.QualityTools.Tips.UnitTest.Adapter, Version=9.0.0.0, Culture=neutral, PublicKeyToken=b03f5f7f11d50a3a" className="Test.SQL2005Test, Test" name="StringConnect" />
    </UnitTest>
    <UnitTest name="Avg_Projection" storage="d:\alinq\source\trunk\test\bin\debug\test.dll" id="ad7af65e-f275-a4cb-de87-7c6d052ecb93">
      <Css projectStructure="" iteration="" />
      <Owners>
        <Owner name="" />
      </Owners>
      <TestMethod codeBase="D:\ALinq\Source\Trunk\Test\bin\Debug\Test.dll" adapterTypeName="Microsoft.VisualStudio.TestTools.TestTypes.Unit.UnitTestAdapter, Microsoft.VisualStudio.QualityTools.Tips.UnitTest.Adapter, Version=9.0.0.0, Culture=neutral, PublicKeyToken=b03f5f7f11d50a3a" className="Test.SQLiteTest, Test" name="Avg_Projection" />
    </UnitTest>
    <UnitTest name="Inherit" storage="d:\alinq\source\trunk\test\bin\debug\test.dll" id="36136b57-2207-ff16-3c99-9719c3c0dd8b">
      <Css projectStructure="" iteration="" />
      <Owners>
        <Owner name="" />
      </Owners>
      <TestMethod codeBase="D:\ALinq\Source\Trunk\Test\bin\Debug\Test.dll" adapterTypeName="Microsoft.VisualStudio.TestTools.TestTypes.Unit.UnitTestAdapter, Microsoft.VisualStudio.QualityTools.Tips.UnitTest.Adapter, Version=9.0.0.0, Culture=neutral, PublicKeyToken=b03f5f7f11d50a3a" className="Test.NorOracleTest, Test" name="Inherit" />
    </UnitTest>
    <UnitTest name="String_Equals3" storage="d:\alinq\source\trunk\test\bin\debug\test.dll" id="10d8b07b-52c7-4d69-1a17-3c931fcada0c">
      <Css projectStructure="" iteration="" />
      <Owners>
        <Owner name="" />
      </Owners>
      <TestMethod codeBase="D:\ALinq\Source\Trunk\Test\bin\Debug\Test.dll" adapterTypeName="Microsoft.VisualStudio.TestTools.TestTypes.Unit.UnitTestAdapter, Microsoft.VisualStudio.QualityTools.Tips.UnitTest.Adapter, Version=9.0.0.0, Culture=neutral, PublicKeyToken=b03f5f7f11d50a3a" className="Test.SQL2005Test, Test" name="String_Equals3" />
    </UnitTest>
    <UnitTest name="FirstOrDefault" storage="d:\alinq\source\trunk\test\bin\debug\test.dll" id="ae2ce8bb-5b97-657d-020c-b0b98ac25233">
      <Css projectStructure="" iteration="" />
      <Owners>
        <Owner name="" />
      </Owners>
      <TestMethod codeBase="D:\ALinq\Source\Trunk\Test\bin\Debug\Test.dll" adapterTypeName="Microsoft.VisualStudio.TestTools.TestTypes.Unit.UnitTestAdapter, Microsoft.VisualStudio.QualityTools.Tips.UnitTest.Adapter, Version=9.0.0.0, Culture=neutral, PublicKeyToken=b03f5f7f11d50a3a" className="Test.FirebirdTest, Test" name="FirstOrDefault" />
    </UnitTest>
    <UnitTest name="DateTime_Date" storage="d:\alinq\source\trunk\test\bin\debug\test.dll" id="8f3ff8db-82ef-e2de-cbc5-be1accc5b5b9">
      <Css projectStructure="" iteration="" />
      <Owners>
        <Owner name="" />
      </Owners>
      <TestMethod codeBase="D:\ALinq\Source\Trunk\Test\bin\Debug\Test.dll" adapterTypeName="Microsoft.VisualStudio.TestTools.TestTypes.Unit.UnitTestAdapter, Microsoft.VisualStudio.QualityTools.Tips.UnitTest.Adapter, Version=9.0.0.0, Culture=neutral, PublicKeyToken=b03f5f7f11d50a3a" className="Test.MySqlTest, Test" name="DateTime_Date" />
    </UnitTest>
    <UnitTest name="TestNull" storage="d:\alinq\source\trunk\test\bin\debug\test.dll" id="080b4f3c-eb0d-1ef9-f3b1-3b7b7d5b07de">
      <Css projectStructure="" iteration="" />
      <Owners>
        <Owner name="" />
      </Owners>
      <TestMethod codeBase="D:\ALinq\Source\Trunk\Test\bin\Debug\Test.dll" adapterTypeName="Microsoft.VisualStudio.TestTools.TestTypes.Unit.UnitTestAdapter, Microsoft.VisualStudio.QualityTools.Tips.UnitTest.Adapter, Version=9.0.0.0, Culture=neutral, PublicKeyToken=b03f5f7f11d50a3a" className="Test.OdpOracleTest, Test" name="TestNull" />
    </UnitTest>
    <UnitTest name="Convert_ToDateTime" storage="d:\alinq\source\trunk\test\bin\debug\test.dll" id="1a8568e8-1082-be63-2943-6c50ac4b8215">
      <Css projectStructure="" iteration="" />
      <Owners>
        <Owner name="" />
      </Owners>
      <TestMethod codeBase="D:\ALinq\Source\Trunk\Test\bin\Debug\Test.dll" adapterTypeName="Microsoft.VisualStudio.TestTools.TestTypes.Unit.UnitTestAdapter, Microsoft.VisualStudio.QualityTools.Tips.UnitTest.Adapter, Version=9.0.0.0, Culture=neutral, PublicKeyToken=b03f5f7f11d50a3a" className="Test.SQL2005Test, Test" name="Convert_ToDateTime" />
    </UnitTest>
    <UnitTest name="DateTime_ToString" storage="d:\alinq\source\trunk\test\bin\debug\test.dll" id="20edd1b7-65a6-b0f3-9b88-15ebece37885">
      <Css projectStructure="" iteration="" />
      <Owners>
        <Owner name="" />
      </Owners>
      <TestMethod codeBase="D:\ALinq\Source\Trunk\Test\bin\Debug\Test.dll" adapterTypeName="Microsoft.VisualStudio.TestTools.TestTypes.Unit.UnitTestAdapter, Microsoft.VisualStudio.QualityTools.Tips.UnitTest.Adapter, Version=9.0.0.0, Culture=neutral, PublicKeyToken=b03f5f7f11d50a3a" className="Test.PgsqlTest, Test" name="DateTime_ToString" />
    </UnitTest>
    <UnitTest name="SingleOrDefault" storage="d:\alinq\source\trunk\test\bin\debug\test.dll" id="f3eede7a-6e44-03c3-57c5-9f77a6691881">
      <Css projectStructure="" iteration="" />
      <Owners>
        <Owner name="" />
      </Owners>
      <TestMethod codeBase="D:\ALinq\Source\Trunk\Test\bin\Debug\Test.dll" adapterTypeName="Microsoft.VisualStudio.TestTools.TestTypes.Unit.UnitTestAdapter, Microsoft.VisualStudio.QualityTools.Tips.UnitTest.Adapter, Version=9.0.0.0, Culture=neutral, PublicKeyToken=b03f5f7f11d50a3a" className="Test.SQLiteTest, Test" name="SingleOrDefault" />
    </UnitTest>
    <UnitTest name="Sum_Projection" storage="d:\alinq\source\trunk\test\bin\debug\test.dll" id="bbd48d85-49da-a742-72e7-5a2e19944d85">
      <Css projectStructure="" iteration="" />
      <Owners>
        <Owner name="" />
      </Owners>
      <TestMethod codeBase="D:\ALinq\Source\Trunk\Test\bin\Debug\Test.dll" adapterTypeName="Microsoft.VisualStudio.TestTools.TestTypes.Unit.UnitTestAdapter, Microsoft.VisualStudio.QualityTools.Tips.UnitTest.Adapter, Version=9.0.0.0, Culture=neutral, PublicKeyToken=b03f5f7f11d50a3a" className="Test.PgsqlTest, Test" name="Sum_Projection" />
    </UnitTest>
    <UnitTest name="String_ToUpperInvariant" storage="d:\alinq\source\trunk\test\bin\debug\test.dll" id="5a663b16-3724-464f-8fba-dce37af586ae">
      <Css projectStructure="" iteration="" />
      <Owners>
        <Owner name="" />
      </Owners>
      <TestMethod codeBase="D:\ALinq\Source\Trunk\Test\bin\Debug\Test.dll" adapterTypeName="Microsoft.VisualStudio.TestTools.TestTypes.Unit.UnitTestAdapter, Microsoft.VisualStudio.QualityTools.Tips.UnitTest.Adapter, Version=9.0.0.0, Culture=neutral, PublicKeyToken=b03f5f7f11d50a3a" className="Test.SQL2000Test, Test" name="String_ToUpperInvariant" />
    </UnitTest>
    <UnitTest name="String_ToUpper2" storage="d:\alinq\source\trunk\test\bin\debug\test.dll" id="45e3f3b4-e799-549a-8a94-228faa61c7df">
      <Css projectStructure="" iteration="" />
      <Owners>
        <Owner name="" />
      </Owners>
      <TestMethod codeBase="D:\ALinq\Source\Trunk\Test\bin\Debug\Test.dll" adapterTypeName="Microsoft.VisualStudio.TestTools.TestTypes.Unit.UnitTestAdapter, Microsoft.VisualStudio.QualityTools.Tips.UnitTest.Adapter, Version=9.0.0.0, Culture=neutral, PublicKeyToken=b03f5f7f11d50a3a" className="Test.SQLiteTest, Test" name="String_ToUpper2" />
    </UnitTest>
    <UnitTest name="Convert_ToString" storage="d:\alinq\source\trunk\test\bin\debug\test.dll" id="294596df-48f6-f7d1-b466-beb52f58c094">
      <Css projectStructure="" iteration="" />
      <Owners>
        <Owner name="" />
      </Owners>
      <TestMethod codeBase="D:\ALinq\Source\Trunk\Test\bin\Debug\Test.dll" adapterTypeName="Microsoft.VisualStudio.TestTools.TestTypes.Unit.UnitTestAdapter, Microsoft.VisualStudio.QualityTools.Tips.UnitTest.Adapter, Version=9.0.0.0, Culture=neutral, PublicKeyToken=b03f5f7f11d50a3a" className="Test.DB2Test, Test" name="Convert_ToString" />
    </UnitTest>
    <UnitTest name="DateDiffMinute" storage="d:\alinq\source\trunk\test\bin\debug\test.dll" id="d4de7814-9a7c-e5ca-2e80-70d79a5043a9">
      <Css projectStructure="" iteration="" />
      <Owners>
        <Owner name="" />
      </Owners>
      <TestMethod codeBase="D:\ALinq\Source\Trunk\Test\bin\Debug\Test.dll" adapterTypeName="Microsoft.VisualStudio.TestTools.TestTypes.Unit.UnitTestAdapter, Microsoft.VisualStudio.QualityTools.Tips.UnitTest.Adapter, Version=9.0.0.0, Culture=neutral, PublicKeyToken=b03f5f7f11d50a3a" className="Test.AccessSqlMethods, Test" name="DateDiffMinute" />
    </UnitTest>
    <UnitTest name="DateTime_Minute" storage="d:\alinq\source\trunk\test\bin\debug\test.dll" id="8b999c61-2561-82f4-0018-207375f9f149">
      <Css projectStructure="" iteration="" />
      <Owners>
        <Owner name="" />
      </Owners>
      <TestMethod codeBase="D:\ALinq\Source\Trunk\Test\bin\Debug\Test.dll" adapterTypeName="Microsoft.VisualStudio.TestTools.TestTypes.Unit.UnitTestAdapter, Microsoft.VisualStudio.QualityTools.Tips.UnitTest.Adapter, Version=9.0.0.0, Culture=neutral, PublicKeyToken=b03f5f7f11d50a3a" className="Test.FirebirdTest, Test" name="DateTime_Minute" />
    </UnitTest>
    <UnitTest name="Min_Simple" storage="d:\alinq\source\trunk\test\bin\debug\test.dll" id="24c8152e-6d0f-f718-f425-cb9faf8ed6e2">
      <Css projectStructure="" iteration="" />
      <Owners>
        <Owner name="" />
      </Owners>
      <TestMethod codeBase="D:\ALinq\Source\Trunk\Test\bin\Debug\Test.dll" adapterTypeName="Microsoft.VisualStudio.TestTools.TestTypes.Unit.UnitTestAdapter, Microsoft.VisualStudio.QualityTools.Tips.UnitTest.Adapter, Version=9.0.0.0, Culture=neutral, PublicKeyToken=b03f5f7f11d50a3a" className="Test.AccessTest, Test" name="Min_Simple" />
    </UnitTest>
    <UnitTest name="Convert_ToBoolean" storage="d:\alinq\source\trunk\test\bin\debug\test.dll" id="94a4c52c-7e19-38dd-50ea-911728f6659d">
      <Css projectStructure="" iteration="" />
      <Owners>
        <Owner name="" />
      </Owners>
      <TestMethod codeBase="D:\ALinq\Source\Trunk\Test\bin\Debug\Test.dll" adapterTypeName="Microsoft.VisualStudio.TestTools.TestTypes.Unit.UnitTestAdapter, Microsoft.VisualStudio.QualityTools.Tips.UnitTest.Adapter, Version=9.0.0.0, Culture=neutral, PublicKeyToken=b03f5f7f11d50a3a" className="Test.FirebirdTest, Test" name="Convert_ToBoolean" />
    </UnitTest>
    <UnitTest name="DateTime_DayOfYear" storage="d:\alinq\source\trunk\test\bin\debug\test.dll" id="0d64510f-f6c6-a883-d9d8-26371f22019c">
      <Css projectStructure="" iteration="" />
      <Owners>
        <Owner name="" />
      </Owners>
      <TestMethod codeBase="D:\ALinq\Source\Trunk\Test\bin\Debug\Test.dll" adapterTypeName="Microsoft.VisualStudio.TestTools.TestTypes.Unit.UnitTestAdapter, Microsoft.VisualStudio.QualityTools.Tips.UnitTest.Adapter, Version=9.0.0.0, Culture=neutral, PublicKeyToken=b03f5f7f11d50a3a" className="Test.SqlTest, Test" name="DateTime_DayOfYear" />
    </UnitTest>
    <UnitTest name="Convert_ToByte" storage="d:\alinq\source\trunk\test\bin\debug\test.dll" id="030bdfb2-c182-faae-9de8-e084b969d5b4">
      <Css projectStructure="" iteration="" />
      <Owners>
        <Owner name="" />
      </Owners>
      <TestMethod codeBase="D:\ALinq\Source\Trunk\Test\bin\Debug\Test.dll" adapterTypeName="Microsoft.VisualStudio.TestTools.TestTypes.Unit.UnitTestAdapter, Microsoft.VisualStudio.QualityTools.Tips.UnitTest.Adapter, Version=9.0.0.0, Culture=neutral, PublicKeyToken=b03f5f7f11d50a3a" className="Test.SQLiteTest, Test" name="Convert_ToByte" />
    </UnitTest>
    <UnitTest name="String_IndexOf3" storage="d:\alinq\source\trunk\test\bin\debug\test.dll" id="e497aa28-15dc-18cf-4eb9-9f2e702269a6">
      <Css projectStructure="" iteration="" />
      <Owners>
        <Owner name="" />
      </Owners>
      <TestMethod codeBase="D:\ALinq\Source\Trunk\Test\bin\Debug\Test.dll" adapterTypeName="Microsoft.VisualStudio.TestTools.TestTypes.Unit.UnitTestAdapter, Microsoft.VisualStudio.QualityTools.Tips.UnitTest.Adapter, Version=9.0.0.0, Culture=neutral, PublicKeyToken=b03f5f7f11d50a3a" className="Test.DB2Test, Test" name="String_IndexOf3" />
    </UnitTest>
    <UnitTest name="GroupBy_Sum" storage="d:\alinq\source\trunk\test\bin\debug\test.dll" id="07f00875-507e-8e4a-1dfe-f39f0e8f2a00">
      <Css projectStructure="" iteration="" />
      <Owners>
        <Owner name="" />
      </Owners>
      <TestMethod codeBase="D:\ALinq\Source\Trunk\Test\bin\Debug\Test.dll" adapterTypeName="Microsoft.VisualStudio.TestTools.TestTypes.Unit.UnitTestAdapter, Microsoft.VisualStudio.QualityTools.Tips.UnitTest.Adapter, Version=9.0.0.0, Culture=neutral, PublicKeyToken=b03f5f7f11d50a3a" className="Test.SQL2005Test, Test" name="GroupBy_Sum" />
    </UnitTest>
    <UnitTest name="SqlMethod_Len" storage="d:\alinq\source\trunk\test\bin\debug\test.dll" id="f57fd5c5-bbcc-3eb4-e493-01455be5baea">
      <Css projectStructure="" iteration="" />
      <Owners>
        <Owner name="" />
      </Owners>
      <TestMethod codeBase="D:\ALinq\Source\Trunk\Test\bin\Debug\Test.dll" adapterTypeName="Microsoft.VisualStudio.TestTools.TestTypes.Unit.UnitTestAdapter, Microsoft.VisualStudio.QualityTools.Tips.UnitTest.Adapter, Version=9.0.0.0, Culture=neutral, PublicKeyToken=b03f5f7f11d50a3a" className="Test.SQL2005Test, Test" name="SqlMethod_Len" />
    </UnitTest>
    <UnitTest name="Math_Exp" storage="d:\alinq\source\trunk\test\bin\debug\test.dll" id="49aa56dd-35cd-a6c0-9ffb-10036203e7b1">
      <Css projectStructure="" iteration="" />
      <Owners>
        <Owner name="" />
      </Owners>
      <TestMethod codeBase="D:\ALinq\Source\Trunk\Test\bin\Debug\Test.dll" adapterTypeName="Microsoft.VisualStudio.TestTools.TestTypes.Unit.UnitTestAdapter, Microsoft.VisualStudio.QualityTools.Tips.UnitTest.Adapter, Version=9.0.0.0, Culture=neutral, PublicKeyToken=b03f5f7f11d50a3a" className="Test.SQL2000Test, Test" name="Math_Exp" />
    </UnitTest>
    <UnitTest name="Math_Atan" storage="d:\alinq\source\trunk\test\bin\debug\test.dll" id="ca2cc130-002a-c26f-0979-7d66dc7e7799">
      <Css projectStructure="" iteration="" />
      <Owners>
        <Owner name="" />
      </Owners>
      <TestMethod codeBase="D:\ALinq\Source\Trunk\Test\bin\Debug\Test.dll" adapterTypeName="Microsoft.VisualStudio.TestTools.TestTypes.Unit.UnitTestAdapter, Microsoft.VisualStudio.QualityTools.Tips.UnitTest.Adapter, Version=9.0.0.0, Culture=neutral, PublicKeyToken=b03f5f7f11d50a3a" className="Test.NorOracleTest, Test" name="Math_Atan" />
    </UnitTest>
    <UnitTest name="Skip_Nested" storage="d:\alinq\source\trunk\test\bin\debug\test.dll" id="bd138c86-6c7a-4d40-f70c-45e74718405d">
      <Css projectStructure="" iteration="" />
      <Owners>
        <Owner name="" />
      </Owners>
      <TestMethod codeBase="D:\ALinq\Source\Trunk\Test\bin\Debug\Test.dll" adapterTypeName="Microsoft.VisualStudio.TestTools.TestTypes.Unit.UnitTestAdapter, Microsoft.VisualStudio.QualityTools.Tips.UnitTest.Adapter, Version=9.0.0.0, Culture=neutral, PublicKeyToken=b03f5f7f11d50a3a" className="Test.OdpOracleTest, Test" name="Skip_Nested" />
    </UnitTest>
    <UnitTest name="Math_DivRem" storage="d:\alinq\source\trunk\test\bin\debug\test.dll" id="0fe8cecf-075c-f4f7-2800-11302e2d07a2">
      <Css projectStructure="" iteration="" />
      <Owners>
        <Owner name="" />
      </Owners>
      <TestMethod codeBase="D:\ALinq\Source\Trunk\Test\bin\Debug\Test.dll" adapterTypeName="Microsoft.VisualStudio.TestTools.TestTypes.Unit.UnitTestAdapter, Microsoft.VisualStudio.QualityTools.Tips.UnitTest.Adapter, Version=9.0.0.0, Culture=neutral, PublicKeyToken=b03f5f7f11d50a3a" className="Test.AccessTest, Test" name="Math_DivRem" />
    </UnitTest>
    <UnitTest name="Count_Empty" storage="d:\alinq\source\trunk\test\bin\debug\test.dll" id="b6586467-46c1-d277-246b-aa6e379a1edb">
      <Css projectStructure="" iteration="" />
      <Owners>
        <Owner name="" />
      </Owners>
      <TestMethod codeBase="D:\ALinq\Source\Trunk\Test\bin\Debug\Test.dll" adapterTypeName="Microsoft.VisualStudio.TestTools.TestTypes.Unit.UnitTestAdapter, Microsoft.VisualStudio.QualityTools.Tips.UnitTest.Adapter, Version=9.0.0.0, Culture=neutral, PublicKeyToken=b03f5f7f11d50a3a" className="Test.SQLiteTest, Test" name="Count_Empty" />
    </UnitTest>
    <UnitTest name="DateTimeGE" storage="d:\alinq\source\trunk\test\bin\debug\test.dll" id="ca80b7e8-965a-9e23-d28f-e838124b9b47">
      <Css projectStructure="" iteration="" />
      <Owners>
        <Owner name="" />
      </Owners>
      <TestMethod codeBase="D:\ALinq\Source\Trunk\Test\bin\Debug\Test.dll" adapterTypeName="Microsoft.VisualStudio.TestTools.TestTypes.Unit.UnitTestAdapter, Microsoft.VisualStudio.QualityTools.Tips.UnitTest.Adapter, Version=9.0.0.0, Culture=neutral, PublicKeyToken=b03f5f7f11d50a3a" className="Test.AccessTest, Test" name="DateTimeGE" />
    </UnitTest>
    <UnitTest name="IfEqualTest" storage="d:\alinq\source\trunk\test\bin\debug\test.dll" id="f6bf263f-4d46-0ce1-a624-5a7ed6b52c40">
      <Css projectStructure="" iteration="" />
      <Owners>
        <Owner name="" />
      </Owners>
      <TestMethod codeBase="D:\ALinq\Source\Trunk\Test\bin\Debug\Test.dll" adapterTypeName="Microsoft.VisualStudio.TestTools.TestTypes.Unit.UnitTestAdapter, Microsoft.VisualStudio.QualityTools.Tips.UnitTest.Adapter, Version=9.0.0.0, Culture=neutral, PublicKeyToken=b03f5f7f11d50a3a" className="Test.OdpOracleTest, Test" name="IfEqualTest" />
    </UnitTest>
    <UnitTest name="Convert_ToSByte" storage="d:\alinq\source\trunk\test\bin\debug\test.dll" id="151af238-8a75-e9b4-b0d0-20c77f14b600">
      <Css projectStructure="" iteration="" />
      <Owners>
        <Owner name="" />
      </Owners>
      <TestMethod codeBase="D:\ALinq\Source\Trunk\Test\bin\Debug\Test.dll" adapterTypeName="Microsoft.VisualStudio.TestTools.TestTypes.Unit.UnitTestAdapter, Microsoft.VisualStudio.QualityTools.Tips.UnitTest.Adapter, Version=9.0.0.0, Culture=neutral, PublicKeyToken=b03f5f7f11d50a3a" className="Test.NorOracleTest, Test" name="Convert_ToSByte" />
    </UnitTest>
    <UnitTest name="Avg_Emelents" storage="d:\alinq\source\trunk\test\bin\debug\test.dll" id="ba043789-d965-08d8-ab68-adcdc0f2cc5a">
      <Css projectStructure="" iteration="" />
      <Owners>
        <Owner name="" />
      </Owners>
      <TestMethod codeBase="D:\ALinq\Source\Trunk\Test\bin\Debug\Test.dll" adapterTypeName="Microsoft.VisualStudio.TestTools.TestTypes.Unit.UnitTestAdapter, Microsoft.VisualStudio.QualityTools.Tips.UnitTest.Adapter, Version=9.0.0.0, Culture=neutral, PublicKeyToken=b03f5f7f11d50a3a" className="Test.SQLiteTest, Test" name="Avg_Emelents" />
    </UnitTest>
    <UnitTest name="Test1" storage="d:\alinq\source\trunk\test\bin\debug\test.dll" id="aeb40e9f-c690-9a0b-5822-1c14d8a0333d">
      <Css projectStructure="" iteration="" />
      <Owners>
        <Owner name="" />
      </Owners>
      <TestMethod codeBase="D:\ALinq\Source\Trunk\Test\bin\Debug\Test.dll" adapterTypeName="Microsoft.VisualStudio.TestTools.TestTypes.Unit.UnitTestAdapter, Microsoft.VisualStudio.QualityTools.Tips.UnitTest.Adapter, Version=9.0.0.0, Culture=neutral, PublicKeyToken=b03f5f7f11d50a3a" className="Test.AccessTest, Test" name="Test1" />
    </UnitTest>
    <UnitTest name="DateTime_DayOfWeek" storage="d:\alinq\source\trunk\test\bin\debug\test.dll" id="0d92dfc3-883a-ea58-d639-4722d4ba71b2">
      <Css projectStructure="" iteration="" />
      <Owners>
        <Owner name="" />
      </Owners>
      <TestMethod codeBase="D:\ALinq\Source\Trunk\Test\bin\Debug\Test.dll" adapterTypeName="Microsoft.VisualStudio.TestTools.TestTypes.Unit.UnitTestAdapter, Microsoft.VisualStudio.QualityTools.Tips.UnitTest.Adapter, Version=9.0.0.0, Culture=neutral, PublicKeyToken=b03f5f7f11d50a3a" className="Test.DB2Test, Test" name="DateTime_DayOfWeek" />
    </UnitTest>
    <UnitTest name="OrderBy_GroupBy" storage="d:\alinq\source\trunk\test\bin\debug\test.dll" id="089d06a4-53c9-340e-fe51-fe2d5c19a6f7">
      <Css projectStructure="" iteration="" />
      <Owners>
        <Owner name="" />
      </Owners>
      <TestMethod codeBase="D:\ALinq\Source\Trunk\Test\bin\Debug\Test.dll" adapterTypeName="Microsoft.VisualStudio.TestTools.TestTypes.Unit.UnitTestAdapter, Microsoft.VisualStudio.QualityTools.Tips.UnitTest.Adapter, Version=9.0.0.0, Culture=neutral, PublicKeyToken=b03f5f7f11d50a3a" className="Test.MySqlTest, Test" name="OrderBy_GroupBy" />
    </UnitTest>
    <UnitTest name="Any_Condition" storage="d:\alinq\source\trunk\test\bin\debug\test.dll" id="5d912b53-0ee0-e44a-1094-8c507fc953d6">
      <Css projectStructure="" iteration="" />
      <Owners>
        <Owner name="" />
      </Owners>
      <TestMethod codeBase="D:\ALinq\Source\Trunk\Test\bin\Debug\Test.dll" adapterTypeName="Microsoft.VisualStudio.TestTools.TestTypes.Unit.UnitTestAdapter, Microsoft.VisualStudio.QualityTools.Tips.UnitTest.Adapter, Version=9.0.0.0, Culture=neutral, PublicKeyToken=b03f5f7f11d50a3a" className="Test.MySqlTest, Test" name="Any_Condition" />
    </UnitTest>
    <UnitTest name="GroupBy_Where" storage="d:\alinq\source\trunk\test\bin\debug\test.dll" id="b1e8c55e-fc73-eafd-d851-a96f611c9850">
      <Css projectStructure="" iteration="" />
      <Owners>
        <Owner name="" />
      </Owners>
      <TestMethod codeBase="D:\ALinq\Source\Trunk\Test\bin\Debug\Test.dll" adapterTypeName="Microsoft.VisualStudio.TestTools.TestTypes.Unit.UnitTestAdapter, Microsoft.VisualStudio.QualityTools.Tips.UnitTest.Adapter, Version=9.0.0.0, Culture=neutral, PublicKeyToken=b03f5f7f11d50a3a" className="Test.OdpOracleTest, Test" name="GroupBy_Where" />
    </UnitTest>
    <UnitTest name="DateTime_AddMonths" storage="d:\alinq\source\trunk\test\bin\debug\test.dll" id="437df0cc-30ca-be74-50f1-518a4f83c1be">
      <Css projectStructure="" iteration="" />
      <Owners>
        <Owner name="" />
      </Owners>
      <TestMethod codeBase="D:\ALinq\Source\Trunk\Test\bin\Debug\Test.dll" adapterTypeName="Microsoft.VisualStudio.TestTools.TestTypes.Unit.UnitTestAdapter, Microsoft.VisualStudio.QualityTools.Tips.UnitTest.Adapter, Version=9.0.0.0, Culture=neutral, PublicKeyToken=b03f5f7f11d50a3a" className="Test.SqlTest, Test" name="DateTime_AddMonths" />
    </UnitTest>
    <UnitTest name="First" priority="20" storage="d:\alinq\source\trunk\test\bin\debug\test.dll" id="7adf742b-e980-8402-2d0a-904bb8e0748f">
      <Css projectStructure="" iteration="" />
      <Owners>
        <Owner name="" />
      </Owners>
      <TestMethod codeBase="D:\ALinq\Source\Trunk\Test\bin\Debug\Test.dll" adapterTypeName="Microsoft.VisualStudio.TestTools.TestTypes.Unit.UnitTestAdapter, Microsoft.VisualStudio.QualityTools.Tips.UnitTest.Adapter, Version=9.0.0.0, Culture=neutral, PublicKeyToken=b03f5f7f11d50a3a" className="Test.SQL2005Test, Test" name="First" />
    </UnitTest>
    <UnitTest name="Test" storage="d:\alinq\source\trunk\test\bin\debug\test.dll" id="b3845b0e-6c79-5f7f-746c-cc7b962f74c0">
      <Css projectStructure="" iteration="" />
      <Owners>
        <Owner name="" />
      </Owners>
      <TestMethod codeBase="D:\ALinq\Source\Trunk\Test\bin\Debug\Test.dll" adapterTypeName="Microsoft.VisualStudio.TestTools.TestTypes.Unit.UnitTestAdapter, Microsoft.VisualStudio.QualityTools.Tips.UnitTest.Adapter, Version=9.0.0.0, Culture=neutral, PublicKeyToken=b03f5f7f11d50a3a" className="Test.NorOracleProcedureTest, Test" name="Test" />
    </UnitTest>
    <UnitTest name="Math_Floor" storage="d:\alinq\source\trunk\test\bin\debug\test.dll" id="fa3a0ec2-d497-256a-1c2d-53ab7b8a82ae">
      <Css projectStructure="" iteration="" />
      <Owners>
        <Owner name="" />
      </Owners>
      <TestMethod codeBase="D:\ALinq\Source\Trunk\Test\bin\Debug\Test.dll" adapterTypeName="Microsoft.VisualStudio.TestTools.TestTypes.Unit.UnitTestAdapter, Microsoft.VisualStudio.QualityTools.Tips.UnitTest.Adapter, Version=9.0.0.0, Culture=neutral, PublicKeyToken=b03f5f7f11d50a3a" className="Test.OdpOracleTest, Test" name="Math_Floor" />
    </UnitTest>
    <UnitTest name="String_CompareTo" storage="d:\alinq\source\trunk\test\bin\debug\test.dll" id="b54125a7-a1a4-4519-d7f7-1774939ed133">
      <Css projectStructure="" iteration="" />
      <Owners>
        <Owner name="" />
      </Owners>
      <TestMethod codeBase="D:\ALinq\Source\Trunk\Test\bin\Debug\Test.dll" adapterTypeName="Microsoft.VisualStudio.TestTools.TestTypes.Unit.UnitTestAdapter, Microsoft.VisualStudio.QualityTools.Tips.UnitTest.Adapter, Version=9.0.0.0, Culture=neutral, PublicKeyToken=b03f5f7f11d50a3a" className="Test.MySqlTest, Test" name="String_CompareTo" />
    </UnitTest>
    <UnitTest name="SqlMethod_Remote" storage="d:\alinq\source\trunk\test\bin\debug\test.dll" id="d3110f46-7697-b85e-2d0d-bd0931f0af3b">
      <Css projectStructure="" iteration="" />
      <Owners>
        <Owner name="" />
      </Owners>
      <TestMethod codeBase="D:\ALinq\Source\Trunk\Test\bin\Debug\Test.dll" adapterTypeName="Microsoft.VisualStudio.TestTools.TestTypes.Unit.UnitTestAdapter, Microsoft.VisualStudio.QualityTools.Tips.UnitTest.Adapter, Version=9.0.0.0, Culture=neutral, PublicKeyToken=b03f5f7f11d50a3a" className="Test.FirebirdTest, Test" name="SqlMethod_Remote" />
    </UnitTest>
    <UnitTest name="First" priority="20" storage="d:\alinq\source\trunk\test\bin\debug\test.dll" id="fe1e9eea-e1c1-c15e-1814-19041857b1bd">
      <Css projectStructure="" iteration="" />
      <Owners>
        <Owner name="" />
      </Owners>
      <TestMethod codeBase="D:\ALinq\Source\Trunk\Test\bin\Debug\Test.dll" adapterTypeName="Microsoft.VisualStudio.TestTools.TestTypes.Unit.UnitTestAdapter, Microsoft.VisualStudio.QualityTools.Tips.UnitTest.Adapter, Version=9.0.0.0, Culture=neutral, PublicKeyToken=b03f5f7f11d50a3a" className="Test.PgsqlTest, Test" name="First" />
    </UnitTest>
    <UnitTest name="Any_Grouped" storage="d:\alinq\source\trunk\test\bin\debug\test.dll" id="2bd5d205-79e6-50f4-9310-51656ab1a052">
      <Css projectStructure="" iteration="" />
      <Owners>
        <Owner name="" />
      </Owners>
      <TestMethod codeBase="D:\ALinq\Source\Trunk\Test\bin\Debug\Test.dll" adapterTypeName="Microsoft.VisualStudio.TestTools.TestTypes.Unit.UnitTestAdapter, Microsoft.VisualStudio.QualityTools.Tips.UnitTest.Adapter, Version=9.0.0.0, Culture=neutral, PublicKeyToken=b03f5f7f11d50a3a" className="Test.AccessTest, Test" name="Any_Grouped" />
    </UnitTest>
    <UnitTest name="First" priority="20" storage="d:\alinq\source\trunk\test\bin\debug\test.dll" id="eab5caca-dfcd-6c4a-eca3-cd3b3d39de06">
      <Css projectStructure="" iteration="" />
      <Owners>
        <Owner name="" />
      </Owners>
      <TestMethod codeBase="D:\ALinq\Source\Trunk\Test\bin\Debug\Test.dll" adapterTypeName="Microsoft.VisualStudio.TestTools.TestTypes.Unit.UnitTestAdapter, Microsoft.VisualStudio.QualityTools.Tips.UnitTest.Adapter, Version=9.0.0.0, Culture=neutral, PublicKeyToken=b03f5f7f11d50a3a" className="Test.SqlTest, Test" name="First" />
    </UnitTest>
    <UnitTest name="Count_Grouped" storage="d:\alinq\source\trunk\test\bin\debug\test.dll" id="407274d7-ddd0-b064-8097-07f0a6cd767b">
      <Css projectStructure="" iteration="" />
      <Owners>
        <Owner name="" />
      </Owners>
      <TestMethod codeBase="D:\ALinq\Source\Trunk\Test\bin\Debug\Test.dll" adapterTypeName="Microsoft.VisualStudio.TestTools.TestTypes.Unit.UnitTestAdapter, Microsoft.VisualStudio.QualityTools.Tips.UnitTest.Adapter, Version=9.0.0.0, Culture=neutral, PublicKeyToken=b03f5f7f11d50a3a" className="Test.SqlTest, Test" name="Count_Grouped" />
    </UnitTest>
    <UnitTest name="DateDiffMinute" storage="d:\alinq\source\trunk\test\bin\debug\test.dll" id="82e0a5ce-ee51-33f9-e62f-d8e1df0e0184">
      <Css projectStructure="" iteration="" />
      <Owners>
        <Owner name="" />
      </Owners>
      <TestMethod codeBase="D:\ALinq\Source\Trunk\Test\bin\Debug\Test.dll" adapterTypeName="Microsoft.VisualStudio.TestTools.TestTypes.Unit.UnitTestAdapter, Microsoft.VisualStudio.QualityTools.Tips.UnitTest.Adapter, Version=9.0.0.0, Culture=neutral, PublicKeyToken=b03f5f7f11d50a3a" className="Test.DB2SqlMethods, Test" name="DateDiffMinute" />
    </UnitTest>
    <UnitTest name="GetCreateTableCommandTest" storage="d:\alinq\source\trunk\test\bin\debug\test.dll" id="ee7b1f2b-5640-e4fe-062a-13d7e68ca63f">
      <Css projectStructure="" iteration="" />
      <Owners>
        <Owner name="" />
      </Owners>
      <TestMethod codeBase="D:\ALinq\Source\Trunk\Test\bin\Debug\Test.dll" adapterTypeName="Microsoft.VisualStudio.TestTools.TestTypes.Unit.UnitTestAdapter, Microsoft.VisualStudio.QualityTools.Tips.UnitTest.Adapter, Version=9.0.0.0, Culture=neutral, PublicKeyToken=b03f5f7f11d50a3a" className="Test.AccessSqlBuilderTest, Test" name="GetCreateTableCommandTest" />
    </UnitTest>
    <UnitTest name="Where_Simple2" storage="d:\alinq\source\trunk\test\bin\debug\test.dll" id="204ab6ad-1c62-d146-82d0-4c94bddc1356">
      <Css projectStructure="" iteration="" />
      <Owners>
        <Owner name="" />
      </Owners>
      <TestMethod codeBase="D:\ALinq\Source\Trunk\Test\bin\Debug\Test.dll" adapterTypeName="Microsoft.VisualStudio.TestTools.TestTypes.Unit.UnitTestAdapter, Microsoft.VisualStudio.QualityTools.Tips.UnitTest.Adapter, Version=9.0.0.0, Culture=neutral, PublicKeyToken=b03f5f7f11d50a3a" className="Test.FirebirdTest, Test" name="Where_Simple2" />
    </UnitTest>
    <UnitTest name="Distinct2" storage="d:\alinq\source\trunk\test\bin\debug\test.dll" id="c7f304eb-2cf2-2959-222b-6c0357810971">
      <Css projectStructure="" iteration="" />
      <Owners>
        <Owner name="" />
      </Owners>
      <TestMethod codeBase="D:\ALinq\Source\Trunk\Test\bin\Debug\Test.dll" adapterTypeName="Microsoft.VisualStudio.TestTools.TestTypes.Unit.UnitTestAdapter, Microsoft.VisualStudio.QualityTools.Tips.UnitTest.Adapter, Version=9.0.0.0, Culture=neutral, PublicKeyToken=b03f5f7f11d50a3a" className="Test.PgsqlTest, Test" name="Distinct2" />
    </UnitTest>
    <UnitTest name="Sum_Projection" storage="d:\alinq\source\trunk\test\bin\debug\test.dll" id="8714d09a-7fad-4aca-1592-949da9e47fc2">
      <Css projectStructure="" iteration="" />
      <Owners>
        <Owner name="" />
      </Owners>
      <TestMethod codeBase="D:\ALinq\Source\Trunk\Test\bin\Debug\Test.dll" adapterTypeName="Microsoft.VisualStudio.TestTools.TestTypes.Unit.UnitTestAdapter, Microsoft.VisualStudio.QualityTools.Tips.UnitTest.Adapter, Version=9.0.0.0, Culture=neutral, PublicKeyToken=b03f5f7f11d50a3a" className="Test.SqlTest, Test" name="Sum_Projection" />
    </UnitTest>
    <UnitTest name="Math_BigMul" storage="d:\alinq\source\trunk\test\bin\debug\test.dll" id="db31b71c-c6f7-8925-851e-17656027137f">
      <Css projectStructure="" iteration="" />
      <Owners>
        <Owner name="" />
      </Owners>
      <TestMethod codeBase="D:\ALinq\Source\Trunk\Test\bin\Debug\Test.dll" adapterTypeName="Microsoft.VisualStudio.TestTools.TestTypes.Unit.UnitTestAdapter, Microsoft.VisualStudio.QualityTools.Tips.UnitTest.Adapter, Version=9.0.0.0, Culture=neutral, PublicKeyToken=b03f5f7f11d50a3a" className="Test.AccessTest, Test" name="Math_BigMul" />
    </UnitTest>
    <UnitTest name="String_Substring2" storage="d:\alinq\source\trunk\test\bin\debug\test.dll" id="5ac5cee6-b427-58c4-916d-49dbab5287d7">
      <Css projectStructure="" iteration="" />
      <Owners>
        <Owner name="" />
      </Owners>
      <TestMethod codeBase="D:\ALinq\Source\Trunk\Test\bin\Debug\Test.dll" adapterTypeName="Microsoft.VisualStudio.TestTools.TestTypes.Unit.UnitTestAdapter, Microsoft.VisualStudio.QualityTools.Tips.UnitTest.Adapter, Version=9.0.0.0, Culture=neutral, PublicKeyToken=b03f5f7f11d50a3a" className="Test.SQL2000Test, Test" name="String_Substring2" />
    </UnitTest>
    <UnitTest name="Math_Cosh" storage="d:\alinq\source\trunk\test\bin\debug\test.dll" id="9f0ae5fd-ca6e-ce92-cc6d-bc20d4aa3f0b">
      <Css projectStructure="" iteration="" />
      <Owners>
        <Owner name="" />
      </Owners>
      <TestMethod codeBase="D:\ALinq\Source\Trunk\Test\bin\Debug\Test.dll" adapterTypeName="Microsoft.VisualStudio.TestTools.TestTypes.Unit.UnitTestAdapter, Microsoft.VisualStudio.QualityTools.Tips.UnitTest.Adapter, Version=9.0.0.0, Culture=neutral, PublicKeyToken=b03f5f7f11d50a3a" className="Test.OdpOracleTest, Test" name="Math_Cosh" />
    </UnitTest>
    <UnitTest name="DataType_UInt64" storage="d:\alinq\source\trunk\test\bin\debug\test.dll" id="8ae367a5-75e4-bcdd-a0dd-8d4a1dd84289">
      <Css projectStructure="" iteration="" />
      <Owners>
        <Owner name="" />
      </Owners>
      <TestMethod codeBase="D:\ALinq\Source\Trunk\Test\bin\Debug\Test.dll" adapterTypeName="Microsoft.VisualStudio.TestTools.TestTypes.Unit.UnitTestAdapter, Microsoft.VisualStudio.QualityTools.Tips.UnitTest.Adapter, Version=9.0.0.0, Culture=neutral, PublicKeyToken=b03f5f7f11d50a3a" className="Test.MySqlTest, Test" name="DataType_UInt64" />
    </UnitTest>
    <UnitTest name="Math_Log10" storage="d:\alinq\source\trunk\test\bin\debug\test.dll" id="d75b476e-9c73-4f05-8511-9f28d4f35f57">
      <Css projectStructure="" iteration="" />
      <Owners>
        <Owner name="" />
      </Owners>
      <TestMethod codeBase="D:\ALinq\Source\Trunk\Test\bin\Debug\Test.dll" adapterTypeName="Microsoft.VisualStudio.TestTools.TestTypes.Unit.UnitTestAdapter, Microsoft.VisualStudio.QualityTools.Tips.UnitTest.Adapter, Version=9.0.0.0, Culture=neutral, PublicKeyToken=b03f5f7f11d50a3a" className="Test.SQL2005Test, Test" name="Math_Log10" />
    </UnitTest>
    <UnitTest name="StringLength" storage="d:\alinq\source\trunk\test\bin\debug\test.dll" id="ce31774c-1955-90e4-257a-e9b1f181a7a0">
      <Css projectStructure="" iteration="" />
      <Owners>
        <Owner name="" />
      </Owners>
      <TestMethod codeBase="D:\ALinq\Source\Trunk\Test\bin\Debug\Test.dll" adapterTypeName="Microsoft.VisualStudio.TestTools.TestTypes.Unit.UnitTestAdapter, Microsoft.VisualStudio.QualityTools.Tips.UnitTest.Adapter, Version=9.0.0.0, Culture=neutral, PublicKeyToken=b03f5f7f11d50a3a" className="Test.PgsqlTest, Test" name="StringLength" />
    </UnitTest>
    <UnitTest name="StringLength" storage="d:\alinq\source\trunk\test\bin\debug\test.dll" id="2ad8d658-5b80-2fdf-980d-2ac2447b0d1f">
      <Css projectStructure="" iteration="" />
      <Owners>
        <Owner name="" />
      </Owners>
      <TestMethod codeBase="D:\ALinq\Source\Trunk\Test\bin\Debug\Test.dll" adapterTypeName="Microsoft.VisualStudio.TestTools.TestTypes.Unit.UnitTestAdapter, Microsoft.VisualStudio.QualityTools.Tips.UnitTest.Adapter, Version=9.0.0.0, Culture=neutral, PublicKeyToken=b03f5f7f11d50a3a" className="Test.SQL2000Test, Test" name="StringLength" />
    </UnitTest>
    <UnitTest name="Math_Tanh" storage="d:\alinq\source\trunk\test\bin\debug\test.dll" id="91523274-5a20-7f51-c088-7964dc2d4a82">
      <Css projectStructure="" iteration="" />
      <Owners>
        <Owner name="" />
      </Owners>
      <TestMethod codeBase="D:\ALinq\Source\Trunk\Test\bin\Debug\Test.dll" adapterTypeName="Microsoft.VisualStudio.TestTools.TestTypes.Unit.UnitTestAdapter, Microsoft.VisualStudio.QualityTools.Tips.UnitTest.Adapter, Version=9.0.0.0, Culture=neutral, PublicKeyToken=b03f5f7f11d50a3a" className="Test.NorOracleTest, Test" name="Math_Tanh" />
    </UnitTest>
    <UnitTest name="Join_SelfJoin" storage="d:\alinq\source\trunk\test\bin\debug\test.dll" id="5a49a56b-ce41-b8c2-0d51-3c6b6b2441d2">
      <Css projectStructure="" iteration="" />
      <Owners>
        <Owner name="" />
      </Owners>
      <TestMethod codeBase="D:\ALinq\Source\Trunk\Test\bin\Debug\Test.dll" adapterTypeName="Microsoft.VisualStudio.TestTools.TestTypes.Unit.UnitTestAdapter, Microsoft.VisualStudio.QualityTools.Tips.UnitTest.Adapter, Version=9.0.0.0, Culture=neutral, PublicKeyToken=b03f5f7f11d50a3a" className="Test.DB2Test, Test" name="Join_SelfJoin" />
    </UnitTest>
    <UnitTest name="String_IndexOf3" storage="d:\alinq\source\trunk\test\bin\debug\test.dll" id="6c4958fe-334c-4322-d6b7-ddb44ec1fd91">
      <Css projectStructure="" iteration="" />
      <Owners>
        <Owner name="" />
      </Owners>
      <TestMethod codeBase="D:\ALinq\Source\Trunk\Test\bin\Debug\Test.dll" adapterTypeName="Microsoft.VisualStudio.TestTools.TestTypes.Unit.UnitTestAdapter, Microsoft.VisualStudio.QualityTools.Tips.UnitTest.Adapter, Version=9.0.0.0, Culture=neutral, PublicKeyToken=b03f5f7f11d50a3a" className="Test.SqlTest, Test" name="String_IndexOf3" />
    </UnitTest>
    <UnitTest name="GroupBy_Min" storage="d:\alinq\source\trunk\test\bin\debug\test.dll" id="db7a02b0-c81c-3302-88b0-87c39439ef5c">
      <Css projectStructure="" iteration="" />
      <Owners>
        <Owner name="" />
      </Owners>
      <TestMethod codeBase="D:\ALinq\Source\Trunk\Test\bin\Debug\Test.dll" adapterTypeName="Microsoft.VisualStudio.TestTools.TestTypes.Unit.UnitTestAdapter, Microsoft.VisualStudio.QualityTools.Tips.UnitTest.Adapter, Version=9.0.0.0, Culture=neutral, PublicKeyToken=b03f5f7f11d50a3a" className="Test.OdpOracleTest, Test" name="GroupBy_Min" />
    </UnitTest>
    <UnitTest name="Distinct2" storage="d:\alinq\source\trunk\test\bin\debug\test.dll" id="dbb8524d-c28e-8b5b-be8a-6a96ec2fe31f">
      <Css projectStructure="" iteration="" />
      <Owners>
        <Owner name="" />
      </Owners>
      <TestMethod codeBase="D:\ALinq\Source\Trunk\Test\bin\Debug\Test.dll" adapterTypeName="Microsoft.VisualStudio.TestTools.TestTypes.Unit.UnitTestAdapter, Microsoft.VisualStudio.QualityTools.Tips.UnitTest.Adapter, Version=9.0.0.0, Culture=neutral, PublicKeyToken=b03f5f7f11d50a3a" className="Test.AccessTest, Test" name="Distinct2" />
    </UnitTest>
    <UnitTest name="String_ToUpper2" storage="d:\alinq\source\trunk\test\bin\debug\test.dll" id="e57581ed-88bb-6f21-2d4c-0e37ee34a9ee">
      <Css projectStructure="" iteration="" />
      <Owners>
        <Owner name="" />
      </Owners>
      <TestMethod codeBase="D:\ALinq\Source\Trunk\Test\bin\Debug\Test.dll" adapterTypeName="Microsoft.VisualStudio.TestTools.TestTypes.Unit.UnitTestAdapter, Microsoft.VisualStudio.QualityTools.Tips.UnitTest.Adapter, Version=9.0.0.0, Culture=neutral, PublicKeyToken=b03f5f7f11d50a3a" className="Test.SqlTest, Test" name="String_ToUpper2" />
    </UnitTest>
    <UnitTest name="Convert_ToSByte" storage="d:\alinq\source\trunk\test\bin\debug\test.dll" id="b74f21d1-aaa1-6893-8061-cdd67a1d44a9">
      <Css projectStructure="" iteration="" />
      <Owners>
        <Owner name="" />
      </Owners>
      <TestMethod codeBase="D:\ALinq\Source\Trunk\Test\bin\Debug\Test.dll" adapterTypeName="Microsoft.VisualStudio.TestTools.TestTypes.Unit.UnitTestAdapter, Microsoft.VisualStudio.QualityTools.Tips.UnitTest.Adapter, Version=9.0.0.0, Culture=neutral, PublicKeyToken=b03f5f7f11d50a3a" className="Test.SQLiteTest, Test" name="Convert_ToSByte" />
    </UnitTest>
    <UnitTest name="Contains" storage="d:\alinq\source\trunk\test\bin\debug\test.dll" id="4ac2825a-1c3b-5a96-985e-cc76b3823e2b">
      <Css projectStructure="" iteration="" />
      <Owners>
        <Owner name="" />
      </Owners>
      <TestMethod codeBase="D:\ALinq\Source\Trunk\Test\bin\Debug\Test.dll" adapterTypeName="Microsoft.VisualStudio.TestTools.TestTypes.Unit.UnitTestAdapter, Microsoft.VisualStudio.QualityTools.Tips.UnitTest.Adapter, Version=9.0.0.0, Culture=neutral, PublicKeyToken=b03f5f7f11d50a3a" className="Test.DB2Test, Test" name="Contains" />
    </UnitTest>
    <UnitTest name="Sum_Simple" storage="d:\alinq\source\trunk\test\bin\debug\test.dll" id="8ab7c20f-8262-ee6d-683d-ff3672c74155">
      <Css projectStructure="" iteration="" />
      <Owners>
        <Owner name="" />
      </Owners>
      <TestMethod codeBase="D:\ALinq\Source\Trunk\Test\bin\Debug\Test.dll" adapterTypeName="Microsoft.VisualStudio.TestTools.TestTypes.Unit.UnitTestAdapter, Microsoft.VisualStudio.QualityTools.Tips.UnitTest.Adapter, Version=9.0.0.0, Culture=neutral, PublicKeyToken=b03f5f7f11d50a3a" className="Test.DB2Test, Test" name="Sum_Simple" />
    </UnitTest>
    <UnitTest name="GroupBy_Where" storage="d:\alinq\source\trunk\test\bin\debug\test.dll" id="a58d5eec-b67d-cea0-bd0a-aa721769c4c5">
      <Css projectStructure="" iteration="" />
      <Owners>
        <Owner name="" />
      </Owners>
      <TestMethod codeBase="D:\ALinq\Source\Trunk\Test\bin\Debug\Test.dll" adapterTypeName="Microsoft.VisualStudio.TestTools.TestTypes.Unit.UnitTestAdapter, Microsoft.VisualStudio.QualityTools.Tips.UnitTest.Adapter, Version=9.0.0.0, Culture=neutral, PublicKeyToken=b03f5f7f11d50a3a" className="Test.SQL2000Test, Test" name="GroupBy_Where" />
    </UnitTest>
    <UnitTest name="GetAllCategories" storage="d:\alinq\source\trunk\test\bin\debug\test.dll" id="995211f4-8103-d3dd-2735-85c4eeaaed33">
      <Css projectStructure="" iteration="" />
      <Owners>
        <Owner name="" />
      </Owners>
      <TestMethod codeBase="D:\ALinq\Source\Trunk\Test\bin\Debug\Test.dll" adapterTypeName="Microsoft.VisualStudio.TestTools.TestTypes.Unit.UnitTestAdapter, Microsoft.VisualStudio.QualityTools.Tips.UnitTest.Adapter, Version=9.0.0.0, Culture=neutral, PublicKeyToken=b03f5f7f11d50a3a" className="Test.FirebirdProcedureTest, Test" name="GetAllCategories" />
    </UnitTest>
    <UnitTest name="DateTime_AddSeconds" storage="d:\alinq\source\trunk\test\bin\debug\test.dll" id="29b21731-3261-9944-abbe-fea508ef7b16">
      <Css projectStructure="" iteration="" />
      <Owners>
        <Owner name="" />
      </Owners>
      <TestMethod codeBase="D:\ALinq\Source\Trunk\Test\bin\Debug\Test.dll" adapterTypeName="Microsoft.VisualStudio.TestTools.TestTypes.Unit.UnitTestAdapter, Microsoft.VisualStudio.QualityTools.Tips.UnitTest.Adapter, Version=9.0.0.0, Culture=neutral, PublicKeyToken=b03f5f7f11d50a3a" className="Test.PgsqlTest, Test" name="DateTime_AddSeconds" />
    </UnitTest>
    <UnitTest name="Sum_Empty" storage="d:\alinq\source\trunk\test\bin\debug\test.dll" id="ffb5699b-5c50-1f0e-b176-5e7ec067a664">
      <Css projectStructure="" iteration="" />
      <Owners>
        <Owner name="" />
      </Owners>
      <TestMethod codeBase="D:\ALinq\Source\Trunk\Test\bin\Debug\Test.dll" adapterTypeName="Microsoft.VisualStudio.TestTools.TestTypes.Unit.UnitTestAdapter, Microsoft.VisualStudio.QualityTools.Tips.UnitTest.Adapter, Version=9.0.0.0, Culture=neutral, PublicKeyToken=b03f5f7f11d50a3a" className="Test.NorOracleTest, Test" name="Sum_Empty" />
    </UnitTest>
    <UnitTest name="CRUD_Update2" storage="d:\alinq\source\trunk\test\bin\debug\test.dll" id="df8792c4-cfb3-5822-6d51-e0b1d62aa544">
      <Css projectStructure="" iteration="" />
      <Owners>
        <Owner name="" />
      </Owners>
      <TestMethod codeBase="D:\ALinq\Source\Trunk\Test\bin\Debug\Test.dll" adapterTypeName="Microsoft.VisualStudio.TestTools.TestTypes.Unit.UnitTestAdapter, Microsoft.VisualStudio.QualityTools.Tips.UnitTest.Adapter, Version=9.0.0.0, Culture=neutral, PublicKeyToken=b03f5f7f11d50a3a" className="Test.OdpOracleTest, Test" name="CRUD_Update2" />
    </UnitTest>
    <UnitTest name="Where_Simple2" storage="d:\alinq\source\trunk\test\bin\debug\test.dll" id="7f2382c4-eaa6-81c3-dc27-13cbd1f01c3c">
      <Css projectStructure="" iteration="" />
      <Owners>
        <Owner name="" />
      </Owners>
      <TestMethod codeBase="D:\ALinq\Source\Trunk\Test\bin\Debug\Test.dll" adapterTypeName="Microsoft.VisualStudio.TestTools.TestTypes.Unit.UnitTestAdapter, Microsoft.VisualStudio.QualityTools.Tips.UnitTest.Adapter, Version=9.0.0.0, Culture=neutral, PublicKeyToken=b03f5f7f11d50a3a" className="Test.SqlTest, Test" name="Where_Simple2" />
    </UnitTest>
    <UnitTest name="ParseSqlDataType" storage="d:\alinq\source\trunk\test\bin\debug\test.dll" id="e81028de-5555-da59-10ae-f4f3340b54ca">
      <Css projectStructure="" iteration="" />
      <Owners>
        <Owner name="" />
      </Owners>
      <TestMethod codeBase="D:\ALinq\Source\Trunk\Test\bin\Debug\Test.dll" adapterTypeName="Microsoft.VisualStudio.TestTools.TestTypes.Unit.UnitTestAdapter, Microsoft.VisualStudio.QualityTools.Tips.UnitTest.Adapter, Version=9.0.0.0, Culture=neutral, PublicKeyToken=b03f5f7f11d50a3a" className="Test.DB2DataTypeTest, Test" name="ParseSqlDataType" />
    </UnitTest>
    <UnitTest name="Single" storage="d:\alinq\source\trunk\test\bin\debug\test.dll" id="06ef38db-7141-3234-b930-6d548c8f333f">
      <Css projectStructure="" iteration="" />
      <Owners>
        <Owner name="" />
      </Owners>
      <TestMethod codeBase="D:\ALinq\Source\Trunk\Test\bin\Debug\Test.dll" adapterTypeName="Microsoft.VisualStudio.TestTools.TestTypes.Unit.UnitTestAdapter, Microsoft.VisualStudio.QualityTools.Tips.UnitTest.Adapter, Version=9.0.0.0, Culture=neutral, PublicKeyToken=b03f5f7f11d50a3a" className="Test.MySqlTest, Test" name="Single" />
    </UnitTest>
    <UnitTest name="Max_Elements" storage="d:\alinq\source\trunk\test\bin\debug\test.dll" id="badfe707-f95c-42ef-d47b-f6afe76d6b9e">
      <Css projectStructure="" iteration="" />
      <Owners>
        <Owner name="" />
      </Owners>
      <TestMethod codeBase="D:\ALinq\Source\Trunk\Test\bin\Debug\Test.dll" adapterTypeName="Microsoft.VisualStudio.TestTools.TestTypes.Unit.UnitTestAdapter, Microsoft.VisualStudio.QualityTools.Tips.UnitTest.Adapter, Version=9.0.0.0, Culture=neutral, PublicKeyToken=b03f5f7f11d50a3a" className="Test.SQL2000Test, Test" name="Max_Elements" />
    </UnitTest>
    <UnitTest name="Math_Round2" storage="d:\alinq\source\trunk\test\bin\debug\test.dll" id="181cad11-fe37-8a80-68fc-0580e66c1f7d">
      <Css projectStructure="" iteration="" />
      <Owners>
        <Owner name="" />
      </Owners>
      <TestMethod codeBase="D:\ALinq\Source\Trunk\Test\bin\Debug\Test.dll" adapterTypeName="Microsoft.VisualStudio.TestTools.TestTypes.Unit.UnitTestAdapter, Microsoft.VisualStudio.QualityTools.Tips.UnitTest.Adapter, Version=9.0.0.0, Culture=neutral, PublicKeyToken=b03f5f7f11d50a3a" className="Test.FirebirdTest, Test" name="Math_Round2" />
    </UnitTest>
    <UnitTest name="Any_Condition" storage="d:\alinq\source\trunk\test\bin\debug\test.dll" id="02ebe06d-c2c9-bcb4-9cc6-6199566d43d8">
      <Css projectStructure="" iteration="" />
      <Owners>
        <Owner name="" />
      </Owners>
      <TestMethod codeBase="D:\ALinq\Source\Trunk\Test\bin\Debug\Test.dll" adapterTypeName="Microsoft.VisualStudio.TestTools.TestTypes.Unit.UnitTestAdapter, Microsoft.VisualStudio.QualityTools.Tips.UnitTest.Adapter, Version=9.0.0.0, Culture=neutral, PublicKeyToken=b03f5f7f11d50a3a" className="Test.SQL2005Test, Test" name="Any_Condition" />
    </UnitTest>
    <UnitTest name="Join_CompositeKey" storage="d:\alinq\source\trunk\test\bin\debug\test.dll" id="2c31837e-ec26-67d2-2c83-6e25eaf2b712">
      <Css projectStructure="" iteration="" />
      <Owners>
        <Owner name="" />
      </Owners>
      <TestMethod codeBase="D:\ALinq\Source\Trunk\Test\bin\Debug\Test.dll" adapterTypeName="Microsoft.VisualStudio.TestTools.TestTypes.Unit.UnitTestAdapter, Microsoft.VisualStudio.QualityTools.Tips.UnitTest.Adapter, Version=9.0.0.0, Culture=neutral, PublicKeyToken=b03f5f7f11d50a3a" className="Test.SQL2000Test, Test" name="Join_CompositeKey" />
    </UnitTest>
    <UnitTest name="GetAllCategories1" storage="d:\alinq\source\trunk\test\bin\debug\test.dll" id="969e1a10-e280-3158-fb9b-fb2f4cdd9a23">
      <Css projectStructure="" iteration="" />
      <Owners>
        <Owner name="" />
      </Owners>
      <TestMethod codeBase="D:\ALinq\Source\Trunk\Test\bin\Debug\Test.dll" adapterTypeName="Microsoft.VisualStudio.TestTools.TestTypes.Unit.UnitTestAdapter, Microsoft.VisualStudio.QualityTools.Tips.UnitTest.Adapter, Version=9.0.0.0, Culture=neutral, PublicKeyToken=b03f5f7f11d50a3a" className="Test.OdpOracleProcedureTest, Test" name="GetAllCategories1" />
    </UnitTest>
    <UnitTest name="DateTime_Day" storage="d:\alinq\source\trunk\test\bin\debug\test.dll" id="b4d5478f-243e-df73-c2e8-a95160a3f8c5">
      <Css projectStructure="" iteration="" />
      <Owners>
        <Owner name="" />
      </Owners>
      <TestMethod codeBase="D:\ALinq\Source\Trunk\Test\bin\Debug\Test.dll" adapterTypeName="Microsoft.VisualStudio.TestTools.TestTypes.Unit.UnitTestAdapter, Microsoft.VisualStudio.QualityTools.Tips.UnitTest.Adapter, Version=9.0.0.0, Culture=neutral, PublicKeyToken=b03f5f7f11d50a3a" className="Test.NorOracleTest, Test" name="DateTime_Day" />
    </UnitTest>
    <UnitTest name="Any_Simple" storage="d:\alinq\source\trunk\test\bin\debug\test.dll" id="4588450b-0ad1-cd0d-efa9-ef52a8eadf74">
      <Css projectStructure="" iteration="" />
      <Owners>
        <Owner name="" />
      </Owners>
      <TestMethod codeBase="D:\ALinq\Source\Trunk\Test\bin\Debug\Test.dll" adapterTypeName="Microsoft.VisualStudio.TestTools.TestTypes.Unit.UnitTestAdapter, Microsoft.VisualStudio.QualityTools.Tips.UnitTest.Adapter, Version=9.0.0.0, Culture=neutral, PublicKeyToken=b03f5f7f11d50a3a" className="Test.DB2Test, Test" name="Any_Simple" />
    </UnitTest>
    <UnitTest name="OrderBy_GroupBy" storage="d:\alinq\source\trunk\test\bin\debug\test.dll" id="350affcb-0870-aaf7-ef75-9fcfe43d6f60">
      <Css projectStructure="" iteration="" />
      <Owners>
        <Owner name="" />
      </Owners>
      <TestMethod codeBase="D:\ALinq\Source\Trunk\Test\bin\Debug\Test.dll" adapterTypeName="Microsoft.VisualStudio.TestTools.TestTypes.Unit.UnitTestAdapter, Microsoft.VisualStudio.QualityTools.Tips.UnitTest.Adapter, Version=9.0.0.0, Culture=neutral, PublicKeyToken=b03f5f7f11d50a3a" className="Test.SQL2000Test, Test" name="OrderBy_GroupBy" />
    </UnitTest>
    <UnitTest name="String_CompareTo" storage="d:\alinq\source\trunk\test\bin\debug\test.dll" id="b304fa7d-6198-99d0-2dd1-a904ce4109e5">
      <Css projectStructure="" iteration="" />
      <Owners>
        <Owner name="" />
      </Owners>
      <TestMethod codeBase="D:\ALinq\Source\Trunk\Test\bin\Debug\Test.dll" adapterTypeName="Microsoft.VisualStudio.TestTools.TestTypes.Unit.UnitTestAdapter, Microsoft.VisualStudio.QualityTools.Tips.UnitTest.Adapter, Version=9.0.0.0, Culture=neutral, PublicKeyToken=b03f5f7f11d50a3a" className="Test.NorOracleTest, Test" name="String_CompareTo" />
    </UnitTest>
    <UnitTest name="CreateDatabase" storage="d:\alinq\source\trunk\test\bin\debug\test.dll" id="1356ff42-e677-16bb-8c07-28154268f441">
      <Css projectStructure="" iteration="" />
      <Owners>
        <Owner name="" />
      </Owners>
      <TestMethod codeBase="D:\ALinq\Source\Trunk\Test\bin\Debug\Test.dll" adapterTypeName="Microsoft.VisualStudio.TestTools.TestTypes.Unit.UnitTestAdapter, Microsoft.VisualStudio.QualityTools.Tips.UnitTest.Adapter, Version=9.0.0.0, Culture=neutral, PublicKeyToken=b03f5f7f11d50a3a" className="Test.SQL2005Test, Test" name="CreateDatabase" />
    </UnitTest>
    <UnitTest name="Convert_ToSingle" storage="d:\alinq\source\trunk\test\bin\debug\test.dll" id="3686f32c-f922-3b00-1666-8a7b6adf7224">
      <Css projectStructure="" iteration="" />
      <Owners>
        <Owner name="" />
      </Owners>
      <TestMethod codeBase="D:\ALinq\Source\Trunk\Test\bin\Debug\Test.dll" adapterTypeName="Microsoft.VisualStudio.TestTools.TestTypes.Unit.UnitTestAdapter, Microsoft.VisualStudio.QualityTools.Tips.UnitTest.Adapter, Version=9.0.0.0, Culture=neutral, PublicKeyToken=b03f5f7f11d50a3a" className="Test.MySqlTest, Test" name="Convert_ToSingle" />
    </UnitTest>
    <UnitTest name="String_Insert" storage="d:\alinq\source\trunk\test\bin\debug\test.dll" id="f501aa71-c576-b712-c42e-0f27a35e6984">
      <Css projectStructure="" iteration="" />
      <Owners>
        <Owner name="" />
      </Owners>
      <TestMethod codeBase="D:\ALinq\Source\Trunk\Test\bin\Debug\Test.dll" adapterTypeName="Microsoft.VisualStudio.TestTools.TestTypes.Unit.UnitTestAdapter, Microsoft.VisualStudio.QualityTools.Tips.UnitTest.Adapter, Version=9.0.0.0, Culture=neutral, PublicKeyToken=b03f5f7f11d50a3a" className="Test.FirebirdTest, Test" name="String_Insert" />
    </UnitTest>
    <UnitTest name="GetCategoryName2" storage="d:\alinq\source\trunk\test\bin\debug\test.dll" id="189b0301-0a72-0972-90f2-de33dc3b5e6a">
      <Css projectStructure="" iteration="" />
      <Owners>
        <Owner name="" />
      </Owners>
      <TestMethod codeBase="D:\ALinq\Source\Trunk\Test\bin\Debug\Test.dll" adapterTypeName="Microsoft.VisualStudio.TestTools.TestTypes.Unit.UnitTestAdapter, Microsoft.VisualStudio.QualityTools.Tips.UnitTest.Adapter, Version=9.0.0.0, Culture=neutral, PublicKeyToken=b03f5f7f11d50a3a" className="Test.MySqlProcedureTest, Test" name="GetCategoryName2" />
    </UnitTest>
    <UnitTest name="DataLoadOptionsTest" storage="d:\alinq\source\trunk\test\bin\debug\test.dll" id="913db542-fec8-7714-7764-d1e199b07476">
      <Css projectStructure="" iteration="" />
      <Owners>
        <Owner name="" />
      </Owners>
      <TestMethod codeBase="D:\ALinq\Source\Trunk\Test\bin\Debug\Test.dll" adapterTypeName="Microsoft.VisualStudio.TestTools.TestTypes.Unit.UnitTestAdapter, Microsoft.VisualStudio.QualityTools.Tips.UnitTest.Adapter, Version=9.0.0.0, Culture=neutral, PublicKeyToken=b03f5f7f11d50a3a" className="Test.SQLiteTest, Test" name="DataLoadOptionsTest" />
    </UnitTest>
    <UnitTest name="StringSubstring" storage="d:\alinq\source\trunk\test\bin\debug\test.dll" id="e27474a7-b4e1-a395-87c4-229cb091a817">
      <Css projectStructure="" iteration="" />
      <Owners>
        <Owner name="" />
      </Owners>
      <TestMethod codeBase="D:\ALinq\Source\Trunk\Test\bin\Debug\Test.dll" adapterTypeName="Microsoft.VisualStudio.TestTools.TestTypes.Unit.UnitTestAdapter, Microsoft.VisualStudio.QualityTools.Tips.UnitTest.Adapter, Version=9.0.0.0, Culture=neutral, PublicKeyToken=b03f5f7f11d50a3a" className="Test.SQL2005Test, Test" name="StringSubstring" />
    </UnitTest>
    <UnitTest name="Join_ThreeWay" storage="d:\alinq\source\trunk\test\bin\debug\test.dll" id="b06f7196-b8a2-8a82-1ee1-e203a4b0d7ee">
      <Css projectStructure="" iteration="" />
      <Owners>
        <Owner name="" />
      </Owners>
      <TestMethod codeBase="D:\ALinq\Source\Trunk\Test\bin\Debug\Test.dll" adapterTypeName="Microsoft.VisualStudio.TestTools.TestTypes.Unit.UnitTestAdapter, Microsoft.VisualStudio.QualityTools.Tips.UnitTest.Adapter, Version=9.0.0.0, Culture=neutral, PublicKeyToken=b03f5f7f11d50a3a" className="Test.FirebirdTest, Test" name="Join_ThreeWay" />
    </UnitTest>
    <UnitTest name="Math_Cos" storage="d:\alinq\source\trunk\test\bin\debug\test.dll" id="ba91e0d4-336e-2082-a0d7-759023213742">
      <Css projectStructure="" iteration="" />
      <Owners>
        <Owner name="" />
      </Owners>
      <TestMethod codeBase="D:\ALinq\Source\Trunk\Test\bin\Debug\Test.dll" adapterTypeName="Microsoft.VisualStudio.TestTools.TestTypes.Unit.UnitTestAdapter, Microsoft.VisualStudio.QualityTools.Tips.UnitTest.Adapter, Version=9.0.0.0, Culture=neutral, PublicKeyToken=b03f5f7f11d50a3a" className="Test.SQL2005Test, Test" name="Math_Cos" />
    </UnitTest>
    <UnitTest name="Aggregate_Null" storage="d:\alinq\source\trunk\test\bin\debug\test.dll" id="6c7856a2-e94a-39d8-f68d-14d290961d41">
      <Css projectStructure="" iteration="" />
      <Owners>
        <Owner name="" />
      </Owners>
      <TestMethod codeBase="D:\ALinq\Source\Trunk\Test\bin\Debug\Test.dll" adapterTypeName="Microsoft.VisualStudio.TestTools.TestTypes.Unit.UnitTestAdapter, Microsoft.VisualStudio.QualityTools.Tips.UnitTest.Adapter, Version=9.0.0.0, Culture=neutral, PublicKeyToken=b03f5f7f11d50a3a" className="Test.FirebirdTest, Test" name="Aggregate_Null" />
    </UnitTest>
    <UnitTest name="Join_CompositeKey" storage="d:\alinq\source\trunk\test\bin\debug\test.dll" id="871f8756-1a85-cdb3-6de0-4068c6e8f009">
      <Css projectStructure="" iteration="" />
      <Owners>
        <Owner name="" />
      </Owners>
      <TestMethod codeBase="D:\ALinq\Source\Trunk\Test\bin\Debug\Test.dll" adapterTypeName="Microsoft.VisualStudio.TestTools.TestTypes.Unit.UnitTestAdapter, Microsoft.VisualStudio.QualityTools.Tips.UnitTest.Adapter, Version=9.0.0.0, Culture=neutral, PublicKeyToken=b03f5f7f11d50a3a" className="Test.AccessTest, Test" name="Join_CompositeKey" />
    </UnitTest>
    <UnitTest name="String_Substring2" storage="d:\alinq\source\trunk\test\bin\debug\test.dll" id="714043e9-4df2-1076-81da-20a0d2c271b6">
      <Css projectStructure="" iteration="" />
      <Owners>
        <Owner name="" />
      </Owners>
      <TestMethod codeBase="D:\ALinq\Source\Trunk\Test\bin\Debug\Test.dll" adapterTypeName="Microsoft.VisualStudio.TestTools.TestTypes.Unit.UnitTestAdapter, Microsoft.VisualStudio.QualityTools.Tips.UnitTest.Adapter, Version=9.0.0.0, Culture=neutral, PublicKeyToken=b03f5f7f11d50a3a" className="Test.PgsqlTest, Test" name="String_Substring2" />
    </UnitTest>
    <UnitTest name="Test2" storage="d:\alinq\source\trunk\test\bin\debug\test.dll" id="fb5b22f2-7b93-c1e9-2643-43601644423e">
      <Css projectStructure="" iteration="" />
      <Owners>
        <Owner name="" />
      </Owners>
      <TestMethod codeBase="D:\ALinq\Source\Trunk\Test\bin\Debug\Test.dll" adapterTypeName="Microsoft.VisualStudio.TestTools.TestTypes.Unit.UnitTestAdapter, Microsoft.VisualStudio.QualityTools.Tips.UnitTest.Adapter, Version=9.0.0.0, Culture=neutral, PublicKeyToken=b03f5f7f11d50a3a" className="Test.TranslateTest, Test" name="Test2" />
    </UnitTest>
    <UnitTest name="Avg_Simple" storage="d:\alinq\source\trunk\test\bin\debug\test.dll" id="bdf8bbbb-2d70-4fdc-e08d-3769f48badbf">
      <Css projectStructure="" iteration="" />
      <Execution timeOut="10000" />
      <Owners>
        <Owner name="" />
      </Owners>
      <TestMethod codeBase="D:\ALinq\Source\Trunk\Test\bin\Debug\Test.dll" adapterTypeName="Microsoft.VisualStudio.TestTools.TestTypes.Unit.UnitTestAdapter, Microsoft.VisualStudio.QualityTools.Tips.UnitTest.Adapter, Version=9.0.0.0, Culture=neutral, PublicKeyToken=b03f5f7f11d50a3a" className="Test.SQLiteTest, Test" name="Avg_Simple" />
    </UnitTest>
    <UnitTest name="ComposeKey" storage="d:\alinq\source\trunk\test\bin\debug\test.dll" id="61e3f2ce-3e30-cff9-1f67-8444dcd7c2fd">
      <Css projectStructure="" iteration="" />
      <Owners>
        <Owner name="" />
      </Owners>
      <TestMethod codeBase="D:\ALinq\Source\Trunk\Test\bin\Debug\Test.dll" adapterTypeName="Microsoft.VisualStudio.TestTools.TestTypes.Unit.UnitTestAdapter, Microsoft.VisualStudio.QualityTools.Tips.UnitTest.Adapter, Version=9.0.0.0, Culture=neutral, PublicKeyToken=b03f5f7f11d50a3a" className="Test.OdpOracleTest, Test" name="ComposeKey" />
    </UnitTest>
    <UnitTest name="TestNull" storage="d:\alinq\source\trunk\test\bin\debug\test.dll" id="9578a203-b778-2a3c-6a9a-b5513ccc6661">
      <Css projectStructure="" iteration="" />
      <Owners>
        <Owner name="" />
      </Owners>
      <TestMethod codeBase="D:\ALinq\Source\Trunk\Test\bin\Debug\Test.dll" adapterTypeName="Microsoft.VisualStudio.TestTools.TestTypes.Unit.UnitTestAdapter, Microsoft.VisualStudio.QualityTools.Tips.UnitTest.Adapter, Version=9.0.0.0, Culture=neutral, PublicKeyToken=b03f5f7f11d50a3a" className="Test.MySqlTest, Test" name="TestNull" />
    </UnitTest>
    <UnitTest name="Min_Grouped" storage="d:\alinq\source\trunk\test\bin\debug\test.dll" id="dcf280c9-f17d-af33-8732-9a5db2bdd888">
      <Css projectStructure="" iteration="" />
      <Owners>
        <Owner name="" />
      </Owners>
      <TestMethod codeBase="D:\ALinq\Source\Trunk\Test\bin\Debug\Test.dll" adapterTypeName="Microsoft.VisualStudio.TestTools.TestTypes.Unit.UnitTestAdapter, Microsoft.VisualStudio.QualityTools.Tips.UnitTest.Adapter, Version=9.0.0.0, Culture=neutral, PublicKeyToken=b03f5f7f11d50a3a" className="Test.FirebirdTest, Test" name="Min_Grouped" />
    </UnitTest>
    <UnitTest name="Aggregate_Null" storage="d:\alinq\source\trunk\test\bin\debug\test.dll" id="a0f7821c-bb99-f8a7-b33a-04210dd96bc8">
      <Css projectStructure="" iteration="" />
      <Owners>
        <Owner name="" />
      </Owners>
      <TestMethod codeBase="D:\ALinq\Source\Trunk\Test\bin\Debug\Test.dll" adapterTypeName="Microsoft.VisualStudio.TestTools.TestTypes.Unit.UnitTestAdapter, Microsoft.VisualStudio.QualityTools.Tips.UnitTest.Adapter, Version=9.0.0.0, Culture=neutral, PublicKeyToken=b03f5f7f11d50a3a" className="Test.SQL2000Test, Test" name="Aggregate_Null" />
    </UnitTest>
    <UnitTest name="Count_Grouped" storage="d:\alinq\source\trunk\test\bin\debug\test.dll" id="fcda5820-5bfd-c5ac-9f89-0250ab0e1e7b">
      <Css projectStructure="" iteration="" />
      <Owners>
        <Owner name="" />
      </Owners>
      <TestMethod codeBase="D:\ALinq\Source\Trunk\Test\bin\Debug\Test.dll" adapterTypeName="Microsoft.VisualStudio.TestTools.TestTypes.Unit.UnitTestAdapter, Microsoft.VisualStudio.QualityTools.Tips.UnitTest.Adapter, Version=9.0.0.0, Culture=neutral, PublicKeyToken=b03f5f7f11d50a3a" className="Test.PgsqlTest, Test" name="Count_Grouped" />
    </UnitTest>
    <UnitTest name="String_IndexOf3" storage="d:\alinq\source\trunk\test\bin\debug\test.dll" id="1ec55e6c-26d1-db9e-e9a2-3357de1e0b2b">
      <Css projectStructure="" iteration="" />
      <Owners>
        <Owner name="" />
      </Owners>
      <TestMethod codeBase="D:\ALinq\Source\Trunk\Test\bin\Debug\Test.dll" adapterTypeName="Microsoft.VisualStudio.TestTools.TestTypes.Unit.UnitTestAdapter, Microsoft.VisualStudio.QualityTools.Tips.UnitTest.Adapter, Version=9.0.0.0, Culture=neutral, PublicKeyToken=b03f5f7f11d50a3a" className="Test.SQLiteTest, Test" name="String_IndexOf3" />
    </UnitTest>
    <UnitTest name="DateDiffHour" storage="d:\alinq\source\trunk\test\bin\debug\test.dll" id="74a48452-1f38-3cef-6457-c80626297aea">
      <Css projectStructure="" iteration="" />
      <Owners>
        <Owner name="" />
      </Owners>
      <TestMethod codeBase="D:\ALinq\Source\Trunk\Test\bin\Debug\Test.dll" adapterTypeName="Microsoft.VisualStudio.TestTools.TestTypes.Unit.UnitTestAdapter, Microsoft.VisualStudio.QualityTools.Tips.UnitTest.Adapter, Version=9.0.0.0, Culture=neutral, PublicKeyToken=b03f5f7f11d50a3a" className="Test.AccessSqlMethods, Test" name="DateDiffHour" />
    </UnitTest>
    <UnitTest name="TableExists" storage="d:\alinq\source\trunk\test\bin\debug\test.dll" id="b50cdcae-c55b-492a-4e02-0af93c50c2f1">
      <Css projectStructure="" iteration="" />
      <Owners>
        <Owner name="" />
      </Owners>
      <TestMethod codeBase="D:\ALinq\Source\Trunk\Test\bin\Debug\Test.dll" adapterTypeName="Microsoft.VisualStudio.TestTools.TestTypes.Unit.UnitTestAdapter, Microsoft.VisualStudio.QualityTools.Tips.UnitTest.Adapter, Version=9.0.0.0, Culture=neutral, PublicKeyToken=b03f5f7f11d50a3a" className="Test.OdpOracleTest, Test" name="TableExists" />
    </UnitTest>
    <UnitTest name="CRUD_Delete1" storage="d:\alinq\source\trunk\test\bin\debug\test.dll" id="bbc17e8b-87b1-b4aa-c89b-84718ede38c9">
      <Css projectStructure="" iteration="" />
      <Owners>
        <Owner name="" />
      </Owners>
      <TestMethod codeBase="D:\ALinq\Source\Trunk\Test\bin\Debug\Test.dll" adapterTypeName="Microsoft.VisualStudio.TestTools.TestTypes.Unit.UnitTestAdapter, Microsoft.VisualStudio.QualityTools.Tips.UnitTest.Adapter, Version=9.0.0.0, Culture=neutral, PublicKeyToken=b03f5f7f11d50a3a" className="Test.NorOracleTest, Test" name="CRUD_Delete1" />
    </UnitTest>
    <UnitTest name="String_Trim" storage="d:\alinq\source\trunk\test\bin\debug\test.dll" id="28b2d312-d59b-c66e-631e-ae15df97b52b">
      <Css projectStructure="" iteration="" />
      <Owners>
        <Owner name="" />
      </Owners>
      <TestMethod codeBase="D:\ALinq\Source\Trunk\Test\bin\Debug\Test.dll" adapterTypeName="Microsoft.VisualStudio.TestTools.TestTypes.Unit.UnitTestAdapter, Microsoft.VisualStudio.QualityTools.Tips.UnitTest.Adapter, Version=9.0.0.0, Culture=neutral, PublicKeyToken=b03f5f7f11d50a3a" className="Test.SQL2005Test, Test" name="String_Trim" />
    </UnitTest>
    <UnitTest name="Join_SelfJoin" storage="d:\alinq\source\trunk\test\bin\debug\test.dll" id="3c24032a-163e-1b84-6d78-d0859b963086">
      <Css projectStructure="" iteration="" />
      <Owners>
        <Owner name="" />
      </Owners>
      <TestMethod codeBase="D:\ALinq\Source\Trunk\Test\bin\Debug\Test.dll" adapterTypeName="Microsoft.VisualStudio.TestTools.TestTypes.Unit.UnitTestAdapter, Microsoft.VisualStudio.QualityTools.Tips.UnitTest.Adapter, Version=9.0.0.0, Culture=neutral, PublicKeyToken=b03f5f7f11d50a3a" className="Test.NorOracleTest, Test" name="Join_SelfJoin" />
    </UnitTest>
    <UnitTest name="Count_Empty" storage="d:\alinq\source\trunk\test\bin\debug\test.dll" id="3d3925a9-31b7-3abf-b536-05f99cf9c52e">
      <Css projectStructure="" iteration="" />
      <Owners>
        <Owner name="" />
      </Owners>
      <TestMethod codeBase="D:\ALinq\Source\Trunk\Test\bin\Debug\Test.dll" adapterTypeName="Microsoft.VisualStudio.TestTools.TestTypes.Unit.UnitTestAdapter, Microsoft.VisualStudio.QualityTools.Tips.UnitTest.Adapter, Version=9.0.0.0, Culture=neutral, PublicKeyToken=b03f5f7f11d50a3a" className="Test.SQL2005Test, Test" name="Count_Empty" />
    </UnitTest>
    <UnitTest name="String_NullSelect" storage="d:\alinq\source\trunk\test\bin\debug\test.dll" id="e9f2bb45-4026-0227-56f9-72382f84f119">
      <Css projectStructure="" iteration="" />
      <Owners>
        <Owner name="" />
      </Owners>
      <TestMethod codeBase="D:\ALinq\Source\Trunk\Test\bin\Debug\Test.dll" adapterTypeName="Microsoft.VisualStudio.TestTools.TestTypes.Unit.UnitTestAdapter, Microsoft.VisualStudio.QualityTools.Tips.UnitTest.Adapter, Version=9.0.0.0, Culture=neutral, PublicKeyToken=b03f5f7f11d50a3a" className="Test.FirebirdTest, Test" name="String_NullSelect" />
    </UnitTest>
    <UnitTest name="DateDiffMillisecond" storage="d:\alinq\source\trunk\test\bin\debug\test.dll" id="60c17fa0-96ba-59c2-ed35-e1ed597161f4">
      <Css projectStructure="" iteration="" />
      <Owners>
        <Owner name="" />
      </Owners>
      <TestMethod codeBase="D:\ALinq\Source\Trunk\Test\bin\Debug\Test.dll" adapterTypeName="Microsoft.VisualStudio.TestTools.TestTypes.Unit.UnitTestAdapter, Microsoft.VisualStudio.QualityTools.Tips.UnitTest.Adapter, Version=9.0.0.0, Culture=neutral, PublicKeyToken=b03f5f7f11d50a3a" className="Test.SqlMethodsTest, Test" name="DateDiffMillisecond" />
    </UnitTest>
    <UnitTest name="CRUD_Update1" storage="d:\alinq\source\trunk\test\bin\debug\test.dll" id="6f044019-8814-267f-e0f9-37c87c027458">
      <Css projectStructure="" iteration="" />
      <Owners>
        <Owner name="" />
      </Owners>
      <TestMethod codeBase="D:\ALinq\Source\Trunk\Test\bin\Debug\Test.dll" adapterTypeName="Microsoft.VisualStudio.TestTools.TestTypes.Unit.UnitTestAdapter, Microsoft.VisualStudio.QualityTools.Tips.UnitTest.Adapter, Version=9.0.0.0, Culture=neutral, PublicKeyToken=b03f5f7f11d50a3a" className="Test.SQLiteTest, Test" name="CRUD_Update1" />
    </UnitTest>
    <UnitTest name="DateTime_Year" storage="d:\alinq\source\trunk\test\bin\debug\test.dll" id="3007c4c5-986d-0fed-a281-e4032e6cbccc">
      <Css projectStructure="" iteration="" />
      <Owners>
        <Owner name="" />
      </Owners>
      <TestMethod codeBase="D:\ALinq\Source\Trunk\Test\bin\Debug\Test.dll" adapterTypeName="Microsoft.VisualStudio.TestTools.TestTypes.Unit.UnitTestAdapter, Microsoft.VisualStudio.QualityTools.Tips.UnitTest.Adapter, Version=9.0.0.0, Culture=neutral, PublicKeyToken=b03f5f7f11d50a3a" className="Test.MySqlTest, Test" name="DateTime_Year" />
    </UnitTest>
    <UnitTest name="GroupBy_Date" storage="d:\alinq\source\trunk\test\bin\debug\test.dll" id="57c759e0-82dd-fd30-f038-b72c3d18716d">
      <Css projectStructure="" iteration="" />
      <Owners>
        <Owner name="" />
      </Owners>
      <TestMethod codeBase="D:\ALinq\Source\Trunk\Test\bin\Debug\Test.dll" adapterTypeName="Microsoft.VisualStudio.TestTools.TestTypes.Unit.UnitTestAdapter, Microsoft.VisualStudio.QualityTools.Tips.UnitTest.Adapter, Version=9.0.0.0, Culture=neutral, PublicKeyToken=b03f5f7f11d50a3a" className="Test.NorOracleTest, Test" name="GroupBy_Date" />
    </UnitTest>
    <UnitTest name="DateTime_Subtract" storage="d:\alinq\source\trunk\test\bin\debug\test.dll" id="62d38c81-8534-d35a-e3b4-fe4dd44d5596">
      <Css projectStructure="" iteration="" />
      <Owners>
        <Owner name="" />
      </Owners>
      <TestMethod codeBase="D:\ALinq\Source\Trunk\Test\bin\Debug\Test.dll" adapterTypeName="Microsoft.VisualStudio.TestTools.TestTypes.Unit.UnitTestAdapter, Microsoft.VisualStudio.QualityTools.Tips.UnitTest.Adapter, Version=9.0.0.0, Culture=neutral, PublicKeyToken=b03f5f7f11d50a3a" className="Test.SQL2005Test, Test" name="DateTime_Subtract" />
    </UnitTest>
    <UnitTest name="AutoGuid" storage="d:\alinq\source\trunk\test\bin\debug\test.dll" id="01e62afe-0807-2810-5da7-cc305fbf99be">
      <Css projectStructure="" iteration="" />
      <Owners>
        <Owner name="" />
      </Owners>
      <TestMethod codeBase="D:\ALinq\Source\Trunk\Test\bin\Debug\Test.dll" adapterTypeName="Microsoft.VisualStudio.TestTools.TestTypes.Unit.UnitTestAdapter, Microsoft.VisualStudio.QualityTools.Tips.UnitTest.Adapter, Version=9.0.0.0, Culture=neutral, PublicKeyToken=b03f5f7f11d50a3a" className="Test.MySqlTest, Test" name="AutoGuid" />
    </UnitTest>
    <UnitTest name="Max_Elements" storage="d:\alinq\source\trunk\test\bin\debug\test.dll" id="7f7e7a69-c16c-fc02-81cb-fcf74ab8202e">
      <Css projectStructure="" iteration="" />
      <Owners>
        <Owner name="" />
      </Owners>
      <TestMethod codeBase="D:\ALinq\Source\Trunk\Test\bin\Debug\Test.dll" adapterTypeName="Microsoft.VisualStudio.TestTools.TestTypes.Unit.UnitTestAdapter, Microsoft.VisualStudio.QualityTools.Tips.UnitTest.Adapter, Version=9.0.0.0, Culture=neutral, PublicKeyToken=b03f5f7f11d50a3a" className="Test.FirebirdTest, Test" name="Max_Elements" />
    </UnitTest>
    <UnitTest name="TableCountTest" storage="d:\alinq\source\trunk\test\bin\debug\test.dll" id="bfa17b20-3450-94c6-ae49-cc57e5988a5a">
      <Css projectStructure="" iteration="" />
      <Owners>
        <Owner name="" />
      </Owners>
      <TestMethod codeBase="D:\ALinq\Source\Trunk\Test\bin\Debug\Test.dll" adapterTypeName="Microsoft.VisualStudio.TestTools.TestTypes.Unit.UnitTestAdapter, Microsoft.VisualStudio.QualityTools.Tips.UnitTest.Adapter, Version=9.0.0.0, Culture=neutral, PublicKeyToken=b03f5f7f11d50a3a" className="Test.DataContextTest, Test" name="TableCountTest" />
    </UnitTest>
    <UnitTest name="DateTimeLT" storage="d:\alinq\source\trunk\test\bin\debug\test.dll" id="bff33636-1f87-c321-e67a-5f6f6ef51f97">
      <Css projectStructure="" iteration="" />
      <Owners>
        <Owner name="" />
      </Owners>
      <TestMethod codeBase="D:\ALinq\Source\Trunk\Test\bin\Debug\Test.dll" adapterTypeName="Microsoft.VisualStudio.TestTools.TestTypes.Unit.UnitTestAdapter, Microsoft.VisualStudio.QualityTools.Tips.UnitTest.Adapter, Version=9.0.0.0, Culture=neutral, PublicKeyToken=b03f5f7f11d50a3a" className="Test.AccessTest, Test" name="DateTimeLT" />
    </UnitTest>
    <UnitTest name="StringConcat" storage="d:\alinq\source\trunk\test\bin\debug\test.dll" id="dcd7b44f-479d-7551-29bb-9c0774c17db1">
      <Css projectStructure="" iteration="" />
      <Owners>
        <Owner name="" />
      </Owners>
      <TestMethod codeBase="D:\ALinq\Source\Trunk\Test\bin\Debug\Test.dll" adapterTypeName="Microsoft.VisualStudio.TestTools.TestTypes.Unit.UnitTestAdapter, Microsoft.VisualStudio.QualityTools.Tips.UnitTest.Adapter, Version=9.0.0.0, Culture=neutral, PublicKeyToken=b03f5f7f11d50a3a" className="Test.DB2Test, Test" name="StringConcat" />
    </UnitTest>
    <UnitTest name="DateTime_ToString" storage="d:\alinq\source\trunk\test\bin\debug\test.dll" id="bb21d5a8-9beb-f2bb-cddf-49b0335d79c5">
      <Css projectStructure="" iteration="" />
      <Owners>
        <Owner name="" />
      </Owners>
      <TestMethod codeBase="D:\ALinq\Source\Trunk\Test\bin\Debug\Test.dll" adapterTypeName="Microsoft.VisualStudio.TestTools.TestTypes.Unit.UnitTestAdapter, Microsoft.VisualStudio.QualityTools.Tips.UnitTest.Adapter, Version=9.0.0.0, Culture=neutral, PublicKeyToken=b03f5f7f11d50a3a" className="Test.SqlTest, Test" name="DateTime_ToString" />
    </UnitTest>
    <UnitTest name="Convert_ToString" storage="d:\alinq\source\trunk\test\bin\debug\test.dll" id="c18508d1-ca8f-2940-2553-a5f9c239beed">
      <Css projectStructure="" iteration="" />
      <Owners>
        <Owner name="" />
      </Owners>
      <TestMethod codeBase="D:\ALinq\Source\Trunk\Test\bin\Debug\Test.dll" adapterTypeName="Microsoft.VisualStudio.TestTools.TestTypes.Unit.UnitTestAdapter, Microsoft.VisualStudio.QualityTools.Tips.UnitTest.Adapter, Version=9.0.0.0, Culture=neutral, PublicKeyToken=b03f5f7f11d50a3a" className="Test.AccessTest, Test" name="Convert_ToString" />
    </UnitTest>
    <UnitTest name="Max_Projection" storage="d:\alinq\source\trunk\test\bin\debug\test.dll" id="1a2d8737-a3e6-71d9-7293-ee96b32648c0">
      <Css projectStructure="" iteration="" />
      <Owners>
        <Owner name="" />
      </Owners>
      <TestMethod codeBase="D:\ALinq\Source\Trunk\Test\bin\Debug\Test.dll" adapterTypeName="Microsoft.VisualStudio.TestTools.TestTypes.Unit.UnitTestAdapter, Microsoft.VisualStudio.QualityTools.Tips.UnitTest.Adapter, Version=9.0.0.0, Culture=neutral, PublicKeyToken=b03f5f7f11d50a3a" className="Test.SQL2000Test, Test" name="Max_Projection" />
    </UnitTest>
    <UnitTest name="Insert_Inherit" storage="d:\alinq\source\trunk\test\bin\debug\test.dll" id="852639d8-5399-bf57-b94f-0b33bcee7958">
      <Css projectStructure="" iteration="" />
      <Owners>
        <Owner name="" />
      </Owners>
      <TestMethod codeBase="D:\ALinq\Source\Trunk\Test\bin\Debug\Test.dll" adapterTypeName="Microsoft.VisualStudio.TestTools.TestTypes.Unit.UnitTestAdapter, Microsoft.VisualStudio.QualityTools.Tips.UnitTest.Adapter, Version=9.0.0.0, Culture=neutral, PublicKeyToken=b03f5f7f11d50a3a" className="Test.PgsqlTest, Test" name="Insert_Inherit" />
    </UnitTest>
    <UnitTest name="Math_Pow" storage="d:\alinq\source\trunk\test\bin\debug\test.dll" id="663ddd63-73a3-74bb-435d-29c31b12cb67">
      <Css projectStructure="" iteration="" />
      <Owners>
        <Owner name="" />
      </Owners>
      <TestMethod codeBase="D:\ALinq\Source\Trunk\Test\bin\Debug\Test.dll" adapterTypeName="Microsoft.VisualStudio.TestTools.TestTypes.Unit.UnitTestAdapter, Microsoft.VisualStudio.QualityTools.Tips.UnitTest.Adapter, Version=9.0.0.0, Culture=neutral, PublicKeyToken=b03f5f7f11d50a3a" className="Test.SQL2005Test, Test" name="Math_Pow" />
    </UnitTest>
    <UnitTest name="Min_Projection" storage="d:\alinq\source\trunk\test\bin\debug\test.dll" id="b1c8dc77-ed41-95cf-d616-8d9dfb2f8fb0">
      <Css projectStructure="" iteration="" />
      <Owners>
        <Owner name="" />
      </Owners>
      <TestMethod codeBase="D:\ALinq\Source\Trunk\Test\bin\Debug\Test.dll" adapterTypeName="Microsoft.VisualStudio.TestTools.TestTypes.Unit.UnitTestAdapter, Microsoft.VisualStudio.QualityTools.Tips.UnitTest.Adapter, Version=9.0.0.0, Culture=neutral, PublicKeyToken=b03f5f7f11d50a3a" className="Test.NorOracleTest, Test" name="Min_Projection" />
    </UnitTest>
    <UnitTest name="Math_Log10" storage="d:\alinq\source\trunk\test\bin\debug\test.dll" id="3d016b7b-c631-912b-289b-eb15d68bbde1">
      <Css projectStructure="" iteration="" />
      <Owners>
        <Owner name="" />
      </Owners>
      <TestMethod codeBase="D:\ALinq\Source\Trunk\Test\bin\Debug\Test.dll" adapterTypeName="Microsoft.VisualStudio.TestTools.TestTypes.Unit.UnitTestAdapter, Microsoft.VisualStudio.QualityTools.Tips.UnitTest.Adapter, Version=9.0.0.0, Culture=neutral, PublicKeyToken=b03f5f7f11d50a3a" className="Test.AccessTest, Test" name="Math_Log10" />
    </UnitTest>
    <UnitTest name="DateTime_AddYears" storage="d:\alinq\source\trunk\test\bin\debug\test.dll" id="a8844d26-aef6-8aee-4394-b55c14f9c57f">
      <Css projectStructure="" iteration="" />
      <Owners>
        <Owner name="" />
      </Owners>
      <TestMethod codeBase="D:\ALinq\Source\Trunk\Test\bin\Debug\Test.dll" adapterTypeName="Microsoft.VisualStudio.TestTools.TestTypes.Unit.UnitTestAdapter, Microsoft.VisualStudio.QualityTools.Tips.UnitTest.Adapter, Version=9.0.0.0, Culture=neutral, PublicKeyToken=b03f5f7f11d50a3a" className="Test.PgsqlTest, Test" name="DateTime_AddYears" />
    </UnitTest>
    <UnitTest name="DateTime_Second" storage="d:\alinq\source\trunk\test\bin\debug\test.dll" id="b8912cc8-6bcf-577f-1f0f-ca196aa6d7cd">
      <Css projectStructure="" iteration="" />
      <Owners>
        <Owner name="" />
      </Owners>
      <TestMethod codeBase="D:\ALinq\Source\Trunk\Test\bin\Debug\Test.dll" adapterTypeName="Microsoft.VisualStudio.TestTools.TestTypes.Unit.UnitTestAdapter, Microsoft.VisualStudio.QualityTools.Tips.UnitTest.Adapter, Version=9.0.0.0, Culture=neutral, PublicKeyToken=b03f5f7f11d50a3a" className="Test.AccessTest, Test" name="DateTime_Second" />
    </UnitTest>
    <UnitTest name="CRUD_Insert2" storage="d:\alinq\source\trunk\test\bin\debug\test.dll" id="7360b796-3866-302e-528e-485e66467d6d">
      <Css projectStructure="" iteration="" />
      <Owners>
        <Owner name="" />
      </Owners>
      <TestMethod codeBase="D:\ALinq\Source\Trunk\Test\bin\Debug\Test.dll" adapterTypeName="Microsoft.VisualStudio.TestTools.TestTypes.Unit.UnitTestAdapter, Microsoft.VisualStudio.QualityTools.Tips.UnitTest.Adapter, Version=9.0.0.0, Culture=neutral, PublicKeyToken=b03f5f7f11d50a3a" className="Test.SQL2005Test, Test" name="CRUD_Insert2" />
    </UnitTest>
    <UnitTest name="Sum_Grouped" storage="d:\alinq\source\trunk\test\bin\debug\test.dll" id="3b3d7e29-5fd2-74eb-7f20-4feb6138915b">
      <Css projectStructure="" iteration="" />
      <Owners>
        <Owner name="" />
      </Owners>
      <TestMethod codeBase="D:\ALinq\Source\Trunk\Test\bin\Debug\Test.dll" adapterTypeName="Microsoft.VisualStudio.TestTools.TestTypes.Unit.UnitTestAdapter, Microsoft.VisualStudio.QualityTools.Tips.UnitTest.Adapter, Version=9.0.0.0, Culture=neutral, PublicKeyToken=b03f5f7f11d50a3a" className="Test.FirebirdTest, Test" name="Sum_Grouped" />
    </UnitTest>
    <UnitTest name="DataType_Enum" storage="d:\alinq\source\trunk\test\bin\debug\test.dll" id="a4a9c024-6cc7-30f4-d53d-a3389bfcf29a">
      <Css projectStructure="" iteration="" />
      <Owners>
        <Owner name="" />
      </Owners>
      <TestMethod codeBase="D:\ALinq\Source\Trunk\Test\bin\Debug\Test.dll" adapterTypeName="Microsoft.VisualStudio.TestTools.TestTypes.Unit.UnitTestAdapter, Microsoft.VisualStudio.QualityTools.Tips.UnitTest.Adapter, Version=9.0.0.0, Culture=neutral, PublicKeyToken=b03f5f7f11d50a3a" className="Test.FirebirdTest, Test" name="DataType_Enum" />
    </UnitTest>
    <UnitTest name="OrderBy_Simple" storage="d:\alinq\source\trunk\test\bin\debug\test.dll" id="1cadb5fe-6a3a-a171-652d-6abf4288fa2a">
      <Css projectStructure="" iteration="" />
      <Owners>
        <Owner name="" />
      </Owners>
      <TestMethod codeBase="D:\ALinq\Source\Trunk\Test\bin\Debug\Test.dll" adapterTypeName="Microsoft.VisualStudio.TestTools.TestTypes.Unit.UnitTestAdapter, Microsoft.VisualStudio.QualityTools.Tips.UnitTest.Adapter, Version=9.0.0.0, Culture=neutral, PublicKeyToken=b03f5f7f11d50a3a" className="Test.OdpOracleTest, Test" name="OrderBy_Simple" />
    </UnitTest>
    <UnitTest name="OrderBy_ThenByDescending" storage="d:\alinq\source\trunk\test\bin\debug\test.dll" id="8427911e-f8b0-264f-c774-e3e59e2bf9e8">
      <Css projectStructure="" iteration="" />
      <Owners>
        <Owner name="" />
      </Owners>
      <TestMethod codeBase="D:\ALinq\Source\Trunk\Test\bin\Debug\Test.dll" adapterTypeName="Microsoft.VisualStudio.TestTools.TestTypes.Unit.UnitTestAdapter, Microsoft.VisualStudio.QualityTools.Tips.UnitTest.Adapter, Version=9.0.0.0, Culture=neutral, PublicKeyToken=b03f5f7f11d50a3a" className="Test.AccessTest, Test" name="OrderBy_ThenByDescending" />
    </UnitTest>
    <UnitTest name="CollectionConvert" storage="d:\alinq\source\trunk\test\bin\debug\test.dll" id="3aa170b9-e3da-8ca8-f7be-59a7fcb64ffc">
      <Css projectStructure="" iteration="" />
      <Owners>
        <Owner name="" />
      </Owners>
      <TestMethod codeBase="D:\ALinq\Source\Trunk\Test\bin\Debug\Test.dll" adapterTypeName="Microsoft.VisualStudio.TestTools.TestTypes.Unit.UnitTestAdapter, Microsoft.VisualStudio.QualityTools.Tips.UnitTest.Adapter, Version=9.0.0.0, Culture=neutral, PublicKeyToken=b03f5f7f11d50a3a" className="Test.SQLiteTest, Test" name="CollectionConvert" />
    </UnitTest>
    <UnitTest name="Convert_ToString" storage="d:\alinq\source\trunk\test\bin\debug\test.dll" id="a172e539-44f5-b384-0a4d-184397d8e7dd">
      <Css projectStructure="" iteration="" />
      <Owners>
        <Owner name="" />
      </Owners>
      <TestMethod codeBase="D:\ALinq\Source\Trunk\Test\bin\Debug\Test.dll" adapterTypeName="Microsoft.VisualStudio.TestTools.TestTypes.Unit.UnitTestAdapter, Microsoft.VisualStudio.QualityTools.Tips.UnitTest.Adapter, Version=9.0.0.0, Culture=neutral, PublicKeyToken=b03f5f7f11d50a3a" className="Test.SQLiteTest, Test" name="Convert_ToString" />
    </UnitTest>
    <UnitTest name="Join_SelfJoin" storage="d:\alinq\source\trunk\test\bin\debug\test.dll" id="cc27abda-bea0-e1e6-e283-7498f4f1ef1c">
      <Css projectStructure="" iteration="" />
      <Owners>
        <Owner name="" />
      </Owners>
      <TestMethod codeBase="D:\ALinq\Source\Trunk\Test\bin\Debug\Test.dll" adapterTypeName="Microsoft.VisualStudio.TestTools.TestTypes.Unit.UnitTestAdapter, Microsoft.VisualStudio.QualityTools.Tips.UnitTest.Adapter, Version=9.0.0.0, Culture=neutral, PublicKeyToken=b03f5f7f11d50a3a" className="Test.SQL2005Test, Test" name="Join_SelfJoin" />
    </UnitTest>
    <UnitTest name="Join_LetAssignment" storage="d:\alinq\source\trunk\test\bin\debug\test.dll" id="38fba2d2-5d99-3023-4050-d61d0125c431">
      <Css projectStructure="" iteration="" />
      <Owners>
        <Owner name="" />
      </Owners>
      <TestMethod codeBase="D:\ALinq\Source\Trunk\Test\bin\Debug\Test.dll" adapterTypeName="Microsoft.VisualStudio.TestTools.TestTypes.Unit.UnitTestAdapter, Microsoft.VisualStudio.QualityTools.Tips.UnitTest.Adapter, Version=9.0.0.0, Culture=neutral, PublicKeyToken=b03f5f7f11d50a3a" className="Test.SQL2005Test, Test" name="Join_LetAssignment" />
    </UnitTest>
    <UnitTest name="GroupBy_ConditionalCount" storage="d:\alinq\source\trunk\test\bin\debug\test.dll" id="d84cc804-b652-fab4-3887-afa4aea4e008">
      <Css projectStructure="" iteration="" />
      <Owners>
        <Owner name="" />
      </Owners>
      <TestMethod codeBase="D:\ALinq\Source\Trunk\Test\bin\Debug\Test.dll" adapterTypeName="Microsoft.VisualStudio.TestTools.TestTypes.Unit.UnitTestAdapter, Microsoft.VisualStudio.QualityTools.Tips.UnitTest.Adapter, Version=9.0.0.0, Culture=neutral, PublicKeyToken=b03f5f7f11d50a3a" className="Test.SqlTest, Test" name="GroupBy_ConditionalCount" />
    </UnitTest>
    <UnitTest name="DateTime_TimeOfDay" storage="d:\alinq\source\trunk\test\bin\debug\test.dll" id="4d44be0a-ec1c-3e78-0893-3b15b2aaa363">
      <Css projectStructure="" iteration="" />
      <Owners>
        <Owner name="" />
      </Owners>
      <TestMethod codeBase="D:\ALinq\Source\Trunk\Test\bin\Debug\Test.dll" adapterTypeName="Microsoft.VisualStudio.TestTools.TestTypes.Unit.UnitTestAdapter, Microsoft.VisualStudio.QualityTools.Tips.UnitTest.Adapter, Version=9.0.0.0, Culture=neutral, PublicKeyToken=b03f5f7f11d50a3a" className="Test.OdpOracleTest, Test" name="DateTime_TimeOfDay" />
    </UnitTest>
    <UnitTest name="Convert_ToDateTime" storage="d:\alinq\source\trunk\test\bin\debug\test.dll" id="8752bf86-da63-4d32-2e63-82e1371b2f80">
      <Css projectStructure="" iteration="" />
      <Owners>
        <Owner name="" />
      </Owners>
      <TestMethod codeBase="D:\ALinq\Source\Trunk\Test\bin\Debug\Test.dll" adapterTypeName="Microsoft.VisualStudio.TestTools.TestTypes.Unit.UnitTestAdapter, Microsoft.VisualStudio.QualityTools.Tips.UnitTest.Adapter, Version=9.0.0.0, Culture=neutral, PublicKeyToken=b03f5f7f11d50a3a" className="Test.PgsqlTest, Test" name="Convert_ToDateTime" />
    </UnitTest>
    <UnitTest name="Select_LocalMethodCall" storage="d:\alinq\source\trunk\test\bin\debug\test.dll" id="f00007d2-6609-e661-cc88-406e1b6c1bcb">
      <Css projectStructure="" iteration="" />
      <Owners>
        <Owner name="" />
      </Owners>
      <TestMethod codeBase="D:\ALinq\Source\Trunk\Test\bin\Debug\Test.dll" adapterTypeName="Microsoft.VisualStudio.TestTools.TestTypes.Unit.UnitTestAdapter, Microsoft.VisualStudio.QualityTools.Tips.UnitTest.Adapter, Version=9.0.0.0, Culture=neutral, PublicKeyToken=b03f5f7f11d50a3a" className="Test.SQL2000Test, Test" name="Select_LocalMethodCall" />
    </UnitTest>
    <UnitTest name="CollectionConvert" storage="d:\alinq\source\trunk\test\bin\debug\test.dll" id="e140e525-5969-54bd-7270-f9024a25a678">
      <Css projectStructure="" iteration="" />
      <Owners>
        <Owner name="" />
      </Owners>
      <TestMethod codeBase="D:\ALinq\Source\Trunk\Test\bin\Debug\Test.dll" adapterTypeName="Microsoft.VisualStudio.TestTools.TestTypes.Unit.UnitTestAdapter, Microsoft.VisualStudio.QualityTools.Tips.UnitTest.Adapter, Version=9.0.0.0, Culture=neutral, PublicKeyToken=b03f5f7f11d50a3a" className="Test.PgsqlTest, Test" name="CollectionConvert" />
    </UnitTest>
    <UnitTest name="OrderBy_ThenByDescending" storage="d:\alinq\source\trunk\test\bin\debug\test.dll" id="39644ba3-c81c-6e74-67f0-44f0fd127405">
      <Css projectStructure="" iteration="" />
      <Owners>
        <Owner name="" />
      </Owners>
      <TestMethod codeBase="D:\ALinq\Source\Trunk\Test\bin\Debug\Test.dll" adapterTypeName="Microsoft.VisualStudio.TestTools.TestTypes.Unit.UnitTestAdapter, Microsoft.VisualStudio.QualityTools.Tips.UnitTest.Adapter, Version=9.0.0.0, Culture=neutral, PublicKeyToken=b03f5f7f11d50a3a" className="Test.SqlTest, Test" name="OrderBy_ThenByDescending" />
    </UnitTest>
    <UnitTest name="DateTime_AddHours" storage="d:\alinq\source\trunk\test\bin\debug\test.dll" id="994adea8-e4d9-1265-e54b-f8dd17503517">
      <Css projectStructure="" iteration="" />
      <Owners>
        <Owner name="" />
      </Owners>
      <TestMethod codeBase="D:\ALinq\Source\Trunk\Test\bin\Debug\Test.dll" adapterTypeName="Microsoft.VisualStudio.TestTools.TestTypes.Unit.UnitTestAdapter, Microsoft.VisualStudio.QualityTools.Tips.UnitTest.Adapter, Version=9.0.0.0, Culture=neutral, PublicKeyToken=b03f5f7f11d50a3a" className="Test.DB2Test, Test" name="DateTime_AddHours" />
    </UnitTest>
    <UnitTest name="Convert_ToInt64" storage="d:\alinq\source\trunk\test\bin\debug\test.dll" id="c4fef183-af74-4c8b-fe87-ab38f0ef8cfc">
      <Css projectStructure="" iteration="" />
      <Owners>
        <Owner name="" />
      </Owners>
      <TestMethod codeBase="D:\ALinq\Source\Trunk\Test\bin\Debug\Test.dll" adapterTypeName="Microsoft.VisualStudio.TestTools.TestTypes.Unit.UnitTestAdapter, Microsoft.VisualStudio.QualityTools.Tips.UnitTest.Adapter, Version=9.0.0.0, Culture=neutral, PublicKeyToken=b03f5f7f11d50a3a" className="Test.MySqlTest, Test" name="Convert_ToInt64" />
    </UnitTest>
    <UnitTest name="Insert_Inherit" storage="d:\alinq\source\trunk\test\bin\debug\test.dll" id="c2881ccd-e21d-8820-b665-9bf888999289">
      <Css projectStructure="" iteration="" />
      <Owners>
        <Owner name="" />
      </Owners>
      <TestMethod codeBase="D:\ALinq\Source\Trunk\Test\bin\Debug\Test.dll" adapterTypeName="Microsoft.VisualStudio.TestTools.TestTypes.Unit.UnitTestAdapter, Microsoft.VisualStudio.QualityTools.Tips.UnitTest.Adapter, Version=9.0.0.0, Culture=neutral, PublicKeyToken=b03f5f7f11d50a3a" className="Test.DB2Test, Test" name="Insert_Inherit" />
    </UnitTest>
    <UnitTest name="Max_Projection" storage="d:\alinq\source\trunk\test\bin\debug\test.dll" id="9247bd14-59a6-43f5-0835-b8ae4fbaac68">
      <Css projectStructure="" iteration="" />
      <Owners>
        <Owner name="" />
      </Owners>
      <TestMethod codeBase="D:\ALinq\Source\Trunk\Test\bin\Debug\Test.dll" adapterTypeName="Microsoft.VisualStudio.TestTools.TestTypes.Unit.UnitTestAdapter, Microsoft.VisualStudio.QualityTools.Tips.UnitTest.Adapter, Version=9.0.0.0, Culture=neutral, PublicKeyToken=b03f5f7f11d50a3a" className="Test.SQLiteTest, Test" name="Max_Projection" />
    </UnitTest>
    <UnitTest name="GroupBy_Year" storage="d:\alinq\source\trunk\test\bin\debug\test.dll" id="e4d6b53f-4a49-bc67-8d50-045f452084d1">
      <Css projectStructure="" iteration="" />
      <Owners>
        <Owner name="" />
      </Owners>
      <TestMethod codeBase="D:\ALinq\Source\Trunk\Test\bin\Debug\Test.dll" adapterTypeName="Microsoft.VisualStudio.TestTools.TestTypes.Unit.UnitTestAdapter, Microsoft.VisualStudio.QualityTools.Tips.UnitTest.Adapter, Version=9.0.0.0, Culture=neutral, PublicKeyToken=b03f5f7f11d50a3a" className="Test.SQL2005Test, Test" name="GroupBy_Year" />
    </UnitTest>
    <UnitTest name="SqlMethod_Remote" storage="d:\alinq\source\trunk\test\bin\debug\test.dll" id="f19580b8-94e3-05c1-ab1b-8698a83e9bd5">
      <Css projectStructure="" iteration="" />
      <Owners>
        <Owner name="" />
      </Owners>
      <TestMethod codeBase="D:\ALinq\Source\Trunk\Test\bin\Debug\Test.dll" adapterTypeName="Microsoft.VisualStudio.TestTools.TestTypes.Unit.UnitTestAdapter, Microsoft.VisualStudio.QualityTools.Tips.UnitTest.Adapter, Version=9.0.0.0, Culture=neutral, PublicKeyToken=b03f5f7f11d50a3a" className="Test.DB2Test, Test" name="SqlMethod_Remote" />
    </UnitTest>
    <UnitTest name="Math_Log10" storage="d:\alinq\source\trunk\test\bin\debug\test.dll" id="f825365e-ef8e-29bd-c933-2b4389fa0470">
      <Css projectStructure="" iteration="" />
      <Owners>
        <Owner name="" />
      </Owners>
      <TestMethod codeBase="D:\ALinq\Source\Trunk\Test\bin\Debug\Test.dll" adapterTypeName="Microsoft.VisualStudio.TestTools.TestTypes.Unit.UnitTestAdapter, Microsoft.VisualStudio.QualityTools.Tips.UnitTest.Adapter, Version=9.0.0.0, Culture=neutral, PublicKeyToken=b03f5f7f11d50a3a" className="Test.SQLiteTest, Test" name="Math_Log10" />
    </UnitTest>
    <UnitTest name="CRUD_Insert2" storage="d:\alinq\source\trunk\test\bin\debug\test.dll" id="3f6a0dfd-ccf4-5d53-3a16-c1eedc226699">
      <Css projectStructure="" iteration="" />
      <Owners>
        <Owner name="" />
      </Owners>
      <TestMethod codeBase="D:\ALinq\Source\Trunk\Test\bin\Debug\Test.dll" adapterTypeName="Microsoft.VisualStudio.TestTools.TestTypes.Unit.UnitTestAdapter, Microsoft.VisualStudio.QualityTools.Tips.UnitTest.Adapter, Version=9.0.0.0, Culture=neutral, PublicKeyToken=b03f5f7f11d50a3a" className="Test.SQLiteTest, Test" name="CRUD_Insert2" />
    </UnitTest>
    <UnitTest name="StringToUpper" storage="d:\alinq\source\trunk\test\bin\debug\test.dll" id="1f3444ed-d67d-5cc6-3687-72f0b51f4d55">
      <Css projectStructure="" iteration="" />
      <Owners>
        <Owner name="" />
      </Owners>
      <TestMethod codeBase="D:\ALinq\Source\Trunk\Test\bin\Debug\Test.dll" adapterTypeName="Microsoft.VisualStudio.TestTools.TestTypes.Unit.UnitTestAdapter, Microsoft.VisualStudio.QualityTools.Tips.UnitTest.Adapter, Version=9.0.0.0, Culture=neutral, PublicKeyToken=b03f5f7f11d50a3a" className="Test.SQLiteTest, Test" name="StringToUpper" />
    </UnitTest>
    <UnitTest name="ComposeKey" storage="d:\alinq\source\trunk\test\bin\debug\test.dll" id="09b055fe-6596-078e-8ddd-8766c89ce8e3">
      <Css projectStructure="" iteration="" />
      <Owners>
        <Owner name="" />
      </Owners>
      <TestMethod codeBase="D:\ALinq\Source\Trunk\Test\bin\Debug\Test.dll" adapterTypeName="Microsoft.VisualStudio.TestTools.TestTypes.Unit.UnitTestAdapter, Microsoft.VisualStudio.QualityTools.Tips.UnitTest.Adapter, Version=9.0.0.0, Culture=neutral, PublicKeyToken=b03f5f7f11d50a3a" className="Test.DB2Test, Test" name="ComposeKey" />
    </UnitTest>
    <UnitTest name="GroupBy_ConditionalCount" storage="d:\alinq\source\trunk\test\bin\debug\test.dll" id="9fec5369-ae0f-a6e5-479b-9df54d27203f">
      <Css projectStructure="" iteration="" />
      <Owners>
        <Owner name="" />
      </Owners>
      <TestMethod codeBase="D:\ALinq\Source\Trunk\Test\bin\Debug\Test.dll" adapterTypeName="Microsoft.VisualStudio.TestTools.TestTypes.Unit.UnitTestAdapter, Microsoft.VisualStudio.QualityTools.Tips.UnitTest.Adapter, Version=9.0.0.0, Culture=neutral, PublicKeyToken=b03f5f7f11d50a3a" className="Test.FirebirdTest, Test" name="GroupBy_ConditionalCount" />
    </UnitTest>
    <UnitTest name="CRUD_Delete1" storage="d:\alinq\source\trunk\test\bin\debug\test.dll" id="03855a09-4063-d524-f86d-75246c4c45fe">
      <Css projectStructure="" iteration="" />
      <Owners>
        <Owner name="" />
      </Owners>
      <TestMethod codeBase="D:\ALinq\Source\Trunk\Test\bin\Debug\Test.dll" adapterTypeName="Microsoft.VisualStudio.TestTools.TestTypes.Unit.UnitTestAdapter, Microsoft.VisualStudio.QualityTools.Tips.UnitTest.Adapter, Version=9.0.0.0, Culture=neutral, PublicKeyToken=b03f5f7f11d50a3a" className="Test.SQL2005Test, Test" name="CRUD_Delete1" />
    </UnitTest>
    <UnitTest name="String_Trim1" storage="d:\alinq\source\trunk\test\bin\debug\test.dll" id="c34c0dd7-1f94-c2b4-4909-eb46ef0afdef">
      <Css projectStructure="" iteration="" />
      <Owners>
        <Owner name="" />
      </Owners>
      <TestMethod codeBase="D:\ALinq\Source\Trunk\Test\bin\Debug\Test.dll" adapterTypeName="Microsoft.VisualStudio.TestTools.TestTypes.Unit.UnitTestAdapter, Microsoft.VisualStudio.QualityTools.Tips.UnitTest.Adapter, Version=9.0.0.0, Culture=neutral, PublicKeyToken=b03f5f7f11d50a3a" className="Test.DB2Test, Test" name="String_Trim1" />
    </UnitTest>
    <UnitTest name="Convert_ToInt32" storage="d:\alinq\source\trunk\test\bin\debug\test.dll" id="9bb36759-961d-0bd1-a54c-472b9e627d4b">
      <Css projectStructure="" iteration="" />
      <Owners>
        <Owner name="" />
      </Owners>
      <TestMethod codeBase="D:\ALinq\Source\Trunk\Test\bin\Debug\Test.dll" adapterTypeName="Microsoft.VisualStudio.TestTools.TestTypes.Unit.UnitTestAdapter, Microsoft.VisualStudio.QualityTools.Tips.UnitTest.Adapter, Version=9.0.0.0, Culture=neutral, PublicKeyToken=b03f5f7f11d50a3a" className="Test.MySqlTest, Test" name="Convert_ToInt32" />
    </UnitTest>
    <UnitTest name="SqlMethod_Remote" storage="d:\alinq\source\trunk\test\bin\debug\test.dll" id="428967e9-96de-7f29-28f7-520622f56f22">
      <Css projectStructure="" iteration="" />
      <Owners>
        <Owner name="" />
      </Owners>
      <TestMethod codeBase="D:\ALinq\Source\Trunk\Test\bin\Debug\Test.dll" adapterTypeName="Microsoft.VisualStudio.TestTools.TestTypes.Unit.UnitTestAdapter, Microsoft.VisualStudio.QualityTools.Tips.UnitTest.Adapter, Version=9.0.0.0, Culture=neutral, PublicKeyToken=b03f5f7f11d50a3a" className="Test.SQL2000Test, Test" name="SqlMethod_Remote" />
    </UnitTest>
    <UnitTest name="DataType_UInt64" storage="d:\alinq\source\trunk\test\bin\debug\test.dll" id="7c5f5f3a-0032-2422-7f37-ead713cc28c2">
      <Css projectStructure="" iteration="" />
      <Owners>
        <Owner name="" />
      </Owners>
      <TestMethod codeBase="D:\ALinq\Source\Trunk\Test\bin\Debug\Test.dll" adapterTypeName="Microsoft.VisualStudio.TestTools.TestTypes.Unit.UnitTestAdapter, Microsoft.VisualStudio.QualityTools.Tips.UnitTest.Adapter, Version=9.0.0.0, Culture=neutral, PublicKeyToken=b03f5f7f11d50a3a" className="Test.SQLiteTest, Test" name="DataType_UInt64" />
    </UnitTest>
    <UnitTest name="DateTime_AddDays" storage="d:\alinq\source\trunk\test\bin\debug\test.dll" id="3e851022-4f21-be09-a7e3-c8491e9216f4">
      <Css projectStructure="" iteration="" />
      <Owners>
        <Owner name="" />
      </Owners>
      <TestMethod codeBase="D:\ALinq\Source\Trunk\Test\bin\Debug\Test.dll" adapterTypeName="Microsoft.VisualStudio.TestTools.TestTypes.Unit.UnitTestAdapter, Microsoft.VisualStudio.QualityTools.Tips.UnitTest.Adapter, Version=9.0.0.0, Culture=neutral, PublicKeyToken=b03f5f7f11d50a3a" className="Test.AccessTest, Test" name="DateTime_AddDays" />
    </UnitTest>
    <UnitTest name="String_Equals2" storage="d:\alinq\source\trunk\test\bin\debug\test.dll" id="182b131b-01bd-26c0-ac32-33593327a20d">
      <Css projectStructure="" iteration="" />
      <Owners>
        <Owner name="" />
      </Owners>
      <TestMethod codeBase="D:\ALinq\Source\Trunk\Test\bin\Debug\Test.dll" adapterTypeName="Microsoft.VisualStudio.TestTools.TestTypes.Unit.UnitTestAdapter, Microsoft.VisualStudio.QualityTools.Tips.UnitTest.Adapter, Version=9.0.0.0, Culture=neutral, PublicKeyToken=b03f5f7f11d50a3a" className="Test.MySqlTest, Test" name="String_Equals2" />
    </UnitTest>
    <UnitTest name="Join_LetAssignment" storage="d:\alinq\source\trunk\test\bin\debug\test.dll" id="798dd586-b501-b020-0f72-fabcd8738d45">
      <Css projectStructure="" iteration="" />
      <Owners>
        <Owner name="" />
      </Owners>
      <TestMethod codeBase="D:\ALinq\Source\Trunk\Test\bin\Debug\Test.dll" adapterTypeName="Microsoft.VisualStudio.TestTools.TestTypes.Unit.UnitTestAdapter, Microsoft.VisualStudio.QualityTools.Tips.UnitTest.Adapter, Version=9.0.0.0, Culture=neutral, PublicKeyToken=b03f5f7f11d50a3a" className="Test.SQLiteTest, Test" name="Join_LetAssignment" />
    </UnitTest>
    <UnitTest name="String_ToUpperInvariant" storage="d:\alinq\source\trunk\test\bin\debug\test.dll" id="dea9f021-338c-18da-daed-3eea712fedbc">
      <Css projectStructure="" iteration="" />
      <Owners>
        <Owner name="" />
      </Owners>
      <TestMethod codeBase="D:\ALinq\Source\Trunk\Test\bin\Debug\Test.dll" adapterTypeName="Microsoft.VisualStudio.TestTools.TestTypes.Unit.UnitTestAdapter, Microsoft.VisualStudio.QualityTools.Tips.UnitTest.Adapter, Version=9.0.0.0, Culture=neutral, PublicKeyToken=b03f5f7f11d50a3a" className="Test.FirebirdTest, Test" name="String_ToUpperInvariant" />
    </UnitTest>
    <UnitTest name="StringRemove" storage="d:\alinq\source\trunk\test\bin\debug\test.dll" id="f668591a-9aca-2ed7-0a91-b3fa893af5f4">
      <Css projectStructure="" iteration="" />
      <Owners>
        <Owner name="" />
      </Owners>
      <TestMethod codeBase="D:\ALinq\Source\Trunk\Test\bin\Debug\Test.dll" adapterTypeName="Microsoft.VisualStudio.TestTools.TestTypes.Unit.UnitTestAdapter, Microsoft.VisualStudio.QualityTools.Tips.UnitTest.Adapter, Version=9.0.0.0, Culture=neutral, PublicKeyToken=b03f5f7f11d50a3a" className="Test.FirebirdTest, Test" name="StringRemove" />
    </UnitTest>
    <UnitTest name="DateTime_TimeOfDay" storage="d:\alinq\source\trunk\test\bin\debug\test.dll" id="eda40bf2-c866-d6c0-cca3-10229141bf79">
      <Css projectStructure="" iteration="" />
      <Owners>
        <Owner name="" />
      </Owners>
      <TestMethod codeBase="D:\ALinq\Source\Trunk\Test\bin\Debug\Test.dll" adapterTypeName="Microsoft.VisualStudio.TestTools.TestTypes.Unit.UnitTestAdapter, Microsoft.VisualStudio.QualityTools.Tips.UnitTest.Adapter, Version=9.0.0.0, Culture=neutral, PublicKeyToken=b03f5f7f11d50a3a" className="Test.SQLiteTest, Test" name="DateTime_TimeOfDay" />
    </UnitTest>
    <UnitTest name="Min_Projection" storage="d:\alinq\source\trunk\test\bin\debug\test.dll" id="26eb206f-a48c-6742-585c-7b1f10e6b531">
      <Css projectStructure="" iteration="" />
      <Owners>
        <Owner name="" />
      </Owners>
      <TestMethod codeBase="D:\ALinq\Source\Trunk\Test\bin\Debug\Test.dll" adapterTypeName="Microsoft.VisualStudio.TestTools.TestTypes.Unit.UnitTestAdapter, Microsoft.VisualStudio.QualityTools.Tips.UnitTest.Adapter, Version=9.0.0.0, Culture=neutral, PublicKeyToken=b03f5f7f11d50a3a" className="Test.SQL2005Test, Test" name="Min_Projection" />
    </UnitTest>
    <UnitTest name="Convert_ToDateTime" storage="d:\alinq\source\trunk\test\bin\debug\test.dll" id="a72ecf7d-ff26-fb5c-9c4e-ea75accee38a">
      <Css projectStructure="" iteration="" />
      <Owners>
        <Owner name="" />
      </Owners>
      <TestMethod codeBase="D:\ALinq\Source\Trunk\Test\bin\Debug\Test.dll" adapterTypeName="Microsoft.VisualStudio.TestTools.TestTypes.Unit.UnitTestAdapter, Microsoft.VisualStudio.QualityTools.Tips.UnitTest.Adapter, Version=9.0.0.0, Culture=neutral, PublicKeyToken=b03f5f7f11d50a3a" className="Test.OdpOracleTest, Test" name="Convert_ToDateTime" />
    </UnitTest>
    <UnitTest name="String_IndexOf4" storage="d:\alinq\source\trunk\test\bin\debug\test.dll" id="60c7a626-fe09-d97c-c77b-d0cc9e88178e">
      <Css projectStructure="" iteration="" />
      <Owners>
        <Owner name="" />
      </Owners>
      <TestMethod codeBase="D:\ALinq\Source\Trunk\Test\bin\Debug\Test.dll" adapterTypeName="Microsoft.VisualStudio.TestTools.TestTypes.Unit.UnitTestAdapter, Microsoft.VisualStudio.QualityTools.Tips.UnitTest.Adapter, Version=9.0.0.0, Culture=neutral, PublicKeyToken=b03f5f7f11d50a3a" className="Test.AccessTest, Test" name="String_IndexOf4" />
    </UnitTest>
    <UnitTest name="DateTime_Add" storage="d:\alinq\source\trunk\test\bin\debug\test.dll" id="3bdfb3ee-e384-8563-9347-a0da550e4134">
      <Css projectStructure="" iteration="" />
      <Owners>
        <Owner name="" />
      </Owners>
      <TestMethod codeBase="D:\ALinq\Source\Trunk\Test\bin\Debug\Test.dll" adapterTypeName="Microsoft.VisualStudio.TestTools.TestTypes.Unit.UnitTestAdapter, Microsoft.VisualStudio.QualityTools.Tips.UnitTest.Adapter, Version=9.0.0.0, Culture=neutral, PublicKeyToken=b03f5f7f11d50a3a" className="Test.SqlTest, Test" name="DateTime_Add" />
    </UnitTest>
    <UnitTest name="GetDefaultValue" storage="d:\alinq\source\trunk\test\bin\debug\test.dll" id="6c15f89a-1db9-5054-711d-367912f86f86">
      <Css projectStructure="" iteration="" />
      <Owners>
        <Owner name="" />
      </Owners>
      <TestMethod codeBase="D:\ALinq\Source\Trunk\Test\bin\Debug\Test.dll" adapterTypeName="Microsoft.VisualStudio.TestTools.TestTypes.Unit.UnitTestAdapter, Microsoft.VisualStudio.QualityTools.Tips.UnitTest.Adapter, Version=9.0.0.0, Culture=neutral, PublicKeyToken=b03f5f7f11d50a3a" className="Test.FirebirdTest, Test" name="GetDefaultValue" />
    </UnitTest>
    <UnitTest name="Math_Min" storage="d:\alinq\source\trunk\test\bin\debug\test.dll" id="ce349fcb-31b3-5449-9f35-335ea773f45c">
      <Css projectStructure="" iteration="" />
      <Owners>
        <Owner name="" />
      </Owners>
      <TestMethod codeBase="D:\ALinq\Source\Trunk\Test\bin\Debug\Test.dll" adapterTypeName="Microsoft.VisualStudio.TestTools.TestTypes.Unit.UnitTestAdapter, Microsoft.VisualStudio.QualityTools.Tips.UnitTest.Adapter, Version=9.0.0.0, Culture=neutral, PublicKeyToken=b03f5f7f11d50a3a" className="Test.PgsqlTest, Test" name="Math_Min" />
    </UnitTest>
    <UnitTest name="DeleteTable" storage="d:\alinq\source\trunk\test\bin\debug\test.dll" id="4d02b785-bcb9-e31a-c07a-90250ffe64ca">
      <Css projectStructure="" iteration="" />
      <Owners>
        <Owner name="" />
      </Owners>
      <TestMethod codeBase="D:\ALinq\Source\Trunk\Test\bin\Debug\Test.dll" adapterTypeName="Microsoft.VisualStudio.TestTools.TestTypes.Unit.UnitTestAdapter, Microsoft.VisualStudio.QualityTools.Tips.UnitTest.Adapter, Version=9.0.0.0, Culture=neutral, PublicKeyToken=b03f5f7f11d50a3a" className="Test.AccessTest, Test" name="DeleteTable" />
    </UnitTest>
    <UnitTest name="Where_Simple2" storage="d:\alinq\source\trunk\test\bin\debug\test.dll" id="82af1eed-bdec-350a-f220-f6156df2cccb">
      <Css projectStructure="" iteration="" />
      <Owners>
        <Owner name="" />
      </Owners>
      <TestMethod codeBase="D:\ALinq\Source\Trunk\Test\bin\Debug\Test.dll" adapterTypeName="Microsoft.VisualStudio.TestTools.TestTypes.Unit.UnitTestAdapter, Microsoft.VisualStudio.QualityTools.Tips.UnitTest.Adapter, Version=9.0.0.0, Culture=neutral, PublicKeyToken=b03f5f7f11d50a3a" className="Test.SQL2005Test, Test" name="Where_Simple2" />
    </UnitTest>
    <UnitTest name="First" priority="20" storage="d:\alinq\source\trunk\test\bin\debug\test.dll" id="bd3f1446-ef6f-9e03-44a4-55cfa74e5110">
      <Css projectStructure="" iteration="" />
      <Owners>
        <Owner name="" />
      </Owners>
      <TestMethod codeBase="D:\ALinq\Source\Trunk\Test\bin\Debug\Test.dll" adapterTypeName="Microsoft.VisualStudio.TestTools.TestTypes.Unit.UnitTestAdapter, Microsoft.VisualStudio.QualityTools.Tips.UnitTest.Adapter, Version=9.0.0.0, Culture=neutral, PublicKeyToken=b03f5f7f11d50a3a" className="Test.OdpOracleTest, Test" name="First" />
    </UnitTest>
    <UnitTest name="CreateFunction1" storage="d:\alinq\source\trunk\test\bin\debug\test.dll" id="84d58016-e8b1-9a59-0c9d-110ab77c86d4">
      <Css projectStructure="" iteration="" />
      <Owners>
        <Owner name="" />
      </Owners>
      <TestMethod codeBase="D:\ALinq\Source\Trunk\Test\bin\Debug\Test.dll" adapterTypeName="Microsoft.VisualStudio.TestTools.TestTypes.Unit.UnitTestAdapter, Microsoft.VisualStudio.QualityTools.Tips.UnitTest.Adapter, Version=9.0.0.0, Culture=neutral, PublicKeyToken=b03f5f7f11d50a3a" className="Test.MySqlProcedureTest, Test" name="CreateFunction1" />
    </UnitTest>
    <UnitTest name="Math_Cos" storage="d:\alinq\source\trunk\test\bin\debug\test.dll" id="52b5ae33-6be9-4b42-8584-a628522919d9">
      <Css projectStructure="" iteration="" />
      <Owners>
        <Owner name="" />
      </Owners>
      <TestMethod codeBase="D:\ALinq\Source\Trunk\Test\bin\Debug\Test.dll" adapterTypeName="Microsoft.VisualStudio.TestTools.TestTypes.Unit.UnitTestAdapter, Microsoft.VisualStudio.QualityTools.Tips.UnitTest.Adapter, Version=9.0.0.0, Culture=neutral, PublicKeyToken=b03f5f7f11d50a3a" className="Test.OdpOracleTest, Test" name="Math_Cos" />
    </UnitTest>
    <UnitTest name="Insert_Simple" storage="d:\alinq\source\trunk\test\bin\debug\test.dll" id="70a5c86d-7f21-842b-e5dc-8566d17ae18c">
      <Css projectStructure="" iteration="" />
      <Owners>
        <Owner name="" />
      </Owners>
      <TestMethod codeBase="D:\ALinq\Source\Trunk\Test\bin\Debug\Test.dll" adapterTypeName="Microsoft.VisualStudio.TestTools.TestTypes.Unit.UnitTestAdapter, Microsoft.VisualStudio.QualityTools.Tips.UnitTest.Adapter, Version=9.0.0.0, Culture=neutral, PublicKeyToken=b03f5f7f11d50a3a" className="Test.SQL2005Test, Test" name="Insert_Simple" />
    </UnitTest>
    <UnitTest name="StoreAndReuseQuery" storage="d:\alinq\source\trunk\test\bin\debug\test.dll" id="57c2a8af-4977-fcfe-8e7d-9433b0e29257">
      <Css projectStructure="" iteration="" />
      <Owners>
        <Owner name="" />
      </Owners>
      <TestMethod codeBase="D:\ALinq\Source\Trunk\Test\bin\Debug\Test.dll" adapterTypeName="Microsoft.VisualStudio.TestTools.TestTypes.Unit.UnitTestAdapter, Microsoft.VisualStudio.QualityTools.Tips.UnitTest.Adapter, Version=9.0.0.0, Culture=neutral, PublicKeyToken=b03f5f7f11d50a3a" className="Test.NorOracleTest, Test" name="StoreAndReuseQuery" />
    </UnitTest>
    <UnitTest name="GroupByCount" storage="d:\alinq\source\trunk\test\bin\debug\test.dll" id="0bf37d7b-0dd0-240c-515d-e718232bcd3f">
      <Css projectStructure="" iteration="" />
      <Owners>
        <Owner name="" />
      </Owners>
      <TestMethod codeBase="D:\ALinq\Source\Trunk\Test\bin\Debug\Test.dll" adapterTypeName="Microsoft.VisualStudio.TestTools.TestTypes.Unit.UnitTestAdapter, Microsoft.VisualStudio.QualityTools.Tips.UnitTest.Adapter, Version=9.0.0.0, Culture=neutral, PublicKeyToken=b03f5f7f11d50a3a" className="Test.FirebirdTest, Test" name="GroupByCount" />
    </UnitTest>
    <UnitTest name="LinkTest" storage="d:\alinq\source\trunk\test\bin\debug\test.dll" id="67124778-5fdb-b7bb-19c6-591b33aa9037">
      <Css projectStructure="" iteration="" />
      <Owners>
        <Owner name="" />
      </Owners>
      <TestMethod codeBase="D:\ALinq\Source\Trunk\Test\bin\Debug\Test.dll" adapterTypeName="Microsoft.VisualStudio.TestTools.TestTypes.Unit.UnitTestAdapter, Microsoft.VisualStudio.QualityTools.Tips.UnitTest.Adapter, Version=9.0.0.0, Culture=neutral, PublicKeyToken=b03f5f7f11d50a3a" className="Test.DataContextTest, Test" name="LinkTest" />
    </UnitTest>
    <UnitTest name="GroupBy_Max" storage="d:\alinq\source\trunk\test\bin\debug\test.dll" id="8607527e-4ca2-d8d3-44c7-2215b031683e">
      <Css projectStructure="" iteration="" />
      <Owners>
        <Owner name="" />
      </Owners>
      <TestMethod codeBase="D:\ALinq\Source\Trunk\Test\bin\Debug\Test.dll" adapterTypeName="Microsoft.VisualStudio.TestTools.TestTypes.Unit.UnitTestAdapter, Microsoft.VisualStudio.QualityTools.Tips.UnitTest.Adapter, Version=9.0.0.0, Culture=neutral, PublicKeyToken=b03f5f7f11d50a3a" className="Test.FirebirdTest, Test" name="GroupBy_Max" />
    </UnitTest>
    <UnitTest name="String_CompareTo" storage="d:\alinq\source\trunk\test\bin\debug\test.dll" id="935d1191-45f0-86f4-9a87-18bdf6c5a7ec">
      <Css projectStructure="" iteration="" />
      <Owners>
        <Owner name="" />
      </Owners>
      <TestMethod codeBase="D:\ALinq\Source\Trunk\Test\bin\Debug\Test.dll" adapterTypeName="Microsoft.VisualStudio.TestTools.TestTypes.Unit.UnitTestAdapter, Microsoft.VisualStudio.QualityTools.Tips.UnitTest.Adapter, Version=9.0.0.0, Culture=neutral, PublicKeyToken=b03f5f7f11d50a3a" className="Test.SqlTest, Test" name="String_CompareTo" />
    </UnitTest>
    <UnitTest name="StringLength" storage="d:\alinq\source\trunk\test\bin\debug\test.dll" id="77d79c88-080c-834b-a804-01ee0d299389">
      <Css projectStructure="" iteration="" />
      <Owners>
        <Owner name="" />
      </Owners>
      <TestMethod codeBase="D:\ALinq\Source\Trunk\Test\bin\Debug\Test.dll" adapterTypeName="Microsoft.VisualStudio.TestTools.TestTypes.Unit.UnitTestAdapter, Microsoft.VisualStudio.QualityTools.Tips.UnitTest.Adapter, Version=9.0.0.0, Culture=neutral, PublicKeyToken=b03f5f7f11d50a3a" className="Test.AccessTest, Test" name="StringLength" />
    </UnitTest>
    <UnitTest name="GetCategoryName" storage="d:\alinq\source\trunk\test\bin\debug\test.dll" id="77a397f7-7a94-741b-64b4-7e5f00251a16">
      <Css projectStructure="" iteration="" />
      <Owners>
        <Owner name="" />
      </Owners>
      <TestMethod codeBase="D:\ALinq\Source\Trunk\Test\bin\Debug\Test.dll" adapterTypeName="Microsoft.VisualStudio.TestTools.TestTypes.Unit.UnitTestAdapter, Microsoft.VisualStudio.QualityTools.Tips.UnitTest.Adapter, Version=9.0.0.0, Culture=neutral, PublicKeyToken=b03f5f7f11d50a3a" className="Test.NorOracleProcedureTest, Test" name="GetCategoryName" />
    </UnitTest>
    <UnitTest name="Min_Projection" storage="d:\alinq\source\trunk\test\bin\debug\test.dll" id="47f668c0-72df-b870-011e-774033b0d5bc">
      <Css projectStructure="" iteration="" />
      <Owners>
        <Owner name="" />
      </Owners>
      <TestMethod codeBase="D:\ALinq\Source\Trunk\Test\bin\Debug\Test.dll" adapterTypeName="Microsoft.VisualStudio.TestTools.TestTypes.Unit.UnitTestAdapter, Microsoft.VisualStudio.QualityTools.Tips.UnitTest.Adapter, Version=9.0.0.0, Culture=neutral, PublicKeyToken=b03f5f7f11d50a3a" className="Test.SqlTest, Test" name="Min_Projection" />
    </UnitTest>
    <UnitTest name="String_TrimStart" storage="d:\alinq\source\trunk\test\bin\debug\test.dll" id="98ea398c-b42e-b2ec-49b2-c450dcab79c5">
      <Css projectStructure="" iteration="" />
      <Owners>
        <Owner name="" />
      </Owners>
      <TestMethod codeBase="D:\ALinq\Source\Trunk\Test\bin\Debug\Test.dll" adapterTypeName="Microsoft.VisualStudio.TestTools.TestTypes.Unit.UnitTestAdapter, Microsoft.VisualStudio.QualityTools.Tips.UnitTest.Adapter, Version=9.0.0.0, Culture=neutral, PublicKeyToken=b03f5f7f11d50a3a" className="Test.OdpOracleTest, Test" name="String_TrimStart" />
    </UnitTest>
    <UnitTest name="DateTime_Second" storage="d:\alinq\source\trunk\test\bin\debug\test.dll" id="46d152aa-bfb3-6d90-57fd-98333b7da172">
      <Css projectStructure="" iteration="" />
      <Owners>
        <Owner name="" />
      </Owners>
      <TestMethod codeBase="D:\ALinq\Source\Trunk\Test\bin\Debug\Test.dll" adapterTypeName="Microsoft.VisualStudio.TestTools.TestTypes.Unit.UnitTestAdapter, Microsoft.VisualStudio.QualityTools.Tips.UnitTest.Adapter, Version=9.0.0.0, Culture=neutral, PublicKeyToken=b03f5f7f11d50a3a" className="Test.SQL2005Test, Test" name="DateTime_Second" />
    </UnitTest>
    <UnitTest name="GroupByCount" storage="d:\alinq\source\trunk\test\bin\debug\test.dll" id="ea0699e6-03ee-177f-7591-365ede29b06a">
      <Css projectStructure="" iteration="" />
      <Owners>
        <Owner name="" />
      </Owners>
      <TestMethod codeBase="D:\ALinq\Source\Trunk\Test\bin\Debug\Test.dll" adapterTypeName="Microsoft.VisualStudio.TestTools.TestTypes.Unit.UnitTestAdapter, Microsoft.VisualStudio.QualityTools.Tips.UnitTest.Adapter, Version=9.0.0.0, Culture=neutral, PublicKeyToken=b03f5f7f11d50a3a" className="Test.SQL2000Test, Test" name="GroupByCount" />
    </UnitTest>
    <UnitTest name="String_ToUpper2" storage="d:\alinq\source\trunk\test\bin\debug\test.dll" id="6c20a1d2-c8df-e9af-ef1a-2b6c214d8075">
      <Css projectStructure="" iteration="" />
      <Owners>
        <Owner name="" />
      </Owners>
      <TestMethod codeBase="D:\ALinq\Source\Trunk\Test\bin\Debug\Test.dll" adapterTypeName="Microsoft.VisualStudio.TestTools.TestTypes.Unit.UnitTestAdapter, Microsoft.VisualStudio.QualityTools.Tips.UnitTest.Adapter, Version=9.0.0.0, Culture=neutral, PublicKeyToken=b03f5f7f11d50a3a" className="Test.FirebirdTest, Test" name="String_ToUpper2" />
    </UnitTest>
    <UnitTest name="StringStartsWith" storage="d:\alinq\source\trunk\test\bin\debug\test.dll" id="27d184cb-8826-cc2c-c2ac-534650196c26">
      <Css projectStructure="" iteration="" />
      <Owners>
        <Owner name="" />
      </Owners>
      <TestMethod codeBase="D:\ALinq\Source\Trunk\Test\bin\Debug\Test.dll" adapterTypeName="Microsoft.VisualStudio.TestTools.TestTypes.Unit.UnitTestAdapter, Microsoft.VisualStudio.QualityTools.Tips.UnitTest.Adapter, Version=9.0.0.0, Culture=neutral, PublicKeyToken=b03f5f7f11d50a3a" className="Test.MySqlTest, Test" name="StringStartsWith" />
    </UnitTest>
    <UnitTest name="Join_ManyToMany" storage="d:\alinq\source\trunk\test\bin\debug\test.dll" id="5badb0da-728e-674b-02d5-109756358e67">
      <Css projectStructure="" iteration="" />
      <Owners>
        <Owner name="" />
      </Owners>
      <TestMethod codeBase="D:\ALinq\Source\Trunk\Test\bin\Debug\Test.dll" adapterTypeName="Microsoft.VisualStudio.TestTools.TestTypes.Unit.UnitTestAdapter, Microsoft.VisualStudio.QualityTools.Tips.UnitTest.Adapter, Version=9.0.0.0, Culture=neutral, PublicKeyToken=b03f5f7f11d50a3a" className="Test.OdpOracleTest, Test" name="Join_ManyToMany" />
    </UnitTest>
    <UnitTest name="Any_Condition" storage="d:\alinq\source\trunk\test\bin\debug\test.dll" id="2790cf53-9f3f-19af-25f6-996563c09676">
      <Css projectStructure="" iteration="" />
      <Owners>
        <Owner name="" />
      </Owners>
      <TestMethod codeBase="D:\ALinq\Source\Trunk\Test\bin\Debug\Test.dll" adapterTypeName="Microsoft.VisualStudio.TestTools.TestTypes.Unit.UnitTestAdapter, Microsoft.VisualStudio.QualityTools.Tips.UnitTest.Adapter, Version=9.0.0.0, Culture=neutral, PublicKeyToken=b03f5f7f11d50a3a" className="Test.FirebirdTest, Test" name="Any_Condition" />
    </UnitTest>
    <UnitTest name="Join_CompositeKey" storage="d:\alinq\source\trunk\test\bin\debug\test.dll" id="2fcc7e1d-598f-f09e-e959-f474f21aaaf4">
      <Css projectStructure="" iteration="" />
      <Owners>
        <Owner name="" />
      </Owners>
      <TestMethod codeBase="D:\ALinq\Source\Trunk\Test\bin\Debug\Test.dll" adapterTypeName="Microsoft.VisualStudio.TestTools.TestTypes.Unit.UnitTestAdapter, Microsoft.VisualStudio.QualityTools.Tips.UnitTest.Adapter, Version=9.0.0.0, Culture=neutral, PublicKeyToken=b03f5f7f11d50a3a" className="Test.OdpOracleTest, Test" name="Join_CompositeKey" />
    </UnitTest>
    <UnitTest name="GroupBy_Avg" storage="d:\alinq\source\trunk\test\bin\debug\test.dll" id="7539edd5-274d-0171-7b8c-36985bfc5150">
      <Css projectStructure="" iteration="" />
      <Owners>
        <Owner name="" />
      </Owners>
      <TestMethod codeBase="D:\ALinq\Source\Trunk\Test\bin\Debug\Test.dll" adapterTypeName="Microsoft.VisualStudio.TestTools.TestTypes.Unit.UnitTestAdapter, Microsoft.VisualStudio.QualityTools.Tips.UnitTest.Adapter, Version=9.0.0.0, Culture=neutral, PublicKeyToken=b03f5f7f11d50a3a" className="Test.PgsqlTest, Test" name="GroupBy_Avg" />
    </UnitTest>
    <UnitTest name="GetCategoryPicture3" storage="d:\alinq\source\trunk\test\bin\debug\test.dll" id="9a208849-da71-d3d1-c3b0-fa2d4720a4d5">
      <Css projectStructure="" iteration="" />
      <Owners>
        <Owner name="" />
      </Owners>
      <TestMethod codeBase="D:\ALinq\Source\Trunk\Test\bin\Debug\Test.dll" adapterTypeName="Microsoft.VisualStudio.TestTools.TestTypes.Unit.UnitTestAdapter, Microsoft.VisualStudio.QualityTools.Tips.UnitTest.Adapter, Version=9.0.0.0, Culture=neutral, PublicKeyToken=b03f5f7f11d50a3a" className="Test.OdpOracleProcedureTest, Test" name="GetCategoryPicture3" />
    </UnitTest>
    <UnitTest name="Command" storage="d:\alinq\source\trunk\test\bin\debug\test.dll" id="2ad9e9b1-b21f-2e73-045f-dc09e364358b">
      <Css projectStructure="" iteration="" />
      <Owners>
        <Owner name="" />
      </Owners>
      <TestMethod codeBase="D:\ALinq\Source\Trunk\Test\bin\Debug\Test.dll" adapterTypeName="Microsoft.VisualStudio.TestTools.TestTypes.Unit.UnitTestAdapter, Microsoft.VisualStudio.QualityTools.Tips.UnitTest.Adapter, Version=9.0.0.0, Culture=neutral, PublicKeyToken=b03f5f7f11d50a3a" className="Test.SqlTest, Test" name="Command" />
    </UnitTest>
    <UnitTest name="StringInsert" storage="d:\alinq\source\trunk\test\bin\debug\test.dll" id="0908844f-0c14-9929-ce12-107774c707d6">
      <Css projectStructure="" iteration="" />
      <Owners>
        <Owner name="" />
      </Owners>
      <TestMethod codeBase="D:\ALinq\Source\Trunk\Test\bin\Debug\Test.dll" adapterTypeName="Microsoft.VisualStudio.TestTools.TestTypes.Unit.UnitTestAdapter, Microsoft.VisualStudio.QualityTools.Tips.UnitTest.Adapter, Version=9.0.0.0, Culture=neutral, PublicKeyToken=b03f5f7f11d50a3a" className="Test.PgsqlTest, Test" name="StringInsert" />
    </UnitTest>
    <UnitTest name="DataType_Char" storage="d:\alinq\source\trunk\test\bin\debug\test.dll" id="eb955ae4-37f7-be88-83fd-2dbe848a8790">
      <Css projectStructure="" iteration="" />
      <Owners>
        <Owner name="" />
      </Owners>
      <TestMethod codeBase="D:\ALinq\Source\Trunk\Test\bin\Debug\Test.dll" adapterTypeName="Microsoft.VisualStudio.TestTools.TestTypes.Unit.UnitTestAdapter, Microsoft.VisualStudio.QualityTools.Tips.UnitTest.Adapter, Version=9.0.0.0, Culture=neutral, PublicKeyToken=b03f5f7f11d50a3a" className="Test.NorOracleTest, Test" name="DataType_Char" />
    </UnitTest>
    <UnitTest name="Count_Conditional" storage="d:\alinq\source\trunk\test\bin\debug\test.dll" id="68b4de2e-07a2-2898-3daa-1095b079767c">
      <Css projectStructure="" iteration="" />
      <Owners>
        <Owner name="" />
      </Owners>
      <TestMethod codeBase="D:\ALinq\Source\Trunk\Test\bin\Debug\Test.dll" adapterTypeName="Microsoft.VisualStudio.TestTools.TestTypes.Unit.UnitTestAdapter, Microsoft.VisualStudio.QualityTools.Tips.UnitTest.Adapter, Version=9.0.0.0, Culture=neutral, PublicKeyToken=b03f5f7f11d50a3a" className="Test.SQL2000Test, Test" name="Count_Conditional" />
    </UnitTest>
    <UnitTest name="Count_Nested" storage="d:\alinq\source\trunk\test\bin\debug\test.dll" id="d79703ba-08f1-af6e-07ab-b772dd140fd1">
      <Css projectStructure="" iteration="" />
      <Owners>
        <Owner name="" />
      </Owners>
      <TestMethod codeBase="D:\ALinq\Source\Trunk\Test\bin\Debug\Test.dll" adapterTypeName="Microsoft.VisualStudio.TestTools.TestTypes.Unit.UnitTestAdapter, Microsoft.VisualStudio.QualityTools.Tips.UnitTest.Adapter, Version=9.0.0.0, Culture=neutral, PublicKeyToken=b03f5f7f11d50a3a" className="Test.SQLiteTest, Test" name="Count_Nested" />
    </UnitTest>
    <UnitTest name="Join" storage="d:\alinq\source\trunk\test\bin\debug\test.dll" id="ce4a5c85-e788-b270-41cc-7a6cba3c58dc">
      <Css projectStructure="" iteration="" />
      <Owners>
        <Owner name="" />
      </Owners>
      <TestMethod codeBase="D:\ALinq\Source\Trunk\Test\bin\Debug\Test.dll" adapterTypeName="Microsoft.VisualStudio.TestTools.TestTypes.Unit.UnitTestAdapter, Microsoft.VisualStudio.QualityTools.Tips.UnitTest.Adapter, Version=9.0.0.0, Culture=neutral, PublicKeyToken=b03f5f7f11d50a3a" className="Test.AccessTest, Test" name="Join" />
    </UnitTest>
    <UnitTest name="Select_AnonymousType" storage="d:\alinq\source\trunk\test\bin\debug\test.dll" id="edbad9ea-fafc-ecac-32a9-b424ca6e8565">
      <Css projectStructure="" iteration="" />
      <Owners>
        <Owner name="" />
      </Owners>
      <TestMethod codeBase="D:\ALinq\Source\Trunk\Test\bin\Debug\Test.dll" adapterTypeName="Microsoft.VisualStudio.TestTools.TestTypes.Unit.UnitTestAdapter, Microsoft.VisualStudio.QualityTools.Tips.UnitTest.Adapter, Version=9.0.0.0, Culture=neutral, PublicKeyToken=b03f5f7f11d50a3a" className="Test.SQL2000Test, Test" name="Select_AnonymousType" />
    </UnitTest>
    <UnitTest name="FromTypeTest" storage="d:\alinq\source\trunk\test\bin\debug\test.dll" id="9e009a4e-d6c8-f138-20ab-22dc8ef64172">
      <Css projectStructure="" iteration="" />
      <Owners>
        <Owner name="" />
      </Owners>
      <TestMethod codeBase="D:\ALinq\Source\Trunk\Test\bin\Debug\Test.dll" adapterTypeName="Microsoft.VisualStudio.TestTools.TestTypes.Unit.UnitTestAdapter, Microsoft.VisualStudio.QualityTools.Tips.UnitTest.Adapter, Version=9.0.0.0, Culture=neutral, PublicKeyToken=b03f5f7f11d50a3a" className="Test.PgsqlDataTypeTest, Test" name="FromTypeTest" />
    </UnitTest>
    <UnitTest name="DateTime_ToLoaclTime" storage="d:\alinq\source\trunk\test\bin\debug\test.dll" id="d124c0ac-939b-2300-a5f9-281ffd6465f7">
      <Css projectStructure="" iteration="" />
      <Owners>
        <Owner name="" />
      </Owners>
      <TestMethod codeBase="D:\ALinq\Source\Trunk\Test\bin\Debug\Test.dll" adapterTypeName="Microsoft.VisualStudio.TestTools.TestTypes.Unit.UnitTestAdapter, Microsoft.VisualStudio.QualityTools.Tips.UnitTest.Adapter, Version=9.0.0.0, Culture=neutral, PublicKeyToken=b03f5f7f11d50a3a" className="Test.SQL2000Test, Test" name="DateTime_ToLoaclTime" />
    </UnitTest>
    <UnitTest name="Intersect" storage="d:\alinq\source\trunk\test\bin\debug\test.dll" id="8394b165-ae6d-7310-99e3-78680cf1d7e4">
      <Css projectStructure="" iteration="" />
      <Owners>
        <Owner name="" />
      </Owners>
      <TestMethod codeBase="D:\ALinq\Source\Trunk\Test\bin\Debug\Test.dll" adapterTypeName="Microsoft.VisualStudio.TestTools.TestTypes.Unit.UnitTestAdapter, Microsoft.VisualStudio.QualityTools.Tips.UnitTest.Adapter, Version=9.0.0.0, Culture=neutral, PublicKeyToken=b03f5f7f11d50a3a" className="Test.SQL2005Test, Test" name="Intersect" />
    </UnitTest>
    <UnitTest name="String_Length" storage="d:\alinq\source\trunk\test\bin\debug\test.dll" id="40cd79ac-00a7-82dc-efb5-08ac6a59f89b">
      <Css projectStructure="" iteration="" />
      <Owners>
        <Owner name="" />
      </Owners>
      <TestMethod codeBase="D:\ALinq\Source\Trunk\Test\bin\Debug\Test.dll" adapterTypeName="Microsoft.VisualStudio.TestTools.TestTypes.Unit.UnitTestAdapter, Microsoft.VisualStudio.QualityTools.Tips.UnitTest.Adapter, Version=9.0.0.0, Culture=neutral, PublicKeyToken=b03f5f7f11d50a3a" className="Test.SqlTest, Test" name="String_Length" />
    </UnitTest>
    <UnitTest name="CRUD_Insert1" storage="d:\alinq\source\trunk\test\bin\debug\test.dll" id="927d091e-dfd2-04ea-c673-e9446b7cf105">
      <Css projectStructure="" iteration="" />
      <Owners>
        <Owner name="" />
      </Owners>
      <TestMethod codeBase="D:\ALinq\Source\Trunk\Test\bin\Debug\Test.dll" adapterTypeName="Microsoft.VisualStudio.TestTools.TestTypes.Unit.UnitTestAdapter, Microsoft.VisualStudio.QualityTools.Tips.UnitTest.Adapter, Version=9.0.0.0, Culture=neutral, PublicKeyToken=b03f5f7f11d50a3a" className="Test.PgsqlTest, Test" name="CRUD_Insert1" />
    </UnitTest>
    <UnitTest name="DataTypeTest" storage="d:\alinq\source\trunk\test\bin\debug\test.dll" id="9e7b864c-5939-d12d-3132-c4f442a8577b">
      <Css projectStructure="" iteration="" />
      <Owners>
        <Owner name="" />
      </Owners>
      <TestMethod codeBase="D:\ALinq\Source\Trunk\Test\bin\Debug\Test.dll" adapterTypeName="Microsoft.VisualStudio.TestTools.TestTypes.Unit.UnitTestAdapter, Microsoft.VisualStudio.QualityTools.Tips.UnitTest.Adapter, Version=9.0.0.0, Culture=neutral, PublicKeyToken=b03f5f7f11d50a3a" className="Test.NorOracleDataTypeProviderTest, Test" name="DataTypeTest" />
    </UnitTest>
    <UnitTest name="DataType_Guid" storage="d:\alinq\source\trunk\test\bin\debug\test.dll" id="a7b16419-0818-e595-7cff-83922f65f8a3">
      <Css projectStructure="" iteration="" />
      <Owners>
        <Owner name="" />
      </Owners>
      <TestMethod codeBase="D:\ALinq\Source\Trunk\Test\bin\Debug\Test.dll" adapterTypeName="Microsoft.VisualStudio.TestTools.TestTypes.Unit.UnitTestAdapter, Microsoft.VisualStudio.QualityTools.Tips.UnitTest.Adapter, Version=9.0.0.0, Culture=neutral, PublicKeyToken=b03f5f7f11d50a3a" className="Test.FirebirdTest, Test" name="DataType_Guid" />
    </UnitTest>
    <UnitTest name="Math_Pow" storage="d:\alinq\source\trunk\test\bin\debug\test.dll" id="41619d44-e9ec-b494-3bd6-f586805365f1">
      <Css projectStructure="" iteration="" />
      <Owners>
        <Owner name="" />
      </Owners>
      <TestMethod codeBase="D:\ALinq\Source\Trunk\Test\bin\Debug\Test.dll" adapterTypeName="Microsoft.VisualStudio.TestTools.TestTypes.Unit.UnitTestAdapter, Microsoft.VisualStudio.QualityTools.Tips.UnitTest.Adapter, Version=9.0.0.0, Culture=neutral, PublicKeyToken=b03f5f7f11d50a3a" className="Test.FirebirdTest, Test" name="Math_Pow" />
    </UnitTest>
    <UnitTest name="CRUD_Delete1" storage="d:\alinq\source\trunk\test\bin\debug\test.dll" id="10392123-1cf9-d8dc-ff46-d5855499ce46">
      <Css projectStructure="" iteration="" />
      <Owners>
        <Owner name="" />
      </Owners>
      <TestMethod codeBase="D:\ALinq\Source\Trunk\Test\bin\Debug\Test.dll" adapterTypeName="Microsoft.VisualStudio.TestTools.TestTypes.Unit.UnitTestAdapter, Microsoft.VisualStudio.QualityTools.Tips.UnitTest.Adapter, Version=9.0.0.0, Culture=neutral, PublicKeyToken=b03f5f7f11d50a3a" className="Test.SQL2000Test, Test" name="CRUD_Delete1" />
    </UnitTest>
    <UnitTest name="DateDiffYear" storage="d:\alinq\source\trunk\test\bin\debug\test.dll" id="2dccbbcf-b25c-48eb-2a14-a8c22042cec5">
      <Css projectStructure="" iteration="" />
      <Owners>
        <Owner name="" />
      </Owners>
      <TestMethod codeBase="D:\ALinq\Source\Trunk\Test\bin\Debug\Test.dll" adapterTypeName="Microsoft.VisualStudio.TestTools.TestTypes.Unit.UnitTestAdapter, Microsoft.VisualStudio.QualityTools.Tips.UnitTest.Adapter, Version=9.0.0.0, Culture=neutral, PublicKeyToken=b03f5f7f11d50a3a" className="Test.MySqlMethods, Test" name="DateDiffYear" />
    </UnitTest>
    <UnitTest name="Math_Ceiling" storage="d:\alinq\source\trunk\test\bin\debug\test.dll" id="ed34a572-07c3-ad78-fe9f-4f0239e35b11">
      <Css projectStructure="" iteration="" />
      <Owners>
        <Owner name="" />
      </Owners>
      <TestMethod codeBase="D:\ALinq\Source\Trunk\Test\bin\Debug\Test.dll" adapterTypeName="Microsoft.VisualStudio.TestTools.TestTypes.Unit.UnitTestAdapter, Microsoft.VisualStudio.QualityTools.Tips.UnitTest.Adapter, Version=9.0.0.0, Culture=neutral, PublicKeyToken=b03f5f7f11d50a3a" className="Test.SQL2000Test, Test" name="Math_Ceiling" />
    </UnitTest>
    <UnitTest name="Math_Ceiling" storage="d:\alinq\source\trunk\test\bin\debug\test.dll" id="88ad3e00-8c45-b400-6198-c2cfe3bd2aec">
      <Css projectStructure="" iteration="" />
      <Owners>
        <Owner name="" />
      </Owners>
      <TestMethod codeBase="D:\ALinq\Source\Trunk\Test\bin\Debug\Test.dll" adapterTypeName="Microsoft.VisualStudio.TestTools.TestTypes.Unit.UnitTestAdapter, Microsoft.VisualStudio.QualityTools.Tips.UnitTest.Adapter, Version=9.0.0.0, Culture=neutral, PublicKeyToken=b03f5f7f11d50a3a" className="Test.SqlTest, Test" name="Math_Ceiling" />
    </UnitTest>
    <UnitTest name="Bitwise" storage="d:\alinq\source\trunk\test\bin\debug\test.dll" id="1b4b65e8-e702-9cd3-f7f5-730baa59f5d1">
      <Css projectStructure="" iteration="" />
      <Owners>
        <Owner name="" />
      </Owners>
      <TestMethod codeBase="D:\ALinq\Source\Trunk\Test\bin\Debug\Test.dll" adapterTypeName="Microsoft.VisualStudio.TestTools.TestTypes.Unit.UnitTestAdapter, Microsoft.VisualStudio.QualityTools.Tips.UnitTest.Adapter, Version=9.0.0.0, Culture=neutral, PublicKeyToken=b03f5f7f11d50a3a" className="Test.NorOracleTest, Test" name="Bitwise" />
    </UnitTest>
    <UnitTest name="Where_Simple4" storage="d:\alinq\source\trunk\test\bin\debug\test.dll" id="b58a1d20-146f-70cc-2ea9-01cf1d5c86e7">
      <Css projectStructure="" iteration="" />
      <Owners>
        <Owner name="" />
      </Owners>
      <TestMethod codeBase="D:\ALinq\Source\Trunk\Test\bin\Debug\Test.dll" adapterTypeName="Microsoft.VisualStudio.TestTools.TestTypes.Unit.UnitTestAdapter, Microsoft.VisualStudio.QualityTools.Tips.UnitTest.Adapter, Version=9.0.0.0, Culture=neutral, PublicKeyToken=b03f5f7f11d50a3a" className="Test.SQL2005Test, Test" name="Where_Simple4" />
    </UnitTest>
    <UnitTest name="DateTime_AddMonths" storage="d:\alinq\source\trunk\test\bin\debug\test.dll" id="333afe88-a3dc-4458-484b-4955af7fab66">
      <Css projectStructure="" iteration="" />
      <Owners>
        <Owner name="" />
      </Owners>
      <TestMethod codeBase="D:\ALinq\Source\Trunk\Test\bin\Debug\Test.dll" adapterTypeName="Microsoft.VisualStudio.TestTools.TestTypes.Unit.UnitTestAdapter, Microsoft.VisualStudio.QualityTools.Tips.UnitTest.Adapter, Version=9.0.0.0, Culture=neutral, PublicKeyToken=b03f5f7f11d50a3a" className="Test.NorOracleTest, Test" name="DateTime_AddMonths" />
    </UnitTest>
    <UnitTest name="Math_Max" storage="d:\alinq\source\trunk\test\bin\debug\test.dll" id="706b592a-8c93-aba8-b718-ec961f95f3e1">
      <Css projectStructure="" iteration="" />
      <Owners>
        <Owner name="" />
      </Owners>
      <TestMethod codeBase="D:\ALinq\Source\Trunk\Test\bin\Debug\Test.dll" adapterTypeName="Microsoft.VisualStudio.TestTools.TestTypes.Unit.UnitTestAdapter, Microsoft.VisualStudio.QualityTools.Tips.UnitTest.Adapter, Version=9.0.0.0, Culture=neutral, PublicKeyToken=b03f5f7f11d50a3a" className="Test.MySqlTest, Test" name="Math_Max" />
    </UnitTest>
    <UnitTest name="CRUD_Update1" storage="d:\alinq\source\trunk\test\bin\debug\test.dll" id="2763d578-2d8a-a0be-dd81-5660f44f4629">
      <Css projectStructure="" iteration="" />
      <Owners>
        <Owner name="" />
      </Owners>
      <TestMethod codeBase="D:\ALinq\Source\Trunk\Test\bin\Debug\Test.dll" adapterTypeName="Microsoft.VisualStudio.TestTools.TestTypes.Unit.UnitTestAdapter, Microsoft.VisualStudio.QualityTools.Tips.UnitTest.Adapter, Version=9.0.0.0, Culture=neutral, PublicKeyToken=b03f5f7f11d50a3a" className="Test.MySqlTest, Test" name="CRUD_Update1" />
    </UnitTest>
    <UnitTest name="StringIndexOf" storage="d:\alinq\source\trunk\test\bin\debug\test.dll" id="c52c3622-d3ae-780d-7efc-ca648718f9fb">
      <Css projectStructure="" iteration="" />
      <Owners>
        <Owner name="" />
      </Owners>
      <TestMethod codeBase="D:\ALinq\Source\Trunk\Test\bin\Debug\Test.dll" adapterTypeName="Microsoft.VisualStudio.TestTools.TestTypes.Unit.UnitTestAdapter, Microsoft.VisualStudio.QualityTools.Tips.UnitTest.Adapter, Version=9.0.0.0, Culture=neutral, PublicKeyToken=b03f5f7f11d50a3a" className="Test.FirebirdTest, Test" name="StringIndexOf" />
    </UnitTest>
    <UnitTest name="Min_Elements" storage="d:\alinq\source\trunk\test\bin\debug\test.dll" id="171d9e3b-6a9a-cdb4-59d1-c65819a8a5aa">
      <Css projectStructure="" iteration="" />
      <Owners>
        <Owner name="" />
      </Owners>
      <TestMethod codeBase="D:\ALinq\Source\Trunk\Test\bin\Debug\Test.dll" adapterTypeName="Microsoft.VisualStudio.TestTools.TestTypes.Unit.UnitTestAdapter, Microsoft.VisualStudio.QualityTools.Tips.UnitTest.Adapter, Version=9.0.0.0, Culture=neutral, PublicKeyToken=b03f5f7f11d50a3a" className="Test.DB2Test, Test" name="Min_Elements" />
    </UnitTest>
    <UnitTest name="Insert_OneToMany" storage="d:\alinq\source\trunk\test\bin\debug\test.dll" id="d2426980-60c9-e990-35b6-8dc99c13389f">
      <Css projectStructure="" iteration="" />
      <Owners>
        <Owner name="" />
      </Owners>
      <TestMethod codeBase="D:\ALinq\Source\Trunk\Test\bin\Debug\Test.dll" adapterTypeName="Microsoft.VisualStudio.TestTools.TestTypes.Unit.UnitTestAdapter, Microsoft.VisualStudio.QualityTools.Tips.UnitTest.Adapter, Version=9.0.0.0, Culture=neutral, PublicKeyToken=b03f5f7f11d50a3a" className="Test.SQL2005Test, Test" name="Insert_OneToMany" />
    </UnitTest>
    <UnitTest name="GroupBy_Simple" storage="d:\alinq\source\trunk\test\bin\debug\test.dll" id="a79d0930-c7e2-a19c-13d3-a1e7034db807">
      <Css projectStructure="" iteration="" />
      <Owners>
        <Owner name="" />
      </Owners>
      <TestMethod codeBase="D:\ALinq\Source\Trunk\Test\bin\Debug\Test.dll" adapterTypeName="Microsoft.VisualStudio.TestTools.TestTypes.Unit.UnitTestAdapter, Microsoft.VisualStudio.QualityTools.Tips.UnitTest.Adapter, Version=9.0.0.0, Culture=neutral, PublicKeyToken=b03f5f7f11d50a3a" className="Test.SQL2005Test, Test" name="GroupBy_Simple" />
    </UnitTest>
    <UnitTest name="ComposeKey" storage="d:\alinq\source\trunk\test\bin\debug\test.dll" id="ccf665a2-1668-1d4b-9b83-9a8692001964">
      <Css projectStructure="" iteration="" />
      <Owners>
        <Owner name="" />
      </Owners>
      <TestMethod codeBase="D:\ALinq\Source\Trunk\Test\bin\Debug\Test.dll" adapterTypeName="Microsoft.VisualStudio.TestTools.TestTypes.Unit.UnitTestAdapter, Microsoft.VisualStudio.QualityTools.Tips.UnitTest.Adapter, Version=9.0.0.0, Culture=neutral, PublicKeyToken=b03f5f7f11d50a3a" className="Test.SQLiteTest, Test" name="ComposeKey" />
    </UnitTest>
    <UnitTest name="Math_Truncate1" storage="d:\alinq\source\trunk\test\bin\debug\test.dll" id="3917ad50-ad33-8610-c884-7fedf329b320">
      <Css projectStructure="" iteration="" />
      <Owners>
        <Owner name="" />
      </Owners>
      <TestMethod codeBase="D:\ALinq\Source\Trunk\Test\bin\Debug\Test.dll" adapterTypeName="Microsoft.VisualStudio.TestTools.TestTypes.Unit.UnitTestAdapter, Microsoft.VisualStudio.QualityTools.Tips.UnitTest.Adapter, Version=9.0.0.0, Culture=neutral, PublicKeyToken=b03f5f7f11d50a3a" className="Test.PgsqlTest, Test" name="Math_Truncate1" />
    </UnitTest>
    <UnitTest name="CRUD_Insert2" storage="d:\alinq\source\trunk\test\bin\debug\test.dll" id="9554967b-0ddc-3be5-9ba0-03bedf2c92c9">
      <Css projectStructure="" iteration="" />
      <Owners>
        <Owner name="" />
      </Owners>
      <TestMethod codeBase="D:\ALinq\Source\Trunk\Test\bin\Debug\Test.dll" adapterTypeName="Microsoft.VisualStudio.TestTools.TestTypes.Unit.UnitTestAdapter, Microsoft.VisualStudio.QualityTools.Tips.UnitTest.Adapter, Version=9.0.0.0, Culture=neutral, PublicKeyToken=b03f5f7f11d50a3a" className="Test.AccessTest, Test" name="CRUD_Insert2" />
    </UnitTest>
    <UnitTest name="String_Insert" storage="d:\alinq\source\trunk\test\bin\debug\test.dll" id="bfe2ad1b-5c65-3f66-23e6-fa38b3b96841">
      <Css projectStructure="" iteration="" />
      <Owners>
        <Owner name="" />
      </Owners>
      <TestMethod codeBase="D:\ALinq\Source\Trunk\Test\bin\Debug\Test.dll" adapterTypeName="Microsoft.VisualStudio.TestTools.TestTypes.Unit.UnitTestAdapter, Microsoft.VisualStudio.QualityTools.Tips.UnitTest.Adapter, Version=9.0.0.0, Culture=neutral, PublicKeyToken=b03f5f7f11d50a3a" className="Test.SQL2000Test, Test" name="String_Insert" />
    </UnitTest>
    <UnitTest name="Math_Sin" storage="d:\alinq\source\trunk\test\bin\debug\test.dll" id="047427e2-472e-c82f-fc49-d899ada0bdaf">
      <Css projectStructure="" iteration="" />
      <Owners>
        <Owner name="" />
      </Owners>
      <TestMethod codeBase="D:\ALinq\Source\Trunk\Test\bin\Debug\Test.dll" adapterTypeName="Microsoft.VisualStudio.TestTools.TestTypes.Unit.UnitTestAdapter, Microsoft.VisualStudio.QualityTools.Tips.UnitTest.Adapter, Version=9.0.0.0, Culture=neutral, PublicKeyToken=b03f5f7f11d50a3a" className="Test.MySqlTest, Test" name="Math_Sin" />
    </UnitTest>
    <UnitTest name="Avg_Projection" storage="d:\alinq\source\trunk\test\bin\debug\test.dll" id="3f875838-1c04-c06c-20a9-a7f59b398b08">
      <Css projectStructure="" iteration="" />
      <Owners>
        <Owner name="" />
      </Owners>
      <TestMethod codeBase="D:\ALinq\Source\Trunk\Test\bin\Debug\Test.dll" adapterTypeName="Microsoft.VisualStudio.TestTools.TestTypes.Unit.UnitTestAdapter, Microsoft.VisualStudio.QualityTools.Tips.UnitTest.Adapter, Version=9.0.0.0, Culture=neutral, PublicKeyToken=b03f5f7f11d50a3a" className="Test.PgsqlTest, Test" name="Avg_Projection" />
    </UnitTest>
    <UnitTest name="Join_ThreeWay" storage="d:\alinq\source\trunk\test\bin\debug\test.dll" id="658cf626-68dd-43ff-b85d-913ae52a17ba">
      <Css projectStructure="" iteration="" />
      <Owners>
        <Owner name="" />
      </Owners>
      <TestMethod codeBase="D:\ALinq\Source\Trunk\Test\bin\Debug\Test.dll" adapterTypeName="Microsoft.VisualStudio.TestTools.TestTypes.Unit.UnitTestAdapter, Microsoft.VisualStudio.QualityTools.Tips.UnitTest.Adapter, Version=9.0.0.0, Culture=neutral, PublicKeyToken=b03f5f7f11d50a3a" className="Test.NorOracleTest, Test" name="Join_ThreeWay" />
    </UnitTest>
    <UnitTest name="DateTime_DayOfWeek" storage="d:\alinq\source\trunk\test\bin\debug\test.dll" id="4c6b95cc-9ab4-6902-1ba4-1a5da1ab02b1">
      <Css projectStructure="" iteration="" />
      <Owners>
        <Owner name="" />
      </Owners>
      <TestMethod codeBase="D:\ALinq\Source\Trunk\Test\bin\Debug\Test.dll" adapterTypeName="Microsoft.VisualStudio.TestTools.TestTypes.Unit.UnitTestAdapter, Microsoft.VisualStudio.QualityTools.Tips.UnitTest.Adapter, Version=9.0.0.0, Culture=neutral, PublicKeyToken=b03f5f7f11d50a3a" className="Test.AccessTest, Test" name="DateTime_DayOfWeek" />
    </UnitTest>
    <UnitTest name="GetSqlDataType" storage="d:\alinq\source\trunk\test\bin\debug\test.dll" id="2729f8bb-094f-86bd-1b0a-b010e00f9235">
      <Css projectStructure="" iteration="" />
      <Owners>
        <Owner name="" />
      </Owners>
      <Execution id="c0aa42bd-134e-4673-84a4-de87493128b6" />
      <TestMethod codeBase="D:\ALinq\Source\Trunk\Test\bin\Debug\Test.dll" adapterTypeName="Microsoft.VisualStudio.TestTools.TestTypes.Unit.UnitTestAdapter, Microsoft.VisualStudio.QualityTools.Tips.UnitTest.Adapter, Version=9.0.0.0, Culture=neutral, PublicKeyToken=b03f5f7f11d50a3a" className="Test.AccessDataTypeProviderTest, Test" name="GetSqlDataType" />
    </UnitTest>
    <UnitTest name="Math_Pow" storage="d:\alinq\source\trunk\test\bin\debug\test.dll" id="53e5e01d-320d-d2c7-f807-92752500fe11">
      <Css projectStructure="" iteration="" />
      <Owners>
        <Owner name="" />
      </Owners>
      <TestMethod codeBase="D:\ALinq\Source\Trunk\Test\bin\Debug\Test.dll" adapterTypeName="Microsoft.VisualStudio.TestTools.TestTypes.Unit.UnitTestAdapter, Microsoft.VisualStudio.QualityTools.Tips.UnitTest.Adapter, Version=9.0.0.0, Culture=neutral, PublicKeyToken=b03f5f7f11d50a3a" className="Test.SqlTest, Test" name="Math_Pow" />
    </UnitTest>
    <UnitTest name="Count_Grouped" storage="d:\alinq\source\trunk\test\bin\debug\test.dll" id="61c392fe-871f-a9ee-eb4e-3bd86bc7ee49">
      <Css projectStructure="" iteration="" />
      <Owners>
        <Owner name="" />
      </Owners>
      <TestMethod codeBase="D:\ALinq\Source\Trunk\Test\bin\Debug\Test.dll" adapterTypeName="Microsoft.VisualStudio.TestTools.TestTypes.Unit.UnitTestAdapter, Microsoft.VisualStudio.QualityTools.Tips.UnitTest.Adapter, Version=9.0.0.0, Culture=neutral, PublicKeyToken=b03f5f7f11d50a3a" className="Test.NorOracleTest, Test" name="Count_Grouped" />
    </UnitTest>
    <UnitTest name="Math_DivRem" storage="d:\alinq\source\trunk\test\bin\debug\test.dll" id="ef3758f3-4681-ebd1-286e-1d52c93acc90">
      <Css projectStructure="" iteration="" />
      <Owners>
        <Owner name="" />
      </Owners>
      <TestMethod codeBase="D:\ALinq\Source\Trunk\Test\bin\Debug\Test.dll" adapterTypeName="Microsoft.VisualStudio.TestTools.TestTypes.Unit.UnitTestAdapter, Microsoft.VisualStudio.QualityTools.Tips.UnitTest.Adapter, Version=9.0.0.0, Culture=neutral, PublicKeyToken=b03f5f7f11d50a3a" className="Test.MySqlTest, Test" name="Math_DivRem" />
    </UnitTest>
    <UnitTest name="Avg_Emelents" storage="d:\alinq\source\trunk\test\bin\debug\test.dll" id="88e77986-cef7-38da-8d5f-a04c1944dcc5">
      <Css projectStructure="" iteration="" />
      <Owners>
        <Owner name="" />
      </Owners>
      <TestMethod codeBase="D:\ALinq\Source\Trunk\Test\bin\Debug\Test.dll" adapterTypeName="Microsoft.VisualStudio.TestTools.TestTypes.Unit.UnitTestAdapter, Microsoft.VisualStudio.QualityTools.Tips.UnitTest.Adapter, Version=9.0.0.0, Culture=neutral, PublicKeyToken=b03f5f7f11d50a3a" className="Test.SQL2000Test, Test" name="Avg_Emelents" />
    </UnitTest>
    <UnitTest name="Math_Floor" storage="d:\alinq\source\trunk\test\bin\debug\test.dll" id="2c590ea5-a7a7-3916-064b-3a5ebec31a09">
      <Css projectStructure="" iteration="" />
      <Owners>
        <Owner name="" />
      </Owners>
      <TestMethod codeBase="D:\ALinq\Source\Trunk\Test\bin\Debug\Test.dll" adapterTypeName="Microsoft.VisualStudio.TestTools.TestTypes.Unit.UnitTestAdapter, Microsoft.VisualStudio.QualityTools.Tips.UnitTest.Adapter, Version=9.0.0.0, Culture=neutral, PublicKeyToken=b03f5f7f11d50a3a" className="Test.SQLiteTest, Test" name="Math_Floor" />
    </UnitTest>
    <UnitTest name="Count_Conditional" storage="d:\alinq\source\trunk\test\bin\debug\test.dll" id="a698c150-b9db-b7a5-09cd-8d861ad75ff8">
      <Css projectStructure="" iteration="" />
      <Owners>
        <Owner name="" />
      </Owners>
      <TestMethod codeBase="D:\ALinq\Source\Trunk\Test\bin\Debug\Test.dll" adapterTypeName="Microsoft.VisualStudio.TestTools.TestTypes.Unit.UnitTestAdapter, Microsoft.VisualStudio.QualityTools.Tips.UnitTest.Adapter, Version=9.0.0.0, Culture=neutral, PublicKeyToken=b03f5f7f11d50a3a" className="Test.SQLiteTest, Test" name="Count_Conditional" />
    </UnitTest>
    <UnitTest name="String_ToLower1" storage="d:\alinq\source\trunk\test\bin\debug\test.dll" id="dadfe4a5-aed3-a6c8-bcc5-b7e93abbb3d9">
      <Css projectStructure="" iteration="" />
      <Owners>
        <Owner name="" />
      </Owners>
      <TestMethod codeBase="D:\ALinq\Source\Trunk\Test\bin\Debug\Test.dll" adapterTypeName="Microsoft.VisualStudio.TestTools.TestTypes.Unit.UnitTestAdapter, Microsoft.VisualStudio.QualityTools.Tips.UnitTest.Adapter, Version=9.0.0.0, Culture=neutral, PublicKeyToken=b03f5f7f11d50a3a" className="Test.MySqlTest, Test" name="String_ToLower1" />
    </UnitTest>
    <UnitTest name="Test1" storage="d:\alinq\source\trunk\test\bin\debug\test.dll" id="9a92b3f7-bc53-db9a-722f-de0bad8ddcca">
      <Css projectStructure="" iteration="" />
      <Owners>
        <Owner name="" />
      </Owners>
      <TestMethod codeBase="D:\ALinq\Source\Trunk\Test\bin\Debug\Test.dll" adapterTypeName="Microsoft.VisualStudio.TestTools.TestTypes.Unit.UnitTestAdapter, Microsoft.VisualStudio.QualityTools.Tips.UnitTest.Adapter, Version=9.0.0.0, Culture=neutral, PublicKeyToken=b03f5f7f11d50a3a" className="Test.OdpOracleTest, Test" name="Test1" />
    </UnitTest>
    <UnitTest name="CreateDatabase" storage="d:\alinq\source\trunk\test\bin\debug\test.dll" id="a3bc2483-e9c8-af53-a8e3-edf72fc72f39">
      <Css projectStructure="" iteration="" />
      <Owners>
        <Owner name="" />
      </Owners>
      <TestMethod codeBase="D:\ALinq\Source\Trunk\Test\bin\Debug\Test.dll" adapterTypeName="Microsoft.VisualStudio.TestTools.TestTypes.Unit.UnitTestAdapter, Microsoft.VisualStudio.QualityTools.Tips.UnitTest.Adapter, Version=9.0.0.0, Culture=neutral, PublicKeyToken=b03f5f7f11d50a3a" className="Test.OdpOracleTest, Test" name="CreateDatabase" />
    </UnitTest>
    <UnitTest name="Sum_Simple" storage="d:\alinq\source\trunk\test\bin\debug\test.dll" id="c66f62fc-e973-623a-71f9-ea6c1a46c842">
      <Css projectStructure="" iteration="" />
      <Owners>
        <Owner name="" />
      </Owners>
      <TestMethod codeBase="D:\ALinq\Source\Trunk\Test\bin\Debug\Test.dll" adapterTypeName="Microsoft.VisualStudio.TestTools.TestTypes.Unit.UnitTestAdapter, Microsoft.VisualStudio.QualityTools.Tips.UnitTest.Adapter, Version=9.0.0.0, Culture=neutral, PublicKeyToken=b03f5f7f11d50a3a" className="Test.FirebirdTest, Test" name="Sum_Simple" />
    </UnitTest>
    <UnitTest name="Skip_Take" storage="d:\alinq\source\trunk\test\bin\debug\test.dll" id="a4dfe62c-7b25-dfae-c0b2-f44c2b38fc92">
      <Css projectStructure="" iteration="" />
      <Owners>
        <Owner name="" />
      </Owners>
      <TestMethod codeBase="D:\ALinq\Source\Trunk\Test\bin\Debug\Test.dll" adapterTypeName="Microsoft.VisualStudio.TestTools.TestTypes.Unit.UnitTestAdapter, Microsoft.VisualStudio.QualityTools.Tips.UnitTest.Adapter, Version=9.0.0.0, Culture=neutral, PublicKeyToken=b03f5f7f11d50a3a" className="Test.SQL2000Test, Test" name="Skip_Take" />
    </UnitTest>
    <UnitTest name="DateTimeGT" storage="d:\alinq\source\trunk\test\bin\debug\test.dll" id="00ff8150-ec1f-c649-9afe-1603195ea9ce">
      <Css projectStructure="" iteration="" />
      <Owners>
        <Owner name="" />
      </Owners>
      <TestMethod codeBase="D:\ALinq\Source\Trunk\Test\bin\Debug\Test.dll" adapterTypeName="Microsoft.VisualStudio.TestTools.TestTypes.Unit.UnitTestAdapter, Microsoft.VisualStudio.QualityTools.Tips.UnitTest.Adapter, Version=9.0.0.0, Culture=neutral, PublicKeyToken=b03f5f7f11d50a3a" className="Test.DB2Test, Test" name="DateTimeGT" />
    </UnitTest>
    <UnitTest name="String_Char" storage="d:\alinq\source\trunk\test\bin\debug\test.dll" id="e48ee42b-b01f-378c-e005-5d9f39138106">
      <Css projectStructure="" iteration="" />
      <Owners>
        <Owner name="" />
      </Owners>
      <TestMethod codeBase="D:\ALinq\Source\Trunk\Test\bin\Debug\Test.dll" adapterTypeName="Microsoft.VisualStudio.TestTools.TestTypes.Unit.UnitTestAdapter, Microsoft.VisualStudio.QualityTools.Tips.UnitTest.Adapter, Version=9.0.0.0, Culture=neutral, PublicKeyToken=b03f5f7f11d50a3a" className="Test.PgsqlTest, Test" name="String_Char" />
    </UnitTest>
    <UnitTest name="String_Length" storage="d:\alinq\source\trunk\test\bin\debug\test.dll" id="47db2260-9244-b394-0dc8-ea4736ed3e66">
      <Css projectStructure="" iteration="" />
      <Owners>
        <Owner name="" />
      </Owners>
      <TestMethod codeBase="D:\ALinq\Source\Trunk\Test\bin\Debug\Test.dll" adapterTypeName="Microsoft.VisualStudio.TestTools.TestTypes.Unit.UnitTestAdapter, Microsoft.VisualStudio.QualityTools.Tips.UnitTest.Adapter, Version=9.0.0.0, Culture=neutral, PublicKeyToken=b03f5f7f11d50a3a" className="Test.DB2Test, Test" name="String_Length" />
    </UnitTest>
    <UnitTest name="Any_Simple" storage="d:\alinq\source\trunk\test\bin\debug\test.dll" id="edae4c3d-d575-432e-706f-a21a7ee86164">
      <Css projectStructure="" iteration="" />
      <Owners>
        <Owner name="" />
      </Owners>
      <TestMethod codeBase="D:\ALinq\Source\Trunk\Test\bin\Debug\Test.dll" adapterTypeName="Microsoft.VisualStudio.TestTools.TestTypes.Unit.UnitTestAdapter, Microsoft.VisualStudio.QualityTools.Tips.UnitTest.Adapter, Version=9.0.0.0, Culture=neutral, PublicKeyToken=b03f5f7f11d50a3a" className="Test.SQL2000Test, Test" name="Any_Simple" />
    </UnitTest>
    <UnitTest name="GroupBy_ConditionalCount" storage="d:\alinq\source\trunk\test\bin\debug\test.dll" id="aeaabfda-a3c2-9278-6099-750f54411b12">
      <Css projectStructure="" iteration="" />
      <Owners>
        <Owner name="" />
      </Owners>
      <TestMethod codeBase="D:\ALinq\Source\Trunk\Test\bin\Debug\Test.dll" adapterTypeName="Microsoft.VisualStudio.TestTools.TestTypes.Unit.UnitTestAdapter, Microsoft.VisualStudio.QualityTools.Tips.UnitTest.Adapter, Version=9.0.0.0, Culture=neutral, PublicKeyToken=b03f5f7f11d50a3a" className="Test.SQL2000Test, Test" name="GroupBy_ConditionalCount" />
    </UnitTest>
    <UnitTest name="DateTime_AddMonths" storage="d:\alinq\source\trunk\test\bin\debug\test.dll" id="fcf94bbc-ec5c-5a7a-4a3a-76c44f3eb342">
      <Css projectStructure="" iteration="" />
      <Owners>
        <Owner name="" />
      </Owners>
      <TestMethod codeBase="D:\ALinq\Source\Trunk\Test\bin\Debug\Test.dll" adapterTypeName="Microsoft.VisualStudio.TestTools.TestTypes.Unit.UnitTestAdapter, Microsoft.VisualStudio.QualityTools.Tips.UnitTest.Adapter, Version=9.0.0.0, Culture=neutral, PublicKeyToken=b03f5f7f11d50a3a" className="Test.SQLiteTest, Test" name="DateTime_AddMonths" />
    </UnitTest>
    <UnitTest name="Like" storage="d:\alinq\source\trunk\test\bin\debug\test.dll" id="34516bde-68c3-8cd2-7950-9618f48b367d">
      <Css projectStructure="" iteration="" />
      <Owners>
        <Owner name="" />
      </Owners>
      <TestMethod codeBase="D:\ALinq\Source\Trunk\Test\bin\Debug\Test.dll" adapterTypeName="Microsoft.VisualStudio.TestTools.TestTypes.Unit.UnitTestAdapter, Microsoft.VisualStudio.QualityTools.Tips.UnitTest.Adapter, Version=9.0.0.0, Culture=neutral, PublicKeyToken=b03f5f7f11d50a3a" className="Test.NorOracleTest, Test" name="Like" />
    </UnitTest>
    <UnitTest name="StringLength" storage="d:\alinq\source\trunk\test\bin\debug\test.dll" id="92861eb7-41d1-e6cc-af90-b1351217befa">
      <Css projectStructure="" iteration="" />
      <Owners>
        <Owner name="" />
      </Owners>
      <TestMethod codeBase="D:\ALinq\Source\Trunk\Test\bin\Debug\Test.dll" adapterTypeName="Microsoft.VisualStudio.TestTools.TestTypes.Unit.UnitTestAdapter, Microsoft.VisualStudio.QualityTools.Tips.UnitTest.Adapter, Version=9.0.0.0, Culture=neutral, PublicKeyToken=b03f5f7f11d50a3a" className="Test.MySqlTest, Test" name="StringLength" />
    </UnitTest>
    <UnitTest name="Min_Grouped" storage="d:\alinq\source\trunk\test\bin\debug\test.dll" id="6440e024-6993-12cf-e9c7-c0fe0404d4fa">
      <Css projectStructure="" iteration="" />
      <Owners>
        <Owner name="" />
      </Owners>
      <TestMethod codeBase="D:\ALinq\Source\Trunk\Test\bin\Debug\Test.dll" adapterTypeName="Microsoft.VisualStudio.TestTools.TestTypes.Unit.UnitTestAdapter, Microsoft.VisualStudio.QualityTools.Tips.UnitTest.Adapter, Version=9.0.0.0, Culture=neutral, PublicKeyToken=b03f5f7f11d50a3a" className="Test.SQL2000Test, Test" name="Min_Grouped" />
    </UnitTest>
    <UnitTest name="Contains" storage="d:\alinq\source\trunk\test\bin\debug\test.dll" id="9365d873-9157-6214-0337-5936e6d9d66d">
      <Css projectStructure="" iteration="" />
      <Owners>
        <Owner name="" />
      </Owners>
      <TestMethod codeBase="D:\ALinq\Source\Trunk\Test\bin\Debug\Test.dll" adapterTypeName="Microsoft.VisualStudio.TestTools.TestTypes.Unit.UnitTestAdapter, Microsoft.VisualStudio.QualityTools.Tips.UnitTest.Adapter, Version=9.0.0.0, Culture=neutral, PublicKeyToken=b03f5f7f11d50a3a" className="Test.SqlTest, Test" name="Contains" />
    </UnitTest>
    <UnitTest name="Any_Condition" storage="d:\alinq\source\trunk\test\bin\debug\test.dll" id="eb3da0b5-481b-5c81-2443-0467f3063406">
      <Css projectStructure="" iteration="" />
      <Owners>
        <Owner name="" />
      </Owners>
      <TestMethod codeBase="D:\ALinq\Source\Trunk\Test\bin\Debug\Test.dll" adapterTypeName="Microsoft.VisualStudio.TestTools.TestTypes.Unit.UnitTestAdapter, Microsoft.VisualStudio.QualityTools.Tips.UnitTest.Adapter, Version=9.0.0.0, Culture=neutral, PublicKeyToken=b03f5f7f11d50a3a" className="Test.SqlTest, Test" name="Any_Condition" />
    </UnitTest>
    <UnitTest name="String_ToLower1" storage="d:\alinq\source\trunk\test\bin\debug\test.dll" id="fe9ed158-0491-2ca8-da35-fa0a20414ee9">
      <Css projectStructure="" iteration="" />
      <Owners>
        <Owner name="" />
      </Owners>
      <TestMethod codeBase="D:\ALinq\Source\Trunk\Test\bin\Debug\Test.dll" adapterTypeName="Microsoft.VisualStudio.TestTools.TestTypes.Unit.UnitTestAdapter, Microsoft.VisualStudio.QualityTools.Tips.UnitTest.Adapter, Version=9.0.0.0, Culture=neutral, PublicKeyToken=b03f5f7f11d50a3a" className="Test.SQL2000Test, Test" name="String_ToLower1" />
    </UnitTest>
    <UnitTest name="String_ToUpper1" storage="d:\alinq\source\trunk\test\bin\debug\test.dll" id="022bdb9b-f8d6-1dac-43ac-65c687aee784">
      <Css projectStructure="" iteration="" />
      <Owners>
        <Owner name="" />
      </Owners>
      <TestMethod codeBase="D:\ALinq\Source\Trunk\Test\bin\Debug\Test.dll" adapterTypeName="Microsoft.VisualStudio.TestTools.TestTypes.Unit.UnitTestAdapter, Microsoft.VisualStudio.QualityTools.Tips.UnitTest.Adapter, Version=9.0.0.0, Culture=neutral, PublicKeyToken=b03f5f7f11d50a3a" className="Test.FirebirdTest, Test" name="String_ToUpper1" />
    </UnitTest>
    <UnitTest name="Math_Cos" storage="d:\alinq\source\trunk\test\bin\debug\test.dll" id="0d4b18ce-113f-f0f7-370b-d79cd366a98b">
      <Css projectStructure="" iteration="" />
      <Owners>
        <Owner name="" />
      </Owners>
      <TestMethod codeBase="D:\ALinq\Source\Trunk\Test\bin\Debug\Test.dll" adapterTypeName="Microsoft.VisualStudio.TestTools.TestTypes.Unit.UnitTestAdapter, Microsoft.VisualStudio.QualityTools.Tips.UnitTest.Adapter, Version=9.0.0.0, Culture=neutral, PublicKeyToken=b03f5f7f11d50a3a" className="Test.SQLiteTest, Test" name="Math_Cos" />
    </UnitTest>
    <UnitTest name="CRUD_Update2" storage="d:\alinq\source\trunk\test\bin\debug\test.dll" id="b5fd1fb5-40c2-9a43-7a70-432bce815c88">
      <Css projectStructure="" iteration="" />
      <Owners>
        <Owner name="" />
      </Owners>
      <TestMethod codeBase="D:\ALinq\Source\Trunk\Test\bin\Debug\Test.dll" adapterTypeName="Microsoft.VisualStudio.TestTools.TestTypes.Unit.UnitTestAdapter, Microsoft.VisualStudio.QualityTools.Tips.UnitTest.Adapter, Version=9.0.0.0, Culture=neutral, PublicKeyToken=b03f5f7f11d50a3a" className="Test.PgsqlTest, Test" name="CRUD_Update2" />
    </UnitTest>
    <UnitTest name="Join" storage="d:\alinq\source\trunk\test\bin\debug\test.dll" id="5cdf371e-2f97-7282-07b0-42654c60bbcf">
      <Css projectStructure="" iteration="" />
      <Owners>
        <Owner name="" />
      </Owners>
      <TestMethod codeBase="D:\ALinq\Source\Trunk\Test\bin\Debug\Test.dll" adapterTypeName="Microsoft.VisualStudio.TestTools.TestTypes.Unit.UnitTestAdapter, Microsoft.VisualStudio.QualityTools.Tips.UnitTest.Adapter, Version=9.0.0.0, Culture=neutral, PublicKeyToken=b03f5f7f11d50a3a" className="Test.DB2Test, Test" name="Join" />
    </UnitTest>
    <UnitTest name="DataType_XElement" storage="d:\alinq\source\trunk\test\bin\debug\test.dll" id="6283f355-51be-b6e3-8918-26f213e59627">
      <Css projectStructure="" iteration="" />
      <Owners>
        <Owner name="" />
      </Owners>
      <TestMethod codeBase="D:\ALinq\Source\Trunk\Test\bin\Debug\Test.dll" adapterTypeName="Microsoft.VisualStudio.TestTools.TestTypes.Unit.UnitTestAdapter, Microsoft.VisualStudio.QualityTools.Tips.UnitTest.Adapter, Version=9.0.0.0, Culture=neutral, PublicKeyToken=b03f5f7f11d50a3a" className="Test.SqlTest, Test" name="DataType_XElement" />
    </UnitTest>
    <UnitTest name="GroupByCount" storage="d:\alinq\source\trunk\test\bin\debug\test.dll" id="7f1c3203-9c93-5728-456a-7339f2b9c8e0">
      <Css projectStructure="" iteration="" />
      <Owners>
        <Owner name="" />
      </Owners>
      <TestMethod codeBase="D:\ALinq\Source\Trunk\Test\bin\Debug\Test.dll" adapterTypeName="Microsoft.VisualStudio.TestTools.TestTypes.Unit.UnitTestAdapter, Microsoft.VisualStudio.QualityTools.Tips.UnitTest.Adapter, Version=9.0.0.0, Culture=neutral, PublicKeyToken=b03f5f7f11d50a3a" className="Test.SQLiteTest, Test" name="GroupByCount" />
    </UnitTest>
    <UnitTest name="Math_Sinh" storage="d:\alinq\source\trunk\test\bin\debug\test.dll" id="999b6e08-b2a3-dc02-78c1-6b97f4c4eb4a">
      <Css projectStructure="" iteration="" />
      <Owners>
        <Owner name="" />
      </Owners>
      <TestMethod codeBase="D:\ALinq\Source\Trunk\Test\bin\Debug\Test.dll" adapterTypeName="Microsoft.VisualStudio.TestTools.TestTypes.Unit.UnitTestAdapter, Microsoft.VisualStudio.QualityTools.Tips.UnitTest.Adapter, Version=9.0.0.0, Culture=neutral, PublicKeyToken=b03f5f7f11d50a3a" className="Test.SqlTest, Test" name="Math_Sinh" />
    </UnitTest>
    <UnitTest name="Where_Simple4" storage="d:\alinq\source\trunk\test\bin\debug\test.dll" id="0059754f-875a-1247-8e6a-f52296752939">
      <Css projectStructure="" iteration="" />
      <Owners>
        <Owner name="" />
      </Owners>
      <TestMethod codeBase="D:\ALinq\Source\Trunk\Test\bin\Debug\Test.dll" adapterTypeName="Microsoft.VisualStudio.TestTools.TestTypes.Unit.UnitTestAdapter, Microsoft.VisualStudio.QualityTools.Tips.UnitTest.Adapter, Version=9.0.0.0, Culture=neutral, PublicKeyToken=b03f5f7f11d50a3a" className="Test.OdpOracleTest, Test" name="Where_Simple4" />
    </UnitTest>
    <UnitTest name="DataLoadOptionsTest" storage="d:\alinq\source\trunk\test\bin\debug\test.dll" id="7e6ffe50-13e5-267d-4aaa-c0c38f39dfbd">
      <Css projectStructure="" iteration="" />
      <Owners>
        <Owner name="" />
      </Owners>
      <TestMethod codeBase="D:\ALinq\Source\Trunk\Test\bin\Debug\Test.dll" adapterTypeName="Microsoft.VisualStudio.TestTools.TestTypes.Unit.UnitTestAdapter, Microsoft.VisualStudio.QualityTools.Tips.UnitTest.Adapter, Version=9.0.0.0, Culture=neutral, PublicKeyToken=b03f5f7f11d50a3a" className="Test.OdpOracleTest, Test" name="DataLoadOptionsTest" />
    </UnitTest>
    <UnitTest name="String_Length" storage="d:\alinq\source\trunk\test\bin\debug\test.dll" id="e5503714-9226-54a2-bf5b-e467be304ed5">
      <Css projectStructure="" iteration="" />
      <Owners>
        <Owner name="" />
      </Owners>
      <TestMethod codeBase="D:\ALinq\Source\Trunk\Test\bin\Debug\Test.dll" adapterTypeName="Microsoft.VisualStudio.TestTools.TestTypes.Unit.UnitTestAdapter, Microsoft.VisualStudio.QualityTools.Tips.UnitTest.Adapter, Version=9.0.0.0, Culture=neutral, PublicKeyToken=b03f5f7f11d50a3a" className="Test.OdpOracleTest, Test" name="String_Length" />
    </UnitTest>
    <UnitTest name="Join_TowWay" storage="d:\alinq\source\trunk\test\bin\debug\test.dll" id="6daee84d-4e22-8132-a78e-831b613f2364">
      <Css projectStructure="" iteration="" />
      <Owners>
        <Owner name="" />
      </Owners>
      <TestMethod codeBase="D:\ALinq\Source\Trunk\Test\bin\Debug\Test.dll" adapterTypeName="Microsoft.VisualStudio.TestTools.TestTypes.Unit.UnitTestAdapter, Microsoft.VisualStudio.QualityTools.Tips.UnitTest.Adapter, Version=9.0.0.0, Culture=neutral, PublicKeyToken=b03f5f7f11d50a3a" className="Test.SQL2005Test, Test" name="Join_TowWay" />
    </UnitTest>
    <UnitTest name="Math_Log10" storage="d:\alinq\source\trunk\test\bin\debug\test.dll" id="260ac7c4-b8fe-7867-7401-352302952b15">
      <Css projectStructure="" iteration="" />
      <Owners>
        <Owner name="" />
      </Owners>
      <TestMethod codeBase="D:\ALinq\Source\Trunk\Test\bin\Debug\Test.dll" adapterTypeName="Microsoft.VisualStudio.TestTools.TestTypes.Unit.UnitTestAdapter, Microsoft.VisualStudio.QualityTools.Tips.UnitTest.Adapter, Version=9.0.0.0, Culture=neutral, PublicKeyToken=b03f5f7f11d50a3a" className="Test.OdpOracleTest, Test" name="Math_Log10" />
    </UnitTest>
    <UnitTest name="DateTime_DayOfYear" storage="d:\alinq\source\trunk\test\bin\debug\test.dll" id="b566ced7-5033-0bc8-8e6d-1ee7393f003b">
      <Css projectStructure="" iteration="" />
      <Owners>
        <Owner name="" />
      </Owners>
      <TestMethod codeBase="D:\ALinq\Source\Trunk\Test\bin\Debug\Test.dll" adapterTypeName="Microsoft.VisualStudio.TestTools.TestTypes.Unit.UnitTestAdapter, Microsoft.VisualStudio.QualityTools.Tips.UnitTest.Adapter, Version=9.0.0.0, Culture=neutral, PublicKeyToken=b03f5f7f11d50a3a" className="Test.OdpOracleTest, Test" name="DateTime_DayOfYear" />
    </UnitTest>
    <UnitTest name="StringToUpper" storage="d:\alinq\source\trunk\test\bin\debug\test.dll" id="c1e1961d-7103-c14c-df21-75db9cd03453">
      <Css projectStructure="" iteration="" />
      <Owners>
        <Owner name="" />
      </Owners>
      <TestMethod codeBase="D:\ALinq\Source\Trunk\Test\bin\Debug\Test.dll" adapterTypeName="Microsoft.VisualStudio.TestTools.TestTypes.Unit.UnitTestAdapter, Microsoft.VisualStudio.QualityTools.Tips.UnitTest.Adapter, Version=9.0.0.0, Culture=neutral, PublicKeyToken=b03f5f7f11d50a3a" className="Test.SQL2005Test, Test" name="StringToUpper" />
    </UnitTest>
    <UnitTest name="Math_BigMul" storage="d:\alinq\source\trunk\test\bin\debug\test.dll" id="465e43cc-4a36-ce40-73fc-6a98de1c330b">
      <Css projectStructure="" iteration="" />
      <Owners>
        <Owner name="" />
      </Owners>
      <TestMethod codeBase="D:\ALinq\Source\Trunk\Test\bin\Debug\Test.dll" adapterTypeName="Microsoft.VisualStudio.TestTools.TestTypes.Unit.UnitTestAdapter, Microsoft.VisualStudio.QualityTools.Tips.UnitTest.Adapter, Version=9.0.0.0, Culture=neutral, PublicKeyToken=b03f5f7f11d50a3a" className="Test.MySqlTest, Test" name="Math_BigMul" />
    </UnitTest>
    <UnitTest name="GroupBy_Where" storage="d:\alinq\source\trunk\test\bin\debug\test.dll" id="4b8198fb-5f43-d709-3bc9-bf893f8ef757">
      <Css projectStructure="" iteration="" />
      <Owners>
        <Owner name="" />
      </Owners>
      <TestMethod codeBase="D:\ALinq\Source\Trunk\Test\bin\Debug\Test.dll" adapterTypeName="Microsoft.VisualStudio.TestTools.TestTypes.Unit.UnitTestAdapter, Microsoft.VisualStudio.QualityTools.Tips.UnitTest.Adapter, Version=9.0.0.0, Culture=neutral, PublicKeyToken=b03f5f7f11d50a3a" className="Test.NorOracleTest, Test" name="GroupBy_Where" />
    </UnitTest>
    <UnitTest name="DateTimeLT" storage="d:\alinq\source\trunk\test\bin\debug\test.dll" id="88a37945-c07f-6669-90c0-96159cfeddfd">
      <Css projectStructure="" iteration="" />
      <Owners>
        <Owner name="" />
      </Owners>
      <TestMethod codeBase="D:\ALinq\Source\Trunk\Test\bin\Debug\Test.dll" adapterTypeName="Microsoft.VisualStudio.TestTools.TestTypes.Unit.UnitTestAdapter, Microsoft.VisualStudio.QualityTools.Tips.UnitTest.Adapter, Version=9.0.0.0, Culture=neutral, PublicKeyToken=b03f5f7f11d50a3a" className="Test.OdpOracleTest, Test" name="DateTimeLT" />
    </UnitTest>
    <UnitTest name="DataType_XElement" storage="d:\alinq\source\trunk\test\bin\debug\test.dll" id="de5a1b58-1ae1-a412-1021-146f827b8c66">
      <Css projectStructure="" iteration="" />
      <Owners>
        <Owner name="" />
      </Owners>
      <TestMethod codeBase="D:\ALinq\Source\Trunk\Test\bin\Debug\Test.dll" adapterTypeName="Microsoft.VisualStudio.TestTools.TestTypes.Unit.UnitTestAdapter, Microsoft.VisualStudio.QualityTools.Tips.UnitTest.Adapter, Version=9.0.0.0, Culture=neutral, PublicKeyToken=b03f5f7f11d50a3a" className="Test.PgsqlTest, Test" name="DataType_XElement" />
    </UnitTest>
    <UnitTest name="Math_Truncate1" storage="d:\alinq\source\trunk\test\bin\debug\test.dll" id="8e56d496-98c0-b58c-1a0a-78ce59e33fab">
      <Css projectStructure="" iteration="" />
      <Owners>
        <Owner name="" />
      </Owners>
      <TestMethod codeBase="D:\ALinq\Source\Trunk\Test\bin\Debug\Test.dll" adapterTypeName="Microsoft.VisualStudio.TestTools.TestTypes.Unit.UnitTestAdapter, Microsoft.VisualStudio.QualityTools.Tips.UnitTest.Adapter, Version=9.0.0.0, Culture=neutral, PublicKeyToken=b03f5f7f11d50a3a" className="Test.DB2Test, Test" name="Math_Truncate1" />
    </UnitTest>
    <UnitTest name="Distinct2" storage="d:\alinq\source\trunk\test\bin\debug\test.dll" id="9fe3a160-ca69-53e2-e8b5-24caa4e7dcaa">
      <Css projectStructure="" iteration="" />
      <Owners>
        <Owner name="" />
      </Owners>
      <TestMethod codeBase="D:\ALinq\Source\Trunk\Test\bin\Debug\Test.dll" adapterTypeName="Microsoft.VisualStudio.TestTools.TestTypes.Unit.UnitTestAdapter, Microsoft.VisualStudio.QualityTools.Tips.UnitTest.Adapter, Version=9.0.0.0, Culture=neutral, PublicKeyToken=b03f5f7f11d50a3a" className="Test.MySqlTest, Test" name="Distinct2" />
    </UnitTest>
    <UnitTest name="DataType_Int64" storage="d:\alinq\source\trunk\test\bin\debug\test.dll" id="7a72666b-01cb-ded4-c8dd-447baa7a08af">
      <Css projectStructure="" iteration="" />
      <Owners>
        <Owner name="" />
      </Owners>
      <TestMethod codeBase="D:\ALinq\Source\Trunk\Test\bin\Debug\Test.dll" adapterTypeName="Microsoft.VisualStudio.TestTools.TestTypes.Unit.UnitTestAdapter, Microsoft.VisualStudio.QualityTools.Tips.UnitTest.Adapter, Version=9.0.0.0, Culture=neutral, PublicKeyToken=b03f5f7f11d50a3a" className="Test.NorOracleTest, Test" name="DataType_Int64" />
    </UnitTest>
    <UnitTest name="Convert_ToInt32" storage="d:\alinq\source\trunk\test\bin\debug\test.dll" id="897c1659-a5b7-a875-233b-5e3dda6a285b">
      <Css projectStructure="" iteration="" />
      <Owners>
        <Owner name="" />
      </Owners>
      <TestMethod codeBase="D:\ALinq\Source\Trunk\Test\bin\Debug\Test.dll" adapterTypeName="Microsoft.VisualStudio.TestTools.TestTypes.Unit.UnitTestAdapter, Microsoft.VisualStudio.QualityTools.Tips.UnitTest.Adapter, Version=9.0.0.0, Culture=neutral, PublicKeyToken=b03f5f7f11d50a3a" className="Test.DB2Test, Test" name="Convert_ToInt32" />
    </UnitTest>
    <UnitTest name="Count_Empty" storage="d:\alinq\source\trunk\test\bin\debug\test.dll" id="052e45f7-7d15-ceb6-76e4-4254fe18f270">
      <Css projectStructure="" iteration="" />
      <Owners>
        <Owner name="" />
      </Owners>
      <TestMethod codeBase="D:\ALinq\Source\Trunk\Test\bin\Debug\Test.dll" adapterTypeName="Microsoft.VisualStudio.TestTools.TestTypes.Unit.UnitTestAdapter, Microsoft.VisualStudio.QualityTools.Tips.UnitTest.Adapter, Version=9.0.0.0, Culture=neutral, PublicKeyToken=b03f5f7f11d50a3a" className="Test.FirebirdTest, Test" name="Count_Empty" />
    </UnitTest>
    <UnitTest name="String_ToLowerInvariant" storage="d:\alinq\source\trunk\test\bin\debug\test.dll" id="b1c543fe-326c-314e-efcc-5f50e8c8ad1e">
      <Css projectStructure="" iteration="" />
      <Owners>
        <Owner name="" />
      </Owners>
      <TestMethod codeBase="D:\ALinq\Source\Trunk\Test\bin\Debug\Test.dll" adapterTypeName="Microsoft.VisualStudio.TestTools.TestTypes.Unit.UnitTestAdapter, Microsoft.VisualStudio.QualityTools.Tips.UnitTest.Adapter, Version=9.0.0.0, Culture=neutral, PublicKeyToken=b03f5f7f11d50a3a" className="Test.AccessTest, Test" name="String_ToLowerInvariant" />
    </UnitTest>
    <UnitTest name="Take_Nested" storage="d:\alinq\source\trunk\test\bin\debug\test.dll" id="261705e3-9989-85e5-b93a-927b72319458">
      <Css projectStructure="" iteration="" />
      <Owners>
        <Owner name="" />
      </Owners>
      <TestMethod codeBase="D:\ALinq\Source\Trunk\Test\bin\Debug\Test.dll" adapterTypeName="Microsoft.VisualStudio.TestTools.TestTypes.Unit.UnitTestAdapter, Microsoft.VisualStudio.QualityTools.Tips.UnitTest.Adapter, Version=9.0.0.0, Culture=neutral, PublicKeyToken=b03f5f7f11d50a3a" className="Test.SQLiteTest, Test" name="Take_Nested" />
    </UnitTest>
    <UnitTest name="Count_Nested" storage="d:\alinq\source\trunk\test\bin\debug\test.dll" id="1cb37ccd-7248-3164-3c3f-01ab0cd8e4ed">
      <Css projectStructure="" iteration="" />
      <Owners>
        <Owner name="" />
      </Owners>
      <TestMethod codeBase="D:\ALinq\Source\Trunk\Test\bin\Debug\Test.dll" adapterTypeName="Microsoft.VisualStudio.TestTools.TestTypes.Unit.UnitTestAdapter, Microsoft.VisualStudio.QualityTools.Tips.UnitTest.Adapter, Version=9.0.0.0, Culture=neutral, PublicKeyToken=b03f5f7f11d50a3a" className="Test.NorOracleTest, Test" name="Count_Nested" />
    </UnitTest>
    <UnitTest name="Except" storage="d:\alinq\source\trunk\test\bin\debug\test.dll" id="50be8da7-3472-5146-ad3c-84032755cfab">
      <Css projectStructure="" iteration="" />
      <Owners>
        <Owner name="" />
      </Owners>
      <TestMethod codeBase="D:\ALinq\Source\Trunk\Test\bin\Debug\Test.dll" adapterTypeName="Microsoft.VisualStudio.TestTools.TestTypes.Unit.UnitTestAdapter, Microsoft.VisualStudio.QualityTools.Tips.UnitTest.Adapter, Version=9.0.0.0, Culture=neutral, PublicKeyToken=b03f5f7f11d50a3a" className="Test.DB2Test, Test" name="Except" />
    </UnitTest>
    <UnitTest name="Count_Grouped" storage="d:\alinq\source\trunk\test\bin\debug\test.dll" id="f9b48a1a-5cdd-8137-ecee-f08f566c6adb">
      <Css projectStructure="" iteration="" />
      <Owners>
        <Owner name="" />
      </Owners>
      <TestMethod codeBase="D:\ALinq\Source\Trunk\Test\bin\Debug\Test.dll" adapterTypeName="Microsoft.VisualStudio.TestTools.TestTypes.Unit.UnitTestAdapter, Microsoft.VisualStudio.QualityTools.Tips.UnitTest.Adapter, Version=9.0.0.0, Culture=neutral, PublicKeyToken=b03f5f7f11d50a3a" className="Test.FirebirdTest, Test" name="Count_Grouped" />
    </UnitTest>
    <UnitTest name="Any_Condition" storage="d:\alinq\source\trunk\test\bin\debug\test.dll" id="410f0de9-a3f7-b0b7-bd08-a4c291dd1791">
      <Css projectStructure="" iteration="" />
      <Owners>
        <Owner name="" />
      </Owners>
      <TestMethod codeBase="D:\ALinq\Source\Trunk\Test\bin\Debug\Test.dll" adapterTypeName="Microsoft.VisualStudio.TestTools.TestTypes.Unit.UnitTestAdapter, Microsoft.VisualStudio.QualityTools.Tips.UnitTest.Adapter, Version=9.0.0.0, Culture=neutral, PublicKeyToken=b03f5f7f11d50a3a" className="Test.SQL2000Test, Test" name="Any_Condition" />
    </UnitTest>
    <UnitTest name="Except" storage="d:\alinq\source\trunk\test\bin\debug\test.dll" id="96588618-6a04-41f6-8403-437d33f8c35e">
      <Css projectStructure="" iteration="" />
      <Owners>
        <Owner name="" />
      </Owners>
      <TestMethod codeBase="D:\ALinq\Source\Trunk\Test\bin\Debug\Test.dll" adapterTypeName="Microsoft.VisualStudio.TestTools.TestTypes.Unit.UnitTestAdapter, Microsoft.VisualStudio.QualityTools.Tips.UnitTest.Adapter, Version=9.0.0.0, Culture=neutral, PublicKeyToken=b03f5f7f11d50a3a" className="Test.NorOracleTest, Test" name="Except" />
    </UnitTest>
    <UnitTest name="DateTime_Month" storage="d:\alinq\source\trunk\test\bin\debug\test.dll" id="74f35ea3-2001-f66e-80ee-1166df767499">
      <Css projectStructure="" iteration="" />
      <Owners>
        <Owner name="" />
      </Owners>
      <TestMethod codeBase="D:\ALinq\Source\Trunk\Test\bin\Debug\Test.dll" adapterTypeName="Microsoft.VisualStudio.TestTools.TestTypes.Unit.UnitTestAdapter, Microsoft.VisualStudio.QualityTools.Tips.UnitTest.Adapter, Version=9.0.0.0, Culture=neutral, PublicKeyToken=b03f5f7f11d50a3a" className="Test.SqlTest, Test" name="DateTime_Month" />
    </UnitTest>
    <UnitTest name="LongCount" storage="d:\alinq\source\trunk\test\bin\debug\test.dll" id="3c1759af-1e67-3e19-e7c2-061614d0cc29">
      <Css projectStructure="" iteration="" />
      <Owners>
        <Owner name="" />
      </Owners>
      <TestMethod codeBase="D:\ALinq\Source\Trunk\Test\bin\Debug\Test.dll" adapterTypeName="Microsoft.VisualStudio.TestTools.TestTypes.Unit.UnitTestAdapter, Microsoft.VisualStudio.QualityTools.Tips.UnitTest.Adapter, Version=9.0.0.0, Culture=neutral, PublicKeyToken=b03f5f7f11d50a3a" className="Test.FirebirdTest, Test" name="LongCount" />
    </UnitTest>
    <UnitTest name="Math_Min" storage="d:\alinq\source\trunk\test\bin\debug\test.dll" id="dc6b651b-dc95-9d4f-46ed-5cf3692d154a">
      <Css projectStructure="" iteration="" />
      <Owners>
        <Owner name="" />
      </Owners>
      <TestMethod codeBase="D:\ALinq\Source\Trunk\Test\bin\Debug\Test.dll" adapterTypeName="Microsoft.VisualStudio.TestTools.TestTypes.Unit.UnitTestAdapter, Microsoft.VisualStudio.QualityTools.Tips.UnitTest.Adapter, Version=9.0.0.0, Culture=neutral, PublicKeyToken=b03f5f7f11d50a3a" className="Test.SQL2000Test, Test" name="Math_Min" />
    </UnitTest>
    <UnitTest name="Max_Grouped" storage="d:\alinq\source\trunk\test\bin\debug\test.dll" id="3ee3eed1-4444-25c8-7cf0-af5ab3760de5">
      <Css projectStructure="" iteration="" />
      <Owners>
        <Owner name="" />
      </Owners>
      <TestMethod codeBase="D:\ALinq\Source\Trunk\Test\bin\Debug\Test.dll" adapterTypeName="Microsoft.VisualStudio.TestTools.TestTypes.Unit.UnitTestAdapter, Microsoft.VisualStudio.QualityTools.Tips.UnitTest.Adapter, Version=9.0.0.0, Culture=neutral, PublicKeyToken=b03f5f7f11d50a3a" className="Test.AccessTest, Test" name="Max_Grouped" />
    </UnitTest>
    <UnitTest name="First" priority="20" storage="d:\alinq\source\trunk\test\bin\debug\test.dll" id="6da618bd-ae9b-da10-b313-59d862be13c0">
      <Css projectStructure="" iteration="" />
      <Owners>
        <Owner name="" />
      </Owners>
      <TestMethod codeBase="D:\ALinq\Source\Trunk\Test\bin\Debug\Test.dll" adapterTypeName="Microsoft.VisualStudio.TestTools.TestTypes.Unit.UnitTestAdapter, Microsoft.VisualStudio.QualityTools.Tips.UnitTest.Adapter, Version=9.0.0.0, Culture=neutral, PublicKeyToken=b03f5f7f11d50a3a" className="Test.MySqlTest, Test" name="First" />
    </UnitTest>
    <UnitTest name="Take_Nested" storage="d:\alinq\source\trunk\test\bin\debug\test.dll" id="27010565-f0d2-85b5-a492-8b81150ad023">
      <Css projectStructure="" iteration="" />
      <Owners>
        <Owner name="" />
      </Owners>
      <TestMethod codeBase="D:\ALinq\Source\Trunk\Test\bin\Debug\Test.dll" adapterTypeName="Microsoft.VisualStudio.TestTools.TestTypes.Unit.UnitTestAdapter, Microsoft.VisualStudio.QualityTools.Tips.UnitTest.Adapter, Version=9.0.0.0, Culture=neutral, PublicKeyToken=b03f5f7f11d50a3a" className="Test.FirebirdTest, Test" name="Take_Nested" />
    </UnitTest>
    <UnitTest name="GetCategoriesAndProducts" storage="d:\alinq\source\trunk\test\bin\debug\test.dll" id="82bd2174-04fa-2d42-4299-b9542e93b324">
      <Css projectStructure="" iteration="" />
      <Owners>
        <Owner name="" />
      </Owners>
      <TestMethod codeBase="D:\ALinq\Source\Trunk\Test\bin\Debug\Test.dll" adapterTypeName="Microsoft.VisualStudio.TestTools.TestTypes.Unit.UnitTestAdapter, Microsoft.VisualStudio.QualityTools.Tips.UnitTest.Adapter, Version=9.0.0.0, Culture=neutral, PublicKeyToken=b03f5f7f11d50a3a" className="Test.NorOracleProcedureTest, Test" name="GetCategoriesAndProducts" />
    </UnitTest>
    <UnitTest name="String_ToUpperInvariant" storage="d:\alinq\source\trunk\test\bin\debug\test.dll" id="9dacf532-0405-bca1-e67e-e24e30d53155">
      <Css projectStructure="" iteration="" />
      <Owners>
        <Owner name="" />
      </Owners>
      <TestMethod codeBase="D:\ALinq\Source\Trunk\Test\bin\Debug\Test.dll" adapterTypeName="Microsoft.VisualStudio.TestTools.TestTypes.Unit.UnitTestAdapter, Microsoft.VisualStudio.QualityTools.Tips.UnitTest.Adapter, Version=9.0.0.0, Culture=neutral, PublicKeyToken=b03f5f7f11d50a3a" className="Test.NorOracleTest, Test" name="String_ToUpperInvariant" />
    </UnitTest>
    <UnitTest name="DateDiffDay" storage="d:\alinq\source\trunk\test\bin\debug\test.dll" id="93a52078-c6ff-b35d-70a0-b71ca612447f">
      <Css projectStructure="" iteration="" />
      <Owners>
        <Owner name="" />
      </Owners>
      <TestMethod codeBase="D:\ALinq\Source\Trunk\Test\bin\Debug\Test.dll" adapterTypeName="Microsoft.VisualStudio.TestTools.TestTypes.Unit.UnitTestAdapter, Microsoft.VisualStudio.QualityTools.Tips.UnitTest.Adapter, Version=9.0.0.0, Culture=neutral, PublicKeyToken=b03f5f7f11d50a3a" className="Test.SqlMethodsTest, Test" name="DateDiffDay" />
    </UnitTest>
    <UnitTest name="DateDiffSecond" storage="d:\alinq\source\trunk\test\bin\debug\test.dll" id="f97c2558-89a5-61c1-f835-d2860b5f9747">
      <Css projectStructure="" iteration="" />
      <Owners>
        <Owner name="" />
      </Owners>
      <TestMethod codeBase="D:\ALinq\Source\Trunk\Test\bin\Debug\Test.dll" adapterTypeName="Microsoft.VisualStudio.TestTools.TestTypes.Unit.UnitTestAdapter, Microsoft.VisualStudio.QualityTools.Tips.UnitTest.Adapter, Version=9.0.0.0, Culture=neutral, PublicKeyToken=b03f5f7f11d50a3a" className="Test.MySqlMethods, Test" name="DateDiffSecond" />
    </UnitTest>
    <UnitTest name="DataType_Char" storage="d:\alinq\source\trunk\test\bin\debug\test.dll" id="c056970c-c2f8-054c-8e90-3ae09218e48b">
      <Css projectStructure="" iteration="" />
      <Owners>
        <Owner name="" />
      </Owners>
      <TestMethod codeBase="D:\ALinq\Source\Trunk\Test\bin\Debug\Test.dll" adapterTypeName="Microsoft.VisualStudio.TestTools.TestTypes.Unit.UnitTestAdapter, Microsoft.VisualStudio.QualityTools.Tips.UnitTest.Adapter, Version=9.0.0.0, Culture=neutral, PublicKeyToken=b03f5f7f11d50a3a" className="Test.DB2Test, Test" name="DataType_Char" />
    </UnitTest>
    <UnitTest name="GroupBy_Expression" storage="d:\alinq\source\trunk\test\bin\debug\test.dll" id="96f78a80-1dc6-22b8-ae16-78cc13ae2e0b">
      <Css projectStructure="" iteration="" />
      <Owners>
        <Owner name="" />
      </Owners>
      <TestMethod codeBase="D:\ALinq\Source\Trunk\Test\bin\Debug\Test.dll" adapterTypeName="Microsoft.VisualStudio.TestTools.TestTypes.Unit.UnitTestAdapter, Microsoft.VisualStudio.QualityTools.Tips.UnitTest.Adapter, Version=9.0.0.0, Culture=neutral, PublicKeyToken=b03f5f7f11d50a3a" className="Test.OdpOracleTest, Test" name="GroupBy_Expression" />
    </UnitTest>
    <UnitTest name="Null" storage="d:\alinq\source\trunk\test\bin\debug\test.dll" id="53ff068a-d8da-fe22-52c8-ebac4ef0e629">
      <Css projectStructure="" iteration="" />
      <Owners>
        <Owner name="" />
      </Owners>
      <TestMethod codeBase="D:\ALinq\Source\Trunk\Test\bin\Debug\Test.dll" adapterTypeName="Microsoft.VisualStudio.TestTools.TestTypes.Unit.UnitTestAdapter, Microsoft.VisualStudio.QualityTools.Tips.UnitTest.Adapter, Version=9.0.0.0, Culture=neutral, PublicKeyToken=b03f5f7f11d50a3a" className="Test.FirebirdTest, Test" name="Null" />
    </UnitTest>
    <UnitTest name="Count_Nested" storage="d:\alinq\source\trunk\test\bin\debug\test.dll" id="078c1f85-d7db-337f-5f93-a30372b22230">
      <Css projectStructure="" iteration="" />
      <Owners>
        <Owner name="" />
      </Owners>
      <TestMethod codeBase="D:\ALinq\Source\Trunk\Test\bin\Debug\Test.dll" adapterTypeName="Microsoft.VisualStudio.TestTools.TestTypes.Unit.UnitTestAdapter, Microsoft.VisualStudio.QualityTools.Tips.UnitTest.Adapter, Version=9.0.0.0, Culture=neutral, PublicKeyToken=b03f5f7f11d50a3a" className="Test.SQL2005Test, Test" name="Count_Nested" />
    </UnitTest>
    <UnitTest name="DateDiffMonth" storage="d:\alinq\source\trunk\test\bin\debug\test.dll" id="eaf2df92-93ed-a081-854f-09f5cbe94a72">
      <Css projectStructure="" iteration="" />
      <Owners>
        <Owner name="" />
      </Owners>
      <TestMethod codeBase="D:\ALinq\Source\Trunk\Test\bin\Debug\Test.dll" adapterTypeName="Microsoft.VisualStudio.TestTools.TestTypes.Unit.UnitTestAdapter, Microsoft.VisualStudio.QualityTools.Tips.UnitTest.Adapter, Version=9.0.0.0, Culture=neutral, PublicKeyToken=b03f5f7f11d50a3a" className="Test.SqlMethodsTest, Test" name="DateDiffMonth" />
    </UnitTest>
    <UnitTest name="DateTime_AddSeconds" storage="d:\alinq\source\trunk\test\bin\debug\test.dll" id="5f3f3d43-b306-d7be-8bb1-3dbf641a9ff9">
      <Css projectStructure="" iteration="" />
      <Owners>
        <Owner name="" />
      </Owners>
      <TestMethod codeBase="D:\ALinq\Source\Trunk\Test\bin\Debug\Test.dll" adapterTypeName="Microsoft.VisualStudio.TestTools.TestTypes.Unit.UnitTestAdapter, Microsoft.VisualStudio.QualityTools.Tips.UnitTest.Adapter, Version=9.0.0.0, Culture=neutral, PublicKeyToken=b03f5f7f11d50a3a" className="Test.FirebirdTest, Test" name="DateTime_AddSeconds" />
    </UnitTest>
    <UnitTest name="String_CompareTo" storage="d:\alinq\source\trunk\test\bin\debug\test.dll" id="55f95501-5772-2aed-ef54-187559b9f004">
      <Css projectStructure="" iteration="" />
      <Owners>
        <Owner name="" />
      </Owners>
      <TestMethod codeBase="D:\ALinq\Source\Trunk\Test\bin\Debug\Test.dll" adapterTypeName="Microsoft.VisualStudio.TestTools.TestTypes.Unit.UnitTestAdapter, Microsoft.VisualStudio.QualityTools.Tips.UnitTest.Adapter, Version=9.0.0.0, Culture=neutral, PublicKeyToken=b03f5f7f11d50a3a" className="Test.SQL2000Test, Test" name="String_CompareTo" />
    </UnitTest>
    <UnitTest name="String_Length" storage="d:\alinq\source\trunk\test\bin\debug\test.dll" id="681381fc-436e-004c-10f3-b8c8a137a24a">
      <Css projectStructure="" iteration="" />
      <Owners>
        <Owner name="" />
      </Owners>
      <TestMethod codeBase="D:\ALinq\Source\Trunk\Test\bin\Debug\Test.dll" adapterTypeName="Microsoft.VisualStudio.TestTools.TestTypes.Unit.UnitTestAdapter, Microsoft.VisualStudio.QualityTools.Tips.UnitTest.Adapter, Version=9.0.0.0, Culture=neutral, PublicKeyToken=b03f5f7f11d50a3a" className="Test.FirebirdTest, Test" name="String_Length" />
    </UnitTest>
    <UnitTest name="GetAllCategores" storage="d:\alinq\source\trunk\test\bin\debug\test.dll" id="25074b96-01d0-22d6-377a-a220658b5ad0">
      <Css projectStructure="" iteration="" />
      <Owners>
        <Owner name="" />
      </Owners>
      <TestMethod codeBase="D:\ALinq\Source\Trunk\Test\bin\Debug\Test.dll" adapterTypeName="Microsoft.VisualStudio.TestTools.TestTypes.Unit.UnitTestAdapter, Microsoft.VisualStudio.QualityTools.Tips.UnitTest.Adapter, Version=9.0.0.0, Culture=neutral, PublicKeyToken=b03f5f7f11d50a3a" className="Test.MySqlProcedureTest, Test" name="GetAllCategores" />
    </UnitTest>
    <UnitTest name="DateDiffSecond" storage="d:\alinq\source\trunk\test\bin\debug\test.dll" id="2da2e24d-5217-799d-7a26-72eaa5ac2217">
      <Css projectStructure="" iteration="" />
      <Owners>
        <Owner name="" />
      </Owners>
      <TestMethod codeBase="D:\ALinq\Source\Trunk\Test\bin\Debug\Test.dll" adapterTypeName="Microsoft.VisualStudio.TestTools.TestTypes.Unit.UnitTestAdapter, Microsoft.VisualStudio.QualityTools.Tips.UnitTest.Adapter, Version=9.0.0.0, Culture=neutral, PublicKeyToken=b03f5f7f11d50a3a" className="Test.AccessSqlMethods, Test" name="DateDiffSecond" />
    </UnitTest>
    <UnitTest name="DateTime_Add" storage="d:\alinq\source\trunk\test\bin\debug\test.dll" id="49b9912e-daf7-d45b-adce-03ae9d5aafb6">
      <Css projectStructure="" iteration="" />
      <Owners>
        <Owner name="" />
      </Owners>
      <TestMethod codeBase="D:\ALinq\Source\Trunk\Test\bin\Debug\Test.dll" adapterTypeName="Microsoft.VisualStudio.TestTools.TestTypes.Unit.UnitTestAdapter, Microsoft.VisualStudio.QualityTools.Tips.UnitTest.Adapter, Version=9.0.0.0, Culture=neutral, PublicKeyToken=b03f5f7f11d50a3a" className="Test.FirebirdTest, Test" name="DateTime_Add" />
    </UnitTest>
    <UnitTest name="Sum_Simple" storage="d:\alinq\source\trunk\test\bin\debug\test.dll" id="ec634e42-fbb1-1656-2146-d3465f2b4fa7">
      <Css projectStructure="" iteration="" />
      <Owners>
        <Owner name="" />
      </Owners>
      <TestMethod codeBase="D:\ALinq\Source\Trunk\Test\bin\Debug\Test.dll" adapterTypeName="Microsoft.VisualStudio.TestTools.TestTypes.Unit.UnitTestAdapter, Microsoft.VisualStudio.QualityTools.Tips.UnitTest.Adapter, Version=9.0.0.0, Culture=neutral, PublicKeyToken=b03f5f7f11d50a3a" className="Test.PgsqlTest, Test" name="Sum_Simple" />
    </UnitTest>
    <UnitTest name="Join_LeftOuter" storage="d:\alinq\source\trunk\test\bin\debug\test.dll" id="4d127e7d-1fbb-235c-4ccf-5afb6c792fcf">
      <Css projectStructure="" iteration="" />
      <Owners>
        <Owner name="" />
      </Owners>
      <TestMethod codeBase="D:\ALinq\Source\Trunk\Test\bin\Debug\Test.dll" adapterTypeName="Microsoft.VisualStudio.TestTools.TestTypes.Unit.UnitTestAdapter, Microsoft.VisualStudio.QualityTools.Tips.UnitTest.Adapter, Version=9.0.0.0, Culture=neutral, PublicKeyToken=b03f5f7f11d50a3a" className="Test.OdpOracleTest, Test" name="Join_LeftOuter" />
    </UnitTest>
    <UnitTest name="Avg_Simple" storage="d:\alinq\source\trunk\test\bin\debug\test.dll" id="904a818a-49d9-b8b8-280c-89c9e647299c">
      <Css projectStructure="" iteration="" />
      <Execution timeOut="10000" />
      <Owners>
        <Owner name="" />
      </Owners>
      <TestMethod codeBase="D:\ALinq\Source\Trunk\Test\bin\Debug\Test.dll" adapterTypeName="Microsoft.VisualStudio.TestTools.TestTypes.Unit.UnitTestAdapter, Microsoft.VisualStudio.QualityTools.Tips.UnitTest.Adapter, Version=9.0.0.0, Culture=neutral, PublicKeyToken=b03f5f7f11d50a3a" className="Test.DB2Test, Test" name="Avg_Simple" />
    </UnitTest>
    <UnitTest name="Single" storage="d:\alinq\source\trunk\test\bin\debug\test.dll" id="3fed5c65-510a-7c0f-9d5a-9a6d3e29e596">
      <Css projectStructure="" iteration="" />
      <Owners>
        <Owner name="" />
      </Owners>
      <TestMethod codeBase="D:\ALinq\Source\Trunk\Test\bin\Debug\Test.dll" adapterTypeName="Microsoft.VisualStudio.TestTools.TestTypes.Unit.UnitTestAdapter, Microsoft.VisualStudio.QualityTools.Tips.UnitTest.Adapter, Version=9.0.0.0, Culture=neutral, PublicKeyToken=b03f5f7f11d50a3a" className="Test.OdpOracleTest, Test" name="Single" />
    </UnitTest>
    <UnitTest name="String_ToLowerInvariant" storage="d:\alinq\source\trunk\test\bin\debug\test.dll" id="873e797b-e77b-7000-c0b2-62c20ad27115">
      <Css projectStructure="" iteration="" />
      <Owners>
        <Owner name="" />
      </Owners>
      <TestMethod codeBase="D:\ALinq\Source\Trunk\Test\bin\Debug\Test.dll" adapterTypeName="Microsoft.VisualStudio.TestTools.TestTypes.Unit.UnitTestAdapter, Microsoft.VisualStudio.QualityTools.Tips.UnitTest.Adapter, Version=9.0.0.0, Culture=neutral, PublicKeyToken=b03f5f7f11d50a3a" className="Test.FirebirdTest, Test" name="String_ToLowerInvariant" />
    </UnitTest>
    <UnitTest name="DateTimeLT" storage="d:\alinq\source\trunk\test\bin\debug\test.dll" id="3ced2f73-2344-2240-b0bb-aba74b7c2160">
      <Css projectStructure="" iteration="" />
      <Owners>
        <Owner name="" />
      </Owners>
      <TestMethod codeBase="D:\ALinq\Source\Trunk\Test\bin\Debug\Test.dll" adapterTypeName="Microsoft.VisualStudio.TestTools.TestTypes.Unit.UnitTestAdapter, Microsoft.VisualStudio.QualityTools.Tips.UnitTest.Adapter, Version=9.0.0.0, Culture=neutral, PublicKeyToken=b03f5f7f11d50a3a" className="Test.MySqlTest, Test" name="DateTimeLT" />
    </UnitTest>
    <UnitTest name="Count_Empty" storage="d:\alinq\source\trunk\test\bin\debug\test.dll" id="8eb7be2f-204f-00cd-43a2-d3b00543a5ce">
      <Css projectStructure="" iteration="" />
      <Owners>
        <Owner name="" />
      </Owners>
      <TestMethod codeBase="D:\ALinq\Source\Trunk\Test\bin\Debug\Test.dll" adapterTypeName="Microsoft.VisualStudio.TestTools.TestTypes.Unit.UnitTestAdapter, Microsoft.VisualStudio.QualityTools.Tips.UnitTest.Adapter, Version=9.0.0.0, Culture=neutral, PublicKeyToken=b03f5f7f11d50a3a" className="Test.SQL2000Test, Test" name="Count_Empty" />
    </UnitTest>
    <UnitTest name="Select_LocalMethodCall" storage="d:\alinq\source\trunk\test\bin\debug\test.dll" id="d30c18f1-d76c-26fc-64de-31c634c96f8e">
      <Css projectStructure="" iteration="" />
      <Owners>
        <Owner name="" />
      </Owners>
      <TestMethod codeBase="D:\ALinq\Source\Trunk\Test\bin\Debug\Test.dll" adapterTypeName="Microsoft.VisualStudio.TestTools.TestTypes.Unit.UnitTestAdapter, Microsoft.VisualStudio.QualityTools.Tips.UnitTest.Adapter, Version=9.0.0.0, Culture=neutral, PublicKeyToken=b03f5f7f11d50a3a" className="Test.DB2Test, Test" name="Select_LocalMethodCall" />
    </UnitTest>
    <UnitTest name="DataType_Clob" storage="d:\alinq\source\trunk\test\bin\debug\test.dll" id="b1f6f811-70b2-8342-65cc-b7282caec897">
      <Css projectStructure="" iteration="" />
      <Owners>
        <Owner name="" />
      </Owners>
      <TestMethod codeBase="D:\ALinq\Source\Trunk\Test\bin\Debug\Test.dll" adapterTypeName="Microsoft.VisualStudio.TestTools.TestTypes.Unit.UnitTestAdapter, Microsoft.VisualStudio.QualityTools.Tips.UnitTest.Adapter, Version=9.0.0.0, Culture=neutral, PublicKeyToken=b03f5f7f11d50a3a" className="Test.OdpOracleTest, Test" name="DataType_Clob" />
    </UnitTest>
    <UnitTest name="Max_Grouped" storage="d:\alinq\source\trunk\test\bin\debug\test.dll" id="dbdcf15e-149a-a070-ffe8-a0b2d7f951b9">
      <Css projectStructure="" iteration="" />
      <Owners>
        <Owner name="" />
      </Owners>
      <TestMethod codeBase="D:\ALinq\Source\Trunk\Test\bin\Debug\Test.dll" adapterTypeName="Microsoft.VisualStudio.TestTools.TestTypes.Unit.UnitTestAdapter, Microsoft.VisualStudio.QualityTools.Tips.UnitTest.Adapter, Version=9.0.0.0, Culture=neutral, PublicKeyToken=b03f5f7f11d50a3a" className="Test.NorOracleTest, Test" name="Max_Grouped" />
    </UnitTest>
    <UnitTest name="All_Grouped" storage="d:\alinq\source\trunk\test\bin\debug\test.dll" id="42ce643b-7ca9-0194-45ba-f06d39eaa3bd">
      <Css projectStructure="" iteration="" />
      <Owners>
        <Owner name="" />
      </Owners>
      <TestMethod codeBase="D:\ALinq\Source\Trunk\Test\bin\Debug\Test.dll" adapterTypeName="Microsoft.VisualStudio.TestTools.TestTypes.Unit.UnitTestAdapter, Microsoft.VisualStudio.QualityTools.Tips.UnitTest.Adapter, Version=9.0.0.0, Culture=neutral, PublicKeyToken=b03f5f7f11d50a3a" className="Test.OdpOracleTest, Test" name="All_Grouped" />
    </UnitTest>
    <UnitTest name="StringContain" storage="d:\alinq\source\trunk\test\bin\debug\test.dll" id="72154dfc-b135-53bd-86df-1b719965999c">
      <Css projectStructure="" iteration="" />
      <Owners>
        <Owner name="" />
      </Owners>
      <TestMethod codeBase="D:\ALinq\Source\Trunk\Test\bin\Debug\Test.dll" adapterTypeName="Microsoft.VisualStudio.TestTools.TestTypes.Unit.UnitTestAdapter, Microsoft.VisualStudio.QualityTools.Tips.UnitTest.Adapter, Version=9.0.0.0, Culture=neutral, PublicKeyToken=b03f5f7f11d50a3a" className="Test.AccessTest, Test" name="StringContain" />
    </UnitTest>
    <UnitTest name="Min_Grouped" storage="d:\alinq\source\trunk\test\bin\debug\test.dll" id="edc83b7f-9b5c-e329-2bf4-1599494f3ad5">
      <Css projectStructure="" iteration="" />
      <Owners>
        <Owner name="" />
      </Owners>
      <TestMethod codeBase="D:\ALinq\Source\Trunk\Test\bin\Debug\Test.dll" adapterTypeName="Microsoft.VisualStudio.TestTools.TestTypes.Unit.UnitTestAdapter, Microsoft.VisualStudio.QualityTools.Tips.UnitTest.Adapter, Version=9.0.0.0, Culture=neutral, PublicKeyToken=b03f5f7f11d50a3a" className="Test.DB2Test, Test" name="Min_Grouped" />
    </UnitTest>
    <UnitTest name="String_CompareTo" storage="d:\alinq\source\trunk\test\bin\debug\test.dll" id="9654112f-f189-8b20-90b3-4c98b6ffdaf5">
      <Css projectStructure="" iteration="" />
      <Owners>
        <Owner name="" />
      </Owners>
      <TestMethod codeBase="D:\ALinq\Source\Trunk\Test\bin\Debug\Test.dll" adapterTypeName="Microsoft.VisualStudio.TestTools.TestTypes.Unit.UnitTestAdapter, Microsoft.VisualStudio.QualityTools.Tips.UnitTest.Adapter, Version=9.0.0.0, Culture=neutral, PublicKeyToken=b03f5f7f11d50a3a" className="Test.AccessTest, Test" name="String_CompareTo" />
    </UnitTest>
    <UnitTest name="GroupBy_Nested" storage="d:\alinq\source\trunk\test\bin\debug\test.dll" id="f1c53472-6fa3-02c9-f35d-bbe81b3a153a">
      <Css projectStructure="" iteration="" />
      <Owners>
        <Owner name="" />
      </Owners>
      <TestMethod codeBase="D:\ALinq\Source\Trunk\Test\bin\Debug\Test.dll" adapterTypeName="Microsoft.VisualStudio.TestTools.TestTypes.Unit.UnitTestAdapter, Microsoft.VisualStudio.QualityTools.Tips.UnitTest.Adapter, Version=9.0.0.0, Culture=neutral, PublicKeyToken=b03f5f7f11d50a3a" className="Test.DB2Test, Test" name="GroupBy_Nested" />
    </UnitTest>
    <UnitTest name="Math_Sin" storage="d:\alinq\source\trunk\test\bin\debug\test.dll" id="ee9c65f3-a8b8-3403-71a4-fb314c33e5c2">
      <Css projectStructure="" iteration="" />
      <Owners>
        <Owner name="" />
      </Owners>
      <TestMethod codeBase="D:\ALinq\Source\Trunk\Test\bin\Debug\Test.dll" adapterTypeName="Microsoft.VisualStudio.TestTools.TestTypes.Unit.UnitTestAdapter, Microsoft.VisualStudio.QualityTools.Tips.UnitTest.Adapter, Version=9.0.0.0, Culture=neutral, PublicKeyToken=b03f5f7f11d50a3a" className="Test.PgsqlTest, Test" name="Math_Sin" />
    </UnitTest>
    <UnitTest name="Join_TowWay" storage="d:\alinq\source\trunk\test\bin\debug\test.dll" id="65339de6-62d4-350e-9e82-d2f59ebef877">
      <Css projectStructure="" iteration="" />
      <Owners>
        <Owner name="" />
      </Owners>
      <TestMethod codeBase="D:\ALinq\Source\Trunk\Test\bin\Debug\Test.dll" adapterTypeName="Microsoft.VisualStudio.TestTools.TestTypes.Unit.UnitTestAdapter, Microsoft.VisualStudio.QualityTools.Tips.UnitTest.Adapter, Version=9.0.0.0, Culture=neutral, PublicKeyToken=b03f5f7f11d50a3a" className="Test.PgsqlTest, Test" name="Join_TowWay" />
    </UnitTest>
    <UnitTest name="Union" storage="d:\alinq\source\trunk\test\bin\debug\test.dll" id="7c7c0a57-5281-b899-5a2b-add71a99ff7b">
      <Css projectStructure="" iteration="" />
      <Owners>
        <Owner name="" />
      </Owners>
      <TestMethod codeBase="D:\ALinq\Source\Trunk\Test\bin\Debug\Test.dll" adapterTypeName="Microsoft.VisualStudio.TestTools.TestTypes.Unit.UnitTestAdapter, Microsoft.VisualStudio.QualityTools.Tips.UnitTest.Adapter, Version=9.0.0.0, Culture=neutral, PublicKeyToken=b03f5f7f11d50a3a" className="Test.SQL2005Test, Test" name="Union" />
    </UnitTest>
    <UnitTest name="Single" storage="d:\alinq\source\trunk\test\bin\debug\test.dll" id="fac93af9-e64f-99f0-358e-c990b62b8de4">
      <Css projectStructure="" iteration="" />
      <Owners>
        <Owner name="" />
      </Owners>
      <TestMethod codeBase="D:\ALinq\Source\Trunk\Test\bin\Debug\Test.dll" adapterTypeName="Microsoft.VisualStudio.TestTools.TestTypes.Unit.UnitTestAdapter, Microsoft.VisualStudio.QualityTools.Tips.UnitTest.Adapter, Version=9.0.0.0, Culture=neutral, PublicKeyToken=b03f5f7f11d50a3a" className="Test.DB2Test, Test" name="Single" />
    </UnitTest>
    <UnitTest name="Sum_Empty" storage="d:\alinq\source\trunk\test\bin\debug\test.dll" id="da7ffffb-8382-22c8-246d-8d8033e0b4b4">
      <Css projectStructure="" iteration="" />
      <Owners>
        <Owner name="" />
      </Owners>
      <TestMethod codeBase="D:\ALinq\Source\Trunk\Test\bin\Debug\Test.dll" adapterTypeName="Microsoft.VisualStudio.TestTools.TestTypes.Unit.UnitTestAdapter, Microsoft.VisualStudio.QualityTools.Tips.UnitTest.Adapter, Version=9.0.0.0, Culture=neutral, PublicKeyToken=b03f5f7f11d50a3a" className="Test.AccessTest, Test" name="Sum_Empty" />
    </UnitTest>
    <UnitTest name="Except" storage="d:\alinq\source\trunk\test\bin\debug\test.dll" id="92b046af-8f04-7955-0fd4-c096c37e7dd8">
      <Css projectStructure="" iteration="" />
      <Owners>
        <Owner name="" />
      </Owners>
      <TestMethod codeBase="D:\ALinq\Source\Trunk\Test\bin\Debug\Test.dll" adapterTypeName="Microsoft.VisualStudio.TestTools.TestTypes.Unit.UnitTestAdapter, Microsoft.VisualStudio.QualityTools.Tips.UnitTest.Adapter, Version=9.0.0.0, Culture=neutral, PublicKeyToken=b03f5f7f11d50a3a" className="Test.AccessTest, Test" name="Except" />
    </UnitTest>
    <UnitTest name="SelectMany_MultipleFrom" storage="d:\alinq\source\trunk\test\bin\debug\test.dll" id="a0b11102-f861-4a6d-89e7-9e9df7e60c9d">
      <Css projectStructure="" iteration="" />
      <Owners>
        <Owner name="" />
      </Owners>
      <TestMethod codeBase="D:\ALinq\Source\Trunk\Test\bin\Debug\Test.dll" adapterTypeName="Microsoft.VisualStudio.TestTools.TestTypes.Unit.UnitTestAdapter, Microsoft.VisualStudio.QualityTools.Tips.UnitTest.Adapter, Version=9.0.0.0, Culture=neutral, PublicKeyToken=b03f5f7f11d50a3a" className="Test.SQL2000Test, Test" name="SelectMany_MultipleFrom" />
    </UnitTest>
    <UnitTest name="DataType_XElement" storage="d:\alinq\source\trunk\test\bin\debug\test.dll" id="44e6e39c-57aa-8388-8a01-d4b8d5dfb54d">
      <Css projectStructure="" iteration="" />
      <Owners>
        <Owner name="" />
      </Owners>
      <TestMethod codeBase="D:\ALinq\Source\Trunk\Test\bin\Debug\Test.dll" adapterTypeName="Microsoft.VisualStudio.TestTools.TestTypes.Unit.UnitTestAdapter, Microsoft.VisualStudio.QualityTools.Tips.UnitTest.Adapter, Version=9.0.0.0, Culture=neutral, PublicKeyToken=b03f5f7f11d50a3a" className="Test.OdpOracleTest, Test" name="DataType_XElement" />
    </UnitTest>
    <UnitTest name="StringStartsWith" storage="d:\alinq\source\trunk\test\bin\debug\test.dll" id="a5f20e20-856e-acff-904a-953c529e0a6e">
      <Css projectStructure="" iteration="" />
      <Owners>
        <Owner name="" />
      </Owners>
      <TestMethod codeBase="D:\ALinq\Source\Trunk\Test\bin\Debug\Test.dll" adapterTypeName="Microsoft.VisualStudio.TestTools.TestTypes.Unit.UnitTestAdapter, Microsoft.VisualStudio.QualityTools.Tips.UnitTest.Adapter, Version=9.0.0.0, Culture=neutral, PublicKeyToken=b03f5f7f11d50a3a" className="Test.OdpOracleTest, Test" name="StringStartsWith" />
    </UnitTest>
    <UnitTest name="String_Contains" storage="d:\alinq\source\trunk\test\bin\debug\test.dll" id="e45e8a26-3683-cc87-7bac-c2369ffbd758">
      <Css projectStructure="" iteration="" />
      <Owners>
        <Owner name="" />
      </Owners>
      <TestMethod codeBase="D:\ALinq\Source\Trunk\Test\bin\Debug\Test.dll" adapterTypeName="Microsoft.VisualStudio.TestTools.TestTypes.Unit.UnitTestAdapter, Microsoft.VisualStudio.QualityTools.Tips.UnitTest.Adapter, Version=9.0.0.0, Culture=neutral, PublicKeyToken=b03f5f7f11d50a3a" className="Test.SQLiteTest, Test" name="String_Contains" />
    </UnitTest>
    <UnitTest name="DataType_XDocument" storage="d:\alinq\source\trunk\test\bin\debug\test.dll" id="c413c016-38ff-27f9-3c3a-35338a8861fc">
      <Css projectStructure="" iteration="" />
      <Owners>
        <Owner name="" />
      </Owners>
      <TestMethod codeBase="D:\ALinq\Source\Trunk\Test\bin\Debug\Test.dll" adapterTypeName="Microsoft.VisualStudio.TestTools.TestTypes.Unit.UnitTestAdapter, Microsoft.VisualStudio.QualityTools.Tips.UnitTest.Adapter, Version=9.0.0.0, Culture=neutral, PublicKeyToken=b03f5f7f11d50a3a" className="Test.MySqlTest, Test" name="DataType_XDocument" />
    </UnitTest>
    <UnitTest name="String_ToLowerInvariant" storage="d:\alinq\source\trunk\test\bin\debug\test.dll" id="c6b7e992-6fe3-2139-3c89-681327c8d307">
      <Css projectStructure="" iteration="" />
      <Owners>
        <Owner name="" />
      </Owners>
      <TestMethod codeBase="D:\ALinq\Source\Trunk\Test\bin\Debug\Test.dll" adapterTypeName="Microsoft.VisualStudio.TestTools.TestTypes.Unit.UnitTestAdapter, Microsoft.VisualStudio.QualityTools.Tips.UnitTest.Adapter, Version=9.0.0.0, Culture=neutral, PublicKeyToken=b03f5f7f11d50a3a" className="Test.DB2Test, Test" name="String_ToLowerInvariant" />
    </UnitTest>
    <UnitTest name="All_Grouped" storage="d:\alinq\source\trunk\test\bin\debug\test.dll" id="5678a985-c04b-2078-687e-1ac719bdb277">
      <Css projectStructure="" iteration="" />
      <Owners>
        <Owner name="" />
      </Owners>
      <TestMethod codeBase="D:\ALinq\Source\Trunk\Test\bin\Debug\Test.dll" adapterTypeName="Microsoft.VisualStudio.TestTools.TestTypes.Unit.UnitTestAdapter, Microsoft.VisualStudio.QualityTools.Tips.UnitTest.Adapter, Version=9.0.0.0, Culture=neutral, PublicKeyToken=b03f5f7f11d50a3a" className="Test.AccessTest, Test" name="All_Grouped" />
    </UnitTest>
    <UnitTest name="Min_Simple" storage="d:\alinq\source\trunk\test\bin\debug\test.dll" id="8d04fe2f-c2c4-0b52-2dab-6674a8fd203f">
      <Css projectStructure="" iteration="" />
      <Owners>
        <Owner name="" />
      </Owners>
      <TestMethod codeBase="D:\ALinq\Source\Trunk\Test\bin\Debug\Test.dll" adapterTypeName="Microsoft.VisualStudio.TestTools.TestTypes.Unit.UnitTestAdapter, Microsoft.VisualStudio.QualityTools.Tips.UnitTest.Adapter, Version=9.0.0.0, Culture=neutral, PublicKeyToken=b03f5f7f11d50a3a" className="Test.NorOracleTest, Test" name="Min_Simple" />
    </UnitTest>
    <UnitTest name="Join_LeftOuter" storage="d:\alinq\source\trunk\test\bin\debug\test.dll" id="3c19773f-b893-e151-2329-1119e014ffd0">
      <Css projectStructure="" iteration="" />
      <Owners>
        <Owner name="" />
      </Owners>
      <TestMethod codeBase="D:\ALinq\Source\Trunk\Test\bin\Debug\Test.dll" adapterTypeName="Microsoft.VisualStudio.TestTools.TestTypes.Unit.UnitTestAdapter, Microsoft.VisualStudio.QualityTools.Tips.UnitTest.Adapter, Version=9.0.0.0, Culture=neutral, PublicKeyToken=b03f5f7f11d50a3a" className="Test.PgsqlTest, Test" name="Join_LeftOuter" />
    </UnitTest>
    <UnitTest name="Inherit" storage="d:\alinq\source\trunk\test\bin\debug\test.dll" id="7ba928e1-0973-4c77-d029-e17b1f6390e6">
      <Css projectStructure="" iteration="" />
      <Owners>
        <Owner name="" />
      </Owners>
      <TestMethod codeBase="D:\ALinq\Source\Trunk\Test\bin\Debug\Test.dll" adapterTypeName="Microsoft.VisualStudio.TestTools.TestTypes.Unit.UnitTestAdapter, Microsoft.VisualStudio.QualityTools.Tips.UnitTest.Adapter, Version=9.0.0.0, Culture=neutral, PublicKeyToken=b03f5f7f11d50a3a" className="Test.SQL2000Test, Test" name="Inherit" />
    </UnitTest>
    <UnitTest name="DateTime_AddYears" storage="d:\alinq\source\trunk\test\bin\debug\test.dll" id="58fcf75e-7c64-171c-52fb-f93b6ce01b21">
      <Css projectStructure="" iteration="" />
      <Owners>
        <Owner name="" />
      </Owners>
      <TestMethod codeBase="D:\ALinq\Source\Trunk\Test\bin\Debug\Test.dll" adapterTypeName="Microsoft.VisualStudio.TestTools.TestTypes.Unit.UnitTestAdapter, Microsoft.VisualStudio.QualityTools.Tips.UnitTest.Adapter, Version=9.0.0.0, Culture=neutral, PublicKeyToken=b03f5f7f11d50a3a" className="Test.DB2Test, Test" name="DateTime_AddYears" />
    </UnitTest>
    <UnitTest name="Join_SelfJoin" storage="d:\alinq\source\trunk\test\bin\debug\test.dll" id="af8033eb-7d5a-450c-83f7-c780aa6219c7">
      <Css projectStructure="" iteration="" />
      <Owners>
        <Owner name="" />
      </Owners>
      <TestMethod codeBase="D:\ALinq\Source\Trunk\Test\bin\Debug\Test.dll" adapterTypeName="Microsoft.VisualStudio.TestTools.TestTypes.Unit.UnitTestAdapter, Microsoft.VisualStudio.QualityTools.Tips.UnitTest.Adapter, Version=9.0.0.0, Culture=neutral, PublicKeyToken=b03f5f7f11d50a3a" className="Test.OdpOracleTest, Test" name="Join_SelfJoin" />
    </UnitTest>
    <UnitTest name="String_NullSelect" storage="d:\alinq\source\trunk\test\bin\debug\test.dll" id="f6c59e26-1b32-c3f4-d9b9-582aca7b19b7">
      <Css projectStructure="" iteration="" />
      <Owners>
        <Owner name="" />
      </Owners>
      <TestMethod codeBase="D:\ALinq\Source\Trunk\Test\bin\Debug\Test.dll" adapterTypeName="Microsoft.VisualStudio.TestTools.TestTypes.Unit.UnitTestAdapter, Microsoft.VisualStudio.QualityTools.Tips.UnitTest.Adapter, Version=9.0.0.0, Culture=neutral, PublicKeyToken=b03f5f7f11d50a3a" className="Test.SQL2000Test, Test" name="String_NullSelect" />
    </UnitTest>
    <UnitTest name="Count_Empty" storage="d:\alinq\source\trunk\test\bin\debug\test.dll" id="848e981e-0ffb-33b7-5bbb-a3e5d5f0ecdb">
      <Css projectStructure="" iteration="" />
      <Owners>
        <Owner name="" />
      </Owners>
      <TestMethod codeBase="D:\ALinq\Source\Trunk\Test\bin\Debug\Test.dll" adapterTypeName="Microsoft.VisualStudio.TestTools.TestTypes.Unit.UnitTestAdapter, Microsoft.VisualStudio.QualityTools.Tips.UnitTest.Adapter, Version=9.0.0.0, Culture=neutral, PublicKeyToken=b03f5f7f11d50a3a" className="Test.PgsqlTest, Test" name="Count_Empty" />
    </UnitTest>
    <UnitTest name="GroupBy_Date" storage="d:\alinq\source\trunk\test\bin\debug\test.dll" id="b83e1153-58c1-2e39-6518-3ad7755325ec">
      <Css projectStructure="" iteration="" />
      <Owners>
        <Owner name="" />
      </Owners>
      <TestMethod codeBase="D:\ALinq\Source\Trunk\Test\bin\Debug\Test.dll" adapterTypeName="Microsoft.VisualStudio.TestTools.TestTypes.Unit.UnitTestAdapter, Microsoft.VisualStudio.QualityTools.Tips.UnitTest.Adapter, Version=9.0.0.0, Culture=neutral, PublicKeyToken=b03f5f7f11d50a3a" className="Test.MySqlTest, Test" name="GroupBy_Date" />
    </UnitTest>
    <UnitTest name="Association" storage="d:\alinq\source\trunk\test\bin\debug\test.dll" id="4425de83-50cc-1812-1854-96f6faabf2b8">
      <Css projectStructure="" iteration="" />
      <Owners>
        <Owner name="" />
      </Owners>
      <TestMethod codeBase="D:\ALinq\Source\Trunk\Test\bin\Debug\Test.dll" adapterTypeName="Microsoft.VisualStudio.TestTools.TestTypes.Unit.UnitTestAdapter, Microsoft.VisualStudio.QualityTools.Tips.UnitTest.Adapter, Version=9.0.0.0, Culture=neutral, PublicKeyToken=b03f5f7f11d50a3a" className="Test.NorOracleTest, Test" name="Association" />
    </UnitTest>
    <UnitTest name="DateTime_Day" storage="d:\alinq\source\trunk\test\bin\debug\test.dll" id="2cc806e0-c12f-96b3-de57-a39e99b1ecc8">
      <Css projectStructure="" iteration="" />
      <Owners>
        <Owner name="" />
      </Owners>
      <TestMethod codeBase="D:\ALinq\Source\Trunk\Test\bin\Debug\Test.dll" adapterTypeName="Microsoft.VisualStudio.TestTools.TestTypes.Unit.UnitTestAdapter, Microsoft.VisualStudio.QualityTools.Tips.UnitTest.Adapter, Version=9.0.0.0, Culture=neutral, PublicKeyToken=b03f5f7f11d50a3a" className="Test.OdpOracleTest, Test" name="DateTime_Day" />
    </UnitTest>
    <UnitTest name="Join_NullableNonnullableKeyRelationship" storage="d:\alinq\source\trunk\test\bin\debug\test.dll" id="70b45d67-6a00-e450-ad1a-a94798001f9a">
      <Css projectStructure="" iteration="" />
      <Owners>
        <Owner name="" />
      </Owners>
      <TestMethod codeBase="D:\ALinq\Source\Trunk\Test\bin\Debug\Test.dll" adapterTypeName="Microsoft.VisualStudio.TestTools.TestTypes.Unit.UnitTestAdapter, Microsoft.VisualStudio.QualityTools.Tips.UnitTest.Adapter, Version=9.0.0.0, Culture=neutral, PublicKeyToken=b03f5f7f11d50a3a" className="Test.AccessTest, Test" name="Join_NullableNonnullableKeyRelationship" />
    </UnitTest>
    <UnitTest name="Math_Sign" storage="d:\alinq\source\trunk\test\bin\debug\test.dll" id="6ae90211-d90e-5ade-6769-e0faf53062a8">
      <Css projectStructure="" iteration="" />
      <Owners>
        <Owner name="" />
      </Owners>
      <TestMethod codeBase="D:\ALinq\Source\Trunk\Test\bin\Debug\Test.dll" adapterTypeName="Microsoft.VisualStudio.TestTools.TestTypes.Unit.UnitTestAdapter, Microsoft.VisualStudio.QualityTools.Tips.UnitTest.Adapter, Version=9.0.0.0, Culture=neutral, PublicKeyToken=b03f5f7f11d50a3a" className="Test.AccessTest, Test" name="Math_Sign" />
    </UnitTest>
    <UnitTest name="DateTime_Minute" storage="d:\alinq\source\trunk\test\bin\debug\test.dll" id="9639361b-5c29-89a2-1b54-1b33b084038b">
      <Css projectStructure="" iteration="" />
      <Owners>
        <Owner name="" />
      </Owners>
      <TestMethod codeBase="D:\ALinq\Source\Trunk\Test\bin\Debug\Test.dll" adapterTypeName="Microsoft.VisualStudio.TestTools.TestTypes.Unit.UnitTestAdapter, Microsoft.VisualStudio.QualityTools.Tips.UnitTest.Adapter, Version=9.0.0.0, Culture=neutral, PublicKeyToken=b03f5f7f11d50a3a" className="Test.SQLiteTest, Test" name="DateTime_Minute" />
    </UnitTest>
    <UnitTest name="Sum_Grouped" storage="d:\alinq\source\trunk\test\bin\debug\test.dll" id="9bf22ec7-84b2-2a54-f917-b553889c438e">
      <Css projectStructure="" iteration="" />
      <Owners>
        <Owner name="" />
      </Owners>
      <TestMethod codeBase="D:\ALinq\Source\Trunk\Test\bin\Debug\Test.dll" adapterTypeName="Microsoft.VisualStudio.TestTools.TestTypes.Unit.UnitTestAdapter, Microsoft.VisualStudio.QualityTools.Tips.UnitTest.Adapter, Version=9.0.0.0, Culture=neutral, PublicKeyToken=b03f5f7f11d50a3a" className="Test.SQLiteTest, Test" name="Sum_Grouped" />
    </UnitTest>
    <UnitTest name="Convert_ToBoolean" storage="d:\alinq\source\trunk\test\bin\debug\test.dll" id="3ac05101-5790-2e92-8772-370e7bdbd78a">
      <Css projectStructure="" iteration="" />
      <Owners>
        <Owner name="" />
      </Owners>
      <TestMethod codeBase="D:\ALinq\Source\Trunk\Test\bin\Debug\Test.dll" adapterTypeName="Microsoft.VisualStudio.TestTools.TestTypes.Unit.UnitTestAdapter, Microsoft.VisualStudio.QualityTools.Tips.UnitTest.Adapter, Version=9.0.0.0, Culture=neutral, PublicKeyToken=b03f5f7f11d50a3a" className="Test.AccessTest, Test" name="Convert_ToBoolean" />
    </UnitTest>
    <UnitTest name="Select_SpecialType" storage="d:\alinq\source\trunk\test\bin\debug\test.dll" id="01a168a8-0235-0098-66bf-8b241c545a06">
      <Css projectStructure="" iteration="" />
      <Owners>
        <Owner name="" />
      </Owners>
      <TestMethod codeBase="D:\ALinq\Source\Trunk\Test\bin\Debug\Test.dll" adapterTypeName="Microsoft.VisualStudio.TestTools.TestTypes.Unit.UnitTestAdapter, Microsoft.VisualStudio.QualityTools.Tips.UnitTest.Adapter, Version=9.0.0.0, Culture=neutral, PublicKeyToken=b03f5f7f11d50a3a" className="Test.PgsqlTest, Test" name="Select_SpecialType" />
    </UnitTest>
    <UnitTest name="GroupBy_Year" storage="d:\alinq\source\trunk\test\bin\debug\test.dll" id="1c2d2aee-c7a8-db40-764d-befec0b925bf">
      <Css projectStructure="" iteration="" />
      <Owners>
        <Owner name="" />
      </Owners>
      <TestMethod codeBase="D:\ALinq\Source\Trunk\Test\bin\Debug\Test.dll" adapterTypeName="Microsoft.VisualStudio.TestTools.TestTypes.Unit.UnitTestAdapter, Microsoft.VisualStudio.QualityTools.Tips.UnitTest.Adapter, Version=9.0.0.0, Culture=neutral, PublicKeyToken=b03f5f7f11d50a3a" className="Test.SQLiteTest, Test" name="GroupBy_Year" />
    </UnitTest>
    <UnitTest name="CreateDatabase" storage="d:\alinq\source\trunk\test\bin\debug\test.dll" id="9d8e69a1-c41a-8332-c507-874922e026e8">
      <Css projectStructure="" iteration="" />
      <Owners>
        <Owner name="" />
      </Owners>
      <TestMethod codeBase="D:\ALinq\Source\Trunk\Test\bin\Debug\Test.dll" adapterTypeName="Microsoft.VisualStudio.TestTools.TestTypes.Unit.UnitTestAdapter, Microsoft.VisualStudio.QualityTools.Tips.UnitTest.Adapter, Version=9.0.0.0, Culture=neutral, PublicKeyToken=b03f5f7f11d50a3a" className="Test.NorOracleDataTypeProviderTest, Test" name="CreateDatabase" />
    </UnitTest>
    <UnitTest name="DateTimeGT" storage="d:\alinq\source\trunk\test\bin\debug\test.dll" id="e7a46001-7e93-22be-a1fb-2583c50c3867">
      <Css projectStructure="" iteration="" />
      <Owners>
        <Owner name="" />
      </Owners>
      <TestMethod codeBase="D:\ALinq\Source\Trunk\Test\bin\Debug\Test.dll" adapterTypeName="Microsoft.VisualStudio.TestTools.TestTypes.Unit.UnitTestAdapter, Microsoft.VisualStudio.QualityTools.Tips.UnitTest.Adapter, Version=9.0.0.0, Culture=neutral, PublicKeyToken=b03f5f7f11d50a3a" className="Test.SQL2000Test, Test" name="DateTimeGT" />
    </UnitTest>
    <UnitTest name="Any_Simple" storage="d:\alinq\source\trunk\test\bin\debug\test.dll" id="47dfeed4-9f30-ec2e-5917-3a0712821960">
      <Css projectStructure="" iteration="" />
      <Owners>
        <Owner name="" />
      </Owners>
      <TestMethod codeBase="D:\ALinq\Source\Trunk\Test\bin\Debug\Test.dll" adapterTypeName="Microsoft.VisualStudio.TestTools.TestTypes.Unit.UnitTestAdapter, Microsoft.VisualStudio.QualityTools.Tips.UnitTest.Adapter, Version=9.0.0.0, Culture=neutral, PublicKeyToken=b03f5f7f11d50a3a" className="Test.SQL2005Test, Test" name="Any_Simple" />
    </UnitTest>
    <UnitTest name="Insert_Simple" storage="d:\alinq\source\trunk\test\bin\debug\test.dll" id="cb711c4b-4935-835c-5369-d1a5da8926a3">
      <Css projectStructure="" iteration="" />
      <Owners>
        <Owner name="" />
      </Owners>
      <TestMethod codeBase="D:\ALinq\Source\Trunk\Test\bin\Debug\Test.dll" adapterTypeName="Microsoft.VisualStudio.TestTools.TestTypes.Unit.UnitTestAdapter, Microsoft.VisualStudio.QualityTools.Tips.UnitTest.Adapter, Version=9.0.0.0, Culture=neutral, PublicKeyToken=b03f5f7f11d50a3a" className="Test.MySqlTest, Test" name="Insert_Simple" />
    </UnitTest>
    <UnitTest name="Math_Asin" storage="d:\alinq\source\trunk\test\bin\debug\test.dll" id="2797f4fe-1a46-233e-e0fc-7bbd877f4649">
      <Css projectStructure="" iteration="" />
      <Owners>
        <Owner name="" />
      </Owners>
      <TestMethod codeBase="D:\ALinq\Source\Trunk\Test\bin\Debug\Test.dll" adapterTypeName="Microsoft.VisualStudio.TestTools.TestTypes.Unit.UnitTestAdapter, Microsoft.VisualStudio.QualityTools.Tips.UnitTest.Adapter, Version=9.0.0.0, Culture=neutral, PublicKeyToken=b03f5f7f11d50a3a" className="Test.SqlTest, Test" name="Math_Asin" />
    </UnitTest>
    <UnitTest name="Select_Condition" storage="d:\alinq\source\trunk\test\bin\debug\test.dll" id="158ee705-fff8-83fd-525b-d3e53004023e">
      <Css projectStructure="" iteration="" />
      <Owners>
        <Owner name="" />
      </Owners>
      <TestMethod codeBase="D:\ALinq\Source\Trunk\Test\bin\Debug\Test.dll" adapterTypeName="Microsoft.VisualStudio.TestTools.TestTypes.Unit.UnitTestAdapter, Microsoft.VisualStudio.QualityTools.Tips.UnitTest.Adapter, Version=9.0.0.0, Culture=neutral, PublicKeyToken=b03f5f7f11d50a3a" className="Test.PgsqlTest, Test" name="Select_Condition" />
    </UnitTest>
    <UnitTest name="DateTime_DayOfYear" storage="d:\alinq\source\trunk\test\bin\debug\test.dll" id="487a5aa2-1e0c-abfe-e031-f71ec6736a3e">
      <Css projectStructure="" iteration="" />
      <Owners>
        <Owner name="" />
      </Owners>
      <TestMethod codeBase="D:\ALinq\Source\Trunk\Test\bin\Debug\Test.dll" adapterTypeName="Microsoft.VisualStudio.TestTools.TestTypes.Unit.UnitTestAdapter, Microsoft.VisualStudio.QualityTools.Tips.UnitTest.Adapter, Version=9.0.0.0, Culture=neutral, PublicKeyToken=b03f5f7f11d50a3a" className="Test.PgsqlTest, Test" name="DateTime_DayOfYear" />
    </UnitTest>
    <UnitTest name="DateTime_AddMinutes" storage="d:\alinq\source\trunk\test\bin\debug\test.dll" id="eba7e900-6c16-7d26-5a23-60bb874cffc3">
      <Css projectStructure="" iteration="" />
      <Owners>
        <Owner name="" />
      </Owners>
      <TestMethod codeBase="D:\ALinq\Source\Trunk\Test\bin\Debug\Test.dll" adapterTypeName="Microsoft.VisualStudio.TestTools.TestTypes.Unit.UnitTestAdapter, Microsoft.VisualStudio.QualityTools.Tips.UnitTest.Adapter, Version=9.0.0.0, Culture=neutral, PublicKeyToken=b03f5f7f11d50a3a" className="Test.PgsqlTest, Test" name="DateTime_AddMinutes" />
    </UnitTest>
    <UnitTest name="Math_Tanh" storage="d:\alinq\source\trunk\test\bin\debug\test.dll" id="53974b87-22c6-95af-7b0d-445dda0e8967">
      <Css projectStructure="" iteration="" />
      <Owners>
        <Owner name="" />
      </Owners>
      <TestMethod codeBase="D:\ALinq\Source\Trunk\Test\bin\Debug\Test.dll" adapterTypeName="Microsoft.VisualStudio.TestTools.TestTypes.Unit.UnitTestAdapter, Microsoft.VisualStudio.QualityTools.Tips.UnitTest.Adapter, Version=9.0.0.0, Culture=neutral, PublicKeyToken=b03f5f7f11d50a3a" className="Test.SqlTest, Test" name="Math_Tanh" />
    </UnitTest>
    <UnitTest name="StringRemove" storage="d:\alinq\source\trunk\test\bin\debug\test.dll" id="3775e63c-149a-3c2d-7b5a-b5105b68d7ba">
      <Css projectStructure="" iteration="" />
      <Owners>
        <Owner name="" />
      </Owners>
      <TestMethod codeBase="D:\ALinq\Source\Trunk\Test\bin\Debug\Test.dll" adapterTypeName="Microsoft.VisualStudio.TestTools.TestTypes.Unit.UnitTestAdapter, Microsoft.VisualStudio.QualityTools.Tips.UnitTest.Adapter, Version=9.0.0.0, Culture=neutral, PublicKeyToken=b03f5f7f11d50a3a" className="Test.SQLiteTest, Test" name="StringRemove" />
    </UnitTest>
    <UnitTest name="CollectionConvert" storage="d:\alinq\source\trunk\test\bin\debug\test.dll" id="4f9bf7d0-0061-61d5-f201-98739ad7087e">
      <Css projectStructure="" iteration="" />
      <Owners>
        <Owner name="" />
      </Owners>
      <TestMethod codeBase="D:\ALinq\Source\Trunk\Test\bin\Debug\Test.dll" adapterTypeName="Microsoft.VisualStudio.TestTools.TestTypes.Unit.UnitTestAdapter, Microsoft.VisualStudio.QualityTools.Tips.UnitTest.Adapter, Version=9.0.0.0, Culture=neutral, PublicKeyToken=b03f5f7f11d50a3a" className="Test.AccessTest, Test" name="CollectionConvert" />
    </UnitTest>
    <UnitTest name="CRUD_Delete2" storage="d:\alinq\source\trunk\test\bin\debug\test.dll" id="a76e3e4a-2db8-2233-7090-fa51010eed6f">
      <Css projectStructure="" iteration="" />
      <Owners>
        <Owner name="" />
      </Owners>
      <TestMethod codeBase="D:\ALinq\Source\Trunk\Test\bin\Debug\Test.dll" adapterTypeName="Microsoft.VisualStudio.TestTools.TestTypes.Unit.UnitTestAdapter, Microsoft.VisualStudio.QualityTools.Tips.UnitTest.Adapter, Version=9.0.0.0, Culture=neutral, PublicKeyToken=b03f5f7f11d50a3a" className="Test.FirebirdTest, Test" name="CRUD_Delete2" />
    </UnitTest>
    <UnitTest name="Skip_Simple" storage="d:\alinq\source\trunk\test\bin\debug\test.dll" id="a9c11b4d-aa88-7670-d36b-69068722a4c1">
      <Css projectStructure="" iteration="" />
      <Owners>
        <Owner name="" />
      </Owners>
      <TestMethod codeBase="D:\ALinq\Source\Trunk\Test\bin\Debug\Test.dll" adapterTypeName="Microsoft.VisualStudio.TestTools.TestTypes.Unit.UnitTestAdapter, Microsoft.VisualStudio.QualityTools.Tips.UnitTest.Adapter, Version=9.0.0.0, Culture=neutral, PublicKeyToken=b03f5f7f11d50a3a" className="Test.DB2Test, Test" name="Skip_Simple" />
    </UnitTest>
    <UnitTest name="Distinct2" storage="d:\alinq\source\trunk\test\bin\debug\test.dll" id="6369d16b-8e9f-b9dc-1aa2-1463a3228741">
      <Css projectStructure="" iteration="" />
      <Owners>
        <Owner name="" />
      </Owners>
      <TestMethod codeBase="D:\ALinq\Source\Trunk\Test\bin\Debug\Test.dll" adapterTypeName="Microsoft.VisualStudio.TestTools.TestTypes.Unit.UnitTestAdapter, Microsoft.VisualStudio.QualityTools.Tips.UnitTest.Adapter, Version=9.0.0.0, Culture=neutral, PublicKeyToken=b03f5f7f11d50a3a" className="Test.OdpOracleTest, Test" name="Distinct2" />
    </UnitTest>
    <UnitTest name="Math_Tan" storage="d:\alinq\source\trunk\test\bin\debug\test.dll" id="04ac4efb-8ad7-ce53-7f1c-4a1d3f503b1e">
      <Css projectStructure="" iteration="" />
      <Owners>
        <Owner name="" />
      </Owners>
      <TestMethod codeBase="D:\ALinq\Source\Trunk\Test\bin\Debug\Test.dll" adapterTypeName="Microsoft.VisualStudio.TestTools.TestTypes.Unit.UnitTestAdapter, Microsoft.VisualStudio.QualityTools.Tips.UnitTest.Adapter, Version=9.0.0.0, Culture=neutral, PublicKeyToken=b03f5f7f11d50a3a" className="Test.PgsqlTest, Test" name="Math_Tan" />
    </UnitTest>
    <UnitTest name="StringToUpper" storage="d:\alinq\source\trunk\test\bin\debug\test.dll" id="1a935d48-b665-c314-160c-1e504796e0cf">
      <Css projectStructure="" iteration="" />
      <Owners>
        <Owner name="" />
      </Owners>
      <TestMethod codeBase="D:\ALinq\Source\Trunk\Test\bin\Debug\Test.dll" adapterTypeName="Microsoft.VisualStudio.TestTools.TestTypes.Unit.UnitTestAdapter, Microsoft.VisualStudio.QualityTools.Tips.UnitTest.Adapter, Version=9.0.0.0, Culture=neutral, PublicKeyToken=b03f5f7f11d50a3a" className="Test.SqlTest, Test" name="StringToUpper" />
    </UnitTest>
    <UnitTest name="Command" storage="d:\alinq\source\trunk\test\bin\debug\test.dll" id="7af9b436-fe89-237d-0e13-33156e633acf">
      <Css projectStructure="" iteration="" />
      <Owners>
        <Owner name="" />
      </Owners>
      <TestMethod codeBase="D:\ALinq\Source\Trunk\Test\bin\Debug\Test.dll" adapterTypeName="Microsoft.VisualStudio.TestTools.TestTypes.Unit.UnitTestAdapter, Microsoft.VisualStudio.QualityTools.Tips.UnitTest.Adapter, Version=9.0.0.0, Culture=neutral, PublicKeyToken=b03f5f7f11d50a3a" className="Test.AccessTest, Test" name="Command" />
    </UnitTest>
    <UnitTest name="StringConnect" storage="d:\alinq\source\trunk\test\bin\debug\test.dll" id="ed5329d8-a26b-03a1-465d-5fe918def9a8">
      <Css projectStructure="" iteration="" />
      <Owners>
        <Owner name="" />
      </Owners>
      <TestMethod codeBase="D:\ALinq\Source\Trunk\Test\bin\Debug\Test.dll" adapterTypeName="Microsoft.VisualStudio.TestTools.TestTypes.Unit.UnitTestAdapter, Microsoft.VisualStudio.QualityTools.Tips.UnitTest.Adapter, Version=9.0.0.0, Culture=neutral, PublicKeyToken=b03f5f7f11d50a3a" className="Test.MySqlTest, Test" name="StringConnect" />
    </UnitTest>
    <UnitTest name="Join_ManyToMany" storage="d:\alinq\source\trunk\test\bin\debug\test.dll" id="15b27fe6-c34a-55b7-3adb-deea68f700c9">
      <Css projectStructure="" iteration="" />
      <Owners>
        <Owner name="" />
      </Owners>
      <TestMethod codeBase="D:\ALinq\Source\Trunk\Test\bin\Debug\Test.dll" adapterTypeName="Microsoft.VisualStudio.TestTools.TestTypes.Unit.UnitTestAdapter, Microsoft.VisualStudio.QualityTools.Tips.UnitTest.Adapter, Version=9.0.0.0, Culture=neutral, PublicKeyToken=b03f5f7f11d50a3a" className="Test.SQL2005Test, Test" name="Join_ManyToMany" />
    </UnitTest>
    <UnitTest name="DateTimeLE" storage="d:\alinq\source\trunk\test\bin\debug\test.dll" id="5f76ea3c-a821-8a58-272f-5298699ae6e6">
      <Css projectStructure="" iteration="" />
      <Owners>
        <Owner name="" />
      </Owners>
      <TestMethod codeBase="D:\ALinq\Source\Trunk\Test\bin\Debug\Test.dll" adapterTypeName="Microsoft.VisualStudio.TestTools.TestTypes.Unit.UnitTestAdapter, Microsoft.VisualStudio.QualityTools.Tips.UnitTest.Adapter, Version=9.0.0.0, Culture=neutral, PublicKeyToken=b03f5f7f11d50a3a" className="Test.SQLiteTest, Test" name="DateTimeLE" />
    </UnitTest>
    <UnitTest name="DateTime_DayOfYear" storage="d:\alinq\source\trunk\test\bin\debug\test.dll" id="583a8ef2-b4b6-90fe-7230-b679fcac0c57">
      <Css projectStructure="" iteration="" />
      <Owners>
        <Owner name="" />
      </Owners>
      <TestMethod codeBase="D:\ALinq\Source\Trunk\Test\bin\Debug\Test.dll" adapterTypeName="Microsoft.VisualStudio.TestTools.TestTypes.Unit.UnitTestAdapter, Microsoft.VisualStudio.QualityTools.Tips.UnitTest.Adapter, Version=9.0.0.0, Culture=neutral, PublicKeyToken=b03f5f7f11d50a3a" className="Test.FirebirdTest, Test" name="DateTime_DayOfYear" />
    </UnitTest>
    <UnitTest name="Association" storage="d:\alinq\source\trunk\test\bin\debug\test.dll" id="3fa2fb48-589a-58cd-92f4-c109a0cd6a61">
      <Css projectStructure="" iteration="" />
      <Owners>
        <Owner name="" />
      </Owners>
      <TestMethod codeBase="D:\ALinq\Source\Trunk\Test\bin\Debug\Test.dll" adapterTypeName="Microsoft.VisualStudio.TestTools.TestTypes.Unit.UnitTestAdapter, Microsoft.VisualStudio.QualityTools.Tips.UnitTest.Adapter, Version=9.0.0.0, Culture=neutral, PublicKeyToken=b03f5f7f11d50a3a" className="Test.SqlTest, Test" name="Association" />
    </UnitTest>
    <UnitTest name="TableExists" storage="d:\alinq\source\trunk\test\bin\debug\test.dll" id="c46a7e35-68cb-fd5f-2a98-2c9a9804ef29">
      <Css projectStructure="" iteration="" />
      <Owners>
        <Owner name="" />
      </Owners>
      <TestMethod codeBase="D:\ALinq\Source\Trunk\Test\bin\Debug\Test.dll" adapterTypeName="Microsoft.VisualStudio.TestTools.TestTypes.Unit.UnitTestAdapter, Microsoft.VisualStudio.QualityTools.Tips.UnitTest.Adapter, Version=9.0.0.0, Culture=neutral, PublicKeyToken=b03f5f7f11d50a3a" className="Test.DB2Test, Test" name="TableExists" />
    </UnitTest>
    <UnitTest name="DateTime_Day" storage="d:\alinq\source\trunk\test\bin\debug\test.dll" id="4037ddde-6b65-d5c1-a07d-2ff14a292b19">
      <Css projectStructure="" iteration="" />
      <Owners>
        <Owner name="" />
      </Owners>
      <TestMethod codeBase="D:\ALinq\Source\Trunk\Test\bin\Debug\Test.dll" adapterTypeName="Microsoft.VisualStudio.TestTools.TestTypes.Unit.UnitTestAdapter, Microsoft.VisualStudio.QualityTools.Tips.UnitTest.Adapter, Version=9.0.0.0, Culture=neutral, PublicKeyToken=b03f5f7f11d50a3a" className="Test.SQL2000Test, Test" name="DateTime_Day" />
    </UnitTest>
    <UnitTest name="Null" storage="d:\alinq\source\trunk\test\bin\debug\test.dll" id="537068ff-3a39-3b5d-0279-61703161f475">
      <Css projectStructure="" iteration="" />
      <Owners>
        <Owner name="" />
      </Owners>
      <TestMethod codeBase="D:\ALinq\Source\Trunk\Test\bin\Debug\Test.dll" adapterTypeName="Microsoft.VisualStudio.TestTools.TestTypes.Unit.UnitTestAdapter, Microsoft.VisualStudio.QualityTools.Tips.UnitTest.Adapter, Version=9.0.0.0, Culture=neutral, PublicKeyToken=b03f5f7f11d50a3a" className="Test.SqlTest, Test" name="Null" />
    </UnitTest>
    <UnitTest name="String_TrimStart" storage="d:\alinq\source\trunk\test\bin\debug\test.dll" id="d4534976-dec5-f4ee-3a44-42ede5fe294a">
      <Css projectStructure="" iteration="" />
      <Owners>
        <Owner name="" />
      </Owners>
      <TestMethod codeBase="D:\ALinq\Source\Trunk\Test\bin\Debug\Test.dll" adapterTypeName="Microsoft.VisualStudio.TestTools.TestTypes.Unit.UnitTestAdapter, Microsoft.VisualStudio.QualityTools.Tips.UnitTest.Adapter, Version=9.0.0.0, Culture=neutral, PublicKeyToken=b03f5f7f11d50a3a" className="Test.SQLiteTest, Test" name="String_TrimStart" />
    </UnitTest>
    <UnitTest name="DateTime_Second" storage="d:\alinq\source\trunk\test\bin\debug\test.dll" id="813d17dc-342e-970e-2cf0-c9479370db89">
      <Css projectStructure="" iteration="" />
      <Owners>
        <Owner name="" />
      </Owners>
      <TestMethod codeBase="D:\ALinq\Source\Trunk\Test\bin\Debug\Test.dll" adapterTypeName="Microsoft.VisualStudio.TestTools.TestTypes.Unit.UnitTestAdapter, Microsoft.VisualStudio.QualityTools.Tips.UnitTest.Adapter, Version=9.0.0.0, Culture=neutral, PublicKeyToken=b03f5f7f11d50a3a" className="Test.SQL2000Test, Test" name="DateTime_Second" />
    </UnitTest>
    <UnitTest name="All_Simple" storage="d:\alinq\source\trunk\test\bin\debug\test.dll" id="53cc52c1-ae0a-dfe7-bc69-eb3db5e8969a">
      <Css projectStructure="" iteration="" />
      <Owners>
        <Owner name="" />
      </Owners>
      <TestMethod codeBase="D:\ALinq\Source\Trunk\Test\bin\Debug\Test.dll" adapterTypeName="Microsoft.VisualStudio.TestTools.TestTypes.Unit.UnitTestAdapter, Microsoft.VisualStudio.QualityTools.Tips.UnitTest.Adapter, Version=9.0.0.0, Culture=neutral, PublicKeyToken=b03f5f7f11d50a3a" className="Test.SQL2005Test, Test" name="All_Simple" />
    </UnitTest>
    <UnitTest name="Where_Simple3" storage="d:\alinq\source\trunk\test\bin\debug\test.dll" id="6e3912bb-ffdc-13aa-d773-16e34c4cdfa3">
      <Css projectStructure="" iteration="" />
      <Owners>
        <Owner name="" />
      </Owners>
      <TestMethod codeBase="D:\ALinq\Source\Trunk\Test\bin\Debug\Test.dll" adapterTypeName="Microsoft.VisualStudio.TestTools.TestTypes.Unit.UnitTestAdapter, Microsoft.VisualStudio.QualityTools.Tips.UnitTest.Adapter, Version=9.0.0.0, Culture=neutral, PublicKeyToken=b03f5f7f11d50a3a" className="Test.SqlTest, Test" name="Where_Simple3" />
    </UnitTest>
    <UnitTest name="GetDefaultValue" storage="d:\alinq\source\trunk\test\bin\debug\test.dll" id="84147d61-21d4-8105-2cc0-9ae07134f946">
      <Css projectStructure="" iteration="" />
      <Owners>
        <Owner name="" />
      </Owners>
      <TestMethod codeBase="D:\ALinq\Source\Trunk\Test\bin\Debug\Test.dll" adapterTypeName="Microsoft.VisualStudio.TestTools.TestTypes.Unit.UnitTestAdapter, Microsoft.VisualStudio.QualityTools.Tips.UnitTest.Adapter, Version=9.0.0.0, Culture=neutral, PublicKeyToken=b03f5f7f11d50a3a" className="Test.PgsqlTest, Test" name="GetDefaultValue" />
    </UnitTest>
    <UnitTest name="CRUD_Update3" storage="d:\alinq\source\trunk\test\bin\debug\test.dll" id="04c5618d-a20f-19ec-6acd-ea2f0502d5b4">
      <Css projectStructure="" iteration="" />
      <Owners>
        <Owner name="" />
      </Owners>
      <TestMethod codeBase="D:\ALinq\Source\Trunk\Test\bin\Debug\Test.dll" adapterTypeName="Microsoft.VisualStudio.TestTools.TestTypes.Unit.UnitTestAdapter, Microsoft.VisualStudio.QualityTools.Tips.UnitTest.Adapter, Version=9.0.0.0, Culture=neutral, PublicKeyToken=b03f5f7f11d50a3a" className="Test.FirebirdTest, Test" name="CRUD_Update3" />
    </UnitTest>
    <UnitTest name="SqlMethod_Len" storage="d:\alinq\source\trunk\test\bin\debug\test.dll" id="2801b0f4-dbd1-e631-2f58-c3ec4b55f6a9">
      <Css projectStructure="" iteration="" />
      <Owners>
        <Owner name="" />
      </Owners>
      <TestMethod codeBase="D:\ALinq\Source\Trunk\Test\bin\Debug\Test.dll" adapterTypeName="Microsoft.VisualStudio.TestTools.TestTypes.Unit.UnitTestAdapter, Microsoft.VisualStudio.QualityTools.Tips.UnitTest.Adapter, Version=9.0.0.0, Culture=neutral, PublicKeyToken=b03f5f7f11d50a3a" className="Test.MySqlTest, Test" name="SqlMethod_Len" />
    </UnitTest>
    <UnitTest name="GroupBy_Expression" storage="d:\alinq\source\trunk\test\bin\debug\test.dll" id="cb44e0db-37ef-f2dd-2067-980f12c5b4c8">
      <Css projectStructure="" iteration="" />
      <Owners>
        <Owner name="" />
      </Owners>
      <TestMethod codeBase="D:\ALinq\Source\Trunk\Test\bin\Debug\Test.dll" adapterTypeName="Microsoft.VisualStudio.TestTools.TestTypes.Unit.UnitTestAdapter, Microsoft.VisualStudio.QualityTools.Tips.UnitTest.Adapter, Version=9.0.0.0, Culture=neutral, PublicKeyToken=b03f5f7f11d50a3a" className="Test.DB2Test, Test" name="GroupBy_Expression" />
    </UnitTest>
    <UnitTest name="Null" storage="d:\alinq\source\trunk\test\bin\debug\test.dll" id="1d3f8981-2b6b-1021-30c3-e2cb998e887c">
      <Css projectStructure="" iteration="" />
      <Owners>
        <Owner name="" />
      </Owners>
      <TestMethod codeBase="D:\ALinq\Source\Trunk\Test\bin\Debug\Test.dll" adapterTypeName="Microsoft.VisualStudio.TestTools.TestTypes.Unit.UnitTestAdapter, Microsoft.VisualStudio.QualityTools.Tips.UnitTest.Adapter, Version=9.0.0.0, Culture=neutral, PublicKeyToken=b03f5f7f11d50a3a" className="Test.NorOracleTest, Test" name="Null" />
    </UnitTest>
    <UnitTest name="Math_Log" storage="d:\alinq\source\trunk\test\bin\debug\test.dll" id="4b0f07ee-c763-eeed-a6d3-13e18d5b51a4">
      <Css projectStructure="" iteration="" />
      <Owners>
        <Owner name="" />
      </Owners>
      <TestMethod codeBase="D:\ALinq\Source\Trunk\Test\bin\Debug\Test.dll" adapterTypeName="Microsoft.VisualStudio.TestTools.TestTypes.Unit.UnitTestAdapter, Microsoft.VisualStudio.QualityTools.Tips.UnitTest.Adapter, Version=9.0.0.0, Culture=neutral, PublicKeyToken=b03f5f7f11d50a3a" className="Test.MySqlTest, Test" name="Math_Log" />
    </UnitTest>
    <UnitTest name="Like" storage="d:\alinq\source\trunk\test\bin\debug\test.dll" id="836006dc-5922-22a2-7eda-d8d339ee8728">
      <Css projectStructure="" iteration="" />
      <Owners>
        <Owner name="" />
      </Owners>
      <TestMethod codeBase="D:\ALinq\Source\Trunk\Test\bin\Debug\Test.dll" adapterTypeName="Microsoft.VisualStudio.TestTools.TestTypes.Unit.UnitTestAdapter, Microsoft.VisualStudio.QualityTools.Tips.UnitTest.Adapter, Version=9.0.0.0, Culture=neutral, PublicKeyToken=b03f5f7f11d50a3a" className="Test.AccessTest, Test" name="Like" />
    </UnitTest>
    <UnitTest name="GetDefaultValue" storage="d:\alinq\source\trunk\test\bin\debug\test.dll" id="5afc6725-b9ab-a2b8-7c7a-d53e2e4cd624">
      <Css projectStructure="" iteration="" />
      <Owners>
        <Owner name="" />
      </Owners>
      <TestMethod codeBase="D:\ALinq\Source\Trunk\Test\bin\Debug\Test.dll" adapterTypeName="Microsoft.VisualStudio.TestTools.TestTypes.Unit.UnitTestAdapter, Microsoft.VisualStudio.QualityTools.Tips.UnitTest.Adapter, Version=9.0.0.0, Culture=neutral, PublicKeyToken=b03f5f7f11d50a3a" className="Test.MySqlTest, Test" name="GetDefaultValue" />
    </UnitTest>
    <UnitTest name="String_ToLower2" storage="d:\alinq\source\trunk\test\bin\debug\test.dll" id="b23ae338-b6d0-5e9f-7671-8737f3be9c14">
      <Css projectStructure="" iteration="" />
      <Owners>
        <Owner name="" />
      </Owners>
      <TestMethod codeBase="D:\ALinq\Source\Trunk\Test\bin\Debug\Test.dll" adapterTypeName="Microsoft.VisualStudio.TestTools.TestTypes.Unit.UnitTestAdapter, Microsoft.VisualStudio.QualityTools.Tips.UnitTest.Adapter, Version=9.0.0.0, Culture=neutral, PublicKeyToken=b03f5f7f11d50a3a" className="Test.FirebirdTest, Test" name="String_ToLower2" />
    </UnitTest>
    <UnitTest name="StringEndsWith" storage="d:\alinq\source\trunk\test\bin\debug\test.dll" id="f853e9fb-2837-bb49-e242-da0a5c4cf8f2">
      <Css projectStructure="" iteration="" />
      <Owners>
        <Owner name="" />
      </Owners>
      <TestMethod codeBase="D:\ALinq\Source\Trunk\Test\bin\Debug\Test.dll" adapterTypeName="Microsoft.VisualStudio.TestTools.TestTypes.Unit.UnitTestAdapter, Microsoft.VisualStudio.QualityTools.Tips.UnitTest.Adapter, Version=9.0.0.0, Culture=neutral, PublicKeyToken=b03f5f7f11d50a3a" className="Test.PgsqlTest, Test" name="StringEndsWith" />
    </UnitTest>
    <UnitTest name="Delete_ManyToMany" storage="d:\alinq\source\trunk\test\bin\debug\test.dll" id="7740dae2-e037-da2a-2f6f-b31edeb53503">
      <Css projectStructure="" iteration="" />
      <Owners>
        <Owner name="" />
      </Owners>
      <TestMethod codeBase="D:\ALinq\Source\Trunk\Test\bin\Debug\Test.dll" adapterTypeName="Microsoft.VisualStudio.TestTools.TestTypes.Unit.UnitTestAdapter, Microsoft.VisualStudio.QualityTools.Tips.UnitTest.Adapter, Version=9.0.0.0, Culture=neutral, PublicKeyToken=b03f5f7f11d50a3a" className="Test.SQL2005Test, Test" name="Delete_ManyToMany" />
    </UnitTest>
    <UnitTest name="OrderBy_GroupBy" storage="d:\alinq\source\trunk\test\bin\debug\test.dll" id="e69879bc-df2e-d205-03c4-3efe22f85d1e">
      <Css projectStructure="" iteration="" />
      <Owners>
        <Owner name="" />
      </Owners>
      <TestMethod codeBase="D:\ALinq\Source\Trunk\Test\bin\Debug\Test.dll" adapterTypeName="Microsoft.VisualStudio.TestTools.TestTypes.Unit.UnitTestAdapter, Microsoft.VisualStudio.QualityTools.Tips.UnitTest.Adapter, Version=9.0.0.0, Culture=neutral, PublicKeyToken=b03f5f7f11d50a3a" className="Test.OdpOracleTest, Test" name="OrderBy_GroupBy" />
    </UnitTest>
    <UnitTest name="Avg_Projection" storage="d:\alinq\source\trunk\test\bin\debug\test.dll" id="06ec2276-f016-6820-0967-521c2d171f5e">
      <Css projectStructure="" iteration="" />
      <Owners>
        <Owner name="" />
      </Owners>
      <TestMethod codeBase="D:\ALinq\Source\Trunk\Test\bin\Debug\Test.dll" adapterTypeName="Microsoft.VisualStudio.TestTools.TestTypes.Unit.UnitTestAdapter, Microsoft.VisualStudio.QualityTools.Tips.UnitTest.Adapter, Version=9.0.0.0, Culture=neutral, PublicKeyToken=b03f5f7f11d50a3a" className="Test.SQL2005Test, Test" name="Avg_Projection" />
    </UnitTest>
    <UnitTest name="String_IndexOf4" storage="d:\alinq\source\trunk\test\bin\debug\test.dll" id="aadd696d-5bf0-1ccf-dead-5c6fa4ae0bfc">
      <Css projectStructure="" iteration="" />
      <Owners>
        <Owner name="" />
      </Owners>
      <TestMethod codeBase="D:\ALinq\Source\Trunk\Test\bin\Debug\Test.dll" adapterTypeName="Microsoft.VisualStudio.TestTools.TestTypes.Unit.UnitTestAdapter, Microsoft.VisualStudio.QualityTools.Tips.UnitTest.Adapter, Version=9.0.0.0, Culture=neutral, PublicKeyToken=b03f5f7f11d50a3a" className="Test.DB2Test, Test" name="String_IndexOf4" />
    </UnitTest>
    <UnitTest name="CRUD_Update3" storage="d:\alinq\source\trunk\test\bin\debug\test.dll" id="d5297578-3588-dfde-778d-74a3689a3c6a">
      <Css projectStructure="" iteration="" />
      <Owners>
        <Owner name="" />
      </Owners>
      <TestMethod codeBase="D:\ALinq\Source\Trunk\Test\bin\Debug\Test.dll" adapterTypeName="Microsoft.VisualStudio.TestTools.TestTypes.Unit.UnitTestAdapter, Microsoft.VisualStudio.QualityTools.Tips.UnitTest.Adapter, Version=9.0.0.0, Culture=neutral, PublicKeyToken=b03f5f7f11d50a3a" className="Test.SQLiteTest, Test" name="CRUD_Update3" />
    </UnitTest>
    <UnitTest name="String_Trim" storage="d:\alinq\source\trunk\test\bin\debug\test.dll" id="413700d3-4a7f-2d00-cc33-f53858dbd92d">
      <Css projectStructure="" iteration="" />
      <Owners>
        <Owner name="" />
      </Owners>
      <TestMethod codeBase="D:\ALinq\Source\Trunk\Test\bin\Debug\Test.dll" adapterTypeName="Microsoft.VisualStudio.TestTools.TestTypes.Unit.UnitTestAdapter, Microsoft.VisualStudio.QualityTools.Tips.UnitTest.Adapter, Version=9.0.0.0, Culture=neutral, PublicKeyToken=b03f5f7f11d50a3a" className="Test.FirebirdTest, Test" name="String_Trim" />
    </UnitTest>
    <UnitTest name="CRUD_Delete1" storage="d:\alinq\source\trunk\test\bin\debug\test.dll" id="5264a70d-1026-b32f-1dfa-d4352557af74">
      <Css projectStructure="" iteration="" />
      <Owners>
        <Owner name="" />
      </Owners>
      <TestMethod codeBase="D:\ALinq\Source\Trunk\Test\bin\Debug\Test.dll" adapterTypeName="Microsoft.VisualStudio.TestTools.TestTypes.Unit.UnitTestAdapter, Microsoft.VisualStudio.QualityTools.Tips.UnitTest.Adapter, Version=9.0.0.0, Culture=neutral, PublicKeyToken=b03f5f7f11d50a3a" className="Test.DB2Test, Test" name="CRUD_Delete1" />
    </UnitTest>
    <UnitTest name="Count_Conditional" storage="d:\alinq\source\trunk\test\bin\debug\test.dll" id="65934bfb-1d9c-4336-35c0-3fd642687347">
      <Css projectStructure="" iteration="" />
      <Owners>
        <Owner name="" />
      </Owners>
      <TestMethod codeBase="D:\ALinq\Source\Trunk\Test\bin\Debug\Test.dll" adapterTypeName="Microsoft.VisualStudio.TestTools.TestTypes.Unit.UnitTestAdapter, Microsoft.VisualStudio.QualityTools.Tips.UnitTest.Adapter, Version=9.0.0.0, Culture=neutral, PublicKeyToken=b03f5f7f11d50a3a" className="Test.AccessTest, Test" name="Count_Conditional" />
    </UnitTest>
    <UnitTest name="GetCategoryPicture2" storage="d:\alinq\source\trunk\test\bin\debug\test.dll" id="4b73483a-4e72-fb3a-3870-f36206c71126">
      <Css projectStructure="" iteration="" />
      <Owners>
        <Owner name="" />
      </Owners>
      <TestMethod codeBase="D:\ALinq\Source\Trunk\Test\bin\Debug\Test.dll" adapterTypeName="Microsoft.VisualStudio.TestTools.TestTypes.Unit.UnitTestAdapter, Microsoft.VisualStudio.QualityTools.Tips.UnitTest.Adapter, Version=9.0.0.0, Culture=neutral, PublicKeyToken=b03f5f7f11d50a3a" className="Test.OdpOracleProcedureTest, Test" name="GetCategoryPicture2" />
    </UnitTest>
    <UnitTest name="Math_Exp" storage="d:\alinq\source\trunk\test\bin\debug\test.dll" id="e316cfe0-f568-9c6d-d492-f18f6452ad25">
      <Css projectStructure="" iteration="" />
      <Owners>
        <Owner name="" />
      </Owners>
      <TestMethod codeBase="D:\ALinq\Source\Trunk\Test\bin\Debug\Test.dll" adapterTypeName="Microsoft.VisualStudio.TestTools.TestTypes.Unit.UnitTestAdapter, Microsoft.VisualStudio.QualityTools.Tips.UnitTest.Adapter, Version=9.0.0.0, Culture=neutral, PublicKeyToken=b03f5f7f11d50a3a" className="Test.SQLiteTest, Test" name="Math_Exp" />
    </UnitTest>
    <UnitTest name="GroupBy_Year" storage="d:\alinq\source\trunk\test\bin\debug\test.dll" id="86f5ee5f-b53e-98e7-32da-4a890d8414c8">
      <Css projectStructure="" iteration="" />
      <Owners>
        <Owner name="" />
      </Owners>
      <TestMethod codeBase="D:\ALinq\Source\Trunk\Test\bin\Debug\Test.dll" adapterTypeName="Microsoft.VisualStudio.TestTools.TestTypes.Unit.UnitTestAdapter, Microsoft.VisualStudio.QualityTools.Tips.UnitTest.Adapter, Version=9.0.0.0, Culture=neutral, PublicKeyToken=b03f5f7f11d50a3a" className="Test.MySqlTest, Test" name="GroupBy_Year" />
    </UnitTest>
    <UnitTest name="Single" storage="d:\alinq\source\trunk\test\bin\debug\test.dll" id="cd11634e-3ca4-d573-823b-5c20762c38fe">
      <Css projectStructure="" iteration="" />
      <Owners>
        <Owner name="" />
      </Owners>
      <TestMethod codeBase="D:\ALinq\Source\Trunk\Test\bin\Debug\Test.dll" adapterTypeName="Microsoft.VisualStudio.TestTools.TestTypes.Unit.UnitTestAdapter, Microsoft.VisualStudio.QualityTools.Tips.UnitTest.Adapter, Version=9.0.0.0, Culture=neutral, PublicKeyToken=b03f5f7f11d50a3a" className="Test.SQL2005Test, Test" name="Single" />
    </UnitTest>
    <UnitTest name="DateTime_DayOfYear" storage="d:\alinq\source\trunk\test\bin\debug\test.dll" id="0daab818-14e9-f786-cb57-b763691cb3fc">
      <Css projectStructure="" iteration="" />
      <Owners>
        <Owner name="" />
      </Owners>
      <TestMethod codeBase="D:\ALinq\Source\Trunk\Test\bin\Debug\Test.dll" adapterTypeName="Microsoft.VisualStudio.TestTools.TestTypes.Unit.UnitTestAdapter, Microsoft.VisualStudio.QualityTools.Tips.UnitTest.Adapter, Version=9.0.0.0, Culture=neutral, PublicKeyToken=b03f5f7f11d50a3a" className="Test.SQL2000Test, Test" name="DateTime_DayOfYear" />
    </UnitTest>
    <UnitTest name="DateTime_ToString" storage="d:\alinq\source\trunk\test\bin\debug\test.dll" id="540386df-7c59-b899-4f98-ddd54201c551">
      <Css projectStructure="" iteration="" />
      <Owners>
        <Owner name="" />
      </Owners>
      <TestMethod codeBase="D:\ALinq\Source\Trunk\Test\bin\Debug\Test.dll" adapterTypeName="Microsoft.VisualStudio.TestTools.TestTypes.Unit.UnitTestAdapter, Microsoft.VisualStudio.QualityTools.Tips.UnitTest.Adapter, Version=9.0.0.0, Culture=neutral, PublicKeyToken=b03f5f7f11d50a3a" className="Test.AccessTest, Test" name="DateTime_ToString" />
    </UnitTest>
    <UnitTest name="Contains" storage="d:\alinq\source\trunk\test\bin\debug\test.dll" id="857f7605-b405-9dbd-d642-40693cf0000d">
      <Css projectStructure="" iteration="" />
      <Owners>
        <Owner name="" />
      </Owners>
      <TestMethod codeBase="D:\ALinq\Source\Trunk\Test\bin\Debug\Test.dll" adapterTypeName="Microsoft.VisualStudio.TestTools.TestTypes.Unit.UnitTestAdapter, Microsoft.VisualStudio.QualityTools.Tips.UnitTest.Adapter, Version=9.0.0.0, Culture=neutral, PublicKeyToken=b03f5f7f11d50a3a" className="Test.NorOracleTest, Test" name="Contains" />
    </UnitTest>
    <UnitTest name="Contains" storage="d:\alinq\source\trunk\test\bin\debug\test.dll" id="50f0d45c-ae49-1f45-0a38-1e6180083240">
      <Css projectStructure="" iteration="" />
      <Owners>
        <Owner name="" />
      </Owners>
      <TestMethod codeBase="D:\ALinq\Source\Trunk\Test\bin\Debug\Test.dll" adapterTypeName="Microsoft.VisualStudio.TestTools.TestTypes.Unit.UnitTestAdapter, Microsoft.VisualStudio.QualityTools.Tips.UnitTest.Adapter, Version=9.0.0.0, Culture=neutral, PublicKeyToken=b03f5f7f11d50a3a" className="Test.AccessTest, Test" name="Contains" />
    </UnitTest>
    <UnitTest name="GroupBy_Sum" storage="d:\alinq\source\trunk\test\bin\debug\test.dll" id="415b6925-e95e-f147-2826-227a5068ffe2">
      <Css projectStructure="" iteration="" />
      <Owners>
        <Owner name="" />
      </Owners>
      <TestMethod codeBase="D:\ALinq\Source\Trunk\Test\bin\Debug\Test.dll" adapterTypeName="Microsoft.VisualStudio.TestTools.TestTypes.Unit.UnitTestAdapter, Microsoft.VisualStudio.QualityTools.Tips.UnitTest.Adapter, Version=9.0.0.0, Culture=neutral, PublicKeyToken=b03f5f7f11d50a3a" className="Test.MySqlTest, Test" name="GroupBy_Sum" />
    </UnitTest>
    <UnitTest name="CRUD_Update3" storage="d:\alinq\source\trunk\test\bin\debug\test.dll" id="d407fd78-c232-fe9a-35cb-fe76a2d87b5d">
      <Css projectStructure="" iteration="" />
      <Owners>
        <Owner name="" />
      </Owners>
      <TestMethod codeBase="D:\ALinq\Source\Trunk\Test\bin\Debug\Test.dll" adapterTypeName="Microsoft.VisualStudio.TestTools.TestTypes.Unit.UnitTestAdapter, Microsoft.VisualStudio.QualityTools.Tips.UnitTest.Adapter, Version=9.0.0.0, Culture=neutral, PublicKeyToken=b03f5f7f11d50a3a" className="Test.SqlTest, Test" name="CRUD_Update3" />
    </UnitTest>
    <UnitTest name="CRUD_Delete1" storage="d:\alinq\source\trunk\test\bin\debug\test.dll" id="3efd9ca2-2c85-766f-a21c-d6abbc288499">
      <Css projectStructure="" iteration="" />
      <Owners>
        <Owner name="" />
      </Owners>
      <TestMethod codeBase="D:\ALinq\Source\Trunk\Test\bin\Debug\Test.dll" adapterTypeName="Microsoft.VisualStudio.TestTools.TestTypes.Unit.UnitTestAdapter, Microsoft.VisualStudio.QualityTools.Tips.UnitTest.Adapter, Version=9.0.0.0, Culture=neutral, PublicKeyToken=b03f5f7f11d50a3a" className="Test.SQLiteTest, Test" name="CRUD_Delete1" />
    </UnitTest>
    <UnitTest name="Math_Tan" storage="d:\alinq\source\trunk\test\bin\debug\test.dll" id="3663beff-7331-661b-9b19-c1823afa417a">
      <Css projectStructure="" iteration="" />
      <Owners>
        <Owner name="" />
      </Owners>
      <TestMethod codeBase="D:\ALinq\Source\Trunk\Test\bin\Debug\Test.dll" adapterTypeName="Microsoft.VisualStudio.TestTools.TestTypes.Unit.UnitTestAdapter, Microsoft.VisualStudio.QualityTools.Tips.UnitTest.Adapter, Version=9.0.0.0, Culture=neutral, PublicKeyToken=b03f5f7f11d50a3a" className="Test.SQL2000Test, Test" name="Math_Tan" />
    </UnitTest>
    <UnitTest name="Join_LetAssignment" storage="d:\alinq\source\trunk\test\bin\debug\test.dll" id="7df25c04-a500-a958-f3ac-79470bf2893e">
      <Css projectStructure="" iteration="" />
      <Owners>
        <Owner name="" />
      </Owners>
      <TestMethod codeBase="D:\ALinq\Source\Trunk\Test\bin\Debug\Test.dll" adapterTypeName="Microsoft.VisualStudio.TestTools.TestTypes.Unit.UnitTestAdapter, Microsoft.VisualStudio.QualityTools.Tips.UnitTest.Adapter, Version=9.0.0.0, Culture=neutral, PublicKeyToken=b03f5f7f11d50a3a" className="Test.AccessTest, Test" name="Join_LetAssignment" />
    </UnitTest>
    <UnitTest name="Single" storage="d:\alinq\source\trunk\test\bin\debug\test.dll" id="d975fdc0-5287-e86a-d491-26361434b84f">
      <Css projectStructure="" iteration="" />
      <Owners>
        <Owner name="" />
      </Owners>
      <TestMethod codeBase="D:\ALinq\Source\Trunk\Test\bin\Debug\Test.dll" adapterTypeName="Microsoft.VisualStudio.TestTools.TestTypes.Unit.UnitTestAdapter, Microsoft.VisualStudio.QualityTools.Tips.UnitTest.Adapter, Version=9.0.0.0, Culture=neutral, PublicKeyToken=b03f5f7f11d50a3a" className="Test.PgsqlTest, Test" name="Single" />
    </UnitTest>
    <UnitTest name="Take_Nested" storage="d:\alinq\source\trunk\test\bin\debug\test.dll" id="da688f70-d1df-0ff5-483e-a9b1270b0f43">
      <Css projectStructure="" iteration="" />
      <Owners>
        <Owner name="" />
      </Owners>
      <TestMethod codeBase="D:\ALinq\Source\Trunk\Test\bin\Debug\Test.dll" adapterTypeName="Microsoft.VisualStudio.TestTools.TestTypes.Unit.UnitTestAdapter, Microsoft.VisualStudio.QualityTools.Tips.UnitTest.Adapter, Version=9.0.0.0, Culture=neutral, PublicKeyToken=b03f5f7f11d50a3a" className="Test.MySqlTest, Test" name="Take_Nested" />
    </UnitTest>
    <UnitTest name="String_Equals1" storage="d:\alinq\source\trunk\test\bin\debug\test.dll" id="35529ed1-9196-1b6d-8cd5-42b08536bd52">
      <Css projectStructure="" iteration="" />
      <Owners>
        <Owner name="" />
      </Owners>
      <TestMethod codeBase="D:\ALinq\Source\Trunk\Test\bin\Debug\Test.dll" adapterTypeName="Microsoft.VisualStudio.TestTools.TestTypes.Unit.UnitTestAdapter, Microsoft.VisualStudio.QualityTools.Tips.UnitTest.Adapter, Version=9.0.0.0, Culture=neutral, PublicKeyToken=b03f5f7f11d50a3a" className="Test.NorOracleTest, Test" name="String_Equals1" />
    </UnitTest>
    <UnitTest name="DateTimeGE" storage="d:\alinq\source\trunk\test\bin\debug\test.dll" id="702fd5a3-2a6c-8625-28ae-16bbacd7d469">
      <Css projectStructure="" iteration="" />
      <Owners>
        <Owner name="" />
      </Owners>
      <TestMethod codeBase="D:\ALinq\Source\Trunk\Test\bin\Debug\Test.dll" adapterTypeName="Microsoft.VisualStudio.TestTools.TestTypes.Unit.UnitTestAdapter, Microsoft.VisualStudio.QualityTools.Tips.UnitTest.Adapter, Version=9.0.0.0, Culture=neutral, PublicKeyToken=b03f5f7f11d50a3a" className="Test.FirebirdTest, Test" name="DateTimeGE" />
    </UnitTest>
    <UnitTest name="FirstOrDefault" storage="d:\alinq\source\trunk\test\bin\debug\test.dll" id="9812f835-d894-c6ee-a4eb-3c9740984829">
      <Css projectStructure="" iteration="" />
      <Owners>
        <Owner name="" />
      </Owners>
      <TestMethod codeBase="D:\ALinq\Source\Trunk\Test\bin\Debug\Test.dll" adapterTypeName="Microsoft.VisualStudio.TestTools.TestTypes.Unit.UnitTestAdapter, Microsoft.VisualStudio.QualityTools.Tips.UnitTest.Adapter, Version=9.0.0.0, Culture=neutral, PublicKeyToken=b03f5f7f11d50a3a" className="Test.SQL2000Test, Test" name="FirstOrDefault" />
    </UnitTest>
    <UnitTest name="Max_Simple" storage="d:\alinq\source\trunk\test\bin\debug\test.dll" id="61705fcf-234b-42ee-1694-2da324a3cbba">
      <Css projectStructure="" iteration="" />
      <Owners>
        <Owner name="" />
      </Owners>
      <TestMethod codeBase="D:\ALinq\Source\Trunk\Test\bin\Debug\Test.dll" adapterTypeName="Microsoft.VisualStudio.TestTools.TestTypes.Unit.UnitTestAdapter, Microsoft.VisualStudio.QualityTools.Tips.UnitTest.Adapter, Version=9.0.0.0, Culture=neutral, PublicKeyToken=b03f5f7f11d50a3a" className="Test.FirebirdTest, Test" name="Max_Simple" />
    </UnitTest>
    <UnitTest name="SelectMany_MultipleFrom" storage="d:\alinq\source\trunk\test\bin\debug\test.dll" id="6f527331-b523-7b7e-609a-68f83e658b05">
      <Css projectStructure="" iteration="" />
      <Owners>
        <Owner name="" />
      </Owners>
      <TestMethod codeBase="D:\ALinq\Source\Trunk\Test\bin\Debug\Test.dll" adapterTypeName="Microsoft.VisualStudio.TestTools.TestTypes.Unit.UnitTestAdapter, Microsoft.VisualStudio.QualityTools.Tips.UnitTest.Adapter, Version=9.0.0.0, Culture=neutral, PublicKeyToken=b03f5f7f11d50a3a" className="Test.OdpOracleTest, Test" name="SelectMany_MultipleFrom" />
    </UnitTest>
    <UnitTest name="Insert_ManyToMany" storage="d:\alinq\source\trunk\test\bin\debug\test.dll" id="695c4ab6-f4ac-ea72-49e6-a9039bbff4ff">
      <Css projectStructure="" iteration="" />
      <Owners>
        <Owner name="" />
      </Owners>
      <TestMethod codeBase="D:\ALinq\Source\Trunk\Test\bin\Debug\Test.dll" adapterTypeName="Microsoft.VisualStudio.TestTools.TestTypes.Unit.UnitTestAdapter, Microsoft.VisualStudio.QualityTools.Tips.UnitTest.Adapter, Version=9.0.0.0, Culture=neutral, PublicKeyToken=b03f5f7f11d50a3a" className="Test.SQLiteTest, Test" name="Insert_ManyToMany" />
    </UnitTest>
    <UnitTest name="Join_OnToMany" storage="d:\alinq\source\trunk\test\bin\debug\test.dll" id="bf367b79-b4c6-37af-ba95-9210159d3f86">
      <Css projectStructure="" iteration="" />
      <Owners>
        <Owner name="" />
      </Owners>
      <TestMethod codeBase="D:\ALinq\Source\Trunk\Test\bin\Debug\Test.dll" adapterTypeName="Microsoft.VisualStudio.TestTools.TestTypes.Unit.UnitTestAdapter, Microsoft.VisualStudio.QualityTools.Tips.UnitTest.Adapter, Version=9.0.0.0, Culture=neutral, PublicKeyToken=b03f5f7f11d50a3a" className="Test.SQL2000Test, Test" name="Join_OnToMany" />
    </UnitTest>
    <UnitTest name="All_Simple" storage="d:\alinq\source\trunk\test\bin\debug\test.dll" id="301b79b5-5167-072c-3357-3d8ae063da2e">
      <Css projectStructure="" iteration="" />
      <Owners>
        <Owner name="" />
      </Owners>
      <TestMethod codeBase="D:\ALinq\Source\Trunk\Test\bin\Debug\Test.dll" adapterTypeName="Microsoft.VisualStudio.TestTools.TestTypes.Unit.UnitTestAdapter, Microsoft.VisualStudio.QualityTools.Tips.UnitTest.Adapter, Version=9.0.0.0, Culture=neutral, PublicKeyToken=b03f5f7f11d50a3a" className="Test.MySqlTest, Test" name="All_Simple" />
    </UnitTest>
    <UnitTest name="Math_Truncate1" storage="d:\alinq\source\trunk\test\bin\debug\test.dll" id="d1283c37-2114-72aa-e6cf-da6da17db5ba">
      <Css projectStructure="" iteration="" />
      <Owners>
        <Owner name="" />
      </Owners>
      <TestMethod codeBase="D:\ALinq\Source\Trunk\Test\bin\Debug\Test.dll" adapterTypeName="Microsoft.VisualStudio.TestTools.TestTypes.Unit.UnitTestAdapter, Microsoft.VisualStudio.QualityTools.Tips.UnitTest.Adapter, Version=9.0.0.0, Culture=neutral, PublicKeyToken=b03f5f7f11d50a3a" className="Test.SQL2005Test, Test" name="Math_Truncate1" />
    </UnitTest>
    <UnitTest name="String_IndexOf1" storage="d:\alinq\source\trunk\test\bin\debug\test.dll" id="fc3c9104-0976-6d91-359d-7c15156aed19">
      <Css projectStructure="" iteration="" />
      <Owners>
        <Owner name="" />
      </Owners>
      <TestMethod codeBase="D:\ALinq\Source\Trunk\Test\bin\Debug\Test.dll" adapterTypeName="Microsoft.VisualStudio.TestTools.TestTypes.Unit.UnitTestAdapter, Microsoft.VisualStudio.QualityTools.Tips.UnitTest.Adapter, Version=9.0.0.0, Culture=neutral, PublicKeyToken=b03f5f7f11d50a3a" className="Test.MySqlTest, Test" name="String_IndexOf1" />
    </UnitTest>
    <UnitTest name="Math_Atan" storage="d:\alinq\source\trunk\test\bin\debug\test.dll" id="4aa4e69f-6b62-28b9-47c9-3b010093ae40">
      <Css projectStructure="" iteration="" />
      <Owners>
        <Owner name="" />
      </Owners>
      <TestMethod codeBase="D:\ALinq\Source\Trunk\Test\bin\Debug\Test.dll" adapterTypeName="Microsoft.VisualStudio.TestTools.TestTypes.Unit.UnitTestAdapter, Microsoft.VisualStudio.QualityTools.Tips.UnitTest.Adapter, Version=9.0.0.0, Culture=neutral, PublicKeyToken=b03f5f7f11d50a3a" className="Test.OdpOracleTest, Test" name="Math_Atan" />
    </UnitTest>
    <UnitTest name="Join_ManyToMany" storage="d:\alinq\source\trunk\test\bin\debug\test.dll" id="e04d6e29-00a1-6fe5-f9ee-bb7ee7cca74a">
      <Css projectStructure="" iteration="" />
      <Owners>
        <Owner name="" />
      </Owners>
      <TestMethod codeBase="D:\ALinq\Source\Trunk\Test\bin\Debug\Test.dll" adapterTypeName="Microsoft.VisualStudio.TestTools.TestTypes.Unit.UnitTestAdapter, Microsoft.VisualStudio.QualityTools.Tips.UnitTest.Adapter, Version=9.0.0.0, Culture=neutral, PublicKeyToken=b03f5f7f11d50a3a" className="Test.SqlTest, Test" name="Join_ManyToMany" />
    </UnitTest>
    <UnitTest name="DateTime_Date" storage="d:\alinq\source\trunk\test\bin\debug\test.dll" id="73e260c5-fb13-584b-25ec-3c0d28347698">
      <Css projectStructure="" iteration="" />
      <Owners>
        <Owner name="" />
      </Owners>
      <TestMethod codeBase="D:\ALinq\Source\Trunk\Test\bin\Debug\Test.dll" adapterTypeName="Microsoft.VisualStudio.TestTools.TestTypes.Unit.UnitTestAdapter, Microsoft.VisualStudio.QualityTools.Tips.UnitTest.Adapter, Version=9.0.0.0, Culture=neutral, PublicKeyToken=b03f5f7f11d50a3a" className="Test.NorOracleTest, Test" name="DateTime_Date" />
    </UnitTest>
    <UnitTest name="Where_Simple1" storage="d:\alinq\source\trunk\test\bin\debug\test.dll" id="9b02781b-2669-274b-cdd2-7f801e2374ab">
      <Css projectStructure="" iteration="" />
      <Owners>
        <Owner name="" />
      </Owners>
      <TestMethod codeBase="D:\ALinq\Source\Trunk\Test\bin\Debug\Test.dll" adapterTypeName="Microsoft.VisualStudio.TestTools.TestTypes.Unit.UnitTestAdapter, Microsoft.VisualStudio.QualityTools.Tips.UnitTest.Adapter, Version=9.0.0.0, Culture=neutral, PublicKeyToken=b03f5f7f11d50a3a" className="Test.SqlTest, Test" name="Where_Simple1" />
    </UnitTest>
    <UnitTest name="GroupBy_Day" storage="d:\alinq\source\trunk\test\bin\debug\test.dll" id="db3714f5-f9f2-e586-6b97-2b38910e8a61">
      <Css projectStructure="" iteration="" />
      <Owners>
        <Owner name="" />
      </Owners>
      <TestMethod codeBase="D:\ALinq\Source\Trunk\Test\bin\Debug\Test.dll" adapterTypeName="Microsoft.VisualStudio.TestTools.TestTypes.Unit.UnitTestAdapter, Microsoft.VisualStudio.QualityTools.Tips.UnitTest.Adapter, Version=9.0.0.0, Culture=neutral, PublicKeyToken=b03f5f7f11d50a3a" className="Test.NorOracleTest, Test" name="GroupBy_Day" />
    </UnitTest>
    <UnitTest name="Math_Max" storage="d:\alinq\source\trunk\test\bin\debug\test.dll" id="411933f8-e21a-f6a6-3187-433a22c64daa">
      <Css projectStructure="" iteration="" />
      <Owners>
        <Owner name="" />
      </Owners>
      <TestMethod codeBase="D:\ALinq\Source\Trunk\Test\bin\Debug\Test.dll" adapterTypeName="Microsoft.VisualStudio.TestTools.TestTypes.Unit.UnitTestAdapter, Microsoft.VisualStudio.QualityTools.Tips.UnitTest.Adapter, Version=9.0.0.0, Culture=neutral, PublicKeyToken=b03f5f7f11d50a3a" className="Test.PgsqlTest, Test" name="Math_Max" />
    </UnitTest>
    <UnitTest name="Avg_Emelents" storage="d:\alinq\source\trunk\test\bin\debug\test.dll" id="6592c388-8eb0-c43d-92ed-3d517f988114">
      <Css projectStructure="" iteration="" />
      <Owners>
        <Owner name="" />
      </Owners>
      <TestMethod codeBase="D:\ALinq\Source\Trunk\Test\bin\Debug\Test.dll" adapterTypeName="Microsoft.VisualStudio.TestTools.TestTypes.Unit.UnitTestAdapter, Microsoft.VisualStudio.QualityTools.Tips.UnitTest.Adapter, Version=9.0.0.0, Culture=neutral, PublicKeyToken=b03f5f7f11d50a3a" className="Test.SqlTest, Test" name="Avg_Emelents" />
    </UnitTest>
    <UnitTest name="GroupBy_Min" storage="d:\alinq\source\trunk\test\bin\debug\test.dll" id="a34dd9e2-d142-1c2b-1abe-e58541331544">
      <Css projectStructure="" iteration="" />
      <Owners>
        <Owner name="" />
      </Owners>
      <TestMethod codeBase="D:\ALinq\Source\Trunk\Test\bin\Debug\Test.dll" adapterTypeName="Microsoft.VisualStudio.TestTools.TestTypes.Unit.UnitTestAdapter, Microsoft.VisualStudio.QualityTools.Tips.UnitTest.Adapter, Version=9.0.0.0, Culture=neutral, PublicKeyToken=b03f5f7f11d50a3a" className="Test.MySqlTest, Test" name="GroupBy_Min" />
    </UnitTest>
    <UnitTest name="GroupBy_Month" storage="d:\alinq\source\trunk\test\bin\debug\test.dll" id="9507dd61-14d5-c70d-239b-4dac2c27c56a">
      <Css projectStructure="" iteration="" />
      <Owners>
        <Owner name="" />
      </Owners>
      <TestMethod codeBase="D:\ALinq\Source\Trunk\Test\bin\Debug\Test.dll" adapterTypeName="Microsoft.VisualStudio.TestTools.TestTypes.Unit.UnitTestAdapter, Microsoft.VisualStudio.QualityTools.Tips.UnitTest.Adapter, Version=9.0.0.0, Culture=neutral, PublicKeyToken=b03f5f7f11d50a3a" className="Test.SQL2000Test, Test" name="GroupBy_Month" />
    </UnitTest>
    <UnitTest name="OrderBy_Conditional" storage="d:\alinq\source\trunk\test\bin\debug\test.dll" id="b04b476a-cd11-b985-0c7e-c7f47af71af8">
      <Css projectStructure="" iteration="" />
      <Owners>
        <Owner name="" />
      </Owners>
      <TestMethod codeBase="D:\ALinq\Source\Trunk\Test\bin\Debug\Test.dll" adapterTypeName="Microsoft.VisualStudio.TestTools.TestTypes.Unit.UnitTestAdapter, Microsoft.VisualStudio.QualityTools.Tips.UnitTest.Adapter, Version=9.0.0.0, Culture=neutral, PublicKeyToken=b03f5f7f11d50a3a" className="Test.SqlTest, Test" name="OrderBy_Conditional" />
    </UnitTest>
    <UnitTest name="StringRelace" storage="d:\alinq\source\trunk\test\bin\debug\test.dll" id="ee564589-31f7-57d5-395f-791c7ea905b1">
      <Css projectStructure="" iteration="" />
      <Owners>
        <Owner name="" />
      </Owners>
      <TestMethod codeBase="D:\ALinq\Source\Trunk\Test\bin\Debug\Test.dll" adapterTypeName="Microsoft.VisualStudio.TestTools.TestTypes.Unit.UnitTestAdapter, Microsoft.VisualStudio.QualityTools.Tips.UnitTest.Adapter, Version=9.0.0.0, Culture=neutral, PublicKeyToken=b03f5f7f11d50a3a" className="Test.SqlTest, Test" name="StringRelace" />
    </UnitTest>
    <UnitTest name="Insert_Inherit" storage="d:\alinq\source\trunk\test\bin\debug\test.dll" id="543908f5-5ba0-ab4d-d32b-a9f2b73b410f">
      <Css projectStructure="" iteration="" />
      <Owners>
        <Owner name="" />
      </Owners>
      <TestMethod codeBase="D:\ALinq\Source\Trunk\Test\bin\Debug\Test.dll" adapterTypeName="Microsoft.VisualStudio.TestTools.TestTypes.Unit.UnitTestAdapter, Microsoft.VisualStudio.QualityTools.Tips.UnitTest.Adapter, Version=9.0.0.0, Culture=neutral, PublicKeyToken=b03f5f7f11d50a3a" className="Test.SQL2000Test, Test" name="Insert_Inherit" />
    </UnitTest>
    <UnitTest name="DateTime_AddSeconds" storage="d:\alinq\source\trunk\test\bin\debug\test.dll" id="13baba77-76f3-2e3c-2a91-91c5794902ba">
      <Css projectStructure="" iteration="" />
      <Owners>
        <Owner name="" />
      </Owners>
      <TestMethod codeBase="D:\ALinq\Source\Trunk\Test\bin\Debug\Test.dll" adapterTypeName="Microsoft.VisualStudio.TestTools.TestTypes.Unit.UnitTestAdapter, Microsoft.VisualStudio.QualityTools.Tips.UnitTest.Adapter, Version=9.0.0.0, Culture=neutral, PublicKeyToken=b03f5f7f11d50a3a" className="Test.OdpOracleTest, Test" name="DateTime_AddSeconds" />
    </UnitTest>
    <UnitTest name="Skip_Take" storage="d:\alinq\source\trunk\test\bin\debug\test.dll" id="7e5c9e5f-1c08-a12e-212e-44fbcd0e0fa5">
      <Css projectStructure="" iteration="" />
      <Owners>
        <Owner name="" />
      </Owners>
      <TestMethod codeBase="D:\ALinq\Source\Trunk\Test\bin\Debug\Test.dll" adapterTypeName="Microsoft.VisualStudio.TestTools.TestTypes.Unit.UnitTestAdapter, Microsoft.VisualStudio.QualityTools.Tips.UnitTest.Adapter, Version=9.0.0.0, Culture=neutral, PublicKeyToken=b03f5f7f11d50a3a" className="Test.DB2Test, Test" name="Skip_Take" />
    </UnitTest>
    <UnitTest name="Skip_Nested" storage="d:\alinq\source\trunk\test\bin\debug\test.dll" id="2d1d3144-6e2c-24cc-ba16-12fc8a00aae0">
      <Css projectStructure="" iteration="" />
      <Owners>
        <Owner name="" />
      </Owners>
      <TestMethod codeBase="D:\ALinq\Source\Trunk\Test\bin\Debug\Test.dll" adapterTypeName="Microsoft.VisualStudio.TestTools.TestTypes.Unit.UnitTestAdapter, Microsoft.VisualStudio.QualityTools.Tips.UnitTest.Adapter, Version=9.0.0.0, Culture=neutral, PublicKeyToken=b03f5f7f11d50a3a" className="Test.AccessTest, Test" name="Skip_Nested" />
    </UnitTest>
    <UnitTest name="DataType_Char" storage="d:\alinq\source\trunk\test\bin\debug\test.dll" id="290f9393-a561-b511-b44d-b393be8a4a25">
      <Css projectStructure="" iteration="" />
      <Owners>
        <Owner name="" />
      </Owners>
      <TestMethod codeBase="D:\ALinq\Source\Trunk\Test\bin\Debug\Test.dll" adapterTypeName="Microsoft.VisualStudio.TestTools.TestTypes.Unit.UnitTestAdapter, Microsoft.VisualStudio.QualityTools.Tips.UnitTest.Adapter, Version=9.0.0.0, Culture=neutral, PublicKeyToken=b03f5f7f11d50a3a" className="Test.SqlTest, Test" name="DataType_Char" />
    </UnitTest>
    <UnitTest name="String_Equals3" storage="d:\alinq\source\trunk\test\bin\debug\test.dll" id="4e2468b2-2e2e-2098-f839-cbd72f1be05d">
      <Css projectStructure="" iteration="" />
      <Owners>
        <Owner name="" />
      </Owners>
      <TestMethod codeBase="D:\ALinq\Source\Trunk\Test\bin\Debug\Test.dll" adapterTypeName="Microsoft.VisualStudio.TestTools.TestTypes.Unit.UnitTestAdapter, Microsoft.VisualStudio.QualityTools.Tips.UnitTest.Adapter, Version=9.0.0.0, Culture=neutral, PublicKeyToken=b03f5f7f11d50a3a" className="Test.SQL2000Test, Test" name="String_Equals3" />
    </UnitTest>
    <UnitTest name="Math_Floor" storage="d:\alinq\source\trunk\test\bin\debug\test.dll" id="a90a6e2d-eb6c-3e7c-d88e-e676bb35075a">
      <Css projectStructure="" iteration="" />
      <Owners>
        <Owner name="" />
      </Owners>
      <TestMethod codeBase="D:\ALinq\Source\Trunk\Test\bin\Debug\Test.dll" adapterTypeName="Microsoft.VisualStudio.TestTools.TestTypes.Unit.UnitTestAdapter, Microsoft.VisualStudio.QualityTools.Tips.UnitTest.Adapter, Version=9.0.0.0, Culture=neutral, PublicKeyToken=b03f5f7f11d50a3a" className="Test.DB2Test, Test" name="Math_Floor" />
    </UnitTest>
    <UnitTest name="DateTime_ToLoaclTime" storage="d:\alinq\source\trunk\test\bin\debug\test.dll" id="80528367-53a9-6d5c-4b67-6b6cb203f840">
      <Css projectStructure="" iteration="" />
      <Owners>
        <Owner name="" />
      </Owners>
      <TestMethod codeBase="D:\ALinq\Source\Trunk\Test\bin\Debug\Test.dll" adapterTypeName="Microsoft.VisualStudio.TestTools.TestTypes.Unit.UnitTestAdapter, Microsoft.VisualStudio.QualityTools.Tips.UnitTest.Adapter, Version=9.0.0.0, Culture=neutral, PublicKeyToken=b03f5f7f11d50a3a" className="Test.FirebirdTest, Test" name="DateTime_ToLoaclTime" />
    </UnitTest>
    <UnitTest name="String_Equals2" storage="d:\alinq\source\trunk\test\bin\debug\test.dll" id="e7f3092b-d4ee-4474-ca5e-f592b3230138">
      <Css projectStructure="" iteration="" />
      <Owners>
        <Owner name="" />
      </Owners>
      <TestMethod codeBase="D:\ALinq\Source\Trunk\Test\bin\Debug\Test.dll" adapterTypeName="Microsoft.VisualStudio.TestTools.TestTypes.Unit.UnitTestAdapter, Microsoft.VisualStudio.QualityTools.Tips.UnitTest.Adapter, Version=9.0.0.0, Culture=neutral, PublicKeyToken=b03f5f7f11d50a3a" className="Test.FirebirdTest, Test" name="String_Equals2" />
    </UnitTest>
    <UnitTest name="Join_OnToMany" storage="d:\alinq\source\trunk\test\bin\debug\test.dll" id="59790d26-3e18-7e2c-4804-cfa4db491a09">
      <Css projectStructure="" iteration="" />
      <Owners>
        <Owner name="" />
      </Owners>
      <TestMethod codeBase="D:\ALinq\Source\Trunk\Test\bin\Debug\Test.dll" adapterTypeName="Microsoft.VisualStudio.TestTools.TestTypes.Unit.UnitTestAdapter, Microsoft.VisualStudio.QualityTools.Tips.UnitTest.Adapter, Version=9.0.0.0, Culture=neutral, PublicKeyToken=b03f5f7f11d50a3a" className="Test.MySqlTest, Test" name="Join_OnToMany" />
    </UnitTest>
    <UnitTest name="DateTime_Minute" storage="d:\alinq\source\trunk\test\bin\debug\test.dll" id="baac051b-8870-c48b-7c7d-1e661c2c7b2d">
      <Css projectStructure="" iteration="" />
      <Owners>
        <Owner name="" />
      </Owners>
      <TestMethod codeBase="D:\ALinq\Source\Trunk\Test\bin\Debug\Test.dll" adapterTypeName="Microsoft.VisualStudio.TestTools.TestTypes.Unit.UnitTestAdapter, Microsoft.VisualStudio.QualityTools.Tips.UnitTest.Adapter, Version=9.0.0.0, Culture=neutral, PublicKeyToken=b03f5f7f11d50a3a" className="Test.PgsqlTest, Test" name="DateTime_Minute" />
    </UnitTest>
    <UnitTest name="Except" storage="d:\alinq\source\trunk\test\bin\debug\test.dll" id="5152f9a8-4f47-bea3-b002-74bf49c49f82">
      <Css projectStructure="" iteration="" />
      <Owners>
        <Owner name="" />
      </Owners>
      <TestMethod codeBase="D:\ALinq\Source\Trunk\Test\bin\Debug\Test.dll" adapterTypeName="Microsoft.VisualStudio.TestTools.TestTypes.Unit.UnitTestAdapter, Microsoft.VisualStudio.QualityTools.Tips.UnitTest.Adapter, Version=9.0.0.0, Culture=neutral, PublicKeyToken=b03f5f7f11d50a3a" className="Test.PgsqlTest, Test" name="Except" />
    </UnitTest>
    <UnitTest name="Attach" storage="d:\alinq\source\trunk\test\bin\debug\test.dll" id="2562cf1d-4421-324b-15e8-3ffc0d5a05db">
      <Css projectStructure="" iteration="" />
      <Owners>
        <Owner name="" />
      </Owners>
      <TestMethod codeBase="D:\ALinq\Source\Trunk\Test\bin\Debug\Test.dll" adapterTypeName="Microsoft.VisualStudio.TestTools.TestTypes.Unit.UnitTestAdapter, Microsoft.VisualStudio.QualityTools.Tips.UnitTest.Adapter, Version=9.0.0.0, Culture=neutral, PublicKeyToken=b03f5f7f11d50a3a" className="Test.DataContextTest, Test" name="Attach" />
    </UnitTest>
    <UnitTest name="Convert_ToBoolean" storage="d:\alinq\source\trunk\test\bin\debug\test.dll" id="1937beaf-4eb7-515e-ae0c-33be3bc35bcc">
      <Css projectStructure="" iteration="" />
      <Owners>
        <Owner name="" />
      </Owners>
      <TestMethod codeBase="D:\ALinq\Source\Trunk\Test\bin\Debug\Test.dll" adapterTypeName="Microsoft.VisualStudio.TestTools.TestTypes.Unit.UnitTestAdapter, Microsoft.VisualStudio.QualityTools.Tips.UnitTest.Adapter, Version=9.0.0.0, Culture=neutral, PublicKeyToken=b03f5f7f11d50a3a" className="Test.OdpOracleTest, Test" name="Convert_ToBoolean" />
    </UnitTest>
    <UnitTest name="Join_CompositeKey" storage="d:\alinq\source\trunk\test\bin\debug\test.dll" id="80cc2336-bc8e-f4ea-2344-2ff2ca3b6a2c">
      <Css projectStructure="" iteration="" />
      <Owners>
        <Owner name="" />
      </Owners>
      <TestMethod codeBase="D:\ALinq\Source\Trunk\Test\bin\Debug\Test.dll" adapterTypeName="Microsoft.VisualStudio.TestTools.TestTypes.Unit.UnitTestAdapter, Microsoft.VisualStudio.QualityTools.Tips.UnitTest.Adapter, Version=9.0.0.0, Culture=neutral, PublicKeyToken=b03f5f7f11d50a3a" className="Test.SQL2005Test, Test" name="Join_CompositeKey" />
    </UnitTest>
    <UnitTest name="String_Substring2" storage="d:\alinq\source\trunk\test\bin\debug\test.dll" id="6c380b04-a024-0301-7c1c-a6fc4196cf7d">
      <Css projectStructure="" iteration="" />
      <Owners>
        <Owner name="" />
      </Owners>
      <TestMethod codeBase="D:\ALinq\Source\Trunk\Test\bin\Debug\Test.dll" adapterTypeName="Microsoft.VisualStudio.TestTools.TestTypes.Unit.UnitTestAdapter, Microsoft.VisualStudio.QualityTools.Tips.UnitTest.Adapter, Version=9.0.0.0, Culture=neutral, PublicKeyToken=b03f5f7f11d50a3a" className="Test.AccessTest, Test" name="String_Substring2" />
    </UnitTest>
    <UnitTest name="Where_Drilldown" storage="d:\alinq\source\trunk\test\bin\debug\test.dll" id="7b99d5ac-cdfb-a573-3507-5a05c5867aad">
      <Css projectStructure="" iteration="" />
      <Owners>
        <Owner name="" />
      </Owners>
      <TestMethod codeBase="D:\ALinq\Source\Trunk\Test\bin\Debug\Test.dll" adapterTypeName="Microsoft.VisualStudio.TestTools.TestTypes.Unit.UnitTestAdapter, Microsoft.VisualStudio.QualityTools.Tips.UnitTest.Adapter, Version=9.0.0.0, Culture=neutral, PublicKeyToken=b03f5f7f11d50a3a" className="Test.FirebirdTest, Test" name="Where_Drilldown" />
    </UnitTest>
    <UnitTest name="StringContain" storage="d:\alinq\source\trunk\test\bin\debug\test.dll" id="0e05d1c9-7e6a-58ff-0eb7-9852675d3d12">
      <Css projectStructure="" iteration="" />
      <Owners>
        <Owner name="" />
      </Owners>
      <TestMethod codeBase="D:\ALinq\Source\Trunk\Test\bin\Debug\Test.dll" adapterTypeName="Microsoft.VisualStudio.TestTools.TestTypes.Unit.UnitTestAdapter, Microsoft.VisualStudio.QualityTools.Tips.UnitTest.Adapter, Version=9.0.0.0, Culture=neutral, PublicKeyToken=b03f5f7f11d50a3a" className="Test.MySqlTest, Test" name="StringContain" />
    </UnitTest>
    <UnitTest name="String_TrimEnd" storage="d:\alinq\source\trunk\test\bin\debug\test.dll" id="178044b9-b654-7f55-67ca-4545e5e012ed">
      <Css projectStructure="" iteration="" />
      <Owners>
        <Owner name="" />
      </Owners>
      <TestMethod codeBase="D:\ALinq\Source\Trunk\Test\bin\Debug\Test.dll" adapterTypeName="Microsoft.VisualStudio.TestTools.TestTypes.Unit.UnitTestAdapter, Microsoft.VisualStudio.QualityTools.Tips.UnitTest.Adapter, Version=9.0.0.0, Culture=neutral, PublicKeyToken=b03f5f7f11d50a3a" className="Test.AccessTest, Test" name="String_TrimEnd" />
    </UnitTest>
    <UnitTest name="StringRelace" storage="d:\alinq\source\trunk\test\bin\debug\test.dll" id="9e8eabc7-fda4-b1ba-f6ed-16ceb7741a31">
      <Css projectStructure="" iteration="" />
      <Owners>
        <Owner name="" />
      </Owners>
      <TestMethod codeBase="D:\ALinq\Source\Trunk\Test\bin\Debug\Test.dll" adapterTypeName="Microsoft.VisualStudio.TestTools.TestTypes.Unit.UnitTestAdapter, Microsoft.VisualStudio.QualityTools.Tips.UnitTest.Adapter, Version=9.0.0.0, Culture=neutral, PublicKeyToken=b03f5f7f11d50a3a" className="Test.SQLiteTest, Test" name="StringRelace" />
    </UnitTest>
    <UnitTest name="Join_ThreeWay" storage="d:\alinq\source\trunk\test\bin\debug\test.dll" id="e929e060-bd0d-63b0-4394-fcb2ae20336c">
      <Css projectStructure="" iteration="" />
      <Owners>
        <Owner name="" />
      </Owners>
      <TestMethod codeBase="D:\ALinq\Source\Trunk\Test\bin\Debug\Test.dll" adapterTypeName="Microsoft.VisualStudio.TestTools.TestTypes.Unit.UnitTestAdapter, Microsoft.VisualStudio.QualityTools.Tips.UnitTest.Adapter, Version=9.0.0.0, Culture=neutral, PublicKeyToken=b03f5f7f11d50a3a" className="Test.DB2Test, Test" name="Join_ThreeWay" />
    </UnitTest>
    <UnitTest name="String_CompareTo" storage="d:\alinq\source\trunk\test\bin\debug\test.dll" id="7eabe99f-4393-b106-69fe-679ea6b287ff">
      <Css projectStructure="" iteration="" />
      <Owners>
        <Owner name="" />
      </Owners>
      <TestMethod codeBase="D:\ALinq\Source\Trunk\Test\bin\Debug\Test.dll" adapterTypeName="Microsoft.VisualStudio.TestTools.TestTypes.Unit.UnitTestAdapter, Microsoft.VisualStudio.QualityTools.Tips.UnitTest.Adapter, Version=9.0.0.0, Culture=neutral, PublicKeyToken=b03f5f7f11d50a3a" className="Test.PgsqlTest, Test" name="String_CompareTo" />
    </UnitTest>
    <UnitTest name="StringConcat" storage="d:\alinq\source\trunk\test\bin\debug\test.dll" id="000bf2e2-3ce7-916b-9de1-6094f0561d70">
      <Css projectStructure="" iteration="" />
      <Owners>
        <Owner name="" />
      </Owners>
      <TestMethod codeBase="D:\ALinq\Source\Trunk\Test\bin\Debug\Test.dll" adapterTypeName="Microsoft.VisualStudio.TestTools.TestTypes.Unit.UnitTestAdapter, Microsoft.VisualStudio.QualityTools.Tips.UnitTest.Adapter, Version=9.0.0.0, Culture=neutral, PublicKeyToken=b03f5f7f11d50a3a" className="Test.FirebirdTest, Test" name="StringConcat" />
    </UnitTest>
    <UnitTest name="Math_Min" storage="d:\alinq\source\trunk\test\bin\debug\test.dll" id="64296870-46a3-1fa3-0a14-8a55b2c5c6b7">
      <Css projectStructure="" iteration="" />
      <Owners>
        <Owner name="" />
      </Owners>
      <TestMethod codeBase="D:\ALinq\Source\Trunk\Test\bin\Debug\Test.dll" adapterTypeName="Microsoft.VisualStudio.TestTools.TestTypes.Unit.UnitTestAdapter, Microsoft.VisualStudio.QualityTools.Tips.UnitTest.Adapter, Version=9.0.0.0, Culture=neutral, PublicKeyToken=b03f5f7f11d50a3a" className="Test.SQL2005Test, Test" name="Math_Min" />
    </UnitTest>
    <UnitTest name="DateTime_Date" storage="d:\alinq\source\trunk\test\bin\debug\test.dll" id="2e6b6c23-6921-ed84-50c9-8d7ca68935f4">
      <Css projectStructure="" iteration="" />
      <Owners>
        <Owner name="" />
      </Owners>
      <TestMethod codeBase="D:\ALinq\Source\Trunk\Test\bin\Debug\Test.dll" adapterTypeName="Microsoft.VisualStudio.TestTools.TestTypes.Unit.UnitTestAdapter, Microsoft.VisualStudio.QualityTools.Tips.UnitTest.Adapter, Version=9.0.0.0, Culture=neutral, PublicKeyToken=b03f5f7f11d50a3a" className="Test.SQL2005Test, Test" name="DateTime_Date" />
    </UnitTest>
    <UnitTest name="Null" storage="d:\alinq\source\trunk\test\bin\debug\test.dll" id="88ef1e60-3ecd-2146-a8c4-838c3a9fc62d">
      <Css projectStructure="" iteration="" />
      <Owners>
        <Owner name="" />
      </Owners>
      <TestMethod codeBase="D:\ALinq\Source\Trunk\Test\bin\Debug\Test.dll" adapterTypeName="Microsoft.VisualStudio.TestTools.TestTypes.Unit.UnitTestAdapter, Microsoft.VisualStudio.QualityTools.Tips.UnitTest.Adapter, Version=9.0.0.0, Culture=neutral, PublicKeyToken=b03f5f7f11d50a3a" className="Test.SQLiteTest, Test" name="Null" />
    </UnitTest>
    <UnitTest name="ComposeKey" storage="d:\alinq\source\trunk\test\bin\debug\test.dll" id="cfb380c9-c923-dc0c-c9e8-85535d57a535">
      <Css projectStructure="" iteration="" />
      <Owners>
        <Owner name="" />
      </Owners>
      <TestMethod codeBase="D:\ALinq\Source\Trunk\Test\bin\Debug\Test.dll" adapterTypeName="Microsoft.VisualStudio.TestTools.TestTypes.Unit.UnitTestAdapter, Microsoft.VisualStudio.QualityTools.Tips.UnitTest.Adapter, Version=9.0.0.0, Culture=neutral, PublicKeyToken=b03f5f7f11d50a3a" className="Test.SQL2005Test, Test" name="ComposeKey" />
    </UnitTest>
    <UnitTest name="Update" storage="d:\alinq\source\trunk\test\bin\debug\test.dll" id="8db75664-001f-333c-67c2-85d22d3fb8b0">
      <Css projectStructure="" iteration="" />
      <Owners>
        <Owner name="" />
      </Owners>
      <TestMethod codeBase="D:\ALinq\Source\Trunk\Test\bin\Debug\Test.dll" adapterTypeName="Microsoft.VisualStudio.TestTools.TestTypes.Unit.UnitTestAdapter, Microsoft.VisualStudio.QualityTools.Tips.UnitTest.Adapter, Version=9.0.0.0, Culture=neutral, PublicKeyToken=b03f5f7f11d50a3a" className="Test.NorOracleTest, Test" name="Update" />
    </UnitTest>
    <UnitTest name="Select_Condition" storage="d:\alinq\source\trunk\test\bin\debug\test.dll" id="1712d6f9-5a06-da33-5453-5786c5523385">
      <Css projectStructure="" iteration="" />
      <Owners>
        <Owner name="" />
      </Owners>
      <TestMethod codeBase="D:\ALinq\Source\Trunk\Test\bin\Debug\Test.dll" adapterTypeName="Microsoft.VisualStudio.TestTools.TestTypes.Unit.UnitTestAdapter, Microsoft.VisualStudio.QualityTools.Tips.UnitTest.Adapter, Version=9.0.0.0, Culture=neutral, PublicKeyToken=b03f5f7f11d50a3a" className="Test.FirebirdTest, Test" name="Select_Condition" />
    </UnitTest>
    <UnitTest name="String_CompareTo" storage="d:\alinq\source\trunk\test\bin\debug\test.dll" id="a783b01b-aa6f-01f8-08de-c64dcdbfb9da">
      <Css projectStructure="" iteration="" />
      <Owners>
        <Owner name="" />
      </Owners>
      <TestMethod codeBase="D:\ALinq\Source\Trunk\Test\bin\Debug\Test.dll" adapterTypeName="Microsoft.VisualStudio.TestTools.TestTypes.Unit.UnitTestAdapter, Microsoft.VisualStudio.QualityTools.Tips.UnitTest.Adapter, Version=9.0.0.0, Culture=neutral, PublicKeyToken=b03f5f7f11d50a3a" className="Test.OdpOracleTest, Test" name="String_CompareTo" />
    </UnitTest>
    <UnitTest name="LongCount" storage="d:\alinq\source\trunk\test\bin\debug\test.dll" id="9290fd83-1941-065d-5d31-efd732ff79a5">
      <Css projectStructure="" iteration="" />
      <Owners>
        <Owner name="" />
      </Owners>
      <TestMethod codeBase="D:\ALinq\Source\Trunk\Test\bin\Debug\Test.dll" adapterTypeName="Microsoft.VisualStudio.TestTools.TestTypes.Unit.UnitTestAdapter, Microsoft.VisualStudio.QualityTools.Tips.UnitTest.Adapter, Version=9.0.0.0, Culture=neutral, PublicKeyToken=b03f5f7f11d50a3a" className="Test.MySqlTest, Test" name="LongCount" />
    </UnitTest>
    <UnitTest name="Math_Ceiling" storage="d:\alinq\source\trunk\test\bin\debug\test.dll" id="8de2f614-2bfe-0f34-2023-38c08bda3420">
      <Css projectStructure="" iteration="" />
      <Owners>
        <Owner name="" />
      </Owners>
      <TestMethod codeBase="D:\ALinq\Source\Trunk\Test\bin\Debug\Test.dll" adapterTypeName="Microsoft.VisualStudio.TestTools.TestTypes.Unit.UnitTestAdapter, Microsoft.VisualStudio.QualityTools.Tips.UnitTest.Adapter, Version=9.0.0.0, Culture=neutral, PublicKeyToken=b03f5f7f11d50a3a" className="Test.SQL2005Test, Test" name="Math_Ceiling" />
    </UnitTest>
    <UnitTest name="StringInsert" storage="d:\alinq\source\trunk\test\bin\debug\test.dll" id="5efaa85e-c6b8-f4d8-ff1e-9ad96239532d">
      <Css projectStructure="" iteration="" />
      <Owners>
        <Owner name="" />
      </Owners>
      <TestMethod codeBase="D:\ALinq\Source\Trunk\Test\bin\Debug\Test.dll" adapterTypeName="Microsoft.VisualStudio.TestTools.TestTypes.Unit.UnitTestAdapter, Microsoft.VisualStudio.QualityTools.Tips.UnitTest.Adapter, Version=9.0.0.0, Culture=neutral, PublicKeyToken=b03f5f7f11d50a3a" className="Test.AccessTest, Test" name="StringInsert" />
    </UnitTest>
    <UnitTest name="CRUD_Insert2" storage="d:\alinq\source\trunk\test\bin\debug\test.dll" id="bf0f14d8-5b83-2d64-0ea4-e1b6ab5df41a">
      <Css projectStructure="" iteration="" />
      <Owners>
        <Owner name="" />
      </Owners>
      <TestMethod codeBase="D:\ALinq\Source\Trunk\Test\bin\Debug\Test.dll" adapterTypeName="Microsoft.VisualStudio.TestTools.TestTypes.Unit.UnitTestAdapter, Microsoft.VisualStudio.QualityTools.Tips.UnitTest.Adapter, Version=9.0.0.0, Culture=neutral, PublicKeyToken=b03f5f7f11d50a3a" className="Test.FirebirdTest, Test" name="CRUD_Insert2" />
    </UnitTest>
    <UnitTest name="StringToUpper" storage="d:\alinq\source\trunk\test\bin\debug\test.dll" id="23b4e43f-144e-9552-607a-b7f89d6cae18">
      <Css projectStructure="" iteration="" />
      <Owners>
        <Owner name="" />
      </Owners>
      <TestMethod codeBase="D:\ALinq\Source\Trunk\Test\bin\Debug\Test.dll" adapterTypeName="Microsoft.VisualStudio.TestTools.TestTypes.Unit.UnitTestAdapter, Microsoft.VisualStudio.QualityTools.Tips.UnitTest.Adapter, Version=9.0.0.0, Culture=neutral, PublicKeyToken=b03f5f7f11d50a3a" className="Test.AccessTest, Test" name="StringToUpper" />
    </UnitTest>
    <UnitTest name="String_Insert" storage="d:\alinq\source\trunk\test\bin\debug\test.dll" id="30f1564c-ccd6-9f84-3be6-d50395ac54ba">
      <Css projectStructure="" iteration="" />
      <Owners>
        <Owner name="" />
      </Owners>
      <TestMethod codeBase="D:\ALinq\Source\Trunk\Test\bin\Debug\Test.dll" adapterTypeName="Microsoft.VisualStudio.TestTools.TestTypes.Unit.UnitTestAdapter, Microsoft.VisualStudio.QualityTools.Tips.UnitTest.Adapter, Version=9.0.0.0, Culture=neutral, PublicKeyToken=b03f5f7f11d50a3a" className="Test.MySqlTest, Test" name="String_Insert" />
    </UnitTest>
    <UnitTest name="SelectMany_MultipleFrom" storage="d:\alinq\source\trunk\test\bin\debug\test.dll" id="87d8af08-e0dc-1db4-fedd-dc91c418d949">
      <Css projectStructure="" iteration="" />
      <Owners>
        <Owner name="" />
      </Owners>
      <TestMethod codeBase="D:\ALinq\Source\Trunk\Test\bin\Debug\Test.dll" adapterTypeName="Microsoft.VisualStudio.TestTools.TestTypes.Unit.UnitTestAdapter, Microsoft.VisualStudio.QualityTools.Tips.UnitTest.Adapter, Version=9.0.0.0, Culture=neutral, PublicKeyToken=b03f5f7f11d50a3a" className="Test.FirebirdTest, Test" name="SelectMany_MultipleFrom" />
    </UnitTest>
    <UnitTest name="Join_LetAssignment" storage="d:\alinq\source\trunk\test\bin\debug\test.dll" id="c0ba4c81-bf5b-7b67-3568-847d0c43b0ef">
      <Css projectStructure="" iteration="" />
      <Owners>
        <Owner name="" />
      </Owners>
      <TestMethod codeBase="D:\ALinq\Source\Trunk\Test\bin\Debug\Test.dll" adapterTypeName="Microsoft.VisualStudio.TestTools.TestTypes.Unit.UnitTestAdapter, Microsoft.VisualStudio.QualityTools.Tips.UnitTest.Adapter, Version=9.0.0.0, Culture=neutral, PublicKeyToken=b03f5f7f11d50a3a" className="Test.MySqlTest, Test" name="Join_LetAssignment" />
    </UnitTest>
    <UnitTest name="GroupBy_ConditionalCount" storage="d:\alinq\source\trunk\test\bin\debug\test.dll" id="e61c51c7-60bd-3072-2014-01ac1610eed6">
      <Css projectStructure="" iteration="" />
      <Owners>
        <Owner name="" />
      </Owners>
      <TestMethod codeBase="D:\ALinq\Source\Trunk\Test\bin\Debug\Test.dll" adapterTypeName="Microsoft.VisualStudio.TestTools.TestTypes.Unit.UnitTestAdapter, Microsoft.VisualStudio.QualityTools.Tips.UnitTest.Adapter, Version=9.0.0.0, Culture=neutral, PublicKeyToken=b03f5f7f11d50a3a" className="Test.PgsqlTest, Test" name="GroupBy_ConditionalCount" />
    </UnitTest>
    <UnitTest name="DateTime_DayOfYear" storage="d:\alinq\source\trunk\test\bin\debug\test.dll" id="d1d0a139-9168-e529-9399-cd192f6965dd">
      <Css projectStructure="" iteration="" />
      <Owners>
        <Owner name="" />
      </Owners>
      <TestMethod codeBase="D:\ALinq\Source\Trunk\Test\bin\Debug\Test.dll" adapterTypeName="Microsoft.VisualStudio.TestTools.TestTypes.Unit.UnitTestAdapter, Microsoft.VisualStudio.QualityTools.Tips.UnitTest.Adapter, Version=9.0.0.0, Culture=neutral, PublicKeyToken=b03f5f7f11d50a3a" className="Test.DB2Test, Test" name="DateTime_DayOfYear" />
    </UnitTest>
    <UnitTest name="Math_Tan" storage="d:\alinq\source\trunk\test\bin\debug\test.dll" id="2efdc72d-b744-d9d5-0718-ebde5707c51e">
      <Css projectStructure="" iteration="" />
      <Owners>
        <Owner name="" />
      </Owners>
      <TestMethod codeBase="D:\ALinq\Source\Trunk\Test\bin\Debug\Test.dll" adapterTypeName="Microsoft.VisualStudio.TestTools.TestTypes.Unit.UnitTestAdapter, Microsoft.VisualStudio.QualityTools.Tips.UnitTest.Adapter, Version=9.0.0.0, Culture=neutral, PublicKeyToken=b03f5f7f11d50a3a" className="Test.OdpOracleTest, Test" name="Math_Tan" />
    </UnitTest>
    <UnitTest name="GroupBy_Select" storage="d:\alinq\source\trunk\test\bin\debug\test.dll" id="7df6256f-127c-e175-b7b9-13cf3bc2e4d8">
      <Css projectStructure="" iteration="" />
      <Owners>
        <Owner name="" />
      </Owners>
      <TestMethod codeBase="D:\ALinq\Source\Trunk\Test\bin\Debug\Test.dll" adapterTypeName="Microsoft.VisualStudio.TestTools.TestTypes.Unit.UnitTestAdapter, Microsoft.VisualStudio.QualityTools.Tips.UnitTest.Adapter, Version=9.0.0.0, Culture=neutral, PublicKeyToken=b03f5f7f11d50a3a" className="Test.AccessTest, Test" name="GroupBy_Select" />
    </UnitTest>
    <UnitTest name="Convert_ToInt64" storage="d:\alinq\source\trunk\test\bin\debug\test.dll" id="6ddd4051-8ab5-9634-16b2-490319228886">
      <Css projectStructure="" iteration="" />
      <Owners>
        <Owner name="" />
      </Owners>
      <TestMethod codeBase="D:\ALinq\Source\Trunk\Test\bin\Debug\Test.dll" adapterTypeName="Microsoft.VisualStudio.TestTools.TestTypes.Unit.UnitTestAdapter, Microsoft.VisualStudio.QualityTools.Tips.UnitTest.Adapter, Version=9.0.0.0, Culture=neutral, PublicKeyToken=b03f5f7f11d50a3a" className="Test.SQL2000Test, Test" name="Convert_ToInt64" />
    </UnitTest>
    <UnitTest name="GetDefaultValue" storage="d:\alinq\source\trunk\test\bin\debug\test.dll" id="d7886ec7-ebd2-853a-7720-23c7f81d3e73">
      <Css projectStructure="" iteration="" />
      <Owners>
        <Owner name="" />
      </Owners>
      <TestMethod codeBase="D:\ALinq\Source\Trunk\Test\bin\Debug\Test.dll" adapterTypeName="Microsoft.VisualStudio.TestTools.TestTypes.Unit.UnitTestAdapter, Microsoft.VisualStudio.QualityTools.Tips.UnitTest.Adapter, Version=9.0.0.0, Culture=neutral, PublicKeyToken=b03f5f7f11d50a3a" className="Test.SqlTest, Test" name="GetDefaultValue" />
    </UnitTest>
    <UnitTest name="DataType_Int64" storage="d:\alinq\source\trunk\test\bin\debug\test.dll" id="865fae28-dc5e-1d78-0e39-d4e5b81360a8">
      <Css projectStructure="" iteration="" />
      <Owners>
        <Owner name="" />
      </Owners>
      <TestMethod codeBase="D:\ALinq\Source\Trunk\Test\bin\Debug\Test.dll" adapterTypeName="Microsoft.VisualStudio.TestTools.TestTypes.Unit.UnitTestAdapter, Microsoft.VisualStudio.QualityTools.Tips.UnitTest.Adapter, Version=9.0.0.0, Culture=neutral, PublicKeyToken=b03f5f7f11d50a3a" className="Test.SQLiteTest, Test" name="DataType_Int64" />
    </UnitTest>
    <UnitTest name="Null" storage="d:\alinq\source\trunk\test\bin\debug\test.dll" id="51320184-23d2-36be-2d2c-975bb2a27340">
      <Css projectStructure="" iteration="" />
      <Owners>
        <Owner name="" />
      </Owners>
      <TestMethod codeBase="D:\ALinq\Source\Trunk\Test\bin\Debug\Test.dll" adapterTypeName="Microsoft.VisualStudio.TestTools.TestTypes.Unit.UnitTestAdapter, Microsoft.VisualStudio.QualityTools.Tips.UnitTest.Adapter, Version=9.0.0.0, Culture=neutral, PublicKeyToken=b03f5f7f11d50a3a" className="Test.SQL2000Test, Test" name="Null" />
    </UnitTest>
    <UnitTest name="StringRemove" storage="d:\alinq\source\trunk\test\bin\debug\test.dll" id="64ebd09a-bf15-bc89-1ba0-b798d3d41e87">
      <Css projectStructure="" iteration="" />
      <Owners>
        <Owner name="" />
      </Owners>
      <TestMethod codeBase="D:\ALinq\Source\Trunk\Test\bin\Debug\Test.dll" adapterTypeName="Microsoft.VisualStudio.TestTools.TestTypes.Unit.UnitTestAdapter, Microsoft.VisualStudio.QualityTools.Tips.UnitTest.Adapter, Version=9.0.0.0, Culture=neutral, PublicKeyToken=b03f5f7f11d50a3a" className="Test.DB2Test, Test" name="StringRemove" />
    </UnitTest>
    <UnitTest name="SingleOrDefault" storage="d:\alinq\source\trunk\test\bin\debug\test.dll" id="782193b6-32a9-e9f4-41de-0ba82631be20">
      <Css projectStructure="" iteration="" />
      <Owners>
        <Owner name="" />
      </Owners>
      <TestMethod codeBase="D:\ALinq\Source\Trunk\Test\bin\Debug\Test.dll" adapterTypeName="Microsoft.VisualStudio.TestTools.TestTypes.Unit.UnitTestAdapter, Microsoft.VisualStudio.QualityTools.Tips.UnitTest.Adapter, Version=9.0.0.0, Culture=neutral, PublicKeyToken=b03f5f7f11d50a3a" className="Test.MySqlTest, Test" name="SingleOrDefault" />
    </UnitTest>
    <UnitTest name="Where_Drilldown" storage="d:\alinq\source\trunk\test\bin\debug\test.dll" id="046a9ca3-9229-db16-4de2-6f0713acd7e0">
      <Css projectStructure="" iteration="" />
      <Owners>
        <Owner name="" />
      </Owners>
      <TestMethod codeBase="D:\ALinq\Source\Trunk\Test\bin\Debug\Test.dll" adapterTypeName="Microsoft.VisualStudio.TestTools.TestTypes.Unit.UnitTestAdapter, Microsoft.VisualStudio.QualityTools.Tips.UnitTest.Adapter, Version=9.0.0.0, Culture=neutral, PublicKeyToken=b03f5f7f11d50a3a" className="Test.PgsqlTest, Test" name="Where_Drilldown" />
    </UnitTest>
    <UnitTest name="Math_Ceiling" storage="d:\alinq\source\trunk\test\bin\debug\test.dll" id="213ed476-dd4d-e4a2-a3e9-bdffbfa4c268">
      <Css projectStructure="" iteration="" />
      <Owners>
        <Owner name="" />
      </Owners>
      <TestMethod codeBase="D:\ALinq\Source\Trunk\Test\bin\Debug\Test.dll" adapterTypeName="Microsoft.VisualStudio.TestTools.TestTypes.Unit.UnitTestAdapter, Microsoft.VisualStudio.QualityTools.Tips.UnitTest.Adapter, Version=9.0.0.0, Culture=neutral, PublicKeyToken=b03f5f7f11d50a3a" className="Test.MySqlTest, Test" name="Math_Ceiling" />
    </UnitTest>
    <UnitTest name="Math_Min" storage="d:\alinq\source\trunk\test\bin\debug\test.dll" id="de0c5cd1-8c12-531b-9c35-b645001da158">
      <Css projectStructure="" iteration="" />
      <Owners>
        <Owner name="" />
      </Owners>
      <TestMethod codeBase="D:\ALinq\Source\Trunk\Test\bin\Debug\Test.dll" adapterTypeName="Microsoft.VisualStudio.TestTools.TestTypes.Unit.UnitTestAdapter, Microsoft.VisualStudio.QualityTools.Tips.UnitTest.Adapter, Version=9.0.0.0, Culture=neutral, PublicKeyToken=b03f5f7f11d50a3a" className="Test.FirebirdTest, Test" name="Math_Min" />
    </UnitTest>
    <UnitTest name="DateTime_AddMinutes" storage="d:\alinq\source\trunk\test\bin\debug\test.dll" id="ee6779b2-1643-9f6e-5ee8-7d1594a7ad0b">
      <Css projectStructure="" iteration="" />
      <Owners>
        <Owner name="" />
      </Owners>
      <TestMethod codeBase="D:\ALinq\Source\Trunk\Test\bin\Debug\Test.dll" adapterTypeName="Microsoft.VisualStudio.TestTools.TestTypes.Unit.UnitTestAdapter, Microsoft.VisualStudio.QualityTools.Tips.UnitTest.Adapter, Version=9.0.0.0, Culture=neutral, PublicKeyToken=b03f5f7f11d50a3a" className="Test.AccessTest, Test" name="DateTime_AddMinutes" />
    </UnitTest>
    <UnitTest name="ResolveAll" storage="d:\alinq\source\trunk\test\bin\debug\test.dll" id="dd9858be-513f-7b4a-13f6-b77bc553ccd8">
      <Css projectStructure="" iteration="" />
      <Owners>
        <Owner name="" />
      </Owners>
      <TestMethod codeBase="D:\ALinq\Source\Trunk\Test\bin\Debug\Test.dll" adapterTypeName="Microsoft.VisualStudio.TestTools.TestTypes.Unit.UnitTestAdapter, Microsoft.VisualStudio.QualityTools.Tips.UnitTest.Adapter, Version=9.0.0.0, Culture=neutral, PublicKeyToken=b03f5f7f11d50a3a" className="Test.OdpOracleTest, Test" name="ResolveAll" />
    </UnitTest>
    <UnitTest name="TestNull" storage="d:\alinq\source\trunk\test\bin\debug\test.dll" id="5e898760-e443-072d-ec8b-3ad3d16ecdc4">
      <Css projectStructure="" iteration="" />
      <Owners>
        <Owner name="" />
      </Owners>
      <TestMethod codeBase="D:\ALinq\Source\Trunk\Test\bin\Debug\Test.dll" adapterTypeName="Microsoft.VisualStudio.TestTools.TestTypes.Unit.UnitTestAdapter, Microsoft.VisualStudio.QualityTools.Tips.UnitTest.Adapter, Version=9.0.0.0, Culture=neutral, PublicKeyToken=b03f5f7f11d50a3a" className="Test.SQLiteTest, Test" name="TestNull" />
    </UnitTest>
    <UnitTest name="Math_Sinh" storage="d:\alinq\source\trunk\test\bin\debug\test.dll" id="3337589e-afc4-b47f-b951-13db262adf47">
      <Css projectStructure="" iteration="" />
      <Owners>
        <Owner name="" />
      </Owners>
      <TestMethod codeBase="D:\ALinq\Source\Trunk\Test\bin\Debug\Test.dll" adapterTypeName="Microsoft.VisualStudio.TestTools.TestTypes.Unit.UnitTestAdapter, Microsoft.VisualStudio.QualityTools.Tips.UnitTest.Adapter, Version=9.0.0.0, Culture=neutral, PublicKeyToken=b03f5f7f11d50a3a" className="Test.SQL2000Test, Test" name="Math_Sinh" />
    </UnitTest>
    <UnitTest name="DateTimeGE" storage="d:\alinq\source\trunk\test\bin\debug\test.dll" id="bbe8b0f0-9924-b6ae-32c2-4e48cef7f2f2">
      <Css projectStructure="" iteration="" />
      <Owners>
        <Owner name="" />
      </Owners>
      <TestMethod codeBase="D:\ALinq\Source\Trunk\Test\bin\Debug\Test.dll" adapterTypeName="Microsoft.VisualStudio.TestTools.TestTypes.Unit.UnitTestAdapter, Microsoft.VisualStudio.QualityTools.Tips.UnitTest.Adapter, Version=9.0.0.0, Culture=neutral, PublicKeyToken=b03f5f7f11d50a3a" className="Test.SQL2000Test, Test" name="DateTimeGE" />
    </UnitTest>
    <UnitTest name="String_ToLower2" storage="d:\alinq\source\trunk\test\bin\debug\test.dll" id="b187d300-6913-12cb-5880-16260ed9e745">
      <Css projectStructure="" iteration="" />
      <Owners>
        <Owner name="" />
      </Owners>
      <TestMethod codeBase="D:\ALinq\Source\Trunk\Test\bin\Debug\Test.dll" adapterTypeName="Microsoft.VisualStudio.TestTools.TestTypes.Unit.UnitTestAdapter, Microsoft.VisualStudio.QualityTools.Tips.UnitTest.Adapter, Version=9.0.0.0, Culture=neutral, PublicKeyToken=b03f5f7f11d50a3a" className="Test.PgsqlTest, Test" name="String_ToLower2" />
    </UnitTest>
    <UnitTest name="Skip_Nested" storage="d:\alinq\source\trunk\test\bin\debug\test.dll" id="e1f22634-e77e-f834-cd7e-16f58a3f8c78">
      <Css projectStructure="" iteration="" />
      <Owners>
        <Owner name="" />
      </Owners>
      <TestMethod codeBase="D:\ALinq\Source\Trunk\Test\bin\Debug\Test.dll" adapterTypeName="Microsoft.VisualStudio.TestTools.TestTypes.Unit.UnitTestAdapter, Microsoft.VisualStudio.QualityTools.Tips.UnitTest.Adapter, Version=9.0.0.0, Culture=neutral, PublicKeyToken=b03f5f7f11d50a3a" className="Test.SqlTest, Test" name="Skip_Nested" />
    </UnitTest>
    <UnitTest name="Math_Sign" storage="d:\alinq\source\trunk\test\bin\debug\test.dll" id="296646c6-5789-052b-f919-f2a412e3395e">
      <Css projectStructure="" iteration="" />
      <Owners>
        <Owner name="" />
      </Owners>
      <TestMethod codeBase="D:\ALinq\Source\Trunk\Test\bin\Debug\Test.dll" adapterTypeName="Microsoft.VisualStudio.TestTools.TestTypes.Unit.UnitTestAdapter, Microsoft.VisualStudio.QualityTools.Tips.UnitTest.Adapter, Version=9.0.0.0, Culture=neutral, PublicKeyToken=b03f5f7f11d50a3a" className="Test.DB2Test, Test" name="Math_Sign" />
    </UnitTest>
    <UnitTest name="DateTime_AddMinutes" storage="d:\alinq\source\trunk\test\bin\debug\test.dll" id="0bf6b92f-e13e-bdd4-c1c6-0cfc616601a5">
      <Css projectStructure="" iteration="" />
      <Owners>
        <Owner name="" />
      </Owners>
      <TestMethod codeBase="D:\ALinq\Source\Trunk\Test\bin\Debug\Test.dll" adapterTypeName="Microsoft.VisualStudio.TestTools.TestTypes.Unit.UnitTestAdapter, Microsoft.VisualStudio.QualityTools.Tips.UnitTest.Adapter, Version=9.0.0.0, Culture=neutral, PublicKeyToken=b03f5f7f11d50a3a" className="Test.SQL2005Test, Test" name="DateTime_AddMinutes" />
    </UnitTest>
    <UnitTest name="CRUD_Delete2" storage="d:\alinq\source\trunk\test\bin\debug\test.dll" id="ff018f81-d0c0-93eb-3688-0ef9913a4df6">
      <Css projectStructure="" iteration="" />
      <Owners>
        <Owner name="" />
      </Owners>
      <TestMethod codeBase="D:\ALinq\Source\Trunk\Test\bin\Debug\Test.dll" adapterTypeName="Microsoft.VisualStudio.TestTools.TestTypes.Unit.UnitTestAdapter, Microsoft.VisualStudio.QualityTools.Tips.UnitTest.Adapter, Version=9.0.0.0, Culture=neutral, PublicKeyToken=b03f5f7f11d50a3a" className="Test.NorOracleTest, Test" name="CRUD_Delete2" />
    </UnitTest>
    <UnitTest name="GroupBy_Select" storage="d:\alinq\source\trunk\test\bin\debug\test.dll" id="5aee714a-4462-518c-14ca-a22df2e2891f">
      <Css projectStructure="" iteration="" />
      <Owners>
        <Owner name="" />
      </Owners>
      <TestMethod codeBase="D:\ALinq\Source\Trunk\Test\bin\Debug\Test.dll" adapterTypeName="Microsoft.VisualStudio.TestTools.TestTypes.Unit.UnitTestAdapter, Microsoft.VisualStudio.QualityTools.Tips.UnitTest.Adapter, Version=9.0.0.0, Culture=neutral, PublicKeyToken=b03f5f7f11d50a3a" className="Test.SQLiteTest, Test" name="GroupBy_Select" />
    </UnitTest>
    <UnitTest name="CRUD_Update3" storage="d:\alinq\source\trunk\test\bin\debug\test.dll" id="972140e1-c513-0d95-cf4f-f53d972ee809">
      <Css projectStructure="" iteration="" />
      <Owners>
        <Owner name="" />
      </Owners>
      <TestMethod codeBase="D:\ALinq\Source\Trunk\Test\bin\Debug\Test.dll" adapterTypeName="Microsoft.VisualStudio.TestTools.TestTypes.Unit.UnitTestAdapter, Microsoft.VisualStudio.QualityTools.Tips.UnitTest.Adapter, Version=9.0.0.0, Culture=neutral, PublicKeyToken=b03f5f7f11d50a3a" className="Test.PgsqlTest, Test" name="CRUD_Update3" />
    </UnitTest>
    <UnitTest name="Skip_Simple" storage="d:\alinq\source\trunk\test\bin\debug\test.dll" id="d013439f-96da-1c37-bf77-3f8dce13a46b">
      <Css projectStructure="" iteration="" />
      <Owners>
        <Owner name="" />
      </Owners>
      <TestMethod codeBase="D:\ALinq\Source\Trunk\Test\bin\Debug\Test.dll" adapterTypeName="Microsoft.VisualStudio.TestTools.TestTypes.Unit.UnitTestAdapter, Microsoft.VisualStudio.QualityTools.Tips.UnitTest.Adapter, Version=9.0.0.0, Culture=neutral, PublicKeyToken=b03f5f7f11d50a3a" className="Test.SQLiteTest, Test" name="Skip_Simple" />
    </UnitTest>
    <UnitTest name="StringStartsWith" storage="d:\alinq\source\trunk\test\bin\debug\test.dll" id="85bd2d0e-0d07-581f-f2c1-7ffe15428756">
      <Css projectStructure="" iteration="" />
      <Owners>
        <Owner name="" />
      </Owners>
      <TestMethod codeBase="D:\ALinq\Source\Trunk\Test\bin\Debug\Test.dll" adapterTypeName="Microsoft.VisualStudio.TestTools.TestTypes.Unit.UnitTestAdapter, Microsoft.VisualStudio.QualityTools.Tips.UnitTest.Adapter, Version=9.0.0.0, Culture=neutral, PublicKeyToken=b03f5f7f11d50a3a" className="Test.NorOracleTest, Test" name="StringStartsWith" />
    </UnitTest>
    <UnitTest name="Max_Grouped" storage="d:\alinq\source\trunk\test\bin\debug\test.dll" id="844851ef-52b6-24fc-4b29-4260c2d40fbe">
      <Css projectStructure="" iteration="" />
      <Owners>
        <Owner name="" />
      </Owners>
      <TestMethod codeBase="D:\ALinq\Source\Trunk\Test\bin\Debug\Test.dll" adapterTypeName="Microsoft.VisualStudio.TestTools.TestTypes.Unit.UnitTestAdapter, Microsoft.VisualStudio.QualityTools.Tips.UnitTest.Adapter, Version=9.0.0.0, Culture=neutral, PublicKeyToken=b03f5f7f11d50a3a" className="Test.SQLiteTest, Test" name="Max_Grouped" />
    </UnitTest>
    <UnitTest name="Math_Atan" storage="d:\alinq\source\trunk\test\bin\debug\test.dll" id="733f8199-5092-9f56-a0bb-e2de84d484bb">
      <Css projectStructure="" iteration="" />
      <Owners>
        <Owner name="" />
      </Owners>
      <TestMethod codeBase="D:\ALinq\Source\Trunk\Test\bin\Debug\Test.dll" adapterTypeName="Microsoft.VisualStudio.TestTools.TestTypes.Unit.UnitTestAdapter, Microsoft.VisualStudio.QualityTools.Tips.UnitTest.Adapter, Version=9.0.0.0, Culture=neutral, PublicKeyToken=b03f5f7f11d50a3a" className="Test.SqlTest, Test" name="Math_Atan" />
    </UnitTest>
    <UnitTest name="StringLength" storage="d:\alinq\source\trunk\test\bin\debug\test.dll" id="3f0db4cf-74bd-5a98-1c72-8b80d6697b10">
      <Css projectStructure="" iteration="" />
      <Owners>
        <Owner name="" />
      </Owners>
      <TestMethod codeBase="D:\ALinq\Source\Trunk\Test\bin\Debug\Test.dll" adapterTypeName="Microsoft.VisualStudio.TestTools.TestTypes.Unit.UnitTestAdapter, Microsoft.VisualStudio.QualityTools.Tips.UnitTest.Adapter, Version=9.0.0.0, Culture=neutral, PublicKeyToken=b03f5f7f11d50a3a" className="Test.NorOracleTest, Test" name="StringLength" />
    </UnitTest>
    <UnitTest name="Math_Log10" storage="d:\alinq\source\trunk\test\bin\debug\test.dll" id="78a0a78f-a4d9-49f2-db2d-ebfd89821e84">
      <Css projectStructure="" iteration="" />
      <Owners>
        <Owner name="" />
      </Owners>
      <TestMethod codeBase="D:\ALinq\Source\Trunk\Test\bin\Debug\Test.dll" adapterTypeName="Microsoft.VisualStudio.TestTools.TestTypes.Unit.UnitTestAdapter, Microsoft.VisualStudio.QualityTools.Tips.UnitTest.Adapter, Version=9.0.0.0, Culture=neutral, PublicKeyToken=b03f5f7f11d50a3a" className="Test.DB2Test, Test" name="Math_Log10" />
    </UnitTest>
    <UnitTest name="String_NullSelect" storage="d:\alinq\source\trunk\test\bin\debug\test.dll" id="f22986df-b2d1-622c-7014-e68f1d2fc38e">
      <Css projectStructure="" iteration="" />
      <Owners>
        <Owner name="" />
      </Owners>
      <TestMethod codeBase="D:\ALinq\Source\Trunk\Test\bin\Debug\Test.dll" adapterTypeName="Microsoft.VisualStudio.TestTools.TestTypes.Unit.UnitTestAdapter, Microsoft.VisualStudio.QualityTools.Tips.UnitTest.Adapter, Version=9.0.0.0, Culture=neutral, PublicKeyToken=b03f5f7f11d50a3a" className="Test.AccessTest, Test" name="String_NullSelect" />
    </UnitTest>
    <UnitTest name="Sum_Grouped" storage="d:\alinq\source\trunk\test\bin\debug\test.dll" id="2e1e9b9d-7136-8f2f-a685-d2f92eb5c812">
      <Css projectStructure="" iteration="" />
      <Owners>
        <Owner name="" />
      </Owners>
      <TestMethod codeBase="D:\ALinq\Source\Trunk\Test\bin\Debug\Test.dll" adapterTypeName="Microsoft.VisualStudio.TestTools.TestTypes.Unit.UnitTestAdapter, Microsoft.VisualStudio.QualityTools.Tips.UnitTest.Adapter, Version=9.0.0.0, Culture=neutral, PublicKeyToken=b03f5f7f11d50a3a" className="Test.OdpOracleTest, Test" name="Sum_Grouped" />
    </UnitTest>
    <UnitTest name="All_Simple" storage="d:\alinq\source\trunk\test\bin\debug\test.dll" id="9e09bef3-3e8e-a9ae-65c6-afe7549f8358">
      <Css projectStructure="" iteration="" />
      <Owners>
        <Owner name="" />
      </Owners>
      <TestMethod codeBase="D:\ALinq\Source\Trunk\Test\bin\Debug\Test.dll" adapterTypeName="Microsoft.VisualStudio.TestTools.TestTypes.Unit.UnitTestAdapter, Microsoft.VisualStudio.QualityTools.Tips.UnitTest.Adapter, Version=9.0.0.0, Culture=neutral, PublicKeyToken=b03f5f7f11d50a3a" className="Test.OdpOracleTest, Test" name="All_Simple" />
    </UnitTest>
    <UnitTest name="String_ToLowerInvariant" storage="d:\alinq\source\trunk\test\bin\debug\test.dll" id="9989f3ea-c1e8-2397-d833-e2637778e710">
      <Css projectStructure="" iteration="" />
      <Owners>
        <Owner name="" />
      </Owners>
      <TestMethod codeBase="D:\ALinq\Source\Trunk\Test\bin\Debug\Test.dll" adapterTypeName="Microsoft.VisualStudio.TestTools.TestTypes.Unit.UnitTestAdapter, Microsoft.VisualStudio.QualityTools.Tips.UnitTest.Adapter, Version=9.0.0.0, Culture=neutral, PublicKeyToken=b03f5f7f11d50a3a" className="Test.PgsqlTest, Test" name="String_ToLowerInvariant" />
    </UnitTest>
    <UnitTest name="Count_Grouped" storage="d:\alinq\source\trunk\test\bin\debug\test.dll" id="75112699-e58b-510e-e661-b171edcbe509">
      <Css projectStructure="" iteration="" />
      <Owners>
        <Owner name="" />
      </Owners>
      <TestMethod codeBase="D:\ALinq\Source\Trunk\Test\bin\Debug\Test.dll" adapterTypeName="Microsoft.VisualStudio.TestTools.TestTypes.Unit.UnitTestAdapter, Microsoft.VisualStudio.QualityTools.Tips.UnitTest.Adapter, Version=9.0.0.0, Culture=neutral, PublicKeyToken=b03f5f7f11d50a3a" className="Test.AccessTest, Test" name="Count_Grouped" />
    </UnitTest>
    <UnitTest name="String_Equals1" storage="d:\alinq\source\trunk\test\bin\debug\test.dll" id="ba05a939-cf2f-4caa-eb36-a731949d7df0">
      <Css projectStructure="" iteration="" />
      <Owners>
        <Owner name="" />
      </Owners>
      <TestMethod codeBase="D:\ALinq\Source\Trunk\Test\bin\Debug\Test.dll" adapterTypeName="Microsoft.VisualStudio.TestTools.TestTypes.Unit.UnitTestAdapter, Microsoft.VisualStudio.QualityTools.Tips.UnitTest.Adapter, Version=9.0.0.0, Culture=neutral, PublicKeyToken=b03f5f7f11d50a3a" className="Test.MySqlTest, Test" name="String_Equals1" />
    </UnitTest>
    <UnitTest name="Convert_ToSingle" storage="d:\alinq\source\trunk\test\bin\debug\test.dll" id="258efaed-9677-499e-b1d9-a46b9cf25077">
      <Css projectStructure="" iteration="" />
      <Owners>
        <Owner name="" />
      </Owners>
      <TestMethod codeBase="D:\ALinq\Source\Trunk\Test\bin\Debug\Test.dll" adapterTypeName="Microsoft.VisualStudio.TestTools.TestTypes.Unit.UnitTestAdapter, Microsoft.VisualStudio.QualityTools.Tips.UnitTest.Adapter, Version=9.0.0.0, Culture=neutral, PublicKeyToken=b03f5f7f11d50a3a" className="Test.SqlTest, Test" name="Convert_ToSingle" />
    </UnitTest>
    <UnitTest name="Math_Truncate1" storage="d:\alinq\source\trunk\test\bin\debug\test.dll" id="3df5478d-77f6-3e54-4fb3-36e8d84be007">
      <Css projectStructure="" iteration="" />
      <Owners>
        <Owner name="" />
      </Owners>
      <TestMethod codeBase="D:\ALinq\Source\Trunk\Test\bin\Debug\Test.dll" adapterTypeName="Microsoft.VisualStudio.TestTools.TestTypes.Unit.UnitTestAdapter, Microsoft.VisualStudio.QualityTools.Tips.UnitTest.Adapter, Version=9.0.0.0, Culture=neutral, PublicKeyToken=b03f5f7f11d50a3a" className="Test.SqlTest, Test" name="Math_Truncate1" />
    </UnitTest>
    <UnitTest name="String_Substring1" storage="d:\alinq\source\trunk\test\bin\debug\test.dll" id="2612c461-76a3-1fa3-9047-d4fee89fe417">
      <Css projectStructure="" iteration="" />
      <Owners>
        <Owner name="" />
      </Owners>
      <TestMethod codeBase="D:\ALinq\Source\Trunk\Test\bin\Debug\Test.dll" adapterTypeName="Microsoft.VisualStudio.TestTools.TestTypes.Unit.UnitTestAdapter, Microsoft.VisualStudio.QualityTools.Tips.UnitTest.Adapter, Version=9.0.0.0, Culture=neutral, PublicKeyToken=b03f5f7f11d50a3a" className="Test.MySqlTest, Test" name="String_Substring1" />
    </UnitTest>
    <UnitTest name="String_ToUpper1" storage="d:\alinq\source\trunk\test\bin\debug\test.dll" id="2677d899-f048-858c-e233-498744c71cca">
      <Css projectStructure="" iteration="" />
      <Owners>
        <Owner name="" />
      </Owners>
      <TestMethod codeBase="D:\ALinq\Source\Trunk\Test\bin\Debug\Test.dll" adapterTypeName="Microsoft.VisualStudio.TestTools.TestTypes.Unit.UnitTestAdapter, Microsoft.VisualStudio.QualityTools.Tips.UnitTest.Adapter, Version=9.0.0.0, Culture=neutral, PublicKeyToken=b03f5f7f11d50a3a" className="Test.SQLiteTest, Test" name="String_ToUpper1" />
    </UnitTest>
    <UnitTest name="Count_Conditional" storage="d:\alinq\source\trunk\test\bin\debug\test.dll" id="8d3dc501-40ad-d835-9202-1524148b424f">
      <Css projectStructure="" iteration="" />
      <Owners>
        <Owner name="" />
      </Owners>
      <TestMethod codeBase="D:\ALinq\Source\Trunk\Test\bin\Debug\Test.dll" adapterTypeName="Microsoft.VisualStudio.TestTools.TestTypes.Unit.UnitTestAdapter, Microsoft.VisualStudio.QualityTools.Tips.UnitTest.Adapter, Version=9.0.0.0, Culture=neutral, PublicKeyToken=b03f5f7f11d50a3a" className="Test.PgsqlTest, Test" name="Count_Conditional" />
    </UnitTest>
    <UnitTest name="Any_Condition" storage="d:\alinq\source\trunk\test\bin\debug\test.dll" id="6e796bfa-39e5-88eb-2d24-dcfbcc32ec10">
      <Css projectStructure="" iteration="" />
      <Owners>
        <Owner name="" />
      </Owners>
      <TestMethod codeBase="D:\ALinq\Source\Trunk\Test\bin\Debug\Test.dll" adapterTypeName="Microsoft.VisualStudio.TestTools.TestTypes.Unit.UnitTestAdapter, Microsoft.VisualStudio.QualityTools.Tips.UnitTest.Adapter, Version=9.0.0.0, Culture=neutral, PublicKeyToken=b03f5f7f11d50a3a" className="Test.DB2Test, Test" name="Any_Condition" />
    </UnitTest>
    <UnitTest name="String_Contains" storage="d:\alinq\source\trunk\test\bin\debug\test.dll" id="dbafd4b3-43d6-49cc-705e-ae9669a96edb">
      <Css projectStructure="" iteration="" />
      <Owners>
        <Owner name="" />
      </Owners>
      <TestMethod codeBase="D:\ALinq\Source\Trunk\Test\bin\Debug\Test.dll" adapterTypeName="Microsoft.VisualStudio.TestTools.TestTypes.Unit.UnitTestAdapter, Microsoft.VisualStudio.QualityTools.Tips.UnitTest.Adapter, Version=9.0.0.0, Culture=neutral, PublicKeyToken=b03f5f7f11d50a3a" className="Test.FirebirdTest, Test" name="String_Contains" />
    </UnitTest>
    <UnitTest name="Test1" storage="d:\alinq\source\trunk\test\bin\debug\test.dll" id="c9c2536a-bf5d-371d-49bd-56d0d1a00742">
      <Css projectStructure="" iteration="" />
      <Owners>
        <Owner name="" />
      </Owners>
      <TestMethod codeBase="D:\ALinq\Source\Trunk\Test\bin\Debug\Test.dll" adapterTypeName="Microsoft.VisualStudio.TestTools.TestTypes.Unit.UnitTestAdapter, Microsoft.VisualStudio.QualityTools.Tips.UnitTest.Adapter, Version=9.0.0.0, Culture=neutral, PublicKeyToken=b03f5f7f11d50a3a" className="Test.DB2Test, Test" name="Test1" />
    </UnitTest>
    <UnitTest name="Count_Simple" storage="d:\alinq\source\trunk\test\bin\debug\test.dll" id="7bdb62d5-2dc5-8d96-b654-b102e8597091">
      <Css projectStructure="" iteration="" />
      <Owners>
        <Owner name="" />
      </Owners>
      <TestMethod codeBase="D:\ALinq\Source\Trunk\Test\bin\Debug\Test.dll" adapterTypeName="Microsoft.VisualStudio.TestTools.TestTypes.Unit.UnitTestAdapter, Microsoft.VisualStudio.QualityTools.Tips.UnitTest.Adapter, Version=9.0.0.0, Culture=neutral, PublicKeyToken=b03f5f7f11d50a3a" className="Test.MySqlTest, Test" name="Count_Simple" />
    </UnitTest>
    <UnitTest name="Math_Max" storage="d:\alinq\source\trunk\test\bin\debug\test.dll" id="aed172a3-c756-e2d0-4dd1-0a65e76c9a63">
      <Css projectStructure="" iteration="" />
      <Owners>
        <Owner name="" />
      </Owners>
      <TestMethod codeBase="D:\ALinq\Source\Trunk\Test\bin\Debug\Test.dll" adapterTypeName="Microsoft.VisualStudio.TestTools.TestTypes.Unit.UnitTestAdapter, Microsoft.VisualStudio.QualityTools.Tips.UnitTest.Adapter, Version=9.0.0.0, Culture=neutral, PublicKeyToken=b03f5f7f11d50a3a" className="Test.AccessTest, Test" name="Math_Max" />
    </UnitTest>
    <UnitTest name="Join_CompositeKey" storage="d:\alinq\source\trunk\test\bin\debug\test.dll" id="7a8521b6-2423-58ef-0510-adca744a0853">
      <Css projectStructure="" iteration="" />
      <Owners>
        <Owner name="" />
      </Owners>
      <TestMethod codeBase="D:\ALinq\Source\Trunk\Test\bin\Debug\Test.dll" adapterTypeName="Microsoft.VisualStudio.TestTools.TestTypes.Unit.UnitTestAdapter, Microsoft.VisualStudio.QualityTools.Tips.UnitTest.Adapter, Version=9.0.0.0, Culture=neutral, PublicKeyToken=b03f5f7f11d50a3a" className="Test.FirebirdTest, Test" name="Join_CompositeKey" />
    </UnitTest>
    <UnitTest name="DateTime_Year" storage="d:\alinq\source\trunk\test\bin\debug\test.dll" id="eb354b36-9336-c68b-3f3b-f713f24eff1e">
      <Css projectStructure="" iteration="" />
      <Owners>
        <Owner name="" />
      </Owners>
      <TestMethod codeBase="D:\ALinq\Source\Trunk\Test\bin\Debug\Test.dll" adapterTypeName="Microsoft.VisualStudio.TestTools.TestTypes.Unit.UnitTestAdapter, Microsoft.VisualStudio.QualityTools.Tips.UnitTest.Adapter, Version=9.0.0.0, Culture=neutral, PublicKeyToken=b03f5f7f11d50a3a" className="Test.DB2Test, Test" name="DateTime_Year" />
    </UnitTest>
    <UnitTest name="GroupBy_Sum" storage="d:\alinq\source\trunk\test\bin\debug\test.dll" id="db3c3a89-bcfc-972c-a558-e5b208d0a2ef">
      <Css projectStructure="" iteration="" />
      <Owners>
        <Owner name="" />
      </Owners>
      <TestMethod codeBase="D:\ALinq\Source\Trunk\Test\bin\Debug\Test.dll" adapterTypeName="Microsoft.VisualStudio.TestTools.TestTypes.Unit.UnitTestAdapter, Microsoft.VisualStudio.QualityTools.Tips.UnitTest.Adapter, Version=9.0.0.0, Culture=neutral, PublicKeyToken=b03f5f7f11d50a3a" className="Test.DB2Test, Test" name="GroupBy_Sum" />
    </UnitTest>
    <UnitTest name="DateTime_Add" storage="d:\alinq\source\trunk\test\bin\debug\test.dll" id="8d1c4fa7-2e29-248c-45ce-2c1e1b306954">
      <Css projectStructure="" iteration="" />
      <Owners>
        <Owner name="" />
      </Owners>
      <TestMethod codeBase="D:\ALinq\Source\Trunk\Test\bin\Debug\Test.dll" adapterTypeName="Microsoft.VisualStudio.TestTools.TestTypes.Unit.UnitTestAdapter, Microsoft.VisualStudio.QualityTools.Tips.UnitTest.Adapter, Version=9.0.0.0, Culture=neutral, PublicKeyToken=b03f5f7f11d50a3a" className="Test.SQL2005Test, Test" name="DateTime_Add" />
    </UnitTest>
    <UnitTest name="FirstOrDefault" storage="d:\alinq\source\trunk\test\bin\debug\test.dll" id="503ea908-b078-9a20-595f-5322571fb4ee">
      <Css projectStructure="" iteration="" />
      <Owners>
        <Owner name="" />
      </Owners>
      <TestMethod codeBase="D:\ALinq\Source\Trunk\Test\bin\Debug\Test.dll" adapterTypeName="Microsoft.VisualStudio.TestTools.TestTypes.Unit.UnitTestAdapter, Microsoft.VisualStudio.QualityTools.Tips.UnitTest.Adapter, Version=9.0.0.0, Culture=neutral, PublicKeyToken=b03f5f7f11d50a3a" className="Test.MySqlTest, Test" name="FirstOrDefault" />
    </UnitTest>
    <UnitTest name="DataType_Guid" storage="d:\alinq\source\trunk\test\bin\debug\test.dll" id="d447ed1f-b271-67e2-fde5-342b270afe96">
      <Css projectStructure="" iteration="" />
      <Owners>
        <Owner name="" />
      </Owners>
      <TestMethod codeBase="D:\ALinq\Source\Trunk\Test\bin\Debug\Test.dll" adapterTypeName="Microsoft.VisualStudio.TestTools.TestTypes.Unit.UnitTestAdapter, Microsoft.VisualStudio.QualityTools.Tips.UnitTest.Adapter, Version=9.0.0.0, Culture=neutral, PublicKeyToken=b03f5f7f11d50a3a" className="Test.NorOracleTest, Test" name="DataType_Guid" />
    </UnitTest>
    <UnitTest name="Math_BigMul" storage="d:\alinq\source\trunk\test\bin\debug\test.dll" id="00a7a731-2c53-9f42-69ab-d9e6566ee9a6">
      <Css projectStructure="" iteration="" />
      <Owners>
        <Owner name="" />
      </Owners>
      <TestMethod codeBase="D:\ALinq\Source\Trunk\Test\bin\Debug\Test.dll" adapterTypeName="Microsoft.VisualStudio.TestTools.TestTypes.Unit.UnitTestAdapter, Microsoft.VisualStudio.QualityTools.Tips.UnitTest.Adapter, Version=9.0.0.0, Culture=neutral, PublicKeyToken=b03f5f7f11d50a3a" className="Test.DB2Test, Test" name="Math_BigMul" />
    </UnitTest>
    <UnitTest name="DateTimeGT" storage="d:\alinq\source\trunk\test\bin\debug\test.dll" id="a01adda0-6fb3-cf00-87eb-4f5f82830e42">
      <Css projectStructure="" iteration="" />
      <Owners>
        <Owner name="" />
      </Owners>
      <TestMethod codeBase="D:\ALinq\Source\Trunk\Test\bin\Debug\Test.dll" adapterTypeName="Microsoft.VisualStudio.TestTools.TestTypes.Unit.UnitTestAdapter, Microsoft.VisualStudio.QualityTools.Tips.UnitTest.Adapter, Version=9.0.0.0, Culture=neutral, PublicKeyToken=b03f5f7f11d50a3a" className="Test.AccessTest, Test" name="DateTimeGT" />
    </UnitTest>
    <UnitTest name="Math_Atan" storage="d:\alinq\source\trunk\test\bin\debug\test.dll" id="52e8a787-5fd6-ea07-5a01-55c0084d4b00">
      <Css projectStructure="" iteration="" />
      <Owners>
        <Owner name="" />
      </Owners>
      <TestMethod codeBase="D:\ALinq\Source\Trunk\Test\bin\Debug\Test.dll" adapterTypeName="Microsoft.VisualStudio.TestTools.TestTypes.Unit.UnitTestAdapter, Microsoft.VisualStudio.QualityTools.Tips.UnitTest.Adapter, Version=9.0.0.0, Culture=neutral, PublicKeyToken=b03f5f7f11d50a3a" className="Test.SQL2000Test, Test" name="Math_Atan" />
    </UnitTest>
    <UnitTest name="Math_Log10" storage="d:\alinq\source\trunk\test\bin\debug\test.dll" id="fe8da89e-a448-ac82-2cf8-f98a0308acef">
      <Css projectStructure="" iteration="" />
      <Owners>
        <Owner name="" />
      </Owners>
      <TestMethod codeBase="D:\ALinq\Source\Trunk\Test\bin\Debug\Test.dll" adapterTypeName="Microsoft.VisualStudio.TestTools.TestTypes.Unit.UnitTestAdapter, Microsoft.VisualStudio.QualityTools.Tips.UnitTest.Adapter, Version=9.0.0.0, Culture=neutral, PublicKeyToken=b03f5f7f11d50a3a" className="Test.SQL2000Test, Test" name="Math_Log10" />
    </UnitTest>
    <UnitTest name="String_Insert" storage="d:\alinq\source\trunk\test\bin\debug\test.dll" id="4cd61649-367b-63fd-b92e-84d420922724">
      <Css projectStructure="" iteration="" />
      <Owners>
        <Owner name="" />
      </Owners>
      <TestMethod codeBase="D:\ALinq\Source\Trunk\Test\bin\Debug\Test.dll" adapterTypeName="Microsoft.VisualStudio.TestTools.TestTypes.Unit.UnitTestAdapter, Microsoft.VisualStudio.QualityTools.Tips.UnitTest.Adapter, Version=9.0.0.0, Culture=neutral, PublicKeyToken=b03f5f7f11d50a3a" className="Test.PgsqlTest, Test" name="String_Insert" />
    </UnitTest>
    <UnitTest name="OrderBy_Conditional" storage="d:\alinq\source\trunk\test\bin\debug\test.dll" id="92b927e2-fb9e-bc82-4c0c-9d86831d02f3">
      <Css projectStructure="" iteration="" />
      <Owners>
        <Owner name="" />
      </Owners>
      <TestMethod codeBase="D:\ALinq\Source\Trunk\Test\bin\Debug\Test.dll" adapterTypeName="Microsoft.VisualStudio.TestTools.TestTypes.Unit.UnitTestAdapter, Microsoft.VisualStudio.QualityTools.Tips.UnitTest.Adapter, Version=9.0.0.0, Culture=neutral, PublicKeyToken=b03f5f7f11d50a3a" className="Test.AccessTest, Test" name="OrderBy_Conditional" />
    </UnitTest>
    <UnitTest name="Select_SpecialType" storage="d:\alinq\source\trunk\test\bin\debug\test.dll" id="74fdce22-0a5a-36c8-df6b-8eed126f19f9">
      <Css projectStructure="" iteration="" />
      <Owners>
        <Owner name="" />
      </Owners>
      <TestMethod codeBase="D:\ALinq\Source\Trunk\Test\bin\Debug\Test.dll" adapterTypeName="Microsoft.VisualStudio.TestTools.TestTypes.Unit.UnitTestAdapter, Microsoft.VisualStudio.QualityTools.Tips.UnitTest.Adapter, Version=9.0.0.0, Culture=neutral, PublicKeyToken=b03f5f7f11d50a3a" className="Test.MySqlTest, Test" name="Select_SpecialType" />
    </UnitTest>
    <UnitTest name="StringEndsWith" storage="d:\alinq\source\trunk\test\bin\debug\test.dll" id="8fec010e-634a-3202-6e5a-eb5fa148c722">
      <Css projectStructure="" iteration="" />
      <Owners>
        <Owner name="" />
      </Owners>
      <TestMethod codeBase="D:\ALinq\Source\Trunk\Test\bin\Debug\Test.dll" adapterTypeName="Microsoft.VisualStudio.TestTools.TestTypes.Unit.UnitTestAdapter, Microsoft.VisualStudio.QualityTools.Tips.UnitTest.Adapter, Version=9.0.0.0, Culture=neutral, PublicKeyToken=b03f5f7f11d50a3a" className="Test.NorOracleTest, Test" name="StringEndsWith" />
    </UnitTest>
    <UnitTest name="Where_Drilldown" storage="d:\alinq\source\trunk\test\bin\debug\test.dll" id="bdb956da-c1e7-b40b-25aa-23869ad811e0">
      <Css projectStructure="" iteration="" />
      <Owners>
        <Owner name="" />
      </Owners>
      <TestMethod codeBase="D:\ALinq\Source\Trunk\Test\bin\Debug\Test.dll" adapterTypeName="Microsoft.VisualStudio.TestTools.TestTypes.Unit.UnitTestAdapter, Microsoft.VisualStudio.QualityTools.Tips.UnitTest.Adapter, Version=9.0.0.0, Culture=neutral, PublicKeyToken=b03f5f7f11d50a3a" className="Test.DB2Test, Test" name="Where_Drilldown" />
    </UnitTest>
    <UnitTest name="DataType_XElement" storage="d:\alinq\source\trunk\test\bin\debug\test.dll" id="e72801ea-8ed9-19c2-a272-f5c4413b02d8">
      <Css projectStructure="" iteration="" />
      <Owners>
        <Owner name="" />
      </Owners>
      <TestMethod codeBase="D:\ALinq\Source\Trunk\Test\bin\Debug\Test.dll" adapterTypeName="Microsoft.VisualStudio.TestTools.TestTypes.Unit.UnitTestAdapter, Microsoft.VisualStudio.QualityTools.Tips.UnitTest.Adapter, Version=9.0.0.0, Culture=neutral, PublicKeyToken=b03f5f7f11d50a3a" className="Test.DB2Test, Test" name="DataType_XElement" />
    </UnitTest>
    <UnitTest name="SqlMethod_Len" storage="d:\alinq\source\trunk\test\bin\debug\test.dll" id="ef5f2ea7-8e66-412a-d4f7-45580b68d6ef">
      <Css projectStructure="" iteration="" />
      <Owners>
        <Owner name="" />
      </Owners>
      <TestMethod codeBase="D:\ALinq\Source\Trunk\Test\bin\Debug\Test.dll" adapterTypeName="Microsoft.VisualStudio.TestTools.TestTypes.Unit.UnitTestAdapter, Microsoft.VisualStudio.QualityTools.Tips.UnitTest.Adapter, Version=9.0.0.0, Culture=neutral, PublicKeyToken=b03f5f7f11d50a3a" className="Test.PgsqlTest, Test" name="SqlMethod_Len" />
    </UnitTest>
    <UnitTest name="DataTypeTest" storage="d:\alinq\source\trunk\test\bin\debug\test.dll" id="d574ab9e-ce0c-9e22-3938-64bd29a3ae5c">
      <Css projectStructure="" iteration="" />
      <Owners>
        <Owner name="" />
      </Owners>
      <TestMethod codeBase="D:\ALinq\Source\Trunk\Test\bin\Debug\Test.dll" adapterTypeName="Microsoft.VisualStudio.TestTools.TestTypes.Unit.UnitTestAdapter, Microsoft.VisualStudio.QualityTools.Tips.UnitTest.Adapter, Version=9.0.0.0, Culture=neutral, PublicKeyToken=b03f5f7f11d50a3a" className="Test.OdpOracleDataTypeProviderTest, Test" name="DataTypeTest" />
    </UnitTest>
    <UnitTest name="LongCount" storage="d:\alinq\source\trunk\test\bin\debug\test.dll" id="3df80b2c-15ab-95cd-0e5a-c6bacaadb2da">
      <Css projectStructure="" iteration="" />
      <Owners>
        <Owner name="" />
      </Owners>
      <TestMethod codeBase="D:\ALinq\Source\Trunk\Test\bin\Debug\Test.dll" adapterTypeName="Microsoft.VisualStudio.TestTools.TestTypes.Unit.UnitTestAdapter, Microsoft.VisualStudio.QualityTools.Tips.UnitTest.Adapter, Version=9.0.0.0, Culture=neutral, PublicKeyToken=b03f5f7f11d50a3a" className="Test.SQL2000Test, Test" name="LongCount" />
    </UnitTest>
    <UnitTest name="Insert_OneToMany" storage="d:\alinq\source\trunk\test\bin\debug\test.dll" id="38734e1a-a8c1-b7fa-da85-f8f03f9a816e">
      <Css projectStructure="" iteration="" />
      <Owners>
        <Owner name="" />
      </Owners>
      <TestMethod codeBase="D:\ALinq\Source\Trunk\Test\bin\Debug\Test.dll" adapterTypeName="Microsoft.VisualStudio.TestTools.TestTypes.Unit.UnitTestAdapter, Microsoft.VisualStudio.QualityTools.Tips.UnitTest.Adapter, Version=9.0.0.0, Culture=neutral, PublicKeyToken=b03f5f7f11d50a3a" className="Test.FirebirdTest, Test" name="Insert_OneToMany" />
    </UnitTest>
    <UnitTest name="Select_SpecialType" storage="d:\alinq\source\trunk\test\bin\debug\test.dll" id="b361baeb-767e-7043-0844-82d6dcc37366">
      <Css projectStructure="" iteration="" />
      <Owners>
        <Owner name="" />
      </Owners>
      <TestMethod codeBase="D:\ALinq\Source\Trunk\Test\bin\Debug\Test.dll" adapterTypeName="Microsoft.VisualStudio.TestTools.TestTypes.Unit.UnitTestAdapter, Microsoft.VisualStudio.QualityTools.Tips.UnitTest.Adapter, Version=9.0.0.0, Culture=neutral, PublicKeyToken=b03f5f7f11d50a3a" className="Test.AccessTest, Test" name="Select_SpecialType" />
    </UnitTest>
    <UnitTest name="Avg_Emelents" storage="d:\alinq\source\trunk\test\bin\debug\test.dll" id="589234e0-d21a-9e3c-115a-fa14bdb0282d">
      <Css projectStructure="" iteration="" />
      <Owners>
        <Owner name="" />
      </Owners>
      <TestMethod codeBase="D:\ALinq\Source\Trunk\Test\bin\Debug\Test.dll" adapterTypeName="Microsoft.VisualStudio.TestTools.TestTypes.Unit.UnitTestAdapter, Microsoft.VisualStudio.QualityTools.Tips.UnitTest.Adapter, Version=9.0.0.0, Culture=neutral, PublicKeyToken=b03f5f7f11d50a3a" className="Test.SQL2005Test, Test" name="Avg_Emelents" />
    </UnitTest>
    <UnitTest name="StringToLower" storage="d:\alinq\source\trunk\test\bin\debug\test.dll" id="8d19a1b3-9973-5c42-0999-27e005ddfb24">
      <Css projectStructure="" iteration="" />
      <Owners>
        <Owner name="" />
      </Owners>
      <TestMethod codeBase="D:\ALinq\Source\Trunk\Test\bin\Debug\Test.dll" adapterTypeName="Microsoft.VisualStudio.TestTools.TestTypes.Unit.UnitTestAdapter, Microsoft.VisualStudio.QualityTools.Tips.UnitTest.Adapter, Version=9.0.0.0, Culture=neutral, PublicKeyToken=b03f5f7f11d50a3a" className="Test.DB2Test, Test" name="StringToLower" />
    </UnitTest>
    <UnitTest name="Math_Tanh" storage="d:\alinq\source\trunk\test\bin\debug\test.dll" id="5b3ab977-dfa7-408e-ef70-005184140cd0">
      <Css projectStructure="" iteration="" />
      <Owners>
        <Owner name="" />
      </Owners>
      <TestMethod codeBase="D:\ALinq\Source\Trunk\Test\bin\Debug\Test.dll" adapterTypeName="Microsoft.VisualStudio.TestTools.TestTypes.Unit.UnitTestAdapter, Microsoft.VisualStudio.QualityTools.Tips.UnitTest.Adapter, Version=9.0.0.0, Culture=neutral, PublicKeyToken=b03f5f7f11d50a3a" className="Test.SQL2005Test, Test" name="Math_Tanh" />
    </UnitTest>
    <UnitTest name="Insert_ManyToMany" storage="d:\alinq\source\trunk\test\bin\debug\test.dll" id="62b767c1-e33f-4dbe-e9f4-90e80e75211e">
      <Css projectStructure="" iteration="" />
      <Owners>
        <Owner name="" />
      </Owners>
      <TestMethod codeBase="D:\ALinq\Source\Trunk\Test\bin\Debug\Test.dll" adapterTypeName="Microsoft.VisualStudio.TestTools.TestTypes.Unit.UnitTestAdapter, Microsoft.VisualStudio.QualityTools.Tips.UnitTest.Adapter, Version=9.0.0.0, Culture=neutral, PublicKeyToken=b03f5f7f11d50a3a" className="Test.SQL2005Test, Test" name="Insert_ManyToMany" />
    </UnitTest>
    <UnitTest name="GroupBy_Month" storage="d:\alinq\source\trunk\test\bin\debug\test.dll" id="77ab4efd-af1b-2e78-cc5f-511f325d2913">
      <Css projectStructure="" iteration="" />
      <Owners>
        <Owner name="" />
      </Owners>
      <TestMethod codeBase="D:\ALinq\Source\Trunk\Test\bin\Debug\Test.dll" adapterTypeName="Microsoft.VisualStudio.TestTools.TestTypes.Unit.UnitTestAdapter, Microsoft.VisualStudio.QualityTools.Tips.UnitTest.Adapter, Version=9.0.0.0, Culture=neutral, PublicKeyToken=b03f5f7f11d50a3a" className="Test.SqlTest, Test" name="GroupBy_Month" />
    </UnitTest>
    <UnitTest name="GroupBy_MultipleColumns" storage="d:\alinq\source\trunk\test\bin\debug\test.dll" id="6d450c57-9ee8-ef28-5f8f-80425f2998cc">
      <Css projectStructure="" iteration="" />
      <Owners>
        <Owner name="" />
      </Owners>
      <TestMethod codeBase="D:\ALinq\Source\Trunk\Test\bin\Debug\Test.dll" adapterTypeName="Microsoft.VisualStudio.TestTools.TestTypes.Unit.UnitTestAdapter, Microsoft.VisualStudio.QualityTools.Tips.UnitTest.Adapter, Version=9.0.0.0, Culture=neutral, PublicKeyToken=b03f5f7f11d50a3a" className="Test.SQL2000Test, Test" name="GroupBy_MultipleColumns" />
    </UnitTest>
    <UnitTest name="String_Length" storage="d:\alinq\source\trunk\test\bin\debug\test.dll" id="07b5581b-53cf-1839-16f2-8bd0a991a7e4">
      <Css projectStructure="" iteration="" />
      <Owners>
        <Owner name="" />
      </Owners>
      <TestMethod codeBase="D:\ALinq\Source\Trunk\Test\bin\Debug\Test.dll" adapterTypeName="Microsoft.VisualStudio.TestTools.TestTypes.Unit.UnitTestAdapter, Microsoft.VisualStudio.QualityTools.Tips.UnitTest.Adapter, Version=9.0.0.0, Culture=neutral, PublicKeyToken=b03f5f7f11d50a3a" className="Test.MySqlTest, Test" name="String_Length" />
    </UnitTest>
    <UnitTest name="Sum_Projection" storage="d:\alinq\source\trunk\test\bin\debug\test.dll" id="43485def-3228-e014-771b-3cd157651b28">
      <Css projectStructure="" iteration="" />
      <Owners>
        <Owner name="" />
      </Owners>
      <TestMethod codeBase="D:\ALinq\Source\Trunk\Test\bin\Debug\Test.dll" adapterTypeName="Microsoft.VisualStudio.TestTools.TestTypes.Unit.UnitTestAdapter, Microsoft.VisualStudio.QualityTools.Tips.UnitTest.Adapter, Version=9.0.0.0, Culture=neutral, PublicKeyToken=b03f5f7f11d50a3a" className="Test.MySqlTest, Test" name="Sum_Projection" />
    </UnitTest>
    <UnitTest name="GroupBy_Nested" storage="d:\alinq\source\trunk\test\bin\debug\test.dll" id="016df001-8c6b-6ac5-beb1-f477f0ce6fb4">
      <Css projectStructure="" iteration="" />
      <Owners>
        <Owner name="" />
      </Owners>
      <TestMethod codeBase="D:\ALinq\Source\Trunk\Test\bin\Debug\Test.dll" adapterTypeName="Microsoft.VisualStudio.TestTools.TestTypes.Unit.UnitTestAdapter, Microsoft.VisualStudio.QualityTools.Tips.UnitTest.Adapter, Version=9.0.0.0, Culture=neutral, PublicKeyToken=b03f5f7f11d50a3a" className="Test.SQL2000Test, Test" name="GroupBy_Nested" />
    </UnitTest>
    <UnitTest name="String_Contains" storage="d:\alinq\source\trunk\test\bin\debug\test.dll" id="7eb0031a-fb13-3724-e51b-be3852301b66">
      <Css projectStructure="" iteration="" />
      <Owners>
        <Owner name="" />
      </Owners>
      <TestMethod codeBase="D:\ALinq\Source\Trunk\Test\bin\Debug\Test.dll" adapterTypeName="Microsoft.VisualStudio.TestTools.TestTypes.Unit.UnitTestAdapter, Microsoft.VisualStudio.QualityTools.Tips.UnitTest.Adapter, Version=9.0.0.0, Culture=neutral, PublicKeyToken=b03f5f7f11d50a3a" className="Test.AccessTest, Test" name="String_Contains" />
    </UnitTest>
    <UnitTest name="Sum_Simple" storage="d:\alinq\source\trunk\test\bin\debug\test.dll" id="a40ee2ed-9926-8a37-ad15-9065a80aca21">
      <Css projectStructure="" iteration="" />
      <Owners>
        <Owner name="" />
      </Owners>
      <TestMethod codeBase="D:\ALinq\Source\Trunk\Test\bin\Debug\Test.dll" adapterTypeName="Microsoft.VisualStudio.TestTools.TestTypes.Unit.UnitTestAdapter, Microsoft.VisualStudio.QualityTools.Tips.UnitTest.Adapter, Version=9.0.0.0, Culture=neutral, PublicKeyToken=b03f5f7f11d50a3a" className="Test.SqlTest, Test" name="Sum_Simple" />
    </UnitTest>
    <UnitTest name="DataType_Enum" storage="d:\alinq\source\trunk\test\bin\debug\test.dll" id="51e6733a-a1e4-c7f7-f4b8-968a1c0e894c">
      <Css projectStructure="" iteration="" />
      <Owners>
        <Owner name="" />
      </Owners>
      <TestMethod codeBase="D:\ALinq\Source\Trunk\Test\bin\Debug\Test.dll" adapterTypeName="Microsoft.VisualStudio.TestTools.TestTypes.Unit.UnitTestAdapter, Microsoft.VisualStudio.QualityTools.Tips.UnitTest.Adapter, Version=9.0.0.0, Culture=neutral, PublicKeyToken=b03f5f7f11d50a3a" className="Test.NorOracleTest, Test" name="DataType_Enum" />
    </UnitTest>
    <UnitTest name="Math_Sqrt" storage="d:\alinq\source\trunk\test\bin\debug\test.dll" id="ada29727-678c-0b8f-5fee-8f2b8637e7ef">
      <Css projectStructure="" iteration="" />
      <Owners>
        <Owner name="" />
      </Owners>
      <TestMethod codeBase="D:\ALinq\Source\Trunk\Test\bin\Debug\Test.dll" adapterTypeName="Microsoft.VisualStudio.TestTools.TestTypes.Unit.UnitTestAdapter, Microsoft.VisualStudio.QualityTools.Tips.UnitTest.Adapter, Version=9.0.0.0, Culture=neutral, PublicKeyToken=b03f5f7f11d50a3a" className="Test.SQLiteTest, Test" name="Math_Sqrt" />
    </UnitTest>
    <UnitTest name="Select_SpecialType" storage="d:\alinq\source\trunk\test\bin\debug\test.dll" id="c2ce0ae8-a09d-b454-af6a-568451512941">
      <Css projectStructure="" iteration="" />
      <Owners>
        <Owner name="" />
      </Owners>
      <TestMethod codeBase="D:\ALinq\Source\Trunk\Test\bin\Debug\Test.dll" adapterTypeName="Microsoft.VisualStudio.TestTools.TestTypes.Unit.UnitTestAdapter, Microsoft.VisualStudio.QualityTools.Tips.UnitTest.Adapter, Version=9.0.0.0, Culture=neutral, PublicKeyToken=b03f5f7f11d50a3a" className="Test.DB2Test, Test" name="Select_SpecialType" />
    </UnitTest>
    <UnitTest name="GroupBy_Month" storage="d:\alinq\source\trunk\test\bin\debug\test.dll" id="5b754f3f-da7b-57fb-a551-3c56e372b888">
      <Css projectStructure="" iteration="" />
      <Owners>
        <Owner name="" />
      </Owners>
      <TestMethod codeBase="D:\ALinq\Source\Trunk\Test\bin\Debug\Test.dll" adapterTypeName="Microsoft.VisualStudio.TestTools.TestTypes.Unit.UnitTestAdapter, Microsoft.VisualStudio.QualityTools.Tips.UnitTest.Adapter, Version=9.0.0.0, Culture=neutral, PublicKeyToken=b03f5f7f11d50a3a" className="Test.AccessTest, Test" name="GroupBy_Month" />
    </UnitTest>
    <UnitTest name="DateTime_DayOfYear" storage="d:\alinq\source\trunk\test\bin\debug\test.dll" id="3f69e1ea-d5ca-2e48-5357-524014d0d529">
      <Css projectStructure="" iteration="" />
      <Owners>
        <Owner name="" />
      </Owners>
      <TestMethod codeBase="D:\ALinq\Source\Trunk\Test\bin\Debug\Test.dll" adapterTypeName="Microsoft.VisualStudio.TestTools.TestTypes.Unit.UnitTestAdapter, Microsoft.VisualStudio.QualityTools.Tips.UnitTest.Adapter, Version=9.0.0.0, Culture=neutral, PublicKeyToken=b03f5f7f11d50a3a" className="Test.SQLiteTest, Test" name="DateTime_DayOfYear" />
    </UnitTest>
    <UnitTest name="StringRemove" storage="d:\alinq\source\trunk\test\bin\debug\test.dll" id="091a1996-2493-1a27-02bd-9f88bf4b169b">
      <Css projectStructure="" iteration="" />
      <Owners>
        <Owner name="" />
      </Owners>
      <TestMethod codeBase="D:\ALinq\Source\Trunk\Test\bin\Debug\Test.dll" adapterTypeName="Microsoft.VisualStudio.TestTools.TestTypes.Unit.UnitTestAdapter, Microsoft.VisualStudio.QualityTools.Tips.UnitTest.Adapter, Version=9.0.0.0, Culture=neutral, PublicKeyToken=b03f5f7f11d50a3a" className="Test.SQL2005Test, Test" name="StringRemove" />
    </UnitTest>
    <UnitTest name="Convert_ToInt64" storage="d:\alinq\source\trunk\test\bin\debug\test.dll" id="48784cb7-d8fd-a3e3-da90-1c1fcb9f66b4">
      <Css projectStructure="" iteration="" />
      <Owners>
        <Owner name="" />
      </Owners>
      <TestMethod codeBase="D:\ALinq\Source\Trunk\Test\bin\Debug\Test.dll" adapterTypeName="Microsoft.VisualStudio.TestTools.TestTypes.Unit.UnitTestAdapter, Microsoft.VisualStudio.QualityTools.Tips.UnitTest.Adapter, Version=9.0.0.0, Culture=neutral, PublicKeyToken=b03f5f7f11d50a3a" className="Test.SQL2005Test, Test" name="Convert_ToInt64" />
    </UnitTest>
    <UnitTest name="Convert_ToByte" storage="d:\alinq\source\trunk\test\bin\debug\test.dll" id="b52445eb-1968-41c4-ef02-c9059873a87b">
      <Css projectStructure="" iteration="" />
      <Owners>
        <Owner name="" />
      </Owners>
      <TestMethod codeBase="D:\ALinq\Source\Trunk\Test\bin\Debug\Test.dll" adapterTypeName="Microsoft.VisualStudio.TestTools.TestTypes.Unit.UnitTestAdapter, Microsoft.VisualStudio.QualityTools.Tips.UnitTest.Adapter, Version=9.0.0.0, Culture=neutral, PublicKeyToken=b03f5f7f11d50a3a" className="Test.FirebirdTest, Test" name="Convert_ToByte" />
    </UnitTest>
    <UnitTest name="Math_Tan" storage="d:\alinq\source\trunk\test\bin\debug\test.dll" id="7d1cd665-eb29-f811-5adf-d017adb641cb">
      <Css projectStructure="" iteration="" />
      <Owners>
        <Owner name="" />
      </Owners>
      <TestMethod codeBase="D:\ALinq\Source\Trunk\Test\bin\Debug\Test.dll" adapterTypeName="Microsoft.VisualStudio.TestTools.TestTypes.Unit.UnitTestAdapter, Microsoft.VisualStudio.QualityTools.Tips.UnitTest.Adapter, Version=9.0.0.0, Culture=neutral, PublicKeyToken=b03f5f7f11d50a3a" className="Test.MySqlTest, Test" name="Math_Tan" />
    </UnitTest>
    <UnitTest name="Select_AnonymousType" storage="d:\alinq\source\trunk\test\bin\debug\test.dll" id="126291a1-4670-6e31-6b11-f320777e5d66">
      <Css projectStructure="" iteration="" />
      <Owners>
        <Owner name="" />
      </Owners>
      <TestMethod codeBase="D:\ALinq\Source\Trunk\Test\bin\Debug\Test.dll" adapterTypeName="Microsoft.VisualStudio.TestTools.TestTypes.Unit.UnitTestAdapter, Microsoft.VisualStudio.QualityTools.Tips.UnitTest.Adapter, Version=9.0.0.0, Culture=neutral, PublicKeyToken=b03f5f7f11d50a3a" className="Test.AccessTest, Test" name="Select_AnonymousType" />
    </UnitTest>
    <UnitTest name="GroupBy_Where" storage="d:\alinq\source\trunk\test\bin\debug\test.dll" id="743f450d-8531-2a62-0071-0bc6e13604c8">
      <Css projectStructure="" iteration="" />
      <Owners>
        <Owner name="" />
      </Owners>
      <TestMethod codeBase="D:\ALinq\Source\Trunk\Test\bin\Debug\Test.dll" adapterTypeName="Microsoft.VisualStudio.TestTools.TestTypes.Unit.UnitTestAdapter, Microsoft.VisualStudio.QualityTools.Tips.UnitTest.Adapter, Version=9.0.0.0, Culture=neutral, PublicKeyToken=b03f5f7f11d50a3a" className="Test.SqlTest, Test" name="GroupBy_Where" />
    </UnitTest>
    <UnitTest name="GroupBy_Nested" storage="d:\alinq\source\trunk\test\bin\debug\test.dll" id="dee82053-a4d8-3e6c-404f-52d9958df0d9">
      <Css projectStructure="" iteration="" />
      <Owners>
        <Owner name="" />
      </Owners>
      <TestMethod codeBase="D:\ALinq\Source\Trunk\Test\bin\Debug\Test.dll" adapterTypeName="Microsoft.VisualStudio.TestTools.TestTypes.Unit.UnitTestAdapter, Microsoft.VisualStudio.QualityTools.Tips.UnitTest.Adapter, Version=9.0.0.0, Culture=neutral, PublicKeyToken=b03f5f7f11d50a3a" className="Test.SqlTest, Test" name="GroupBy_Nested" />
    </UnitTest>
    <UnitTest name="Test1" storage="d:\alinq\source\trunk\test\bin\debug\test.dll" id="1fea7049-0e30-221f-4a09-1103e68a049e">
      <Css projectStructure="" iteration="" />
      <Owners>
        <Owner name="" />
      </Owners>
      <TestMethod codeBase="D:\ALinq\Source\Trunk\Test\bin\Debug\Test.dll" adapterTypeName="Microsoft.VisualStudio.TestTools.TestTypes.Unit.UnitTestAdapter, Microsoft.VisualStudio.QualityTools.Tips.UnitTest.Adapter, Version=9.0.0.0, Culture=neutral, PublicKeyToken=b03f5f7f11d50a3a" className="Test.SQL2000Test, Test" name="Test1" />
    </UnitTest>
    <UnitTest name="DateTime_Second" storage="d:\alinq\source\trunk\test\bin\debug\test.dll" id="644b00ce-6649-cf09-eb70-354a83b4869b">
      <Css projectStructure="" iteration="" />
      <Owners>
        <Owner name="" />
      </Owners>
      <TestMethod codeBase="D:\ALinq\Source\Trunk\Test\bin\Debug\Test.dll" adapterTypeName="Microsoft.VisualStudio.TestTools.TestTypes.Unit.UnitTestAdapter, Microsoft.VisualStudio.QualityTools.Tips.UnitTest.Adapter, Version=9.0.0.0, Culture=neutral, PublicKeyToken=b03f5f7f11d50a3a" className="Test.OdpOracleTest, Test" name="DateTime_Second" />
    </UnitTest>
    <UnitTest name="Insert_Simple" storage="d:\alinq\source\trunk\test\bin\debug\test.dll" id="5bb65c2b-ebda-d525-b78d-06aa1f7eac17">
      <Css projectStructure="" iteration="" />
      <Owners>
        <Owner name="" />
      </Owners>
      <TestMethod codeBase="D:\ALinq\Source\Trunk\Test\bin\Debug\Test.dll" adapterTypeName="Microsoft.VisualStudio.TestTools.TestTypes.Unit.UnitTestAdapter, Microsoft.VisualStudio.QualityTools.Tips.UnitTest.Adapter, Version=9.0.0.0, Culture=neutral, PublicKeyToken=b03f5f7f11d50a3a" className="Test.NorOracleTest, Test" name="Insert_Simple" />
    </UnitTest>
    <UnitTest name="GroupBy_Min" storage="d:\alinq\source\trunk\test\bin\debug\test.dll" id="02bbeaf2-76d2-3741-4b8e-1d69a7c45e76">
      <Css projectStructure="" iteration="" />
      <Owners>
        <Owner name="" />
      </Owners>
      <TestMethod codeBase="D:\ALinq\Source\Trunk\Test\bin\Debug\Test.dll" adapterTypeName="Microsoft.VisualStudio.TestTools.TestTypes.Unit.UnitTestAdapter, Microsoft.VisualStudio.QualityTools.Tips.UnitTest.Adapter, Version=9.0.0.0, Culture=neutral, PublicKeyToken=b03f5f7f11d50a3a" className="Test.SqlTest, Test" name="GroupBy_Min" />
    </UnitTest>
    <UnitTest name="Min_Elements" storage="d:\alinq\source\trunk\test\bin\debug\test.dll" id="4f81c454-2214-7858-ad77-3b6fb3cfa441">
      <Css projectStructure="" iteration="" />
      <Owners>
        <Owner name="" />
      </Owners>
      <TestMethod codeBase="D:\ALinq\Source\Trunk\Test\bin\Debug\Test.dll" adapterTypeName="Microsoft.VisualStudio.TestTools.TestTypes.Unit.UnitTestAdapter, Microsoft.VisualStudio.QualityTools.Tips.UnitTest.Adapter, Version=9.0.0.0, Culture=neutral, PublicKeyToken=b03f5f7f11d50a3a" className="Test.SqlTest, Test" name="Min_Elements" />
    </UnitTest>
    <UnitTest name="StoreAndReuseQuery" storage="d:\alinq\source\trunk\test\bin\debug\test.dll" id="1dbf5a2d-806f-4bac-52b8-0d4f38446ccd">
      <Css projectStructure="" iteration="" />
      <Owners>
        <Owner name="" />
      </Owners>
      <TestMethod codeBase="D:\ALinq\Source\Trunk\Test\bin\Debug\Test.dll" adapterTypeName="Microsoft.VisualStudio.TestTools.TestTypes.Unit.UnitTestAdapter, Microsoft.VisualStudio.QualityTools.Tips.UnitTest.Adapter, Version=9.0.0.0, Culture=neutral, PublicKeyToken=b03f5f7f11d50a3a" className="Test.MySqlTest, Test" name="StoreAndReuseQuery" />
    </UnitTest>
    <UnitTest name="GroupBy_Date" storage="d:\alinq\source\trunk\test\bin\debug\test.dll" id="594b5221-8691-0b96-2580-74b707cfa254">
      <Css projectStructure="" iteration="" />
      <Owners>
        <Owner name="" />
      </Owners>
      <TestMethod codeBase="D:\ALinq\Source\Trunk\Test\bin\Debug\Test.dll" adapterTypeName="Microsoft.VisualStudio.TestTools.TestTypes.Unit.UnitTestAdapter, Microsoft.VisualStudio.QualityTools.Tips.UnitTest.Adapter, Version=9.0.0.0, Culture=neutral, PublicKeyToken=b03f5f7f11d50a3a" className="Test.AccessTest, Test" name="GroupBy_Date" />
    </UnitTest>
    <UnitTest name="Count_Conditional" storage="d:\alinq\source\trunk\test\bin\debug\test.dll" id="60792288-8a93-3498-41d4-64ad785c2500">
      <Css projectStructure="" iteration="" />
      <Owners>
        <Owner name="" />
      </Owners>
      <TestMethod codeBase="D:\ALinq\Source\Trunk\Test\bin\Debug\Test.dll" adapterTypeName="Microsoft.VisualStudio.TestTools.TestTypes.Unit.UnitTestAdapter, Microsoft.VisualStudio.QualityTools.Tips.UnitTest.Adapter, Version=9.0.0.0, Culture=neutral, PublicKeyToken=b03f5f7f11d50a3a" className="Test.MySqlTest, Test" name="Count_Conditional" />
    </UnitTest>
    <UnitTest name="Convert_ToString" storage="d:\alinq\source\trunk\test\bin\debug\test.dll" id="8326af85-df79-1eb6-8f5a-7ed6174f1732">
      <Css projectStructure="" iteration="" />
      <Owners>
        <Owner name="" />
      </Owners>
      <TestMethod codeBase="D:\ALinq\Source\Trunk\Test\bin\Debug\Test.dll" adapterTypeName="Microsoft.VisualStudio.TestTools.TestTypes.Unit.UnitTestAdapter, Microsoft.VisualStudio.QualityTools.Tips.UnitTest.Adapter, Version=9.0.0.0, Culture=neutral, PublicKeyToken=b03f5f7f11d50a3a" className="Test.SqlTest, Test" name="Convert_ToString" />
    </UnitTest>
    <UnitTest name="StringContain" storage="d:\alinq\source\trunk\test\bin\debug\test.dll" id="1721dca6-c06e-6408-f95c-cd0f5de2495b">
      <Css projectStructure="" iteration="" />
      <Owners>
        <Owner name="" />
      </Owners>
      <TestMethod codeBase="D:\ALinq\Source\Trunk\Test\bin\Debug\Test.dll" adapterTypeName="Microsoft.VisualStudio.TestTools.TestTypes.Unit.UnitTestAdapter, Microsoft.VisualStudio.QualityTools.Tips.UnitTest.Adapter, Version=9.0.0.0, Culture=neutral, PublicKeyToken=b03f5f7f11d50a3a" className="Test.SQL2000Test, Test" name="StringContain" />
    </UnitTest>
    <UnitTest name="DateTime_Hour" storage="d:\alinq\source\trunk\test\bin\debug\test.dll" id="eacd27f9-a222-6c60-c1be-3ec90b12ca41">
      <Css projectStructure="" iteration="" />
      <Owners>
        <Owner name="" />
      </Owners>
      <TestMethod codeBase="D:\ALinq\Source\Trunk\Test\bin\Debug\Test.dll" adapterTypeName="Microsoft.VisualStudio.TestTools.TestTypes.Unit.UnitTestAdapter, Microsoft.VisualStudio.QualityTools.Tips.UnitTest.Adapter, Version=9.0.0.0, Culture=neutral, PublicKeyToken=b03f5f7f11d50a3a" className="Test.NorOracleTest, Test" name="DateTime_Hour" />
    </UnitTest>
    <UnitTest name="Max_Elements" storage="d:\alinq\source\trunk\test\bin\debug\test.dll" id="c233ac05-fe1b-677a-835a-ea930a2beea0">
      <Css projectStructure="" iteration="" />
      <Owners>
        <Owner name="" />
      </Owners>
      <TestMethod codeBase="D:\ALinq\Source\Trunk\Test\bin\Debug\Test.dll" adapterTypeName="Microsoft.VisualStudio.TestTools.TestTypes.Unit.UnitTestAdapter, Microsoft.VisualStudio.QualityTools.Tips.UnitTest.Adapter, Version=9.0.0.0, Culture=neutral, PublicKeyToken=b03f5f7f11d50a3a" className="Test.PgsqlTest, Test" name="Max_Elements" />
    </UnitTest>
    <UnitTest name="Select_Simple" storage="d:\alinq\source\trunk\test\bin\debug\test.dll" id="2224c58d-0a9d-62c2-6dc4-cc6a83578c0e">
      <Css projectStructure="" iteration="" />
      <Owners>
        <Owner name="" />
      </Owners>
      <TestMethod codeBase="D:\ALinq\Source\Trunk\Test\bin\Debug\Test.dll" adapterTypeName="Microsoft.VisualStudio.TestTools.TestTypes.Unit.UnitTestAdapter, Microsoft.VisualStudio.QualityTools.Tips.UnitTest.Adapter, Version=9.0.0.0, Culture=neutral, PublicKeyToken=b03f5f7f11d50a3a" className="Test.SQLiteTest, Test" name="Select_Simple" />
    </UnitTest>
    <UnitTest name="DataType_UInt64" storage="d:\alinq\source\trunk\test\bin\debug\test.dll" id="84868ffb-2c57-565a-6317-bdbb60f4661f">
      <Css projectStructure="" iteration="" />
      <Owners>
        <Owner name="" />
      </Owners>
      <TestMethod codeBase="D:\ALinq\Source\Trunk\Test\bin\Debug\Test.dll" adapterTypeName="Microsoft.VisualStudio.TestTools.TestTypes.Unit.UnitTestAdapter, Microsoft.VisualStudio.QualityTools.Tips.UnitTest.Adapter, Version=9.0.0.0, Culture=neutral, PublicKeyToken=b03f5f7f11d50a3a" className="Test.DB2Test, Test" name="DataType_UInt64" />
    </UnitTest>
    <UnitTest name="Math_Log10" storage="d:\alinq\source\trunk\test\bin\debug\test.dll" id="77c8c5f1-e8f1-d629-9284-1ad4e4d7e3db">
      <Css projectStructure="" iteration="" />
      <Owners>
        <Owner name="" />
      </Owners>
      <TestMethod codeBase="D:\ALinq\Source\Trunk\Test\bin\Debug\Test.dll" adapterTypeName="Microsoft.VisualStudio.TestTools.TestTypes.Unit.UnitTestAdapter, Microsoft.VisualStudio.QualityTools.Tips.UnitTest.Adapter, Version=9.0.0.0, Culture=neutral, PublicKeyToken=b03f5f7f11d50a3a" className="Test.SqlTest, Test" name="Math_Log10" />
    </UnitTest>
    <UnitTest name="Math_Atan2" storage="d:\alinq\source\trunk\test\bin\debug\test.dll" id="9312ff8c-24ae-173f-2ed0-7934a4fe3a2c">
      <Css projectStructure="" iteration="" />
      <Owners>
        <Owner name="" />
      </Owners>
      <TestMethod codeBase="D:\ALinq\Source\Trunk\Test\bin\Debug\Test.dll" adapterTypeName="Microsoft.VisualStudio.TestTools.TestTypes.Unit.UnitTestAdapter, Microsoft.VisualStudio.QualityTools.Tips.UnitTest.Adapter, Version=9.0.0.0, Culture=neutral, PublicKeyToken=b03f5f7f11d50a3a" className="Test.SqlTest, Test" name="Math_Atan2" />
    </UnitTest>
    <UnitTest name="Min_Elements" storage="d:\alinq\source\trunk\test\bin\debug\test.dll" id="8f112071-6c4a-a469-850c-516c0458de64">
      <Css projectStructure="" iteration="" />
      <Owners>
        <Owner name="" />
      </Owners>
      <TestMethod codeBase="D:\ALinq\Source\Trunk\Test\bin\Debug\Test.dll" adapterTypeName="Microsoft.VisualStudio.TestTools.TestTypes.Unit.UnitTestAdapter, Microsoft.VisualStudio.QualityTools.Tips.UnitTest.Adapter, Version=9.0.0.0, Culture=neutral, PublicKeyToken=b03f5f7f11d50a3a" className="Test.OdpOracleTest, Test" name="Min_Elements" />
    </UnitTest>
    <UnitTest name="GetAllCategories" storage="d:\alinq\source\trunk\test\bin\debug\test.dll" id="9bbc28c6-5214-8afc-6caa-ef7ad4967b9f">
      <Css projectStructure="" iteration="" />
      <Owners>
        <Owner name="" />
      </Owners>
      <TestMethod codeBase="D:\ALinq\Source\Trunk\Test\bin\Debug\Test.dll" adapterTypeName="Microsoft.VisualStudio.TestTools.TestTypes.Unit.UnitTestAdapter, Microsoft.VisualStudio.QualityTools.Tips.UnitTest.Adapter, Version=9.0.0.0, Culture=neutral, PublicKeyToken=b03f5f7f11d50a3a" className="Test.NorOracleProcedureTest, Test" name="GetAllCategories" />
    </UnitTest>
    <UnitTest name="IfEqualTest" storage="d:\alinq\source\trunk\test\bin\debug\test.dll" id="87456ec2-8543-a10a-4503-1495c9d66390">
      <Css projectStructure="" iteration="" />
      <Owners>
        <Owner name="" />
      </Owners>
      <TestMethod codeBase="D:\ALinq\Source\Trunk\Test\bin\Debug\Test.dll" adapterTypeName="Microsoft.VisualStudio.TestTools.TestTypes.Unit.UnitTestAdapter, Microsoft.VisualStudio.QualityTools.Tips.UnitTest.Adapter, Version=9.0.0.0, Culture=neutral, PublicKeyToken=b03f5f7f11d50a3a" className="Test.SqlTest, Test" name="IfEqualTest" />
    </UnitTest>
    <UnitTest name="Count_Simple" storage="d:\alinq\source\trunk\test\bin\debug\test.dll" id="14aad7a0-24ef-1f06-a64f-1d557309c987">
      <Css projectStructure="" iteration="" />
      <Owners>
        <Owner name="" />
      </Owners>
      <TestMethod codeBase="D:\ALinq\Source\Trunk\Test\bin\Debug\Test.dll" adapterTypeName="Microsoft.VisualStudio.TestTools.TestTypes.Unit.UnitTestAdapter, Microsoft.VisualStudio.QualityTools.Tips.UnitTest.Adapter, Version=9.0.0.0, Culture=neutral, PublicKeyToken=b03f5f7f11d50a3a" className="Test.AccessTest, Test" name="Count_Simple" />
    </UnitTest>
    <UnitTest name="Insert_ManyToMany" storage="d:\alinq\source\trunk\test\bin\debug\test.dll" id="971f1e63-1f50-6ee3-e123-67505bb4965a">
      <Css projectStructure="" iteration="" />
      <Owners>
        <Owner name="" />
      </Owners>
      <TestMethod codeBase="D:\ALinq\Source\Trunk\Test\bin\Debug\Test.dll" adapterTypeName="Microsoft.VisualStudio.TestTools.TestTypes.Unit.UnitTestAdapter, Microsoft.VisualStudio.QualityTools.Tips.UnitTest.Adapter, Version=9.0.0.0, Culture=neutral, PublicKeyToken=b03f5f7f11d50a3a" className="Test.AccessTest, Test" name="Insert_ManyToMany" />
    </UnitTest>
    <UnitTest name="StringIndexOf" storage="d:\alinq\source\trunk\test\bin\debug\test.dll" id="aa193250-36de-6526-8d3e-16af2a3d9136">
      <Css projectStructure="" iteration="" />
      <Owners>
        <Owner name="" />
      </Owners>
      <TestMethod codeBase="D:\ALinq\Source\Trunk\Test\bin\Debug\Test.dll" adapterTypeName="Microsoft.VisualStudio.TestTools.TestTypes.Unit.UnitTestAdapter, Microsoft.VisualStudio.QualityTools.Tips.UnitTest.Adapter, Version=9.0.0.0, Culture=neutral, PublicKeyToken=b03f5f7f11d50a3a" className="Test.NorOracleTest, Test" name="StringIndexOf" />
    </UnitTest>
    <UnitTest name="CollectionConvert" storage="d:\alinq\source\trunk\test\bin\debug\test.dll" id="3b6a9379-b71f-6f45-9d2a-eb60e14f2bc3">
      <Css projectStructure="" iteration="" />
      <Owners>
        <Owner name="" />
      </Owners>
      <TestMethod codeBase="D:\ALinq\Source\Trunk\Test\bin\Debug\Test.dll" adapterTypeName="Microsoft.VisualStudio.TestTools.TestTypes.Unit.UnitTestAdapter, Microsoft.VisualStudio.QualityTools.Tips.UnitTest.Adapter, Version=9.0.0.0, Culture=neutral, PublicKeyToken=b03f5f7f11d50a3a" className="Test.SQL2000Test, Test" name="CollectionConvert" />
    </UnitTest>
    <UnitTest name="Convert_ToInt64" storage="d:\alinq\source\trunk\test\bin\debug\test.dll" id="575be8fe-93f5-15de-5265-5ef816b428ce">
      <Css projectStructure="" iteration="" />
      <Owners>
        <Owner name="" />
      </Owners>
      <TestMethod codeBase="D:\ALinq\Source\Trunk\Test\bin\Debug\Test.dll" adapterTypeName="Microsoft.VisualStudio.TestTools.TestTypes.Unit.UnitTestAdapter, Microsoft.VisualStudio.QualityTools.Tips.UnitTest.Adapter, Version=9.0.0.0, Culture=neutral, PublicKeyToken=b03f5f7f11d50a3a" className="Test.SqlTest, Test" name="Convert_ToInt64" />
    </UnitTest>
    <UnitTest name="Join_NullableNonnullableKeyRelationship" storage="d:\alinq\source\trunk\test\bin\debug\test.dll" id="4a0d4379-d38d-4629-0b27-b6793a9614aa">
      <Css projectStructure="" iteration="" />
      <Owners>
        <Owner name="" />
      </Owners>
      <TestMethod codeBase="D:\ALinq\Source\Trunk\Test\bin\Debug\Test.dll" adapterTypeName="Microsoft.VisualStudio.TestTools.TestTypes.Unit.UnitTestAdapter, Microsoft.VisualStudio.QualityTools.Tips.UnitTest.Adapter, Version=9.0.0.0, Culture=neutral, PublicKeyToken=b03f5f7f11d50a3a" className="Test.PgsqlTest, Test" name="Join_NullableNonnullableKeyRelationship" />
    </UnitTest>
    <UnitTest name="CreateDatabase" storage="d:\alinq\source\trunk\test\bin\debug\test.dll" id="fa23c7d9-c805-1cfd-d241-d8e223d6319b">
      <Css projectStructure="" iteration="" />
      <Owners>
        <Owner name="" />
      </Owners>
      <TestMethod codeBase="D:\ALinq\Source\Trunk\Test\bin\Debug\Test.dll" adapterTypeName="Microsoft.VisualStudio.TestTools.TestTypes.Unit.UnitTestAdapter, Microsoft.VisualStudio.QualityTools.Tips.UnitTest.Adapter, Version=9.0.0.0, Culture=neutral, PublicKeyToken=b03f5f7f11d50a3a" className="Test.AccessTest, Test" name="CreateDatabase" />
    </UnitTest>
    <UnitTest name="SingleOrDefault" storage="d:\alinq\source\trunk\test\bin\debug\test.dll" id="12459648-f046-d7b3-cc47-42fad9db3fa5">
      <Css projectStructure="" iteration="" />
      <Owners>
        <Owner name="" />
      </Owners>
      <TestMethod codeBase="D:\ALinq\Source\Trunk\Test\bin\Debug\Test.dll" adapterTypeName="Microsoft.VisualStudio.TestTools.TestTypes.Unit.UnitTestAdapter, Microsoft.VisualStudio.QualityTools.Tips.UnitTest.Adapter, Version=9.0.0.0, Culture=neutral, PublicKeyToken=b03f5f7f11d50a3a" className="Test.OdpOracleTest, Test" name="SingleOrDefault" />
    </UnitTest>
    <UnitTest name="GetStringTest" storage="d:\alinq\source\trunk\test\bin\debug\test.dll" id="cb7939b7-42c0-a08b-d4e1-9df5a159ba8c">
      <Css projectStructure="" iteration="" />
      <Owners>
        <Owner name="" />
      </Owners>
      <TestMethod codeBase="D:\ALinq\Source\Trunk\Test\bin\Debug\Test.dll" adapterTypeName="Microsoft.VisualStudio.TestTools.TestTypes.Unit.UnitTestAdapter, Microsoft.VisualStudio.QualityTools.Tips.UnitTest.Adapter, Version=9.0.0.0, Culture=neutral, PublicKeyToken=b03f5f7f11d50a3a" className="Test.SRTest, Test" name="GetStringTest" />
    </UnitTest>
    <UnitTest name="FirstOrDefault" storage="d:\alinq\source\trunk\test\bin\debug\test.dll" id="468e3f97-13a3-8a9a-83b8-4ff094528b5e">
      <Css projectStructure="" iteration="" />
      <Owners>
        <Owner name="" />
      </Owners>
      <TestMethod codeBase="D:\ALinq\Source\Trunk\Test\bin\Debug\Test.dll" adapterTypeName="Microsoft.VisualStudio.TestTools.TestTypes.Unit.UnitTestAdapter, Microsoft.VisualStudio.QualityTools.Tips.UnitTest.Adapter, Version=9.0.0.0, Culture=neutral, PublicKeyToken=b03f5f7f11d50a3a" className="Test.DB2Test, Test" name="FirstOrDefault" />
    </UnitTest>
    <UnitTest name="SqlMethod_Len" storage="d:\alinq\source\trunk\test\bin\debug\test.dll" id="39ebd7a9-5cbc-990f-7245-e31c6010c50c">
      <Css projectStructure="" iteration="" />
      <Owners>
        <Owner name="" />
      </Owners>
      <TestMethod codeBase="D:\ALinq\Source\Trunk\Test\bin\Debug\Test.dll" adapterTypeName="Microsoft.VisualStudio.TestTools.TestTypes.Unit.UnitTestAdapter, Microsoft.VisualStudio.QualityTools.Tips.UnitTest.Adapter, Version=9.0.0.0, Culture=neutral, PublicKeyToken=b03f5f7f11d50a3a" className="Test.OdpOracleTest, Test" name="SqlMethod_Len" />
    </UnitTest>
    <UnitTest name="Where_Simple3" storage="d:\alinq\source\trunk\test\bin\debug\test.dll" id="c1a79ec1-18ff-444a-32b0-b6a96755391d">
      <Css projectStructure="" iteration="" />
      <Owners>
        <Owner name="" />
      </Owners>
      <TestMethod codeBase="D:\ALinq\Source\Trunk\Test\bin\Debug\Test.dll" adapterTypeName="Microsoft.VisualStudio.TestTools.TestTypes.Unit.UnitTestAdapter, Microsoft.VisualStudio.QualityTools.Tips.UnitTest.Adapter, Version=9.0.0.0, Culture=neutral, PublicKeyToken=b03f5f7f11d50a3a" className="Test.SQLiteTest, Test" name="Where_Simple3" />
    </UnitTest>
    <UnitTest name="String_TrimEnd" storage="d:\alinq\source\trunk\test\bin\debug\test.dll" id="3bfb9aba-e918-c1d7-6512-6377e3e1ab34">
      <Css projectStructure="" iteration="" />
      <Owners>
        <Owner name="" />
      </Owners>
      <TestMethod codeBase="D:\ALinq\Source\Trunk\Test\bin\Debug\Test.dll" adapterTypeName="Microsoft.VisualStudio.TestTools.TestTypes.Unit.UnitTestAdapter, Microsoft.VisualStudio.QualityTools.Tips.UnitTest.Adapter, Version=9.0.0.0, Culture=neutral, PublicKeyToken=b03f5f7f11d50a3a" className="Test.SQLiteTest, Test" name="String_TrimEnd" />
    </UnitTest>
    <UnitTest name="FromTypeTest" storage="d:\alinq\source\trunk\test\bin\debug\test.dll" id="4c5126ac-c2be-ed3c-0692-320b7a3caae7">
      <Css projectStructure="" iteration="" />
      <Owners>
        <Owner name="" />
      </Owners>
      <TestMethod codeBase="D:\ALinq\Source\Trunk\Test\bin\Debug\Test.dll" adapterTypeName="Microsoft.VisualStudio.TestTools.TestTypes.Unit.UnitTestAdapter, Microsoft.VisualStudio.QualityTools.Tips.UnitTest.Adapter, Version=9.0.0.0, Culture=neutral, PublicKeyToken=b03f5f7f11d50a3a" className="Test.FirebirdDataTypeTest, Test" name="FromTypeTest" />
    </UnitTest>
    <UnitTest name="LongCount" storage="d:\alinq\source\trunk\test\bin\debug\test.dll" id="71f1cd19-287b-8584-1dc8-3787961a47b2">
      <Css projectStructure="" iteration="" />
      <Owners>
        <Owner name="" />
      </Owners>
      <TestMethod codeBase="D:\ALinq\Source\Trunk\Test\bin\Debug\Test.dll" adapterTypeName="Microsoft.VisualStudio.TestTools.TestTypes.Unit.UnitTestAdapter, Microsoft.VisualStudio.QualityTools.Tips.UnitTest.Adapter, Version=9.0.0.0, Culture=neutral, PublicKeyToken=b03f5f7f11d50a3a" className="Test.SQLiteTest, Test" name="LongCount" />
    </UnitTest>
    <UnitTest name="DateTime_Subtract" storage="d:\alinq\source\trunk\test\bin\debug\test.dll" id="0033dbce-de40-983a-dbbb-cd3ccb120093">
      <Css projectStructure="" iteration="" />
      <Owners>
        <Owner name="" />
      </Owners>
      <TestMethod codeBase="D:\ALinq\Source\Trunk\Test\bin\Debug\Test.dll" adapterTypeName="Microsoft.VisualStudio.TestTools.TestTypes.Unit.UnitTestAdapter, Microsoft.VisualStudio.QualityTools.Tips.UnitTest.Adapter, Version=9.0.0.0, Culture=neutral, PublicKeyToken=b03f5f7f11d50a3a" className="Test.SqlTest, Test" name="DateTime_Subtract" />
    </UnitTest>
    <UnitTest name="String_IndexOf4" storage="d:\alinq\source\trunk\test\bin\debug\test.dll" id="3f7a6bcd-34c0-47fb-14a7-d67913af7f19">
      <Css projectStructure="" iteration="" />
      <Owners>
        <Owner name="" />
      </Owners>
      <TestMethod codeBase="D:\ALinq\Source\Trunk\Test\bin\Debug\Test.dll" adapterTypeName="Microsoft.VisualStudio.TestTools.TestTypes.Unit.UnitTestAdapter, Microsoft.VisualStudio.QualityTools.Tips.UnitTest.Adapter, Version=9.0.0.0, Culture=neutral, PublicKeyToken=b03f5f7f11d50a3a" className="Test.MySqlTest, Test" name="String_IndexOf4" />
    </UnitTest>
    <UnitTest name="Skip_Take" storage="d:\alinq\source\trunk\test\bin\debug\test.dll" id="f0aba45e-c90c-1a55-ce4e-6d228990c311">
      <Css projectStructure="" iteration="" />
      <Owners>
        <Owner name="" />
      </Owners>
      <TestMethod codeBase="D:\ALinq\Source\Trunk\Test\bin\Debug\Test.dll" adapterTypeName="Microsoft.VisualStudio.TestTools.TestTypes.Unit.UnitTestAdapter, Microsoft.VisualStudio.QualityTools.Tips.UnitTest.Adapter, Version=9.0.0.0, Culture=neutral, PublicKeyToken=b03f5f7f11d50a3a" className="Test.NorOracleTest, Test" name="Skip_Take" />
    </UnitTest>
    <UnitTest name="Sum_Grouped" storage="d:\alinq\source\trunk\test\bin\debug\test.dll" id="bf53580c-02ec-08bf-baaa-b4e5e6c7085c">
      <Css projectStructure="" iteration="" />
      <Owners>
        <Owner name="" />
      </Owners>
      <TestMethod codeBase="D:\ALinq\Source\Trunk\Test\bin\Debug\Test.dll" adapterTypeName="Microsoft.VisualStudio.TestTools.TestTypes.Unit.UnitTestAdapter, Microsoft.VisualStudio.QualityTools.Tips.UnitTest.Adapter, Version=9.0.0.0, Culture=neutral, PublicKeyToken=b03f5f7f11d50a3a" className="Test.SqlTest, Test" name="Sum_Grouped" />
    </UnitTest>
    <UnitTest name="Max_Simple" storage="d:\alinq\source\trunk\test\bin\debug\test.dll" id="29dea64e-1f58-2fc3-5bc5-d307c2a3c94f">
      <Css projectStructure="" iteration="" />
      <Owners>
        <Owner name="" />
      </Owners>
      <TestMethod codeBase="D:\ALinq\Source\Trunk\Test\bin\Debug\Test.dll" adapterTypeName="Microsoft.VisualStudio.TestTools.TestTypes.Unit.UnitTestAdapter, Microsoft.VisualStudio.QualityTools.Tips.UnitTest.Adapter, Version=9.0.0.0, Culture=neutral, PublicKeyToken=b03f5f7f11d50a3a" className="Test.NorOracleTest, Test" name="Max_Simple" />
    </UnitTest>
    <UnitTest name="Update" storage="d:\alinq\source\trunk\test\bin\debug\test.dll" id="ea26f00b-be4b-ec64-d262-d584c912a330">
      <Css projectStructure="" iteration="" />
      <Owners>
        <Owner name="" />
      </Owners>
      <TestMethod codeBase="D:\ALinq\Source\Trunk\Test\bin\Debug\Test.dll" adapterTypeName="Microsoft.VisualStudio.TestTools.TestTypes.Unit.UnitTestAdapter, Microsoft.VisualStudio.QualityTools.Tips.UnitTest.Adapter, Version=9.0.0.0, Culture=neutral, PublicKeyToken=b03f5f7f11d50a3a" className="Test.SqlTest, Test" name="Update" />
    </UnitTest>
    <UnitTest name="Math_Log" storage="d:\alinq\source\trunk\test\bin\debug\test.dll" id="a40f890d-9c8e-a174-20d1-03d95f4ba42c">
      <Css projectStructure="" iteration="" />
      <Owners>
        <Owner name="" />
      </Owners>
      <TestMethod codeBase="D:\ALinq\Source\Trunk\Test\bin\Debug\Test.dll" adapterTypeName="Microsoft.VisualStudio.TestTools.TestTypes.Unit.UnitTestAdapter, Microsoft.VisualStudio.QualityTools.Tips.UnitTest.Adapter, Version=9.0.0.0, Culture=neutral, PublicKeyToken=b03f5f7f11d50a3a" className="Test.SqlTest, Test" name="Math_Log" />
    </UnitTest>
    <UnitTest name="String_TrimEnd" storage="d:\alinq\source\trunk\test\bin\debug\test.dll" id="5df1feda-fe85-daf4-5b5c-6a6fd5640e0a">
      <Css projectStructure="" iteration="" />
      <Owners>
        <Owner name="" />
      </Owners>
      <TestMethod codeBase="D:\ALinq\Source\Trunk\Test\bin\Debug\Test.dll" adapterTypeName="Microsoft.VisualStudio.TestTools.TestTypes.Unit.UnitTestAdapter, Microsoft.VisualStudio.QualityTools.Tips.UnitTest.Adapter, Version=9.0.0.0, Culture=neutral, PublicKeyToken=b03f5f7f11d50a3a" className="Test.MySqlTest, Test" name="String_TrimEnd" />
    </UnitTest>
    <UnitTest name="GroupBy_Nested" storage="d:\alinq\source\trunk\test\bin\debug\test.dll" id="506f8d56-690e-a1df-526b-a685ae6d3a1b">
      <Css projectStructure="" iteration="" />
      <Owners>
        <Owner name="" />
      </Owners>
      <TestMethod codeBase="D:\ALinq\Source\Trunk\Test\bin\Debug\Test.dll" adapterTypeName="Microsoft.VisualStudio.TestTools.TestTypes.Unit.UnitTestAdapter, Microsoft.VisualStudio.QualityTools.Tips.UnitTest.Adapter, Version=9.0.0.0, Culture=neutral, PublicKeyToken=b03f5f7f11d50a3a" className="Test.SQLiteTest, Test" name="GroupBy_Nested" />
    </UnitTest>
    <UnitTest name="Convert_ToByte" storage="d:\alinq\source\trunk\test\bin\debug\test.dll" id="0f665854-1872-0cb2-f151-65f58a71cfe9">
      <Css projectStructure="" iteration="" />
      <Owners>
        <Owner name="" />
      </Owners>
      <TestMethod codeBase="D:\ALinq\Source\Trunk\Test\bin\Debug\Test.dll" adapterTypeName="Microsoft.VisualStudio.TestTools.TestTypes.Unit.UnitTestAdapter, Microsoft.VisualStudio.QualityTools.Tips.UnitTest.Adapter, Version=9.0.0.0, Culture=neutral, PublicKeyToken=b03f5f7f11d50a3a" className="Test.SQL2005Test, Test" name="Convert_ToByte" />
    </UnitTest>
    <UnitTest name="DataType_Char" storage="d:\alinq\source\trunk\test\bin\debug\test.dll" id="801844c7-090f-1580-9031-55e0401cd108">
      <Css projectStructure="" iteration="" />
      <Owners>
        <Owner name="" />
      </Owners>
      <TestMethod codeBase="D:\ALinq\Source\Trunk\Test\bin\Debug\Test.dll" adapterTypeName="Microsoft.VisualStudio.TestTools.TestTypes.Unit.UnitTestAdapter, Microsoft.VisualStudio.QualityTools.Tips.UnitTest.Adapter, Version=9.0.0.0, Culture=neutral, PublicKeyToken=b03f5f7f11d50a3a" className="Test.MySqlTest, Test" name="DataType_Char" />
    </UnitTest>
    <UnitTest name="Math_DivRem" storage="d:\alinq\source\trunk\test\bin\debug\test.dll" id="217add7d-219d-c18f-21a5-220944ec976e">
      <Css projectStructure="" iteration="" />
      <Owners>
        <Owner name="" />
      </Owners>
      <TestMethod codeBase="D:\ALinq\Source\Trunk\Test\bin\Debug\Test.dll" adapterTypeName="Microsoft.VisualStudio.TestTools.TestTypes.Unit.UnitTestAdapter, Microsoft.VisualStudio.QualityTools.Tips.UnitTest.Adapter, Version=9.0.0.0, Culture=neutral, PublicKeyToken=b03f5f7f11d50a3a" className="Test.SQL2005Test, Test" name="Math_DivRem" />
    </UnitTest>
    <UnitTest name="Math_Asin" storage="d:\alinq\source\trunk\test\bin\debug\test.dll" id="421a3368-63eb-e814-e12d-82c780067350">
      <Css projectStructure="" iteration="" />
      <Owners>
        <Owner name="" />
      </Owners>
      <TestMethod codeBase="D:\ALinq\Source\Trunk\Test\bin\Debug\Test.dll" adapterTypeName="Microsoft.VisualStudio.TestTools.TestTypes.Unit.UnitTestAdapter, Microsoft.VisualStudio.QualityTools.Tips.UnitTest.Adapter, Version=9.0.0.0, Culture=neutral, PublicKeyToken=b03f5f7f11d50a3a" className="Test.FirebirdTest, Test" name="Math_Asin" />
    </UnitTest>
    <UnitTest name="DeleteTable" storage="d:\alinq\source\trunk\test\bin\debug\test.dll" id="2bab8e0a-bd8f-eecb-bab6-8aa032163100">
      <Css projectStructure="" iteration="" />
      <Owners>
        <Owner name="" />
      </Owners>
      <TestMethod codeBase="D:\ALinq\Source\Trunk\Test\bin\Debug\Test.dll" adapterTypeName="Microsoft.VisualStudio.TestTools.TestTypes.Unit.UnitTestAdapter, Microsoft.VisualStudio.QualityTools.Tips.UnitTest.Adapter, Version=9.0.0.0, Culture=neutral, PublicKeyToken=b03f5f7f11d50a3a" className="Test.SQL2005Test, Test" name="DeleteTable" />
    </UnitTest>
    <UnitTest name="DateTime_AddSeconds" storage="d:\alinq\source\trunk\test\bin\debug\test.dll" id="d2974de0-9805-c930-307a-109d1611c00f">
      <Css projectStructure="" iteration="" />
      <Owners>
        <Owner name="" />
      </Owners>
      <TestMethod codeBase="D:\ALinq\Source\Trunk\Test\bin\Debug\Test.dll" adapterTypeName="Microsoft.VisualStudio.TestTools.TestTypes.Unit.UnitTestAdapter, Microsoft.VisualStudio.QualityTools.Tips.UnitTest.Adapter, Version=9.0.0.0, Culture=neutral, PublicKeyToken=b03f5f7f11d50a3a" className="Test.DB2Test, Test" name="DateTime_AddSeconds" />
    </UnitTest>
    <UnitTest name="StringConcat" storage="d:\alinq\source\trunk\test\bin\debug\test.dll" id="fe800c33-82d2-cbdd-80de-fd9cb612c89d">
      <Css projectStructure="" iteration="" />
      <Owners>
        <Owner name="" />
      </Owners>
      <TestMethod codeBase="D:\ALinq\Source\Trunk\Test\bin\Debug\Test.dll" adapterTypeName="Microsoft.VisualStudio.TestTools.TestTypes.Unit.UnitTestAdapter, Microsoft.VisualStudio.QualityTools.Tips.UnitTest.Adapter, Version=9.0.0.0, Culture=neutral, PublicKeyToken=b03f5f7f11d50a3a" className="Test.MySqlTest, Test" name="StringConcat" />
    </UnitTest>
    <UnitTest name="DateTime_DayOfWeek" storage="d:\alinq\source\trunk\test\bin\debug\test.dll" id="cfd37f11-67e6-9fc1-04d1-adfd19f0a0bd">
      <Css projectStructure="" iteration="" />
      <Owners>
        <Owner name="" />
      </Owners>
      <TestMethod codeBase="D:\ALinq\Source\Trunk\Test\bin\Debug\Test.dll" adapterTypeName="Microsoft.VisualStudio.TestTools.TestTypes.Unit.UnitTestAdapter, Microsoft.VisualStudio.QualityTools.Tips.UnitTest.Adapter, Version=9.0.0.0, Culture=neutral, PublicKeyToken=b03f5f7f11d50a3a" className="Test.PgsqlTest, Test" name="DateTime_DayOfWeek" />
    </UnitTest>
    <UnitTest name="Intersect" storage="d:\alinq\source\trunk\test\bin\debug\test.dll" id="304675bc-04ca-d98c-dfac-4193276e66bf">
      <Css projectStructure="" iteration="" />
      <Owners>
        <Owner name="" />
      </Owners>
      <TestMethod codeBase="D:\ALinq\Source\Trunk\Test\bin\Debug\Test.dll" adapterTypeName="Microsoft.VisualStudio.TestTools.TestTypes.Unit.UnitTestAdapter, Microsoft.VisualStudio.QualityTools.Tips.UnitTest.Adapter, Version=9.0.0.0, Culture=neutral, PublicKeyToken=b03f5f7f11d50a3a" className="Test.MySqlTest, Test" name="Intersect" />
    </UnitTest>
    <UnitTest name="GroupBy_Sum" storage="d:\alinq\source\trunk\test\bin\debug\test.dll" id="1666332f-a49b-36c5-1816-7fe7d472894f">
      <Css projectStructure="" iteration="" />
      <Owners>
        <Owner name="" />
      </Owners>
      <TestMethod codeBase="D:\ALinq\Source\Trunk\Test\bin\Debug\Test.dll" adapterTypeName="Microsoft.VisualStudio.TestTools.TestTypes.Unit.UnitTestAdapter, Microsoft.VisualStudio.QualityTools.Tips.UnitTest.Adapter, Version=9.0.0.0, Culture=neutral, PublicKeyToken=b03f5f7f11d50a3a" className="Test.SqlTest, Test" name="GroupBy_Sum" />
    </UnitTest>
    <UnitTest name="AddProduct" storage="d:\alinq\source\trunk\test\bin\debug\test.dll" id="fc46b21d-6102-47f3-7575-704f5e0dc69f">
      <Css projectStructure="" iteration="" />
      <Owners>
        <Owner name="" />
      </Owners>
      <TestMethod codeBase="D:\ALinq\Source\Trunk\Test\bin\Debug\Test.dll" adapterTypeName="Microsoft.VisualStudio.TestTools.TestTypes.Unit.UnitTestAdapter, Microsoft.VisualStudio.QualityTools.Tips.UnitTest.Adapter, Version=9.0.0.0, Culture=neutral, PublicKeyToken=b03f5f7f11d50a3a" className="Test.MySqlProcedureTest, Test" name="AddProduct" />
    </UnitTest>
    <UnitTest name="OrderBy_Simple" storage="d:\alinq\source\trunk\test\bin\debug\test.dll" id="12cb596a-de71-6273-7328-856263c9d0ec">
      <Css projectStructure="" iteration="" />
      <Owners>
        <Owner name="" />
      </Owners>
      <TestMethod codeBase="D:\ALinq\Source\Trunk\Test\bin\Debug\Test.dll" adapterTypeName="Microsoft.VisualStudio.TestTools.TestTypes.Unit.UnitTestAdapter, Microsoft.VisualStudio.QualityTools.Tips.UnitTest.Adapter, Version=9.0.0.0, Culture=neutral, PublicKeyToken=b03f5f7f11d50a3a" className="Test.MySqlTest, Test" name="OrderBy_Simple" />
    </UnitTest>
    <UnitTest name="DataType_Int64" storage="d:\alinq\source\trunk\test\bin\debug\test.dll" id="4975ace3-bbc2-2cd2-ead0-2fd2d67db446">
      <Css projectStructure="" iteration="" />
      <Owners>
        <Owner name="" />
      </Owners>
      <TestMethod codeBase="D:\ALinq\Source\Trunk\Test\bin\Debug\Test.dll" adapterTypeName="Microsoft.VisualStudio.TestTools.TestTypes.Unit.UnitTestAdapter, Microsoft.VisualStudio.QualityTools.Tips.UnitTest.Adapter, Version=9.0.0.0, Culture=neutral, PublicKeyToken=b03f5f7f11d50a3a" className="Test.OdpOracleTest, Test" name="DataType_Int64" />
    </UnitTest>
    <UnitTest name="StringRelace" storage="d:\alinq\source\trunk\test\bin\debug\test.dll" id="78bfd9df-5d60-036d-f959-bd480eca276e">
      <Css projectStructure="" iteration="" />
      <Owners>
        <Owner name="" />
      </Owners>
      <TestMethod codeBase="D:\ALinq\Source\Trunk\Test\bin\Debug\Test.dll" adapterTypeName="Microsoft.VisualStudio.TestTools.TestTypes.Unit.UnitTestAdapter, Microsoft.VisualStudio.QualityTools.Tips.UnitTest.Adapter, Version=9.0.0.0, Culture=neutral, PublicKeyToken=b03f5f7f11d50a3a" className="Test.MySqlTest, Test" name="StringRelace" />
    </UnitTest>
    <UnitTest name="CreateDatabase" storage="d:\alinq\source\trunk\test\bin\debug\test.dll" id="c229d7fc-c8e3-a81b-1759-74337797c0eb">
      <Css projectStructure="" iteration="" />
      <Owners>
        <Owner name="" />
      </Owners>
      <TestMethod codeBase="D:\ALinq\Source\Trunk\Test\bin\Debug\Test.dll" adapterTypeName="Microsoft.VisualStudio.TestTools.TestTypes.Unit.UnitTestAdapter, Microsoft.VisualStudio.QualityTools.Tips.UnitTest.Adapter, Version=9.0.0.0, Culture=neutral, PublicKeyToken=b03f5f7f11d50a3a" className="Test.MySqlTest, Test" name="CreateDatabase" />
    </UnitTest>
    <UnitTest name="OrderBy_GroupBy" storage="d:\alinq\source\trunk\test\bin\debug\test.dll" id="3005cf59-060a-9cb2-5d15-06fd438556f3">
      <Css projectStructure="" iteration="" />
      <Owners>
        <Owner name="" />
      </Owners>
      <TestMethod codeBase="D:\ALinq\Source\Trunk\Test\bin\Debug\Test.dll" adapterTypeName="Microsoft.VisualStudio.TestTools.TestTypes.Unit.UnitTestAdapter, Microsoft.VisualStudio.QualityTools.Tips.UnitTest.Adapter, Version=9.0.0.0, Culture=neutral, PublicKeyToken=b03f5f7f11d50a3a" className="Test.DB2Test, Test" name="OrderBy_GroupBy" />
    </UnitTest>
    <UnitTest name="All_Grouped" storage="d:\alinq\source\trunk\test\bin\debug\test.dll" id="962cbdfe-3f57-b945-228f-23c984ec5dbd">
      <Css projectStructure="" iteration="" />
      <Owners>
        <Owner name="" />
      </Owners>
      <TestMethod codeBase="D:\ALinq\Source\Trunk\Test\bin\Debug\Test.dll" adapterTypeName="Microsoft.VisualStudio.TestTools.TestTypes.Unit.UnitTestAdapter, Microsoft.VisualStudio.QualityTools.Tips.UnitTest.Adapter, Version=9.0.0.0, Culture=neutral, PublicKeyToken=b03f5f7f11d50a3a" className="Test.SqlTest, Test" name="All_Grouped" />
    </UnitTest>
    <UnitTest name="Convert_ToInt32" storage="d:\alinq\source\trunk\test\bin\debug\test.dll" id="1c4034f6-c227-fdfc-da54-57a95fb8d950">
      <Css projectStructure="" iteration="" />
      <Owners>
        <Owner name="" />
      </Owners>
      <TestMethod codeBase="D:\ALinq\Source\Trunk\Test\bin\Debug\Test.dll" adapterTypeName="Microsoft.VisualStudio.TestTools.TestTypes.Unit.UnitTestAdapter, Microsoft.VisualStudio.QualityTools.Tips.UnitTest.Adapter, Version=9.0.0.0, Culture=neutral, PublicKeyToken=b03f5f7f11d50a3a" className="Test.SQL2005Test, Test" name="Convert_ToInt32" />
    </UnitTest>
    <UnitTest name="Sum_Empty" storage="d:\alinq\source\trunk\test\bin\debug\test.dll" id="01c8780d-133e-1574-5006-9f1af7739953">
      <Css projectStructure="" iteration="" />
      <Owners>
        <Owner name="" />
      </Owners>
      <TestMethod codeBase="D:\ALinq\Source\Trunk\Test\bin\Debug\Test.dll" adapterTypeName="Microsoft.VisualStudio.TestTools.TestTypes.Unit.UnitTestAdapter, Microsoft.VisualStudio.QualityTools.Tips.UnitTest.Adapter, Version=9.0.0.0, Culture=neutral, PublicKeyToken=b03f5f7f11d50a3a" className="Test.SQL2005Test, Test" name="Sum_Empty" />
    </UnitTest>
    <UnitTest name="TablesTest" storage="d:\alinq\source\trunk\test\bin\debug\test.dll" id="a2fcfe72-bb9f-3aa3-468b-9f451b7da6a2">
      <Css projectStructure="" iteration="" />
      <Owners>
        <Owner name="" />
      </Owners>
      <TestMethod codeBase="D:\ALinq\Source\Trunk\Test\bin\Debug\Test.dll" adapterTypeName="Microsoft.VisualStudio.TestTools.TestTypes.Unit.UnitTestAdapter, Microsoft.VisualStudio.QualityTools.Tips.UnitTest.Adapter, Version=9.0.0.0, Culture=neutral, PublicKeyToken=b03f5f7f11d50a3a" className="Test.DynamicData.DataModelProviderTest, Test" name="TablesTest" />
    </UnitTest>
    <UnitTest name="String_Char" storage="d:\alinq\source\trunk\test\bin\debug\test.dll" id="8d3437a6-a778-4d39-92f5-41a34efa3932">
      <Css projectStructure="" iteration="" />
      <Owners>
        <Owner name="" />
      </Owners>
      <TestMethod codeBase="D:\ALinq\Source\Trunk\Test\bin\Debug\Test.dll" adapterTypeName="Microsoft.VisualStudio.TestTools.TestTypes.Unit.UnitTestAdapter, Microsoft.VisualStudio.QualityTools.Tips.UnitTest.Adapter, Version=9.0.0.0, Culture=neutral, PublicKeyToken=b03f5f7f11d50a3a" className="Test.FirebirdTest, Test" name="String_Char" />
    </UnitTest>
    <UnitTest name="String_ToLower1" storage="d:\alinq\source\trunk\test\bin\debug\test.dll" id="7401a7aa-da10-9474-a12d-6da3d98ecf91">
      <Css projectStructure="" iteration="" />
      <Owners>
        <Owner name="" />
      </Owners>
      <TestMethod codeBase="D:\ALinq\Source\Trunk\Test\bin\Debug\Test.dll" adapterTypeName="Microsoft.VisualStudio.TestTools.TestTypes.Unit.UnitTestAdapter, Microsoft.VisualStudio.QualityTools.Tips.UnitTest.Adapter, Version=9.0.0.0, Culture=neutral, PublicKeyToken=b03f5f7f11d50a3a" className="Test.SqlTest, Test" name="String_ToLower1" />
    </UnitTest>
    <UnitTest name="Intersect" storage="d:\alinq\source\trunk\test\bin\debug\test.dll" id="47810429-fd7e-6199-8ef3-b243f40bc945">
      <Css projectStructure="" iteration="" />
      <Owners>
        <Owner name="" />
      </Owners>
      <TestMethod codeBase="D:\ALinq\Source\Trunk\Test\bin\Debug\Test.dll" adapterTypeName="Microsoft.VisualStudio.TestTools.TestTypes.Unit.UnitTestAdapter, Microsoft.VisualStudio.QualityTools.Tips.UnitTest.Adapter, Version=9.0.0.0, Culture=neutral, PublicKeyToken=b03f5f7f11d50a3a" className="Test.NorOracleTest, Test" name="Intersect" />
    </UnitTest>
    <UnitTest name="Where_Simple2" storage="d:\alinq\source\trunk\test\bin\debug\test.dll" id="427dc8d9-8412-17e9-0571-9615db6c4050">
      <Css projectStructure="" iteration="" />
      <Owners>
        <Owner name="" />
      </Owners>
      <TestMethod codeBase="D:\ALinq\Source\Trunk\Test\bin\Debug\Test.dll" adapterTypeName="Microsoft.VisualStudio.TestTools.TestTypes.Unit.UnitTestAdapter, Microsoft.VisualStudio.QualityTools.Tips.UnitTest.Adapter, Version=9.0.0.0, Culture=neutral, PublicKeyToken=b03f5f7f11d50a3a" className="Test.SQL2000Test, Test" name="Where_Simple2" />
    </UnitTest>
    <UnitTest name="Min_Projection" storage="d:\alinq\source\trunk\test\bin\debug\test.dll" id="e4341c88-96c7-1f13-ac5d-4965de334db3">
      <Css projectStructure="" iteration="" />
      <Owners>
        <Owner name="" />
      </Owners>
      <TestMethod codeBase="D:\ALinq\Source\Trunk\Test\bin\Debug\Test.dll" adapterTypeName="Microsoft.VisualStudio.TestTools.TestTypes.Unit.UnitTestAdapter, Microsoft.VisualStudio.QualityTools.Tips.UnitTest.Adapter, Version=9.0.0.0, Culture=neutral, PublicKeyToken=b03f5f7f11d50a3a" className="Test.OdpOracleTest, Test" name="Min_Projection" />
    </UnitTest>
    <UnitTest name="OrderBy_Conditional" storage="d:\alinq\source\trunk\test\bin\debug\test.dll" id="57054b51-ad02-6406-d7f8-1027899d6924">
      <Css projectStructure="" iteration="" />
      <Owners>
        <Owner name="" />
      </Owners>
      <TestMethod codeBase="D:\ALinq\Source\Trunk\Test\bin\Debug\Test.dll" adapterTypeName="Microsoft.VisualStudio.TestTools.TestTypes.Unit.UnitTestAdapter, Microsoft.VisualStudio.QualityTools.Tips.UnitTest.Adapter, Version=9.0.0.0, Culture=neutral, PublicKeyToken=b03f5f7f11d50a3a" className="Test.FirebirdTest, Test" name="OrderBy_Conditional" />
    </UnitTest>
    <UnitTest name="Math_Log" storage="d:\alinq\source\trunk\test\bin\debug\test.dll" id="4f29b5e9-2c61-ede5-bf6c-101fed6f092f">
      <Css projectStructure="" iteration="" />
      <Owners>
        <Owner name="" />
      </Owners>
      <TestMethod codeBase="D:\ALinq\Source\Trunk\Test\bin\Debug\Test.dll" adapterTypeName="Microsoft.VisualStudio.TestTools.TestTypes.Unit.UnitTestAdapter, Microsoft.VisualStudio.QualityTools.Tips.UnitTest.Adapter, Version=9.0.0.0, Culture=neutral, PublicKeyToken=b03f5f7f11d50a3a" className="Test.DB2Test, Test" name="Math_Log" />
    </UnitTest>
    <UnitTest name="String_Substring1" storage="d:\alinq\source\trunk\test\bin\debug\test.dll" id="ad6d5818-61c3-de37-b09c-1155359ca4e3">
      <Css projectStructure="" iteration="" />
      <Owners>
        <Owner name="" />
      </Owners>
      <TestMethod codeBase="D:\ALinq\Source\Trunk\Test\bin\Debug\Test.dll" adapterTypeName="Microsoft.VisualStudio.TestTools.TestTypes.Unit.UnitTestAdapter, Microsoft.VisualStudio.QualityTools.Tips.UnitTest.Adapter, Version=9.0.0.0, Culture=neutral, PublicKeyToken=b03f5f7f11d50a3a" className="Test.SQL2000Test, Test" name="String_Substring1" />
    </UnitTest>
    <UnitTest name="CreateDatabase" storage="d:\alinq\source\trunk\test\bin\debug\test.dll" id="85b8bc72-a9f3-181d-db61-bae6e8164e7b">
      <Css projectStructure="" iteration="" />
      <Owners>
        <Owner name="" />
      </Owners>
      <TestMethod codeBase="D:\ALinq\Source\Trunk\Test\bin\Debug\Test.dll" adapterTypeName="Microsoft.VisualStudio.TestTools.TestTypes.Unit.UnitTestAdapter, Microsoft.VisualStudio.QualityTools.Tips.UnitTest.Adapter, Version=9.0.0.0, Culture=neutral, PublicKeyToken=b03f5f7f11d50a3a" className="Test.NorOracleTest, Test" name="CreateDatabase" />
    </UnitTest>
    <UnitTest name="Insert_Inherit" storage="d:\alinq\source\trunk\test\bin\debug\test.dll" id="a98c1b63-6e1b-1d8f-503f-e02f93a6ec79">
      <Css projectStructure="" iteration="" />
      <Owners>
        <Owner name="" />
      </Owners>
      <TestMethod codeBase="D:\ALinq\Source\Trunk\Test\bin\Debug\Test.dll" adapterTypeName="Microsoft.VisualStudio.TestTools.TestTypes.Unit.UnitTestAdapter, Microsoft.VisualStudio.QualityTools.Tips.UnitTest.Adapter, Version=9.0.0.0, Culture=neutral, PublicKeyToken=b03f5f7f11d50a3a" className="Test.AccessTest, Test" name="Insert_Inherit" />
    </UnitTest>
    <UnitTest name="Math_BigMul" storage="d:\alinq\source\trunk\test\bin\debug\test.dll" id="40edb993-b675-aa40-daab-18aabece8d6e">
      <Css projectStructure="" iteration="" />
      <Owners>
        <Owner name="" />
      </Owners>
      <TestMethod codeBase="D:\ALinq\Source\Trunk\Test\bin\Debug\Test.dll" adapterTypeName="Microsoft.VisualStudio.TestTools.TestTypes.Unit.UnitTestAdapter, Microsoft.VisualStudio.QualityTools.Tips.UnitTest.Adapter, Version=9.0.0.0, Culture=neutral, PublicKeyToken=b03f5f7f11d50a3a" className="Test.PgsqlTest, Test" name="Math_BigMul" />
    </UnitTest>
    <UnitTest name="SelectMany_MultipleFrom" storage="d:\alinq\source\trunk\test\bin\debug\test.dll" id="283c501e-ff4f-2211-3a99-ef02ae643795">
      <Css projectStructure="" iteration="" />
      <Owners>
        <Owner name="" />
      </Owners>
      <TestMethod codeBase="D:\ALinq\Source\Trunk\Test\bin\Debug\Test.dll" adapterTypeName="Microsoft.VisualStudio.TestTools.TestTypes.Unit.UnitTestAdapter, Microsoft.VisualStudio.QualityTools.Tips.UnitTest.Adapter, Version=9.0.0.0, Culture=neutral, PublicKeyToken=b03f5f7f11d50a3a" className="Test.NorOracleTest, Test" name="SelectMany_MultipleFrom" />
    </UnitTest>
    <UnitTest name="StringLength" storage="d:\alinq\source\trunk\test\bin\debug\test.dll" id="a0bd8bba-e80f-7eb2-3759-f7bfef212e79">
      <Css projectStructure="" iteration="" />
      <Owners>
        <Owner name="" />
      </Owners>
      <TestMethod codeBase="D:\ALinq\Source\Trunk\Test\bin\Debug\Test.dll" adapterTypeName="Microsoft.VisualStudio.TestTools.TestTypes.Unit.UnitTestAdapter, Microsoft.VisualStudio.QualityTools.Tips.UnitTest.Adapter, Version=9.0.0.0, Culture=neutral, PublicKeyToken=b03f5f7f11d50a3a" className="Test.FirebirdTest, Test" name="StringLength" />
    </UnitTest>
    <UnitTest name="GroupBy_Simple" storage="d:\alinq\source\trunk\test\bin\debug\test.dll" id="09bbe8af-8c4e-3d76-d24e-52045ab02ef1">
      <Css projectStructure="" iteration="" />
      <Owners>
        <Owner name="" />
      </Owners>
      <TestMethod codeBase="D:\ALinq\Source\Trunk\Test\bin\Debug\Test.dll" adapterTypeName="Microsoft.VisualStudio.TestTools.TestTypes.Unit.UnitTestAdapter, Microsoft.VisualStudio.QualityTools.Tips.UnitTest.Adapter, Version=9.0.0.0, Culture=neutral, PublicKeyToken=b03f5f7f11d50a3a" className="Test.OdpOracleTest, Test" name="GroupBy_Simple" />
    </UnitTest>
    <UnitTest name="Join_OnToMany" storage="d:\alinq\source\trunk\test\bin\debug\test.dll" id="7bf33c8d-90c3-5afa-a33f-4d9d135a6446">
      <Css projectStructure="" iteration="" />
      <Owners>
        <Owner name="" />
      </Owners>
      <TestMethod codeBase="D:\ALinq\Source\Trunk\Test\bin\Debug\Test.dll" adapterTypeName="Microsoft.VisualStudio.TestTools.TestTypes.Unit.UnitTestAdapter, Microsoft.VisualStudio.QualityTools.Tips.UnitTest.Adapter, Version=9.0.0.0, Culture=neutral, PublicKeyToken=b03f5f7f11d50a3a" className="Test.SQL2005Test, Test" name="Join_OnToMany" />
    </UnitTest>
    <UnitTest name="StringRemove" storage="d:\alinq\source\trunk\test\bin\debug\test.dll" id="3adf49b8-ab7e-ec5b-9b2c-51e7ea6f3451">
      <Css projectStructure="" iteration="" />
      <Owners>
        <Owner name="" />
      </Owners>
      <TestMethod codeBase="D:\ALinq\Source\Trunk\Test\bin\Debug\Test.dll" adapterTypeName="Microsoft.VisualStudio.TestTools.TestTypes.Unit.UnitTestAdapter, Microsoft.VisualStudio.QualityTools.Tips.UnitTest.Adapter, Version=9.0.0.0, Culture=neutral, PublicKeyToken=b03f5f7f11d50a3a" className="Test.AccessTest, Test" name="StringRemove" />
    </UnitTest>
    <UnitTest name="Math_Sign" storage="d:\alinq\source\trunk\test\bin\debug\test.dll" id="02b29050-6325-0313-5807-38e4a3011962">
      <Css projectStructure="" iteration="" />
      <Owners>
        <Owner name="" />
      </Owners>
      <TestMethod codeBase="D:\ALinq\Source\Trunk\Test\bin\Debug\Test.dll" adapterTypeName="Microsoft.VisualStudio.TestTools.TestTypes.Unit.UnitTestAdapter, Microsoft.VisualStudio.QualityTools.Tips.UnitTest.Adapter, Version=9.0.0.0, Culture=neutral, PublicKeyToken=b03f5f7f11d50a3a" className="Test.OdpOracleTest, Test" name="Math_Sign" />
    </UnitTest>
    <UnitTest name="Inherit" storage="d:\alinq\source\trunk\test\bin\debug\test.dll" id="352e79c1-3ff4-3f30-ff47-fdc143865ac5">
      <Css projectStructure="" iteration="" />
      <Owners>
        <Owner name="" />
      </Owners>
      <TestMethod codeBase="D:\ALinq\Source\Trunk\Test\bin\Debug\Test.dll" adapterTypeName="Microsoft.VisualStudio.TestTools.TestTypes.Unit.UnitTestAdapter, Microsoft.VisualStudio.QualityTools.Tips.UnitTest.Adapter, Version=9.0.0.0, Culture=neutral, PublicKeyToken=b03f5f7f11d50a3a" className="Test.PgsqlTest, Test" name="Inherit" />
    </UnitTest>
    <UnitTest name="StringStartsWith" storage="d:\alinq\source\trunk\test\bin\debug\test.dll" id="707d5c1b-55bb-2124-d48c-a3b571ec5c86">
      <Css projectStructure="" iteration="" />
      <Owners>
        <Owner name="" />
      </Owners>
      <TestMethod codeBase="D:\ALinq\Source\Trunk\Test\bin\Debug\Test.dll" adapterTypeName="Microsoft.VisualStudio.TestTools.TestTypes.Unit.UnitTestAdapter, Microsoft.VisualStudio.QualityTools.Tips.UnitTest.Adapter, Version=9.0.0.0, Culture=neutral, PublicKeyToken=b03f5f7f11d50a3a" className="Test.SQLiteTest, Test" name="StringStartsWith" />
    </UnitTest>
    <UnitTest name="DateTime_AddMonths" storage="d:\alinq\source\trunk\test\bin\debug\test.dll" id="b14b9680-e053-5301-2fa6-170deea78e1e">
      <Css projectStructure="" iteration="" />
      <Owners>
        <Owner name="" />
      </Owners>
      <TestMethod codeBase="D:\ALinq\Source\Trunk\Test\bin\Debug\Test.dll" adapterTypeName="Microsoft.VisualStudio.TestTools.TestTypes.Unit.UnitTestAdapter, Microsoft.VisualStudio.QualityTools.Tips.UnitTest.Adapter, Version=9.0.0.0, Culture=neutral, PublicKeyToken=b03f5f7f11d50a3a" className="Test.FirebirdTest, Test" name="DateTime_AddMonths" />
    </UnitTest>
    <UnitTest name="Convert_ToDateTime" storage="d:\alinq\source\trunk\test\bin\debug\test.dll" id="ad6e0c0f-a20a-9df4-ec89-afbc4b3bd66c">
      <Css projectStructure="" iteration="" />
      <Owners>
        <Owner name="" />
      </Owners>
      <TestMethod codeBase="D:\ALinq\Source\Trunk\Test\bin\Debug\Test.dll" adapterTypeName="Microsoft.VisualStudio.TestTools.TestTypes.Unit.UnitTestAdapter, Microsoft.VisualStudio.QualityTools.Tips.UnitTest.Adapter, Version=9.0.0.0, Culture=neutral, PublicKeyToken=b03f5f7f11d50a3a" className="Test.NorOracleTest, Test" name="Convert_ToDateTime" />
    </UnitTest>
    <UnitTest name="String_ToUpper1" storage="d:\alinq\source\trunk\test\bin\debug\test.dll" id="f8313e25-0561-11bf-7930-bfba1592abb8">
      <Css projectStructure="" iteration="" />
      <Owners>
        <Owner name="" />
      </Owners>
      <TestMethod codeBase="D:\ALinq\Source\Trunk\Test\bin\Debug\Test.dll" adapterTypeName="Microsoft.VisualStudio.TestTools.TestTypes.Unit.UnitTestAdapter, Microsoft.VisualStudio.QualityTools.Tips.UnitTest.Adapter, Version=9.0.0.0, Culture=neutral, PublicKeyToken=b03f5f7f11d50a3a" className="Test.SQL2005Test, Test" name="String_ToUpper1" />
    </UnitTest>
    <UnitTest name="StringSubstring" storage="d:\alinq\source\trunk\test\bin\debug\test.dll" id="97c17799-d9c4-f957-0ce0-8f0029372c2e">
      <Css projectStructure="" iteration="" />
      <Owners>
        <Owner name="" />
      </Owners>
      <TestMethod codeBase="D:\ALinq\Source\Trunk\Test\bin\Debug\Test.dll" adapterTypeName="Microsoft.VisualStudio.TestTools.TestTypes.Unit.UnitTestAdapter, Microsoft.VisualStudio.QualityTools.Tips.UnitTest.Adapter, Version=9.0.0.0, Culture=neutral, PublicKeyToken=b03f5f7f11d50a3a" className="Test.PgsqlTest, Test" name="StringSubstring" />
    </UnitTest>
    <UnitTest name="Select_AnonymousType" storage="d:\alinq\source\trunk\test\bin\debug\test.dll" id="dd0e6f47-ed6d-edd5-967a-f79a497523ca">
      <Css projectStructure="" iteration="" />
      <Owners>
        <Owner name="" />
      </Owners>
      <TestMethod codeBase="D:\ALinq\Source\Trunk\Test\bin\Debug\Test.dll" adapterTypeName="Microsoft.VisualStudio.TestTools.TestTypes.Unit.UnitTestAdapter, Microsoft.VisualStudio.QualityTools.Tips.UnitTest.Adapter, Version=9.0.0.0, Culture=neutral, PublicKeyToken=b03f5f7f11d50a3a" className="Test.SqlTest, Test" name="Select_AnonymousType" />
    </UnitTest>
    <UnitTest name="Select_LocalMethodCall" storage="d:\alinq\source\trunk\test\bin\debug\test.dll" id="b2bb6fbf-9b36-e99b-7d27-9dd426486809">
      <Css projectStructure="" iteration="" />
      <Owners>
        <Owner name="" />
      </Owners>
      <TestMethod codeBase="D:\ALinq\Source\Trunk\Test\bin\Debug\Test.dll" adapterTypeName="Microsoft.VisualStudio.TestTools.TestTypes.Unit.UnitTestAdapter, Microsoft.VisualStudio.QualityTools.Tips.UnitTest.Adapter, Version=9.0.0.0, Culture=neutral, PublicKeyToken=b03f5f7f11d50a3a" className="Test.AccessTest, Test" name="Select_LocalMethodCall" />
    </UnitTest>
    <UnitTest name="CreateTale" storage="d:\alinq\source\trunk\test\bin\debug\test.dll" id="8f9ba2b5-3937-3a98-4b02-e1884e1ad025">
      <Css projectStructure="" iteration="" />
      <Owners>
        <Owner name="" />
      </Owners>
      <TestMethod codeBase="D:\ALinq\Source\Trunk\Test\bin\Debug\Test.dll" adapterTypeName="Microsoft.VisualStudio.TestTools.TestTypes.Unit.UnitTestAdapter, Microsoft.VisualStudio.QualityTools.Tips.UnitTest.Adapter, Version=9.0.0.0, Culture=neutral, PublicKeyToken=b03f5f7f11d50a3a" className="Test.PgsqlTest, Test" name="CreateTale" />
    </UnitTest>
    <UnitTest name="Association" storage="d:\alinq\source\trunk\test\bin\debug\test.dll" id="a1bbd654-2ba1-8938-9a19-d4910aa84acd">
      <Css projectStructure="" iteration="" />
      <Owners>
        <Owner name="" />
      </Owners>
      <TestMethod codeBase="D:\ALinq\Source\Trunk\Test\bin\Debug\Test.dll" adapterTypeName="Microsoft.VisualStudio.TestTools.TestTypes.Unit.UnitTestAdapter, Microsoft.VisualStudio.QualityTools.Tips.UnitTest.Adapter, Version=9.0.0.0, Culture=neutral, PublicKeyToken=b03f5f7f11d50a3a" className="Test.DB2Test, Test" name="Association" />
    </UnitTest>
    <UnitTest name="OrderBy_Simple" storage="d:\alinq\source\trunk\test\bin\debug\test.dll" id="5c564969-1eba-3f81-b7a3-bba2f87fb78b">
      <Css projectStructure="" iteration="" />
      <Owners>
        <Owner name="" />
      </Owners>
      <TestMethod codeBase="D:\ALinq\Source\Trunk\Test\bin\Debug\Test.dll" adapterTypeName="Microsoft.VisualStudio.TestTools.TestTypes.Unit.UnitTestAdapter, Microsoft.VisualStudio.QualityTools.Tips.UnitTest.Adapter, Version=9.0.0.0, Culture=neutral, PublicKeyToken=b03f5f7f11d50a3a" className="Test.AccessTest, Test" name="OrderBy_Simple" />
    </UnitTest>
    <UnitTest name="DateTime_Year" storage="d:\alinq\source\trunk\test\bin\debug\test.dll" id="1b3561a7-e0d2-d7ba-5b76-39e02cdb372d">
      <Css projectStructure="" iteration="" />
      <Owners>
        <Owner name="" />
      </Owners>
      <TestMethod codeBase="D:\ALinq\Source\Trunk\Test\bin\Debug\Test.dll" adapterTypeName="Microsoft.VisualStudio.TestTools.TestTypes.Unit.UnitTestAdapter, Microsoft.VisualStudio.QualityTools.Tips.UnitTest.Adapter, Version=9.0.0.0, Culture=neutral, PublicKeyToken=b03f5f7f11d50a3a" className="Test.SQL2005Test, Test" name="DateTime_Year" />
    </UnitTest>
    <UnitTest name="DateTime_Month" storage="d:\alinq\source\trunk\test\bin\debug\test.dll" id="c5174b31-c9f1-11d3-a599-6c4e80984610">
      <Css projectStructure="" iteration="" />
      <Owners>
        <Owner name="" />
      </Owners>
      <TestMethod codeBase="D:\ALinq\Source\Trunk\Test\bin\Debug\Test.dll" adapterTypeName="Microsoft.VisualStudio.TestTools.TestTypes.Unit.UnitTestAdapter, Microsoft.VisualStudio.QualityTools.Tips.UnitTest.Adapter, Version=9.0.0.0, Culture=neutral, PublicKeyToken=b03f5f7f11d50a3a" className="Test.SQL2000Test, Test" name="DateTime_Month" />
    </UnitTest>
    <UnitTest name="GroupBy_Avg" storage="d:\alinq\source\trunk\test\bin\debug\test.dll" id="6696ab95-c1a8-37cc-861b-4cf81aa20930">
      <Css projectStructure="" iteration="" />
      <Owners>
        <Owner name="" />
      </Owners>
      <TestMethod codeBase="D:\ALinq\Source\Trunk\Test\bin\Debug\Test.dll" adapterTypeName="Microsoft.VisualStudio.TestTools.TestTypes.Unit.UnitTestAdapter, Microsoft.VisualStudio.QualityTools.Tips.UnitTest.Adapter, Version=9.0.0.0, Culture=neutral, PublicKeyToken=b03f5f7f11d50a3a" className="Test.AccessTest, Test" name="GroupBy_Avg" />
    </UnitTest>
    <UnitTest name="DataType_Int64" storage="d:\alinq\source\trunk\test\bin\debug\test.dll" id="f1390109-2a52-9dec-3310-fdf6a2d696f3">
      <Css projectStructure="" iteration="" />
      <Owners>
        <Owner name="" />
      </Owners>
      <TestMethod codeBase="D:\ALinq\Source\Trunk\Test\bin\Debug\Test.dll" adapterTypeName="Microsoft.VisualStudio.TestTools.TestTypes.Unit.UnitTestAdapter, Microsoft.VisualStudio.QualityTools.Tips.UnitTest.Adapter, Version=9.0.0.0, Culture=neutral, PublicKeyToken=b03f5f7f11d50a3a" className="Test.AccessTest, Test" name="DataType_Int64" />
    </UnitTest>
    <UnitTest name="Math_Atan2" storage="d:\alinq\source\trunk\test\bin\debug\test.dll" id="bb485838-67f1-24ad-84a0-2ec586a0d911">
      <Css projectStructure="" iteration="" />
      <Owners>
        <Owner name="" />
      </Owners>
      <TestMethod codeBase="D:\ALinq\Source\Trunk\Test\bin\Debug\Test.dll" adapterTypeName="Microsoft.VisualStudio.TestTools.TestTypes.Unit.UnitTestAdapter, Microsoft.VisualStudio.QualityTools.Tips.UnitTest.Adapter, Version=9.0.0.0, Culture=neutral, PublicKeyToken=b03f5f7f11d50a3a" className="Test.NorOracleTest, Test" name="Math_Atan2" />
    </UnitTest>
    <UnitTest name="Bitwise" storage="d:\alinq\source\trunk\test\bin\debug\test.dll" id="e5d10e9f-212d-665c-4c10-f0872974c33d">
      <Css projectStructure="" iteration="" />
      <Owners>
        <Owner name="" />
      </Owners>
      <TestMethod codeBase="D:\ALinq\Source\Trunk\Test\bin\Debug\Test.dll" adapterTypeName="Microsoft.VisualStudio.TestTools.TestTypes.Unit.UnitTestAdapter, Microsoft.VisualStudio.QualityTools.Tips.UnitTest.Adapter, Version=9.0.0.0, Culture=neutral, PublicKeyToken=b03f5f7f11d50a3a" className="Test.OdpOracleTest, Test" name="Bitwise" />
    </UnitTest>
    <UnitTest name="String_Trim" storage="d:\alinq\source\trunk\test\bin\debug\test.dll" id="046eeca6-31e2-0a93-ebf6-b22f34678a5c">
      <Css projectStructure="" iteration="" />
      <Owners>
        <Owner name="" />
      </Owners>
      <TestMethod codeBase="D:\ALinq\Source\Trunk\Test\bin\Debug\Test.dll" adapterTypeName="Microsoft.VisualStudio.TestTools.TestTypes.Unit.UnitTestAdapter, Microsoft.VisualStudio.QualityTools.Tips.UnitTest.Adapter, Version=9.0.0.0, Culture=neutral, PublicKeyToken=b03f5f7f11d50a3a" className="Test.SQL2000Test, Test" name="String_Trim" />
    </UnitTest>
    <UnitTest name="StringToUpper" storage="d:\alinq\source\trunk\test\bin\debug\test.dll" id="2c4a2ad4-50c5-51f4-6129-9af8ad8f735e">
      <Css projectStructure="" iteration="" />
      <Owners>
        <Owner name="" />
      </Owners>
      <TestMethod codeBase="D:\ALinq\Source\Trunk\Test\bin\Debug\Test.dll" adapterTypeName="Microsoft.VisualStudio.TestTools.TestTypes.Unit.UnitTestAdapter, Microsoft.VisualStudio.QualityTools.Tips.UnitTest.Adapter, Version=9.0.0.0, Culture=neutral, PublicKeyToken=b03f5f7f11d50a3a" className="Test.OdpOracleTest, Test" name="StringToUpper" />
    </UnitTest>
    <UnitTest name="GroupBy_Where" storage="d:\alinq\source\trunk\test\bin\debug\test.dll" id="ff9721c3-5c49-ecba-b049-cd17ecc4cc61">
      <Css projectStructure="" iteration="" />
      <Owners>
        <Owner name="" />
      </Owners>
      <TestMethod codeBase="D:\ALinq\Source\Trunk\Test\bin\Debug\Test.dll" adapterTypeName="Microsoft.VisualStudio.TestTools.TestTypes.Unit.UnitTestAdapter, Microsoft.VisualStudio.QualityTools.Tips.UnitTest.Adapter, Version=9.0.0.0, Culture=neutral, PublicKeyToken=b03f5f7f11d50a3a" className="Test.PgsqlTest, Test" name="GroupBy_Where" />
    </UnitTest>
    <UnitTest name="Join_OnToMany" storage="d:\alinq\source\trunk\test\bin\debug\test.dll" id="f71f8c70-5415-9cce-7d66-2f4187ade10a">
      <Css projectStructure="" iteration="" />
      <Owners>
        <Owner name="" />
      </Owners>
      <TestMethod codeBase="D:\ALinq\Source\Trunk\Test\bin\Debug\Test.dll" adapterTypeName="Microsoft.VisualStudio.TestTools.TestTypes.Unit.UnitTestAdapter, Microsoft.VisualStudio.QualityTools.Tips.UnitTest.Adapter, Version=9.0.0.0, Culture=neutral, PublicKeyToken=b03f5f7f11d50a3a" className="Test.SqlTest, Test" name="Join_OnToMany" />
    </UnitTest>
    <UnitTest name="AddCategory" storage="d:\alinq\source\trunk\test\bin\debug\test.dll" id="c778b01c-f3d8-fb72-0fc4-bbbeab382553">
      <Css projectStructure="" iteration="" />
      <Owners>
        <Owner name="" />
      </Owners>
      <TestMethod codeBase="D:\ALinq\Source\Trunk\Test\bin\Debug\Test.dll" adapterTypeName="Microsoft.VisualStudio.TestTools.TestTypes.Unit.UnitTestAdapter, Microsoft.VisualStudio.QualityTools.Tips.UnitTest.Adapter, Version=9.0.0.0, Culture=neutral, PublicKeyToken=b03f5f7f11d50a3a" className="Test.OdpOracleProcedureTest, Test" name="AddCategory" />
    </UnitTest>
    <UnitTest name="Math_Floor" storage="d:\alinq\source\trunk\test\bin\debug\test.dll" id="31ccd14b-6be8-5409-7de0-cd59f35dfad8">
      <Css projectStructure="" iteration="" />
      <Owners>
        <Owner name="" />
      </Owners>
      <TestMethod codeBase="D:\ALinq\Source\Trunk\Test\bin\Debug\Test.dll" adapterTypeName="Microsoft.VisualStudio.TestTools.TestTypes.Unit.UnitTestAdapter, Microsoft.VisualStudio.QualityTools.Tips.UnitTest.Adapter, Version=9.0.0.0, Culture=neutral, PublicKeyToken=b03f5f7f11d50a3a" className="Test.SqlTest, Test" name="Math_Floor" />
    </UnitTest>
    <UnitTest name="SingleOrDefault" storage="d:\alinq\source\trunk\test\bin\debug\test.dll" id="69b7b37a-eeb7-9825-9361-5035f5cf3f93">
      <Css projectStructure="" iteration="" />
      <Owners>
        <Owner name="" />
      </Owners>
      <TestMethod codeBase="D:\ALinq\Source\Trunk\Test\bin\Debug\Test.dll" adapterTypeName="Microsoft.VisualStudio.TestTools.TestTypes.Unit.UnitTestAdapter, Microsoft.VisualStudio.QualityTools.Tips.UnitTest.Adapter, Version=9.0.0.0, Culture=neutral, PublicKeyToken=b03f5f7f11d50a3a" className="Test.SqlTest, Test" name="SingleOrDefault" />
    </UnitTest>
    <UnitTest name="Where_Simple2" storage="d:\alinq\source\trunk\test\bin\debug\test.dll" id="89134715-4a91-b6f8-9b11-dec7ed4c855e">
      <Css projectStructure="" iteration="" />
      <Owners>
        <Owner name="" />
      </Owners>
      <TestMethod codeBase="D:\ALinq\Source\Trunk\Test\bin\Debug\Test.dll" adapterTypeName="Microsoft.VisualStudio.TestTools.TestTypes.Unit.UnitTestAdapter, Microsoft.VisualStudio.QualityTools.Tips.UnitTest.Adapter, Version=9.0.0.0, Culture=neutral, PublicKeyToken=b03f5f7f11d50a3a" className="Test.PgsqlTest, Test" name="Where_Simple2" />
    </UnitTest>
    <UnitTest name="DateTime_AddDays" storage="d:\alinq\source\trunk\test\bin\debug\test.dll" id="698588fd-dedf-98c6-ccff-def53f4443b5">
      <Css projectStructure="" iteration="" />
      <Owners>
        <Owner name="" />
      </Owners>
      <TestMethod codeBase="D:\ALinq\Source\Trunk\Test\bin\Debug\Test.dll" adapterTypeName="Microsoft.VisualStudio.TestTools.TestTypes.Unit.UnitTestAdapter, Microsoft.VisualStudio.QualityTools.Tips.UnitTest.Adapter, Version=9.0.0.0, Culture=neutral, PublicKeyToken=b03f5f7f11d50a3a" className="Test.SQL2000Test, Test" name="DateTime_AddDays" />
    </UnitTest>
    <UnitTest name="TableTest" storage="d:\alinq\source\trunk\test\bin\debug\test.dll" id="ef1357bc-527f-738b-fa75-e0ee41b8e53b">
      <Css projectStructure="" iteration="" />
      <Owners>
        <Owner name="" />
      </Owners>
      <TestMethod codeBase="D:\ALinq\Source\Trunk\Test\bin\Debug\Test.dll" adapterTypeName="Microsoft.VisualStudio.TestTools.TestTypes.Unit.UnitTestAdapter, Microsoft.VisualStudio.QualityTools.Tips.UnitTest.Adapter, Version=9.0.0.0, Culture=neutral, PublicKeyToken=b03f5f7f11d50a3a" className="Test.AttributeMappingSourceTest, Test" name="TableTest" />
    </UnitTest>
    <UnitTest name="DateTime_Second" storage="d:\alinq\source\trunk\test\bin\debug\test.dll" id="1c24a77a-694e-cd18-4f01-a361c3ccac0f">
      <Css projectStructure="" iteration="" />
      <Owners>
        <Owner name="" />
      </Owners>
      <TestMethod codeBase="D:\ALinq\Source\Trunk\Test\bin\Debug\Test.dll" adapterTypeName="Microsoft.VisualStudio.TestTools.TestTypes.Unit.UnitTestAdapter, Microsoft.VisualStudio.QualityTools.Tips.UnitTest.Adapter, Version=9.0.0.0, Culture=neutral, PublicKeyToken=b03f5f7f11d50a3a" className="Test.DB2Test, Test" name="DateTime_Second" />
    </UnitTest>
    <UnitTest name="DateDiffMinute" storage="d:\alinq\source\trunk\test\bin\debug\test.dll" id="7025176a-2c52-d983-e674-9db6f89239ab">
      <Css projectStructure="" iteration="" />
      <Owners>
        <Owner name="" />
      </Owners>
      <TestMethod codeBase="D:\ALinq\Source\Trunk\Test\bin\Debug\Test.dll" adapterTypeName="Microsoft.VisualStudio.TestTools.TestTypes.Unit.UnitTestAdapter, Microsoft.VisualStudio.QualityTools.Tips.UnitTest.Adapter, Version=9.0.0.0, Culture=neutral, PublicKeyToken=b03f5f7f11d50a3a" className="Test.MySqlMethods, Test" name="DateDiffMinute" />
    </UnitTest>
    <UnitTest name="DateTime_Month" storage="d:\alinq\source\trunk\test\bin\debug\test.dll" id="c80fa314-da05-9443-6c2a-3a1ae4493949">
      <Css projectStructure="" iteration="" />
      <Owners>
        <Owner name="" />
      </Owners>
      <TestMethod codeBase="D:\ALinq\Source\Trunk\Test\bin\Debug\Test.dll" adapterTypeName="Microsoft.VisualStudio.TestTools.TestTypes.Unit.UnitTestAdapter, Microsoft.VisualStudio.QualityTools.Tips.UnitTest.Adapter, Version=9.0.0.0, Culture=neutral, PublicKeyToken=b03f5f7f11d50a3a" className="Test.MySqlTest, Test" name="DateTime_Month" />
    </UnitTest>
    <UnitTest name="DateTime_Minute" storage="d:\alinq\source\trunk\test\bin\debug\test.dll" id="858fddfa-194d-4cf4-65e1-30aa3cc66f3a">
      <Css projectStructure="" iteration="" />
      <Owners>
        <Owner name="" />
      </Owners>
      <TestMethod codeBase="D:\ALinq\Source\Trunk\Test\bin\Debug\Test.dll" adapterTypeName="Microsoft.VisualStudio.TestTools.TestTypes.Unit.UnitTestAdapter, Microsoft.VisualStudio.QualityTools.Tips.UnitTest.Adapter, Version=9.0.0.0, Culture=neutral, PublicKeyToken=b03f5f7f11d50a3a" className="Test.MySqlTest, Test" name="DateTime_Minute" />
    </UnitTest>
    <UnitTest name="Convert_ToDateTime" storage="d:\alinq\source\trunk\test\bin\debug\test.dll" id="6a240d7c-b9ae-52af-2d99-c714aea58714">
      <Css projectStructure="" iteration="" />
      <Owners>
        <Owner name="" />
      </Owners>
      <TestMethod codeBase="D:\ALinq\Source\Trunk\Test\bin\Debug\Test.dll" adapterTypeName="Microsoft.VisualStudio.TestTools.TestTypes.Unit.UnitTestAdapter, Microsoft.VisualStudio.QualityTools.Tips.UnitTest.Adapter, Version=9.0.0.0, Culture=neutral, PublicKeyToken=b03f5f7f11d50a3a" className="Test.MySqlTest, Test" name="Convert_ToDateTime" />
    </UnitTest>
    <UnitTest name="CRUD_Update2" storage="d:\alinq\source\trunk\test\bin\debug\test.dll" id="e6572672-0488-1a55-c524-e5371376680d">
      <Css projectStructure="" iteration="" />
      <Owners>
        <Owner name="" />
      </Owners>
      <TestMethod codeBase="D:\ALinq\Source\Trunk\Test\bin\Debug\Test.dll" adapterTypeName="Microsoft.VisualStudio.TestTools.TestTypes.Unit.UnitTestAdapter, Microsoft.VisualStudio.QualityTools.Tips.UnitTest.Adapter, Version=9.0.0.0, Culture=neutral, PublicKeyToken=b03f5f7f11d50a3a" className="Test.SQL2005Test, Test" name="CRUD_Update2" />
    </UnitTest>
    <UnitTest name="String_IndexOf1" storage="d:\alinq\source\trunk\test\bin\debug\test.dll" id="2eb7b17d-0814-b503-c5ac-a9a4ff18745e">
      <Css projectStructure="" iteration="" />
      <Owners>
        <Owner name="" />
      </Owners>
      <TestMethod codeBase="D:\ALinq\Source\Trunk\Test\bin\Debug\Test.dll" adapterTypeName="Microsoft.VisualStudio.TestTools.TestTypes.Unit.UnitTestAdapter, Microsoft.VisualStudio.QualityTools.Tips.UnitTest.Adapter, Version=9.0.0.0, Culture=neutral, PublicKeyToken=b03f5f7f11d50a3a" className="Test.SqlTest, Test" name="String_IndexOf1" />
    </UnitTest>
    <UnitTest name="DateTime_TimeOfDay" storage="d:\alinq\source\trunk\test\bin\debug\test.dll" id="93c21ba5-266d-a783-82c9-3d91a66c8b11">
      <Css projectStructure="" iteration="" />
      <Owners>
        <Owner name="" />
      </Owners>
      <TestMethod codeBase="D:\ALinq\Source\Trunk\Test\bin\Debug\Test.dll" adapterTypeName="Microsoft.VisualStudio.TestTools.TestTypes.Unit.UnitTestAdapter, Microsoft.VisualStudio.QualityTools.Tips.UnitTest.Adapter, Version=9.0.0.0, Culture=neutral, PublicKeyToken=b03f5f7f11d50a3a" className="Test.SqlTest, Test" name="DateTime_TimeOfDay" />
    </UnitTest>
    <UnitTest name="Convert_ToBoolean" storage="d:\alinq\source\trunk\test\bin\debug\test.dll" id="4a8597f8-6b55-9b6a-f9b8-af836c8130f9">
      <Css projectStructure="" iteration="" />
      <Owners>
        <Owner name="" />
      </Owners>
      <TestMethod codeBase="D:\ALinq\Source\Trunk\Test\bin\Debug\Test.dll" adapterTypeName="Microsoft.VisualStudio.TestTools.TestTypes.Unit.UnitTestAdapter, Microsoft.VisualStudio.QualityTools.Tips.UnitTest.Adapter, Version=9.0.0.0, Culture=neutral, PublicKeyToken=b03f5f7f11d50a3a" className="Test.MySqlTest, Test" name="Convert_ToBoolean" />
    </UnitTest>
    <UnitTest name="SingleOrDefault" storage="d:\alinq\source\trunk\test\bin\debug\test.dll" id="521ae62d-2261-c3ba-2dcf-bb6054962fad">
      <Css projectStructure="" iteration="" />
      <Owners>
        <Owner name="" />
      </Owners>
      <TestMethod codeBase="D:\ALinq\Source\Trunk\Test\bin\Debug\Test.dll" adapterTypeName="Microsoft.VisualStudio.TestTools.TestTypes.Unit.UnitTestAdapter, Microsoft.VisualStudio.QualityTools.Tips.UnitTest.Adapter, Version=9.0.0.0, Culture=neutral, PublicKeyToken=b03f5f7f11d50a3a" className="Test.NorOracleTest, Test" name="SingleOrDefault" />
    </UnitTest>
    <UnitTest name="Math_Floor" storage="d:\alinq\source\trunk\test\bin\debug\test.dll" id="ec9a32d2-df7c-3230-dcb2-4da3805a09ce">
      <Css projectStructure="" iteration="" />
      <Owners>
        <Owner name="" />
      </Owners>
      <TestMethod codeBase="D:\ALinq\Source\Trunk\Test\bin\Debug\Test.dll" adapterTypeName="Microsoft.VisualStudio.TestTools.TestTypes.Unit.UnitTestAdapter, Microsoft.VisualStudio.QualityTools.Tips.UnitTest.Adapter, Version=9.0.0.0, Culture=neutral, PublicKeyToken=b03f5f7f11d50a3a" className="Test.SQL2005Test, Test" name="Math_Floor" />
    </UnitTest>
    <UnitTest name="ParseSqlDataType" storage="d:\alinq\source\trunk\test\bin\debug\test.dll" id="13a055b3-dd52-f653-12b3-75c2e209173f">
      <Css projectStructure="" iteration="" />
      <Owners>
        <Owner name="" />
      </Owners>
      <TestMethod codeBase="D:\ALinq\Source\Trunk\Test\bin\Debug\Test.dll" adapterTypeName="Microsoft.VisualStudio.TestTools.TestTypes.Unit.UnitTestAdapter, Microsoft.VisualStudio.QualityTools.Tips.UnitTest.Adapter, Version=9.0.0.0, Culture=neutral, PublicKeyToken=b03f5f7f11d50a3a" className="Test.SQLiteDataTypeProviderTest, Test" name="ParseSqlDataType" />
    </UnitTest>
    <UnitTest name="Min_Simple" storage="d:\alinq\source\trunk\test\bin\debug\test.dll" id="689fb796-1a27-2f79-58de-3466e6edcdc6">
      <Css projectStructure="" iteration="" />
      <Owners>
        <Owner name="" />
      </Owners>
      <TestMethod codeBase="D:\ALinq\Source\Trunk\Test\bin\Debug\Test.dll" adapterTypeName="Microsoft.VisualStudio.TestTools.TestTypes.Unit.UnitTestAdapter, Microsoft.VisualStudio.QualityTools.Tips.UnitTest.Adapter, Version=9.0.0.0, Culture=neutral, PublicKeyToken=b03f5f7f11d50a3a" className="Test.PgsqlTest, Test" name="Min_Simple" />
    </UnitTest>
    <UnitTest name="Join_ThreeWay" storage="d:\alinq\source\trunk\test\bin\debug\test.dll" id="13fa0664-ea40-9b9d-ad2b-71c58fc597cb">
      <Css projectStructure="" iteration="" />
      <Owners>
        <Owner name="" />
      </Owners>
      <TestMethod codeBase="D:\ALinq\Source\Trunk\Test\bin\Debug\Test.dll" adapterTypeName="Microsoft.VisualStudio.TestTools.TestTypes.Unit.UnitTestAdapter, Microsoft.VisualStudio.QualityTools.Tips.UnitTest.Adapter, Version=9.0.0.0, Culture=neutral, PublicKeyToken=b03f5f7f11d50a3a" className="Test.SQLiteTest, Test" name="Join_ThreeWay" />
    </UnitTest>
    <UnitTest name="TestGuid" storage="d:\alinq\source\trunk\test\bin\debug\test.dll" id="81129ea6-98ca-861b-2d4b-f0118e360b4c">
      <Css projectStructure="" iteration="" />
      <Owners>
        <Owner name="" />
      </Owners>
      <TestMethod codeBase="D:\ALinq\Source\Trunk\Test\bin\Debug\Test.dll" adapterTypeName="Microsoft.VisualStudio.TestTools.TestTypes.Unit.UnitTestAdapter, Microsoft.VisualStudio.QualityTools.Tips.UnitTest.Adapter, Version=9.0.0.0, Culture=neutral, PublicKeyToken=b03f5f7f11d50a3a" className="Test.NorOracleDataTypeProviderTest, Test" name="TestGuid" />
    </UnitTest>
    <UnitTest name="Math_Min" storage="d:\alinq\source\trunk\test\bin\debug\test.dll" id="5896cb58-f892-6ed8-3326-9aad4500d863">
      <Css projectStructure="" iteration="" />
      <Owners>
        <Owner name="" />
      </Owners>
      <TestMethod codeBase="D:\ALinq\Source\Trunk\Test\bin\Debug\Test.dll" adapterTypeName="Microsoft.VisualStudio.TestTools.TestTypes.Unit.UnitTestAdapter, Microsoft.VisualStudio.QualityTools.Tips.UnitTest.Adapter, Version=9.0.0.0, Culture=neutral, PublicKeyToken=b03f5f7f11d50a3a" className="Test.NorOracleTest, Test" name="Math_Min" />
    </UnitTest>
    <UnitTest name="StringEndsWith" storage="d:\alinq\source\trunk\test\bin\debug\test.dll" id="c0e55d52-89ed-c668-7ad3-25a0904a13ce">
      <Css projectStructure="" iteration="" />
      <Owners>
        <Owner name="" />
      </Owners>
      <TestMethod codeBase="D:\ALinq\Source\Trunk\Test\bin\Debug\Test.dll" adapterTypeName="Microsoft.VisualStudio.TestTools.TestTypes.Unit.UnitTestAdapter, Microsoft.VisualStudio.QualityTools.Tips.UnitTest.Adapter, Version=9.0.0.0, Culture=neutral, PublicKeyToken=b03f5f7f11d50a3a" className="Test.OdpOracleTest, Test" name="StringEndsWith" />
    </UnitTest>
    <UnitTest name="GroupBy_Max" storage="d:\alinq\source\trunk\test\bin\debug\test.dll" id="6078dd4a-8e78-e282-9868-c03bce247724">
      <Css projectStructure="" iteration="" />
      <Owners>
        <Owner name="" />
      </Owners>
      <TestMethod codeBase="D:\ALinq\Source\Trunk\Test\bin\Debug\Test.dll" adapterTypeName="Microsoft.VisualStudio.TestTools.TestTypes.Unit.UnitTestAdapter, Microsoft.VisualStudio.QualityTools.Tips.UnitTest.Adapter, Version=9.0.0.0, Culture=neutral, PublicKeyToken=b03f5f7f11d50a3a" className="Test.SQLiteTest, Test" name="GroupBy_Max" />
    </UnitTest>
    <UnitTest name="Null" storage="d:\alinq\source\trunk\test\bin\debug\test.dll" id="a5056e80-6fc9-167a-6669-875e87e3e4fd">
      <Css projectStructure="" iteration="" />
      <Owners>
        <Owner name="" />
      </Owners>
      <TestMethod codeBase="D:\ALinq\Source\Trunk\Test\bin\Debug\Test.dll" adapterTypeName="Microsoft.VisualStudio.TestTools.TestTypes.Unit.UnitTestAdapter, Microsoft.VisualStudio.QualityTools.Tips.UnitTest.Adapter, Version=9.0.0.0, Culture=neutral, PublicKeyToken=b03f5f7f11d50a3a" className="Test.DB2Test, Test" name="Null" />
    </UnitTest>
    <UnitTest name="DateTime_AddHours" storage="d:\alinq\source\trunk\test\bin\debug\test.dll" id="2513b458-7df7-3d27-7c56-c85b0310284a">
      <Css projectStructure="" iteration="" />
      <Owners>
        <Owner name="" />
      </Owners>
      <TestMethod codeBase="D:\ALinq\Source\Trunk\Test\bin\Debug\Test.dll" adapterTypeName="Microsoft.VisualStudio.TestTools.TestTypes.Unit.UnitTestAdapter, Microsoft.VisualStudio.QualityTools.Tips.UnitTest.Adapter, Version=9.0.0.0, Culture=neutral, PublicKeyToken=b03f5f7f11d50a3a" className="Test.MySqlTest, Test" name="DateTime_AddHours" />
    </UnitTest>
    <UnitTest name="StoreAndReuseQuery" storage="d:\alinq\source\trunk\test\bin\debug\test.dll" id="41df3109-f453-22d8-bb52-45bd75905c8c">
      <Css projectStructure="" iteration="" />
      <Owners>
        <Owner name="" />
      </Owners>
      <TestMethod codeBase="D:\ALinq\Source\Trunk\Test\bin\Debug\Test.dll" adapterTypeName="Microsoft.VisualStudio.TestTools.TestTypes.Unit.UnitTestAdapter, Microsoft.VisualStudio.QualityTools.Tips.UnitTest.Adapter, Version=9.0.0.0, Culture=neutral, PublicKeyToken=b03f5f7f11d50a3a" className="Test.OdpOracleTest, Test" name="StoreAndReuseQuery" />
    </UnitTest>
    <UnitTest name="DateTime_AddYears" storage="d:\alinq\source\trunk\test\bin\debug\test.dll" id="81cab7d4-41c5-ec41-daaf-21a6cb1b4f5c">
      <Css projectStructure="" iteration="" />
      <Owners>
        <Owner name="" />
      </Owners>
      <TestMethod codeBase="D:\ALinq\Source\Trunk\Test\bin\Debug\Test.dll" adapterTypeName="Microsoft.VisualStudio.TestTools.TestTypes.Unit.UnitTestAdapter, Microsoft.VisualStudio.QualityTools.Tips.UnitTest.Adapter, Version=9.0.0.0, Culture=neutral, PublicKeyToken=b03f5f7f11d50a3a" className="Test.SQL2000Test, Test" name="DateTime_AddYears" />
    </UnitTest>
    <UnitTest name="Math_Cosh" storage="d:\alinq\source\trunk\test\bin\debug\test.dll" id="9e7eace0-def8-2141-0aac-e2e3b66f105e">
      <Css projectStructure="" iteration="" />
      <Owners>
        <Owner name="" />
      </Owners>
      <TestMethod codeBase="D:\ALinq\Source\Trunk\Test\bin\Debug\Test.dll" adapterTypeName="Microsoft.VisualStudio.TestTools.TestTypes.Unit.UnitTestAdapter, Microsoft.VisualStudio.QualityTools.Tips.UnitTest.Adapter, Version=9.0.0.0, Culture=neutral, PublicKeyToken=b03f5f7f11d50a3a" className="Test.PgsqlTest, Test" name="Math_Cosh" />
    </UnitTest>
    <UnitTest name="Any_Condition" storage="d:\alinq\source\trunk\test\bin\debug\test.dll" id="a9f94c7e-5d78-4a90-03ea-52c693f5f1ff">
      <Css projectStructure="" iteration="" />
      <Owners>
        <Owner name="" />
      </Owners>
      <TestMethod codeBase="D:\ALinq\Source\Trunk\Test\bin\Debug\Test.dll" adapterTypeName="Microsoft.VisualStudio.TestTools.TestTypes.Unit.UnitTestAdapter, Microsoft.VisualStudio.QualityTools.Tips.UnitTest.Adapter, Version=9.0.0.0, Culture=neutral, PublicKeyToken=b03f5f7f11d50a3a" className="Test.OdpOracleTest, Test" name="Any_Condition" />
    </UnitTest>
    <UnitTest name="String_ToLower1" storage="d:\alinq\source\trunk\test\bin\debug\test.dll" id="b6f00e6c-2acd-39c9-11fd-354aa2424ecb">
      <Css projectStructure="" iteration="" />
      <Owners>
        <Owner name="" />
      </Owners>
      <TestMethod codeBase="D:\ALinq\Source\Trunk\Test\bin\Debug\Test.dll" adapterTypeName="Microsoft.VisualStudio.TestTools.TestTypes.Unit.UnitTestAdapter, Microsoft.VisualStudio.QualityTools.Tips.UnitTest.Adapter, Version=9.0.0.0, Culture=neutral, PublicKeyToken=b03f5f7f11d50a3a" className="Test.OdpOracleTest, Test" name="String_ToLower1" />
    </UnitTest>
    <UnitTest name="GroupBy_Nested" storage="d:\alinq\source\trunk\test\bin\debug\test.dll" id="655a95bc-4dbf-dc55-6687-fa361be1017c">
      <Css projectStructure="" iteration="" />
      <Owners>
        <Owner name="" />
      </Owners>
      <TestMethod codeBase="D:\ALinq\Source\Trunk\Test\bin\Debug\Test.dll" adapterTypeName="Microsoft.VisualStudio.TestTools.TestTypes.Unit.UnitTestAdapter, Microsoft.VisualStudio.QualityTools.Tips.UnitTest.Adapter, Version=9.0.0.0, Culture=neutral, PublicKeyToken=b03f5f7f11d50a3a" className="Test.FirebirdTest, Test" name="GroupBy_Nested" />
    </UnitTest>
    <UnitTest name="String_ToUpper1" storage="d:\alinq\source\trunk\test\bin\debug\test.dll" id="a8c26043-b713-38db-cdc0-ac1e24702214">
      <Css projectStructure="" iteration="" />
      <Owners>
        <Owner name="" />
      </Owners>
      <TestMethod codeBase="D:\ALinq\Source\Trunk\Test\bin\Debug\Test.dll" adapterTypeName="Microsoft.VisualStudio.TestTools.TestTypes.Unit.UnitTestAdapter, Microsoft.VisualStudio.QualityTools.Tips.UnitTest.Adapter, Version=9.0.0.0, Culture=neutral, PublicKeyToken=b03f5f7f11d50a3a" className="Test.MySqlTest, Test" name="String_ToUpper1" />
    </UnitTest>
    <UnitTest name="CreateTale" storage="d:\alinq\source\trunk\test\bin\debug\test.dll" id="d15516b3-1d39-1b39-db6a-b08b72fd7576">
      <Css projectStructure="" iteration="" />
      <Owners>
        <Owner name="" />
      </Owners>
      <TestMethod codeBase="D:\ALinq\Source\Trunk\Test\bin\Debug\Test.dll" adapterTypeName="Microsoft.VisualStudio.TestTools.TestTypes.Unit.UnitTestAdapter, Microsoft.VisualStudio.QualityTools.Tips.UnitTest.Adapter, Version=9.0.0.0, Culture=neutral, PublicKeyToken=b03f5f7f11d50a3a" className="Test.SQL2000Test, Test" name="CreateTale" />
    </UnitTest>
    <UnitTest name="OrderBy_ThenByDescending" storage="d:\alinq\source\trunk\test\bin\debug\test.dll" id="47474bf1-ea1e-1551-c0c5-092497ab8758">
      <Css projectStructure="" iteration="" />
      <Owners>
        <Owner name="" />
      </Owners>
      <TestMethod codeBase="D:\ALinq\Source\Trunk\Test\bin\Debug\Test.dll" adapterTypeName="Microsoft.VisualStudio.TestTools.TestTypes.Unit.UnitTestAdapter, Microsoft.VisualStudio.QualityTools.Tips.UnitTest.Adapter, Version=9.0.0.0, Culture=neutral, PublicKeyToken=b03f5f7f11d50a3a" className="Test.FirebirdTest, Test" name="OrderBy_ThenByDescending" />
    </UnitTest>
    <UnitTest name="StringEndsWith" storage="d:\alinq\source\trunk\test\bin\debug\test.dll" id="9f412a3b-b1c2-bd7b-545c-743e796b4229">
      <Css projectStructure="" iteration="" />
      <Owners>
        <Owner name="" />
      </Owners>
      <TestMethod codeBase="D:\ALinq\Source\Trunk\Test\bin\Debug\Test.dll" adapterTypeName="Microsoft.VisualStudio.TestTools.TestTypes.Unit.UnitTestAdapter, Microsoft.VisualStudio.QualityTools.Tips.UnitTest.Adapter, Version=9.0.0.0, Culture=neutral, PublicKeyToken=b03f5f7f11d50a3a" className="Test.MySqlTest, Test" name="StringEndsWith" />
    </UnitTest>
    <UnitTest name="Where_Simple3" storage="d:\alinq\source\trunk\test\bin\debug\test.dll" id="26f4232d-f90f-8e56-418c-4fec6fcafc14">
      <Css projectStructure="" iteration="" />
      <Owners>
        <Owner name="" />
      </Owners>
      <TestMethod codeBase="D:\ALinq\Source\Trunk\Test\bin\Debug\Test.dll" adapterTypeName="Microsoft.VisualStudio.TestTools.TestTypes.Unit.UnitTestAdapter, Microsoft.VisualStudio.QualityTools.Tips.UnitTest.Adapter, Version=9.0.0.0, Culture=neutral, PublicKeyToken=b03f5f7f11d50a3a" className="Test.PgsqlTest, Test" name="Where_Simple3" />
    </UnitTest>
    <UnitTest name="DateTimeGT" storage="d:\alinq\source\trunk\test\bin\debug\test.dll" id="b5747546-eaeb-f5de-4486-d164df2753a1">
      <Css projectStructure="" iteration="" />
      <Owners>
        <Owner name="" />
      </Owners>
      <TestMethod codeBase="D:\ALinq\Source\Trunk\Test\bin\Debug\Test.dll" adapterTypeName="Microsoft.VisualStudio.TestTools.TestTypes.Unit.UnitTestAdapter, Microsoft.VisualStudio.QualityTools.Tips.UnitTest.Adapter, Version=9.0.0.0, Culture=neutral, PublicKeyToken=b03f5f7f11d50a3a" className="Test.SQL2005Test, Test" name="DateTimeGT" />
    </UnitTest>
    <UnitTest name="GroupBy_Max" storage="d:\alinq\source\trunk\test\bin\debug\test.dll" id="9a074be6-736a-0cf1-23d7-3e03e316d657">
      <Css projectStructure="" iteration="" />
      <Owners>
        <Owner name="" />
      </Owners>
      <TestMethod codeBase="D:\ALinq\Source\Trunk\Test\bin\Debug\Test.dll" adapterTypeName="Microsoft.VisualStudio.TestTools.TestTypes.Unit.UnitTestAdapter, Microsoft.VisualStudio.QualityTools.Tips.UnitTest.Adapter, Version=9.0.0.0, Culture=neutral, PublicKeyToken=b03f5f7f11d50a3a" className="Test.SqlTest, Test" name="GroupBy_Max" />
    </UnitTest>
    <UnitTest name="String_Equals1" storage="d:\alinq\source\trunk\test\bin\debug\test.dll" id="7727400f-7714-cd1e-eb11-3903a49255ae">
      <Css projectStructure="" iteration="" />
      <Owners>
        <Owner name="" />
      </Owners>
      <TestMethod codeBase="D:\ALinq\Source\Trunk\Test\bin\Debug\Test.dll" adapterTypeName="Microsoft.VisualStudio.TestTools.TestTypes.Unit.UnitTestAdapter, Microsoft.VisualStudio.QualityTools.Tips.UnitTest.Adapter, Version=9.0.0.0, Culture=neutral, PublicKeyToken=b03f5f7f11d50a3a" className="Test.SQL2000Test, Test" name="String_Equals1" />
    </UnitTest>
    <UnitTest name="GroupBy_Date" storage="d:\alinq\source\trunk\test\bin\debug\test.dll" id="f8a26b6f-6dd2-c1a6-d399-48fbadc78ec1">
      <Css projectStructure="" iteration="" />
      <Owners>
        <Owner name="" />
      </Owners>
      <TestMethod codeBase="D:\ALinq\Source\Trunk\Test\bin\Debug\Test.dll" adapterTypeName="Microsoft.VisualStudio.TestTools.TestTypes.Unit.UnitTestAdapter, Microsoft.VisualStudio.QualityTools.Tips.UnitTest.Adapter, Version=9.0.0.0, Culture=neutral, PublicKeyToken=b03f5f7f11d50a3a" className="Test.FirebirdTest, Test" name="GroupBy_Date" />
    </UnitTest>
    <UnitTest name="Skip_Take" storage="d:\alinq\source\trunk\test\bin\debug\test.dll" id="8c8d6483-5298-cf22-155e-729888dda1e3">
      <Css projectStructure="" iteration="" />
      <Owners>
        <Owner name="" />
      </Owners>
      <TestMethod codeBase="D:\ALinq\Source\Trunk\Test\bin\Debug\Test.dll" adapterTypeName="Microsoft.VisualStudio.TestTools.TestTypes.Unit.UnitTestAdapter, Microsoft.VisualStudio.QualityTools.Tips.UnitTest.Adapter, Version=9.0.0.0, Culture=neutral, PublicKeyToken=b03f5f7f11d50a3a" className="Test.MySqlTest, Test" name="Skip_Take" />
    </UnitTest>
    <UnitTest name="Math_Cosh" storage="d:\alinq\source\trunk\test\bin\debug\test.dll" id="2ad91146-b4a5-f853-255c-111a3a54acb7">
      <Css projectStructure="" iteration="" />
      <Owners>
        <Owner name="" />
      </Owners>
      <TestMethod codeBase="D:\ALinq\Source\Trunk\Test\bin\Debug\Test.dll" adapterTypeName="Microsoft.VisualStudio.TestTools.TestTypes.Unit.UnitTestAdapter, Microsoft.VisualStudio.QualityTools.Tips.UnitTest.Adapter, Version=9.0.0.0, Culture=neutral, PublicKeyToken=b03f5f7f11d50a3a" className="Test.SqlTest, Test" name="Math_Cosh" />
    </UnitTest>
    <UnitTest name="Delete_ManyToMany" storage="d:\alinq\source\trunk\test\bin\debug\test.dll" id="4f60914e-9ec1-2b25-3e7f-cc8af89f0563">
      <Css projectStructure="" iteration="" />
      <Owners>
        <Owner name="" />
      </Owners>
      <TestMethod codeBase="D:\ALinq\Source\Trunk\Test\bin\Debug\Test.dll" adapterTypeName="Microsoft.VisualStudio.TestTools.TestTypes.Unit.UnitTestAdapter, Microsoft.VisualStudio.QualityTools.Tips.UnitTest.Adapter, Version=9.0.0.0, Culture=neutral, PublicKeyToken=b03f5f7f11d50a3a" className="Test.PgsqlTest, Test" name="Delete_ManyToMany" />
    </UnitTest>
    <UnitTest name="Skip_Nested" storage="d:\alinq\source\trunk\test\bin\debug\test.dll" id="56005fb3-c7a2-e290-21f6-c3e735972aad">
      <Css projectStructure="" iteration="" />
      <Owners>
        <Owner name="" />
      </Owners>
      <TestMethod codeBase="D:\ALinq\Source\Trunk\Test\bin\Debug\Test.dll" adapterTypeName="Microsoft.VisualStudio.TestTools.TestTypes.Unit.UnitTestAdapter, Microsoft.VisualStudio.QualityTools.Tips.UnitTest.Adapter, Version=9.0.0.0, Culture=neutral, PublicKeyToken=b03f5f7f11d50a3a" className="Test.PgsqlTest, Test" name="Skip_Nested" />
    </UnitTest>
    <UnitTest name="Join_LetAssignment" storage="d:\alinq\source\trunk\test\bin\debug\test.dll" id="03be78e0-af4c-18dc-3cc9-e8b89146c49a">
      <Css projectStructure="" iteration="" />
      <Owners>
        <Owner name="" />
      </Owners>
      <TestMethod codeBase="D:\ALinq\Source\Trunk\Test\bin\Debug\Test.dll" adapterTypeName="Microsoft.VisualStudio.TestTools.TestTypes.Unit.UnitTestAdapter, Microsoft.VisualStudio.QualityTools.Tips.UnitTest.Adapter, Version=9.0.0.0, Culture=neutral, PublicKeyToken=b03f5f7f11d50a3a" className="Test.OdpOracleTest, Test" name="Join_LetAssignment" />
    </UnitTest>
    <UnitTest name="Update" storage="d:\alinq\source\trunk\test\bin\debug\test.dll" id="d6782145-17d3-8cd1-e8cb-86da39e977ec">
      <Css projectStructure="" iteration="" />
      <Owners>
        <Owner name="" />
      </Owners>
      <TestMethod codeBase="D:\ALinq\Source\Trunk\Test\bin\Debug\Test.dll" adapterTypeName="Microsoft.VisualStudio.TestTools.TestTypes.Unit.UnitTestAdapter, Microsoft.VisualStudio.QualityTools.Tips.UnitTest.Adapter, Version=9.0.0.0, Culture=neutral, PublicKeyToken=b03f5f7f11d50a3a" className="Test.SQL2005Test, Test" name="Update" />
    </UnitTest>
    <UnitTest name="String_ToLowerInvariant" storage="d:\alinq\source\trunk\test\bin\debug\test.dll" id="e0377bf5-f121-f80f-ad77-e4a84f5f6879">
      <Css projectStructure="" iteration="" />
      <Owners>
        <Owner name="" />
      </Owners>
      <TestMethod codeBase="D:\ALinq\Source\Trunk\Test\bin\Debug\Test.dll" adapterTypeName="Microsoft.VisualStudio.TestTools.TestTypes.Unit.UnitTestAdapter, Microsoft.VisualStudio.QualityTools.Tips.UnitTest.Adapter, Version=9.0.0.0, Culture=neutral, PublicKeyToken=b03f5f7f11d50a3a" className="Test.SqlTest, Test" name="String_ToLowerInvariant" />
    </UnitTest>
    <UnitTest name="String_Char" storage="d:\alinq\source\trunk\test\bin\debug\test.dll" id="87136cbd-294a-5bb2-abf0-5348ff50384e">
      <Css projectStructure="" iteration="" />
      <Owners>
        <Owner name="" />
      </Owners>
      <TestMethod codeBase="D:\ALinq\Source\Trunk\Test\bin\Debug\Test.dll" adapterTypeName="Microsoft.VisualStudio.TestTools.TestTypes.Unit.UnitTestAdapter, Microsoft.VisualStudio.QualityTools.Tips.UnitTest.Adapter, Version=9.0.0.0, Culture=neutral, PublicKeyToken=b03f5f7f11d50a3a" className="Test.SQL2000Test, Test" name="String_Char" />
    </UnitTest>
    <UnitTest name="DateTimeGE" storage="d:\alinq\source\trunk\test\bin\debug\test.dll" id="cb811da9-a0e9-7729-06a7-fd9df6e7726d">
      <Css projectStructure="" iteration="" />
      <Owners>
        <Owner name="" />
      </Owners>
      <TestMethod codeBase="D:\ALinq\Source\Trunk\Test\bin\Debug\Test.dll" adapterTypeName="Microsoft.VisualStudio.TestTools.TestTypes.Unit.UnitTestAdapter, Microsoft.VisualStudio.QualityTools.Tips.UnitTest.Adapter, Version=9.0.0.0, Culture=neutral, PublicKeyToken=b03f5f7f11d50a3a" className="Test.NorOracleTest, Test" name="DateTimeGE" />
    </UnitTest>
    <UnitTest name="DateTimeGE" storage="d:\alinq\source\trunk\test\bin\debug\test.dll" id="0b134ea4-4fd2-07ea-9b19-f7e29505f697">
      <Css projectStructure="" iteration="" />
      <Owners>
        <Owner name="" />
      </Owners>
      <TestMethod codeBase="D:\ALinq\Source\Trunk\Test\bin\Debug\Test.dll" adapterTypeName="Microsoft.VisualStudio.TestTools.TestTypes.Unit.UnitTestAdapter, Microsoft.VisualStudio.QualityTools.Tips.UnitTest.Adapter, Version=9.0.0.0, Culture=neutral, PublicKeyToken=b03f5f7f11d50a3a" className="Test.SQLiteTest, Test" name="DateTimeGE" />
    </UnitTest>
    <UnitTest name="GroupBy_Select" storage="d:\alinq\source\trunk\test\bin\debug\test.dll" id="2933cc24-bba8-c0cb-bb09-05d3b1fea596">
      <Css projectStructure="" iteration="" />
      <Owners>
        <Owner name="" />
      </Owners>
      <TestMethod codeBase="D:\ALinq\Source\Trunk\Test\bin\Debug\Test.dll" adapterTypeName="Microsoft.VisualStudio.TestTools.TestTypes.Unit.UnitTestAdapter, Microsoft.VisualStudio.QualityTools.Tips.UnitTest.Adapter, Version=9.0.0.0, Culture=neutral, PublicKeyToken=b03f5f7f11d50a3a" className="Test.NorOracleTest, Test" name="GroupBy_Select" />
    </UnitTest>
    <UnitTest name="Any_Grouped" storage="d:\alinq\source\trunk\test\bin\debug\test.dll" id="8badeff0-133c-24df-9d45-ad8800d43ca2">
      <Css projectStructure="" iteration="" />
      <Owners>
        <Owner name="" />
      </Owners>
      <TestMethod codeBase="D:\ALinq\Source\Trunk\Test\bin\Debug\Test.dll" adapterTypeName="Microsoft.VisualStudio.TestTools.TestTypes.Unit.UnitTestAdapter, Microsoft.VisualStudio.QualityTools.Tips.UnitTest.Adapter, Version=9.0.0.0, Culture=neutral, PublicKeyToken=b03f5f7f11d50a3a" className="Test.SQL2005Test, Test" name="Any_Grouped" />
    </UnitTest>
    <UnitTest name="Insert_Inherit" storage="d:\alinq\source\trunk\test\bin\debug\test.dll" id="4d6621cb-7563-f766-af45-c9ebc7d5e2d5">
      <Css projectStructure="" iteration="" />
      <Owners>
        <Owner name="" />
      </Owners>
      <TestMethod codeBase="D:\ALinq\Source\Trunk\Test\bin\Debug\Test.dll" adapterTypeName="Microsoft.VisualStudio.TestTools.TestTypes.Unit.UnitTestAdapter, Microsoft.VisualStudio.QualityTools.Tips.UnitTest.Adapter, Version=9.0.0.0, Culture=neutral, PublicKeyToken=b03f5f7f11d50a3a" className="Test.SqlTest, Test" name="Insert_Inherit" />
    </UnitTest>
    <UnitTest name="StringLength" storage="d:\alinq\source\trunk\test\bin\debug\test.dll" id="9aafa6fa-33e5-b606-ed7a-6b88e460d5ef">
      <Css projectStructure="" iteration="" />
      <Owners>
        <Owner name="" />
      </Owners>
      <TestMethod codeBase="D:\ALinq\Source\Trunk\Test\bin\Debug\Test.dll" adapterTypeName="Microsoft.VisualStudio.TestTools.TestTypes.Unit.UnitTestAdapter, Microsoft.VisualStudio.QualityTools.Tips.UnitTest.Adapter, Version=9.0.0.0, Culture=neutral, PublicKeyToken=b03f5f7f11d50a3a" className="Test.SQLiteTest, Test" name="StringLength" />
    </UnitTest>
    <UnitTest name="Math_Tanh" storage="d:\alinq\source\trunk\test\bin\debug\test.dll" id="c894df99-08c0-4ced-c0e9-a9a63dd38170">
      <Css projectStructure="" iteration="" />
      <Owners>
        <Owner name="" />
      </Owners>
      <TestMethod codeBase="D:\ALinq\Source\Trunk\Test\bin\Debug\Test.dll" adapterTypeName="Microsoft.VisualStudio.TestTools.TestTypes.Unit.UnitTestAdapter, Microsoft.VisualStudio.QualityTools.Tips.UnitTest.Adapter, Version=9.0.0.0, Culture=neutral, PublicKeyToken=b03f5f7f11d50a3a" className="Test.FirebirdTest, Test" name="Math_Tanh" />
    </UnitTest>
    <UnitTest name="DataType_XDocument" storage="d:\alinq\source\trunk\test\bin\debug\test.dll" id="bfb1ffbc-04ce-0769-8157-126d5152a167">
      <Css projectStructure="" iteration="" />
      <Owners>
        <Owner name="" />
      </Owners>
      <TestMethod codeBase="D:\ALinq\Source\Trunk\Test\bin\Debug\Test.dll" adapterTypeName="Microsoft.VisualStudio.TestTools.TestTypes.Unit.UnitTestAdapter, Microsoft.VisualStudio.QualityTools.Tips.UnitTest.Adapter, Version=9.0.0.0, Culture=neutral, PublicKeyToken=b03f5f7f11d50a3a" className="Test.OdpOracleTest, Test" name="DataType_XDocument" />
    </UnitTest>
    <UnitTest name="String_Substring2" storage="d:\alinq\source\trunk\test\bin\debug\test.dll" id="25f9bdaf-03a1-69bb-66cd-450cf37d9415">
      <Css projectStructure="" iteration="" />
      <Owners>
        <Owner name="" />
      </Owners>
      <TestMethod codeBase="D:\ALinq\Source\Trunk\Test\bin\Debug\Test.dll" adapterTypeName="Microsoft.VisualStudio.TestTools.TestTypes.Unit.UnitTestAdapter, Microsoft.VisualStudio.QualityTools.Tips.UnitTest.Adapter, Version=9.0.0.0, Culture=neutral, PublicKeyToken=b03f5f7f11d50a3a" className="Test.SQLiteTest, Test" name="String_Substring2" />
    </UnitTest>
    <UnitTest name="Math_Pow" storage="d:\alinq\source\trunk\test\bin\debug\test.dll" id="05c00900-e078-d8e5-d834-e396b971216c">
      <Css projectStructure="" iteration="" />
      <Owners>
        <Owner name="" />
      </Owners>
      <TestMethod codeBase="D:\ALinq\Source\Trunk\Test\bin\Debug\Test.dll" adapterTypeName="Microsoft.VisualStudio.TestTools.TestTypes.Unit.UnitTestAdapter, Microsoft.VisualStudio.QualityTools.Tips.UnitTest.Adapter, Version=9.0.0.0, Culture=neutral, PublicKeyToken=b03f5f7f11d50a3a" className="Test.SQL2000Test, Test" name="Math_Pow" />
    </UnitTest>
    <UnitTest name="Insert_Simple" storage="d:\alinq\source\trunk\test\bin\debug\test.dll" id="64875c76-7089-3971-2d78-04c4f439e4c5">
      <Css projectStructure="" iteration="" />
      <Owners>
        <Owner name="" />
      </Owners>
      <TestMethod codeBase="D:\ALinq\Source\Trunk\Test\bin\Debug\Test.dll" adapterTypeName="Microsoft.VisualStudio.TestTools.TestTypes.Unit.UnitTestAdapter, Microsoft.VisualStudio.QualityTools.Tips.UnitTest.Adapter, Version=9.0.0.0, Culture=neutral, PublicKeyToken=b03f5f7f11d50a3a" className="Test.FirebirdTest, Test" name="Insert_Simple" />
    </UnitTest>
    <UnitTest name="Join" storage="d:\alinq\source\trunk\test\bin\debug\test.dll" id="2ccc693b-5552-ca15-0cd3-47940863e0e8">
      <Css projectStructure="" iteration="" />
      <Owners>
        <Owner name="" />
      </Owners>
      <TestMethod codeBase="D:\ALinq\Source\Trunk\Test\bin\Debug\Test.dll" adapterTypeName="Microsoft.VisualStudio.TestTools.TestTypes.Unit.UnitTestAdapter, Microsoft.VisualStudio.QualityTools.Tips.UnitTest.Adapter, Version=9.0.0.0, Culture=neutral, PublicKeyToken=b03f5f7f11d50a3a" className="Test.SQLiteTest, Test" name="Join" />
    </UnitTest>
    <UnitTest name="DateTime_Year" storage="d:\alinq\source\trunk\test\bin\debug\test.dll" id="192b8efa-4ba5-6016-cce8-53ed44722acd">
      <Css projectStructure="" iteration="" />
      <Owners>
        <Owner name="" />
      </Owners>
      <TestMethod codeBase="D:\ALinq\Source\Trunk\Test\bin\Debug\Test.dll" adapterTypeName="Microsoft.VisualStudio.TestTools.TestTypes.Unit.UnitTestAdapter, Microsoft.VisualStudio.QualityTools.Tips.UnitTest.Adapter, Version=9.0.0.0, Culture=neutral, PublicKeyToken=b03f5f7f11d50a3a" className="Test.NorOracleTest, Test" name="DateTime_Year" />
    </UnitTest>
    <UnitTest name="Math_Cosh" storage="d:\alinq\source\trunk\test\bin\debug\test.dll" id="73531245-aa5a-1441-4d60-ab06010171da">
      <Css projectStructure="" iteration="" />
      <Owners>
        <Owner name="" />
      </Owners>
      <TestMethod codeBase="D:\ALinq\Source\Trunk\Test\bin\Debug\Test.dll" adapterTypeName="Microsoft.VisualStudio.TestTools.TestTypes.Unit.UnitTestAdapter, Microsoft.VisualStudio.QualityTools.Tips.UnitTest.Adapter, Version=9.0.0.0, Culture=neutral, PublicKeyToken=b03f5f7f11d50a3a" className="Test.MySqlTest, Test" name="Math_Cosh" />
    </UnitTest>
    <UnitTest name="CRUD_Delete2" storage="d:\alinq\source\trunk\test\bin\debug\test.dll" id="e20f8100-c30b-9e42-15ab-52c5a4b28d14">
      <Css projectStructure="" iteration="" />
      <Owners>
        <Owner name="" />
      </Owners>
      <TestMethod codeBase="D:\ALinq\Source\Trunk\Test\bin\Debug\Test.dll" adapterTypeName="Microsoft.VisualStudio.TestTools.TestTypes.Unit.UnitTestAdapter, Microsoft.VisualStudio.QualityTools.Tips.UnitTest.Adapter, Version=9.0.0.0, Culture=neutral, PublicKeyToken=b03f5f7f11d50a3a" className="Test.SQLiteTest, Test" name="CRUD_Delete2" />
    </UnitTest>
    <UnitTest name="StringEndsWith" storage="d:\alinq\source\trunk\test\bin\debug\test.dll" id="0876ecc1-622f-4490-0706-237ffb063b37">
      <Css projectStructure="" iteration="" />
      <Owners>
        <Owner name="" />
      </Owners>
      <TestMethod codeBase="D:\ALinq\Source\Trunk\Test\bin\Debug\Test.dll" adapterTypeName="Microsoft.VisualStudio.TestTools.TestTypes.Unit.UnitTestAdapter, Microsoft.VisualStudio.QualityTools.Tips.UnitTest.Adapter, Version=9.0.0.0, Culture=neutral, PublicKeyToken=b03f5f7f11d50a3a" className="Test.SQL2000Test, Test" name="StringEndsWith" />
    </UnitTest>
    <UnitTest name="String_ToLowerInvariant" storage="d:\alinq\source\trunk\test\bin\debug\test.dll" id="59023ad2-b02a-e857-05f5-08d5746c69e2">
      <Css projectStructure="" iteration="" />
      <Owners>
        <Owner name="" />
      </Owners>
      <TestMethod codeBase="D:\ALinq\Source\Trunk\Test\bin\Debug\Test.dll" adapterTypeName="Microsoft.VisualStudio.TestTools.TestTypes.Unit.UnitTestAdapter, Microsoft.VisualStudio.QualityTools.Tips.UnitTest.Adapter, Version=9.0.0.0, Culture=neutral, PublicKeyToken=b03f5f7f11d50a3a" className="Test.NorOracleTest, Test" name="String_ToLowerInvariant" />
    </UnitTest>
    <UnitTest name="DataType_Char" storage="d:\alinq\source\trunk\test\bin\debug\test.dll" id="d9b181ff-ca18-8348-4710-a6e99bdbbe73">
      <Css projectStructure="" iteration="" />
      <Owners>
        <Owner name="" />
      </Owners>
      <TestMethod codeBase="D:\ALinq\Source\Trunk\Test\bin\Debug\Test.dll" adapterTypeName="Microsoft.VisualStudio.TestTools.TestTypes.Unit.UnitTestAdapter, Microsoft.VisualStudio.QualityTools.Tips.UnitTest.Adapter, Version=9.0.0.0, Culture=neutral, PublicKeyToken=b03f5f7f11d50a3a" className="Test.OdpOracleTest, Test" name="DataType_Char" />
    </UnitTest>
    <UnitTest name="StringInsert" storage="d:\alinq\source\trunk\test\bin\debug\test.dll" id="95e87fd4-5f8e-84c1-dae8-d6c2afc2324d">
      <Css projectStructure="" iteration="" />
      <Owners>
        <Owner name="" />
      </Owners>
      <TestMethod codeBase="D:\ALinq\Source\Trunk\Test\bin\Debug\Test.dll" adapterTypeName="Microsoft.VisualStudio.TestTools.TestTypes.Unit.UnitTestAdapter, Microsoft.VisualStudio.QualityTools.Tips.UnitTest.Adapter, Version=9.0.0.0, Culture=neutral, PublicKeyToken=b03f5f7f11d50a3a" className="Test.FirebirdTest, Test" name="StringInsert" />
    </UnitTest>
    <UnitTest name="Join" storage="d:\alinq\source\trunk\test\bin\debug\test.dll" id="f437491c-d6f7-a6e1-9c41-132eea302b3f">
      <Css projectStructure="" iteration="" />
      <Owners>
        <Owner name="" />
      </Owners>
      <TestMethod codeBase="D:\ALinq\Source\Trunk\Test\bin\Debug\Test.dll" adapterTypeName="Microsoft.VisualStudio.TestTools.TestTypes.Unit.UnitTestAdapter, Microsoft.VisualStudio.QualityTools.Tips.UnitTest.Adapter, Version=9.0.0.0, Culture=neutral, PublicKeyToken=b03f5f7f11d50a3a" className="Test.NorOracleTest, Test" name="Join" />
    </UnitTest>
    <UnitTest name="OrderBy_ThenByDescending" storage="d:\alinq\source\trunk\test\bin\debug\test.dll" id="af4d4e2a-07d8-69ae-ec1b-e0d9aeb80c20">
      <Css projectStructure="" iteration="" />
      <Owners>
        <Owner name="" />
      </Owners>
      <TestMethod codeBase="D:\ALinq\Source\Trunk\Test\bin\Debug\Test.dll" adapterTypeName="Microsoft.VisualStudio.TestTools.TestTypes.Unit.UnitTestAdapter, Microsoft.VisualStudio.QualityTools.Tips.UnitTest.Adapter, Version=9.0.0.0, Culture=neutral, PublicKeyToken=b03f5f7f11d50a3a" className="Test.SQLiteTest, Test" name="OrderBy_ThenByDescending" />
    </UnitTest>
    <UnitTest name="DateTime_AddDays" storage="d:\alinq\source\trunk\test\bin\debug\test.dll" id="b2a4af59-9848-820f-5755-865726fcfb70">
      <Css projectStructure="" iteration="" />
      <Owners>
        <Owner name="" />
      </Owners>
      <TestMethod codeBase="D:\ALinq\Source\Trunk\Test\bin\Debug\Test.dll" adapterTypeName="Microsoft.VisualStudio.TestTools.TestTypes.Unit.UnitTestAdapter, Microsoft.VisualStudio.QualityTools.Tips.UnitTest.Adapter, Version=9.0.0.0, Culture=neutral, PublicKeyToken=b03f5f7f11d50a3a" className="Test.SQLiteTest, Test" name="DateTime_AddDays" />
    </UnitTest>
    <UnitTest name="CRUD_Insert2" storage="d:\alinq\source\trunk\test\bin\debug\test.dll" id="a0d4a77e-b5a8-a7fb-c64b-6aacbb04db68">
      <Css projectStructure="" iteration="" />
      <Owners>
        <Owner name="" />
      </Owners>
      <TestMethod codeBase="D:\ALinq\Source\Trunk\Test\bin\Debug\Test.dll" adapterTypeName="Microsoft.VisualStudio.TestTools.TestTypes.Unit.UnitTestAdapter, Microsoft.VisualStudio.QualityTools.Tips.UnitTest.Adapter, Version=9.0.0.0, Culture=neutral, PublicKeyToken=b03f5f7f11d50a3a" className="Test.SQL2000Test, Test" name="CRUD_Insert2" />
    </UnitTest>
    <UnitTest name="GroupByCount" storage="d:\alinq\source\trunk\test\bin\debug\test.dll" id="990cdc60-e3fb-9194-2f3b-a5380d61eb54">
      <Css projectStructure="" iteration="" />
      <Owners>
        <Owner name="" />
      </Owners>
      <TestMethod codeBase="D:\ALinq\Source\Trunk\Test\bin\Debug\Test.dll" adapterTypeName="Microsoft.VisualStudio.TestTools.TestTypes.Unit.UnitTestAdapter, Microsoft.VisualStudio.QualityTools.Tips.UnitTest.Adapter, Version=9.0.0.0, Culture=neutral, PublicKeyToken=b03f5f7f11d50a3a" className="Test.AccessTest, Test" name="GroupByCount" />
    </UnitTest>
    <UnitTest name="Sum_Grouped" storage="d:\alinq\source\trunk\test\bin\debug\test.dll" id="3c031093-6974-b324-58fc-cd0620ef4bc2">
      <Css projectStructure="" iteration="" />
      <Owners>
        <Owner name="" />
      </Owners>
      <TestMethod codeBase="D:\ALinq\Source\Trunk\Test\bin\Debug\Test.dll" adapterTypeName="Microsoft.VisualStudio.TestTools.TestTypes.Unit.UnitTestAdapter, Microsoft.VisualStudio.QualityTools.Tips.UnitTest.Adapter, Version=9.0.0.0, Culture=neutral, PublicKeyToken=b03f5f7f11d50a3a" className="Test.DB2Test, Test" name="Sum_Grouped" />
    </UnitTest>
    <UnitTest name="StringToUpper" storage="d:\alinq\source\trunk\test\bin\debug\test.dll" id="c41b50fb-7395-fc17-1a95-bdfb7b36bb30">
      <Css projectStructure="" iteration="" />
      <Owners>
        <Owner name="" />
      </Owners>
      <TestMethod codeBase="D:\ALinq\Source\Trunk\Test\bin\Debug\Test.dll" adapterTypeName="Microsoft.VisualStudio.TestTools.TestTypes.Unit.UnitTestAdapter, Microsoft.VisualStudio.QualityTools.Tips.UnitTest.Adapter, Version=9.0.0.0, Culture=neutral, PublicKeyToken=b03f5f7f11d50a3a" className="Test.DB2Test, Test" name="StringToUpper" />
    </UnitTest>
    <UnitTest name="SelectMany_MultipleFrom" storage="d:\alinq\source\trunk\test\bin\debug\test.dll" id="e6efafd5-86e2-6933-8e81-48e4cbe575ec">
      <Css projectStructure="" iteration="" />
      <Owners>
        <Owner name="" />
      </Owners>
      <TestMethod codeBase="D:\ALinq\Source\Trunk\Test\bin\Debug\Test.dll" adapterTypeName="Microsoft.VisualStudio.TestTools.TestTypes.Unit.UnitTestAdapter, Microsoft.VisualStudio.QualityTools.Tips.UnitTest.Adapter, Version=9.0.0.0, Culture=neutral, PublicKeyToken=b03f5f7f11d50a3a" className="Test.DB2Test, Test" name="SelectMany_MultipleFrom" />
    </UnitTest>
    <UnitTest name="Max_Simple" storage="d:\alinq\source\trunk\test\bin\debug\test.dll" id="02625fec-07b8-9a9d-40ba-dc41dbff4ebb">
      <Css projectStructure="" iteration="" />
      <Owners>
        <Owner name="" />
      </Owners>
      <TestMethod codeBase="D:\ALinq\Source\Trunk\Test\bin\Debug\Test.dll" adapterTypeName="Microsoft.VisualStudio.TestTools.TestTypes.Unit.UnitTestAdapter, Microsoft.VisualStudio.QualityTools.Tips.UnitTest.Adapter, Version=9.0.0.0, Culture=neutral, PublicKeyToken=b03f5f7f11d50a3a" className="Test.SqlTest, Test" name="Max_Simple" />
    </UnitTest>
    <UnitTest name="Join_ThreeWay" storage="d:\alinq\source\trunk\test\bin\debug\test.dll" id="1842b752-336c-603e-c7ae-e9d101800559">
      <Css projectStructure="" iteration="" />
      <Owners>
        <Owner name="" />
      </Owners>
      <TestMethod codeBase="D:\ALinq\Source\Trunk\Test\bin\Debug\Test.dll" adapterTypeName="Microsoft.VisualStudio.TestTools.TestTypes.Unit.UnitTestAdapter, Microsoft.VisualStudio.QualityTools.Tips.UnitTest.Adapter, Version=9.0.0.0, Culture=neutral, PublicKeyToken=b03f5f7f11d50a3a" className="Test.MySqlTest, Test" name="Join_ThreeWay" />
    </UnitTest>
    <UnitTest name="Math_Cos" storage="d:\alinq\source\trunk\test\bin\debug\test.dll" id="169d9766-558e-19af-5d1a-6011ef9f4609">
      <Css projectStructure="" iteration="" />
      <Owners>
        <Owner name="" />
      </Owners>
      <TestMethod codeBase="D:\ALinq\Source\Trunk\Test\bin\Debug\Test.dll" adapterTypeName="Microsoft.VisualStudio.TestTools.TestTypes.Unit.UnitTestAdapter, Microsoft.VisualStudio.QualityTools.Tips.UnitTest.Adapter, Version=9.0.0.0, Culture=neutral, PublicKeyToken=b03f5f7f11d50a3a" className="Test.SQL2000Test, Test" name="Math_Cos" />
    </UnitTest>
    <UnitTest name="SingleOrDefault" storage="d:\alinq\source\trunk\test\bin\debug\test.dll" id="0d0527fb-e23b-44bf-9603-7aeab4269694">
      <Css projectStructure="" iteration="" />
      <Owners>
        <Owner name="" />
      </Owners>
      <TestMethod codeBase="D:\ALinq\Source\Trunk\Test\bin\Debug\Test.dll" adapterTypeName="Microsoft.VisualStudio.TestTools.TestTypes.Unit.UnitTestAdapter, Microsoft.VisualStudio.QualityTools.Tips.UnitTest.Adapter, Version=9.0.0.0, Culture=neutral, PublicKeyToken=b03f5f7f11d50a3a" className="Test.DB2Test, Test" name="SingleOrDefault" />
    </UnitTest>
    <UnitTest name="DataType_Int64" storage="d:\alinq\source\trunk\test\bin\debug\test.dll" id="6daa5065-771c-d148-ba32-0e4f6ed3246a">
      <Css projectStructure="" iteration="" />
      <Owners>
        <Owner name="" />
      </Owners>
      <TestMethod codeBase="D:\ALinq\Source\Trunk\Test\bin\Debug\Test.dll" adapterTypeName="Microsoft.VisualStudio.TestTools.TestTypes.Unit.UnitTestAdapter, Microsoft.VisualStudio.QualityTools.Tips.UnitTest.Adapter, Version=9.0.0.0, Culture=neutral, PublicKeyToken=b03f5f7f11d50a3a" className="Test.SQL2000Test, Test" name="DataType_Int64" />
    </UnitTest>
    <UnitTest name="GetCategoryName" storage="d:\alinq\source\trunk\test\bin\debug\test.dll" id="9d0e2df0-a255-6b08-76b1-70cef0994d90">
      <Css projectStructure="" iteration="" />
      <Owners>
        <Owner name="" />
      </Owners>
      <TestMethod codeBase="D:\ALinq\Source\Trunk\Test\bin\Debug\Test.dll" adapterTypeName="Microsoft.VisualStudio.TestTools.TestTypes.Unit.UnitTestAdapter, Microsoft.VisualStudio.QualityTools.Tips.UnitTest.Adapter, Version=9.0.0.0, Culture=neutral, PublicKeyToken=b03f5f7f11d50a3a" className="Test.OdpOracleProcedureTest, Test" name="GetCategoryName" />
    </UnitTest>
    <UnitTest name="LongCount" storage="d:\alinq\source\trunk\test\bin\debug\test.dll" id="d2c7b44f-abf6-4f9a-556e-f7b8be3b7b34">
      <Css projectStructure="" iteration="" />
      <Owners>
        <Owner name="" />
      </Owners>
      <TestMethod codeBase="D:\ALinq\Source\Trunk\Test\bin\Debug\Test.dll" adapterTypeName="Microsoft.VisualStudio.TestTools.TestTypes.Unit.UnitTestAdapter, Microsoft.VisualStudio.QualityTools.Tips.UnitTest.Adapter, Version=9.0.0.0, Culture=neutral, PublicKeyToken=b03f5f7f11d50a3a" className="Test.OdpOracleTest, Test" name="LongCount" />
    </UnitTest>
    <UnitTest name="DataType_Int64" storage="d:\alinq\source\trunk\test\bin\debug\test.dll" id="d595890e-d977-4869-3ef9-cf7f59b89228">
      <Css projectStructure="" iteration="" />
      <Owners>
        <Owner name="" />
      </Owners>
      <TestMethod codeBase="D:\ALinq\Source\Trunk\Test\bin\Debug\Test.dll" adapterTypeName="Microsoft.VisualStudio.TestTools.TestTypes.Unit.UnitTestAdapter, Microsoft.VisualStudio.QualityTools.Tips.UnitTest.Adapter, Version=9.0.0.0, Culture=neutral, PublicKeyToken=b03f5f7f11d50a3a" className="Test.DB2Test, Test" name="DataType_Int64" />
    </UnitTest>
    <UnitTest name="Min_Simple" storage="d:\alinq\source\trunk\test\bin\debug\test.dll" id="41596968-3d68-6748-bab6-1dcca5fef620">
      <Css projectStructure="" iteration="" />
      <Owners>
        <Owner name="" />
      </Owners>
      <TestMethod codeBase="D:\ALinq\Source\Trunk\Test\bin\Debug\Test.dll" adapterTypeName="Microsoft.VisualStudio.TestTools.TestTypes.Unit.UnitTestAdapter, Microsoft.VisualStudio.QualityTools.Tips.UnitTest.Adapter, Version=9.0.0.0, Culture=neutral, PublicKeyToken=b03f5f7f11d50a3a" className="Test.SQL2000Test, Test" name="Min_Simple" />
    </UnitTest>
    <UnitTest name="Where_Simple4" storage="d:\alinq\source\trunk\test\bin\debug\test.dll" id="8193ddaf-894c-caea-20bd-17169e3475be">
      <Css projectStructure="" iteration="" />
      <Owners>
        <Owner name="" />
      </Owners>
      <TestMethod codeBase="D:\ALinq\Source\Trunk\Test\bin\Debug\Test.dll" adapterTypeName="Microsoft.VisualStudio.TestTools.TestTypes.Unit.UnitTestAdapter, Microsoft.VisualStudio.QualityTools.Tips.UnitTest.Adapter, Version=9.0.0.0, Culture=neutral, PublicKeyToken=b03f5f7f11d50a3a" className="Test.PgsqlTest, Test" name="Where_Simple4" />
    </UnitTest>
    <UnitTest name="Convert_ToDateTime" storage="d:\alinq\source\trunk\test\bin\debug\test.dll" id="02b4a72e-63eb-4065-bc73-f9d8aeae156e">
      <Css projectStructure="" iteration="" />
      <Owners>
        <Owner name="" />
      </Owners>
      <TestMethod codeBase="D:\ALinq\Source\Trunk\Test\bin\Debug\Test.dll" adapterTypeName="Microsoft.VisualStudio.TestTools.TestTypes.Unit.UnitTestAdapter, Microsoft.VisualStudio.QualityTools.Tips.UnitTest.Adapter, Version=9.0.0.0, Culture=neutral, PublicKeyToken=b03f5f7f11d50a3a" className="Test.SQL2000Test, Test" name="Convert_ToDateTime" />
    </UnitTest>
    <UnitTest name="Skip_Take" storage="d:\alinq\source\trunk\test\bin\debug\test.dll" id="cfdbaca0-5bb2-d08f-7d31-efefce0a1d57">
      <Css projectStructure="" iteration="" />
      <Owners>
        <Owner name="" />
      </Owners>
      <TestMethod codeBase="D:\ALinq\Source\Trunk\Test\bin\Debug\Test.dll" adapterTypeName="Microsoft.VisualStudio.TestTools.TestTypes.Unit.UnitTestAdapter, Microsoft.VisualStudio.QualityTools.Tips.UnitTest.Adapter, Version=9.0.0.0, Culture=neutral, PublicKeyToken=b03f5f7f11d50a3a" className="Test.SqlTest, Test" name="Skip_Take" />
    </UnitTest>
    <UnitTest name="Join_LetAssignment" storage="d:\alinq\source\trunk\test\bin\debug\test.dll" id="335ff2e6-8a3c-c73a-b7f9-4c49b40895fc">
      <Css projectStructure="" iteration="" />
      <Owners>
        <Owner name="" />
      </Owners>
      <TestMethod codeBase="D:\ALinq\Source\Trunk\Test\bin\Debug\Test.dll" adapterTypeName="Microsoft.VisualStudio.TestTools.TestTypes.Unit.UnitTestAdapter, Microsoft.VisualStudio.QualityTools.Tips.UnitTest.Adapter, Version=9.0.0.0, Culture=neutral, PublicKeyToken=b03f5f7f11d50a3a" className="Test.NorOracleTest, Test" name="Join_LetAssignment" />
    </UnitTest>
    <UnitTest name="StringContain" storage="d:\alinq\source\trunk\test\bin\debug\test.dll" id="d34176f4-7cd1-3672-596d-18a9b87bc42e">
      <Css projectStructure="" iteration="" />
      <Owners>
        <Owner name="" />
      </Owners>
      <TestMethod codeBase="D:\ALinq\Source\Trunk\Test\bin\Debug\Test.dll" adapterTypeName="Microsoft.VisualStudio.TestTools.TestTypes.Unit.UnitTestAdapter, Microsoft.VisualStudio.QualityTools.Tips.UnitTest.Adapter, Version=9.0.0.0, Culture=neutral, PublicKeyToken=b03f5f7f11d50a3a" className="Test.OdpOracleTest, Test" name="StringContain" />
    </UnitTest>
    <UnitTest name="DataType_Int64" storage="d:\alinq\source\trunk\test\bin\debug\test.dll" id="beeaa7c3-8cf0-b466-b2b0-abc933b2c511">
      <Css projectStructure="" iteration="" />
      <Owners>
        <Owner name="" />
      </Owners>
      <TestMethod codeBase="D:\ALinq\Source\Trunk\Test\bin\Debug\Test.dll" adapterTypeName="Microsoft.VisualStudio.TestTools.TestTypes.Unit.UnitTestAdapter, Microsoft.VisualStudio.QualityTools.Tips.UnitTest.Adapter, Version=9.0.0.0, Culture=neutral, PublicKeyToken=b03f5f7f11d50a3a" className="Test.SQL2005Test, Test" name="DataType_Int64" />
    </UnitTest>
    <UnitTest name="OrderBy_Conditional" storage="d:\alinq\source\trunk\test\bin\debug\test.dll" id="efd2ee63-9467-b4dc-82ff-d74737537bf1">
      <Css projectStructure="" iteration="" />
      <Owners>
        <Owner name="" />
      </Owners>
      <TestMethod codeBase="D:\ALinq\Source\Trunk\Test\bin\Debug\Test.dll" adapterTypeName="Microsoft.VisualStudio.TestTools.TestTypes.Unit.UnitTestAdapter, Microsoft.VisualStudio.QualityTools.Tips.UnitTest.Adapter, Version=9.0.0.0, Culture=neutral, PublicKeyToken=b03f5f7f11d50a3a" className="Test.OdpOracleTest, Test" name="OrderBy_Conditional" />
    </UnitTest>
    <UnitTest name="DateTime_Date" storage="d:\alinq\source\trunk\test\bin\debug\test.dll" id="777d0a5d-12d6-b4fd-1b8f-d8714584863d">
      <Css projectStructure="" iteration="" />
      <Owners>
        <Owner name="" />
      </Owners>
      <TestMethod codeBase="D:\ALinq\Source\Trunk\Test\bin\Debug\Test.dll" adapterTypeName="Microsoft.VisualStudio.TestTools.TestTypes.Unit.UnitTestAdapter, Microsoft.VisualStudio.QualityTools.Tips.UnitTest.Adapter, Version=9.0.0.0, Culture=neutral, PublicKeyToken=b03f5f7f11d50a3a" className="Test.DB2Test, Test" name="DateTime_Date" />
    </UnitTest>
    <UnitTest name="DateTime_Hour" storage="d:\alinq\source\trunk\test\bin\debug\test.dll" id="0ad7f487-b594-1140-e2f6-3fc0d9cb59ff">
      <Css projectStructure="" iteration="" />
      <Owners>
        <Owner name="" />
      </Owners>
      <TestMethod codeBase="D:\ALinq\Source\Trunk\Test\bin\Debug\Test.dll" adapterTypeName="Microsoft.VisualStudio.TestTools.TestTypes.Unit.UnitTestAdapter, Microsoft.VisualStudio.QualityTools.Tips.UnitTest.Adapter, Version=9.0.0.0, Culture=neutral, PublicKeyToken=b03f5f7f11d50a3a" className="Test.SqlTest, Test" name="DateTime_Hour" />
    </UnitTest>
    <UnitTest name="String_IndexOf2" storage="d:\alinq\source\trunk\test\bin\debug\test.dll" id="4b96e65f-4392-9de0-0a91-63bbe4047cc0">
      <Css projectStructure="" iteration="" />
      <Owners>
        <Owner name="" />
      </Owners>
      <TestMethod codeBase="D:\ALinq\Source\Trunk\Test\bin\Debug\Test.dll" adapterTypeName="Microsoft.VisualStudio.TestTools.TestTypes.Unit.UnitTestAdapter, Microsoft.VisualStudio.QualityTools.Tips.UnitTest.Adapter, Version=9.0.0.0, Culture=neutral, PublicKeyToken=b03f5f7f11d50a3a" className="Test.PgsqlTest, Test" name="String_IndexOf2" />
    </UnitTest>
    <UnitTest name="DateTimeLE" storage="d:\alinq\source\trunk\test\bin\debug\test.dll" id="00d4e838-56aa-a9d5-b5c8-2dfda76adff0">
      <Css projectStructure="" iteration="" />
      <Owners>
        <Owner name="" />
      </Owners>
      <TestMethod codeBase="D:\ALinq\Source\Trunk\Test\bin\Debug\Test.dll" adapterTypeName="Microsoft.VisualStudio.TestTools.TestTypes.Unit.UnitTestAdapter, Microsoft.VisualStudio.QualityTools.Tips.UnitTest.Adapter, Version=9.0.0.0, Culture=neutral, PublicKeyToken=b03f5f7f11d50a3a" className="Test.OdpOracleTest, Test" name="DateTimeLE" />
    </UnitTest>
    <UnitTest name="String_Clone" storage="d:\alinq\source\trunk\test\bin\debug\test.dll" id="3258131c-ece7-e519-6c46-d592f8995bab">
      <Css projectStructure="" iteration="" />
      <Owners>
        <Owner name="" />
      </Owners>
      <TestMethod codeBase="D:\ALinq\Source\Trunk\Test\bin\Debug\Test.dll" adapterTypeName="Microsoft.VisualStudio.TestTools.TestTypes.Unit.UnitTestAdapter, Microsoft.VisualStudio.QualityTools.Tips.UnitTest.Adapter, Version=9.0.0.0, Culture=neutral, PublicKeyToken=b03f5f7f11d50a3a" className="Test.SQLiteTest, Test" name="String_Clone" />
    </UnitTest>
    <UnitTest name="Convert_ToInt32" storage="d:\alinq\source\trunk\test\bin\debug\test.dll" id="5e8fdd90-7c05-2079-96b3-070c0b38d498">
      <Css projectStructure="" iteration="" />
      <Owners>
        <Owner name="" />
      </Owners>
      <TestMethod codeBase="D:\ALinq\Source\Trunk\Test\bin\Debug\Test.dll" adapterTypeName="Microsoft.VisualStudio.TestTools.TestTypes.Unit.UnitTestAdapter, Microsoft.VisualStudio.QualityTools.Tips.UnitTest.Adapter, Version=9.0.0.0, Culture=neutral, PublicKeyToken=b03f5f7f11d50a3a" className="Test.NorOracleTest, Test" name="Convert_ToInt32" />
    </UnitTest>
    <UnitTest name="Distinct1" storage="d:\alinq\source\trunk\test\bin\debug\test.dll" id="174136b0-cfc4-f612-6a89-7c2f8a6ca114">
      <Css projectStructure="" iteration="" />
      <Owners>
        <Owner name="" />
      </Owners>
      <TestMethod codeBase="D:\ALinq\Source\Trunk\Test\bin\Debug\Test.dll" adapterTypeName="Microsoft.VisualStudio.TestTools.TestTypes.Unit.UnitTestAdapter, Microsoft.VisualStudio.QualityTools.Tips.UnitTest.Adapter, Version=9.0.0.0, Culture=neutral, PublicKeyToken=b03f5f7f11d50a3a" className="Test.PgsqlTest, Test" name="Distinct1" />
    </UnitTest>
    <UnitTest name="DateDiffSecond" storage="d:\alinq\source\trunk\test\bin\debug\test.dll" id="a45abed7-3cb2-9895-1212-771e83a36bf6">
      <Css projectStructure="" iteration="" />
      <Owners>
        <Owner name="" />
      </Owners>
      <TestMethod codeBase="D:\ALinq\Source\Trunk\Test\bin\Debug\Test.dll" adapterTypeName="Microsoft.VisualStudio.TestTools.TestTypes.Unit.UnitTestAdapter, Microsoft.VisualStudio.QualityTools.Tips.UnitTest.Adapter, Version=9.0.0.0, Culture=neutral, PublicKeyToken=b03f5f7f11d50a3a" className="Test.DB2SqlMethods, Test" name="DateDiffSecond" />
    </UnitTest>
    <UnitTest name="Where_Simple4" storage="d:\alinq\source\trunk\test\bin\debug\test.dll" id="ed9a85e7-3660-fdb3-7dc9-345c333c3d93">
      <Css projectStructure="" iteration="" />
      <Owners>
        <Owner name="" />
      </Owners>
      <TestMethod codeBase="D:\ALinq\Source\Trunk\Test\bin\Debug\Test.dll" adapterTypeName="Microsoft.VisualStudio.TestTools.TestTypes.Unit.UnitTestAdapter, Microsoft.VisualStudio.QualityTools.Tips.UnitTest.Adapter, Version=9.0.0.0, Culture=neutral, PublicKeyToken=b03f5f7f11d50a3a" className="Test.SQLiteTest, Test" name="Where_Simple4" />
    </UnitTest>
    <UnitTest name="String_EndsWith" storage="d:\alinq\source\trunk\test\bin\debug\test.dll" id="80379085-0e74-49a0-02aa-ea72aac58c9d">
      <Css projectStructure="" iteration="" />
      <Owners>
        <Owner name="" />
      </Owners>
      <TestMethod codeBase="D:\ALinq\Source\Trunk\Test\bin\Debug\Test.dll" adapterTypeName="Microsoft.VisualStudio.TestTools.TestTypes.Unit.UnitTestAdapter, Microsoft.VisualStudio.QualityTools.Tips.UnitTest.Adapter, Version=9.0.0.0, Culture=neutral, PublicKeyToken=b03f5f7f11d50a3a" className="Test.FirebirdTest, Test" name="String_EndsWith" />
    </UnitTest>
    <UnitTest name="DateTime_Hour" storage="d:\alinq\source\trunk\test\bin\debug\test.dll" id="7d7af1a5-770c-4231-c560-18e5c540ae84">
      <Css projectStructure="" iteration="" />
      <Owners>
        <Owner name="" />
      </Owners>
      <TestMethod codeBase="D:\ALinq\Source\Trunk\Test\bin\Debug\Test.dll" adapterTypeName="Microsoft.VisualStudio.TestTools.TestTypes.Unit.UnitTestAdapter, Microsoft.VisualStudio.QualityTools.Tips.UnitTest.Adapter, Version=9.0.0.0, Culture=neutral, PublicKeyToken=b03f5f7f11d50a3a" className="Test.AccessTest, Test" name="DateTime_Hour" />
    </UnitTest>
    <UnitTest name="Math_Acos" storage="d:\alinq\source\trunk\test\bin\debug\test.dll" id="efe17eed-6dd4-c3de-1bf1-dcdb508e5a59">
      <Css projectStructure="" iteration="" />
      <Owners>
        <Owner name="" />
      </Owners>
      <TestMethod codeBase="D:\ALinq\Source\Trunk\Test\bin\Debug\Test.dll" adapterTypeName="Microsoft.VisualStudio.TestTools.TestTypes.Unit.UnitTestAdapter, Microsoft.VisualStudio.QualityTools.Tips.UnitTest.Adapter, Version=9.0.0.0, Culture=neutral, PublicKeyToken=b03f5f7f11d50a3a" className="Test.DB2Test, Test" name="Math_Acos" />
    </UnitTest>
    <UnitTest name="String_Trim" storage="d:\alinq\source\trunk\test\bin\debug\test.dll" id="4f8e5e8a-227d-a82a-0acb-aea1bf8eb3c5">
      <Css projectStructure="" iteration="" />
      <Owners>
        <Owner name="" />
      </Owners>
      <TestMethod codeBase="D:\ALinq\Source\Trunk\Test\bin\Debug\Test.dll" adapterTypeName="Microsoft.VisualStudio.TestTools.TestTypes.Unit.UnitTestAdapter, Microsoft.VisualStudio.QualityTools.Tips.UnitTest.Adapter, Version=9.0.0.0, Culture=neutral, PublicKeyToken=b03f5f7f11d50a3a" className="Test.SqlTest, Test" name="String_Trim" />
    </UnitTest>
    <UnitTest name="Association" storage="d:\alinq\source\trunk\test\bin\debug\test.dll" id="899a4e76-e05b-f6ce-d508-c44ed8364e9b">
      <Css projectStructure="" iteration="" />
      <Owners>
        <Owner name="" />
      </Owners>
      <TestMethod codeBase="D:\ALinq\Source\Trunk\Test\bin\Debug\Test.dll" adapterTypeName="Microsoft.VisualStudio.TestTools.TestTypes.Unit.UnitTestAdapter, Microsoft.VisualStudio.QualityTools.Tips.UnitTest.Adapter, Version=9.0.0.0, Culture=neutral, PublicKeyToken=b03f5f7f11d50a3a" className="Test.OdpOracleTest, Test" name="Association" />
    </UnitTest>
    <UnitTest name="Math_DivRem" storage="d:\alinq\source\trunk\test\bin\debug\test.dll" id="55070f72-8b6e-2324-527d-02bea5dca0f1">
      <Css projectStructure="" iteration="" />
      <Owners>
        <Owner name="" />
      </Owners>
      <TestMethod codeBase="D:\ALinq\Source\Trunk\Test\bin\Debug\Test.dll" adapterTypeName="Microsoft.VisualStudio.TestTools.TestTypes.Unit.UnitTestAdapter, Microsoft.VisualStudio.QualityTools.Tips.UnitTest.Adapter, Version=9.0.0.0, Culture=neutral, PublicKeyToken=b03f5f7f11d50a3a" className="Test.SQL2000Test, Test" name="Math_DivRem" />
    </UnitTest>
    <UnitTest name="String_ToLower2" storage="d:\alinq\source\trunk\test\bin\debug\test.dll" id="5cfbeca4-2adc-a864-8294-f3979199299e">
      <Css projectStructure="" iteration="" />
      <Owners>
        <Owner name="" />
      </Owners>
      <TestMethod codeBase="D:\ALinq\Source\Trunk\Test\bin\Debug\Test.dll" adapterTypeName="Microsoft.VisualStudio.TestTools.TestTypes.Unit.UnitTestAdapter, Microsoft.VisualStudio.QualityTools.Tips.UnitTest.Adapter, Version=9.0.0.0, Culture=neutral, PublicKeyToken=b03f5f7f11d50a3a" className="Test.OdpOracleTest, Test" name="String_ToLower2" />
    </UnitTest>
    <UnitTest name="String_IndexOf3" storage="d:\alinq\source\trunk\test\bin\debug\test.dll" id="48e2cf70-43f4-fbcf-89c0-6a01ef7758b8">
      <Css projectStructure="" iteration="" />
      <Owners>
        <Owner name="" />
      </Owners>
      <TestMethod codeBase="D:\ALinq\Source\Trunk\Test\bin\Debug\Test.dll" adapterTypeName="Microsoft.VisualStudio.TestTools.TestTypes.Unit.UnitTestAdapter, Microsoft.VisualStudio.QualityTools.Tips.UnitTest.Adapter, Version=9.0.0.0, Culture=neutral, PublicKeyToken=b03f5f7f11d50a3a" className="Test.MySqlTest, Test" name="String_IndexOf3" />
    </UnitTest>
    <UnitTest name="OrderBy_Simple" storage="d:\alinq\source\trunk\test\bin\debug\test.dll" id="a62736a0-6376-09f2-1ce3-7d9209d52ba9">
      <Css projectStructure="" iteration="" />
      <Owners>
        <Owner name="" />
      </Owners>
      <TestMethod codeBase="D:\ALinq\Source\Trunk\Test\bin\Debug\Test.dll" adapterTypeName="Microsoft.VisualStudio.TestTools.TestTypes.Unit.UnitTestAdapter, Microsoft.VisualStudio.QualityTools.Tips.UnitTest.Adapter, Version=9.0.0.0, Culture=neutral, PublicKeyToken=b03f5f7f11d50a3a" className="Test.SQL2000Test, Test" name="OrderBy_Simple" />
    </UnitTest>
    <UnitTest name="ObjectIdentity" storage="d:\alinq\source\trunk\test\bin\debug\test.dll" id="a463bbc5-1fbd-602b-2906-8b84300127c5">
      <Css projectStructure="" iteration="" />
      <Owners>
        <Owner name="" />
      </Owners>
      <TestMethod codeBase="D:\ALinq\Source\Trunk\Test\bin\Debug\Test.dll" adapterTypeName="Microsoft.VisualStudio.TestTools.TestTypes.Unit.UnitTestAdapter, Microsoft.VisualStudio.QualityTools.Tips.UnitTest.Adapter, Version=9.0.0.0, Culture=neutral, PublicKeyToken=b03f5f7f11d50a3a" className="Test.DataContextTest, Test" name="ObjectIdentity" />
    </UnitTest>
    <UnitTest name="CRUD_Insert1" storage="d:\alinq\source\trunk\test\bin\debug\test.dll" id="7d243fcc-5e7e-a84b-ce15-5efe9f076c3f">
      <Css projectStructure="" iteration="" />
      <Owners>
        <Owner name="" />
      </Owners>
      <TestMethod codeBase="D:\ALinq\Source\Trunk\Test\bin\Debug\Test.dll" adapterTypeName="Microsoft.VisualStudio.TestTools.TestTypes.Unit.UnitTestAdapter, Microsoft.VisualStudio.QualityTools.Tips.UnitTest.Adapter, Version=9.0.0.0, Culture=neutral, PublicKeyToken=b03f5f7f11d50a3a" className="Test.OdpOracleTest, Test" name="CRUD_Insert1" />
    </UnitTest>
    <UnitTest name="String_EndsWith" storage="d:\alinq\source\trunk\test\bin\debug\test.dll" id="d39743ba-9b1f-7cfa-b6e7-15f0f43b2685">
      <Css projectStructure="" iteration="" />
      <Owners>
        <Owner name="" />
      </Owners>
      <TestMethod codeBase="D:\ALinq\Source\Trunk\Test\bin\Debug\Test.dll" adapterTypeName="Microsoft.VisualStudio.TestTools.TestTypes.Unit.UnitTestAdapter, Microsoft.VisualStudio.QualityTools.Tips.UnitTest.Adapter, Version=9.0.0.0, Culture=neutral, PublicKeyToken=b03f5f7f11d50a3a" className="Test.NorOracleTest, Test" name="String_EndsWith" />
    </UnitTest>
    <UnitTest name="ProviderAndDatabaseNameTest" storage="d:\alinq\source\trunk\test\bin\debug\test.dll" id="c16c6a5d-b092-b9d1-0104-f82fbb01a680">
      <Css projectStructure="" iteration="" />
      <Owners>
        <Owner name="" />
      </Owners>
      <TestMethod codeBase="D:\ALinq\Source\Trunk\Test\bin\Debug\Test.dll" adapterTypeName="Microsoft.VisualStudio.TestTools.TestTypes.Unit.UnitTestAdapter, Microsoft.VisualStudio.QualityTools.Tips.UnitTest.Adapter, Version=9.0.0.0, Culture=neutral, PublicKeyToken=b03f5f7f11d50a3a" className="Test.AttributeMappingSourceTest, Test" name="ProviderAndDatabaseNameTest" />
    </UnitTest>
    <UnitTest name="Union" storage="d:\alinq\source\trunk\test\bin\debug\test.dll" id="198e9b0d-f013-f5d1-fcbe-2b5b433aa0a8">
      <Css projectStructure="" iteration="" />
      <Owners>
        <Owner name="" />
      </Owners>
      <TestMethod codeBase="D:\ALinq\Source\Trunk\Test\bin\Debug\Test.dll" adapterTypeName="Microsoft.VisualStudio.TestTools.TestTypes.Unit.UnitTestAdapter, Microsoft.VisualStudio.QualityTools.Tips.UnitTest.Adapter, Version=9.0.0.0, Culture=neutral, PublicKeyToken=b03f5f7f11d50a3a" className="Test.AccessTest, Test" name="Union" />
    </UnitTest>
    <UnitTest name="GroupBy_Year" storage="d:\alinq\source\trunk\test\bin\debug\test.dll" id="b1f45575-b840-213e-88cd-236fe44665cf">
      <Css projectStructure="" iteration="" />
      <Owners>
        <Owner name="" />
      </Owners>
      <TestMethod codeBase="D:\ALinq\Source\Trunk\Test\bin\Debug\Test.dll" adapterTypeName="Microsoft.VisualStudio.TestTools.TestTypes.Unit.UnitTestAdapter, Microsoft.VisualStudio.QualityTools.Tips.UnitTest.Adapter, Version=9.0.0.0, Culture=neutral, PublicKeyToken=b03f5f7f11d50a3a" className="Test.NorOracleTest, Test" name="GroupBy_Year" />
    </UnitTest>
    <UnitTest name="StringToLower" storage="d:\alinq\source\trunk\test\bin\debug\test.dll" id="a310d785-a3e2-ec78-0435-320b72afc2d2">
      <Css projectStructure="" iteration="" />
      <Owners>
        <Owner name="" />
      </Owners>
      <TestMethod codeBase="D:\ALinq\Source\Trunk\Test\bin\Debug\Test.dll" adapterTypeName="Microsoft.VisualStudio.TestTools.TestTypes.Unit.UnitTestAdapter, Microsoft.VisualStudio.QualityTools.Tips.UnitTest.Adapter, Version=9.0.0.0, Culture=neutral, PublicKeyToken=b03f5f7f11d50a3a" className="Test.PgsqlTest, Test" name="StringToLower" />
    </UnitTest>
    <UnitTest name="Select_SpecialType" storage="d:\alinq\source\trunk\test\bin\debug\test.dll" id="a57569f0-331a-e3e2-307c-92b7c81c644a">
      <Css projectStructure="" iteration="" />
      <Owners>
        <Owner name="" />
      </Owners>
      <TestMethod codeBase="D:\ALinq\Source\Trunk\Test\bin\Debug\Test.dll" adapterTypeName="Microsoft.VisualStudio.TestTools.TestTypes.Unit.UnitTestAdapter, Microsoft.VisualStudio.QualityTools.Tips.UnitTest.Adapter, Version=9.0.0.0, Culture=neutral, PublicKeyToken=b03f5f7f11d50a3a" className="Test.SQLiteTest, Test" name="Select_SpecialType" />
    </UnitTest>
    <UnitTest name="GetDefaultValue" storage="d:\alinq\source\trunk\test\bin\debug\test.dll" id="91dcfb2a-e768-3039-b6b9-03879e5f62ec">
      <Css projectStructure="" iteration="" />
      <Owners>
        <Owner name="" />
      </Owners>
      <TestMethod codeBase="D:\ALinq\Source\Trunk\Test\bin\Debug\Test.dll" adapterTypeName="Microsoft.VisualStudio.TestTools.TestTypes.Unit.UnitTestAdapter, Microsoft.VisualStudio.QualityTools.Tips.UnitTest.Adapter, Version=9.0.0.0, Culture=neutral, PublicKeyToken=b03f5f7f11d50a3a" className="Test.AccessTest, Test" name="GetDefaultValue" />
    </UnitTest>
    <UnitTest name="Math_DivRem" storage="d:\alinq\source\trunk\test\bin\debug\test.dll" id="35d96c57-69b5-5d37-e871-9f107e60fdf0">
      <Css projectStructure="" iteration="" />
      <Owners>
        <Owner name="" />
      </Owners>
      <TestMethod codeBase="D:\ALinq\Source\Trunk\Test\bin\Debug\Test.dll" adapterTypeName="Microsoft.VisualStudio.TestTools.TestTypes.Unit.UnitTestAdapter, Microsoft.VisualStudio.QualityTools.Tips.UnitTest.Adapter, Version=9.0.0.0, Culture=neutral, PublicKeyToken=b03f5f7f11d50a3a" className="Test.SqlTest, Test" name="Math_DivRem" />
    </UnitTest>
    <UnitTest name="Take_Nested" storage="d:\alinq\source\trunk\test\bin\debug\test.dll" id="b11679cc-5eb8-4bb3-4756-44d6d580c177">
      <Css projectStructure="" iteration="" />
      <Owners>
        <Owner name="" />
      </Owners>
      <TestMethod codeBase="D:\ALinq\Source\Trunk\Test\bin\Debug\Test.dll" adapterTypeName="Microsoft.VisualStudio.TestTools.TestTypes.Unit.UnitTestAdapter, Microsoft.VisualStudio.QualityTools.Tips.UnitTest.Adapter, Version=9.0.0.0, Culture=neutral, PublicKeyToken=b03f5f7f11d50a3a" className="Test.PgsqlTest, Test" name="Take_Nested" />
    </UnitTest>
    <UnitTest name="CreateTale" storage="d:\alinq\source\trunk\test\bin\debug\test.dll" id="07f33e08-97f9-61cd-1375-2cd7925c7891">
      <Css projectStructure="" iteration="" />
      <Owners>
        <Owner name="" />
      </Owners>
      <TestMethod codeBase="D:\ALinq\Source\Trunk\Test\bin\Debug\Test.dll" adapterTypeName="Microsoft.VisualStudio.TestTools.TestTypes.Unit.UnitTestAdapter, Microsoft.VisualStudio.QualityTools.Tips.UnitTest.Adapter, Version=9.0.0.0, Culture=neutral, PublicKeyToken=b03f5f7f11d50a3a" className="Test.DB2Test, Test" name="CreateTale" />
    </UnitTest>
    <UnitTest name="SqlMethod_Remote" storage="d:\alinq\source\trunk\test\bin\debug\test.dll" id="84104531-1c58-0af6-8c77-d96e2242d788">
      <Css projectStructure="" iteration="" />
      <Owners>
        <Owner name="" />
      </Owners>
      <TestMethod codeBase="D:\ALinq\Source\Trunk\Test\bin\Debug\Test.dll" adapterTypeName="Microsoft.VisualStudio.TestTools.TestTypes.Unit.UnitTestAdapter, Microsoft.VisualStudio.QualityTools.Tips.UnitTest.Adapter, Version=9.0.0.0, Culture=neutral, PublicKeyToken=b03f5f7f11d50a3a" className="Test.NorOracleTest, Test" name="SqlMethod_Remote" />
    </UnitTest>
    <UnitTest name="Avg_Emelents" storage="d:\alinq\source\trunk\test\bin\debug\test.dll" id="76738602-4709-ebe8-d57f-52c4138c70d3">
      <Css projectStructure="" iteration="" />
      <Owners>
        <Owner name="" />
      </Owners>
      <TestMethod codeBase="D:\ALinq\Source\Trunk\Test\bin\Debug\Test.dll" adapterTypeName="Microsoft.VisualStudio.TestTools.TestTypes.Unit.UnitTestAdapter, Microsoft.VisualStudio.QualityTools.Tips.UnitTest.Adapter, Version=9.0.0.0, Culture=neutral, PublicKeyToken=b03f5f7f11d50a3a" className="Test.AccessTest, Test" name="Avg_Emelents" />
    </UnitTest>
    <UnitTest name="Distinct1" storage="d:\alinq\source\trunk\test\bin\debug\test.dll" id="0367dd1b-8236-281c-cb4d-caec83a9e956">
      <Css projectStructure="" iteration="" />
      <Owners>
        <Owner name="" />
      </Owners>
      <TestMethod codeBase="D:\ALinq\Source\Trunk\Test\bin\Debug\Test.dll" adapterTypeName="Microsoft.VisualStudio.TestTools.TestTypes.Unit.UnitTestAdapter, Microsoft.VisualStudio.QualityTools.Tips.UnitTest.Adapter, Version=9.0.0.0, Culture=neutral, PublicKeyToken=b03f5f7f11d50a3a" className="Test.FirebirdTest, Test" name="Distinct1" />
    </UnitTest>
    <UnitTest name="Math_Log10" storage="d:\alinq\source\trunk\test\bin\debug\test.dll" id="9a4ffe36-6331-7f8a-21e5-c94673c165ec">
      <Css projectStructure="" iteration="" />
      <Owners>
        <Owner name="" />
      </Owners>
      <TestMethod codeBase="D:\ALinq\Source\Trunk\Test\bin\Debug\Test.dll" adapterTypeName="Microsoft.VisualStudio.TestTools.TestTypes.Unit.UnitTestAdapter, Microsoft.VisualStudio.QualityTools.Tips.UnitTest.Adapter, Version=9.0.0.0, Culture=neutral, PublicKeyToken=b03f5f7f11d50a3a" className="Test.NorOracleTest, Test" name="Math_Log10" />
    </UnitTest>
    <UnitTest name="Math_Ceiling" storage="d:\alinq\source\trunk\test\bin\debug\test.dll" id="d22526ba-e47c-b1fb-65d4-6e249ef6090c">
      <Css projectStructure="" iteration="" />
      <Owners>
        <Owner name="" />
      </Owners>
      <TestMethod codeBase="D:\ALinq\Source\Trunk\Test\bin\Debug\Test.dll" adapterTypeName="Microsoft.VisualStudio.TestTools.TestTypes.Unit.UnitTestAdapter, Microsoft.VisualStudio.QualityTools.Tips.UnitTest.Adapter, Version=9.0.0.0, Culture=neutral, PublicKeyToken=b03f5f7f11d50a3a" className="Test.SQLiteTest, Test" name="Math_Ceiling" />
    </UnitTest>
    <UnitTest name="OrderBy_Simple" storage="d:\alinq\source\trunk\test\bin\debug\test.dll" id="3a72f801-2643-f5c5-12a6-56f96af78b35">
      <Css projectStructure="" iteration="" />
      <Owners>
        <Owner name="" />
      </Owners>
      <TestMethod codeBase="D:\ALinq\Source\Trunk\Test\bin\Debug\Test.dll" adapterTypeName="Microsoft.VisualStudio.TestTools.TestTypes.Unit.UnitTestAdapter, Microsoft.VisualStudio.QualityTools.Tips.UnitTest.Adapter, Version=9.0.0.0, Culture=neutral, PublicKeyToken=b03f5f7f11d50a3a" className="Test.SqlTest, Test" name="OrderBy_Simple" />
    </UnitTest>
    <UnitTest name="CreateTale" storage="d:\alinq\source\trunk\test\bin\debug\test.dll" id="99db8dda-21f0-3a2e-f3a6-5eeb9f28e4ac">
      <Css projectStructure="" iteration="" />
      <Owners>
        <Owner name="" />
      </Owners>
      <TestMethod codeBase="D:\ALinq\Source\Trunk\Test\bin\Debug\Test.dll" adapterTypeName="Microsoft.VisualStudio.TestTools.TestTypes.Unit.UnitTestAdapter, Microsoft.VisualStudio.QualityTools.Tips.UnitTest.Adapter, Version=9.0.0.0, Culture=neutral, PublicKeyToken=b03f5f7f11d50a3a" className="Test.MySqlTest, Test" name="CreateTale" />
    </UnitTest>
    <UnitTest name="Distinct2" storage="d:\alinq\source\trunk\test\bin\debug\test.dll" id="03b6334a-0d45-7b58-21af-ec7cbd0d3d99">
      <Css projectStructure="" iteration="" />
      <Owners>
        <Owner name="" />
      </Owners>
      <TestMethod codeBase="D:\ALinq\Source\Trunk\Test\bin\Debug\Test.dll" adapterTypeName="Microsoft.VisualStudio.TestTools.TestTypes.Unit.UnitTestAdapter, Microsoft.VisualStudio.QualityTools.Tips.UnitTest.Adapter, Version=9.0.0.0, Culture=neutral, PublicKeyToken=b03f5f7f11d50a3a" className="Test.DB2Test, Test" name="Distinct2" />
    </UnitTest>
    <UnitTest name="Join_SelfJoin" storage="d:\alinq\source\trunk\test\bin\debug\test.dll" id="604fdb74-17e7-d109-cf72-b04145e50308">
      <Css projectStructure="" iteration="" />
      <Owners>
        <Owner name="" />
      </Owners>
      <TestMethod codeBase="D:\ALinq\Source\Trunk\Test\bin\Debug\Test.dll" adapterTypeName="Microsoft.VisualStudio.TestTools.TestTypes.Unit.UnitTestAdapter, Microsoft.VisualStudio.QualityTools.Tips.UnitTest.Adapter, Version=9.0.0.0, Culture=neutral, PublicKeyToken=b03f5f7f11d50a3a" className="Test.SqlTest, Test" name="Join_SelfJoin" />
    </UnitTest>
    <UnitTest name="Distinct1" storage="d:\alinq\source\trunk\test\bin\debug\test.dll" id="dcf8dc38-c29d-5450-3b7e-ecc274c59bfe">
      <Css projectStructure="" iteration="" />
      <Owners>
        <Owner name="" />
      </Owners>
      <TestMethod codeBase="D:\ALinq\Source\Trunk\Test\bin\Debug\Test.dll" adapterTypeName="Microsoft.VisualStudio.TestTools.TestTypes.Unit.UnitTestAdapter, Microsoft.VisualStudio.QualityTools.Tips.UnitTest.Adapter, Version=9.0.0.0, Culture=neutral, PublicKeyToken=b03f5f7f11d50a3a" className="Test.SQL2000Test, Test" name="Distinct1" />
    </UnitTest>
    <UnitTest name="CRUD_Update4" storage="d:\alinq\source\trunk\test\bin\debug\test.dll" id="aa1902c2-3c69-b26b-2305-bf5ba7780c3b">
      <Css projectStructure="" iteration="" />
      <Owners>
        <Owner name="" />
      </Owners>
      <TestMethod codeBase="D:\ALinq\Source\Trunk\Test\bin\Debug\Test.dll" adapterTypeName="Microsoft.VisualStudio.TestTools.TestTypes.Unit.UnitTestAdapter, Microsoft.VisualStudio.QualityTools.Tips.UnitTest.Adapter, Version=9.0.0.0, Culture=neutral, PublicKeyToken=b03f5f7f11d50a3a" className="Test.FirebirdTest, Test" name="CRUD_Update4" />
    </UnitTest>
    <UnitTest name="Join_NullableNonnullableKeyRelationship" storage="d:\alinq\source\trunk\test\bin\debug\test.dll" id="540993ed-f565-f903-8378-19b16817c247">
      <Css projectStructure="" iteration="" />
      <Owners>
        <Owner name="" />
      </Owners>
      <TestMethod codeBase="D:\ALinq\Source\Trunk\Test\bin\Debug\Test.dll" adapterTypeName="Microsoft.VisualStudio.TestTools.TestTypes.Unit.UnitTestAdapter, Microsoft.VisualStudio.QualityTools.Tips.UnitTest.Adapter, Version=9.0.0.0, Culture=neutral, PublicKeyToken=b03f5f7f11d50a3a" className="Test.NorOracleTest, Test" name="Join_NullableNonnullableKeyRelationship" />
    </UnitTest>
    <UnitTest name="Any_Simple" storage="d:\alinq\source\trunk\test\bin\debug\test.dll" id="f981eadb-eb92-2a95-3b3b-5b441cb4c18d">
      <Css projectStructure="" iteration="" />
      <Owners>
        <Owner name="" />
      </Owners>
      <TestMethod codeBase="D:\ALinq\Source\Trunk\Test\bin\Debug\Test.dll" adapterTypeName="Microsoft.VisualStudio.TestTools.TestTypes.Unit.UnitTestAdapter, Microsoft.VisualStudio.QualityTools.Tips.UnitTest.Adapter, Version=9.0.0.0, Culture=neutral, PublicKeyToken=b03f5f7f11d50a3a" className="Test.NorOracleTest, Test" name="Any_Simple" />
    </UnitTest>
    <UnitTest name="Avg_Grouped" storage="d:\alinq\source\trunk\test\bin\debug\test.dll" id="477c9640-b15c-9d6e-f802-eb36396fc91a">
      <Css projectStructure="" iteration="" />
      <Owners>
        <Owner name="" />
      </Owners>
      <TestMethod codeBase="D:\ALinq\Source\Trunk\Test\bin\Debug\Test.dll" adapterTypeName="Microsoft.VisualStudio.TestTools.TestTypes.Unit.UnitTestAdapter, Microsoft.VisualStudio.QualityTools.Tips.UnitTest.Adapter, Version=9.0.0.0, Culture=neutral, PublicKeyToken=b03f5f7f11d50a3a" className="Test.OdpOracleTest, Test" name="Avg_Grouped" />
    </UnitTest>
    <UnitTest name="StringToUpper" storage="d:\alinq\source\trunk\test\bin\debug\test.dll" id="2e5470e9-79e8-0780-1ac8-ae33cba95f8d">
      <Css projectStructure="" iteration="" />
      <Owners>
        <Owner name="" />
      </Owners>
      <TestMethod codeBase="D:\ALinq\Source\Trunk\Test\bin\Debug\Test.dll" adapterTypeName="Microsoft.VisualStudio.TestTools.TestTypes.Unit.UnitTestAdapter, Microsoft.VisualStudio.QualityTools.Tips.UnitTest.Adapter, Version=9.0.0.0, Culture=neutral, PublicKeyToken=b03f5f7f11d50a3a" className="Test.NorOracleTest, Test" name="StringToUpper" />
    </UnitTest>
    <UnitTest name="Math_Tanh" storage="d:\alinq\source\trunk\test\bin\debug\test.dll" id="d20f04f6-0f3f-3760-2cc8-af0995c1ca93">
      <Css projectStructure="" iteration="" />
      <Owners>
        <Owner name="" />
      </Owners>
      <TestMethod codeBase="D:\ALinq\Source\Trunk\Test\bin\Debug\Test.dll" adapterTypeName="Microsoft.VisualStudio.TestTools.TestTypes.Unit.UnitTestAdapter, Microsoft.VisualStudio.QualityTools.Tips.UnitTest.Adapter, Version=9.0.0.0, Culture=neutral, PublicKeyToken=b03f5f7f11d50a3a" className="Test.PgsqlTest, Test" name="Math_Tanh" />
    </UnitTest>
    <UnitTest name="FromTypeTest" storage="d:\alinq\source\trunk\test\bin\debug\test.dll" id="0ceac575-41e1-36ed-f966-a8cf550af88c">
      <Css projectStructure="" iteration="" />
      <Owners>
        <Owner name="" />
      </Owners>
      <TestMethod codeBase="D:\ALinq\Source\Trunk\Test\bin\Debug\Test.dll" adapterTypeName="Microsoft.VisualStudio.TestTools.TestTypes.Unit.UnitTestAdapter, Microsoft.VisualStudio.QualityTools.Tips.UnitTest.Adapter, Version=9.0.0.0, Culture=neutral, PublicKeyToken=b03f5f7f11d50a3a" className="Test.SQLiteDataTypeTest, Test" name="FromTypeTest" />
    </UnitTest>
    <UnitTest name="Max_Elements" storage="d:\alinq\source\trunk\test\bin\debug\test.dll" id="e9bf40e5-fe0d-90e0-ac40-a0b9b384cbd0">
      <Css projectStructure="" iteration="" />
      <Owners>
        <Owner name="" />
      </Owners>
      <TestMethod codeBase="D:\ALinq\Source\Trunk\Test\bin\Debug\Test.dll" adapterTypeName="Microsoft.VisualStudio.TestTools.TestTypes.Unit.UnitTestAdapter, Microsoft.VisualStudio.QualityTools.Tips.UnitTest.Adapter, Version=9.0.0.0, Culture=neutral, PublicKeyToken=b03f5f7f11d50a3a" className="Test.DB2Test, Test" name="Max_Elements" />
    </UnitTest>
    <UnitTest name="GroupBy_Sum" storage="d:\alinq\source\trunk\test\bin\debug\test.dll" id="eaf91efa-4093-399a-f872-4e883d699b5c">
      <Css projectStructure="" iteration="" />
      <Owners>
        <Owner name="" />
      </Owners>
      <TestMethod codeBase="D:\ALinq\Source\Trunk\Test\bin\Debug\Test.dll" adapterTypeName="Microsoft.VisualStudio.TestTools.TestTypes.Unit.UnitTestAdapter, Microsoft.VisualStudio.QualityTools.Tips.UnitTest.Adapter, Version=9.0.0.0, Culture=neutral, PublicKeyToken=b03f5f7f11d50a3a" className="Test.AccessTest, Test" name="GroupBy_Sum" />
    </UnitTest>
    <UnitTest name="Except" storage="d:\alinq\source\trunk\test\bin\debug\test.dll" id="9011350b-94f7-cae0-ac90-aa02fb8e277e">
      <Css projectStructure="" iteration="" />
      <Owners>
        <Owner name="" />
      </Owners>
      <TestMethod codeBase="D:\ALinq\Source\Trunk\Test\bin\Debug\Test.dll" adapterTypeName="Microsoft.VisualStudio.TestTools.TestTypes.Unit.UnitTestAdapter, Microsoft.VisualStudio.QualityTools.Tips.UnitTest.Adapter, Version=9.0.0.0, Culture=neutral, PublicKeyToken=b03f5f7f11d50a3a" className="Test.SQL2000Test, Test" name="Except" />
    </UnitTest>
    <UnitTest name="String_Contains" storage="d:\alinq\source\trunk\test\bin\debug\test.dll" id="f821f7a1-567e-7302-113c-3e6db9654e3d">
      <Css projectStructure="" iteration="" />
      <Owners>
        <Owner name="" />
      </Owners>
      <TestMethod codeBase="D:\ALinq\Source\Trunk\Test\bin\Debug\Test.dll" adapterTypeName="Microsoft.VisualStudio.TestTools.TestTypes.Unit.UnitTestAdapter, Microsoft.VisualStudio.QualityTools.Tips.UnitTest.Adapter, Version=9.0.0.0, Culture=neutral, PublicKeyToken=b03f5f7f11d50a3a" className="Test.SQL2005Test, Test" name="String_Contains" />
    </UnitTest>
    <UnitTest name="Avg_Projection" storage="d:\alinq\source\trunk\test\bin\debug\test.dll" id="d42f6b50-3f17-e9d8-4a4f-84a4ee1608af">
      <Css projectStructure="" iteration="" />
      <Owners>
        <Owner name="" />
      </Owners>
      <TestMethod codeBase="D:\ALinq\Source\Trunk\Test\bin\Debug\Test.dll" adapterTypeName="Microsoft.VisualStudio.TestTools.TestTypes.Unit.UnitTestAdapter, Microsoft.VisualStudio.QualityTools.Tips.UnitTest.Adapter, Version=9.0.0.0, Culture=neutral, PublicKeyToken=b03f5f7f11d50a3a" className="Test.AccessTest, Test" name="Avg_Projection" />
    </UnitTest>
    <UnitTest name="SqlMethod_Remote" storage="d:\alinq\source\trunk\test\bin\debug\test.dll" id="a954d289-fb7c-ae2d-7268-eed55e5855c8">
      <Css projectStructure="" iteration="" />
      <Owners>
        <Owner name="" />
      </Owners>
      <TestMethod codeBase="D:\ALinq\Source\Trunk\Test\bin\Debug\Test.dll" adapterTypeName="Microsoft.VisualStudio.TestTools.TestTypes.Unit.UnitTestAdapter, Microsoft.VisualStudio.QualityTools.Tips.UnitTest.Adapter, Version=9.0.0.0, Culture=neutral, PublicKeyToken=b03f5f7f11d50a3a" className="Test.SQLiteTest, Test" name="SqlMethod_Remote" />
    </UnitTest>
    <UnitTest name="Distinct1" storage="d:\alinq\source\trunk\test\bin\debug\test.dll" id="f8e0cdf9-2717-3b93-4537-3351fc585a51">
      <Css projectStructure="" iteration="" />
      <Owners>
        <Owner name="" />
      </Owners>
      <TestMethod codeBase="D:\ALinq\Source\Trunk\Test\bin\Debug\Test.dll" adapterTypeName="Microsoft.VisualStudio.TestTools.TestTypes.Unit.UnitTestAdapter, Microsoft.VisualStudio.QualityTools.Tips.UnitTest.Adapter, Version=9.0.0.0, Culture=neutral, PublicKeyToken=b03f5f7f11d50a3a" className="Test.AccessTest, Test" name="Distinct1" />
    </UnitTest>
    <UnitTest name="Union" storage="d:\alinq\source\trunk\test\bin\debug\test.dll" id="a8edbbbe-e240-7eeb-b9f2-a08826569c83">
      <Css projectStructure="" iteration="" />
      <Owners>
        <Owner name="" />
      </Owners>
      <TestMethod codeBase="D:\ALinq\Source\Trunk\Test\bin\Debug\Test.dll" adapterTypeName="Microsoft.VisualStudio.TestTools.TestTypes.Unit.UnitTestAdapter, Microsoft.VisualStudio.QualityTools.Tips.UnitTest.Adapter, Version=9.0.0.0, Culture=neutral, PublicKeyToken=b03f5f7f11d50a3a" className="Test.SQLiteTest, Test" name="Union" />
    </UnitTest>
    <UnitTest name="Math_BigMul" storage="d:\alinq\source\trunk\test\bin\debug\test.dll" id="44c2bb21-aac6-2e3c-ac20-bd40bee59ccf">
      <Css projectStructure="" iteration="" />
      <Owners>
        <Owner name="" />
      </Owners>
      <TestMethod codeBase="D:\ALinq\Source\Trunk\Test\bin\Debug\Test.dll" adapterTypeName="Microsoft.VisualStudio.TestTools.TestTypes.Unit.UnitTestAdapter, Microsoft.VisualStudio.QualityTools.Tips.UnitTest.Adapter, Version=9.0.0.0, Culture=neutral, PublicKeyToken=b03f5f7f11d50a3a" className="Test.NorOracleTest, Test" name="Math_BigMul" />
    </UnitTest>
    <UnitTest name="OrderBy_ThenByDescending" storage="d:\alinq\source\trunk\test\bin\debug\test.dll" id="630eabf6-a4af-dc48-d2bc-145831f0b1eb">
      <Css projectStructure="" iteration="" />
      <Owners>
        <Owner name="" />
      </Owners>
      <TestMethod codeBase="D:\ALinq\Source\Trunk\Test\bin\Debug\Test.dll" adapterTypeName="Microsoft.VisualStudio.TestTools.TestTypes.Unit.UnitTestAdapter, Microsoft.VisualStudio.QualityTools.Tips.UnitTest.Adapter, Version=9.0.0.0, Culture=neutral, PublicKeyToken=b03f5f7f11d50a3a" className="Test.MySqlTest, Test" name="OrderBy_ThenByDescending" />
    </UnitTest>
    <UnitTest name="Test1" storage="d:\alinq\source\trunk\test\bin\debug\test.dll" id="5c8c720d-961a-eba3-7fe2-72d6e46aeb67">
      <Css projectStructure="" iteration="" />
      <Owners>
        <Owner name="" />
      </Owners>
      <TestMethod codeBase="D:\ALinq\Source\Trunk\Test\bin\Debug\Test.dll" adapterTypeName="Microsoft.VisualStudio.TestTools.TestTypes.Unit.UnitTestAdapter, Microsoft.VisualStudio.QualityTools.Tips.UnitTest.Adapter, Version=9.0.0.0, Culture=neutral, PublicKeyToken=b03f5f7f11d50a3a" className="Test.FirebirdTest, Test" name="Test1" />
    </UnitTest>
    <UnitTest name="Test1" storage="d:\alinq\source\trunk\test\bin\debug\test.dll" id="95068a31-5a52-2bf8-b311-76c36fd6ff0b">
      <Css projectStructure="" iteration="" />
      <Owners>
        <Owner name="" />
      </Owners>
      <TestMethod codeBase="D:\ALinq\Source\Trunk\Test\bin\Debug\Test.dll" adapterTypeName="Microsoft.VisualStudio.TestTools.TestTypes.Unit.UnitTestAdapter, Microsoft.VisualStudio.QualityTools.Tips.UnitTest.Adapter, Version=9.0.0.0, Culture=neutral, PublicKeyToken=b03f5f7f11d50a3a" className="Test.TranslateTest, Test" name="Test1" />
    </UnitTest>
    <UnitTest name="Null" storage="d:\alinq\source\trunk\test\bin\debug\test.dll" id="46935ed1-0b8c-a960-aa06-b3da12ddccfd">
      <Css projectStructure="" iteration="" />
      <Owners>
        <Owner name="" />
      </Owners>
      <TestMethod codeBase="D:\ALinq\Source\Trunk\Test\bin\Debug\Test.dll" adapterTypeName="Microsoft.VisualStudio.TestTools.TestTypes.Unit.UnitTestAdapter, Microsoft.VisualStudio.QualityTools.Tips.UnitTest.Adapter, Version=9.0.0.0, Culture=neutral, PublicKeyToken=b03f5f7f11d50a3a" className="Test.PgsqlTest, Test" name="Null" />
    </UnitTest>
    <UnitTest name="Association" storage="d:\alinq\source\trunk\test\bin\debug\test.dll" id="eb086ec5-4f6e-c289-a1d4-d98d7aa6dbb2">
      <Css projectStructure="" iteration="" />
      <Owners>
        <Owner name="" />
      </Owners>
      <TestMethod codeBase="D:\ALinq\Source\Trunk\Test\bin\Debug\Test.dll" adapterTypeName="Microsoft.VisualStudio.TestTools.TestTypes.Unit.UnitTestAdapter, Microsoft.VisualStudio.QualityTools.Tips.UnitTest.Adapter, Version=9.0.0.0, Culture=neutral, PublicKeyToken=b03f5f7f11d50a3a" className="Test.PgsqlTest, Test" name="Association" />
    </UnitTest>
    <UnitTest name="Where_Simple4" storage="d:\alinq\source\trunk\test\bin\debug\test.dll" id="a04d4c63-06b7-934a-7ee7-0fb96c1fadb2">
      <Css projectStructure="" iteration="" />
      <Owners>
        <Owner name="" />
      </Owners>
      <TestMethod codeBase="D:\ALinq\Source\Trunk\Test\bin\Debug\Test.dll" adapterTypeName="Microsoft.VisualStudio.TestTools.TestTypes.Unit.UnitTestAdapter, Microsoft.VisualStudio.QualityTools.Tips.UnitTest.Adapter, Version=9.0.0.0, Culture=neutral, PublicKeyToken=b03f5f7f11d50a3a" className="Test.DB2Test, Test" name="Where_Simple4" />
    </UnitTest>
    <UnitTest name="LongCount" storage="d:\alinq\source\trunk\test\bin\debug\test.dll" id="ec60fce9-dad6-e3bd-8d93-8e7504fcb291">
      <Css projectStructure="" iteration="" />
      <Owners>
        <Owner name="" />
      </Owners>
      <TestMethod codeBase="D:\ALinq\Source\Trunk\Test\bin\Debug\Test.dll" adapterTypeName="Microsoft.VisualStudio.TestTools.TestTypes.Unit.UnitTestAdapter, Microsoft.VisualStudio.QualityTools.Tips.UnitTest.Adapter, Version=9.0.0.0, Culture=neutral, PublicKeyToken=b03f5f7f11d50a3a" className="Test.SQL2005Test, Test" name="LongCount" />
    </UnitTest>
    <UnitTest name="Count_Nested" storage="d:\alinq\source\trunk\test\bin\debug\test.dll" id="c4fb1c8a-3510-3097-292a-4b66179a4a64">
      <Css projectStructure="" iteration="" />
      <Owners>
        <Owner name="" />
      </Owners>
      <TestMethod codeBase="D:\ALinq\Source\Trunk\Test\bin\Debug\Test.dll" adapterTypeName="Microsoft.VisualStudio.TestTools.TestTypes.Unit.UnitTestAdapter, Microsoft.VisualStudio.QualityTools.Tips.UnitTest.Adapter, Version=9.0.0.0, Culture=neutral, PublicKeyToken=b03f5f7f11d50a3a" className="Test.DB2Test, Test" name="Count_Nested" />
    </UnitTest>
    <UnitTest name="GroupBy_Min" storage="d:\alinq\source\trunk\test\bin\debug\test.dll" id="d8a79edf-ffea-cacf-41e4-e0e3459f2dd4">
      <Css projectStructure="" iteration="" />
      <Owners>
        <Owner name="" />
      </Owners>
      <TestMethod codeBase="D:\ALinq\Source\Trunk\Test\bin\Debug\Test.dll" adapterTypeName="Microsoft.VisualStudio.TestTools.TestTypes.Unit.UnitTestAdapter, Microsoft.VisualStudio.QualityTools.Tips.UnitTest.Adapter, Version=9.0.0.0, Culture=neutral, PublicKeyToken=b03f5f7f11d50a3a" className="Test.SQL2000Test, Test" name="GroupBy_Min" />
    </UnitTest>
    <UnitTest name="Concat" storage="d:\alinq\source\trunk\test\bin\debug\test.dll" id="016b328a-8c49-0aef-8590-47499f16786b">
      <Css projectStructure="" iteration="" />
      <Owners>
        <Owner name="" />
      </Owners>
      <TestMethod codeBase="D:\ALinq\Source\Trunk\Test\bin\Debug\Test.dll" adapterTypeName="Microsoft.VisualStudio.TestTools.TestTypes.Unit.UnitTestAdapter, Microsoft.VisualStudio.QualityTools.Tips.UnitTest.Adapter, Version=9.0.0.0, Culture=neutral, PublicKeyToken=b03f5f7f11d50a3a" className="Test.DB2Test, Test" name="Concat" />
    </UnitTest>
    <UnitTest name="GetSqlDataType" storage="d:\alinq\source\trunk\test\bin\debug\test.dll" id="221b2c15-8d83-ca21-f50b-d3e89bc199f7">
      <Css projectStructure="" iteration="" />
      <Owners>
        <Owner name="" />
      </Owners>
      <TestMethod codeBase="D:\ALinq\Source\Trunk\Test\bin\Debug\Test.dll" adapterTypeName="Microsoft.VisualStudio.TestTools.TestTypes.Unit.UnitTestAdapter, Microsoft.VisualStudio.QualityTools.Tips.UnitTest.Adapter, Version=9.0.0.0, Culture=neutral, PublicKeyToken=b03f5f7f11d50a3a" className="Test.SQLiteDataTypeProviderTest, Test" name="GetSqlDataType" />
    </UnitTest>
    <UnitTest name="CRUD_Update2" storage="d:\alinq\source\trunk\test\bin\debug\test.dll" id="6adf821a-7132-e0af-e982-1cab1c1079d6">
      <Css projectStructure="" iteration="" />
      <Owners>
        <Owner name="" />
      </Owners>
      <TestMethod codeBase="D:\ALinq\Source\Trunk\Test\bin\Debug\Test.dll" adapterTypeName="Microsoft.VisualStudio.TestTools.TestTypes.Unit.UnitTestAdapter, Microsoft.VisualStudio.QualityTools.Tips.UnitTest.Adapter, Version=9.0.0.0, Culture=neutral, PublicKeyToken=b03f5f7f11d50a3a" className="Test.MySqlTest, Test" name="CRUD_Update2" />
    </UnitTest>
    <UnitTest name="Test1" storage="d:\alinq\source\trunk\test\bin\debug\test.dll" id="f3c40275-019f-876a-3ec9-586a9a42a15c">
      <Css projectStructure="" iteration="" />
      <Owners>
        <Owner name="" />
      </Owners>
      <TestMethod codeBase="D:\ALinq\Source\Trunk\Test\bin\Debug\Test.dll" adapterTypeName="Microsoft.VisualStudio.TestTools.TestTypes.Unit.UnitTestAdapter, Microsoft.VisualStudio.QualityTools.Tips.UnitTest.Adapter, Version=9.0.0.0, Culture=neutral, PublicKeyToken=b03f5f7f11d50a3a" className="Test.SqlTest, Test" name="Test1" />
    </UnitTest>
    <UnitTest name="GroupBy_Sum" storage="d:\alinq\source\trunk\test\bin\debug\test.dll" id="047bb00e-bdda-72c9-5fbf-783b34131f20">
      <Css projectStructure="" iteration="" />
      <Owners>
        <Owner name="" />
      </Owners>
      <TestMethod codeBase="D:\ALinq\Source\Trunk\Test\bin\Debug\Test.dll" adapterTypeName="Microsoft.VisualStudio.TestTools.TestTypes.Unit.UnitTestAdapter, Microsoft.VisualStudio.QualityTools.Tips.UnitTest.Adapter, Version=9.0.0.0, Culture=neutral, PublicKeyToken=b03f5f7f11d50a3a" className="Test.PgsqlTest, Test" name="GroupBy_Sum" />
    </UnitTest>
    <UnitTest name="Math_Max" storage="d:\alinq\source\trunk\test\bin\debug\test.dll" id="1eb63985-83f5-89de-1385-0a48e133609b">
      <Css projectStructure="" iteration="" />
      <Owners>
        <Owner name="" />
      </Owners>
      <TestMethod codeBase="D:\ALinq\Source\Trunk\Test\bin\Debug\Test.dll" adapterTypeName="Microsoft.VisualStudio.TestTools.TestTypes.Unit.UnitTestAdapter, Microsoft.VisualStudio.QualityTools.Tips.UnitTest.Adapter, Version=9.0.0.0, Culture=neutral, PublicKeyToken=b03f5f7f11d50a3a" className="Test.NorOracleTest, Test" name="Math_Max" />
    </UnitTest>
    <UnitTest name="GetAllCategories2" storage="d:\alinq\source\trunk\test\bin\debug\test.dll" id="e03faa0d-fa1f-4f0c-4ead-ef54f4fcdf0e">
      <Css projectStructure="" iteration="" />
      <Owners>
        <Owner name="" />
      </Owners>
      <TestMethod codeBase="D:\ALinq\Source\Trunk\Test\bin\Debug\Test.dll" adapterTypeName="Microsoft.VisualStudio.TestTools.TestTypes.Unit.UnitTestAdapter, Microsoft.VisualStudio.QualityTools.Tips.UnitTest.Adapter, Version=9.0.0.0, Culture=neutral, PublicKeyToken=b03f5f7f11d50a3a" className="Test.OdpOracleProcedureTest, Test" name="GetAllCategories2" />
    </UnitTest>
    <UnitTest name="Where_Drilldown" storage="d:\alinq\source\trunk\test\bin\debug\test.dll" id="cfe208d3-0173-02b1-329f-be3999b2f1f3">
      <Css projectStructure="" iteration="" />
      <Owners>
        <Owner name="" />
      </Owners>
      <TestMethod codeBase="D:\ALinq\Source\Trunk\Test\bin\Debug\Test.dll" adapterTypeName="Microsoft.VisualStudio.TestTools.TestTypes.Unit.UnitTestAdapter, Microsoft.VisualStudio.QualityTools.Tips.UnitTest.Adapter, Version=9.0.0.0, Culture=neutral, PublicKeyToken=b03f5f7f11d50a3a" className="Test.SqlTest, Test" name="Where_Drilldown" />
    </UnitTest>
    <UnitTest name="String_CompareTo" storage="d:\alinq\source\trunk\test\bin\debug\test.dll" id="10bc396c-5112-da59-ba31-54ac7921cf2a">
      <Css projectStructure="" iteration="" />
      <Owners>
        <Owner name="" />
      </Owners>
      <TestMethod codeBase="D:\ALinq\Source\Trunk\Test\bin\Debug\Test.dll" adapterTypeName="Microsoft.VisualStudio.TestTools.TestTypes.Unit.UnitTestAdapter, Microsoft.VisualStudio.QualityTools.Tips.UnitTest.Adapter, Version=9.0.0.0, Culture=neutral, PublicKeyToken=b03f5f7f11d50a3a" className="Test.SQL2005Test, Test" name="String_CompareTo" />
    </UnitTest>
    <UnitTest name="DateTime_AddDays" storage="d:\alinq\source\trunk\test\bin\debug\test.dll" id="f86def9a-69b4-57a9-5c7b-d4eac2da5b0f">
      <Css projectStructure="" iteration="" />
      <Owners>
        <Owner name="" />
      </Owners>
      <TestMethod codeBase="D:\ALinq\Source\Trunk\Test\bin\Debug\Test.dll" adapterTypeName="Microsoft.VisualStudio.TestTools.TestTypes.Unit.UnitTestAdapter, Microsoft.VisualStudio.QualityTools.Tips.UnitTest.Adapter, Version=9.0.0.0, Culture=neutral, PublicKeyToken=b03f5f7f11d50a3a" className="Test.PgsqlTest, Test" name="DateTime_AddDays" />
    </UnitTest>
    <UnitTest name="DateTime_Year" storage="d:\alinq\source\trunk\test\bin\debug\test.dll" id="95bda556-7281-279f-f600-2991fe6a56c5">
      <Css projectStructure="" iteration="" />
      <Owners>
        <Owner name="" />
      </Owners>
      <TestMethod codeBase="D:\ALinq\Source\Trunk\Test\bin\Debug\Test.dll" adapterTypeName="Microsoft.VisualStudio.TestTools.TestTypes.Unit.UnitTestAdapter, Microsoft.VisualStudio.QualityTools.Tips.UnitTest.Adapter, Version=9.0.0.0, Culture=neutral, PublicKeyToken=b03f5f7f11d50a3a" className="Test.PgsqlTest, Test" name="DateTime_Year" />
    </UnitTest>
    <UnitTest name="Join_ManyToMany" storage="d:\alinq\source\trunk\test\bin\debug\test.dll" id="6b617ee7-3993-9d1c-c0ec-3e683c05e1ad">
      <Css projectStructure="" iteration="" />
      <Owners>
        <Owner name="" />
      </Owners>
      <TestMethod codeBase="D:\ALinq\Source\Trunk\Test\bin\Debug\Test.dll" adapterTypeName="Microsoft.VisualStudio.TestTools.TestTypes.Unit.UnitTestAdapter, Microsoft.VisualStudio.QualityTools.Tips.UnitTest.Adapter, Version=9.0.0.0, Culture=neutral, PublicKeyToken=b03f5f7f11d50a3a" className="Test.FirebirdTest, Test" name="Join_ManyToMany" />
    </UnitTest>
    <UnitTest name="Avg_Grouped" storage="d:\alinq\source\trunk\test\bin\debug\test.dll" id="112602e5-fd8a-d3a6-ef31-edcb845d9ae2">
      <Css projectStructure="" iteration="" />
      <Owners>
        <Owner name="" />
      </Owners>
      <TestMethod codeBase="D:\ALinq\Source\Trunk\Test\bin\Debug\Test.dll" adapterTypeName="Microsoft.VisualStudio.TestTools.TestTypes.Unit.UnitTestAdapter, Microsoft.VisualStudio.QualityTools.Tips.UnitTest.Adapter, Version=9.0.0.0, Culture=neutral, PublicKeyToken=b03f5f7f11d50a3a" className="Test.SQL2000Test, Test" name="Avg_Grouped" />
    </UnitTest>
    <UnitTest name="Min_Elements" storage="d:\alinq\source\trunk\test\bin\debug\test.dll" id="fa241edb-2599-7289-c9ec-552b04d6d82c">
      <Css projectStructure="" iteration="" />
      <Owners>
        <Owner name="" />
      </Owners>
      <TestMethod codeBase="D:\ALinq\Source\Trunk\Test\bin\Debug\Test.dll" adapterTypeName="Microsoft.VisualStudio.TestTools.TestTypes.Unit.UnitTestAdapter, Microsoft.VisualStudio.QualityTools.Tips.UnitTest.Adapter, Version=9.0.0.0, Culture=neutral, PublicKeyToken=b03f5f7f11d50a3a" className="Test.SQL2000Test, Test" name="Min_Elements" />
    </UnitTest>
    <UnitTest name="GroupBy_Month" storage="d:\alinq\source\trunk\test\bin\debug\test.dll" id="965ce2b3-4bcc-b749-e8a9-5b2a698d6fd2">
      <Css projectStructure="" iteration="" />
      <Owners>
        <Owner name="" />
      </Owners>
      <TestMethod codeBase="D:\ALinq\Source\Trunk\Test\bin\Debug\Test.dll" adapterTypeName="Microsoft.VisualStudio.TestTools.TestTypes.Unit.UnitTestAdapter, Microsoft.VisualStudio.QualityTools.Tips.UnitTest.Adapter, Version=9.0.0.0, Culture=neutral, PublicKeyToken=b03f5f7f11d50a3a" className="Test.SQL2005Test, Test" name="GroupBy_Month" />
    </UnitTest>
    <UnitTest name="Min_Grouped" storage="d:\alinq\source\trunk\test\bin\debug\test.dll" id="47665bce-043b-6bbb-7148-566120dbcdce">
      <Css projectStructure="" iteration="" />
      <Owners>
        <Owner name="" />
      </Owners>
      <TestMethod codeBase="D:\ALinq\Source\Trunk\Test\bin\Debug\Test.dll" adapterTypeName="Microsoft.VisualStudio.TestTools.TestTypes.Unit.UnitTestAdapter, Microsoft.VisualStudio.QualityTools.Tips.UnitTest.Adapter, Version=9.0.0.0, Culture=neutral, PublicKeyToken=b03f5f7f11d50a3a" className="Test.SqlTest, Test" name="Min_Grouped" />
    </UnitTest>
    <UnitTest name="Min_Projection" storage="d:\alinq\source\trunk\test\bin\debug\test.dll" id="ae1275a9-0903-b458-0129-a2189a5fbda1">
      <Css projectStructure="" iteration="" />
      <Owners>
        <Owner name="" />
      </Owners>
      <TestMethod codeBase="D:\ALinq\Source\Trunk\Test\bin\Debug\Test.dll" adapterTypeName="Microsoft.VisualStudio.TestTools.TestTypes.Unit.UnitTestAdapter, Microsoft.VisualStudio.QualityTools.Tips.UnitTest.Adapter, Version=9.0.0.0, Culture=neutral, PublicKeyToken=b03f5f7f11d50a3a" className="Test.SQLiteTest, Test" name="Min_Projection" />
    </UnitTest>
    <UnitTest name="Math_Cosh" storage="d:\alinq\source\trunk\test\bin\debug\test.dll" id="a04b7154-aa7e-16a8-fee6-8c733bde23c7">
      <Css projectStructure="" iteration="" />
      <Owners>
        <Owner name="" />
      </Owners>
      <TestMethod codeBase="D:\ALinq\Source\Trunk\Test\bin\Debug\Test.dll" adapterTypeName="Microsoft.VisualStudio.TestTools.TestTypes.Unit.UnitTestAdapter, Microsoft.VisualStudio.QualityTools.Tips.UnitTest.Adapter, Version=9.0.0.0, Culture=neutral, PublicKeyToken=b03f5f7f11d50a3a" className="Test.AccessTest, Test" name="Math_Cosh" />
    </UnitTest>
    <UnitTest name="Update" storage="d:\alinq\source\trunk\test\bin\debug\test.dll" id="311e598a-bce5-5a75-00c1-3b959fb8c867">
      <Css projectStructure="" iteration="" />
      <Owners>
        <Owner name="" />
      </Owners>
      <TestMethod codeBase="D:\ALinq\Source\Trunk\Test\bin\Debug\Test.dll" adapterTypeName="Microsoft.VisualStudio.TestTools.TestTypes.Unit.UnitTestAdapter, Microsoft.VisualStudio.QualityTools.Tips.UnitTest.Adapter, Version=9.0.0.0, Culture=neutral, PublicKeyToken=b03f5f7f11d50a3a" className="Test.FirebirdTest, Test" name="Update" />
    </UnitTest>
    <UnitTest name="Math_Log" storage="d:\alinq\source\trunk\test\bin\debug\test.dll" id="e40d3f7b-8dcf-6a16-7b99-d7e49e27fa94">
      <Css projectStructure="" iteration="" />
      <Owners>
        <Owner name="" />
      </Owners>
      <TestMethod codeBase="D:\ALinq\Source\Trunk\Test\bin\Debug\Test.dll" adapterTypeName="Microsoft.VisualStudio.TestTools.TestTypes.Unit.UnitTestAdapter, Microsoft.VisualStudio.QualityTools.Tips.UnitTest.Adapter, Version=9.0.0.0, Culture=neutral, PublicKeyToken=b03f5f7f11d50a3a" className="Test.SQLiteTest, Test" name="Math_Log" />
    </UnitTest>
    <UnitTest name="String_Equals1" storage="d:\alinq\source\trunk\test\bin\debug\test.dll" id="0b5abaca-8cc8-6202-8e14-839db3f8139e">
      <Css projectStructure="" iteration="" />
      <Owners>
        <Owner name="" />
      </Owners>
      <TestMethod codeBase="D:\ALinq\Source\Trunk\Test\bin\Debug\Test.dll" adapterTypeName="Microsoft.VisualStudio.TestTools.TestTypes.Unit.UnitTestAdapter, Microsoft.VisualStudio.QualityTools.Tips.UnitTest.Adapter, Version=9.0.0.0, Culture=neutral, PublicKeyToken=b03f5f7f11d50a3a" className="Test.SQL2005Test, Test" name="String_Equals1" />
    </UnitTest>
    <UnitTest name="Math_Sinh" storage="d:\alinq\source\trunk\test\bin\debug\test.dll" id="24072228-f654-6f2d-3ead-fffd68d3af45">
      <Css projectStructure="" iteration="" />
      <Owners>
        <Owner name="" />
      </Owners>
      <TestMethod codeBase="D:\ALinq\Source\Trunk\Test\bin\Debug\Test.dll" adapterTypeName="Microsoft.VisualStudio.TestTools.TestTypes.Unit.UnitTestAdapter, Microsoft.VisualStudio.QualityTools.Tips.UnitTest.Adapter, Version=9.0.0.0, Culture=neutral, PublicKeyToken=b03f5f7f11d50a3a" className="Test.FirebirdTest, Test" name="Math_Sinh" />
    </UnitTest>
    <UnitTest name="StringEndsWith" storage="d:\alinq\source\trunk\test\bin\debug\test.dll" id="be5827df-6aa3-899c-fa82-caa03a2d833b">
      <Css projectStructure="" iteration="" />
      <Owners>
        <Owner name="" />
      </Owners>
      <TestMethod codeBase="D:\ALinq\Source\Trunk\Test\bin\Debug\Test.dll" adapterTypeName="Microsoft.VisualStudio.TestTools.TestTypes.Unit.UnitTestAdapter, Microsoft.VisualStudio.QualityTools.Tips.UnitTest.Adapter, Version=9.0.0.0, Culture=neutral, PublicKeyToken=b03f5f7f11d50a3a" className="Test.SQL2005Test, Test" name="StringEndsWith" />
    </UnitTest>
    <UnitTest name="SqlMethod_Len" storage="d:\alinq\source\trunk\test\bin\debug\test.dll" id="4a9b377b-ecf3-626d-26c5-0e42f56757e1">
      <Css projectStructure="" iteration="" />
      <Owners>
        <Owner name="" />
      </Owners>
      <TestMethod codeBase="D:\ALinq\Source\Trunk\Test\bin\Debug\Test.dll" adapterTypeName="Microsoft.VisualStudio.TestTools.TestTypes.Unit.UnitTestAdapter, Microsoft.VisualStudio.QualityTools.Tips.UnitTest.Adapter, Version=9.0.0.0, Culture=neutral, PublicKeyToken=b03f5f7f11d50a3a" className="Test.DB2Test, Test" name="SqlMethod_Len" />
    </UnitTest>
    <UnitTest name="Delete_ManyToMany" storage="d:\alinq\source\trunk\test\bin\debug\test.dll" id="c266d9b5-0a09-13d1-d03d-c7b77b1625f7">
      <Css projectStructure="" iteration="" />
      <Owners>
        <Owner name="" />
      </Owners>
      <TestMethod codeBase="D:\ALinq\Source\Trunk\Test\bin\Debug\Test.dll" adapterTypeName="Microsoft.VisualStudio.TestTools.TestTypes.Unit.UnitTestAdapter, Microsoft.VisualStudio.QualityTools.Tips.UnitTest.Adapter, Version=9.0.0.0, Culture=neutral, PublicKeyToken=b03f5f7f11d50a3a" className="Test.AccessTest, Test" name="Delete_ManyToMany" />
    </UnitTest>
    <UnitTest name="GetPictures" storage="d:\alinq\source\trunk\test\bin\debug\test.dll" id="8d07eacb-3b39-05cf-9ac9-86b5d707b8e8">
      <Css projectStructure="" iteration="" />
      <Owners>
        <Owner name="" />
      </Owners>
      <TestMethod codeBase="D:\ALinq\Source\Trunk\Test\bin\Debug\Test.dll" adapterTypeName="Microsoft.VisualStudio.TestTools.TestTypes.Unit.UnitTestAdapter, Microsoft.VisualStudio.QualityTools.Tips.UnitTest.Adapter, Version=9.0.0.0, Culture=neutral, PublicKeyToken=b03f5f7f11d50a3a" className="Test.MySqlProcedureTest, Test" name="GetPictures" />
    </UnitTest>
    <UnitTest name="DateTime_AddYears" storage="d:\alinq\source\trunk\test\bin\debug\test.dll" id="519edd76-b895-f455-f431-4239ba099170">
      <Css projectStructure="" iteration="" />
      <Owners>
        <Owner name="" />
      </Owners>
      <TestMethod codeBase="D:\ALinq\Source\Trunk\Test\bin\Debug\Test.dll" adapterTypeName="Microsoft.VisualStudio.TestTools.TestTypes.Unit.UnitTestAdapter, Microsoft.VisualStudio.QualityTools.Tips.UnitTest.Adapter, Version=9.0.0.0, Culture=neutral, PublicKeyToken=b03f5f7f11d50a3a" className="Test.SqlTest, Test" name="DateTime_AddYears" />
    </UnitTest>
    <UnitTest name="GroupBy_Year" storage="d:\alinq\source\trunk\test\bin\debug\test.dll" id="d24a95f7-b666-e96b-2a0c-aa1100756dec">
      <Css projectStructure="" iteration="" />
      <Owners>
        <Owner name="" />
      </Owners>
      <TestMethod codeBase="D:\ALinq\Source\Trunk\Test\bin\Debug\Test.dll" adapterTypeName="Microsoft.VisualStudio.TestTools.TestTypes.Unit.UnitTestAdapter, Microsoft.VisualStudio.QualityTools.Tips.UnitTest.Adapter, Version=9.0.0.0, Culture=neutral, PublicKeyToken=b03f5f7f11d50a3a" className="Test.AccessTest, Test" name="GroupBy_Year" />
    </UnitTest>
    <UnitTest name="Join_CompositeKey" storage="d:\alinq\source\trunk\test\bin\debug\test.dll" id="2ac3414d-28e0-0794-c5df-388c87c10f16">
      <Css projectStructure="" iteration="" />
      <Owners>
        <Owner name="" />
      </Owners>
      <TestMethod codeBase="D:\ALinq\Source\Trunk\Test\bin\Debug\Test.dll" adapterTypeName="Microsoft.VisualStudio.TestTools.TestTypes.Unit.UnitTestAdapter, Microsoft.VisualStudio.QualityTools.Tips.UnitTest.Adapter, Version=9.0.0.0, Culture=neutral, PublicKeyToken=b03f5f7f11d50a3a" className="Test.SQLiteTest, Test" name="Join_CompositeKey" />
    </UnitTest>
    <UnitTest name="Math_Truncate1" storage="d:\alinq\source\trunk\test\bin\debug\test.dll" id="6fdaf5bc-ed3b-b75a-4d54-652b4c0db45e">
      <Css projectStructure="" iteration="" />
      <Owners>
        <Owner name="" />
      </Owners>
      <TestMethod codeBase="D:\ALinq\Source\Trunk\Test\bin\Debug\Test.dll" adapterTypeName="Microsoft.VisualStudio.TestTools.TestTypes.Unit.UnitTestAdapter, Microsoft.VisualStudio.QualityTools.Tips.UnitTest.Adapter, Version=9.0.0.0, Culture=neutral, PublicKeyToken=b03f5f7f11d50a3a" className="Test.MySqlTest, Test" name="Math_Truncate1" />
    </UnitTest>
    <UnitTest name="Aggregate_Null" storage="d:\alinq\source\trunk\test\bin\debug\test.dll" id="98376f6e-76c2-fbcc-25ed-c157e94f4fd9">
      <Css projectStructure="" iteration="" />
      <Owners>
        <Owner name="" />
      </Owners>
      <TestMethod codeBase="D:\ALinq\Source\Trunk\Test\bin\Debug\Test.dll" adapterTypeName="Microsoft.VisualStudio.TestTools.TestTypes.Unit.UnitTestAdapter, Microsoft.VisualStudio.QualityTools.Tips.UnitTest.Adapter, Version=9.0.0.0, Culture=neutral, PublicKeyToken=b03f5f7f11d50a3a" className="Test.NorOracleTest, Test" name="Aggregate_Null" />
    </UnitTest>
    <UnitTest name="Math_Sqrt" storage="d:\alinq\source\trunk\test\bin\debug\test.dll" id="c7609608-426f-be78-8518-bd7b60b982ae">
      <Css projectStructure="" iteration="" />
      <Owners>
        <Owner name="" />
      </Owners>
      <TestMethod codeBase="D:\ALinq\Source\Trunk\Test\bin\Debug\Test.dll" adapterTypeName="Microsoft.VisualStudio.TestTools.TestTypes.Unit.UnitTestAdapter, Microsoft.VisualStudio.QualityTools.Tips.UnitTest.Adapter, Version=9.0.0.0, Culture=neutral, PublicKeyToken=b03f5f7f11d50a3a" className="Test.OdpOracleTest, Test" name="Math_Sqrt" />
    </UnitTest>
    <UnitTest name="Math_Asin" storage="d:\alinq\source\trunk\test\bin\debug\test.dll" id="0b4e67d2-a3a5-9458-ee25-fa1c73737a2e">
      <Css projectStructure="" iteration="" />
      <Owners>
        <Owner name="" />
      </Owners>
      <TestMethod codeBase="D:\ALinq\Source\Trunk\Test\bin\Debug\Test.dll" adapterTypeName="Microsoft.VisualStudio.TestTools.TestTypes.Unit.UnitTestAdapter, Microsoft.VisualStudio.QualityTools.Tips.UnitTest.Adapter, Version=9.0.0.0, Culture=neutral, PublicKeyToken=b03f5f7f11d50a3a" className="Test.SQL2005Test, Test" name="Math_Asin" />
    </UnitTest>
    <UnitTest name="Convert_ToBoolean" storage="d:\alinq\source\trunk\test\bin\debug\test.dll" id="b2bd9ed1-54da-b0a2-accb-ae11e0c5b2a3">
      <Css projectStructure="" iteration="" />
      <Owners>
        <Owner name="" />
      </Owners>
      <TestMethod codeBase="D:\ALinq\Source\Trunk\Test\bin\Debug\Test.dll" adapterTypeName="Microsoft.VisualStudio.TestTools.TestTypes.Unit.UnitTestAdapter, Microsoft.VisualStudio.QualityTools.Tips.UnitTest.Adapter, Version=9.0.0.0, Culture=neutral, PublicKeyToken=b03f5f7f11d50a3a" className="Test.SQL2000Test, Test" name="Convert_ToBoolean" />
    </UnitTest>
    <UnitTest name="Convert_ToSByte" storage="d:\alinq\source\trunk\test\bin\debug\test.dll" id="35312750-24d8-77bf-51ec-882233b4b2d9">
      <Css projectStructure="" iteration="" />
      <Owners>
        <Owner name="" />
      </Owners>
      <TestMethod codeBase="D:\ALinq\Source\Trunk\Test\bin\Debug\Test.dll" adapterTypeName="Microsoft.VisualStudio.TestTools.TestTypes.Unit.UnitTestAdapter, Microsoft.VisualStudio.QualityTools.Tips.UnitTest.Adapter, Version=9.0.0.0, Culture=neutral, PublicKeyToken=b03f5f7f11d50a3a" className="Test.DB2Test, Test" name="Convert_ToSByte" />
    </UnitTest>
    <UnitTest name="String_Substring1" storage="d:\alinq\source\trunk\test\bin\debug\test.dll" id="2dcd5ee2-28a2-aec7-3c2f-8e8799131df7">
      <Css projectStructure="" iteration="" />
      <Owners>
        <Owner name="" />
      </Owners>
      <TestMethod codeBase="D:\ALinq\Source\Trunk\Test\bin\Debug\Test.dll" adapterTypeName="Microsoft.VisualStudio.TestTools.TestTypes.Unit.UnitTestAdapter, Microsoft.VisualStudio.QualityTools.Tips.UnitTest.Adapter, Version=9.0.0.0, Culture=neutral, PublicKeyToken=b03f5f7f11d50a3a" className="Test.SQL2005Test, Test" name="String_Substring1" />
    </UnitTest>
    <UnitTest name="Like" storage="d:\alinq\source\trunk\test\bin\debug\test.dll" id="41c03d9e-ebfd-4646-760b-08e9c1b8fd21">
      <Css projectStructure="" iteration="" />
      <Owners>
        <Owner name="" />
      </Owners>
      <TestMethod codeBase="D:\ALinq\Source\Trunk\Test\bin\Debug\Test.dll" adapterTypeName="Microsoft.VisualStudio.TestTools.TestTypes.Unit.UnitTestAdapter, Microsoft.VisualStudio.QualityTools.Tips.UnitTest.Adapter, Version=9.0.0.0, Culture=neutral, PublicKeyToken=b03f5f7f11d50a3a" className="Test.SQLiteTest, Test" name="Like" />
    </UnitTest>
    <UnitTest name="Insert_Inherit" storage="d:\alinq\source\trunk\test\bin\debug\test.dll" id="2fdce87e-3591-9240-36ef-18083ae9f02d">
      <Css projectStructure="" iteration="" />
      <Owners>
        <Owner name="" />
      </Owners>
      <TestMethod codeBase="D:\ALinq\Source\Trunk\Test\bin\Debug\Test.dll" adapterTypeName="Microsoft.VisualStudio.TestTools.TestTypes.Unit.UnitTestAdapter, Microsoft.VisualStudio.QualityTools.Tips.UnitTest.Adapter, Version=9.0.0.0, Culture=neutral, PublicKeyToken=b03f5f7f11d50a3a" className="Test.FirebirdTest, Test" name="Insert_Inherit" />
    </UnitTest>
    <UnitTest name="Math_DivRem" storage="d:\alinq\source\trunk\test\bin\debug\test.dll" id="30f8407b-3712-3aab-f34e-e8f16883987e">
      <Css projectStructure="" iteration="" />
      <Owners>
        <Owner name="" />
      </Owners>
      <TestMethod codeBase="D:\ALinq\Source\Trunk\Test\bin\Debug\Test.dll" adapterTypeName="Microsoft.VisualStudio.TestTools.TestTypes.Unit.UnitTestAdapter, Microsoft.VisualStudio.QualityTools.Tips.UnitTest.Adapter, Version=9.0.0.0, Culture=neutral, PublicKeyToken=b03f5f7f11d50a3a" className="Test.SQLiteTest, Test" name="Math_DivRem" />
    </UnitTest>
    <UnitTest name="StringConcat" storage="d:\alinq\source\trunk\test\bin\debug\test.dll" id="d800e146-315e-d6f5-e20d-adcf9fecde4e">
      <Css projectStructure="" iteration="" />
      <Owners>
        <Owner name="" />
      </Owners>
      <TestMethod codeBase="D:\ALinq\Source\Trunk\Test\bin\Debug\Test.dll" adapterTypeName="Microsoft.VisualStudio.TestTools.TestTypes.Unit.UnitTestAdapter, Microsoft.VisualStudio.QualityTools.Tips.UnitTest.Adapter, Version=9.0.0.0, Culture=neutral, PublicKeyToken=b03f5f7f11d50a3a" className="Test.PgsqlTest, Test" name="StringConcat" />
    </UnitTest>
    <UnitTest name="GroupBy_Expression" storage="d:\alinq\source\trunk\test\bin\debug\test.dll" id="94a6262e-7f1c-0afe-b830-496a6eb59449">
      <Css projectStructure="" iteration="" />
      <Owners>
        <Owner name="" />
      </Owners>
      <TestMethod codeBase="D:\ALinq\Source\Trunk\Test\bin\Debug\Test.dll" adapterTypeName="Microsoft.VisualStudio.TestTools.TestTypes.Unit.UnitTestAdapter, Microsoft.VisualStudio.QualityTools.Tips.UnitTest.Adapter, Version=9.0.0.0, Culture=neutral, PublicKeyToken=b03f5f7f11d50a3a" className="Test.MySqlTest, Test" name="GroupBy_Expression" />
    </UnitTest>
    <UnitTest name="Sum_Projection" storage="d:\alinq\source\trunk\test\bin\debug\test.dll" id="493dbc25-d45c-a977-7a51-ecac51e13df6">
      <Css projectStructure="" iteration="" />
      <Owners>
        <Owner name="" />
      </Owners>
      <TestMethod codeBase="D:\ALinq\Source\Trunk\Test\bin\Debug\Test.dll" adapterTypeName="Microsoft.VisualStudio.TestTools.TestTypes.Unit.UnitTestAdapter, Microsoft.VisualStudio.QualityTools.Tips.UnitTest.Adapter, Version=9.0.0.0, Culture=neutral, PublicKeyToken=b03f5f7f11d50a3a" className="Test.SQL2000Test, Test" name="Sum_Projection" />
    </UnitTest>
    <UnitTest name="FromObjectTest" storage="d:\alinq\source\trunk\test\bin\debug\test.dll" id="f6e26503-f547-a219-6761-1317769870cd">
      <Css projectStructure="" iteration="" />
      <Owners>
        <Owner name="" />
      </Owners>
      <TestMethod codeBase="D:\ALinq\Source\Trunk\Test\bin\Debug\Test.dll" adapterTypeName="Microsoft.VisualStudio.TestTools.TestTypes.Unit.UnitTestAdapter, Microsoft.VisualStudio.QualityTools.Tips.UnitTest.Adapter, Version=9.0.0.0, Culture=neutral, PublicKeyToken=b03f5f7f11d50a3a" className="Test.DB2DataTypeTest, Test" name="FromObjectTest" />
    </UnitTest>
    <UnitTest name="Concat" storage="d:\alinq\source\trunk\test\bin\debug\test.dll" id="6318937f-5130-561c-e368-d27364431f84">
      <Css projectStructure="" iteration="" />
      <Owners>
        <Owner name="" />
      </Owners>
      <TestMethod codeBase="D:\ALinq\Source\Trunk\Test\bin\Debug\Test.dll" adapterTypeName="Microsoft.VisualStudio.TestTools.TestTypes.Unit.UnitTestAdapter, Microsoft.VisualStudio.QualityTools.Tips.UnitTest.Adapter, Version=9.0.0.0, Culture=neutral, PublicKeyToken=b03f5f7f11d50a3a" className="Test.FirebirdTest, Test" name="Concat" />
    </UnitTest>
    <UnitTest name="SelectMany_MultipleFrom" storage="d:\alinq\source\trunk\test\bin\debug\test.dll" id="7fd5c605-6639-3373-3b7d-f978c268ff90">
      <Css projectStructure="" iteration="" />
      <Owners>
        <Owner name="" />
      </Owners>
      <TestMethod codeBase="D:\ALinq\Source\Trunk\Test\bin\Debug\Test.dll" adapterTypeName="Microsoft.VisualStudio.TestTools.TestTypes.Unit.UnitTestAdapter, Microsoft.VisualStudio.QualityTools.Tips.UnitTest.Adapter, Version=9.0.0.0, Culture=neutral, PublicKeyToken=b03f5f7f11d50a3a" className="Test.SQL2005Test, Test" name="SelectMany_MultipleFrom" />
    </UnitTest>
    <UnitTest name="Like" storage="d:\alinq\source\trunk\test\bin\debug\test.dll" id="d5b1ef16-0759-93c9-f6a5-9d0d0f8d7ff1">
      <Css projectStructure="" iteration="" />
      <Owners>
        <Owner name="" />
      </Owners>
      <TestMethod codeBase="D:\ALinq\Source\Trunk\Test\bin\Debug\Test.dll" adapterTypeName="Microsoft.VisualStudio.TestTools.TestTypes.Unit.UnitTestAdapter, Microsoft.VisualStudio.QualityTools.Tips.UnitTest.Adapter, Version=9.0.0.0, Culture=neutral, PublicKeyToken=b03f5f7f11d50a3a" className="Test.PgsqlTest, Test" name="Like" />
    </UnitTest>
    <UnitTest name="String_ToUpperInvariant" storage="d:\alinq\source\trunk\test\bin\debug\test.dll" id="ede2d506-81b4-cbf3-55e0-b6baad017691">
      <Css projectStructure="" iteration="" />
      <Owners>
        <Owner name="" />
      </Owners>
      <TestMethod codeBase="D:\ALinq\Source\Trunk\Test\bin\Debug\Test.dll" adapterTypeName="Microsoft.VisualStudio.TestTools.TestTypes.Unit.UnitTestAdapter, Microsoft.VisualStudio.QualityTools.Tips.UnitTest.Adapter, Version=9.0.0.0, Culture=neutral, PublicKeyToken=b03f5f7f11d50a3a" className="Test.SqlTest, Test" name="String_ToUpperInvariant" />
    </UnitTest>
    <UnitTest name="GroupBy_Select" storage="d:\alinq\source\trunk\test\bin\debug\test.dll" id="45a0911f-08e1-9c5d-3fdd-977ddd5337f4">
      <Css projectStructure="" iteration="" />
      <Owners>
        <Owner name="" />
      </Owners>
      <TestMethod codeBase="D:\ALinq\Source\Trunk\Test\bin\Debug\Test.dll" adapterTypeName="Microsoft.VisualStudio.TestTools.TestTypes.Unit.UnitTestAdapter, Microsoft.VisualStudio.QualityTools.Tips.UnitTest.Adapter, Version=9.0.0.0, Culture=neutral, PublicKeyToken=b03f5f7f11d50a3a" className="Test.FirebirdTest, Test" name="GroupBy_Select" />
    </UnitTest>
    <UnitTest name="DateTime_Second" storage="d:\alinq\source\trunk\test\bin\debug\test.dll" id="24bb7b24-8648-8e45-312a-8e74c5f7b893">
      <Css projectStructure="" iteration="" />
      <Owners>
        <Owner name="" />
      </Owners>
      <TestMethod codeBase="D:\ALinq\Source\Trunk\Test\bin\Debug\Test.dll" adapterTypeName="Microsoft.VisualStudio.TestTools.TestTypes.Unit.UnitTestAdapter, Microsoft.VisualStudio.QualityTools.Tips.UnitTest.Adapter, Version=9.0.0.0, Culture=neutral, PublicKeyToken=b03f5f7f11d50a3a" className="Test.SqlTest, Test" name="DateTime_Second" />
    </UnitTest>
    <UnitTest name="Select_AnonymousType" storage="d:\alinq\source\trunk\test\bin\debug\test.dll" id="44c361b3-9dd9-d6f6-55d0-0b99ed28e814">
      <Css projectStructure="" iteration="" />
      <Owners>
        <Owner name="" />
      </Owners>
      <TestMethod codeBase="D:\ALinq\Source\Trunk\Test\bin\Debug\Test.dll" adapterTypeName="Microsoft.VisualStudio.TestTools.TestTypes.Unit.UnitTestAdapter, Microsoft.VisualStudio.QualityTools.Tips.UnitTest.Adapter, Version=9.0.0.0, Culture=neutral, PublicKeyToken=b03f5f7f11d50a3a" className="Test.SQL2005Test, Test" name="Select_AnonymousType" />
    </UnitTest>
    <UnitTest name="DateTime_Date" storage="d:\alinq\source\trunk\test\bin\debug\test.dll" id="75d5b23b-e13d-b2de-45e2-3be80e1c3f53">
      <Css projectStructure="" iteration="" />
      <Owners>
        <Owner name="" />
      </Owners>
      <TestMethod codeBase="D:\ALinq\Source\Trunk\Test\bin\Debug\Test.dll" adapterTypeName="Microsoft.VisualStudio.TestTools.TestTypes.Unit.UnitTestAdapter, Microsoft.VisualStudio.QualityTools.Tips.UnitTest.Adapter, Version=9.0.0.0, Culture=neutral, PublicKeyToken=b03f5f7f11d50a3a" className="Test.FirebirdTest, Test" name="DateTime_Date" />
    </UnitTest>
    <UnitTest name="CRUD_Update1" storage="d:\alinq\source\trunk\test\bin\debug\test.dll" id="646a2541-1c12-36ef-f4b4-52c321ea51c8">
      <Css projectStructure="" iteration="" />
      <Owners>
        <Owner name="" />
      </Owners>
      <TestMethod codeBase="D:\ALinq\Source\Trunk\Test\bin\Debug\Test.dll" adapterTypeName="Microsoft.VisualStudio.TestTools.TestTypes.Unit.UnitTestAdapter, Microsoft.VisualStudio.QualityTools.Tips.UnitTest.Adapter, Version=9.0.0.0, Culture=neutral, PublicKeyToken=b03f5f7f11d50a3a" className="Test.FirebirdTest, Test" name="CRUD_Update1" />
    </UnitTest>
    <UnitTest name="GroupBy_Where" storage="d:\alinq\source\trunk\test\bin\debug\test.dll" id="0c0bd754-d722-9716-c86e-3236c071adfd">
      <Css projectStructure="" iteration="" />
      <Owners>
        <Owner name="" />
      </Owners>
      <TestMethod codeBase="D:\ALinq\Source\Trunk\Test\bin\Debug\Test.dll" adapterTypeName="Microsoft.VisualStudio.TestTools.TestTypes.Unit.UnitTestAdapter, Microsoft.VisualStudio.QualityTools.Tips.UnitTest.Adapter, Version=9.0.0.0, Culture=neutral, PublicKeyToken=b03f5f7f11d50a3a" className="Test.MySqlTest, Test" name="GroupBy_Where" />
    </UnitTest>
    <UnitTest name="Max_Projection" storage="d:\alinq\source\trunk\test\bin\debug\test.dll" id="c1500715-e7e2-843a-f1a0-6fb44d7c3c7b">
      <Css projectStructure="" iteration="" />
      <Owners>
        <Owner name="" />
      </Owners>
      <TestMethod codeBase="D:\ALinq\Source\Trunk\Test\bin\Debug\Test.dll" adapterTypeName="Microsoft.VisualStudio.TestTools.TestTypes.Unit.UnitTestAdapter, Microsoft.VisualStudio.QualityTools.Tips.UnitTest.Adapter, Version=9.0.0.0, Culture=neutral, PublicKeyToken=b03f5f7f11d50a3a" className="Test.MySqlTest, Test" name="Max_Projection" />
    </UnitTest>
    <UnitTest name="DateTime_Hour" storage="d:\alinq\source\trunk\test\bin\debug\test.dll" id="f816e8c7-3173-e369-84e8-a29af1d39533">
      <Css projectStructure="" iteration="" />
      <Owners>
        <Owner name="" />
      </Owners>
      <TestMethod codeBase="D:\ALinq\Source\Trunk\Test\bin\Debug\Test.dll" adapterTypeName="Microsoft.VisualStudio.TestTools.TestTypes.Unit.UnitTestAdapter, Microsoft.VisualStudio.QualityTools.Tips.UnitTest.Adapter, Version=9.0.0.0, Culture=neutral, PublicKeyToken=b03f5f7f11d50a3a" className="Test.SQLiteTest, Test" name="DateTime_Hour" />
    </UnitTest>
    <UnitTest name="Where_Drilldown" storage="d:\alinq\source\trunk\test\bin\debug\test.dll" id="f0b585bc-572e-52f9-bc6d-bc1ed448be39">
      <Css projectStructure="" iteration="" />
      <Owners>
        <Owner name="" />
      </Owners>
      <TestMethod codeBase="D:\ALinq\Source\Trunk\Test\bin\Debug\Test.dll" adapterTypeName="Microsoft.VisualStudio.TestTools.TestTypes.Unit.UnitTestAdapter, Microsoft.VisualStudio.QualityTools.Tips.UnitTest.Adapter, Version=9.0.0.0, Culture=neutral, PublicKeyToken=b03f5f7f11d50a3a" className="Test.SQLiteTest, Test" name="Where_Drilldown" />
    </UnitTest>
    <UnitTest name="DateTime_AddDays" storage="d:\alinq\source\trunk\test\bin\debug\test.dll" id="26f93eca-7576-788d-a04a-2178667b1bd3">
      <Css projectStructure="" iteration="" />
      <Owners>
        <Owner name="" />
      </Owners>
      <TestMethod codeBase="D:\ALinq\Source\Trunk\Test\bin\Debug\Test.dll" adapterTypeName="Microsoft.VisualStudio.TestTools.TestTypes.Unit.UnitTestAdapter, Microsoft.VisualStudio.QualityTools.Tips.UnitTest.Adapter, Version=9.0.0.0, Culture=neutral, PublicKeyToken=b03f5f7f11d50a3a" className="Test.SQL2005Test, Test" name="DateTime_AddDays" />
    </UnitTest>
    <UnitTest name="All_Grouped" storage="d:\alinq\source\trunk\test\bin\debug\test.dll" id="ce33ec16-b5fb-b7e2-2c85-5f8ef552fcac">
      <Css projectStructure="" iteration="" />
      <Owners>
        <Owner name="" />
      </Owners>
      <TestMethod codeBase="D:\ALinq\Source\Trunk\Test\bin\Debug\Test.dll" adapterTypeName="Microsoft.VisualStudio.TestTools.TestTypes.Unit.UnitTestAdapter, Microsoft.VisualStudio.QualityTools.Tips.UnitTest.Adapter, Version=9.0.0.0, Culture=neutral, PublicKeyToken=b03f5f7f11d50a3a" className="Test.NorOracleTest, Test" name="All_Grouped" />
    </UnitTest>
    <UnitTest name="Math_BigMul" storage="d:\alinq\source\trunk\test\bin\debug\test.dll" id="f35a97bf-bf86-3d84-4898-725605d86fb2">
      <Css projectStructure="" iteration="" />
      <Owners>
        <Owner name="" />
      </Owners>
      <TestMethod codeBase="D:\ALinq\Source\Trunk\Test\bin\Debug\Test.dll" adapterTypeName="Microsoft.VisualStudio.TestTools.TestTypes.Unit.UnitTestAdapter, Microsoft.VisualStudio.QualityTools.Tips.UnitTest.Adapter, Version=9.0.0.0, Culture=neutral, PublicKeyToken=b03f5f7f11d50a3a" className="Test.SQL2005Test, Test" name="Math_BigMul" />
    </UnitTest>
    <UnitTest name="Test2" storage="d:\alinq\source\trunk\test\bin\debug\test.dll" id="8408f7ef-84ed-0fc1-0d56-fa816b7ace4e">
      <Css projectStructure="" iteration="" />
      <Owners>
        <Owner name="" />
      </Owners>
      <TestMethod codeBase="D:\ALinq\Source\Trunk\Test\bin\Debug\Test.dll" adapterTypeName="Microsoft.VisualStudio.TestTools.TestTypes.Unit.UnitTestAdapter, Microsoft.VisualStudio.QualityTools.Tips.UnitTest.Adapter, Version=9.0.0.0, Culture=neutral, PublicKeyToken=b03f5f7f11d50a3a" className="Test.SQL2005Test, Test" name="Test2" />
    </UnitTest>
    <UnitTest name="Command" storage="d:\alinq\source\trunk\test\bin\debug\test.dll" id="da59585d-a51c-793c-f679-2a0f6fb32457">
      <Css projectStructure="" iteration="" />
      <Owners>
        <Owner name="" />
      </Owners>
      <TestMethod codeBase="D:\ALinq\Source\Trunk\Test\bin\Debug\Test.dll" adapterTypeName="Microsoft.VisualStudio.TestTools.TestTypes.Unit.UnitTestAdapter, Microsoft.VisualStudio.QualityTools.Tips.UnitTest.Adapter, Version=9.0.0.0, Culture=neutral, PublicKeyToken=b03f5f7f11d50a3a" className="Test.SQL2005Test, Test" name="Command" />
    </UnitTest>
    <UnitTest name="Update" storage="d:\alinq\source\trunk\test\bin\debug\test.dll" id="326524e6-5ddc-fc22-dcef-1075293b2dcd">
      <Css projectStructure="" iteration="" />
      <Owners>
        <Owner name="" />
      </Owners>
      <TestMethod codeBase="D:\ALinq\Source\Trunk\Test\bin\Debug\Test.dll" adapterTypeName="Microsoft.VisualStudio.TestTools.TestTypes.Unit.UnitTestAdapter, Microsoft.VisualStudio.QualityTools.Tips.UnitTest.Adapter, Version=9.0.0.0, Culture=neutral, PublicKeyToken=b03f5f7f11d50a3a" className="Test.PgsqlTest, Test" name="Update" />
    </UnitTest>
    <UnitTest name="Association" storage="d:\alinq\source\trunk\test\bin\debug\test.dll" id="be921bce-3454-f1ee-fd0b-2aac26ff7876">
      <Css projectStructure="" iteration="" />
      <Owners>
        <Owner name="" />
      </Owners>
      <TestMethod codeBase="D:\ALinq\Source\Trunk\Test\bin\Debug\Test.dll" adapterTypeName="Microsoft.VisualStudio.TestTools.TestTypes.Unit.UnitTestAdapter, Microsoft.VisualStudio.QualityTools.Tips.UnitTest.Adapter, Version=9.0.0.0, Culture=neutral, PublicKeyToken=b03f5f7f11d50a3a" className="Test.MySqlTest, Test" name="Association" />
    </UnitTest>
    <UnitTest name="Select_Condition" storage="d:\alinq\source\trunk\test\bin\debug\test.dll" id="512b2427-11db-00ec-358b-4cafbf9acd76">
      <Css projectStructure="" iteration="" />
      <Owners>
        <Owner name="" />
      </Owners>
      <TestMethod codeBase="D:\ALinq\Source\Trunk\Test\bin\Debug\Test.dll" adapterTypeName="Microsoft.VisualStudio.TestTools.TestTypes.Unit.UnitTestAdapter, Microsoft.VisualStudio.QualityTools.Tips.UnitTest.Adapter, Version=9.0.0.0, Culture=neutral, PublicKeyToken=b03f5f7f11d50a3a" className="Test.SQL2000Test, Test" name="Select_Condition" />
    </UnitTest>
    <UnitTest name="Join_ManyToMany" storage="d:\alinq\source\trunk\test\bin\debug\test.dll" id="f27b473c-2a60-1d11-8e7d-3cf184a36ca5">
      <Css projectStructure="" iteration="" />
      <Owners>
        <Owner name="" />
      </Owners>
      <TestMethod codeBase="D:\ALinq\Source\Trunk\Test\bin\Debug\Test.dll" adapterTypeName="Microsoft.VisualStudio.TestTools.TestTypes.Unit.UnitTestAdapter, Microsoft.VisualStudio.QualityTools.Tips.UnitTest.Adapter, Version=9.0.0.0, Culture=neutral, PublicKeyToken=b03f5f7f11d50a3a" className="Test.SQL2000Test, Test" name="Join_ManyToMany" />
    </UnitTest>
    <UnitTest name="Convert_ToDateTime" storage="d:\alinq\source\trunk\test\bin\debug\test.dll" id="dd376b6a-f3e2-ddbd-de55-cf0ac5df0b29">
      <Css projectStructure="" iteration="" />
      <Owners>
        <Owner name="" />
      </Owners>
      <TestMethod codeBase="D:\ALinq\Source\Trunk\Test\bin\Debug\Test.dll" adapterTypeName="Microsoft.VisualStudio.TestTools.TestTypes.Unit.UnitTestAdapter, Microsoft.VisualStudio.QualityTools.Tips.UnitTest.Adapter, Version=9.0.0.0, Culture=neutral, PublicKeyToken=b03f5f7f11d50a3a" className="Test.DB2Test, Test" name="Convert_ToDateTime" />
    </UnitTest>
    <UnitTest name="Skip_Simple" storage="d:\alinq\source\trunk\test\bin\debug\test.dll" id="3f1b446a-86d5-7020-ad66-faa0c53b14c4">
      <Css projectStructure="" iteration="" />
      <Owners>
        <Owner name="" />
      </Owners>
      <TestMethod codeBase="D:\ALinq\Source\Trunk\Test\bin\Debug\Test.dll" adapterTypeName="Microsoft.VisualStudio.TestTools.TestTypes.Unit.UnitTestAdapter, Microsoft.VisualStudio.QualityTools.Tips.UnitTest.Adapter, Version=9.0.0.0, Culture=neutral, PublicKeyToken=b03f5f7f11d50a3a" className="Test.FirebirdTest, Test" name="Skip_Simple" />
    </UnitTest>
    <UnitTest name="Select_LocalMethodCall" storage="d:\alinq\source\trunk\test\bin\debug\test.dll" id="b634e784-cd54-2afa-bfd3-4aa73cedd8a3">
      <Css projectStructure="" iteration="" />
      <Owners>
        <Owner name="" />
      </Owners>
      <TestMethod codeBase="D:\ALinq\Source\Trunk\Test\bin\Debug\Test.dll" adapterTypeName="Microsoft.VisualStudio.TestTools.TestTypes.Unit.UnitTestAdapter, Microsoft.VisualStudio.QualityTools.Tips.UnitTest.Adapter, Version=9.0.0.0, Culture=neutral, PublicKeyToken=b03f5f7f11d50a3a" className="Test.SQL2005Test, Test" name="Select_LocalMethodCall" />
    </UnitTest>
    <UnitTest name="String_IndexOf3" storage="d:\alinq\source\trunk\test\bin\debug\test.dll" id="cfeaef85-aa05-8daa-2f71-8e4ef5e71d5a">
      <Css projectStructure="" iteration="" />
      <Owners>
        <Owner name="" />
      </Owners>
      <TestMethod codeBase="D:\ALinq\Source\Trunk\Test\bin\Debug\Test.dll" adapterTypeName="Microsoft.VisualStudio.TestTools.TestTypes.Unit.UnitTestAdapter, Microsoft.VisualStudio.QualityTools.Tips.UnitTest.Adapter, Version=9.0.0.0, Culture=neutral, PublicKeyToken=b03f5f7f11d50a3a" className="Test.FirebirdTest, Test" name="String_IndexOf3" />
    </UnitTest>
    <UnitTest name="Convert_ToDateTime" storage="d:\alinq\source\trunk\test\bin\debug\test.dll" id="4ea38d5f-b5d2-b437-d106-622c751c479d">
      <Css projectStructure="" iteration="" />
      <Owners>
        <Owner name="" />
      </Owners>
      <TestMethod codeBase="D:\ALinq\Source\Trunk\Test\bin\Debug\Test.dll" adapterTypeName="Microsoft.VisualStudio.TestTools.TestTypes.Unit.UnitTestAdapter, Microsoft.VisualStudio.QualityTools.Tips.UnitTest.Adapter, Version=9.0.0.0, Culture=neutral, PublicKeyToken=b03f5f7f11d50a3a" className="Test.SQLiteTest, Test" name="Convert_ToDateTime" />
    </UnitTest>
    <UnitTest name="DataType_XDocument" storage="d:\alinq\source\trunk\test\bin\debug\test.dll" id="a25baad1-83a4-5938-b392-ef4d205e1b2b">
      <Css projectStructure="" iteration="" />
      <Owners>
        <Owner name="" />
      </Owners>
      <TestMethod codeBase="D:\ALinq\Source\Trunk\Test\bin\Debug\Test.dll" adapterTypeName="Microsoft.VisualStudio.TestTools.TestTypes.Unit.UnitTestAdapter, Microsoft.VisualStudio.QualityTools.Tips.UnitTest.Adapter, Version=9.0.0.0, Culture=neutral, PublicKeyToken=b03f5f7f11d50a3a" className="Test.FirebirdTest, Test" name="DataType_XDocument" />
    </UnitTest>
    <UnitTest name="GetCategoriesAndProducts" storage="d:\alinq\source\trunk\test\bin\debug\test.dll" id="b38189fa-2435-bfd6-cb4c-9b8108375d04">
      <Css projectStructure="" iteration="" />
      <Owners>
        <Owner name="" />
      </Owners>
      <TestMethod codeBase="D:\ALinq\Source\Trunk\Test\bin\Debug\Test.dll" adapterTypeName="Microsoft.VisualStudio.TestTools.TestTypes.Unit.UnitTestAdapter, Microsoft.VisualStudio.QualityTools.Tips.UnitTest.Adapter, Version=9.0.0.0, Culture=neutral, PublicKeyToken=b03f5f7f11d50a3a" className="Test.OdpOracleProcedureTest, Test" name="GetCategoriesAndProducts" />
    </UnitTest>
    <UnitTest name="String_Clone" storage="d:\alinq\source\trunk\test\bin\debug\test.dll" id="7db1720d-31f2-b7c1-3503-2c4079060eb8">
      <Css projectStructure="" iteration="" />
      <Owners>
        <Owner name="" />
      </Owners>
      <TestMethod codeBase="D:\ALinq\Source\Trunk\Test\bin\Debug\Test.dll" adapterTypeName="Microsoft.VisualStudio.TestTools.TestTypes.Unit.UnitTestAdapter, Microsoft.VisualStudio.QualityTools.Tips.UnitTest.Adapter, Version=9.0.0.0, Culture=neutral, PublicKeyToken=b03f5f7f11d50a3a" className="Test.SQL2000Test, Test" name="String_Clone" />
    </UnitTest>
    <UnitTest name="Convert_ToSByte" storage="d:\alinq\source\trunk\test\bin\debug\test.dll" id="a5b2ac3f-fcb6-a9bb-4c97-e0b1128ae124">
      <Css projectStructure="" iteration="" />
      <Owners>
        <Owner name="" />
      </Owners>
      <TestMethod codeBase="D:\ALinq\Source\Trunk\Test\bin\Debug\Test.dll" adapterTypeName="Microsoft.VisualStudio.TestTools.TestTypes.Unit.UnitTestAdapter, Microsoft.VisualStudio.QualityTools.Tips.UnitTest.Adapter, Version=9.0.0.0, Culture=neutral, PublicKeyToken=b03f5f7f11d50a3a" className="Test.PgsqlTest, Test" name="Convert_ToSByte" />
    </UnitTest>
    <UnitTest name="StringLength" storage="d:\alinq\source\trunk\test\bin\debug\test.dll" id="20552e87-7e02-58bf-eb6c-7811143ceee2">
      <Css projectStructure="" iteration="" />
      <Owners>
        <Owner name="" />
      </Owners>
      <TestMethod codeBase="D:\ALinq\Source\Trunk\Test\bin\Debug\Test.dll" adapterTypeName="Microsoft.VisualStudio.TestTools.TestTypes.Unit.UnitTestAdapter, Microsoft.VisualStudio.QualityTools.Tips.UnitTest.Adapter, Version=9.0.0.0, Culture=neutral, PublicKeyToken=b03f5f7f11d50a3a" className="Test.SQL2005Test, Test" name="StringLength" />
    </UnitTest>
    <UnitTest name="DataType_Guid" storage="d:\alinq\source\trunk\test\bin\debug\test.dll" id="aad4c30e-08bc-313a-aeca-40d885b2e29f">
      <Css projectStructure="" iteration="" />
      <Owners>
        <Owner name="" />
      </Owners>
      <TestMethod codeBase="D:\ALinq\Source\Trunk\Test\bin\Debug\Test.dll" adapterTypeName="Microsoft.VisualStudio.TestTools.TestTypes.Unit.UnitTestAdapter, Microsoft.VisualStudio.QualityTools.Tips.UnitTest.Adapter, Version=9.0.0.0, Culture=neutral, PublicKeyToken=b03f5f7f11d50a3a" className="Test.OdpOracleTest, Test" name="DataType_Guid" />
    </UnitTest>
    <UnitTest name="Insert_Simple" storage="d:\alinq\source\trunk\test\bin\debug\test.dll" id="86016d73-3904-c210-6067-2e5d8e38071a">
      <Css projectStructure="" iteration="" />
      <Owners>
        <Owner name="" />
      </Owners>
      <TestMethod codeBase="D:\ALinq\Source\Trunk\Test\bin\Debug\Test.dll" adapterTypeName="Microsoft.VisualStudio.TestTools.TestTypes.Unit.UnitTestAdapter, Microsoft.VisualStudio.QualityTools.Tips.UnitTest.Adapter, Version=9.0.0.0, Culture=neutral, PublicKeyToken=b03f5f7f11d50a3a" className="Test.SQL2000Test, Test" name="Insert_Simple" />
    </UnitTest>
    <UnitTest name="Math_Cosh" storage="d:\alinq\source\trunk\test\bin\debug\test.dll" id="29f53652-a58e-e8d3-86ad-87f4bd8ef2f8">
      <Css projectStructure="" iteration="" />
      <Owners>
        <Owner name="" />
      </Owners>
      <TestMethod codeBase="D:\ALinq\Source\Trunk\Test\bin\Debug\Test.dll" adapterTypeName="Microsoft.VisualStudio.TestTools.TestTypes.Unit.UnitTestAdapter, Microsoft.VisualStudio.QualityTools.Tips.UnitTest.Adapter, Version=9.0.0.0, Culture=neutral, PublicKeyToken=b03f5f7f11d50a3a" className="Test.FirebirdTest, Test" name="Math_Cosh" />
    </UnitTest>
    <UnitTest name="DateTime_AddHours" storage="d:\alinq\source\trunk\test\bin\debug\test.dll" id="9ddce0f5-6bd6-da5e-3512-77c51eda9849">
      <Css projectStructure="" iteration="" />
      <Owners>
        <Owner name="" />
      </Owners>
      <TestMethod codeBase="D:\ALinq\Source\Trunk\Test\bin\Debug\Test.dll" adapterTypeName="Microsoft.VisualStudio.TestTools.TestTypes.Unit.UnitTestAdapter, Microsoft.VisualStudio.QualityTools.Tips.UnitTest.Adapter, Version=9.0.0.0, Culture=neutral, PublicKeyToken=b03f5f7f11d50a3a" className="Test.SQLiteTest, Test" name="DateTime_AddHours" />
    </UnitTest>
    <UnitTest name="Math_Tanh" storage="d:\alinq\source\trunk\test\bin\debug\test.dll" id="eb63b23a-5a89-845a-b2ec-fd922d6def38">
      <Css projectStructure="" iteration="" />
      <Owners>
        <Owner name="" />
      </Owners>
      <TestMethod codeBase="D:\ALinq\Source\Trunk\Test\bin\Debug\Test.dll" adapterTypeName="Microsoft.VisualStudio.TestTools.TestTypes.Unit.UnitTestAdapter, Microsoft.VisualStudio.QualityTools.Tips.UnitTest.Adapter, Version=9.0.0.0, Culture=neutral, PublicKeyToken=b03f5f7f11d50a3a" className="Test.SQL2000Test, Test" name="Math_Tanh" />
    </UnitTest>
    <UnitTest name="ToQueryString" storage="d:\alinq\source\trunk\test\bin\debug\test.dll" id="f1851738-f2ad-7f4f-0534-8aa9835619fd">
      <Css projectStructure="" iteration="" />
      <Owners>
        <Owner name="" />
      </Owners>
      <Execution id="bc415f80-1f88-4370-ac78-7fb324dccfe6" />
      <TestMethod codeBase="D:\ALinq\Source\Trunk\Test\bin\Debug\Test.dll" adapterTypeName="Microsoft.VisualStudio.TestTools.TestTypes.Unit.UnitTestAdapter, Microsoft.VisualStudio.QualityTools.Tips.UnitTest.Adapter, Version=9.0.0.0, Culture=neutral, PublicKeyToken=b03f5f7f11d50a3a" className="Test.AccessDataTypeProviderTest, Test" name="ToQueryString" />
    </UnitTest>
    <UnitTest name="DateTimeGT" storage="d:\alinq\source\trunk\test\bin\debug\test.dll" id="19ce1897-9228-10c7-fead-7670c9746287">
      <Css projectStructure="" iteration="" />
      <Owners>
        <Owner name="" />
      </Owners>
      <TestMethod codeBase="D:\ALinq\Source\Trunk\Test\bin\Debug\Test.dll" adapterTypeName="Microsoft.VisualStudio.TestTools.TestTypes.Unit.UnitTestAdapter, Microsoft.VisualStudio.QualityTools.Tips.UnitTest.Adapter, Version=9.0.0.0, Culture=neutral, PublicKeyToken=b03f5f7f11d50a3a" className="Test.MySqlTest, Test" name="DateTimeGT" />
    </UnitTest>
    <UnitTest name="GroupBy_Year" storage="d:\alinq\source\trunk\test\bin\debug\test.dll" id="9f68ea89-f7e0-a305-51fb-d50b30800ebd">
      <Css projectStructure="" iteration="" />
      <Owners>
        <Owner name="" />
      </Owners>
      <TestMethod codeBase="D:\ALinq\Source\Trunk\Test\bin\Debug\Test.dll" adapterTypeName="Microsoft.VisualStudio.TestTools.TestTypes.Unit.UnitTestAdapter, Microsoft.VisualStudio.QualityTools.Tips.UnitTest.Adapter, Version=9.0.0.0, Culture=neutral, PublicKeyToken=b03f5f7f11d50a3a" className="Test.DB2Test, Test" name="GroupBy_Year" />
    </UnitTest>
    <UnitTest name="Math_Acos" storage="d:\alinq\source\trunk\test\bin\debug\test.dll" id="20e9e669-e39d-3c68-97a8-9a6c48db96c4">
      <Css projectStructure="" iteration="" />
      <Owners>
        <Owner name="" />
      </Owners>
      <TestMethod codeBase="D:\ALinq\Source\Trunk\Test\bin\Debug\Test.dll" adapterTypeName="Microsoft.VisualStudio.TestTools.TestTypes.Unit.UnitTestAdapter, Microsoft.VisualStudio.QualityTools.Tips.UnitTest.Adapter, Version=9.0.0.0, Culture=neutral, PublicKeyToken=b03f5f7f11d50a3a" className="Test.NorOracleTest, Test" name="Math_Acos" />
    </UnitTest>
    <UnitTest name="SingleOrDefault" storage="d:\alinq\source\trunk\test\bin\debug\test.dll" id="3519bd36-d017-bfe3-b14c-76f7482cb2ee">
      <Css projectStructure="" iteration="" />
      <Owners>
        <Owner name="" />
      </Owners>
      <TestMethod codeBase="D:\ALinq\Source\Trunk\Test\bin\Debug\Test.dll" adapterTypeName="Microsoft.VisualStudio.TestTools.TestTypes.Unit.UnitTestAdapter, Microsoft.VisualStudio.QualityTools.Tips.UnitTest.Adapter, Version=9.0.0.0, Culture=neutral, PublicKeyToken=b03f5f7f11d50a3a" className="Test.AccessTest, Test" name="SingleOrDefault" />
    </UnitTest>
    <UnitTest name="DateTime_ToLoaclTime" storage="d:\alinq\source\trunk\test\bin\debug\test.dll" id="509d5086-a792-e687-1253-dd35adfea97d">
      <Css projectStructure="" iteration="" />
      <Owners>
        <Owner name="" />
      </Owners>
      <TestMethod codeBase="D:\ALinq\Source\Trunk\Test\bin\Debug\Test.dll" adapterTypeName="Microsoft.VisualStudio.TestTools.TestTypes.Unit.UnitTestAdapter, Microsoft.VisualStudio.QualityTools.Tips.UnitTest.Adapter, Version=9.0.0.0, Culture=neutral, PublicKeyToken=b03f5f7f11d50a3a" className="Test.SQLiteTest, Test" name="DateTime_ToLoaclTime" />
    </UnitTest>
    <UnitTest name="Join_NullableNonnullableKeyRelationship" storage="d:\alinq\source\trunk\test\bin\debug\test.dll" id="a0bb4955-9a26-2d34-6bc3-a74d0fe97c78">
      <Css projectStructure="" iteration="" />
      <Owners>
        <Owner name="" />
      </Owners>
      <TestMethod codeBase="D:\ALinq\Source\Trunk\Test\bin\Debug\Test.dll" adapterTypeName="Microsoft.VisualStudio.TestTools.TestTypes.Unit.UnitTestAdapter, Microsoft.VisualStudio.QualityTools.Tips.UnitTest.Adapter, Version=9.0.0.0, Culture=neutral, PublicKeyToken=b03f5f7f11d50a3a" className="Test.FirebirdTest, Test" name="Join_NullableNonnullableKeyRelationship" />
    </UnitTest>
    <UnitTest name="DateTime_Month" storage="d:\alinq\source\trunk\test\bin\debug\test.dll" id="a74060c1-cd11-fe2d-962d-0c1dfc63bc4a">
      <Css projectStructure="" iteration="" />
      <Owners>
        <Owner name="" />
      </Owners>
      <TestMethod codeBase="D:\ALinq\Source\Trunk\Test\bin\Debug\Test.dll" adapterTypeName="Microsoft.VisualStudio.TestTools.TestTypes.Unit.UnitTestAdapter, Microsoft.VisualStudio.QualityTools.Tips.UnitTest.Adapter, Version=9.0.0.0, Culture=neutral, PublicKeyToken=b03f5f7f11d50a3a" className="Test.PgsqlTest, Test" name="DateTime_Month" />
    </UnitTest>
    <UnitTest name="StringConcat" storage="d:\alinq\source\trunk\test\bin\debug\test.dll" id="6c7b1b82-7650-1f43-d9e6-76269895252c">
      <Css projectStructure="" iteration="" />
      <Owners>
        <Owner name="" />
      </Owners>
      <TestMethod codeBase="D:\ALinq\Source\Trunk\Test\bin\Debug\Test.dll" adapterTypeName="Microsoft.VisualStudio.TestTools.TestTypes.Unit.UnitTestAdapter, Microsoft.VisualStudio.QualityTools.Tips.UnitTest.Adapter, Version=9.0.0.0, Culture=neutral, PublicKeyToken=b03f5f7f11d50a3a" className="Test.AccessTest, Test" name="StringConcat" />
    </UnitTest>
    <UnitTest name="DataType_XDocument" storage="d:\alinq\source\trunk\test\bin\debug\test.dll" id="24fd5261-50d5-3c87-7e57-269ad5ce5811">
      <Css projectStructure="" iteration="" />
      <Owners>
        <Owner name="" />
      </Owners>
      <TestMethod codeBase="D:\ALinq\Source\Trunk\Test\bin\Debug\Test.dll" adapterTypeName="Microsoft.VisualStudio.TestTools.TestTypes.Unit.UnitTestAdapter, Microsoft.VisualStudio.QualityTools.Tips.UnitTest.Adapter, Version=9.0.0.0, Culture=neutral, PublicKeyToken=b03f5f7f11d50a3a" className="Test.SqlTest, Test" name="DataType_XDocument" />
    </UnitTest>
    <UnitTest name="Skip_Simple" storage="d:\alinq\source\trunk\test\bin\debug\test.dll" id="a2b64f17-434e-64e3-27d7-27f88c055180">
      <Css projectStructure="" iteration="" />
      <Owners>
        <Owner name="" />
      </Owners>
      <TestMethod codeBase="D:\ALinq\Source\Trunk\Test\bin\Debug\Test.dll" adapterTypeName="Microsoft.VisualStudio.TestTools.TestTypes.Unit.UnitTestAdapter, Microsoft.VisualStudio.QualityTools.Tips.UnitTest.Adapter, Version=9.0.0.0, Culture=neutral, PublicKeyToken=b03f5f7f11d50a3a" className="Test.PgsqlTest, Test" name="Skip_Simple" />
    </UnitTest>
    <UnitTest name="ParseSqlDataType" storage="d:\alinq\source\trunk\test\bin\debug\test.dll" id="52a3e708-8a07-4c18-e430-74654c84f62a">
      <Css projectStructure="" iteration="" />
      <Owners>
        <Owner name="" />
      </Owners>
      <TestMethod codeBase="D:\ALinq\Source\Trunk\Test\bin\Debug\Test.dll" adapterTypeName="Microsoft.VisualStudio.TestTools.TestTypes.Unit.UnitTestAdapter, Microsoft.VisualStudio.QualityTools.Tips.UnitTest.Adapter, Version=9.0.0.0, Culture=neutral, PublicKeyToken=b03f5f7f11d50a3a" className="Test.MySqlTypeProviderTest, Test" name="ParseSqlDataType" />
    </UnitTest>
    <UnitTest name="StringEndsWith" storage="d:\alinq\source\trunk\test\bin\debug\test.dll" id="eaffc9b6-74b0-4238-f2c7-6eb1d2b430d9">
      <Css projectStructure="" iteration="" />
      <Owners>
        <Owner name="" />
      </Owners>
      <TestMethod codeBase="D:\ALinq\Source\Trunk\Test\bin\Debug\Test.dll" adapterTypeName="Microsoft.VisualStudio.TestTools.TestTypes.Unit.UnitTestAdapter, Microsoft.VisualStudio.QualityTools.Tips.UnitTest.Adapter, Version=9.0.0.0, Culture=neutral, PublicKeyToken=b03f5f7f11d50a3a" className="Test.SqlTest, Test" name="StringEndsWith" />
    </UnitTest>
    <UnitTest name="GroupBy_Simple" storage="d:\alinq\source\trunk\test\bin\debug\test.dll" id="048431b9-32bb-fe58-7454-d746e0796160">
      <Css projectStructure="" iteration="" />
      <Owners>
        <Owner name="" />
      </Owners>
      <TestMethod codeBase="D:\ALinq\Source\Trunk\Test\bin\Debug\Test.dll" adapterTypeName="Microsoft.VisualStudio.TestTools.TestTypes.Unit.UnitTestAdapter, Microsoft.VisualStudio.QualityTools.Tips.UnitTest.Adapter, Version=9.0.0.0, Culture=neutral, PublicKeyToken=b03f5f7f11d50a3a" className="Test.MySqlTest, Test" name="GroupBy_Simple" />
    </UnitTest>
    <UnitTest name="GroupBy_ConditionalCount" storage="d:\alinq\source\trunk\test\bin\debug\test.dll" id="5eea1623-815d-258b-ac4e-322a0817728a">
      <Css projectStructure="" iteration="" />
      <Owners>
        <Owner name="" />
      </Owners>
      <TestMethod codeBase="D:\ALinq\Source\Trunk\Test\bin\Debug\Test.dll" adapterTypeName="Microsoft.VisualStudio.TestTools.TestTypes.Unit.UnitTestAdapter, Microsoft.VisualStudio.QualityTools.Tips.UnitTest.Adapter, Version=9.0.0.0, Culture=neutral, PublicKeyToken=b03f5f7f11d50a3a" className="Test.MySqlTest, Test" name="GroupBy_ConditionalCount" />
    </UnitTest>
    <UnitTest name="Convert_ToByte" storage="d:\alinq\source\trunk\test\bin\debug\test.dll" id="f26cf6ed-4bc3-f164-6a76-77b33cc219ef">
      <Css projectStructure="" iteration="" />
      <Owners>
        <Owner name="" />
      </Owners>
      <TestMethod codeBase="D:\ALinq\Source\Trunk\Test\bin\Debug\Test.dll" adapterTypeName="Microsoft.VisualStudio.TestTools.TestTypes.Unit.UnitTestAdapter, Microsoft.VisualStudio.QualityTools.Tips.UnitTest.Adapter, Version=9.0.0.0, Culture=neutral, PublicKeyToken=b03f5f7f11d50a3a" className="Test.NorOracleTest, Test" name="Convert_ToByte" />
    </UnitTest>
    <UnitTest name="ComposeKey" storage="d:\alinq\source\trunk\test\bin\debug\test.dll" id="c9f4524d-f01d-4ef3-d338-b7e9b14ae67c">
      <Css projectStructure="" iteration="" />
      <Owners>
        <Owner name="" />
      </Owners>
      <TestMethod codeBase="D:\ALinq\Source\Trunk\Test\bin\Debug\Test.dll" adapterTypeName="Microsoft.VisualStudio.TestTools.TestTypes.Unit.UnitTestAdapter, Microsoft.VisualStudio.QualityTools.Tips.UnitTest.Adapter, Version=9.0.0.0, Culture=neutral, PublicKeyToken=b03f5f7f11d50a3a" className="Test.AccessTest, Test" name="ComposeKey" />
    </UnitTest>
    <UnitTest name="TestNull" storage="d:\alinq\source\trunk\test\bin\debug\test.dll" id="4bf68dce-407c-a3af-462a-189abfd4c045">
      <Css projectStructure="" iteration="" />
      <Owners>
        <Owner name="" />
      </Owners>
      <TestMethod codeBase="D:\ALinq\Source\Trunk\Test\bin\Debug\Test.dll" adapterTypeName="Microsoft.VisualStudio.TestTools.TestTypes.Unit.UnitTestAdapter, Microsoft.VisualStudio.QualityTools.Tips.UnitTest.Adapter, Version=9.0.0.0, Culture=neutral, PublicKeyToken=b03f5f7f11d50a3a" className="Test.SQL2005Test, Test" name="TestNull" />
    </UnitTest>
    <UnitTest name="CRUD_Delete1" storage="d:\alinq\source\trunk\test\bin\debug\test.dll" id="b3388f1a-c6a3-87c0-63fc-fdeaa0d21e19">
      <Css projectStructure="" iteration="" />
      <Owners>
        <Owner name="" />
      </Owners>
      <TestMethod codeBase="D:\ALinq\Source\Trunk\Test\bin\Debug\Test.dll" adapterTypeName="Microsoft.VisualStudio.TestTools.TestTypes.Unit.UnitTestAdapter, Microsoft.VisualStudio.QualityTools.Tips.UnitTest.Adapter, Version=9.0.0.0, Culture=neutral, PublicKeyToken=b03f5f7f11d50a3a" className="Test.MySqlTest, Test" name="CRUD_Delete1" />
    </UnitTest>
    <UnitTest name="String_IndexOf2" storage="d:\alinq\source\trunk\test\bin\debug\test.dll" id="c44bb749-8009-c3cc-feee-d9ec2e218be6">
      <Css projectStructure="" iteration="" />
      <Owners>
        <Owner name="" />
      </Owners>
      <TestMethod codeBase="D:\ALinq\Source\Trunk\Test\bin\Debug\Test.dll" adapterTypeName="Microsoft.VisualStudio.TestTools.TestTypes.Unit.UnitTestAdapter, Microsoft.VisualStudio.QualityTools.Tips.UnitTest.Adapter, Version=9.0.0.0, Culture=neutral, PublicKeyToken=b03f5f7f11d50a3a" className="Test.SQL2005Test, Test" name="String_IndexOf2" />
    </UnitTest>
    <UnitTest name="GetDefaultValue" storage="d:\alinq\source\trunk\test\bin\debug\test.dll" id="156974d6-908f-6eba-8a37-d4828f9dfdc0">
      <Css projectStructure="" iteration="" />
      <Owners>
        <Owner name="" />
      </Owners>
      <TestMethod codeBase="D:\ALinq\Source\Trunk\Test\bin\Debug\Test.dll" adapterTypeName="Microsoft.VisualStudio.TestTools.TestTypes.Unit.UnitTestAdapter, Microsoft.VisualStudio.QualityTools.Tips.UnitTest.Adapter, Version=9.0.0.0, Culture=neutral, PublicKeyToken=b03f5f7f11d50a3a" className="Test.SQLiteTest, Test" name="GetDefaultValue" />
    </UnitTest>
    <UnitTest name="Count_Empty" storage="d:\alinq\source\trunk\test\bin\debug\test.dll" id="6be63fcd-06c9-456c-9340-25ed42dace92">
      <Css projectStructure="" iteration="" />
      <Owners>
        <Owner name="" />
      </Owners>
      <TestMethod codeBase="D:\ALinq\Source\Trunk\Test\bin\Debug\Test.dll" adapterTypeName="Microsoft.VisualStudio.TestTools.TestTypes.Unit.UnitTestAdapter, Microsoft.VisualStudio.QualityTools.Tips.UnitTest.Adapter, Version=9.0.0.0, Culture=neutral, PublicKeyToken=b03f5f7f11d50a3a" className="Test.MySqlTest, Test" name="Count_Empty" />
    </UnitTest>
    <UnitTest name="Select_SpecialType" storage="d:\alinq\source\trunk\test\bin\debug\test.dll" id="9a3aa7b2-1b34-a7ea-0d0a-750583f3d309">
      <Css projectStructure="" iteration="" />
      <Owners>
        <Owner name="" />
      </Owners>
      <TestMethod codeBase="D:\ALinq\Source\Trunk\Test\bin\Debug\Test.dll" adapterTypeName="Microsoft.VisualStudio.TestTools.TestTypes.Unit.UnitTestAdapter, Microsoft.VisualStudio.QualityTools.Tips.UnitTest.Adapter, Version=9.0.0.0, Culture=neutral, PublicKeyToken=b03f5f7f11d50a3a" className="Test.SQL2000Test, Test" name="Select_SpecialType" />
    </UnitTest>
    <UnitTest name="String_EndsWith" storage="d:\alinq\source\trunk\test\bin\debug\test.dll" id="bc37a3dd-178b-523f-1121-64a00117864d">
      <Css projectStructure="" iteration="" />
      <Owners>
        <Owner name="" />
      </Owners>
      <TestMethod codeBase="D:\ALinq\Source\Trunk\Test\bin\Debug\Test.dll" adapterTypeName="Microsoft.VisualStudio.TestTools.TestTypes.Unit.UnitTestAdapter, Microsoft.VisualStudio.QualityTools.Tips.UnitTest.Adapter, Version=9.0.0.0, Culture=neutral, PublicKeyToken=b03f5f7f11d50a3a" className="Test.OdpOracleTest, Test" name="String_EndsWith" />
    </UnitTest>
    <UnitTest name="TestAutoClose" storage="d:\alinq\source\trunk\test\bin\debug\test.dll" id="0681f703-a42f-0d61-4918-7d60c15131dd">
      <Css projectStructure="" iteration="" />
      <Owners>
        <Owner name="" />
      </Owners>
      <TestMethod codeBase="D:\ALinq\Source\Trunk\Test\bin\Debug\Test.dll" adapterTypeName="Microsoft.VisualStudio.TestTools.TestTypes.Unit.UnitTestAdapter, Microsoft.VisualStudio.QualityTools.Tips.UnitTest.Adapter, Version=9.0.0.0, Culture=neutral, PublicKeyToken=b03f5f7f11d50a3a" className="Test.DataContextTest, Test" name="TestAutoClose" />
    </UnitTest>
    <UnitTest name="CreateProcedure4" storage="d:\alinq\source\trunk\test\bin\debug\test.dll" id="d821c979-291a-3305-ef0a-d99358a1750c">
      <Css projectStructure="" iteration="" />
      <Owners>
        <Owner name="" />
      </Owners>
      <TestMethod codeBase="D:\ALinq\Source\Trunk\Test\bin\Debug\Test.dll" adapterTypeName="Microsoft.VisualStudio.TestTools.TestTypes.Unit.UnitTestAdapter, Microsoft.VisualStudio.QualityTools.Tips.UnitTest.Adapter, Version=9.0.0.0, Culture=neutral, PublicKeyToken=b03f5f7f11d50a3a" className="Test.FirebirdProcedureTest, Test" name="CreateProcedure4" />
    </UnitTest>
    <UnitTest name="Convert_ToInt32" storage="d:\alinq\source\trunk\test\bin\debug\test.dll" id="1674267a-845a-a171-ef0b-f481015b2ce3">
      <Css projectStructure="" iteration="" />
      <Owners>
        <Owner name="" />
      </Owners>
      <TestMethod codeBase="D:\ALinq\Source\Trunk\Test\bin\Debug\Test.dll" adapterTypeName="Microsoft.VisualStudio.TestTools.TestTypes.Unit.UnitTestAdapter, Microsoft.VisualStudio.QualityTools.Tips.UnitTest.Adapter, Version=9.0.0.0, Culture=neutral, PublicKeyToken=b03f5f7f11d50a3a" className="Test.OdpOracleTest, Test" name="Convert_ToInt32" />
    </UnitTest>
    <UnitTest name="Count_Simple" storage="d:\alinq\source\trunk\test\bin\debug\test.dll" id="2462b6b5-1c37-7856-9268-4c1a7c7cd697">
      <Css projectStructure="" iteration="" />
      <Owners>
        <Owner name="" />
      </Owners>
      <TestMethod codeBase="D:\ALinq\Source\Trunk\Test\bin\Debug\Test.dll" adapterTypeName="Microsoft.VisualStudio.TestTools.TestTypes.Unit.UnitTestAdapter, Microsoft.VisualStudio.QualityTools.Tips.UnitTest.Adapter, Version=9.0.0.0, Culture=neutral, PublicKeyToken=b03f5f7f11d50a3a" className="Test.SqlTest, Test" name="Count_Simple" />
    </UnitTest>
    <UnitTest name="DataType_Int64" storage="d:\alinq\source\trunk\test\bin\debug\test.dll" id="883d6e64-adc9-8cd7-5ba9-74677759215e">
      <Css projectStructure="" iteration="" />
      <Owners>
        <Owner name="" />
      </Owners>
      <TestMethod codeBase="D:\ALinq\Source\Trunk\Test\bin\Debug\Test.dll" adapterTypeName="Microsoft.VisualStudio.TestTools.TestTypes.Unit.UnitTestAdapter, Microsoft.VisualStudio.QualityTools.Tips.UnitTest.Adapter, Version=9.0.0.0, Culture=neutral, PublicKeyToken=b03f5f7f11d50a3a" className="Test.PgsqlTest, Test" name="DataType_Int64" />
    </UnitTest>
    <UnitTest name="Math_Tan" storage="d:\alinq\source\trunk\test\bin\debug\test.dll" id="dd5d17c4-c456-20ae-8577-ce7451cffd40">
      <Css projectStructure="" iteration="" />
      <Owners>
        <Owner name="" />
      </Owners>
      <TestMethod codeBase="D:\ALinq\Source\Trunk\Test\bin\Debug\Test.dll" adapterTypeName="Microsoft.VisualStudio.TestTools.TestTypes.Unit.UnitTestAdapter, Microsoft.VisualStudio.QualityTools.Tips.UnitTest.Adapter, Version=9.0.0.0, Culture=neutral, PublicKeyToken=b03f5f7f11d50a3a" className="Test.DB2Test, Test" name="Math_Tan" />
    </UnitTest>
    <UnitTest name="Contains" storage="d:\alinq\source\trunk\test\bin\debug\test.dll" id="9493ee4c-525d-69f4-6f94-60c5f491989e">
      <Css projectStructure="" iteration="" />
      <Owners>
        <Owner name="" />
      </Owners>
      <TestMethod codeBase="D:\ALinq\Source\Trunk\Test\bin\Debug\Test.dll" adapterTypeName="Microsoft.VisualStudio.TestTools.TestTypes.Unit.UnitTestAdapter, Microsoft.VisualStudio.QualityTools.Tips.UnitTest.Adapter, Version=9.0.0.0, Culture=neutral, PublicKeyToken=b03f5f7f11d50a3a" className="Test.PgsqlTest, Test" name="Contains" />
    </UnitTest>
    <UnitTest name="Min_Projection" storage="d:\alinq\source\trunk\test\bin\debug\test.dll" id="8d09eafd-7dd2-604e-9514-b1fca7474cba">
      <Css projectStructure="" iteration="" />
      <Owners>
        <Owner name="" />
      </Owners>
      <TestMethod codeBase="D:\ALinq\Source\Trunk\Test\bin\Debug\Test.dll" adapterTypeName="Microsoft.VisualStudio.TestTools.TestTypes.Unit.UnitTestAdapter, Microsoft.VisualStudio.QualityTools.Tips.UnitTest.Adapter, Version=9.0.0.0, Culture=neutral, PublicKeyToken=b03f5f7f11d50a3a" className="Test.FirebirdTest, Test" name="Min_Projection" />
    </UnitTest>
    <UnitTest name="Where_Simple4" storage="d:\alinq\source\trunk\test\bin\debug\test.dll" id="05d0e0e9-83c9-5555-ffe2-b10150623733">
      <Css projectStructure="" iteration="" />
      <Owners>
        <Owner name="" />
      </Owners>
      <TestMethod codeBase="D:\ALinq\Source\Trunk\Test\bin\Debug\Test.dll" adapterTypeName="Microsoft.VisualStudio.TestTools.TestTypes.Unit.UnitTestAdapter, Microsoft.VisualStudio.QualityTools.Tips.UnitTest.Adapter, Version=9.0.0.0, Culture=neutral, PublicKeyToken=b03f5f7f11d50a3a" className="Test.MySqlTest, Test" name="Where_Simple4" />
    </UnitTest>
    <UnitTest name="DateTimeLE" storage="d:\alinq\source\trunk\test\bin\debug\test.dll" id="506dd1f4-3885-2f83-d6b1-7a89debf3daa">
      <Css projectStructure="" iteration="" />
      <Owners>
        <Owner name="" />
      </Owners>
      <TestMethod codeBase="D:\ALinq\Source\Trunk\Test\bin\Debug\Test.dll" adapterTypeName="Microsoft.VisualStudio.TestTools.TestTypes.Unit.UnitTestAdapter, Microsoft.VisualStudio.QualityTools.Tips.UnitTest.Adapter, Version=9.0.0.0, Culture=neutral, PublicKeyToken=b03f5f7f11d50a3a" className="Test.SQL2005Test, Test" name="DateTimeLE" />
    </UnitTest>
    <UnitTest name="Select_Condition" storage="d:\alinq\source\trunk\test\bin\debug\test.dll" id="bfeaece7-a0d4-3261-6a1f-72856d3746a1">
      <Css projectStructure="" iteration="" />
      <Owners>
        <Owner name="" />
      </Owners>
      <TestMethod codeBase="D:\ALinq\Source\Trunk\Test\bin\Debug\Test.dll" adapterTypeName="Microsoft.VisualStudio.TestTools.TestTypes.Unit.UnitTestAdapter, Microsoft.VisualStudio.QualityTools.Tips.UnitTest.Adapter, Version=9.0.0.0, Culture=neutral, PublicKeyToken=b03f5f7f11d50a3a" className="Test.OdpOracleTest, Test" name="Select_Condition" />
    </UnitTest>
    <UnitTest name="IfEqualTest" storage="d:\alinq\source\trunk\test\bin\debug\test.dll" id="445aae5e-39ee-ace3-b8c8-ff635a002c0a">
      <Css projectStructure="" iteration="" />
      <Owners>
        <Owner name="" />
      </Owners>
      <TestMethod codeBase="D:\ALinq\Source\Trunk\Test\bin\Debug\Test.dll" adapterTypeName="Microsoft.VisualStudio.TestTools.TestTypes.Unit.UnitTestAdapter, Microsoft.VisualStudio.QualityTools.Tips.UnitTest.Adapter, Version=9.0.0.0, Culture=neutral, PublicKeyToken=b03f5f7f11d50a3a" className="Test.SQL2005Test, Test" name="IfEqualTest" />
    </UnitTest>
    <UnitTest name="DateTime_TimeOfDay" storage="d:\alinq\source\trunk\test\bin\debug\test.dll" id="0e2c74db-c8e0-feeb-f7b4-ee478fd1b7b3">
      <Css projectStructure="" iteration="" />
      <Owners>
        <Owner name="" />
      </Owners>
      <TestMethod codeBase="D:\ALinq\Source\Trunk\Test\bin\Debug\Test.dll" adapterTypeName="Microsoft.VisualStudio.TestTools.TestTypes.Unit.UnitTestAdapter, Microsoft.VisualStudio.QualityTools.Tips.UnitTest.Adapter, Version=9.0.0.0, Culture=neutral, PublicKeyToken=b03f5f7f11d50a3a" className="Test.SQL2000Test, Test" name="DateTime_TimeOfDay" />
    </UnitTest>
    <UnitTest name="CreateTale" storage="d:\alinq\source\trunk\test\bin\debug\test.dll" id="7f35d51d-0909-0fa9-5568-03150b0ebd6f">
      <Css projectStructure="" iteration="" />
      <Owners>
        <Owner name="" />
      </Owners>
      <TestMethod codeBase="D:\ALinq\Source\Trunk\Test\bin\Debug\Test.dll" adapterTypeName="Microsoft.VisualStudio.TestTools.TestTypes.Unit.UnitTestAdapter, Microsoft.VisualStudio.QualityTools.Tips.UnitTest.Adapter, Version=9.0.0.0, Culture=neutral, PublicKeyToken=b03f5f7f11d50a3a" className="Test.NorOracleTest, Test" name="CreateTale" />
    </UnitTest>
    <UnitTest name="String_Equals3" storage="d:\alinq\source\trunk\test\bin\debug\test.dll" id="1be0a241-9fc7-4a04-87e5-de5784a96576">
      <Css projectStructure="" iteration="" />
      <Owners>
        <Owner name="" />
      </Owners>
      <TestMethod codeBase="D:\ALinq\Source\Trunk\Test\bin\Debug\Test.dll" adapterTypeName="Microsoft.VisualStudio.TestTools.TestTypes.Unit.UnitTestAdapter, Microsoft.VisualStudio.QualityTools.Tips.UnitTest.Adapter, Version=9.0.0.0, Culture=neutral, PublicKeyToken=b03f5f7f11d50a3a" className="Test.FirebirdTest, Test" name="String_Equals3" />
    </UnitTest>
    <UnitTest name="Math_Exp" storage="d:\alinq\source\trunk\test\bin\debug\test.dll" id="f9ab64b5-5531-9e24-973d-5cf6133953a5">
      <Css projectStructure="" iteration="" />
      <Owners>
        <Owner name="" />
      </Owners>
      <TestMethod codeBase="D:\ALinq\Source\Trunk\Test\bin\Debug\Test.dll" adapterTypeName="Microsoft.VisualStudio.TestTools.TestTypes.Unit.UnitTestAdapter, Microsoft.VisualStudio.QualityTools.Tips.UnitTest.Adapter, Version=9.0.0.0, Culture=neutral, PublicKeyToken=b03f5f7f11d50a3a" className="Test.SQL2005Test, Test" name="Math_Exp" />
    </UnitTest>
    <UnitTest name="Count_Conditional" storage="d:\alinq\source\trunk\test\bin\debug\test.dll" id="5181c019-acc5-9930-8529-f539be24a2e1">
      <Css projectStructure="" iteration="" />
      <Owners>
        <Owner name="" />
      </Owners>
      <TestMethod codeBase="D:\ALinq\Source\Trunk\Test\bin\Debug\Test.dll" adapterTypeName="Microsoft.VisualStudio.TestTools.TestTypes.Unit.UnitTestAdapter, Microsoft.VisualStudio.QualityTools.Tips.UnitTest.Adapter, Version=9.0.0.0, Culture=neutral, PublicKeyToken=b03f5f7f11d50a3a" className="Test.OdpOracleTest, Test" name="Count_Conditional" />
    </UnitTest>
    <UnitTest name="Aggregate_Null" storage="d:\alinq\source\trunk\test\bin\debug\test.dll" id="30f03433-f887-ab3d-14db-3f893a99c142">
      <Css projectStructure="" iteration="" />
      <Owners>
        <Owner name="" />
      </Owners>
      <TestMethod codeBase="D:\ALinq\Source\Trunk\Test\bin\Debug\Test.dll" adapterTypeName="Microsoft.VisualStudio.TestTools.TestTypes.Unit.UnitTestAdapter, Microsoft.VisualStudio.QualityTools.Tips.UnitTest.Adapter, Version=9.0.0.0, Culture=neutral, PublicKeyToken=b03f5f7f11d50a3a" className="Test.AccessTest, Test" name="Aggregate_Null" />
    </UnitTest>
    <UnitTest name="Intersect" storage="d:\alinq\source\trunk\test\bin\debug\test.dll" id="2f513c5f-d67c-093a-1257-49577bab9075">
      <Css projectStructure="" iteration="" />
      <Owners>
        <Owner name="" />
      </Owners>
      <TestMethod codeBase="D:\ALinq\Source\Trunk\Test\bin\Debug\Test.dll" adapterTypeName="Microsoft.VisualStudio.TestTools.TestTypes.Unit.UnitTestAdapter, Microsoft.VisualStudio.QualityTools.Tips.UnitTest.Adapter, Version=9.0.0.0, Culture=neutral, PublicKeyToken=b03f5f7f11d50a3a" className="Test.SqlTest, Test" name="Intersect" />
    </UnitTest>
    <UnitTest name="Avg_Grouped" storage="d:\alinq\source\trunk\test\bin\debug\test.dll" id="4264a129-f8da-6ed9-ac0c-aec145e955ea">
      <Css projectStructure="" iteration="" />
      <Owners>
        <Owner name="" />
      </Owners>
      <TestMethod codeBase="D:\ALinq\Source\Trunk\Test\bin\Debug\Test.dll" adapterTypeName="Microsoft.VisualStudio.TestTools.TestTypes.Unit.UnitTestAdapter, Microsoft.VisualStudio.QualityTools.Tips.UnitTest.Adapter, Version=9.0.0.0, Culture=neutral, PublicKeyToken=b03f5f7f11d50a3a" className="Test.SqlTest, Test" name="Avg_Grouped" />
    </UnitTest>
    <UnitTest name="Math_Max" storage="d:\alinq\source\trunk\test\bin\debug\test.dll" id="1826c312-9005-4d77-b25d-f9c81c063545">
      <Css projectStructure="" iteration="" />
      <Owners>
        <Owner name="" />
      </Owners>
      <TestMethod codeBase="D:\ALinq\Source\Trunk\Test\bin\Debug\Test.dll" adapterTypeName="Microsoft.VisualStudio.TestTools.TestTypes.Unit.UnitTestAdapter, Microsoft.VisualStudio.QualityTools.Tips.UnitTest.Adapter, Version=9.0.0.0, Culture=neutral, PublicKeyToken=b03f5f7f11d50a3a" className="Test.SQLiteTest, Test" name="Math_Max" />
    </UnitTest>
    <UnitTest name="String_TrimStart" storage="d:\alinq\source\trunk\test\bin\debug\test.dll" id="32612f5a-8d94-01bf-ab51-c728e670121e">
      <Css projectStructure="" iteration="" />
      <Owners>
        <Owner name="" />
      </Owners>
      <TestMethod codeBase="D:\ALinq\Source\Trunk\Test\bin\Debug\Test.dll" adapterTypeName="Microsoft.VisualStudio.TestTools.TestTypes.Unit.UnitTestAdapter, Microsoft.VisualStudio.QualityTools.Tips.UnitTest.Adapter, Version=9.0.0.0, Culture=neutral, PublicKeyToken=b03f5f7f11d50a3a" className="Test.MySqlTest, Test" name="String_TrimStart" />
    </UnitTest>
    <UnitTest name="StringToLower" storage="d:\alinq\source\trunk\test\bin\debug\test.dll" id="b2b35100-061c-c686-df3d-28171ad0f1da">
      <Css projectStructure="" iteration="" />
      <Owners>
        <Owner name="" />
      </Owners>
      <TestMethod codeBase="D:\ALinq\Source\Trunk\Test\bin\Debug\Test.dll" adapterTypeName="Microsoft.VisualStudio.TestTools.TestTypes.Unit.UnitTestAdapter, Microsoft.VisualStudio.QualityTools.Tips.UnitTest.Adapter, Version=9.0.0.0, Culture=neutral, PublicKeyToken=b03f5f7f11d50a3a" className="Test.SQL2000Test, Test" name="StringToLower" />
    </UnitTest>
    <UnitTest name="TestConnection" storage="d:\alinq\source\trunk\test\bin\debug\test.dll" id="c699d8ef-d435-6960-7384-746c6e162468">
      <Css projectStructure="" iteration="" />
      <Owners>
        <Owner name="" />
      </Owners>
      <Execution id="271923bb-a793-41a9-a081-d686f4a531a8" />
      <TestMethod codeBase="D:\ALinq\Source\Trunk\Test\bin\Debug\Test.dll" adapterTypeName="Microsoft.VisualStudio.TestTools.TestTypes.Unit.UnitTestAdapter, Microsoft.VisualStudio.QualityTools.Tips.UnitTest.Adapter, Version=9.0.0.0, Culture=neutral, PublicKeyToken=b03f5f7f11d50a3a" className="Test.AccessProviderTest, Test" name="TestConnection" />
    </UnitTest>
    <UnitTest name="Join_LeftOuter" storage="d:\alinq\source\trunk\test\bin\debug\test.dll" id="3a34eb29-15b0-0274-6f2d-aec2cd5c307c">
      <Css projectStructure="" iteration="" />
      <Owners>
        <Owner name="" />
      </Owners>
      <TestMethod codeBase="D:\ALinq\Source\Trunk\Test\bin\Debug\Test.dll" adapterTypeName="Microsoft.VisualStudio.TestTools.TestTypes.Unit.UnitTestAdapter, Microsoft.VisualStudio.QualityTools.Tips.UnitTest.Adapter, Version=9.0.0.0, Culture=neutral, PublicKeyToken=b03f5f7f11d50a3a" className="Test.FirebirdTest, Test" name="Join_LeftOuter" />
    </UnitTest>
    <UnitTest name="DateTimeGT" storage="d:\alinq\source\trunk\test\bin\debug\test.dll" id="67a23135-ea8b-1eda-8018-d1b93c79a7e7">
      <Css projectStructure="" iteration="" />
      <Owners>
        <Owner name="" />
      </Owners>
      <TestMethod codeBase="D:\ALinq\Source\Trunk\Test\bin\Debug\Test.dll" adapterTypeName="Microsoft.VisualStudio.TestTools.TestTypes.Unit.UnitTestAdapter, Microsoft.VisualStudio.QualityTools.Tips.UnitTest.Adapter, Version=9.0.0.0, Culture=neutral, PublicKeyToken=b03f5f7f11d50a3a" className="Test.FirebirdTest, Test" name="DateTimeGT" />
    </UnitTest>
    <UnitTest name="SetDataContextTest" storage="d:\alinq\source\trunk\test\bin\debug\test.dll" id="53812a66-ea3a-8663-7b59-eefc41ef811f">
      <Css projectStructure="" iteration="" />
      <Owners>
        <Owner name="" />
      </Owners>
      <TestMethod codeBase="D:\ALinq\Source\Trunk\Test\bin\Debug\Test.dll" adapterTypeName="Microsoft.VisualStudio.TestTools.TestTypes.Unit.UnitTestAdapter, Microsoft.VisualStudio.QualityTools.Tips.UnitTest.Adapter, Version=9.0.0.0, Culture=neutral, PublicKeyToken=b03f5f7f11d50a3a" className="Test.DataContextTest, Test" name="SetDataContextTest" />
    </UnitTest>
    <UnitTest name="DateTimeLE" storage="d:\alinq\source\trunk\test\bin\debug\test.dll" id="7c9e5e11-dfff-4879-de00-9aee684839a2">
      <Css projectStructure="" iteration="" />
      <Owners>
        <Owner name="" />
      </Owners>
      <TestMethod codeBase="D:\ALinq\Source\Trunk\Test\bin\Debug\Test.dll" adapterTypeName="Microsoft.VisualStudio.TestTools.TestTypes.Unit.UnitTestAdapter, Microsoft.VisualStudio.QualityTools.Tips.UnitTest.Adapter, Version=9.0.0.0, Culture=neutral, PublicKeyToken=b03f5f7f11d50a3a" className="Test.MySqlTest, Test" name="DateTimeLE" />
    </UnitTest>
    <UnitTest name="String_Char" storage="d:\alinq\source\trunk\test\bin\debug\test.dll" id="3d1ba470-148b-06bd-5338-777e87833181">
      <Css projectStructure="" iteration="" />
      <Owners>
        <Owner name="" />
      </Owners>
      <TestMethod codeBase="D:\ALinq\Source\Trunk\Test\bin\Debug\Test.dll" adapterTypeName="Microsoft.VisualStudio.TestTools.TestTypes.Unit.UnitTestAdapter, Microsoft.VisualStudio.QualityTools.Tips.UnitTest.Adapter, Version=9.0.0.0, Culture=neutral, PublicKeyToken=b03f5f7f11d50a3a" className="Test.MySqlTest, Test" name="String_Char" />
    </UnitTest>
    <UnitTest name="Select_LocalMethodCall" storage="d:\alinq\source\trunk\test\bin\debug\test.dll" id="0c511e34-5d8d-9eba-51d0-e78df33fd1ad">
      <Css projectStructure="" iteration="" />
      <Owners>
        <Owner name="" />
      </Owners>
      <TestMethod codeBase="D:\ALinq\Source\Trunk\Test\bin\Debug\Test.dll" adapterTypeName="Microsoft.VisualStudio.TestTools.TestTypes.Unit.UnitTestAdapter, Microsoft.VisualStudio.QualityTools.Tips.UnitTest.Adapter, Version=9.0.0.0, Culture=neutral, PublicKeyToken=b03f5f7f11d50a3a" className="Test.NorOracleTest, Test" name="Select_LocalMethodCall" />
    </UnitTest>
    <UnitTest name="Math_Cos" storage="d:\alinq\source\trunk\test\bin\debug\test.dll" id="56b07e69-d545-8575-5740-688bed4e6eef">
      <Css projectStructure="" iteration="" />
      <Owners>
        <Owner name="" />
      </Owners>
      <TestMethod codeBase="D:\ALinq\Source\Trunk\Test\bin\Debug\Test.dll" adapterTypeName="Microsoft.VisualStudio.TestTools.TestTypes.Unit.UnitTestAdapter, Microsoft.VisualStudio.QualityTools.Tips.UnitTest.Adapter, Version=9.0.0.0, Culture=neutral, PublicKeyToken=b03f5f7f11d50a3a" className="Test.DB2Test, Test" name="Math_Cos" />
    </UnitTest>
    <UnitTest name="TestNull" storage="d:\alinq\source\trunk\test\bin\debug\test.dll" id="c6687a1c-d4ba-97b9-a55b-5cc1fc42e3ce">
      <Css projectStructure="" iteration="" />
      <Owners>
        <Owner name="" />
      </Owners>
      <TestMethod codeBase="D:\ALinq\Source\Trunk\Test\bin\Debug\Test.dll" adapterTypeName="Microsoft.VisualStudio.TestTools.TestTypes.Unit.UnitTestAdapter, Microsoft.VisualStudio.QualityTools.Tips.UnitTest.Adapter, Version=9.0.0.0, Culture=neutral, PublicKeyToken=b03f5f7f11d50a3a" className="Test.FirebirdTest, Test" name="TestNull" />
    </UnitTest>
    <UnitTest name="CRUD_Update3" storage="d:\alinq\source\trunk\test\bin\debug\test.dll" id="0e91415e-f199-57eb-e855-e2604f0d991e">
      <Css projectStructure="" iteration="" />
      <Owners>
        <Owner name="" />
      </Owners>
      <TestMethod codeBase="D:\ALinq\Source\Trunk\Test\bin\Debug\Test.dll" adapterTypeName="Microsoft.VisualStudio.TestTools.TestTypes.Unit.UnitTestAdapter, Microsoft.VisualStudio.QualityTools.Tips.UnitTest.Adapter, Version=9.0.0.0, Culture=neutral, PublicKeyToken=b03f5f7f11d50a3a" className="Test.NorOracleTest, Test" name="CRUD_Update3" />
    </UnitTest>
    <UnitTest name="Sum_Grouped" storage="d:\alinq\source\trunk\test\bin\debug\test.dll" id="3f564721-e3a2-1efc-35c5-ef8bdced5cf6">
      <Css projectStructure="" iteration="" />
      <Owners>
        <Owner name="" />
      </Owners>
      <TestMethod codeBase="D:\ALinq\Source\Trunk\Test\bin\Debug\Test.dll" adapterTypeName="Microsoft.VisualStudio.TestTools.TestTypes.Unit.UnitTestAdapter, Microsoft.VisualStudio.QualityTools.Tips.UnitTest.Adapter, Version=9.0.0.0, Culture=neutral, PublicKeyToken=b03f5f7f11d50a3a" className="Test.AccessTest, Test" name="Sum_Grouped" />
    </UnitTest>
    <UnitTest name="DataType_UInt64" storage="d:\alinq\source\trunk\test\bin\debug\test.dll" id="024185d0-aaa3-ab22-0741-a2cfd06b59a3">
      <Css projectStructure="" iteration="" />
      <Owners>
        <Owner name="" />
      </Owners>
      <TestMethod codeBase="D:\ALinq\Source\Trunk\Test\bin\Debug\Test.dll" adapterTypeName="Microsoft.VisualStudio.TestTools.TestTypes.Unit.UnitTestAdapter, Microsoft.VisualStudio.QualityTools.Tips.UnitTest.Adapter, Version=9.0.0.0, Culture=neutral, PublicKeyToken=b03f5f7f11d50a3a" className="Test.SQL2000Test, Test" name="DataType_UInt64" />
    </UnitTest>
    <UnitTest name="Any_Grouped" storage="d:\alinq\source\trunk\test\bin\debug\test.dll" id="22460f1b-0cc2-0148-0ea3-a4e1b275f47e">
      <Css projectStructure="" iteration="" />
      <Owners>
        <Owner name="" />
      </Owners>
      <TestMethod codeBase="D:\ALinq\Source\Trunk\Test\bin\Debug\Test.dll" adapterTypeName="Microsoft.VisualStudio.TestTools.TestTypes.Unit.UnitTestAdapter, Microsoft.VisualStudio.QualityTools.Tips.UnitTest.Adapter, Version=9.0.0.0, Culture=neutral, PublicKeyToken=b03f5f7f11d50a3a" className="Test.MySqlTest, Test" name="Any_Grouped" />
    </UnitTest>
    <UnitTest name="Join_OnToMany" storage="d:\alinq\source\trunk\test\bin\debug\test.dll" id="fed953bc-a900-53fa-fdd9-7f9d7ab85719">
      <Css projectStructure="" iteration="" />
      <Owners>
        <Owner name="" />
      </Owners>
      <TestMethod codeBase="D:\ALinq\Source\Trunk\Test\bin\Debug\Test.dll" adapterTypeName="Microsoft.VisualStudio.TestTools.TestTypes.Unit.UnitTestAdapter, Microsoft.VisualStudio.QualityTools.Tips.UnitTest.Adapter, Version=9.0.0.0, Culture=neutral, PublicKeyToken=b03f5f7f11d50a3a" className="Test.FirebirdTest, Test" name="Join_OnToMany" />
    </UnitTest>
    <UnitTest name="StringSubstring" storage="d:\alinq\source\trunk\test\bin\debug\test.dll" id="5e18e0b8-7c37-0dd7-ce93-2ac964952236">
      <Css projectStructure="" iteration="" />
      <Owners>
        <Owner name="" />
      </Owners>
      <TestMethod codeBase="D:\ALinq\Source\Trunk\Test\bin\Debug\Test.dll" adapterTypeName="Microsoft.VisualStudio.TestTools.TestTypes.Unit.UnitTestAdapter, Microsoft.VisualStudio.QualityTools.Tips.UnitTest.Adapter, Version=9.0.0.0, Culture=neutral, PublicKeyToken=b03f5f7f11d50a3a" className="Test.SQLiteTest, Test" name="StringSubstring" />
    </UnitTest>
    <UnitTest name="StringToLower" storage="d:\alinq\source\trunk\test\bin\debug\test.dll" id="9a27ffd7-53cf-e543-409b-2cadb2e046b8">
      <Css projectStructure="" iteration="" />
      <Owners>
        <Owner name="" />
      </Owners>
      <TestMethod codeBase="D:\ALinq\Source\Trunk\Test\bin\Debug\Test.dll" adapterTypeName="Microsoft.VisualStudio.TestTools.TestTypes.Unit.UnitTestAdapter, Microsoft.VisualStudio.QualityTools.Tips.UnitTest.Adapter, Version=9.0.0.0, Culture=neutral, PublicKeyToken=b03f5f7f11d50a3a" className="Test.SQLiteTest, Test" name="StringToLower" />
    </UnitTest>
    <UnitTest name="Sum_Grouped" storage="d:\alinq\source\trunk\test\bin\debug\test.dll" id="c4d9f6f4-4f05-c099-1c1a-167c32dd61ad">
      <Css projectStructure="" iteration="" />
      <Owners>
        <Owner name="" />
      </Owners>
      <TestMethod codeBase="D:\ALinq\Source\Trunk\Test\bin\Debug\Test.dll" adapterTypeName="Microsoft.VisualStudio.TestTools.TestTypes.Unit.UnitTestAdapter, Microsoft.VisualStudio.QualityTools.Tips.UnitTest.Adapter, Version=9.0.0.0, Culture=neutral, PublicKeyToken=b03f5f7f11d50a3a" className="Test.PgsqlTest, Test" name="Sum_Grouped" />
    </UnitTest>
    <UnitTest name="Math_DivRem" storage="d:\alinq\source\trunk\test\bin\debug\test.dll" id="db01e7ad-abba-b258-3ee6-871c04b71639">
      <Css projectStructure="" iteration="" />
      <Owners>
        <Owner name="" />
      </Owners>
      <TestMethod codeBase="D:\ALinq\Source\Trunk\Test\bin\Debug\Test.dll" adapterTypeName="Microsoft.VisualStudio.TestTools.TestTypes.Unit.UnitTestAdapter, Microsoft.VisualStudio.QualityTools.Tips.UnitTest.Adapter, Version=9.0.0.0, Culture=neutral, PublicKeyToken=b03f5f7f11d50a3a" className="Test.DB2Test, Test" name="Math_DivRem" />
    </UnitTest>
    <UnitTest name="GroupBy_Avg" storage="d:\alinq\source\trunk\test\bin\debug\test.dll" id="3adadcef-81c4-f092-138c-6399b2bcefe5">
      <Css projectStructure="" iteration="" />
      <Owners>
        <Owner name="" />
      </Owners>
      <TestMethod codeBase="D:\ALinq\Source\Trunk\Test\bin\Debug\Test.dll" adapterTypeName="Microsoft.VisualStudio.TestTools.TestTypes.Unit.UnitTestAdapter, Microsoft.VisualStudio.QualityTools.Tips.UnitTest.Adapter, Version=9.0.0.0, Culture=neutral, PublicKeyToken=b03f5f7f11d50a3a" className="Test.DB2Test, Test" name="GroupBy_Avg" />
    </UnitTest>
    <UnitTest name="Count_Nested" storage="d:\alinq\source\trunk\test\bin\debug\test.dll" id="a3d5d710-597e-88fc-9e41-84e2ea92c1d5">
      <Css projectStructure="" iteration="" />
      <Owners>
        <Owner name="" />
      </Owners>
      <TestMethod codeBase="D:\ALinq\Source\Trunk\Test\bin\Debug\Test.dll" adapterTypeName="Microsoft.VisualStudio.TestTools.TestTypes.Unit.UnitTestAdapter, Microsoft.VisualStudio.QualityTools.Tips.UnitTest.Adapter, Version=9.0.0.0, Culture=neutral, PublicKeyToken=b03f5f7f11d50a3a" className="Test.SQL2000Test, Test" name="Count_Nested" />
    </UnitTest>
    <UnitTest name="StringIndexOf" storage="d:\alinq\source\trunk\test\bin\debug\test.dll" id="159eecd7-ad69-74e3-7b8c-64f9ef68dfe5">
      <Css projectStructure="" iteration="" />
      <Owners>
        <Owner name="" />
      </Owners>
      <TestMethod codeBase="D:\ALinq\Source\Trunk\Test\bin\Debug\Test.dll" adapterTypeName="Microsoft.VisualStudio.TestTools.TestTypes.Unit.UnitTestAdapter, Microsoft.VisualStudio.QualityTools.Tips.UnitTest.Adapter, Version=9.0.0.0, Culture=neutral, PublicKeyToken=b03f5f7f11d50a3a" className="Test.SQL2000Test, Test" name="StringIndexOf" />
    </UnitTest>
    <UnitTest name="GroupBy_ConditionalCount" storage="d:\alinq\source\trunk\test\bin\debug\test.dll" id="cdf83a50-9a24-4a66-8f6c-de7186d20040">
      <Css projectStructure="" iteration="" />
      <Owners>
        <Owner name="" />
      </Owners>
      <TestMethod codeBase="D:\ALinq\Source\Trunk\Test\bin\Debug\Test.dll" adapterTypeName="Microsoft.VisualStudio.TestTools.TestTypes.Unit.UnitTestAdapter, Microsoft.VisualStudio.QualityTools.Tips.UnitTest.Adapter, Version=9.0.0.0, Culture=neutral, PublicKeyToken=b03f5f7f11d50a3a" className="Test.AccessTest, Test" name="GroupBy_ConditionalCount" />
    </UnitTest>
    <UnitTest name="DateTime_AddMinutes" storage="d:\alinq\source\trunk\test\bin\debug\test.dll" id="bf937dba-ff18-3406-bf68-09a1705b6b26">
      <Css projectStructure="" iteration="" />
      <Owners>
        <Owner name="" />
      </Owners>
      <TestMethod codeBase="D:\ALinq\Source\Trunk\Test\bin\Debug\Test.dll" adapterTypeName="Microsoft.VisualStudio.TestTools.TestTypes.Unit.UnitTestAdapter, Microsoft.VisualStudio.QualityTools.Tips.UnitTest.Adapter, Version=9.0.0.0, Culture=neutral, PublicKeyToken=b03f5f7f11d50a3a" className="Test.NorOracleTest, Test" name="DateTime_AddMinutes" />
    </UnitTest>
    <UnitTest name="Avg_Emelents" storage="d:\alinq\source\trunk\test\bin\debug\test.dll" id="9373dfa4-c0c2-4e54-97c7-a2fa56b47b0a">
      <Css projectStructure="" iteration="" />
      <Owners>
        <Owner name="" />
      </Owners>
      <TestMethod codeBase="D:\ALinq\Source\Trunk\Test\bin\Debug\Test.dll" adapterTypeName="Microsoft.VisualStudio.TestTools.TestTypes.Unit.UnitTestAdapter, Microsoft.VisualStudio.QualityTools.Tips.UnitTest.Adapter, Version=9.0.0.0, Culture=neutral, PublicKeyToken=b03f5f7f11d50a3a" className="Test.NorOracleTest, Test" name="Avg_Emelents" />
    </UnitTest>
    <UnitTest name="CreateProcedure3" storage="d:\alinq\source\trunk\test\bin\debug\test.dll" id="8c9152cf-5359-ee17-2db4-346b600e6025">
      <Css projectStructure="" iteration="" />
      <Owners>
        <Owner name="" />
      </Owners>
      <TestMethod codeBase="D:\ALinq\Source\Trunk\Test\bin\Debug\Test.dll" adapterTypeName="Microsoft.VisualStudio.TestTools.TestTypes.Unit.UnitTestAdapter, Microsoft.VisualStudio.QualityTools.Tips.UnitTest.Adapter, Version=9.0.0.0, Culture=neutral, PublicKeyToken=b03f5f7f11d50a3a" className="Test.MySqlProcedureTest, Test" name="CreateProcedure3" />
    </UnitTest>
    <UnitTest name="DateTime_AddMonths" storage="d:\alinq\source\trunk\test\bin\debug\test.dll" id="1e7ede16-9902-11a5-0aa9-62ce8f6a8815">
      <Css projectStructure="" iteration="" />
      <Owners>
        <Owner name="" />
      </Owners>
      <TestMethod codeBase="D:\ALinq\Source\Trunk\Test\bin\Debug\Test.dll" adapterTypeName="Microsoft.VisualStudio.TestTools.TestTypes.Unit.UnitTestAdapter, Microsoft.VisualStudio.QualityTools.Tips.UnitTest.Adapter, Version=9.0.0.0, Culture=neutral, PublicKeyToken=b03f5f7f11d50a3a" className="Test.SQL2005Test, Test" name="DateTime_AddMonths" />
    </UnitTest>
    <UnitTest name="DataType_Guid" storage="d:\alinq\source\trunk\test\bin\debug\test.dll" id="a20b06ec-37ee-4a83-6b71-3ef8a44da091">
      <Css projectStructure="" iteration="" />
      <Owners>
        <Owner name="" />
      </Owners>
      <TestMethod codeBase="D:\ALinq\Source\Trunk\Test\bin\Debug\Test.dll" adapterTypeName="Microsoft.VisualStudio.TestTools.TestTypes.Unit.UnitTestAdapter, Microsoft.VisualStudio.QualityTools.Tips.UnitTest.Adapter, Version=9.0.0.0, Culture=neutral, PublicKeyToken=b03f5f7f11d50a3a" className="Test.SqlTest, Test" name="DataType_Guid" />
    </UnitTest>
    <UnitTest name="Except" storage="d:\alinq\source\trunk\test\bin\debug\test.dll" id="f6a3bece-0399-0d35-42d6-d3b9a45e29d0">
      <Css projectStructure="" iteration="" />
      <Owners>
        <Owner name="" />
      </Owners>
      <TestMethod codeBase="D:\ALinq\Source\Trunk\Test\bin\Debug\Test.dll" adapterTypeName="Microsoft.VisualStudio.TestTools.TestTypes.Unit.UnitTestAdapter, Microsoft.VisualStudio.QualityTools.Tips.UnitTest.Adapter, Version=9.0.0.0, Culture=neutral, PublicKeyToken=b03f5f7f11d50a3a" className="Test.MySqlTest, Test" name="Except" />
    </UnitTest>
    <UnitTest name="DateTime_DayOfYear" storage="d:\alinq\source\trunk\test\bin\debug\test.dll" id="d9654739-5a57-00fe-79e3-9bddbd1c537a">
      <Css projectStructure="" iteration="" />
      <Owners>
        <Owner name="" />
      </Owners>
      <TestMethod codeBase="D:\ALinq\Source\Trunk\Test\bin\Debug\Test.dll" adapterTypeName="Microsoft.VisualStudio.TestTools.TestTypes.Unit.UnitTestAdapter, Microsoft.VisualStudio.QualityTools.Tips.UnitTest.Adapter, Version=9.0.0.0, Culture=neutral, PublicKeyToken=b03f5f7f11d50a3a" className="Test.AccessTest, Test" name="DateTime_DayOfYear" />
    </UnitTest>
    <UnitTest name="Join_ManyToMany" storage="d:\alinq\source\trunk\test\bin\debug\test.dll" id="d231eafb-9271-6c32-0279-dd2856c57f89">
      <Css projectStructure="" iteration="" />
      <Owners>
        <Owner name="" />
      </Owners>
      <TestMethod codeBase="D:\ALinq\Source\Trunk\Test\bin\Debug\Test.dll" adapterTypeName="Microsoft.VisualStudio.TestTools.TestTypes.Unit.UnitTestAdapter, Microsoft.VisualStudio.QualityTools.Tips.UnitTest.Adapter, Version=9.0.0.0, Culture=neutral, PublicKeyToken=b03f5f7f11d50a3a" className="Test.NorOracleTest, Test" name="Join_ManyToMany" />
    </UnitTest>
    <UnitTest name="CRUD_Delete1" storage="d:\alinq\source\trunk\test\bin\debug\test.dll" id="c42bffff-4475-1e19-e2ff-bb4443f9c1eb">
      <Css projectStructure="" iteration="" />
      <Owners>
        <Owner name="" />
      </Owners>
      <TestMethod codeBase="D:\ALinq\Source\Trunk\Test\bin\Debug\Test.dll" adapterTypeName="Microsoft.VisualStudio.TestTools.TestTypes.Unit.UnitTestAdapter, Microsoft.VisualStudio.QualityTools.Tips.UnitTest.Adapter, Version=9.0.0.0, Culture=neutral, PublicKeyToken=b03f5f7f11d50a3a" className="Test.AccessTest, Test" name="CRUD_Delete1" />
    </UnitTest>
    <UnitTest name="Avg_Simple" storage="d:\alinq\source\trunk\test\bin\debug\test.dll" id="74a6c640-5765-e320-f4c1-9dbb018c29be">
      <Css projectStructure="" iteration="" />
      <Execution timeOut="10000" />
      <Owners>
        <Owner name="" />
      </Owners>
      <TestMethod codeBase="D:\ALinq\Source\Trunk\Test\bin\Debug\Test.dll" adapterTypeName="Microsoft.VisualStudio.TestTools.TestTypes.Unit.UnitTestAdapter, Microsoft.VisualStudio.QualityTools.Tips.UnitTest.Adapter, Version=9.0.0.0, Culture=neutral, PublicKeyToken=b03f5f7f11d50a3a" className="Test.SQL2000Test, Test" name="Avg_Simple" />
    </UnitTest>
    <UnitTest name="DateTime_Hour" storage="d:\alinq\source\trunk\test\bin\debug\test.dll" id="4c8022df-c405-b347-db84-81f804a135a3">
      <Css projectStructure="" iteration="" />
      <Owners>
        <Owner name="" />
      </Owners>
      <TestMethod codeBase="D:\ALinq\Source\Trunk\Test\bin\Debug\Test.dll" adapterTypeName="Microsoft.VisualStudio.TestTools.TestTypes.Unit.UnitTestAdapter, Microsoft.VisualStudio.QualityTools.Tips.UnitTest.Adapter, Version=9.0.0.0, Culture=neutral, PublicKeyToken=b03f5f7f11d50a3a" className="Test.SQL2005Test, Test" name="DateTime_Hour" />
    </UnitTest>
    <UnitTest name="Max_Elements" storage="d:\alinq\source\trunk\test\bin\debug\test.dll" id="c3c01d65-7253-cdfa-9962-1387b60c5797">
      <Css projectStructure="" iteration="" />
      <Owners>
        <Owner name="" />
      </Owners>
      <TestMethod codeBase="D:\ALinq\Source\Trunk\Test\bin\Debug\Test.dll" adapterTypeName="Microsoft.VisualStudio.TestTools.TestTypes.Unit.UnitTestAdapter, Microsoft.VisualStudio.QualityTools.Tips.UnitTest.Adapter, Version=9.0.0.0, Culture=neutral, PublicKeyToken=b03f5f7f11d50a3a" className="Test.NorOracleTest, Test" name="Max_Elements" />
    </UnitTest>
    <UnitTest name="Math_Abs" storage="d:\alinq\source\trunk\test\bin\debug\test.dll" id="d16e19ca-aa3c-ac3c-ae48-e10eb5a0885c">
      <Css projectStructure="" iteration="" />
      <Owners>
        <Owner name="" />
      </Owners>
      <TestMethod codeBase="D:\ALinq\Source\Trunk\Test\bin\Debug\Test.dll" adapterTypeName="Microsoft.VisualStudio.TestTools.TestTypes.Unit.UnitTestAdapter, Microsoft.VisualStudio.QualityTools.Tips.UnitTest.Adapter, Version=9.0.0.0, Culture=neutral, PublicKeyToken=b03f5f7f11d50a3a" className="Test.AccessTest, Test" name="Math_Abs" />
    </UnitTest>
    <UnitTest name="Math_Sqrt" storage="d:\alinq\source\trunk\test\bin\debug\test.dll" id="d08417ae-0ebd-a646-3a64-4db0ebbfe854">
      <Css projectStructure="" iteration="" />
      <Owners>
        <Owner name="" />
      </Owners>
      <TestMethod codeBase="D:\ALinq\Source\Trunk\Test\bin\Debug\Test.dll" adapterTypeName="Microsoft.VisualStudio.TestTools.TestTypes.Unit.UnitTestAdapter, Microsoft.VisualStudio.QualityTools.Tips.UnitTest.Adapter, Version=9.0.0.0, Culture=neutral, PublicKeyToken=b03f5f7f11d50a3a" className="Test.PgsqlTest, Test" name="Math_Sqrt" />
    </UnitTest>
    <UnitTest name="Intersect" storage="d:\alinq\source\trunk\test\bin\debug\test.dll" id="4f7fb219-dbfe-1c7a-4b83-184d31d6438e">
      <Css projectStructure="" iteration="" />
      <Owners>
        <Owner name="" />
      </Owners>
      <TestMethod codeBase="D:\ALinq\Source\Trunk\Test\bin\Debug\Test.dll" adapterTypeName="Microsoft.VisualStudio.TestTools.TestTypes.Unit.UnitTestAdapter, Microsoft.VisualStudio.QualityTools.Tips.UnitTest.Adapter, Version=9.0.0.0, Culture=neutral, PublicKeyToken=b03f5f7f11d50a3a" className="Test.SQLiteTest, Test" name="Intersect" />
    </UnitTest>
    <UnitTest name="Insert_Inherit" storage="d:\alinq\source\trunk\test\bin\debug\test.dll" id="fa6eaaa5-8a77-79d1-afc6-678a97e7a71f">
      <Css projectStructure="" iteration="" />
      <Owners>
        <Owner name="" />
      </Owners>
      <TestMethod codeBase="D:\ALinq\Source\Trunk\Test\bin\Debug\Test.dll" adapterTypeName="Microsoft.VisualStudio.TestTools.TestTypes.Unit.UnitTestAdapter, Microsoft.VisualStudio.QualityTools.Tips.UnitTest.Adapter, Version=9.0.0.0, Culture=neutral, PublicKeyToken=b03f5f7f11d50a3a" className="Test.OdpOracleTest, Test" name="Insert_Inherit" />
    </UnitTest>
    <UnitTest name="Math_Log10" storage="d:\alinq\source\trunk\test\bin\debug\test.dll" id="f3d7c932-1d57-0456-9b1f-91ef40dcb529">
      <Css projectStructure="" iteration="" />
      <Owners>
        <Owner name="" />
      </Owners>
      <TestMethod codeBase="D:\ALinq\Source\Trunk\Test\bin\Debug\Test.dll" adapterTypeName="Microsoft.VisualStudio.TestTools.TestTypes.Unit.UnitTestAdapter, Microsoft.VisualStudio.QualityTools.Tips.UnitTest.Adapter, Version=9.0.0.0, Culture=neutral, PublicKeyToken=b03f5f7f11d50a3a" className="Test.PgsqlTest, Test" name="Math_Log10" />
    </UnitTest>
    <UnitTest name="DateTime_Hour" storage="d:\alinq\source\trunk\test\bin\debug\test.dll" id="5e35904e-8675-2673-a6ab-685bfd5f6095">
      <Css projectStructure="" iteration="" />
      <Owners>
        <Owner name="" />
      </Owners>
      <TestMethod codeBase="D:\ALinq\Source\Trunk\Test\bin\Debug\Test.dll" adapterTypeName="Microsoft.VisualStudio.TestTools.TestTypes.Unit.UnitTestAdapter, Microsoft.VisualStudio.QualityTools.Tips.UnitTest.Adapter, Version=9.0.0.0, Culture=neutral, PublicKeyToken=b03f5f7f11d50a3a" className="Test.MySqlTest, Test" name="DateTime_Hour" />
    </UnitTest>
    <UnitTest name="Math_Floor" storage="d:\alinq\source\trunk\test\bin\debug\test.dll" id="a8ccde41-ee59-dee0-c3e9-1b633d565ae3">
      <Css projectStructure="" iteration="" />
      <Owners>
        <Owner name="" />
      </Owners>
      <TestMethod codeBase="D:\ALinq\Source\Trunk\Test\bin\Debug\Test.dll" adapterTypeName="Microsoft.VisualStudio.TestTools.TestTypes.Unit.UnitTestAdapter, Microsoft.VisualStudio.QualityTools.Tips.UnitTest.Adapter, Version=9.0.0.0, Culture=neutral, PublicKeyToken=b03f5f7f11d50a3a" className="Test.SQL2000Test, Test" name="Math_Floor" />
    </UnitTest>
    <UnitTest name="Max_Projection" storage="d:\alinq\source\trunk\test\bin\debug\test.dll" id="9b754a39-2182-8f19-931d-2e39612d6e14">
      <Css projectStructure="" iteration="" />
      <Owners>
        <Owner name="" />
      </Owners>
      <TestMethod codeBase="D:\ALinq\Source\Trunk\Test\bin\Debug\Test.dll" adapterTypeName="Microsoft.VisualStudio.TestTools.TestTypes.Unit.UnitTestAdapter, Microsoft.VisualStudio.QualityTools.Tips.UnitTest.Adapter, Version=9.0.0.0, Culture=neutral, PublicKeyToken=b03f5f7f11d50a3a" className="Test.SqlTest, Test" name="Max_Projection" />
    </UnitTest>
    <UnitTest name="Math_Sign" storage="d:\alinq\source\trunk\test\bin\debug\test.dll" id="9da1c841-e8c1-0787-3792-675f0678e52b">
      <Css projectStructure="" iteration="" />
      <Owners>
        <Owner name="" />
      </Owners>
      <TestMethod codeBase="D:\ALinq\Source\Trunk\Test\bin\Debug\Test.dll" adapterTypeName="Microsoft.VisualStudio.TestTools.TestTypes.Unit.UnitTestAdapter, Microsoft.VisualStudio.QualityTools.Tips.UnitTest.Adapter, Version=9.0.0.0, Culture=neutral, PublicKeyToken=b03f5f7f11d50a3a" className="Test.PgsqlTest, Test" name="Math_Sign" />
    </UnitTest>
    <UnitTest name="Math_Cos" storage="d:\alinq\source\trunk\test\bin\debug\test.dll" id="219965cf-33b2-e720-c2da-e07bcab79a68">
      <Css projectStructure="" iteration="" />
      <Owners>
        <Owner name="" />
      </Owners>
      <TestMethod codeBase="D:\ALinq\Source\Trunk\Test\bin\Debug\Test.dll" adapterTypeName="Microsoft.VisualStudio.TestTools.TestTypes.Unit.UnitTestAdapter, Microsoft.VisualStudio.QualityTools.Tips.UnitTest.Adapter, Version=9.0.0.0, Culture=neutral, PublicKeyToken=b03f5f7f11d50a3a" className="Test.AccessTest, Test" name="Math_Cos" />
    </UnitTest>
    <UnitTest name="ParseSqlDataType" storage="d:\alinq\source\trunk\test\bin\debug\test.dll" id="054f5597-0a81-63a2-3713-6e3a855297fb">
      <Css projectStructure="" iteration="" />
      <Owners>
        <Owner name="" />
      </Owners>
      <TestMethod codeBase="D:\ALinq\Source\Trunk\Test\bin\Debug\Test.dll" adapterTypeName="Microsoft.VisualStudio.TestTools.TestTypes.Unit.UnitTestAdapter, Microsoft.VisualStudio.QualityTools.Tips.UnitTest.Adapter, Version=9.0.0.0, Culture=neutral, PublicKeyToken=b03f5f7f11d50a3a" className="Test.FirebirdDataTypeTest, Test" name="ParseSqlDataType" />
    </UnitTest>
    <UnitTest name="StringSubstring" storage="d:\alinq\source\trunk\test\bin\debug\test.dll" id="97f58440-655e-b6eb-550e-812160b614fd">
      <Css projectStructure="" iteration="" />
      <Owners>
        <Owner name="" />
      </Owners>
      <TestMethod codeBase="D:\ALinq\Source\Trunk\Test\bin\Debug\Test.dll" adapterTypeName="Microsoft.VisualStudio.TestTools.TestTypes.Unit.UnitTestAdapter, Microsoft.VisualStudio.QualityTools.Tips.UnitTest.Adapter, Version=9.0.0.0, Culture=neutral, PublicKeyToken=b03f5f7f11d50a3a" className="Test.MySqlTest, Test" name="StringSubstring" />
    </UnitTest>
    <UnitTest name="CRUD_Delete2" storage="d:\alinq\source\trunk\test\bin\debug\test.dll" id="5ea7fdf4-a241-67ae-3fe2-780c939d40bf">
      <Css projectStructure="" iteration="" />
      <Owners>
        <Owner name="" />
      </Owners>
      <TestMethod codeBase="D:\ALinq\Source\Trunk\Test\bin\Debug\Test.dll" adapterTypeName="Microsoft.VisualStudio.TestTools.TestTypes.Unit.UnitTestAdapter, Microsoft.VisualStudio.QualityTools.Tips.UnitTest.Adapter, Version=9.0.0.0, Culture=neutral, PublicKeyToken=b03f5f7f11d50a3a" className="Test.DB2Test, Test" name="CRUD_Delete2" />
    </UnitTest>
    <UnitTest name="String_ToUpperInvariant" storage="d:\alinq\source\trunk\test\bin\debug\test.dll" id="2aba796f-836f-ffd3-1090-c688b78f3a44">
      <Css projectStructure="" iteration="" />
      <Owners>
        <Owner name="" />
      </Owners>
      <TestMethod codeBase="D:\ALinq\Source\Trunk\Test\bin\Debug\Test.dll" adapterTypeName="Microsoft.VisualStudio.TestTools.TestTypes.Unit.UnitTestAdapter, Microsoft.VisualStudio.QualityTools.Tips.UnitTest.Adapter, Version=9.0.0.0, Culture=neutral, PublicKeyToken=b03f5f7f11d50a3a" className="Test.SQLiteTest, Test" name="String_ToUpperInvariant" />
    </UnitTest>
    <UnitTest name="DataType_XDocument" storage="d:\alinq\source\trunk\test\bin\debug\test.dll" id="942defeb-e98e-7976-ce54-158cec260264">
      <Css projectStructure="" iteration="" />
      <Owners>
        <Owner name="" />
      </Owners>
      <TestMethod codeBase="D:\ALinq\Source\Trunk\Test\bin\Debug\Test.dll" adapterTypeName="Microsoft.VisualStudio.TestTools.TestTypes.Unit.UnitTestAdapter, Microsoft.VisualStudio.QualityTools.Tips.UnitTest.Adapter, Version=9.0.0.0, Culture=neutral, PublicKeyToken=b03f5f7f11d50a3a" className="Test.SQL2000Test, Test" name="DataType_XDocument" />
    </UnitTest>
    <UnitTest name="Convert_ToByte" storage="d:\alinq\source\trunk\test\bin\debug\test.dll" id="61e41aad-8f44-92b4-2fa5-99e5b694f4f1">
      <Css projectStructure="" iteration="" />
      <Owners>
        <Owner name="" />
      </Owners>
      <TestMethod codeBase="D:\ALinq\Source\Trunk\Test\bin\Debug\Test.dll" adapterTypeName="Microsoft.VisualStudio.TestTools.TestTypes.Unit.UnitTestAdapter, Microsoft.VisualStudio.QualityTools.Tips.UnitTest.Adapter, Version=9.0.0.0, Culture=neutral, PublicKeyToken=b03f5f7f11d50a3a" className="Test.SqlTest, Test" name="Convert_ToByte" />
    </UnitTest>
    <UnitTest name="DateTime_AddSeconds" storage="d:\alinq\source\trunk\test\bin\debug\test.dll" id="63082f23-b909-d154-c4bb-91434b9a521a">
      <Css projectStructure="" iteration="" />
      <Owners>
        <Owner name="" />
      </Owners>
      <TestMethod codeBase="D:\ALinq\Source\Trunk\Test\bin\Debug\Test.dll" adapterTypeName="Microsoft.VisualStudio.TestTools.TestTypes.Unit.UnitTestAdapter, Microsoft.VisualStudio.QualityTools.Tips.UnitTest.Adapter, Version=9.0.0.0, Culture=neutral, PublicKeyToken=b03f5f7f11d50a3a" className="Test.SQLiteTest, Test" name="DateTime_AddSeconds" />
    </UnitTest>
    <UnitTest name="OrderBy_Conditional" storage="d:\alinq\source\trunk\test\bin\debug\test.dll" id="5cf6ee26-5261-b6b6-e08d-25357108bb88">
      <Css projectStructure="" iteration="" />
      <Owners>
        <Owner name="" />
      </Owners>
      <TestMethod codeBase="D:\ALinq\Source\Trunk\Test\bin\Debug\Test.dll" adapterTypeName="Microsoft.VisualStudio.TestTools.TestTypes.Unit.UnitTestAdapter, Microsoft.VisualStudio.QualityTools.Tips.UnitTest.Adapter, Version=9.0.0.0, Culture=neutral, PublicKeyToken=b03f5f7f11d50a3a" className="Test.NorOracleTest, Test" name="OrderBy_Conditional" />
    </UnitTest>
    <UnitTest name="Count_Simple" storage="d:\alinq\source\trunk\test\bin\debug\test.dll" id="0b6e748b-b41a-7ab5-3b2e-f61a71021877">
      <Css projectStructure="" iteration="" />
      <Owners>
        <Owner name="" />
      </Owners>
      <TestMethod codeBase="D:\ALinq\Source\Trunk\Test\bin\Debug\Test.dll" adapterTypeName="Microsoft.VisualStudio.TestTools.TestTypes.Unit.UnitTestAdapter, Microsoft.VisualStudio.QualityTools.Tips.UnitTest.Adapter, Version=9.0.0.0, Culture=neutral, PublicKeyToken=b03f5f7f11d50a3a" className="Test.DB2Test, Test" name="Count_Simple" />
    </UnitTest>
    <UnitTest name="Delete_ManyToMany" storage="d:\alinq\source\trunk\test\bin\debug\test.dll" id="178f42b7-0698-b76f-b4fa-cb7cff8e5498">
      <Css projectStructure="" iteration="" />
      <Owners>
        <Owner name="" />
      </Owners>
      <TestMethod codeBase="D:\ALinq\Source\Trunk\Test\bin\Debug\Test.dll" adapterTypeName="Microsoft.VisualStudio.TestTools.TestTypes.Unit.UnitTestAdapter, Microsoft.VisualStudio.QualityTools.Tips.UnitTest.Adapter, Version=9.0.0.0, Culture=neutral, PublicKeyToken=b03f5f7f11d50a3a" className="Test.NorOracleTest, Test" name="Delete_ManyToMany" />
    </UnitTest>
    <UnitTest name="String_Insert" storage="d:\alinq\source\trunk\test\bin\debug\test.dll" id="eacd17fd-fe3b-fcf2-d636-41250a5a4731">
      <Css projectStructure="" iteration="" />
      <Owners>
        <Owner name="" />
      </Owners>
      <TestMethod codeBase="D:\ALinq\Source\Trunk\Test\bin\Debug\Test.dll" adapterTypeName="Microsoft.VisualStudio.TestTools.TestTypes.Unit.UnitTestAdapter, Microsoft.VisualStudio.QualityTools.Tips.UnitTest.Adapter, Version=9.0.0.0, Culture=neutral, PublicKeyToken=b03f5f7f11d50a3a" className="Test.SQLiteTest, Test" name="String_Insert" />
    </UnitTest>
    <UnitTest name="Delete_ManyToMany" storage="d:\alinq\source\trunk\test\bin\debug\test.dll" id="3c2f5ba0-ad0d-fb4b-7689-bec1c1674051">
      <Css projectStructure="" iteration="" />
      <Owners>
        <Owner name="" />
      </Owners>
      <TestMethod codeBase="D:\ALinq\Source\Trunk\Test\bin\Debug\Test.dll" adapterTypeName="Microsoft.VisualStudio.TestTools.TestTypes.Unit.UnitTestAdapter, Microsoft.VisualStudio.QualityTools.Tips.UnitTest.Adapter, Version=9.0.0.0, Culture=neutral, PublicKeyToken=b03f5f7f11d50a3a" className="Test.SQL2000Test, Test" name="Delete_ManyToMany" />
    </UnitTest>
    <UnitTest name="Avg_Emelents" storage="d:\alinq\source\trunk\test\bin\debug\test.dll" id="d37fef1f-3423-8c34-4d76-041ba2a2c9e6">
      <Css projectStructure="" iteration="" />
      <Owners>
        <Owner name="" />
      </Owners>
      <TestMethod codeBase="D:\ALinq\Source\Trunk\Test\bin\Debug\Test.dll" adapterTypeName="Microsoft.VisualStudio.TestTools.TestTypes.Unit.UnitTestAdapter, Microsoft.VisualStudio.QualityTools.Tips.UnitTest.Adapter, Version=9.0.0.0, Culture=neutral, PublicKeyToken=b03f5f7f11d50a3a" className="Test.DB2Test, Test" name="Avg_Emelents" />
    </UnitTest>
    <UnitTest name="CRUD_Update1" storage="d:\alinq\source\trunk\test\bin\debug\test.dll" id="9cad5309-488b-8271-278c-e2b07bdc5866">
      <Css projectStructure="" iteration="" />
      <Owners>
        <Owner name="" />
      </Owners>
      <TestMethod codeBase="D:\ALinq\Source\Trunk\Test\bin\Debug\Test.dll" adapterTypeName="Microsoft.VisualStudio.TestTools.TestTypes.Unit.UnitTestAdapter, Microsoft.VisualStudio.QualityTools.Tips.UnitTest.Adapter, Version=9.0.0.0, Culture=neutral, PublicKeyToken=b03f5f7f11d50a3a" className="Test.NorOracleTest, Test" name="CRUD_Update1" />
    </UnitTest>
    <UnitTest name="Select_SpecialType" storage="d:\alinq\source\trunk\test\bin\debug\test.dll" id="e112bc52-a768-8870-f56e-ab16d2ee7b1b">
      <Css projectStructure="" iteration="" />
      <Owners>
        <Owner name="" />
      </Owners>
      <TestMethod codeBase="D:\ALinq\Source\Trunk\Test\bin\Debug\Test.dll" adapterTypeName="Microsoft.VisualStudio.TestTools.TestTypes.Unit.UnitTestAdapter, Microsoft.VisualStudio.QualityTools.Tips.UnitTest.Adapter, Version=9.0.0.0, Culture=neutral, PublicKeyToken=b03f5f7f11d50a3a" className="Test.SqlTest, Test" name="Select_SpecialType" />
    </UnitTest>
    <UnitTest name="Math_Acos" storage="d:\alinq\source\trunk\test\bin\debug\test.dll" id="a33bc4f6-93aa-6896-cae5-97c0d723c9d9">
      <Css projectStructure="" iteration="" />
      <Owners>
        <Owner name="" />
      </Owners>
      <TestMethod codeBase="D:\ALinq\Source\Trunk\Test\bin\Debug\Test.dll" adapterTypeName="Microsoft.VisualStudio.TestTools.TestTypes.Unit.UnitTestAdapter, Microsoft.VisualStudio.QualityTools.Tips.UnitTest.Adapter, Version=9.0.0.0, Culture=neutral, PublicKeyToken=b03f5f7f11d50a3a" className="Test.SqlTest, Test" name="Math_Acos" />
    </UnitTest>
    <UnitTest name="ParseSqlDataType" storage="d:\alinq\source\trunk\test\bin\debug\test.dll" id="4f27e2b2-3c65-27ba-6c12-8052cb013242">
      <Css projectStructure="" iteration="" />
      <Owners>
        <Owner name="" />
      </Owners>
      <TestMethod codeBase="D:\ALinq\Source\Trunk\Test\bin\Debug\Test.dll" adapterTypeName="Microsoft.VisualStudio.TestTools.TestTypes.Unit.UnitTestAdapter, Microsoft.VisualStudio.QualityTools.Tips.UnitTest.Adapter, Version=9.0.0.0, Culture=neutral, PublicKeyToken=b03f5f7f11d50a3a" className="Test.Sql2000DataTypeProvider, Test" name="ParseSqlDataType" />
    </UnitTest>
    <UnitTest name="String_Insert" storage="d:\alinq\source\trunk\test\bin\debug\test.dll" id="3fcfbec4-361c-b662-7616-044026e4285d">
      <Css projectStructure="" iteration="" />
      <Owners>
        <Owner name="" />
      </Owners>
      <TestMethod codeBase="D:\ALinq\Source\Trunk\Test\bin\Debug\Test.dll" adapterTypeName="Microsoft.VisualStudio.TestTools.TestTypes.Unit.UnitTestAdapter, Microsoft.VisualStudio.QualityTools.Tips.UnitTest.Adapter, Version=9.0.0.0, Culture=neutral, PublicKeyToken=b03f5f7f11d50a3a" className="Test.AccessTest, Test" name="String_Insert" />
    </UnitTest>
    <UnitTest name="DateTime_AddYears" storage="d:\alinq\source\trunk\test\bin\debug\test.dll" id="31092c89-7649-5e72-9470-0cc470f95682">
      <Css projectStructure="" iteration="" />
      <Owners>
        <Owner name="" />
      </Owners>
      <TestMethod codeBase="D:\ALinq\Source\Trunk\Test\bin\Debug\Test.dll" adapterTypeName="Microsoft.VisualStudio.TestTools.TestTypes.Unit.UnitTestAdapter, Microsoft.VisualStudio.QualityTools.Tips.UnitTest.Adapter, Version=9.0.0.0, Culture=neutral, PublicKeyToken=b03f5f7f11d50a3a" className="Test.NorOracleTest, Test" name="DateTime_AddYears" />
    </UnitTest>
    <UnitTest name="Max_Simple" storage="d:\alinq\source\trunk\test\bin\debug\test.dll" id="0695e2e5-8c23-6d34-bcef-d3f94c509e06">
      <Css projectStructure="" iteration="" />
      <Owners>
        <Owner name="" />
      </Owners>
      <TestMethod codeBase="D:\ALinq\Source\Trunk\Test\bin\Debug\Test.dll" adapterTypeName="Microsoft.VisualStudio.TestTools.TestTypes.Unit.UnitTestAdapter, Microsoft.VisualStudio.QualityTools.Tips.UnitTest.Adapter, Version=9.0.0.0, Culture=neutral, PublicKeyToken=b03f5f7f11d50a3a" className="Test.SQLiteTest, Test" name="Max_Simple" />
    </UnitTest>
    <UnitTest name="Distinct2" storage="d:\alinq\source\trunk\test\bin\debug\test.dll" id="9524bc65-e738-4aa5-d93a-70626aa3be5e">
      <Css projectStructure="" iteration="" />
      <Owners>
        <Owner name="" />
      </Owners>
      <TestMethod codeBase="D:\ALinq\Source\Trunk\Test\bin\Debug\Test.dll" adapterTypeName="Microsoft.VisualStudio.TestTools.TestTypes.Unit.UnitTestAdapter, Microsoft.VisualStudio.QualityTools.Tips.UnitTest.Adapter, Version=9.0.0.0, Culture=neutral, PublicKeyToken=b03f5f7f11d50a3a" className="Test.SQL2005Test, Test" name="Distinct2" />
    </UnitTest>
    <UnitTest name="String_Equals1" storage="d:\alinq\source\trunk\test\bin\debug\test.dll" id="019faf8e-bb83-0b02-9b96-0125271f61b1">
      <Css projectStructure="" iteration="" />
      <Owners>
        <Owner name="" />
      </Owners>
      <TestMethod codeBase="D:\ALinq\Source\Trunk\Test\bin\Debug\Test.dll" adapterTypeName="Microsoft.VisualStudio.TestTools.TestTypes.Unit.UnitTestAdapter, Microsoft.VisualStudio.QualityTools.Tips.UnitTest.Adapter, Version=9.0.0.0, Culture=neutral, PublicKeyToken=b03f5f7f11d50a3a" className="Test.SQLiteTest, Test" name="String_Equals1" />
    </UnitTest>
    <UnitTest name="TableExists" storage="d:\alinq\source\trunk\test\bin\debug\test.dll" id="c226cf7d-cd18-4e12-2c32-8bc46eee2b05">
      <Css projectStructure="" iteration="" />
      <Owners>
        <Owner name="" />
      </Owners>
      <TestMethod codeBase="D:\ALinq\Source\Trunk\Test\bin\Debug\Test.dll" adapterTypeName="Microsoft.VisualStudio.TestTools.TestTypes.Unit.UnitTestAdapter, Microsoft.VisualStudio.QualityTools.Tips.UnitTest.Adapter, Version=9.0.0.0, Culture=neutral, PublicKeyToken=b03f5f7f11d50a3a" className="Test.AccessTest, Test" name="TableExists" />
    </UnitTest>
    <UnitTest name="Update" storage="d:\alinq\source\trunk\test\bin\debug\test.dll" id="87874127-fede-769f-93d0-e49994a15469">
      <Css projectStructure="" iteration="" />
      <Owners>
        <Owner name="" />
      </Owners>
      <TestMethod codeBase="D:\ALinq\Source\Trunk\Test\bin\Debug\Test.dll" adapterTypeName="Microsoft.VisualStudio.TestTools.TestTypes.Unit.UnitTestAdapter, Microsoft.VisualStudio.QualityTools.Tips.UnitTest.Adapter, Version=9.0.0.0, Culture=neutral, PublicKeyToken=b03f5f7f11d50a3a" className="Test.SQLiteTest, Test" name="Update" />
    </UnitTest>
    <UnitTest name="Math_Cosh" storage="d:\alinq\source\trunk\test\bin\debug\test.dll" id="31887ae9-20c6-7ed9-9c14-3bc07051c430">
      <Css projectStructure="" iteration="" />
      <Owners>
        <Owner name="" />
      </Owners>
      <TestMethod codeBase="D:\ALinq\Source\Trunk\Test\bin\Debug\Test.dll" adapterTypeName="Microsoft.VisualStudio.TestTools.TestTypes.Unit.UnitTestAdapter, Microsoft.VisualStudio.QualityTools.Tips.UnitTest.Adapter, Version=9.0.0.0, Culture=neutral, PublicKeyToken=b03f5f7f11d50a3a" className="Test.NorOracleTest, Test" name="Math_Cosh" />
    </UnitTest>
    <UnitTest name="SqlMethod_Len" storage="d:\alinq\source\trunk\test\bin\debug\test.dll" id="5888dc6e-4100-6542-1569-13b8a338ded2">
      <Css projectStructure="" iteration="" />
      <Owners>
        <Owner name="" />
      </Owners>
      <TestMethod codeBase="D:\ALinq\Source\Trunk\Test\bin\Debug\Test.dll" adapterTypeName="Microsoft.VisualStudio.TestTools.TestTypes.Unit.UnitTestAdapter, Microsoft.VisualStudio.QualityTools.Tips.UnitTest.Adapter, Version=9.0.0.0, Culture=neutral, PublicKeyToken=b03f5f7f11d50a3a" className="Test.SqlTest, Test" name="SqlMethod_Len" />
    </UnitTest>
    <UnitTest name="DateTime_Subtract" storage="d:\alinq\source\trunk\test\bin\debug\test.dll" id="309e3e70-fd14-1831-5c9e-81e64f48585e">
      <Css projectStructure="" iteration="" />
      <Owners>
        <Owner name="" />
      </Owners>
      <TestMethod codeBase="D:\ALinq\Source\Trunk\Test\bin\Debug\Test.dll" adapterTypeName="Microsoft.VisualStudio.TestTools.TestTypes.Unit.UnitTestAdapter, Microsoft.VisualStudio.QualityTools.Tips.UnitTest.Adapter, Version=9.0.0.0, Culture=neutral, PublicKeyToken=b03f5f7f11d50a3a" className="Test.PgsqlTest, Test" name="DateTime_Subtract" />
    </UnitTest>
    <UnitTest name="Where_Simple4" storage="d:\alinq\source\trunk\test\bin\debug\test.dll" id="b7af6f66-38cb-58b6-41cd-079641dc5173">
      <Css projectStructure="" iteration="" />
      <Owners>
        <Owner name="" />
      </Owners>
      <TestMethod codeBase="D:\ALinq\Source\Trunk\Test\bin\Debug\Test.dll" adapterTypeName="Microsoft.VisualStudio.TestTools.TestTypes.Unit.UnitTestAdapter, Microsoft.VisualStudio.QualityTools.Tips.UnitTest.Adapter, Version=9.0.0.0, Culture=neutral, PublicKeyToken=b03f5f7f11d50a3a" className="Test.SQL2000Test, Test" name="Where_Simple4" />
    </UnitTest>
    <UnitTest name="CRUD_Delete2" storage="d:\alinq\source\trunk\test\bin\debug\test.dll" id="cab6a5c7-12d8-1dc4-e1ea-d109577fb585">
      <Css projectStructure="" iteration="" />
      <Owners>
        <Owner name="" />
      </Owners>
      <TestMethod codeBase="D:\ALinq\Source\Trunk\Test\bin\Debug\Test.dll" adapterTypeName="Microsoft.VisualStudio.TestTools.TestTypes.Unit.UnitTestAdapter, Microsoft.VisualStudio.QualityTools.Tips.UnitTest.Adapter, Version=9.0.0.0, Culture=neutral, PublicKeyToken=b03f5f7f11d50a3a" className="Test.MySqlTest, Test" name="CRUD_Delete2" />
    </UnitTest>
    <UnitTest name="Sum_Simple" storage="d:\alinq\source\trunk\test\bin\debug\test.dll" id="23db4f7b-8a47-fbae-35a1-e7ed2a0fb5ae">
      <Css projectStructure="" iteration="" />
      <Owners>
        <Owner name="" />
      </Owners>
      <TestMethod codeBase="D:\ALinq\Source\Trunk\Test\bin\Debug\Test.dll" adapterTypeName="Microsoft.VisualStudio.TestTools.TestTypes.Unit.UnitTestAdapter, Microsoft.VisualStudio.QualityTools.Tips.UnitTest.Adapter, Version=9.0.0.0, Culture=neutral, PublicKeyToken=b03f5f7f11d50a3a" className="Test.AccessTest, Test" name="Sum_Simple" />
    </UnitTest>
    <UnitTest name="String_IndexOf4" storage="d:\alinq\source\trunk\test\bin\debug\test.dll" id="48fa86eb-31c4-a77d-1d0a-f61ff23ecf68">
      <Css projectStructure="" iteration="" />
      <Owners>
        <Owner name="" />
      </Owners>
      <TestMethod codeBase="D:\ALinq\Source\Trunk\Test\bin\Debug\Test.dll" adapterTypeName="Microsoft.VisualStudio.TestTools.TestTypes.Unit.UnitTestAdapter, Microsoft.VisualStudio.QualityTools.Tips.UnitTest.Adapter, Version=9.0.0.0, Culture=neutral, PublicKeyToken=b03f5f7f11d50a3a" className="Test.SQL2000Test, Test" name="String_IndexOf4" />
    </UnitTest>
    <UnitTest name="String_ToLowerInvariant" storage="d:\alinq\source\trunk\test\bin\debug\test.dll" id="83e31eed-bd47-7aab-7a2a-ead308e56ad7">
      <Css projectStructure="" iteration="" />
      <Owners>
        <Owner name="" />
      </Owners>
      <TestMethod codeBase="D:\ALinq\Source\Trunk\Test\bin\Debug\Test.dll" adapterTypeName="Microsoft.VisualStudio.TestTools.TestTypes.Unit.UnitTestAdapter, Microsoft.VisualStudio.QualityTools.Tips.UnitTest.Adapter, Version=9.0.0.0, Culture=neutral, PublicKeyToken=b03f5f7f11d50a3a" className="Test.MySqlTest, Test" name="String_ToLowerInvariant" />
    </UnitTest>
    <UnitTest name="String_Substring2" storage="d:\alinq\source\trunk\test\bin\debug\test.dll" id="2f7bda2d-dbe1-3b7d-475d-6b616028cae3">
      <Css projectStructure="" iteration="" />
      <Owners>
        <Owner name="" />
      </Owners>
      <TestMethod codeBase="D:\ALinq\Source\Trunk\Test\bin\Debug\Test.dll" adapterTypeName="Microsoft.VisualStudio.TestTools.TestTypes.Unit.UnitTestAdapter, Microsoft.VisualStudio.QualityTools.Tips.UnitTest.Adapter, Version=9.0.0.0, Culture=neutral, PublicKeyToken=b03f5f7f11d50a3a" className="Test.SqlTest, Test" name="String_Substring2" />
    </UnitTest>
    <UnitTest name="Insert_ManyToMany" storage="d:\alinq\source\trunk\test\bin\debug\test.dll" id="e23fd5fc-c5f8-cbf8-4874-76df5c56c66c">
      <Css projectStructure="" iteration="" />
      <Owners>
        <Owner name="" />
      </Owners>
      <TestMethod codeBase="D:\ALinq\Source\Trunk\Test\bin\Debug\Test.dll" adapterTypeName="Microsoft.VisualStudio.TestTools.TestTypes.Unit.UnitTestAdapter, Microsoft.VisualStudio.QualityTools.Tips.UnitTest.Adapter, Version=9.0.0.0, Culture=neutral, PublicKeyToken=b03f5f7f11d50a3a" className="Test.NorOracleTest, Test" name="Insert_ManyToMany" />
    </UnitTest>
    <UnitTest name="DateTimeGE" storage="d:\alinq\source\trunk\test\bin\debug\test.dll" id="c99811c8-1dea-70a0-b9bf-e528aafdd878">
      <Css projectStructure="" iteration="" />
      <Owners>
        <Owner name="" />
      </Owners>
      <TestMethod codeBase="D:\ALinq\Source\Trunk\Test\bin\Debug\Test.dll" adapterTypeName="Microsoft.VisualStudio.TestTools.TestTypes.Unit.UnitTestAdapter, Microsoft.VisualStudio.QualityTools.Tips.UnitTest.Adapter, Version=9.0.0.0, Culture=neutral, PublicKeyToken=b03f5f7f11d50a3a" className="Test.MySqlTest, Test" name="DateTimeGE" />
    </UnitTest>
    <UnitTest name="Math_Round2" storage="d:\alinq\source\trunk\test\bin\debug\test.dll" id="b1bf53b6-f7aa-5eb6-a31d-1b8eb29dc02d">
      <Css projectStructure="" iteration="" />
      <Owners>
        <Owner name="" />
      </Owners>
      <TestMethod codeBase="D:\ALinq\Source\Trunk\Test\bin\Debug\Test.dll" adapterTypeName="Microsoft.VisualStudio.TestTools.TestTypes.Unit.UnitTestAdapter, Microsoft.VisualStudio.QualityTools.Tips.UnitTest.Adapter, Version=9.0.0.0, Culture=neutral, PublicKeyToken=b03f5f7f11d50a3a" className="Test.AccessTest, Test" name="Math_Round2" />
    </UnitTest>
    <UnitTest name="Aggregate_Null" storage="d:\alinq\source\trunk\test\bin\debug\test.dll" id="099613a7-d589-8a38-e491-c9365fbdf601">
      <Css projectStructure="" iteration="" />
      <Owners>
        <Owner name="" />
      </Owners>
      <TestMethod codeBase="D:\ALinq\Source\Trunk\Test\bin\Debug\Test.dll" adapterTypeName="Microsoft.VisualStudio.TestTools.TestTypes.Unit.UnitTestAdapter, Microsoft.VisualStudio.QualityTools.Tips.UnitTest.Adapter, Version=9.0.0.0, Culture=neutral, PublicKeyToken=b03f5f7f11d50a3a" className="Test.MySqlTest, Test" name="Aggregate_Null" />
    </UnitTest>
    <UnitTest name="GroupBy_ConditionalCount" storage="d:\alinq\source\trunk\test\bin\debug\test.dll" id="e5c8be7b-bf90-d1bf-2190-138b02cf2a97">
      <Css projectStructure="" iteration="" />
      <Owners>
        <Owner name="" />
      </Owners>
      <TestMethod codeBase="D:\ALinq\Source\Trunk\Test\bin\Debug\Test.dll" adapterTypeName="Microsoft.VisualStudio.TestTools.TestTypes.Unit.UnitTestAdapter, Microsoft.VisualStudio.QualityTools.Tips.UnitTest.Adapter, Version=9.0.0.0, Culture=neutral, PublicKeyToken=b03f5f7f11d50a3a" className="Test.OdpOracleTest, Test" name="GroupBy_ConditionalCount" />
    </UnitTest>
    <UnitTest name="String_ToUpper2" storage="d:\alinq\source\trunk\test\bin\debug\test.dll" id="9cdfe4fd-e3eb-9be8-7549-be648d82e1bb">
      <Css projectStructure="" iteration="" />
      <Owners>
        <Owner name="" />
      </Owners>
      <TestMethod codeBase="D:\ALinq\Source\Trunk\Test\bin\Debug\Test.dll" adapterTypeName="Microsoft.VisualStudio.TestTools.TestTypes.Unit.UnitTestAdapter, Microsoft.VisualStudio.QualityTools.Tips.UnitTest.Adapter, Version=9.0.0.0, Culture=neutral, PublicKeyToken=b03f5f7f11d50a3a" className="Test.NorOracleTest, Test" name="String_ToUpper2" />
    </UnitTest>
    <UnitTest name="Math_Acos" storage="d:\alinq\source\trunk\test\bin\debug\test.dll" id="2ceb6de3-29d3-7d38-936e-1d63ba1de5bd">
      <Css projectStructure="" iteration="" />
      <Owners>
        <Owner name="" />
      </Owners>
      <TestMethod codeBase="D:\ALinq\Source\Trunk\Test\bin\Debug\Test.dll" adapterTypeName="Microsoft.VisualStudio.TestTools.TestTypes.Unit.UnitTestAdapter, Microsoft.VisualStudio.QualityTools.Tips.UnitTest.Adapter, Version=9.0.0.0, Culture=neutral, PublicKeyToken=b03f5f7f11d50a3a" className="Test.MySqlTest, Test" name="Math_Acos" />
    </UnitTest>
    <UnitTest name="DataType_UInt64" storage="d:\alinq\source\trunk\test\bin\debug\test.dll" id="c4645a80-0dfe-08f4-67f5-3bc8af08cece">
      <Css projectStructure="" iteration="" />
      <Owners>
        <Owner name="" />
      </Owners>
      <TestMethod codeBase="D:\ALinq\Source\Trunk\Test\bin\Debug\Test.dll" adapterTypeName="Microsoft.VisualStudio.TestTools.TestTypes.Unit.UnitTestAdapter, Microsoft.VisualStudio.QualityTools.Tips.UnitTest.Adapter, Version=9.0.0.0, Culture=neutral, PublicKeyToken=b03f5f7f11d50a3a" className="Test.OdpOracleTest, Test" name="DataType_UInt64" />
    </UnitTest>
    <UnitTest name="StringEndsWith" storage="d:\alinq\source\trunk\test\bin\debug\test.dll" id="8e43578a-de52-5d3d-c76c-59217d0cbc89">
      <Css projectStructure="" iteration="" />
      <Owners>
        <Owner name="" />
      </Owners>
      <TestMethod codeBase="D:\ALinq\Source\Trunk\Test\bin\Debug\Test.dll" adapterTypeName="Microsoft.VisualStudio.TestTools.TestTypes.Unit.UnitTestAdapter, Microsoft.VisualStudio.QualityTools.Tips.UnitTest.Adapter, Version=9.0.0.0, Culture=neutral, PublicKeyToken=b03f5f7f11d50a3a" className="Test.AccessTest, Test" name="StringEndsWith" />
    </UnitTest>
    <UnitTest name="Math_Max" storage="d:\alinq\source\trunk\test\bin\debug\test.dll" id="20a2e540-22ba-70e0-8abf-967d49ba5484">
      <Css projectStructure="" iteration="" />
      <Owners>
        <Owner name="" />
      </Owners>
      <TestMethod codeBase="D:\ALinq\Source\Trunk\Test\bin\Debug\Test.dll" adapterTypeName="Microsoft.VisualStudio.TestTools.TestTypes.Unit.UnitTestAdapter, Microsoft.VisualStudio.QualityTools.Tips.UnitTest.Adapter, Version=9.0.0.0, Culture=neutral, PublicKeyToken=b03f5f7f11d50a3a" className="Test.SqlTest, Test" name="Math_Max" />
    </UnitTest>
    <UnitTest name="Math_Round2" storage="d:\alinq\source\trunk\test\bin\debug\test.dll" id="7b7998f5-e3f3-1a1a-357b-be337f0453f3">
      <Css projectStructure="" iteration="" />
      <Owners>
        <Owner name="" />
      </Owners>
      <TestMethod codeBase="D:\ALinq\Source\Trunk\Test\bin\Debug\Test.dll" adapterTypeName="Microsoft.VisualStudio.TestTools.TestTypes.Unit.UnitTestAdapter, Microsoft.VisualStudio.QualityTools.Tips.UnitTest.Adapter, Version=9.0.0.0, Culture=neutral, PublicKeyToken=b03f5f7f11d50a3a" className="Test.OdpOracleTest, Test" name="Math_Round2" />
    </UnitTest>
    <UnitTest name="String_Equals2" storage="d:\alinq\source\trunk\test\bin\debug\test.dll" id="195cf820-34d8-bc7d-99e8-cce07c764b9a">
      <Css projectStructure="" iteration="" />
      <Owners>
        <Owner name="" />
      </Owners>
      <TestMethod codeBase="D:\ALinq\Source\Trunk\Test\bin\Debug\Test.dll" adapterTypeName="Microsoft.VisualStudio.TestTools.TestTypes.Unit.UnitTestAdapter, Microsoft.VisualStudio.QualityTools.Tips.UnitTest.Adapter, Version=9.0.0.0, Culture=neutral, PublicKeyToken=b03f5f7f11d50a3a" className="Test.SQL2000Test, Test" name="String_Equals2" />
    </UnitTest>
    <UnitTest name="OrderBy_Simple" storage="d:\alinq\source\trunk\test\bin\debug\test.dll" id="55174b0e-ec07-12ea-271a-2d4d9a37858a">
      <Css projectStructure="" iteration="" />
      <Owners>
        <Owner name="" />
      </Owners>
      <TestMethod codeBase="D:\ALinq\Source\Trunk\Test\bin\Debug\Test.dll" adapterTypeName="Microsoft.VisualStudio.TestTools.TestTypes.Unit.UnitTestAdapter, Microsoft.VisualStudio.QualityTools.Tips.UnitTest.Adapter, Version=9.0.0.0, Culture=neutral, PublicKeyToken=b03f5f7f11d50a3a" className="Test.FirebirdTest, Test" name="OrderBy_Simple" />
    </UnitTest>
    <UnitTest name="TestNull" storage="d:\alinq\source\trunk\test\bin\debug\test.dll" id="a582c51e-1a5e-2187-bfd7-a57380370ef7">
      <Css projectStructure="" iteration="" />
      <Owners>
        <Owner name="" />
      </Owners>
      <TestMethod codeBase="D:\ALinq\Source\Trunk\Test\bin\Debug\Test.dll" adapterTypeName="Microsoft.VisualStudio.TestTools.TestTypes.Unit.UnitTestAdapter, Microsoft.VisualStudio.QualityTools.Tips.UnitTest.Adapter, Version=9.0.0.0, Culture=neutral, PublicKeyToken=b03f5f7f11d50a3a" className="Test.SqlTest, Test" name="TestNull" />
    </UnitTest>
    <UnitTest name="Join_NullableNonnullableKeyRelationship" storage="d:\alinq\source\trunk\test\bin\debug\test.dll" id="54eb1c99-f649-ccf9-20c8-d913d1d33b36">
      <Css projectStructure="" iteration="" />
      <Owners>
        <Owner name="" />
      </Owners>
      <TestMethod codeBase="D:\ALinq\Source\Trunk\Test\bin\Debug\Test.dll" adapterTypeName="Microsoft.VisualStudio.TestTools.TestTypes.Unit.UnitTestAdapter, Microsoft.VisualStudio.QualityTools.Tips.UnitTest.Adapter, Version=9.0.0.0, Culture=neutral, PublicKeyToken=b03f5f7f11d50a3a" className="Test.SQLiteTest, Test" name="Join_NullableNonnullableKeyRelationship" />
    </UnitTest>
    <UnitTest name="Min_Grouped" storage="d:\alinq\source\trunk\test\bin\debug\test.dll" id="35aa9369-1f4d-d530-d56e-b0a01d7f7f9f">
      <Css projectStructure="" iteration="" />
      <Owners>
        <Owner name="" />
      </Owners>
      <TestMethod codeBase="D:\ALinq\Source\Trunk\Test\bin\Debug\Test.dll" adapterTypeName="Microsoft.VisualStudio.TestTools.TestTypes.Unit.UnitTestAdapter, Microsoft.VisualStudio.QualityTools.Tips.UnitTest.Adapter, Version=9.0.0.0, Culture=neutral, PublicKeyToken=b03f5f7f11d50a3a" className="Test.NorOracleTest, Test" name="Min_Grouped" />
    </UnitTest>
    <UnitTest name="Math_Acos" storage="d:\alinq\source\trunk\test\bin\debug\test.dll" id="9cfaddae-b528-086a-5b77-537c9d8bf7be">
      <Css projectStructure="" iteration="" />
      <Owners>
        <Owner name="" />
      </Owners>
      <TestMethod codeBase="D:\ALinq\Source\Trunk\Test\bin\Debug\Test.dll" adapterTypeName="Microsoft.VisualStudio.TestTools.TestTypes.Unit.UnitTestAdapter, Microsoft.VisualStudio.QualityTools.Tips.UnitTest.Adapter, Version=9.0.0.0, Culture=neutral, PublicKeyToken=b03f5f7f11d50a3a" className="Test.SQLiteTest, Test" name="Math_Acos" />
    </UnitTest>
    <UnitTest name="Min_Elements" storage="d:\alinq\source\trunk\test\bin\debug\test.dll" id="71ff2b74-decc-e7e1-3ba3-12be57619214">
      <Css projectStructure="" iteration="" />
      <Owners>
        <Owner name="" />
      </Owners>
      <TestMethod codeBase="D:\ALinq\Source\Trunk\Test\bin\Debug\Test.dll" adapterTypeName="Microsoft.VisualStudio.TestTools.TestTypes.Unit.UnitTestAdapter, Microsoft.VisualStudio.QualityTools.Tips.UnitTest.Adapter, Version=9.0.0.0, Culture=neutral, PublicKeyToken=b03f5f7f11d50a3a" className="Test.MySqlTest, Test" name="Min_Elements" />
    </UnitTest>
    <UnitTest name="Command" storage="d:\alinq\source\trunk\test\bin\debug\test.dll" id="2598032a-28ac-b716-8d04-5b512bfe5d09">
      <Css projectStructure="" iteration="" />
      <Owners>
        <Owner name="" />
      </Owners>
      <TestMethod codeBase="D:\ALinq\Source\Trunk\Test\bin\Debug\Test.dll" adapterTypeName="Microsoft.VisualStudio.TestTools.TestTypes.Unit.UnitTestAdapter, Microsoft.VisualStudio.QualityTools.Tips.UnitTest.Adapter, Version=9.0.0.0, Culture=neutral, PublicKeyToken=b03f5f7f11d50a3a" className="Test.DB2Test, Test" name="Command" />
    </UnitTest>
    <UnitTest name="Where_Drilldown" storage="d:\alinq\source\trunk\test\bin\debug\test.dll" id="53f8b92d-3672-811d-40b1-6722b7030618">
      <Css projectStructure="" iteration="" />
      <Owners>
        <Owner name="" />
      </Owners>
      <TestMethod codeBase="D:\ALinq\Source\Trunk\Test\bin\Debug\Test.dll" adapterTypeName="Microsoft.VisualStudio.TestTools.TestTypes.Unit.UnitTestAdapter, Microsoft.VisualStudio.QualityTools.Tips.UnitTest.Adapter, Version=9.0.0.0, Culture=neutral, PublicKeyToken=b03f5f7f11d50a3a" className="Test.SQL2000Test, Test" name="Where_Drilldown" />
    </UnitTest>
    <UnitTest name="Convert_ToString" storage="d:\alinq\source\trunk\test\bin\debug\test.dll" id="ce8613e3-4d6a-d7e8-84bb-3501fbb8996f">
      <Css projectStructure="" iteration="" />
      <Owners>
        <Owner name="" />
      </Owners>
      <TestMethod codeBase="D:\ALinq\Source\Trunk\Test\bin\Debug\Test.dll" adapterTypeName="Microsoft.VisualStudio.TestTools.TestTypes.Unit.UnitTestAdapter, Microsoft.VisualStudio.QualityTools.Tips.UnitTest.Adapter, Version=9.0.0.0, Culture=neutral, PublicKeyToken=b03f5f7f11d50a3a" className="Test.MySqlTest, Test" name="Convert_ToString" />
    </UnitTest>
    <UnitTest name="Skip_Nested" storage="d:\alinq\source\trunk\test\bin\debug\test.dll" id="8f685343-fb60-de39-a7db-71ba80ff7236">
      <Css projectStructure="" iteration="" />
      <Owners>
        <Owner name="" />
      </Owners>
      <TestMethod codeBase="D:\ALinq\Source\Trunk\Test\bin\Debug\Test.dll" adapterTypeName="Microsoft.VisualStudio.TestTools.TestTypes.Unit.UnitTestAdapter, Microsoft.VisualStudio.QualityTools.Tips.UnitTest.Adapter, Version=9.0.0.0, Culture=neutral, PublicKeyToken=b03f5f7f11d50a3a" className="Test.NorOracleTest, Test" name="Skip_Nested" />
    </UnitTest>
    <UnitTest name="CRUD_Delete1" storage="d:\alinq\source\trunk\test\bin\debug\test.dll" id="d5629683-0170-ec12-e1bf-cbdff84ebfb0">
      <Css projectStructure="" iteration="" />
      <Owners>
        <Owner name="" />
      </Owners>
      <TestMethod codeBase="D:\ALinq\Source\Trunk\Test\bin\Debug\Test.dll" adapterTypeName="Microsoft.VisualStudio.TestTools.TestTypes.Unit.UnitTestAdapter, Microsoft.VisualStudio.QualityTools.Tips.UnitTest.Adapter, Version=9.0.0.0, Culture=neutral, PublicKeyToken=b03f5f7f11d50a3a" className="Test.FirebirdTest, Test" name="CRUD_Delete1" />
    </UnitTest>
    <UnitTest name="ToQueryString" storage="d:\alinq\source\trunk\test\bin\debug\test.dll" id="07550143-d418-5fd9-64c9-cf64c21f2ee6">
      <Css projectStructure="" iteration="" />
      <Owners>
        <Owner name="" />
      </Owners>
      <TestMethod codeBase="D:\ALinq\Source\Trunk\Test\bin\Debug\Test.dll" adapterTypeName="Microsoft.VisualStudio.TestTools.TestTypes.Unit.UnitTestAdapter, Microsoft.VisualStudio.QualityTools.Tips.UnitTest.Adapter, Version=9.0.0.0, Culture=neutral, PublicKeyToken=b03f5f7f11d50a3a" className="Test.MySqlTypeProviderTest, Test" name="ToQueryString" />
    </UnitTest>
    <UnitTest name="Where_Simple4" storage="d:\alinq\source\trunk\test\bin\debug\test.dll" id="3a891bf1-e9ae-3c1d-df31-d5abc8487b12">
      <Css projectStructure="" iteration="" />
      <Owners>
        <Owner name="" />
      </Owners>
      <TestMethod codeBase="D:\ALinq\Source\Trunk\Test\bin\Debug\Test.dll" adapterTypeName="Microsoft.VisualStudio.TestTools.TestTypes.Unit.UnitTestAdapter, Microsoft.VisualStudio.QualityTools.Tips.UnitTest.Adapter, Version=9.0.0.0, Culture=neutral, PublicKeyToken=b03f5f7f11d50a3a" className="Test.AccessTest, Test" name="Where_Simple4" />
    </UnitTest>
    <UnitTest name="Math_DivRem" storage="d:\alinq\source\trunk\test\bin\debug\test.dll" id="0c893df1-d892-182a-4648-17320c228675">
      <Css projectStructure="" iteration="" />
      <Owners>
        <Owner name="" />
      </Owners>
      <TestMethod codeBase="D:\ALinq\Source\Trunk\Test\bin\Debug\Test.dll" adapterTypeName="Microsoft.VisualStudio.TestTools.TestTypes.Unit.UnitTestAdapter, Microsoft.VisualStudio.QualityTools.Tips.UnitTest.Adapter, Version=9.0.0.0, Culture=neutral, PublicKeyToken=b03f5f7f11d50a3a" className="Test.PgsqlTest, Test" name="Math_DivRem" />
    </UnitTest>
    <UnitTest name="ResolveAll" storage="d:\alinq\source\trunk\test\bin\debug\test.dll" id="01b34f7d-37e3-b635-ede3-5c95d1ed0d8f">
      <Css projectStructure="" iteration="" />
      <Owners>
        <Owner name="" />
      </Owners>
      <TestMethod codeBase="D:\ALinq\Source\Trunk\Test\bin\Debug\Test.dll" adapterTypeName="Microsoft.VisualStudio.TestTools.TestTypes.Unit.UnitTestAdapter, Microsoft.VisualStudio.QualityTools.Tips.UnitTest.Adapter, Version=9.0.0.0, Culture=neutral, PublicKeyToken=b03f5f7f11d50a3a" className="Test.SqlTest, Test" name="ResolveAll" />
    </UnitTest>
    <UnitTest name="DateTime_Date" storage="d:\alinq\source\trunk\test\bin\debug\test.dll" id="f4e63c89-a47b-1e82-98a9-83fe4e2170e6">
      <Css projectStructure="" iteration="" />
      <Owners>
        <Owner name="" />
      </Owners>
      <TestMethod codeBase="D:\ALinq\Source\Trunk\Test\bin\Debug\Test.dll" adapterTypeName="Microsoft.VisualStudio.TestTools.TestTypes.Unit.UnitTestAdapter, Microsoft.VisualStudio.QualityTools.Tips.UnitTest.Adapter, Version=9.0.0.0, Culture=neutral, PublicKeyToken=b03f5f7f11d50a3a" className="Test.SQLiteTest, Test" name="DateTime_Date" />
    </UnitTest>
    <UnitTest name="Test2" storage="d:\alinq\source\trunk\test\bin\debug\test.dll" id="18e3273e-8266-bdcd-883d-0d2f6ae59e8a">
      <Css projectStructure="" iteration="" />
      <Owners>
        <Owner name="" />
      </Owners>
      <TestMethod codeBase="D:\ALinq\Source\Trunk\Test\bin\Debug\Test.dll" adapterTypeName="Microsoft.VisualStudio.TestTools.TestTypes.Unit.UnitTestAdapter, Microsoft.VisualStudio.QualityTools.Tips.UnitTest.Adapter, Version=9.0.0.0, Culture=neutral, PublicKeyToken=b03f5f7f11d50a3a" className="Test.MySqlTest, Test" name="Test2" />
    </UnitTest>
    <UnitTest name="String_ToLowerInvariant" storage="d:\alinq\source\trunk\test\bin\debug\test.dll" id="97bb19d6-6a8c-4d6a-17a3-a8f35522dd93">
      <Css projectStructure="" iteration="" />
      <Owners>
        <Owner name="" />
      </Owners>
      <TestMethod codeBase="D:\ALinq\Source\Trunk\Test\bin\Debug\Test.dll" adapterTypeName="Microsoft.VisualStudio.TestTools.TestTypes.Unit.UnitTestAdapter, Microsoft.VisualStudio.QualityTools.Tips.UnitTest.Adapter, Version=9.0.0.0, Culture=neutral, PublicKeyToken=b03f5f7f11d50a3a" className="Test.OdpOracleTest, Test" name="String_ToLowerInvariant" />
    </UnitTest>
    <UnitTest name="Join_TowWay" storage="d:\alinq\source\trunk\test\bin\debug\test.dll" id="89c6c2e9-61b3-be35-c227-f5a260f0c29c">
      <Css projectStructure="" iteration="" />
      <Owners>
        <Owner name="" />
      </Owners>
      <TestMethod codeBase="D:\ALinq\Source\Trunk\Test\bin\Debug\Test.dll" adapterTypeName="Microsoft.VisualStudio.TestTools.TestTypes.Unit.UnitTestAdapter, Microsoft.VisualStudio.QualityTools.Tips.UnitTest.Adapter, Version=9.0.0.0, Culture=neutral, PublicKeyToken=b03f5f7f11d50a3a" className="Test.FirebirdTest, Test" name="Join_TowWay" />
    </UnitTest>
    <UnitTest name="StringConnect" storage="d:\alinq\source\trunk\test\bin\debug\test.dll" id="8b320c0c-3277-2b41-b2ea-eddf5778fd3d">
      <Css projectStructure="" iteration="" />
      <Owners>
        <Owner name="" />
      </Owners>
      <TestMethod codeBase="D:\ALinq\Source\Trunk\Test\bin\Debug\Test.dll" adapterTypeName="Microsoft.VisualStudio.TestTools.TestTypes.Unit.UnitTestAdapter, Microsoft.VisualStudio.QualityTools.Tips.UnitTest.Adapter, Version=9.0.0.0, Culture=neutral, PublicKeyToken=b03f5f7f11d50a3a" className="Test.NorOracleTest, Test" name="StringConnect" />
    </UnitTest>
    <UnitTest name="String_ToLower1" storage="d:\alinq\source\trunk\test\bin\debug\test.dll" id="3b146a8e-43d5-e0c1-0963-40f5a137de0a">
      <Css projectStructure="" iteration="" />
      <Owners>
        <Owner name="" />
      </Owners>
      <TestMethod codeBase="D:\ALinq\Source\Trunk\Test\bin\Debug\Test.dll" adapterTypeName="Microsoft.VisualStudio.TestTools.TestTypes.Unit.UnitTestAdapter, Microsoft.VisualStudio.QualityTools.Tips.UnitTest.Adapter, Version=9.0.0.0, Culture=neutral, PublicKeyToken=b03f5f7f11d50a3a" className="Test.FirebirdTest, Test" name="String_ToLower1" />
    </UnitTest>
    <UnitTest name="Command" storage="d:\alinq\source\trunk\test\bin\debug\test.dll" id="dae10dd9-dfe9-3957-9c59-289d17efebfd">
      <Css projectStructure="" iteration="" />
      <Owners>
        <Owner name="" />
      </Owners>
      <TestMethod codeBase="D:\ALinq\Source\Trunk\Test\bin\Debug\Test.dll" adapterTypeName="Microsoft.VisualStudio.TestTools.TestTypes.Unit.UnitTestAdapter, Microsoft.VisualStudio.QualityTools.Tips.UnitTest.Adapter, Version=9.0.0.0, Culture=neutral, PublicKeyToken=b03f5f7f11d50a3a" className="Test.PgsqlTest, Test" name="Command" />
    </UnitTest>
    <UnitTest name="String_TrimEnd" storage="d:\alinq\source\trunk\test\bin\debug\test.dll" id="e9db2e7d-0882-9e98-ffc7-e0816f5b6f82">
      <Css projectStructure="" iteration="" />
      <Owners>
        <Owner name="" />
      </Owners>
      <TestMethod codeBase="D:\ALinq\Source\Trunk\Test\bin\Debug\Test.dll" adapterTypeName="Microsoft.VisualStudio.TestTools.TestTypes.Unit.UnitTestAdapter, Microsoft.VisualStudio.QualityTools.Tips.UnitTest.Adapter, Version=9.0.0.0, Culture=neutral, PublicKeyToken=b03f5f7f11d50a3a" className="Test.SQL2005Test, Test" name="String_TrimEnd" />
    </UnitTest>
    <UnitTest name="DateTime_AddYears" storage="d:\alinq\source\trunk\test\bin\debug\test.dll" id="863f944d-c871-186a-4e6b-38432e6292e4">
      <Css projectStructure="" iteration="" />
      <Owners>
        <Owner name="" />
      </Owners>
      <TestMethod codeBase="D:\ALinq\Source\Trunk\Test\bin\Debug\Test.dll" adapterTypeName="Microsoft.VisualStudio.TestTools.TestTypes.Unit.UnitTestAdapter, Microsoft.VisualStudio.QualityTools.Tips.UnitTest.Adapter, Version=9.0.0.0, Culture=neutral, PublicKeyToken=b03f5f7f11d50a3a" className="Test.SQLiteTest, Test" name="DateTime_AddYears" />
    </UnitTest>
    <UnitTest name="Count_Empty" storage="d:\alinq\source\trunk\test\bin\debug\test.dll" id="f9725a43-88cd-279a-c62b-c3de507422e4">
      <Css projectStructure="" iteration="" />
      <Owners>
        <Owner name="" />
      </Owners>
      <TestMethod codeBase="D:\ALinq\Source\Trunk\Test\bin\Debug\Test.dll" adapterTypeName="Microsoft.VisualStudio.TestTools.TestTypes.Unit.UnitTestAdapter, Microsoft.VisualStudio.QualityTools.Tips.UnitTest.Adapter, Version=9.0.0.0, Culture=neutral, PublicKeyToken=b03f5f7f11d50a3a" className="Test.AccessTest, Test" name="Count_Empty" />
    </UnitTest>
    <UnitTest name="DateTime_Hour" storage="d:\alinq\source\trunk\test\bin\debug\test.dll" id="cdec6049-1afe-624b-e5ba-a3853a109037">
      <Css projectStructure="" iteration="" />
      <Owners>
        <Owner name="" />
      </Owners>
      <TestMethod codeBase="D:\ALinq\Source\Trunk\Test\bin\Debug\Test.dll" adapterTypeName="Microsoft.VisualStudio.TestTools.TestTypes.Unit.UnitTestAdapter, Microsoft.VisualStudio.QualityTools.Tips.UnitTest.Adapter, Version=9.0.0.0, Culture=neutral, PublicKeyToken=b03f5f7f11d50a3a" className="Test.PgsqlTest, Test" name="DateTime_Hour" />
    </UnitTest>
    <UnitTest name="Join_TowWay" storage="d:\alinq\source\trunk\test\bin\debug\test.dll" id="664ad497-7eef-9b7d-185a-72606bbfb78e">
      <Css projectStructure="" iteration="" />
      <Owners>
        <Owner name="" />
      </Owners>
      <TestMethod codeBase="D:\ALinq\Source\Trunk\Test\bin\Debug\Test.dll" adapterTypeName="Microsoft.VisualStudio.TestTools.TestTypes.Unit.UnitTestAdapter, Microsoft.VisualStudio.QualityTools.Tips.UnitTest.Adapter, Version=9.0.0.0, Culture=neutral, PublicKeyToken=b03f5f7f11d50a3a" className="Test.MySqlTest, Test" name="Join_TowWay" />
    </UnitTest>
    <UnitTest name="GroupBy_Simple" storage="d:\alinq\source\trunk\test\bin\debug\test.dll" id="040e9f46-9f7a-b2d7-cfcd-d44c854d00a0">
      <Css projectStructure="" iteration="" />
      <Owners>
        <Owner name="" />
      </Owners>
      <TestMethod codeBase="D:\ALinq\Source\Trunk\Test\bin\Debug\Test.dll" adapterTypeName="Microsoft.VisualStudio.TestTools.TestTypes.Unit.UnitTestAdapter, Microsoft.VisualStudio.QualityTools.Tips.UnitTest.Adapter, Version=9.0.0.0, Culture=neutral, PublicKeyToken=b03f5f7f11d50a3a" className="Test.SQL2000Test, Test" name="GroupBy_Simple" />
    </UnitTest>
    <UnitTest name="String_Trim1" storage="d:\alinq\source\trunk\test\bin\debug\test.dll" id="8a9666b3-1250-118c-2a95-776d5b095dd6">
      <Css projectStructure="" iteration="" />
      <Owners>
        <Owner name="" />
      </Owners>
      <TestMethod codeBase="D:\ALinq\Source\Trunk\Test\bin\Debug\Test.dll" adapterTypeName="Microsoft.VisualStudio.TestTools.TestTypes.Unit.UnitTestAdapter, Microsoft.VisualStudio.QualityTools.Tips.UnitTest.Adapter, Version=9.0.0.0, Culture=neutral, PublicKeyToken=b03f5f7f11d50a3a" className="Test.OdpOracleTest, Test" name="String_Trim1" />
    </UnitTest>
    <UnitTest name="Sum_Grouped" storage="d:\alinq\source\trunk\test\bin\debug\test.dll" id="36383c79-7d7f-26bb-ca54-1465da84cd78">
      <Css projectStructure="" iteration="" />
      <Owners>
        <Owner name="" />
      </Owners>
      <TestMethod codeBase="D:\ALinq\Source\Trunk\Test\bin\Debug\Test.dll" adapterTypeName="Microsoft.VisualStudio.TestTools.TestTypes.Unit.UnitTestAdapter, Microsoft.VisualStudio.QualityTools.Tips.UnitTest.Adapter, Version=9.0.0.0, Culture=neutral, PublicKeyToken=b03f5f7f11d50a3a" className="Test.NorOracleTest, Test" name="Sum_Grouped" />
    </UnitTest>
    <UnitTest name="Math_Atan2" storage="d:\alinq\source\trunk\test\bin\debug\test.dll" id="d148878e-82dd-f813-64c4-e9b3d98353db">
      <Css projectStructure="" iteration="" />
      <Owners>
        <Owner name="" />
      </Owners>
      <TestMethod codeBase="D:\ALinq\Source\Trunk\Test\bin\Debug\Test.dll" adapterTypeName="Microsoft.VisualStudio.TestTools.TestTypes.Unit.UnitTestAdapter, Microsoft.VisualStudio.QualityTools.Tips.UnitTest.Adapter, Version=9.0.0.0, Culture=neutral, PublicKeyToken=b03f5f7f11d50a3a" className="Test.SQL2005Test, Test" name="Math_Atan2" />
    </UnitTest>
    <UnitTest name="DateTime_TimeOfDay" storage="d:\alinq\source\trunk\test\bin\debug\test.dll" id="86bf74cb-de88-069b-80ba-35c0dea94d31">
      <Css projectStructure="" iteration="" />
      <Owners>
        <Owner name="" />
      </Owners>
      <TestMethod codeBase="D:\ALinq\Source\Trunk\Test\bin\Debug\Test.dll" adapterTypeName="Microsoft.VisualStudio.TestTools.TestTypes.Unit.UnitTestAdapter, Microsoft.VisualStudio.QualityTools.Tips.UnitTest.Adapter, Version=9.0.0.0, Culture=neutral, PublicKeyToken=b03f5f7f11d50a3a" className="Test.AccessTest, Test" name="DateTime_TimeOfDay" />
    </UnitTest>
    <UnitTest name="Join" storage="d:\alinq\source\trunk\test\bin\debug\test.dll" id="3338dab6-a26c-3367-7151-c90b570c09c7">
      <Css projectStructure="" iteration="" />
      <Owners>
        <Owner name="" />
      </Owners>
      <TestMethod codeBase="D:\ALinq\Source\Trunk\Test\bin\Debug\Test.dll" adapterTypeName="Microsoft.VisualStudio.TestTools.TestTypes.Unit.UnitTestAdapter, Microsoft.VisualStudio.QualityTools.Tips.UnitTest.Adapter, Version=9.0.0.0, Culture=neutral, PublicKeyToken=b03f5f7f11d50a3a" className="Test.SQL2000Test, Test" name="Join" />
    </UnitTest>
    <UnitTest name="Any_Grouped" storage="d:\alinq\source\trunk\test\bin\debug\test.dll" id="4d946549-ce66-6fe4-5378-c67c91f36017">
      <Css projectStructure="" iteration="" />
      <Owners>
        <Owner name="" />
      </Owners>
      <TestMethod codeBase="D:\ALinq\Source\Trunk\Test\bin\Debug\Test.dll" adapterTypeName="Microsoft.VisualStudio.TestTools.TestTypes.Unit.UnitTestAdapter, Microsoft.VisualStudio.QualityTools.Tips.UnitTest.Adapter, Version=9.0.0.0, Culture=neutral, PublicKeyToken=b03f5f7f11d50a3a" className="Test.SqlTest, Test" name="Any_Grouped" />
    </UnitTest>
    <UnitTest name="DateTimeGE" storage="d:\alinq\source\trunk\test\bin\debug\test.dll" id="657c283c-baa0-59e1-afd4-30ab0a8192ea">
      <Css projectStructure="" iteration="" />
      <Owners>
        <Owner name="" />
      </Owners>
      <TestMethod codeBase="D:\ALinq\Source\Trunk\Test\bin\Debug\Test.dll" adapterTypeName="Microsoft.VisualStudio.TestTools.TestTypes.Unit.UnitTestAdapter, Microsoft.VisualStudio.QualityTools.Tips.UnitTest.Adapter, Version=9.0.0.0, Culture=neutral, PublicKeyToken=b03f5f7f11d50a3a" className="Test.SQL2005Test, Test" name="DateTimeGE" />
    </UnitTest>
    <UnitTest name="IfEqualTest" storage="d:\alinq\source\trunk\test\bin\debug\test.dll" id="4094befc-fadb-a280-9f24-c86d6de77b1e">
      <Css projectStructure="" iteration="" />
      <Owners>
        <Owner name="" />
      </Owners>
      <TestMethod codeBase="D:\ALinq\Source\Trunk\Test\bin\Debug\Test.dll" adapterTypeName="Microsoft.VisualStudio.TestTools.TestTypes.Unit.UnitTestAdapter, Microsoft.VisualStudio.QualityTools.Tips.UnitTest.Adapter, Version=9.0.0.0, Culture=neutral, PublicKeyToken=b03f5f7f11d50a3a" className="Test.PgsqlTest, Test" name="IfEqualTest" />
    </UnitTest>
    <UnitTest name="Aggregate_Null" storage="d:\alinq\source\trunk\test\bin\debug\test.dll" id="fa8dda7f-a4f4-111c-9322-8f6349cc36c6">
      <Css projectStructure="" iteration="" />
      <Owners>
        <Owner name="" />
      </Owners>
      <TestMethod codeBase="D:\ALinq\Source\Trunk\Test\bin\Debug\Test.dll" adapterTypeName="Microsoft.VisualStudio.TestTools.TestTypes.Unit.UnitTestAdapter, Microsoft.VisualStudio.QualityTools.Tips.UnitTest.Adapter, Version=9.0.0.0, Culture=neutral, PublicKeyToken=b03f5f7f11d50a3a" className="Test.SQL2005Test, Test" name="Aggregate_Null" />
    </UnitTest>
    <UnitTest name="SqlMethod_Len" storage="d:\alinq\source\trunk\test\bin\debug\test.dll" id="93fc24f4-803c-41fe-c906-15eb5e608aae">
      <Css projectStructure="" iteration="" />
      <Owners>
        <Owner name="" />
      </Owners>
      <TestMethod codeBase="D:\ALinq\Source\Trunk\Test\bin\Debug\Test.dll" adapterTypeName="Microsoft.VisualStudio.TestTools.TestTypes.Unit.UnitTestAdapter, Microsoft.VisualStudio.QualityTools.Tips.UnitTest.Adapter, Version=9.0.0.0, Culture=neutral, PublicKeyToken=b03f5f7f11d50a3a" className="Test.AccessTest, Test" name="SqlMethod_Len" />
    </UnitTest>
    <UnitTest name="GroupBy_ConditionalCount" storage="d:\alinq\source\trunk\test\bin\debug\test.dll" id="57d72d3c-45ff-8b87-5348-65103c311c50">
      <Css projectStructure="" iteration="" />
      <Owners>
        <Owner name="" />
      </Owners>
      <TestMethod codeBase="D:\ALinq\Source\Trunk\Test\bin\Debug\Test.dll" adapterTypeName="Microsoft.VisualStudio.TestTools.TestTypes.Unit.UnitTestAdapter, Microsoft.VisualStudio.QualityTools.Tips.UnitTest.Adapter, Version=9.0.0.0, Culture=neutral, PublicKeyToken=b03f5f7f11d50a3a" className="Test.SQLiteTest, Test" name="GroupBy_ConditionalCount" />
    </UnitTest>
    <UnitTest name="FromObjectTest" storage="d:\alinq\source\trunk\test\bin\debug\test.dll" id="d24cf4b6-786b-9fa6-bb03-49a14d1d8e43">
      <Css projectStructure="" iteration="" />
      <Owners>
        <Owner name="" />
      </Owners>
      <TestMethod codeBase="D:\ALinq\Source\Trunk\Test\bin\Debug\Test.dll" adapterTypeName="Microsoft.VisualStudio.TestTools.TestTypes.Unit.UnitTestAdapter, Microsoft.VisualStudio.QualityTools.Tips.UnitTest.Adapter, Version=9.0.0.0, Culture=neutral, PublicKeyToken=b03f5f7f11d50a3a" className="Test.PgsqlDataTypeTest, Test" name="FromObjectTest" />
    </UnitTest>
    <UnitTest name="Convert_ToDateTime" storage="d:\alinq\source\trunk\test\bin\debug\test.dll" id="b3a9fb93-7eb3-9d16-dde4-2122f8c419d9">
      <Css projectStructure="" iteration="" />
      <Owners>
        <Owner name="" />
      </Owners>
      <TestMethod codeBase="D:\ALinq\Source\Trunk\Test\bin\Debug\Test.dll" adapterTypeName="Microsoft.VisualStudio.TestTools.TestTypes.Unit.UnitTestAdapter, Microsoft.VisualStudio.QualityTools.Tips.UnitTest.Adapter, Version=9.0.0.0, Culture=neutral, PublicKeyToken=b03f5f7f11d50a3a" className="Test.SqlTest, Test" name="Convert_ToDateTime" />
    </UnitTest>
    <UnitTest name="Count_Nested" storage="d:\alinq\source\trunk\test\bin\debug\test.dll" id="ee2838e7-3a63-69b5-5af7-e4b47874b431">
      <Css projectStructure="" iteration="" />
      <Owners>
        <Owner name="" />
      </Owners>
      <TestMethod codeBase="D:\ALinq\Source\Trunk\Test\bin\Debug\Test.dll" adapterTypeName="Microsoft.VisualStudio.TestTools.TestTypes.Unit.UnitTestAdapter, Microsoft.VisualStudio.QualityTools.Tips.UnitTest.Adapter, Version=9.0.0.0, Culture=neutral, PublicKeyToken=b03f5f7f11d50a3a" className="Test.PgsqlTest, Test" name="Count_Nested" />
    </UnitTest>
    <UnitTest name="DateTime_AddDays" storage="d:\alinq\source\trunk\test\bin\debug\test.dll" id="56004cd4-85b9-ac0d-ee00-150f31ef6702">
      <Css projectStructure="" iteration="" />
      <Owners>
        <Owner name="" />
      </Owners>
      <TestMethod codeBase="D:\ALinq\Source\Trunk\Test\bin\Debug\Test.dll" adapterTypeName="Microsoft.VisualStudio.TestTools.TestTypes.Unit.UnitTestAdapter, Microsoft.VisualStudio.QualityTools.Tips.UnitTest.Adapter, Version=9.0.0.0, Culture=neutral, PublicKeyToken=b03f5f7f11d50a3a" className="Test.SqlTest, Test" name="DateTime_AddDays" />
    </UnitTest>
    <UnitTest name="Select_Simple" storage="d:\alinq\source\trunk\test\bin\debug\test.dll" id="36a41e0b-f358-5783-65d1-78c364e65516">
      <Css projectStructure="" iteration="" />
      <Owners>
        <Owner name="" />
      </Owners>
      <TestMethod codeBase="D:\ALinq\Source\Trunk\Test\bin\Debug\Test.dll" adapterTypeName="Microsoft.VisualStudio.TestTools.TestTypes.Unit.UnitTestAdapter, Microsoft.VisualStudio.QualityTools.Tips.UnitTest.Adapter, Version=9.0.0.0, Culture=neutral, PublicKeyToken=b03f5f7f11d50a3a" className="Test.SqlTest, Test" name="Select_Simple" />
    </UnitTest>
    <UnitTest name="Join_LeftOuter" storage="d:\alinq\source\trunk\test\bin\debug\test.dll" id="07f1c317-ea44-fe18-0bb9-ef2f1ebbd128">
      <Css projectStructure="" iteration="" />
      <Owners>
        <Owner name="" />
      </Owners>
      <TestMethod codeBase="D:\ALinq\Source\Trunk\Test\bin\Debug\Test.dll" adapterTypeName="Microsoft.VisualStudio.TestTools.TestTypes.Unit.UnitTestAdapter, Microsoft.VisualStudio.QualityTools.Tips.UnitTest.Adapter, Version=9.0.0.0, Culture=neutral, PublicKeyToken=b03f5f7f11d50a3a" className="Test.NorOracleTest, Test" name="Join_LeftOuter" />
    </UnitTest>
    <UnitTest name="Avg_Grouped" storage="d:\alinq\source\trunk\test\bin\debug\test.dll" id="5240cc9f-7f36-b2e1-5347-8e86f0219726">
      <Css projectStructure="" iteration="" />
      <Owners>
        <Owner name="" />
      </Owners>
      <TestMethod codeBase="D:\ALinq\Source\Trunk\Test\bin\Debug\Test.dll" adapterTypeName="Microsoft.VisualStudio.TestTools.TestTypes.Unit.UnitTestAdapter, Microsoft.VisualStudio.QualityTools.Tips.UnitTest.Adapter, Version=9.0.0.0, Culture=neutral, PublicKeyToken=b03f5f7f11d50a3a" className="Test.DB2Test, Test" name="Avg_Grouped" />
    </UnitTest>
    <UnitTest name="DateTime_ToString" storage="d:\alinq\source\trunk\test\bin\debug\test.dll" id="7e5775d2-9ccb-8783-401c-5cef5b83da65">
      <Css projectStructure="" iteration="" />
      <Owners>
        <Owner name="" />
      </Owners>
      <TestMethod codeBase="D:\ALinq\Source\Trunk\Test\bin\Debug\Test.dll" adapterTypeName="Microsoft.VisualStudio.TestTools.TestTypes.Unit.UnitTestAdapter, Microsoft.VisualStudio.QualityTools.Tips.UnitTest.Adapter, Version=9.0.0.0, Culture=neutral, PublicKeyToken=b03f5f7f11d50a3a" className="Test.DB2Test, Test" name="DateTime_ToString" />
    </UnitTest>
    <UnitTest name="DateTime_DayOfWeek" storage="d:\alinq\source\trunk\test\bin\debug\test.dll" id="17b0df05-22ae-9ff0-3ff1-a8394c80991a">
      <Css projectStructure="" iteration="" />
      <Owners>
        <Owner name="" />
      </Owners>
      <TestMethod codeBase="D:\ALinq\Source\Trunk\Test\bin\Debug\Test.dll" adapterTypeName="Microsoft.VisualStudio.TestTools.TestTypes.Unit.UnitTestAdapter, Microsoft.VisualStudio.QualityTools.Tips.UnitTest.Adapter, Version=9.0.0.0, Culture=neutral, PublicKeyToken=b03f5f7f11d50a3a" className="Test.SQLiteTest, Test" name="DateTime_DayOfWeek" />
    </UnitTest>
    <UnitTest name="Min_Projection" storage="d:\alinq\source\trunk\test\bin\debug\test.dll" id="30ac6411-8565-80d9-12d0-97a71ce9f45c">
      <Css projectStructure="" iteration="" />
      <Owners>
        <Owner name="" />
      </Owners>
      <TestMethod codeBase="D:\ALinq\Source\Trunk\Test\bin\Debug\Test.dll" adapterTypeName="Microsoft.VisualStudio.TestTools.TestTypes.Unit.UnitTestAdapter, Microsoft.VisualStudio.QualityTools.Tips.UnitTest.Adapter, Version=9.0.0.0, Culture=neutral, PublicKeyToken=b03f5f7f11d50a3a" className="Test.PgsqlTest, Test" name="Min_Projection" />
    </UnitTest>
    <UnitTest name="Any_Condition" storage="d:\alinq\source\trunk\test\bin\debug\test.dll" id="3c843928-11e7-1866-1031-456c377b59d9">
      <Css projectStructure="" iteration="" />
      <Owners>
        <Owner name="" />
      </Owners>
      <TestMethod codeBase="D:\ALinq\Source\Trunk\Test\bin\Debug\Test.dll" adapterTypeName="Microsoft.VisualStudio.TestTools.TestTypes.Unit.UnitTestAdapter, Microsoft.VisualStudio.QualityTools.Tips.UnitTest.Adapter, Version=9.0.0.0, Culture=neutral, PublicKeyToken=b03f5f7f11d50a3a" className="Test.AccessTest, Test" name="Any_Condition" />
    </UnitTest>
    <UnitTest name="Math_Sinh" storage="d:\alinq\source\trunk\test\bin\debug\test.dll" id="50f6b687-06e2-f593-ba3f-5b44c41bf96e">
      <Css projectStructure="" iteration="" />
      <Owners>
        <Owner name="" />
      </Owners>
      <TestMethod codeBase="D:\ALinq\Source\Trunk\Test\bin\Debug\Test.dll" adapterTypeName="Microsoft.VisualStudio.TestTools.TestTypes.Unit.UnitTestAdapter, Microsoft.VisualStudio.QualityTools.Tips.UnitTest.Adapter, Version=9.0.0.0, Culture=neutral, PublicKeyToken=b03f5f7f11d50a3a" className="Test.SQLiteTest, Test" name="Math_Sinh" />
    </UnitTest>
    <UnitTest name="DateTime_ToString" storage="d:\alinq\source\trunk\test\bin\debug\test.dll" id="8b3bef82-8351-c724-38d2-692e6dce0b3e">
      <Css projectStructure="" iteration="" />
      <Owners>
        <Owner name="" />
      </Owners>
      <TestMethod codeBase="D:\ALinq\Source\Trunk\Test\bin\Debug\Test.dll" adapterTypeName="Microsoft.VisualStudio.TestTools.TestTypes.Unit.UnitTestAdapter, Microsoft.VisualStudio.QualityTools.Tips.UnitTest.Adapter, Version=9.0.0.0, Culture=neutral, PublicKeyToken=b03f5f7f11d50a3a" className="Test.MySqlTest, Test" name="DateTime_ToString" />
    </UnitTest>
    <UnitTest name="StringRelace" storage="d:\alinq\source\trunk\test\bin\debug\test.dll" id="8fea9774-5b1f-5119-8409-7cb8f8b45d9e">
      <Css projectStructure="" iteration="" />
      <Owners>
        <Owner name="" />
      </Owners>
      <TestMethod codeBase="D:\ALinq\Source\Trunk\Test\bin\Debug\Test.dll" adapterTypeName="Microsoft.VisualStudio.TestTools.TestTypes.Unit.UnitTestAdapter, Microsoft.VisualStudio.QualityTools.Tips.UnitTest.Adapter, Version=9.0.0.0, Culture=neutral, PublicKeyToken=b03f5f7f11d50a3a" className="Test.FirebirdTest, Test" name="StringRelace" />
    </UnitTest>
    <UnitTest name="DataType_Char" storage="d:\alinq\source\trunk\test\bin\debug\test.dll" id="9f7c2073-7820-c541-d4c2-73f8c0ac1e37">
      <Css projectStructure="" iteration="" />
      <Owners>
        <Owner name="" />
      </Owners>
      <TestMethod codeBase="D:\ALinq\Source\Trunk\Test\bin\Debug\Test.dll" adapterTypeName="Microsoft.VisualStudio.TestTools.TestTypes.Unit.UnitTestAdapter, Microsoft.VisualStudio.QualityTools.Tips.UnitTest.Adapter, Version=9.0.0.0, Culture=neutral, PublicKeyToken=b03f5f7f11d50a3a" className="Test.AccessTest, Test" name="DataType_Char" />
    </UnitTest>
    <UnitTest name="Join_CompositeKey" storage="d:\alinq\source\trunk\test\bin\debug\test.dll" id="83ff3a13-b439-870a-343c-c26f71029411">
      <Css projectStructure="" iteration="" />
      <Owners>
        <Owner name="" />
      </Owners>
      <TestMethod codeBase="D:\ALinq\Source\Trunk\Test\bin\Debug\Test.dll" adapterTypeName="Microsoft.VisualStudio.TestTools.TestTypes.Unit.UnitTestAdapter, Microsoft.VisualStudio.QualityTools.Tips.UnitTest.Adapter, Version=9.0.0.0, Culture=neutral, PublicKeyToken=b03f5f7f11d50a3a" className="Test.DB2Test, Test" name="Join_CompositeKey" />
    </UnitTest>
    <UnitTest name="CreateDatabase" storage="d:\alinq\source\trunk\test\bin\debug\test.dll" id="373c97cf-c8ec-abca-11a9-b8018e81220e">
      <Css projectStructure="" iteration="" />
      <Owners>
        <Owner name="" />
      </Owners>
      <TestMethod codeBase="D:\ALinq\Source\Trunk\Test\bin\Debug\Test.dll" adapterTypeName="Microsoft.VisualStudio.TestTools.TestTypes.Unit.UnitTestAdapter, Microsoft.VisualStudio.QualityTools.Tips.UnitTest.Adapter, Version=9.0.0.0, Culture=neutral, PublicKeyToken=b03f5f7f11d50a3a" className="Test.MySqlProcedureTest, Test" name="CreateDatabase" />
    </UnitTest>
    <UnitTest name="DateTime_Year" storage="d:\alinq\source\trunk\test\bin\debug\test.dll" id="3e7c0007-677c-a083-265e-40af6ecf42df">
      <Css projectStructure="" iteration="" />
      <Owners>
        <Owner name="" />
      </Owners>
      <TestMethod codeBase="D:\ALinq\Source\Trunk\Test\bin\Debug\Test.dll" adapterTypeName="Microsoft.VisualStudio.TestTools.TestTypes.Unit.UnitTestAdapter, Microsoft.VisualStudio.QualityTools.Tips.UnitTest.Adapter, Version=9.0.0.0, Culture=neutral, PublicKeyToken=b03f5f7f11d50a3a" className="Test.OdpOracleTest, Test" name="DateTime_Year" />
    </UnitTest>
    <UnitTest name="Convert_ToSByte" storage="d:\alinq\source\trunk\test\bin\debug\test.dll" id="172c7ee8-fd41-f7ec-ed62-4020e6eb7c8f">
      <Css projectStructure="" iteration="" />
      <Owners>
        <Owner name="" />
      </Owners>
      <TestMethod codeBase="D:\ALinq\Source\Trunk\Test\bin\Debug\Test.dll" adapterTypeName="Microsoft.VisualStudio.TestTools.TestTypes.Unit.UnitTestAdapter, Microsoft.VisualStudio.QualityTools.Tips.UnitTest.Adapter, Version=9.0.0.0, Culture=neutral, PublicKeyToken=b03f5f7f11d50a3a" className="Test.SqlTest, Test" name="Convert_ToSByte" />
    </UnitTest>
    <UnitTest name="DateDiffMonth" storage="d:\alinq\source\trunk\test\bin\debug\test.dll" id="2272f426-2964-ce01-7924-67b4ac6498fc">
      <Css projectStructure="" iteration="" />
      <Owners>
        <Owner name="" />
      </Owners>
      <TestMethod codeBase="D:\ALinq\Source\Trunk\Test\bin\Debug\Test.dll" adapterTypeName="Microsoft.VisualStudio.TestTools.TestTypes.Unit.UnitTestAdapter, Microsoft.VisualStudio.QualityTools.Tips.UnitTest.Adapter, Version=9.0.0.0, Culture=neutral, PublicKeyToken=b03f5f7f11d50a3a" className="Test.DB2SqlMethods, Test" name="DateDiffMonth" />
    </UnitTest>
    <UnitTest name="Math_Max" storage="d:\alinq\source\trunk\test\bin\debug\test.dll" id="6e016f34-37fc-ae05-1b58-37873366425b">
      <Css projectStructure="" iteration="" />
      <Owners>
        <Owner name="" />
      </Owners>
      <TestMethod codeBase="D:\ALinq\Source\Trunk\Test\bin\Debug\Test.dll" adapterTypeName="Microsoft.VisualStudio.TestTools.TestTypes.Unit.UnitTestAdapter, Microsoft.VisualStudio.QualityTools.Tips.UnitTest.Adapter, Version=9.0.0.0, Culture=neutral, PublicKeyToken=b03f5f7f11d50a3a" className="Test.DB2Test, Test" name="Math_Max" />
    </UnitTest>
    <UnitTest name="Intersect" storage="d:\alinq\source\trunk\test\bin\debug\test.dll" id="0803d69e-580b-ba5b-5023-142e9d883e22">
      <Css projectStructure="" iteration="" />
      <Owners>
        <Owner name="" />
      </Owners>
      <TestMethod codeBase="D:\ALinq\Source\Trunk\Test\bin\Debug\Test.dll" adapterTypeName="Microsoft.VisualStudio.TestTools.TestTypes.Unit.UnitTestAdapter, Microsoft.VisualStudio.QualityTools.Tips.UnitTest.Adapter, Version=9.0.0.0, Culture=neutral, PublicKeyToken=b03f5f7f11d50a3a" className="Test.OdpOracleTest, Test" name="Intersect" />
    </UnitTest>
    <UnitTest name="String_CompareTo" storage="d:\alinq\source\trunk\test\bin\debug\test.dll" id="19eed7cc-7587-d3ab-e392-95e376bbdd67">
      <Css projectStructure="" iteration="" />
      <Owners>
        <Owner name="" />
      </Owners>
      <TestMethod codeBase="D:\ALinq\Source\Trunk\Test\bin\Debug\Test.dll" adapterTypeName="Microsoft.VisualStudio.TestTools.TestTypes.Unit.UnitTestAdapter, Microsoft.VisualStudio.QualityTools.Tips.UnitTest.Adapter, Version=9.0.0.0, Culture=neutral, PublicKeyToken=b03f5f7f11d50a3a" className="Test.FirebirdTest, Test" name="String_CompareTo" />
    </UnitTest>
    <UnitTest name="Math_Cosh" storage="d:\alinq\source\trunk\test\bin\debug\test.dll" id="7f0ed5c0-7268-01da-308d-76f8dfdfb633">
      <Css projectStructure="" iteration="" />
      <Owners>
        <Owner name="" />
      </Owners>
      <TestMethod codeBase="D:\ALinq\Source\Trunk\Test\bin\Debug\Test.dll" adapterTypeName="Microsoft.VisualStudio.TestTools.TestTypes.Unit.UnitTestAdapter, Microsoft.VisualStudio.QualityTools.Tips.UnitTest.Adapter, Version=9.0.0.0, Culture=neutral, PublicKeyToken=b03f5f7f11d50a3a" className="Test.SQL2000Test, Test" name="Math_Cosh" />
    </UnitTest>
    <UnitTest name="Math_Tanh" storage="d:\alinq\source\trunk\test\bin\debug\test.dll" id="339ab285-9c9e-6424-eedc-f1354d9a16dc">
      <Css projectStructure="" iteration="" />
      <Owners>
        <Owner name="" />
      </Owners>
      <TestMethod codeBase="D:\ALinq\Source\Trunk\Test\bin\Debug\Test.dll" adapterTypeName="Microsoft.VisualStudio.TestTools.TestTypes.Unit.UnitTestAdapter, Microsoft.VisualStudio.QualityTools.Tips.UnitTest.Adapter, Version=9.0.0.0, Culture=neutral, PublicKeyToken=b03f5f7f11d50a3a" className="Test.SQLiteTest, Test" name="Math_Tanh" />
    </UnitTest>
    <UnitTest name="CollectionConvert" storage="d:\alinq\source\trunk\test\bin\debug\test.dll" id="3b72988a-fb19-5d23-96a0-6c1294212d4a">
      <Css projectStructure="" iteration="" />
      <Owners>
        <Owner name="" />
      </Owners>
      <TestMethod codeBase="D:\ALinq\Source\Trunk\Test\bin\Debug\Test.dll" adapterTypeName="Microsoft.VisualStudio.TestTools.TestTypes.Unit.UnitTestAdapter, Microsoft.VisualStudio.QualityTools.Tips.UnitTest.Adapter, Version=9.0.0.0, Culture=neutral, PublicKeyToken=b03f5f7f11d50a3a" className="Test.FirebirdTest, Test" name="CollectionConvert" />
    </UnitTest>
    <UnitTest name="String_IndexOf4" storage="d:\alinq\source\trunk\test\bin\debug\test.dll" id="28208f41-7434-cdea-d9e0-f808eaf195e8">
      <Css projectStructure="" iteration="" />
      <Owners>
        <Owner name="" />
      </Owners>
      <TestMethod codeBase="D:\ALinq\Source\Trunk\Test\bin\Debug\Test.dll" adapterTypeName="Microsoft.VisualStudio.TestTools.TestTypes.Unit.UnitTestAdapter, Microsoft.VisualStudio.QualityTools.Tips.UnitTest.Adapter, Version=9.0.0.0, Culture=neutral, PublicKeyToken=b03f5f7f11d50a3a" className="Test.SQL2005Test, Test" name="String_IndexOf4" />
    </UnitTest>
    <UnitTest name="DateTime_AddSeconds" storage="d:\alinq\source\trunk\test\bin\debug\test.dll" id="5ebd76e2-01c9-3221-3642-098071d0ab06">
      <Css projectStructure="" iteration="" />
      <Owners>
        <Owner name="" />
      </Owners>
      <TestMethod codeBase="D:\ALinq\Source\Trunk\Test\bin\Debug\Test.dll" adapterTypeName="Microsoft.VisualStudio.TestTools.TestTypes.Unit.UnitTestAdapter, Microsoft.VisualStudio.QualityTools.Tips.UnitTest.Adapter, Version=9.0.0.0, Culture=neutral, PublicKeyToken=b03f5f7f11d50a3a" className="Test.SqlTest, Test" name="DateTime_AddSeconds" />
    </UnitTest>
    <UnitTest name="String_ToUpper2" storage="d:\alinq\source\trunk\test\bin\debug\test.dll" id="1b22d273-3bba-7a15-bb98-9b527573a669">
      <Css projectStructure="" iteration="" />
      <Owners>
        <Owner name="" />
      </Owners>
      <TestMethod codeBase="D:\ALinq\Source\Trunk\Test\bin\Debug\Test.dll" adapterTypeName="Microsoft.VisualStudio.TestTools.TestTypes.Unit.UnitTestAdapter, Microsoft.VisualStudio.QualityTools.Tips.UnitTest.Adapter, Version=9.0.0.0, Culture=neutral, PublicKeyToken=b03f5f7f11d50a3a" className="Test.DB2Test, Test" name="String_ToUpper2" />
    </UnitTest>
    <UnitTest name="String_Length" storage="d:\alinq\source\trunk\test\bin\debug\test.dll" id="abc2af38-6a73-cfea-2dd0-02df11e304a6">
      <Css projectStructure="" iteration="" />
      <Owners>
        <Owner name="" />
      </Owners>
      <TestMethod codeBase="D:\ALinq\Source\Trunk\Test\bin\Debug\Test.dll" adapterTypeName="Microsoft.VisualStudio.TestTools.TestTypes.Unit.UnitTestAdapter, Microsoft.VisualStudio.QualityTools.Tips.UnitTest.Adapter, Version=9.0.0.0, Culture=neutral, PublicKeyToken=b03f5f7f11d50a3a" className="Test.PgsqlTest, Test" name="String_Length" />
    </UnitTest>
    <UnitTest name="Convert_ToSByte" storage="d:\alinq\source\trunk\test\bin\debug\test.dll" id="217f97ef-28fc-a8bd-debb-b3d24e4ade8f">
      <Css projectStructure="" iteration="" />
      <Owners>
        <Owner name="" />
      </Owners>
      <TestMethod codeBase="D:\ALinq\Source\Trunk\Test\bin\Debug\Test.dll" adapterTypeName="Microsoft.VisualStudio.TestTools.TestTypes.Unit.UnitTestAdapter, Microsoft.VisualStudio.QualityTools.Tips.UnitTest.Adapter, Version=9.0.0.0, Culture=neutral, PublicKeyToken=b03f5f7f11d50a3a" className="Test.MySqlTest, Test" name="Convert_ToSByte" />
    </UnitTest>
    <UnitTest name="Join_CompositeKey" storage="d:\alinq\source\trunk\test\bin\debug\test.dll" id="61d1f3e0-d9cb-4fcf-dcbc-0dbeaa27feb6">
      <Css projectStructure="" iteration="" />
      <Owners>
        <Owner name="" />
      </Owners>
      <TestMethod codeBase="D:\ALinq\Source\Trunk\Test\bin\Debug\Test.dll" adapterTypeName="Microsoft.VisualStudio.TestTools.TestTypes.Unit.UnitTestAdapter, Microsoft.VisualStudio.QualityTools.Tips.UnitTest.Adapter, Version=9.0.0.0, Culture=neutral, PublicKeyToken=b03f5f7f11d50a3a" className="Test.SqlTest, Test" name="Join_CompositeKey" />
    </UnitTest>
    <UnitTest name="CreateDatabase" storage="d:\alinq\source\trunk\test\bin\debug\test.dll" id="2a3fb2c3-c3f7-473c-8aa3-60a15c0efb17">
      <Css projectStructure="" iteration="" />
      <Owners>
        <Owner name="" />
      </Owners>
      <TestMethod codeBase="D:\ALinq\Source\Trunk\Test\bin\Debug\Test.dll" adapterTypeName="Microsoft.VisualStudio.TestTools.TestTypes.Unit.UnitTestAdapter, Microsoft.VisualStudio.QualityTools.Tips.UnitTest.Adapter, Version=9.0.0.0, Culture=neutral, PublicKeyToken=b03f5f7f11d50a3a" className="Test.SQLiteTest, Test" name="CreateDatabase" />
    </UnitTest>
    <UnitTest name="Math_Asin" storage="d:\alinq\source\trunk\test\bin\debug\test.dll" id="a78245d2-a1d0-7786-0716-feb823d30048">
      <Css projectStructure="" iteration="" />
      <Owners>
        <Owner name="" />
      </Owners>
      <TestMethod codeBase="D:\ALinq\Source\Trunk\Test\bin\Debug\Test.dll" adapterTypeName="Microsoft.VisualStudio.TestTools.TestTypes.Unit.UnitTestAdapter, Microsoft.VisualStudio.QualityTools.Tips.UnitTest.Adapter, Version=9.0.0.0, Culture=neutral, PublicKeyToken=b03f5f7f11d50a3a" className="Test.SQL2000Test, Test" name="Math_Asin" />
    </UnitTest>
    <UnitTest name="DateDiffYear" storage="d:\alinq\source\trunk\test\bin\debug\test.dll" id="1fd86746-7cc4-2e8d-7877-3ad9f89f71fd">
      <Css projectStructure="" iteration="" />
      <Owners>
        <Owner name="" />
      </Owners>
      <TestMethod codeBase="D:\ALinq\Source\Trunk\Test\bin\Debug\Test.dll" adapterTypeName="Microsoft.VisualStudio.TestTools.TestTypes.Unit.UnitTestAdapter, Microsoft.VisualStudio.QualityTools.Tips.UnitTest.Adapter, Version=9.0.0.0, Culture=neutral, PublicKeyToken=b03f5f7f11d50a3a" className="Test.DB2SqlMethods, Test" name="DateDiffYear" />
    </UnitTest>
    <UnitTest name="GroupBy_Day" storage="d:\alinq\source\trunk\test\bin\debug\test.dll" id="e725cb3f-e73b-f21b-4af6-bad3b970959e">
      <Css projectStructure="" iteration="" />
      <Owners>
        <Owner name="" />
      </Owners>
      <TestMethod codeBase="D:\ALinq\Source\Trunk\Test\bin\Debug\Test.dll" adapterTypeName="Microsoft.VisualStudio.TestTools.TestTypes.Unit.UnitTestAdapter, Microsoft.VisualStudio.QualityTools.Tips.UnitTest.Adapter, Version=9.0.0.0, Culture=neutral, PublicKeyToken=b03f5f7f11d50a3a" className="Test.SQL2000Test, Test" name="GroupBy_Day" />
    </UnitTest>
    <UnitTest name="DateTimeLE" storage="d:\alinq\source\trunk\test\bin\debug\test.dll" id="de182cb5-3394-058a-a796-0717ca7ca2ce">
      <Css projectStructure="" iteration="" />
      <Owners>
        <Owner name="" />
      </Owners>
      <TestMethod codeBase="D:\ALinq\Source\Trunk\Test\bin\Debug\Test.dll" adapterTypeName="Microsoft.VisualStudio.TestTools.TestTypes.Unit.UnitTestAdapter, Microsoft.VisualStudio.QualityTools.Tips.UnitTest.Adapter, Version=9.0.0.0, Culture=neutral, PublicKeyToken=b03f5f7f11d50a3a" className="Test.SqlTest, Test" name="DateTimeLE" />
    </UnitTest>
    <UnitTest name="DateDiffMillisecond" storage="d:\alinq\source\trunk\test\bin\debug\test.dll" id="466d00e1-09dc-4a37-0238-5750ace9946f">
      <Css projectStructure="" iteration="" />
      <Owners>
        <Owner name="" />
      </Owners>
      <TestMethod codeBase="D:\ALinq\Source\Trunk\Test\bin\Debug\Test.dll" adapterTypeName="Microsoft.VisualStudio.TestTools.TestTypes.Unit.UnitTestAdapter, Microsoft.VisualStudio.QualityTools.Tips.UnitTest.Adapter, Version=9.0.0.0, Culture=neutral, PublicKeyToken=b03f5f7f11d50a3a" className="Test.DB2SqlMethods, Test" name="DateDiffMillisecond" />
    </UnitTest>
    <UnitTest name="Math_Acos" storage="d:\alinq\source\trunk\test\bin\debug\test.dll" id="599b68c6-d9db-c2c6-35f8-fe837784c2f0">
      <Css projectStructure="" iteration="" />
      <Owners>
        <Owner name="" />
      </Owners>
      <TestMethod codeBase="D:\ALinq\Source\Trunk\Test\bin\Debug\Test.dll" adapterTypeName="Microsoft.VisualStudio.TestTools.TestTypes.Unit.UnitTestAdapter, Microsoft.VisualStudio.QualityTools.Tips.UnitTest.Adapter, Version=9.0.0.0, Culture=neutral, PublicKeyToken=b03f5f7f11d50a3a" className="Test.SQL2000Test, Test" name="Math_Acos" />
    </UnitTest>
    <UnitTest name="Convert_ToString" storage="d:\alinq\source\trunk\test\bin\debug\test.dll" id="71258bed-f2fa-4834-be79-c44ca83fb4cd">
      <Css projectStructure="" iteration="" />
      <Owners>
        <Owner name="" />
      </Owners>
      <TestMethod codeBase="D:\ALinq\Source\Trunk\Test\bin\Debug\Test.dll" adapterTypeName="Microsoft.VisualStudio.TestTools.TestTypes.Unit.UnitTestAdapter, Microsoft.VisualStudio.QualityTools.Tips.UnitTest.Adapter, Version=9.0.0.0, Culture=neutral, PublicKeyToken=b03f5f7f11d50a3a" className="Test.SQL2005Test, Test" name="Convert_ToString" />
    </UnitTest>
    <UnitTest name="Math_Exp" storage="d:\alinq\source\trunk\test\bin\debug\test.dll" id="acdae991-d912-c4a8-4f6c-28b970efdb04">
      <Css projectStructure="" iteration="" />
      <Owners>
        <Owner name="" />
      </Owners>
      <TestMethod codeBase="D:\ALinq\Source\Trunk\Test\bin\Debug\Test.dll" adapterTypeName="Microsoft.VisualStudio.TestTools.TestTypes.Unit.UnitTestAdapter, Microsoft.VisualStudio.QualityTools.Tips.UnitTest.Adapter, Version=9.0.0.0, Culture=neutral, PublicKeyToken=b03f5f7f11d50a3a" className="Test.AccessTest, Test" name="Math_Exp" />
    </UnitTest>
    <UnitTest name="Math_Cosh" storage="d:\alinq\source\trunk\test\bin\debug\test.dll" id="11693dfc-fbf6-db87-1e9b-f9c536e059e2">
      <Css projectStructure="" iteration="" />
      <Owners>
        <Owner name="" />
      </Owners>
      <TestMethod codeBase="D:\ALinq\Source\Trunk\Test\bin\Debug\Test.dll" adapterTypeName="Microsoft.VisualStudio.TestTools.TestTypes.Unit.UnitTestAdapter, Microsoft.VisualStudio.QualityTools.Tips.UnitTest.Adapter, Version=9.0.0.0, Culture=neutral, PublicKeyToken=b03f5f7f11d50a3a" className="Test.DB2Test, Test" name="Math_Cosh" />
    </UnitTest>
    <UnitTest name="TableExists" storage="d:\alinq\source\trunk\test\bin\debug\test.dll" id="9840b800-197c-7629-e990-73179e7b3cf3">
      <Css projectStructure="" iteration="" />
      <Owners>
        <Owner name="" />
      </Owners>
      <TestMethod codeBase="D:\ALinq\Source\Trunk\Test\bin\Debug\Test.dll" adapterTypeName="Microsoft.VisualStudio.TestTools.TestTypes.Unit.UnitTestAdapter, Microsoft.VisualStudio.QualityTools.Tips.UnitTest.Adapter, Version=9.0.0.0, Culture=neutral, PublicKeyToken=b03f5f7f11d50a3a" className="Test.PgsqlTest, Test" name="TableExists" />
    </UnitTest>
    <UnitTest name="Take_Nested" storage="d:\alinq\source\trunk\test\bin\debug\test.dll" id="d26da63e-d5da-496c-457c-fe7c7759871b">
      <Css projectStructure="" iteration="" />
      <Owners>
        <Owner name="" />
      </Owners>
      <TestMethod codeBase="D:\ALinq\Source\Trunk\Test\bin\Debug\Test.dll" adapterTypeName="Microsoft.VisualStudio.TestTools.TestTypes.Unit.UnitTestAdapter, Microsoft.VisualStudio.QualityTools.Tips.UnitTest.Adapter, Version=9.0.0.0, Culture=neutral, PublicKeyToken=b03f5f7f11d50a3a" className="Test.NorOracleTest, Test" name="Take_Nested" />
    </UnitTest>
    <UnitTest name="String_TrimStart" storage="d:\alinq\source\trunk\test\bin\debug\test.dll" id="c810e8f7-377d-680d-53a8-c273ea51a231">
      <Css projectStructure="" iteration="" />
      <Owners>
        <Owner name="" />
      </Owners>
      <TestMethod codeBase="D:\ALinq\Source\Trunk\Test\bin\Debug\Test.dll" adapterTypeName="Microsoft.VisualStudio.TestTools.TestTypes.Unit.UnitTestAdapter, Microsoft.VisualStudio.QualityTools.Tips.UnitTest.Adapter, Version=9.0.0.0, Culture=neutral, PublicKeyToken=b03f5f7f11d50a3a" className="Test.AccessTest, Test" name="String_TrimStart" />
    </UnitTest>
    <UnitTest name="Join_CompositeKey" storage="d:\alinq\source\trunk\test\bin\debug\test.dll" id="11444bc4-df27-119b-eb28-1f5dd20ba826">
      <Css projectStructure="" iteration="" />
      <Owners>
        <Owner name="" />
      </Owners>
      <TestMethod codeBase="D:\ALinq\Source\Trunk\Test\bin\Debug\Test.dll" adapterTypeName="Microsoft.VisualStudio.TestTools.TestTypes.Unit.UnitTestAdapter, Microsoft.VisualStudio.QualityTools.Tips.UnitTest.Adapter, Version=9.0.0.0, Culture=neutral, PublicKeyToken=b03f5f7f11d50a3a" className="Test.NorOracleTest, Test" name="Join_CompositeKey" />
    </UnitTest>
    <UnitTest name="Count_Nested" storage="d:\alinq\source\trunk\test\bin\debug\test.dll" id="931cd9bb-b1d5-c132-a300-7e99a58cf4f4">
      <Css projectStructure="" iteration="" />
      <Owners>
        <Owner name="" />
      </Owners>
      <TestMethod codeBase="D:\ALinq\Source\Trunk\Test\bin\Debug\Test.dll" adapterTypeName="Microsoft.VisualStudio.TestTools.TestTypes.Unit.UnitTestAdapter, Microsoft.VisualStudio.QualityTools.Tips.UnitTest.Adapter, Version=9.0.0.0, Culture=neutral, PublicKeyToken=b03f5f7f11d50a3a" className="Test.SqlTest, Test" name="Count_Nested" />
    </UnitTest>
    <UnitTest name="String_Substring2" storage="d:\alinq\source\trunk\test\bin\debug\test.dll" id="0c8199a2-9bcf-a526-cbd9-4aaccecfa9f6">
      <Css projectStructure="" iteration="" />
      <Owners>
        <Owner name="" />
      </Owners>
      <TestMethod codeBase="D:\ALinq\Source\Trunk\Test\bin\Debug\Test.dll" adapterTypeName="Microsoft.VisualStudio.TestTools.TestTypes.Unit.UnitTestAdapter, Microsoft.VisualStudio.QualityTools.Tips.UnitTest.Adapter, Version=9.0.0.0, Culture=neutral, PublicKeyToken=b03f5f7f11d50a3a" className="Test.NorOracleTest, Test" name="String_Substring2" />
    </UnitTest>
    <UnitTest name="DataType_Guid" storage="d:\alinq\source\trunk\test\bin\debug\test.dll" id="d287ff37-7d1d-d1ab-2cb6-451d8196c338">
      <Css projectStructure="" iteration="" />
      <Owners>
        <Owner name="" />
      </Owners>
      <TestMethod codeBase="D:\ALinq\Source\Trunk\Test\bin\Debug\Test.dll" adapterTypeName="Microsoft.VisualStudio.TestTools.TestTypes.Unit.UnitTestAdapter, Microsoft.VisualStudio.QualityTools.Tips.UnitTest.Adapter, Version=9.0.0.0, Culture=neutral, PublicKeyToken=b03f5f7f11d50a3a" className="Test.PgsqlTest, Test" name="DataType_Guid" />
    </UnitTest>
    <UnitTest name="GroupBy_Month" storage="d:\alinq\source\trunk\test\bin\debug\test.dll" id="6c03c4d6-1554-ee94-3066-25cba6275f3a">
      <Css projectStructure="" iteration="" />
      <Owners>
        <Owner name="" />
      </Owners>
      <TestMethod codeBase="D:\ALinq\Source\Trunk\Test\bin\Debug\Test.dll" adapterTypeName="Microsoft.VisualStudio.TestTools.TestTypes.Unit.UnitTestAdapter, Microsoft.VisualStudio.QualityTools.Tips.UnitTest.Adapter, Version=9.0.0.0, Culture=neutral, PublicKeyToken=b03f5f7f11d50a3a" className="Test.DB2Test, Test" name="GroupBy_Month" />
    </UnitTest>
    <UnitTest name="GroupBy_Select" storage="d:\alinq\source\trunk\test\bin\debug\test.dll" id="71bcbad5-6db6-cb65-68cf-fe486bd11159">
      <Css projectStructure="" iteration="" />
      <Owners>
        <Owner name="" />
      </Owners>
      <TestMethod codeBase="D:\ALinq\Source\Trunk\Test\bin\Debug\Test.dll" adapterTypeName="Microsoft.VisualStudio.TestTools.TestTypes.Unit.UnitTestAdapter, Microsoft.VisualStudio.QualityTools.Tips.UnitTest.Adapter, Version=9.0.0.0, Culture=neutral, PublicKeyToken=b03f5f7f11d50a3a" className="Test.DB2Test, Test" name="GroupBy_Select" />
    </UnitTest>
    <UnitTest name="Select_Condition" storage="d:\alinq\source\trunk\test\bin\debug\test.dll" id="b454f2c8-ec4d-5178-b138-5cc21931e2de">
      <Css projectStructure="" iteration="" />
      <Owners>
        <Owner name="" />
      </Owners>
      <TestMethod codeBase="D:\ALinq\Source\Trunk\Test\bin\Debug\Test.dll" adapterTypeName="Microsoft.VisualStudio.TestTools.TestTypes.Unit.UnitTestAdapter, Microsoft.VisualStudio.QualityTools.Tips.UnitTest.Adapter, Version=9.0.0.0, Culture=neutral, PublicKeyToken=b03f5f7f11d50a3a" className="Test.SqlTest, Test" name="Select_Condition" />
    </UnitTest>
    <UnitTest name="DataType_Enum" storage="d:\alinq\source\trunk\test\bin\debug\test.dll" id="c6d47c98-ae5b-f227-74fe-71bd5e5f70d1">
      <Css projectStructure="" iteration="" />
      <Owners>
        <Owner name="" />
      </Owners>
      <TestMethod codeBase="D:\ALinq\Source\Trunk\Test\bin\Debug\Test.dll" adapterTypeName="Microsoft.VisualStudio.TestTools.TestTypes.Unit.UnitTestAdapter, Microsoft.VisualStudio.QualityTools.Tips.UnitTest.Adapter, Version=9.0.0.0, Culture=neutral, PublicKeyToken=b03f5f7f11d50a3a" className="Test.OdpOracleTest, Test" name="DataType_Enum" />
    </UnitTest>
    <UnitTest name="Take_Simple" storage="d:\alinq\source\trunk\test\bin\debug\test.dll" id="a261f12b-9e8f-e22f-20ca-fd8d901831a3">
      <Css projectStructure="" iteration="" />
      <Owners>
        <Owner name="" />
      </Owners>
      <TestMethod codeBase="D:\ALinq\Source\Trunk\Test\bin\Debug\Test.dll" adapterTypeName="Microsoft.VisualStudio.TestTools.TestTypes.Unit.UnitTestAdapter, Microsoft.VisualStudio.QualityTools.Tips.UnitTest.Adapter, Version=9.0.0.0, Culture=neutral, PublicKeyToken=b03f5f7f11d50a3a" className="Test.SqlTest, Test" name="Take_Simple" />
    </UnitTest>
    <UnitTest name="DateTime_AddYears" storage="d:\alinq\source\trunk\test\bin\debug\test.dll" id="9ccd5a68-d56a-92ac-b564-4a0baa7b34a2">
      <Css projectStructure="" iteration="" />
      <Owners>
        <Owner name="" />
      </Owners>
      <TestMethod codeBase="D:\ALinq\Source\Trunk\Test\bin\Debug\Test.dll" adapterTypeName="Microsoft.VisualStudio.TestTools.TestTypes.Unit.UnitTestAdapter, Microsoft.VisualStudio.QualityTools.Tips.UnitTest.Adapter, Version=9.0.0.0, Culture=neutral, PublicKeyToken=b03f5f7f11d50a3a" className="Test.AccessTest, Test" name="DateTime_AddYears" />
    </UnitTest>
    <UnitTest name="String_ToUpper1" storage="d:\alinq\source\trunk\test\bin\debug\test.dll" id="13b8df45-3a3a-fd2b-ca60-492a49accd71">
      <Css projectStructure="" iteration="" />
      <Owners>
        <Owner name="" />
      </Owners>
      <TestMethod codeBase="D:\ALinq\Source\Trunk\Test\bin\Debug\Test.dll" adapterTypeName="Microsoft.VisualStudio.TestTools.TestTypes.Unit.UnitTestAdapter, Microsoft.VisualStudio.QualityTools.Tips.UnitTest.Adapter, Version=9.0.0.0, Culture=neutral, PublicKeyToken=b03f5f7f11d50a3a" className="Test.OdpOracleTest, Test" name="String_ToUpper1" />
    </UnitTest>
    <UnitTest name="Update" storage="d:\alinq\source\trunk\test\bin\debug\test.dll" id="fda084b3-d062-4829-bd63-8ceda319a324">
      <Css projectStructure="" iteration="" />
      <Owners>
        <Owner name="" />
      </Owners>
      <TestMethod codeBase="D:\ALinq\Source\Trunk\Test\bin\Debug\Test.dll" adapterTypeName="Microsoft.VisualStudio.TestTools.TestTypes.Unit.UnitTestAdapter, Microsoft.VisualStudio.QualityTools.Tips.UnitTest.Adapter, Version=9.0.0.0, Culture=neutral, PublicKeyToken=b03f5f7f11d50a3a" className="Test.MySqlTest, Test" name="Update" />
    </UnitTest>
    <UnitTest name="Join_LeftOuter" storage="d:\alinq\source\trunk\test\bin\debug\test.dll" id="0069094c-c8d1-185a-4e7f-b448c05f2bcf">
      <Css projectStructure="" iteration="" />
      <Owners>
        <Owner name="" />
      </Owners>
      <TestMethod codeBase="D:\ALinq\Source\Trunk\Test\bin\Debug\Test.dll" adapterTypeName="Microsoft.VisualStudio.TestTools.TestTypes.Unit.UnitTestAdapter, Microsoft.VisualStudio.QualityTools.Tips.UnitTest.Adapter, Version=9.0.0.0, Culture=neutral, PublicKeyToken=b03f5f7f11d50a3a" className="Test.SQL2000Test, Test" name="Join_LeftOuter" />
    </UnitTest>
    <UnitTest name="GroupBy_Expression" storage="d:\alinq\source\trunk\test\bin\debug\test.dll" id="d9d96dd1-8c10-dbe8-b8a8-4d01f6e9fc93">
      <Css projectStructure="" iteration="" />
      <Owners>
        <Owner name="" />
      </Owners>
      <TestMethod codeBase="D:\ALinq\Source\Trunk\Test\bin\Debug\Test.dll" adapterTypeName="Microsoft.VisualStudio.TestTools.TestTypes.Unit.UnitTestAdapter, Microsoft.VisualStudio.QualityTools.Tips.UnitTest.Adapter, Version=9.0.0.0, Culture=neutral, PublicKeyToken=b03f5f7f11d50a3a" className="Test.SQLiteTest, Test" name="GroupBy_Expression" />
    </UnitTest>
    <UnitTest name="CRUD_Insert2" storage="d:\alinq\source\trunk\test\bin\debug\test.dll" id="7c630d02-72da-0998-7ece-ed662c483c4c">
      <Css projectStructure="" iteration="" />
      <Owners>
        <Owner name="" />
      </Owners>
      <TestMethod codeBase="D:\ALinq\Source\Trunk\Test\bin\Debug\Test.dll" adapterTypeName="Microsoft.VisualStudio.TestTools.TestTypes.Unit.UnitTestAdapter, Microsoft.VisualStudio.QualityTools.Tips.UnitTest.Adapter, Version=9.0.0.0, Culture=neutral, PublicKeyToken=b03f5f7f11d50a3a" className="Test.NorOracleTest, Test" name="CRUD_Insert2" />
    </UnitTest>
    <UnitTest name="SqlMethod_Remote" storage="d:\alinq\source\trunk\test\bin\debug\test.dll" id="fed41c36-3688-d879-a22b-c170eeefb9d0">
      <Css projectStructure="" iteration="" />
      <Owners>
        <Owner name="" />
      </Owners>
      <TestMethod codeBase="D:\ALinq\Source\Trunk\Test\bin\Debug\Test.dll" adapterTypeName="Microsoft.VisualStudio.TestTools.TestTypes.Unit.UnitTestAdapter, Microsoft.VisualStudio.QualityTools.Tips.UnitTest.Adapter, Version=9.0.0.0, Culture=neutral, PublicKeyToken=b03f5f7f11d50a3a" className="Test.MySqlTest, Test" name="SqlMethod_Remote" />
    </UnitTest>
    <UnitTest name="String_Equals1" storage="d:\alinq\source\trunk\test\bin\debug\test.dll" id="a25c623e-79ee-a9cb-0587-e144a575ffec">
      <Css projectStructure="" iteration="" />
      <Owners>
        <Owner name="" />
      </Owners>
      <TestMethod codeBase="D:\ALinq\Source\Trunk\Test\bin\Debug\Test.dll" adapterTypeName="Microsoft.VisualStudio.TestTools.TestTypes.Unit.UnitTestAdapter, Microsoft.VisualStudio.QualityTools.Tips.UnitTest.Adapter, Version=9.0.0.0, Culture=neutral, PublicKeyToken=b03f5f7f11d50a3a" className="Test.SqlTest, Test" name="String_Equals1" />
    </UnitTest>
    <UnitTest name="Distinct2" storage="d:\alinq\source\trunk\test\bin\debug\test.dll" id="eb71ff85-843d-abad-d524-b24edac9b9ff">
      <Css projectStructure="" iteration="" />
      <Owners>
        <Owner name="" />
      </Owners>
      <TestMethod codeBase="D:\ALinq\Source\Trunk\Test\bin\Debug\Test.dll" adapterTypeName="Microsoft.VisualStudio.TestTools.TestTypes.Unit.UnitTestAdapter, Microsoft.VisualStudio.QualityTools.Tips.UnitTest.Adapter, Version=9.0.0.0, Culture=neutral, PublicKeyToken=b03f5f7f11d50a3a" className="Test.SQLiteTest, Test" name="Distinct2" />
    </UnitTest>
    <UnitTest name="DataType_XDocument" storage="d:\alinq\source\trunk\test\bin\debug\test.dll" id="d892dd2a-df03-8f00-9a3b-4d5abd482b17">
      <Css projectStructure="" iteration="" />
      <Owners>
        <Owner name="" />
      </Owners>
      <TestMethod codeBase="D:\ALinq\Source\Trunk\Test\bin\Debug\Test.dll" adapterTypeName="Microsoft.VisualStudio.TestTools.TestTypes.Unit.UnitTestAdapter, Microsoft.VisualStudio.QualityTools.Tips.UnitTest.Adapter, Version=9.0.0.0, Culture=neutral, PublicKeyToken=b03f5f7f11d50a3a" className="Test.DB2Test, Test" name="DataType_XDocument" />
    </UnitTest>
    <UnitTest name="GroupBy_Sum" storage="d:\alinq\source\trunk\test\bin\debug\test.dll" id="12609c56-24c0-1a57-795a-b6f830c75fd4">
      <Css projectStructure="" iteration="" />
      <Owners>
        <Owner name="" />
      </Owners>
      <TestMethod codeBase="D:\ALinq\Source\Trunk\Test\bin\Debug\Test.dll" adapterTypeName="Microsoft.VisualStudio.TestTools.TestTypes.Unit.UnitTestAdapter, Microsoft.VisualStudio.QualityTools.Tips.UnitTest.Adapter, Version=9.0.0.0, Culture=neutral, PublicKeyToken=b03f5f7f11d50a3a" className="Test.NorOracleTest, Test" name="GroupBy_Sum" />
    </UnitTest>
    <UnitTest name="Join_CompositeKey" storage="d:\alinq\source\trunk\test\bin\debug\test.dll" id="e03a7baf-6807-7e82-9a20-62f869a91e6b">
      <Css projectStructure="" iteration="" />
      <Owners>
        <Owner name="" />
      </Owners>
      <TestMethod codeBase="D:\ALinq\Source\Trunk\Test\bin\Debug\Test.dll" adapterTypeName="Microsoft.VisualStudio.TestTools.TestTypes.Unit.UnitTestAdapter, Microsoft.VisualStudio.QualityTools.Tips.UnitTest.Adapter, Version=9.0.0.0, Culture=neutral, PublicKeyToken=b03f5f7f11d50a3a" className="Test.MySqlTest, Test" name="Join_CompositeKey" />
    </UnitTest>
    <UnitTest name="Math_Truncate1" storage="d:\alinq\source\trunk\test\bin\debug\test.dll" id="6601d10b-a22c-4a68-1882-e63e862624b3">
      <Css projectStructure="" iteration="" />
      <Owners>
        <Owner name="" />
      </Owners>
      <TestMethod codeBase="D:\ALinq\Source\Trunk\Test\bin\Debug\Test.dll" adapterTypeName="Microsoft.VisualStudio.TestTools.TestTypes.Unit.UnitTestAdapter, Microsoft.VisualStudio.QualityTools.Tips.UnitTest.Adapter, Version=9.0.0.0, Culture=neutral, PublicKeyToken=b03f5f7f11d50a3a" className="Test.AccessTest, Test" name="Math_Truncate1" />
    </UnitTest>
    <UnitTest name="LongCount" storage="d:\alinq\source\trunk\test\bin\debug\test.dll" id="5f9fd9ae-5a9b-505b-329a-f1cab9851e0e">
      <Css projectStructure="" iteration="" />
      <Owners>
        <Owner name="" />
      </Owners>
      <TestMethod codeBase="D:\ALinq\Source\Trunk\Test\bin\Debug\Test.dll" adapterTypeName="Microsoft.VisualStudio.TestTools.TestTypes.Unit.UnitTestAdapter, Microsoft.VisualStudio.QualityTools.Tips.UnitTest.Adapter, Version=9.0.0.0, Culture=neutral, PublicKeyToken=b03f5f7f11d50a3a" className="Test.AccessTest, Test" name="LongCount" />
    </UnitTest>
    <UnitTest name="DateTime_Second" storage="d:\alinq\source\trunk\test\bin\debug\test.dll" id="7114bcbe-df32-08fd-0448-e5709930f6d9">
      <Css projectStructure="" iteration="" />
      <Owners>
        <Owner name="" />
      </Owners>
      <TestMethod codeBase="D:\ALinq\Source\Trunk\Test\bin\Debug\Test.dll" adapterTypeName="Microsoft.VisualStudio.TestTools.TestTypes.Unit.UnitTestAdapter, Microsoft.VisualStudio.QualityTools.Tips.UnitTest.Adapter, Version=9.0.0.0, Culture=neutral, PublicKeyToken=b03f5f7f11d50a3a" className="Test.MySqlTest, Test" name="DateTime_Second" />
    </UnitTest>
    <UnitTest name="DateTime_DayOfWeek" storage="d:\alinq\source\trunk\test\bin\debug\test.dll" id="94f4bd1f-ea13-bea9-409a-2851f069cbf9">
      <Css projectStructure="" iteration="" />
      <Owners>
        <Owner name="" />
      </Owners>
      <TestMethod codeBase="D:\ALinq\Source\Trunk\Test\bin\Debug\Test.dll" adapterTypeName="Microsoft.VisualStudio.TestTools.TestTypes.Unit.UnitTestAdapter, Microsoft.VisualStudio.QualityTools.Tips.UnitTest.Adapter, Version=9.0.0.0, Culture=neutral, PublicKeyToken=b03f5f7f11d50a3a" className="Test.SQL2005Test, Test" name="DateTime_DayOfWeek" />
    </UnitTest>
    <UnitTest name="DateTimeLT" storage="d:\alinq\source\trunk\test\bin\debug\test.dll" id="cc0e75e8-c23d-d5d0-3e19-0d695c678591">
      <Css projectStructure="" iteration="" />
      <Owners>
        <Owner name="" />
      </Owners>
      <TestMethod codeBase="D:\ALinq\Source\Trunk\Test\bin\Debug\Test.dll" adapterTypeName="Microsoft.VisualStudio.TestTools.TestTypes.Unit.UnitTestAdapter, Microsoft.VisualStudio.QualityTools.Tips.UnitTest.Adapter, Version=9.0.0.0, Culture=neutral, PublicKeyToken=b03f5f7f11d50a3a" className="Test.SQL2000Test, Test" name="DateTimeLT" />
    </UnitTest>
    <UnitTest name="DateTime_Hour" storage="d:\alinq\source\trunk\test\bin\debug\test.dll" id="e2a0b7fc-a1b1-1023-b8d8-72ac9531815e">
      <Css projectStructure="" iteration="" />
      <Owners>
        <Owner name="" />
      </Owners>
      <TestMethod codeBase="D:\ALinq\Source\Trunk\Test\bin\Debug\Test.dll" adapterTypeName="Microsoft.VisualStudio.TestTools.TestTypes.Unit.UnitTestAdapter, Microsoft.VisualStudio.QualityTools.Tips.UnitTest.Adapter, Version=9.0.0.0, Culture=neutral, PublicKeyToken=b03f5f7f11d50a3a" className="Test.SQL2000Test, Test" name="DateTime_Hour" />
    </UnitTest>
    <UnitTest name="Math_BigMul" storage="d:\alinq\source\trunk\test\bin\debug\test.dll" id="d250c335-fd61-3405-6d33-e384719b8101">
      <Css projectStructure="" iteration="" />
      <Owners>
        <Owner name="" />
      </Owners>
      <TestMethod codeBase="D:\ALinq\Source\Trunk\Test\bin\Debug\Test.dll" adapterTypeName="Microsoft.VisualStudio.TestTools.TestTypes.Unit.UnitTestAdapter, Microsoft.VisualStudio.QualityTools.Tips.UnitTest.Adapter, Version=9.0.0.0, Culture=neutral, PublicKeyToken=b03f5f7f11d50a3a" className="Test.FirebirdTest, Test" name="Math_BigMul" />
    </UnitTest>
    <UnitTest name="Count_Conditional" storage="d:\alinq\source\trunk\test\bin\debug\test.dll" id="50d4eb82-d121-3f01-0927-8be2b6e6c956">
      <Css projectStructure="" iteration="" />
      <Owners>
        <Owner name="" />
      </Owners>
      <TestMethod codeBase="D:\ALinq\Source\Trunk\Test\bin\Debug\Test.dll" adapterTypeName="Microsoft.VisualStudio.TestTools.TestTypes.Unit.UnitTestAdapter, Microsoft.VisualStudio.QualityTools.Tips.UnitTest.Adapter, Version=9.0.0.0, Culture=neutral, PublicKeyToken=b03f5f7f11d50a3a" className="Test.NorOracleTest, Test" name="Count_Conditional" />
    </UnitTest>
    <UnitTest name="GroupBy_Date" storage="d:\alinq\source\trunk\test\bin\debug\test.dll" id="3a613123-fe2c-e954-3221-c872c245030d">
      <Css projectStructure="" iteration="" />
      <Owners>
        <Owner name="" />
      </Owners>
      <TestMethod codeBase="D:\ALinq\Source\Trunk\Test\bin\Debug\Test.dll" adapterTypeName="Microsoft.VisualStudio.TestTools.TestTypes.Unit.UnitTestAdapter, Microsoft.VisualStudio.QualityTools.Tips.UnitTest.Adapter, Version=9.0.0.0, Culture=neutral, PublicKeyToken=b03f5f7f11d50a3a" className="Test.OdpOracleTest, Test" name="GroupBy_Date" />
    </UnitTest>
    <UnitTest name="Max_Elements" storage="d:\alinq\source\trunk\test\bin\debug\test.dll" id="672d29e7-989b-6d61-a6e3-1763adc693cf">
      <Css projectStructure="" iteration="" />
      <Owners>
        <Owner name="" />
      </Owners>
      <TestMethod codeBase="D:\ALinq\Source\Trunk\Test\bin\Debug\Test.dll" adapterTypeName="Microsoft.VisualStudio.TestTools.TestTypes.Unit.UnitTestAdapter, Microsoft.VisualStudio.QualityTools.Tips.UnitTest.Adapter, Version=9.0.0.0, Culture=neutral, PublicKeyToken=b03f5f7f11d50a3a" className="Test.SQL2005Test, Test" name="Max_Elements" />
    </UnitTest>
    <UnitTest name="DateTimeLT" storage="d:\alinq\source\trunk\test\bin\debug\test.dll" id="92e5b34d-631c-a996-532a-12cbad08df43">
      <Css projectStructure="" iteration="" />
      <Owners>
        <Owner name="" />
      </Owners>
      <TestMethod codeBase="D:\ALinq\Source\Trunk\Test\bin\Debug\Test.dll" adapterTypeName="Microsoft.VisualStudio.TestTools.TestTypes.Unit.UnitTestAdapter, Microsoft.VisualStudio.QualityTools.Tips.UnitTest.Adapter, Version=9.0.0.0, Culture=neutral, PublicKeyToken=b03f5f7f11d50a3a" className="Test.SQLiteTest, Test" name="DateTimeLT" />
    </UnitTest>
    <UnitTest name="String_Trim" storage="d:\alinq\source\trunk\test\bin\debug\test.dll" id="a22f563c-c491-ea2f-ad18-c5592e258049">
      <Css projectStructure="" iteration="" />
      <Owners>
        <Owner name="" />
      </Owners>
      <TestMethod codeBase="D:\ALinq\Source\Trunk\Test\bin\Debug\Test.dll" adapterTypeName="Microsoft.VisualStudio.TestTools.TestTypes.Unit.UnitTestAdapter, Microsoft.VisualStudio.QualityTools.Tips.UnitTest.Adapter, Version=9.0.0.0, Culture=neutral, PublicKeyToken=b03f5f7f11d50a3a" className="Test.DB2Test, Test" name="String_Trim" />
    </UnitTest>
    <UnitTest name="Math_Asin" storage="d:\alinq\source\trunk\test\bin\debug\test.dll" id="72641d4d-c0a5-fbd8-4bd0-1bfe86ba14bc">
      <Css projectStructure="" iteration="" />
      <Owners>
        <Owner name="" />
      </Owners>
      <TestMethod codeBase="D:\ALinq\Source\Trunk\Test\bin\Debug\Test.dll" adapterTypeName="Microsoft.VisualStudio.TestTools.TestTypes.Unit.UnitTestAdapter, Microsoft.VisualStudio.QualityTools.Tips.UnitTest.Adapter, Version=9.0.0.0, Culture=neutral, PublicKeyToken=b03f5f7f11d50a3a" className="Test.NorOracleTest, Test" name="Math_Asin" />
    </UnitTest>
    <UnitTest name="String_Equals1" storage="d:\alinq\source\trunk\test\bin\debug\test.dll" id="17586d07-0eff-af83-a3df-7615078b4e94">
      <Css projectStructure="" iteration="" />
      <Owners>
        <Owner name="" />
      </Owners>
      <TestMethod codeBase="D:\ALinq\Source\Trunk\Test\bin\Debug\Test.dll" adapterTypeName="Microsoft.VisualStudio.TestTools.TestTypes.Unit.UnitTestAdapter, Microsoft.VisualStudio.QualityTools.Tips.UnitTest.Adapter, Version=9.0.0.0, Culture=neutral, PublicKeyToken=b03f5f7f11d50a3a" className="Test.PgsqlTest, Test" name="String_Equals1" />
    </UnitTest>
    <UnitTest name="GetCategoryCount" storage="d:\alinq\source\trunk\test\bin\debug\test.dll" id="6d1b45a7-1456-1588-7efa-b22f525459de">
      <Css projectStructure="" iteration="" />
      <Owners>
        <Owner name="" />
      </Owners>
      <TestMethod codeBase="D:\ALinq\Source\Trunk\Test\bin\Debug\Test.dll" adapterTypeName="Microsoft.VisualStudio.TestTools.TestTypes.Unit.UnitTestAdapter, Microsoft.VisualStudio.QualityTools.Tips.UnitTest.Adapter, Version=9.0.0.0, Culture=neutral, PublicKeyToken=b03f5f7f11d50a3a" className="Test.FirebirdProcedureTest, Test" name="GetCategoryCount" />
    </UnitTest>
    <UnitTest name="Insert_OneToMany" storage="d:\alinq\source\trunk\test\bin\debug\test.dll" id="4d9c1331-7af6-c6f7-93cc-ee5d39483abb">
      <Css projectStructure="" iteration="" />
      <Owners>
        <Owner name="" />
      </Owners>
      <TestMethod codeBase="D:\ALinq\Source\Trunk\Test\bin\Debug\Test.dll" adapterTypeName="Microsoft.VisualStudio.TestTools.TestTypes.Unit.UnitTestAdapter, Microsoft.VisualStudio.QualityTools.Tips.UnitTest.Adapter, Version=9.0.0.0, Culture=neutral, PublicKeyToken=b03f5f7f11d50a3a" className="Test.OdpOracleTest, Test" name="Insert_OneToMany" />
    </UnitTest>
    <UnitTest name="Single" storage="d:\alinq\source\trunk\test\bin\debug\test.dll" id="64770297-c85d-ed5b-1371-843cc0373e03">
      <Css projectStructure="" iteration="" />
      <Owners>
        <Owner name="" />
      </Owners>
      <TestMethod codeBase="D:\ALinq\Source\Trunk\Test\bin\Debug\Test.dll" adapterTypeName="Microsoft.VisualStudio.TestTools.TestTypes.Unit.UnitTestAdapter, Microsoft.VisualStudio.QualityTools.Tips.UnitTest.Adapter, Version=9.0.0.0, Culture=neutral, PublicKeyToken=b03f5f7f11d50a3a" className="Test.SQLiteTest, Test" name="Single" />
    </UnitTest>
    <UnitTest name="Union" storage="d:\alinq\source\trunk\test\bin\debug\test.dll" id="edc27674-c8d6-c901-fb6f-19f3f804ba75">
      <Css projectStructure="" iteration="" />
      <Owners>
        <Owner name="" />
      </Owners>
      <TestMethod codeBase="D:\ALinq\Source\Trunk\Test\bin\Debug\Test.dll" adapterTypeName="Microsoft.VisualStudio.TestTools.TestTypes.Unit.UnitTestAdapter, Microsoft.VisualStudio.QualityTools.Tips.UnitTest.Adapter, Version=9.0.0.0, Culture=neutral, PublicKeyToken=b03f5f7f11d50a3a" className="Test.NorOracleTest, Test" name="Union" />
    </UnitTest>
    <UnitTest name="Math_Pow" storage="d:\alinq\source\trunk\test\bin\debug\test.dll" id="85243e54-4f09-52c6-7d64-df92c09c42f5">
      <Css projectStructure="" iteration="" />
      <Owners>
        <Owner name="" />
      </Owners>
      <TestMethod codeBase="D:\ALinq\Source\Trunk\Test\bin\Debug\Test.dll" adapterTypeName="Microsoft.VisualStudio.TestTools.TestTypes.Unit.UnitTestAdapter, Microsoft.VisualStudio.QualityTools.Tips.UnitTest.Adapter, Version=9.0.0.0, Culture=neutral, PublicKeyToken=b03f5f7f11d50a3a" className="Test.MySqlTest, Test" name="Math_Pow" />
    </UnitTest>
    <UnitTest name="StringEndsWith" storage="d:\alinq\source\trunk\test\bin\debug\test.dll" id="71bfc0c3-92bc-6e7e-030c-1fda7b9fc89e">
      <Css projectStructure="" iteration="" />
      <Owners>
        <Owner name="" />
      </Owners>
      <TestMethod codeBase="D:\ALinq\Source\Trunk\Test\bin\Debug\Test.dll" adapterTypeName="Microsoft.VisualStudio.TestTools.TestTypes.Unit.UnitTestAdapter, Microsoft.VisualStudio.QualityTools.Tips.UnitTest.Adapter, Version=9.0.0.0, Culture=neutral, PublicKeyToken=b03f5f7f11d50a3a" className="Test.DB2Test, Test" name="StringEndsWith" />
    </UnitTest>
    <UnitTest name="Math_Truncate1" storage="d:\alinq\source\trunk\test\bin\debug\test.dll" id="94fe62b4-0c30-7b2b-2f7b-1cababe42b33">
      <Css projectStructure="" iteration="" />
      <Owners>
        <Owner name="" />
      </Owners>
      <TestMethod codeBase="D:\ALinq\Source\Trunk\Test\bin\Debug\Test.dll" adapterTypeName="Microsoft.VisualStudio.TestTools.TestTypes.Unit.UnitTestAdapter, Microsoft.VisualStudio.QualityTools.Tips.UnitTest.Adapter, Version=9.0.0.0, Culture=neutral, PublicKeyToken=b03f5f7f11d50a3a" className="Test.NorOracleTest, Test" name="Math_Truncate1" />
    </UnitTest>
    <UnitTest name="Convert_ToSingle" storage="d:\alinq\source\trunk\test\bin\debug\test.dll" id="89b04b39-702a-896f-cca0-1f335ddf1e5b">
      <Css projectStructure="" iteration="" />
      <Owners>
        <Owner name="" />
      </Owners>
      <TestMethod codeBase="D:\ALinq\Source\Trunk\Test\bin\Debug\Test.dll" adapterTypeName="Microsoft.VisualStudio.TestTools.TestTypes.Unit.UnitTestAdapter, Microsoft.VisualStudio.QualityTools.Tips.UnitTest.Adapter, Version=9.0.0.0, Culture=neutral, PublicKeyToken=b03f5f7f11d50a3a" className="Test.SQLiteTest, Test" name="Convert_ToSingle" />
    </UnitTest>
    <UnitTest name="LongCount" storage="d:\alinq\source\trunk\test\bin\debug\test.dll" id="4cb7469b-8f5d-be01-05ae-c8a0fc2bba60">
      <Css projectStructure="" iteration="" />
      <Owners>
        <Owner name="" />
      </Owners>
      <TestMethod codeBase="D:\ALinq\Source\Trunk\Test\bin\Debug\Test.dll" adapterTypeName="Microsoft.VisualStudio.TestTools.TestTypes.Unit.UnitTestAdapter, Microsoft.VisualStudio.QualityTools.Tips.UnitTest.Adapter, Version=9.0.0.0, Culture=neutral, PublicKeyToken=b03f5f7f11d50a3a" className="Test.DB2Test, Test" name="LongCount" />
    </UnitTest>
    <UnitTest name="DateTime_Minute" storage="d:\alinq\source\trunk\test\bin\debug\test.dll" id="9000f88d-3376-ac5b-3a9f-14f6b58d4f57">
      <Css projectStructure="" iteration="" />
      <Owners>
        <Owner name="" />
      </Owners>
      <TestMethod codeBase="D:\ALinq\Source\Trunk\Test\bin\Debug\Test.dll" adapterTypeName="Microsoft.VisualStudio.TestTools.TestTypes.Unit.UnitTestAdapter, Microsoft.VisualStudio.QualityTools.Tips.UnitTest.Adapter, Version=9.0.0.0, Culture=neutral, PublicKeyToken=b03f5f7f11d50a3a" className="Test.OdpOracleTest, Test" name="DateTime_Minute" />
    </UnitTest>
    <UnitTest name="StringRelace" storage="d:\alinq\source\trunk\test\bin\debug\test.dll" id="afaa58fe-c8ed-4e24-5dcf-6ea268b212c3">
      <Css projectStructure="" iteration="" />
      <Owners>
        <Owner name="" />
      </Owners>
      <TestMethod codeBase="D:\ALinq\Source\Trunk\Test\bin\Debug\Test.dll" adapterTypeName="Microsoft.VisualStudio.TestTools.TestTypes.Unit.UnitTestAdapter, Microsoft.VisualStudio.QualityTools.Tips.UnitTest.Adapter, Version=9.0.0.0, Culture=neutral, PublicKeyToken=b03f5f7f11d50a3a" className="Test.SQL2005Test, Test" name="StringRelace" />
    </UnitTest>
    <UnitTest name="Except" storage="d:\alinq\source\trunk\test\bin\debug\test.dll" id="e34ccf3b-d0c0-3967-688e-77ac59b9b178">
      <Css projectStructure="" iteration="" />
      <Owners>
        <Owner name="" />
      </Owners>
      <TestMethod codeBase="D:\ALinq\Source\Trunk\Test\bin\Debug\Test.dll" adapterTypeName="Microsoft.VisualStudio.TestTools.TestTypes.Unit.UnitTestAdapter, Microsoft.VisualStudio.QualityTools.Tips.UnitTest.Adapter, Version=9.0.0.0, Culture=neutral, PublicKeyToken=b03f5f7f11d50a3a" className="Test.SQL2005Test, Test" name="Except" />
    </UnitTest>
    <UnitTest name="TestNull" storage="d:\alinq\source\trunk\test\bin\debug\test.dll" id="456f0a81-8c78-9d29-b6a3-d6bb208042c6">
      <Css projectStructure="" iteration="" />
      <Owners>
        <Owner name="" />
      </Owners>
      <TestMethod codeBase="D:\ALinq\Source\Trunk\Test\bin\Debug\Test.dll" adapterTypeName="Microsoft.VisualStudio.TestTools.TestTypes.Unit.UnitTestAdapter, Microsoft.VisualStudio.QualityTools.Tips.UnitTest.Adapter, Version=9.0.0.0, Culture=neutral, PublicKeyToken=b03f5f7f11d50a3a" className="Test.PgsqlTest, Test" name="TestNull" />
    </UnitTest>
    <UnitTest name="Join_NullableNonnullableKeyRelationship" storage="d:\alinq\source\trunk\test\bin\debug\test.dll" id="8da7c415-c192-8263-f588-9bf5296cb6f8">
      <Css projectStructure="" iteration="" />
      <Owners>
        <Owner name="" />
      </Owners>
      <TestMethod codeBase="D:\ALinq\Source\Trunk\Test\bin\Debug\Test.dll" adapterTypeName="Microsoft.VisualStudio.TestTools.TestTypes.Unit.UnitTestAdapter, Microsoft.VisualStudio.QualityTools.Tips.UnitTest.Adapter, Version=9.0.0.0, Culture=neutral, PublicKeyToken=b03f5f7f11d50a3a" className="Test.OdpOracleTest, Test" name="Join_NullableNonnullableKeyRelationship" />
    </UnitTest>
    <UnitTest name="GroupBy_Month" storage="d:\alinq\source\trunk\test\bin\debug\test.dll" id="b737e2fe-3453-78fe-2a92-25adc5763a22">
      <Css projectStructure="" iteration="" />
      <Owners>
        <Owner name="" />
      </Owners>
      <TestMethod codeBase="D:\ALinq\Source\Trunk\Test\bin\Debug\Test.dll" adapterTypeName="Microsoft.VisualStudio.TestTools.TestTypes.Unit.UnitTestAdapter, Microsoft.VisualStudio.QualityTools.Tips.UnitTest.Adapter, Version=9.0.0.0, Culture=neutral, PublicKeyToken=b03f5f7f11d50a3a" className="Test.SQLiteTest, Test" name="GroupBy_Month" />
    </UnitTest>
    <UnitTest name="Join_OnToMany" storage="d:\alinq\source\trunk\test\bin\debug\test.dll" id="ce86d302-1846-2c80-0c06-87d8daf2220d">
      <Css projectStructure="" iteration="" />
      <Owners>
        <Owner name="" />
      </Owners>
      <TestMethod codeBase="D:\ALinq\Source\Trunk\Test\bin\Debug\Test.dll" adapterTypeName="Microsoft.VisualStudio.TestTools.TestTypes.Unit.UnitTestAdapter, Microsoft.VisualStudio.QualityTools.Tips.UnitTest.Adapter, Version=9.0.0.0, Culture=neutral, PublicKeyToken=b03f5f7f11d50a3a" className="Test.AccessTest, Test" name="Join_OnToMany" />
    </UnitTest>
    <UnitTest name="CreateProcedure8" storage="d:\alinq\source\trunk\test\bin\debug\test.dll" id="d481c182-94b0-8d2e-5e30-0d118504d7fd">
      <Css projectStructure="" iteration="" />
      <Owners>
        <Owner name="" />
      </Owners>
      <TestMethod codeBase="D:\ALinq\Source\Trunk\Test\bin\Debug\Test.dll" adapterTypeName="Microsoft.VisualStudio.TestTools.TestTypes.Unit.UnitTestAdapter, Microsoft.VisualStudio.QualityTools.Tips.UnitTest.Adapter, Version=9.0.0.0, Culture=neutral, PublicKeyToken=b03f5f7f11d50a3a" className="Test.OdpOracleProcedureTest, Test" name="CreateProcedure8" />
    </UnitTest>
    <UnitTest name="SingleOrDefault" storage="d:\alinq\source\trunk\test\bin\debug\test.dll" id="f4002e03-40a9-8445-e406-39c0ca2e689b">
      <Css projectStructure="" iteration="" />
      <Owners>
        <Owner name="" />
      </Owners>
      <TestMethod codeBase="D:\ALinq\Source\Trunk\Test\bin\Debug\Test.dll" adapterTypeName="Microsoft.VisualStudio.TestTools.TestTypes.Unit.UnitTestAdapter, Microsoft.VisualStudio.QualityTools.Tips.UnitTest.Adapter, Version=9.0.0.0, Culture=neutral, PublicKeyToken=b03f5f7f11d50a3a" className="Test.SQL2005Test, Test" name="SingleOrDefault" />
    </UnitTest>
    <UnitTest name="StringIndexOf" storage="d:\alinq\source\trunk\test\bin\debug\test.dll" id="dae6f440-8124-188a-4ce6-4b29936cfcca">
      <Css projectStructure="" iteration="" />
      <Owners>
        <Owner name="" />
      </Owners>
      <TestMethod codeBase="D:\ALinq\Source\Trunk\Test\bin\Debug\Test.dll" adapterTypeName="Microsoft.VisualStudio.TestTools.TestTypes.Unit.UnitTestAdapter, Microsoft.VisualStudio.QualityTools.Tips.UnitTest.Adapter, Version=9.0.0.0, Culture=neutral, PublicKeyToken=b03f5f7f11d50a3a" className="Test.OdpOracleTest, Test" name="StringIndexOf" />
    </UnitTest>
    <UnitTest name="Join_ThreeWay" storage="d:\alinq\source\trunk\test\bin\debug\test.dll" id="27ff45cc-f22a-1db3-db13-9769d47656b6">
      <Css projectStructure="" iteration="" />
      <Owners>
        <Owner name="" />
      </Owners>
      <TestMethod codeBase="D:\ALinq\Source\Trunk\Test\bin\Debug\Test.dll" adapterTypeName="Microsoft.VisualStudio.TestTools.TestTypes.Unit.UnitTestAdapter, Microsoft.VisualStudio.QualityTools.Tips.UnitTest.Adapter, Version=9.0.0.0, Culture=neutral, PublicKeyToken=b03f5f7f11d50a3a" className="Test.SQL2005Test, Test" name="Join_ThreeWay" />
    </UnitTest>
    <UnitTest name="DateTime_ToLoaclTime" storage="d:\alinq\source\trunk\test\bin\debug\test.dll" id="8edf5ef3-4820-f40f-08c6-64f9fd1c93a7">
      <Css projectStructure="" iteration="" />
      <Owners>
        <Owner name="" />
      </Owners>
      <TestMethod codeBase="D:\ALinq\Source\Trunk\Test\bin\Debug\Test.dll" adapterTypeName="Microsoft.VisualStudio.TestTools.TestTypes.Unit.UnitTestAdapter, Microsoft.VisualStudio.QualityTools.Tips.UnitTest.Adapter, Version=9.0.0.0, Culture=neutral, PublicKeyToken=b03f5f7f11d50a3a" className="Test.PgsqlTest, Test" name="DateTime_ToLoaclTime" />
    </UnitTest>
    <UnitTest name="String_IndexOf3" storage="d:\alinq\source\trunk\test\bin\debug\test.dll" id="72d5b84c-719c-9875-8fed-9bfba67f2988">
      <Css projectStructure="" iteration="" />
      <Owners>
        <Owner name="" />
      </Owners>
      <TestMethod codeBase="D:\ALinq\Source\Trunk\Test\bin\Debug\Test.dll" adapterTypeName="Microsoft.VisualStudio.TestTools.TestTypes.Unit.UnitTestAdapter, Microsoft.VisualStudio.QualityTools.Tips.UnitTest.Adapter, Version=9.0.0.0, Culture=neutral, PublicKeyToken=b03f5f7f11d50a3a" className="Test.OdpOracleTest, Test" name="String_IndexOf3" />
    </UnitTest>
    <UnitTest name="CRUD_Update2" storage="d:\alinq\source\trunk\test\bin\debug\test.dll" id="a8c1b47a-003d-2f3b-8ab7-8e7bb3712a9e">
      <Css projectStructure="" iteration="" />
      <Owners>
        <Owner name="" />
      </Owners>
      <TestMethod codeBase="D:\ALinq\Source\Trunk\Test\bin\Debug\Test.dll" adapterTypeName="Microsoft.VisualStudio.TestTools.TestTypes.Unit.UnitTestAdapter, Microsoft.VisualStudio.QualityTools.Tips.UnitTest.Adapter, Version=9.0.0.0, Culture=neutral, PublicKeyToken=b03f5f7f11d50a3a" className="Test.SQL2000Test, Test" name="CRUD_Update2" />
    </UnitTest>
    <UnitTest name="Math_Atan" storage="d:\alinq\source\trunk\test\bin\debug\test.dll" id="bb9e746c-8039-5243-6c6c-72ad01258611">
      <Css projectStructure="" iteration="" />
      <Owners>
        <Owner name="" />
      </Owners>
      <TestMethod codeBase="D:\ALinq\Source\Trunk\Test\bin\Debug\Test.dll" adapterTypeName="Microsoft.VisualStudio.TestTools.TestTypes.Unit.UnitTestAdapter, Microsoft.VisualStudio.QualityTools.Tips.UnitTest.Adapter, Version=9.0.0.0, Culture=neutral, PublicKeyToken=b03f5f7f11d50a3a" className="Test.DB2Test, Test" name="Math_Atan" />
    </UnitTest>
    <UnitTest name="CRUD_Update4" storage="d:\alinq\source\trunk\test\bin\debug\test.dll" id="b97ca7c4-f0ab-9955-ac1b-7765cb53e8ab">
      <Css projectStructure="" iteration="" />
      <Owners>
        <Owner name="" />
      </Owners>
      <TestMethod codeBase="D:\ALinq\Source\Trunk\Test\bin\Debug\Test.dll" adapterTypeName="Microsoft.VisualStudio.TestTools.TestTypes.Unit.UnitTestAdapter, Microsoft.VisualStudio.QualityTools.Tips.UnitTest.Adapter, Version=9.0.0.0, Culture=neutral, PublicKeyToken=b03f5f7f11d50a3a" className="Test.SQL2005Test, Test" name="CRUD_Update4" />
    </UnitTest>
    <UnitTest name="Command" storage="d:\alinq\source\trunk\test\bin\debug\test.dll" id="0e0601dc-c79f-64f0-88ae-74c9940f1047">
      <Css projectStructure="" iteration="" />
      <Owners>
        <Owner name="" />
      </Owners>
      <TestMethod codeBase="D:\ALinq\Source\Trunk\Test\bin\Debug\Test.dll" adapterTypeName="Microsoft.VisualStudio.TestTools.TestTypes.Unit.UnitTestAdapter, Microsoft.VisualStudio.QualityTools.Tips.UnitTest.Adapter, Version=9.0.0.0, Culture=neutral, PublicKeyToken=b03f5f7f11d50a3a" className="Test.SQLiteTest, Test" name="Command" />
    </UnitTest>
    <UnitTest name="DateTime_Day" storage="d:\alinq\source\trunk\test\bin\debug\test.dll" id="cc9ecee2-655e-e475-c485-502631431711">
      <Css projectStructure="" iteration="" />
      <Owners>
        <Owner name="" />
      </Owners>
      <TestMethod codeBase="D:\ALinq\Source\Trunk\Test\bin\Debug\Test.dll" adapterTypeName="Microsoft.VisualStudio.TestTools.TestTypes.Unit.UnitTestAdapter, Microsoft.VisualStudio.QualityTools.Tips.UnitTest.Adapter, Version=9.0.0.0, Culture=neutral, PublicKeyToken=b03f5f7f11d50a3a" className="Test.AccessTest, Test" name="DateTime_Day" />
    </UnitTest>
    <UnitTest name="Join_NullableNonnullableKeyRelationship" storage="d:\alinq\source\trunk\test\bin\debug\test.dll" id="d182491f-4028-d736-f138-8b54baed5f4d">
      <Css projectStructure="" iteration="" />
      <Owners>
        <Owner name="" />
      </Owners>
      <TestMethod codeBase="D:\ALinq\Source\Trunk\Test\bin\Debug\Test.dll" adapterTypeName="Microsoft.VisualStudio.TestTools.TestTypes.Unit.UnitTestAdapter, Microsoft.VisualStudio.QualityTools.Tips.UnitTest.Adapter, Version=9.0.0.0, Culture=neutral, PublicKeyToken=b03f5f7f11d50a3a" className="Test.SqlTest, Test" name="Join_NullableNonnullableKeyRelationship" />
    </UnitTest>
    <UnitTest name="CRUD_Update4" storage="d:\alinq\source\trunk\test\bin\debug\test.dll" id="137e78dd-3abe-bf9f-29f7-fb7661dbbd92">
      <Css projectStructure="" iteration="" />
      <Owners>
        <Owner name="" />
      </Owners>
      <TestMethod codeBase="D:\ALinq\Source\Trunk\Test\bin\Debug\Test.dll" adapterTypeName="Microsoft.VisualStudio.TestTools.TestTypes.Unit.UnitTestAdapter, Microsoft.VisualStudio.QualityTools.Tips.UnitTest.Adapter, Version=9.0.0.0, Culture=neutral, PublicKeyToken=b03f5f7f11d50a3a" className="Test.SqlTest, Test" name="CRUD_Update4" />
    </UnitTest>
    <UnitTest name="Count_Grouped" storage="d:\alinq\source\trunk\test\bin\debug\test.dll" id="49bcd60b-a477-88cf-9034-6c96e6a41187">
      <Css projectStructure="" iteration="" />
      <Owners>
        <Owner name="" />
      </Owners>
      <TestMethod codeBase="D:\ALinq\Source\Trunk\Test\bin\Debug\Test.dll" adapterTypeName="Microsoft.VisualStudio.TestTools.TestTypes.Unit.UnitTestAdapter, Microsoft.VisualStudio.QualityTools.Tips.UnitTest.Adapter, Version=9.0.0.0, Culture=neutral, PublicKeyToken=b03f5f7f11d50a3a" className="Test.OdpOracleTest, Test" name="Count_Grouped" />
    </UnitTest>
    <UnitTest name="DataType_Enum" storage="d:\alinq\source\trunk\test\bin\debug\test.dll" id="0f71fd40-7fa3-1be6-6943-641cdcf8ae31">
      <Css projectStructure="" iteration="" />
      <Owners>
        <Owner name="" />
      </Owners>
      <TestMethod codeBase="D:\ALinq\Source\Trunk\Test\bin\Debug\Test.dll" adapterTypeName="Microsoft.VisualStudio.TestTools.TestTypes.Unit.UnitTestAdapter, Microsoft.VisualStudio.QualityTools.Tips.UnitTest.Adapter, Version=9.0.0.0, Culture=neutral, PublicKeyToken=b03f5f7f11d50a3a" className="Test.PgsqlTest, Test" name="DataType_Enum" />
    </UnitTest>
    <UnitTest name="DataType_XDocument" storage="d:\alinq\source\trunk\test\bin\debug\test.dll" id="272aaded-d481-3bae-be4c-2ab48d71ff45">
      <Css projectStructure="" iteration="" />
      <Owners>
        <Owner name="" />
      </Owners>
      <TestMethod codeBase="D:\ALinq\Source\Trunk\Test\bin\Debug\Test.dll" adapterTypeName="Microsoft.VisualStudio.TestTools.TestTypes.Unit.UnitTestAdapter, Microsoft.VisualStudio.QualityTools.Tips.UnitTest.Adapter, Version=9.0.0.0, Culture=neutral, PublicKeyToken=b03f5f7f11d50a3a" className="Test.NorOracleTest, Test" name="DataType_XDocument" />
    </UnitTest>
    <UnitTest name="Math_Log" storage="d:\alinq\source\trunk\test\bin\debug\test.dll" id="8a49fecd-904d-01c9-e38b-0ed42737dc1c">
      <Css projectStructure="" iteration="" />
      <Owners>
        <Owner name="" />
      </Owners>
      <TestMethod codeBase="D:\ALinq\Source\Trunk\Test\bin\Debug\Test.dll" adapterTypeName="Microsoft.VisualStudio.TestTools.TestTypes.Unit.UnitTestAdapter, Microsoft.VisualStudio.QualityTools.Tips.UnitTest.Adapter, Version=9.0.0.0, Culture=neutral, PublicKeyToken=b03f5f7f11d50a3a" className="Test.NorOracleTest, Test" name="Math_Log" />
    </UnitTest>
    <UnitTest name="DateTime_Subtract" storage="d:\alinq\source\trunk\test\bin\debug\test.dll" id="c5a519fe-dfa8-2155-a3e8-e1977aacf8fa">
      <Css projectStructure="" iteration="" />
      <Owners>
        <Owner name="" />
      </Owners>
      <TestMethod codeBase="D:\ALinq\Source\Trunk\Test\bin\Debug\Test.dll" adapterTypeName="Microsoft.VisualStudio.TestTools.TestTypes.Unit.UnitTestAdapter, Microsoft.VisualStudio.QualityTools.Tips.UnitTest.Adapter, Version=9.0.0.0, Culture=neutral, PublicKeyToken=b03f5f7f11d50a3a" className="Test.SQLiteTest, Test" name="DateTime_Subtract" />
    </UnitTest>
    <UnitTest name="Select_AnonymousType" storage="d:\alinq\source\trunk\test\bin\debug\test.dll" id="4c04f4ee-98a3-b17a-ee1c-ac6081814d4c">
      <Css projectStructure="" iteration="" />
      <Owners>
        <Owner name="" />
      </Owners>
      <TestMethod codeBase="D:\ALinq\Source\Trunk\Test\bin\Debug\Test.dll" adapterTypeName="Microsoft.VisualStudio.TestTools.TestTypes.Unit.UnitTestAdapter, Microsoft.VisualStudio.QualityTools.Tips.UnitTest.Adapter, Version=9.0.0.0, Culture=neutral, PublicKeyToken=b03f5f7f11d50a3a" className="Test.PgsqlTest, Test" name="Select_AnonymousType" />
    </UnitTest>
    <UnitTest name="GroupBy_Simple" storage="d:\alinq\source\trunk\test\bin\debug\test.dll" id="8e8c18c9-41b1-67e6-9670-ab5f00f872e8">
      <Css projectStructure="" iteration="" />
      <Owners>
        <Owner name="" />
      </Owners>
      <TestMethod codeBase="D:\ALinq\Source\Trunk\Test\bin\Debug\Test.dll" adapterTypeName="Microsoft.VisualStudio.TestTools.TestTypes.Unit.UnitTestAdapter, Microsoft.VisualStudio.QualityTools.Tips.UnitTest.Adapter, Version=9.0.0.0, Culture=neutral, PublicKeyToken=b03f5f7f11d50a3a" className="Test.SQLiteTest, Test" name="GroupBy_Simple" />
    </UnitTest>
    <UnitTest name="CRUD_Insert1" storage="d:\alinq\source\trunk\test\bin\debug\test.dll" id="859e14bb-4f14-4036-1d03-15afe83fc902">
      <Css projectStructure="" iteration="" />
      <Owners>
        <Owner name="" />
      </Owners>
      <TestMethod codeBase="D:\ALinq\Source\Trunk\Test\bin\Debug\Test.dll" adapterTypeName="Microsoft.VisualStudio.TestTools.TestTypes.Unit.UnitTestAdapter, Microsoft.VisualStudio.QualityTools.Tips.UnitTest.Adapter, Version=9.0.0.0, Culture=neutral, PublicKeyToken=b03f5f7f11d50a3a" className="Test.FirebirdTest, Test" name="CRUD_Insert1" />
    </UnitTest>
    <UnitTest name="StringConcat" storage="d:\alinq\source\trunk\test\bin\debug\test.dll" id="e9331109-be1f-1fcf-5deb-a10b413637f7">
      <Css projectStructure="" iteration="" />
      <Owners>
        <Owner name="" />
      </Owners>
      <TestMethod codeBase="D:\ALinq\Source\Trunk\Test\bin\Debug\Test.dll" adapterTypeName="Microsoft.VisualStudio.TestTools.TestTypes.Unit.UnitTestAdapter, Microsoft.VisualStudio.QualityTools.Tips.UnitTest.Adapter, Version=9.0.0.0, Culture=neutral, PublicKeyToken=b03f5f7f11d50a3a" className="Test.SqlTest, Test" name="StringConcat" />
    </UnitTest>
    <UnitTest name="Skip_Simple" storage="d:\alinq\source\trunk\test\bin\debug\test.dll" id="eddcc727-c63f-279c-ce50-cd81824e95fd">
      <Css projectStructure="" iteration="" />
      <Owners>
        <Owner name="" />
      </Owners>
      <TestMethod codeBase="D:\ALinq\Source\Trunk\Test\bin\Debug\Test.dll" adapterTypeName="Microsoft.VisualStudio.TestTools.TestTypes.Unit.UnitTestAdapter, Microsoft.VisualStudio.QualityTools.Tips.UnitTest.Adapter, Version=9.0.0.0, Culture=neutral, PublicKeyToken=b03f5f7f11d50a3a" className="Test.OdpOracleTest, Test" name="Skip_Simple" />
    </UnitTest>
    <UnitTest name="Select_SpecialType" storage="d:\alinq\source\trunk\test\bin\debug\test.dll" id="5cf65217-d72f-2b91-2670-ba0d9550400a">
      <Css projectStructure="" iteration="" />
      <Owners>
        <Owner name="" />
      </Owners>
      <TestMethod codeBase="D:\ALinq\Source\Trunk\Test\bin\Debug\Test.dll" adapterTypeName="Microsoft.VisualStudio.TestTools.TestTypes.Unit.UnitTestAdapter, Microsoft.VisualStudio.QualityTools.Tips.UnitTest.Adapter, Version=9.0.0.0, Culture=neutral, PublicKeyToken=b03f5f7f11d50a3a" className="Test.NorOracleTest, Test" name="Select_SpecialType" />
    </UnitTest>
    <UnitTest name="DeleteMethod" storage="d:\alinq\source\trunk\test\bin\debug\test.dll" id="1d544304-1330-be44-9951-f96038a88cfa">
      <Css projectStructure="" iteration="" />
      <Owners>
        <Owner name="" />
      </Owners>
      <TestMethod codeBase="D:\ALinq\Source\Trunk\Test\bin\Debug\Test.dll" adapterTypeName="Microsoft.VisualStudio.TestTools.TestTypes.Unit.UnitTestAdapter, Microsoft.VisualStudio.QualityTools.Tips.UnitTest.Adapter, Version=9.0.0.0, Culture=neutral, PublicKeyToken=b03f5f7f11d50a3a" className="Test.DataContextTest, Test" name="DeleteMethod" />
    </UnitTest>
    <UnitTest name="DateDiffDay" storage="d:\alinq\source\trunk\test\bin\debug\test.dll" id="f775b527-55c0-6f46-7694-e3bf56255569">
      <Css projectStructure="" iteration="" />
      <Owners>
        <Owner name="" />
      </Owners>
      <TestMethod codeBase="D:\ALinq\Source\Trunk\Test\bin\Debug\Test.dll" adapterTypeName="Microsoft.VisualStudio.TestTools.TestTypes.Unit.UnitTestAdapter, Microsoft.VisualStudio.QualityTools.Tips.UnitTest.Adapter, Version=9.0.0.0, Culture=neutral, PublicKeyToken=b03f5f7f11d50a3a" className="Test.DB2SqlMethods, Test" name="DateDiffDay" />
    </UnitTest>
    <UnitTest name="Sum_Projection" storage="d:\alinq\source\trunk\test\bin\debug\test.dll" id="d13dd8ab-12e4-e84e-2070-ce327f4bc921">
      <Css projectStructure="" iteration="" />
      <Owners>
        <Owner name="" />
      </Owners>
      <TestMethod codeBase="D:\ALinq\Source\Trunk\Test\bin\Debug\Test.dll" adapterTypeName="Microsoft.VisualStudio.TestTools.TestTypes.Unit.UnitTestAdapter, Microsoft.VisualStudio.QualityTools.Tips.UnitTest.Adapter, Version=9.0.0.0, Culture=neutral, PublicKeyToken=b03f5f7f11d50a3a" className="Test.OdpOracleTest, Test" name="Sum_Projection" />
    </UnitTest>
    <UnitTest name="Any_Simple" storage="d:\alinq\source\trunk\test\bin\debug\test.dll" id="58ab0a9a-5c8b-1eb2-d62b-bbe6074b17bb">
      <Css projectStructure="" iteration="" />
      <Owners>
        <Owner name="" />
      </Owners>
      <TestMethod codeBase="D:\ALinq\Source\Trunk\Test\bin\Debug\Test.dll" adapterTypeName="Microsoft.VisualStudio.TestTools.TestTypes.Unit.UnitTestAdapter, Microsoft.VisualStudio.QualityTools.Tips.UnitTest.Adapter, Version=9.0.0.0, Culture=neutral, PublicKeyToken=b03f5f7f11d50a3a" className="Test.MySqlTest, Test" name="Any_Simple" />
    </UnitTest>
    <UnitTest name="DateTime_AddDays" storage="d:\alinq\source\trunk\test\bin\debug\test.dll" id="7ea418ab-a03e-6af8-af06-b505491aadce">
      <Css projectStructure="" iteration="" />
      <Owners>
        <Owner name="" />
      </Owners>
      <TestMethod codeBase="D:\ALinq\Source\Trunk\Test\bin\Debug\Test.dll" adapterTypeName="Microsoft.VisualStudio.TestTools.TestTypes.Unit.UnitTestAdapter, Microsoft.VisualStudio.QualityTools.Tips.UnitTest.Adapter, Version=9.0.0.0, Culture=neutral, PublicKeyToken=b03f5f7f11d50a3a" className="Test.OdpOracleTest, Test" name="DateTime_AddDays" />
    </UnitTest>
    <UnitTest name="Join_OnToMany" storage="d:\alinq\source\trunk\test\bin\debug\test.dll" id="f95edd28-3dc6-7a44-b141-491609cff7a2">
      <Css projectStructure="" iteration="" />
      <Owners>
        <Owner name="" />
      </Owners>
      <TestMethod codeBase="D:\ALinq\Source\Trunk\Test\bin\Debug\Test.dll" adapterTypeName="Microsoft.VisualStudio.TestTools.TestTypes.Unit.UnitTestAdapter, Microsoft.VisualStudio.QualityTools.Tips.UnitTest.Adapter, Version=9.0.0.0, Culture=neutral, PublicKeyToken=b03f5f7f11d50a3a" className="Test.OdpOracleTest, Test" name="Join_OnToMany" />
    </UnitTest>
    <UnitTest name="Contains" storage="d:\alinq\source\trunk\test\bin\debug\test.dll" id="91f59c7a-b81c-4486-00a5-68955942a83b">
      <Css projectStructure="" iteration="" />
      <Owners>
        <Owner name="" />
      </Owners>
      <TestMethod codeBase="D:\ALinq\Source\Trunk\Test\bin\Debug\Test.dll" adapterTypeName="Microsoft.VisualStudio.TestTools.TestTypes.Unit.UnitTestAdapter, Microsoft.VisualStudio.QualityTools.Tips.UnitTest.Adapter, Version=9.0.0.0, Culture=neutral, PublicKeyToken=b03f5f7f11d50a3a" className="Test.MySqlTest, Test" name="Contains" />
    </UnitTest>
    <UnitTest name="String_Equals1" storage="d:\alinq\source\trunk\test\bin\debug\test.dll" id="3f051923-12bd-4b42-fdeb-320336c1bca2">
      <Css projectStructure="" iteration="" />
      <Owners>
        <Owner name="" />
      </Owners>
      <TestMethod codeBase="D:\ALinq\Source\Trunk\Test\bin\Debug\Test.dll" adapterTypeName="Microsoft.VisualStudio.TestTools.TestTypes.Unit.UnitTestAdapter, Microsoft.VisualStudio.QualityTools.Tips.UnitTest.Adapter, Version=9.0.0.0, Culture=neutral, PublicKeyToken=b03f5f7f11d50a3a" className="Test.FirebirdTest, Test" name="String_Equals1" />
    </UnitTest>
    <UnitTest name="Min_Elements" storage="d:\alinq\source\trunk\test\bin\debug\test.dll" id="2ad8ab45-84e1-6bc2-65e0-de4def194ce9">
      <Css projectStructure="" iteration="" />
      <Owners>
        <Owner name="" />
      </Owners>
      <TestMethod codeBase="D:\ALinq\Source\Trunk\Test\bin\Debug\Test.dll" adapterTypeName="Microsoft.VisualStudio.TestTools.TestTypes.Unit.UnitTestAdapter, Microsoft.VisualStudio.QualityTools.Tips.UnitTest.Adapter, Version=9.0.0.0, Culture=neutral, PublicKeyToken=b03f5f7f11d50a3a" className="Test.FirebirdTest, Test" name="Min_Elements" />
    </UnitTest>
    <UnitTest name="Sum_Simple" storage="d:\alinq\source\trunk\test\bin\debug\test.dll" id="bc0d21c8-7dc6-d4c3-c3ce-87b23e27a436">
      <Css projectStructure="" iteration="" />
      <Owners>
        <Owner name="" />
      </Owners>
      <TestMethod codeBase="D:\ALinq\Source\Trunk\Test\bin\Debug\Test.dll" adapterTypeName="Microsoft.VisualStudio.TestTools.TestTypes.Unit.UnitTestAdapter, Microsoft.VisualStudio.QualityTools.Tips.UnitTest.Adapter, Version=9.0.0.0, Culture=neutral, PublicKeyToken=b03f5f7f11d50a3a" className="Test.SQL2000Test, Test" name="Sum_Simple" />
    </UnitTest>
    <UnitTest name="Convert_ToSingle" storage="d:\alinq\source\trunk\test\bin\debug\test.dll" id="420ec442-5049-c578-0359-9822b20ffc3a">
      <Css projectStructure="" iteration="" />
      <Owners>
        <Owner name="" />
      </Owners>
      <TestMethod codeBase="D:\ALinq\Source\Trunk\Test\bin\Debug\Test.dll" adapterTypeName="Microsoft.VisualStudio.TestTools.TestTypes.Unit.UnitTestAdapter, Microsoft.VisualStudio.QualityTools.Tips.UnitTest.Adapter, Version=9.0.0.0, Culture=neutral, PublicKeyToken=b03f5f7f11d50a3a" className="Test.NorOracleTest, Test" name="Convert_ToSingle" />
    </UnitTest>
    <UnitTest name="SelectMany_MultipleFrom" storage="d:\alinq\source\trunk\test\bin\debug\test.dll" id="c18aee88-7a18-3c95-b2db-26940120d7da">
      <Css projectStructure="" iteration="" />
      <Owners>
        <Owner name="" />
      </Owners>
      <TestMethod codeBase="D:\ALinq\Source\Trunk\Test\bin\Debug\Test.dll" adapterTypeName="Microsoft.VisualStudio.TestTools.TestTypes.Unit.UnitTestAdapter, Microsoft.VisualStudio.QualityTools.Tips.UnitTest.Adapter, Version=9.0.0.0, Culture=neutral, PublicKeyToken=b03f5f7f11d50a3a" className="Test.SQLiteTest, Test" name="SelectMany_MultipleFrom" />
    </UnitTest>
    <UnitTest name="AutoGuid" storage="d:\alinq\source\trunk\test\bin\debug\test.dll" id="a3e9398a-096c-8854-f49a-fb041ac08eb2">
      <Css projectStructure="" iteration="" />
      <Owners>
        <Owner name="" />
      </Owners>
      <TestMethod codeBase="D:\ALinq\Source\Trunk\Test\bin\Debug\Test.dll" adapterTypeName="Microsoft.VisualStudio.TestTools.TestTypes.Unit.UnitTestAdapter, Microsoft.VisualStudio.QualityTools.Tips.UnitTest.Adapter, Version=9.0.0.0, Culture=neutral, PublicKeyToken=b03f5f7f11d50a3a" className="Test.NorOracleTest, Test" name="AutoGuid" />
    </UnitTest>
    <UnitTest name="Max_Grouped" storage="d:\alinq\source\trunk\test\bin\debug\test.dll" id="4dde08a0-f730-2f43-1940-15c7d05c05f2">
      <Css projectStructure="" iteration="" />
      <Owners>
        <Owner name="" />
      </Owners>
      <TestMethod codeBase="D:\ALinq\Source\Trunk\Test\bin\Debug\Test.dll" adapterTypeName="Microsoft.VisualStudio.TestTools.TestTypes.Unit.UnitTestAdapter, Microsoft.VisualStudio.QualityTools.Tips.UnitTest.Adapter, Version=9.0.0.0, Culture=neutral, PublicKeyToken=b03f5f7f11d50a3a" className="Test.OdpOracleTest, Test" name="Max_Grouped" />
    </UnitTest>
    <UnitTest name="Like" storage="d:\alinq\source\trunk\test\bin\debug\test.dll" id="1c68ea59-c593-004c-905a-976fb1871733">
      <Css projectStructure="" iteration="" />
      <Owners>
        <Owner name="" />
      </Owners>
      <TestMethod codeBase="D:\ALinq\Source\Trunk\Test\bin\Debug\Test.dll" adapterTypeName="Microsoft.VisualStudio.TestTools.TestTypes.Unit.UnitTestAdapter, Microsoft.VisualStudio.QualityTools.Tips.UnitTest.Adapter, Version=9.0.0.0, Culture=neutral, PublicKeyToken=b03f5f7f11d50a3a" className="Test.MySqlTest, Test" name="Like" />
    </UnitTest>
    <UnitTest name="String_Char" storage="d:\alinq\source\trunk\test\bin\debug\test.dll" id="717b5bad-e9d4-5353-c548-53c611bfb475">
      <Css projectStructure="" iteration="" />
      <Owners>
        <Owner name="" />
      </Owners>
      <TestMethod codeBase="D:\ALinq\Source\Trunk\Test\bin\Debug\Test.dll" adapterTypeName="Microsoft.VisualStudio.TestTools.TestTypes.Unit.UnitTestAdapter, Microsoft.VisualStudio.QualityTools.Tips.UnitTest.Adapter, Version=9.0.0.0, Culture=neutral, PublicKeyToken=b03f5f7f11d50a3a" className="Test.NorOracleTest, Test" name="String_Char" />
    </UnitTest>
    <UnitTest name="ComposeKey" storage="d:\alinq\source\trunk\test\bin\debug\test.dll" id="4e0b2c75-a56f-1172-00d4-59442dd642a5">
      <Css projectStructure="" iteration="" />
      <Owners>
        <Owner name="" />
      </Owners>
      <TestMethod codeBase="D:\ALinq\Source\Trunk\Test\bin\Debug\Test.dll" adapterTypeName="Microsoft.VisualStudio.TestTools.TestTypes.Unit.UnitTestAdapter, Microsoft.VisualStudio.QualityTools.Tips.UnitTest.Adapter, Version=9.0.0.0, Culture=neutral, PublicKeyToken=b03f5f7f11d50a3a" className="Test.MySqlTest, Test" name="ComposeKey" />
    </UnitTest>
    <UnitTest name="Avg_Grouped" storage="d:\alinq\source\trunk\test\bin\debug\test.dll" id="e4849b70-160c-d99f-f417-dd80e7e59704">
      <Css projectStructure="" iteration="" />
      <Owners>
        <Owner name="" />
      </Owners>
      <TestMethod codeBase="D:\ALinq\Source\Trunk\Test\bin\Debug\Test.dll" adapterTypeName="Microsoft.VisualStudio.TestTools.TestTypes.Unit.UnitTestAdapter, Microsoft.VisualStudio.QualityTools.Tips.UnitTest.Adapter, Version=9.0.0.0, Culture=neutral, PublicKeyToken=b03f5f7f11d50a3a" className="Test.PgsqlTest, Test" name="Avg_Grouped" />
    </UnitTest>
    <UnitTest name="GroupBy_Where" storage="d:\alinq\source\trunk\test\bin\debug\test.dll" id="6e9f9377-370c-fd7f-c895-50d0dbcb1a58">
      <Css projectStructure="" iteration="" />
      <Owners>
        <Owner name="" />
      </Owners>
      <TestMethod codeBase="D:\ALinq\Source\Trunk\Test\bin\Debug\Test.dll" adapterTypeName="Microsoft.VisualStudio.TestTools.TestTypes.Unit.UnitTestAdapter, Microsoft.VisualStudio.QualityTools.Tips.UnitTest.Adapter, Version=9.0.0.0, Culture=neutral, PublicKeyToken=b03f5f7f11d50a3a" className="Test.AccessTest, Test" name="GroupBy_Where" />
    </UnitTest>
    <UnitTest name="DateTimeLT" storage="d:\alinq\source\trunk\test\bin\debug\test.dll" id="92b0d52f-5f50-12d0-baae-c1b6ff1ae13f">
      <Css projectStructure="" iteration="" />
      <Owners>
        <Owner name="" />
      </Owners>
      <TestMethod codeBase="D:\ALinq\Source\Trunk\Test\bin\Debug\Test.dll" adapterTypeName="Microsoft.VisualStudio.TestTools.TestTypes.Unit.UnitTestAdapter, Microsoft.VisualStudio.QualityTools.Tips.UnitTest.Adapter, Version=9.0.0.0, Culture=neutral, PublicKeyToken=b03f5f7f11d50a3a" className="Test.PgsqlTest, Test" name="DateTimeLT" />
    </UnitTest>
    <UnitTest name="Select_AnonymousType" storage="d:\alinq\source\trunk\test\bin\debug\test.dll" id="c1703e04-874a-79dd-047d-87b5362aaab0">
      <Css projectStructure="" iteration="" />
      <Owners>
        <Owner name="" />
      </Owners>
      <TestMethod codeBase="D:\ALinq\Source\Trunk\Test\bin\Debug\Test.dll" adapterTypeName="Microsoft.VisualStudio.TestTools.TestTypes.Unit.UnitTestAdapter, Microsoft.VisualStudio.QualityTools.Tips.UnitTest.Adapter, Version=9.0.0.0, Culture=neutral, PublicKeyToken=b03f5f7f11d50a3a" className="Test.MySqlTest, Test" name="Select_AnonymousType" />
    </UnitTest>
    <UnitTest name="String_IndexOf4" storage="d:\alinq\source\trunk\test\bin\debug\test.dll" id="31e701ac-7a3d-3ff8-95be-17a54200e2cb">
      <Css projectStructure="" iteration="" />
      <Owners>
        <Owner name="" />
      </Owners>
      <TestMethod codeBase="D:\ALinq\Source\Trunk\Test\bin\Debug\Test.dll" adapterTypeName="Microsoft.VisualStudio.TestTools.TestTypes.Unit.UnitTestAdapter, Microsoft.VisualStudio.QualityTools.Tips.UnitTest.Adapter, Version=9.0.0.0, Culture=neutral, PublicKeyToken=b03f5f7f11d50a3a" className="Test.FirebirdTest, Test" name="String_IndexOf4" />
    </UnitTest>
    <UnitTest name="DataLoadOptionsTest" storage="d:\alinq\source\trunk\test\bin\debug\test.dll" id="f1c48d32-be76-d78b-8be4-3899f89536e0">
      <Css projectStructure="" iteration="" />
      <Owners>
        <Owner name="" />
      </Owners>
      <TestMethod codeBase="D:\ALinq\Source\Trunk\Test\bin\Debug\Test.dll" adapterTypeName="Microsoft.VisualStudio.TestTools.TestTypes.Unit.UnitTestAdapter, Microsoft.VisualStudio.QualityTools.Tips.UnitTest.Adapter, Version=9.0.0.0, Culture=neutral, PublicKeyToken=b03f5f7f11d50a3a" className="Test.SQL2005Test, Test" name="DataLoadOptionsTest" />
    </UnitTest>
    <UnitTest name="Sum_Empty" storage="d:\alinq\source\trunk\test\bin\debug\test.dll" id="fe876dba-a36b-c374-cade-c8e0021aeb1a">
      <Css projectStructure="" iteration="" />
      <Owners>
        <Owner name="" />
      </Owners>
      <TestMethod codeBase="D:\ALinq\Source\Trunk\Test\bin\Debug\Test.dll" adapterTypeName="Microsoft.VisualStudio.TestTools.TestTypes.Unit.UnitTestAdapter, Microsoft.VisualStudio.QualityTools.Tips.UnitTest.Adapter, Version=9.0.0.0, Culture=neutral, PublicKeyToken=b03f5f7f11d50a3a" className="Test.SQL2000Test, Test" name="Sum_Empty" />
    </UnitTest>
    <UnitTest name="DateDiffMillisecond" storage="d:\alinq\source\trunk\test\bin\debug\test.dll" id="f2c7fe76-8b2a-731e-3be5-5ceb7f75f8e5">
      <Css projectStructure="" iteration="" />
      <Owners>
        <Owner name="" />
      </Owners>
      <TestMethod codeBase="D:\ALinq\Source\Trunk\Test\bin\Debug\Test.dll" adapterTypeName="Microsoft.VisualStudio.TestTools.TestTypes.Unit.UnitTestAdapter, Microsoft.VisualStudio.QualityTools.Tips.UnitTest.Adapter, Version=9.0.0.0, Culture=neutral, PublicKeyToken=b03f5f7f11d50a3a" className="Test.MySqlMethods, Test" name="DateDiffMillisecond" />
    </UnitTest>
    <UnitTest name="GroupBy_Select" storage="d:\alinq\source\trunk\test\bin\debug\test.dll" id="f502e5a1-938d-455d-f7b4-9c83fa4c6d85">
      <Css projectStructure="" iteration="" />
      <Owners>
        <Owner name="" />
      </Owners>
      <TestMethod codeBase="D:\ALinq\Source\Trunk\Test\bin\Debug\Test.dll" adapterTypeName="Microsoft.VisualStudio.TestTools.TestTypes.Unit.UnitTestAdapter, Microsoft.VisualStudio.QualityTools.Tips.UnitTest.Adapter, Version=9.0.0.0, Culture=neutral, PublicKeyToken=b03f5f7f11d50a3a" className="Test.SQL2005Test, Test" name="GroupBy_Select" />
    </UnitTest>
    <UnitTest name="String_Clone" storage="d:\alinq\source\trunk\test\bin\debug\test.dll" id="f70ff5cd-dce5-c370-22c4-8b6f2d9101f6">
      <Css projectStructure="" iteration="" />
      <Owners>
        <Owner name="" />
      </Owners>
      <TestMethod codeBase="D:\ALinq\Source\Trunk\Test\bin\Debug\Test.dll" adapterTypeName="Microsoft.VisualStudio.TestTools.TestTypes.Unit.UnitTestAdapter, Microsoft.VisualStudio.QualityTools.Tips.UnitTest.Adapter, Version=9.0.0.0, Culture=neutral, PublicKeyToken=b03f5f7f11d50a3a" className="Test.PgsqlTest, Test" name="String_Clone" />
    </UnitTest>
    <UnitTest name="GroupBy_Sum" storage="d:\alinq\source\trunk\test\bin\debug\test.dll" id="15d1b5b2-065b-a2ba-2e7b-6a2e1086ffc9">
      <Css projectStructure="" iteration="" />
      <Owners>
        <Owner name="" />
      </Owners>
      <TestMethod codeBase="D:\ALinq\Source\Trunk\Test\bin\Debug\Test.dll" adapterTypeName="Microsoft.VisualStudio.TestTools.TestTypes.Unit.UnitTestAdapter, Microsoft.VisualStudio.QualityTools.Tips.UnitTest.Adapter, Version=9.0.0.0, Culture=neutral, PublicKeyToken=b03f5f7f11d50a3a" className="Test.SQL2000Test, Test" name="GroupBy_Sum" />
    </UnitTest>
    <UnitTest name="Math_Min" storage="d:\alinq\source\trunk\test\bin\debug\test.dll" id="c6c63f0b-9e84-054c-df92-ccdef6cce169">
      <Css projectStructure="" iteration="" />
      <Owners>
        <Owner name="" />
      </Owners>
      <TestMethod codeBase="D:\ALinq\Source\Trunk\Test\bin\Debug\Test.dll" adapterTypeName="Microsoft.VisualStudio.TestTools.TestTypes.Unit.UnitTestAdapter, Microsoft.VisualStudio.QualityTools.Tips.UnitTest.Adapter, Version=9.0.0.0, Culture=neutral, PublicKeyToken=b03f5f7f11d50a3a" className="Test.DB2Test, Test" name="Math_Min" />
    </UnitTest>
    <UnitTest name="DateDiffHour" storage="d:\alinq\source\trunk\test\bin\debug\test.dll" id="fdaabea6-ff38-9210-f4a6-8045cfbbbfab">
      <Css projectStructure="" iteration="" />
      <Owners>
        <Owner name="" />
      </Owners>
      <TestMethod codeBase="D:\ALinq\Source\Trunk\Test\bin\Debug\Test.dll" adapterTypeName="Microsoft.VisualStudio.TestTools.TestTypes.Unit.UnitTestAdapter, Microsoft.VisualStudio.QualityTools.Tips.UnitTest.Adapter, Version=9.0.0.0, Culture=neutral, PublicKeyToken=b03f5f7f11d50a3a" className="Test.MySqlMethods, Test" name="DateDiffHour" />
    </UnitTest>
    <UnitTest name="FromObjectTest" storage="d:\alinq\source\trunk\test\bin\debug\test.dll" id="46f3a7de-ac3e-8f43-0376-a93afd7f04a4">
      <Css projectStructure="" iteration="" />
      <Owners>
        <Owner name="" />
      </Owners>
      <TestMethod codeBase="D:\ALinq\Source\Trunk\Test\bin\Debug\Test.dll" adapterTypeName="Microsoft.VisualStudio.TestTools.TestTypes.Unit.UnitTestAdapter, Microsoft.VisualStudio.QualityTools.Tips.UnitTest.Adapter, Version=9.0.0.0, Culture=neutral, PublicKeyToken=b03f5f7f11d50a3a" className="Test.FirebirdDataTypeTest, Test" name="FromObjectTest" />
    </UnitTest>
    <UnitTest name="Math_Ceiling" storage="d:\alinq\source\trunk\test\bin\debug\test.dll" id="0c7206f0-2d5b-d0b0-6315-803b4f0fe840">
      <Css projectStructure="" iteration="" />
      <Owners>
        <Owner name="" />
      </Owners>
      <TestMethod codeBase="D:\ALinq\Source\Trunk\Test\bin\Debug\Test.dll" adapterTypeName="Microsoft.VisualStudio.TestTools.TestTypes.Unit.UnitTestAdapter, Microsoft.VisualStudio.QualityTools.Tips.UnitTest.Adapter, Version=9.0.0.0, Culture=neutral, PublicKeyToken=b03f5f7f11d50a3a" className="Test.FirebirdTest, Test" name="Math_Ceiling" />
    </UnitTest>
    <UnitTest name="String_Equals1" storage="d:\alinq\source\trunk\test\bin\debug\test.dll" id="9f26ecf8-4b55-73ca-ae00-8b1a4fbf0333">
      <Css projectStructure="" iteration="" />
      <Owners>
        <Owner name="" />
      </Owners>
      <TestMethod codeBase="D:\ALinq\Source\Trunk\Test\bin\Debug\Test.dll" adapterTypeName="Microsoft.VisualStudio.TestTools.TestTypes.Unit.UnitTestAdapter, Microsoft.VisualStudio.QualityTools.Tips.UnitTest.Adapter, Version=9.0.0.0, Culture=neutral, PublicKeyToken=b03f5f7f11d50a3a" className="Test.DB2Test, Test" name="String_Equals1" />
    </UnitTest>
    <UnitTest name="Test2" storage="d:\alinq\source\trunk\test\bin\debug\test.dll" id="1d721389-af3b-30fc-8f7c-6024b9a99314">
      <Css projectStructure="" iteration="" />
      <Owners>
        <Owner name="" />
      </Owners>
      <TestMethod codeBase="D:\ALinq\Source\Trunk\Test\bin\Debug\Test.dll" adapterTypeName="Microsoft.VisualStudio.TestTools.TestTypes.Unit.UnitTestAdapter, Microsoft.VisualStudio.QualityTools.Tips.UnitTest.Adapter, Version=9.0.0.0, Culture=neutral, PublicKeyToken=b03f5f7f11d50a3a" className="Test.SQL2000Test, Test" name="Test2" />
    </UnitTest>
    <UnitTest name="Join_SelfJoin" storage="d:\alinq\source\trunk\test\bin\debug\test.dll" id="cf56fe91-2d71-5a52-af72-58d2ebd3ca9e">
      <Css projectStructure="" iteration="" />
      <Owners>
        <Owner name="" />
      </Owners>
      <TestMethod codeBase="D:\ALinq\Source\Trunk\Test\bin\Debug\Test.dll" adapterTypeName="Microsoft.VisualStudio.TestTools.TestTypes.Unit.UnitTestAdapter, Microsoft.VisualStudio.QualityTools.Tips.UnitTest.Adapter, Version=9.0.0.0, Culture=neutral, PublicKeyToken=b03f5f7f11d50a3a" className="Test.SQLiteTest, Test" name="Join_SelfJoin" />
    </UnitTest>
    <UnitTest name="Math_Sqrt" storage="d:\alinq\source\trunk\test\bin\debug\test.dll" id="21c17d3e-93d3-a540-bd64-75f40379f136">
      <Css projectStructure="" iteration="" />
      <Owners>
        <Owner name="" />
      </Owners>
      <TestMethod codeBase="D:\ALinq\Source\Trunk\Test\bin\Debug\Test.dll" adapterTypeName="Microsoft.VisualStudio.TestTools.TestTypes.Unit.UnitTestAdapter, Microsoft.VisualStudio.QualityTools.Tips.UnitTest.Adapter, Version=9.0.0.0, Culture=neutral, PublicKeyToken=b03f5f7f11d50a3a" className="Test.SQL2000Test, Test" name="Math_Sqrt" />
    </UnitTest>
    <UnitTest name="Concat" storage="d:\alinq\source\trunk\test\bin\debug\test.dll" id="65738865-994c-4a38-83db-4ecb13440046">
      <Css projectStructure="" iteration="" />
      <Owners>
        <Owner name="" />
      </Owners>
      <TestMethod codeBase="D:\ALinq\Source\Trunk\Test\bin\Debug\Test.dll" adapterTypeName="Microsoft.VisualStudio.TestTools.TestTypes.Unit.UnitTestAdapter, Microsoft.VisualStudio.QualityTools.Tips.UnitTest.Adapter, Version=9.0.0.0, Culture=neutral, PublicKeyToken=b03f5f7f11d50a3a" className="Test.MySqlTest, Test" name="Concat" />
    </UnitTest>
    <UnitTest name="CollectionConvert" storage="d:\alinq\source\trunk\test\bin\debug\test.dll" id="2117225d-c18c-291f-fc58-cb9646a0368f">
      <Css projectStructure="" iteration="" />
      <Owners>
        <Owner name="" />
      </Owners>
      <TestMethod codeBase="D:\ALinq\Source\Trunk\Test\bin\Debug\Test.dll" adapterTypeName="Microsoft.VisualStudio.TestTools.TestTypes.Unit.UnitTestAdapter, Microsoft.VisualStudio.QualityTools.Tips.UnitTest.Adapter, Version=9.0.0.0, Culture=neutral, PublicKeyToken=b03f5f7f11d50a3a" className="Test.MySqlTest, Test" name="CollectionConvert" />
    </UnitTest>
    <UnitTest name="Test1" storage="d:\alinq\source\trunk\test\bin\debug\test.dll" id="a7844984-3d33-dde8-2d30-6893e92420f6">
      <Css projectStructure="" iteration="" />
      <Owners>
        <Owner name="" />
      </Owners>
      <TestMethod codeBase="D:\ALinq\Source\Trunk\Test\bin\Debug\Test.dll" adapterTypeName="Microsoft.VisualStudio.TestTools.TestTypes.Unit.UnitTestAdapter, Microsoft.VisualStudio.QualityTools.Tips.UnitTest.Adapter, Version=9.0.0.0, Culture=neutral, PublicKeyToken=b03f5f7f11d50a3a" className="Test.TempTest, Test" name="Test1" />
    </UnitTest>
    <UnitTest name="StringStartsWith" storage="d:\alinq\source\trunk\test\bin\debug\test.dll" id="9cd3af95-f64a-4414-0dbd-36aad43bcf9d">
      <Css projectStructure="" iteration="" />
      <Owners>
        <Owner name="" />
      </Owners>
      <TestMethod codeBase="D:\ALinq\Source\Trunk\Test\bin\Debug\Test.dll" adapterTypeName="Microsoft.VisualStudio.TestTools.TestTypes.Unit.UnitTestAdapter, Microsoft.VisualStudio.QualityTools.Tips.UnitTest.Adapter, Version=9.0.0.0, Culture=neutral, PublicKeyToken=b03f5f7f11d50a3a" className="Test.PgsqlTest, Test" name="StringStartsWith" />
    </UnitTest>
    <UnitTest name="GroupBy_Select" storage="d:\alinq\source\trunk\test\bin\debug\test.dll" id="3907128f-aa71-d05a-8e3b-d3c5e7c1b8f3">
      <Css projectStructure="" iteration="" />
      <Owners>
        <Owner name="" />
      </Owners>
      <TestMethod codeBase="D:\ALinq\Source\Trunk\Test\bin\Debug\Test.dll" adapterTypeName="Microsoft.VisualStudio.TestTools.TestTypes.Unit.UnitTestAdapter, Microsoft.VisualStudio.QualityTools.Tips.UnitTest.Adapter, Version=9.0.0.0, Culture=neutral, PublicKeyToken=b03f5f7f11d50a3a" className="Test.OdpOracleTest, Test" name="GroupBy_Select" />
    </UnitTest>
    <UnitTest name="DateTime_Second" storage="d:\alinq\source\trunk\test\bin\debug\test.dll" id="fdb93833-7ae2-4eea-be84-9572433d342e">
      <Css projectStructure="" iteration="" />
      <Owners>
        <Owner name="" />
      </Owners>
      <TestMethod codeBase="D:\ALinq\Source\Trunk\Test\bin\Debug\Test.dll" adapterTypeName="Microsoft.VisualStudio.TestTools.TestTypes.Unit.UnitTestAdapter, Microsoft.VisualStudio.QualityTools.Tips.UnitTest.Adapter, Version=9.0.0.0, Culture=neutral, PublicKeyToken=b03f5f7f11d50a3a" className="Test.PgsqlTest, Test" name="DateTime_Second" />
    </UnitTest>
    <UnitTest name="Convert_ToInt64" storage="d:\alinq\source\trunk\test\bin\debug\test.dll" id="18113994-f9f5-8f0f-d6ed-ba28027ef22e">
      <Css projectStructure="" iteration="" />
      <Owners>
        <Owner name="" />
      </Owners>
      <TestMethod codeBase="D:\ALinq\Source\Trunk\Test\bin\Debug\Test.dll" adapterTypeName="Microsoft.VisualStudio.TestTools.TestTypes.Unit.UnitTestAdapter, Microsoft.VisualStudio.QualityTools.Tips.UnitTest.Adapter, Version=9.0.0.0, Culture=neutral, PublicKeyToken=b03f5f7f11d50a3a" className="Test.PgsqlTest, Test" name="Convert_ToInt64" />
    </UnitTest>
    <UnitTest name="Math_Sign" storage="d:\alinq\source\trunk\test\bin\debug\test.dll" id="d0c5a9e1-e60d-bc6f-c008-d63624bbf171">
      <Css projectStructure="" iteration="" />
      <Owners>
        <Owner name="" />
      </Owners>
      <TestMethod codeBase="D:\ALinq\Source\Trunk\Test\bin\Debug\Test.dll" adapterTypeName="Microsoft.VisualStudio.TestTools.TestTypes.Unit.UnitTestAdapter, Microsoft.VisualStudio.QualityTools.Tips.UnitTest.Adapter, Version=9.0.0.0, Culture=neutral, PublicKeyToken=b03f5f7f11d50a3a" className="Test.SqlTest, Test" name="Math_Sign" />
    </UnitTest>
    <UnitTest name="CreateTale" storage="d:\alinq\source\trunk\test\bin\debug\test.dll" id="a173bc98-262f-5e7a-fbf4-0d50d4e783ab">
      <Css projectStructure="" iteration="" />
      <Owners>
        <Owner name="" />
      </Owners>
      <TestMethod codeBase="D:\ALinq\Source\Trunk\Test\bin\Debug\Test.dll" adapterTypeName="Microsoft.VisualStudio.TestTools.TestTypes.Unit.UnitTestAdapter, Microsoft.VisualStudio.QualityTools.Tips.UnitTest.Adapter, Version=9.0.0.0, Culture=neutral, PublicKeyToken=b03f5f7f11d50a3a" className="Test.FirebirdTest, Test" name="CreateTale" />
    </UnitTest>
    <UnitTest name="StringIndexOf" storage="d:\alinq\source\trunk\test\bin\debug\test.dll" id="72b721ee-f466-9419-edab-5f57c467c660">
      <Css projectStructure="" iteration="" />
      <Owners>
        <Owner name="" />
      </Owners>
      <TestMethod codeBase="D:\ALinq\Source\Trunk\Test\bin\Debug\Test.dll" adapterTypeName="Microsoft.VisualStudio.TestTools.TestTypes.Unit.UnitTestAdapter, Microsoft.VisualStudio.QualityTools.Tips.UnitTest.Adapter, Version=9.0.0.0, Culture=neutral, PublicKeyToken=b03f5f7f11d50a3a" className="Test.PgsqlTest, Test" name="StringIndexOf" />
    </UnitTest>
    <UnitTest name="Distinct2" storage="d:\alinq\source\trunk\test\bin\debug\test.dll" id="be727130-9431-5cf2-a54a-16dc84bb49ca">
      <Css projectStructure="" iteration="" />
      <Owners>
        <Owner name="" />
      </Owners>
      <TestMethod codeBase="D:\ALinq\Source\Trunk\Test\bin\Debug\Test.dll" adapterTypeName="Microsoft.VisualStudio.TestTools.TestTypes.Unit.UnitTestAdapter, Microsoft.VisualStudio.QualityTools.Tips.UnitTest.Adapter, Version=9.0.0.0, Culture=neutral, PublicKeyToken=b03f5f7f11d50a3a" className="Test.SqlTest, Test" name="Distinct2" />
    </UnitTest>
    <UnitTest name="Select_LocalMethodCall" storage="d:\alinq\source\trunk\test\bin\debug\test.dll" id="fe2419cc-5abf-d9be-e903-997e616a50a6">
      <Css projectStructure="" iteration="" />
      <Owners>
        <Owner name="" />
      </Owners>
      <TestMethod codeBase="D:\ALinq\Source\Trunk\Test\bin\Debug\Test.dll" adapterTypeName="Microsoft.VisualStudio.TestTools.TestTypes.Unit.UnitTestAdapter, Microsoft.VisualStudio.QualityTools.Tips.UnitTest.Adapter, Version=9.0.0.0, Culture=neutral, PublicKeyToken=b03f5f7f11d50a3a" className="Test.SQLiteTest, Test" name="Select_LocalMethodCall" />
    </UnitTest>
    <UnitTest name="Math_Sqrt" storage="d:\alinq\source\trunk\test\bin\debug\test.dll" id="3deeb89f-4f8c-8f88-0c4c-8ab64c899c4e">
      <Css projectStructure="" iteration="" />
      <Owners>
        <Owner name="" />
      </Owners>
      <TestMethod codeBase="D:\ALinq\Source\Trunk\Test\bin\Debug\Test.dll" adapterTypeName="Microsoft.VisualStudio.TestTools.TestTypes.Unit.UnitTestAdapter, Microsoft.VisualStudio.QualityTools.Tips.UnitTest.Adapter, Version=9.0.0.0, Culture=neutral, PublicKeyToken=b03f5f7f11d50a3a" className="Test.AccessTest, Test" name="Math_Sqrt" />
    </UnitTest>
    <UnitTest name="StringToLower" storage="d:\alinq\source\trunk\test\bin\debug\test.dll" id="0e34eec7-3e77-3544-bf19-94454ad6e518">
      <Css projectStructure="" iteration="" />
      <Owners>
        <Owner name="" />
      </Owners>
      <TestMethod codeBase="D:\ALinq\Source\Trunk\Test\bin\Debug\Test.dll" adapterTypeName="Microsoft.VisualStudio.TestTools.TestTypes.Unit.UnitTestAdapter, Microsoft.VisualStudio.QualityTools.Tips.UnitTest.Adapter, Version=9.0.0.0, Culture=neutral, PublicKeyToken=b03f5f7f11d50a3a" className="Test.FirebirdTest, Test" name="StringToLower" />
    </UnitTest>
    <UnitTest name="All_Grouped" storage="d:\alinq\source\trunk\test\bin\debug\test.dll" id="de715f15-1ebb-647b-e069-e8ca398126fd">
      <Css projectStructure="" iteration="" />
      <Owners>
        <Owner name="" />
      </Owners>
      <TestMethod codeBase="D:\ALinq\Source\Trunk\Test\bin\Debug\Test.dll" adapterTypeName="Microsoft.VisualStudio.TestTools.TestTypes.Unit.UnitTestAdapter, Microsoft.VisualStudio.QualityTools.Tips.UnitTest.Adapter, Version=9.0.0.0, Culture=neutral, PublicKeyToken=b03f5f7f11d50a3a" className="Test.MySqlTest, Test" name="All_Grouped" />
    </UnitTest>
    <UnitTest name="GroupByCount" storage="d:\alinq\source\trunk\test\bin\debug\test.dll" id="943b8b53-26ec-c8bf-125f-a558689398fb">
      <Css projectStructure="" iteration="" />
      <Owners>
        <Owner name="" />
      </Owners>
      <TestMethod codeBase="D:\ALinq\Source\Trunk\Test\bin\Debug\Test.dll" adapterTypeName="Microsoft.VisualStudio.TestTools.TestTypes.Unit.UnitTestAdapter, Microsoft.VisualStudio.QualityTools.Tips.UnitTest.Adapter, Version=9.0.0.0, Culture=neutral, PublicKeyToken=b03f5f7f11d50a3a" className="Test.SqlTest, Test" name="GroupByCount" />
    </UnitTest>
    <UnitTest name="CRUD_Delete2" storage="d:\alinq\source\trunk\test\bin\debug\test.dll" id="0ac7d1e3-0459-8d4d-017e-5dd5aa6fbed7">
      <Css projectStructure="" iteration="" />
      <Owners>
        <Owner name="" />
      </Owners>
      <TestMethod codeBase="D:\ALinq\Source\Trunk\Test\bin\Debug\Test.dll" adapterTypeName="Microsoft.VisualStudio.TestTools.TestTypes.Unit.UnitTestAdapter, Microsoft.VisualStudio.QualityTools.Tips.UnitTest.Adapter, Version=9.0.0.0, Culture=neutral, PublicKeyToken=b03f5f7f11d50a3a" className="Test.PgsqlTest, Test" name="CRUD_Delete2" />
    </UnitTest>
    <UnitTest name="String_ToLower1" storage="d:\alinq\source\trunk\test\bin\debug\test.dll" id="029c1bae-e6bc-b036-b0ff-e82664dc264c">
      <Css projectStructure="" iteration="" />
      <Owners>
        <Owner name="" />
      </Owners>
      <TestMethod codeBase="D:\ALinq\Source\Trunk\Test\bin\Debug\Test.dll" adapterTypeName="Microsoft.VisualStudio.TestTools.TestTypes.Unit.UnitTestAdapter, Microsoft.VisualStudio.QualityTools.Tips.UnitTest.Adapter, Version=9.0.0.0, Culture=neutral, PublicKeyToken=b03f5f7f11d50a3a" className="Test.NorOracleTest, Test" name="String_ToLower1" />
    </UnitTest>
    <UnitTest name="Avg_Emelents" storage="d:\alinq\source\trunk\test\bin\debug\test.dll" id="bc2ee40e-4082-2136-c880-0c5025ad9a2b">
      <Css projectStructure="" iteration="" />
      <Owners>
        <Owner name="" />
      </Owners>
      <TestMethod codeBase="D:\ALinq\Source\Trunk\Test\bin\Debug\Test.dll" adapterTypeName="Microsoft.VisualStudio.TestTools.TestTypes.Unit.UnitTestAdapter, Microsoft.VisualStudio.QualityTools.Tips.UnitTest.Adapter, Version=9.0.0.0, Culture=neutral, PublicKeyToken=b03f5f7f11d50a3a" className="Test.OdpOracleTest, Test" name="Avg_Emelents" />
    </UnitTest>
    <UnitTest name="Any_Simple" storage="d:\alinq\source\trunk\test\bin\debug\test.dll" id="6160f8f5-3d4c-d2cb-dfd2-8d1c61289c09">
      <Css projectStructure="" iteration="" />
      <Owners>
        <Owner name="" />
      </Owners>
      <TestMethod codeBase="D:\ALinq\Source\Trunk\Test\bin\Debug\Test.dll" adapterTypeName="Microsoft.VisualStudio.TestTools.TestTypes.Unit.UnitTestAdapter, Microsoft.VisualStudio.QualityTools.Tips.UnitTest.Adapter, Version=9.0.0.0, Culture=neutral, PublicKeyToken=b03f5f7f11d50a3a" className="Test.AccessTest, Test" name="Any_Simple" />
    </UnitTest>
    <UnitTest name="CreateTale" storage="d:\alinq\source\trunk\test\bin\debug\test.dll" id="38424df7-3eb8-606b-4096-38600ae8f0bf">
      <Css projectStructure="" iteration="" />
      <Owners>
        <Owner name="" />
      </Owners>
      <TestMethod codeBase="D:\ALinq\Source\Trunk\Test\bin\Debug\Test.dll" adapterTypeName="Microsoft.VisualStudio.TestTools.TestTypes.Unit.UnitTestAdapter, Microsoft.VisualStudio.QualityTools.Tips.UnitTest.Adapter, Version=9.0.0.0, Culture=neutral, PublicKeyToken=b03f5f7f11d50a3a" className="Test.AccessTest, Test" name="CreateTale" />
    </UnitTest>
    <UnitTest name="Avg_Simple" storage="d:\alinq\source\trunk\test\bin\debug\test.dll" id="b50f2a94-e900-31ef-bcd9-52d42063c1d7">
      <Css projectStructure="" iteration="" />
      <Execution timeOut="10000" />
      <Owners>
        <Owner name="" />
      </Owners>
      <TestMethod codeBase="D:\ALinq\Source\Trunk\Test\bin\Debug\Test.dll" adapterTypeName="Microsoft.VisualStudio.TestTools.TestTypes.Unit.UnitTestAdapter, Microsoft.VisualStudio.QualityTools.Tips.UnitTest.Adapter, Version=9.0.0.0, Culture=neutral, PublicKeyToken=b03f5f7f11d50a3a" className="Test.AccessTest, Test" name="Avg_Simple" />
    </UnitTest>
    <UnitTest name="String_Equals3" storage="d:\alinq\source\trunk\test\bin\debug\test.dll" id="a8b683f0-816c-2b9c-5308-dff001d6ff71">
      <Css projectStructure="" iteration="" />
      <Owners>
        <Owner name="" />
      </Owners>
      <TestMethod codeBase="D:\ALinq\Source\Trunk\Test\bin\Debug\Test.dll" adapterTypeName="Microsoft.VisualStudio.TestTools.TestTypes.Unit.UnitTestAdapter, Microsoft.VisualStudio.QualityTools.Tips.UnitTest.Adapter, Version=9.0.0.0, Culture=neutral, PublicKeyToken=b03f5f7f11d50a3a" className="Test.SqlTest, Test" name="String_Equals3" />
    </UnitTest>
    <UnitTest name="DataType_Char" storage="d:\alinq\source\trunk\test\bin\debug\test.dll" id="87a6127b-072a-4fc1-f54e-b59924e180cf">
      <Css projectStructure="" iteration="" />
      <Owners>
        <Owner name="" />
      </Owners>
      <TestMethod codeBase="D:\ALinq\Source\Trunk\Test\bin\Debug\Test.dll" adapterTypeName="Microsoft.VisualStudio.TestTools.TestTypes.Unit.UnitTestAdapter, Microsoft.VisualStudio.QualityTools.Tips.UnitTest.Adapter, Version=9.0.0.0, Culture=neutral, PublicKeyToken=b03f5f7f11d50a3a" className="Test.FirebirdTest, Test" name="DataType_Char" />
    </UnitTest>
    <UnitTest name="DateTimeLE" storage="d:\alinq\source\trunk\test\bin\debug\test.dll" id="f45f797d-7ab0-987f-3390-d92075343693">
      <Css projectStructure="" iteration="" />
      <Owners>
        <Owner name="" />
      </Owners>
      <TestMethod codeBase="D:\ALinq\Source\Trunk\Test\bin\Debug\Test.dll" adapterTypeName="Microsoft.VisualStudio.TestTools.TestTypes.Unit.UnitTestAdapter, Microsoft.VisualStudio.QualityTools.Tips.UnitTest.Adapter, Version=9.0.0.0, Culture=neutral, PublicKeyToken=b03f5f7f11d50a3a" className="Test.NorOracleTest, Test" name="DateTimeLE" />
    </UnitTest>
    <UnitTest name="Math_Log" storage="d:\alinq\source\trunk\test\bin\debug\test.dll" id="d1dcd52f-a822-975c-ed75-ba1357cee845">
      <Css projectStructure="" iteration="" />
      <Owners>
        <Owner name="" />
      </Owners>
      <TestMethod codeBase="D:\ALinq\Source\Trunk\Test\bin\Debug\Test.dll" adapterTypeName="Microsoft.VisualStudio.TestTools.TestTypes.Unit.UnitTestAdapter, Microsoft.VisualStudio.QualityTools.Tips.UnitTest.Adapter, Version=9.0.0.0, Culture=neutral, PublicKeyToken=b03f5f7f11d50a3a" className="Test.AccessTest, Test" name="Math_Log" />
    </UnitTest>
    <UnitTest name="GroupBy_Expression" storage="d:\alinq\source\trunk\test\bin\debug\test.dll" id="2dfb319c-e318-925b-04f0-c6e027c52d7d">
      <Css projectStructure="" iteration="" />
      <Owners>
        <Owner name="" />
      </Owners>
      <TestMethod codeBase="D:\ALinq\Source\Trunk\Test\bin\Debug\Test.dll" adapterTypeName="Microsoft.VisualStudio.TestTools.TestTypes.Unit.UnitTestAdapter, Microsoft.VisualStudio.QualityTools.Tips.UnitTest.Adapter, Version=9.0.0.0, Culture=neutral, PublicKeyToken=b03f5f7f11d50a3a" className="Test.SQL2000Test, Test" name="GroupBy_Expression" />
    </UnitTest>
    <UnitTest name="DateTime_DayOfWeek" storage="d:\alinq\source\trunk\test\bin\debug\test.dll" id="1504a585-4c7a-48e0-5133-646cfee3029a">
      <Css projectStructure="" iteration="" />
      <Owners>
        <Owner name="" />
      </Owners>
      <TestMethod codeBase="D:\ALinq\Source\Trunk\Test\bin\Debug\Test.dll" adapterTypeName="Microsoft.VisualStudio.TestTools.TestTypes.Unit.UnitTestAdapter, Microsoft.VisualStudio.QualityTools.Tips.UnitTest.Adapter, Version=9.0.0.0, Culture=neutral, PublicKeyToken=b03f5f7f11d50a3a" className="Test.NorOracleTest, Test" name="DateTime_DayOfWeek" />
    </UnitTest>
    <UnitTest name="Math_Sqrt" storage="d:\alinq\source\trunk\test\bin\debug\test.dll" id="97ad8210-b54a-6e9c-0023-e7306f59f816">
      <Css projectStructure="" iteration="" />
      <Owners>
        <Owner name="" />
      </Owners>
      <TestMethod codeBase="D:\ALinq\Source\Trunk\Test\bin\Debug\Test.dll" adapterTypeName="Microsoft.VisualStudio.TestTools.TestTypes.Unit.UnitTestAdapter, Microsoft.VisualStudio.QualityTools.Tips.UnitTest.Adapter, Version=9.0.0.0, Culture=neutral, PublicKeyToken=b03f5f7f11d50a3a" className="Test.SQL2005Test, Test" name="Math_Sqrt" />
    </UnitTest>
    <UnitTest name="StringContain" storage="d:\alinq\source\trunk\test\bin\debug\test.dll" id="28bb1a6a-5575-462a-541e-37d32640abe3">
      <Css projectStructure="" iteration="" />
      <Owners>
        <Owner name="" />
      </Owners>
      <TestMethod codeBase="D:\ALinq\Source\Trunk\Test\bin\Debug\Test.dll" adapterTypeName="Microsoft.VisualStudio.TestTools.TestTypes.Unit.UnitTestAdapter, Microsoft.VisualStudio.QualityTools.Tips.UnitTest.Adapter, Version=9.0.0.0, Culture=neutral, PublicKeyToken=b03f5f7f11d50a3a" className="Test.NorOracleTest, Test" name="StringContain" />
    </UnitTest>
    <UnitTest name="CRUD_Insert2" storage="d:\alinq\source\trunk\test\bin\debug\test.dll" id="b8eddce5-07a2-2a5e-b263-d19650914b31">
      <Css projectStructure="" iteration="" />
      <Owners>
        <Owner name="" />
      </Owners>
      <TestMethod codeBase="D:\ALinq\Source\Trunk\Test\bin\Debug\Test.dll" adapterTypeName="Microsoft.VisualStudio.TestTools.TestTypes.Unit.UnitTestAdapter, Microsoft.VisualStudio.QualityTools.Tips.UnitTest.Adapter, Version=9.0.0.0, Culture=neutral, PublicKeyToken=b03f5f7f11d50a3a" className="Test.MySqlTest, Test" name="CRUD_Insert2" />
    </UnitTest>
    <UnitTest name="Convert_ToInt64" storage="d:\alinq\source\trunk\test\bin\debug\test.dll" id="2de8a907-f94d-8dfa-7e28-6eeb18c53db8">
      <Css projectStructure="" iteration="" />
      <Owners>
        <Owner name="" />
      </Owners>
      <TestMethod codeBase="D:\ALinq\Source\Trunk\Test\bin\Debug\Test.dll" adapterTypeName="Microsoft.VisualStudio.TestTools.TestTypes.Unit.UnitTestAdapter, Microsoft.VisualStudio.QualityTools.Tips.UnitTest.Adapter, Version=9.0.0.0, Culture=neutral, PublicKeyToken=b03f5f7f11d50a3a" className="Test.AccessTest, Test" name="Convert_ToInt64" />
    </UnitTest>
    <UnitTest name="CRUD_Insert1" storage="d:\alinq\source\trunk\test\bin\debug\test.dll" id="32cd13a6-0dfd-5da5-c26b-19e12cb7ada0">
      <Css projectStructure="" iteration="" />
      <Owners>
        <Owner name="" />
      </Owners>
      <TestMethod codeBase="D:\ALinq\Source\Trunk\Test\bin\Debug\Test.dll" adapterTypeName="Microsoft.VisualStudio.TestTools.TestTypes.Unit.UnitTestAdapter, Microsoft.VisualStudio.QualityTools.Tips.UnitTest.Adapter, Version=9.0.0.0, Culture=neutral, PublicKeyToken=b03f5f7f11d50a3a" className="Test.SQL2005Test, Test" name="CRUD_Insert1" />
    </UnitTest>
    <UnitTest name="T" storage="d:\alinq\source\trunk\test\bin\debug\test.dll" id="25c6fe35-0786-9dc1-599e-f5a0d6f553c8">
      <Css projectStructure="" iteration="" />
      <Owners>
        <Owner name="" />
      </Owners>
      <TestMethod codeBase="D:\ALinq\Source\Trunk\Test\bin\Debug\Test.dll" adapterTypeName="Microsoft.VisualStudio.TestTools.TestTypes.Unit.UnitTestAdapter, Microsoft.VisualStudio.QualityTools.Tips.UnitTest.Adapter, Version=9.0.0.0, Culture=neutral, PublicKeyToken=b03f5f7f11d50a3a" className="Test.MySqlTest, Test" name="T" />
    </UnitTest>
    <UnitTest name="Join_ManyToMany" storage="d:\alinq\source\trunk\test\bin\debug\test.dll" id="0f68d865-4e1d-9104-4cb6-5941451c5613">
      <Css projectStructure="" iteration="" />
      <Owners>
        <Owner name="" />
      </Owners>
      <TestMethod codeBase="D:\ALinq\Source\Trunk\Test\bin\Debug\Test.dll" adapterTypeName="Microsoft.VisualStudio.TestTools.TestTypes.Unit.UnitTestAdapter, Microsoft.VisualStudio.QualityTools.Tips.UnitTest.Adapter, Version=9.0.0.0, Culture=neutral, PublicKeyToken=b03f5f7f11d50a3a" className="Test.AccessTest, Test" name="Join_ManyToMany" />
    </UnitTest>
    <UnitTest name="Delete_ManyToMany" storage="d:\alinq\source\trunk\test\bin\debug\test.dll" id="ad1bf023-d485-7f6b-8102-2411f729d6e4">
      <Css projectStructure="" iteration="" />
      <Owners>
        <Owner name="" />
      </Owners>
      <TestMethod codeBase="D:\ALinq\Source\Trunk\Test\bin\Debug\Test.dll" adapterTypeName="Microsoft.VisualStudio.TestTools.TestTypes.Unit.UnitTestAdapter, Microsoft.VisualStudio.QualityTools.Tips.UnitTest.Adapter, Version=9.0.0.0, Culture=neutral, PublicKeyToken=b03f5f7f11d50a3a" className="Test.OdpOracleTest, Test" name="Delete_ManyToMany" />
    </UnitTest>
    <UnitTest name="GroupBy_Where" storage="d:\alinq\source\trunk\test\bin\debug\test.dll" id="94bec791-17da-a55c-288e-9d217051ec39">
      <Css projectStructure="" iteration="" />
      <Owners>
        <Owner name="" />
      </Owners>
      <TestMethod codeBase="D:\ALinq\Source\Trunk\Test\bin\Debug\Test.dll" adapterTypeName="Microsoft.VisualStudio.TestTools.TestTypes.Unit.UnitTestAdapter, Microsoft.VisualStudio.QualityTools.Tips.UnitTest.Adapter, Version=9.0.0.0, Culture=neutral, PublicKeyToken=b03f5f7f11d50a3a" className="Test.DB2Test, Test" name="GroupBy_Where" />
    </UnitTest>
    <UnitTest name="Where_Simple1" storage="d:\alinq\source\trunk\test\bin\debug\test.dll" id="fbd4c41d-891a-4a4c-e578-3d91d56efc09">
      <Css projectStructure="" iteration="" />
      <Owners>
        <Owner name="" />
      </Owners>
      <TestMethod codeBase="D:\ALinq\Source\Trunk\Test\bin\Debug\Test.dll" adapterTypeName="Microsoft.VisualStudio.TestTools.TestTypes.Unit.UnitTestAdapter, Microsoft.VisualStudio.QualityTools.Tips.UnitTest.Adapter, Version=9.0.0.0, Culture=neutral, PublicKeyToken=b03f5f7f11d50a3a" className="Test.MySqlTest, Test" name="Where_Simple1" />
    </UnitTest>
    <UnitTest name="TempTest" storage="d:\alinq\source\trunk\test\bin\debug\test.dll" id="609c74ea-71b2-0692-915c-77c8d8dc0a21">
      <Css projectStructure="" iteration="" />
      <Owners>
        <Owner name="" />
      </Owners>
      <TestMethod codeBase="D:\ALinq\Source\Trunk\Test\bin\Debug\Test.dll" adapterTypeName="Microsoft.VisualStudio.TestTools.TestTypes.Unit.UnitTestAdapter, Microsoft.VisualStudio.QualityTools.Tips.UnitTest.Adapter, Version=9.0.0.0, Culture=neutral, PublicKeyToken=b03f5f7f11d50a3a" className="Test.OdpOracleTest, Test" name="TempTest" />
    </UnitTest>
    <UnitTest name="CRUD_Insert1" storage="d:\alinq\source\trunk\test\bin\debug\test.dll" id="d354e412-3d19-91ad-a4aa-e13b861fac80">
      <Css projectStructure="" iteration="" />
      <Owners>
        <Owner name="" />
      </Owners>
      <TestMethod codeBase="D:\ALinq\Source\Trunk\Test\bin\Debug\Test.dll" adapterTypeName="Microsoft.VisualStudio.TestTools.TestTypes.Unit.UnitTestAdapter, Microsoft.VisualStudio.QualityTools.Tips.UnitTest.Adapter, Version=9.0.0.0, Culture=neutral, PublicKeyToken=b03f5f7f11d50a3a" className="Test.MySqlTest, Test" name="CRUD_Insert1" />
    </UnitTest>
    <UnitTest name="CreateDatabase" storage="d:\alinq\source\trunk\test\bin\debug\test.dll" id="2908e470-2d2a-f25d-5427-ca655ac611d3">
      <Css projectStructure="" iteration="" />
      <Owners>
        <Owner name="" />
      </Owners>
      <TestMethod codeBase="D:\ALinq\Source\Trunk\Test\bin\Debug\Test.dll" adapterTypeName="Microsoft.VisualStudio.TestTools.TestTypes.Unit.UnitTestAdapter, Microsoft.VisualStudio.QualityTools.Tips.UnitTest.Adapter, Version=9.0.0.0, Culture=neutral, PublicKeyToken=b03f5f7f11d50a3a" className="Test.SQL2000Test, Test" name="CreateDatabase" />
    </UnitTest>
    <UnitTest name="OrderBy_Simple" storage="d:\alinq\source\trunk\test\bin\debug\test.dll" id="dae17ebf-ef4a-f1db-ef4c-60027274323b">
      <Css projectStructure="" iteration="" />
      <Owners>
        <Owner name="" />
      </Owners>
      <TestMethod codeBase="D:\ALinq\Source\Trunk\Test\bin\Debug\Test.dll" adapterTypeName="Microsoft.VisualStudio.TestTools.TestTypes.Unit.UnitTestAdapter, Microsoft.VisualStudio.QualityTools.Tips.UnitTest.Adapter, Version=9.0.0.0, Culture=neutral, PublicKeyToken=b03f5f7f11d50a3a" className="Test.SQL2005Test, Test" name="OrderBy_Simple" />
    </UnitTest>
    <UnitTest name="Avg_Projection" storage="d:\alinq\source\trunk\test\bin\debug\test.dll" id="1f1fc353-03f7-045f-8de3-d4f7b1a32709">
      <Css projectStructure="" iteration="" />
      <Owners>
        <Owner name="" />
      </Owners>
      <TestMethod codeBase="D:\ALinq\Source\Trunk\Test\bin\Debug\Test.dll" adapterTypeName="Microsoft.VisualStudio.TestTools.TestTypes.Unit.UnitTestAdapter, Microsoft.VisualStudio.QualityTools.Tips.UnitTest.Adapter, Version=9.0.0.0, Culture=neutral, PublicKeyToken=b03f5f7f11d50a3a" className="Test.OdpOracleTest, Test" name="Avg_Projection" />
    </UnitTest>
    <UnitTest name="String_ToLower1" storage="d:\alinq\source\trunk\test\bin\debug\test.dll" id="1a696719-46e5-7e2b-22c9-da6a67836c64">
      <Css projectStructure="" iteration="" />
      <Owners>
        <Owner name="" />
      </Owners>
      <TestMethod codeBase="D:\ALinq\Source\Trunk\Test\bin\Debug\Test.dll" adapterTypeName="Microsoft.VisualStudio.TestTools.TestTypes.Unit.UnitTestAdapter, Microsoft.VisualStudio.QualityTools.Tips.UnitTest.Adapter, Version=9.0.0.0, Culture=neutral, PublicKeyToken=b03f5f7f11d50a3a" className="Test.AccessTest, Test" name="String_ToLower1" />
    </UnitTest>
    <UnitTest name="DateTime_Subtract" storage="d:\alinq\source\trunk\test\bin\debug\test.dll" id="d8e4201d-038c-73c8-979c-76743986f140">
      <Css projectStructure="" iteration="" />
      <Owners>
        <Owner name="" />
      </Owners>
      <TestMethod codeBase="D:\ALinq\Source\Trunk\Test\bin\Debug\Test.dll" adapterTypeName="Microsoft.VisualStudio.TestTools.TestTypes.Unit.UnitTestAdapter, Microsoft.VisualStudio.QualityTools.Tips.UnitTest.Adapter, Version=9.0.0.0, Culture=neutral, PublicKeyToken=b03f5f7f11d50a3a" className="Test.OdpOracleTest, Test" name="DateTime_Subtract" />
    </UnitTest>
    <UnitTest name="GroupBy_ConditionalCount" storage="d:\alinq\source\trunk\test\bin\debug\test.dll" id="0283c0aa-d353-0b34-b393-c61ee1f6e6ff">
      <Css projectStructure="" iteration="" />
      <Owners>
        <Owner name="" />
      </Owners>
      <TestMethod codeBase="D:\ALinq\Source\Trunk\Test\bin\Debug\Test.dll" adapterTypeName="Microsoft.VisualStudio.TestTools.TestTypes.Unit.UnitTestAdapter, Microsoft.VisualStudio.QualityTools.Tips.UnitTest.Adapter, Version=9.0.0.0, Culture=neutral, PublicKeyToken=b03f5f7f11d50a3a" className="Test.NorOracleTest, Test" name="GroupBy_ConditionalCount" />
    </UnitTest>
    <UnitTest name="GroupBy_Expression" storage="d:\alinq\source\trunk\test\bin\debug\test.dll" id="4250b38f-3c0f-85e8-094c-708b69788ab1">
      <Css projectStructure="" iteration="" />
      <Owners>
        <Owner name="" />
      </Owners>
      <TestMethod codeBase="D:\ALinq\Source\Trunk\Test\bin\Debug\Test.dll" adapterTypeName="Microsoft.VisualStudio.TestTools.TestTypes.Unit.UnitTestAdapter, Microsoft.VisualStudio.QualityTools.Tips.UnitTest.Adapter, Version=9.0.0.0, Culture=neutral, PublicKeyToken=b03f5f7f11d50a3a" className="Test.AccessTest, Test" name="GroupBy_Expression" />
    </UnitTest>
    <UnitTest name="DateTime_Hour" storage="d:\alinq\source\trunk\test\bin\debug\test.dll" id="4d914128-ed0c-3c83-79f6-e2cd937b0566">
      <Css projectStructure="" iteration="" />
      <Owners>
        <Owner name="" />
      </Owners>
      <TestMethod codeBase="D:\ALinq\Source\Trunk\Test\bin\Debug\Test.dll" adapterTypeName="Microsoft.VisualStudio.TestTools.TestTypes.Unit.UnitTestAdapter, Microsoft.VisualStudio.QualityTools.Tips.UnitTest.Adapter, Version=9.0.0.0, Culture=neutral, PublicKeyToken=b03f5f7f11d50a3a" className="Test.DB2Test, Test" name="DateTime_Hour" />
    </UnitTest>
    <UnitTest name="OrderBy_Conditional" storage="d:\alinq\source\trunk\test\bin\debug\test.dll" id="41ae2cd9-8153-ea46-66bb-c3140b303722">
      <Css projectStructure="" iteration="" />
      <Owners>
        <Owner name="" />
      </Owners>
      <TestMethod codeBase="D:\ALinq\Source\Trunk\Test\bin\Debug\Test.dll" adapterTypeName="Microsoft.VisualStudio.TestTools.TestTypes.Unit.UnitTestAdapter, Microsoft.VisualStudio.QualityTools.Tips.UnitTest.Adapter, Version=9.0.0.0, Culture=neutral, PublicKeyToken=b03f5f7f11d50a3a" className="Test.PgsqlTest, Test" name="OrderBy_Conditional" />
    </UnitTest>
    <UnitTest name="Math_Tan" storage="d:\alinq\source\trunk\test\bin\debug\test.dll" id="8d0d285e-7dce-f6b3-fbdc-63ebe9d37b5d">
      <Css projectStructure="" iteration="" />
      <Owners>
        <Owner name="" />
      </Owners>
      <TestMethod codeBase="D:\ALinq\Source\Trunk\Test\bin\Debug\Test.dll" adapterTypeName="Microsoft.VisualStudio.TestTools.TestTypes.Unit.UnitTestAdapter, Microsoft.VisualStudio.QualityTools.Tips.UnitTest.Adapter, Version=9.0.0.0, Culture=neutral, PublicKeyToken=b03f5f7f11d50a3a" className="Test.NorOracleTest, Test" name="Math_Tan" />
    </UnitTest>
    <UnitTest name="Association" storage="d:\alinq\source\trunk\test\bin\debug\test.dll" id="423a9905-334e-e73f-5a30-431dee55115f">
      <Css projectStructure="" iteration="" />
      <Owners>
        <Owner name="" />
      </Owners>
      <TestMethod codeBase="D:\ALinq\Source\Trunk\Test\bin\Debug\Test.dll" adapterTypeName="Microsoft.VisualStudio.TestTools.TestTypes.Unit.UnitTestAdapter, Microsoft.VisualStudio.QualityTools.Tips.UnitTest.Adapter, Version=9.0.0.0, Culture=neutral, PublicKeyToken=b03f5f7f11d50a3a" className="Test.AccessTest, Test" name="Association" />
    </UnitTest>
    <UnitTest name="Any_Simple" storage="d:\alinq\source\trunk\test\bin\debug\test.dll" id="88cfb7e4-55f0-4b51-f64c-f87caeab9fce">
      <Css projectStructure="" iteration="" />
      <Owners>
        <Owner name="" />
      </Owners>
      <TestMethod codeBase="D:\ALinq\Source\Trunk\Test\bin\Debug\Test.dll" adapterTypeName="Microsoft.VisualStudio.TestTools.TestTypes.Unit.UnitTestAdapter, Microsoft.VisualStudio.QualityTools.Tips.UnitTest.Adapter, Version=9.0.0.0, Culture=neutral, PublicKeyToken=b03f5f7f11d50a3a" className="Test.PgsqlTest, Test" name="Any_Simple" />
    </UnitTest>
    <UnitTest name="String_Clone" storage="d:\alinq\source\trunk\test\bin\debug\test.dll" id="a28df7f9-688b-99b3-cff4-60005b59351d">
      <Css projectStructure="" iteration="" />
      <Owners>
        <Owner name="" />
      </Owners>
      <TestMethod codeBase="D:\ALinq\Source\Trunk\Test\bin\Debug\Test.dll" adapterTypeName="Microsoft.VisualStudio.TestTools.TestTypes.Unit.UnitTestAdapter, Microsoft.VisualStudio.QualityTools.Tips.UnitTest.Adapter, Version=9.0.0.0, Culture=neutral, PublicKeyToken=b03f5f7f11d50a3a" className="Test.SqlTest, Test" name="String_Clone" />
    </UnitTest>
    <UnitTest name="DataLoadOptionsTest" storage="d:\alinq\source\trunk\test\bin\debug\test.dll" id="010c931d-cbd5-dc38-47e9-57fe40cf5923">
      <Css projectStructure="" iteration="" />
      <Owners>
        <Owner name="" />
      </Owners>
      <TestMethod codeBase="D:\ALinq\Source\Trunk\Test\bin\Debug\Test.dll" adapterTypeName="Microsoft.VisualStudio.TestTools.TestTypes.Unit.UnitTestAdapter, Microsoft.VisualStudio.QualityTools.Tips.UnitTest.Adapter, Version=9.0.0.0, Culture=neutral, PublicKeyToken=b03f5f7f11d50a3a" className="Test.PgsqlTest, Test" name="DataLoadOptionsTest" />
    </UnitTest>
    <UnitTest name="Convert_ToDateTime" storage="d:\alinq\source\trunk\test\bin\debug\test.dll" id="4b6aab03-4704-c13c-ba24-b36dbdeec877">
      <Css projectStructure="" iteration="" />
      <Owners>
        <Owner name="" />
      </Owners>
      <TestMethod codeBase="D:\ALinq\Source\Trunk\Test\bin\Debug\Test.dll" adapterTypeName="Microsoft.VisualStudio.TestTools.TestTypes.Unit.UnitTestAdapter, Microsoft.VisualStudio.QualityTools.Tips.UnitTest.Adapter, Version=9.0.0.0, Culture=neutral, PublicKeyToken=b03f5f7f11d50a3a" className="Test.FirebirdTest, Test" name="Convert_ToDateTime" />
    </UnitTest>
    <UnitTest name="DateTime_AddSeconds" storage="d:\alinq\source\trunk\test\bin\debug\test.dll" id="51dd55db-e3b1-de86-afb5-876c86d1811a">
      <Css projectStructure="" iteration="" />
      <Owners>
        <Owner name="" />
      </Owners>
      <TestMethod codeBase="D:\ALinq\Source\Trunk\Test\bin\Debug\Test.dll" adapterTypeName="Microsoft.VisualStudio.TestTools.TestTypes.Unit.UnitTestAdapter, Microsoft.VisualStudio.QualityTools.Tips.UnitTest.Adapter, Version=9.0.0.0, Culture=neutral, PublicKeyToken=b03f5f7f11d50a3a" className="Test.MySqlTest, Test" name="DateTime_AddSeconds" />
    </UnitTest>
    <UnitTest name="DateTime_Month" storage="d:\alinq\source\trunk\test\bin\debug\test.dll" id="0adb0d82-91ab-e4f3-e60b-717ad69383f1">
      <Css projectStructure="" iteration="" />
      <Owners>
        <Owner name="" />
      </Owners>
      <TestMethod codeBase="D:\ALinq\Source\Trunk\Test\bin\Debug\Test.dll" adapterTypeName="Microsoft.VisualStudio.TestTools.TestTypes.Unit.UnitTestAdapter, Microsoft.VisualStudio.QualityTools.Tips.UnitTest.Adapter, Version=9.0.0.0, Culture=neutral, PublicKeyToken=b03f5f7f11d50a3a" className="Test.OdpOracleTest, Test" name="DateTime_Month" />
    </UnitTest>
    <UnitTest name="CreateProcedure4" storage="d:\alinq\source\trunk\test\bin\debug\test.dll" id="18250e5c-40b2-bcbd-8271-925b964203f5">
      <Css projectStructure="" iteration="" />
      <Owners>
        <Owner name="" />
      </Owners>
      <TestMethod codeBase="D:\ALinq\Source\Trunk\Test\bin\Debug\Test.dll" adapterTypeName="Microsoft.VisualStudio.TestTools.TestTypes.Unit.UnitTestAdapter, Microsoft.VisualStudio.QualityTools.Tips.UnitTest.Adapter, Version=9.0.0.0, Culture=neutral, PublicKeyToken=b03f5f7f11d50a3a" className="Test.MySqlProcedureTest, Test" name="CreateProcedure4" />
    </UnitTest>
    <UnitTest name="All_Simple" storage="d:\alinq\source\trunk\test\bin\debug\test.dll" id="37538e1e-3892-5993-8b0b-3a3e6a4d6f45">
      <Css projectStructure="" iteration="" />
      <Owners>
        <Owner name="" />
      </Owners>
      <TestMethod codeBase="D:\ALinq\Source\Trunk\Test\bin\Debug\Test.dll" adapterTypeName="Microsoft.VisualStudio.TestTools.TestTypes.Unit.UnitTestAdapter, Microsoft.VisualStudio.QualityTools.Tips.UnitTest.Adapter, Version=9.0.0.0, Culture=neutral, PublicKeyToken=b03f5f7f11d50a3a" className="Test.SqlTest, Test" name="All_Simple" />
    </UnitTest>
    <UnitTest name="Math_Sin" storage="d:\alinq\source\trunk\test\bin\debug\test.dll" id="57060e8d-bb61-ac9f-b686-894e06a9bf8e">
      <Css projectStructure="" iteration="" />
      <Owners>
        <Owner name="" />
      </Owners>
      <TestMethod codeBase="D:\ALinq\Source\Trunk\Test\bin\Debug\Test.dll" adapterTypeName="Microsoft.VisualStudio.TestTools.TestTypes.Unit.UnitTestAdapter, Microsoft.VisualStudio.QualityTools.Tips.UnitTest.Adapter, Version=9.0.0.0, Culture=neutral, PublicKeyToken=b03f5f7f11d50a3a" className="Test.SQL2000Test, Test" name="Math_Sin" />
    </UnitTest>
    <UnitTest name="Join_LeftOuter" storage="d:\alinq\source\trunk\test\bin\debug\test.dll" id="b2163f9d-19b3-d1e1-acbc-fc63007fe279">
      <Css projectStructure="" iteration="" />
      <Owners>
        <Owner name="" />
      </Owners>
      <TestMethod codeBase="D:\ALinq\Source\Trunk\Test\bin\Debug\Test.dll" adapterTypeName="Microsoft.VisualStudio.TestTools.TestTypes.Unit.UnitTestAdapter, Microsoft.VisualStudio.QualityTools.Tips.UnitTest.Adapter, Version=9.0.0.0, Culture=neutral, PublicKeyToken=b03f5f7f11d50a3a" className="Test.SqlTest, Test" name="Join_LeftOuter" />
    </UnitTest>
    <UnitTest name="Convert_ToString" storage="d:\alinq\source\trunk\test\bin\debug\test.dll" id="347845ca-28f3-979d-a53c-401a7b26cbbe">
      <Css projectStructure="" iteration="" />
      <Owners>
        <Owner name="" />
      </Owners>
      <TestMethod codeBase="D:\ALinq\Source\Trunk\Test\bin\Debug\Test.dll" adapterTypeName="Microsoft.VisualStudio.TestTools.TestTypes.Unit.UnitTestAdapter, Microsoft.VisualStudio.QualityTools.Tips.UnitTest.Adapter, Version=9.0.0.0, Culture=neutral, PublicKeyToken=b03f5f7f11d50a3a" className="Test.FirebirdTest, Test" name="Convert_ToString" />
    </UnitTest>
    <UnitTest name="DateTime_AddHours" storage="d:\alinq\source\trunk\test\bin\debug\test.dll" id="25aec589-20ec-6add-7988-245c110a27f1">
      <Css projectStructure="" iteration="" />
      <Owners>
        <Owner name="" />
      </Owners>
      <TestMethod codeBase="D:\ALinq\Source\Trunk\Test\bin\Debug\Test.dll" adapterTypeName="Microsoft.VisualStudio.TestTools.TestTypes.Unit.UnitTestAdapter, Microsoft.VisualStudio.QualityTools.Tips.UnitTest.Adapter, Version=9.0.0.0, Culture=neutral, PublicKeyToken=b03f5f7f11d50a3a" className="Test.AccessTest, Test" name="DateTime_AddHours" />
    </UnitTest>
    <UnitTest name="Math_Sqrt" storage="d:\alinq\source\trunk\test\bin\debug\test.dll" id="95694d49-fbd9-f9be-4d0d-7a610cbcd5da">
      <Css projectStructure="" iteration="" />
      <Owners>
        <Owner name="" />
      </Owners>
      <TestMethod codeBase="D:\ALinq\Source\Trunk\Test\bin\Debug\Test.dll" adapterTypeName="Microsoft.VisualStudio.TestTools.TestTypes.Unit.UnitTestAdapter, Microsoft.VisualStudio.QualityTools.Tips.UnitTest.Adapter, Version=9.0.0.0, Culture=neutral, PublicKeyToken=b03f5f7f11d50a3a" className="Test.FirebirdTest, Test" name="Math_Sqrt" />
    </UnitTest>
    <UnitTest name="Math_Sign" storage="d:\alinq\source\trunk\test\bin\debug\test.dll" id="904fd28c-be43-52a5-fdaf-9bd464ca98d8">
      <Css projectStructure="" iteration="" />
      <Owners>
        <Owner name="" />
      </Owners>
      <TestMethod codeBase="D:\ALinq\Source\Trunk\Test\bin\Debug\Test.dll" adapterTypeName="Microsoft.VisualStudio.TestTools.TestTypes.Unit.UnitTestAdapter, Microsoft.VisualStudio.QualityTools.Tips.UnitTest.Adapter, Version=9.0.0.0, Culture=neutral, PublicKeyToken=b03f5f7f11d50a3a" className="Test.SQL2005Test, Test" name="Math_Sign" />
    </UnitTest>
    <UnitTest name="StringToUpper" storage="d:\alinq\source\trunk\test\bin\debug\test.dll" id="d13f418f-2c88-7164-cebf-c9f71429f035">
      <Css projectStructure="" iteration="" />
      <Owners>
        <Owner name="" />
      </Owners>
      <TestMethod codeBase="D:\ALinq\Source\Trunk\Test\bin\Debug\Test.dll" adapterTypeName="Microsoft.VisualStudio.TestTools.TestTypes.Unit.UnitTestAdapter, Microsoft.VisualStudio.QualityTools.Tips.UnitTest.Adapter, Version=9.0.0.0, Culture=neutral, PublicKeyToken=b03f5f7f11d50a3a" className="Test.FirebirdTest, Test" name="StringToUpper" />
    </UnitTest>
    <UnitTest name="AutoGuid" storage="d:\alinq\source\trunk\test\bin\debug\test.dll" id="3e3a7055-1312-b69f-b879-f005f9ddabde">
      <Css projectStructure="" iteration="" />
      <Owners>
        <Owner name="" />
      </Owners>
      <TestMethod codeBase="D:\ALinq\Source\Trunk\Test\bin\Debug\Test.dll" adapterTypeName="Microsoft.VisualStudio.TestTools.TestTypes.Unit.UnitTestAdapter, Microsoft.VisualStudio.QualityTools.Tips.UnitTest.Adapter, Version=9.0.0.0, Culture=neutral, PublicKeyToken=b03f5f7f11d50a3a" className="Test.FirebirdTest, Test" name="AutoGuid" />
    </UnitTest>
    <UnitTest name="StringInsert" storage="d:\alinq\source\trunk\test\bin\debug\test.dll" id="3f209a47-2b99-0658-6c48-d83373417393">
      <Css projectStructure="" iteration="" />
      <Owners>
        <Owner name="" />
      </Owners>
      <TestMethod codeBase="D:\ALinq\Source\Trunk\Test\bin\Debug\Test.dll" adapterTypeName="Microsoft.VisualStudio.TestTools.TestTypes.Unit.UnitTestAdapter, Microsoft.VisualStudio.QualityTools.Tips.UnitTest.Adapter, Version=9.0.0.0, Culture=neutral, PublicKeyToken=b03f5f7f11d50a3a" className="Test.DB2Test, Test" name="StringInsert" />
    </UnitTest>
    <UnitTest name="Sum_Simple" storage="d:\alinq\source\trunk\test\bin\debug\test.dll" id="1934df48-a078-9565-da4e-70c17c83724d">
      <Css projectStructure="" iteration="" />
      <Owners>
        <Owner name="" />
      </Owners>
      <TestMethod codeBase="D:\ALinq\Source\Trunk\Test\bin\Debug\Test.dll" adapterTypeName="Microsoft.VisualStudio.TestTools.TestTypes.Unit.UnitTestAdapter, Microsoft.VisualStudio.QualityTools.Tips.UnitTest.Adapter, Version=9.0.0.0, Culture=neutral, PublicKeyToken=b03f5f7f11d50a3a" className="Test.NorOracleTest, Test" name="Sum_Simple" />
    </UnitTest>
    <UnitTest name="String_Length" storage="d:\alinq\source\trunk\test\bin\debug\test.dll" id="96674347-791d-4d3e-1a81-74bae514eede">
      <Css projectStructure="" iteration="" />
      <Owners>
        <Owner name="" />
      </Owners>
      <TestMethod codeBase="D:\ALinq\Source\Trunk\Test\bin\Debug\Test.dll" adapterTypeName="Microsoft.VisualStudio.TestTools.TestTypes.Unit.UnitTestAdapter, Microsoft.VisualStudio.QualityTools.Tips.UnitTest.Adapter, Version=9.0.0.0, Culture=neutral, PublicKeyToken=b03f5f7f11d50a3a" className="Test.SQLiteTest, Test" name="String_Length" />
    </UnitTest>
    <UnitTest name="FromObjectTest" storage="d:\alinq\source\trunk\test\bin\debug\test.dll" id="728aa7fe-ad94-9e5f-01ae-04f53b88c63c">
      <Css projectStructure="" iteration="" />
      <Owners>
        <Owner name="" />
      </Owners>
      <TestMethod codeBase="D:\ALinq\Source\Trunk\Test\bin\Debug\Test.dll" adapterTypeName="Microsoft.VisualStudio.TestTools.TestTypes.Unit.UnitTestAdapter, Microsoft.VisualStudio.QualityTools.Tips.UnitTest.Adapter, Version=9.0.0.0, Culture=neutral, PublicKeyToken=b03f5f7f11d50a3a" className="Test.SQLiteDataTypeTest, Test" name="FromObjectTest" />
    </UnitTest>
    <UnitTest name="GroupBy_Date" storage="d:\alinq\source\trunk\test\bin\debug\test.dll" id="d4bc71b4-15a2-c20a-d2dd-3ea685c53b29">
      <Css projectStructure="" iteration="" />
      <Owners>
        <Owner name="" />
      </Owners>
      <TestMethod codeBase="D:\ALinq\Source\Trunk\Test\bin\Debug\Test.dll" adapterTypeName="Microsoft.VisualStudio.TestTools.TestTypes.Unit.UnitTestAdapter, Microsoft.VisualStudio.QualityTools.Tips.UnitTest.Adapter, Version=9.0.0.0, Culture=neutral, PublicKeyToken=b03f5f7f11d50a3a" className="Test.SQLiteTest, Test" name="GroupBy_Date" />
    </UnitTest>
    <UnitTest name="TestNull" storage="d:\alinq\source\trunk\test\bin\debug\test.dll" id="102a8c68-b878-5c76-c00e-6c1a908c0f90">
      <Css projectStructure="" iteration="" />
      <Owners>
        <Owner name="" />
      </Owners>
      <TestMethod codeBase="D:\ALinq\Source\Trunk\Test\bin\Debug\Test.dll" adapterTypeName="Microsoft.VisualStudio.TestTools.TestTypes.Unit.UnitTestAdapter, Microsoft.VisualStudio.QualityTools.Tips.UnitTest.Adapter, Version=9.0.0.0, Culture=neutral, PublicKeyToken=b03f5f7f11d50a3a" className="Test.NorOracleTest, Test" name="TestNull" />
    </UnitTest>
    <UnitTest name="Min_Simple" storage="d:\alinq\source\trunk\test\bin\debug\test.dll" id="2a0d3a7a-9a27-333b-bf32-fbd23594839e">
      <Css projectStructure="" iteration="" />
      <Owners>
        <Owner name="" />
      </Owners>
      <TestMethod codeBase="D:\ALinq\Source\Trunk\Test\bin\Debug\Test.dll" adapterTypeName="Microsoft.VisualStudio.TestTools.TestTypes.Unit.UnitTestAdapter, Microsoft.VisualStudio.QualityTools.Tips.UnitTest.Adapter, Version=9.0.0.0, Culture=neutral, PublicKeyToken=b03f5f7f11d50a3a" className="Test.SQL2005Test, Test" name="Min_Simple" />
    </UnitTest>
    <UnitTest name="Math_Floor" storage="d:\alinq\source\trunk\test\bin\debug\test.dll" id="9252333d-285c-a67e-b6ab-069994df1ca6">
      <Css projectStructure="" iteration="" />
      <Owners>
        <Owner name="" />
      </Owners>
      <TestMethod codeBase="D:\ALinq\Source\Trunk\Test\bin\Debug\Test.dll" adapterTypeName="Microsoft.VisualStudio.TestTools.TestTypes.Unit.UnitTestAdapter, Microsoft.VisualStudio.QualityTools.Tips.UnitTest.Adapter, Version=9.0.0.0, Culture=neutral, PublicKeyToken=b03f5f7f11d50a3a" className="Test.MySqlTest, Test" name="Math_Floor" />
    </UnitTest>
    <UnitTest name="Max_Projection" storage="d:\alinq\source\trunk\test\bin\debug\test.dll" id="3992a554-6b97-b5d2-6d1c-27762340b97f">
      <Css projectStructure="" iteration="" />
      <Owners>
        <Owner name="" />
      </Owners>
      <TestMethod codeBase="D:\ALinq\Source\Trunk\Test\bin\Debug\Test.dll" adapterTypeName="Microsoft.VisualStudio.TestTools.TestTypes.Unit.UnitTestAdapter, Microsoft.VisualStudio.QualityTools.Tips.UnitTest.Adapter, Version=9.0.0.0, Culture=neutral, PublicKeyToken=b03f5f7f11d50a3a" className="Test.NorOracleTest, Test" name="Max_Projection" />
    </UnitTest>
    <UnitTest name="String_Equals3" storage="d:\alinq\source\trunk\test\bin\debug\test.dll" id="c7dd5055-397c-8af3-384f-22e031f9daff">
      <Css projectStructure="" iteration="" />
      <Owners>
        <Owner name="" />
      </Owners>
      <TestMethod codeBase="D:\ALinq\Source\Trunk\Test\bin\Debug\Test.dll" adapterTypeName="Microsoft.VisualStudio.TestTools.TestTypes.Unit.UnitTestAdapter, Microsoft.VisualStudio.QualityTools.Tips.UnitTest.Adapter, Version=9.0.0.0, Culture=neutral, PublicKeyToken=b03f5f7f11d50a3a" className="Test.OdpOracleTest, Test" name="String_Equals3" />
    </UnitTest>
    <UnitTest name="Convert_ToInt64" storage="d:\alinq\source\trunk\test\bin\debug\test.dll" id="949df617-0d2b-8786-3cab-5f00ec5d9a77">
      <Css projectStructure="" iteration="" />
      <Owners>
        <Owner name="" />
      </Owners>
      <TestMethod codeBase="D:\ALinq\Source\Trunk\Test\bin\Debug\Test.dll" adapterTypeName="Microsoft.VisualStudio.TestTools.TestTypes.Unit.UnitTestAdapter, Microsoft.VisualStudio.QualityTools.Tips.UnitTest.Adapter, Version=9.0.0.0, Culture=neutral, PublicKeyToken=b03f5f7f11d50a3a" className="Test.OdpOracleTest, Test" name="Convert_ToInt64" />
    </UnitTest>
    <UnitTest name="CreateTale" storage="d:\alinq\source\trunk\test\bin\debug\test.dll" id="939c9bbf-65ff-bfba-bce2-4a955458f481">
      <Css projectStructure="" iteration="" />
      <Owners>
        <Owner name="" />
      </Owners>
      <TestMethod codeBase="D:\ALinq\Source\Trunk\Test\bin\Debug\Test.dll" adapterTypeName="Microsoft.VisualStudio.TestTools.TestTypes.Unit.UnitTestAdapter, Microsoft.VisualStudio.QualityTools.Tips.UnitTest.Adapter, Version=9.0.0.0, Culture=neutral, PublicKeyToken=b03f5f7f11d50a3a" className="Test.SqlTest, Test" name="CreateTale" />
    </UnitTest>
    <UnitTest name="Min_Elements" storage="d:\alinq\source\trunk\test\bin\debug\test.dll" id="ef978af5-50b8-7113-0bdb-25ad803d6359">
      <Css projectStructure="" iteration="" />
      <Owners>
        <Owner name="" />
      </Owners>
      <TestMethod codeBase="D:\ALinq\Source\Trunk\Test\bin\Debug\Test.dll" adapterTypeName="Microsoft.VisualStudio.TestTools.TestTypes.Unit.UnitTestAdapter, Microsoft.VisualStudio.QualityTools.Tips.UnitTest.Adapter, Version=9.0.0.0, Culture=neutral, PublicKeyToken=b03f5f7f11d50a3a" className="Test.AccessTest, Test" name="Min_Elements" />
    </UnitTest>
    <UnitTest name="OrderBy_Simple" storage="d:\alinq\source\trunk\test\bin\debug\test.dll" id="5a36519a-2b93-2c4c-7de8-1431a038acad">
      <Css projectStructure="" iteration="" />
      <Owners>
        <Owner name="" />
      </Owners>
      <TestMethod codeBase="D:\ALinq\Source\Trunk\Test\bin\Debug\Test.dll" adapterTypeName="Microsoft.VisualStudio.TestTools.TestTypes.Unit.UnitTestAdapter, Microsoft.VisualStudio.QualityTools.Tips.UnitTest.Adapter, Version=9.0.0.0, Culture=neutral, PublicKeyToken=b03f5f7f11d50a3a" className="Test.DB2Test, Test" name="OrderBy_Simple" />
    </UnitTest>
    <UnitTest name="Math_Sin" storage="d:\alinq\source\trunk\test\bin\debug\test.dll" id="cfebeaae-d221-21df-7190-ddf14ae69925">
      <Css projectStructure="" iteration="" />
      <Owners>
        <Owner name="" />
      </Owners>
      <TestMethod codeBase="D:\ALinq\Source\Trunk\Test\bin\Debug\Test.dll" adapterTypeName="Microsoft.VisualStudio.TestTools.TestTypes.Unit.UnitTestAdapter, Microsoft.VisualStudio.QualityTools.Tips.UnitTest.Adapter, Version=9.0.0.0, Culture=neutral, PublicKeyToken=b03f5f7f11d50a3a" className="Test.SQLiteTest, Test" name="Math_Sin" />
    </UnitTest>
    <UnitTest name="OrderBy_Conditional" storage="d:\alinq\source\trunk\test\bin\debug\test.dll" id="19dc0202-f1c9-ef9b-520f-549d0e077f36">
      <Css projectStructure="" iteration="" />
      <Owners>
        <Owner name="" />
      </Owners>
      <TestMethod codeBase="D:\ALinq\Source\Trunk\Test\bin\Debug\Test.dll" adapterTypeName="Microsoft.VisualStudio.TestTools.TestTypes.Unit.UnitTestAdapter, Microsoft.VisualStudio.QualityTools.Tips.UnitTest.Adapter, Version=9.0.0.0, Culture=neutral, PublicKeyToken=b03f5f7f11d50a3a" className="Test.DB2Test, Test" name="OrderBy_Conditional" />
    </UnitTest>
    <UnitTest name="StringIndexOf" storage="d:\alinq\source\trunk\test\bin\debug\test.dll" id="c75ab4cb-73d6-33ef-f464-af101b0e8fdc">
      <Css projectStructure="" iteration="" />
      <Owners>
        <Owner name="" />
      </Owners>
      <TestMethod codeBase="D:\ALinq\Source\Trunk\Test\bin\Debug\Test.dll" adapterTypeName="Microsoft.VisualStudio.TestTools.TestTypes.Unit.UnitTestAdapter, Microsoft.VisualStudio.QualityTools.Tips.UnitTest.Adapter, Version=9.0.0.0, Culture=neutral, PublicKeyToken=b03f5f7f11d50a3a" className="Test.DB2Test, Test" name="StringIndexOf" />
    </UnitTest>
    <UnitTest name="DateTime_Minute" storage="d:\alinq\source\trunk\test\bin\debug\test.dll" id="085ae77d-32df-9f82-c8ba-57221726b5cd">
      <Css projectStructure="" iteration="" />
      <Owners>
        <Owner name="" />
      </Owners>
      <TestMethod codeBase="D:\ALinq\Source\Trunk\Test\bin\Debug\Test.dll" adapterTypeName="Microsoft.VisualStudio.TestTools.TestTypes.Unit.UnitTestAdapter, Microsoft.VisualStudio.QualityTools.Tips.UnitTest.Adapter, Version=9.0.0.0, Culture=neutral, PublicKeyToken=b03f5f7f11d50a3a" className="Test.AccessTest, Test" name="DateTime_Minute" />
    </UnitTest>
    <UnitTest name="String_ToLower2" storage="d:\alinq\source\trunk\test\bin\debug\test.dll" id="a8950996-46ee-9ddd-5d56-9ddf1ff66444">
      <Css projectStructure="" iteration="" />
      <Owners>
        <Owner name="" />
      </Owners>
      <TestMethod codeBase="D:\ALinq\Source\Trunk\Test\bin\Debug\Test.dll" adapterTypeName="Microsoft.VisualStudio.TestTools.TestTypes.Unit.UnitTestAdapter, Microsoft.VisualStudio.QualityTools.Tips.UnitTest.Adapter, Version=9.0.0.0, Culture=neutral, PublicKeyToken=b03f5f7f11d50a3a" className="Test.SQL2005Test, Test" name="String_ToLower2" />
    </UnitTest>
    <UnitTest name="Math_Asin" storage="d:\alinq\source\trunk\test\bin\debug\test.dll" id="0ce06bb6-48cf-c230-de53-c02daf55880d">
      <Css projectStructure="" iteration="" />
      <Owners>
        <Owner name="" />
      </Owners>
      <TestMethod codeBase="D:\ALinq\Source\Trunk\Test\bin\Debug\Test.dll" adapterTypeName="Microsoft.VisualStudio.TestTools.TestTypes.Unit.UnitTestAdapter, Microsoft.VisualStudio.QualityTools.Tips.UnitTest.Adapter, Version=9.0.0.0, Culture=neutral, PublicKeyToken=b03f5f7f11d50a3a" className="Test.PgsqlTest, Test" name="Math_Asin" />
    </UnitTest>
    <UnitTest name="DataType_Enum" storage="d:\alinq\source\trunk\test\bin\debug\test.dll" id="2ef15a5a-9af1-e741-773d-68b3e6d1feab">
      <Css projectStructure="" iteration="" />
      <Owners>
        <Owner name="" />
      </Owners>
      <TestMethod codeBase="D:\ALinq\Source\Trunk\Test\bin\Debug\Test.dll" adapterTypeName="Microsoft.VisualStudio.TestTools.TestTypes.Unit.UnitTestAdapter, Microsoft.VisualStudio.QualityTools.Tips.UnitTest.Adapter, Version=9.0.0.0, Culture=neutral, PublicKeyToken=b03f5f7f11d50a3a" className="Test.SQL2000Test, Test" name="DataType_Enum" />
    </UnitTest>
    <UnitTest name="TestNull" storage="d:\alinq\source\trunk\test\bin\debug\test.dll" id="b0893b25-7388-fc48-a192-2a18e87ab1d7">
      <Css projectStructure="" iteration="" />
      <Owners>
        <Owner name="" />
      </Owners>
      <TestMethod codeBase="D:\ALinq\Source\Trunk\Test\bin\Debug\Test.dll" adapterTypeName="Microsoft.VisualStudio.TestTools.TestTypes.Unit.UnitTestAdapter, Microsoft.VisualStudio.QualityTools.Tips.UnitTest.Adapter, Version=9.0.0.0, Culture=neutral, PublicKeyToken=b03f5f7f11d50a3a" className="Test.DB2Test, Test" name="TestNull" />
    </UnitTest>
    <UnitTest name="SelectMany_MultipleFrom" storage="d:\alinq\source\trunk\test\bin\debug\test.dll" id="d0b094ef-88b6-ea35-3db8-43dd3b68c018">
      <Css projectStructure="" iteration="" />
      <Owners>
        <Owner name="" />
      </Owners>
      <TestMethod codeBase="D:\ALinq\Source\Trunk\Test\bin\Debug\Test.dll" adapterTypeName="Microsoft.VisualStudio.TestTools.TestTypes.Unit.UnitTestAdapter, Microsoft.VisualStudio.QualityTools.Tips.UnitTest.Adapter, Version=9.0.0.0, Culture=neutral, PublicKeyToken=b03f5f7f11d50a3a" className="Test.MySqlTest, Test" name="SelectMany_MultipleFrom" />
    </UnitTest>
    <UnitTest name="Math_Atan2" storage="d:\alinq\source\trunk\test\bin\debug\test.dll" id="ceb3a0ee-4ae8-05ea-c65e-9fd8ef32d949">
      <Css projectStructure="" iteration="" />
      <Owners>
        <Owner name="" />
      </Owners>
      <TestMethod codeBase="D:\ALinq\Source\Trunk\Test\bin\Debug\Test.dll" adapterTypeName="Microsoft.VisualStudio.TestTools.TestTypes.Unit.UnitTestAdapter, Microsoft.VisualStudio.QualityTools.Tips.UnitTest.Adapter, Version=9.0.0.0, Culture=neutral, PublicKeyToken=b03f5f7f11d50a3a" className="Test.PgsqlTest, Test" name="Math_Atan2" />
    </UnitTest>
    <UnitTest name="GroupBy_Min" storage="d:\alinq\source\trunk\test\bin\debug\test.dll" id="fa62b88e-1851-d9e7-8d09-4db652d19bd4">
      <Css projectStructure="" iteration="" />
      <Owners>
        <Owner name="" />
      </Owners>
      <TestMethod codeBase="D:\ALinq\Source\Trunk\Test\bin\Debug\Test.dll" adapterTypeName="Microsoft.VisualStudio.TestTools.TestTypes.Unit.UnitTestAdapter, Microsoft.VisualStudio.QualityTools.Tips.UnitTest.Adapter, Version=9.0.0.0, Culture=neutral, PublicKeyToken=b03f5f7f11d50a3a" className="Test.AccessTest, Test" name="GroupBy_Min" />
    </UnitTest>
    <UnitTest name="Math_Sinh" storage="d:\alinq\source\trunk\test\bin\debug\test.dll" id="91b0f36a-d36d-a424-89e5-babd6afbf21d">
      <Css projectStructure="" iteration="" />
      <Owners>
        <Owner name="" />
      </Owners>
      <TestMethod codeBase="D:\ALinq\Source\Trunk\Test\bin\Debug\Test.dll" adapterTypeName="Microsoft.VisualStudio.TestTools.TestTypes.Unit.UnitTestAdapter, Microsoft.VisualStudio.QualityTools.Tips.UnitTest.Adapter, Version=9.0.0.0, Culture=neutral, PublicKeyToken=b03f5f7f11d50a3a" className="Test.DB2Test, Test" name="Math_Sinh" />
    </UnitTest>
    <UnitTest name="String_Contains" storage="d:\alinq\source\trunk\test\bin\debug\test.dll" id="4cda847f-3ffc-5bcc-e114-b6647adc6c57">
      <Css projectStructure="" iteration="" />
      <Owners>
        <Owner name="" />
      </Owners>
      <TestMethod codeBase="D:\ALinq\Source\Trunk\Test\bin\Debug\Test.dll" adapterTypeName="Microsoft.VisualStudio.TestTools.TestTypes.Unit.UnitTestAdapter, Microsoft.VisualStudio.QualityTools.Tips.UnitTest.Adapter, Version=9.0.0.0, Culture=neutral, PublicKeyToken=b03f5f7f11d50a3a" className="Test.MySqlTest, Test" name="String_Contains" />
    </UnitTest>
    <UnitTest name="Association" storage="d:\alinq\source\trunk\test\bin\debug\test.dll" id="9bca2565-db9c-902a-67d9-fb5abcc8bc86">
      <Css projectStructure="" iteration="" />
      <Owners>
        <Owner name="" />
      </Owners>
      <TestMethod codeBase="D:\ALinq\Source\Trunk\Test\bin\Debug\Test.dll" adapterTypeName="Microsoft.VisualStudio.TestTools.TestTypes.Unit.UnitTestAdapter, Microsoft.VisualStudio.QualityTools.Tips.UnitTest.Adapter, Version=9.0.0.0, Culture=neutral, PublicKeyToken=b03f5f7f11d50a3a" className="Test.SQLiteTest, Test" name="Association" />
    </UnitTest>
    <UnitTest name="Count_Conditional" storage="d:\alinq\source\trunk\test\bin\debug\test.dll" id="a1b5e6ff-5024-3d55-7e41-9c76cd0d678b">
      <Css projectStructure="" iteration="" />
      <Owners>
        <Owner name="" />
      </Owners>
      <TestMethod codeBase="D:\ALinq\Source\Trunk\Test\bin\Debug\Test.dll" adapterTypeName="Microsoft.VisualStudio.TestTools.TestTypes.Unit.UnitTestAdapter, Microsoft.VisualStudio.QualityTools.Tips.UnitTest.Adapter, Version=9.0.0.0, Culture=neutral, PublicKeyToken=b03f5f7f11d50a3a" className="Test.SQL2005Test, Test" name="Count_Conditional" />
    </UnitTest>
    <UnitTest name="Count_Grouped" storage="d:\alinq\source\trunk\test\bin\debug\test.dll" id="84a8e1a2-0f2d-893b-cdaa-74a07bd7034f">
      <Css projectStructure="" iteration="" />
      <Owners>
        <Owner name="" />
      </Owners>
      <TestMethod codeBase="D:\ALinq\Source\Trunk\Test\bin\Debug\Test.dll" adapterTypeName="Microsoft.VisualStudio.TestTools.TestTypes.Unit.UnitTestAdapter, Microsoft.VisualStudio.QualityTools.Tips.UnitTest.Adapter, Version=9.0.0.0, Culture=neutral, PublicKeyToken=b03f5f7f11d50a3a" className="Test.SQLiteTest, Test" name="Count_Grouped" />
    </UnitTest>
    <UnitTest name="Delete_ManyToMany" storage="d:\alinq\source\trunk\test\bin\debug\test.dll" id="70cfe48e-4cd8-1bac-f678-75542e07174f">
      <Css projectStructure="" iteration="" />
      <Owners>
        <Owner name="" />
      </Owners>
      <TestMethod codeBase="D:\ALinq\Source\Trunk\Test\bin\Debug\Test.dll" adapterTypeName="Microsoft.VisualStudio.TestTools.TestTypes.Unit.UnitTestAdapter, Microsoft.VisualStudio.QualityTools.Tips.UnitTest.Adapter, Version=9.0.0.0, Culture=neutral, PublicKeyToken=b03f5f7f11d50a3a" className="Test.SQLiteTest, Test" name="Delete_ManyToMany" />
    </UnitTest>
    <UnitTest name="Like" storage="d:\alinq\source\trunk\test\bin\debug\test.dll" id="64cf6087-cc6f-4a38-2d20-576e2201e26c">
      <Css projectStructure="" iteration="" />
      <Owners>
        <Owner name="" />
      </Owners>
      <TestMethod codeBase="D:\ALinq\Source\Trunk\Test\bin\Debug\Test.dll" adapterTypeName="Microsoft.VisualStudio.TestTools.TestTypes.Unit.UnitTestAdapter, Microsoft.VisualStudio.QualityTools.Tips.UnitTest.Adapter, Version=9.0.0.0, Culture=neutral, PublicKeyToken=b03f5f7f11d50a3a" className="Test.SQL2000Test, Test" name="Like" />
    </UnitTest>
    <UnitTest name="Math_Asin" storage="d:\alinq\source\trunk\test\bin\debug\test.dll" id="b2c760b5-8b55-4de8-54b1-87df211f1263">
      <Css projectStructure="" iteration="" />
      <Owners>
        <Owner name="" />
      </Owners>
      <TestMethod codeBase="D:\ALinq\Source\Trunk\Test\bin\Debug\Test.dll" adapterTypeName="Microsoft.VisualStudio.TestTools.TestTypes.Unit.UnitTestAdapter, Microsoft.VisualStudio.QualityTools.Tips.UnitTest.Adapter, Version=9.0.0.0, Culture=neutral, PublicKeyToken=b03f5f7f11d50a3a" className="Test.DB2Test, Test" name="Math_Asin" />
    </UnitTest>
    <UnitTest name="UpdateMethod" storage="d:\alinq\source\trunk\test\bin\debug\test.dll" id="e716764e-3eab-aad0-6f57-4a79b54d16d4">
      <Css projectStructure="" iteration="" />
      <Owners>
        <Owner name="" />
      </Owners>
      <TestMethod codeBase="D:\ALinq\Source\Trunk\Test\bin\Debug\Test.dll" adapterTypeName="Microsoft.VisualStudio.TestTools.TestTypes.Unit.UnitTestAdapter, Microsoft.VisualStudio.QualityTools.Tips.UnitTest.Adapter, Version=9.0.0.0, Culture=neutral, PublicKeyToken=b03f5f7f11d50a3a" className="Test.DataContextTest, Test" name="UpdateMethod" />
    </UnitTest>
    <UnitTest name="Math_Abs" storage="d:\alinq\source\trunk\test\bin\debug\test.dll" id="083eda8f-9a4d-0b1f-6ea4-43ff75f61aec">
      <Css projectStructure="" iteration="" />
      <Owners>
        <Owner name="" />
      </Owners>
      <TestMethod codeBase="D:\ALinq\Source\Trunk\Test\bin\Debug\Test.dll" adapterTypeName="Microsoft.VisualStudio.TestTools.TestTypes.Unit.UnitTestAdapter, Microsoft.VisualStudio.QualityTools.Tips.UnitTest.Adapter, Version=9.0.0.0, Culture=neutral, PublicKeyToken=b03f5f7f11d50a3a" className="Test.PgsqlTest, Test" name="Math_Abs" />
    </UnitTest>
    <UnitTest name="Take_Nested" storage="d:\alinq\source\trunk\test\bin\debug\test.dll" id="5c6e7fbd-1d36-bdd0-b049-647674194555">
      <Css projectStructure="" iteration="" />
      <Owners>
        <Owner name="" />
      </Owners>
      <TestMethod codeBase="D:\ALinq\Source\Trunk\Test\bin\Debug\Test.dll" adapterTypeName="Microsoft.VisualStudio.TestTools.TestTypes.Unit.UnitTestAdapter, Microsoft.VisualStudio.QualityTools.Tips.UnitTest.Adapter, Version=9.0.0.0, Culture=neutral, PublicKeyToken=b03f5f7f11d50a3a" className="Test.DB2Test, Test" name="Take_Nested" />
    </UnitTest>
    <UnitTest name="Math_Cosh" storage="d:\alinq\source\trunk\test\bin\debug\test.dll" id="ebd3ed36-3eb7-dd2e-b2ac-d406020d886e">
      <Css projectStructure="" iteration="" />
      <Owners>
        <Owner name="" />
      </Owners>
      <TestMethod codeBase="D:\ALinq\Source\Trunk\Test\bin\Debug\Test.dll" adapterTypeName="Microsoft.VisualStudio.TestTools.TestTypes.Unit.UnitTestAdapter, Microsoft.VisualStudio.QualityTools.Tips.UnitTest.Adapter, Version=9.0.0.0, Culture=neutral, PublicKeyToken=b03f5f7f11d50a3a" className="Test.SQLiteTest, Test" name="Math_Cosh" />
    </UnitTest>
    <UnitTest name="Count_Nested" storage="d:\alinq\source\trunk\test\bin\debug\test.dll" id="a7c0b37a-da58-5664-478a-1ea215bedb75">
      <Css projectStructure="" iteration="" />
      <Owners>
        <Owner name="" />
      </Owners>
      <TestMethod codeBase="D:\ALinq\Source\Trunk\Test\bin\Debug\Test.dll" adapterTypeName="Microsoft.VisualStudio.TestTools.TestTypes.Unit.UnitTestAdapter, Microsoft.VisualStudio.QualityTools.Tips.UnitTest.Adapter, Version=9.0.0.0, Culture=neutral, PublicKeyToken=b03f5f7f11d50a3a" className="Test.AccessTest, Test" name="Count_Nested" />
    </UnitTest>
    <UnitTest name="Math_Atan2" storage="d:\alinq\source\trunk\test\bin\debug\test.dll" id="c3f5bee1-3b41-1308-d4d4-0edc1bb92264">
      <Css projectStructure="" iteration="" />
      <Owners>
        <Owner name="" />
      </Owners>
      <TestMethod codeBase="D:\ALinq\Source\Trunk\Test\bin\Debug\Test.dll" adapterTypeName="Microsoft.VisualStudio.TestTools.TestTypes.Unit.UnitTestAdapter, Microsoft.VisualStudio.QualityTools.Tips.UnitTest.Adapter, Version=9.0.0.0, Culture=neutral, PublicKeyToken=b03f5f7f11d50a3a" className="Test.OdpOracleTest, Test" name="Math_Atan2" />
    </UnitTest>
    <UnitTest name="Join_NullableNonnullableKeyRelationship" storage="d:\alinq\source\trunk\test\bin\debug\test.dll" id="fff15c83-a940-9529-4341-aab64713f5f4">
      <Css projectStructure="" iteration="" />
      <Owners>
        <Owner name="" />
      </Owners>
      <TestMethod codeBase="D:\ALinq\Source\Trunk\Test\bin\Debug\Test.dll" adapterTypeName="Microsoft.VisualStudio.TestTools.TestTypes.Unit.UnitTestAdapter, Microsoft.VisualStudio.QualityTools.Tips.UnitTest.Adapter, Version=9.0.0.0, Culture=neutral, PublicKeyToken=b03f5f7f11d50a3a" className="Test.SQL2000Test, Test" name="Join_NullableNonnullableKeyRelationship" />
    </UnitTest>
    <UnitTest name="StringIndexOf" storage="d:\alinq\source\trunk\test\bin\debug\test.dll" id="76b5c719-f85a-6653-2177-2162660dd4a9">
      <Css projectStructure="" iteration="" />
      <Owners>
        <Owner name="" />
      </Owners>
      <TestMethod codeBase="D:\ALinq\Source\Trunk\Test\bin\Debug\Test.dll" adapterTypeName="Microsoft.VisualStudio.TestTools.TestTypes.Unit.UnitTestAdapter, Microsoft.VisualStudio.QualityTools.Tips.UnitTest.Adapter, Version=9.0.0.0, Culture=neutral, PublicKeyToken=b03f5f7f11d50a3a" className="Test.SQL2005Test, Test" name="StringIndexOf" />
    </UnitTest>
    <UnitTest name="Convert_ToInt32" storage="d:\alinq\source\trunk\test\bin\debug\test.dll" id="bbd280cf-758b-7098-9516-80033a3c9ee3">
      <Css projectStructure="" iteration="" />
      <Owners>
        <Owner name="" />
      </Owners>
      <TestMethod codeBase="D:\ALinq\Source\Trunk\Test\bin\Debug\Test.dll" adapterTypeName="Microsoft.VisualStudio.TestTools.TestTypes.Unit.UnitTestAdapter, Microsoft.VisualStudio.QualityTools.Tips.UnitTest.Adapter, Version=9.0.0.0, Culture=neutral, PublicKeyToken=b03f5f7f11d50a3a" className="Test.SQLiteTest, Test" name="Convert_ToInt32" />
    </UnitTest>
    <UnitTest name="DateTime_AddHours" storage="d:\alinq\source\trunk\test\bin\debug\test.dll" id="cce8aba2-fd92-67e4-c281-7c98bc5199a8">
      <Css projectStructure="" iteration="" />
      <Owners>
        <Owner name="" />
      </Owners>
      <TestMethod codeBase="D:\ALinq\Source\Trunk\Test\bin\Debug\Test.dll" adapterTypeName="Microsoft.VisualStudio.TestTools.TestTypes.Unit.UnitTestAdapter, Microsoft.VisualStudio.QualityTools.Tips.UnitTest.Adapter, Version=9.0.0.0, Culture=neutral, PublicKeyToken=b03f5f7f11d50a3a" className="Test.FirebirdTest, Test" name="DateTime_AddHours" />
    </UnitTest>
    <UnitTest name="Sum_Empty" storage="d:\alinq\source\trunk\test\bin\debug\test.dll" id="9d27ecf5-c57e-0323-43fc-38e7e232e671">
      <Css projectStructure="" iteration="" />
      <Owners>
        <Owner name="" />
      </Owners>
      <TestMethod codeBase="D:\ALinq\Source\Trunk\Test\bin\Debug\Test.dll" adapterTypeName="Microsoft.VisualStudio.TestTools.TestTypes.Unit.UnitTestAdapter, Microsoft.VisualStudio.QualityTools.Tips.UnitTest.Adapter, Version=9.0.0.0, Culture=neutral, PublicKeyToken=b03f5f7f11d50a3a" className="Test.MySqlTest, Test" name="Sum_Empty" />
    </UnitTest>
    <UnitTest name="FromTypeTest" storage="d:\alinq\source\trunk\test\bin\debug\test.dll" id="fc1b1b32-b130-288f-1db5-6ec10f73f980">
      <Css projectStructure="" iteration="" />
      <Owners>
        <Owner name="" />
      </Owners>
      <TestMethod codeBase="D:\ALinq\Source\Trunk\Test\bin\Debug\Test.dll" adapterTypeName="Microsoft.VisualStudio.TestTools.TestTypes.Unit.UnitTestAdapter, Microsoft.VisualStudio.QualityTools.Tips.UnitTest.Adapter, Version=9.0.0.0, Culture=neutral, PublicKeyToken=b03f5f7f11d50a3a" className="Test.OdpOracleDataTypeProviderTest, Test" name="FromTypeTest" />
    </UnitTest>
    <UnitTest name="Min_Projection" storage="d:\alinq\source\trunk\test\bin\debug\test.dll" id="184f74be-96b2-3d0b-0f18-b7a3fdc5a28f">
      <Css projectStructure="" iteration="" />
      <Owners>
        <Owner name="" />
      </Owners>
      <TestMethod codeBase="D:\ALinq\Source\Trunk\Test\bin\Debug\Test.dll" adapterTypeName="Microsoft.VisualStudio.TestTools.TestTypes.Unit.UnitTestAdapter, Microsoft.VisualStudio.QualityTools.Tips.UnitTest.Adapter, Version=9.0.0.0, Culture=neutral, PublicKeyToken=b03f5f7f11d50a3a" className="Test.SQL2000Test, Test" name="Min_Projection" />
    </UnitTest>
    <UnitTest name="Math_Pow" storage="d:\alinq\source\trunk\test\bin\debug\test.dll" id="07240822-409e-ef20-60e9-cc802d0ddc38">
      <Css projectStructure="" iteration="" />
      <Owners>
        <Owner name="" />
      </Owners>
      <TestMethod codeBase="D:\ALinq\Source\Trunk\Test\bin\Debug\Test.dll" adapterTypeName="Microsoft.VisualStudio.TestTools.TestTypes.Unit.UnitTestAdapter, Microsoft.VisualStudio.QualityTools.Tips.UnitTest.Adapter, Version=9.0.0.0, Culture=neutral, PublicKeyToken=b03f5f7f11d50a3a" className="Test.OdpOracleTest, Test" name="Math_Pow" />
    </UnitTest>
    <UnitTest name="Math_Round2" storage="d:\alinq\source\trunk\test\bin\debug\test.dll" id="2d843e9b-dde6-38b8-d205-7c54af4e9e9f">
      <Css projectStructure="" iteration="" />
      <Owners>
        <Owner name="" />
      </Owners>
      <TestMethod codeBase="D:\ALinq\Source\Trunk\Test\bin\Debug\Test.dll" adapterTypeName="Microsoft.VisualStudio.TestTools.TestTypes.Unit.UnitTestAdapter, Microsoft.VisualStudio.QualityTools.Tips.UnitTest.Adapter, Version=9.0.0.0, Culture=neutral, PublicKeyToken=b03f5f7f11d50a3a" className="Test.SqlTest, Test" name="Math_Round2" />
    </UnitTest>
    <UnitTest name="DateTime_ToLoaclTime" storage="d:\alinq\source\trunk\test\bin\debug\test.dll" id="cbd42430-2698-e1b1-8f71-608d32b7a83b">
      <Css projectStructure="" iteration="" />
      <Owners>
        <Owner name="" />
      </Owners>
      <TestMethod codeBase="D:\ALinq\Source\Trunk\Test\bin\Debug\Test.dll" adapterTypeName="Microsoft.VisualStudio.TestTools.TestTypes.Unit.UnitTestAdapter, Microsoft.VisualStudio.QualityTools.Tips.UnitTest.Adapter, Version=9.0.0.0, Culture=neutral, PublicKeyToken=b03f5f7f11d50a3a" className="Test.MySqlTest, Test" name="DateTime_ToLoaclTime" />
    </UnitTest>
    <UnitTest name="DateTime_AddDays" storage="d:\alinq\source\trunk\test\bin\debug\test.dll" id="12c10c84-93ed-e9b1-a5a0-c6a8b61337d1">
      <Css projectStructure="" iteration="" />
      <Owners>
        <Owner name="" />
      </Owners>
      <TestMethod codeBase="D:\ALinq\Source\Trunk\Test\bin\Debug\Test.dll" adapterTypeName="Microsoft.VisualStudio.TestTools.TestTypes.Unit.UnitTestAdapter, Microsoft.VisualStudio.QualityTools.Tips.UnitTest.Adapter, Version=9.0.0.0, Culture=neutral, PublicKeyToken=b03f5f7f11d50a3a" className="Test.DB2Test, Test" name="DateTime_AddDays" />
    </UnitTest>
    <UnitTest name="String_EndsWith" storage="d:\alinq\source\trunk\test\bin\debug\test.dll" id="52472e00-8dea-c16e-6f90-9d13792f34bb">
      <Css projectStructure="" iteration="" />
      <Owners>
        <Owner name="" />
      </Owners>
      <TestMethod codeBase="D:\ALinq\Source\Trunk\Test\bin\Debug\Test.dll" adapterTypeName="Microsoft.VisualStudio.TestTools.TestTypes.Unit.UnitTestAdapter, Microsoft.VisualStudio.QualityTools.Tips.UnitTest.Adapter, Version=9.0.0.0, Culture=neutral, PublicKeyToken=b03f5f7f11d50a3a" className="Test.AccessTest, Test" name="String_EndsWith" />
    </UnitTest>
    <UnitTest name="Update" storage="d:\alinq\source\trunk\test\bin\debug\test.dll" id="3a90f6a4-0f0c-c1a3-9b00-25a278847b5a">
      <Css projectStructure="" iteration="" />
      <Owners>
        <Owner name="" />
      </Owners>
      <TestMethod codeBase="D:\ALinq\Source\Trunk\Test\bin\Debug\Test.dll" adapterTypeName="Microsoft.VisualStudio.TestTools.TestTypes.Unit.UnitTestAdapter, Microsoft.VisualStudio.QualityTools.Tips.UnitTest.Adapter, Version=9.0.0.0, Culture=neutral, PublicKeyToken=b03f5f7f11d50a3a" className="Test.SQL2000Test, Test" name="Update" />
    </UnitTest>
    <UnitTest name="DateTime_Add" storage="d:\alinq\source\trunk\test\bin\debug\test.dll" id="bbe5a1d3-1059-2f9b-8c0b-53f1ac3cf71a">
      <Css projectStructure="" iteration="" />
      <Owners>
        <Owner name="" />
      </Owners>
      <TestMethod codeBase="D:\ALinq\Source\Trunk\Test\bin\Debug\Test.dll" adapterTypeName="Microsoft.VisualStudio.TestTools.TestTypes.Unit.UnitTestAdapter, Microsoft.VisualStudio.QualityTools.Tips.UnitTest.Adapter, Version=9.0.0.0, Culture=neutral, PublicKeyToken=b03f5f7f11d50a3a" className="Test.DB2Test, Test" name="DateTime_Add" />
    </UnitTest>
    <UnitTest name="CRUD_Update2" storage="d:\alinq\source\trunk\test\bin\debug\test.dll" id="ae6f2190-5195-fc64-1385-fadb8da56d37">
      <Css projectStructure="" iteration="" />
      <Owners>
        <Owner name="" />
      </Owners>
      <TestMethod codeBase="D:\ALinq\Source\Trunk\Test\bin\Debug\Test.dll" adapterTypeName="Microsoft.VisualStudio.TestTools.TestTypes.Unit.UnitTestAdapter, Microsoft.VisualStudio.QualityTools.Tips.UnitTest.Adapter, Version=9.0.0.0, Culture=neutral, PublicKeyToken=b03f5f7f11d50a3a" className="Test.SqlTest, Test" name="CRUD_Update2" />
    </UnitTest>
    <UnitTest name="StringInsert" storage="d:\alinq\source\trunk\test\bin\debug\test.dll" id="c56a84bf-133c-ad49-b89c-eae1737a9ac8">
      <Css projectStructure="" iteration="" />
      <Owners>
        <Owner name="" />
      </Owners>
      <TestMethod codeBase="D:\ALinq\Source\Trunk\Test\bin\Debug\Test.dll" adapterTypeName="Microsoft.VisualStudio.TestTools.TestTypes.Unit.UnitTestAdapter, Microsoft.VisualStudio.QualityTools.Tips.UnitTest.Adapter, Version=9.0.0.0, Culture=neutral, PublicKeyToken=b03f5f7f11d50a3a" className="Test.MySqlTest, Test" name="StringInsert" />
    </UnitTest>
    <UnitTest name="GroupBy_Avg" storage="d:\alinq\source\trunk\test\bin\debug\test.dll" id="91e98aeb-82a1-9d71-4ed4-09c738aa273a">
      <Css projectStructure="" iteration="" />
      <Owners>
        <Owner name="" />
      </Owners>
      <TestMethod codeBase="D:\ALinq\Source\Trunk\Test\bin\Debug\Test.dll" adapterTypeName="Microsoft.VisualStudio.TestTools.TestTypes.Unit.UnitTestAdapter, Microsoft.VisualStudio.QualityTools.Tips.UnitTest.Adapter, Version=9.0.0.0, Culture=neutral, PublicKeyToken=b03f5f7f11d50a3a" className="Test.FirebirdTest, Test" name="GroupBy_Avg" />
    </UnitTest>
    <UnitTest name="Math_Abs" storage="d:\alinq\source\trunk\test\bin\debug\test.dll" id="ff860288-c069-0a43-7fcd-7eb6a31ded13">
      <Css projectStructure="" iteration="" />
      <Owners>
        <Owner name="" />
      </Owners>
      <TestMethod codeBase="D:\ALinq\Source\Trunk\Test\bin\Debug\Test.dll" adapterTypeName="Microsoft.VisualStudio.TestTools.TestTypes.Unit.UnitTestAdapter, Microsoft.VisualStudio.QualityTools.Tips.UnitTest.Adapter, Version=9.0.0.0, Culture=neutral, PublicKeyToken=b03f5f7f11d50a3a" className="Test.OdpOracleTest, Test" name="Math_Abs" />
    </UnitTest>
    <UnitTest name="Any_Grouped" storage="d:\alinq\source\trunk\test\bin\debug\test.dll" id="9bd19205-fa0b-32cb-e197-dcc76292bb41">
      <Css projectStructure="" iteration="" />
      <Owners>
        <Owner name="" />
      </Owners>
      <TestMethod codeBase="D:\ALinq\Source\Trunk\Test\bin\Debug\Test.dll" adapterTypeName="Microsoft.VisualStudio.TestTools.TestTypes.Unit.UnitTestAdapter, Microsoft.VisualStudio.QualityTools.Tips.UnitTest.Adapter, Version=9.0.0.0, Culture=neutral, PublicKeyToken=b03f5f7f11d50a3a" className="Test.NorOracleTest, Test" name="Any_Grouped" />
    </UnitTest>
    <UnitTest name="Skip_Nested" storage="d:\alinq\source\trunk\test\bin\debug\test.dll" id="631c9d1f-230a-7a25-6a5c-275235c2613f">
      <Css projectStructure="" iteration="" />
      <Owners>
        <Owner name="" />
      </Owners>
      <TestMethod codeBase="D:\ALinq\Source\Trunk\Test\bin\Debug\Test.dll" adapterTypeName="Microsoft.VisualStudio.TestTools.TestTypes.Unit.UnitTestAdapter, Microsoft.VisualStudio.QualityTools.Tips.UnitTest.Adapter, Version=9.0.0.0, Culture=neutral, PublicKeyToken=b03f5f7f11d50a3a" className="Test.SQLiteTest, Test" name="Skip_Nested" />
    </UnitTest>
    <UnitTest name="Count_Grouped" storage="d:\alinq\source\trunk\test\bin\debug\test.dll" id="4cc732a0-fc9b-fb8a-984f-862493f12cfe">
      <Css projectStructure="" iteration="" />
      <Owners>
        <Owner name="" />
      </Owners>
      <TestMethod codeBase="D:\ALinq\Source\Trunk\Test\bin\Debug\Test.dll" adapterTypeName="Microsoft.VisualStudio.TestTools.TestTypes.Unit.UnitTestAdapter, Microsoft.VisualStudio.QualityTools.Tips.UnitTest.Adapter, Version=9.0.0.0, Culture=neutral, PublicKeyToken=b03f5f7f11d50a3a" className="Test.DB2Test, Test" name="Count_Grouped" />
    </UnitTest>
    <UnitTest name="String_ToLowerInvariant" storage="d:\alinq\source\trunk\test\bin\debug\test.dll" id="4a7f821d-57fc-90d5-4013-d076b0fafe82">
      <Css projectStructure="" iteration="" />
      <Owners>
        <Owner name="" />
      </Owners>
      <TestMethod codeBase="D:\ALinq\Source\Trunk\Test\bin\Debug\Test.dll" adapterTypeName="Microsoft.VisualStudio.TestTools.TestTypes.Unit.UnitTestAdapter, Microsoft.VisualStudio.QualityTools.Tips.UnitTest.Adapter, Version=9.0.0.0, Culture=neutral, PublicKeyToken=b03f5f7f11d50a3a" className="Test.SQLiteTest, Test" name="String_ToLowerInvariant" />
    </UnitTest>
    <UnitTest name="GroupBy_Min" storage="d:\alinq\source\trunk\test\bin\debug\test.dll" id="9295f4f6-8b7b-703b-2e8a-b630e4c11427">
      <Css projectStructure="" iteration="" />
      <Owners>
        <Owner name="" />
      </Owners>
      <TestMethod codeBase="D:\ALinq\Source\Trunk\Test\bin\Debug\Test.dll" adapterTypeName="Microsoft.VisualStudio.TestTools.TestTypes.Unit.UnitTestAdapter, Microsoft.VisualStudio.QualityTools.Tips.UnitTest.Adapter, Version=9.0.0.0, Culture=neutral, PublicKeyToken=b03f5f7f11d50a3a" className="Test.SQLiteTest, Test" name="GroupBy_Min" />
    </UnitTest>
    <UnitTest name="Math_Sinh" storage="d:\alinq\source\trunk\test\bin\debug\test.dll" id="25823bbf-63f3-a9f8-665c-2d7fef10eda5">
      <Css projectStructure="" iteration="" />
      <Owners>
        <Owner name="" />
      </Owners>
      <TestMethod codeBase="D:\ALinq\Source\Trunk\Test\bin\Debug\Test.dll" adapterTypeName="Microsoft.VisualStudio.TestTools.TestTypes.Unit.UnitTestAdapter, Microsoft.VisualStudio.QualityTools.Tips.UnitTest.Adapter, Version=9.0.0.0, Culture=neutral, PublicKeyToken=b03f5f7f11d50a3a" className="Test.NorOracleTest, Test" name="Math_Sinh" />
    </UnitTest>
    <UnitTest name="ComposeKey" storage="d:\alinq\source\trunk\test\bin\debug\test.dll" id="b5791077-0d69-1546-29bd-fce325e3f3f7">
      <Css projectStructure="" iteration="" />
      <Owners>
        <Owner name="" />
      </Owners>
      <TestMethod codeBase="D:\ALinq\Source\Trunk\Test\bin\Debug\Test.dll" adapterTypeName="Microsoft.VisualStudio.TestTools.TestTypes.Unit.UnitTestAdapter, Microsoft.VisualStudio.QualityTools.Tips.UnitTest.Adapter, Version=9.0.0.0, Culture=neutral, PublicKeyToken=b03f5f7f11d50a3a" className="Test.NorOracleTest, Test" name="ComposeKey" />
    </UnitTest>
    <UnitTest name="GroupBy_Date" storage="d:\alinq\source\trunk\test\bin\debug\test.dll" id="372b9be2-9075-3f52-e908-ce5fea093770">
      <Css projectStructure="" iteration="" />
      <Owners>
        <Owner name="" />
      </Owners>
      <TestMethod codeBase="D:\ALinq\Source\Trunk\Test\bin\Debug\Test.dll" adapterTypeName="Microsoft.VisualStudio.TestTools.TestTypes.Unit.UnitTestAdapter, Microsoft.VisualStudio.QualityTools.Tips.UnitTest.Adapter, Version=9.0.0.0, Culture=neutral, PublicKeyToken=b03f5f7f11d50a3a" className="Test.SQL2005Test, Test" name="GroupBy_Date" />
    </UnitTest>
    <UnitTest name="StringRelace" storage="d:\alinq\source\trunk\test\bin\debug\test.dll" id="11786da0-5406-630d-aab5-09ef5c3abcf8">
      <Css projectStructure="" iteration="" />
      <Owners>
        <Owner name="" />
      </Owners>
      <TestMethod codeBase="D:\ALinq\Source\Trunk\Test\bin\Debug\Test.dll" adapterTypeName="Microsoft.VisualStudio.TestTools.TestTypes.Unit.UnitTestAdapter, Microsoft.VisualStudio.QualityTools.Tips.UnitTest.Adapter, Version=9.0.0.0, Culture=neutral, PublicKeyToken=b03f5f7f11d50a3a" className="Test.OdpOracleTest, Test" name="StringRelace" />
    </UnitTest>
    <UnitTest name="Join_ThreeWay" storage="d:\alinq\source\trunk\test\bin\debug\test.dll" id="ca8d5142-d8f6-e738-acd5-328d97c4e02c">
      <Css projectStructure="" iteration="" />
      <Owners>
        <Owner name="" />
      </Owners>
      <TestMethod codeBase="D:\ALinq\Source\Trunk\Test\bin\Debug\Test.dll" adapterTypeName="Microsoft.VisualStudio.TestTools.TestTypes.Unit.UnitTestAdapter, Microsoft.VisualStudio.QualityTools.Tips.UnitTest.Adapter, Version=9.0.0.0, Culture=neutral, PublicKeyToken=b03f5f7f11d50a3a" className="Test.SQL2000Test, Test" name="Join_ThreeWay" />
    </UnitTest>
    <UnitTest name="String_TrimStart" storage="d:\alinq\source\trunk\test\bin\debug\test.dll" id="e802dde4-27ea-ae67-1426-90fa8368acef">
      <Css projectStructure="" iteration="" />
      <Owners>
        <Owner name="" />
      </Owners>
      <TestMethod codeBase="D:\ALinq\Source\Trunk\Test\bin\Debug\Test.dll" adapterTypeName="Microsoft.VisualStudio.TestTools.TestTypes.Unit.UnitTestAdapter, Microsoft.VisualStudio.QualityTools.Tips.UnitTest.Adapter, Version=9.0.0.0, Culture=neutral, PublicKeyToken=b03f5f7f11d50a3a" className="Test.FirebirdTest, Test" name="String_TrimStart" />
    </UnitTest>
    <UnitTest name="Math_Max" storage="d:\alinq\source\trunk\test\bin\debug\test.dll" id="763759d1-24f1-a8a0-a0ed-5b0e4cb28178">
      <Css projectStructure="" iteration="" />
      <Owners>
        <Owner name="" />
      </Owners>
      <TestMethod codeBase="D:\ALinq\Source\Trunk\Test\bin\Debug\Test.dll" adapterTypeName="Microsoft.VisualStudio.TestTools.TestTypes.Unit.UnitTestAdapter, Microsoft.VisualStudio.QualityTools.Tips.UnitTest.Adapter, Version=9.0.0.0, Culture=neutral, PublicKeyToken=b03f5f7f11d50a3a" className="Test.SQL2005Test, Test" name="Math_Max" />
    </UnitTest>
    <UnitTest name="DateTime_Minute" storage="d:\alinq\source\trunk\test\bin\debug\test.dll" id="cf014328-6c7f-46c0-3290-cd106bfbad60">
      <Css projectStructure="" iteration="" />
      <Owners>
        <Owner name="" />
      </Owners>
      <TestMethod codeBase="D:\ALinq\Source\Trunk\Test\bin\Debug\Test.dll" adapterTypeName="Microsoft.VisualStudio.TestTools.TestTypes.Unit.UnitTestAdapter, Microsoft.VisualStudio.QualityTools.Tips.UnitTest.Adapter, Version=9.0.0.0, Culture=neutral, PublicKeyToken=b03f5f7f11d50a3a" className="Test.NorOracleTest, Test" name="DateTime_Minute" />
    </UnitTest>
    <UnitTest name="TableExists" storage="d:\alinq\source\trunk\test\bin\debug\test.dll" id="4e578b60-1661-6b11-aba7-2fe0588475b7">
      <Css projectStructure="" iteration="" />
      <Owners>
        <Owner name="" />
      </Owners>
      <TestMethod codeBase="D:\ALinq\Source\Trunk\Test\bin\Debug\Test.dll" adapterTypeName="Microsoft.VisualStudio.TestTools.TestTypes.Unit.UnitTestAdapter, Microsoft.VisualStudio.QualityTools.Tips.UnitTest.Adapter, Version=9.0.0.0, Culture=neutral, PublicKeyToken=b03f5f7f11d50a3a" className="Test.FirebirdTest, Test" name="TableExists" />
    </UnitTest>
    <UnitTest name="Test" storage="d:\alinq\source\trunk\test\bin\debug\test.dll" id="7a192fe3-3eee-7fe7-1cf9-b108116d4838">
      <Css projectStructure="" iteration="" />
      <Owners>
        <Owner name="" />
      </Owners>
      <TestMethod codeBase="D:\ALinq\Source\Trunk\Test\bin\Debug\Test.dll" adapterTypeName="Microsoft.VisualStudio.TestTools.TestTypes.Unit.UnitTestAdapter, Microsoft.VisualStudio.QualityTools.Tips.UnitTest.Adapter, Version=9.0.0.0, Culture=neutral, PublicKeyToken=b03f5f7f11d50a3a" className="Test.TranslateTest, Test" name="Test" />
    </UnitTest>
    <UnitTest name="Max_Projection" storage="d:\alinq\source\trunk\test\bin\debug\test.dll" id="552d10a2-06ec-bf19-7935-0a434ae34c8a">
      <Css projectStructure="" iteration="" />
      <Owners>
        <Owner name="" />
      </Owners>
      <TestMethod codeBase="D:\ALinq\Source\Trunk\Test\bin\Debug\Test.dll" adapterTypeName="Microsoft.VisualStudio.TestTools.TestTypes.Unit.UnitTestAdapter, Microsoft.VisualStudio.QualityTools.Tips.UnitTest.Adapter, Version=9.0.0.0, Culture=neutral, PublicKeyToken=b03f5f7f11d50a3a" className="Test.DB2Test, Test" name="Max_Projection" />
    </UnitTest>
    <UnitTest name="String_Clone" storage="d:\alinq\source\trunk\test\bin\debug\test.dll" id="d979c62e-7f82-9721-fe54-d37412096597">
      <Css projectStructure="" iteration="" />
      <Owners>
        <Owner name="" />
      </Owners>
      <TestMethod codeBase="D:\ALinq\Source\Trunk\Test\bin\Debug\Test.dll" adapterTypeName="Microsoft.VisualStudio.TestTools.TestTypes.Unit.UnitTestAdapter, Microsoft.VisualStudio.QualityTools.Tips.UnitTest.Adapter, Version=9.0.0.0, Culture=neutral, PublicKeyToken=b03f5f7f11d50a3a" className="Test.OdpOracleTest, Test" name="String_Clone" />
    </UnitTest>
    <UnitTest name="Math_Acos" storage="d:\alinq\source\trunk\test\bin\debug\test.dll" id="c8868fd6-9b53-5ca0-31e0-eade6b966130">
      <Css projectStructure="" iteration="" />
      <Owners>
        <Owner name="" />
      </Owners>
      <TestMethod codeBase="D:\ALinq\Source\Trunk\Test\bin\Debug\Test.dll" adapterTypeName="Microsoft.VisualStudio.TestTools.TestTypes.Unit.UnitTestAdapter, Microsoft.VisualStudio.QualityTools.Tips.UnitTest.Adapter, Version=9.0.0.0, Culture=neutral, PublicKeyToken=b03f5f7f11d50a3a" className="Test.PgsqlTest, Test" name="Math_Acos" />
    </UnitTest>
    <UnitTest name="String_CompareTo" storage="d:\alinq\source\trunk\test\bin\debug\test.dll" id="ee5d378e-d41f-00fe-f777-3b9ef23103e1">
      <Css projectStructure="" iteration="" />
      <Owners>
        <Owner name="" />
      </Owners>
      <TestMethod codeBase="D:\ALinq\Source\Trunk\Test\bin\Debug\Test.dll" adapterTypeName="Microsoft.VisualStudio.TestTools.TestTypes.Unit.UnitTestAdapter, Microsoft.VisualStudio.QualityTools.Tips.UnitTest.Adapter, Version=9.0.0.0, Culture=neutral, PublicKeyToken=b03f5f7f11d50a3a" className="Test.DB2Test, Test" name="String_CompareTo" />
    </UnitTest>
    <UnitTest name="ResolveAll" storage="d:\alinq\source\trunk\test\bin\debug\test.dll" id="93a57e0d-8977-934f-b88c-2e4c729c09b6">
      <Css projectStructure="" iteration="" />
      <Owners>
        <Owner name="" />
      </Owners>
      <TestMethod codeBase="D:\ALinq\Source\Trunk\Test\bin\Debug\Test.dll" adapterTypeName="Microsoft.VisualStudio.TestTools.TestTypes.Unit.UnitTestAdapter, Microsoft.VisualStudio.QualityTools.Tips.UnitTest.Adapter, Version=9.0.0.0, Culture=neutral, PublicKeyToken=b03f5f7f11d50a3a" className="Test.FirebirdTest, Test" name="ResolveAll" />
    </UnitTest>
    <UnitTest name="Any_Grouped" storage="d:\alinq\source\trunk\test\bin\debug\test.dll" id="a35ea7c9-de73-56b5-85fd-47cbf3b6e72b">
      <Css projectStructure="" iteration="" />
      <Owners>
        <Owner name="" />
      </Owners>
      <TestMethod codeBase="D:\ALinq\Source\Trunk\Test\bin\Debug\Test.dll" adapterTypeName="Microsoft.VisualStudio.TestTools.TestTypes.Unit.UnitTestAdapter, Microsoft.VisualStudio.QualityTools.Tips.UnitTest.Adapter, Version=9.0.0.0, Culture=neutral, PublicKeyToken=b03f5f7f11d50a3a" className="Test.PgsqlTest, Test" name="Any_Grouped" />
    </UnitTest>
    <UnitTest name="Math_Sqrt" storage="d:\alinq\source\trunk\test\bin\debug\test.dll" id="b789f725-a4b3-0ced-9e37-b25d706a8fa5">
      <Css projectStructure="" iteration="" />
      <Owners>
        <Owner name="" />
      </Owners>
      <TestMethod codeBase="D:\ALinq\Source\Trunk\Test\bin\Debug\Test.dll" adapterTypeName="Microsoft.VisualStudio.TestTools.TestTypes.Unit.UnitTestAdapter, Microsoft.VisualStudio.QualityTools.Tips.UnitTest.Adapter, Version=9.0.0.0, Culture=neutral, PublicKeyToken=b03f5f7f11d50a3a" className="Test.NorOracleTest, Test" name="Math_Sqrt" />
    </UnitTest>
    <UnitTest name="Take_Simple" storage="d:\alinq\source\trunk\test\bin\debug\test.dll" id="ac9ae4ab-31c8-2758-09a9-bfa10a48cdc4">
      <Css projectStructure="" iteration="" />
      <Owners>
        <Owner name="" />
      </Owners>
      <TestMethod codeBase="D:\ALinq\Source\Trunk\Test\bin\Debug\Test.dll" adapterTypeName="Microsoft.VisualStudio.TestTools.TestTypes.Unit.UnitTestAdapter, Microsoft.VisualStudio.QualityTools.Tips.UnitTest.Adapter, Version=9.0.0.0, Culture=neutral, PublicKeyToken=b03f5f7f11d50a3a" className="Test.NorOracleTest, Test" name="Take_Simple" />
    </UnitTest>
    <UnitTest name="Join_LeftOuter" storage="d:\alinq\source\trunk\test\bin\debug\test.dll" id="e9791626-9b5a-55e5-3db3-8449e998f5c1">
      <Css projectStructure="" iteration="" />
      <Owners>
        <Owner name="" />
      </Owners>
      <TestMethod codeBase="D:\ALinq\Source\Trunk\Test\bin\Debug\Test.dll" adapterTypeName="Microsoft.VisualStudio.TestTools.TestTypes.Unit.UnitTestAdapter, Microsoft.VisualStudio.QualityTools.Tips.UnitTest.Adapter, Version=9.0.0.0, Culture=neutral, PublicKeyToken=b03f5f7f11d50a3a" className="Test.AccessTest, Test" name="Join_LeftOuter" />
    </UnitTest>
    <UnitTest name="Math_Round2" storage="d:\alinq\source\trunk\test\bin\debug\test.dll" id="463c579e-415a-30d1-f223-1843467eec0b">
      <Css projectStructure="" iteration="" />
      <Owners>
        <Owner name="" />
      </Owners>
      <TestMethod codeBase="D:\ALinq\Source\Trunk\Test\bin\Debug\Test.dll" adapterTypeName="Microsoft.VisualStudio.TestTools.TestTypes.Unit.UnitTestAdapter, Microsoft.VisualStudio.QualityTools.Tips.UnitTest.Adapter, Version=9.0.0.0, Culture=neutral, PublicKeyToken=b03f5f7f11d50a3a" className="Test.PgsqlTest, Test" name="Math_Round2" />
    </UnitTest>
    <UnitTest name="Avg_Projection" storage="d:\alinq\source\trunk\test\bin\debug\test.dll" id="8713e587-bbe0-e23f-0710-c008a9ac8501">
      <Css projectStructure="" iteration="" />
      <Owners>
        <Owner name="" />
      </Owners>
      <TestMethod codeBase="D:\ALinq\Source\Trunk\Test\bin\Debug\Test.dll" adapterTypeName="Microsoft.VisualStudio.TestTools.TestTypes.Unit.UnitTestAdapter, Microsoft.VisualStudio.QualityTools.Tips.UnitTest.Adapter, Version=9.0.0.0, Culture=neutral, PublicKeyToken=b03f5f7f11d50a3a" className="Test.MySqlTest, Test" name="Avg_Projection" />
    </UnitTest>
    <UnitTest name="DateTimeLT" storage="d:\alinq\source\trunk\test\bin\debug\test.dll" id="c278f3b8-0a98-ea83-6c55-5c3c46144112">
      <Css projectStructure="" iteration="" />
      <Owners>
        <Owner name="" />
      </Owners>
      <TestMethod codeBase="D:\ALinq\Source\Trunk\Test\bin\Debug\Test.dll" adapterTypeName="Microsoft.VisualStudio.TestTools.TestTypes.Unit.UnitTestAdapter, Microsoft.VisualStudio.QualityTools.Tips.UnitTest.Adapter, Version=9.0.0.0, Culture=neutral, PublicKeyToken=b03f5f7f11d50a3a" className="Test.NorOracleTest, Test" name="DateTimeLT" />
    </UnitTest>
    <UnitTest name="DateTime_Subtract" storage="d:\alinq\source\trunk\test\bin\debug\test.dll" id="7326a1dd-bd4e-4b57-1528-8a70cb040e08">
      <Css projectStructure="" iteration="" />
      <Owners>
        <Owner name="" />
      </Owners>
      <TestMethod codeBase="D:\ALinq\Source\Trunk\Test\bin\Debug\Test.dll" adapterTypeName="Microsoft.VisualStudio.TestTools.TestTypes.Unit.UnitTestAdapter, Microsoft.VisualStudio.QualityTools.Tips.UnitTest.Adapter, Version=9.0.0.0, Culture=neutral, PublicKeyToken=b03f5f7f11d50a3a" className="Test.NorOracleTest, Test" name="DateTime_Subtract" />
    </UnitTest>
    <UnitTest name="Take_Simple" storage="d:\alinq\source\trunk\test\bin\debug\test.dll" id="8a92a771-fc8e-026d-0250-e4f41f0fb93b">
      <Css projectStructure="" iteration="" />
      <Owners>
        <Owner name="" />
      </Owners>
      <TestMethod codeBase="D:\ALinq\Source\Trunk\Test\bin\Debug\Test.dll" adapterTypeName="Microsoft.VisualStudio.TestTools.TestTypes.Unit.UnitTestAdapter, Microsoft.VisualStudio.QualityTools.Tips.UnitTest.Adapter, Version=9.0.0.0, Culture=neutral, PublicKeyToken=b03f5f7f11d50a3a" className="Test.PgsqlTest, Test" name="Take_Simple" />
    </UnitTest>
    <UnitTest name="DataLoadOptionsTest" storage="d:\alinq\source\trunk\test\bin\debug\test.dll" id="b1177fdc-87ff-8ace-61ee-371ab3f73c37">
      <Css projectStructure="" iteration="" />
      <Owners>
        <Owner name="" />
      </Owners>
      <TestMethod codeBase="D:\ALinq\Source\Trunk\Test\bin\Debug\Test.dll" adapterTypeName="Microsoft.VisualStudio.TestTools.TestTypes.Unit.UnitTestAdapter, Microsoft.VisualStudio.QualityTools.Tips.UnitTest.Adapter, Version=9.0.0.0, Culture=neutral, PublicKeyToken=b03f5f7f11d50a3a" className="Test.MySqlTest, Test" name="DataLoadOptionsTest" />
    </UnitTest>
    <UnitTest name="GroupBy_Day" storage="d:\alinq\source\trunk\test\bin\debug\test.dll" id="83e88c32-d46f-4f33-7d2b-629c0fe9534c">
      <Css projectStructure="" iteration="" />
      <Owners>
        <Owner name="" />
      </Owners>
      <TestMethod codeBase="D:\ALinq\Source\Trunk\Test\bin\Debug\Test.dll" adapterTypeName="Microsoft.VisualStudio.TestTools.TestTypes.Unit.UnitTestAdapter, Microsoft.VisualStudio.QualityTools.Tips.UnitTest.Adapter, Version=9.0.0.0, Culture=neutral, PublicKeyToken=b03f5f7f11d50a3a" className="Test.AccessTest, Test" name="GroupBy_Day" />
    </UnitTest>
    <UnitTest name="Inherit" storage="d:\alinq\source\trunk\test\bin\debug\test.dll" id="9aab9212-610c-5576-ce8d-64dac2879868">
      <Css projectStructure="" iteration="" />
      <Owners>
        <Owner name="" />
      </Owners>
      <TestMethod codeBase="D:\ALinq\Source\Trunk\Test\bin\Debug\Test.dll" adapterTypeName="Microsoft.VisualStudio.TestTools.TestTypes.Unit.UnitTestAdapter, Microsoft.VisualStudio.QualityTools.Tips.UnitTest.Adapter, Version=9.0.0.0, Culture=neutral, PublicKeyToken=b03f5f7f11d50a3a" className="Test.SqlTest, Test" name="Inherit" />
    </UnitTest>
    <UnitTest name="Sum_Empty" storage="d:\alinq\source\trunk\test\bin\debug\test.dll" id="4d1fbdbb-1949-1eeb-ca5b-46382e8c88f9">
      <Css projectStructure="" iteration="" />
      <Owners>
        <Owner name="" />
      </Owners>
      <TestMethod codeBase="D:\ALinq\Source\Trunk\Test\bin\Debug\Test.dll" adapterTypeName="Microsoft.VisualStudio.TestTools.TestTypes.Unit.UnitTestAdapter, Microsoft.VisualStudio.QualityTools.Tips.UnitTest.Adapter, Version=9.0.0.0, Culture=neutral, PublicKeyToken=b03f5f7f11d50a3a" className="Test.FirebirdTest, Test" name="Sum_Empty" />
    </UnitTest>
    <UnitTest name="String_TrimStart" storage="d:\alinq\source\trunk\test\bin\debug\test.dll" id="f5897722-5d12-bf17-aa37-993f860b1732">
      <Css projectStructure="" iteration="" />
      <Owners>
        <Owner name="" />
      </Owners>
      <TestMethod codeBase="D:\ALinq\Source\Trunk\Test\bin\Debug\Test.dll" adapterTypeName="Microsoft.VisualStudio.TestTools.TestTypes.Unit.UnitTestAdapter, Microsoft.VisualStudio.QualityTools.Tips.UnitTest.Adapter, Version=9.0.0.0, Culture=neutral, PublicKeyToken=b03f5f7f11d50a3a" className="Test.SQL2000Test, Test" name="String_TrimStart" />
    </UnitTest>
    <UnitTest name="Join" storage="d:\alinq\source\trunk\test\bin\debug\test.dll" id="6103d9bf-1ac6-8f4b-28bd-f24dfd5f580f">
      <Css projectStructure="" iteration="" />
      <Owners>
        <Owner name="" />
      </Owners>
      <TestMethod codeBase="D:\ALinq\Source\Trunk\Test\bin\Debug\Test.dll" adapterTypeName="Microsoft.VisualStudio.TestTools.TestTypes.Unit.UnitTestAdapter, Microsoft.VisualStudio.QualityTools.Tips.UnitTest.Adapter, Version=9.0.0.0, Culture=neutral, PublicKeyToken=b03f5f7f11d50a3a" className="Test.PgsqlTest, Test" name="Join" />
    </UnitTest>
    <UnitTest name="Join_LetAssignment" storage="d:\alinq\source\trunk\test\bin\debug\test.dll" id="071c6975-6aa8-5d8f-42ac-11a3f137c66c">
      <Css projectStructure="" iteration="" />
      <Owners>
        <Owner name="" />
      </Owners>
      <TestMethod codeBase="D:\ALinq\Source\Trunk\Test\bin\Debug\Test.dll" adapterTypeName="Microsoft.VisualStudio.TestTools.TestTypes.Unit.UnitTestAdapter, Microsoft.VisualStudio.QualityTools.Tips.UnitTest.Adapter, Version=9.0.0.0, Culture=neutral, PublicKeyToken=b03f5f7f11d50a3a" className="Test.PgsqlTest, Test" name="Join_LetAssignment" />
    </UnitTest>
    <UnitTest name="DateTime_TimeOfDay" storage="d:\alinq\source\trunk\test\bin\debug\test.dll" id="31c64d1c-c68f-6933-80f0-0f45851b646a">
      <Css projectStructure="" iteration="" />
      <Owners>
        <Owner name="" />
      </Owners>
      <TestMethod codeBase="D:\ALinq\Source\Trunk\Test\bin\Debug\Test.dll" adapterTypeName="Microsoft.VisualStudio.TestTools.TestTypes.Unit.UnitTestAdapter, Microsoft.VisualStudio.QualityTools.Tips.UnitTest.Adapter, Version=9.0.0.0, Culture=neutral, PublicKeyToken=b03f5f7f11d50a3a" className="Test.PgsqlTest, Test" name="DateTime_TimeOfDay" />
    </UnitTest>
    <UnitTest name="Convert_ToInt32" storage="d:\alinq\source\trunk\test\bin\debug\test.dll" id="b971c664-3f51-2d1f-7eab-12ffb108ee91">
      <Css projectStructure="" iteration="" />
      <Owners>
        <Owner name="" />
      </Owners>
      <TestMethod codeBase="D:\ALinq\Source\Trunk\Test\bin\Debug\Test.dll" adapterTypeName="Microsoft.VisualStudio.TestTools.TestTypes.Unit.UnitTestAdapter, Microsoft.VisualStudio.QualityTools.Tips.UnitTest.Adapter, Version=9.0.0.0, Culture=neutral, PublicKeyToken=b03f5f7f11d50a3a" className="Test.PgsqlTest, Test" name="Convert_ToInt32" />
    </UnitTest>
    <UnitTest name="Aggregate_Null" storage="d:\alinq\source\trunk\test\bin\debug\test.dll" id="02f16009-f306-8d52-9f7f-753a72645d39">
      <Css projectStructure="" iteration="" />
      <Owners>
        <Owner name="" />
      </Owners>
      <TestMethod codeBase="D:\ALinq\Source\Trunk\Test\bin\Debug\Test.dll" adapterTypeName="Microsoft.VisualStudio.TestTools.TestTypes.Unit.UnitTestAdapter, Microsoft.VisualStudio.QualityTools.Tips.UnitTest.Adapter, Version=9.0.0.0, Culture=neutral, PublicKeyToken=b03f5f7f11d50a3a" className="Test.DB2Test, Test" name="Aggregate_Null" />
    </UnitTest>
    <UnitTest name="GroupBy_Year" storage="d:\alinq\source\trunk\test\bin\debug\test.dll" id="4673b23b-da03-c388-d2a2-4e338ad9dc4d">
      <Css projectStructure="" iteration="" />
      <Owners>
        <Owner name="" />
      </Owners>
      <TestMethod codeBase="D:\ALinq\Source\Trunk\Test\bin\Debug\Test.dll" adapterTypeName="Microsoft.VisualStudio.TestTools.TestTypes.Unit.UnitTestAdapter, Microsoft.VisualStudio.QualityTools.Tips.UnitTest.Adapter, Version=9.0.0.0, Culture=neutral, PublicKeyToken=b03f5f7f11d50a3a" className="Test.SqlTest, Test" name="GroupBy_Year" />
    </UnitTest>
    <UnitTest name="DataType_Char" storage="d:\alinq\source\trunk\test\bin\debug\test.dll" id="878cbfe8-7b4f-d359-28d7-05b9341e3bcd">
      <Css projectStructure="" iteration="" />
      <Owners>
        <Owner name="" />
      </Owners>
      <TestMethod codeBase="D:\ALinq\Source\Trunk\Test\bin\Debug\Test.dll" adapterTypeName="Microsoft.VisualStudio.TestTools.TestTypes.Unit.UnitTestAdapter, Microsoft.VisualStudio.QualityTools.Tips.UnitTest.Adapter, Version=9.0.0.0, Culture=neutral, PublicKeyToken=b03f5f7f11d50a3a" className="Test.SQL2000Test, Test" name="DataType_Char" />
    </UnitTest>
    <UnitTest name="GroupBy_Simple" storage="d:\alinq\source\trunk\test\bin\debug\test.dll" id="28579d5d-ff9b-bc4c-f25f-795f9c7eec9f">
      <Css projectStructure="" iteration="" />
      <Owners>
        <Owner name="" />
      </Owners>
      <TestMethod codeBase="D:\ALinq\Source\Trunk\Test\bin\Debug\Test.dll" adapterTypeName="Microsoft.VisualStudio.TestTools.TestTypes.Unit.UnitTestAdapter, Microsoft.VisualStudio.QualityTools.Tips.UnitTest.Adapter, Version=9.0.0.0, Culture=neutral, PublicKeyToken=b03f5f7f11d50a3a" className="Test.DB2Test, Test" name="GroupBy_Simple" />
    </UnitTest>
    <UnitTest name="DataType_XDocument" storage="d:\alinq\source\trunk\test\bin\debug\test.dll" id="6ae61497-7cc2-b1ad-fb30-3370c74e48b3">
      <Css projectStructure="" iteration="" />
      <Owners>
        <Owner name="" />
      </Owners>
      <TestMethod codeBase="D:\ALinq\Source\Trunk\Test\bin\Debug\Test.dll" adapterTypeName="Microsoft.VisualStudio.TestTools.TestTypes.Unit.UnitTestAdapter, Microsoft.VisualStudio.QualityTools.Tips.UnitTest.Adapter, Version=9.0.0.0, Culture=neutral, PublicKeyToken=b03f5f7f11d50a3a" className="Test.SQLiteTest, Test" name="DataType_XDocument" />
    </UnitTest>
    <UnitTest name="String_ToUpper1" storage="d:\alinq\source\trunk\test\bin\debug\test.dll" id="ed15b9ae-6085-dbba-978d-6742ac707c2e">
      <Css projectStructure="" iteration="" />
      <Owners>
        <Owner name="" />
      </Owners>
      <TestMethod codeBase="D:\ALinq\Source\Trunk\Test\bin\Debug\Test.dll" adapterTypeName="Microsoft.VisualStudio.TestTools.TestTypes.Unit.UnitTestAdapter, Microsoft.VisualStudio.QualityTools.Tips.UnitTest.Adapter, Version=9.0.0.0, Culture=neutral, PublicKeyToken=b03f5f7f11d50a3a" className="Test.NorOracleTest, Test" name="String_ToUpper1" />
    </UnitTest>
    <UnitTest name="OrderBy_Simple" storage="d:\alinq\source\trunk\test\bin\debug\test.dll" id="71ad6574-59b7-2381-c330-0ef03b45a3c0">
      <Css projectStructure="" iteration="" />
      <Owners>
        <Owner name="" />
      </Owners>
      <TestMethod codeBase="D:\ALinq\Source\Trunk\Test\bin\Debug\Test.dll" adapterTypeName="Microsoft.VisualStudio.TestTools.TestTypes.Unit.UnitTestAdapter, Microsoft.VisualStudio.QualityTools.Tips.UnitTest.Adapter, Version=9.0.0.0, Culture=neutral, PublicKeyToken=b03f5f7f11d50a3a" className="Test.SQLiteTest, Test" name="OrderBy_Simple" />
    </UnitTest>
    <UnitTest name="Aggregate_Null" storage="d:\alinq\source\trunk\test\bin\debug\test.dll" id="f54443e4-f6d3-c357-854f-e620626546e1">
      <Css projectStructure="" iteration="" />
      <Owners>
        <Owner name="" />
      </Owners>
      <TestMethod codeBase="D:\ALinq\Source\Trunk\Test\bin\Debug\Test.dll" adapterTypeName="Microsoft.VisualStudio.TestTools.TestTypes.Unit.UnitTestAdapter, Microsoft.VisualStudio.QualityTools.Tips.UnitTest.Adapter, Version=9.0.0.0, Culture=neutral, PublicKeyToken=b03f5f7f11d50a3a" className="Test.SqlTest, Test" name="Aggregate_Null" />
    </UnitTest>
    <UnitTest name="StringContain" storage="d:\alinq\source\trunk\test\bin\debug\test.dll" id="b4e54cba-6bb0-c706-044a-25f54c03a5e3">
      <Css projectStructure="" iteration="" />
      <Owners>
        <Owner name="" />
      </Owners>
      <TestMethod codeBase="D:\ALinq\Source\Trunk\Test\bin\Debug\Test.dll" adapterTypeName="Microsoft.VisualStudio.TestTools.TestTypes.Unit.UnitTestAdapter, Microsoft.VisualStudio.QualityTools.Tips.UnitTest.Adapter, Version=9.0.0.0, Culture=neutral, PublicKeyToken=b03f5f7f11d50a3a" className="Test.PgsqlTest, Test" name="StringContain" />
    </UnitTest>
    <UnitTest name="Where_Simple3" storage="d:\alinq\source\trunk\test\bin\debug\test.dll" id="bf832f92-5158-7ed5-c952-d92918e6112d">
      <Css projectStructure="" iteration="" />
      <Owners>
        <Owner name="" />
      </Owners>
      <TestMethod codeBase="D:\ALinq\Source\Trunk\Test\bin\Debug\Test.dll" adapterTypeName="Microsoft.VisualStudio.TestTools.TestTypes.Unit.UnitTestAdapter, Microsoft.VisualStudio.QualityTools.Tips.UnitTest.Adapter, Version=9.0.0.0, Culture=neutral, PublicKeyToken=b03f5f7f11d50a3a" className="Test.MySqlTest, Test" name="Where_Simple3" />
    </UnitTest>
    <UnitTest name="StringConcat" storage="d:\alinq\source\trunk\test\bin\debug\test.dll" id="426c948d-8c98-4827-b7bf-c4bc568a848f">
      <Css projectStructure="" iteration="" />
      <Owners>
        <Owner name="" />
      </Owners>
      <TestMethod codeBase="D:\ALinq\Source\Trunk\Test\bin\Debug\Test.dll" adapterTypeName="Microsoft.VisualStudio.TestTools.TestTypes.Unit.UnitTestAdapter, Microsoft.VisualStudio.QualityTools.Tips.UnitTest.Adapter, Version=9.0.0.0, Culture=neutral, PublicKeyToken=b03f5f7f11d50a3a" className="Test.OdpOracleTest, Test" name="StringConcat" />
    </UnitTest>
    <UnitTest name="Count_Nested" storage="d:\alinq\source\trunk\test\bin\debug\test.dll" id="1aebfe33-92c0-9980-c984-4757d1fb9381">
      <Css projectStructure="" iteration="" />
      <Owners>
        <Owner name="" />
      </Owners>
      <TestMethod codeBase="D:\ALinq\Source\Trunk\Test\bin\Debug\Test.dll" adapterTypeName="Microsoft.VisualStudio.TestTools.TestTypes.Unit.UnitTestAdapter, Microsoft.VisualStudio.QualityTools.Tips.UnitTest.Adapter, Version=9.0.0.0, Culture=neutral, PublicKeyToken=b03f5f7f11d50a3a" className="Test.MySqlTest, Test" name="Count_Nested" />
    </UnitTest>
    <UnitTest name="Where_Simple1" storage="d:\alinq\source\trunk\test\bin\debug\test.dll" id="61899643-1e24-9070-6cbc-34041e97024c">
      <Css projectStructure="" iteration="" />
      <Owners>
        <Owner name="" />
      </Owners>
      <TestMethod codeBase="D:\ALinq\Source\Trunk\Test\bin\Debug\Test.dll" adapterTypeName="Microsoft.VisualStudio.TestTools.TestTypes.Unit.UnitTestAdapter, Microsoft.VisualStudio.QualityTools.Tips.UnitTest.Adapter, Version=9.0.0.0, Culture=neutral, PublicKeyToken=b03f5f7f11d50a3a" className="Test.DB2Test, Test" name="Where_Simple1" />
    </UnitTest>
    <UnitTest name="Avg_Simple" storage="d:\alinq\source\trunk\test\bin\debug\test.dll" id="c5330456-8a68-1240-1f37-e69910bf888f">
      <Css projectStructure="" iteration="" />
      <Execution timeOut="10000" />
      <Owners>
        <Owner name="" />
      </Owners>
      <TestMethod codeBase="D:\ALinq\Source\Trunk\Test\bin\Debug\Test.dll" adapterTypeName="Microsoft.VisualStudio.TestTools.TestTypes.Unit.UnitTestAdapter, Microsoft.VisualStudio.QualityTools.Tips.UnitTest.Adapter, Version=9.0.0.0, Culture=neutral, PublicKeyToken=b03f5f7f11d50a3a" className="Test.MySqlTest, Test" name="Avg_Simple" />
    </UnitTest>
    <UnitTest name="Math_Sin" storage="d:\alinq\source\trunk\test\bin\debug\test.dll" id="b7eaa0e4-42e5-990e-08fb-2b366b78371b">
      <Css projectStructure="" iteration="" />
      <Owners>
        <Owner name="" />
      </Owners>
      <TestMethod codeBase="D:\ALinq\Source\Trunk\Test\bin\Debug\Test.dll" adapterTypeName="Microsoft.VisualStudio.TestTools.TestTypes.Unit.UnitTestAdapter, Microsoft.VisualStudio.QualityTools.Tips.UnitTest.Adapter, Version=9.0.0.0, Culture=neutral, PublicKeyToken=b03f5f7f11d50a3a" className="Test.AccessTest, Test" name="Math_Sin" />
    </UnitTest>
    <UnitTest name="Convert_ToSByte" storage="d:\alinq\source\trunk\test\bin\debug\test.dll" id="5708ed64-1da5-2494-0927-a19bfdd762b8">
      <Css projectStructure="" iteration="" />
      <Owners>
        <Owner name="" />
      </Owners>
      <TestMethod codeBase="D:\ALinq\Source\Trunk\Test\bin\Debug\Test.dll" adapterTypeName="Microsoft.VisualStudio.TestTools.TestTypes.Unit.UnitTestAdapter, Microsoft.VisualStudio.QualityTools.Tips.UnitTest.Adapter, Version=9.0.0.0, Culture=neutral, PublicKeyToken=b03f5f7f11d50a3a" className="Test.SQL2005Test, Test" name="Convert_ToSByte" />
    </UnitTest>
    <UnitTest name="DateTime_Add" storage="d:\alinq\source\trunk\test\bin\debug\test.dll" id="f88bf8b8-f8c0-1932-5560-0d61dc81fcf2">
      <Css projectStructure="" iteration="" />
      <Owners>
        <Owner name="" />
      </Owners>
      <TestMethod codeBase="D:\ALinq\Source\Trunk\Test\bin\Debug\Test.dll" adapterTypeName="Microsoft.VisualStudio.TestTools.TestTypes.Unit.UnitTestAdapter, Microsoft.VisualStudio.QualityTools.Tips.UnitTest.Adapter, Version=9.0.0.0, Culture=neutral, PublicKeyToken=b03f5f7f11d50a3a" className="Test.NorOracleTest, Test" name="DateTime_Add" />
    </UnitTest>
    <UnitTest name="Math_Tanh" storage="d:\alinq\source\trunk\test\bin\debug\test.dll" id="5f0481d0-2e31-ffd7-624f-7b1b675d3c51">
      <Css projectStructure="" iteration="" />
      <Owners>
        <Owner name="" />
      </Owners>
      <TestMethod codeBase="D:\ALinq\Source\Trunk\Test\bin\Debug\Test.dll" adapterTypeName="Microsoft.VisualStudio.TestTools.TestTypes.Unit.UnitTestAdapter, Microsoft.VisualStudio.QualityTools.Tips.UnitTest.Adapter, Version=9.0.0.0, Culture=neutral, PublicKeyToken=b03f5f7f11d50a3a" className="Test.OdpOracleTest, Test" name="Math_Tanh" />
    </UnitTest>
    <UnitTest name="DataType_UInt64" storage="d:\alinq\source\trunk\test\bin\debug\test.dll" id="5b984a5c-1342-4950-207d-8a8ad6152151">
      <Css projectStructure="" iteration="" />
      <Owners>
        <Owner name="" />
      </Owners>
      <TestMethod codeBase="D:\ALinq\Source\Trunk\Test\bin\Debug\Test.dll" adapterTypeName="Microsoft.VisualStudio.TestTools.TestTypes.Unit.UnitTestAdapter, Microsoft.VisualStudio.QualityTools.Tips.UnitTest.Adapter, Version=9.0.0.0, Culture=neutral, PublicKeyToken=b03f5f7f11d50a3a" className="Test.FirebirdTest, Test" name="DataType_UInt64" />
    </UnitTest>
    <UnitTest name="Math_Sqrt" storage="d:\alinq\source\trunk\test\bin\debug\test.dll" id="272c2ff8-875e-3f1f-fc9b-1e0073fbe776">
      <Css projectStructure="" iteration="" />
      <Owners>
        <Owner name="" />
      </Owners>
      <TestMethod codeBase="D:\ALinq\Source\Trunk\Test\bin\Debug\Test.dll" adapterTypeName="Microsoft.VisualStudio.TestTools.TestTypes.Unit.UnitTestAdapter, Microsoft.VisualStudio.QualityTools.Tips.UnitTest.Adapter, Version=9.0.0.0, Culture=neutral, PublicKeyToken=b03f5f7f11d50a3a" className="Test.DB2Test, Test" name="Math_Sqrt" />
    </UnitTest>
    <UnitTest name="Concat" storage="d:\alinq\source\trunk\test\bin\debug\test.dll" id="840db7b3-d48f-ad55-9ede-9cf9b9c0687c">
      <Css projectStructure="" iteration="" />
      <Owners>
        <Owner name="" />
      </Owners>
      <TestMethod codeBase="D:\ALinq\Source\Trunk\Test\bin\Debug\Test.dll" adapterTypeName="Microsoft.VisualStudio.TestTools.TestTypes.Unit.UnitTestAdapter, Microsoft.VisualStudio.QualityTools.Tips.UnitTest.Adapter, Version=9.0.0.0, Culture=neutral, PublicKeyToken=b03f5f7f11d50a3a" className="Test.SQLiteTest, Test" name="Concat" />
    </UnitTest>
    <UnitTest name="DateTime_ToString" storage="d:\alinq\source\trunk\test\bin\debug\test.dll" id="ca7c4960-9b9f-a659-d087-dcac2d33a752">
      <Css projectStructure="" iteration="" />
      <Owners>
        <Owner name="" />
      </Owners>
      <TestMethod codeBase="D:\ALinq\Source\Trunk\Test\bin\Debug\Test.dll" adapterTypeName="Microsoft.VisualStudio.TestTools.TestTypes.Unit.UnitTestAdapter, Microsoft.VisualStudio.QualityTools.Tips.UnitTest.Adapter, Version=9.0.0.0, Culture=neutral, PublicKeyToken=b03f5f7f11d50a3a" className="Test.SQL2000Test, Test" name="DateTime_ToString" />
    </UnitTest>
    <UnitTest name="GroupBy_Simple" storage="d:\alinq\source\trunk\test\bin\debug\test.dll" id="f28867c4-8795-4b9d-e32f-f7297dca1dec">
      <Css projectStructure="" iteration="" />
      <Owners>
        <Owner name="" />
      </Owners>
      <TestMethod codeBase="D:\ALinq\Source\Trunk\Test\bin\Debug\Test.dll" adapterTypeName="Microsoft.VisualStudio.TestTools.TestTypes.Unit.UnitTestAdapter, Microsoft.VisualStudio.QualityTools.Tips.UnitTest.Adapter, Version=9.0.0.0, Culture=neutral, PublicKeyToken=b03f5f7f11d50a3a" className="Test.NorOracleTest, Test" name="GroupBy_Simple" />
    </UnitTest>
    <UnitTest name="ResolveAll" storage="d:\alinq\source\trunk\test\bin\debug\test.dll" id="688b1437-e3ed-5556-dc02-58f12276d1a3">
      <Css projectStructure="" iteration="" />
      <Owners>
        <Owner name="" />
      </Owners>
      <TestMethod codeBase="D:\ALinq\Source\Trunk\Test\bin\Debug\Test.dll" adapterTypeName="Microsoft.VisualStudio.TestTools.TestTypes.Unit.UnitTestAdapter, Microsoft.VisualStudio.QualityTools.Tips.UnitTest.Adapter, Version=9.0.0.0, Culture=neutral, PublicKeyToken=b03f5f7f11d50a3a" className="Test.SQLiteTest, Test" name="ResolveAll" />
    </UnitTest>
    <UnitTest name="StringSubstring" storage="d:\alinq\source\trunk\test\bin\debug\test.dll" id="421f31cb-6e19-2a10-3384-19a14460b04c">
      <Css projectStructure="" iteration="" />
      <Owners>
        <Owner name="" />
      </Owners>
      <TestMethod codeBase="D:\ALinq\Source\Trunk\Test\bin\Debug\Test.dll" adapterTypeName="Microsoft.VisualStudio.TestTools.TestTypes.Unit.UnitTestAdapter, Microsoft.VisualStudio.QualityTools.Tips.UnitTest.Adapter, Version=9.0.0.0, Culture=neutral, PublicKeyToken=b03f5f7f11d50a3a" className="Test.DB2Test, Test" name="StringSubstring" />
    </UnitTest>
    <UnitTest name="GroupBy_Min" storage="d:\alinq\source\trunk\test\bin\debug\test.dll" id="d665ba45-555c-c938-1f98-e6aa51f3d56d">
      <Css projectStructure="" iteration="" />
      <Owners>
        <Owner name="" />
      </Owners>
      <TestMethod codeBase="D:\ALinq\Source\Trunk\Test\bin\Debug\Test.dll" adapterTypeName="Microsoft.VisualStudio.TestTools.TestTypes.Unit.UnitTestAdapter, Microsoft.VisualStudio.QualityTools.Tips.UnitTest.Adapter, Version=9.0.0.0, Culture=neutral, PublicKeyToken=b03f5f7f11d50a3a" className="Test.DB2Test, Test" name="GroupBy_Min" />
    </UnitTest>
    <UnitTest name="Math_Exp" storage="d:\alinq\source\trunk\test\bin\debug\test.dll" id="0a5ce5a5-2195-5e63-4e99-55e082f335db">
      <Css projectStructure="" iteration="" />
      <Owners>
        <Owner name="" />
      </Owners>
      <TestMethod codeBase="D:\ALinq\Source\Trunk\Test\bin\Debug\Test.dll" adapterTypeName="Microsoft.VisualStudio.TestTools.TestTypes.Unit.UnitTestAdapter, Microsoft.VisualStudio.QualityTools.Tips.UnitTest.Adapter, Version=9.0.0.0, Culture=neutral, PublicKeyToken=b03f5f7f11d50a3a" className="Test.NorOracleTest, Test" name="Math_Exp" />
    </UnitTest>
    <UnitTest name="DeleteTable" storage="d:\alinq\source\trunk\test\bin\debug\test.dll" id="a72fd69e-4937-3640-911a-c831b2d05ad0">
      <Css projectStructure="" iteration="" />
      <Owners>
        <Owner name="" />
      </Owners>
      <TestMethod codeBase="D:\ALinq\Source\Trunk\Test\bin\Debug\Test.dll" adapterTypeName="Microsoft.VisualStudio.TestTools.TestTypes.Unit.UnitTestAdapter, Microsoft.VisualStudio.QualityTools.Tips.UnitTest.Adapter, Version=9.0.0.0, Culture=neutral, PublicKeyToken=b03f5f7f11d50a3a" className="Test.OdpOracleTest, Test" name="DeleteTable" />
    </UnitTest>
    <UnitTest name="IfEqualTest" storage="d:\alinq\source\trunk\test\bin\debug\test.dll" id="ec2619e5-76d9-a622-97e2-bece972a606a">
      <Css projectStructure="" iteration="" />
      <Owners>
        <Owner name="" />
      </Owners>
      <TestMethod codeBase="D:\ALinq\Source\Trunk\Test\bin\Debug\Test.dll" adapterTypeName="Microsoft.VisualStudio.TestTools.TestTypes.Unit.UnitTestAdapter, Microsoft.VisualStudio.QualityTools.Tips.UnitTest.Adapter, Version=9.0.0.0, Culture=neutral, PublicKeyToken=b03f5f7f11d50a3a" className="Test.AccessTest, Test" name="IfEqualTest" />
    </UnitTest>
    <UnitTest name="Convert_ToString" storage="d:\alinq\source\trunk\test\bin\debug\test.dll" id="d28bd73a-6d07-53cb-e83f-7ba727a8926a">
      <Css projectStructure="" iteration="" />
      <Owners>
        <Owner name="" />
      </Owners>
      <TestMethod codeBase="D:\ALinq\Source\Trunk\Test\bin\Debug\Test.dll" adapterTypeName="Microsoft.VisualStudio.TestTools.TestTypes.Unit.UnitTestAdapter, Microsoft.VisualStudio.QualityTools.Tips.UnitTest.Adapter, Version=9.0.0.0, Culture=neutral, PublicKeyToken=b03f5f7f11d50a3a" className="Test.PgsqlTest, Test" name="Convert_ToString" />
    </UnitTest>
    <UnitTest name="Avg_Simple" storage="d:\alinq\source\trunk\test\bin\debug\test.dll" id="a89511b8-e5fb-b15e-869d-60f68d2db773">
      <Css projectStructure="" iteration="" />
      <Execution timeOut="10000" />
      <Owners>
        <Owner name="" />
      </Owners>
      <TestMethod codeBase="D:\ALinq\Source\Trunk\Test\bin\Debug\Test.dll" adapterTypeName="Microsoft.VisualStudio.TestTools.TestTypes.Unit.UnitTestAdapter, Microsoft.VisualStudio.QualityTools.Tips.UnitTest.Adapter, Version=9.0.0.0, Culture=neutral, PublicKeyToken=b03f5f7f11d50a3a" className="Test.FirebirdTest, Test" name="Avg_Simple" />
    </UnitTest>
    <UnitTest name="GroupBy_MultipleColumns" storage="d:\alinq\source\trunk\test\bin\debug\test.dll" id="ba5d15f2-4846-f645-25a0-bd893957de48">
      <Css projectStructure="" iteration="" />
      <Owners>
        <Owner name="" />
      </Owners>
      <TestMethod codeBase="D:\ALinq\Source\Trunk\Test\bin\Debug\Test.dll" adapterTypeName="Microsoft.VisualStudio.TestTools.TestTypes.Unit.UnitTestAdapter, Microsoft.VisualStudio.QualityTools.Tips.UnitTest.Adapter, Version=9.0.0.0, Culture=neutral, PublicKeyToken=b03f5f7f11d50a3a" className="Test.AccessTest, Test" name="GroupBy_MultipleColumns" />
    </UnitTest>
    <UnitTest name="OrderBy_ThenByDescending" storage="d:\alinq\source\trunk\test\bin\debug\test.dll" id="22bd8aeb-eb39-af1d-73d9-caa8b17a0431">
      <Css projectStructure="" iteration="" />
      <Owners>
        <Owner name="" />
      </Owners>
      <TestMethod codeBase="D:\ALinq\Source\Trunk\Test\bin\Debug\Test.dll" adapterTypeName="Microsoft.VisualStudio.TestTools.TestTypes.Unit.UnitTestAdapter, Microsoft.VisualStudio.QualityTools.Tips.UnitTest.Adapter, Version=9.0.0.0, Culture=neutral, PublicKeyToken=b03f5f7f11d50a3a" className="Test.DB2Test, Test" name="OrderBy_ThenByDescending" />
    </UnitTest>
    <UnitTest name="DeleteTable" storage="d:\alinq\source\trunk\test\bin\debug\test.dll" id="730c6e7c-8c65-ebd0-02be-9b6497b346cb">
      <Css projectStructure="" iteration="" />
      <Owners>
        <Owner name="" />
      </Owners>
      <TestMethod codeBase="D:\ALinq\Source\Trunk\Test\bin\Debug\Test.dll" adapterTypeName="Microsoft.VisualStudio.TestTools.TestTypes.Unit.UnitTestAdapter, Microsoft.VisualStudio.QualityTools.Tips.UnitTest.Adapter, Version=9.0.0.0, Culture=neutral, PublicKeyToken=b03f5f7f11d50a3a" className="Test.SQLiteTest, Test" name="DeleteTable" />
    </UnitTest>
    <UnitTest name="DataLoadOptionsTest" storage="d:\alinq\source\trunk\test\bin\debug\test.dll" id="6a855ed5-d28b-c339-ac5d-aa7dbc0f692e">
      <Css projectStructure="" iteration="" />
      <Owners>
        <Owner name="" />
      </Owners>
      <TestMethod codeBase="D:\ALinq\Source\Trunk\Test\bin\Debug\Test.dll" adapterTypeName="Microsoft.VisualStudio.TestTools.TestTypes.Unit.UnitTestAdapter, Microsoft.VisualStudio.QualityTools.Tips.UnitTest.Adapter, Version=9.0.0.0, Culture=neutral, PublicKeyToken=b03f5f7f11d50a3a" className="Test.SqlTest, Test" name="DataLoadOptionsTest" />
    </UnitTest>
    <UnitTest name="DateTime_AddYears" storage="d:\alinq\source\trunk\test\bin\debug\test.dll" id="137f2216-e2ee-8587-94c2-c457835ac92a">
      <Css projectStructure="" iteration="" />
      <Owners>
        <Owner name="" />
      </Owners>
      <TestMethod codeBase="D:\ALinq\Source\Trunk\Test\bin\Debug\Test.dll" adapterTypeName="Microsoft.VisualStudio.TestTools.TestTypes.Unit.UnitTestAdapter, Microsoft.VisualStudio.QualityTools.Tips.UnitTest.Adapter, Version=9.0.0.0, Culture=neutral, PublicKeyToken=b03f5f7f11d50a3a" className="Test.SQL2005Test, Test" name="DateTime_AddYears" />
    </UnitTest>
    <UnitTest name="String_ToLowerInvariant" storage="d:\alinq\source\trunk\test\bin\debug\test.dll" id="79b2eeb1-2f6a-2f94-1743-1eaf488d95f9">
      <Css projectStructure="" iteration="" />
      <Owners>
        <Owner name="" />
      </Owners>
      <TestMethod codeBase="D:\ALinq\Source\Trunk\Test\bin\Debug\Test.dll" adapterTypeName="Microsoft.VisualStudio.TestTools.TestTypes.Unit.UnitTestAdapter, Microsoft.VisualStudio.QualityTools.Tips.UnitTest.Adapter, Version=9.0.0.0, Culture=neutral, PublicKeyToken=b03f5f7f11d50a3a" className="Test.SQL2005Test, Test" name="String_ToLowerInvariant" />
    </UnitTest>
    <UnitTest name="GroupBy_Day" storage="d:\alinq\source\trunk\test\bin\debug\test.dll" id="07114600-b158-a249-e961-f4adb9774cbb">
      <Css projectStructure="" iteration="" />
      <Owners>
        <Owner name="" />
      </Owners>
      <TestMethod codeBase="D:\ALinq\Source\Trunk\Test\bin\Debug\Test.dll" adapterTypeName="Microsoft.VisualStudio.TestTools.TestTypes.Unit.UnitTestAdapter, Microsoft.VisualStudio.QualityTools.Tips.UnitTest.Adapter, Version=9.0.0.0, Culture=neutral, PublicKeyToken=b03f5f7f11d50a3a" className="Test.SqlTest, Test" name="GroupBy_Day" />
    </UnitTest>
    <UnitTest name="GroupBy_Day" storage="d:\alinq\source\trunk\test\bin\debug\test.dll" id="627b2fad-80fe-48d0-1f5b-8b5402d82b73">
      <Css projectStructure="" iteration="" />
      <Owners>
        <Owner name="" />
      </Owners>
      <TestMethod codeBase="D:\ALinq\Source\Trunk\Test\bin\Debug\Test.dll" adapterTypeName="Microsoft.VisualStudio.TestTools.TestTypes.Unit.UnitTestAdapter, Microsoft.VisualStudio.QualityTools.Tips.UnitTest.Adapter, Version=9.0.0.0, Culture=neutral, PublicKeyToken=b03f5f7f11d50a3a" className="Test.SQL2005Test, Test" name="GroupBy_Day" />
    </UnitTest>
    <UnitTest name="Take_Simple" storage="d:\alinq\source\trunk\test\bin\debug\test.dll" id="e6655580-4048-9075-d704-14aca306ce0c">
      <Css projectStructure="" iteration="" />
      <Owners>
        <Owner name="" />
      </Owners>
      <TestMethod codeBase="D:\ALinq\Source\Trunk\Test\bin\Debug\Test.dll" adapterTypeName="Microsoft.VisualStudio.TestTools.TestTypes.Unit.UnitTestAdapter, Microsoft.VisualStudio.QualityTools.Tips.UnitTest.Adapter, Version=9.0.0.0, Culture=neutral, PublicKeyToken=b03f5f7f11d50a3a" className="Test.MySqlTest, Test" name="Take_Simple" />
    </UnitTest>
    <UnitTest name="Skip_Simple" storage="d:\alinq\source\trunk\test\bin\debug\test.dll" id="1d0c2120-efee-1e77-9e97-2cd0dad0f308">
      <Css projectStructure="" iteration="" />
      <Owners>
        <Owner name="" />
      </Owners>
      <TestMethod codeBase="D:\ALinq\Source\Trunk\Test\bin\Debug\Test.dll" adapterTypeName="Microsoft.VisualStudio.TestTools.TestTypes.Unit.UnitTestAdapter, Microsoft.VisualStudio.QualityTools.Tips.UnitTest.Adapter, Version=9.0.0.0, Culture=neutral, PublicKeyToken=b03f5f7f11d50a3a" className="Test.MySqlTest, Test" name="Skip_Simple" />
    </UnitTest>
    <UnitTest name="TableExists" storage="d:\alinq\source\trunk\test\bin\debug\test.dll" id="e6bc00c3-229c-9a9f-38a0-403437988046">
      <Css projectStructure="" iteration="" />
      <Owners>
        <Owner name="" />
      </Owners>
      <TestMethod codeBase="D:\ALinq\Source\Trunk\Test\bin\Debug\Test.dll" adapterTypeName="Microsoft.VisualStudio.TestTools.TestTypes.Unit.UnitTestAdapter, Microsoft.VisualStudio.QualityTools.Tips.UnitTest.Adapter, Version=9.0.0.0, Culture=neutral, PublicKeyToken=b03f5f7f11d50a3a" className="Test.SqlTest, Test" name="TableExists" />
    </UnitTest>
    <UnitTest name="String_Substring1" storage="d:\alinq\source\trunk\test\bin\debug\test.dll" id="aff4595a-9c8c-9f6e-b82b-c9498b6057bd">
      <Css projectStructure="" iteration="" />
      <Owners>
        <Owner name="" />
      </Owners>
      <TestMethod codeBase="D:\ALinq\Source\Trunk\Test\bin\Debug\Test.dll" adapterTypeName="Microsoft.VisualStudio.TestTools.TestTypes.Unit.UnitTestAdapter, Microsoft.VisualStudio.QualityTools.Tips.UnitTest.Adapter, Version=9.0.0.0, Culture=neutral, PublicKeyToken=b03f5f7f11d50a3a" className="Test.SQLiteTest, Test" name="String_Substring1" />
    </UnitTest>
    <UnitTest name="String_ToUpper2" storage="d:\alinq\source\trunk\test\bin\debug\test.dll" id="e38c6940-5ac1-490f-117e-48373e01d63f">
      <Css projectStructure="" iteration="" />
      <Owners>
        <Owner name="" />
      </Owners>
      <TestMethod codeBase="D:\ALinq\Source\Trunk\Test\bin\Debug\Test.dll" adapterTypeName="Microsoft.VisualStudio.TestTools.TestTypes.Unit.UnitTestAdapter, Microsoft.VisualStudio.QualityTools.Tips.UnitTest.Adapter, Version=9.0.0.0, Culture=neutral, PublicKeyToken=b03f5f7f11d50a3a" className="Test.SQL2005Test, Test" name="String_ToUpper2" />
    </UnitTest>
    <UnitTest name="DateTime_Subtract" storage="d:\alinq\source\trunk\test\bin\debug\test.dll" id="0e3dbaf2-2223-3438-80e7-b302ca57f497">
      <Css projectStructure="" iteration="" />
      <Owners>
        <Owner name="" />
      </Owners>
      <TestMethod codeBase="D:\ALinq\Source\Trunk\Test\bin\Debug\Test.dll" adapterTypeName="Microsoft.VisualStudio.TestTools.TestTypes.Unit.UnitTestAdapter, Microsoft.VisualStudio.QualityTools.Tips.UnitTest.Adapter, Version=9.0.0.0, Culture=neutral, PublicKeyToken=b03f5f7f11d50a3a" className="Test.FirebirdTest, Test" name="DateTime_Subtract" />
    </UnitTest>
    <UnitTest name="GroupBy_Select" storage="d:\alinq\source\trunk\test\bin\debug\test.dll" id="bf6267c2-8b4e-9412-fd06-3942cf41f2c6">
      <Css projectStructure="" iteration="" />
      <Owners>
        <Owner name="" />
      </Owners>
      <TestMethod codeBase="D:\ALinq\Source\Trunk\Test\bin\Debug\Test.dll" adapterTypeName="Microsoft.VisualStudio.TestTools.TestTypes.Unit.UnitTestAdapter, Microsoft.VisualStudio.QualityTools.Tips.UnitTest.Adapter, Version=9.0.0.0, Culture=neutral, PublicKeyToken=b03f5f7f11d50a3a" className="Test.SQL2000Test, Test" name="GroupBy_Select" />
    </UnitTest>
    <UnitTest name="Take_Simple" storage="d:\alinq\source\trunk\test\bin\debug\test.dll" id="db6c75fc-da79-8282-f4bb-84fd7dc17039">
      <Css projectStructure="" iteration="" />
      <Owners>
        <Owner name="" />
      </Owners>
      <TestMethod codeBase="D:\ALinq\Source\Trunk\Test\bin\Debug\Test.dll" adapterTypeName="Microsoft.VisualStudio.TestTools.TestTypes.Unit.UnitTestAdapter, Microsoft.VisualStudio.QualityTools.Tips.UnitTest.Adapter, Version=9.0.0.0, Culture=neutral, PublicKeyToken=b03f5f7f11d50a3a" className="Test.DB2Test, Test" name="Take_Simple" />
    </UnitTest>
    <UnitTest name="String_IndexOf1" storage="d:\alinq\source\trunk\test\bin\debug\test.dll" id="eb7018ae-56eb-1631-884c-caa55ec059f8">
      <Css projectStructure="" iteration="" />
      <Owners>
        <Owner name="" />
      </Owners>
      <TestMethod codeBase="D:\ALinq\Source\Trunk\Test\bin\Debug\Test.dll" adapterTypeName="Microsoft.VisualStudio.TestTools.TestTypes.Unit.UnitTestAdapter, Microsoft.VisualStudio.QualityTools.Tips.UnitTest.Adapter, Version=9.0.0.0, Culture=neutral, PublicKeyToken=b03f5f7f11d50a3a" className="Test.PgsqlTest, Test" name="String_IndexOf1" />
    </UnitTest>
    <UnitTest name="Convert_ToSingle" storage="d:\alinq\source\trunk\test\bin\debug\test.dll" id="00c6c10c-a72b-b546-84b8-4f85c57c8258">
      <Css projectStructure="" iteration="" />
      <Owners>
        <Owner name="" />
      </Owners>
      <TestMethod codeBase="D:\ALinq\Source\Trunk\Test\bin\Debug\Test.dll" adapterTypeName="Microsoft.VisualStudio.TestTools.TestTypes.Unit.UnitTestAdapter, Microsoft.VisualStudio.QualityTools.Tips.UnitTest.Adapter, Version=9.0.0.0, Culture=neutral, PublicKeyToken=b03f5f7f11d50a3a" className="Test.FirebirdTest, Test" name="Convert_ToSingle" />
    </UnitTest>
    <UnitTest name="Skip_Nested" storage="d:\alinq\source\trunk\test\bin\debug\test.dll" id="1a0fd561-1c32-dbbf-ce4b-8c14542c0d05">
      <Css projectStructure="" iteration="" />
      <Owners>
        <Owner name="" />
      </Owners>
      <TestMethod codeBase="D:\ALinq\Source\Trunk\Test\bin\Debug\Test.dll" adapterTypeName="Microsoft.VisualStudio.TestTools.TestTypes.Unit.UnitTestAdapter, Microsoft.VisualStudio.QualityTools.Tips.UnitTest.Adapter, Version=9.0.0.0, Culture=neutral, PublicKeyToken=b03f5f7f11d50a3a" className="Test.FirebirdTest, Test" name="Skip_Nested" />
    </UnitTest>
    <UnitTest name="CRUD_Update4" storage="d:\alinq\source\trunk\test\bin\debug\test.dll" id="844e9e59-1585-c461-94f7-b43dbe6bb96a">
      <Css projectStructure="" iteration="" />
      <Owners>
        <Owner name="" />
      </Owners>
      <TestMethod codeBase="D:\ALinq\Source\Trunk\Test\bin\Debug\Test.dll" adapterTypeName="Microsoft.VisualStudio.TestTools.TestTypes.Unit.UnitTestAdapter, Microsoft.VisualStudio.QualityTools.Tips.UnitTest.Adapter, Version=9.0.0.0, Culture=neutral, PublicKeyToken=b03f5f7f11d50a3a" className="Test.NorOracleTest, Test" name="CRUD_Update4" />
    </UnitTest>
    <UnitTest name="Join_TowWay" storage="d:\alinq\source\trunk\test\bin\debug\test.dll" id="b7901133-bd34-7a83-1d47-e876e94086f2">
      <Css projectStructure="" iteration="" />
      <Owners>
        <Owner name="" />
      </Owners>
      <TestMethod codeBase="D:\ALinq\Source\Trunk\Test\bin\Debug\Test.dll" adapterTypeName="Microsoft.VisualStudio.TestTools.TestTypes.Unit.UnitTestAdapter, Microsoft.VisualStudio.QualityTools.Tips.UnitTest.Adapter, Version=9.0.0.0, Culture=neutral, PublicKeyToken=b03f5f7f11d50a3a" className="Test.SQL2000Test, Test" name="Join_TowWay" />
    </UnitTest>
    <UnitTest name="StoreAndReuseQuery" storage="d:\alinq\source\trunk\test\bin\debug\test.dll" id="000ee80b-ccd3-e075-cde4-8c898c098ddb">
      <Css projectStructure="" iteration="" />
      <Owners>
        <Owner name="" />
      </Owners>
      <TestMethod codeBase="D:\ALinq\Source\Trunk\Test\bin\Debug\Test.dll" adapterTypeName="Microsoft.VisualStudio.TestTools.TestTypes.Unit.UnitTestAdapter, Microsoft.VisualStudio.QualityTools.Tips.UnitTest.Adapter, Version=9.0.0.0, Culture=neutral, PublicKeyToken=b03f5f7f11d50a3a" className="Test.AccessTest, Test" name="StoreAndReuseQuery" />
    </UnitTest>
    <UnitTest name="Math_Sinh" storage="d:\alinq\source\trunk\test\bin\debug\test.dll" id="739d063f-4f3d-cd06-b19e-ea1bccd21851">
      <Css projectStructure="" iteration="" />
      <Owners>
        <Owner name="" />
      </Owners>
      <TestMethod codeBase="D:\ALinq\Source\Trunk\Test\bin\Debug\Test.dll" adapterTypeName="Microsoft.VisualStudio.TestTools.TestTypes.Unit.UnitTestAdapter, Microsoft.VisualStudio.QualityTools.Tips.UnitTest.Adapter, Version=9.0.0.0, Culture=neutral, PublicKeyToken=b03f5f7f11d50a3a" className="Test.OdpOracleTest, Test" name="Math_Sinh" />
    </UnitTest>
    <UnitTest name="SqlMethod_Remote" storage="d:\alinq\source\trunk\test\bin\debug\test.dll" id="ed9beafe-b8ea-911b-cdd5-8f4714e68b6e">
      <Css projectStructure="" iteration="" />
      <Owners>
        <Owner name="" />
      </Owners>
      <TestMethod codeBase="D:\ALinq\Source\Trunk\Test\bin\Debug\Test.dll" adapterTypeName="Microsoft.VisualStudio.TestTools.TestTypes.Unit.UnitTestAdapter, Microsoft.VisualStudio.QualityTools.Tips.UnitTest.Adapter, Version=9.0.0.0, Culture=neutral, PublicKeyToken=b03f5f7f11d50a3a" className="Test.SQL2005Test, Test" name="SqlMethod_Remote" />
    </UnitTest>
    <UnitTest name="Max_Projection" storage="d:\alinq\source\trunk\test\bin\debug\test.dll" id="7d12f57e-56c4-8f17-8ce2-73bc8a8fe7a3">
      <Css projectStructure="" iteration="" />
      <Owners>
        <Owner name="" />
      </Owners>
      <TestMethod codeBase="D:\ALinq\Source\Trunk\Test\bin\Debug\Test.dll" adapterTypeName="Microsoft.VisualStudio.TestTools.TestTypes.Unit.UnitTestAdapter, Microsoft.VisualStudio.QualityTools.Tips.UnitTest.Adapter, Version=9.0.0.0, Culture=neutral, PublicKeyToken=b03f5f7f11d50a3a" className="Test.AccessTest, Test" name="Max_Projection" />
    </UnitTest>
    <UnitTest name="String_Equals2" storage="d:\alinq\source\trunk\test\bin\debug\test.dll" id="48cabb4a-d7ce-d709-b355-b5c0dad86238">
      <Css projectStructure="" iteration="" />
      <Owners>
        <Owner name="" />
      </Owners>
      <TestMethod codeBase="D:\ALinq\Source\Trunk\Test\bin\Debug\Test.dll" adapterTypeName="Microsoft.VisualStudio.TestTools.TestTypes.Unit.UnitTestAdapter, Microsoft.VisualStudio.QualityTools.Tips.UnitTest.Adapter, Version=9.0.0.0, Culture=neutral, PublicKeyToken=b03f5f7f11d50a3a" className="Test.OdpOracleTest, Test" name="String_Equals2" />
    </UnitTest>
    <UnitTest name="DateTime_Second" storage="d:\alinq\source\trunk\test\bin\debug\test.dll" id="088bc471-3340-0dea-e1ff-ad668953be7d">
      <Css projectStructure="" iteration="" />
      <Owners>
        <Owner name="" />
      </Owners>
      <TestMethod codeBase="D:\ALinq\Source\Trunk\Test\bin\Debug\Test.dll" adapterTypeName="Microsoft.VisualStudio.TestTools.TestTypes.Unit.UnitTestAdapter, Microsoft.VisualStudio.QualityTools.Tips.UnitTest.Adapter, Version=9.0.0.0, Culture=neutral, PublicKeyToken=b03f5f7f11d50a3a" className="Test.SQLiteTest, Test" name="DateTime_Second" />
    </UnitTest>
    <UnitTest name="Sum_Projection" storage="d:\alinq\source\trunk\test\bin\debug\test.dll" id="95db23e3-3ec0-9b30-a01e-bece86995918">
      <Css projectStructure="" iteration="" />
      <Owners>
        <Owner name="" />
      </Owners>
      <TestMethod codeBase="D:\ALinq\Source\Trunk\Test\bin\Debug\Test.dll" adapterTypeName="Microsoft.VisualStudio.TestTools.TestTypes.Unit.UnitTestAdapter, Microsoft.VisualStudio.QualityTools.Tips.UnitTest.Adapter, Version=9.0.0.0, Culture=neutral, PublicKeyToken=b03f5f7f11d50a3a" className="Test.SQL2005Test, Test" name="Sum_Projection" />
    </UnitTest>
    <UnitTest name="Union" storage="d:\alinq\source\trunk\test\bin\debug\test.dll" id="1a076ecd-0aba-d660-1bed-b7df190e642f">
      <Css projectStructure="" iteration="" />
      <Owners>
        <Owner name="" />
      </Owners>
      <TestMethod codeBase="D:\ALinq\Source\Trunk\Test\bin\Debug\Test.dll" adapterTypeName="Microsoft.VisualStudio.TestTools.TestTypes.Unit.UnitTestAdapter, Microsoft.VisualStudio.QualityTools.Tips.UnitTest.Adapter, Version=9.0.0.0, Culture=neutral, PublicKeyToken=b03f5f7f11d50a3a" className="Test.FirebirdTest, Test" name="Union" />
    </UnitTest>
    <UnitTest name="Math_Min" storage="d:\alinq\source\trunk\test\bin\debug\test.dll" id="37f2fe2e-4149-eda7-57da-2259a33fbf50">
      <Css projectStructure="" iteration="" />
      <Owners>
        <Owner name="" />
      </Owners>
      <TestMethod codeBase="D:\ALinq\Source\Trunk\Test\bin\Debug\Test.dll" adapterTypeName="Microsoft.VisualStudio.TestTools.TestTypes.Unit.UnitTestAdapter, Microsoft.VisualStudio.QualityTools.Tips.UnitTest.Adapter, Version=9.0.0.0, Culture=neutral, PublicKeyToken=b03f5f7f11d50a3a" className="Test.SQLiteTest, Test" name="Math_Min" />
    </UnitTest>
    <UnitTest name="FirstOrDefault" storage="d:\alinq\source\trunk\test\bin\debug\test.dll" id="2242d400-7cea-0d2b-38be-cf408facd3b2">
      <Css projectStructure="" iteration="" />
      <Owners>
        <Owner name="" />
      </Owners>
      <TestMethod codeBase="D:\ALinq\Source\Trunk\Test\bin\Debug\Test.dll" adapterTypeName="Microsoft.VisualStudio.TestTools.TestTypes.Unit.UnitTestAdapter, Microsoft.VisualStudio.QualityTools.Tips.UnitTest.Adapter, Version=9.0.0.0, Culture=neutral, PublicKeyToken=b03f5f7f11d50a3a" className="Test.SQLiteTest, Test" name="FirstOrDefault" />
    </UnitTest>
    <UnitTest name="Any_Simple" storage="d:\alinq\source\trunk\test\bin\debug\test.dll" id="6b9381d5-832a-5fc4-8f58-39d1dbc12ab2">
      <Css projectStructure="" iteration="" />
      <Owners>
        <Owner name="" />
      </Owners>
      <TestMethod codeBase="D:\ALinq\Source\Trunk\Test\bin\Debug\Test.dll" adapterTypeName="Microsoft.VisualStudio.TestTools.TestTypes.Unit.UnitTestAdapter, Microsoft.VisualStudio.QualityTools.Tips.UnitTest.Adapter, Version=9.0.0.0, Culture=neutral, PublicKeyToken=b03f5f7f11d50a3a" className="Test.OdpOracleTest, Test" name="Any_Simple" />
    </UnitTest>
    <UnitTest name="ParseSqlDataType" storage="d:\alinq\source\trunk\test\bin\debug\test.dll" id="482e252f-ad62-249d-2c8a-e4eac06451d6">
      <Css projectStructure="" iteration="" />
      <Owners>
        <Owner name="" />
      </Owners>
      <TestMethod codeBase="D:\ALinq\Source\Trunk\Test\bin\Debug\Test.dll" adapterTypeName="Microsoft.VisualStudio.TestTools.TestTypes.Unit.UnitTestAdapter, Microsoft.VisualStudio.QualityTools.Tips.UnitTest.Adapter, Version=9.0.0.0, Culture=neutral, PublicKeyToken=b03f5f7f11d50a3a" className="Test.OdpOracleDataTypeProviderTest, Test" name="ParseSqlDataType" />
    </UnitTest>
    <UnitTest name="Inherit" storage="d:\alinq\source\trunk\test\bin\debug\test.dll" id="e25002bb-3218-219d-ae84-f5b3fab00bd7">
      <Css projectStructure="" iteration="" />
      <Owners>
        <Owner name="" />
      </Owners>
      <TestMethod codeBase="D:\ALinq\Source\Trunk\Test\bin\Debug\Test.dll" adapterTypeName="Microsoft.VisualStudio.TestTools.TestTypes.Unit.UnitTestAdapter, Microsoft.VisualStudio.QualityTools.Tips.UnitTest.Adapter, Version=9.0.0.0, Culture=neutral, PublicKeyToken=b03f5f7f11d50a3a" className="Test.FirebirdTest, Test" name="Inherit" />
    </UnitTest>
    <UnitTest name="DateTimeLE" storage="d:\alinq\source\trunk\test\bin\debug\test.dll" id="283bb587-9e4e-fc9f-09d4-1dd6c1e67939">
      <Css projectStructure="" iteration="" />
      <Owners>
        <Owner name="" />
      </Owners>
      <TestMethod codeBase="D:\ALinq\Source\Trunk\Test\bin\Debug\Test.dll" adapterTypeName="Microsoft.VisualStudio.TestTools.TestTypes.Unit.UnitTestAdapter, Microsoft.VisualStudio.QualityTools.Tips.UnitTest.Adapter, Version=9.0.0.0, Culture=neutral, PublicKeyToken=b03f5f7f11d50a3a" className="Test.FirebirdTest, Test" name="DateTimeLE" />
    </UnitTest>
    <UnitTest name="SqlMethod_Len" storage="d:\alinq\source\trunk\test\bin\debug\test.dll" id="eb463a1e-ecf1-4187-93dd-659dad1d52b9">
      <Css projectStructure="" iteration="" />
      <Owners>
        <Owner name="" />
      </Owners>
      <TestMethod codeBase="D:\ALinq\Source\Trunk\Test\bin\Debug\Test.dll" adapterTypeName="Microsoft.VisualStudio.TestTools.TestTypes.Unit.UnitTestAdapter, Microsoft.VisualStudio.QualityTools.Tips.UnitTest.Adapter, Version=9.0.0.0, Culture=neutral, PublicKeyToken=b03f5f7f11d50a3a" className="Test.SQL2000Test, Test" name="SqlMethod_Len" />
    </UnitTest>
    <UnitTest name="Command" storage="d:\alinq\source\trunk\test\bin\debug\test.dll" id="8648e2b7-97db-7718-2de9-41dbdaa8e67d">
      <Css projectStructure="" iteration="" />
      <Owners>
        <Owner name="" />
      </Owners>
      <TestMethod codeBase="D:\ALinq\Source\Trunk\Test\bin\Debug\Test.dll" adapterTypeName="Microsoft.VisualStudio.TestTools.TestTypes.Unit.UnitTestAdapter, Microsoft.VisualStudio.QualityTools.Tips.UnitTest.Adapter, Version=9.0.0.0, Culture=neutral, PublicKeyToken=b03f5f7f11d50a3a" className="Test.SQL2000Test, Test" name="Command" />
    </UnitTest>
    <UnitTest name="Math_Sign" storage="d:\alinq\source\trunk\test\bin\debug\test.dll" id="11eccfa8-64a1-6f47-f2d3-550dec706fa8">
      <Css projectStructure="" iteration="" />
      <Owners>
        <Owner name="" />
      </Owners>
      <TestMethod codeBase="D:\ALinq\Source\Trunk\Test\bin\Debug\Test.dll" adapterTypeName="Microsoft.VisualStudio.TestTools.TestTypes.Unit.UnitTestAdapter, Microsoft.VisualStudio.QualityTools.Tips.UnitTest.Adapter, Version=9.0.0.0, Culture=neutral, PublicKeyToken=b03f5f7f11d50a3a" className="Test.MySqlTest, Test" name="Math_Sign" />
    </UnitTest>
    <UnitTest name="String_ToUpper1" storage="d:\alinq\source\trunk\test\bin\debug\test.dll" id="984eb002-b9c0-316a-dfb4-117c51dab58a">
      <Css projectStructure="" iteration="" />
      <Owners>
        <Owner name="" />
      </Owners>
      <TestMethod codeBase="D:\ALinq\Source\Trunk\Test\bin\Debug\Test.dll" adapterTypeName="Microsoft.VisualStudio.TestTools.TestTypes.Unit.UnitTestAdapter, Microsoft.VisualStudio.QualityTools.Tips.UnitTest.Adapter, Version=9.0.0.0, Culture=neutral, PublicKeyToken=b03f5f7f11d50a3a" className="Test.AccessTest, Test" name="String_ToUpper1" />
    </UnitTest>
    <UnitTest name="String_ToLower1" storage="d:\alinq\source\trunk\test\bin\debug\test.dll" id="a411b2cd-bab5-65e6-8ce0-a1d7e2ec6a8f">
      <Css projectStructure="" iteration="" />
      <Owners>
        <Owner name="" />
      </Owners>
      <TestMethod codeBase="D:\ALinq\Source\Trunk\Test\bin\Debug\Test.dll" adapterTypeName="Microsoft.VisualStudio.TestTools.TestTypes.Unit.UnitTestAdapter, Microsoft.VisualStudio.QualityTools.Tips.UnitTest.Adapter, Version=9.0.0.0, Culture=neutral, PublicKeyToken=b03f5f7f11d50a3a" className="Test.DB2Test, Test" name="String_ToLower1" />
    </UnitTest>
    <UnitTest name="String_Clone" storage="d:\alinq\source\trunk\test\bin\debug\test.dll" id="365c948a-ae24-c1b0-5f37-02df78b3a3e6">
      <Css projectStructure="" iteration="" />
      <Owners>
        <Owner name="" />
      </Owners>
      <TestMethod codeBase="D:\ALinq\Source\Trunk\Test\bin\Debug\Test.dll" adapterTypeName="Microsoft.VisualStudio.TestTools.TestTypes.Unit.UnitTestAdapter, Microsoft.VisualStudio.QualityTools.Tips.UnitTest.Adapter, Version=9.0.0.0, Culture=neutral, PublicKeyToken=b03f5f7f11d50a3a" className="Test.SQL2005Test, Test" name="String_Clone" />
    </UnitTest>
    <UnitTest name="Avg_Emelents" storage="d:\alinq\source\trunk\test\bin\debug\test.dll" id="d43d0f80-b9ca-3d1e-1f6b-0f1ff14d829f">
      <Css projectStructure="" iteration="" />
      <Owners>
        <Owner name="" />
      </Owners>
      <TestMethod codeBase="D:\ALinq\Source\Trunk\Test\bin\Debug\Test.dll" adapterTypeName="Microsoft.VisualStudio.TestTools.TestTypes.Unit.UnitTestAdapter, Microsoft.VisualStudio.QualityTools.Tips.UnitTest.Adapter, Version=9.0.0.0, Culture=neutral, PublicKeyToken=b03f5f7f11d50a3a" className="Test.MySqlTest, Test" name="Avg_Emelents" />
    </UnitTest>
    <UnitTest name="GroupBy_Select" storage="d:\alinq\source\trunk\test\bin\debug\test.dll" id="19bbb189-58db-234d-9652-8d94e5f5275a">
      <Css projectStructure="" iteration="" />
      <Owners>
        <Owner name="" />
      </Owners>
      <TestMethod codeBase="D:\ALinq\Source\Trunk\Test\bin\Debug\Test.dll" adapterTypeName="Microsoft.VisualStudio.TestTools.TestTypes.Unit.UnitTestAdapter, Microsoft.VisualStudio.QualityTools.Tips.UnitTest.Adapter, Version=9.0.0.0, Culture=neutral, PublicKeyToken=b03f5f7f11d50a3a" className="Test.PgsqlTest, Test" name="GroupBy_Select" />
    </UnitTest>
    <UnitTest name="Except" storage="d:\alinq\source\trunk\test\bin\debug\test.dll" id="a3cce689-bad8-9172-a673-6ba86cbd9462">
      <Css projectStructure="" iteration="" />
      <Owners>
        <Owner name="" />
      </Owners>
      <TestMethod codeBase="D:\ALinq\Source\Trunk\Test\bin\Debug\Test.dll" adapterTypeName="Microsoft.VisualStudio.TestTools.TestTypes.Unit.UnitTestAdapter, Microsoft.VisualStudio.QualityTools.Tips.UnitTest.Adapter, Version=9.0.0.0, Culture=neutral, PublicKeyToken=b03f5f7f11d50a3a" className="Test.FirebirdTest, Test" name="Except" />
    </UnitTest>
    <UnitTest name="All_Simple" storage="d:\alinq\source\trunk\test\bin\debug\test.dll" id="c03c8ae2-afd7-bdf7-ba2d-aef0c02de6cf">
      <Css projectStructure="" iteration="" />
      <Owners>
        <Owner name="" />
      </Owners>
      <TestMethod codeBase="D:\ALinq\Source\Trunk\Test\bin\Debug\Test.dll" adapterTypeName="Microsoft.VisualStudio.TestTools.TestTypes.Unit.UnitTestAdapter, Microsoft.VisualStudio.QualityTools.Tips.UnitTest.Adapter, Version=9.0.0.0, Culture=neutral, PublicKeyToken=b03f5f7f11d50a3a" className="Test.SQL2000Test, Test" name="All_Simple" />
    </UnitTest>
    <UnitTest name="Like" storage="d:\alinq\source\trunk\test\bin\debug\test.dll" id="b4b54d50-f420-b14c-8c54-45a6ac876ed7">
      <Css projectStructure="" iteration="" />
      <Owners>
        <Owner name="" />
      </Owners>
      <TestMethod codeBase="D:\ALinq\Source\Trunk\Test\bin\Debug\Test.dll" adapterTypeName="Microsoft.VisualStudio.TestTools.TestTypes.Unit.UnitTestAdapter, Microsoft.VisualStudio.QualityTools.Tips.UnitTest.Adapter, Version=9.0.0.0, Culture=neutral, PublicKeyToken=b03f5f7f11d50a3a" className="Test.FirebirdTest, Test" name="Like" />
    </UnitTest>
    <UnitTest name="Test1" storage="d:\alinq\source\trunk\test\bin\debug\test.dll" id="b1432b44-3871-4d51-3540-8d1cb018c6ed">
      <Css projectStructure="" iteration="" />
      <Owners>
        <Owner name="" />
      </Owners>
      <TestMethod codeBase="D:\ALinq\Source\Trunk\Test\bin\Debug\Test.dll" adapterTypeName="Microsoft.VisualStudio.TestTools.TestTypes.Unit.UnitTestAdapter, Microsoft.VisualStudio.QualityTools.Tips.UnitTest.Adapter, Version=9.0.0.0, Culture=neutral, PublicKeyToken=b03f5f7f11d50a3a" className="Test.PgsqlTest, Test" name="Test1" />
    </UnitTest>
    <UnitTest name="StringToLower" storage="d:\alinq\source\trunk\test\bin\debug\test.dll" id="ea265e5b-80cd-1259-4b0b-5f91351a58e4">
      <Css projectStructure="" iteration="" />
      <Owners>
        <Owner name="" />
      </Owners>
      <TestMethod codeBase="D:\ALinq\Source\Trunk\Test\bin\Debug\Test.dll" adapterTypeName="Microsoft.VisualStudio.TestTools.TestTypes.Unit.UnitTestAdapter, Microsoft.VisualStudio.QualityTools.Tips.UnitTest.Adapter, Version=9.0.0.0, Culture=neutral, PublicKeyToken=b03f5f7f11d50a3a" className="Test.MySqlTest, Test" name="StringToLower" />
    </UnitTest>
    <UnitTest name="CRUD_Update4" storage="d:\alinq\source\trunk\test\bin\debug\test.dll" id="bb2dd81c-c7f1-1346-dba9-90a0c150eafc">
      <Css projectStructure="" iteration="" />
      <Owners>
        <Owner name="" />
      </Owners>
      <TestMethod codeBase="D:\ALinq\Source\Trunk\Test\bin\Debug\Test.dll" adapterTypeName="Microsoft.VisualStudio.TestTools.TestTypes.Unit.UnitTestAdapter, Microsoft.VisualStudio.QualityTools.Tips.UnitTest.Adapter, Version=9.0.0.0, Culture=neutral, PublicKeyToken=b03f5f7f11d50a3a" className="Test.OdpOracleTest, Test" name="CRUD_Update4" />
    </UnitTest>
    <UnitTest name="CRUD_Insert1" storage="d:\alinq\source\trunk\test\bin\debug\test.dll" id="9a43eb14-cd62-89c4-60af-c0903f7728fa">
      <Css projectStructure="" iteration="" />
      <Owners>
        <Owner name="" />
      </Owners>
      <TestMethod codeBase="D:\ALinq\Source\Trunk\Test\bin\Debug\Test.dll" adapterTypeName="Microsoft.VisualStudio.TestTools.TestTypes.Unit.UnitTestAdapter, Microsoft.VisualStudio.QualityTools.Tips.UnitTest.Adapter, Version=9.0.0.0, Culture=neutral, PublicKeyToken=b03f5f7f11d50a3a" className="Test.SQLiteTest, Test" name="CRUD_Insert1" />
    </UnitTest>
    <UnitTest name="Min_Elements" storage="d:\alinq\source\trunk\test\bin\debug\test.dll" id="8e43872b-4d07-5c2b-ec10-798e1f99f5f2">
      <Css projectStructure="" iteration="" />
      <Owners>
        <Owner name="" />
      </Owners>
      <TestMethod codeBase="D:\ALinq\Source\Trunk\Test\bin\Debug\Test.dll" adapterTypeName="Microsoft.VisualStudio.TestTools.TestTypes.Unit.UnitTestAdapter, Microsoft.VisualStudio.QualityTools.Tips.UnitTest.Adapter, Version=9.0.0.0, Culture=neutral, PublicKeyToken=b03f5f7f11d50a3a" className="Test.NorOracleTest, Test" name="Min_Elements" />
    </UnitTest>
    <UnitTest name="DateTime_ToLoaclTime" storage="d:\alinq\source\trunk\test\bin\debug\test.dll" id="30b3c17d-fae3-bdc8-d42a-93fb80ebb366">
      <Css projectStructure="" iteration="" />
      <Owners>
        <Owner name="" />
      </Owners>
      <TestMethod codeBase="D:\ALinq\Source\Trunk\Test\bin\Debug\Test.dll" adapterTypeName="Microsoft.VisualStudio.TestTools.TestTypes.Unit.UnitTestAdapter, Microsoft.VisualStudio.QualityTools.Tips.UnitTest.Adapter, Version=9.0.0.0, Culture=neutral, PublicKeyToken=b03f5f7f11d50a3a" className="Test.SqlTest, Test" name="DateTime_ToLoaclTime" />
    </UnitTest>
    <UnitTest name="Convert_ToSByte" storage="d:\alinq\source\trunk\test\bin\debug\test.dll" id="0ac1d98b-0ff3-2c1c-5ebf-61cd1948d2c2">
      <Css projectStructure="" iteration="" />
      <Owners>
        <Owner name="" />
      </Owners>
      <TestMethod codeBase="D:\ALinq\Source\Trunk\Test\bin\Debug\Test.dll" adapterTypeName="Microsoft.VisualStudio.TestTools.TestTypes.Unit.UnitTestAdapter, Microsoft.VisualStudio.QualityTools.Tips.UnitTest.Adapter, Version=9.0.0.0, Culture=neutral, PublicKeyToken=b03f5f7f11d50a3a" className="Test.SQL2000Test, Test" name="Convert_ToSByte" />
    </UnitTest>
    <UnitTest name="IfEqualTest" storage="d:\alinq\source\trunk\test\bin\debug\test.dll" id="f26f04ab-b9df-9393-c3f2-baf97db05c58">
      <Css projectStructure="" iteration="" />
      <Owners>
        <Owner name="" />
      </Owners>
      <TestMethod codeBase="D:\ALinq\Source\Trunk\Test\bin\Debug\Test.dll" adapterTypeName="Microsoft.VisualStudio.TestTools.TestTypes.Unit.UnitTestAdapter, Microsoft.VisualStudio.QualityTools.Tips.UnitTest.Adapter, Version=9.0.0.0, Culture=neutral, PublicKeyToken=b03f5f7f11d50a3a" className="Test.NorOracleTest, Test" name="IfEqualTest" />
    </UnitTest>
    <UnitTest name="DateTime_DayOfWeek" storage="d:\alinq\source\trunk\test\bin\debug\test.dll" id="f2de044a-2c0e-8222-f682-36bfe523783e">
      <Css projectStructure="" iteration="" />
      <Owners>
        <Owner name="" />
      </Owners>
      <TestMethod codeBase="D:\ALinq\Source\Trunk\Test\bin\Debug\Test.dll" adapterTypeName="Microsoft.VisualStudio.TestTools.TestTypes.Unit.UnitTestAdapter, Microsoft.VisualStudio.QualityTools.Tips.UnitTest.Adapter, Version=9.0.0.0, Culture=neutral, PublicKeyToken=b03f5f7f11d50a3a" className="Test.OdpOracleTest, Test" name="DateTime_DayOfWeek" />
    </UnitTest>
    <UnitTest name="String_Char" storage="d:\alinq\source\trunk\test\bin\debug\test.dll" id="35ced8a8-4aab-2ffc-da2a-322b3d669b9e">
      <Css projectStructure="" iteration="" />
      <Owners>
        <Owner name="" />
      </Owners>
      <TestMethod codeBase="D:\ALinq\Source\Trunk\Test\bin\Debug\Test.dll" adapterTypeName="Microsoft.VisualStudio.TestTools.TestTypes.Unit.UnitTestAdapter, Microsoft.VisualStudio.QualityTools.Tips.UnitTest.Adapter, Version=9.0.0.0, Culture=neutral, PublicKeyToken=b03f5f7f11d50a3a" className="Test.SQLiteTest, Test" name="String_Char" />
    </UnitTest>
    <UnitTest name="Test2" storage="d:\alinq\source\trunk\test\bin\debug\test.dll" id="68dd71f7-1e67-e58b-3f41-c6716763e285">
      <Css projectStructure="" iteration="" />
      <Owners>
        <Owner name="" />
      </Owners>
      <TestMethod codeBase="D:\ALinq\Source\Trunk\Test\bin\Debug\Test.dll" adapterTypeName="Microsoft.VisualStudio.TestTools.TestTypes.Unit.UnitTestAdapter, Microsoft.VisualStudio.QualityTools.Tips.UnitTest.Adapter, Version=9.0.0.0, Culture=neutral, PublicKeyToken=b03f5f7f11d50a3a" className="Test.SQLiteTest, Test" name="Test2" />
    </UnitTest>
    <UnitTest name="String_Contains" storage="d:\alinq\source\trunk\test\bin\debug\test.dll" id="23128f34-0d9d-a570-c552-8fa2ab81800b">
      <Css projectStructure="" iteration="" />
      <Owners>
        <Owner name="" />
      </Owners>
      <TestMethod codeBase="D:\ALinq\Source\Trunk\Test\bin\Debug\Test.dll" adapterTypeName="Microsoft.VisualStudio.TestTools.TestTypes.Unit.UnitTestAdapter, Microsoft.VisualStudio.QualityTools.Tips.UnitTest.Adapter, Version=9.0.0.0, Culture=neutral, PublicKeyToken=b03f5f7f11d50a3a" className="Test.SQL2000Test, Test" name="String_Contains" />
    </UnitTest>
    <UnitTest name="DateTime_Day" storage="d:\alinq\source\trunk\test\bin\debug\test.dll" id="fd13e3a0-0925-82c7-b18d-1fd71ca32a34">
      <Css projectStructure="" iteration="" />
      <Owners>
        <Owner name="" />
      </Owners>
      <TestMethod codeBase="D:\ALinq\Source\Trunk\Test\bin\Debug\Test.dll" adapterTypeName="Microsoft.VisualStudio.TestTools.TestTypes.Unit.UnitTestAdapter, Microsoft.VisualStudio.QualityTools.Tips.UnitTest.Adapter, Version=9.0.0.0, Culture=neutral, PublicKeyToken=b03f5f7f11d50a3a" className="Test.PgsqlTest, Test" name="DateTime_Day" />
    </UnitTest>
    <UnitTest name="GroupByCount" storage="d:\alinq\source\trunk\test\bin\debug\test.dll" id="e79d074f-7beb-3221-780d-1d000b684cef">
      <Css projectStructure="" iteration="" />
      <Owners>
        <Owner name="" />
      </Owners>
      <TestMethod codeBase="D:\ALinq\Source\Trunk\Test\bin\Debug\Test.dll" adapterTypeName="Microsoft.VisualStudio.TestTools.TestTypes.Unit.UnitTestAdapter, Microsoft.VisualStudio.QualityTools.Tips.UnitTest.Adapter, Version=9.0.0.0, Culture=neutral, PublicKeyToken=b03f5f7f11d50a3a" className="Test.PgsqlTest, Test" name="GroupByCount" />
    </UnitTest>
    <UnitTest name="StringSubstring" storage="d:\alinq\source\trunk\test\bin\debug\test.dll" id="d55d5862-0019-c8db-8fdd-6af0d6656f08">
      <Css projectStructure="" iteration="" />
      <Owners>
        <Owner name="" />
      </Owners>
      <TestMethod codeBase="D:\ALinq\Source\Trunk\Test\bin\Debug\Test.dll" adapterTypeName="Microsoft.VisualStudio.TestTools.TestTypes.Unit.UnitTestAdapter, Microsoft.VisualStudio.QualityTools.Tips.UnitTest.Adapter, Version=9.0.0.0, Culture=neutral, PublicKeyToken=b03f5f7f11d50a3a" className="Test.SQL2000Test, Test" name="StringSubstring" />
    </UnitTest>
    <UnitTest name="Math_Pow" storage="d:\alinq\source\trunk\test\bin\debug\test.dll" id="556b6fd3-6431-90c9-5508-f206094b6846">
      <Css projectStructure="" iteration="" />
      <Owners>
        <Owner name="" />
      </Owners>
      <TestMethod codeBase="D:\ALinq\Source\Trunk\Test\bin\Debug\Test.dll" adapterTypeName="Microsoft.VisualStudio.TestTools.TestTypes.Unit.UnitTestAdapter, Microsoft.VisualStudio.QualityTools.Tips.UnitTest.Adapter, Version=9.0.0.0, Culture=neutral, PublicKeyToken=b03f5f7f11d50a3a" className="Test.DB2Test, Test" name="Math_Pow" />
    </UnitTest>
    <UnitTest name="FirstOrDefault" storage="d:\alinq\source\trunk\test\bin\debug\test.dll" id="4b519aef-996c-dcd5-eb24-e17a12c2e217">
      <Css projectStructure="" iteration="" />
      <Owners>
        <Owner name="" />
      </Owners>
      <TestMethod codeBase="D:\ALinq\Source\Trunk\Test\bin\Debug\Test.dll" adapterTypeName="Microsoft.VisualStudio.TestTools.TestTypes.Unit.UnitTestAdapter, Microsoft.VisualStudio.QualityTools.Tips.UnitTest.Adapter, Version=9.0.0.0, Culture=neutral, PublicKeyToken=b03f5f7f11d50a3a" className="Test.SqlTest, Test" name="FirstOrDefault" />
    </UnitTest>
    <UnitTest name="Union" storage="d:\alinq\source\trunk\test\bin\debug\test.dll" id="a4d7662a-9660-8290-d1f3-f5fb8aacf25a">
      <Css projectStructure="" iteration="" />
      <Owners>
        <Owner name="" />
      </Owners>
      <TestMethod codeBase="D:\ALinq\Source\Trunk\Test\bin\Debug\Test.dll" adapterTypeName="Microsoft.VisualStudio.TestTools.TestTypes.Unit.UnitTestAdapter, Microsoft.VisualStudio.QualityTools.Tips.UnitTest.Adapter, Version=9.0.0.0, Culture=neutral, PublicKeyToken=b03f5f7f11d50a3a" className="Test.OdpOracleTest, Test" name="Union" />
    </UnitTest>
    <UnitTest name="SingleOrDefault" storage="d:\alinq\source\trunk\test\bin\debug\test.dll" id="a6d64893-241e-94fc-24b2-7ae0810a1eb9">
      <Css projectStructure="" iteration="" />
      <Owners>
        <Owner name="" />
      </Owners>
      <TestMethod codeBase="D:\ALinq\Source\Trunk\Test\bin\Debug\Test.dll" adapterTypeName="Microsoft.VisualStudio.TestTools.TestTypes.Unit.UnitTestAdapter, Microsoft.VisualStudio.QualityTools.Tips.UnitTest.Adapter, Version=9.0.0.0, Culture=neutral, PublicKeyToken=b03f5f7f11d50a3a" className="Test.PgsqlTest, Test" name="SingleOrDefault" />
    </UnitTest>
    <UnitTest name="Insert_OneToMany" storage="d:\alinq\source\trunk\test\bin\debug\test.dll" id="ef5a7c9a-164c-eabe-b4c6-4e9c3f2a4159">
      <Css projectStructure="" iteration="" />
      <Owners>
        <Owner name="" />
      </Owners>
      <TestMethod codeBase="D:\ALinq\Source\Trunk\Test\bin\Debug\Test.dll" adapterTypeName="Microsoft.VisualStudio.TestTools.TestTypes.Unit.UnitTestAdapter, Microsoft.VisualStudio.QualityTools.Tips.UnitTest.Adapter, Version=9.0.0.0, Culture=neutral, PublicKeyToken=b03f5f7f11d50a3a" className="Test.MySqlTest, Test" name="Insert_OneToMany" />
    </UnitTest>
    <UnitTest name="Avg_Projection" storage="d:\alinq\source\trunk\test\bin\debug\test.dll" id="0d8b2b26-e7db-fc3d-faf3-756a466195e7">
      <Css projectStructure="" iteration="" />
      <Owners>
        <Owner name="" />
      </Owners>
      <TestMethod codeBase="D:\ALinq\Source\Trunk\Test\bin\Debug\Test.dll" adapterTypeName="Microsoft.VisualStudio.TestTools.TestTypes.Unit.UnitTestAdapter, Microsoft.VisualStudio.QualityTools.Tips.UnitTest.Adapter, Version=9.0.0.0, Culture=neutral, PublicKeyToken=b03f5f7f11d50a3a" className="Test.SQL2000Test, Test" name="Avg_Projection" />
    </UnitTest>
    <UnitTest name="Delete_ManyToMany" storage="d:\alinq\source\trunk\test\bin\debug\test.dll" id="f897dcc3-2ca0-0711-2b48-d42c7bfafe12">
      <Css projectStructure="" iteration="" />
      <Owners>
        <Owner name="" />
      </Owners>
      <TestMethod codeBase="D:\ALinq\Source\Trunk\Test\bin\Debug\Test.dll" adapterTypeName="Microsoft.VisualStudio.TestTools.TestTypes.Unit.UnitTestAdapter, Microsoft.VisualStudio.QualityTools.Tips.UnitTest.Adapter, Version=9.0.0.0, Culture=neutral, PublicKeyToken=b03f5f7f11d50a3a" className="Test.SqlTest, Test" name="Delete_ManyToMany" />
    </UnitTest>
    <UnitTest name="Math_Exp" storage="d:\alinq\source\trunk\test\bin\debug\test.dll" id="55955f87-ea55-72a2-fcdc-20f152ea7047">
      <Css projectStructure="" iteration="" />
      <Owners>
        <Owner name="" />
      </Owners>
      <TestMethod codeBase="D:\ALinq\Source\Trunk\Test\bin\Debug\Test.dll" adapterTypeName="Microsoft.VisualStudio.TestTools.TestTypes.Unit.UnitTestAdapter, Microsoft.VisualStudio.QualityTools.Tips.UnitTest.Adapter, Version=9.0.0.0, Culture=neutral, PublicKeyToken=b03f5f7f11d50a3a" className="Test.MySqlTest, Test" name="Math_Exp" />
    </UnitTest>
    <UnitTest name="DateTime_Add" storage="d:\alinq\source\trunk\test\bin\debug\test.dll" id="4292b526-8116-2069-91d8-503c27d89db7">
      <Css projectStructure="" iteration="" />
      <Owners>
        <Owner name="" />
      </Owners>
      <TestMethod codeBase="D:\ALinq\Source\Trunk\Test\bin\Debug\Test.dll" adapterTypeName="Microsoft.VisualStudio.TestTools.TestTypes.Unit.UnitTestAdapter, Microsoft.VisualStudio.QualityTools.Tips.UnitTest.Adapter, Version=9.0.0.0, Culture=neutral, PublicKeyToken=b03f5f7f11d50a3a" className="Test.SQLiteTest, Test" name="DateTime_Add" />
    </UnitTest>
    <UnitTest name="SqlMethod_Len" storage="d:\alinq\source\trunk\test\bin\debug\test.dll" id="0f1fa5ba-ad1d-fdb1-e104-eecf23acdbc6">
      <Css projectStructure="" iteration="" />
      <Owners>
        <Owner name="" />
      </Owners>
      <TestMethod codeBase="D:\ALinq\Source\Trunk\Test\bin\Debug\Test.dll" adapterTypeName="Microsoft.VisualStudio.TestTools.TestTypes.Unit.UnitTestAdapter, Microsoft.VisualStudio.QualityTools.Tips.UnitTest.Adapter, Version=9.0.0.0, Culture=neutral, PublicKeyToken=b03f5f7f11d50a3a" className="Test.SQLiteTest, Test" name="SqlMethod_Len" />
    </UnitTest>
    <UnitTest name="Math_Log" storage="d:\alinq\source\trunk\test\bin\debug\test.dll" id="5218aca1-b4c8-911d-c77d-8386630c5720">
      <Css projectStructure="" iteration="" />
      <Owners>
        <Owner name="" />
      </Owners>
      <TestMethod codeBase="D:\ALinq\Source\Trunk\Test\bin\Debug\Test.dll" adapterTypeName="Microsoft.VisualStudio.TestTools.TestTypes.Unit.UnitTestAdapter, Microsoft.VisualStudio.QualityTools.Tips.UnitTest.Adapter, Version=9.0.0.0, Culture=neutral, PublicKeyToken=b03f5f7f11d50a3a" className="Test.FirebirdTest, Test" name="Math_Log" />
    </UnitTest>
    <UnitTest name="DataType_UInt64" storage="d:\alinq\source\trunk\test\bin\debug\test.dll" id="dd4999d7-8534-cab1-a8f8-21dd539742a0">
      <Css projectStructure="" iteration="" />
      <Owners>
        <Owner name="" />
      </Owners>
      <TestMethod codeBase="D:\ALinq\Source\Trunk\Test\bin\Debug\Test.dll" adapterTypeName="Microsoft.VisualStudio.TestTools.TestTypes.Unit.UnitTestAdapter, Microsoft.VisualStudio.QualityTools.Tips.UnitTest.Adapter, Version=9.0.0.0, Culture=neutral, PublicKeyToken=b03f5f7f11d50a3a" className="Test.SQL2005Test, Test" name="DataType_UInt64" />
    </UnitTest>
    <UnitTest name="String_Char" storage="d:\alinq\source\trunk\test\bin\debug\test.dll" id="1e5efadd-6bbc-b35a-1181-d2971ba6bbe4">
      <Css projectStructure="" iteration="" />
      <Owners>
        <Owner name="" />
      </Owners>
      <TestMethod codeBase="D:\ALinq\Source\Trunk\Test\bin\Debug\Test.dll" adapterTypeName="Microsoft.VisualStudio.TestTools.TestTypes.Unit.UnitTestAdapter, Microsoft.VisualStudio.QualityTools.Tips.UnitTest.Adapter, Version=9.0.0.0, Culture=neutral, PublicKeyToken=b03f5f7f11d50a3a" className="Test.DB2Test, Test" name="String_Char" />
    </UnitTest>
    <UnitTest name="OrderBy_ThenByDescending" storage="d:\alinq\source\trunk\test\bin\debug\test.dll" id="bb8a53ed-364b-a792-613b-450e6d3d1e01">
      <Css projectStructure="" iteration="" />
      <Owners>
        <Owner name="" />
      </Owners>
      <TestMethod codeBase="D:\ALinq\Source\Trunk\Test\bin\Debug\Test.dll" adapterTypeName="Microsoft.VisualStudio.TestTools.TestTypes.Unit.UnitTestAdapter, Microsoft.VisualStudio.QualityTools.Tips.UnitTest.Adapter, Version=9.0.0.0, Culture=neutral, PublicKeyToken=b03f5f7f11d50a3a" className="Test.SQL2005Test, Test" name="OrderBy_ThenByDescending" />
    </UnitTest>
    <UnitTest name="Select_Simple" storage="d:\alinq\source\trunk\test\bin\debug\test.dll" id="bb81922a-a332-6d72-d8ea-48b9cdc68130">
      <Css projectStructure="" iteration="" />
      <Owners>
        <Owner name="" />
      </Owners>
      <TestMethod codeBase="D:\ALinq\Source\Trunk\Test\bin\Debug\Test.dll" adapterTypeName="Microsoft.VisualStudio.TestTools.TestTypes.Unit.UnitTestAdapter, Microsoft.VisualStudio.QualityTools.Tips.UnitTest.Adapter, Version=9.0.0.0, Culture=neutral, PublicKeyToken=b03f5f7f11d50a3a" className="Test.MySqlTest, Test" name="Select_Simple" />
    </UnitTest>
    <UnitTest name="Math_Floor" storage="d:\alinq\source\trunk\test\bin\debug\test.dll" id="f12903ae-9604-eff3-d468-a881a71a545a">
      <Css projectStructure="" iteration="" />
      <Owners>
        <Owner name="" />
      </Owners>
      <TestMethod codeBase="D:\ALinq\Source\Trunk\Test\bin\Debug\Test.dll" adapterTypeName="Microsoft.VisualStudio.TestTools.TestTypes.Unit.UnitTestAdapter, Microsoft.VisualStudio.QualityTools.Tips.UnitTest.Adapter, Version=9.0.0.0, Culture=neutral, PublicKeyToken=b03f5f7f11d50a3a" className="Test.PgsqlTest, Test" name="Math_Floor" />
    </UnitTest>
    <UnitTest name="StringLength" storage="d:\alinq\source\trunk\test\bin\debug\test.dll" id="2f3f2238-adb0-861a-fdef-433de9c5fff1">
      <Css projectStructure="" iteration="" />
      <Owners>
        <Owner name="" />
      </Owners>
      <TestMethod codeBase="D:\ALinq\Source\Trunk\Test\bin\Debug\Test.dll" adapterTypeName="Microsoft.VisualStudio.TestTools.TestTypes.Unit.UnitTestAdapter, Microsoft.VisualStudio.QualityTools.Tips.UnitTest.Adapter, Version=9.0.0.0, Culture=neutral, PublicKeyToken=b03f5f7f11d50a3a" className="Test.OdpOracleTest, Test" name="StringLength" />
    </UnitTest>
    <UnitTest name="Where_Simple4" storage="d:\alinq\source\trunk\test\bin\debug\test.dll" id="33bffc03-be05-5773-b9fd-953e5c1f253f">
      <Css projectStructure="" iteration="" />
      <Owners>
        <Owner name="" />
      </Owners>
      <TestMethod codeBase="D:\ALinq\Source\Trunk\Test\bin\Debug\Test.dll" adapterTypeName="Microsoft.VisualStudio.TestTools.TestTypes.Unit.UnitTestAdapter, Microsoft.VisualStudio.QualityTools.Tips.UnitTest.Adapter, Version=9.0.0.0, Culture=neutral, PublicKeyToken=b03f5f7f11d50a3a" className="Test.SqlTest, Test" name="Where_Simple4" />
    </UnitTest>
    <UnitTest name="Test2" storage="d:\alinq\source\trunk\test\bin\debug\test.dll" id="de41927e-4cf0-5090-af46-1be1366f3288">
      <Css projectStructure="" iteration="" />
      <Owners>
        <Owner name="" />
      </Owners>
      <TestMethod codeBase="D:\ALinq\Source\Trunk\Test\bin\Debug\Test.dll" adapterTypeName="Microsoft.VisualStudio.TestTools.TestTypes.Unit.UnitTestAdapter, Microsoft.VisualStudio.QualityTools.Tips.UnitTest.Adapter, Version=9.0.0.0, Culture=neutral, PublicKeyToken=b03f5f7f11d50a3a" className="Test.OdpOracleTest, Test" name="Test2" />
    </UnitTest>
    <UnitTest name="String_Equals2" storage="d:\alinq\source\trunk\test\bin\debug\test.dll" id="0a7a228d-c671-0b3d-f4d2-5721bd0adb1f">
      <Css projectStructure="" iteration="" />
      <Owners>
        <Owner name="" />
      </Owners>
      <TestMethod codeBase="D:\ALinq\Source\Trunk\Test\bin\Debug\Test.dll" adapterTypeName="Microsoft.VisualStudio.TestTools.TestTypes.Unit.UnitTestAdapter, Microsoft.VisualStudio.QualityTools.Tips.UnitTest.Adapter, Version=9.0.0.0, Culture=neutral, PublicKeyToken=b03f5f7f11d50a3a" className="Test.AccessTest, Test" name="String_Equals2" />
    </UnitTest>
    <UnitTest name="Count_Simple" storage="d:\alinq\source\trunk\test\bin\debug\test.dll" id="f12c7acc-ebd6-579d-9ff1-611e0af7784b">
      <Css projectStructure="" iteration="" />
      <Owners>
        <Owner name="" />
      </Owners>
      <TestMethod codeBase="D:\ALinq\Source\Trunk\Test\bin\Debug\Test.dll" adapterTypeName="Microsoft.VisualStudio.TestTools.TestTypes.Unit.UnitTestAdapter, Microsoft.VisualStudio.QualityTools.Tips.UnitTest.Adapter, Version=9.0.0.0, Culture=neutral, PublicKeyToken=b03f5f7f11d50a3a" className="Test.FirebirdTest, Test" name="Count_Simple" />
    </UnitTest>
    <UnitTest name="String_Equals2" storage="d:\alinq\source\trunk\test\bin\debug\test.dll" id="3ca56bbf-c15a-53f6-e718-7ee2ea93b899">
      <Css projectStructure="" iteration="" />
      <Owners>
        <Owner name="" />
      </Owners>
      <TestMethod codeBase="D:\ALinq\Source\Trunk\Test\bin\Debug\Test.dll" adapterTypeName="Microsoft.VisualStudio.TestTools.TestTypes.Unit.UnitTestAdapter, Microsoft.VisualStudio.QualityTools.Tips.UnitTest.Adapter, Version=9.0.0.0, Culture=neutral, PublicKeyToken=b03f5f7f11d50a3a" className="Test.DB2Test, Test" name="String_Equals2" />
    </UnitTest>
    <UnitTest name="Join_SelfJoin" storage="d:\alinq\source\trunk\test\bin\debug\test.dll" id="94ba5730-2f54-9fbe-76ce-7cb59b75fe01">
      <Css projectStructure="" iteration="" />
      <Owners>
        <Owner name="" />
      </Owners>
      <TestMethod codeBase="D:\ALinq\Source\Trunk\Test\bin\Debug\Test.dll" adapterTypeName="Microsoft.VisualStudio.TestTools.TestTypes.Unit.UnitTestAdapter, Microsoft.VisualStudio.QualityTools.Tips.UnitTest.Adapter, Version=9.0.0.0, Culture=neutral, PublicKeyToken=b03f5f7f11d50a3a" className="Test.MySqlTest, Test" name="Join_SelfJoin" />
    </UnitTest>
    <UnitTest name="GroupBy_Max" storage="d:\alinq\source\trunk\test\bin\debug\test.dll" id="ef97f13e-9d33-455c-b27e-b29b90037919">
      <Css projectStructure="" iteration="" />
      <Owners>
        <Owner name="" />
      </Owners>
      <TestMethod codeBase="D:\ALinq\Source\Trunk\Test\bin\Debug\Test.dll" adapterTypeName="Microsoft.VisualStudio.TestTools.TestTypes.Unit.UnitTestAdapter, Microsoft.VisualStudio.QualityTools.Tips.UnitTest.Adapter, Version=9.0.0.0, Culture=neutral, PublicKeyToken=b03f5f7f11d50a3a" className="Test.MySqlTest, Test" name="GroupBy_Max" />
    </UnitTest>
    <UnitTest name="Test1" storage="d:\alinq\source\trunk\test\bin\debug\test.dll" id="59f0fba9-6c16-e732-aeee-b9e5e92ab45a">
      <Css projectStructure="" iteration="" />
      <Owners>
        <Owner name="" />
      </Owners>
      <TestMethod codeBase="D:\ALinq\Source\Trunk\Test\bin\Debug\Test.dll" adapterTypeName="Microsoft.VisualStudio.TestTools.TestTypes.Unit.UnitTestAdapter, Microsoft.VisualStudio.QualityTools.Tips.UnitTest.Adapter, Version=9.0.0.0, Culture=neutral, PublicKeyToken=b03f5f7f11d50a3a" className="Test.MySqlTest, Test" name="Test1" />
    </UnitTest>
    <UnitTest name="String_Trim1" storage="d:\alinq\source\trunk\test\bin\debug\test.dll" id="c3f657e4-4bfc-86ae-ce70-7380b8a030ae">
      <Css projectStructure="" iteration="" />
      <Owners>
        <Owner name="" />
      </Owners>
      <TestMethod codeBase="D:\ALinq\Source\Trunk\Test\bin\Debug\Test.dll" adapterTypeName="Microsoft.VisualStudio.TestTools.TestTypes.Unit.UnitTestAdapter, Microsoft.VisualStudio.QualityTools.Tips.UnitTest.Adapter, Version=9.0.0.0, Culture=neutral, PublicKeyToken=b03f5f7f11d50a3a" className="Test.SqlTest, Test" name="String_Trim1" />
    </UnitTest>
    <UnitTest name="StringRelace" storage="d:\alinq\source\trunk\test\bin\debug\test.dll" id="df3a0bc3-0a11-7521-9fcf-835a094f86db">
      <Css projectStructure="" iteration="" />
      <Owners>
        <Owner name="" />
      </Owners>
      <TestMethod codeBase="D:\ALinq\Source\Trunk\Test\bin\Debug\Test.dll" adapterTypeName="Microsoft.VisualStudio.TestTools.TestTypes.Unit.UnitTestAdapter, Microsoft.VisualStudio.QualityTools.Tips.UnitTest.Adapter, Version=9.0.0.0, Culture=neutral, PublicKeyToken=b03f5f7f11d50a3a" className="Test.DB2Test, Test" name="StringRelace" />
    </UnitTest>
    <UnitTest name="Math_Sinh" storage="d:\alinq\source\trunk\test\bin\debug\test.dll" id="5b78ac4e-97b5-2bdb-4e48-226ce1746a7c">
      <Css projectStructure="" iteration="" />
      <Owners>
        <Owner name="" />
      </Owners>
      <TestMethod codeBase="D:\ALinq\Source\Trunk\Test\bin\Debug\Test.dll" adapterTypeName="Microsoft.VisualStudio.TestTools.TestTypes.Unit.UnitTestAdapter, Microsoft.VisualStudio.QualityTools.Tips.UnitTest.Adapter, Version=9.0.0.0, Culture=neutral, PublicKeyToken=b03f5f7f11d50a3a" className="Test.AccessTest, Test" name="Math_Sinh" />
    </UnitTest>
    <UnitTest name="String_IndexOf2" storage="d:\alinq\source\trunk\test\bin\debug\test.dll" id="ea475b5a-93fd-187e-150c-27e79045286a">
      <Css projectStructure="" iteration="" />
      <Owners>
        <Owner name="" />
      </Owners>
      <TestMethod codeBase="D:\ALinq\Source\Trunk\Test\bin\Debug\Test.dll" adapterTypeName="Microsoft.VisualStudio.TestTools.TestTypes.Unit.UnitTestAdapter, Microsoft.VisualStudio.QualityTools.Tips.UnitTest.Adapter, Version=9.0.0.0, Culture=neutral, PublicKeyToken=b03f5f7f11d50a3a" className="Test.AccessTest, Test" name="String_IndexOf2" />
    </UnitTest>
    <UnitTest name="DataType_XDocument" storage="d:\alinq\source\trunk\test\bin\debug\test.dll" id="795a608e-514b-6cee-97b8-d7bff11f158b">
      <Css projectStructure="" iteration="" />
      <Owners>
        <Owner name="" />
      </Owners>
      <TestMethod codeBase="D:\ALinq\Source\Trunk\Test\bin\Debug\Test.dll" adapterTypeName="Microsoft.VisualStudio.TestTools.TestTypes.Unit.UnitTestAdapter, Microsoft.VisualStudio.QualityTools.Tips.UnitTest.Adapter, Version=9.0.0.0, Culture=neutral, PublicKeyToken=b03f5f7f11d50a3a" className="Test.PgsqlTest, Test" name="DataType_XDocument" />
    </UnitTest>
    <UnitTest name="Avg_Emelents" storage="d:\alinq\source\trunk\test\bin\debug\test.dll" id="69283b00-54a5-302f-2c7a-e50248379ec9">
      <Css projectStructure="" iteration="" />
      <Owners>
        <Owner name="" />
      </Owners>
      <TestMethod codeBase="D:\ALinq\Source\Trunk\Test\bin\Debug\Test.dll" adapterTypeName="Microsoft.VisualStudio.TestTools.TestTypes.Unit.UnitTestAdapter, Microsoft.VisualStudio.QualityTools.Tips.UnitTest.Adapter, Version=9.0.0.0, Culture=neutral, PublicKeyToken=b03f5f7f11d50a3a" className="Test.PgsqlTest, Test" name="Avg_Emelents" />
    </UnitTest>
    <UnitTest name="GroupBy_Max" storage="d:\alinq\source\trunk\test\bin\debug\test.dll" id="d85fc15c-2804-4caa-11e7-0f838df4fea4">
      <Css projectStructure="" iteration="" />
      <Owners>
        <Owner name="" />
      </Owners>
      <TestMethod codeBase="D:\ALinq\Source\Trunk\Test\bin\Debug\Test.dll" adapterTypeName="Microsoft.VisualStudio.TestTools.TestTypes.Unit.UnitTestAdapter, Microsoft.VisualStudio.QualityTools.Tips.UnitTest.Adapter, Version=9.0.0.0, Culture=neutral, PublicKeyToken=b03f5f7f11d50a3a" className="Test.DB2Test, Test" name="GroupBy_Max" />
    </UnitTest>
    <UnitTest name="DateTime_Subtract" storage="d:\alinq\source\trunk\test\bin\debug\test.dll" id="cb8dbd63-b0a7-f53b-fb7d-0392065f3c6e">
      <Css projectStructure="" iteration="" />
      <Owners>
        <Owner name="" />
      </Owners>
      <TestMethod codeBase="D:\ALinq\Source\Trunk\Test\bin\Debug\Test.dll" adapterTypeName="Microsoft.VisualStudio.TestTools.TestTypes.Unit.UnitTestAdapter, Microsoft.VisualStudio.QualityTools.Tips.UnitTest.Adapter, Version=9.0.0.0, Culture=neutral, PublicKeyToken=b03f5f7f11d50a3a" className="Test.MySqlTest, Test" name="DateTime_Subtract" />
    </UnitTest>
    <UnitTest name="String_NullSelect" storage="d:\alinq\source\trunk\test\bin\debug\test.dll" id="01d9235e-b48f-545a-68e9-33982d513f0a">
      <Css projectStructure="" iteration="" />
      <Owners>
        <Owner name="" />
      </Owners>
      <TestMethod codeBase="D:\ALinq\Source\Trunk\Test\bin\Debug\Test.dll" adapterTypeName="Microsoft.VisualStudio.TestTools.TestTypes.Unit.UnitTestAdapter, Microsoft.VisualStudio.QualityTools.Tips.UnitTest.Adapter, Version=9.0.0.0, Culture=neutral, PublicKeyToken=b03f5f7f11d50a3a" className="Test.SQL2005Test, Test" name="String_NullSelect" />
    </UnitTest>
    <UnitTest name="Skip_Take" storage="d:\alinq\source\trunk\test\bin\debug\test.dll" id="b01377dc-0ba7-fa7a-7748-512a0deee6a0">
      <Css projectStructure="" iteration="" />
      <Owners>
        <Owner name="" />
      </Owners>
      <TestMethod codeBase="D:\ALinq\Source\Trunk\Test\bin\Debug\Test.dll" adapterTypeName="Microsoft.VisualStudio.TestTools.TestTypes.Unit.UnitTestAdapter, Microsoft.VisualStudio.QualityTools.Tips.UnitTest.Adapter, Version=9.0.0.0, Culture=neutral, PublicKeyToken=b03f5f7f11d50a3a" className="Test.SQL2005Test, Test" name="Skip_Take" />
    </UnitTest>
    <UnitTest name="String_IndexOf2" storage="d:\alinq\source\trunk\test\bin\debug\test.dll" id="29c5c03c-a4da-71a4-2c57-93ceb22b8464">
      <Css projectStructure="" iteration="" />
      <Owners>
        <Owner name="" />
      </Owners>
      <TestMethod codeBase="D:\ALinq\Source\Trunk\Test\bin\Debug\Test.dll" adapterTypeName="Microsoft.VisualStudio.TestTools.TestTypes.Unit.UnitTestAdapter, Microsoft.VisualStudio.QualityTools.Tips.UnitTest.Adapter, Version=9.0.0.0, Culture=neutral, PublicKeyToken=b03f5f7f11d50a3a" className="Test.SqlTest, Test" name="String_IndexOf2" />
    </UnitTest>
    <UnitTest name="DateTimeGT" storage="d:\alinq\source\trunk\test\bin\debug\test.dll" id="11514bdf-31c9-066d-5de5-e16bfa099de6">
      <Css projectStructure="" iteration="" />
      <Owners>
        <Owner name="" />
      </Owners>
      <TestMethod codeBase="D:\ALinq\Source\Trunk\Test\bin\Debug\Test.dll" adapterTypeName="Microsoft.VisualStudio.TestTools.TestTypes.Unit.UnitTestAdapter, Microsoft.VisualStudio.QualityTools.Tips.UnitTest.Adapter, Version=9.0.0.0, Culture=neutral, PublicKeyToken=b03f5f7f11d50a3a" className="Test.SqlTest, Test" name="DateTimeGT" />
    </UnitTest>
    <UnitTest name="DateTime_Minute" storage="d:\alinq\source\trunk\test\bin\debug\test.dll" id="597e3693-c2d5-d1cc-e813-1b974d31038c">
      <Css projectStructure="" iteration="" />
      <Owners>
        <Owner name="" />
      </Owners>
      <TestMethod codeBase="D:\ALinq\Source\Trunk\Test\bin\Debug\Test.dll" adapterTypeName="Microsoft.VisualStudio.TestTools.TestTypes.Unit.UnitTestAdapter, Microsoft.VisualStudio.QualityTools.Tips.UnitTest.Adapter, Version=9.0.0.0, Culture=neutral, PublicKeyToken=b03f5f7f11d50a3a" className="Test.SQL2000Test, Test" name="DateTime_Minute" />
    </UnitTest>
    <UnitTest name="Sum_Simple" storage="d:\alinq\source\trunk\test\bin\debug\test.dll" id="bc26947a-122d-b20d-a152-29bfac657b0d">
      <Css projectStructure="" iteration="" />
      <Owners>
        <Owner name="" />
      </Owners>
      <TestMethod codeBase="D:\ALinq\Source\Trunk\Test\bin\Debug\Test.dll" adapterTypeName="Microsoft.VisualStudio.TestTools.TestTypes.Unit.UnitTestAdapter, Microsoft.VisualStudio.QualityTools.Tips.UnitTest.Adapter, Version=9.0.0.0, Culture=neutral, PublicKeyToken=b03f5f7f11d50a3a" className="Test.SQLiteTest, Test" name="Sum_Simple" />
    </UnitTest>
    <UnitTest name="Math_Pow" storage="d:\alinq\source\trunk\test\bin\debug\test.dll" id="c9906075-ca27-8e99-c221-56a6ea27bf8e">
      <Css projectStructure="" iteration="" />
      <Owners>
        <Owner name="" />
      </Owners>
      <TestMethod codeBase="D:\ALinq\Source\Trunk\Test\bin\Debug\Test.dll" adapterTypeName="Microsoft.VisualStudio.TestTools.TestTypes.Unit.UnitTestAdapter, Microsoft.VisualStudio.QualityTools.Tips.UnitTest.Adapter, Version=9.0.0.0, Culture=neutral, PublicKeyToken=b03f5f7f11d50a3a" className="Test.AccessTest, Test" name="Math_Pow" />
    </UnitTest>
    <UnitTest name="String_Trim" storage="d:\alinq\source\trunk\test\bin\debug\test.dll" id="63b116c4-dc37-dd39-ab08-ea1070db9c66">
      <Css projectStructure="" iteration="" />
      <Owners>
        <Owner name="" />
      </Owners>
      <TestMethod codeBase="D:\ALinq\Source\Trunk\Test\bin\Debug\Test.dll" adapterTypeName="Microsoft.VisualStudio.TestTools.TestTypes.Unit.UnitTestAdapter, Microsoft.VisualStudio.QualityTools.Tips.UnitTest.Adapter, Version=9.0.0.0, Culture=neutral, PublicKeyToken=b03f5f7f11d50a3a" className="Test.AccessTest, Test" name="String_Trim" />
    </UnitTest>
    <UnitTest name="Any_Condition" storage="d:\alinq\source\trunk\test\bin\debug\test.dll" id="6a0b4dec-db3d-da56-924a-b6e0af93607c">
      <Css projectStructure="" iteration="" />
      <Owners>
        <Owner name="" />
      </Owners>
      <TestMethod codeBase="D:\ALinq\Source\Trunk\Test\bin\Debug\Test.dll" adapterTypeName="Microsoft.VisualStudio.TestTools.TestTypes.Unit.UnitTestAdapter, Microsoft.VisualStudio.QualityTools.Tips.UnitTest.Adapter, Version=9.0.0.0, Culture=neutral, PublicKeyToken=b03f5f7f11d50a3a" className="Test.SQLiteTest, Test" name="Any_Condition" />
    </UnitTest>
    <UnitTest name="Like" storage="d:\alinq\source\trunk\test\bin\debug\test.dll" id="6b5453c1-f0a5-2a7b-2454-27f605cd6cd6">
      <Css projectStructure="" iteration="" />
      <Owners>
        <Owner name="" />
      </Owners>
      <TestMethod codeBase="D:\ALinq\Source\Trunk\Test\bin\Debug\Test.dll" adapterTypeName="Microsoft.VisualStudio.TestTools.TestTypes.Unit.UnitTestAdapter, Microsoft.VisualStudio.QualityTools.Tips.UnitTest.Adapter, Version=9.0.0.0, Culture=neutral, PublicKeyToken=b03f5f7f11d50a3a" className="Test.SQL2005Test, Test" name="Like" />
    </UnitTest>
    <UnitTest name="String_ToUpper2" storage="d:\alinq\source\trunk\test\bin\debug\test.dll" id="525d94f5-8e09-7ad8-7959-d03c1c3c087c">
      <Css projectStructure="" iteration="" />
      <Owners>
        <Owner name="" />
      </Owners>
      <TestMethod codeBase="D:\ALinq\Source\Trunk\Test\bin\Debug\Test.dll" adapterTypeName="Microsoft.VisualStudio.TestTools.TestTypes.Unit.UnitTestAdapter, Microsoft.VisualStudio.QualityTools.Tips.UnitTest.Adapter, Version=9.0.0.0, Culture=neutral, PublicKeyToken=b03f5f7f11d50a3a" className="Test.OdpOracleTest, Test" name="String_ToUpper2" />
    </UnitTest>
    <UnitTest name="GroupBy_MultipleColumns" storage="d:\alinq\source\trunk\test\bin\debug\test.dll" id="d6967643-dd34-a965-ca80-116f309dc7d8">
      <Css projectStructure="" iteration="" />
      <Owners>
        <Owner name="" />
      </Owners>
      <TestMethod codeBase="D:\ALinq\Source\Trunk\Test\bin\Debug\Test.dll" adapterTypeName="Microsoft.VisualStudio.TestTools.TestTypes.Unit.UnitTestAdapter, Microsoft.VisualStudio.QualityTools.Tips.UnitTest.Adapter, Version=9.0.0.0, Culture=neutral, PublicKeyToken=b03f5f7f11d50a3a" className="Test.NorOracleTest, Test" name="GroupBy_MultipleColumns" />
    </UnitTest>
    <UnitTest name="Count_Nested" storage="d:\alinq\source\trunk\test\bin\debug\test.dll" id="77c1c927-1740-0e7c-01d8-7daab8378f84">
      <Css projectStructure="" iteration="" />
      <Owners>
        <Owner name="" />
      </Owners>
      <TestMethod codeBase="D:\ALinq\Source\Trunk\Test\bin\Debug\Test.dll" adapterTypeName="Microsoft.VisualStudio.TestTools.TestTypes.Unit.UnitTestAdapter, Microsoft.VisualStudio.QualityTools.Tips.UnitTest.Adapter, Version=9.0.0.0, Culture=neutral, PublicKeyToken=b03f5f7f11d50a3a" className="Test.OdpOracleTest, Test" name="Count_Nested" />
    </UnitTest>
    <UnitTest name="IfEqualTest" storage="d:\alinq\source\trunk\test\bin\debug\test.dll" id="0a3c34e3-54e9-8fa1-639a-c6365f82cb5f">
      <Css projectStructure="" iteration="" />
      <Owners>
        <Owner name="" />
      </Owners>
      <TestMethod codeBase="D:\ALinq\Source\Trunk\Test\bin\Debug\Test.dll" adapterTypeName="Microsoft.VisualStudio.TestTools.TestTypes.Unit.UnitTestAdapter, Microsoft.VisualStudio.QualityTools.Tips.UnitTest.Adapter, Version=9.0.0.0, Culture=neutral, PublicKeyToken=b03f5f7f11d50a3a" className="Test.SQLiteTest, Test" name="IfEqualTest" />
    </UnitTest>
    <UnitTest name="All_Grouped" storage="d:\alinq\source\trunk\test\bin\debug\test.dll" id="937d5dbe-0035-84ca-9299-0cd3d0c8f22b">
      <Css projectStructure="" iteration="" />
      <Owners>
        <Owner name="" />
      </Owners>
      <TestMethod codeBase="D:\ALinq\Source\Trunk\Test\bin\Debug\Test.dll" adapterTypeName="Microsoft.VisualStudio.TestTools.TestTypes.Unit.UnitTestAdapter, Microsoft.VisualStudio.QualityTools.Tips.UnitTest.Adapter, Version=9.0.0.0, Culture=neutral, PublicKeyToken=b03f5f7f11d50a3a" className="Test.SQL2000Test, Test" name="All_Grouped" />
    </UnitTest>
    <UnitTest name="String_ToLower2" storage="d:\alinq\source\trunk\test\bin\debug\test.dll" id="08ed41ee-5d4e-201e-b472-72cf2496e2c8">
      <Css projectStructure="" iteration="" />
      <Owners>
        <Owner name="" />
      </Owners>
      <TestMethod codeBase="D:\ALinq\Source\Trunk\Test\bin\Debug\Test.dll" adapterTypeName="Microsoft.VisualStudio.TestTools.TestTypes.Unit.UnitTestAdapter, Microsoft.VisualStudio.QualityTools.Tips.UnitTest.Adapter, Version=9.0.0.0, Culture=neutral, PublicKeyToken=b03f5f7f11d50a3a" className="Test.SQL2000Test, Test" name="String_ToLower2" />
    </UnitTest>
    <UnitTest name="String_ToLower2" storage="d:\alinq\source\trunk\test\bin\debug\test.dll" id="d7a2242a-8d8f-d617-34e1-e8928c2a538a">
      <Css projectStructure="" iteration="" />
      <Owners>
        <Owner name="" />
      </Owners>
      <TestMethod codeBase="D:\ALinq\Source\Trunk\Test\bin\Debug\Test.dll" adapterTypeName="Microsoft.VisualStudio.TestTools.TestTypes.Unit.UnitTestAdapter, Microsoft.VisualStudio.QualityTools.Tips.UnitTest.Adapter, Version=9.0.0.0, Culture=neutral, PublicKeyToken=b03f5f7f11d50a3a" className="Test.SqlTest, Test" name="String_ToLower2" />
    </UnitTest>
    <UnitTest name="Inherit" storage="d:\alinq\source\trunk\test\bin\debug\test.dll" id="7960fcd9-fc47-42e5-18ca-88fe34fdf82f">
      <Css projectStructure="" iteration="" />
      <Owners>
        <Owner name="" />
      </Owners>
      <TestMethod codeBase="D:\ALinq\Source\Trunk\Test\bin\Debug\Test.dll" adapterTypeName="Microsoft.VisualStudio.TestTools.TestTypes.Unit.UnitTestAdapter, Microsoft.VisualStudio.QualityTools.Tips.UnitTest.Adapter, Version=9.0.0.0, Culture=neutral, PublicKeyToken=b03f5f7f11d50a3a" className="Test.AccessTest, Test" name="Inherit" />
    </UnitTest>
    <UnitTest name="Join_NullableNonnullableKeyRelationship" storage="d:\alinq\source\trunk\test\bin\debug\test.dll" id="776b138b-47b6-76c7-23fa-76028159a63d">
      <Css projectStructure="" iteration="" />
      <Owners>
        <Owner name="" />
      </Owners>
      <TestMethod codeBase="D:\ALinq\Source\Trunk\Test\bin\Debug\Test.dll" adapterTypeName="Microsoft.VisualStudio.TestTools.TestTypes.Unit.UnitTestAdapter, Microsoft.VisualStudio.QualityTools.Tips.UnitTest.Adapter, Version=9.0.0.0, Culture=neutral, PublicKeyToken=b03f5f7f11d50a3a" className="Test.SQL2005Test, Test" name="Join_NullableNonnullableKeyRelationship" />
    </UnitTest>
    <UnitTest name="Insert_ManyToMany" storage="d:\alinq\source\trunk\test\bin\debug\test.dll" id="c63555d8-8769-3975-2211-202240ca90c8">
      <Css projectStructure="" iteration="" />
      <Owners>
        <Owner name="" />
      </Owners>
      <TestMethod codeBase="D:\ALinq\Source\Trunk\Test\bin\Debug\Test.dll" adapterTypeName="Microsoft.VisualStudio.TestTools.TestTypes.Unit.UnitTestAdapter, Microsoft.VisualStudio.QualityTools.Tips.UnitTest.Adapter, Version=9.0.0.0, Culture=neutral, PublicKeyToken=b03f5f7f11d50a3a" className="Test.DB2Test, Test" name="Insert_ManyToMany" />
    </UnitTest>
    <UnitTest name="All_Grouped" storage="d:\alinq\source\trunk\test\bin\debug\test.dll" id="8f3e1d95-0188-55ad-48f7-ddcb1a29bd56">
      <Css projectStructure="" iteration="" />
      <Owners>
        <Owner name="" />
      </Owners>
      <TestMethod codeBase="D:\ALinq\Source\Trunk\Test\bin\Debug\Test.dll" adapterTypeName="Microsoft.VisualStudio.TestTools.TestTypes.Unit.UnitTestAdapter, Microsoft.VisualStudio.QualityTools.Tips.UnitTest.Adapter, Version=9.0.0.0, Culture=neutral, PublicKeyToken=b03f5f7f11d50a3a" className="Test.FirebirdTest, Test" name="All_Grouped" />
    </UnitTest>
    <UnitTest name="CreateDatabase" storage="d:\alinq\source\trunk\test\bin\debug\test.dll" id="f58b1145-9d8d-5ed2-e515-5beb2f7dcc17">
      <Css projectStructure="" iteration="" />
      <Owners>
        <Owner name="" />
      </Owners>
      <TestMethod codeBase="D:\ALinq\Source\Trunk\Test\bin\Debug\Test.dll" adapterTypeName="Microsoft.VisualStudio.TestTools.TestTypes.Unit.UnitTestAdapter, Microsoft.VisualStudio.QualityTools.Tips.UnitTest.Adapter, Version=9.0.0.0, Culture=neutral, PublicKeyToken=b03f5f7f11d50a3a" className="Test.FirebirdTest, Test" name="CreateDatabase" />
    </UnitTest>
    <UnitTest name="DataType_Guid" storage="d:\alinq\source\trunk\test\bin\debug\test.dll" id="78701cb5-9bfa-3749-32c1-87baeb4dfd08">
      <Css projectStructure="" iteration="" />
      <Owners>
        <Owner name="" />
      </Owners>
      <TestMethod codeBase="D:\ALinq\Source\Trunk\Test\bin\Debug\Test.dll" adapterTypeName="Microsoft.VisualStudio.TestTools.TestTypes.Unit.UnitTestAdapter, Microsoft.VisualStudio.QualityTools.Tips.UnitTest.Adapter, Version=9.0.0.0, Culture=neutral, PublicKeyToken=b03f5f7f11d50a3a" className="Test.AccessTest, Test" name="DataType_Guid" />
    </UnitTest>
    <UnitTest name="Math_Exp" storage="d:\alinq\source\trunk\test\bin\debug\test.dll" id="b47783b3-8978-ae17-f49e-441818eec078">
      <Css projectStructure="" iteration="" />
      <Owners>
        <Owner name="" />
      </Owners>
      <TestMethod codeBase="D:\ALinq\Source\Trunk\Test\bin\Debug\Test.dll" adapterTypeName="Microsoft.VisualStudio.TestTools.TestTypes.Unit.UnitTestAdapter, Microsoft.VisualStudio.QualityTools.Tips.UnitTest.Adapter, Version=9.0.0.0, Culture=neutral, PublicKeyToken=b03f5f7f11d50a3a" className="Test.FirebirdTest, Test" name="Math_Exp" />
    </UnitTest>
    <UnitTest name="SingleOrDefault" storage="d:\alinq\source\trunk\test\bin\debug\test.dll" id="9f736a9f-8be8-cad5-b926-3224654636e5">
      <Css projectStructure="" iteration="" />
      <Owners>
        <Owner name="" />
      </Owners>
      <TestMethod codeBase="D:\ALinq\Source\Trunk\Test\bin\Debug\Test.dll" adapterTypeName="Microsoft.VisualStudio.TestTools.TestTypes.Unit.UnitTestAdapter, Microsoft.VisualStudio.QualityTools.Tips.UnitTest.Adapter, Version=9.0.0.0, Culture=neutral, PublicKeyToken=b03f5f7f11d50a3a" className="Test.FirebirdTest, Test" name="SingleOrDefault" />
    </UnitTest>
    <UnitTest name="Convert_ToDateTime" storage="d:\alinq\source\trunk\test\bin\debug\test.dll" id="ffba9852-8280-fe8e-a33f-c7b1e1c7dec2">
      <Css projectStructure="" iteration="" />
      <Owners>
        <Owner name="" />
      </Owners>
      <TestMethod codeBase="D:\ALinq\Source\Trunk\Test\bin\Debug\Test.dll" adapterTypeName="Microsoft.VisualStudio.TestTools.TestTypes.Unit.UnitTestAdapter, Microsoft.VisualStudio.QualityTools.Tips.UnitTest.Adapter, Version=9.0.0.0, Culture=neutral, PublicKeyToken=b03f5f7f11d50a3a" className="Test.AccessTest, Test" name="Convert_ToDateTime" />
    </UnitTest>
    <UnitTest name="String_IndexOf1" storage="d:\alinq\source\trunk\test\bin\debug\test.dll" id="2e38219c-18b0-dc57-cff1-e41c93919735">
      <Css projectStructure="" iteration="" />
      <Owners>
        <Owner name="" />
      </Owners>
      <TestMethod codeBase="D:\ALinq\Source\Trunk\Test\bin\Debug\Test.dll" adapterTypeName="Microsoft.VisualStudio.TestTools.TestTypes.Unit.UnitTestAdapter, Microsoft.VisualStudio.QualityTools.Tips.UnitTest.Adapter, Version=9.0.0.0, Culture=neutral, PublicKeyToken=b03f5f7f11d50a3a" className="Test.OdpOracleTest, Test" name="String_IndexOf1" />
    </UnitTest>
    <UnitTest name="Count_Simple" storage="d:\alinq\source\trunk\test\bin\debug\test.dll" id="5bd257a6-1c56-a66f-8873-e44c97ab205e">
      <Css projectStructure="" iteration="" />
      <Owners>
        <Owner name="" />
      </Owners>
      <TestMethod codeBase="D:\ALinq\Source\Trunk\Test\bin\Debug\Test.dll" adapterTypeName="Microsoft.VisualStudio.TestTools.TestTypes.Unit.UnitTestAdapter, Microsoft.VisualStudio.QualityTools.Tips.UnitTest.Adapter, Version=9.0.0.0, Culture=neutral, PublicKeyToken=b03f5f7f11d50a3a" className="Test.NorOracleTest, Test" name="Count_Simple" />
    </UnitTest>
    <UnitTest name="GroupBy_Expression" storage="d:\alinq\source\trunk\test\bin\debug\test.dll" id="46109182-73b6-75ed-f0b9-4d03782d7020">
      <Css projectStructure="" iteration="" />
      <Owners>
        <Owner name="" />
      </Owners>
      <TestMethod codeBase="D:\ALinq\Source\Trunk\Test\bin\Debug\Test.dll" adapterTypeName="Microsoft.VisualStudio.TestTools.TestTypes.Unit.UnitTestAdapter, Microsoft.VisualStudio.QualityTools.Tips.UnitTest.Adapter, Version=9.0.0.0, Culture=neutral, PublicKeyToken=b03f5f7f11d50a3a" className="Test.NorOracleTest, Test" name="GroupBy_Expression" />
    </UnitTest>
    <UnitTest name="GroupBy_MultipleColumns" storage="d:\alinq\source\trunk\test\bin\debug\test.dll" id="586d99ee-cb22-baae-03d3-44e679ea66a3">
      <Css projectStructure="" iteration="" />
      <Owners>
        <Owner name="" />
      </Owners>
      <TestMethod codeBase="D:\ALinq\Source\Trunk\Test\bin\Debug\Test.dll" adapterTypeName="Microsoft.VisualStudio.TestTools.TestTypes.Unit.UnitTestAdapter, Microsoft.VisualStudio.QualityTools.Tips.UnitTest.Adapter, Version=9.0.0.0, Culture=neutral, PublicKeyToken=b03f5f7f11d50a3a" className="Test.PgsqlTest, Test" name="GroupBy_MultipleColumns" />
    </UnitTest>
    <UnitTest name="Convert_ToByte" storage="d:\alinq\source\trunk\test\bin\debug\test.dll" id="189246df-68f4-62f4-a2cf-8a7e56a5711b">
      <Css projectStructure="" iteration="" />
      <Owners>
        <Owner name="" />
      </Owners>
      <TestMethod codeBase="D:\ALinq\Source\Trunk\Test\bin\Debug\Test.dll" adapterTypeName="Microsoft.VisualStudio.TestTools.TestTypes.Unit.UnitTestAdapter, Microsoft.VisualStudio.QualityTools.Tips.UnitTest.Adapter, Version=9.0.0.0, Culture=neutral, PublicKeyToken=b03f5f7f11d50a3a" className="Test.DB2Test, Test" name="Convert_ToByte" />
    </UnitTest>
    <UnitTest name="Math_Atan" storage="d:\alinq\source\trunk\test\bin\debug\test.dll" id="7553a6f5-16e9-6136-1c14-69d9d6a3b6f4">
      <Css projectStructure="" iteration="" />
      <Owners>
        <Owner name="" />
      </Owners>
      <TestMethod codeBase="D:\ALinq\Source\Trunk\Test\bin\Debug\Test.dll" adapterTypeName="Microsoft.VisualStudio.TestTools.TestTypes.Unit.UnitTestAdapter, Microsoft.VisualStudio.QualityTools.Tips.UnitTest.Adapter, Version=9.0.0.0, Culture=neutral, PublicKeyToken=b03f5f7f11d50a3a" className="Test.FirebirdTest, Test" name="Math_Atan" />
    </UnitTest>
    <UnitTest name="CRUD_Insert1" storage="d:\alinq\source\trunk\test\bin\debug\test.dll" id="94780e3e-f2a1-209e-3a84-9afb93cda308">
      <Css projectStructure="" iteration="" />
      <Owners>
        <Owner name="" />
      </Owners>
      <TestMethod codeBase="D:\ALinq\Source\Trunk\Test\bin\Debug\Test.dll" adapterTypeName="Microsoft.VisualStudio.TestTools.TestTypes.Unit.UnitTestAdapter, Microsoft.VisualStudio.QualityTools.Tips.UnitTest.Adapter, Version=9.0.0.0, Culture=neutral, PublicKeyToken=b03f5f7f11d50a3a" className="Test.SqlTest, Test" name="CRUD_Insert1" />
    </UnitTest>
    <UnitTest name="DateTime_AddMinutes" storage="d:\alinq\source\trunk\test\bin\debug\test.dll" id="552c8616-25a5-e690-ebbb-a93918cd5a55">
      <Css projectStructure="" iteration="" />
      <Owners>
        <Owner name="" />
      </Owners>
      <TestMethod codeBase="D:\ALinq\Source\Trunk\Test\bin\Debug\Test.dll" adapterTypeName="Microsoft.VisualStudio.TestTools.TestTypes.Unit.UnitTestAdapter, Microsoft.VisualStudio.QualityTools.Tips.UnitTest.Adapter, Version=9.0.0.0, Culture=neutral, PublicKeyToken=b03f5f7f11d50a3a" className="Test.SQL2000Test, Test" name="DateTime_AddMinutes" />
    </UnitTest>
    <UnitTest name="StringConcat" storage="d:\alinq\source\trunk\test\bin\debug\test.dll" id="21b88d1a-a72f-b873-7765-95fcdec7a0a6">
      <Css projectStructure="" iteration="" />
      <Owners>
        <Owner name="" />
      </Owners>
      <TestMethod codeBase="D:\ALinq\Source\Trunk\Test\bin\Debug\Test.dll" adapterTypeName="Microsoft.VisualStudio.TestTools.TestTypes.Unit.UnitTestAdapter, Microsoft.VisualStudio.QualityTools.Tips.UnitTest.Adapter, Version=9.0.0.0, Culture=neutral, PublicKeyToken=b03f5f7f11d50a3a" className="Test.NorOracleTest, Test" name="StringConcat" />
    </UnitTest>
    <UnitTest name="GroupBy_MultipleColumns" storage="d:\alinq\source\trunk\test\bin\debug\test.dll" id="f7fbe7c0-9d2a-8d9c-a89f-d0e04761bf6a">
      <Css projectStructure="" iteration="" />
      <Owners>
        <Owner name="" />
      </Owners>
      <TestMethod codeBase="D:\ALinq\Source\Trunk\Test\bin\Debug\Test.dll" adapterTypeName="Microsoft.VisualStudio.TestTools.TestTypes.Unit.UnitTestAdapter, Microsoft.VisualStudio.QualityTools.Tips.UnitTest.Adapter, Version=9.0.0.0, Culture=neutral, PublicKeyToken=b03f5f7f11d50a3a" className="Test.SqlTest, Test" name="GroupBy_MultipleColumns" />
    </UnitTest>
    <UnitTest name="String_Equals2" storage="d:\alinq\source\trunk\test\bin\debug\test.dll" id="0078b0a3-f26b-f25d-daa5-7a25715310d5">
      <Css projectStructure="" iteration="" />
      <Owners>
        <Owner name="" />
      </Owners>
      <TestMethod codeBase="D:\ALinq\Source\Trunk\Test\bin\Debug\Test.dll" adapterTypeName="Microsoft.VisualStudio.TestTools.TestTypes.Unit.UnitTestAdapter, Microsoft.VisualStudio.QualityTools.Tips.UnitTest.Adapter, Version=9.0.0.0, Culture=neutral, PublicKeyToken=b03f5f7f11d50a3a" className="Test.SQLiteTest, Test" name="String_Equals2" />
    </UnitTest>
    <UnitTest name="Math_Sin" storage="d:\alinq\source\trunk\test\bin\debug\test.dll" id="b190f4d0-262b-af94-fe66-18361dda395a">
      <Css projectStructure="" iteration="" />
      <Owners>
        <Owner name="" />
      </Owners>
      <TestMethod codeBase="D:\ALinq\Source\Trunk\Test\bin\Debug\Test.dll" adapterTypeName="Microsoft.VisualStudio.TestTools.TestTypes.Unit.UnitTestAdapter, Microsoft.VisualStudio.QualityTools.Tips.UnitTest.Adapter, Version=9.0.0.0, Culture=neutral, PublicKeyToken=b03f5f7f11d50a3a" className="Test.SQL2005Test, Test" name="Math_Sin" />
    </UnitTest>
    <UnitTest name="CreateProcedure3" storage="d:\alinq\source\trunk\test\bin\debug\test.dll" id="a8225749-2a63-5437-f54e-35c6ae8e532f">
      <Css projectStructure="" iteration="" />
      <Owners>
        <Owner name="" />
      </Owners>
      <TestMethod codeBase="D:\ALinq\Source\Trunk\Test\bin\Debug\Test.dll" adapterTypeName="Microsoft.VisualStudio.TestTools.TestTypes.Unit.UnitTestAdapter, Microsoft.VisualStudio.QualityTools.Tips.UnitTest.Adapter, Version=9.0.0.0, Culture=neutral, PublicKeyToken=b03f5f7f11d50a3a" className="Test.FirebirdProcedureTest, Test" name="CreateProcedure3" />
    </UnitTest>
    <UnitTest name="Where_Drilldown" storage="d:\alinq\source\trunk\test\bin\debug\test.dll" id="495f375e-b477-775c-f808-e0fb59f673d3">
      <Css projectStructure="" iteration="" />
      <Owners>
        <Owner name="" />
      </Owners>
      <TestMethod codeBase="D:\ALinq\Source\Trunk\Test\bin\Debug\Test.dll" adapterTypeName="Microsoft.VisualStudio.TestTools.TestTypes.Unit.UnitTestAdapter, Microsoft.VisualStudio.QualityTools.Tips.UnitTest.Adapter, Version=9.0.0.0, Culture=neutral, PublicKeyToken=b03f5f7f11d50a3a" className="Test.MySqlTest, Test" name="Where_Drilldown" />
    </UnitTest>
    <UnitTest name="Math_Atan" storage="d:\alinq\source\trunk\test\bin\debug\test.dll" id="1d043ef6-67c0-af3b-0bd2-70ce99ce585a">
      <Css projectStructure="" iteration="" />
      <Owners>
        <Owner name="" />
      </Owners>
      <TestMethod codeBase="D:\ALinq\Source\Trunk\Test\bin\Debug\Test.dll" adapterTypeName="Microsoft.VisualStudio.TestTools.TestTypes.Unit.UnitTestAdapter, Microsoft.VisualStudio.QualityTools.Tips.UnitTest.Adapter, Version=9.0.0.0, Culture=neutral, PublicKeyToken=b03f5f7f11d50a3a" className="Test.PgsqlTest, Test" name="Math_Atan" />
    </UnitTest>
    <UnitTest name="TestMetaMembersCount" storage="d:\alinq\source\trunk\test\bin\debug\test.dll" id="2773470d-95d8-8df6-9810-d497067f138c">
      <Css projectStructure="" iteration="" />
      <Owners>
        <Owner name="" />
      </Owners>
      <TestMethod codeBase="D:\ALinq\Source\Trunk\Test\bin\Debug\Test.dll" adapterTypeName="Microsoft.VisualStudio.TestTools.TestTypes.Unit.UnitTestAdapter, Microsoft.VisualStudio.QualityTools.Tips.UnitTest.Adapter, Version=9.0.0.0, Culture=neutral, PublicKeyToken=b03f5f7f11d50a3a" className="Test.DynamicMappingTest, Test" name="TestMetaMembersCount" />
    </UnitTest>
    <UnitTest name="Math_Atan2" storage="d:\alinq\source\trunk\test\bin\debug\test.dll" id="6b31990a-d1b3-23dd-e135-a189817157b1">
      <Css projectStructure="" iteration="" />
      <Owners>
        <Owner name="" />
      </Owners>
      <TestMethod codeBase="D:\ALinq\Source\Trunk\Test\bin\Debug\Test.dll" adapterTypeName="Microsoft.VisualStudio.TestTools.TestTypes.Unit.UnitTestAdapter, Microsoft.VisualStudio.QualityTools.Tips.UnitTest.Adapter, Version=9.0.0.0, Culture=neutral, PublicKeyToken=b03f5f7f11d50a3a" className="Test.SQLiteTest, Test" name="Math_Atan2" />
    </UnitTest>
    <UnitTest name="Single" storage="d:\alinq\source\trunk\test\bin\debug\test.dll" id="aaf935f8-5c0d-19c0-ed0a-21b191b0bc8e">
      <Css projectStructure="" iteration="" />
      <Owners>
        <Owner name="" />
      </Owners>
      <TestMethod codeBase="D:\ALinq\Source\Trunk\Test\bin\Debug\Test.dll" adapterTypeName="Microsoft.VisualStudio.TestTools.TestTypes.Unit.UnitTestAdapter, Microsoft.VisualStudio.QualityTools.Tips.UnitTest.Adapter, Version=9.0.0.0, Culture=neutral, PublicKeyToken=b03f5f7f11d50a3a" className="Test.NorOracleTest, Test" name="Single" />
    </UnitTest>
    <UnitTest name="Skip_Nested" storage="d:\alinq\source\trunk\test\bin\debug\test.dll" id="43b70506-1fb4-dbb7-97b1-88db748adcb3">
      <Css projectStructure="" iteration="" />
      <Owners>
        <Owner name="" />
      </Owners>
      <TestMethod codeBase="D:\ALinq\Source\Trunk\Test\bin\Debug\Test.dll" adapterTypeName="Microsoft.VisualStudio.TestTools.TestTypes.Unit.UnitTestAdapter, Microsoft.VisualStudio.QualityTools.Tips.UnitTest.Adapter, Version=9.0.0.0, Culture=neutral, PublicKeyToken=b03f5f7f11d50a3a" className="Test.MySqlTest, Test" name="Skip_Nested" />
    </UnitTest>
    <UnitTest name="Max_Grouped" storage="d:\alinq\source\trunk\test\bin\debug\test.dll" id="5482ed8f-9ae5-2a94-1fe7-e8a0f42fb5a7">
      <Css projectStructure="" iteration="" />
      <Owners>
        <Owner name="" />
      </Owners>
      <TestMethod codeBase="D:\ALinq\Source\Trunk\Test\bin\Debug\Test.dll" adapterTypeName="Microsoft.VisualStudio.TestTools.TestTypes.Unit.UnitTestAdapter, Microsoft.VisualStudio.QualityTools.Tips.UnitTest.Adapter, Version=9.0.0.0, Culture=neutral, PublicKeyToken=b03f5f7f11d50a3a" className="Test.SQL2000Test, Test" name="Max_Grouped" />
    </UnitTest>
    <UnitTest name="DateTime_Date" storage="d:\alinq\source\trunk\test\bin\debug\test.dll" id="ec27962a-f48f-05b6-5813-babfa02ad9db">
      <Css projectStructure="" iteration="" />
      <Owners>
        <Owner name="" />
      </Owners>
      <TestMethod codeBase="D:\ALinq\Source\Trunk\Test\bin\Debug\Test.dll" adapterTypeName="Microsoft.VisualStudio.TestTools.TestTypes.Unit.UnitTestAdapter, Microsoft.VisualStudio.QualityTools.Tips.UnitTest.Adapter, Version=9.0.0.0, Culture=neutral, PublicKeyToken=b03f5f7f11d50a3a" className="Test.AccessTest, Test" name="DateTime_Date" />
    </UnitTest>
    <UnitTest name="Distinct1" storage="d:\alinq\source\trunk\test\bin\debug\test.dll" id="58fcf67a-1400-80ae-f3af-c8374a93c5e4">
      <Css projectStructure="" iteration="" />
      <Owners>
        <Owner name="" />
      </Owners>
      <TestMethod codeBase="D:\ALinq\Source\Trunk\Test\bin\Debug\Test.dll" adapterTypeName="Microsoft.VisualStudio.TestTools.TestTypes.Unit.UnitTestAdapter, Microsoft.VisualStudio.QualityTools.Tips.UnitTest.Adapter, Version=9.0.0.0, Culture=neutral, PublicKeyToken=b03f5f7f11d50a3a" className="Test.DB2Test, Test" name="Distinct1" />
    </UnitTest>
    <UnitTest name="GroupBy_Day" storage="d:\alinq\source\trunk\test\bin\debug\test.dll" id="17f29182-e06e-b735-c56a-5c45ea3f2482">
      <Css projectStructure="" iteration="" />
      <Owners>
        <Owner name="" />
      </Owners>
      <TestMethod codeBase="D:\ALinq\Source\Trunk\Test\bin\Debug\Test.dll" adapterTypeName="Microsoft.VisualStudio.TestTools.TestTypes.Unit.UnitTestAdapter, Microsoft.VisualStudio.QualityTools.Tips.UnitTest.Adapter, Version=9.0.0.0, Culture=neutral, PublicKeyToken=b03f5f7f11d50a3a" className="Test.DB2Test, Test" name="GroupBy_Day" />
    </UnitTest>
    <UnitTest name="Math_Pow" storage="d:\alinq\source\trunk\test\bin\debug\test.dll" id="34f3008d-1607-7a02-6161-cdfac5fd18c2">
      <Css projectStructure="" iteration="" />
      <Owners>
        <Owner name="" />
      </Owners>
      <TestMethod codeBase="D:\ALinq\Source\Trunk\Test\bin\Debug\Test.dll" adapterTypeName="Microsoft.VisualStudio.TestTools.TestTypes.Unit.UnitTestAdapter, Microsoft.VisualStudio.QualityTools.Tips.UnitTest.Adapter, Version=9.0.0.0, Culture=neutral, PublicKeyToken=b03f5f7f11d50a3a" className="Test.SQLiteTest, Test" name="Math_Pow" />
    </UnitTest>
    <UnitTest name="First" priority="20" storage="d:\alinq\source\trunk\test\bin\debug\test.dll" id="f2f14615-d3b9-d372-0677-8bdcbd770db1">
      <Css projectStructure="" iteration="" />
      <Owners>
        <Owner name="" />
      </Owners>
      <TestMethod codeBase="D:\ALinq\Source\Trunk\Test\bin\Debug\Test.dll" adapterTypeName="Microsoft.VisualStudio.TestTools.TestTypes.Unit.UnitTestAdapter, Microsoft.VisualStudio.QualityTools.Tips.UnitTest.Adapter, Version=9.0.0.0, Culture=neutral, PublicKeyToken=b03f5f7f11d50a3a" className="Test.AccessTest, Test" name="First" />
    </UnitTest>
    <UnitTest name="Max_Grouped" storage="d:\alinq\source\trunk\test\bin\debug\test.dll" id="86c37a30-dcd6-d77b-76fe-1679a149e8fe">
      <Css projectStructure="" iteration="" />
      <Owners>
        <Owner name="" />
      </Owners>
      <TestMethod codeBase="D:\ALinq\Source\Trunk\Test\bin\Debug\Test.dll" adapterTypeName="Microsoft.VisualStudio.TestTools.TestTypes.Unit.UnitTestAdapter, Microsoft.VisualStudio.QualityTools.Tips.UnitTest.Adapter, Version=9.0.0.0, Culture=neutral, PublicKeyToken=b03f5f7f11d50a3a" className="Test.PgsqlTest, Test" name="Max_Grouped" />
    </UnitTest>
    <UnitTest name="Math_Tanh" storage="d:\alinq\source\trunk\test\bin\debug\test.dll" id="89a00840-b205-c5fd-be4c-9810222d1785">
      <Css projectStructure="" iteration="" />
      <Owners>
        <Owner name="" />
      </Owners>
      <TestMethod codeBase="D:\ALinq\Source\Trunk\Test\bin\Debug\Test.dll" adapterTypeName="Microsoft.VisualStudio.TestTools.TestTypes.Unit.UnitTestAdapter, Microsoft.VisualStudio.QualityTools.Tips.UnitTest.Adapter, Version=9.0.0.0, Culture=neutral, PublicKeyToken=b03f5f7f11d50a3a" className="Test.MySqlTest, Test" name="Math_Tanh" />
    </UnitTest>
    <UnitTest name="String_NullSelect" storage="d:\alinq\source\trunk\test\bin\debug\test.dll" id="10bcbd4c-85d1-d75d-ebba-1f8d0445e557">
      <Css projectStructure="" iteration="" />
      <Owners>
        <Owner name="" />
      </Owners>
      <TestMethod codeBase="D:\ALinq\Source\Trunk\Test\bin\Debug\Test.dll" adapterTypeName="Microsoft.VisualStudio.TestTools.TestTypes.Unit.UnitTestAdapter, Microsoft.VisualStudio.QualityTools.Tips.UnitTest.Adapter, Version=9.0.0.0, Culture=neutral, PublicKeyToken=b03f5f7f11d50a3a" className="Test.MySqlTest, Test" name="String_NullSelect" />
    </UnitTest>
    <UnitTest name="Aggregate_Null" storage="d:\alinq\source\trunk\test\bin\debug\test.dll" id="0f56250a-fcaa-2fa0-39e7-32c7818710b4">
      <Css projectStructure="" iteration="" />
      <Owners>
        <Owner name="" />
      </Owners>
      <TestMethod codeBase="D:\ALinq\Source\Trunk\Test\bin\Debug\Test.dll" adapterTypeName="Microsoft.VisualStudio.TestTools.TestTypes.Unit.UnitTestAdapter, Microsoft.VisualStudio.QualityTools.Tips.UnitTest.Adapter, Version=9.0.0.0, Culture=neutral, PublicKeyToken=b03f5f7f11d50a3a" className="Test.SQLiteTest, Test" name="Aggregate_Null" />
    </UnitTest>
    <UnitTest name="Count_Simple" storage="d:\alinq\source\trunk\test\bin\debug\test.dll" id="08823a5d-be6b-93ad-43eb-330638368868">
      <Css projectStructure="" iteration="" />
      <Owners>
        <Owner name="" />
      </Owners>
      <TestMethod codeBase="D:\ALinq\Source\Trunk\Test\bin\Debug\Test.dll" adapterTypeName="Microsoft.VisualStudio.TestTools.TestTypes.Unit.UnitTestAdapter, Microsoft.VisualStudio.QualityTools.Tips.UnitTest.Adapter, Version=9.0.0.0, Culture=neutral, PublicKeyToken=b03f5f7f11d50a3a" className="Test.SQL2000Test, Test" name="Count_Simple" />
    </UnitTest>
    <UnitTest name="Sum_Empty" storage="d:\alinq\source\trunk\test\bin\debug\test.dll" id="661c8443-1852-44b7-ba7e-97e8baded4d9">
      <Css projectStructure="" iteration="" />
      <Owners>
        <Owner name="" />
      </Owners>
      <TestMethod codeBase="D:\ALinq\Source\Trunk\Test\bin\Debug\Test.dll" adapterTypeName="Microsoft.VisualStudio.TestTools.TestTypes.Unit.UnitTestAdapter, Microsoft.VisualStudio.QualityTools.Tips.UnitTest.Adapter, Version=9.0.0.0, Culture=neutral, PublicKeyToken=b03f5f7f11d50a3a" className="Test.PgsqlTest, Test" name="Sum_Empty" />
    </UnitTest>
    <UnitTest name="Any_Condition" storage="d:\alinq\source\trunk\test\bin\debug\test.dll" id="64fc86cc-6048-24c5-e012-ec5ff687bb1b">
      <Css projectStructure="" iteration="" />
      <Owners>
        <Owner name="" />
      </Owners>
      <TestMethod codeBase="D:\ALinq\Source\Trunk\Test\bin\Debug\Test.dll" adapterTypeName="Microsoft.VisualStudio.TestTools.TestTypes.Unit.UnitTestAdapter, Microsoft.VisualStudio.QualityTools.Tips.UnitTest.Adapter, Version=9.0.0.0, Culture=neutral, PublicKeyToken=b03f5f7f11d50a3a" className="Test.PgsqlTest, Test" name="Any_Condition" />
    </UnitTest>
    <UnitTest name="CreateProcedure1" storage="d:\alinq\source\trunk\test\bin\debug\test.dll" id="2af04b73-38f8-ffd7-4f35-3a95073b1f62">
      <Css projectStructure="" iteration="" />
      <Owners>
        <Owner name="" />
      </Owners>
      <TestMethod codeBase="D:\ALinq\Source\Trunk\Test\bin\Debug\Test.dll" adapterTypeName="Microsoft.VisualStudio.TestTools.TestTypes.Unit.UnitTestAdapter, Microsoft.VisualStudio.QualityTools.Tips.UnitTest.Adapter, Version=9.0.0.0, Culture=neutral, PublicKeyToken=b03f5f7f11d50a3a" className="Test.FirebirdProcedureTest, Test" name="CreateProcedure1" />
    </UnitTest>
    <UnitTest name="DateTime_Date" storage="d:\alinq\source\trunk\test\bin\debug\test.dll" id="433685b0-1d9e-e35c-d2ae-f6dd02d1e366">
      <Css projectStructure="" iteration="" />
      <Owners>
        <Owner name="" />
      </Owners>
      <TestMethod codeBase="D:\ALinq\Source\Trunk\Test\bin\Debug\Test.dll" adapterTypeName="Microsoft.VisualStudio.TestTools.TestTypes.Unit.UnitTestAdapter, Microsoft.VisualStudio.QualityTools.Tips.UnitTest.Adapter, Version=9.0.0.0, Culture=neutral, PublicKeyToken=b03f5f7f11d50a3a" className="Test.OdpOracleTest, Test" name="DateTime_Date" />
    </UnitTest>
    <UnitTest name="Where_Simple3" storage="d:\alinq\source\trunk\test\bin\debug\test.dll" id="fd741b2f-69a6-83fa-15a8-ee73b058bc9e">
      <Css projectStructure="" iteration="" />
      <Owners>
        <Owner name="" />
      </Owners>
      <TestMethod codeBase="D:\ALinq\Source\Trunk\Test\bin\Debug\Test.dll" adapterTypeName="Microsoft.VisualStudio.TestTools.TestTypes.Unit.UnitTestAdapter, Microsoft.VisualStudio.QualityTools.Tips.UnitTest.Adapter, Version=9.0.0.0, Culture=neutral, PublicKeyToken=b03f5f7f11d50a3a" className="Test.SQL2000Test, Test" name="Where_Simple3" />
    </UnitTest>
    <UnitTest name="DataType_Enum" storage="d:\alinq\source\trunk\test\bin\debug\test.dll" id="29d2ce58-d653-b79b-9d09-da10199b0ec0">
      <Css projectStructure="" iteration="" />
      <Owners>
        <Owner name="" />
      </Owners>
      <TestMethod codeBase="D:\ALinq\Source\Trunk\Test\bin\Debug\Test.dll" adapterTypeName="Microsoft.VisualStudio.TestTools.TestTypes.Unit.UnitTestAdapter, Microsoft.VisualStudio.QualityTools.Tips.UnitTest.Adapter, Version=9.0.0.0, Culture=neutral, PublicKeyToken=b03f5f7f11d50a3a" className="Test.SqlTest, Test" name="DataType_Enum" />
    </UnitTest>
    <UnitTest name="String_Substring1" storage="d:\alinq\source\trunk\test\bin\debug\test.dll" id="80799b00-b937-17ff-12f6-1004794440bb">
      <Css projectStructure="" iteration="" />
      <Owners>
        <Owner name="" />
      </Owners>
      <TestMethod codeBase="D:\ALinq\Source\Trunk\Test\bin\Debug\Test.dll" adapterTypeName="Microsoft.VisualStudio.TestTools.TestTypes.Unit.UnitTestAdapter, Microsoft.VisualStudio.QualityTools.Tips.UnitTest.Adapter, Version=9.0.0.0, Culture=neutral, PublicKeyToken=b03f5f7f11d50a3a" className="Test.NorOracleTest, Test" name="String_Substring1" />
    </UnitTest>
    <UnitTest name="String_ToUpperInvariant" storage="d:\alinq\source\trunk\test\bin\debug\test.dll" id="3c770a1e-524d-ab86-cb17-128e049e5dfc">
      <Css projectStructure="" iteration="" />
      <Owners>
        <Owner name="" />
      </Owners>
      <TestMethod codeBase="D:\ALinq\Source\Trunk\Test\bin\Debug\Test.dll" adapterTypeName="Microsoft.VisualStudio.TestTools.TestTypes.Unit.UnitTestAdapter, Microsoft.VisualStudio.QualityTools.Tips.UnitTest.Adapter, Version=9.0.0.0, Culture=neutral, PublicKeyToken=b03f5f7f11d50a3a" className="Test.DB2Test, Test" name="String_ToUpperInvariant" />
    </UnitTest>
    <UnitTest name="ColumnsTest" storage="d:\alinq\source\trunk\test\bin\debug\test.dll" id="b92d2e37-f670-cf45-1ee4-1fac938fbb02">
      <Css projectStructure="" iteration="" />
      <Owners>
        <Owner name="" />
      </Owners>
      <TestMethod codeBase="D:\ALinq\Source\Trunk\Test\bin\Debug\Test.dll" adapterTypeName="Microsoft.VisualStudio.TestTools.TestTypes.Unit.UnitTestAdapter, Microsoft.VisualStudio.QualityTools.Tips.UnitTest.Adapter, Version=9.0.0.0, Culture=neutral, PublicKeyToken=b03f5f7f11d50a3a" className="Test.DynamicData.DataModelProviderTest, Test" name="ColumnsTest" />
    </UnitTest>
    <UnitTest name="StringIndexOf" storage="d:\alinq\source\trunk\test\bin\debug\test.dll" id="cb3b32b1-6421-67d4-09e6-b884d03b1de3">
      <Css projectStructure="" iteration="" />
      <Owners>
        <Owner name="" />
      </Owners>
      <TestMethod codeBase="D:\ALinq\Source\Trunk\Test\bin\Debug\Test.dll" adapterTypeName="Microsoft.VisualStudio.TestTools.TestTypes.Unit.UnitTestAdapter, Microsoft.VisualStudio.QualityTools.Tips.UnitTest.Adapter, Version=9.0.0.0, Culture=neutral, PublicKeyToken=b03f5f7f11d50a3a" className="Test.MySqlTest, Test" name="StringIndexOf" />
    </UnitTest>
    <UnitTest name="Convert_ToInt64" storage="d:\alinq\source\trunk\test\bin\debug\test.dll" id="9d2bd9f2-c65b-c1ff-0704-591f1f34bf59">
      <Css projectStructure="" iteration="" />
      <Owners>
        <Owner name="" />
      </Owners>
      <TestMethod codeBase="D:\ALinq\Source\Trunk\Test\bin\Debug\Test.dll" adapterTypeName="Microsoft.VisualStudio.TestTools.TestTypes.Unit.UnitTestAdapter, Microsoft.VisualStudio.QualityTools.Tips.UnitTest.Adapter, Version=9.0.0.0, Culture=neutral, PublicKeyToken=b03f5f7f11d50a3a" className="Test.DB2Test, Test" name="Convert_ToInt64" />
    </UnitTest>
    <UnitTest name="String_IndexOf4" storage="d:\alinq\source\trunk\test\bin\debug\test.dll" id="c7107776-0b7b-c5f5-cea4-8caa71ac11dd">
      <Css projectStructure="" iteration="" />
      <Owners>
        <Owner name="" />
      </Owners>
      <TestMethod codeBase="D:\ALinq\Source\Trunk\Test\bin\Debug\Test.dll" adapterTypeName="Microsoft.VisualStudio.TestTools.TestTypes.Unit.UnitTestAdapter, Microsoft.VisualStudio.QualityTools.Tips.UnitTest.Adapter, Version=9.0.0.0, Culture=neutral, PublicKeyToken=b03f5f7f11d50a3a" className="Test.SqlTest, Test" name="String_IndexOf4" />
    </UnitTest>
    <UnitTest name="DataType_Int64" storage="d:\alinq\source\trunk\test\bin\debug\test.dll" id="f458a453-eeef-b960-784b-634f65e646e0">
      <Css projectStructure="" iteration="" />
      <Owners>
        <Owner name="" />
      </Owners>
      <TestMethod codeBase="D:\ALinq\Source\Trunk\Test\bin\Debug\Test.dll" adapterTypeName="Microsoft.VisualStudio.TestTools.TestTypes.Unit.UnitTestAdapter, Microsoft.VisualStudio.QualityTools.Tips.UnitTest.Adapter, Version=9.0.0.0, Culture=neutral, PublicKeyToken=b03f5f7f11d50a3a" className="Test.FirebirdTest, Test" name="DataType_Int64" />
    </UnitTest>
    <UnitTest name="CollectionConvert" storage="d:\alinq\source\trunk\test\bin\debug\test.dll" id="7ce31d75-0e05-53cf-5bd0-37285326417a">
      <Css projectStructure="" iteration="" />
      <Owners>
        <Owner name="" />
      </Owners>
      <TestMethod codeBase="D:\ALinq\Source\Trunk\Test\bin\Debug\Test.dll" adapterTypeName="Microsoft.VisualStudio.TestTools.TestTypes.Unit.UnitTestAdapter, Microsoft.VisualStudio.QualityTools.Tips.UnitTest.Adapter, Version=9.0.0.0, Culture=neutral, PublicKeyToken=b03f5f7f11d50a3a" className="Test.SQL2005Test, Test" name="CollectionConvert" />
    </UnitTest>
    <UnitTest name="Math_Round2" storage="d:\alinq\source\trunk\test\bin\debug\test.dll" id="d5a12255-d6a9-37e3-7462-1692ea4ddc90">
      <Css projectStructure="" iteration="" />
      <Owners>
        <Owner name="" />
      </Owners>
      <TestMethod codeBase="D:\ALinq\Source\Trunk\Test\bin\Debug\Test.dll" adapterTypeName="Microsoft.VisualStudio.TestTools.TestTypes.Unit.UnitTestAdapter, Microsoft.VisualStudio.QualityTools.Tips.UnitTest.Adapter, Version=9.0.0.0, Culture=neutral, PublicKeyToken=b03f5f7f11d50a3a" className="Test.SQL2000Test, Test" name="Math_Round2" />
    </UnitTest>
    <UnitTest name="Math_Round2" storage="d:\alinq\source\trunk\test\bin\debug\test.dll" id="49fd7ca7-ef96-fd3a-5558-a3edb2aea8e3">
      <Css projectStructure="" iteration="" />
      <Owners>
        <Owner name="" />
      </Owners>
      <TestMethod codeBase="D:\ALinq\Source\Trunk\Test\bin\Debug\Test.dll" adapterTypeName="Microsoft.VisualStudio.TestTools.TestTypes.Unit.UnitTestAdapter, Microsoft.VisualStudio.QualityTools.Tips.UnitTest.Adapter, Version=9.0.0.0, Culture=neutral, PublicKeyToken=b03f5f7f11d50a3a" className="Test.NorOracleTest, Test" name="Math_Round2" />
    </UnitTest>
    <UnitTest name="String_IndexOf2" storage="d:\alinq\source\trunk\test\bin\debug\test.dll" id="a544a2a1-cea0-9162-1d59-36ab693cae9a">
      <Css projectStructure="" iteration="" />
      <Owners>
        <Owner name="" />
      </Owners>
      <TestMethod codeBase="D:\ALinq\Source\Trunk\Test\bin\Debug\Test.dll" adapterTypeName="Microsoft.VisualStudio.TestTools.TestTypes.Unit.UnitTestAdapter, Microsoft.VisualStudio.QualityTools.Tips.UnitTest.Adapter, Version=9.0.0.0, Culture=neutral, PublicKeyToken=b03f5f7f11d50a3a" className="Test.NorOracleTest, Test" name="String_IndexOf2" />
    </UnitTest>
    <UnitTest name="GroupBy_Max" storage="d:\alinq\source\trunk\test\bin\debug\test.dll" id="f5939b4d-6261-273c-fecb-2b30a82259f3">
      <Css projectStructure="" iteration="" />
      <Owners>
        <Owner name="" />
      </Owners>
      <TestMethod codeBase="D:\ALinq\Source\Trunk\Test\bin\Debug\Test.dll" adapterTypeName="Microsoft.VisualStudio.TestTools.TestTypes.Unit.UnitTestAdapter, Microsoft.VisualStudio.QualityTools.Tips.UnitTest.Adapter, Version=9.0.0.0, Culture=neutral, PublicKeyToken=b03f5f7f11d50a3a" className="Test.PgsqlTest, Test" name="GroupBy_Max" />
    </UnitTest>
    <UnitTest name="Math_Cos" storage="d:\alinq\source\trunk\test\bin\debug\test.dll" id="c198beac-a672-91f1-5c22-985d1cdd0d67">
      <Css projectStructure="" iteration="" />
      <Owners>
        <Owner name="" />
      </Owners>
      <TestMethod codeBase="D:\ALinq\Source\Trunk\Test\bin\Debug\Test.dll" adapterTypeName="Microsoft.VisualStudio.TestTools.TestTypes.Unit.UnitTestAdapter, Microsoft.VisualStudio.QualityTools.Tips.UnitTest.Adapter, Version=9.0.0.0, Culture=neutral, PublicKeyToken=b03f5f7f11d50a3a" className="Test.PgsqlTest, Test" name="Math_Cos" />
    </UnitTest>
    <UnitTest name="Math_Cos" storage="d:\alinq\source\trunk\test\bin\debug\test.dll" id="d05aad29-189c-7cde-a82a-10249e102508">
      <Css projectStructure="" iteration="" />
      <Owners>
        <Owner name="" />
      </Owners>
      <TestMethod codeBase="D:\ALinq\Source\Trunk\Test\bin\Debug\Test.dll" adapterTypeName="Microsoft.VisualStudio.TestTools.TestTypes.Unit.UnitTestAdapter, Microsoft.VisualStudio.QualityTools.Tips.UnitTest.Adapter, Version=9.0.0.0, Culture=neutral, PublicKeyToken=b03f5f7f11d50a3a" className="Test.FirebirdTest, Test" name="Math_Cos" />
    </UnitTest>
    <UnitTest name="Insert_Inherit" storage="d:\alinq\source\trunk\test\bin\debug\test.dll" id="c2104339-f138-e025-1458-ac10bd484281">
      <Css projectStructure="" iteration="" />
      <Owners>
        <Owner name="" />
      </Owners>
      <TestMethod codeBase="D:\ALinq\Source\Trunk\Test\bin\Debug\Test.dll" adapterTypeName="Microsoft.VisualStudio.TestTools.TestTypes.Unit.UnitTestAdapter, Microsoft.VisualStudio.QualityTools.Tips.UnitTest.Adapter, Version=9.0.0.0, Culture=neutral, PublicKeyToken=b03f5f7f11d50a3a" className="Test.MySqlTest, Test" name="Insert_Inherit" />
    </UnitTest>
    <UnitTest name="ComposeKey" storage="d:\alinq\source\trunk\test\bin\debug\test.dll" id="3d07dfc5-2d29-9a4c-2759-581271a43de6">
      <Css projectStructure="" iteration="" />
      <Owners>
        <Owner name="" />
      </Owners>
      <TestMethod codeBase="D:\ALinq\Source\Trunk\Test\bin\Debug\Test.dll" adapterTypeName="Microsoft.VisualStudio.TestTools.TestTypes.Unit.UnitTestAdapter, Microsoft.VisualStudio.QualityTools.Tips.UnitTest.Adapter, Version=9.0.0.0, Culture=neutral, PublicKeyToken=b03f5f7f11d50a3a" className="Test.FirebirdTest, Test" name="ComposeKey" />
    </UnitTest>
    <UnitTest name="IfEqualTest" storage="d:\alinq\source\trunk\test\bin\debug\test.dll" id="2d05e8ba-280a-c15a-4fbc-416d613c00ff">
      <Css projectStructure="" iteration="" />
      <Owners>
        <Owner name="" />
      </Owners>
      <TestMethod codeBase="D:\ALinq\Source\Trunk\Test\bin\Debug\Test.dll" adapterTypeName="Microsoft.VisualStudio.TestTools.TestTypes.Unit.UnitTestAdapter, Microsoft.VisualStudio.QualityTools.Tips.UnitTest.Adapter, Version=9.0.0.0, Culture=neutral, PublicKeyToken=b03f5f7f11d50a3a" className="Test.MySqlTest, Test" name="IfEqualTest" />
    </UnitTest>
    <UnitTest name="DateDiffYear" storage="d:\alinq\source\trunk\test\bin\debug\test.dll" id="b46d37ee-20d6-0ca2-86ff-6bd8906f53d2">
      <Css projectStructure="" iteration="" />
      <Owners>
        <Owner name="" />
      </Owners>
      <TestMethod codeBase="D:\ALinq\Source\Trunk\Test\bin\Debug\Test.dll" adapterTypeName="Microsoft.VisualStudio.TestTools.TestTypes.Unit.UnitTestAdapter, Microsoft.VisualStudio.QualityTools.Tips.UnitTest.Adapter, Version=9.0.0.0, Culture=neutral, PublicKeyToken=b03f5f7f11d50a3a" className="Test.AccessSqlMethods, Test" name="DateDiffYear" />
    </UnitTest>
    <UnitTest name="OrderBy_GroupBy" storage="d:\alinq\source\trunk\test\bin\debug\test.dll" id="9c2b5b94-04a1-8c85-eb8b-9b2ec706bf81">
      <Css projectStructure="" iteration="" />
      <Owners>
        <Owner name="" />
      </Owners>
      <TestMethod codeBase="D:\ALinq\Source\Trunk\Test\bin\Debug\Test.dll" adapterTypeName="Microsoft.VisualStudio.TestTools.TestTypes.Unit.UnitTestAdapter, Microsoft.VisualStudio.QualityTools.Tips.UnitTest.Adapter, Version=9.0.0.0, Culture=neutral, PublicKeyToken=b03f5f7f11d50a3a" className="Test.PgsqlTest, Test" name="OrderBy_GroupBy" />
    </UnitTest>
    <UnitTest name="DataType_UInt64" storage="d:\alinq\source\trunk\test\bin\debug\test.dll" id="8e8c7756-81ac-a2ba-2320-9253d3879759">
      <Css projectStructure="" iteration="" />
      <Owners>
        <Owner name="" />
      </Owners>
      <TestMethod codeBase="D:\ALinq\Source\Trunk\Test\bin\Debug\Test.dll" adapterTypeName="Microsoft.VisualStudio.TestTools.TestTypes.Unit.UnitTestAdapter, Microsoft.VisualStudio.QualityTools.Tips.UnitTest.Adapter, Version=9.0.0.0, Culture=neutral, PublicKeyToken=b03f5f7f11d50a3a" className="Test.NorOracleTest, Test" name="DataType_UInt64" />
    </UnitTest>
    <UnitTest name="Any_Simple" storage="d:\alinq\source\trunk\test\bin\debug\test.dll" id="35ca7380-03c2-cd0a-88f7-7b1358db4690">
      <Css projectStructure="" iteration="" />
      <Owners>
        <Owner name="" />
      </Owners>
      <TestMethod codeBase="D:\ALinq\Source\Trunk\Test\bin\Debug\Test.dll" adapterTypeName="Microsoft.VisualStudio.TestTools.TestTypes.Unit.UnitTestAdapter, Microsoft.VisualStudio.QualityTools.Tips.UnitTest.Adapter, Version=9.0.0.0, Culture=neutral, PublicKeyToken=b03f5f7f11d50a3a" className="Test.SQLiteTest, Test" name="Any_Simple" />
    </UnitTest>
    <UnitTest name="DataType_Enum" storage="d:\alinq\source\trunk\test\bin\debug\test.dll" id="2bb471a3-be7d-affa-7731-863e535d642d">
      <Css projectStructure="" iteration="" />
      <Owners>
        <Owner name="" />
      </Owners>
      <TestMethod codeBase="D:\ALinq\Source\Trunk\Test\bin\Debug\Test.dll" adapterTypeName="Microsoft.VisualStudio.TestTools.TestTypes.Unit.UnitTestAdapter, Microsoft.VisualStudio.QualityTools.Tips.UnitTest.Adapter, Version=9.0.0.0, Culture=neutral, PublicKeyToken=b03f5f7f11d50a3a" className="Test.MySqlTest, Test" name="DataType_Enum" />
    </UnitTest>
    <UnitTest name="StringEndsWith" storage="d:\alinq\source\trunk\test\bin\debug\test.dll" id="c5277f3d-04f7-de65-70fd-9b5a89ef5fef">
      <Css projectStructure="" iteration="" />
      <Owners>
        <Owner name="" />
      </Owners>
      <TestMethod codeBase="D:\ALinq\Source\Trunk\Test\bin\Debug\Test.dll" adapterTypeName="Microsoft.VisualStudio.TestTools.TestTypes.Unit.UnitTestAdapter, Microsoft.VisualStudio.QualityTools.Tips.UnitTest.Adapter, Version=9.0.0.0, Culture=neutral, PublicKeyToken=b03f5f7f11d50a3a" className="Test.SQLiteTest, Test" name="StringEndsWith" />
    </UnitTest>
    <UnitTest name="CRUD_Update1" storage="d:\alinq\source\trunk\test\bin\debug\test.dll" id="69fdfeb5-73d0-34e1-f8ea-cc7d3449b36d">
      <Css projectStructure="" iteration="" />
      <Owners>
        <Owner name="" />
      </Owners>
      <TestMethod codeBase="D:\ALinq\Source\Trunk\Test\bin\Debug\Test.dll" adapterTypeName="Microsoft.VisualStudio.TestTools.TestTypes.Unit.UnitTestAdapter, Microsoft.VisualStudio.QualityTools.Tips.UnitTest.Adapter, Version=9.0.0.0, Culture=neutral, PublicKeyToken=b03f5f7f11d50a3a" className="Test.SQL2000Test, Test" name="CRUD_Update1" />
    </UnitTest>
    <UnitTest name="Math_Acos" storage="d:\alinq\source\trunk\test\bin\debug\test.dll" id="1a47fc4d-ce25-53e7-49b1-9e2a072330f3">
      <Css projectStructure="" iteration="" />
      <Owners>
        <Owner name="" />
      </Owners>
      <TestMethod codeBase="D:\ALinq\Source\Trunk\Test\bin\Debug\Test.dll" adapterTypeName="Microsoft.VisualStudio.TestTools.TestTypes.Unit.UnitTestAdapter, Microsoft.VisualStudio.QualityTools.Tips.UnitTest.Adapter, Version=9.0.0.0, Culture=neutral, PublicKeyToken=b03f5f7f11d50a3a" className="Test.OdpOracleTest, Test" name="Math_Acos" />
    </UnitTest>
    <UnitTest name="DateTime_Year" storage="d:\alinq\source\trunk\test\bin\debug\test.dll" id="0c8528b8-cd46-4fa3-c57f-da6309bd62f8">
      <Css projectStructure="" iteration="" />
      <Owners>
        <Owner name="" />
      </Owners>
      <TestMethod codeBase="D:\ALinq\Source\Trunk\Test\bin\Debug\Test.dll" adapterTypeName="Microsoft.VisualStudio.TestTools.TestTypes.Unit.UnitTestAdapter, Microsoft.VisualStudio.QualityTools.Tips.UnitTest.Adapter, Version=9.0.0.0, Culture=neutral, PublicKeyToken=b03f5f7f11d50a3a" className="Test.SQL2000Test, Test" name="DateTime_Year" />
    </UnitTest>
    <UnitTest name="DateTime_Month" storage="d:\alinq\source\trunk\test\bin\debug\test.dll" id="ae41bf89-b61d-8f07-3592-102ab8ebcb24">
      <Css projectStructure="" iteration="" />
      <Owners>
        <Owner name="" />
      </Owners>
      <TestMethod codeBase="D:\ALinq\Source\Trunk\Test\bin\Debug\Test.dll" adapterTypeName="Microsoft.VisualStudio.TestTools.TestTypes.Unit.UnitTestAdapter, Microsoft.VisualStudio.QualityTools.Tips.UnitTest.Adapter, Version=9.0.0.0, Culture=neutral, PublicKeyToken=b03f5f7f11d50a3a" className="Test.DB2Test, Test" name="DateTime_Month" />
    </UnitTest>
    <UnitTest name="StringContain" storage="d:\alinq\source\trunk\test\bin\debug\test.dll" id="ef1ad21a-6805-fb1e-5f7d-f7b348670bee">
      <Css projectStructure="" iteration="" />
      <Owners>
        <Owner name="" />
      </Owners>
      <TestMethod codeBase="D:\ALinq\Source\Trunk\Test\bin\Debug\Test.dll" adapterTypeName="Microsoft.VisualStudio.TestTools.TestTypes.Unit.UnitTestAdapter, Microsoft.VisualStudio.QualityTools.Tips.UnitTest.Adapter, Version=9.0.0.0, Culture=neutral, PublicKeyToken=b03f5f7f11d50a3a" className="Test.DB2Test, Test" name="StringContain" />
    </UnitTest>
    <UnitTest name="Convert_ToBoolean" storage="d:\alinq\source\trunk\test\bin\debug\test.dll" id="295440b2-467b-3749-dd61-9c1b50509f05">
      <Css projectStructure="" iteration="" />
      <Owners>
        <Owner name="" />
      </Owners>
      <TestMethod codeBase="D:\ALinq\Source\Trunk\Test\bin\Debug\Test.dll" adapterTypeName="Microsoft.VisualStudio.TestTools.TestTypes.Unit.UnitTestAdapter, Microsoft.VisualStudio.QualityTools.Tips.UnitTest.Adapter, Version=9.0.0.0, Culture=neutral, PublicKeyToken=b03f5f7f11d50a3a" className="Test.SQLiteTest, Test" name="Convert_ToBoolean" />
    </UnitTest>
    <UnitTest name="DateTimeLE" storage="d:\alinq\source\trunk\test\bin\debug\test.dll" id="35117c9e-a0cb-6f29-8e9b-ad43e40b5aef">
      <Css projectStructure="" iteration="" />
      <Owners>
        <Owner name="" />
      </Owners>
      <TestMethod codeBase="D:\ALinq\Source\Trunk\Test\bin\Debug\Test.dll" adapterTypeName="Microsoft.VisualStudio.TestTools.TestTypes.Unit.UnitTestAdapter, Microsoft.VisualStudio.QualityTools.Tips.UnitTest.Adapter, Version=9.0.0.0, Culture=neutral, PublicKeyToken=b03f5f7f11d50a3a" className="Test.PgsqlTest, Test" name="DateTimeLE" />
    </UnitTest>
    <UnitTest name="InsertMethod" storage="d:\alinq\source\trunk\test\bin\debug\test.dll" id="84642b98-32f9-bb99-8dbc-287952b0c97e">
      <Css projectStructure="" iteration="" />
      <Owners>
        <Owner name="" />
      </Owners>
      <TestMethod codeBase="D:\ALinq\Source\Trunk\Test\bin\Debug\Test.dll" adapterTypeName="Microsoft.VisualStudio.TestTools.TestTypes.Unit.UnitTestAdapter, Microsoft.VisualStudio.QualityTools.Tips.UnitTest.Adapter, Version=9.0.0.0, Culture=neutral, PublicKeyToken=b03f5f7f11d50a3a" className="Test.DataContextTest, Test" name="InsertMethod" />
    </UnitTest>
    <UnitTest name="Convert_ToInt32" storage="d:\alinq\source\trunk\test\bin\debug\test.dll" id="fba9896d-7a49-002e-b57d-aa08008da65e">
      <Css projectStructure="" iteration="" />
      <Owners>
        <Owner name="" />
      </Owners>
      <TestMethod codeBase="D:\ALinq\Source\Trunk\Test\bin\Debug\Test.dll" adapterTypeName="Microsoft.VisualStudio.TestTools.TestTypes.Unit.UnitTestAdapter, Microsoft.VisualStudio.QualityTools.Tips.UnitTest.Adapter, Version=9.0.0.0, Culture=neutral, PublicKeyToken=b03f5f7f11d50a3a" className="Test.SqlTest, Test" name="Convert_ToInt32" />
    </UnitTest>
    <UnitTest name="DateDiffDay" storage="d:\alinq\source\trunk\test\bin\debug\test.dll" id="6ad0efad-01fa-5a6b-24e3-309e70fa3e6b">
      <Css projectStructure="" iteration="" />
      <Owners>
        <Owner name="" />
      </Owners>
      <TestMethod codeBase="D:\ALinq\Source\Trunk\Test\bin\Debug\Test.dll" adapterTypeName="Microsoft.VisualStudio.TestTools.TestTypes.Unit.UnitTestAdapter, Microsoft.VisualStudio.QualityTools.Tips.UnitTest.Adapter, Version=9.0.0.0, Culture=neutral, PublicKeyToken=b03f5f7f11d50a3a" className="Test.MySqlMethods, Test" name="DateDiffDay" />
    </UnitTest>
    <UnitTest name="DateDiffDay" storage="d:\alinq\source\trunk\test\bin\debug\test.dll" id="d0b1f3cf-554e-f1c3-5cc1-92f5c1a2893d">
      <Css projectStructure="" iteration="" />
      <Owners>
        <Owner name="" />
      </Owners>
      <TestMethod codeBase="D:\ALinq\Source\Trunk\Test\bin\Debug\Test.dll" adapterTypeName="Microsoft.VisualStudio.TestTools.TestTypes.Unit.UnitTestAdapter, Microsoft.VisualStudio.QualityTools.Tips.UnitTest.Adapter, Version=9.0.0.0, Culture=neutral, PublicKeyToken=b03f5f7f11d50a3a" className="Test.AccessSqlMethods, Test" name="DateDiffDay" />
    </UnitTest>
    <UnitTest name="Min_Grouped" storage="d:\alinq\source\trunk\test\bin\debug\test.dll" id="fb7f21e0-1d20-5140-5c56-a515ce58000b">
      <Css projectStructure="" iteration="" />
      <Owners>
        <Owner name="" />
      </Owners>
      <TestMethod codeBase="D:\ALinq\Source\Trunk\Test\bin\Debug\Test.dll" adapterTypeName="Microsoft.VisualStudio.TestTools.TestTypes.Unit.UnitTestAdapter, Microsoft.VisualStudio.QualityTools.Tips.UnitTest.Adapter, Version=9.0.0.0, Culture=neutral, PublicKeyToken=b03f5f7f11d50a3a" className="Test.PgsqlTest, Test" name="Min_Grouped" />
    </UnitTest>
    <UnitTest name="Math_Abs" storage="d:\alinq\source\trunk\test\bin\debug\test.dll" id="0d98e4ae-5769-0c21-077b-77c0850cabe2">
      <Css projectStructure="" iteration="" />
      <Owners>
        <Owner name="" />
      </Owners>
      <TestMethod codeBase="D:\ALinq\Source\Trunk\Test\bin\Debug\Test.dll" adapterTypeName="Microsoft.VisualStudio.TestTools.TestTypes.Unit.UnitTestAdapter, Microsoft.VisualStudio.QualityTools.Tips.UnitTest.Adapter, Version=9.0.0.0, Culture=neutral, PublicKeyToken=b03f5f7f11d50a3a" className="Test.SQLiteTest, Test" name="Math_Abs" />
    </UnitTest>
    <UnitTest name="All_Simple" storage="d:\alinq\source\trunk\test\bin\debug\test.dll" id="f6d5eb2d-4253-d24c-eb6e-68dd5554f1d4">
      <Css projectStructure="" iteration="" />
      <Owners>
        <Owner name="" />
      </Owners>
      <TestMethod codeBase="D:\ALinq\Source\Trunk\Test\bin\Debug\Test.dll" adapterTypeName="Microsoft.VisualStudio.TestTools.TestTypes.Unit.UnitTestAdapter, Microsoft.VisualStudio.QualityTools.Tips.UnitTest.Adapter, Version=9.0.0.0, Culture=neutral, PublicKeyToken=b03f5f7f11d50a3a" className="Test.PgsqlTest, Test" name="All_Simple" />
    </UnitTest>
    <UnitTest name="String_EndsWith" storage="d:\alinq\source\trunk\test\bin\debug\test.dll" id="032d40b4-ef58-2b69-fe9f-bdb19d9d4871">
      <Css projectStructure="" iteration="" />
      <Owners>
        <Owner name="" />
      </Owners>
      <TestMethod codeBase="D:\ALinq\Source\Trunk\Test\bin\Debug\Test.dll" adapterTypeName="Microsoft.VisualStudio.TestTools.TestTypes.Unit.UnitTestAdapter, Microsoft.VisualStudio.QualityTools.Tips.UnitTest.Adapter, Version=9.0.0.0, Culture=neutral, PublicKeyToken=b03f5f7f11d50a3a" className="Test.DB2Test, Test" name="String_EndsWith" />
    </UnitTest>
    <UnitTest name="Skip_Nested" storage="d:\alinq\source\trunk\test\bin\debug\test.dll" id="87ad86b7-e710-ba61-a274-9b4a80dcf521">
      <Css projectStructure="" iteration="" />
      <Owners>
        <Owner name="" />
      </Owners>
      <TestMethod codeBase="D:\ALinq\Source\Trunk\Test\bin\Debug\Test.dll" adapterTypeName="Microsoft.VisualStudio.TestTools.TestTypes.Unit.UnitTestAdapter, Microsoft.VisualStudio.QualityTools.Tips.UnitTest.Adapter, Version=9.0.0.0, Culture=neutral, PublicKeyToken=b03f5f7f11d50a3a" className="Test.SQL2005Test, Test" name="Skip_Nested" />
    </UnitTest>
    <UnitTest name="DateTime_ToString" storage="d:\alinq\source\trunk\test\bin\debug\test.dll" id="c2c25bc6-12c7-49d5-4768-8b6fdf760958">
      <Css projectStructure="" iteration="" />
      <Owners>
        <Owner name="" />
      </Owners>
      <TestMethod codeBase="D:\ALinq\Source\Trunk\Test\bin\Debug\Test.dll" adapterTypeName="Microsoft.VisualStudio.TestTools.TestTypes.Unit.UnitTestAdapter, Microsoft.VisualStudio.QualityTools.Tips.UnitTest.Adapter, Version=9.0.0.0, Culture=neutral, PublicKeyToken=b03f5f7f11d50a3a" className="Test.FirebirdTest, Test" name="DateTime_ToString" />
    </UnitTest>
    <UnitTest name="CRUD_Insert2" storage="d:\alinq\source\trunk\test\bin\debug\test.dll" id="dc81a826-9357-74ac-f71c-717a63e71a9e">
      <Css projectStructure="" iteration="" />
      <Owners>
        <Owner name="" />
      </Owners>
      <TestMethod codeBase="D:\ALinq\Source\Trunk\Test\bin\Debug\Test.dll" adapterTypeName="Microsoft.VisualStudio.TestTools.TestTypes.Unit.UnitTestAdapter, Microsoft.VisualStudio.QualityTools.Tips.UnitTest.Adapter, Version=9.0.0.0, Culture=neutral, PublicKeyToken=b03f5f7f11d50a3a" className="Test.SqlTest, Test" name="CRUD_Insert2" />
    </UnitTest>
    <UnitTest name="Math_BigMul" storage="d:\alinq\source\trunk\test\bin\debug\test.dll" id="9c3796a3-8db8-03a3-d578-bbe9f314aa6c">
      <Css projectStructure="" iteration="" />
      <Owners>
        <Owner name="" />
      </Owners>
      <TestMethod codeBase="D:\ALinq\Source\Trunk\Test\bin\Debug\Test.dll" adapterTypeName="Microsoft.VisualStudio.TestTools.TestTypes.Unit.UnitTestAdapter, Microsoft.VisualStudio.QualityTools.Tips.UnitTest.Adapter, Version=9.0.0.0, Culture=neutral, PublicKeyToken=b03f5f7f11d50a3a" className="Test.SQLiteTest, Test" name="Math_BigMul" />
    </UnitTest>
    <UnitTest name="Where_Drilldown" storage="d:\alinq\source\trunk\test\bin\debug\test.dll" id="9eef0d1e-fa61-aef9-cb9c-026db7ad7046">
      <Css projectStructure="" iteration="" />
      <Owners>
        <Owner name="" />
      </Owners>
      <TestMethod codeBase="D:\ALinq\Source\Trunk\Test\bin\Debug\Test.dll" adapterTypeName="Microsoft.VisualStudio.TestTools.TestTypes.Unit.UnitTestAdapter, Microsoft.VisualStudio.QualityTools.Tips.UnitTest.Adapter, Version=9.0.0.0, Culture=neutral, PublicKeyToken=b03f5f7f11d50a3a" className="Test.OdpOracleTest, Test" name="Where_Drilldown" />
    </UnitTest>
    <UnitTest name="StringStartsWith" storage="d:\alinq\source\trunk\test\bin\debug\test.dll" id="51540bde-ec2f-4235-964e-9b80534275d2">
      <Css projectStructure="" iteration="" />
      <Owners>
        <Owner name="" />
      </Owners>
      <TestMethod codeBase="D:\ALinq\Source\Trunk\Test\bin\Debug\Test.dll" adapterTypeName="Microsoft.VisualStudio.TestTools.TestTypes.Unit.UnitTestAdapter, Microsoft.VisualStudio.QualityTools.Tips.UnitTest.Adapter, Version=9.0.0.0, Culture=neutral, PublicKeyToken=b03f5f7f11d50a3a" className="Test.FirebirdTest, Test" name="StringStartsWith" />
    </UnitTest>
    <UnitTest name="String_Substring2" storage="d:\alinq\source\trunk\test\bin\debug\test.dll" id="8e98df73-f0ed-7c3a-47d6-f79e5c6ed7b1">
      <Css projectStructure="" iteration="" />
      <Owners>
        <Owner name="" />
      </Owners>
      <TestMethod codeBase="D:\ALinq\Source\Trunk\Test\bin\Debug\Test.dll" adapterTypeName="Microsoft.VisualStudio.TestTools.TestTypes.Unit.UnitTestAdapter, Microsoft.VisualStudio.QualityTools.Tips.UnitTest.Adapter, Version=9.0.0.0, Culture=neutral, PublicKeyToken=b03f5f7f11d50a3a" className="Test.MySqlTest, Test" name="String_Substring2" />
    </UnitTest>
    <UnitTest name="Insert_ManyToMany" storage="d:\alinq\source\trunk\test\bin\debug\test.dll" id="fb804d0f-9009-f42f-956f-7e92477921a3">
      <Css projectStructure="" iteration="" />
      <Owners>
        <Owner name="" />
      </Owners>
      <TestMethod codeBase="D:\ALinq\Source\Trunk\Test\bin\Debug\Test.dll" adapterTypeName="Microsoft.VisualStudio.TestTools.TestTypes.Unit.UnitTestAdapter, Microsoft.VisualStudio.QualityTools.Tips.UnitTest.Adapter, Version=9.0.0.0, Culture=neutral, PublicKeyToken=b03f5f7f11d50a3a" className="Test.SqlTest, Test" name="Insert_ManyToMany" />
    </UnitTest>
    <UnitTest name="DateTime_ToLoaclTime" storage="d:\alinq\source\trunk\test\bin\debug\test.dll" id="241ad267-4429-ce26-8d5f-d8cab70d8cd5">
      <Css projectStructure="" iteration="" />
      <Owners>
        <Owner name="" />
      </Owners>
      <TestMethod codeBase="D:\ALinq\Source\Trunk\Test\bin\Debug\Test.dll" adapterTypeName="Microsoft.VisualStudio.TestTools.TestTypes.Unit.UnitTestAdapter, Microsoft.VisualStudio.QualityTools.Tips.UnitTest.Adapter, Version=9.0.0.0, Culture=neutral, PublicKeyToken=b03f5f7f11d50a3a" className="Test.NorOracleTest, Test" name="DateTime_ToLoaclTime" />
    </UnitTest>
    <UnitTest name="String_TrimEnd" storage="d:\alinq\source\trunk\test\bin\debug\test.dll" id="282bb57e-d133-888b-e519-0243c5576d05">
      <Css projectStructure="" iteration="" />
      <Owners>
        <Owner name="" />
      </Owners>
      <TestMethod codeBase="D:\ALinq\Source\Trunk\Test\bin\Debug\Test.dll" adapterTypeName="Microsoft.VisualStudio.TestTools.TestTypes.Unit.UnitTestAdapter, Microsoft.VisualStudio.QualityTools.Tips.UnitTest.Adapter, Version=9.0.0.0, Culture=neutral, PublicKeyToken=b03f5f7f11d50a3a" className="Test.OdpOracleTest, Test" name="String_TrimEnd" />
    </UnitTest>
    <UnitTest name="StringContain" storage="d:\alinq\source\trunk\test\bin\debug\test.dll" id="057e62be-1ea3-f408-a8ac-520bb0d48b29">
      <Css projectStructure="" iteration="" />
      <Owners>
        <Owner name="" />
      </Owners>
      <TestMethod codeBase="D:\ALinq\Source\Trunk\Test\bin\Debug\Test.dll" adapterTypeName="Microsoft.VisualStudio.TestTools.TestTypes.Unit.UnitTestAdapter, Microsoft.VisualStudio.QualityTools.Tips.UnitTest.Adapter, Version=9.0.0.0, Culture=neutral, PublicKeyToken=b03f5f7f11d50a3a" className="Test.SQLiteTest, Test" name="StringContain" />
    </UnitTest>
    <UnitTest name="Single" storage="d:\alinq\source\trunk\test\bin\debug\test.dll" id="a21d3fed-a897-860f-1a50-91278822ec8c">
      <Css projectStructure="" iteration="" />
      <Owners>
        <Owner name="" />
      </Owners>
      <TestMethod codeBase="D:\ALinq\Source\Trunk\Test\bin\Debug\Test.dll" adapterTypeName="Microsoft.VisualStudio.TestTools.TestTypes.Unit.UnitTestAdapter, Microsoft.VisualStudio.QualityTools.Tips.UnitTest.Adapter, Version=9.0.0.0, Culture=neutral, PublicKeyToken=b03f5f7f11d50a3a" className="Test.AccessTest, Test" name="Single" />
    </UnitTest>
    <UnitTest name="Math_Abs" storage="d:\alinq\source\trunk\test\bin\debug\test.dll" id="bd264e88-eff9-ca0f-1a93-65b81f3e7443">
      <Css projectStructure="" iteration="" />
      <Owners>
        <Owner name="" />
      </Owners>
      <TestMethod codeBase="D:\ALinq\Source\Trunk\Test\bin\Debug\Test.dll" adapterTypeName="Microsoft.VisualStudio.TestTools.TestTypes.Unit.UnitTestAdapter, Microsoft.VisualStudio.QualityTools.Tips.UnitTest.Adapter, Version=9.0.0.0, Culture=neutral, PublicKeyToken=b03f5f7f11d50a3a" className="Test.MySqlTest, Test" name="Math_Abs" />
    </UnitTest>
    <UnitTest name="DateTime_TimeOfDay" storage="d:\alinq\source\trunk\test\bin\debug\test.dll" id="5718d2db-d7da-6344-5fc4-03ccfabfc01f">
      <Css projectStructure="" iteration="" />
      <Owners>
        <Owner name="" />
      </Owners>
      <TestMethod codeBase="D:\ALinq\Source\Trunk\Test\bin\Debug\Test.dll" adapterTypeName="Microsoft.VisualStudio.TestTools.TestTypes.Unit.UnitTestAdapter, Microsoft.VisualStudio.QualityTools.Tips.UnitTest.Adapter, Version=9.0.0.0, Culture=neutral, PublicKeyToken=b03f5f7f11d50a3a" className="Test.FirebirdTest, Test" name="DateTime_TimeOfDay" />
    </UnitTest>
    <UnitTest name="Where_Simple1" storage="d:\alinq\source\trunk\test\bin\debug\test.dll" id="483bf4d8-ce5b-a71b-3faf-d606a961dc73">
      <Css projectStructure="" iteration="" />
      <Owners>
        <Owner name="" />
      </Owners>
      <TestMethod codeBase="D:\ALinq\Source\Trunk\Test\bin\Debug\Test.dll" adapterTypeName="Microsoft.VisualStudio.TestTools.TestTypes.Unit.UnitTestAdapter, Microsoft.VisualStudio.QualityTools.Tips.UnitTest.Adapter, Version=9.0.0.0, Culture=neutral, PublicKeyToken=b03f5f7f11d50a3a" className="Test.SQLiteTest, Test" name="Where_Simple1" />
    </UnitTest>
    <UnitTest name="Test2" storage="d:\alinq\source\trunk\test\bin\debug\test.dll" id="401a7d21-ad77-a381-0888-0581090a2176">
      <Css projectStructure="" iteration="" />
      <Owners>
        <Owner name="" />
      </Owners>
      <TestMethod codeBase="D:\ALinq\Source\Trunk\Test\bin\Debug\Test.dll" adapterTypeName="Microsoft.VisualStudio.TestTools.TestTypes.Unit.UnitTestAdapter, Microsoft.VisualStudio.QualityTools.Tips.UnitTest.Adapter, Version=9.0.0.0, Culture=neutral, PublicKeyToken=b03f5f7f11d50a3a" className="Test.PgsqlTest, Test" name="Test2" />
    </UnitTest>
    <UnitTest name="Math_Sign" storage="d:\alinq\source\trunk\test\bin\debug\test.dll" id="ac312e22-08bf-544f-d926-1f69fd84c6d0">
      <Css projectStructure="" iteration="" />
      <Owners>
        <Owner name="" />
      </Owners>
      <TestMethod codeBase="D:\ALinq\Source\Trunk\Test\bin\Debug\Test.dll" adapterTypeName="Microsoft.VisualStudio.TestTools.TestTypes.Unit.UnitTestAdapter, Microsoft.VisualStudio.QualityTools.Tips.UnitTest.Adapter, Version=9.0.0.0, Culture=neutral, PublicKeyToken=b03f5f7f11d50a3a" className="Test.NorOracleTest, Test" name="Math_Sign" />
    </UnitTest>
    <UnitTest name="SqlMethod_Remote" storage="d:\alinq\source\trunk\test\bin\debug\test.dll" id="0fd5dc18-1f0f-3ea4-03e5-5a706e925645">
      <Css projectStructure="" iteration="" />
      <Owners>
        <Owner name="" />
      </Owners>
      <TestMethod codeBase="D:\ALinq\Source\Trunk\Test\bin\Debug\Test.dll" adapterTypeName="Microsoft.VisualStudio.TestTools.TestTypes.Unit.UnitTestAdapter, Microsoft.VisualStudio.QualityTools.Tips.UnitTest.Adapter, Version=9.0.0.0, Culture=neutral, PublicKeyToken=b03f5f7f11d50a3a" className="Test.SqlTest, Test" name="SqlMethod_Remote" />
    </UnitTest>
    <UnitTest name="OrderBy_GroupBy" storage="d:\alinq\source\trunk\test\bin\debug\test.dll" id="c786ed93-ec80-00a9-7517-6ffd1791c818">
      <Css projectStructure="" iteration="" />
      <Owners>
        <Owner name="" />
      </Owners>
      <TestMethod codeBase="D:\ALinq\Source\Trunk\Test\bin\Debug\Test.dll" adapterTypeName="Microsoft.VisualStudio.TestTools.TestTypes.Unit.UnitTestAdapter, Microsoft.VisualStudio.QualityTools.Tips.UnitTest.Adapter, Version=9.0.0.0, Culture=neutral, PublicKeyToken=b03f5f7f11d50a3a" className="Test.SQL2005Test, Test" name="OrderBy_GroupBy" />
    </UnitTest>
    <UnitTest name="StringInsert" storage="d:\alinq\source\trunk\test\bin\debug\test.dll" id="ede60a8c-89c0-2b21-79b7-5cbd6692b120">
      <Css projectStructure="" iteration="" />
      <Owners>
        <Owner name="" />
      </Owners>
      <TestMethod codeBase="D:\ALinq\Source\Trunk\Test\bin\Debug\Test.dll" adapterTypeName="Microsoft.VisualStudio.TestTools.TestTypes.Unit.UnitTestAdapter, Microsoft.VisualStudio.QualityTools.Tips.UnitTest.Adapter, Version=9.0.0.0, Culture=neutral, PublicKeyToken=b03f5f7f11d50a3a" className="Test.SQLiteTest, Test" name="StringInsert" />
    </UnitTest>
    <UnitTest name="CRUD_Update4" storage="d:\alinq\source\trunk\test\bin\debug\test.dll" id="ff0b9f6c-f76b-cd54-e958-cdfa47dfbfb8">
      <Css projectStructure="" iteration="" />
      <Owners>
        <Owner name="" />
      </Owners>
      <TestMethod codeBase="D:\ALinq\Source\Trunk\Test\bin\Debug\Test.dll" adapterTypeName="Microsoft.VisualStudio.TestTools.TestTypes.Unit.UnitTestAdapter, Microsoft.VisualStudio.QualityTools.Tips.UnitTest.Adapter, Version=9.0.0.0, Culture=neutral, PublicKeyToken=b03f5f7f11d50a3a" className="Test.MySqlTest, Test" name="CRUD_Update4" />
    </UnitTest>
    <UnitTest name="DataType_XElement" storage="d:\alinq\source\trunk\test\bin\debug\test.dll" id="5ea7e41b-93f3-7190-1e9a-962fefc1d01c">
      <Css projectStructure="" iteration="" />
      <Owners>
        <Owner name="" />
      </Owners>
      <TestMethod codeBase="D:\ALinq\Source\Trunk\Test\bin\Debug\Test.dll" adapterTypeName="Microsoft.VisualStudio.TestTools.TestTypes.Unit.UnitTestAdapter, Microsoft.VisualStudio.QualityTools.Tips.UnitTest.Adapter, Version=9.0.0.0, Culture=neutral, PublicKeyToken=b03f5f7f11d50a3a" className="Test.SQL2005Test, Test" name="DataType_XElement" />
    </UnitTest>
    <UnitTest name="Count_Simple" storage="d:\alinq\source\trunk\test\bin\debug\test.dll" id="81f4e56f-24dd-84f7-c1f9-ccbefb52adb3">
      <Css projectStructure="" iteration="" />
      <Owners>
        <Owner name="" />
      </Owners>
      <TestMethod codeBase="D:\ALinq\Source\Trunk\Test\bin\Debug\Test.dll" adapterTypeName="Microsoft.VisualStudio.TestTools.TestTypes.Unit.UnitTestAdapter, Microsoft.VisualStudio.QualityTools.Tips.UnitTest.Adapter, Version=9.0.0.0, Culture=neutral, PublicKeyToken=b03f5f7f11d50a3a" className="Test.SQLiteTest, Test" name="Count_Simple" />
    </UnitTest>
    <UnitTest name="Sum_Empty" storage="d:\alinq\source\trunk\test\bin\debug\test.dll" id="0636e2ba-42ea-9087-0895-22d3b0e7d109">
      <Css projectStructure="" iteration="" />
      <Owners>
        <Owner name="" />
      </Owners>
      <TestMethod codeBase="D:\ALinq\Source\Trunk\Test\bin\Debug\Test.dll" adapterTypeName="Microsoft.VisualStudio.TestTools.TestTypes.Unit.UnitTestAdapter, Microsoft.VisualStudio.QualityTools.Tips.UnitTest.Adapter, Version=9.0.0.0, Culture=neutral, PublicKeyToken=b03f5f7f11d50a3a" className="Test.SqlTest, Test" name="Sum_Empty" />
    </UnitTest>
    <UnitTest name="Test1" storage="d:\alinq\source\trunk\test\bin\debug\test.dll" id="9375b82e-99d3-34cf-587f-edfcbb0c2df4">
      <Css projectStructure="" iteration="" />
      <Owners>
        <Owner name="" />
      </Owners>
      <TestMethod codeBase="D:\ALinq\Source\Trunk\Test\bin\Debug\Test.dll" adapterTypeName="Microsoft.VisualStudio.TestTools.TestTypes.Unit.UnitTestAdapter, Microsoft.VisualStudio.QualityTools.Tips.UnitTest.Adapter, Version=9.0.0.0, Culture=neutral, PublicKeyToken=b03f5f7f11d50a3a" className="Test.SQLiteTest, Test" name="Test1" />
    </UnitTest>
    <UnitTest name="GetCategoryPicture1" storage="d:\alinq\source\trunk\test\bin\debug\test.dll" id="d34e1f3c-6aa4-904b-79ed-354dea40e36c">
      <Css projectStructure="" iteration="" />
      <Owners>
        <Owner name="" />
      </Owners>
      <TestMethod codeBase="D:\ALinq\Source\Trunk\Test\bin\Debug\Test.dll" adapterTypeName="Microsoft.VisualStudio.TestTools.TestTypes.Unit.UnitTestAdapter, Microsoft.VisualStudio.QualityTools.Tips.UnitTest.Adapter, Version=9.0.0.0, Culture=neutral, PublicKeyToken=b03f5f7f11d50a3a" className="Test.OdpOracleProcedureTest, Test" name="GetCategoryPicture1" />
    </UnitTest>
    <UnitTest name="CreateDatabase" storage="d:\alinq\source\trunk\test\bin\debug\test.dll" id="ae0f5448-4a7e-79a7-0af6-678ea5cb3da6">
      <Css projectStructure="" iteration="" />
      <Owners>
        <Owner name="" />
      </Owners>
      <TestMethod codeBase="D:\ALinq\Source\Trunk\Test\bin\Debug\Test.dll" adapterTypeName="Microsoft.VisualStudio.TestTools.TestTypes.Unit.UnitTestAdapter, Microsoft.VisualStudio.QualityTools.Tips.UnitTest.Adapter, Version=9.0.0.0, Culture=neutral, PublicKeyToken=b03f5f7f11d50a3a" className="Test.OdpOracleDataTypeProviderTest, Test" name="CreateDatabase" />
    </UnitTest>
    <UnitTest name="FirstOrDefault" storage="d:\alinq\source\trunk\test\bin\debug\test.dll" id="f2bcd943-e0bb-49bc-fdaa-4335b5d991e8">
      <Css projectStructure="" iteration="" />
      <Owners>
        <Owner name="" />
      </Owners>
      <TestMethod codeBase="D:\ALinq\Source\Trunk\Test\bin\Debug\Test.dll" adapterTypeName="Microsoft.VisualStudio.TestTools.TestTypes.Unit.UnitTestAdapter, Microsoft.VisualStudio.QualityTools.Tips.UnitTest.Adapter, Version=9.0.0.0, Culture=neutral, PublicKeyToken=b03f5f7f11d50a3a" className="Test.SQL2005Test, Test" name="FirstOrDefault" />
    </UnitTest>
    <UnitTest name="Convert_ToInt64" storage="d:\alinq\source\trunk\test\bin\debug\test.dll" id="a60f177a-65d2-43d3-e8b0-86f7f37e1668">
      <Css projectStructure="" iteration="" />
      <Owners>
        <Owner name="" />
      </Owners>
      <TestMethod codeBase="D:\ALinq\Source\Trunk\Test\bin\Debug\Test.dll" adapterTypeName="Microsoft.VisualStudio.TestTools.TestTypes.Unit.UnitTestAdapter, Microsoft.VisualStudio.QualityTools.Tips.UnitTest.Adapter, Version=9.0.0.0, Culture=neutral, PublicKeyToken=b03f5f7f11d50a3a" className="Test.SQLiteTest, Test" name="Convert_ToInt64" />
    </UnitTest>
    <UnitTest name="GroupBy_Avg" storage="d:\alinq\source\trunk\test\bin\debug\test.dll" id="064eb444-fe9e-e5c4-7b62-75514b64b2a1">
      <Css projectStructure="" iteration="" />
      <Owners>
        <Owner name="" />
      </Owners>
      <TestMethod codeBase="D:\ALinq\Source\Trunk\Test\bin\Debug\Test.dll" adapterTypeName="Microsoft.VisualStudio.TestTools.TestTypes.Unit.UnitTestAdapter, Microsoft.VisualStudio.QualityTools.Tips.UnitTest.Adapter, Version=9.0.0.0, Culture=neutral, PublicKeyToken=b03f5f7f11d50a3a" className="Test.SQL2000Test, Test" name="GroupBy_Avg" />
    </UnitTest>
    <UnitTest name="TransactionTest" storage="d:\alinq\source\trunk\test\bin\debug\test.dll" id="ec260da7-3def-b650-b232-e0322ce0af01">
      <Css projectStructure="" iteration="" />
      <Owners>
        <Owner name="" />
      </Owners>
      <TestMethod codeBase="D:\ALinq\Source\Trunk\Test\bin\Debug\Test.dll" adapterTypeName="Microsoft.VisualStudio.TestTools.TestTypes.Unit.UnitTestAdapter, Microsoft.VisualStudio.QualityTools.Tips.UnitTest.Adapter, Version=9.0.0.0, Culture=neutral, PublicKeyToken=b03f5f7f11d50a3a" className="Test.FirebirdTest, Test" name="TransactionTest" />
    </UnitTest>
    <UnitTest name="Math_Truncate1" storage="d:\alinq\source\trunk\test\bin\debug\test.dll" id="f1c14bab-490b-922c-1bbd-f10ee946d428">
      <Css projectStructure="" iteration="" />
      <Owners>
        <Owner name="" />
      </Owners>
      <TestMethod codeBase="D:\ALinq\Source\Trunk\Test\bin\Debug\Test.dll" adapterTypeName="Microsoft.VisualStudio.TestTools.TestTypes.Unit.UnitTestAdapter, Microsoft.VisualStudio.QualityTools.Tips.UnitTest.Adapter, Version=9.0.0.0, Culture=neutral, PublicKeyToken=b03f5f7f11d50a3a" className="Test.FirebirdTest, Test" name="Math_Truncate1" />
    </UnitTest>
    <UnitTest name="GroupBy_Simple" storage="d:\alinq\source\trunk\test\bin\debug\test.dll" id="4a655ff0-1ac3-c049-4fb9-fecf313fd3bc">
      <Css projectStructure="" iteration="" />
      <Owners>
        <Owner name="" />
      </Owners>
      <TestMethod codeBase="D:\ALinq\Source\Trunk\Test\bin\Debug\Test.dll" adapterTypeName="Microsoft.VisualStudio.TestTools.TestTypes.Unit.UnitTestAdapter, Microsoft.VisualStudio.QualityTools.Tips.UnitTest.Adapter, Version=9.0.0.0, Culture=neutral, PublicKeyToken=b03f5f7f11d50a3a" className="Test.AccessTest, Test" name="GroupBy_Simple" />
    </UnitTest>
    <UnitTest name="String_Clone" storage="d:\alinq\source\trunk\test\bin\debug\test.dll" id="615c27f1-0d4b-7caf-dc82-646258dba86f">
      <Css projectStructure="" iteration="" />
      <Owners>
        <Owner name="" />
      </Owners>
      <TestMethod codeBase="D:\ALinq\Source\Trunk\Test\bin\Debug\Test.dll" adapterTypeName="Microsoft.VisualStudio.TestTools.TestTypes.Unit.UnitTestAdapter, Microsoft.VisualStudio.QualityTools.Tips.UnitTest.Adapter, Version=9.0.0.0, Culture=neutral, PublicKeyToken=b03f5f7f11d50a3a" className="Test.AccessTest, Test" name="String_Clone" />
    </UnitTest>
    <UnitTest name="DateTime_ToLoaclTime" storage="d:\alinq\source\trunk\test\bin\debug\test.dll" id="2f1df184-832f-af7a-00fc-63c6ff3b74bf">
      <Css projectStructure="" iteration="" />
      <Owners>
        <Owner name="" />
      </Owners>
      <TestMethod codeBase="D:\ALinq\Source\Trunk\Test\bin\Debug\Test.dll" adapterTypeName="Microsoft.VisualStudio.TestTools.TestTypes.Unit.UnitTestAdapter, Microsoft.VisualStudio.QualityTools.Tips.UnitTest.Adapter, Version=9.0.0.0, Culture=neutral, PublicKeyToken=b03f5f7f11d50a3a" className="Test.SQL2005Test, Test" name="DateTime_ToLoaclTime" />
    </UnitTest>
    <UnitTest name="Max_Elements" storage="d:\alinq\source\trunk\test\bin\debug\test.dll" id="19d8da70-61c2-fd29-b80c-6c5ccd71d11f">
      <Css projectStructure="" iteration="" />
      <Owners>
        <Owner name="" />
      </Owners>
      <TestMethod codeBase="D:\ALinq\Source\Trunk\Test\bin\Debug\Test.dll" adapterTypeName="Microsoft.VisualStudio.TestTools.TestTypes.Unit.UnitTestAdapter, Microsoft.VisualStudio.QualityTools.Tips.UnitTest.Adapter, Version=9.0.0.0, Culture=neutral, PublicKeyToken=b03f5f7f11d50a3a" className="Test.SqlTest, Test" name="Max_Elements" />
    </UnitTest>
    <UnitTest name="CRUD_Update3" storage="d:\alinq\source\trunk\test\bin\debug\test.dll" id="8c4ac5d9-e8b7-3be9-82b8-5e16efa37594">
      <Css projectStructure="" iteration="" />
      <Owners>
        <Owner name="" />
      </Owners>
      <TestMethod codeBase="D:\ALinq\Source\Trunk\Test\bin\Debug\Test.dll" adapterTypeName="Microsoft.VisualStudio.TestTools.TestTypes.Unit.UnitTestAdapter, Microsoft.VisualStudio.QualityTools.Tips.UnitTest.Adapter, Version=9.0.0.0, Culture=neutral, PublicKeyToken=b03f5f7f11d50a3a" className="Test.SQL2000Test, Test" name="CRUD_Update3" />
    </UnitTest>
    <UnitTest name="DateTime_Day" storage="d:\alinq\source\trunk\test\bin\debug\test.dll" id="47c323d9-996c-ca2a-7ee3-2095452d6582">
      <Css projectStructure="" iteration="" />
      <Owners>
        <Owner name="" />
      </Owners>
      <TestMethod codeBase="D:\ALinq\Source\Trunk\Test\bin\Debug\Test.dll" adapterTypeName="Microsoft.VisualStudio.TestTools.TestTypes.Unit.UnitTestAdapter, Microsoft.VisualStudio.QualityTools.Tips.UnitTest.Adapter, Version=9.0.0.0, Culture=neutral, PublicKeyToken=b03f5f7f11d50a3a" className="Test.SqlTest, Test" name="DateTime_Day" />
    </UnitTest>
    <UnitTest name="GroupBy_Avg" storage="d:\alinq\source\trunk\test\bin\debug\test.dll" id="dfad57d6-7c5e-209f-4b79-380d94e806a3">
      <Css projectStructure="" iteration="" />
      <Owners>
        <Owner name="" />
      </Owners>
      <TestMethod codeBase="D:\ALinq\Source\Trunk\Test\bin\Debug\Test.dll" adapterTypeName="Microsoft.VisualStudio.TestTools.TestTypes.Unit.UnitTestAdapter, Microsoft.VisualStudio.QualityTools.Tips.UnitTest.Adapter, Version=9.0.0.0, Culture=neutral, PublicKeyToken=b03f5f7f11d50a3a" className="Test.OdpOracleTest, Test" name="GroupBy_Avg" />
    </UnitTest>
    <UnitTest name="DateTime_ToLoaclTime" storage="d:\alinq\source\trunk\test\bin\debug\test.dll" id="c477b828-b3c8-36fa-dbd7-2a1b05405f7f">
      <Css projectStructure="" iteration="" />
      <Owners>
        <Owner name="" />
      </Owners>
      <TestMethod codeBase="D:\ALinq\Source\Trunk\Test\bin\Debug\Test.dll" adapterTypeName="Microsoft.VisualStudio.TestTools.TestTypes.Unit.UnitTestAdapter, Microsoft.VisualStudio.QualityTools.Tips.UnitTest.Adapter, Version=9.0.0.0, Culture=neutral, PublicKeyToken=b03f5f7f11d50a3a" className="Test.AccessTest, Test" name="DateTime_ToLoaclTime" />
    </UnitTest>
    <UnitTest name="Math_DivRem" storage="d:\alinq\source\trunk\test\bin\debug\test.dll" id="b554484f-4dfc-acf1-d5cf-4bada81c9d45">
      <Css projectStructure="" iteration="" />
      <Owners>
        <Owner name="" />
      </Owners>
      <TestMethod codeBase="D:\ALinq\Source\Trunk\Test\bin\Debug\Test.dll" adapterTypeName="Microsoft.VisualStudio.TestTools.TestTypes.Unit.UnitTestAdapter, Microsoft.VisualStudio.QualityTools.Tips.UnitTest.Adapter, Version=9.0.0.0, Culture=neutral, PublicKeyToken=b03f5f7f11d50a3a" className="Test.FirebirdTest, Test" name="Math_DivRem" />
    </UnitTest>
    <UnitTest name="String_NullSelect" storage="d:\alinq\source\trunk\test\bin\debug\test.dll" id="2d23ef32-0ced-c5ac-310c-71abca39c102">
      <Css projectStructure="" iteration="" />
      <Owners>
        <Owner name="" />
      </Owners>
      <TestMethod codeBase="D:\ALinq\Source\Trunk\Test\bin\Debug\Test.dll" adapterTypeName="Microsoft.VisualStudio.TestTools.TestTypes.Unit.UnitTestAdapter, Microsoft.VisualStudio.QualityTools.Tips.UnitTest.Adapter, Version=9.0.0.0, Culture=neutral, PublicKeyToken=b03f5f7f11d50a3a" className="Test.NorOracleTest, Test" name="String_NullSelect" />
    </UnitTest>
    <UnitTest name="DataType_UInt64" storage="d:\alinq\source\trunk\test\bin\debug\test.dll" id="1280a310-67ee-4b74-b6dd-24c596e45fdb">
      <Css projectStructure="" iteration="" />
      <Owners>
        <Owner name="" />
      </Owners>
      <TestMethod codeBase="D:\ALinq\Source\Trunk\Test\bin\Debug\Test.dll" adapterTypeName="Microsoft.VisualStudio.TestTools.TestTypes.Unit.UnitTestAdapter, Microsoft.VisualStudio.QualityTools.Tips.UnitTest.Adapter, Version=9.0.0.0, Culture=neutral, PublicKeyToken=b03f5f7f11d50a3a" className="Test.SqlTest, Test" name="DataType_UInt64" />
    </UnitTest>
    <UnitTest name="Select_Simple" storage="d:\alinq\source\trunk\test\bin\debug\test.dll" id="b8ca211a-179d-c912-e82d-6d2b955a7219">
      <Css projectStructure="" iteration="" />
      <Owners>
        <Owner name="" />
      </Owners>
      <TestMethod codeBase="D:\ALinq\Source\Trunk\Test\bin\Debug\Test.dll" adapterTypeName="Microsoft.VisualStudio.TestTools.TestTypes.Unit.UnitTestAdapter, Microsoft.VisualStudio.QualityTools.Tips.UnitTest.Adapter, Version=9.0.0.0, Culture=neutral, PublicKeyToken=b03f5f7f11d50a3a" className="Test.FirebirdTest, Test" name="Select_Simple" />
    </UnitTest>
    <UnitTest name="CRUD_Update1" storage="d:\alinq\source\trunk\test\bin\debug\test.dll" id="85ae651a-82fd-606e-cff9-bd5efdf55813">
      <Css projectStructure="" iteration="" />
      <Owners>
        <Owner name="" />
      </Owners>
      <TestMethod codeBase="D:\ALinq\Source\Trunk\Test\bin\Debug\Test.dll" adapterTypeName="Microsoft.VisualStudio.TestTools.TestTypes.Unit.UnitTestAdapter, Microsoft.VisualStudio.QualityTools.Tips.UnitTest.Adapter, Version=9.0.0.0, Culture=neutral, PublicKeyToken=b03f5f7f11d50a3a" className="Test.SQL2005Test, Test" name="CRUD_Update1" />
    </UnitTest>
    <UnitTest name="CRUD_Delete2" storage="d:\alinq\source\trunk\test\bin\debug\test.dll" id="fb2fd21d-8991-4a47-6a58-b4c907a22c57">
      <Css projectStructure="" iteration="" />
      <Owners>
        <Owner name="" />
      </Owners>
      <TestMethod codeBase="D:\ALinq\Source\Trunk\Test\bin\Debug\Test.dll" adapterTypeName="Microsoft.VisualStudio.TestTools.TestTypes.Unit.UnitTestAdapter, Microsoft.VisualStudio.QualityTools.Tips.UnitTest.Adapter, Version=9.0.0.0, Culture=neutral, PublicKeyToken=b03f5f7f11d50a3a" className="Test.AccessTest, Test" name="CRUD_Delete2" />
    </UnitTest>
    <UnitTest name="String_IndexOf3" storage="d:\alinq\source\trunk\test\bin\debug\test.dll" id="41e9e239-4a8e-2df2-5225-e5c9f40ab099">
      <Css projectStructure="" iteration="" />
      <Owners>
        <Owner name="" />
      </Owners>
      <TestMethod codeBase="D:\ALinq\Source\Trunk\Test\bin\Debug\Test.dll" adapterTypeName="Microsoft.VisualStudio.TestTools.TestTypes.Unit.UnitTestAdapter, Microsoft.VisualStudio.QualityTools.Tips.UnitTest.Adapter, Version=9.0.0.0, Culture=neutral, PublicKeyToken=b03f5f7f11d50a3a" className="Test.SQL2005Test, Test" name="String_IndexOf3" />
    </UnitTest>
    <UnitTest name="Where_Simple3" storage="d:\alinq\source\trunk\test\bin\debug\test.dll" id="5ab15bf6-1a57-ef3a-8af0-9b84ae92299f">
      <Css projectStructure="" iteration="" />
      <Owners>
        <Owner name="" />
      </Owners>
      <TestMethod codeBase="D:\ALinq\Source\Trunk\Test\bin\Debug\Test.dll" adapterTypeName="Microsoft.VisualStudio.TestTools.TestTypes.Unit.UnitTestAdapter, Microsoft.VisualStudio.QualityTools.Tips.UnitTest.Adapter, Version=9.0.0.0, Culture=neutral, PublicKeyToken=b03f5f7f11d50a3a" className="Test.NorOracleTest, Test" name="Where_Simple3" />
    </UnitTest>
    <UnitTest name="CRUD_Update3" storage="d:\alinq\source\trunk\test\bin\debug\test.dll" id="5a180a69-aec5-09bc-27c3-158da5c3d5c9">
      <Css projectStructure="" iteration="" />
      <Owners>
        <Owner name="" />
      </Owners>
      <TestMethod codeBase="D:\ALinq\Source\Trunk\Test\bin\Debug\Test.dll" adapterTypeName="Microsoft.VisualStudio.TestTools.TestTypes.Unit.UnitTestAdapter, Microsoft.VisualStudio.QualityTools.Tips.UnitTest.Adapter, Version=9.0.0.0, Culture=neutral, PublicKeyToken=b03f5f7f11d50a3a" className="Test.OdpOracleTest, Test" name="CRUD_Update3" />
    </UnitTest>
    <UnitTest name="DateTime_Add" storage="d:\alinq\source\trunk\test\bin\debug\test.dll" id="3225eb22-3ea7-b444-d2d5-d99fd84307b4">
      <Css projectStructure="" iteration="" />
      <Owners>
        <Owner name="" />
      </Owners>
      <TestMethod codeBase="D:\ALinq\Source\Trunk\Test\bin\Debug\Test.dll" adapterTypeName="Microsoft.VisualStudio.TestTools.TestTypes.Unit.UnitTestAdapter, Microsoft.VisualStudio.QualityTools.Tips.UnitTest.Adapter, Version=9.0.0.0, Culture=neutral, PublicKeyToken=b03f5f7f11d50a3a" className="Test.PgsqlTest, Test" name="DateTime_Add" />
    </UnitTest>
    <UnitTest name="Max_Projection" storage="d:\alinq\source\trunk\test\bin\debug\test.dll" id="d460629b-6881-364a-3caf-11b8206a8a7b">
      <Css projectStructure="" iteration="" />
      <Owners>
        <Owner name="" />
      </Owners>
      <TestMethod codeBase="D:\ALinq\Source\Trunk\Test\bin\Debug\Test.dll" adapterTypeName="Microsoft.VisualStudio.TestTools.TestTypes.Unit.UnitTestAdapter, Microsoft.VisualStudio.QualityTools.Tips.UnitTest.Adapter, Version=9.0.0.0, Culture=neutral, PublicKeyToken=b03f5f7f11d50a3a" className="Test.PgsqlTest, Test" name="Max_Projection" />
    </UnitTest>
    <UnitTest name="StringToUpper" storage="d:\alinq\source\trunk\test\bin\debug\test.dll" id="9049d16c-4dcb-bf1f-1c20-37799e6d211c">
      <Css projectStructure="" iteration="" />
      <Owners>
        <Owner name="" />
      </Owners>
      <TestMethod codeBase="D:\ALinq\Source\Trunk\Test\bin\Debug\Test.dll" adapterTypeName="Microsoft.VisualStudio.TestTools.TestTypes.Unit.UnitTestAdapter, Microsoft.VisualStudio.QualityTools.Tips.UnitTest.Adapter, Version=9.0.0.0, Culture=neutral, PublicKeyToken=b03f5f7f11d50a3a" className="Test.MySqlTest, Test" name="StringToUpper" />
    </UnitTest>
    <UnitTest name="Max_Simple" storage="d:\alinq\source\trunk\test\bin\debug\test.dll" id="71ee71d0-91e4-022a-d464-ead3ae7bd652">
      <Css projectStructure="" iteration="" />
      <Owners>
        <Owner name="" />
      </Owners>
      <TestMethod codeBase="D:\ALinq\Source\Trunk\Test\bin\Debug\Test.dll" adapterTypeName="Microsoft.VisualStudio.TestTools.TestTypes.Unit.UnitTestAdapter, Microsoft.VisualStudio.QualityTools.Tips.UnitTest.Adapter, Version=9.0.0.0, Culture=neutral, PublicKeyToken=b03f5f7f11d50a3a" className="Test.SQL2005Test, Test" name="Max_Simple" />
    </UnitTest>
    <UnitTest name="DateTime_TimeOfDay" storage="d:\alinq\source\trunk\test\bin\debug\test.dll" id="15ec7271-a2d6-0761-a490-6e4472db2c71">
      <Css projectStructure="" iteration="" />
      <Owners>
        <Owner name="" />
      </Owners>
      <TestMethod codeBase="D:\ALinq\Source\Trunk\Test\bin\Debug\Test.dll" adapterTypeName="Microsoft.VisualStudio.TestTools.TestTypes.Unit.UnitTestAdapter, Microsoft.VisualStudio.QualityTools.Tips.UnitTest.Adapter, Version=9.0.0.0, Culture=neutral, PublicKeyToken=b03f5f7f11d50a3a" className="Test.DB2Test, Test" name="DateTime_TimeOfDay" />
    </UnitTest>
    <UnitTest name="DateTime_Day" storage="d:\alinq\source\trunk\test\bin\debug\test.dll" id="b3629347-df57-ba59-7792-49cdde2dc77e">
      <Css projectStructure="" iteration="" />
      <Owners>
        <Owner name="" />
      </Owners>
      <TestMethod codeBase="D:\ALinq\Source\Trunk\Test\bin\Debug\Test.dll" adapterTypeName="Microsoft.VisualStudio.TestTools.TestTypes.Unit.UnitTestAdapter, Microsoft.VisualStudio.QualityTools.Tips.UnitTest.Adapter, Version=9.0.0.0, Culture=neutral, PublicKeyToken=b03f5f7f11d50a3a" className="Test.SQL2005Test, Test" name="DateTime_Day" />
    </UnitTest>
    <UnitTest name="Math_Asin" storage="d:\alinq\source\trunk\test\bin\debug\test.dll" id="5cb0ecb0-4daf-bcbd-7829-cffa60bd1863">
      <Css projectStructure="" iteration="" />
      <Owners>
        <Owner name="" />
      </Owners>
      <TestMethod codeBase="D:\ALinq\Source\Trunk\Test\bin\Debug\Test.dll" adapterTypeName="Microsoft.VisualStudio.TestTools.TestTypes.Unit.UnitTestAdapter, Microsoft.VisualStudio.QualityTools.Tips.UnitTest.Adapter, Version=9.0.0.0, Culture=neutral, PublicKeyToken=b03f5f7f11d50a3a" className="Test.MySqlTest, Test" name="Math_Asin" />
    </UnitTest>
    <UnitTest name="Select_Condition" storage="d:\alinq\source\trunk\test\bin\debug\test.dll" id="2f668af4-1a41-f5a8-78ac-191936937654">
      <Css projectStructure="" iteration="" />
      <Owners>
        <Owner name="" />
      </Owners>
      <TestMethod codeBase="D:\ALinq\Source\Trunk\Test\bin\Debug\Test.dll" adapterTypeName="Microsoft.VisualStudio.TestTools.TestTypes.Unit.UnitTestAdapter, Microsoft.VisualStudio.QualityTools.Tips.UnitTest.Adapter, Version=9.0.0.0, Culture=neutral, PublicKeyToken=b03f5f7f11d50a3a" className="Test.SQLiteTest, Test" name="Select_Condition" />
    </UnitTest>
    <UnitTest name="CRUD_Insert1" storage="d:\alinq\source\trunk\test\bin\debug\test.dll" id="e0f048ac-fc5c-1aa7-f036-cd1daa4224fa">
      <Css projectStructure="" iteration="" />
      <Owners>
        <Owner name="" />
      </Owners>
      <TestMethod codeBase="D:\ALinq\Source\Trunk\Test\bin\Debug\Test.dll" adapterTypeName="Microsoft.VisualStudio.TestTools.TestTypes.Unit.UnitTestAdapter, Microsoft.VisualStudio.QualityTools.Tips.UnitTest.Adapter, Version=9.0.0.0, Culture=neutral, PublicKeyToken=b03f5f7f11d50a3a" className="Test.AccessTest, Test" name="CRUD_Insert1" />
    </UnitTest>
    <UnitTest name="Avg_Grouped" storage="d:\alinq\source\trunk\test\bin\debug\test.dll" id="17673a6e-a2e6-0816-8718-aff0fd80933f">
      <Css projectStructure="" iteration="" />
      <Owners>
        <Owner name="" />
      </Owners>
      <TestMethod codeBase="D:\ALinq\Source\Trunk\Test\bin\Debug\Test.dll" adapterTypeName="Microsoft.VisualStudio.TestTools.TestTypes.Unit.UnitTestAdapter, Microsoft.VisualStudio.QualityTools.Tips.UnitTest.Adapter, Version=9.0.0.0, Culture=neutral, PublicKeyToken=b03f5f7f11d50a3a" className="Test.NorOracleTest, Test" name="Avg_Grouped" />
    </UnitTest>
    <UnitTest name="Join_OnToMany" storage="d:\alinq\source\trunk\test\bin\debug\test.dll" id="09e8c262-f311-9656-c0d2-9043585cc6a9">
      <Css projectStructure="" iteration="" />
      <Owners>
        <Owner name="" />
      </Owners>
      <TestMethod codeBase="D:\ALinq\Source\Trunk\Test\bin\Debug\Test.dll" adapterTypeName="Microsoft.VisualStudio.TestTools.TestTypes.Unit.UnitTestAdapter, Microsoft.VisualStudio.QualityTools.Tips.UnitTest.Adapter, Version=9.0.0.0, Culture=neutral, PublicKeyToken=b03f5f7f11d50a3a" className="Test.NorOracleTest, Test" name="Join_OnToMany" />
    </UnitTest>
    <UnitTest name="Max_Elements" storage="d:\alinq\source\trunk\test\bin\debug\test.dll" id="3cbd4ee4-f25d-d43e-a3a6-731520bcc04c">
      <Css projectStructure="" iteration="" />
      <Owners>
        <Owner name="" />
      </Owners>
      <TestMethod codeBase="D:\ALinq\Source\Trunk\Test\bin\Debug\Test.dll" adapterTypeName="Microsoft.VisualStudio.TestTools.TestTypes.Unit.UnitTestAdapter, Microsoft.VisualStudio.QualityTools.Tips.UnitTest.Adapter, Version=9.0.0.0, Culture=neutral, PublicKeyToken=b03f5f7f11d50a3a" className="Test.SQLiteTest, Test" name="Max_Elements" />
    </UnitTest>
    <UnitTest name="CRUD_Update3" storage="d:\alinq\source\trunk\test\bin\debug\test.dll" id="a766d48f-5e1b-c201-b70e-4ed74c91d6f0">
      <Css projectStructure="" iteration="" />
      <Owners>
        <Owner name="" />
      </Owners>
      <TestMethod codeBase="D:\ALinq\Source\Trunk\Test\bin\Debug\Test.dll" adapterTypeName="Microsoft.VisualStudio.TestTools.TestTypes.Unit.UnitTestAdapter, Microsoft.VisualStudio.QualityTools.Tips.UnitTest.Adapter, Version=9.0.0.0, Culture=neutral, PublicKeyToken=b03f5f7f11d50a3a" className="Test.SQL2005Test, Test" name="CRUD_Update3" />
    </UnitTest>
    <UnitTest name="Where_Simple3" storage="d:\alinq\source\trunk\test\bin\debug\test.dll" id="8b0bde2a-9562-e732-caf8-55268b440933">
      <Css projectStructure="" iteration="" />
      <Owners>
        <Owner name="" />
      </Owners>
      <TestMethod codeBase="D:\ALinq\Source\Trunk\Test\bin\Debug\Test.dll" adapterTypeName="Microsoft.VisualStudio.TestTools.TestTypes.Unit.UnitTestAdapter, Microsoft.VisualStudio.QualityTools.Tips.UnitTest.Adapter, Version=9.0.0.0, Culture=neutral, PublicKeyToken=b03f5f7f11d50a3a" className="Test.FirebirdTest, Test" name="Where_Simple3" />
    </UnitTest>
    <UnitTest name="String_Equals2" storage="d:\alinq\source\trunk\test\bin\debug\test.dll" id="1ea2ebb2-1f39-dc8b-3b87-7faa6c0a96bd">
      <Css projectStructure="" iteration="" />
      <Owners>
        <Owner name="" />
      </Owners>
      <TestMethod codeBase="D:\ALinq\Source\Trunk\Test\bin\Debug\Test.dll" adapterTypeName="Microsoft.VisualStudio.TestTools.TestTypes.Unit.UnitTestAdapter, Microsoft.VisualStudio.QualityTools.Tips.UnitTest.Adapter, Version=9.0.0.0, Culture=neutral, PublicKeyToken=b03f5f7f11d50a3a" className="Test.SqlTest, Test" name="String_Equals2" />
    </UnitTest>
    <UnitTest name="String_ToLower2" storage="d:\alinq\source\trunk\test\bin\debug\test.dll" id="74f68950-bee9-04d2-f365-beaa2b69e0da">
      <Css projectStructure="" iteration="" />
      <Owners>
        <Owner name="" />
      </Owners>
      <TestMethod codeBase="D:\ALinq\Source\Trunk\Test\bin\Debug\Test.dll" adapterTypeName="Microsoft.VisualStudio.TestTools.TestTypes.Unit.UnitTestAdapter, Microsoft.VisualStudio.QualityTools.Tips.UnitTest.Adapter, Version=9.0.0.0, Culture=neutral, PublicKeyToken=b03f5f7f11d50a3a" className="Test.DB2Test, Test" name="String_ToLower2" />
    </UnitTest>
    <UnitTest name="GroupBy_Select" storage="d:\alinq\source\trunk\test\bin\debug\test.dll" id="d44ccd8a-09c6-35e1-0d05-c5a5e85eace4">
      <Css projectStructure="" iteration="" />
      <Owners>
        <Owner name="" />
      </Owners>
      <TestMethod codeBase="D:\ALinq\Source\Trunk\Test\bin\Debug\Test.dll" adapterTypeName="Microsoft.VisualStudio.TestTools.TestTypes.Unit.UnitTestAdapter, Microsoft.VisualStudio.QualityTools.Tips.UnitTest.Adapter, Version=9.0.0.0, Culture=neutral, PublicKeyToken=b03f5f7f11d50a3a" className="Test.SqlTest, Test" name="GroupBy_Select" />
    </UnitTest>
    <UnitTest name="StringInsert" storage="d:\alinq\source\trunk\test\bin\debug\test.dll" id="a47002d1-874a-960c-d7f3-8f2dd9958088">
      <Css projectStructure="" iteration="" />
      <Owners>
        <Owner name="" />
      </Owners>
      <TestMethod codeBase="D:\ALinq\Source\Trunk\Test\bin\Debug\Test.dll" adapterTypeName="Microsoft.VisualStudio.TestTools.TestTypes.Unit.UnitTestAdapter, Microsoft.VisualStudio.QualityTools.Tips.UnitTest.Adapter, Version=9.0.0.0, Culture=neutral, PublicKeyToken=b03f5f7f11d50a3a" className="Test.SQL2000Test, Test" name="StringInsert" />
    </UnitTest>
    <UnitTest name="Any_Grouped" storage="d:\alinq\source\trunk\test\bin\debug\test.dll" id="973533d9-8f04-e26d-1c9e-ac64dabf6c91">
      <Css projectStructure="" iteration="" />
      <Owners>
        <Owner name="" />
      </Owners>
      <TestMethod codeBase="D:\ALinq\Source\Trunk\Test\bin\Debug\Test.dll" adapterTypeName="Microsoft.VisualStudio.TestTools.TestTypes.Unit.UnitTestAdapter, Microsoft.VisualStudio.QualityTools.Tips.UnitTest.Adapter, Version=9.0.0.0, Culture=neutral, PublicKeyToken=b03f5f7f11d50a3a" className="Test.DB2Test, Test" name="Any_Grouped" />
    </UnitTest>
    <UnitTest name="DateDiffYear" storage="d:\alinq\source\trunk\test\bin\debug\test.dll" id="484438cb-fed1-3cf2-b7e6-8e71e5e67594">
      <Css projectStructure="" iteration="" />
      <Owners>
        <Owner name="" />
      </Owners>
      <TestMethod codeBase="D:\ALinq\Source\Trunk\Test\bin\Debug\Test.dll" adapterTypeName="Microsoft.VisualStudio.TestTools.TestTypes.Unit.UnitTestAdapter, Microsoft.VisualStudio.QualityTools.Tips.UnitTest.Adapter, Version=9.0.0.0, Culture=neutral, PublicKeyToken=b03f5f7f11d50a3a" className="Test.SqlMethodsTest, Test" name="DateDiffYear" />
    </UnitTest>
    <UnitTest name="DateTime_Date" storage="d:\alinq\source\trunk\test\bin\debug\test.dll" id="5235aa8d-b366-014a-60d0-52687e9815fd">
      <Css projectStructure="" iteration="" />
      <Owners>
        <Owner name="" />
      </Owners>
      <TestMethod codeBase="D:\ALinq\Source\Trunk\Test\bin\Debug\Test.dll" adapterTypeName="Microsoft.VisualStudio.TestTools.TestTypes.Unit.UnitTestAdapter, Microsoft.VisualStudio.QualityTools.Tips.UnitTest.Adapter, Version=9.0.0.0, Culture=neutral, PublicKeyToken=b03f5f7f11d50a3a" className="Test.SqlTest, Test" name="DateTime_Date" />
    </UnitTest>
    <UnitTest name="Max_Simple" storage="d:\alinq\source\trunk\test\bin\debug\test.dll" id="059067a7-29ec-925c-2415-95d64d6389fd">
      <Css projectStructure="" iteration="" />
      <Owners>
        <Owner name="" />
      </Owners>
      <TestMethod codeBase="D:\ALinq\Source\Trunk\Test\bin\Debug\Test.dll" adapterTypeName="Microsoft.VisualStudio.TestTools.TestTypes.Unit.UnitTestAdapter, Microsoft.VisualStudio.QualityTools.Tips.UnitTest.Adapter, Version=9.0.0.0, Culture=neutral, PublicKeyToken=b03f5f7f11d50a3a" className="Test.DB2Test, Test" name="Max_Simple" />
    </UnitTest>
    <UnitTest name="String_Equals3" storage="d:\alinq\source\trunk\test\bin\debug\test.dll" id="55fdc55b-e961-a3c7-2b29-708eac49bfab">
      <Css projectStructure="" iteration="" />
      <Owners>
        <Owner name="" />
      </Owners>
      <TestMethod codeBase="D:\ALinq\Source\Trunk\Test\bin\Debug\Test.dll" adapterTypeName="Microsoft.VisualStudio.TestTools.TestTypes.Unit.UnitTestAdapter, Microsoft.VisualStudio.QualityTools.Tips.UnitTest.Adapter, Version=9.0.0.0, Culture=neutral, PublicKeyToken=b03f5f7f11d50a3a" className="Test.PgsqlTest, Test" name="String_Equals3" />
    </UnitTest>
    <UnitTest name="String_ToLowerInvariant" storage="d:\alinq\source\trunk\test\bin\debug\test.dll" id="ab7b57ed-4294-6c8c-afd0-1f87a82fd302">
      <Css projectStructure="" iteration="" />
      <Owners>
        <Owner name="" />
      </Owners>
      <TestMethod codeBase="D:\ALinq\Source\Trunk\Test\bin\Debug\Test.dll" adapterTypeName="Microsoft.VisualStudio.TestTools.TestTypes.Unit.UnitTestAdapter, Microsoft.VisualStudio.QualityTools.Tips.UnitTest.Adapter, Version=9.0.0.0, Culture=neutral, PublicKeyToken=b03f5f7f11d50a3a" className="Test.SQL2000Test, Test" name="String_ToLowerInvariant" />
    </UnitTest>
    <UnitTest name="Join_SelfJoin" storage="d:\alinq\source\trunk\test\bin\debug\test.dll" id="8a877893-f406-5cd0-691f-df381afb6b45">
      <Css projectStructure="" iteration="" />
      <Owners>
        <Owner name="" />
      </Owners>
      <TestMethod codeBase="D:\ALinq\Source\Trunk\Test\bin\Debug\Test.dll" adapterTypeName="Microsoft.VisualStudio.TestTools.TestTypes.Unit.UnitTestAdapter, Microsoft.VisualStudio.QualityTools.Tips.UnitTest.Adapter, Version=9.0.0.0, Culture=neutral, PublicKeyToken=b03f5f7f11d50a3a" className="Test.FirebirdTest, Test" name="Join_SelfJoin" />
    </UnitTest>
    <UnitTest name="String_Substring2" storage="d:\alinq\source\trunk\test\bin\debug\test.dll" id="384b6cf7-951c-8d88-f77a-b76c8b595dd6">
      <Css projectStructure="" iteration="" />
      <Owners>
        <Owner name="" />
      </Owners>
      <TestMethod codeBase="D:\ALinq\Source\Trunk\Test\bin\Debug\Test.dll" adapterTypeName="Microsoft.VisualStudio.TestTools.TestTypes.Unit.UnitTestAdapter, Microsoft.VisualStudio.QualityTools.Tips.UnitTest.Adapter, Version=9.0.0.0, Culture=neutral, PublicKeyToken=b03f5f7f11d50a3a" className="Test.SQL2005Test, Test" name="String_Substring2" />
    </UnitTest>
    <UnitTest name="Sum_Grouped" storage="d:\alinq\source\trunk\test\bin\debug\test.dll" id="3af36106-c836-eb7e-6f41-f01caab16d73">
      <Css projectStructure="" iteration="" />
      <Owners>
        <Owner name="" />
      </Owners>
      <TestMethod codeBase="D:\ALinq\Source\Trunk\Test\bin\Debug\Test.dll" adapterTypeName="Microsoft.VisualStudio.TestTools.TestTypes.Unit.UnitTestAdapter, Microsoft.VisualStudio.QualityTools.Tips.UnitTest.Adapter, Version=9.0.0.0, Culture=neutral, PublicKeyToken=b03f5f7f11d50a3a" className="Test.SQL2005Test, Test" name="Sum_Grouped" />
    </UnitTest>
    <UnitTest name="DateTime_AddHours" storage="d:\alinq\source\trunk\test\bin\debug\test.dll" id="e855a301-465e-2c07-3584-3526cea81237">
      <Css projectStructure="" iteration="" />
      <Owners>
        <Owner name="" />
      </Owners>
      <TestMethod codeBase="D:\ALinq\Source\Trunk\Test\bin\Debug\Test.dll" adapterTypeName="Microsoft.VisualStudio.TestTools.TestTypes.Unit.UnitTestAdapter, Microsoft.VisualStudio.QualityTools.Tips.UnitTest.Adapter, Version=9.0.0.0, Culture=neutral, PublicKeyToken=b03f5f7f11d50a3a" className="Test.SQL2005Test, Test" name="DateTime_AddHours" />
    </UnitTest>
    <UnitTest name="Join_SelfJoin" storage="d:\alinq\source\trunk\test\bin\debug\test.dll" id="33d3bd4e-5761-be1c-ed71-215d5083d36a">
      <Css projectStructure="" iteration="" />
      <Owners>
        <Owner name="" />
      </Owners>
      <TestMethod codeBase="D:\ALinq\Source\Trunk\Test\bin\Debug\Test.dll" adapterTypeName="Microsoft.VisualStudio.TestTools.TestTypes.Unit.UnitTestAdapter, Microsoft.VisualStudio.QualityTools.Tips.UnitTest.Adapter, Version=9.0.0.0, Culture=neutral, PublicKeyToken=b03f5f7f11d50a3a" className="Test.SQL2000Test, Test" name="Join_SelfJoin" />
    </UnitTest>
    <UnitTest name="All_Grouped" storage="d:\alinq\source\trunk\test\bin\debug\test.dll" id="d1407a6a-9244-69ca-3a71-b0bcf731368c">
      <Css projectStructure="" iteration="" />
      <Owners>
        <Owner name="" />
      </Owners>
      <TestMethod codeBase="D:\ALinq\Source\Trunk\Test\bin\Debug\Test.dll" adapterTypeName="Microsoft.VisualStudio.TestTools.TestTypes.Unit.UnitTestAdapter, Microsoft.VisualStudio.QualityTools.Tips.UnitTest.Adapter, Version=9.0.0.0, Culture=neutral, PublicKeyToken=b03f5f7f11d50a3a" className="Test.SQLiteTest, Test" name="All_Grouped" />
    </UnitTest>
    <UnitTest name="String_Contains" storage="d:\alinq\source\trunk\test\bin\debug\test.dll" id="e5aef96c-4dcf-7102-66b3-3a9a95d417c4">
      <Css projectStructure="" iteration="" />
      <Owners>
        <Owner name="" />
      </Owners>
      <TestMethod codeBase="D:\ALinq\Source\Trunk\Test\bin\Debug\Test.dll" adapterTypeName="Microsoft.VisualStudio.TestTools.TestTypes.Unit.UnitTestAdapter, Microsoft.VisualStudio.QualityTools.Tips.UnitTest.Adapter, Version=9.0.0.0, Culture=neutral, PublicKeyToken=b03f5f7f11d50a3a" className="Test.SqlTest, Test" name="String_Contains" />
    </UnitTest>
    <UnitTest name="GroupBy_MultipleColumns" storage="d:\alinq\source\trunk\test\bin\debug\test.dll" id="9891a3cc-40f7-022d-8b88-c60d2529f9d9">
      <Css projectStructure="" iteration="" />
      <Owners>
        <Owner name="" />
      </Owners>
      <TestMethod codeBase="D:\ALinq\Source\Trunk\Test\bin\Debug\Test.dll" adapterTypeName="Microsoft.VisualStudio.TestTools.TestTypes.Unit.UnitTestAdapter, Microsoft.VisualStudio.QualityTools.Tips.UnitTest.Adapter, Version=9.0.0.0, Culture=neutral, PublicKeyToken=b03f5f7f11d50a3a" className="Test.SQLiteTest, Test" name="GroupBy_MultipleColumns" />
    </UnitTest>
    <UnitTest name="Sum_Simple" storage="d:\alinq\source\trunk\test\bin\debug\test.dll" id="a898e4b1-564d-5f28-87aa-bfc86fa5f6cf">
      <Css projectStructure="" iteration="" />
      <Owners>
        <Owner name="" />
      </Owners>
      <TestMethod codeBase="D:\ALinq\Source\Trunk\Test\bin\Debug\Test.dll" adapterTypeName="Microsoft.VisualStudio.TestTools.TestTypes.Unit.UnitTestAdapter, Microsoft.VisualStudio.QualityTools.Tips.UnitTest.Adapter, Version=9.0.0.0, Culture=neutral, PublicKeyToken=b03f5f7f11d50a3a" className="Test.SQL2005Test, Test" name="Sum_Simple" />
    </UnitTest>
    <UnitTest name="Where_Simple1" storage="d:\alinq\source\trunk\test\bin\debug\test.dll" id="ac7b617b-79f5-0810-e4a2-55bcd16f71fe">
      <Css projectStructure="" iteration="" />
      <Owners>
        <Owner name="" />
      </Owners>
      <TestMethod codeBase="D:\ALinq\Source\Trunk\Test\bin\Debug\Test.dll" adapterTypeName="Microsoft.VisualStudio.TestTools.TestTypes.Unit.UnitTestAdapter, Microsoft.VisualStudio.QualityTools.Tips.UnitTest.Adapter, Version=9.0.0.0, Culture=neutral, PublicKeyToken=b03f5f7f11d50a3a" className="Test.PgsqlTest, Test" name="Where_Simple1" />
    </UnitTest>
    <UnitTest name="Insert_Simple" storage="d:\alinq\source\trunk\test\bin\debug\test.dll" id="c0fa9ebf-8971-5d40-01ec-302ce01a0bec">
      <Css projectStructure="" iteration="" />
      <Owners>
        <Owner name="" />
      </Owners>
      <TestMethod codeBase="D:\ALinq\Source\Trunk\Test\bin\Debug\Test.dll" adapterTypeName="Microsoft.VisualStudio.TestTools.TestTypes.Unit.UnitTestAdapter, Microsoft.VisualStudio.QualityTools.Tips.UnitTest.Adapter, Version=9.0.0.0, Culture=neutral, PublicKeyToken=b03f5f7f11d50a3a" className="Test.SQLiteTest, Test" name="Insert_Simple" />
    </UnitTest>
    <UnitTest name="Math_Exp" storage="d:\alinq\source\trunk\test\bin\debug\test.dll" id="283b0ecd-c30a-bc7b-df40-ebeab476188f">
      <Css projectStructure="" iteration="" />
      <Owners>
        <Owner name="" />
      </Owners>
      <TestMethod codeBase="D:\ALinq\Source\Trunk\Test\bin\Debug\Test.dll" adapterTypeName="Microsoft.VisualStudio.TestTools.TestTypes.Unit.UnitTestAdapter, Microsoft.VisualStudio.QualityTools.Tips.UnitTest.Adapter, Version=9.0.0.0, Culture=neutral, PublicKeyToken=b03f5f7f11d50a3a" className="Test.DB2Test, Test" name="Math_Exp" />
    </UnitTest>
    <UnitTest name="Join_ThreeWay" storage="d:\alinq\source\trunk\test\bin\debug\test.dll" id="2d298512-c385-58a8-191d-3543d634fa0d">
      <Css projectStructure="" iteration="" />
      <Owners>
        <Owner name="" />
      </Owners>
      <TestMethod codeBase="D:\ALinq\Source\Trunk\Test\bin\Debug\Test.dll" adapterTypeName="Microsoft.VisualStudio.TestTools.TestTypes.Unit.UnitTestAdapter, Microsoft.VisualStudio.QualityTools.Tips.UnitTest.Adapter, Version=9.0.0.0, Culture=neutral, PublicKeyToken=b03f5f7f11d50a3a" className="Test.SqlTest, Test" name="Join_ThreeWay" />
    </UnitTest>
    <UnitTest name="GroupByCount" storage="d:\alinq\source\trunk\test\bin\debug\test.dll" id="0d87268f-5f6b-d97c-648c-316928f0fb8b">
      <Css projectStructure="" iteration="" />
      <Owners>
        <Owner name="" />
      </Owners>
      <TestMethod codeBase="D:\ALinq\Source\Trunk\Test\bin\Debug\Test.dll" adapterTypeName="Microsoft.VisualStudio.TestTools.TestTypes.Unit.UnitTestAdapter, Microsoft.VisualStudio.QualityTools.Tips.UnitTest.Adapter, Version=9.0.0.0, Culture=neutral, PublicKeyToken=b03f5f7f11d50a3a" className="Test.DB2Test, Test" name="GroupByCount" />
    </UnitTest>
    <UnitTest name="Math_Sqrt" storage="d:\alinq\source\trunk\test\bin\debug\test.dll" id="e3f52d99-4392-2972-57be-84c3df9c6751">
      <Css projectStructure="" iteration="" />
      <Owners>
        <Owner name="" />
      </Owners>
      <TestMethod codeBase="D:\ALinq\Source\Trunk\Test\bin\Debug\Test.dll" adapterTypeName="Microsoft.VisualStudio.TestTools.TestTypes.Unit.UnitTestAdapter, Microsoft.VisualStudio.QualityTools.Tips.UnitTest.Adapter, Version=9.0.0.0, Culture=neutral, PublicKeyToken=b03f5f7f11d50a3a" className="Test.MySqlTest, Test" name="Math_Sqrt" />
    </UnitTest>
    <UnitTest name="Aggregate_Null" storage="d:\alinq\source\trunk\test\bin\debug\test.dll" id="227f11fa-af60-b3b9-2bb2-b1e37ae5410f">
      <Css projectStructure="" iteration="" />
      <Owners>
        <Owner name="" />
      </Owners>
      <TestMethod codeBase="D:\ALinq\Source\Trunk\Test\bin\Debug\Test.dll" adapterTypeName="Microsoft.VisualStudio.TestTools.TestTypes.Unit.UnitTestAdapter, Microsoft.VisualStudio.QualityTools.Tips.UnitTest.Adapter, Version=9.0.0.0, Culture=neutral, PublicKeyToken=b03f5f7f11d50a3a" className="Test.PgsqlTest, Test" name="Aggregate_Null" />
    </UnitTest>
    <UnitTest name="DateTime_Add" storage="d:\alinq\source\trunk\test\bin\debug\test.dll" id="fefc860b-db21-c0e7-a8dd-109a9c653498">
      <Css projectStructure="" iteration="" />
      <Owners>
        <Owner name="" />
      </Owners>
      <TestMethod codeBase="D:\ALinq\Source\Trunk\Test\bin\Debug\Test.dll" adapterTypeName="Microsoft.VisualStudio.TestTools.TestTypes.Unit.UnitTestAdapter, Microsoft.VisualStudio.QualityTools.Tips.UnitTest.Adapter, Version=9.0.0.0, Culture=neutral, PublicKeyToken=b03f5f7f11d50a3a" className="Test.SQL2000Test, Test" name="DateTime_Add" />
    </UnitTest>
    <UnitTest name="DateTime_Day" storage="d:\alinq\source\trunk\test\bin\debug\test.dll" id="4508aa98-f940-859b-14f6-70358d0606bc">
      <Css projectStructure="" iteration="" />
      <Owners>
        <Owner name="" />
      </Owners>
      <TestMethod codeBase="D:\ALinq\Source\Trunk\Test\bin\Debug\Test.dll" adapterTypeName="Microsoft.VisualStudio.TestTools.TestTypes.Unit.UnitTestAdapter, Microsoft.VisualStudio.QualityTools.Tips.UnitTest.Adapter, Version=9.0.0.0, Culture=neutral, PublicKeyToken=b03f5f7f11d50a3a" className="Test.SQLiteTest, Test" name="DateTime_Day" />
    </UnitTest>
    <UnitTest name="String_NullSelect" storage="d:\alinq\source\trunk\test\bin\debug\test.dll" id="3fb2f598-131e-c92f-1230-8a7a87fd8b55">
      <Css projectStructure="" iteration="" />
      <Owners>
        <Owner name="" />
      </Owners>
      <TestMethod codeBase="D:\ALinq\Source\Trunk\Test\bin\Debug\Test.dll" adapterTypeName="Microsoft.VisualStudio.TestTools.TestTypes.Unit.UnitTestAdapter, Microsoft.VisualStudio.QualityTools.Tips.UnitTest.Adapter, Version=9.0.0.0, Culture=neutral, PublicKeyToken=b03f5f7f11d50a3a" className="Test.SqlTest, Test" name="String_NullSelect" />
    </UnitTest>
    <UnitTest name="Test1" storage="d:\alinq\source\trunk\test\bin\debug\test.dll" id="242d9d33-fc43-5ba7-f421-04377e4c8eeb">
      <Css projectStructure="" iteration="" />
      <Owners>
        <Owner name="" />
      </Owners>
      <TestMethod codeBase="D:\ALinq\Source\Trunk\Test\bin\Debug\Test.dll" adapterTypeName="Microsoft.VisualStudio.TestTools.TestTypes.Unit.UnitTestAdapter, Microsoft.VisualStudio.QualityTools.Tips.UnitTest.Adapter, Version=9.0.0.0, Culture=neutral, PublicKeyToken=b03f5f7f11d50a3a" className="Test.SQL2005Test, Test" name="Test1" />
    </UnitTest>
    <UnitTest name="GetChangeText" storage="d:\alinq\source\trunk\test\bin\debug\test.dll" id="24615de1-d563-da8d-f5d2-7ea324fa629e">
      <Css projectStructure="" iteration="" />
      <Owners>
        <Owner name="" />
      </Owners>
      <TestMethod codeBase="D:\ALinq\Source\Trunk\Test\bin\Debug\Test.dll" adapterTypeName="Microsoft.VisualStudio.TestTools.TestTypes.Unit.UnitTestAdapter, Microsoft.VisualStudio.QualityTools.Tips.UnitTest.Adapter, Version=9.0.0.0, Culture=neutral, PublicKeyToken=b03f5f7f11d50a3a" className="Test.DataContextTest, Test" name="GetChangeText" />
    </UnitTest>
    <UnitTest name="GroupBy_Expression" storage="d:\alinq\source\trunk\test\bin\debug\test.dll" id="ea60e247-5865-1ea9-7924-682ae0b1fa1c">
      <Css projectStructure="" iteration="" />
      <Owners>
        <Owner name="" />
      </Owners>
      <TestMethod codeBase="D:\ALinq\Source\Trunk\Test\bin\Debug\Test.dll" adapterTypeName="Microsoft.VisualStudio.TestTools.TestTypes.Unit.UnitTestAdapter, Microsoft.VisualStudio.QualityTools.Tips.UnitTest.Adapter, Version=9.0.0.0, Culture=neutral, PublicKeyToken=b03f5f7f11d50a3a" className="Test.FirebirdTest, Test" name="GroupBy_Expression" />
    </UnitTest>
    <UnitTest name="Math_Sinh" storage="d:\alinq\source\trunk\test\bin\debug\test.dll" id="c92f9b4e-26b0-44c3-2a5c-a6f6f60a82bb">
      <Css projectStructure="" iteration="" />
      <Owners>
        <Owner name="" />
      </Owners>
      <TestMethod codeBase="D:\ALinq\Source\Trunk\Test\bin\Debug\Test.dll" adapterTypeName="Microsoft.VisualStudio.TestTools.TestTypes.Unit.UnitTestAdapter, Microsoft.VisualStudio.QualityTools.Tips.UnitTest.Adapter, Version=9.0.0.0, Culture=neutral, PublicKeyToken=b03f5f7f11d50a3a" className="Test.PgsqlTest, Test" name="Math_Sinh" />
    </UnitTest>
    <UnitTest name="Any_Simple" storage="d:\alinq\source\trunk\test\bin\debug\test.dll" id="c5ed5947-04ee-d3fc-1e06-82259b157d2e">
      <Css projectStructure="" iteration="" />
      <Owners>
        <Owner name="" />
      </Owners>
      <TestMethod codeBase="D:\ALinq\Source\Trunk\Test\bin\Debug\Test.dll" adapterTypeName="Microsoft.VisualStudio.TestTools.TestTypes.Unit.UnitTestAdapter, Microsoft.VisualStudio.QualityTools.Tips.UnitTest.Adapter, Version=9.0.0.0, Culture=neutral, PublicKeyToken=b03f5f7f11d50a3a" className="Test.FirebirdTest, Test" name="Any_Simple" />
    </UnitTest>
    <UnitTest name="DataType_Enum" storage="d:\alinq\source\trunk\test\bin\debug\test.dll" id="f3b43593-f8a7-1c14-fbb0-1ade3b704bd3">
      <Css projectStructure="" iteration="" />
      <Owners>
        <Owner name="" />
      </Owners>
      <TestMethod codeBase="D:\ALinq\Source\Trunk\Test\bin\Debug\Test.dll" adapterTypeName="Microsoft.VisualStudio.TestTools.TestTypes.Unit.UnitTestAdapter, Microsoft.VisualStudio.QualityTools.Tips.UnitTest.Adapter, Version=9.0.0.0, Culture=neutral, PublicKeyToken=b03f5f7f11d50a3a" className="Test.AccessTest, Test" name="DataType_Enum" />
    </UnitTest>
    <UnitTest name="Select_Condition" storage="d:\alinq\source\trunk\test\bin\debug\test.dll" id="77306551-dd12-1507-2916-71f557f748aa">
      <Css projectStructure="" iteration="" />
      <Owners>
        <Owner name="" />
      </Owners>
      <TestMethod codeBase="D:\ALinq\Source\Trunk\Test\bin\Debug\Test.dll" adapterTypeName="Microsoft.VisualStudio.TestTools.TestTypes.Unit.UnitTestAdapter, Microsoft.VisualStudio.QualityTools.Tips.UnitTest.Adapter, Version=9.0.0.0, Culture=neutral, PublicKeyToken=b03f5f7f11d50a3a" className="Test.AccessTest, Test" name="Select_Condition" />
    </UnitTest>
    <UnitTest name="SelectMany_MultipleFrom" storage="d:\alinq\source\trunk\test\bin\debug\test.dll" id="38bc1379-7b46-55f9-b59c-3cb1cc92f152">
      <Css projectStructure="" iteration="" />
      <Owners>
        <Owner name="" />
      </Owners>
      <TestMethod codeBase="D:\ALinq\Source\Trunk\Test\bin\Debug\Test.dll" adapterTypeName="Microsoft.VisualStudio.TestTools.TestTypes.Unit.UnitTestAdapter, Microsoft.VisualStudio.QualityTools.Tips.UnitTest.Adapter, Version=9.0.0.0, Culture=neutral, PublicKeyToken=b03f5f7f11d50a3a" className="Test.PgsqlTest, Test" name="SelectMany_MultipleFrom" />
    </UnitTest>
  </TestDefinitions>
  <TestLists>
    <TestList name="Results Not in a List" id="8c84fa94-04c1-424b-9868-57a2d4851a1d" />
    <TestList name="All Loaded Results" id="19431567-8539-422a-85d7-44ee4e166bda" />
  </TestLists>
  <TestEntries>
    <TestEntry testId="f1851738-f2ad-7f4f-0534-8aa9835619fd" executionId="bc415f80-1f88-4370-ac78-7fb324dccfe6" testListId="8c84fa94-04c1-424b-9868-57a2d4851a1d" />
    <TestEntry testId="43588b40-d223-8352-09ab-0d3b54f50b4f" executionId="5b31de5e-529b-44c5-b41c-a85dc15930e2" testListId="8c84fa94-04c1-424b-9868-57a2d4851a1d" />
    <TestEntry testId="2729f8bb-094f-86bd-1b0a-b010e00f9235" executionId="c0aa42bd-134e-4673-84a4-de87493128b6" testListId="8c84fa94-04c1-424b-9868-57a2d4851a1d" />
    <TestEntry testId="c699d8ef-d435-6960-7384-746c6e162468" executionId="271923bb-a793-41a9-a081-d686f4a531a8" testListId="8c84fa94-04c1-424b-9868-57a2d4851a1d" />
    <TestEntry testId="000ee80b-ccd3-e075-cde4-8c898c098ddb" executionId="db1b9eb1-2678-4bda-8d27-6a73ae1c3ead" testListId="8c84fa94-04c1-424b-9868-57a2d4851a1d" />
    <TestEntry testId="30f03433-f887-ab3d-14db-3f893a99c142" executionId="ee4c2f96-004f-4dbc-bb84-b9ba7ef02fd7" testListId="8c84fa94-04c1-424b-9868-57a2d4851a1d" />
    <TestEntry testId="91dcfb2a-e768-3039-b6b9-03879e5f62ec" executionId="f44a9232-1c59-41a4-8d61-1679b1ba1dbf" testListId="8c84fa94-04c1-424b-9868-57a2d4851a1d" />
    <TestEntry testId="d16e19ca-aa3c-ac3c-ae48-e10eb5a0885c" executionId="6a5566d2-7aa8-49e5-a238-c092755861c4" testListId="8c84fa94-04c1-424b-9868-57a2d4851a1d" />
    <TestEntry testId="613c01cd-62ea-31be-e992-f5eeb0073be7" executionId="d580c87f-6b11-41ea-b515-25ec6bbd939c" testListId="8c84fa94-04c1-424b-9868-57a2d4851a1d" />
    <TestEntry testId="c0ebea94-70bb-854a-a958-2daaad4ab215" executionId="10d2b068-800c-410f-901d-7f70619906da" testListId="8c84fa94-04c1-424b-9868-57a2d4851a1d" />
    <TestEntry testId="6897bc96-8fbb-946b-01bd-4d1ed6431693" executionId="da68a04c-8481-4240-82d2-5fd5f89573af" testListId="8c84fa94-04c1-424b-9868-57a2d4851a1d" />
    <TestEntry testId="a280da9b-978c-c4d8-c780-6bfd11e59735" executionId="cc701a33-0abf-4faa-bb38-2be906a86e07" testListId="8c84fa94-04c1-424b-9868-57a2d4851a1d" />
    <TestEntry testId="db31b71c-c6f7-8925-851e-17656027137f" executionId="f94d4542-abd8-4f38-b7ba-e457a456cc02" testListId="8c84fa94-04c1-424b-9868-57a2d4851a1d" />
    <TestEntry testId="bd5c05f0-a520-d5e2-0462-ddaf9d795ae8" executionId="3e8d7186-d818-4444-ba59-cb5248ca4ed6" testListId="8c84fa94-04c1-424b-9868-57a2d4851a1d" />
    <TestEntry testId="219965cf-33b2-e720-c2da-e07bcab79a68" executionId="81a9af47-234e-435e-947e-c720a2a00d36" testListId="8c84fa94-04c1-424b-9868-57a2d4851a1d" />
    <TestEntry testId="a04b7154-aa7e-16a8-fee6-8c733bde23c7" executionId="866e32b0-3433-47be-81a6-624a3b027ac2" testListId="8c84fa94-04c1-424b-9868-57a2d4851a1d" />
    <TestEntry testId="0fe8cecf-075c-f4f7-2800-11302e2d07a2" executionId="f8a164c7-e547-44b6-b085-f9b7f5f60c94" testListId="8c84fa94-04c1-424b-9868-57a2d4851a1d" />
    <TestEntry testId="acdae991-d912-c4a8-4f6c-28b970efdb04" executionId="dd225bbc-d7b3-49d5-a58d-208de23a3613" testListId="8c84fa94-04c1-424b-9868-57a2d4851a1d" />
    <TestEntry testId="5dba4727-3c5f-9f1c-30ce-690cbdbf625c" executionId="0bdb0571-99a6-4a17-94ad-27b317ccee33" testListId="8c84fa94-04c1-424b-9868-57a2d4851a1d" />
    <TestEntry testId="d1dcd52f-a822-975c-ed75-ba1357cee845" executionId="2ec0fcba-099c-4922-92da-d038d885e01b" testListId="8c84fa94-04c1-424b-9868-57a2d4851a1d" />
    <TestEntry testId="3d016b7b-c631-912b-289b-eb15d68bbde1" executionId="90578d99-3e88-4826-b907-dd9d4ce0a7b6" testListId="8c84fa94-04c1-424b-9868-57a2d4851a1d" />
    <TestEntry testId="aed172a3-c756-e2d0-4dd1-0a65e76c9a63" executionId="d480c933-344e-48b4-8db0-7f6d7a83f4a7" testListId="8c84fa94-04c1-424b-9868-57a2d4851a1d" />
    <TestEntry testId="90b34f3f-7153-8442-40d3-f3551853fd17" executionId="b5480d28-e2c7-4725-9df7-7a3790c67fc1" testListId="8c84fa94-04c1-424b-9868-57a2d4851a1d" />
    <TestEntry testId="c9906075-ca27-8e99-c221-56a6ea27bf8e" executionId="cb130c96-f646-48ac-8fc8-15b93330b990" testListId="8c84fa94-04c1-424b-9868-57a2d4851a1d" />
    <TestEntry testId="b1bf53b6-f7aa-5eb6-a31d-1b8eb29dc02d" executionId="e9572486-07b5-439f-aba6-bcbc0945ca3e" testListId="8c84fa94-04c1-424b-9868-57a2d4851a1d" />
    <TestEntry testId="6ae90211-d90e-5ade-6769-e0faf53062a8" executionId="f6888477-7bc9-4c93-8aee-c7aba3c19209" testListId="8c84fa94-04c1-424b-9868-57a2d4851a1d" />
    <TestEntry testId="b7eaa0e4-42e5-990e-08fb-2b366b78371b" executionId="4c080d62-9878-40a4-ac78-cc32956e5dbf" testListId="8c84fa94-04c1-424b-9868-57a2d4851a1d" />
    <TestEntry testId="5b78ac4e-97b5-2bdb-4e48-226ce1746a7c" executionId="33fc3f98-9665-4dab-bccc-795de2fcca2f" testListId="8c84fa94-04c1-424b-9868-57a2d4851a1d" />
    <TestEntry testId="3deeb89f-4f8c-8f88-0c4c-8ab64c899c4e" executionId="88e1b176-af7d-4cf2-b518-52d96d10a126" testListId="8c84fa94-04c1-424b-9868-57a2d4851a1d" />
    <TestEntry testId="9805cfb5-60e7-4b52-6b8f-8d6f40b5235f" executionId="3a15f783-b6b5-4b58-901f-2ad7d526e427" testListId="8c84fa94-04c1-424b-9868-57a2d4851a1d" />
    <TestEntry testId="a745410a-74bb-3ba1-efcd-662ff14ded67" executionId="d2990bfe-be73-47c5-ab3e-244971a9f01b" testListId="8c84fa94-04c1-424b-9868-57a2d4851a1d" />
    <TestEntry testId="6601d10b-a22c-4a68-1882-e63e862624b3" executionId="bf2928c0-7478-4c1c-b8a0-7fe6fb0e283e" testListId="8c84fa94-04c1-424b-9868-57a2d4851a1d" />
    <TestEntry testId="615c27f1-0d4b-7caf-dc82-646258dba86f" executionId="5c0811fb-dcf2-4466-90bb-218f1fdc8450" testListId="8c84fa94-04c1-424b-9868-57a2d4851a1d" />
    <TestEntry testId="9654112f-f189-8b20-90b3-4c98b6ffdaf5" executionId="e123f367-8091-4454-b550-ffde99d579d3" testListId="8c84fa94-04c1-424b-9868-57a2d4851a1d" />
    <TestEntry testId="7eb0031a-fb13-3724-e51b-be3852301b66" executionId="72f2f9e0-de9e-4327-9f19-f46fc0b459ad" testListId="8c84fa94-04c1-424b-9868-57a2d4851a1d" />
    <TestEntry testId="52472e00-8dea-c16e-6f90-9d13792f34bb" executionId="2c353691-7790-4ad6-aa70-3c206e09f8a1" testListId="8c84fa94-04c1-424b-9868-57a2d4851a1d" />
    <TestEntry testId="9ae62e49-ce1a-2b1e-085a-75bbfebe285e" executionId="687215fb-d17a-4f3c-8193-b64359a4df8b" testListId="8c84fa94-04c1-424b-9868-57a2d4851a1d" />
    <TestEntry testId="0a7a228d-c671-0b3d-f4d2-5721bd0adb1f" executionId="48319607-3471-4033-b6b8-522742b677c0" testListId="8c84fa94-04c1-424b-9868-57a2d4851a1d" />
    <TestEntry testId="55720033-59bf-4a53-92d5-13fc03e5acac" executionId="9e7a982e-7f0f-4fe6-a3d8-7a8f0b30624f" testListId="8c84fa94-04c1-424b-9868-57a2d4851a1d" />
    <TestEntry testId="c469604c-cff6-7e7a-34f9-c5e6fda61b13" executionId="6f8761e6-d24c-449d-96b7-a7e65295d5d1" testListId="8c84fa94-04c1-424b-9868-57a2d4851a1d" />
    <TestEntry testId="ea475b5a-93fd-187e-150c-27e79045286a" executionId="76ba9ec1-bc02-4af4-8581-1ff8395b363b" testListId="8c84fa94-04c1-424b-9868-57a2d4851a1d" />
    <TestEntry testId="2a5a50bf-b1e6-5ad4-890d-191edc3bb97f" executionId="214357d8-5d9c-4ea0-8649-fc0830ed664b" testListId="8c84fa94-04c1-424b-9868-57a2d4851a1d" />
    <TestEntry testId="60c7a626-fe09-d97c-c77b-d0cc9e88178e" executionId="7d42adc1-76ba-4a21-b199-ff7b8d1de09e" testListId="8c84fa94-04c1-424b-9868-57a2d4851a1d" />
    <TestEntry testId="3fcfbec4-361c-b662-7616-044026e4285d" executionId="b18be2ba-75d5-4a34-aac4-e18e712b1fd9" testListId="8c84fa94-04c1-424b-9868-57a2d4851a1d" />
    <TestEntry testId="d8b90a3a-ad22-71ef-31c3-9530a33df24f" executionId="b0f68c50-a755-4d19-a091-43824449ece2" testListId="8c84fa94-04c1-424b-9868-57a2d4851a1d" />
    <TestEntry testId="792edeb2-852e-697c-a3ab-3cb5c39cc1d2" executionId="6fddb632-3f7a-4e2c-b99e-505f9593e56a" testListId="8c84fa94-04c1-424b-9868-57a2d4851a1d" />
    <TestEntry testId="6c380b04-a024-0301-7c1c-a6fc4196cf7d" executionId="57de1395-6971-41ab-b9a2-5c05aa980b14" testListId="8c84fa94-04c1-424b-9868-57a2d4851a1d" />
    <TestEntry testId="1a696719-46e5-7e2b-22c9-da6a67836c64" executionId="67eca245-b104-40ea-9566-418d41656de1" testListId="8c84fa94-04c1-424b-9868-57a2d4851a1d" />
    <TestEntry testId="280e9bb8-7ead-455e-876a-e49a5e9c2c4a" executionId="5df0f649-cf2b-4ffc-941c-af2574ab9a55" testListId="8c84fa94-04c1-424b-9868-57a2d4851a1d" />
    <TestEntry testId="b1c543fe-326c-314e-efcc-5f50e8c8ad1e" executionId="8968bb03-1232-4ce9-bf5d-0b6f51ddf10b" testListId="8c84fa94-04c1-424b-9868-57a2d4851a1d" />
    <TestEntry testId="984eb002-b9c0-316a-dfb4-117c51dab58a" executionId="5e4add01-7186-4a92-a64f-6b02c6d22a27" testListId="8c84fa94-04c1-424b-9868-57a2d4851a1d" />
    <TestEntry testId="73e636b4-3ec9-cc29-59b2-75d0cef7fb7f" executionId="2ffa8e81-e85f-4840-9eb3-d3f231346144" testListId="8c84fa94-04c1-424b-9868-57a2d4851a1d" />
    <TestEntry testId="de32249a-4508-2fb8-3df6-ca7c5f40495b" executionId="12148e71-38fa-4dda-92ed-65466d69ea9b" testListId="8c84fa94-04c1-424b-9868-57a2d4851a1d" />
    <TestEntry testId="958aa4ec-5955-840f-5305-c2afc212fedd" executionId="8ab072e1-1147-42f3-be9e-1cb2a16cc762" testListId="8c84fa94-04c1-424b-9868-57a2d4851a1d" />
    <TestEntry testId="f7de4c24-4ea6-df27-928b-108d3a46888b" executionId="36044928-f6d2-4ff4-b642-ebdfdf0628ad" testListId="8c84fa94-04c1-424b-9868-57a2d4851a1d" />
    <TestEntry testId="ee3ce67f-d338-6195-1840-af36e0ea566a" executionId="ffb288f7-2397-46f0-a6ba-377ac9b89fc2" testListId="8c84fa94-04c1-424b-9868-57a2d4851a1d" />
    <TestEntry testId="3e851022-4f21-be09-a7e3-c8491e9216f4" executionId="f77a6ff4-6076-4aee-8636-588675de37b2" testListId="8c84fa94-04c1-424b-9868-57a2d4851a1d" />
    <TestEntry testId="25aec589-20ec-6add-7988-245c110a27f1" executionId="5bbfdcfd-fdee-4713-86d2-dde3db1c7ba2" testListId="8c84fa94-04c1-424b-9868-57a2d4851a1d" />
    <TestEntry testId="ee6779b2-1643-9f6e-5ee8-7d1594a7ad0b" executionId="4088073e-245e-4aef-b6c2-f366c34c9828" testListId="8c84fa94-04c1-424b-9868-57a2d4851a1d" />
    <TestEntry testId="94746076-e8e4-ec09-575d-b3f569ea2b6d" executionId="2766a4a7-2773-4a84-ab6d-9158c09b5ef5" testListId="8c84fa94-04c1-424b-9868-57a2d4851a1d" />
    <TestEntry testId="600c664a-2cde-b179-686d-08d5314754a7" executionId="b15bc21f-8f30-4377-a01d-670aa8024834" testListId="8c84fa94-04c1-424b-9868-57a2d4851a1d" />
    <TestEntry testId="9ccd5a68-d56a-92ac-b564-4a0baa7b34a2" executionId="0819d97d-9ed9-4e57-bd52-7d5bd4f12f74" testListId="8c84fa94-04c1-424b-9868-57a2d4851a1d" />
    <TestEntry testId="c477b828-b3c8-36fa-dbd7-2a1b05405f7f" executionId="e6be789f-9255-425b-94d5-4a6920cb38fa" testListId="8c84fa94-04c1-424b-9868-57a2d4851a1d" />
    <TestEntry testId="f8d27003-495e-5f3d-cb51-67818237d98c" executionId="e79721fa-0129-4869-960f-dabda914259e" testListId="8c84fa94-04c1-424b-9868-57a2d4851a1d" />
    <TestEntry testId="7d7af1a5-770c-4231-c560-18e5c540ae84" executionId="2f8de606-45df-4ed5-bdbf-bf5906ddd928" testListId="8c84fa94-04c1-424b-9868-57a2d4851a1d" />
    <TestEntry testId="085ae77d-32df-9f82-c8ba-57221726b5cd" executionId="0958a889-76a7-41a8-9bee-290a4e8e9949" testListId="8c84fa94-04c1-424b-9868-57a2d4851a1d" />
    <TestEntry testId="b8912cc8-6bcf-577f-1f0f-ca196aa6d7cd" executionId="1581cf3b-c980-472e-8a43-e6aeaf8b2893" testListId="8c84fa94-04c1-424b-9868-57a2d4851a1d" />
    <TestEntry testId="4c6b95cc-9ab4-6902-1ba4-1a5da1ab02b1" executionId="46ea15f7-9778-4524-a49a-1b471a42ea95" testListId="8c84fa94-04c1-424b-9868-57a2d4851a1d" />
    <TestEntry testId="d9654739-5a57-00fe-79e3-9bddbd1c537a" executionId="5bc4f1bc-0945-4f55-b107-d225557ead22" testListId="8c84fa94-04c1-424b-9868-57a2d4851a1d" />
    <TestEntry testId="540386df-7c59-b899-4f98-ddd54201c551" executionId="35f2f189-d0d2-4f9f-ac41-2eb79f5440c4" testListId="8c84fa94-04c1-424b-9868-57a2d4851a1d" />
    <TestEntry testId="3ac05101-5790-2e92-8772-370e7bdbd78a" executionId="2a6c1203-d166-46be-a546-8d14fa6da4cc" testListId="8c84fa94-04c1-424b-9868-57a2d4851a1d" />
    <TestEntry testId="c5a6b8fe-0393-480c-cd3e-7ca41dd3b602" executionId="03757939-aebc-4303-8a5b-3f32abf60e22" testListId="8c84fa94-04c1-424b-9868-57a2d4851a1d" />
    <TestEntry testId="4f879db0-185c-fed3-2d46-3e5a8e9ef158" executionId="cc052cb5-790f-4fe8-aca6-406d7e7c412c" testListId="8c84fa94-04c1-424b-9868-57a2d4851a1d" />
    <TestEntry testId="2de8a907-f94d-8dfa-7e28-6eeb18c53db8" executionId="b26e5162-cdeb-4266-a2f0-8bad57903b24" testListId="8c84fa94-04c1-424b-9868-57a2d4851a1d" />
    <TestEntry testId="37a66edf-6b23-b769-c3dc-a1b76f52472c" executionId="41b6c6de-e026-4934-aa71-07694af894f8" testListId="8c84fa94-04c1-424b-9868-57a2d4851a1d" />
    <TestEntry testId="596ecc35-c64f-a77e-f393-0036d90bd3f7" executionId="d177dcd7-fd9e-4041-b5d0-fc46fb0a8379" testListId="8c84fa94-04c1-424b-9868-57a2d4851a1d" />
    <TestEntry testId="c18508d1-ca8f-2940-2553-a5f9c239beed" executionId="7618fb2d-400d-4ef5-9777-d056484c240f" testListId="8c84fa94-04c1-424b-9868-57a2d4851a1d" />
    <TestEntry testId="ffba9852-8280-fe8e-a33f-c7b1e1c7dec2" executionId="9a8c0cd1-7109-4605-b361-0cfc51dd6c48" testListId="8c84fa94-04c1-424b-9868-57a2d4851a1d" />
    <TestEntry testId="93fc24f4-803c-41fe-c906-15eb5e608aae" executionId="966482ad-1d1f-47ff-9604-b791ff9431f9" testListId="8c84fa94-04c1-424b-9868-57a2d4851a1d" />
    <TestEntry testId="53167c48-021b-ef47-fa07-9346735c9ee5" executionId="ae37dce6-1a9c-4bf0-a8e1-8ca89cb106ff" testListId="8c84fa94-04c1-424b-9868-57a2d4851a1d" />
    <TestEntry testId="ca255c48-6f25-9ca1-bdeb-cd70d3a7fc43" executionId="be8c44ca-faa6-4f4d-9493-c9751716326a" testListId="8c84fa94-04c1-424b-9868-57a2d4851a1d" />
    <TestEntry testId="ac3fdb62-1ed5-9a95-dc10-f64b8ad28e3a" executionId="b2172e35-a331-4f5d-a164-9bf16697feef" testListId="8c84fa94-04c1-424b-9868-57a2d4851a1d" />
    <TestEntry testId="63e495da-fa56-f7a1-5bf9-43725d1ab8ea" executionId="26242d20-e63b-4003-8dc5-ded9cddda569" testListId="8c84fa94-04c1-424b-9868-57a2d4851a1d" />
    <TestEntry testId="9feba22e-b4b5-4233-6cd0-947daeb5f337" executionId="7c811f17-cec8-4d26-a607-98e990062985" testListId="8c84fa94-04c1-424b-9868-57a2d4851a1d" />
    <TestEntry testId="c42bffff-4475-1e19-e2ff-bb4443f9c1eb" executionId="472840e1-44cd-4ebc-88e6-7aa49d389acf" testListId="8c84fa94-04c1-424b-9868-57a2d4851a1d" />
    <TestEntry testId="fb2fd21d-8991-4a47-6a58-b4c907a22c57" executionId="872f128c-a7d9-447e-b2a9-21400468e33d" testListId="8c84fa94-04c1-424b-9868-57a2d4851a1d" />
    <TestEntry testId="e0f048ac-fc5c-1aa7-f036-cd1daa4224fa" executionId="8bcb0afa-10e8-432f-81e9-a55a78586b7d" testListId="8c84fa94-04c1-424b-9868-57a2d4851a1d" />
    <TestEntry testId="9554967b-0ddc-3be5-9ba0-03bedf2c92c9" executionId="817b7a84-9590-46de-9b4b-cc61e3d96ae5" testListId="8c84fa94-04c1-424b-9868-57a2d4851a1d" />
    <TestEntry testId="f22986df-b2d1-622c-7014-e68f1d2fc38e" executionId="52d8c4af-b336-4e1c-837a-873f0ab9ae1f" testListId="8c84fa94-04c1-424b-9868-57a2d4851a1d" />
    <TestEntry testId="ec2619e5-76d9-a622-97e2-bece972a606a" executionId="efda59ca-02cb-4f88-8d0c-d32baf8b2448" testListId="8c84fa94-04c1-424b-9868-57a2d4851a1d" />
    <TestEntry testId="38424df7-3eb8-606b-4096-38600ae8f0bf" executionId="eb8c625b-08aa-4723-b17b-7fbad302493d" testListId="8c84fa94-04c1-424b-9868-57a2d4851a1d" />
    <TestEntry testId="4d02b785-bcb9-e31a-c07a-90250ffe64ca" executionId="92989622-1a6c-4aef-a159-b14c3b932b0b" testListId="8c84fa94-04c1-424b-9868-57a2d4851a1d" />
    <TestEntry testId="c226cf7d-cd18-4e12-2c32-8bc46eee2b05" executionId="fdc64276-413d-4efb-ad6b-ed1c1b5c2722" testListId="8c84fa94-04c1-424b-9868-57a2d4851a1d" />
    <TestEntry testId="5f9fd9ae-5a9b-505b-329a-f1cab9851e0e" executionId="16658878-aae1-42cc-bec4-504177953f67" testListId="8c84fa94-04c1-424b-9868-57a2d4851a1d" />
    <TestEntry testId="7af9b436-fe89-237d-0e13-33156e633acf" executionId="ab52c073-cabe-4e1e-a0fa-42c99aa00862" testListId="8c84fa94-04c1-424b-9868-57a2d4851a1d" />
    <TestEntry testId="78701cb5-9bfa-3749-32c1-87baeb4dfd08" executionId="f587296d-915b-4323-a041-81fe09c19d29" testListId="8c84fa94-04c1-424b-9868-57a2d4851a1d" />
    <TestEntry testId="f1390109-2a52-9dec-3310-fdf6a2d696f3" executionId="bd5e4e9b-4dd4-4086-9f68-3384bf087a74" testListId="8c84fa94-04c1-424b-9868-57a2d4851a1d" />
    <TestEntry testId="de9e45ca-bdf5-a433-b3f7-33fd896b4457" executionId="37d8861b-45d5-4237-856d-263696bade92" testListId="8c84fa94-04c1-424b-9868-57a2d4851a1d" />
    <TestEntry testId="f3b43593-f8a7-1c14-fbb0-1ade3b704bd3" executionId="9d095c6d-0d3e-4e4f-926d-05f5892d4197" testListId="8c84fa94-04c1-424b-9868-57a2d4851a1d" />
    <TestEntry testId="9f7c2073-7820-c541-d4c2-73f8c0ac1e37" executionId="e1e1297d-e863-493d-b33e-92dae325342c" testListId="8c84fa94-04c1-424b-9868-57a2d4851a1d" />
    <TestEntry testId="4154ca25-0bfb-1447-8fcf-06384cfc825d" executionId="7bdb1db4-285d-4bb7-b90d-8c45e4b26c7e" testListId="8c84fa94-04c1-424b-9868-57a2d4851a1d" />
    <TestEntry testId="e19f9c13-3be9-ea95-e214-b9dce569e915" executionId="d785b649-9776-4ad9-8496-34bc5d1a5e84" testListId="8c84fa94-04c1-424b-9868-57a2d4851a1d" />
    <TestEntry testId="182b7a42-6971-a3dc-53ba-6eef10e189fb" executionId="6dd8b97b-b5b6-4a2c-836e-c79f31059013" testListId="8c84fa94-04c1-424b-9868-57a2d4851a1d" />
    <TestEntry testId="139007b3-3900-22e4-9051-1d74fc18708a" executionId="aa0b6d12-07dd-46e4-a68c-0bda821cf223" testListId="8c84fa94-04c1-424b-9868-57a2d4851a1d" />
    <TestEntry testId="de70a741-e3a9-3265-edde-ed0c63547edf" executionId="c5e8f7ec-5f52-4bae-9992-ca5422e10a33" testListId="8c84fa94-04c1-424b-9868-57a2d4851a1d" />
    <TestEntry testId="3a891bf1-e9ae-3c1d-df31-d5abc8487b12" executionId="c1042927-0dea-44bb-a0e9-fea03aae9daf" testListId="8c84fa94-04c1-424b-9868-57a2d4851a1d" />
    <TestEntry testId="bc7aa3bf-43a0-2a7f-9817-423692077b14" executionId="c8819ee1-62e3-4e93-88df-1df76286ca6f" testListId="8c84fa94-04c1-424b-9868-57a2d4851a1d" />
    <TestEntry testId="f2f14615-d3b9-d372-0677-8bdcbd770db1" executionId="b326a470-296c-4094-bab3-354385ce2380" testListId="8c84fa94-04c1-424b-9868-57a2d4851a1d" />
    <TestEntry testId="9da0e899-2697-befb-cf06-8b0f58c18cdb" executionId="d647d8f5-460e-4453-baa2-6373ded1456b" testListId="8c84fa94-04c1-424b-9868-57a2d4851a1d" />
    <TestEntry testId="3519bd36-d017-bfe3-b14c-76f7482cb2ee" executionId="582cd90e-88e7-4c28-be39-84fe5d641a1c" testListId="8c84fa94-04c1-424b-9868-57a2d4851a1d" />
    <TestEntry testId="a21d3fed-a897-860f-1a50-91278822ec8c" executionId="a2fb6d4b-ab08-450d-92cc-4acce8e26a30" testListId="8c84fa94-04c1-424b-9868-57a2d4851a1d" />
    <TestEntry testId="606937e5-6c33-04ce-e794-55f0269a1d21" executionId="8893eede-bbf7-4500-8d51-9384e01e4060" testListId="8c84fa94-04c1-424b-9868-57a2d4851a1d" />
    <TestEntry testId="b361baeb-767e-7043-0844-82d6dcc37366" executionId="15c6bf49-0d6e-434b-b75d-8098ac56210a" testListId="8c84fa94-04c1-424b-9868-57a2d4851a1d" />
    <TestEntry testId="126291a1-4670-6e31-6b11-f320777e5d66" executionId="9374c406-e357-4ceb-96cd-b9eda7ed57af" testListId="8c84fa94-04c1-424b-9868-57a2d4851a1d" />
    <TestEntry testId="b2bb6fbf-9b36-e99b-7d27-9dd426486809" executionId="46fb76ad-ee05-481a-a139-2e61faf1324c" testListId="8c84fa94-04c1-424b-9868-57a2d4851a1d" />
    <TestEntry testId="9d1853ce-1291-e824-5119-2e151b29b7a3" executionId="e33e1483-e6b2-4120-aade-0795a2a9b115" testListId="8c84fa94-04c1-424b-9868-57a2d4851a1d" />
    <TestEntry testId="77306551-dd12-1507-2916-71f557f748aa" executionId="7a345f33-a969-45db-aab2-16de2bd229c4" testListId="8c84fa94-04c1-424b-9868-57a2d4851a1d" />
    <TestEntry testId="f8e0cdf9-2717-3b93-4537-3351fc585a51" executionId="36bd9ebb-f812-4016-9ed1-a6b19cde751b" testListId="8c84fa94-04c1-424b-9868-57a2d4851a1d" />
    <TestEntry testId="dbb8524d-c28e-8b5b-be8a-6a96ec2fe31f" executionId="7c797e09-2d7d-4df8-aaca-32a36d7fcee7" testListId="8c84fa94-04c1-424b-9868-57a2d4851a1d" />
    <TestEntry testId="198e9b0d-f013-f5d1-fcbe-2b5b433aa0a8" executionId="3ee87019-e138-4421-acee-731a631599ac" testListId="8c84fa94-04c1-424b-9868-57a2d4851a1d" />
    <TestEntry testId="241fdc1c-07cb-ab7b-5399-832a70a5c577" executionId="383c36d6-292f-4184-8fa2-ed984c2ba244" testListId="8c84fa94-04c1-424b-9868-57a2d4851a1d" />
    <TestEntry testId="92b046af-8f04-7955-0fd4-c096c37e7dd8" executionId="daf6e592-f536-4172-997d-40ca56cc9a14" testListId="8c84fa94-04c1-424b-9868-57a2d4851a1d" />
    <TestEntry testId="b5e71f96-0f63-61fd-98e2-151aec3fbbf1" executionId="81029b0a-ad97-4617-98ce-d23f87b8047d" testListId="8c84fa94-04c1-424b-9868-57a2d4851a1d" />
    <TestEntry testId="1ffbfd74-579c-143b-1dd0-fd51100e0077" executionId="8073e530-8da0-4020-a2d3-70c457f3ebc6" testListId="8c84fa94-04c1-424b-9868-57a2d4851a1d" />
    <TestEntry testId="f88eaaf6-5791-4710-eb59-75448d940c01" executionId="104d3814-dbe8-418c-8cc7-f3f735cab725" testListId="8c84fa94-04c1-424b-9868-57a2d4851a1d" />
    <TestEntry testId="2d1d3144-6e2c-24cc-ba16-12fc8a00aae0" executionId="e93a0590-8f18-421b-86e2-4bcf6eb7ffe7" testListId="8c84fa94-04c1-424b-9868-57a2d4851a1d" />
    <TestEntry testId="0c89856b-aa38-21dd-c746-24a28989592a" executionId="de064f2d-97e5-4871-859f-9bb5281f4328" testListId="8c84fa94-04c1-424b-9868-57a2d4851a1d" />
    <TestEntry testId="14aad7a0-24ef-1f06-a64f-1d557309c987" executionId="7c3de188-805b-4c0c-a4b6-02d21e6c5572" testListId="8c84fa94-04c1-424b-9868-57a2d4851a1d" />
    <TestEntry testId="65934bfb-1d9c-4336-35c0-3fd642687347" executionId="31784d77-cdd6-4719-8a9f-f1e81235853d" testListId="8c84fa94-04c1-424b-9868-57a2d4851a1d" />
    <TestEntry testId="f9725a43-88cd-279a-c62b-c3de507422e4" executionId="f5fe299b-6909-400a-b977-39d658a8f776" testListId="8c84fa94-04c1-424b-9868-57a2d4851a1d" />
    <TestEntry testId="a7c0b37a-da58-5664-478a-1ea215bedb75" executionId="bf963d47-26d3-4e80-92c0-27cdd70ba1ce" testListId="8c84fa94-04c1-424b-9868-57a2d4851a1d" />
    <TestEntry testId="75112699-e58b-510e-e661-b171edcbe509" executionId="b2c7fc18-3c83-4b2f-aa24-ec47d2de3e01" testListId="8c84fa94-04c1-424b-9868-57a2d4851a1d" />
    <TestEntry testId="23db4f7b-8a47-fbae-35a1-e7ed2a0fb5ae" executionId="9128e93a-bbbf-4236-8f17-d6992de37e02" testListId="8c84fa94-04c1-424b-9868-57a2d4851a1d" />
    <TestEntry testId="da7ffffb-8382-22c8-246d-8d8033e0b4b4" executionId="5f791b12-1b22-4fce-8a81-1e44c070c30a" testListId="8c84fa94-04c1-424b-9868-57a2d4851a1d" />
    <TestEntry testId="06ee5cb4-7526-61f3-a139-61b3249ddb09" executionId="e4e1f810-a55b-4e4f-95a5-04313b0f13aa" testListId="8c84fa94-04c1-424b-9868-57a2d4851a1d" />
    <TestEntry testId="3f564721-e3a2-1efc-35c5-ef8bdced5cf6" executionId="94185183-3ed0-4036-8a0f-9d4c7b690106" testListId="8c84fa94-04c1-424b-9868-57a2d4851a1d" />
    <TestEntry testId="24c8152e-6d0f-f718-f425-cb9faf8ed6e2" executionId="ededcf64-7391-478d-835f-6b992368e9cc" testListId="8c84fa94-04c1-424b-9868-57a2d4851a1d" />
    <TestEntry testId="73712f82-89d0-809c-536e-e6c7920ffe5d" executionId="bb672bbe-0b0d-4af4-875e-1b460fe1b889" testListId="8c84fa94-04c1-424b-9868-57a2d4851a1d" />
    <TestEntry testId="ef978af5-50b8-7113-0bdb-25ad803d6359" executionId="acb7adc3-f6d0-4db6-b1e9-b5dfb10839f2" testListId="8c84fa94-04c1-424b-9868-57a2d4851a1d" />
    <TestEntry testId="a54c182e-09cd-295a-8f0b-9af42363e7df" executionId="97ecf393-839c-40aa-ad0f-48c1c6e0a227" testListId="8c84fa94-04c1-424b-9868-57a2d4851a1d" />
    <TestEntry testId="58aaf89d-9322-6c61-8e89-7749f2d39fa0" executionId="13603125-243d-4fb9-a59f-15d5047d0930" testListId="8c84fa94-04c1-424b-9868-57a2d4851a1d" />
    <TestEntry testId="7d12f57e-56c4-8f17-8ce2-73bc8a8fe7a3" executionId="0b513e10-6e7a-42d8-8b15-07a322e4ae5e" testListId="8c84fa94-04c1-424b-9868-57a2d4851a1d" />
    <TestEntry testId="a0af8bc9-9249-0f98-d8f6-bf7e689b8521" executionId="91bfcaaa-c12f-4285-b53a-0d6bd58399af" testListId="8c84fa94-04c1-424b-9868-57a2d4851a1d" />
    <TestEntry testId="3ee3eed1-4444-25c8-7cf0-af5ab3760de5" executionId="11f1e185-b34a-45e8-b43d-0938325a691d" testListId="8c84fa94-04c1-424b-9868-57a2d4851a1d" />
    <TestEntry testId="b50f2a94-e900-31ef-bcd9-52d42063c1d7" executionId="91ec5b12-a2c1-453a-bfd6-5bfb37fc6ea2" testListId="8c84fa94-04c1-424b-9868-57a2d4851a1d" />
    <TestEntry testId="d42f6b50-3f17-e9d8-4a4f-84a4ee1608af" executionId="91a207e5-d0e9-4a93-87e9-c646d9e1b55f" testListId="8c84fa94-04c1-424b-9868-57a2d4851a1d" />
    <TestEntry testId="76738602-4709-ebe8-d57f-52c4138c70d3" executionId="2a1aabb0-44e4-4e1c-943e-194888315bf4" testListId="8c84fa94-04c1-424b-9868-57a2d4851a1d" />
    <TestEntry testId="bc090932-3e07-0c97-1dd0-ff9ad88b205b" executionId="544f8b85-8ca1-46f7-ac44-098a9cb237ef" testListId="8c84fa94-04c1-424b-9868-57a2d4851a1d" />
    <TestEntry testId="ce86d302-1846-2c80-0c06-87d8daf2220d" executionId="ba819f7f-a763-40f3-82f6-aab71d6789f1" testListId="8c84fa94-04c1-424b-9868-57a2d4851a1d" />
    <TestEntry testId="0f68d865-4e1d-9104-4cb6-5941451c5613" executionId="8fb842b1-65d3-4a87-a441-8a1f271eabb5" testListId="8c84fa94-04c1-424b-9868-57a2d4851a1d" />
    <TestEntry testId="6ea883aa-4d2b-b7ca-82e7-90d807ae9c21" executionId="500206ee-34ba-4c93-bf96-11aea5765047" testListId="8c84fa94-04c1-424b-9868-57a2d4851a1d" />
    <TestEntry testId="0e44d446-cc3e-32ab-5081-24dd6236159d" executionId="ee2839de-0081-4fb3-961d-67bc8c5a6385" testListId="8c84fa94-04c1-424b-9868-57a2d4851a1d" />
    <TestEntry testId="98353507-2392-cbfe-e352-55ad0f627ff7" executionId="5b24b741-42fa-4cd9-8f5b-e96d0122ae41" testListId="8c84fa94-04c1-424b-9868-57a2d4851a1d" />
    <TestEntry testId="e9791626-9b5a-55e5-3db3-8449e998f5c1" executionId="8d3426f9-26f1-4f68-9eaf-b88f76ba24fe" testListId="8c84fa94-04c1-424b-9868-57a2d4851a1d" />
    <TestEntry testId="7df25c04-a500-a958-f3ac-79470bf2893e" executionId="89c51776-85b6-4fb1-8ea4-869b8497815e" testListId="8c84fa94-04c1-424b-9868-57a2d4851a1d" />
    <TestEntry testId="871f8756-1a85-cdb3-6de0-4068c6e8f009" executionId="745ae6a1-45d2-4044-b956-a31e00453c9a" testListId="8c84fa94-04c1-424b-9868-57a2d4851a1d" />
    <TestEntry testId="70b45d67-6a00-e450-ad1a-a94798001f9a" executionId="1bc4b3c7-6d2d-4d5f-ab0f-48a618fe5bc6" testListId="8c84fa94-04c1-424b-9868-57a2d4851a1d" />
    <TestEntry testId="ce4a5c85-e788-b270-41cc-7a6cba3c58dc" executionId="5926dad2-aa41-4af6-b1bd-47d818d3339a" testListId="8c84fa94-04c1-424b-9868-57a2d4851a1d" />
    <TestEntry testId="5c564969-1eba-3f81-b7a3-bba2f87fb78b" executionId="26b3c954-984d-4647-a280-d0d1dd0e66bb" testListId="8c84fa94-04c1-424b-9868-57a2d4851a1d" />
    <TestEntry testId="92b927e2-fb9e-bc82-4c0c-9d86831d02f3" executionId="170f2cd6-09e5-4044-ade0-ef5fe11e6272" testListId="8c84fa94-04c1-424b-9868-57a2d4851a1d" />
    <TestEntry testId="8427911e-f8b0-264f-c774-e3e59e2bf9e8" executionId="8b199341-669d-44f4-8c7f-ced2de7afcc5" testListId="8c84fa94-04c1-424b-9868-57a2d4851a1d" />
    <TestEntry testId="1a53e657-caa2-d7e7-ad80-b2a384bdb7f1" executionId="c688e418-1ae4-4f5b-8d90-ca3b2c97dfa2" testListId="8c84fa94-04c1-424b-9868-57a2d4851a1d" />
    <TestEntry testId="4a655ff0-1ac3-c049-4fb9-fecf313fd3bc" executionId="39a8fde1-dc0d-479f-a0c7-6f2d0de8947f" testListId="8c84fa94-04c1-424b-9868-57a2d4851a1d" />
    <TestEntry testId="7df6256f-127c-e175-b7b9-13cf3bc2e4d8" executionId="65da87e4-a3b6-4889-b032-3a3f03aa4b3a" testListId="8c84fa94-04c1-424b-9868-57a2d4851a1d" />
    <TestEntry testId="36f8ba7f-573c-1404-ffbd-d81416d726cd" executionId="a95ae6eb-dc97-4544-961e-72b3c6d4d0d3" testListId="8c84fa94-04c1-424b-9868-57a2d4851a1d" />
    <TestEntry testId="fa62b88e-1851-d9e7-8d09-4db652d19bd4" executionId="9638d4ce-5e1a-44e1-b2b5-3a6b51559044" testListId="8c84fa94-04c1-424b-9868-57a2d4851a1d" />
    <TestEntry testId="6696ab95-c1a8-37cc-861b-4cf81aa20930" executionId="99237077-5ac7-4d3f-8abb-21562ce7db03" testListId="8c84fa94-04c1-424b-9868-57a2d4851a1d" />
    <TestEntry testId="eaf91efa-4093-399a-f872-4e883d699b5c" executionId="94c8c3a9-3acd-44c2-95a9-07eb1232ea14" testListId="8c84fa94-04c1-424b-9868-57a2d4851a1d" />
    <TestEntry testId="990cdc60-e3fb-9194-2f3b-a5380d61eb54" executionId="80f0cc33-b2a6-4834-9667-b3f81da297f3" testListId="8c84fa94-04c1-424b-9868-57a2d4851a1d" />
    <TestEntry testId="cdf83a50-9a24-4a66-8f6c-de7186d20040" executionId="c67849e6-e185-4c06-a911-4c5e855b0bcc" testListId="8c84fa94-04c1-424b-9868-57a2d4851a1d" />
    <TestEntry testId="6e9f9377-370c-fd7f-c895-50d0dbcb1a58" executionId="2c315c3b-7789-43a3-a7b0-61fa71b93a44" testListId="8c84fa94-04c1-424b-9868-57a2d4851a1d" />
    <TestEntry testId="ba5d15f2-4846-f645-25a0-bd893957de48" executionId="8749d5ed-4c27-411e-8e44-1b4af75054a7" testListId="8c84fa94-04c1-424b-9868-57a2d4851a1d" />
    <TestEntry testId="4250b38f-3c0f-85e8-094c-708b69788ab1" executionId="935b8555-f99e-4752-af15-110be226050b" testListId="8c84fa94-04c1-424b-9868-57a2d4851a1d" />
    <TestEntry testId="f279a378-5c96-3a19-35d7-4b0ffafc08c3" executionId="6dc327be-c728-450c-830a-49526e14a717" testListId="8c84fa94-04c1-424b-9868-57a2d4851a1d" />
    <TestEntry testId="d24a95f7-b666-e96b-2a0c-aa1100756dec" executionId="2e9cd9a6-edaf-47bd-9ede-0d32fb90e6ae" testListId="8c84fa94-04c1-424b-9868-57a2d4851a1d" />
    <TestEntry testId="5b754f3f-da7b-57fb-a551-3c56e372b888" executionId="b15fabe6-6bc9-45c4-b1cc-ffd9c2a6779c" testListId="8c84fa94-04c1-424b-9868-57a2d4851a1d" />
    <TestEntry testId="83e88c32-d46f-4f33-7d2b-629c0fe9534c" executionId="a17e7c17-c596-4f46-8903-667d389e97b2" testListId="8c84fa94-04c1-424b-9868-57a2d4851a1d" />
    <TestEntry testId="594b5221-8691-0b96-2580-74b707cfa254" executionId="9d298336-8a63-4c27-a6c7-db2c877cc8c7" testListId="8c84fa94-04c1-424b-9868-57a2d4851a1d" />
    <TestEntry testId="6160f8f5-3d4c-d2cb-dfd2-8d1c61289c09" executionId="5a4474ca-419c-4f05-b557-ddf102951fad" testListId="8c84fa94-04c1-424b-9868-57a2d4851a1d" />
    <TestEntry testId="3c843928-11e7-1866-1031-456c377b59d9" executionId="82f48413-82a4-4e54-9120-f309aa8e8366" testListId="8c84fa94-04c1-424b-9868-57a2d4851a1d" />
    <TestEntry testId="2bd5d205-79e6-50f4-9310-51656ab1a052" executionId="52749a68-d6f7-4c12-8bc3-1478d225bc69" testListId="8c84fa94-04c1-424b-9868-57a2d4851a1d" />
    <TestEntry testId="33e44030-87e1-2ed5-9742-940bc9bafadc" executionId="14d3d97b-71dd-4da9-bfbd-e21cd7f6f1d0" testListId="8c84fa94-04c1-424b-9868-57a2d4851a1d" />
    <TestEntry testId="5678a985-c04b-2078-687e-1ac719bdb277" executionId="b3087044-6dbf-414c-83b5-fc8d1d5b3715" testListId="8c84fa94-04c1-424b-9868-57a2d4851a1d" />
    <TestEntry testId="50f0d45c-ae49-1f45-0a38-1e6180083240" executionId="f66f6a3b-7c98-4541-91dc-f2edfb3ca1fa" testListId="8c84fa94-04c1-424b-9868-57a2d4851a1d" />
    <TestEntry testId="836006dc-5922-22a2-7eda-d8d339ee8728" executionId="449090f4-2866-4609-81d9-f8b110facf12" testListId="8c84fa94-04c1-424b-9868-57a2d4851a1d" />
    <TestEntry testId="46e9337f-43ef-c7ff-216e-4093a34cb315" executionId="db5960a8-1a10-4208-b782-6696efb19f39" testListId="8c84fa94-04c1-424b-9868-57a2d4851a1d" />
    <TestEntry testId="4f9bf7d0-0061-61d5-f201-98739ad7087e" executionId="46e48bdf-a088-46de-a417-8ef08efbc353" testListId="8c84fa94-04c1-424b-9868-57a2d4851a1d" />
    <TestEntry testId="39662b35-faed-fb6e-fb6d-283d4d816154" executionId="9df96b93-e2a2-4171-8908-2100bc1542d2" testListId="8c84fa94-04c1-424b-9868-57a2d4851a1d" />
    <TestEntry testId="6c7b1b82-7650-1f43-d9e6-76269895252c" executionId="191e7541-d21e-42a4-a893-6e7e1c0c7c19" testListId="8c84fa94-04c1-424b-9868-57a2d4851a1d" />
    <TestEntry testId="77d79c88-080c-834b-a804-01ee0d299389" executionId="a0ef6536-110e-41f5-a353-aca64349075d" testListId="8c84fa94-04c1-424b-9868-57a2d4851a1d" />
    <TestEntry testId="72154dfc-b135-53bd-86df-1b719965999c" executionId="546563d6-32e2-49c3-9d8b-0246b49c2d0c" testListId="8c84fa94-04c1-424b-9868-57a2d4851a1d" />
    <TestEntry testId="15330dd2-c249-f54d-3462-1b91dcb24480" executionId="eda92ac4-54b1-4073-9a42-7dece61d3f34" testListId="8c84fa94-04c1-424b-9868-57a2d4851a1d" />
    <TestEntry testId="6b48f243-de64-1f75-915a-0439563f51d1" executionId="dc47d55b-aa67-4c7a-9955-dc41e07b29a9" testListId="8c84fa94-04c1-424b-9868-57a2d4851a1d" />
    <TestEntry testId="8e43578a-de52-5d3d-c76c-59217d0cbc89" executionId="8eb356a5-f7e2-4855-884b-3befed89a6fd" testListId="8c84fa94-04c1-424b-9868-57a2d4851a1d" />
    <TestEntry testId="0ab4be96-02c7-9956-73f3-79f00ae376d7" executionId="76a3106d-ff0d-40d0-95f9-95f7c11eaff9" testListId="8c84fa94-04c1-424b-9868-57a2d4851a1d" />
    <TestEntry testId="23b4e43f-144e-9552-607a-b7f89d6cae18" executionId="a065da3c-dc77-4a26-84f9-6aceda1f2828" testListId="8c84fa94-04c1-424b-9868-57a2d4851a1d" />
    <TestEntry testId="107706be-d9fe-aa2b-95ec-cef103879014" executionId="8740c344-aa78-4a49-bc59-5df0d515a253" testListId="8c84fa94-04c1-424b-9868-57a2d4851a1d" />
    <TestEntry testId="63b116c4-dc37-dd39-ab08-ea1070db9c66" executionId="c331586e-8286-47d5-812e-a00a6d617367" testListId="8c84fa94-04c1-424b-9868-57a2d4851a1d" />
    <TestEntry testId="c810e8f7-377d-680d-53a8-c273ea51a231" executionId="2ed2bc21-db06-45c4-a75a-2ed2162241f9" testListId="8c84fa94-04c1-424b-9868-57a2d4851a1d" />
    <TestEntry testId="178044b9-b654-7f55-67ca-4545e5e012ed" executionId="53c29f92-6e08-4d9b-bb19-ac19f874e21d" testListId="8c84fa94-04c1-424b-9868-57a2d4851a1d" />
    <TestEntry testId="5efaa85e-c6b8-f4d8-ff1e-9ad96239532d" executionId="9b913bea-5782-4d10-8efe-685724f86727" testListId="8c84fa94-04c1-424b-9868-57a2d4851a1d" />
    <TestEntry testId="3adf49b8-ab7e-ec5b-9b2c-51e7ea6f3451" executionId="791de0ac-a913-41f3-87c5-51852de2c4d9" testListId="8c84fa94-04c1-424b-9868-57a2d4851a1d" />
    <TestEntry testId="6e2462bb-37f9-1489-6b76-46194baad7d0" executionId="bf20e97a-263f-4400-9b5e-dc6c9a916c29" testListId="8c84fa94-04c1-424b-9868-57a2d4851a1d" />
    <TestEntry testId="b62d5c52-218b-67db-3afd-0cd719567fdb" executionId="deb21d0a-ae96-4f34-8ca5-945d0b4f0db2" testListId="8c84fa94-04c1-424b-9868-57a2d4851a1d" />
    <TestEntry testId="90d0d8b9-a149-106a-2f39-ffed6aedbb15" executionId="28324a3b-6c24-40a3-b73d-38f27e49bcc6" testListId="8c84fa94-04c1-424b-9868-57a2d4851a1d" />
    <TestEntry testId="cc9ecee2-655e-e475-c485-502631431711" executionId="f28bb2a4-ebaa-4c2c-b968-de44071ab886" testListId="8c84fa94-04c1-424b-9868-57a2d4851a1d" />
    <TestEntry testId="a01adda0-6fb3-cf00-87eb-4f5f82830e42" executionId="0c5c949f-d33b-4298-8588-8d5873bcba7d" testListId="8c84fa94-04c1-424b-9868-57a2d4851a1d" />
    <TestEntry testId="ca80b7e8-965a-9e23-d28f-e838124b9b47" executionId="56f1edec-7e53-40f0-891f-a6cd41df5257" testListId="8c84fa94-04c1-424b-9868-57a2d4851a1d" />
    <TestEntry testId="bff33636-1f87-c321-e67a-5f6f6ef51f97" executionId="e6fc6a76-d463-4182-b893-f4798a51426c" testListId="8c84fa94-04c1-424b-9868-57a2d4851a1d" />
    <TestEntry testId="90364c1d-aa13-249c-0b38-9711535b2934" executionId="09eaf433-7e90-4339-896d-6e1c58f8debf" testListId="8c84fa94-04c1-424b-9868-57a2d4851a1d" />
    <TestEntry testId="ec27962a-f48f-05b6-5813-babfa02ad9db" executionId="efebe952-0379-41b2-8bda-d15dfe1e3430" testListId="8c84fa94-04c1-424b-9868-57a2d4851a1d" />
    <TestEntry testId="86bf74cb-de88-069b-80ba-35c0dea94d31" executionId="143e45ab-ca42-4714-b174-5d1cab4cd5f3" testListId="8c84fa94-04c1-424b-9868-57a2d4851a1d" />
    <TestEntry testId="d773e41d-681f-49d9-0152-e97b42573274" executionId="681f38c2-344b-4b52-b4c3-c2499bc0c880" testListId="8c84fa94-04c1-424b-9868-57a2d4851a1d" />
    <TestEntry testId="ea22425a-388a-f0a9-a597-42503fdd7e51" executionId="5cb107ec-8b66-4167-93a7-f1d7d2fe737d" testListId="8c84fa94-04c1-424b-9868-57a2d4851a1d" />
    <TestEntry testId="971f1e63-1f50-6ee3-e123-67505bb4965a" executionId="b6a602f6-1677-43d5-a097-7f53405b6931" testListId="8c84fa94-04c1-424b-9868-57a2d4851a1d" />
    <TestEntry testId="c266d9b5-0a09-13d1-d03d-c7b77b1625f7" executionId="4a23a84c-246a-40e4-8e1d-79f6408626e0" testListId="8c84fa94-04c1-424b-9868-57a2d4851a1d" />
    <TestEntry testId="48d4cd02-7ea9-886c-2c71-afdedaaf1ba3" executionId="aba0226b-b3fc-49c0-bc4b-25ea9be43cba" testListId="8c84fa94-04c1-424b-9868-57a2d4851a1d" />
    <TestEntry testId="7960fcd9-fc47-42e5-18ca-88fe34fdf82f" executionId="0d8aa21a-fc7a-484f-8920-498749a9ac41" testListId="8c84fa94-04c1-424b-9868-57a2d4851a1d" />
    <TestEntry testId="a98c1b63-6e1b-1d8f-503f-e02f93a6ec79" executionId="f5cee4a7-960b-42a5-8c5f-0ffd09c8ca2e" testListId="8c84fa94-04c1-424b-9868-57a2d4851a1d" />
    <TestEntry testId="b3063f7e-4754-3b15-5020-cc6657931caf" executionId="255fd310-39fb-4309-9818-be88a4705a6a" testListId="8c84fa94-04c1-424b-9868-57a2d4851a1d" />
    <TestEntry testId="05c8edc4-93f3-8546-28c8-eba01a929d3a" executionId="f0172473-aeef-4ed7-a7d8-6a8fa7dfaa77" testListId="8c84fa94-04c1-424b-9868-57a2d4851a1d" />
    <TestEntry testId="fa23c7d9-c805-1cfd-d241-d8e223d6319b" executionId="05d103a5-4fd6-4ced-a694-daa421189c43" testListId="8c84fa94-04c1-424b-9868-57a2d4851a1d" />
    <TestEntry testId="e1ccdd2c-9c1c-3730-461c-1afc0710fab1" executionId="eb2fc131-c0e1-4a0f-b77b-ca39d31ce1dd" testListId="8c84fa94-04c1-424b-9868-57a2d4851a1d" />
    <TestEntry testId="c9f4524d-f01d-4ef3-d338-b7e9b14ae67c" executionId="b3be6d0c-59f4-40bb-80e9-a1b95efc0ba4" testListId="8c84fa94-04c1-424b-9868-57a2d4851a1d" />
    <TestEntry testId="67a6c211-6ac2-b07a-a514-9e36b939baaf" executionId="5e91e100-56a2-494a-8e6d-2688ade8f15f" testListId="8c84fa94-04c1-424b-9868-57a2d4851a1d" />
    <TestEntry testId="423a9905-334e-e73f-5a30-431dee55115f" executionId="7f5f1739-e2ef-4299-873a-bf9d85c8507b" testListId="8c84fa94-04c1-424b-9868-57a2d4851a1d" />
    <TestEntry testId="aeb40e9f-c690-9a0b-5822-1c14d8a0333d" executionId="c4819051-8b4b-4436-8fae-cf322aeb5322" testListId="8c84fa94-04c1-424b-9868-57a2d4851a1d" />
    <TestEntry testId="8c8d5d1e-6461-c37a-3cfc-7edd8aae6391" executionId="f360fdf7-801f-4c5f-b0d2-4c605c4101f8" testListId="8c84fa94-04c1-424b-9868-57a2d4851a1d" />
    <TestEntry testId="f54443e4-f6d3-c357-854f-e620626546e1" executionId="460cd3f4-16c4-4bba-9abe-99997495d7bd" testListId="8c84fa94-04c1-424b-9868-57a2d4851a1d" />
    <TestEntry testId="d7886ec7-ebd2-853a-7720-23c7f81d3e73" executionId="4cc66b15-3e93-494a-960c-8a3c6b93a2e0" testListId="8c84fa94-04c1-424b-9868-57a2d4851a1d" />
    <TestEntry testId="548782fc-d238-11af-e10f-f6e38ca56245" executionId="53b089de-56cf-414a-a5b9-96413b0275d3" testListId="8c84fa94-04c1-424b-9868-57a2d4851a1d" />
    <TestEntry testId="a33bc4f6-93aa-6896-cae5-97c0d723c9d9" executionId="8f9f2a89-bcb3-4b0e-a183-3e4bfb235e17" testListId="8c84fa94-04c1-424b-9868-57a2d4851a1d" />
    <TestEntry testId="2797f4fe-1a46-233e-e0fc-7bbd877f4649" executionId="d553caf9-c95c-4d86-a227-e687710f8fd2" testListId="8c84fa94-04c1-424b-9868-57a2d4851a1d" />
    <TestEntry testId="733f8199-5092-9f56-a0bb-e2de84d484bb" executionId="084034ac-fa3a-4622-9e36-d524b66734dc" testListId="8c84fa94-04c1-424b-9868-57a2d4851a1d" />
    <TestEntry testId="9312ff8c-24ae-173f-2ed0-7934a4fe3a2c" executionId="88baf6d4-2365-4e91-94bf-33ce5dfb9c2f" testListId="8c84fa94-04c1-424b-9868-57a2d4851a1d" />
    <TestEntry testId="5363a5b3-4243-a1a5-e937-d45bdd81ac96" executionId="769a456c-f527-4ae3-bb75-7c5274b1879b" testListId="8c84fa94-04c1-424b-9868-57a2d4851a1d" />
    <TestEntry testId="88ad3e00-8c45-b400-6198-c2cfe3bd2aec" executionId="e6c08afb-04c6-4bc9-aff9-004624462c98" testListId="8c84fa94-04c1-424b-9868-57a2d4851a1d" />
    <TestEntry testId="1a1f1991-b66a-11fc-5373-f8b9e32202b6" executionId="d5db0af1-5b1c-4111-abcd-bf50b43f3828" testListId="8c84fa94-04c1-424b-9868-57a2d4851a1d" />
    <TestEntry testId="2ad91146-b4a5-f853-255c-111a3a54acb7" executionId="51724fbc-1635-4d55-a873-d8332f82f7b7" testListId="8c84fa94-04c1-424b-9868-57a2d4851a1d" />
    <TestEntry testId="35d96c57-69b5-5d37-e871-9f107e60fdf0" executionId="2a292a3e-203e-42bb-91de-5b6d6e898a61" testListId="8c84fa94-04c1-424b-9868-57a2d4851a1d" />
    <TestEntry testId="65ded7d2-369a-6538-baef-216f1221aed3" executionId="891bb810-b5d3-488e-be5f-22c769cd0e81" testListId="8c84fa94-04c1-424b-9868-57a2d4851a1d" />
    <TestEntry testId="31ccd14b-6be8-5409-7de0-cd59f35dfad8" executionId="731aa823-9c4d-4b27-9a2a-7d201ab32325" testListId="8c84fa94-04c1-424b-9868-57a2d4851a1d" />
    <TestEntry testId="a40f890d-9c8e-a174-20d1-03d95f4ba42c" executionId="a53be2c3-cf31-41bf-b216-bee5d312a2a2" testListId="8c84fa94-04c1-424b-9868-57a2d4851a1d" />
    <TestEntry testId="77c8c5f1-e8f1-d629-9284-1ad4e4d7e3db" executionId="bdbeb466-e6c8-4aa5-8d6b-9c2e393fc5f7" testListId="8c84fa94-04c1-424b-9868-57a2d4851a1d" />
    <TestEntry testId="20a2e540-22ba-70e0-8abf-967d49ba5484" executionId="9e047bca-73eb-4110-a23d-2bf880d0a24d" testListId="8c84fa94-04c1-424b-9868-57a2d4851a1d" />
    <TestEntry testId="ef320009-5e4a-1385-6241-34b8ea0376fb" executionId="dd013dc2-4a4c-43f7-a543-18fa0be5f99e" testListId="8c84fa94-04c1-424b-9868-57a2d4851a1d" />
    <TestEntry testId="53e5e01d-320d-d2c7-f807-92752500fe11" executionId="9152dc07-154d-4fc4-bb9e-5c8aef4f881f" testListId="8c84fa94-04c1-424b-9868-57a2d4851a1d" />
    <TestEntry testId="2d843e9b-dde6-38b8-d205-7c54af4e9e9f" executionId="2e4b6ab5-3e21-45d3-8039-ee25c140165a" testListId="8c84fa94-04c1-424b-9868-57a2d4851a1d" />
    <TestEntry testId="d0c5a9e1-e60d-bc6f-c008-d63624bbf171" executionId="0df57bf5-184e-4a5d-a3cd-f308a5267403" testListId="8c84fa94-04c1-424b-9868-57a2d4851a1d" />
    <TestEntry testId="9c733b6c-4f4a-a1ce-e7a0-f18e28944b59" executionId="a9b5abf3-ccdb-4e70-86d7-7ae083f59be3" testListId="8c84fa94-04c1-424b-9868-57a2d4851a1d" />
    <TestEntry testId="999b6e08-b2a3-dc02-78c1-6b97f4c4eb4a" executionId="130fc4c8-df7c-4d1d-97a1-8ab8be7532cb" testListId="8c84fa94-04c1-424b-9868-57a2d4851a1d" />
    <TestEntry testId="cf7f3b4d-88e9-dc7c-9a9d-8181ef69c31e" executionId="041e0544-bfd2-43b8-9c53-62aeecdec177" testListId="8c84fa94-04c1-424b-9868-57a2d4851a1d" />
    <TestEntry testId="a9d42bc6-ffea-1e4f-5fe0-f834b5352fe3" executionId="8900532f-19dc-41c3-a63e-9f8e9edd9a86" testListId="8c84fa94-04c1-424b-9868-57a2d4851a1d" />
    <TestEntry testId="53974b87-22c6-95af-7b0d-445dda0e8967" executionId="c8446e63-bd0b-42b0-b943-a5a020c65478" testListId="8c84fa94-04c1-424b-9868-57a2d4851a1d" />
    <TestEntry testId="3df5478d-77f6-3e54-4fb3-36e8d84be007" executionId="f42dfeab-fe8e-4246-8190-320f5f8c1124" testListId="8c84fa94-04c1-424b-9868-57a2d4851a1d" />
    <TestEntry testId="a28df7f9-688b-99b3-cff4-60005b59351d" executionId="9782e22e-cc46-489e-bfa5-6c638f326135" testListId="8c84fa94-04c1-424b-9868-57a2d4851a1d" />
    <TestEntry testId="935d1191-45f0-86f4-9a87-18bdf6c5a7ec" executionId="3d1b599b-5fa2-4300-b8cd-817c4c35faf7" testListId="8c84fa94-04c1-424b-9868-57a2d4851a1d" />
    <TestEntry testId="e5aef96c-4dcf-7102-66b3-3a9a95d417c4" executionId="8ec187ae-1877-468c-85b9-2bf34511a5a0" testListId="8c84fa94-04c1-424b-9868-57a2d4851a1d" />
    <TestEntry testId="73179842-de16-d51e-58d3-25206105efdf" executionId="0f897027-890e-4bad-b146-d67790626ea7" testListId="8c84fa94-04c1-424b-9868-57a2d4851a1d" />
    <TestEntry testId="a25c623e-79ee-a9cb-0587-e144a575ffec" executionId="1fa14511-1a86-4415-9e12-4fa25549aa23" testListId="8c84fa94-04c1-424b-9868-57a2d4851a1d" />
    <TestEntry testId="1ea2ebb2-1f39-dc8b-3b87-7faa6c0a96bd" executionId="8bc36a67-c5ee-4af2-a1cf-566137e99d28" testListId="8c84fa94-04c1-424b-9868-57a2d4851a1d" />
    <TestEntry testId="a8b683f0-816c-2b9c-5308-dff001d6ff71" executionId="c9a17473-0db5-4b03-8d94-fe36803dc6ec" testListId="8c84fa94-04c1-424b-9868-57a2d4851a1d" />
    <TestEntry testId="2eb7b17d-0814-b503-c5ac-a9a4ff18745e" executionId="7e334c0b-e0a9-4240-a256-f9ed32019491" testListId="8c84fa94-04c1-424b-9868-57a2d4851a1d" />
    <TestEntry testId="29c5c03c-a4da-71a4-2c57-93ceb22b8464" executionId="c46174e1-21da-49ea-8b20-8c6c1a8f5f93" testListId="8c84fa94-04c1-424b-9868-57a2d4851a1d" />
    <TestEntry testId="6c4958fe-334c-4322-d6b7-ddb44ec1fd91" executionId="2aa36a96-831f-4259-a4b4-fbee59b4e1e8" testListId="8c84fa94-04c1-424b-9868-57a2d4851a1d" />
    <TestEntry testId="c7107776-0b7b-c5f5-cea4-8caa71ac11dd" executionId="6ecd3b1e-1f24-404b-8605-2bbeb8818d32" testListId="8c84fa94-04c1-424b-9868-57a2d4851a1d" />
    <TestEntry testId="91f5af55-6fb5-c5a6-8ff8-8a1d0a6ef0cf" executionId="1c1a79b0-1dd7-448a-bb78-0e769f75dfb4" testListId="8c84fa94-04c1-424b-9868-57a2d4851a1d" />
    <TestEntry testId="40cd79ac-00a7-82dc-efb5-08ac6a59f89b" executionId="5f42f261-45e7-4c76-a4ab-cb49d13e16f7" testListId="8c84fa94-04c1-424b-9868-57a2d4851a1d" />
    <TestEntry testId="a173e697-645f-a620-b8a2-f37aa806c4eb" executionId="4643cf4e-ecfc-4a64-a303-f26769f5d451" testListId="8c84fa94-04c1-424b-9868-57a2d4851a1d" />
    <TestEntry testId="2f7bda2d-dbe1-3b7d-475d-6b616028cae3" executionId="c39fc5e7-aa41-48bf-a6c8-d49fbda0a378" testListId="8c84fa94-04c1-424b-9868-57a2d4851a1d" />
    <TestEntry testId="7401a7aa-da10-9474-a12d-6da3d98ecf91" executionId="03649f3e-0056-40c4-81c5-3616f93d0f10" testListId="8c84fa94-04c1-424b-9868-57a2d4851a1d" />
    <TestEntry testId="d7a2242a-8d8f-d617-34e1-e8928c2a538a" executionId="ab151603-dd1f-40d0-9a9f-88f62bf1dd01" testListId="8c84fa94-04c1-424b-9868-57a2d4851a1d" />
    <TestEntry testId="e0377bf5-f121-f80f-ad77-e4a84f5f6879" executionId="475b24fc-1e0b-4b2d-8794-a52b6ae7f458" testListId="8c84fa94-04c1-424b-9868-57a2d4851a1d" />
    <TestEntry testId="4d4d7002-43f6-1b58-4d2b-3876020c2c98" executionId="9fc2e575-b195-4f85-84d6-61f6bfb61391" testListId="8c84fa94-04c1-424b-9868-57a2d4851a1d" />
    <TestEntry testId="e57581ed-88bb-6f21-2d4c-0e37ee34a9ee" executionId="d840a75d-901f-4d2e-ad69-173a97994bcd" testListId="8c84fa94-04c1-424b-9868-57a2d4851a1d" />
    <TestEntry testId="ede2d506-81b4-cbf3-55e0-b6baad017691" executionId="8bcfc3aa-3184-49d2-ab5d-d1b501f0779b" testListId="8c84fa94-04c1-424b-9868-57a2d4851a1d" />
    <TestEntry testId="c3f657e4-4bfc-86ae-ce70-7380b8a030ae" executionId="10c34ec5-f369-406e-96e2-7bdec65670ea" testListId="8c84fa94-04c1-424b-9868-57a2d4851a1d" />
    <TestEntry testId="b2a24066-88ae-d058-f2b6-29731a970f32" executionId="a79ba7a7-e25f-4668-a16f-ae3318e0dc41" testListId="8c84fa94-04c1-424b-9868-57a2d4851a1d" />
    <TestEntry testId="3bdfb3ee-e384-8563-9347-a0da550e4134" executionId="6b1719ea-da0b-4e28-ba9a-11f97d6b45cc" testListId="8c84fa94-04c1-424b-9868-57a2d4851a1d" />
    <TestEntry testId="56004cd4-85b9-ac0d-ee00-150f31ef6702" executionId="0f289c64-fa8a-4126-9d8b-6e30a4f1b448" testListId="8c84fa94-04c1-424b-9868-57a2d4851a1d" />
    <TestEntry testId="d1a23f63-e55a-0359-f54a-9e184c6a4408" executionId="c0ed7967-cf96-4fab-891b-af9b2866c189" testListId="8c84fa94-04c1-424b-9868-57a2d4851a1d" />
    <TestEntry testId="586e402c-5893-1f7a-9299-8ac9b2fed923" executionId="0c8e06c4-fcf8-457c-8048-065211b9e348" testListId="8c84fa94-04c1-424b-9868-57a2d4851a1d" />
    <TestEntry testId="437df0cc-30ca-be74-50f1-518a4f83c1be" executionId="271add16-f232-4603-94fa-b0bab498072f" testListId="8c84fa94-04c1-424b-9868-57a2d4851a1d" />
    <TestEntry testId="5ebd76e2-01c9-3221-3642-098071d0ab06" executionId="bd44f25e-aa09-4c79-9f03-4ef6f1e8f64c" testListId="8c84fa94-04c1-424b-9868-57a2d4851a1d" />
    <TestEntry testId="519edd76-b895-f455-f431-4239ba099170" executionId="338c539c-470d-431a-8cec-ed0fae223ccd" testListId="8c84fa94-04c1-424b-9868-57a2d4851a1d" />
    <TestEntry testId="30b3c17d-fae3-bdc8-d42a-93fb80ebb366" executionId="73aee951-e25e-4a53-8d1f-d411051f9797" testListId="8c84fa94-04c1-424b-9868-57a2d4851a1d" />
    <TestEntry testId="0033dbce-de40-983a-dbbb-cd3ccb120093" executionId="d30c9ab2-3f61-495e-99a6-59667c3344fe" testListId="8c84fa94-04c1-424b-9868-57a2d4851a1d" />
    <TestEntry testId="0ad7f487-b594-1140-e2f6-3fc0d9cb59ff" executionId="742781c0-e0b1-49f1-89bf-c167b59e1c45" testListId="8c84fa94-04c1-424b-9868-57a2d4851a1d" />
    <TestEntry testId="f2eaa498-07a5-2ed8-7aea-fcae5ef2d2b6" executionId="bbd2100b-38a4-455d-bc33-5a2593c5e455" testListId="8c84fa94-04c1-424b-9868-57a2d4851a1d" />
    <TestEntry testId="24bb7b24-8648-8e45-312a-8e74c5f7b893" executionId="c23f52f0-9419-4fbc-a147-084e307176d9" testListId="8c84fa94-04c1-424b-9868-57a2d4851a1d" />
    <TestEntry testId="a4129f63-cebb-2cb6-d7fd-044d7ee4ddc8" executionId="ac621c17-3d8c-48b9-91a5-f3ec23dc4ac4" testListId="8c84fa94-04c1-424b-9868-57a2d4851a1d" />
    <TestEntry testId="0d64510f-f6c6-a883-d9d8-26371f22019c" executionId="eeacefdd-931e-4642-86e7-435b7e170285" testListId="8c84fa94-04c1-424b-9868-57a2d4851a1d" />
    <TestEntry testId="bb21d5a8-9beb-f2bb-cddf-49b0335d79c5" executionId="1a1d6094-ea88-4b2f-878d-a92a3a4eea4a" testListId="8c84fa94-04c1-424b-9868-57a2d4851a1d" />
    <TestEntry testId="8f82b5c2-3338-becb-f2fc-161bd1e522f8" executionId="ab4b9dbd-ced9-41d2-9d62-a0d1980cb6ae" testListId="8c84fa94-04c1-424b-9868-57a2d4851a1d" />
    <TestEntry testId="61e41aad-8f44-92b4-2fa5-99e5b694f4f1" executionId="1ef6abc6-24ae-4df4-9b8a-6077eb26fd2f" testListId="8c84fa94-04c1-424b-9868-57a2d4851a1d" />
    <TestEntry testId="fba9896d-7a49-002e-b57d-aa08008da65e" executionId="4fe489c2-c71b-4784-b5c4-13c6aea1dc4e" testListId="8c84fa94-04c1-424b-9868-57a2d4851a1d" />
    <TestEntry testId="575be8fe-93f5-15de-5265-5ef816b428ce" executionId="71481914-c189-4cad-b1e7-57b2aa96bb4d" testListId="8c84fa94-04c1-424b-9868-57a2d4851a1d" />
    <TestEntry testId="172c7ee8-fd41-f7ec-ed62-4020e6eb7c8f" executionId="da8ecca1-8b67-4569-b02d-4e232ee0fb9c" testListId="8c84fa94-04c1-424b-9868-57a2d4851a1d" />
    <TestEntry testId="258efaed-9677-499e-b1d9-a46b9cf25077" executionId="816c6505-8c99-48d9-9e35-da45b00033d6" testListId="8c84fa94-04c1-424b-9868-57a2d4851a1d" />
    <TestEntry testId="8326af85-df79-1eb6-8f5a-7ed6174f1732" executionId="309a86c9-a823-4e6e-9c12-6b8f06d152e7" testListId="8c84fa94-04c1-424b-9868-57a2d4851a1d" />
    <TestEntry testId="b3a9fb93-7eb3-9d16-dde4-2122f8c419d9" executionId="9524af6c-db9b-4746-a2a6-0245f3f625e6" testListId="8c84fa94-04c1-424b-9868-57a2d4851a1d" />
    <TestEntry testId="5888dc6e-4100-6542-1569-13b8a338ded2" executionId="9b8040b1-77f4-40e2-b5dd-97543309ae82" testListId="8c84fa94-04c1-424b-9868-57a2d4851a1d" />
    <TestEntry testId="0fd5dc18-1f0f-3ea4-03e5-5a706e925645" executionId="de06cc16-8184-4cc2-a7be-8c99c5122d1c" testListId="8c84fa94-04c1-424b-9868-57a2d4851a1d" />
    <TestEntry testId="ea520a38-794f-e32c-7ed8-1fb2776fe88e" executionId="1af363cd-c0b8-44dc-a4cc-e65a3b2a3de7" testListId="8c84fa94-04c1-424b-9868-57a2d4851a1d" />
    <TestEntry testId="ae6f2190-5195-fc64-1385-fadb8da56d37" executionId="70ca8a16-4143-4f0f-8780-407238d60860" testListId="8c84fa94-04c1-424b-9868-57a2d4851a1d" />
    <TestEntry testId="d407fd78-c232-fe9a-35cb-fe76a2d87b5d" executionId="9072fc36-9406-4da3-893e-3edcbc143e30" testListId="8c84fa94-04c1-424b-9868-57a2d4851a1d" />
    <TestEntry testId="137e78dd-3abe-bf9f-29f7-fb7661dbbd92" executionId="d0e2cfee-a18f-4e26-b236-e3d6271e83f5" testListId="8c84fa94-04c1-424b-9868-57a2d4851a1d" />
    <TestEntry testId="50c680a1-1fd5-52c2-40d4-2dc122a210c7" executionId="e384670f-1646-4d45-9173-5ef1709fde6f" testListId="8c84fa94-04c1-424b-9868-57a2d4851a1d" />
    <TestEntry testId="081c4849-59c2-df72-346d-859c52db8dce" executionId="5d2dc106-a4e3-463c-ac60-482feea04060" testListId="8c84fa94-04c1-424b-9868-57a2d4851a1d" />
    <TestEntry testId="94780e3e-f2a1-209e-3a84-9afb93cda308" executionId="044b55dc-51fd-49ef-bfc5-ce06cdbdf3a0" testListId="8c84fa94-04c1-424b-9868-57a2d4851a1d" />
    <TestEntry testId="dc81a826-9357-74ac-f71c-717a63e71a9e" executionId="0740ca8f-70bf-4d4c-8b35-e958543ec2ee" testListId="8c84fa94-04c1-424b-9868-57a2d4851a1d" />
    <TestEntry testId="3fb2f598-131e-c92f-1230-8a7a87fd8b55" executionId="81e2909d-44f9-4cc6-993c-23a4b3c0138f" testListId="8c84fa94-04c1-424b-9868-57a2d4851a1d" />
    <TestEntry testId="87456ec2-8543-a10a-4503-1495c9d66390" executionId="3669e930-38c7-4f9e-bdb5-bc63ba322cd0" testListId="8c84fa94-04c1-424b-9868-57a2d4851a1d" />
    <TestEntry testId="939c9bbf-65ff-bfba-bce2-4a955458f481" executionId="08a4096f-ee16-4de4-ba59-c8b7c6accbff" testListId="8c84fa94-04c1-424b-9868-57a2d4851a1d" />
    <TestEntry testId="20fe16ad-9c73-efc9-95a6-ea725ed4fcb5" executionId="1797ef7d-7fab-4b1e-9b03-0eb9109ca87a" testListId="8c84fa94-04c1-424b-9868-57a2d4851a1d" />
    <TestEntry testId="e6bc00c3-229c-9a9f-38a0-403437988046" executionId="ab495328-6018-422b-a12e-2a8b2fd38891" testListId="8c84fa94-04c1-424b-9868-57a2d4851a1d" />
    <TestEntry testId="424ce212-6365-c22b-6a10-20d14870e625" executionId="fb2d593a-1fda-403d-a60a-1284b9002655" testListId="8c84fa94-04c1-424b-9868-57a2d4851a1d" />
    <TestEntry testId="2ad9e9b1-b21f-2e73-045f-dc09e364358b" executionId="788a3958-f2a4-4be6-8b71-85e181a4c969" testListId="8c84fa94-04c1-424b-9868-57a2d4851a1d" />
    <TestEntry testId="a20b06ec-37ee-4a83-6b71-3ef8a44da091" executionId="7569eb51-eb30-4737-b40e-06117c9b9fa5" testListId="8c84fa94-04c1-424b-9868-57a2d4851a1d" />
    <TestEntry testId="b6a62f95-dbbe-8297-9a47-3f2a25bfecac" executionId="d1037738-a078-404d-88f8-2378b1b57c60" testListId="8c84fa94-04c1-424b-9868-57a2d4851a1d" />
    <TestEntry testId="1280a310-67ee-4b74-b6dd-24c596e45fdb" executionId="759862bd-02af-4a7a-90b3-07d648cf7494" testListId="8c84fa94-04c1-424b-9868-57a2d4851a1d" />
    <TestEntry testId="29d2ce58-d653-b79b-9d09-da10199b0ec0" executionId="b4444c4a-d4c8-4a00-a2c8-225ce5654d10" testListId="8c84fa94-04c1-424b-9868-57a2d4851a1d" />
    <TestEntry testId="290f9393-a561-b511-b44d-b393be8a4a25" executionId="9e477ff7-afc1-4829-aa55-b1dfc3ab062e" testListId="8c84fa94-04c1-424b-9868-57a2d4851a1d" />
    <TestEntry testId="24fd5261-50d5-3c87-7e57-269ad5ce5811" executionId="ab07f8f2-3785-4be8-bf48-e4288d534ad5" testListId="8c84fa94-04c1-424b-9868-57a2d4851a1d" />
    <TestEntry testId="6283f355-51be-b6e3-8918-26f213e59627" executionId="63ba5a7d-79e0-4a0b-8f04-fad66cb78e8e" testListId="8c84fa94-04c1-424b-9868-57a2d4851a1d" />
    <TestEntry testId="9b02781b-2669-274b-cdd2-7f801e2374ab" executionId="a1eab708-a2a8-4c8c-ba18-0323f4f67073" testListId="8c84fa94-04c1-424b-9868-57a2d4851a1d" />
    <TestEntry testId="7f2382c4-eaa6-81c3-dc27-13cbd1f01c3c" executionId="fef9ea73-c947-42a8-87cd-3ca0c51fc045" testListId="8c84fa94-04c1-424b-9868-57a2d4851a1d" />
    <TestEntry testId="6e3912bb-ffdc-13aa-d773-16e34c4cdfa3" executionId="49624efb-4d3b-4aa2-844f-9f6b5b1965fe" testListId="8c84fa94-04c1-424b-9868-57a2d4851a1d" />
    <TestEntry testId="33bffc03-be05-5773-b9fd-953e5c1f253f" executionId="d4f1693a-a4f3-4ddd-8f4c-dfb537bb58e3" testListId="8c84fa94-04c1-424b-9868-57a2d4851a1d" />
    <TestEntry testId="cfe208d3-0173-02b1-329f-be3999b2f1f3" executionId="cfce58fc-7b7e-4280-8be4-d6d34684720e" testListId="8c84fa94-04c1-424b-9868-57a2d4851a1d" />
    <TestEntry testId="eab5caca-dfcd-6c4a-eca3-cd3b3d39de06" executionId="6f77a006-1464-4d82-8b66-db87041b1179" testListId="8c84fa94-04c1-424b-9868-57a2d4851a1d" />
    <TestEntry testId="4b519aef-996c-dcd5-eb24-e17a12c2e217" executionId="d3287280-f9c7-4466-8f8c-5a3b388126b4" testListId="8c84fa94-04c1-424b-9868-57a2d4851a1d" />
    <TestEntry testId="69b7b37a-eeb7-9825-9361-5035f5cf3f93" executionId="d9cab5f6-b6a7-492c-b957-ae4de020ff5c" testListId="8c84fa94-04c1-424b-9868-57a2d4851a1d" />
    <TestEntry testId="87794e24-2aa3-3d05-2bd4-97851c2a81c1" executionId="fe0e1361-ed6d-4fa6-be9c-3e6c2c40f6f7" testListId="8c84fa94-04c1-424b-9868-57a2d4851a1d" />
    <TestEntry testId="36a41e0b-f358-5783-65d1-78c364e65516" executionId="a6c5c2d5-299d-4050-a4d8-646c843eb4ff" testListId="8c84fa94-04c1-424b-9868-57a2d4851a1d" />
    <TestEntry testId="e112bc52-a768-8870-f56e-ab16d2ee7b1b" executionId="7101c535-f6c0-44a7-9974-b81dd0c83dd7" testListId="8c84fa94-04c1-424b-9868-57a2d4851a1d" />
    <TestEntry testId="dd0e6f47-ed6d-edd5-967a-f79a497523ca" executionId="21f0d90d-c932-4a70-85c1-eb0b5342ecd1" testListId="8c84fa94-04c1-424b-9868-57a2d4851a1d" />
    <TestEntry testId="f21611ae-2a86-fc16-055f-2d52bc6b1389" executionId="deee2407-89ac-4f75-86ba-fa8345de5b46" testListId="8c84fa94-04c1-424b-9868-57a2d4851a1d" />
    <TestEntry testId="8c6cfb7e-3c41-6fa1-c2f2-f15039193c71" executionId="f7954f96-9d82-4452-a4ba-af15ee2e7225" testListId="8c84fa94-04c1-424b-9868-57a2d4851a1d" />
    <TestEntry testId="b454f2c8-ec4d-5178-b138-5cc21931e2de" executionId="d4c27ba4-3283-419e-a305-0f2f74eae946" testListId="8c84fa94-04c1-424b-9868-57a2d4851a1d" />
    <TestEntry testId="ff95b0b4-8d92-a41b-ae4e-1d13470bb102" executionId="c662ef96-b802-4f51-8635-7d7bd34dd775" testListId="8c84fa94-04c1-424b-9868-57a2d4851a1d" />
    <TestEntry testId="be727130-9431-5cf2-a54a-16dc84bb49ca" executionId="cbc9c71e-727e-4f61-b3fe-5e868f93f85d" testListId="8c84fa94-04c1-424b-9868-57a2d4851a1d" />
    <TestEntry testId="67ed7be7-1f83-5834-7dc3-0d1bc2a9a99f" executionId="2ec6286b-7ca6-4408-b907-234b818af396" testListId="8c84fa94-04c1-424b-9868-57a2d4851a1d" />
    <TestEntry testId="2f513c5f-d67c-093a-1257-49577bab9075" executionId="d9b9133c-a35c-4baf-a534-b8f334a21179" testListId="8c84fa94-04c1-424b-9868-57a2d4851a1d" />
    <TestEntry testId="82556ac5-d148-75f4-7c7f-9511fd0e285c" executionId="b195f347-4c73-46bc-b082-c540b3215ece" testListId="8c84fa94-04c1-424b-9868-57a2d4851a1d" />
    <TestEntry testId="a261f12b-9e8f-e22f-20ca-fd8d901831a3" executionId="d254f1c9-a5b5-414c-bec9-1ee2fa406022" testListId="8c84fa94-04c1-424b-9868-57a2d4851a1d" />
    <TestEntry testId="2b2981c1-b6ce-4211-6c24-73163f2ab4c2" executionId="89290c36-1edd-49db-a6af-fb5d07cec16a" testListId="8c84fa94-04c1-424b-9868-57a2d4851a1d" />
    <TestEntry testId="52b1249b-b03c-fb9d-42f4-432c9ccb40fc" executionId="b3304f2b-4966-49e8-9141-a8da048bec42" testListId="8c84fa94-04c1-424b-9868-57a2d4851a1d" />
    <TestEntry testId="e1f22634-e77e-f834-cd7e-16f58a3f8c78" executionId="c422060a-0115-46d0-b619-79b44e222b58" testListId="8c84fa94-04c1-424b-9868-57a2d4851a1d" />
    <TestEntry testId="cfdbaca0-5bb2-d08f-7d31-efefce0a1d57" executionId="5daf8e40-8255-4672-acbf-49c95e9847fd" testListId="8c84fa94-04c1-424b-9868-57a2d4851a1d" />
    <TestEntry testId="2462b6b5-1c37-7856-9268-4c1a7c7cd697" executionId="6cf6e375-8510-4c8b-83ae-c43066c88b62" testListId="8c84fa94-04c1-424b-9868-57a2d4851a1d" />
    <TestEntry testId="728007a3-cba4-140c-12fa-c0906ba01715" executionId="6975edcd-220a-4158-94a8-cb0a5c294d99" testListId="8c84fa94-04c1-424b-9868-57a2d4851a1d" />
    <TestEntry testId="abb4153d-e46f-262e-96f6-f8c0696814fd" executionId="d838f07e-02e9-4d91-aa22-9e99ea7442e0" testListId="8c84fa94-04c1-424b-9868-57a2d4851a1d" />
    <TestEntry testId="931cd9bb-b1d5-c132-a300-7e99a58cf4f4" executionId="5b0aef8a-f2ca-4601-a32a-2c81ce26c166" testListId="8c84fa94-04c1-424b-9868-57a2d4851a1d" />
    <TestEntry testId="407274d7-ddd0-b064-8097-07f0a6cd767b" executionId="597ec1fe-d622-486a-a8e5-a7d8c2aef841" testListId="8c84fa94-04c1-424b-9868-57a2d4851a1d" />
    <TestEntry testId="a40ee2ed-9926-8a37-ad15-9065a80aca21" executionId="15d9222d-8938-4b47-b4a2-015552528bc8" testListId="8c84fa94-04c1-424b-9868-57a2d4851a1d" />
    <TestEntry testId="0636e2ba-42ea-9087-0895-22d3b0e7d109" executionId="8baa3236-b260-44c0-a839-bf7d105bf87a" testListId="8c84fa94-04c1-424b-9868-57a2d4851a1d" />
    <TestEntry testId="8714d09a-7fad-4aca-1592-949da9e47fc2" executionId="f1fc054f-af4f-486c-b17b-ed3cd6aec1c6" testListId="8c84fa94-04c1-424b-9868-57a2d4851a1d" />
    <TestEntry testId="bf53580c-02ec-08bf-baaa-b4e5e6c7085c" executionId="4a72ad9a-3572-4a1c-a609-32137fb6cc3b" testListId="8c84fa94-04c1-424b-9868-57a2d4851a1d" />
    <TestEntry testId="d5549f61-c402-db62-837e-b2c543b14d5d" executionId="16e46915-e967-4784-9ffd-61606eef54ea" testListId="8c84fa94-04c1-424b-9868-57a2d4851a1d" />
    <TestEntry testId="47f668c0-72df-b870-011e-774033b0d5bc" executionId="eb443124-e354-457e-987f-3b1e4d834bfb" testListId="8c84fa94-04c1-424b-9868-57a2d4851a1d" />
    <TestEntry testId="4f81c454-2214-7858-ad77-3b6fb3cfa441" executionId="402667f3-9868-48c8-b6d5-a8d152651f07" testListId="8c84fa94-04c1-424b-9868-57a2d4851a1d" />
    <TestEntry testId="47665bce-043b-6bbb-7148-566120dbcdce" executionId="a5d44eef-5413-468d-8eae-d36e19d75100" testListId="8c84fa94-04c1-424b-9868-57a2d4851a1d" />
    <TestEntry testId="02625fec-07b8-9a9d-40ba-dc41dbff4ebb" executionId="e6288b5d-d6f8-4f05-86ce-f7ac9b1a55b6" testListId="8c84fa94-04c1-424b-9868-57a2d4851a1d" />
    <TestEntry testId="9b754a39-2182-8f19-931d-2e39612d6e14" executionId="f98ca746-445b-4bf1-b12b-e60f979d4777" testListId="8c84fa94-04c1-424b-9868-57a2d4851a1d" />
    <TestEntry testId="19d8da70-61c2-fd29-b80c-6c5ccd71d11f" executionId="aec1011c-9b42-47e8-9dce-f5442237054c" testListId="8c84fa94-04c1-424b-9868-57a2d4851a1d" />
    <TestEntry testId="775c2c76-88b8-886c-4e09-c4590b00e53e" executionId="7cd25113-252d-47b9-9c0c-773c51e2cc67" testListId="8c84fa94-04c1-424b-9868-57a2d4851a1d" />
    <TestEntry testId="c1926287-0f25-d7d5-099d-c3286f574d97" executionId="99292ae4-b8f8-4af6-9cfa-1585f9687952" testListId="8c84fa94-04c1-424b-9868-57a2d4851a1d" />
    <TestEntry testId="1dc5d30c-b9d6-184b-a526-57494a9a53f2" executionId="4137d71d-c4a7-4c72-9c7e-3c856b62bc74" testListId="8c84fa94-04c1-424b-9868-57a2d4851a1d" />
    <TestEntry testId="6592c388-8eb0-c43d-92ed-3d517f988114" executionId="c2a8926b-1bcf-4fe2-b0e9-fcfb0bf21180" testListId="8c84fa94-04c1-424b-9868-57a2d4851a1d" />
    <TestEntry testId="4264a129-f8da-6ed9-ac0c-aec145e955ea" executionId="b0524839-1c6e-4a77-9ca8-28075b7703e4" testListId="8c84fa94-04c1-424b-9868-57a2d4851a1d" />
    <TestEntry testId="f71f8c70-5415-9cce-7d66-2f4187ade10a" executionId="ee0843d3-4706-4d08-b711-6c9fd3bbc664" testListId="8c84fa94-04c1-424b-9868-57a2d4851a1d" />
    <TestEntry testId="e04d6e29-00a1-6fe5-f9ee-bb7ee7cca74a" executionId="1779c1f5-978b-411b-a977-0a6ab9f7e285" testListId="8c84fa94-04c1-424b-9868-57a2d4851a1d" />
    <TestEntry testId="604fdb74-17e7-d109-cf72-b04145e50308" executionId="bf0bf7d3-36a2-4b6b-affe-1d783cb25745" testListId="8c84fa94-04c1-424b-9868-57a2d4851a1d" />
    <TestEntry testId="f418870e-ae83-bab0-b500-32c04a798292" executionId="17721bc1-afa6-4487-9b7a-7f2e3d4498af" testListId="8c84fa94-04c1-424b-9868-57a2d4851a1d" />
    <TestEntry testId="2d298512-c385-58a8-191d-3543d634fa0d" executionId="78120543-fe28-452d-9b8e-1672698da6d3" testListId="8c84fa94-04c1-424b-9868-57a2d4851a1d" />
    <TestEntry testId="b2163f9d-19b3-d1e1-acbc-fc63007fe279" executionId="5496a5e4-bc6b-4b0a-813a-506f31f183ea" testListId="8c84fa94-04c1-424b-9868-57a2d4851a1d" />
    <TestEntry testId="5b83b9d9-1a40-e881-53a4-6b7426547bd2" executionId="8650c467-1461-4130-afe7-b7e79b8dbdf1" testListId="8c84fa94-04c1-424b-9868-57a2d4851a1d" />
    <TestEntry testId="61d1f3e0-d9cb-4fcf-dcbc-0dbeaa27feb6" executionId="43ef29c8-6fe4-4b07-8444-c8c360dccdc8" testListId="8c84fa94-04c1-424b-9868-57a2d4851a1d" />
    <TestEntry testId="d182491f-4028-d736-f138-8b54baed5f4d" executionId="cf286109-fab4-4836-864d-e68c758220dd" testListId="8c84fa94-04c1-424b-9868-57a2d4851a1d" />
    <TestEntry testId="4958ca81-70b4-0a4d-43c1-0dbc4a7ac787" executionId="bd73c8be-7fdf-4446-8100-819b5d99eb01" testListId="8c84fa94-04c1-424b-9868-57a2d4851a1d" />
    <TestEntry testId="3a72f801-2643-f5c5-12a6-56f96af78b35" executionId="8eacf482-3f96-432f-82b7-af5dc86457d8" testListId="8c84fa94-04c1-424b-9868-57a2d4851a1d" />
    <TestEntry testId="b04b476a-cd11-b985-0c7e-c7f47af71af8" executionId="b7da0086-02b6-4d98-b8f3-53cc5c12b8cd" testListId="8c84fa94-04c1-424b-9868-57a2d4851a1d" />
    <TestEntry testId="39644ba3-c81c-6e74-67f0-44f0fd127405" executionId="16bdf1b2-eafe-434b-8278-952e7f2b09d4" testListId="8c84fa94-04c1-424b-9868-57a2d4851a1d" />
    <TestEntry testId="3ccbfd03-02a6-454e-3e72-817f3d50fd3f" executionId="1cb84425-777d-4811-8118-3a6b67a5770b" testListId="8c84fa94-04c1-424b-9868-57a2d4851a1d" />
    <TestEntry testId="2c3e061a-1176-0f3a-4b33-1757668d5a85" executionId="2f5761b2-0f26-4265-a14e-196e64e6b3ff" testListId="8c84fa94-04c1-424b-9868-57a2d4851a1d" />
    <TestEntry testId="d44ccd8a-09c6-35e1-0d05-c5a5e85eace4" executionId="4bcc7a2c-1e1e-4a1e-84eb-2cbb40534ba9" testListId="8c84fa94-04c1-424b-9868-57a2d4851a1d" />
    <TestEntry testId="9a074be6-736a-0cf1-23d7-3e03e316d657" executionId="037d876e-a6d0-41e9-963d-eb2c0772d137" testListId="8c84fa94-04c1-424b-9868-57a2d4851a1d" />
    <TestEntry testId="02bbeaf2-76d2-3741-4b8e-1d69a7c45e76" executionId="c7cac665-fbee-408a-931b-3ca02e959bb9" testListId="8c84fa94-04c1-424b-9868-57a2d4851a1d" />
    <TestEntry testId="896dca81-4415-0785-d3ab-ce59ce03c625" executionId="5a45fb79-5f09-4dff-94ea-3f3f3998d9a2" testListId="8c84fa94-04c1-424b-9868-57a2d4851a1d" />
    <TestEntry testId="1666332f-a49b-36c5-1816-7fe7d472894f" executionId="ceb54e97-0db9-4f5c-87d0-a082e5bb0207" testListId="8c84fa94-04c1-424b-9868-57a2d4851a1d" />
    <TestEntry testId="943b8b53-26ec-c8bf-125f-a558689398fb" executionId="1518728c-5125-49eb-b8fa-ed608a725e41" testListId="8c84fa94-04c1-424b-9868-57a2d4851a1d" />
    <TestEntry testId="d84cc804-b652-fab4-3887-afa4aea4e008" executionId="921d10b1-a0a8-4965-87ae-76fa61f17016" testListId="8c84fa94-04c1-424b-9868-57a2d4851a1d" />
    <TestEntry testId="743f450d-8531-2a62-0071-0bc6e13604c8" executionId="f37a0c34-095a-4b06-9721-c6d324329c0a" testListId="8c84fa94-04c1-424b-9868-57a2d4851a1d" />
    <TestEntry testId="f7fbe7c0-9d2a-8d9c-a89f-d0e04761bf6a" executionId="dbc21344-63a1-4622-8a5e-e5981169b25a" testListId="8c84fa94-04c1-424b-9868-57a2d4851a1d" />
    <TestEntry testId="c3f55d24-c1e6-ee3d-3313-f3b8d719bf3e" executionId="3b242dbc-0744-4d69-be24-926746a0796b" testListId="8c84fa94-04c1-424b-9868-57a2d4851a1d" />
    <TestEntry testId="dee82053-a4d8-3e6c-404f-52d9958df0d9" executionId="85aebf69-d563-4a76-8b79-9761b6ba2ed2" testListId="8c84fa94-04c1-424b-9868-57a2d4851a1d" />
    <TestEntry testId="4673b23b-da03-c388-d2a2-4e338ad9dc4d" executionId="2092752a-c8b8-48fd-a3c4-a5efd8abc891" testListId="8c84fa94-04c1-424b-9868-57a2d4851a1d" />
    <TestEntry testId="77ab4efd-af1b-2e78-cc5f-511f325d2913" executionId="26c994a2-dccb-4281-beb1-a7665ae69934" testListId="8c84fa94-04c1-424b-9868-57a2d4851a1d" />
    <TestEntry testId="07114600-b158-a249-e961-f4adb9774cbb" executionId="e7a7ae6a-28a9-488b-84d4-908fcbaa0e83" testListId="8c84fa94-04c1-424b-9868-57a2d4851a1d" />
    <TestEntry testId="68094dec-cb55-2371-7c84-46762bfe9696" executionId="ace5d62a-249b-4dda-bc1e-7be8f330ce98" testListId="8c84fa94-04c1-424b-9868-57a2d4851a1d" />
    <TestEntry testId="a75fb6eb-a343-092e-6810-0f7c88a9b0f7" executionId="eeb8180f-caa3-4e9e-a3bc-a2bf28807e12" testListId="8c84fa94-04c1-424b-9868-57a2d4851a1d" />
    <TestEntry testId="eb3da0b5-481b-5c81-2443-0467f3063406" executionId="dda82941-dd1c-4434-972c-ffc34a6f975f" testListId="8c84fa94-04c1-424b-9868-57a2d4851a1d" />
    <TestEntry testId="4d946549-ce66-6fe4-5378-c67c91f36017" executionId="0f0d0464-5f79-44f8-a425-e72efe094c06" testListId="8c84fa94-04c1-424b-9868-57a2d4851a1d" />
    <TestEntry testId="37538e1e-3892-5993-8b0b-3a3e6a4d6f45" executionId="1fd78516-b0c8-4902-98a8-c2c80fa3359a" testListId="8c84fa94-04c1-424b-9868-57a2d4851a1d" />
    <TestEntry testId="962cbdfe-3f57-b945-228f-23c984ec5dbd" executionId="30d4ccc2-3f2a-4e22-a2f9-7c5327f7a5d4" testListId="8c84fa94-04c1-424b-9868-57a2d4851a1d" />
    <TestEntry testId="9365d873-9157-6214-0337-5936e6d9d66d" executionId="3e28b134-08cf-4c44-8ed3-2bb4f26b82c1" testListId="8c84fa94-04c1-424b-9868-57a2d4851a1d" />
    <TestEntry testId="aa180504-6b61-89a8-4c7b-7a586e59f3d8" executionId="d1a7505f-663d-462a-b206-82097b73f8f5" testListId="8c84fa94-04c1-424b-9868-57a2d4851a1d" />
    <TestEntry testId="a582c51e-1a5e-2187-bfd7-a57380370ef7" executionId="3463188b-9c15-4d54-8bd2-4fb3c5996f37" testListId="8c84fa94-04c1-424b-9868-57a2d4851a1d" />
    <TestEntry testId="b0318158-489d-f04b-210b-ccd127a3be56" executionId="68ee2244-dcc0-41c3-ba85-89ba574cd530" testListId="8c84fa94-04c1-424b-9868-57a2d4851a1d" />
    <TestEntry testId="0d13ff5d-2138-0b38-f00b-2f6e1b29b7ff" executionId="6bd545b8-257c-47ea-a951-5daaf136caee" testListId="8c84fa94-04c1-424b-9868-57a2d4851a1d" />
    <TestEntry testId="e9331109-be1f-1fcf-5deb-a10b413637f7" executionId="1c9b11c6-c094-4f64-8274-fd3701cd854e" testListId="8c84fa94-04c1-424b-9868-57a2d4851a1d" />
    <TestEntry testId="b96c9fd4-3c20-156f-144d-fc4973ff9105" executionId="52611e23-9081-40c6-a93a-dae0805e1704" testListId="8c84fa94-04c1-424b-9868-57a2d4851a1d" />
    <TestEntry testId="2d175339-0006-732b-6ee3-fa80b651dc1f" executionId="cd107841-e034-47bf-9ecf-c1f9bb2e0b5e" testListId="8c84fa94-04c1-424b-9868-57a2d4851a1d" />
    <TestEntry testId="66392782-9be7-b399-bac5-ed8a264798e6" executionId="b45656d7-6bcd-4a9c-9d2c-3bdb5e5e0e51" testListId="8c84fa94-04c1-424b-9868-57a2d4851a1d" />
    <TestEntry testId="e04d2b56-498c-405e-ae32-754f5e4ffd6f" executionId="cd80231e-65b5-4b4b-98f6-467656b756ff" testListId="8c84fa94-04c1-424b-9868-57a2d4851a1d" />
    <TestEntry testId="eaffc9b6-74b0-4238-f2c7-6eb1d2b430d9" executionId="5fa3befa-4e02-4859-ab58-36ce0b53f647" testListId="8c84fa94-04c1-424b-9868-57a2d4851a1d" />
    <TestEntry testId="1450f9e6-5ee2-066b-5500-4696973a5e4c" executionId="b0e0d11a-aaa8-452a-988d-8d51c170a3dc" testListId="8c84fa94-04c1-424b-9868-57a2d4851a1d" />
    <TestEntry testId="1a935d48-b665-c314-160c-1e504796e0cf" executionId="133ec80b-eb22-41cb-b990-60a09f926acf" testListId="8c84fa94-04c1-424b-9868-57a2d4851a1d" />
    <TestEntry testId="83617e51-6d6a-9571-1447-6df90768f58c" executionId="9a2b4b94-f1db-442a-bb09-d0a595636b30" testListId="8c84fa94-04c1-424b-9868-57a2d4851a1d" />
    <TestEntry testId="4f8e5e8a-227d-a82a-0acb-aea1bf8eb3c5" executionId="aabe29dd-1364-4a4e-91d5-ac7a302ef13e" testListId="8c84fa94-04c1-424b-9868-57a2d4851a1d" />
    <TestEntry testId="60464050-395d-41b8-4abc-cd5e8f53898c" executionId="501a357f-7c91-4698-80b0-6ae79805cfe3" testListId="8c84fa94-04c1-424b-9868-57a2d4851a1d" />
    <TestEntry testId="7d8e8d60-081a-647d-5c54-e013795ceb73" executionId="1c1ce932-e8d3-42d0-8251-ac13353bf763" testListId="8c84fa94-04c1-424b-9868-57a2d4851a1d" />
    <TestEntry testId="9dda76b6-8ced-1c44-8583-a3f1e4dca041" executionId="5473acd7-3200-4960-a83e-6bb12b8e96d6" testListId="8c84fa94-04c1-424b-9868-57a2d4851a1d" />
    <TestEntry testId="b9835bba-2e55-418c-e07e-e99358c564e6" executionId="ba6a0b48-7de7-4cfd-8cea-db840ef62a2f" testListId="8c84fa94-04c1-424b-9868-57a2d4851a1d" />
    <TestEntry testId="ee564589-31f7-57d5-395f-791c7ea905b1" executionId="2f0e687b-c21c-48e0-8804-2ac970706a2b" testListId="8c84fa94-04c1-424b-9868-57a2d4851a1d" />
    <TestEntry testId="96e9a89e-d44e-2c53-224f-7e7e3aa5dd95" executionId="4a7ef1e4-7463-4e6f-ac4b-db227a6d656c" testListId="8c84fa94-04c1-424b-9868-57a2d4851a1d" />
    <TestEntry testId="74f35ea3-2001-f66e-80ee-1166df767499" executionId="7b828d1e-0c18-4657-8daf-23614530bf10" testListId="8c84fa94-04c1-424b-9868-57a2d4851a1d" />
    <TestEntry testId="47c323d9-996c-ca2a-7ee3-2095452d6582" executionId="b3a16377-a701-49a5-b4af-f225e6b253aa" testListId="8c84fa94-04c1-424b-9868-57a2d4851a1d" />
    <TestEntry testId="11514bdf-31c9-066d-5de5-e16bfa099de6" executionId="e8d77b25-6ae5-442f-9f13-fc32952f5e07" testListId="8c84fa94-04c1-424b-9868-57a2d4851a1d" />
    <TestEntry testId="942f0227-8023-b8f4-5997-d906b0c67420" executionId="050b7b10-b68b-44db-985e-f678a76b4ffc" testListId="8c84fa94-04c1-424b-9868-57a2d4851a1d" />
    <TestEntry testId="c5196b83-3361-9006-6e4b-f98321f4ddc5" executionId="9841e629-b753-467e-a336-44f1cef89ff8" testListId="8c84fa94-04c1-424b-9868-57a2d4851a1d" />
    <TestEntry testId="de182cb5-3394-058a-a796-0717ca7ca2ce" executionId="eb6837b1-a8ed-45fb-903f-5bb2979dc225" testListId="8c84fa94-04c1-424b-9868-57a2d4851a1d" />
    <TestEntry testId="5235aa8d-b366-014a-60d0-52687e9815fd" executionId="8ee6231e-73d1-43fc-825d-faaa1676aac8" testListId="8c84fa94-04c1-424b-9868-57a2d4851a1d" />
    <TestEntry testId="93c21ba5-266d-a783-82c9-3d91a66c8b11" executionId="5249e847-af60-41a5-891f-b537ab9c7626" testListId="8c84fa94-04c1-424b-9868-57a2d4851a1d" />
    <TestEntry testId="531be3dc-3dc2-769a-6fd2-2c6f08eb05a4" executionId="80dc3cc7-4683-4bde-b800-a113ffa1766f" testListId="8c84fa94-04c1-424b-9868-57a2d4851a1d" />
    <TestEntry testId="4b12f3d7-f98b-7eb7-10ae-0705f51077e0" executionId="9c6db88b-8a02-44b4-898c-971da0b05798" testListId="8c84fa94-04c1-424b-9868-57a2d4851a1d" />
    <TestEntry testId="fb804d0f-9009-f42f-956f-7e92477921a3" executionId="039e5437-5c71-41b3-a47f-5ab5ea78bd06" testListId="8c84fa94-04c1-424b-9868-57a2d4851a1d" />
    <TestEntry testId="f897dcc3-2ca0-0711-2b48-d42c7bfafe12" executionId="f47c995e-75f4-4193-abb2-87a2fc301e56" testListId="8c84fa94-04c1-424b-9868-57a2d4851a1d" />
    <TestEntry testId="ea26f00b-be4b-ec64-d262-d584c912a330" executionId="b6947871-b5e3-4f8f-ae76-8a253ed5aac5" testListId="8c84fa94-04c1-424b-9868-57a2d4851a1d" />
    <TestEntry testId="9aab9212-610c-5576-ce8d-64dac2879868" executionId="b415e1c6-cce0-4f5a-9727-117abc2ce9d8" testListId="8c84fa94-04c1-424b-9868-57a2d4851a1d" />
    <TestEntry testId="4d6621cb-7563-f766-af45-c9ebc7d5e2d5" executionId="84f45842-b0e6-42c7-ac9a-27e8cd66f8ed" testListId="8c84fa94-04c1-424b-9868-57a2d4851a1d" />
    <TestEntry testId="6a855ed5-d28b-c339-ac5d-aa7dbc0f692e" executionId="23847c16-de75-477b-9ba2-fab3e9e9bfdf" testListId="8c84fa94-04c1-424b-9868-57a2d4851a1d" />
    <TestEntry testId="537068ff-3a39-3b5d-0279-61703161f475" executionId="20c49bef-c107-4b38-85c3-f17216530880" testListId="8c84fa94-04c1-424b-9868-57a2d4851a1d" />
    <TestEntry testId="636e096d-6a80-a2ef-d722-c1d4961a7547" executionId="0f156125-5913-42e2-8ba3-a00d0352b59c" testListId="8c84fa94-04c1-424b-9868-57a2d4851a1d" />
    <TestEntry testId="01b34f7d-37e3-b635-ede3-5c95d1ed0d8f" executionId="b4ca18b4-cf00-44ec-bc07-4df45277aa1a" testListId="8c84fa94-04c1-424b-9868-57a2d4851a1d" />
    <TestEntry testId="aefdc6ce-1bed-4c41-67fa-cf050365300c" executionId="f3c38f72-1ed1-410c-bf5f-d20712fdc3a9" testListId="8c84fa94-04c1-424b-9868-57a2d4851a1d" />
    <TestEntry testId="0881b728-9fa0-382a-99f2-2b749e051cd2" executionId="cfc8f4b7-8112-4c0f-9ac7-5a7b1b749d22" testListId="8c84fa94-04c1-424b-9868-57a2d4851a1d" />
    <TestEntry testId="3fa2fb48-589a-58cd-92f4-c109a0cd6a61" executionId="fafb484a-1c87-4cd5-be48-e8c8a84a842f" testListId="8c84fa94-04c1-424b-9868-57a2d4851a1d" />
    <TestEntry testId="f3c40275-019f-876a-3ec9-586a9a42a15c" executionId="1ad4efbc-83db-40e2-a5fb-717455c2f526" testListId="8c84fa94-04c1-424b-9868-57a2d4851a1d" />
    <TestEntry testId="596f47f6-0940-7e8e-2fa3-a893fb1865b7" executionId="77e642af-085f-4c2b-a881-631822c794e4" testListId="8c84fa94-04c1-424b-9868-57a2d4851a1d" />
    <TestEntry testId="c16c6a5d-b092-b9d1-0104-f82fbb01a680" executionId="600cd3fe-5abb-4d45-bcb3-28258d71cd64" testListId="8c84fa94-04c1-424b-9868-57a2d4851a1d" />
    <TestEntry testId="ef1357bc-527f-738b-fa75-e0ee41b8e53b" executionId="098d31ef-6336-403d-b518-7dc27feb08fe" testListId="8c84fa94-04c1-424b-9868-57a2d4851a1d" />
    <TestEntry testId="ec6ae9d2-8a47-bbda-ed8b-86be33ab8979" executionId="8ae9f3be-fcbc-4036-ac1b-e8d428444bd8" testListId="8c84fa94-04c1-424b-9868-57a2d4851a1d" />
    <TestEntry testId="ee7b1f2b-5640-e4fe-062a-13d7e68ca63f" executionId="32279c90-98a0-4bbb-a534-592dd7f8b29b" testListId="8c84fa94-04c1-424b-9868-57a2d4851a1d" />
    <TestEntry testId="2542026d-4aac-6abe-ceed-ec92b2c984b1" executionId="bdac3fc4-39a0-4ec3-adff-08ef226f958e" testListId="8c84fa94-04c1-424b-9868-57a2d4851a1d" />
    <TestEntry testId="a69f615c-a748-632c-db48-79d2a98ebc46" executionId="0f9ac520-61f7-4174-8585-bf04105d360f" testListId="8c84fa94-04c1-424b-9868-57a2d4851a1d" />
    <TestEntry testId="0681f703-a42f-0d61-4918-7d60c15131dd" executionId="db446276-62ec-4b17-8775-0bd0af1f1ce5" testListId="8c84fa94-04c1-424b-9868-57a2d4851a1d" />
    <TestEntry testId="84642b98-32f9-bb99-8dbc-287952b0c97e" executionId="35eaf532-81a0-42aa-aa7e-442d2c1be247" testListId="8c84fa94-04c1-424b-9868-57a2d4851a1d" />
    <TestEntry testId="e716764e-3eab-aad0-6f57-4a79b54d16d4" executionId="dde2be37-1650-42e9-968f-b7a92ed7de03" testListId="8c84fa94-04c1-424b-9868-57a2d4851a1d" />
    <TestEntry testId="1d544304-1330-be44-9951-f96038a88cfa" executionId="68a43681-ffe0-414b-9976-dec543a205cd" testListId="8c84fa94-04c1-424b-9868-57a2d4851a1d" />
    <TestEntry testId="2562cf1d-4421-324b-15e8-3ffc0d5a05db" executionId="1e076676-29fc-4271-a02f-dd9744ad2f25" testListId="8c84fa94-04c1-424b-9868-57a2d4851a1d" />
    <TestEntry testId="a463bbc5-1fbd-602b-2906-8b84300127c5" executionId="589b9825-d8ae-417a-a75e-4b16156246d9" testListId="8c84fa94-04c1-424b-9868-57a2d4851a1d" />
    <TestEntry testId="2ba72832-1ac1-0233-e8ca-961c50e25450" executionId="09fd48c3-4c93-4aa6-a854-987439d01c71" testListId="8c84fa94-04c1-424b-9868-57a2d4851a1d" />
    <TestEntry testId="53812a66-ea3a-8663-7b59-eefc41ef811f" executionId="f9c9bbc6-a66e-4441-99b7-d7e4b2974b66" testListId="8c84fa94-04c1-424b-9868-57a2d4851a1d" />
    <TestEntry testId="24615de1-d563-da8d-f5d2-7ea324fa629e" executionId="c2c47baa-8a34-4f7a-9d02-252d4f451e25" testListId="8c84fa94-04c1-424b-9868-57a2d4851a1d" />
    <TestEntry testId="bfa17b20-3450-94c6-ae49-cc57e5988a5a" executionId="2cce0a73-b605-44cb-b116-566af1fbe63f" testListId="8c84fa94-04c1-424b-9868-57a2d4851a1d" />
    <TestEntry testId="fab7d022-d231-de97-608d-935a027320ae" executionId="138745f8-789b-46d3-8f6d-000986f7dfdc" testListId="8c84fa94-04c1-424b-9868-57a2d4851a1d" />
    <TestEntry testId="67124778-5fdb-b7bb-19c6-591b33aa9037" executionId="9c861305-1c92-422f-9ab7-24936c3c9612" testListId="8c84fa94-04c1-424b-9868-57a2d4851a1d" />
    <TestEntry testId="17e1581d-432b-0a49-52c3-7aee1d34e312" executionId="72e052cb-16b6-4326-89a2-2c1c3cd29065" testListId="8c84fa94-04c1-424b-9868-57a2d4851a1d" />
    <TestEntry testId="e81028de-5555-da59-10ae-f4f3340b54ca" executionId="e1c5ed35-0ce3-41e5-a04d-461904b09d8e" testListId="8c84fa94-04c1-424b-9868-57a2d4851a1d" />
    <TestEntry testId="8bd7c371-15af-3a0e-f663-ba18b16884f9" executionId="b5779f20-a21e-437e-b966-4a116f75a637" testListId="8c84fa94-04c1-424b-9868-57a2d4851a1d" />
    <TestEntry testId="f6e26503-f547-a219-6761-1317769870cd" executionId="f4e5e5c2-af17-46f8-acd0-e1c082ac8b62" testListId="8c84fa94-04c1-424b-9868-57a2d4851a1d" />
    <TestEntry testId="f05b633b-b482-8734-50ec-13c7f1541946" executionId="e9985814-d947-4a45-84ae-e6b7a32dad04" testListId="8c84fa94-04c1-424b-9868-57a2d4851a1d" />
    <TestEntry testId="73d14ae6-0d2f-562f-5bf0-7e695b0ea9d4" executionId="3ff3917a-0fcf-4fc8-bf0c-b8bcc29e5b85" testListId="8c84fa94-04c1-424b-9868-57a2d4851a1d" />
    <TestEntry testId="02f16009-f306-8d52-9f7f-753a72645d39" executionId="27877a2e-9f32-4fbc-92cc-6cc76a20d13f" testListId="8c84fa94-04c1-424b-9868-57a2d4851a1d" />
    <TestEntry testId="5efab125-3ee8-b5e8-93b5-95bb4f8eb748" executionId="8e7890eb-9af8-4767-93ae-db8b8ba5a267" testListId="8c84fa94-04c1-424b-9868-57a2d4851a1d" />
    <TestEntry testId="47406097-1b3b-f3f3-9e50-90b10cbee829" executionId="86c5ecf7-b34b-4329-8407-1349e0b9d0e9" testListId="8c84fa94-04c1-424b-9868-57a2d4851a1d" />
    <TestEntry testId="efe17eed-6dd4-c3de-1bf1-dcdb508e5a59" executionId="1ce01f0b-30c3-448a-a4d9-30cd46a13580" testListId="8c84fa94-04c1-424b-9868-57a2d4851a1d" />
    <TestEntry testId="b2c760b5-8b55-4de8-54b1-87df211f1263" executionId="c86594fd-3754-4bc3-94a0-bfa89aab612c" testListId="8c84fa94-04c1-424b-9868-57a2d4851a1d" />
    <TestEntry testId="bb9e746c-8039-5243-6c6c-72ad01258611" executionId="c42f86fc-a475-42ff-9533-c809517d105b" testListId="8c84fa94-04c1-424b-9868-57a2d4851a1d" />
    <TestEntry testId="da83c50b-47e2-9545-121a-764175b5bfc2" executionId="fc9249a4-8818-4895-aa54-cd14a69ae2df" testListId="8c84fa94-04c1-424b-9868-57a2d4851a1d" />
    <TestEntry testId="00a7a731-2c53-9f42-69ab-d9e6566ee9a6" executionId="50bcea61-b619-4c7e-a6d9-f1c2e50b9d3b" testListId="8c84fa94-04c1-424b-9868-57a2d4851a1d" />
    <TestEntry testId="7424c0a5-b244-d3f2-83c7-15fa765173fb" executionId="00e21e8d-ee72-43f8-8432-691f2e8902f5" testListId="8c84fa94-04c1-424b-9868-57a2d4851a1d" />
    <TestEntry testId="56b07e69-d545-8575-5740-688bed4e6eef" executionId="8364d200-1b34-4ce7-bb5a-978a559ea661" testListId="8c84fa94-04c1-424b-9868-57a2d4851a1d" />
    <TestEntry testId="11693dfc-fbf6-db87-1e9b-f9c536e059e2" executionId="d3dd9eff-9491-48e2-b298-47c2236450f3" testListId="8c84fa94-04c1-424b-9868-57a2d4851a1d" />
    <TestEntry testId="db01e7ad-abba-b258-3ee6-871c04b71639" executionId="f454357f-245b-4c43-a3d5-80affe389752" testListId="8c84fa94-04c1-424b-9868-57a2d4851a1d" />
    <TestEntry testId="283b0ecd-c30a-bc7b-df40-ebeab476188f" executionId="b0a6ebec-0976-4915-adf8-842a8bed7729" testListId="8c84fa94-04c1-424b-9868-57a2d4851a1d" />
    <TestEntry testId="a90a6e2d-eb6c-3e7c-d88e-e676bb35075a" executionId="9d0c0061-d196-4d86-9726-934585918bce" testListId="8c84fa94-04c1-424b-9868-57a2d4851a1d" />
    <TestEntry testId="4f29b5e9-2c61-ede5-bf6c-101fed6f092f" executionId="063254e6-b30c-4be0-af7c-5ee2f5e8a923" testListId="8c84fa94-04c1-424b-9868-57a2d4851a1d" />
    <TestEntry testId="78a0a78f-a4d9-49f2-db2d-ebfd89821e84" executionId="55d871c4-b5ab-40eb-8761-a4e8475a55bf" testListId="8c84fa94-04c1-424b-9868-57a2d4851a1d" />
    <TestEntry testId="6e016f34-37fc-ae05-1b58-37873366425b" executionId="8cbe00b5-b304-467d-b0e4-ce3e5f52c8aa" testListId="8c84fa94-04c1-424b-9868-57a2d4851a1d" />
    <TestEntry testId="c6c63f0b-9e84-054c-df92-ccdef6cce169" executionId="ae188048-bf32-4ace-936a-da7adbc34231" testListId="8c84fa94-04c1-424b-9868-57a2d4851a1d" />
    <TestEntry testId="556b6fd3-6431-90c9-5508-f206094b6846" executionId="91eea3df-c515-42f5-87c3-87bf6508f103" testListId="8c84fa94-04c1-424b-9868-57a2d4851a1d" />
    <TestEntry testId="565345a9-7782-a27c-5cfb-dcd8a524ea64" executionId="94830e0c-d707-4c4f-8bcb-b0be6d8daadb" testListId="8c84fa94-04c1-424b-9868-57a2d4851a1d" />
    <TestEntry testId="296646c6-5789-052b-f919-f2a412e3395e" executionId="ceed5162-bf77-42ef-bac2-b3afbb29e93d" testListId="8c84fa94-04c1-424b-9868-57a2d4851a1d" />
    <TestEntry testId="6ef10467-ac47-69e3-c8f4-24107ab94602" executionId="97426152-ac37-4dda-a6e1-38d391ff5ab1" testListId="8c84fa94-04c1-424b-9868-57a2d4851a1d" />
    <TestEntry testId="91b0f36a-d36d-a424-89e5-babd6afbf21d" executionId="a3b80d0f-05be-4c66-974a-e6b088e4c6f4" testListId="8c84fa94-04c1-424b-9868-57a2d4851a1d" />
    <TestEntry testId="272c2ff8-875e-3f1f-fc9b-1e0073fbe776" executionId="5e1829c4-d5d8-4900-a6fc-dcb693d2465b" testListId="8c84fa94-04c1-424b-9868-57a2d4851a1d" />
    <TestEntry testId="dd5d17c4-c456-20ae-8577-ce7451cffd40" executionId="27276f13-a4fc-4f43-944a-9199abb52974" testListId="8c84fa94-04c1-424b-9868-57a2d4851a1d" />
    <TestEntry testId="273a263d-1cda-d068-bf0a-03c7a1ca2a94" executionId="328102ef-5b74-4275-86b9-70783f9eb066" testListId="8c84fa94-04c1-424b-9868-57a2d4851a1d" />
    <TestEntry testId="8e56d496-98c0-b58c-1a0a-78ce59e33fab" executionId="96bf683d-ba45-423a-88de-50150369b276" testListId="8c84fa94-04c1-424b-9868-57a2d4851a1d" />
    <TestEntry testId="182bc26d-551a-d168-4380-21f2dcc94784" executionId="006774e3-9e69-4592-a8b5-79d879365443" testListId="8c84fa94-04c1-424b-9868-57a2d4851a1d" />
    <TestEntry testId="ee5d378e-d41f-00fe-f777-3b9ef23103e1" executionId="780d4795-8d3f-4a0a-a7c3-82afcf1de90c" testListId="8c84fa94-04c1-424b-9868-57a2d4851a1d" />
    <TestEntry testId="693e47ce-45f5-db54-ee4d-7d597a818a39" executionId="c5203e65-0e50-4527-9ff8-b7ffc550b45b" testListId="8c84fa94-04c1-424b-9868-57a2d4851a1d" />
    <TestEntry testId="032d40b4-ef58-2b69-fe9f-bdb19d9d4871" executionId="2a3131b3-93e3-443d-8490-7a51f5453b52" testListId="8c84fa94-04c1-424b-9868-57a2d4851a1d" />
    <TestEntry testId="9f26ecf8-4b55-73ca-ae00-8b1a4fbf0333" executionId="f3315041-3a71-4071-91a7-0dee0a174edb" testListId="8c84fa94-04c1-424b-9868-57a2d4851a1d" />
    <TestEntry testId="3ca56bbf-c15a-53f6-e718-7ee2ea93b899" executionId="423698f6-147f-43e1-983f-0089f974e090" testListId="8c84fa94-04c1-424b-9868-57a2d4851a1d" />
    <TestEntry testId="544eea65-2acf-07b3-dc3c-d06cb3437d72" executionId="4bf1f4ba-ec37-4554-a644-614bb7444a2f" testListId="8c84fa94-04c1-424b-9868-57a2d4851a1d" />
    <TestEntry testId="e253e087-51c9-b54e-9123-245f73a95035" executionId="b3c8bfad-2be4-483d-a49b-1c592983f4fc" testListId="8c84fa94-04c1-424b-9868-57a2d4851a1d" />
    <TestEntry testId="9b3d512c-d1cf-17fd-9f65-2da26bad3be2" executionId="afbc852a-952c-4dca-a609-93a3bd51fbfe" testListId="8c84fa94-04c1-424b-9868-57a2d4851a1d" />
    <TestEntry testId="e497aa28-15dc-18cf-4eb9-9f2e702269a6" executionId="c1fa988d-2e10-47b6-9999-d8b739011b39" testListId="8c84fa94-04c1-424b-9868-57a2d4851a1d" />
    <TestEntry testId="aadd696d-5bf0-1ccf-dead-5c6fa4ae0bfc" executionId="b0ed334b-8d51-4fdf-8533-54f8a2193cde" testListId="8c84fa94-04c1-424b-9868-57a2d4851a1d" />
    <TestEntry testId="139bf06c-099a-77e7-3510-69fcb291d876" executionId="c463e26f-3a15-4cab-b1c8-dd053c6a9aa3" testListId="8c84fa94-04c1-424b-9868-57a2d4851a1d" />
    <TestEntry testId="47db2260-9244-b394-0dc8-ea4736ed3e66" executionId="dc21caf9-6392-4ed5-91f9-151c5273d026" testListId="8c84fa94-04c1-424b-9868-57a2d4851a1d" />
    <TestEntry testId="3cac494c-3e49-105a-d8c0-bf281381b60e" executionId="6eb940c5-cb87-4e2e-8b5f-6d1661dcf70c" testListId="8c84fa94-04c1-424b-9868-57a2d4851a1d" />
    <TestEntry testId="2a79fdf8-72b4-263e-c994-f524dfdcd8d5" executionId="41d32374-b190-4672-ac8c-0350cb9ea9d3" testListId="8c84fa94-04c1-424b-9868-57a2d4851a1d" />
    <TestEntry testId="a411b2cd-bab5-65e6-8ce0-a1d7e2ec6a8f" executionId="a9044503-6625-4295-a2b6-30cc507048b7" testListId="8c84fa94-04c1-424b-9868-57a2d4851a1d" />
    <TestEntry testId="74f68950-bee9-04d2-f365-beaa2b69e0da" executionId="0acef460-826d-4791-9015-59330ac9ebf7" testListId="8c84fa94-04c1-424b-9868-57a2d4851a1d" />
    <TestEntry testId="c6b7e992-6fe3-2139-3c89-681327c8d307" executionId="eef72305-1643-4a11-8b1c-1bbca87cfd67" testListId="8c84fa94-04c1-424b-9868-57a2d4851a1d" />
    <TestEntry testId="069f3fda-a16c-b27b-8b50-2ab9e05bf580" executionId="8d8400d8-3993-4c3a-9c0a-e248a66cea6e" testListId="8c84fa94-04c1-424b-9868-57a2d4851a1d" />
    <TestEntry testId="1b22d273-3bba-7a15-bb98-9b527573a669" executionId="0133c644-6d15-4d9b-9a95-23d044e3eda1" testListId="8c84fa94-04c1-424b-9868-57a2d4851a1d" />
    <TestEntry testId="3c770a1e-524d-ab86-cb17-128e049e5dfc" executionId="cb01aac4-4602-43d8-9386-411dd4980be5" testListId="8c84fa94-04c1-424b-9868-57a2d4851a1d" />
    <TestEntry testId="c34c0dd7-1f94-c2b4-4909-eb46ef0afdef" executionId="db1eaa95-72b2-4af4-9583-fa8f735359b9" testListId="8c84fa94-04c1-424b-9868-57a2d4851a1d" />
    <TestEntry testId="1e5efadd-6bbc-b35a-1181-d2971ba6bbe4" executionId="f8f5147c-621d-4be9-9b2a-c47614f761e1" testListId="8c84fa94-04c1-424b-9868-57a2d4851a1d" />
    <TestEntry testId="bbe5a1d3-1059-2f9b-8c0b-53f1ac3cf71a" executionId="cf82af2b-8c04-4688-8371-c70d9810ac70" testListId="8c84fa94-04c1-424b-9868-57a2d4851a1d" />
    <TestEntry testId="12c10c84-93ed-e9b1-a5a0-c6a8b61337d1" executionId="8a2a99af-7bce-422c-ad02-8693df7a14e3" testListId="8c84fa94-04c1-424b-9868-57a2d4851a1d" />
    <TestEntry testId="994adea8-e4d9-1265-e54b-f8dd17503517" executionId="4eb8da96-472f-4353-a263-3de06301f215" testListId="8c84fa94-04c1-424b-9868-57a2d4851a1d" />
    <TestEntry testId="c03f416e-9155-3008-58da-08650a3bf6b0" executionId="8c2b5596-5203-4ea4-a880-902020cb8678" testListId="8c84fa94-04c1-424b-9868-57a2d4851a1d" />
    <TestEntry testId="e074bda5-4439-dd50-f1a3-b773fa733083" executionId="5ed0ba7c-7132-4e79-bd42-546cda9afdf9" testListId="8c84fa94-04c1-424b-9868-57a2d4851a1d" />
    <TestEntry testId="d2974de0-9805-c930-307a-109d1611c00f" executionId="710bc5dc-08e9-4d7a-b7ea-035b742bd28f" testListId="8c84fa94-04c1-424b-9868-57a2d4851a1d" />
    <TestEntry testId="58fcf75e-7c64-171c-52fb-f93b6ce01b21" executionId="77d50666-1c52-4979-a6b1-eccde2a5029c" testListId="8c84fa94-04c1-424b-9868-57a2d4851a1d" />
    <TestEntry testId="d119b0aa-8439-5222-e07f-b2bff685bae9" executionId="14b01f2b-0dae-45ad-b1f9-90988b632980" testListId="8c84fa94-04c1-424b-9868-57a2d4851a1d" />
    <TestEntry testId="b7ad941b-0167-02ac-412e-c8250280abf5" executionId="c3411f5f-7ddb-4fbd-b611-69fdc1fcb33d" testListId="8c84fa94-04c1-424b-9868-57a2d4851a1d" />
    <TestEntry testId="4d914128-ed0c-3c83-79f6-e2cd937b0566" executionId="456a58e5-e23f-4147-b424-b9189f0d3112" testListId="8c84fa94-04c1-424b-9868-57a2d4851a1d" />
    <TestEntry testId="a6a4c1df-a5a7-641a-fa47-8b1a14cd7dd1" executionId="ec111e8a-54ee-4d44-818a-de5c8f6e85e5" testListId="8c84fa94-04c1-424b-9868-57a2d4851a1d" />
    <TestEntry testId="1c24a77a-694e-cd18-4f01-a361c3ccac0f" executionId="9fe8a13f-a4eb-464a-8bbb-0504a17f59c4" testListId="8c84fa94-04c1-424b-9868-57a2d4851a1d" />
    <TestEntry testId="0d92dfc3-883a-ea58-d639-4722d4ba71b2" executionId="c022c3ef-6a70-43fc-bbaa-49ff4afccbba" testListId="8c84fa94-04c1-424b-9868-57a2d4851a1d" />
    <TestEntry testId="d1d0a139-9168-e529-9399-cd192f6965dd" executionId="605cd077-ba5a-45aa-aea3-c7696c094bf8" testListId="8c84fa94-04c1-424b-9868-57a2d4851a1d" />
    <TestEntry testId="7e5775d2-9ccb-8783-401c-5cef5b83da65" executionId="8792db0e-67e4-4e23-b78f-2f5f622c7d61" testListId="8c84fa94-04c1-424b-9868-57a2d4851a1d" />
    <TestEntry testId="7b18ef9a-8831-274c-45b7-596bcf4ae199" executionId="3b9e530c-954e-4300-8565-a3361a9e0585" testListId="8c84fa94-04c1-424b-9868-57a2d4851a1d" />
    <TestEntry testId="189246df-68f4-62f4-a2cf-8a7e56a5711b" executionId="f71cd724-a6aa-491e-a2d2-9723287a1609" testListId="8c84fa94-04c1-424b-9868-57a2d4851a1d" />
    <TestEntry testId="897c1659-a5b7-a875-233b-5e3dda6a285b" executionId="61555c76-154c-4646-bb0f-80e4267dfe0c" testListId="8c84fa94-04c1-424b-9868-57a2d4851a1d" />
    <TestEntry testId="9d2bd9f2-c65b-c1ff-0704-591f1f34bf59" executionId="f24ab884-f7fa-4522-92f1-030cfbdf3716" testListId="8c84fa94-04c1-424b-9868-57a2d4851a1d" />
    <TestEntry testId="35312750-24d8-77bf-51ec-882233b4b2d9" executionId="10f2baca-6bd1-49a0-9460-e37182887761" testListId="8c84fa94-04c1-424b-9868-57a2d4851a1d" />
    <TestEntry testId="2d98887c-64dc-6eed-57ac-625230763320" executionId="7d32cd63-0d2f-41e7-b327-5f0458634b20" testListId="8c84fa94-04c1-424b-9868-57a2d4851a1d" />
    <TestEntry testId="294596df-48f6-f7d1-b466-beb52f58c094" executionId="f65c4f0a-010e-407f-8f55-00b5c47cc56c" testListId="8c84fa94-04c1-424b-9868-57a2d4851a1d" />
    <TestEntry testId="dd376b6a-f3e2-ddbd-de55-cf0ac5df0b29" executionId="0039c988-011f-4a0a-afbc-7f6bdf6696f5" testListId="8c84fa94-04c1-424b-9868-57a2d4851a1d" />
    <TestEntry testId="4a9b377b-ecf3-626d-26c5-0e42f56757e1" executionId="e31a2721-aa56-49c4-a994-ad88465d6675" testListId="8c84fa94-04c1-424b-9868-57a2d4851a1d" />
    <TestEntry testId="f19580b8-94e3-05c1-ab1b-8698a83e9bd5" executionId="871fd9b8-f039-4c08-be12-548efc6d019d" testListId="8c84fa94-04c1-424b-9868-57a2d4851a1d" />
    <TestEntry testId="2c66b808-93e5-95d5-77ea-aaf25e6cc133" executionId="ea434e1f-cefc-44db-807a-5c9f9786eaf3" testListId="8c84fa94-04c1-424b-9868-57a2d4851a1d" />
    <TestEntry testId="005d4495-9f8d-af6f-0073-45c8c279c639" executionId="3c53f2bf-013f-4fbf-bd9e-57778b4d02d2" testListId="8c84fa94-04c1-424b-9868-57a2d4851a1d" />
    <TestEntry testId="24459630-86f8-18d0-2763-93ad4ff7588d" executionId="f3ec5e91-fae3-4a06-882c-77e6a8957397" testListId="8c84fa94-04c1-424b-9868-57a2d4851a1d" />
    <TestEntry testId="a97a8147-eba2-9ec1-5aad-ad0045adb7d5" executionId="407bd7b3-751d-4215-bdda-704afab0bf56" testListId="8c84fa94-04c1-424b-9868-57a2d4851a1d" />
    <TestEntry testId="5264a70d-1026-b32f-1dfa-d4352557af74" executionId="c4812be0-e891-4b3f-8cc4-0e0e5d5a66f6" testListId="8c84fa94-04c1-424b-9868-57a2d4851a1d" />
    <TestEntry testId="5ea7fdf4-a241-67ae-3fe2-780c939d40bf" executionId="1cc5c400-ee0c-49c4-a6c8-55c21b7b49c9" testListId="8c84fa94-04c1-424b-9868-57a2d4851a1d" />
    <TestEntry testId="e3807015-e6d9-6220-044c-999f5a2fe1e5" executionId="88cdd895-fb05-436f-abe6-d46cb200128e" testListId="8c84fa94-04c1-424b-9868-57a2d4851a1d" />
    <TestEntry testId="626ff9e0-5294-9e43-d22e-764e0ac4903e" executionId="651fa3cc-8b27-4f62-ae56-2b6f2a3e3e53" testListId="8c84fa94-04c1-424b-9868-57a2d4851a1d" />
    <TestEntry testId="b3b8eb7f-3bca-d9f1-5fb6-b14c84d162e6" executionId="01c43313-c3a3-4065-b202-eb1863daafd2" testListId="8c84fa94-04c1-424b-9868-57a2d4851a1d" />
    <TestEntry testId="07f33e08-97f9-61cd-1375-2cd7925c7891" executionId="2c38138e-bc24-4fbe-8b99-7b31b44436e2" testListId="8c84fa94-04c1-424b-9868-57a2d4851a1d" />
    <TestEntry testId="cae614f1-4198-0092-755a-869886362636" executionId="0a9fe9b6-f151-4891-b842-f41b6f71e7c1" testListId="8c84fa94-04c1-424b-9868-57a2d4851a1d" />
    <TestEntry testId="c46a7e35-68cb-fd5f-2a98-2c9a9804ef29" executionId="53b6b5c4-f2c4-4e79-a2a0-e2cf00197acb" testListId="8c84fa94-04c1-424b-9868-57a2d4851a1d" />
    <TestEntry testId="4cb7469b-8f5d-be01-05ae-c8a0fc2bba60" executionId="448fb07f-da6c-4fbe-91e6-5810457e0820" testListId="8c84fa94-04c1-424b-9868-57a2d4851a1d" />
    <TestEntry testId="2598032a-28ac-b716-8d04-5b512bfe5d09" executionId="0ed1072b-4d52-4f19-a500-d3fedf974465" testListId="8c84fa94-04c1-424b-9868-57a2d4851a1d" />
    <TestEntry testId="ced41e6f-80bf-57d3-8f4f-1b0f51130930" executionId="bb28ab90-023a-4269-ad6d-530eb3d333d9" testListId="8c84fa94-04c1-424b-9868-57a2d4851a1d" />
    <TestEntry testId="d595890e-d977-4869-3ef9-cf7f59b89228" executionId="af6e07df-3e03-4f29-9fac-ea2248a4df60" testListId="8c84fa94-04c1-424b-9868-57a2d4851a1d" />
    <TestEntry testId="84868ffb-2c57-565a-6317-bdbb60f4661f" executionId="ab774ee8-1b8e-443c-aa15-d1ada4abb328" testListId="8c84fa94-04c1-424b-9868-57a2d4851a1d" />
    <TestEntry testId="cf2833fc-b29c-5d19-4aa7-3e1bd77f4f84" executionId="5fd33782-c106-435b-805a-e296530e7f6d" testListId="8c84fa94-04c1-424b-9868-57a2d4851a1d" />
    <TestEntry testId="c056970c-c2f8-054c-8e90-3ae09218e48b" executionId="210b217f-db56-4de2-ad45-382a1821651d" testListId="8c84fa94-04c1-424b-9868-57a2d4851a1d" />
    <TestEntry testId="d892dd2a-df03-8f00-9a3b-4d5abd482b17" executionId="e36f7b62-b4b6-40d1-920b-4f050e131c9f" testListId="8c84fa94-04c1-424b-9868-57a2d4851a1d" />
    <TestEntry testId="e72801ea-8ed9-19c2-a272-f5c4413b02d8" executionId="e9b73990-0f3e-45c6-bc9c-41c786eaf15f" testListId="8c84fa94-04c1-424b-9868-57a2d4851a1d" />
    <TestEntry testId="61899643-1e24-9070-6cbc-34041e97024c" executionId="91b9da8d-6327-40ec-a277-1f04672a3b5a" testListId="8c84fa94-04c1-424b-9868-57a2d4851a1d" />
    <TestEntry testId="0d3f5e01-6c02-feb0-3a5b-f395773daab1" executionId="4d4f2ae3-2282-4d74-9dc6-fc4ae6d93fa3" testListId="8c84fa94-04c1-424b-9868-57a2d4851a1d" />
    <TestEntry testId="2ab421c9-0344-aa63-1a14-6be9ece3b21c" executionId="0f06895c-1817-4b52-bf2d-b5ed256ae844" testListId="8c84fa94-04c1-424b-9868-57a2d4851a1d" />
    <TestEntry testId="a04d4c63-06b7-934a-7ee7-0fb96c1fadb2" executionId="136e73dd-5d43-4126-b82a-228768476048" testListId="8c84fa94-04c1-424b-9868-57a2d4851a1d" />
    <TestEntry testId="bdb956da-c1e7-b40b-25aa-23869ad811e0" executionId="dad49ce9-1f8f-4e2b-aabd-f45a5253d629" testListId="8c84fa94-04c1-424b-9868-57a2d4851a1d" />
    <TestEntry testId="90a0edf6-2e90-cd7c-07bf-7ea02a2bd937" executionId="609981f7-c765-4ad4-be7d-b17139bc4178" testListId="8c84fa94-04c1-424b-9868-57a2d4851a1d" />
    <TestEntry testId="468e3f97-13a3-8a9a-83b8-4ff094528b5e" executionId="c3545d40-0ccc-4065-a994-089f4eef5e87" testListId="8c84fa94-04c1-424b-9868-57a2d4851a1d" />
    <TestEntry testId="0d0527fb-e23b-44bf-9603-7aeab4269694" executionId="18a297ae-693f-4919-abce-cd076a0b1acf" testListId="8c84fa94-04c1-424b-9868-57a2d4851a1d" />
    <TestEntry testId="fac93af9-e64f-99f0-358e-c990b62b8de4" executionId="f70ee5e9-d3be-448e-90cf-0e19a058f085" testListId="8c84fa94-04c1-424b-9868-57a2d4851a1d" />
    <TestEntry testId="527255d2-a19f-72d2-a606-aede1420fa14" executionId="22584b6c-33e2-41be-80f6-e4efb1288e72" testListId="8c84fa94-04c1-424b-9868-57a2d4851a1d" />
    <TestEntry testId="c2ce0ae8-a09d-b454-af6a-568451512941" executionId="02fd12c6-01c2-42d8-a5d5-889131d73c30" testListId="8c84fa94-04c1-424b-9868-57a2d4851a1d" />
    <TestEntry testId="e5af5a11-4279-5b26-a2a7-bc92267f4901" executionId="280478a8-a63b-404f-90d4-3256777a5eb3" testListId="8c84fa94-04c1-424b-9868-57a2d4851a1d" />
    <TestEntry testId="d30c18f1-d76c-26fc-64de-31c634c96f8e" executionId="97d0a2c9-5895-475f-8285-12701c8856b8" testListId="8c84fa94-04c1-424b-9868-57a2d4851a1d" />
    <TestEntry testId="e6efafd5-86e2-6933-8e81-48e4cbe575ec" executionId="d0e45a67-4f7f-49c6-89b4-9fb6750c9718" testListId="8c84fa94-04c1-424b-9868-57a2d4851a1d" />
    <TestEntry testId="057a96d8-24db-f267-8f13-c29d0f81f4bf" executionId="19303c12-fb7f-4994-92e8-ad9389b38af0" testListId="8c84fa94-04c1-424b-9868-57a2d4851a1d" />
    <TestEntry testId="58fcf67a-1400-80ae-f3af-c8374a93c5e4" executionId="ccac6b27-6226-4cb7-854a-e1c6ce09e7aa" testListId="8c84fa94-04c1-424b-9868-57a2d4851a1d" />
    <TestEntry testId="03b6334a-0d45-7b58-21af-ec7cbd0d3d99" executionId="01e4b0ed-4bbf-4e79-87ee-8ad2fdbd8c4a" testListId="8c84fa94-04c1-424b-9868-57a2d4851a1d" />
    <TestEntry testId="56ac1acd-e862-3beb-e348-27bb296321b8" executionId="099241b6-82e1-4656-a1b7-9fe5655d49e4" testListId="8c84fa94-04c1-424b-9868-57a2d4851a1d" />
    <TestEntry testId="61ffb7c3-2f04-a6c5-2bd1-3b722ba0821b" executionId="2332dca6-076a-4da7-8d36-2c097f9f6c31" testListId="8c84fa94-04c1-424b-9868-57a2d4851a1d" />
    <TestEntry testId="50be8da7-3472-5146-ad3c-84032755cfab" executionId="0d970b48-9add-4b45-8081-b96f52eece93" testListId="8c84fa94-04c1-424b-9868-57a2d4851a1d" />
    <TestEntry testId="db6c75fc-da79-8282-f4bb-84fd7dc17039" executionId="4c8b3659-fa87-43cf-9bf4-23ff94e858d7" testListId="8c84fa94-04c1-424b-9868-57a2d4851a1d" />
    <TestEntry testId="5c6e7fbd-1d36-bdd0-b049-647674194555" executionId="0897fbe5-6781-4c36-a37a-d764ae7421dc" testListId="8c84fa94-04c1-424b-9868-57a2d4851a1d" />
    <TestEntry testId="a9c11b4d-aa88-7670-d36b-69068722a4c1" executionId="d6d38393-9b88-4122-a846-d67a1bb487e2" testListId="8c84fa94-04c1-424b-9868-57a2d4851a1d" />
    <TestEntry testId="d7902940-886a-de77-0d85-cf7701a4f84f" executionId="2d9d4cdb-572b-4180-b6bd-d8d2f9a78a1a" testListId="8c84fa94-04c1-424b-9868-57a2d4851a1d" />
    <TestEntry testId="7e5c9e5f-1c08-a12e-212e-44fbcd0e0fa5" executionId="680b6981-288f-403e-9caa-5e7611531366" testListId="8c84fa94-04c1-424b-9868-57a2d4851a1d" />
    <TestEntry testId="0b6e748b-b41a-7ab5-3b2e-f61a71021877" executionId="1db6254a-3dca-4459-bdc9-d3d84b42693a" testListId="8c84fa94-04c1-424b-9868-57a2d4851a1d" />
    <TestEntry testId="b1ea1518-a2fe-6af3-1a3d-95608ff2a7da" executionId="43a8644a-843d-412b-b6f4-d6a973ba709b" testListId="8c84fa94-04c1-424b-9868-57a2d4851a1d" />
    <TestEntry testId="863f1ee6-27d5-750c-bfc4-1f98b926d80f" executionId="0c6e79b8-363a-4264-8bbe-5dee36b98dc4" testListId="8c84fa94-04c1-424b-9868-57a2d4851a1d" />
    <TestEntry testId="c4fb1c8a-3510-3097-292a-4b66179a4a64" executionId="95ff5cc9-7193-4a82-a14c-8dee3f2ff9dd" testListId="8c84fa94-04c1-424b-9868-57a2d4851a1d" />
    <TestEntry testId="4cc732a0-fc9b-fb8a-984f-862493f12cfe" executionId="111ed141-c81b-46b0-ad87-1928fe0c0a12" testListId="8c84fa94-04c1-424b-9868-57a2d4851a1d" />
    <TestEntry testId="8ab7c20f-8262-ee6d-683d-ff3672c74155" executionId="ec578e08-10a5-4739-8c8e-d4eb35524b6c" testListId="8c84fa94-04c1-424b-9868-57a2d4851a1d" />
    <TestEntry testId="159dd13c-9203-dab4-0949-1b2f2f4af3d7" executionId="48cde893-65c0-4018-af18-427dc900fc21" testListId="8c84fa94-04c1-424b-9868-57a2d4851a1d" />
    <TestEntry testId="4dcc22d2-f5cf-299e-98c9-08b171fdd7ad" executionId="eaa311dc-fb58-4210-8376-c3275e1a9ce5" testListId="8c84fa94-04c1-424b-9868-57a2d4851a1d" />
    <TestEntry testId="3c031093-6974-b324-58fc-cd0620ef4bc2" executionId="180a04cd-8248-4524-b48a-4424542bd6ad" testListId="8c84fa94-04c1-424b-9868-57a2d4851a1d" />
    <TestEntry testId="687bd91a-da2e-d86f-b451-0fa274379f17" executionId="89949ead-f17b-4571-8a29-a8f2b19192f1" testListId="8c84fa94-04c1-424b-9868-57a2d4851a1d" />
    <TestEntry testId="800ae083-e5ce-58cf-c2fb-b3d7ef332a27" executionId="91c66da3-b879-48e5-8558-b1c116869be0" testListId="8c84fa94-04c1-424b-9868-57a2d4851a1d" />
    <TestEntry testId="171d9e3b-6a9a-cdb4-59d1-c65819a8a5aa" executionId="50c985ae-2997-4fe3-9d8b-8b18f4f6a818" testListId="8c84fa94-04c1-424b-9868-57a2d4851a1d" />
    <TestEntry testId="edc83b7f-9b5c-e329-2bf4-1599494f3ad5" executionId="6f0886dd-a217-4ba1-a52b-acaee71bed97" testListId="8c84fa94-04c1-424b-9868-57a2d4851a1d" />
    <TestEntry testId="059067a7-29ec-925c-2415-95d64d6389fd" executionId="a88460da-a6ed-40ce-b138-985e3d43155c" testListId="8c84fa94-04c1-424b-9868-57a2d4851a1d" />
    <TestEntry testId="552d10a2-06ec-bf19-7935-0a434ae34c8a" executionId="c7cf7749-e8d2-46fc-a736-ae1533031699" testListId="8c84fa94-04c1-424b-9868-57a2d4851a1d" />
    <TestEntry testId="e9bf40e5-fe0d-90e0-ac40-a0b9b384cbd0" executionId="58cbdfa3-e68e-467b-9cc6-a0b368b774c5" testListId="8c84fa94-04c1-424b-9868-57a2d4851a1d" />
    <TestEntry testId="6b19acf1-1291-f367-5ac8-29510e8619c6" executionId="50f8c2c3-b3db-4762-8dc9-f095c1230ad5" testListId="8c84fa94-04c1-424b-9868-57a2d4851a1d" />
    <TestEntry testId="904a818a-49d9-b8b8-280c-89c9e647299c" executionId="8293e62d-ea24-4226-88ac-c95462ff4cab" testListId="8c84fa94-04c1-424b-9868-57a2d4851a1d" />
    <TestEntry testId="7388f10b-9a7b-08df-7070-ba658922aca5" executionId="aa651438-189d-4ec2-b323-b7eadf348e16" testListId="8c84fa94-04c1-424b-9868-57a2d4851a1d" />
    <TestEntry testId="d37fef1f-3423-8c34-4d76-041ba2a2c9e6" executionId="743c1bf9-f874-4a21-af07-fefbd516aa09" testListId="8c84fa94-04c1-424b-9868-57a2d4851a1d" />
    <TestEntry testId="5240cc9f-7f36-b2e1-5347-8e86f0219726" executionId="8528876a-dfd9-462c-af7c-d1d308738a7a" testListId="8c84fa94-04c1-424b-9868-57a2d4851a1d" />
    <TestEntry testId="c996513d-0f7d-c492-28eb-255c1194d44a" executionId="3913eae5-c634-40d6-adfd-a040a3870fd5" testListId="8c84fa94-04c1-424b-9868-57a2d4851a1d" />
    <TestEntry testId="6f56f91a-5ab1-8463-6df2-d65380d0a2ce" executionId="d084fcb5-c699-4e27-9ee5-809259474b84" testListId="8c84fa94-04c1-424b-9868-57a2d4851a1d" />
    <TestEntry testId="5a49a56b-ce41-b8c2-0d51-3c6b6b2441d2" executionId="c4ed5f21-7178-4f0e-8ad8-4ac090f8542d" testListId="8c84fa94-04c1-424b-9868-57a2d4851a1d" />
    <TestEntry testId="5eab0771-e464-8303-89e1-3c32f08f3779" executionId="3968291b-d94b-40c7-b459-33fc43a316e9" testListId="8c84fa94-04c1-424b-9868-57a2d4851a1d" />
    <TestEntry testId="e929e060-bd0d-63b0-4394-fcb2ae20336c" executionId="27bfc352-502f-4cb8-8e1d-f8282372819a" testListId="8c84fa94-04c1-424b-9868-57a2d4851a1d" />
    <TestEntry testId="a0da705c-ccc8-51c3-50da-3f96bbee09af" executionId="df38f0a5-669f-4ba6-98c2-1998924eca59" testListId="8c84fa94-04c1-424b-9868-57a2d4851a1d" />
    <TestEntry testId="12a53ac1-4ce4-9728-a77e-81ec30aa0a83" executionId="573965d9-6628-4433-b38a-fa9e31bb5d76" testListId="8c84fa94-04c1-424b-9868-57a2d4851a1d" />
    <TestEntry testId="83ff3a13-b439-870a-343c-c26f71029411" executionId="d4b4fd00-da3e-4cb7-8a98-f879b9567668" testListId="8c84fa94-04c1-424b-9868-57a2d4851a1d" />
    <TestEntry testId="ff518be9-38ab-8598-343f-561d4a1e9c10" executionId="5313ebf1-e341-4ec7-9803-1f2f9a710c36" testListId="8c84fa94-04c1-424b-9868-57a2d4851a1d" />
    <TestEntry testId="5cdf371e-2f97-7282-07b0-42654c60bbcf" executionId="0d0d7458-36a5-45ab-ae92-e7b4a118d204" testListId="8c84fa94-04c1-424b-9868-57a2d4851a1d" />
    <TestEntry testId="5a36519a-2b93-2c4c-7de8-1431a038acad" executionId="3cdde86d-50c1-4c37-b679-9ec8f8b03d1e" testListId="8c84fa94-04c1-424b-9868-57a2d4851a1d" />
    <TestEntry testId="19dc0202-f1c9-ef9b-520f-549d0e077f36" executionId="82862ee4-4026-4865-8b56-9d57d48e154a" testListId="8c84fa94-04c1-424b-9868-57a2d4851a1d" />
    <TestEntry testId="22bd8aeb-eb39-af1d-73d9-caa8b17a0431" executionId="abdba31a-9d2c-458b-95cf-de9f6baf3af3" testListId="8c84fa94-04c1-424b-9868-57a2d4851a1d" />
    <TestEntry testId="3005cf59-060a-9cb2-5d15-06fd438556f3" executionId="1f92a070-f46c-4ccc-9b22-d3be0da42cb7" testListId="8c84fa94-04c1-424b-9868-57a2d4851a1d" />
    <TestEntry testId="28579d5d-ff9b-bc4c-f25f-795f9c7eec9f" executionId="ebab8eaf-4878-4b8d-87cc-9f05d4d81e76" testListId="8c84fa94-04c1-424b-9868-57a2d4851a1d" />
    <TestEntry testId="71bcbad5-6db6-cb65-68cf-fe486bd11159" executionId="57a392e3-8270-417d-a728-027edad162a1" testListId="8c84fa94-04c1-424b-9868-57a2d4851a1d" />
    <TestEntry testId="d85fc15c-2804-4caa-11e7-0f838df4fea4" executionId="464296d8-095c-4f3a-bf81-d546c3507c49" testListId="8c84fa94-04c1-424b-9868-57a2d4851a1d" />
    <TestEntry testId="d665ba45-555c-c938-1f98-e6aa51f3d56d" executionId="33707b26-6e89-4384-a8bf-8b2ed189c70f" testListId="8c84fa94-04c1-424b-9868-57a2d4851a1d" />
    <TestEntry testId="3adadcef-81c4-f092-138c-6399b2bcefe5" executionId="ac22b084-6f6a-4de8-b6e9-6f44b03bbb79" testListId="8c84fa94-04c1-424b-9868-57a2d4851a1d" />
    <TestEntry testId="db3c3a89-bcfc-972c-a558-e5b208d0a2ef" executionId="576ee95a-e2c4-4387-ac0d-05523800a175" testListId="8c84fa94-04c1-424b-9868-57a2d4851a1d" />
    <TestEntry testId="0d87268f-5f6b-d97c-648c-316928f0fb8b" executionId="2b58c933-886a-41fc-8e35-001c901e30aa" testListId="8c84fa94-04c1-424b-9868-57a2d4851a1d" />
    <TestEntry testId="7402905b-847c-97bb-4ad5-21a49083d3e5" executionId="179ff895-842d-43f0-8e9a-8371c5cf1fd8" testListId="8c84fa94-04c1-424b-9868-57a2d4851a1d" />
    <TestEntry testId="94bec791-17da-a55c-288e-9d217051ec39" executionId="2dd42258-70cf-45bd-b308-52b41bf7f579" testListId="8c84fa94-04c1-424b-9868-57a2d4851a1d" />
    <TestEntry testId="609ab994-7a95-c14b-81c4-173e64372d06" executionId="40c11d59-65c1-4d7c-bd33-f33ecfa377c2" testListId="8c84fa94-04c1-424b-9868-57a2d4851a1d" />
    <TestEntry testId="cb44e0db-37ef-f2dd-2067-980f12c5b4c8" executionId="1eb5e88c-6f66-4364-9506-4811159c3acf" testListId="8c84fa94-04c1-424b-9868-57a2d4851a1d" />
    <TestEntry testId="f1c53472-6fa3-02c9-f35d-bbe81b3a153a" executionId="3d301ee2-73f3-4aa2-8a8a-b0d07cc9838f" testListId="8c84fa94-04c1-424b-9868-57a2d4851a1d" />
    <TestEntry testId="9f68ea89-f7e0-a305-51fb-d50b30800ebd" executionId="a176ff97-1e02-4e6d-9bd4-333da1b560ff" testListId="8c84fa94-04c1-424b-9868-57a2d4851a1d" />
    <TestEntry testId="6c03c4d6-1554-ee94-3066-25cba6275f3a" executionId="7dc955f9-7708-4689-a2fd-b9c45b102059" testListId="8c84fa94-04c1-424b-9868-57a2d4851a1d" />
    <TestEntry testId="17f29182-e06e-b735-c56a-5c45ea3f2482" executionId="c4338a3d-eab9-4084-953e-7c172721f271" testListId="8c84fa94-04c1-424b-9868-57a2d4851a1d" />
    <TestEntry testId="af084419-6341-6364-4bcb-452d61c18d0f" executionId="6b942c2d-afee-412f-ab41-047f41c10d4b" testListId="8c84fa94-04c1-424b-9868-57a2d4851a1d" />
    <TestEntry testId="4588450b-0ad1-cd0d-efa9-ef52a8eadf74" executionId="ac1de0ab-315e-400a-a263-0f26ffb36dda" testListId="8c84fa94-04c1-424b-9868-57a2d4851a1d" />
    <TestEntry testId="6e796bfa-39e5-88eb-2d24-dcfbcc32ec10" executionId="ed32bc21-d607-4a1d-b9a4-00d44a4b24e0" testListId="8c84fa94-04c1-424b-9868-57a2d4851a1d" />
    <TestEntry testId="973533d9-8f04-e26d-1c9e-ac64dabf6c91" executionId="fbd40dfd-4e3f-4b80-b483-34b1ad553e42" testListId="8c84fa94-04c1-424b-9868-57a2d4851a1d" />
    <TestEntry testId="68360461-51c1-7046-7d53-530cc325c184" executionId="92df6c07-8ce7-4134-80c5-6a3841911e5b" testListId="8c84fa94-04c1-424b-9868-57a2d4851a1d" />
    <TestEntry testId="5aa8e4b9-ac75-db48-573f-84ad56a88fc0" executionId="7b141f20-1833-4a8c-937f-78044ae09ae9" testListId="8c84fa94-04c1-424b-9868-57a2d4851a1d" />
    <TestEntry testId="4ac2825a-1c3b-5a96-985e-cc76b3823e2b" executionId="e074b945-21b3-4073-85ad-78024f4ce9d3" testListId="8c84fa94-04c1-424b-9868-57a2d4851a1d" />
    <TestEntry testId="38c53564-42e4-24f4-eb9f-c10bb3aa28d6" executionId="54e86a14-56c1-474d-bccc-09fab4863bba" testListId="8c84fa94-04c1-424b-9868-57a2d4851a1d" />
    <TestEntry testId="b0893b25-7388-fc48-a192-2a18e87ab1d7" executionId="b83b2f5b-2b38-4fde-b427-e034cd618cba" testListId="8c84fa94-04c1-424b-9868-57a2d4851a1d" />
    <TestEntry testId="a4276c0c-f85c-5b2f-7635-e9099529e349" executionId="85f02e4b-069c-4e0a-9940-07c470070992" testListId="8c84fa94-04c1-424b-9868-57a2d4851a1d" />
    <TestEntry testId="016b328a-8c49-0aef-8590-47499f16786b" executionId="3a3e47ef-ea2c-42b2-917a-6254f321fe16" testListId="8c84fa94-04c1-424b-9868-57a2d4851a1d" />
    <TestEntry testId="dcd7b44f-479d-7551-29bb-9c0774c17db1" executionId="1b0c95d1-0ef3-4d5a-bc0e-06cd5095080d" testListId="8c84fa94-04c1-424b-9868-57a2d4851a1d" />
    <TestEntry testId="48ab14bc-edd9-b348-ecad-4eb8a66f91f8" executionId="95939c80-35bf-485f-8ea2-ff186369029f" testListId="8c84fa94-04c1-424b-9868-57a2d4851a1d" />
    <TestEntry testId="ef1ad21a-6805-fb1e-5f7d-f7b348670bee" executionId="5bfcd624-e004-49c4-9af7-dfc1f2c8cadf" testListId="8c84fa94-04c1-424b-9868-57a2d4851a1d" />
    <TestEntry testId="c75ab4cb-73d6-33ef-f464-af101b0e8fdc" executionId="1c6962ec-7b3e-41c6-9a7c-79774c768466" testListId="8c84fa94-04c1-424b-9868-57a2d4851a1d" />
    <TestEntry testId="8b5e3d11-ea5a-d194-c3ea-86ac2046c454" executionId="2294af63-731d-40ad-a5e6-631c563a8d28" testListId="8c84fa94-04c1-424b-9868-57a2d4851a1d" />
    <TestEntry testId="71bfc0c3-92bc-6e7e-030c-1fda7b9fc89e" executionId="71b29ace-f35a-41e2-bf71-3fa2c30d9f6c" testListId="8c84fa94-04c1-424b-9868-57a2d4851a1d" />
    <TestEntry testId="421f31cb-6e19-2a10-3384-19a14460b04c" executionId="6a8639e3-55e6-456a-a328-eaa5fef28d6f" testListId="8c84fa94-04c1-424b-9868-57a2d4851a1d" />
    <TestEntry testId="c41b50fb-7395-fc17-1a95-bdfb7b36bb30" executionId="d2024402-f636-48ab-afe5-16f408f0665a" testListId="8c84fa94-04c1-424b-9868-57a2d4851a1d" />
    <TestEntry testId="8d19a1b3-9973-5c42-0999-27e005ddfb24" executionId="fc61b424-25a6-4e7b-8d64-2e34b7620c69" testListId="8c84fa94-04c1-424b-9868-57a2d4851a1d" />
    <TestEntry testId="a22f563c-c491-ea2f-ad18-c5592e258049" executionId="101c9cca-8f60-4035-bc64-aa79ee7702c1" testListId="8c84fa94-04c1-424b-9868-57a2d4851a1d" />
    <TestEntry testId="9bfcf69d-607a-99d8-2ea0-a420aecf279a" executionId="3b0d366c-0868-4973-b6fb-177a48d75cbf" testListId="8c84fa94-04c1-424b-9868-57a2d4851a1d" />
    <TestEntry testId="411dbbcd-b6f3-96e0-c9fc-0de286275d2e" executionId="0bb77d83-3d92-4daa-9680-9a9f08da2a92" testListId="8c84fa94-04c1-424b-9868-57a2d4851a1d" />
    <TestEntry testId="3f209a47-2b99-0658-6c48-d83373417393" executionId="f2813feb-0a46-466e-b0ad-dbdf287ab2a9" testListId="8c84fa94-04c1-424b-9868-57a2d4851a1d" />
    <TestEntry testId="64ebd09a-bf15-bc89-1ba0-b798d3d41e87" executionId="2f232e9e-3756-41e5-893f-9bf03103f811" testListId="8c84fa94-04c1-424b-9868-57a2d4851a1d" />
    <TestEntry testId="df3a0bc3-0a11-7521-9fcf-835a094f86db" executionId="70627dc8-4a2a-4cc1-a07a-e6b281b4f543" testListId="8c84fa94-04c1-424b-9868-57a2d4851a1d" />
    <TestEntry testId="eb354b36-9336-c68b-3f3b-f713f24eff1e" executionId="b013a6fc-de4f-429a-80ca-c13499ff67d4" testListId="8c84fa94-04c1-424b-9868-57a2d4851a1d" />
    <TestEntry testId="ae41bf89-b61d-8f07-3592-102ab8ebcb24" executionId="e381ecfa-4553-487e-869e-2e7b225fb682" testListId="8c84fa94-04c1-424b-9868-57a2d4851a1d" />
    <TestEntry testId="deeff2e6-96ed-f4bd-2158-d5e9bb7bcc24" executionId="88b136ac-f231-452b-8f02-04a50541e718" testListId="8c84fa94-04c1-424b-9868-57a2d4851a1d" />
    <TestEntry testId="00ff8150-ec1f-c649-9afe-1603195ea9ce" executionId="f2e17986-cd65-45fc-9664-4f4875ac9bc0" testListId="8c84fa94-04c1-424b-9868-57a2d4851a1d" />
    <TestEntry testId="1b7b7a78-9099-9ded-8014-39218b7c9bff" executionId="2ebfc723-7133-4a12-a19d-454ca7b3e989" testListId="8c84fa94-04c1-424b-9868-57a2d4851a1d" />
    <TestEntry testId="5a675e4f-190e-5cc5-79ec-943e65836a56" executionId="f701d94c-9d3b-4faf-9c06-4b8c0ae2b166" testListId="8c84fa94-04c1-424b-9868-57a2d4851a1d" />
    <TestEntry testId="a71e83f8-5f9d-fbec-87dc-0cbab3e4c9f7" executionId="c61e716d-f48e-4538-b920-b15fd9d98fa7" testListId="8c84fa94-04c1-424b-9868-57a2d4851a1d" />
    <TestEntry testId="777d0a5d-12d6-b4fd-1b8f-d8714584863d" executionId="23b5b7cc-830e-45fb-aa8e-88513aa6508e" testListId="8c84fa94-04c1-424b-9868-57a2d4851a1d" />
    <TestEntry testId="15ec7271-a2d6-0761-a490-6e4472db2c71" executionId="bba7c15c-462f-4548-8114-c2e1f53612e0" testListId="8c84fa94-04c1-424b-9868-57a2d4851a1d" />
    <TestEntry testId="af60dc08-047e-90ce-5686-84513113a25d" executionId="afbc6f6f-55f1-45b7-972b-c8f30fddb7d6" testListId="8c84fa94-04c1-424b-9868-57a2d4851a1d" />
    <TestEntry testId="050782df-267b-54dc-5075-728164833137" executionId="5bcb90dc-2d52-4dd6-8309-c5f33e519a1e" testListId="8c84fa94-04c1-424b-9868-57a2d4851a1d" />
    <TestEntry testId="c63555d8-8769-3975-2211-202240ca90c8" executionId="d0e9a3bc-ad1a-4691-ad2c-c58356ebbe18" testListId="8c84fa94-04c1-424b-9868-57a2d4851a1d" />
    <TestEntry testId="7b8ecc0c-ccb7-2f70-4b58-069d402a9886" executionId="6f2bbfb5-4ad0-461a-9d0e-e0c990413787" testListId="8c84fa94-04c1-424b-9868-57a2d4851a1d" />
    <TestEntry testId="0ca6e638-6e18-3477-0e74-f8aeff2f39a2" executionId="2e987ba6-317b-481e-bab7-e6255fc33a97" testListId="8c84fa94-04c1-424b-9868-57a2d4851a1d" />
    <TestEntry testId="22f0919e-494d-cf72-a108-3d56f902ddb1" executionId="a820f4d9-7214-4baf-9a2f-b11de1f0d894" testListId="8c84fa94-04c1-424b-9868-57a2d4851a1d" />
    <TestEntry testId="c2881ccd-e21d-8820-b665-9bf888999289" executionId="9c574f4c-6edd-4730-879a-4bed348a9e9f" testListId="8c84fa94-04c1-424b-9868-57a2d4851a1d" />
    <TestEntry testId="39f5818d-9cbd-9eba-2e9d-923f732d9e4c" executionId="7200480d-b3f6-436c-97ed-4d43ffafef20" testListId="8c84fa94-04c1-424b-9868-57a2d4851a1d" />
    <TestEntry testId="a5056e80-6fc9-167a-6669-875e87e3e4fd" executionId="550ca159-f945-4c80-9ad8-5a7c25722b4e" testListId="8c84fa94-04c1-424b-9868-57a2d4851a1d" />
    <TestEntry testId="e15a0491-79cf-ddef-c0f3-562bbc25116e" executionId="f9f6f578-b47b-4cee-858b-bc6ebc5d279f" testListId="8c84fa94-04c1-424b-9868-57a2d4851a1d" />
    <TestEntry testId="3c75bed1-0f32-3d05-cf72-4cadcf0b6647" executionId="77681180-033f-4967-8db4-b40f20b20069" testListId="8c84fa94-04c1-424b-9868-57a2d4851a1d" />
    <TestEntry testId="09b055fe-6596-078e-8ddd-8766c89ce8e3" executionId="dd5d0606-380e-4f4e-9117-ec63a17faf70" testListId="8c84fa94-04c1-424b-9868-57a2d4851a1d" />
    <TestEntry testId="c07ffdb6-93f1-776a-169f-d6ea23a0f371" executionId="721ff5ab-e548-4f77-aaf3-ab8e173df65d" testListId="8c84fa94-04c1-424b-9868-57a2d4851a1d" />
    <TestEntry testId="a1bbd654-2ba1-8938-9a19-d4910aa84acd" executionId="ff637162-3b32-4cdb-9e96-e8491ecfad58" testListId="8c84fa94-04c1-424b-9868-57a2d4851a1d" />
    <TestEntry testId="c9c2536a-bf5d-371d-49bd-56d0d1a00742" executionId="9deabc5d-f817-442c-aef0-c30fb6d51d1e" testListId="8c84fa94-04c1-424b-9868-57a2d4851a1d" />
    <TestEntry testId="2c71d3f6-9835-e590-6e5c-42027cc25033" executionId="0c1957e3-6bbe-45a9-bc7a-056b6c79109a" testListId="8c84fa94-04c1-424b-9868-57a2d4851a1d" />
    <TestEntry testId="a2fcfe72-bb9f-3aa3-468b-9f451b7da6a2" executionId="22d30faa-244a-4d51-878e-8ef2a22bfd12" testListId="8c84fa94-04c1-424b-9868-57a2d4851a1d" />
    <TestEntry testId="b92d2e37-f670-cf45-1ee4-1fac938fbb02" executionId="b021e676-08b9-473e-926d-c86ffa89ea58" testListId="8c84fa94-04c1-424b-9868-57a2d4851a1d" />
    <TestEntry testId="2773470d-95d8-8df6-9810-d497067f138c" executionId="c8bc83f2-207f-4670-8d8c-cb91359fe870" testListId="8c84fa94-04c1-424b-9868-57a2d4851a1d" />
    <TestEntry testId="054f5597-0a81-63a2-3713-6e3a855297fb" executionId="51b5823c-ce15-47eb-8ded-08b0caeeeeba" testListId="8c84fa94-04c1-424b-9868-57a2d4851a1d" />
    <TestEntry testId="4c5126ac-c2be-ed3c-0692-320b7a3caae7" executionId="71dd6ddb-7575-46b6-8586-5d28d537cb7b" testListId="8c84fa94-04c1-424b-9868-57a2d4851a1d" />
    <TestEntry testId="46f3a7de-ac3e-8f43-0376-a93afd7f04a4" executionId="5d5d3204-207a-4728-bb05-f629329e15b0" testListId="8c84fa94-04c1-424b-9868-57a2d4851a1d" />
    <TestEntry testId="d3960b22-864b-570c-277a-0d237cf1b99b" executionId="7b6f4755-d951-4c41-9426-4514a58e9890" testListId="8c84fa94-04c1-424b-9868-57a2d4851a1d" />
    <TestEntry testId="f3fbe837-9af8-6394-2946-246c8d2dcb8b" executionId="b7eba2d6-39c8-4951-b196-b417e59fa31b" testListId="8c84fa94-04c1-424b-9868-57a2d4851a1d" />
    <TestEntry testId="6d1b45a7-1456-1588-7efa-b22f525459de" executionId="57f425aa-4944-4268-b097-de02bf5fbe0b" testListId="8c84fa94-04c1-424b-9868-57a2d4851a1d" />
    <TestEntry testId="dc07a686-1ed8-c343-9fa4-f137f2efee49" executionId="56f4a45d-eaec-4b7d-8dbd-694012ae5d2c" testListId="8c84fa94-04c1-424b-9868-57a2d4851a1d" />
    <TestEntry testId="995211f4-8103-d3dd-2735-85c4eeaaed33" executionId="270b2f41-4ebf-40bd-a274-551a7a52fd9f" testListId="8c84fa94-04c1-424b-9868-57a2d4851a1d" />
    <TestEntry testId="2af04b73-38f8-ffd7-4f35-3a95073b1f62" executionId="20e1ff1b-eb0b-4466-95d5-01512dd4c6f9" testListId="8c84fa94-04c1-424b-9868-57a2d4851a1d" />
    <TestEntry testId="07ec2f53-0264-3f1f-1ab1-6f841b203791" executionId="6e587d0a-605e-4a42-8191-ed1791b17931" testListId="8c84fa94-04c1-424b-9868-57a2d4851a1d" />
    <TestEntry testId="a8225749-2a63-5437-f54e-35c6ae8e532f" executionId="1979e334-1537-4fa0-81f9-bbded9978446" testListId="8c84fa94-04c1-424b-9868-57a2d4851a1d" />
    <TestEntry testId="d821c979-291a-3305-ef0a-d99358a1750c" executionId="0fdc9beb-3901-497f-85f6-623317197e79" testListId="8c84fa94-04c1-424b-9868-57a2d4851a1d" />
    <TestEntry testId="ec260da7-3def-b650-b232-e0322ce0af01" executionId="c55b8838-4fb7-460f-ba6c-d20962264fdd" testListId="8c84fa94-04c1-424b-9868-57a2d4851a1d" />
    <TestEntry testId="f58b1145-9d8d-5ed2-e515-5beb2f7dcc17" executionId="c93265ca-0878-48a5-ad4a-7dc4230ae358" testListId="8c84fa94-04c1-424b-9868-57a2d4851a1d" />
    <TestEntry testId="6c7856a2-e94a-39d8-f68d-14d290961d41" executionId="5b95d881-f85e-4ab5-b63a-48601b7872e6" testListId="8c84fa94-04c1-424b-9868-57a2d4851a1d" />
    <TestEntry testId="6c15f89a-1db9-5054-711d-367912f86f86" executionId="0fdf6f41-89f9-49cd-a4ce-93321043d0d5" testListId="8c84fa94-04c1-424b-9868-57a2d4851a1d" />
    <TestEntry testId="405e44b3-251f-083c-db11-fd2f8698f68e" executionId="d69ca67f-ee86-4b57-9d87-594fe1bae29f" testListId="8c84fa94-04c1-424b-9868-57a2d4851a1d" />
    <TestEntry testId="9b10071e-34f8-94c5-4fd4-acb2e2aed12f" executionId="9650e332-5f12-4b0d-b552-ab302084eeae" testListId="8c84fa94-04c1-424b-9868-57a2d4851a1d" />
    <TestEntry testId="421a3368-63eb-e814-e12d-82c780067350" executionId="23aabd93-c0de-4fc3-a9b5-ebc8c925a926" testListId="8c84fa94-04c1-424b-9868-57a2d4851a1d" />
    <TestEntry testId="7553a6f5-16e9-6136-1c14-69d9d6a3b6f4" executionId="fd9c9498-4bfd-44ef-bb91-cce13923af45" testListId="8c84fa94-04c1-424b-9868-57a2d4851a1d" />
    <TestEntry testId="bea7ff44-517f-65c4-bcd6-39f921ca012d" executionId="96bbc04f-2fe7-4b96-8bcd-5bb73214817f" testListId="8c84fa94-04c1-424b-9868-57a2d4851a1d" />
    <TestEntry testId="d250c335-fd61-3405-6d33-e384719b8101" executionId="120fe8d2-a35b-4bc5-b3b3-cfcffb198a67" testListId="8c84fa94-04c1-424b-9868-57a2d4851a1d" />
    <TestEntry testId="0c7206f0-2d5b-d0b0-6315-803b4f0fe840" executionId="da16c4fe-7ae7-431a-b4d1-03ce0edeea34" testListId="8c84fa94-04c1-424b-9868-57a2d4851a1d" />
    <TestEntry testId="d05aad29-189c-7cde-a82a-10249e102508" executionId="8319764f-5bee-469e-af56-d1f9ed691cb0" testListId="8c84fa94-04c1-424b-9868-57a2d4851a1d" />
    <TestEntry testId="29f53652-a58e-e8d3-86ad-87f4bd8ef2f8" executionId="8f03175a-2fe1-4f11-a5d8-c30cac3a3eb3" testListId="8c84fa94-04c1-424b-9868-57a2d4851a1d" />
    <TestEntry testId="b554484f-4dfc-acf1-d5cf-4bada81c9d45" executionId="83fcf19d-aab2-4e1b-92f9-ff6f0ef5ba71" testListId="8c84fa94-04c1-424b-9868-57a2d4851a1d" />
    <TestEntry testId="b47783b3-8978-ae17-f49e-441818eec078" executionId="34a96c50-720d-42ac-b78b-74d726599abf" testListId="8c84fa94-04c1-424b-9868-57a2d4851a1d" />
    <TestEntry testId="be3ee53c-41d2-5105-a811-ac06eec8febf" executionId="a31b851c-bec9-4c08-975e-2450f9252819" testListId="8c84fa94-04c1-424b-9868-57a2d4851a1d" />
    <TestEntry testId="5218aca1-b4c8-911d-c77d-8386630c5720" executionId="9a2c1a20-4245-4989-9ef0-bb34993ddc00" testListId="8c84fa94-04c1-424b-9868-57a2d4851a1d" />
    <TestEntry testId="206c3bc7-cb59-2f21-4931-df8801317eca" executionId="32f621fa-25fc-435c-af27-250d194f8c53" testListId="8c84fa94-04c1-424b-9868-57a2d4851a1d" />
    <TestEntry testId="68066495-e3da-2be9-6612-936538aa5583" executionId="b59ab153-0b29-45c0-b47a-ec9674e79066" testListId="8c84fa94-04c1-424b-9868-57a2d4851a1d" />
    <TestEntry testId="de0c5cd1-8c12-531b-9c35-b645001da158" executionId="f62fec3a-afc4-499f-8957-2094201e5858" testListId="8c84fa94-04c1-424b-9868-57a2d4851a1d" />
    <TestEntry testId="41619d44-e9ec-b494-3bd6-f586805365f1" executionId="1cba918c-4a00-4905-8a22-697ad78a8081" testListId="8c84fa94-04c1-424b-9868-57a2d4851a1d" />
    <TestEntry testId="181cad11-fe37-8a80-68fc-0580e66c1f7d" executionId="9f55428f-caaf-4255-b09a-845ff25cdfaa" testListId="8c84fa94-04c1-424b-9868-57a2d4851a1d" />
    <TestEntry testId="02bf7e84-6faa-8317-ab1c-eb4e7de5c672" executionId="f2b72a0d-531b-43cb-888e-e6024488ed6a" testListId="8c84fa94-04c1-424b-9868-57a2d4851a1d" />
    <TestEntry testId="3237b21b-3411-5f62-3ac7-2f944e555800" executionId="c5334c8f-3528-4b6b-abe6-2a6c72b4fba6" testListId="8c84fa94-04c1-424b-9868-57a2d4851a1d" />
    <TestEntry testId="24072228-f654-6f2d-3ead-fffd68d3af45" executionId="f0fe9551-7311-43be-a3a2-0ccd939f3752" testListId="8c84fa94-04c1-424b-9868-57a2d4851a1d" />
    <TestEntry testId="95694d49-fbd9-f9be-4d0d-7a610cbcd5da" executionId="d16c0034-a38d-49b4-80a2-701314c375a9" testListId="8c84fa94-04c1-424b-9868-57a2d4851a1d" />
    <TestEntry testId="9431218b-a5cc-8788-677b-87e263ac4912" executionId="c62380e9-3684-48db-8b19-fb4f44637774" testListId="8c84fa94-04c1-424b-9868-57a2d4851a1d" />
    <TestEntry testId="c894df99-08c0-4ced-c0e9-a9a63dd38170" executionId="cd73c252-2a18-4990-96c3-2b4e73dbf6db" testListId="8c84fa94-04c1-424b-9868-57a2d4851a1d" />
    <TestEntry testId="f1c14bab-490b-922c-1bbd-f10ee946d428" executionId="ed83b2f2-5510-4d56-b826-cc27ca67670a" testListId="8c84fa94-04c1-424b-9868-57a2d4851a1d" />
    <TestEntry testId="3b82a76b-31de-c678-bf1d-d77ad7cf0d31" executionId="086ea912-1469-4fea-996e-97e8b4ceaf14" testListId="8c84fa94-04c1-424b-9868-57a2d4851a1d" />
    <TestEntry testId="19eed7cc-7587-d3ab-e392-95e376bbdd67" executionId="2151517b-872c-46b9-afda-abc3251e00d7" testListId="8c84fa94-04c1-424b-9868-57a2d4851a1d" />
    <TestEntry testId="dbafd4b3-43d6-49cc-705e-ae9669a96edb" executionId="6e7b50dc-8a21-4c3a-a39f-a7444599cfef" testListId="8c84fa94-04c1-424b-9868-57a2d4851a1d" />
    <TestEntry testId="80379085-0e74-49a0-02aa-ea72aac58c9d" executionId="4c81b002-456d-47d9-a764-62acc9a3fc2d" testListId="8c84fa94-04c1-424b-9868-57a2d4851a1d" />
    <TestEntry testId="3f051923-12bd-4b42-fdeb-320336c1bca2" executionId="dd8f38d2-7084-4e98-bab4-09672539dcdc" testListId="8c84fa94-04c1-424b-9868-57a2d4851a1d" />
    <TestEntry testId="e7f3092b-d4ee-4474-ca5e-f592b3230138" executionId="0767ca41-81c6-4037-8f97-2a214c6b0b1b" testListId="8c84fa94-04c1-424b-9868-57a2d4851a1d" />
    <TestEntry testId="1be0a241-9fc7-4a04-87e5-de5784a96576" executionId="525177d1-e6b5-468d-91b0-063a7e900271" testListId="8c84fa94-04c1-424b-9868-57a2d4851a1d" />
    <TestEntry testId="c3abe31f-594d-0e96-d700-cfb85ef75265" executionId="ce41b2b2-4626-4dd4-b4a8-75d83db85c82" testListId="8c84fa94-04c1-424b-9868-57a2d4851a1d" />
    <TestEntry testId="1bca8a88-7545-f668-ad28-a345cae2c011" executionId="7a37e881-4f6c-41dc-bbe9-a643ff935b5f" testListId="8c84fa94-04c1-424b-9868-57a2d4851a1d" />
    <TestEntry testId="cfeaef85-aa05-8daa-2f71-8e4ef5e71d5a" executionId="f51258a3-9004-4cca-9542-7a834bc9b8d6" testListId="8c84fa94-04c1-424b-9868-57a2d4851a1d" />
    <TestEntry testId="31e701ac-7a3d-3ff8-95be-17a54200e2cb" executionId="0b2607e5-e9c3-41f2-aecc-9a347c71c852" testListId="8c84fa94-04c1-424b-9868-57a2d4851a1d" />
    <TestEntry testId="f501aa71-c576-b712-c42e-0f27a35e6984" executionId="e56f9e9a-e655-4d42-ba46-3077f2f9bad3" testListId="8c84fa94-04c1-424b-9868-57a2d4851a1d" />
    <TestEntry testId="681381fc-436e-004c-10f3-b8c8a137a24a" executionId="3bff2520-ab10-4e9d-b2ed-fab346b2079a" testListId="8c84fa94-04c1-424b-9868-57a2d4851a1d" />
    <TestEntry testId="a950da7d-0f78-cb8f-73d4-06e38f258c72" executionId="42aacd2a-9872-4043-844e-26f3a532f5db" testListId="8c84fa94-04c1-424b-9868-57a2d4851a1d" />
    <TestEntry testId="b3be5871-b3cd-ceb8-194c-6c5fddea7e7c" executionId="17b7fd78-fa65-44fc-8dde-69665c56c7d1" testListId="8c84fa94-04c1-424b-9868-57a2d4851a1d" />
    <TestEntry testId="3b146a8e-43d5-e0c1-0963-40f5a137de0a" executionId="66b11d45-5cbd-4e56-8928-cb3c3af67038" testListId="8c84fa94-04c1-424b-9868-57a2d4851a1d" />
    <TestEntry testId="b23ae338-b6d0-5e9f-7671-8737f3be9c14" executionId="b6ec12bd-41b3-42f5-8b21-8487af3f989b" testListId="8c84fa94-04c1-424b-9868-57a2d4851a1d" />
    <TestEntry testId="873e797b-e77b-7000-c0b2-62c20ad27115" executionId="3709cb97-e405-4611-9dd2-f7f299ca0812" testListId="8c84fa94-04c1-424b-9868-57a2d4851a1d" />
    <TestEntry testId="022bdb9b-f8d6-1dac-43ac-65c687aee784" executionId="0862f2ff-9375-4b03-b8b8-eafcb883101f" testListId="8c84fa94-04c1-424b-9868-57a2d4851a1d" />
    <TestEntry testId="6c20a1d2-c8df-e9af-ef1a-2b6c214d8075" executionId="00f36f0b-28e7-42bf-9b1f-bacd8ddc0d91" testListId="8c84fa94-04c1-424b-9868-57a2d4851a1d" />
    <TestEntry testId="dea9f021-338c-18da-daed-3eea712fedbc" executionId="efe30d42-79d3-4bad-81a4-1076e971fa37" testListId="8c84fa94-04c1-424b-9868-57a2d4851a1d" />
    <TestEntry testId="fe7efac6-7a8b-dd2a-c09c-57b233c8ab31" executionId="80ab4fa9-a95d-4e90-9fd7-d995b34d8111" testListId="8c84fa94-04c1-424b-9868-57a2d4851a1d" />
    <TestEntry testId="8d3437a6-a778-4d39-92f5-41a34efa3932" executionId="30722eb6-ce88-40fc-95f1-290a581638a7" testListId="8c84fa94-04c1-424b-9868-57a2d4851a1d" />
    <TestEntry testId="49b9912e-daf7-d45b-adce-03ae9d5aafb6" executionId="830d73d0-ff24-4e78-b674-e48829c589b0" testListId="8c84fa94-04c1-424b-9868-57a2d4851a1d" />
    <TestEntry testId="e75d3117-3cdb-84da-1c7d-334a5a6eccec" executionId="928886cc-ef4e-451e-8753-fe15d086d04c" testListId="8c84fa94-04c1-424b-9868-57a2d4851a1d" />
    <TestEntry testId="cce8aba2-fd92-67e4-c281-7c98bc5199a8" executionId="5310fc67-f60d-443c-bfaf-e25439efa9cd" testListId="8c84fa94-04c1-424b-9868-57a2d4851a1d" />
    <TestEntry testId="89e14287-e43d-d708-93f0-7158a62f92a9" executionId="f90817e8-44ad-494f-ac37-005f624f9ac3" testListId="8c84fa94-04c1-424b-9868-57a2d4851a1d" />
    <TestEntry testId="b14b9680-e053-5301-2fa6-170deea78e1e" executionId="f67177e5-3f48-4cdf-b573-a7b70dd79584" testListId="8c84fa94-04c1-424b-9868-57a2d4851a1d" />
    <TestEntry testId="5f3f3d43-b306-d7be-8bb1-3dbf641a9ff9" executionId="b2ed9f68-5025-4901-baf1-30521f756576" testListId="8c84fa94-04c1-424b-9868-57a2d4851a1d" />
    <TestEntry testId="4c0cc070-de1b-b37f-a713-ed51c65d0370" executionId="106ca80d-f532-46e5-9c5e-52d77e272f73" testListId="8c84fa94-04c1-424b-9868-57a2d4851a1d" />
    <TestEntry testId="80528367-53a9-6d5c-4b67-6b6cb203f840" executionId="2d7b9ac6-e637-492d-a2d3-d382fbdd77e1" testListId="8c84fa94-04c1-424b-9868-57a2d4851a1d" />
    <TestEntry testId="0e3dbaf2-2223-3438-80e7-b302ca57f497" executionId="7b299a29-4b47-44f4-b7fe-ad96a32fd423" testListId="8c84fa94-04c1-424b-9868-57a2d4851a1d" />
    <TestEntry testId="2d110118-e748-5894-d588-0ae320ba08df" executionId="7abe375d-7a32-4bd9-893f-9c233fd4231d" testListId="8c84fa94-04c1-424b-9868-57a2d4851a1d" />
    <TestEntry testId="8b999c61-2561-82f4-0018-207375f9f149" executionId="0dbab957-ea1a-425d-a0e1-589cda0c257e" testListId="8c84fa94-04c1-424b-9868-57a2d4851a1d" />
    <TestEntry testId="1365f875-9070-7381-de05-e26f0808dcd8" executionId="d597123d-4909-4dcc-99fc-750eb459cdb3" testListId="8c84fa94-04c1-424b-9868-57a2d4851a1d" />
    <TestEntry testId="8a79e397-0841-b7b2-a2aa-923e45dba4a4" executionId="481bd42a-4d31-4903-ab07-6cf39d66c013" testListId="8c84fa94-04c1-424b-9868-57a2d4851a1d" />
    <TestEntry testId="583a8ef2-b4b6-90fe-7230-b679fcac0c57" executionId="ec1d1569-8919-41bc-87d4-fd63f4a9e2bc" testListId="8c84fa94-04c1-424b-9868-57a2d4851a1d" />
    <TestEntry testId="c2c25bc6-12c7-49d5-4768-8b6fdf760958" executionId="189580f0-3cac-46b0-b0b2-afb7a662e92f" testListId="8c84fa94-04c1-424b-9868-57a2d4851a1d" />
    <TestEntry testId="94a4c52c-7e19-38dd-50ea-911728f6659d" executionId="1354662b-202f-4901-81a5-87376d1002f9" testListId="8c84fa94-04c1-424b-9868-57a2d4851a1d" />
    <TestEntry testId="b52445eb-1968-41c4-ef02-c9059873a87b" executionId="3873191b-60e3-485b-b21d-727b7c6594e5" testListId="8c84fa94-04c1-424b-9868-57a2d4851a1d" />
    <TestEntry testId="47fe6a82-f492-b88b-db72-1ebdb61c6bf2" executionId="47a695a6-c5f5-45e4-986c-18b64bfbfdb2" testListId="8c84fa94-04c1-424b-9868-57a2d4851a1d" />
    <TestEntry testId="2a23c614-01a4-ed61-5877-c43575ebd5f0" executionId="1d55c971-cd3a-48c8-9e9e-b57c84578546" testListId="8c84fa94-04c1-424b-9868-57a2d4851a1d" />
    <TestEntry testId="ef37d986-752d-a49c-2f3c-f2267b8c9ec9" executionId="c58e8ce8-86a9-41b3-8130-1086452c6198" testListId="8c84fa94-04c1-424b-9868-57a2d4851a1d" />
    <TestEntry testId="00c6c10c-a72b-b546-84b8-4f85c57c8258" executionId="da79432d-dec9-45d6-bce5-0ce8c95f3279" testListId="8c84fa94-04c1-424b-9868-57a2d4851a1d" />
    <TestEntry testId="347845ca-28f3-979d-a53c-401a7b26cbbe" executionId="dec958fb-cd1d-4537-9dab-6436ad509015" testListId="8c84fa94-04c1-424b-9868-57a2d4851a1d" />
    <TestEntry testId="4b6aab03-4704-c13c-ba24-b36dbdeec877" executionId="bce9e5a9-5a53-47e4-9a33-4b2f26f49a00" testListId="8c84fa94-04c1-424b-9868-57a2d4851a1d" />
    <TestEntry testId="39f3b29f-7f52-f1e2-8586-f6ad5bd8d22b" executionId="90a67c94-a43c-4479-bb43-436b12aa3d51" testListId="8c84fa94-04c1-424b-9868-57a2d4851a1d" />
    <TestEntry testId="d3110f46-7697-b85e-2d0d-bd0931f0af3b" executionId="fce7a607-1bdc-4348-ba5b-7206bb9c0827" testListId="8c84fa94-04c1-424b-9868-57a2d4851a1d" />
    <TestEntry testId="646a2541-1c12-36ef-f4b4-52c321ea51c8" executionId="87d3fcfa-8aea-4f40-b35a-7c27e34a3be4" testListId="8c84fa94-04c1-424b-9868-57a2d4851a1d" />
    <TestEntry testId="3efb94b4-84d7-3ce7-0cf4-24e39c841b17" executionId="34831918-a863-4bb7-a3ab-38f89d1dfcbe" testListId="8c84fa94-04c1-424b-9868-57a2d4851a1d" />
    <TestEntry testId="04c5618d-a20f-19ec-6acd-ea2f0502d5b4" executionId="53bfc3c5-c4a7-47fb-9ae4-a18fd2c28461" testListId="8c84fa94-04c1-424b-9868-57a2d4851a1d" />
    <TestEntry testId="aa1902c2-3c69-b26b-2305-bf5ba7780c3b" executionId="d92b02b0-4e1d-41ef-b75c-c4bcbe80a89a" testListId="8c84fa94-04c1-424b-9868-57a2d4851a1d" />
    <TestEntry testId="d5629683-0170-ec12-e1bf-cbdff84ebfb0" executionId="ea81d14c-0b68-4ee7-95fe-a1e3b4fc7a75" testListId="8c84fa94-04c1-424b-9868-57a2d4851a1d" />
    <TestEntry testId="a76e3e4a-2db8-2233-7090-fa51010eed6f" executionId="cd26cf15-28d5-4ca3-84b4-37a6a67bb104" testListId="8c84fa94-04c1-424b-9868-57a2d4851a1d" />
    <TestEntry testId="859e14bb-4f14-4036-1d03-15afe83fc902" executionId="8cbf92c5-f216-449a-a365-2409576ce8e8" testListId="8c84fa94-04c1-424b-9868-57a2d4851a1d" />
    <TestEntry testId="bf0f14d8-5b83-2d64-0ea4-e1b6ab5df41a" executionId="5f8f6a1d-37ba-4ec5-9158-a92b8ae98334" testListId="8c84fa94-04c1-424b-9868-57a2d4851a1d" />
    <TestEntry testId="e9f2bb45-4026-0227-56f9-72382f84f119" executionId="2480f5e2-bf14-479c-bc5e-e8114f762f88" testListId="8c84fa94-04c1-424b-9868-57a2d4851a1d" />
    <TestEntry testId="4fea5a2b-a0b9-529f-30ae-5efb360ce484" executionId="3c207ef3-ae53-49ae-b4c2-7535d148c3de" testListId="8c84fa94-04c1-424b-9868-57a2d4851a1d" />
    <TestEntry testId="a173bc98-262f-5e7a-fbf4-0d50d4e783ab" executionId="fb9e53d7-bb3a-430e-87ac-0ebf1d85f3c0" testListId="8c84fa94-04c1-424b-9868-57a2d4851a1d" />
    <TestEntry testId="ac9e7530-d790-d569-f962-e5bcd1ebcad6" executionId="fcfee076-7882-49e2-b1b8-0adbc843dd3e" testListId="8c84fa94-04c1-424b-9868-57a2d4851a1d" />
    <TestEntry testId="4e578b60-1661-6b11-aba7-2fe0588475b7" executionId="bb331828-8861-4ff7-977b-d79222719f7f" testListId="8c84fa94-04c1-424b-9868-57a2d4851a1d" />
    <TestEntry testId="3c1759af-1e67-3e19-e7c2-061614d0cc29" executionId="920d9214-5e9d-4522-9947-fc84c1060985" testListId="8c84fa94-04c1-424b-9868-57a2d4851a1d" />
    <TestEntry testId="492d6efa-afef-a011-0139-d849dfb4d5a1" executionId="7f17d05a-de61-4caf-9a31-0fdfac9293b9" testListId="8c84fa94-04c1-424b-9868-57a2d4851a1d" />
    <TestEntry testId="a7b16419-0818-e595-7cff-83922f65f8a3" executionId="34718ca4-b16b-400b-ab4a-e978e05c8150" testListId="8c84fa94-04c1-424b-9868-57a2d4851a1d" />
    <TestEntry testId="f458a453-eeef-b960-784b-634f65e646e0" executionId="fcf9936f-7574-4b59-aafb-b11cdb398c86" testListId="8c84fa94-04c1-424b-9868-57a2d4851a1d" />
    <TestEntry testId="5b984a5c-1342-4950-207d-8a8ad6152151" executionId="a6b5f96c-0ed4-48da-80f2-63ab66cb64bb" testListId="8c84fa94-04c1-424b-9868-57a2d4851a1d" />
    <TestEntry testId="a4a9c024-6cc7-30f4-d53d-a3389bfcf29a" executionId="6065bfe2-f11e-4aef-98d2-255282f23116" testListId="8c84fa94-04c1-424b-9868-57a2d4851a1d" />
    <TestEntry testId="87a6127b-072a-4fc1-f54e-b59924e180cf" executionId="f126d0b8-a13a-4b22-8a7f-3e154407946a" testListId="8c84fa94-04c1-424b-9868-57a2d4851a1d" />
    <TestEntry testId="a25baad1-83a4-5938-b392-ef4d205e1b2b" executionId="c4ea87a7-b4c7-41ce-8ce7-f90d697b6a15" testListId="8c84fa94-04c1-424b-9868-57a2d4851a1d" />
    <TestEntry testId="ee4c98ea-1316-4e6f-d1c1-307f1cd6466f" executionId="4722fcae-77d3-4251-b5a9-14517c07d236" testListId="8c84fa94-04c1-424b-9868-57a2d4851a1d" />
    <TestEntry testId="de6860d7-cb19-5deb-850a-96226b5d2ad2" executionId="ab4f1201-d876-471d-85f2-337affd52d49" testListId="8c84fa94-04c1-424b-9868-57a2d4851a1d" />
    <TestEntry testId="204ab6ad-1c62-d146-82d0-4c94bddc1356" executionId="b60039ca-185f-4182-8baa-bec175b89b16" testListId="8c84fa94-04c1-424b-9868-57a2d4851a1d" />
    <TestEntry testId="8b0bde2a-9562-e732-caf8-55268b440933" executionId="5ce0a437-9f90-47fb-b67a-fe056ccb4bce" testListId="8c84fa94-04c1-424b-9868-57a2d4851a1d" />
    <TestEntry testId="4f45e71b-b400-f8ef-2c1a-3b04b5c91cdb" executionId="74bbd69b-af0d-409d-a09a-2c7551a36312" testListId="8c84fa94-04c1-424b-9868-57a2d4851a1d" />
    <TestEntry testId="7b99d5ac-cdfb-a573-3507-5a05c5867aad" executionId="cb80472f-0615-4d25-af4a-162d2d4d7ca5" testListId="8c84fa94-04c1-424b-9868-57a2d4851a1d" />
    <TestEntry testId="34d1f1b6-e0ff-ba08-4bbc-50f79f2ee8d3" executionId="445e6d78-1154-4bbd-996e-9b7323ca982b" testListId="8c84fa94-04c1-424b-9868-57a2d4851a1d" />
    <TestEntry testId="ae2ce8bb-5b97-657d-020c-b0b98ac25233" executionId="1235fef0-45d7-4fb1-9766-ea02cf95bcbe" testListId="8c84fa94-04c1-424b-9868-57a2d4851a1d" />
    <TestEntry testId="9f736a9f-8be8-cad5-b926-3224654636e5" executionId="ac12824c-0ab7-4d50-bfd9-24a4048f852a" testListId="8c84fa94-04c1-424b-9868-57a2d4851a1d" />
    <TestEntry testId="da9667d3-f83c-af61-db2c-14b8b6c00c53" executionId="dec4eb60-f720-42bc-9d8e-95d7d5da20be" testListId="8c84fa94-04c1-424b-9868-57a2d4851a1d" />
    <TestEntry testId="b8ca211a-179d-c912-e82d-6d2b955a7219" executionId="d1214b48-330d-4463-87a5-d303b6b763b7" testListId="8c84fa94-04c1-424b-9868-57a2d4851a1d" />
    <TestEntry testId="92e0b657-27d6-1b4b-63f7-959736d99b58" executionId="40469be3-ac5b-4202-aa0a-f33af58b66b2" testListId="8c84fa94-04c1-424b-9868-57a2d4851a1d" />
    <TestEntry testId="ce25be30-cc15-b52b-6786-26cf08f65e66" executionId="c663bb04-ada6-410c-92f2-fb4ad78e25d4" testListId="8c84fa94-04c1-424b-9868-57a2d4851a1d" />
    <TestEntry testId="bae5a0b5-3681-c95a-c73a-9b4deb1965ec" executionId="40a12bf8-86d8-4fa6-ae3f-0187bba754d4" testListId="8c84fa94-04c1-424b-9868-57a2d4851a1d" />
    <TestEntry testId="87d8af08-e0dc-1db4-fedd-dc91c418d949" executionId="31184893-83ef-4ad4-bb48-57725869a4d7" testListId="8c84fa94-04c1-424b-9868-57a2d4851a1d" />
    <TestEntry testId="1712d6f9-5a06-da33-5453-5786c5523385" executionId="825e27ae-8ff1-419d-88b3-e8829320012e" testListId="8c84fa94-04c1-424b-9868-57a2d4851a1d" />
    <TestEntry testId="0367dd1b-8236-281c-cb4d-caec83a9e956" executionId="59ea3290-66ae-4a34-ad44-6eb2ae7551c7" testListId="8c84fa94-04c1-424b-9868-57a2d4851a1d" />
    <TestEntry testId="77e6af6c-c845-67df-abee-578cf3a08b9d" executionId="ef40cc91-d4e3-4d28-bc0e-1c922b09b184" testListId="8c84fa94-04c1-424b-9868-57a2d4851a1d" />
    <TestEntry testId="1a076ecd-0aba-d660-1bed-b7df190e642f" executionId="c27dd5e0-a4dc-4e48-adb9-4a68e12e1c89" testListId="8c84fa94-04c1-424b-9868-57a2d4851a1d" />
    <TestEntry testId="7ebfd990-d372-e0e3-7e4e-467d1a490ecd" executionId="f679e93e-4c91-406f-ade7-d7bc38c7b225" testListId="8c84fa94-04c1-424b-9868-57a2d4851a1d" />
    <TestEntry testId="a3cce689-bad8-9172-a673-6ba86cbd9462" executionId="70080822-333e-4fc4-b025-2908ec6459ac" testListId="8c84fa94-04c1-424b-9868-57a2d4851a1d" />
    <TestEntry testId="62252ea4-1dad-d2c3-bb75-85fa4017bb12" executionId="35cc5b99-57d1-4314-9c77-37cfe140bfa1" testListId="8c84fa94-04c1-424b-9868-57a2d4851a1d" />
    <TestEntry testId="27010565-f0d2-85b5-a492-8b81150ad023" executionId="0021b3ae-d0d2-4121-a4cc-560ad15cb7ac" testListId="8c84fa94-04c1-424b-9868-57a2d4851a1d" />
    <TestEntry testId="3f1b446a-86d5-7020-ad66-faa0c53b14c4" executionId="b6fb4fc8-d443-4ba8-9278-39656766dc2a" testListId="8c84fa94-04c1-424b-9868-57a2d4851a1d" />
    <TestEntry testId="1a0fd561-1c32-dbbf-ce4b-8c14542c0d05" executionId="9a26509b-d7df-4ea8-8863-0798a0420176" testListId="8c84fa94-04c1-424b-9868-57a2d4851a1d" />
    <TestEntry testId="ceb898ea-03b0-7c3b-8e4c-93c03f2d38c5" executionId="6432a623-a9a9-40b9-b440-958af057a071" testListId="8c84fa94-04c1-424b-9868-57a2d4851a1d" />
    <TestEntry testId="f12c7acc-ebd6-579d-9ff1-611e0af7784b" executionId="bceadb47-0443-4fbe-bc3e-972d4c69a750" testListId="8c84fa94-04c1-424b-9868-57a2d4851a1d" />
    <TestEntry testId="98d95bc7-9f31-90ac-bf39-e06e88240ac0" executionId="7dc82fee-9e85-4022-9629-cf4ffeb91eca" testListId="8c84fa94-04c1-424b-9868-57a2d4851a1d" />
    <TestEntry testId="052e45f7-7d15-ceb6-76e4-4254fe18f270" executionId="2736f32c-b264-4bed-924c-127599c2d183" testListId="8c84fa94-04c1-424b-9868-57a2d4851a1d" />
    <TestEntry testId="339a6746-e94c-9332-f41b-08325f43cb8e" executionId="f98acb6a-1ebf-48ce-8334-bb90b3bba521" testListId="8c84fa94-04c1-424b-9868-57a2d4851a1d" />
    <TestEntry testId="f9b48a1a-5cdd-8137-ecee-f08f566c6adb" executionId="d412a44c-2a89-44fe-b331-fca7220a948a" testListId="8c84fa94-04c1-424b-9868-57a2d4851a1d" />
    <TestEntry testId="c66f62fc-e973-623a-71f9-ea6c1a46c842" executionId="37d05b94-477f-4143-9c50-0e8f041ed827" testListId="8c84fa94-04c1-424b-9868-57a2d4851a1d" />
    <TestEntry testId="4d1fbdbb-1949-1eeb-ca5b-46382e8c88f9" executionId="dada63a5-1f8d-4db9-8acb-bdff6a3de6af" testListId="8c84fa94-04c1-424b-9868-57a2d4851a1d" />
    <TestEntry testId="2223c1fb-2ee6-7b00-3ad4-5b005dc2f24e" executionId="6578a7a8-bd9b-4567-8f64-ea1b2d133fbb" testListId="8c84fa94-04c1-424b-9868-57a2d4851a1d" />
    <TestEntry testId="3b3d7e29-5fd2-74eb-7f20-4feb6138915b" executionId="8aa9c83f-af95-4bc2-bdd4-58df23fb0bcf" testListId="8c84fa94-04c1-424b-9868-57a2d4851a1d" />
    <TestEntry testId="deb1928a-4c61-980c-2664-8533246b82f7" executionId="82e566c6-7200-41e7-a928-fc1a222f8f1c" testListId="8c84fa94-04c1-424b-9868-57a2d4851a1d" />
    <TestEntry testId="8d09eafd-7dd2-604e-9514-b1fca7474cba" executionId="ac57433f-13f8-42a3-a65f-fb71156199f2" testListId="8c84fa94-04c1-424b-9868-57a2d4851a1d" />
    <TestEntry testId="2ad8ab45-84e1-6bc2-65e0-de4def194ce9" executionId="0ff17db8-d539-489c-84cc-428228afd089" testListId="8c84fa94-04c1-424b-9868-57a2d4851a1d" />
    <TestEntry testId="dcf280c9-f17d-af33-8732-9a5db2bdd888" executionId="d3ab8300-26ad-4fec-862b-77ec222ea9e4" testListId="8c84fa94-04c1-424b-9868-57a2d4851a1d" />
    <TestEntry testId="61705fcf-234b-42ee-1694-2da324a3cbba" executionId="036f09e4-8481-4fe4-adc2-f6108e2f59e7" testListId="8c84fa94-04c1-424b-9868-57a2d4851a1d" />
    <TestEntry testId="40c47ccb-791d-a866-978f-7bbf0cf6ba74" executionId="32b8307f-6ae9-40ce-95c9-1b770ffa5633" testListId="8c84fa94-04c1-424b-9868-57a2d4851a1d" />
    <TestEntry testId="7f7e7a69-c16c-fc02-81cb-fcf74ab8202e" executionId="9a7e8970-2290-465b-bd8a-10d7667aa5d6" testListId="8c84fa94-04c1-424b-9868-57a2d4851a1d" />
    <TestEntry testId="432dc559-edc5-5811-db9a-5b51270ea493" executionId="17cea2a0-a1b5-4f8f-b24c-55ca89c9617d" testListId="8c84fa94-04c1-424b-9868-57a2d4851a1d" />
    <TestEntry testId="a89511b8-e5fb-b15e-869d-60f68d2db773" executionId="a918fef4-beef-489b-9508-3107fdfe8156" testListId="8c84fa94-04c1-424b-9868-57a2d4851a1d" />
    <TestEntry testId="1c5ceaa2-c0b8-d9f9-42c1-c378a587aa67" executionId="d3eab94f-3ac5-44d3-b365-ab102f149efb" testListId="8c84fa94-04c1-424b-9868-57a2d4851a1d" />
    <TestEntry testId="2c039f79-f571-b9ef-9013-29e6c087d669" executionId="62a0754d-6d8c-4877-9e69-491d49ae8986" testListId="8c84fa94-04c1-424b-9868-57a2d4851a1d" />
    <TestEntry testId="c4a71b57-0b2b-60c7-2f36-d7911ccb6c32" executionId="6bc8f066-afbb-45fc-8a9a-843fa0e29071" testListId="8c84fa94-04c1-424b-9868-57a2d4851a1d" />
    <TestEntry testId="fed953bc-a900-53fa-fdd9-7f9d7ab85719" executionId="4006e71c-401f-4914-ad50-511ac11d4a67" testListId="8c84fa94-04c1-424b-9868-57a2d4851a1d" />
    <TestEntry testId="6b617ee7-3993-9d1c-c0ec-3e683c05e1ad" executionId="a670f477-3853-4a04-9ab4-5ca95bc9c92a" testListId="8c84fa94-04c1-424b-9868-57a2d4851a1d" />
    <TestEntry testId="8a877893-f406-5cd0-691f-df381afb6b45" executionId="00366b44-f58e-43bd-bcb5-884a97820fe2" testListId="8c84fa94-04c1-424b-9868-57a2d4851a1d" />
    <TestEntry testId="89c6c2e9-61b3-be35-c227-f5a260f0c29c" executionId="995ab3d2-0284-413f-9e2f-f55188e10f94" testListId="8c84fa94-04c1-424b-9868-57a2d4851a1d" />
    <TestEntry testId="b06f7196-b8a2-8a82-1ee1-e203a4b0d7ee" executionId="5e9bd88f-b0d6-463b-b9b5-209e885e33d0" testListId="8c84fa94-04c1-424b-9868-57a2d4851a1d" />
    <TestEntry testId="3a34eb29-15b0-0274-6f2d-aec2cd5c307c" executionId="0930f34c-1970-4791-a589-cca3a6ed2980" testListId="8c84fa94-04c1-424b-9868-57a2d4851a1d" />
    <TestEntry testId="f2ec462a-1449-aee6-1e08-3ab3517d608e" executionId="cf345d93-e6ae-4862-a324-91f9ea027eee" testListId="8c84fa94-04c1-424b-9868-57a2d4851a1d" />
    <TestEntry testId="7a8521b6-2423-58ef-0510-adca744a0853" executionId="ef47a6d8-46cf-4aa7-9114-f38fb80e9117" testListId="8c84fa94-04c1-424b-9868-57a2d4851a1d" />
    <TestEntry testId="a0bb4955-9a26-2d34-6bc3-a74d0fe97c78" executionId="bc44c931-f212-4e92-84f5-ffa97165019d" testListId="8c84fa94-04c1-424b-9868-57a2d4851a1d" />
    <TestEntry testId="cab839a8-818d-19aa-84c6-a316138a211d" executionId="8b899ee7-c1ff-430b-bb0c-2310b58a5aba" testListId="8c84fa94-04c1-424b-9868-57a2d4851a1d" />
    <TestEntry testId="55174b0e-ec07-12ea-271a-2d4d9a37858a" executionId="6ac898c3-83c0-4ace-889e-5fc864660660" testListId="8c84fa94-04c1-424b-9868-57a2d4851a1d" />
    <TestEntry testId="57054b51-ad02-6406-d7f8-1027899d6924" executionId="de9b7eb3-2b72-40ec-be86-113dab2f3060" testListId="8c84fa94-04c1-424b-9868-57a2d4851a1d" />
    <TestEntry testId="47474bf1-ea1e-1551-c0c5-092497ab8758" executionId="3f264257-e09b-4aa4-a982-6393576548fe" testListId="8c84fa94-04c1-424b-9868-57a2d4851a1d" />
    <TestEntry testId="1bfbdf3e-5408-8878-9c14-2144e74ba6c6" executionId="6b87baa4-2c05-45f1-8c9d-43e6d9aa6760" testListId="8c84fa94-04c1-424b-9868-57a2d4851a1d" />
    <TestEntry testId="94fa04a9-13af-dcc7-606a-f3d414b9c1f1" executionId="61bfad23-b4f6-4128-b26c-ea904e7e4421" testListId="8c84fa94-04c1-424b-9868-57a2d4851a1d" />
    <TestEntry testId="45a0911f-08e1-9c5d-3fdd-977ddd5337f4" executionId="d495dc8b-d33a-4fee-a4b2-97a616174aba" testListId="8c84fa94-04c1-424b-9868-57a2d4851a1d" />
    <TestEntry testId="8607527e-4ca2-d8d3-44c7-2215b031683e" executionId="203f1605-1e4b-48f0-8eea-55e1dc22fd4a" testListId="8c84fa94-04c1-424b-9868-57a2d4851a1d" />
    <TestEntry testId="e166480e-5731-94f6-6b47-d1373309f64e" executionId="2677085a-7a21-4feb-9c2e-60689f27d409" testListId="8c84fa94-04c1-424b-9868-57a2d4851a1d" />
    <TestEntry testId="91e98aeb-82a1-9d71-4ed4-09c738aa273a" executionId="1871675c-06e4-4c21-8dad-96feeda77b84" testListId="8c84fa94-04c1-424b-9868-57a2d4851a1d" />
    <TestEntry testId="d58af301-82ef-a027-a8ab-727af7d97ebc" executionId="c28032da-e428-498f-b66a-ca233e39b173" testListId="8c84fa94-04c1-424b-9868-57a2d4851a1d" />
    <TestEntry testId="0bf37d7b-0dd0-240c-515d-e718232bcd3f" executionId="445d6f61-2400-4292-acc0-39c87249eee1" testListId="8c84fa94-04c1-424b-9868-57a2d4851a1d" />
    <TestEntry testId="9fec5369-ae0f-a6e5-479b-9df54d27203f" executionId="17a103a1-c91d-4686-91ba-9101c68566f9" testListId="8c84fa94-04c1-424b-9868-57a2d4851a1d" />
    <TestEntry testId="f54abcf1-cb55-07be-99e2-991e18d0a13f" executionId="3427013c-341c-4a3c-8948-22943cd081ad" testListId="8c84fa94-04c1-424b-9868-57a2d4851a1d" />
    <TestEntry testId="dc8c0dc9-5d63-f35a-9f80-d352eb406b0c" executionId="bdac89e7-8647-4ad3-b215-7067b704fc7d" testListId="8c84fa94-04c1-424b-9868-57a2d4851a1d" />
    <TestEntry testId="ea60e247-5865-1ea9-7924-682ae0b1fa1c" executionId="02d30865-77c1-452f-9731-d645023491a5" testListId="8c84fa94-04c1-424b-9868-57a2d4851a1d" />
    <TestEntry testId="655a95bc-4dbf-dc55-6687-fa361be1017c" executionId="1339a6b5-271e-4bf3-a263-db743b4f2546" testListId="8c84fa94-04c1-424b-9868-57a2d4851a1d" />
    <TestEntry testId="b7a3ac6b-5b8f-92ee-01b7-0ef8d0ed677e" executionId="f21dab6b-eef0-4d77-ad0c-26e453ae10ec" testListId="8c84fa94-04c1-424b-9868-57a2d4851a1d" />
    <TestEntry testId="70113291-a5d1-9686-4200-b569a4c215bd" executionId="f1b741c6-7ccf-4e54-bd20-5b625d5f64b6" testListId="8c84fa94-04c1-424b-9868-57a2d4851a1d" />
    <TestEntry testId="52abe040-8764-db0e-80c5-4b475c7172ac" executionId="0eb11888-c510-41be-bf78-3d5eb2c7ce8f" testListId="8c84fa94-04c1-424b-9868-57a2d4851a1d" />
    <TestEntry testId="f8a26b6f-6dd2-c1a6-d399-48fbadc78ec1" executionId="73ef8a49-c73d-4321-b50a-c1fa085ac35e" testListId="8c84fa94-04c1-424b-9868-57a2d4851a1d" />
    <TestEntry testId="c5ed5947-04ee-d3fc-1e06-82259b157d2e" executionId="7ddfb771-b476-4510-9d01-805556e8c0dc" testListId="8c84fa94-04c1-424b-9868-57a2d4851a1d" />
    <TestEntry testId="2790cf53-9f3f-19af-25f6-996563c09676" executionId="cbf83e7e-cfce-4d0f-b0af-0a9c0f9a1ed4" testListId="8c84fa94-04c1-424b-9868-57a2d4851a1d" />
    <TestEntry testId="0df8ae62-fec2-06bc-7a4d-a7a6f4809d98" executionId="f759fd52-a8cc-4c79-9811-8045a4d50cf7" testListId="8c84fa94-04c1-424b-9868-57a2d4851a1d" />
    <TestEntry testId="119d6cf9-0305-3543-470f-a123d7d8344a" executionId="73685ac1-182e-4e89-8d24-680d82be18d9" testListId="8c84fa94-04c1-424b-9868-57a2d4851a1d" />
    <TestEntry testId="8f3e1d95-0188-55ad-48f7-ddcb1a29bd56" executionId="455d350d-0e3f-4e13-9f20-8a246298b76f" testListId="8c84fa94-04c1-424b-9868-57a2d4851a1d" />
    <TestEntry testId="098d6970-908c-2969-3f8a-8d4a876e9847" executionId="8400818f-b15f-4744-949e-fc55d4251a49" testListId="8c84fa94-04c1-424b-9868-57a2d4851a1d" />
    <TestEntry testId="b4b54d50-f420-b14c-8c54-45a6ac876ed7" executionId="c7d8d08e-35a0-4406-9668-288a53d61a07" testListId="8c84fa94-04c1-424b-9868-57a2d4851a1d" />
    <TestEntry testId="c6687a1c-d4ba-97b9-a55b-5cc1fc42e3ce" executionId="937644fe-a53e-4bc0-85ba-5b3381d209fa" testListId="8c84fa94-04c1-424b-9868-57a2d4851a1d" />
    <TestEntry testId="3b72988a-fb19-5d23-96a0-6c1294212d4a" executionId="634f090d-5b74-4916-b26a-3f5dc55dd723" testListId="8c84fa94-04c1-424b-9868-57a2d4851a1d" />
    <TestEntry testId="6318937f-5130-561c-e368-d27364431f84" executionId="d195031e-1eb2-42ea-a903-9672b4548970" testListId="8c84fa94-04c1-424b-9868-57a2d4851a1d" />
    <TestEntry testId="000bf2e2-3ce7-916b-9de1-6094f0561d70" executionId="c18b0fa8-3e09-425f-a6cc-4ce86b38cc77" testListId="8c84fa94-04c1-424b-9868-57a2d4851a1d" />
    <TestEntry testId="a0bd8bba-e80f-7eb2-3759-f7bfef212e79" executionId="676cb43c-96dd-474d-8c73-1cf1b7f4f08b" testListId="8c84fa94-04c1-424b-9868-57a2d4851a1d" />
    <TestEntry testId="d832e685-41a7-0c87-d8b7-f4b2fdc4a80a" executionId="0f0d7c2b-df19-4d51-8b99-d1234476bf28" testListId="8c84fa94-04c1-424b-9868-57a2d4851a1d" />
    <TestEntry testId="c52c3622-d3ae-780d-7efc-ca648718f9fb" executionId="b0f84de9-74a3-4b89-8371-fc1e24c98938" testListId="8c84fa94-04c1-424b-9868-57a2d4851a1d" />
    <TestEntry testId="51540bde-ec2f-4235-964e-9b80534275d2" executionId="e2b043c1-cdd3-42f2-918e-b6e687d418da" testListId="8c84fa94-04c1-424b-9868-57a2d4851a1d" />
    <TestEntry testId="3c2e1ae6-1ce5-b5a2-15cb-d0c03c467144" executionId="bc5fcdfc-b3ca-4f1d-b9fe-b8695a07f451" testListId="8c84fa94-04c1-424b-9868-57a2d4851a1d" />
    <TestEntry testId="e651f7f8-968d-ed99-6f27-79a928f520fb" executionId="e8c49728-af16-4d5b-ad4b-d58154fceba1" testListId="8c84fa94-04c1-424b-9868-57a2d4851a1d" />
    <TestEntry testId="d13f418f-2c88-7164-cebf-c9f71429f035" executionId="9c8ead36-41e5-44c1-a6dd-370038b975ab" testListId="8c84fa94-04c1-424b-9868-57a2d4851a1d" />
    <TestEntry testId="0e34eec7-3e77-3544-bf19-94454ad6e518" executionId="0e3261a0-a9f6-4ee1-bf19-e708f604d7eb" testListId="8c84fa94-04c1-424b-9868-57a2d4851a1d" />
    <TestEntry testId="413700d3-4a7f-2d00-cc33-f53858dbd92d" executionId="267a0e52-8469-40d3-82d3-4171a054097c" testListId="8c84fa94-04c1-424b-9868-57a2d4851a1d" />
    <TestEntry testId="e802dde4-27ea-ae67-1426-90fa8368acef" executionId="d7f9c1d0-c937-4aed-8b4f-3f51a576964e" testListId="8c84fa94-04c1-424b-9868-57a2d4851a1d" />
    <TestEntry testId="2eb2dfd3-ad95-048f-55e9-7f5ba491094a" executionId="c8898228-c487-4708-85c5-d0215f3e10fc" testListId="8c84fa94-04c1-424b-9868-57a2d4851a1d" />
    <TestEntry testId="95e87fd4-5f8e-84c1-dae8-d6c2afc2324d" executionId="b516210c-e1ba-41d0-acb3-d9a508b5152a" testListId="8c84fa94-04c1-424b-9868-57a2d4851a1d" />
    <TestEntry testId="f668591a-9aca-2ed7-0a91-b3fa893af5f4" executionId="6ffdd9b0-61f2-4c10-a62d-23258156b40b" testListId="8c84fa94-04c1-424b-9868-57a2d4851a1d" />
    <TestEntry testId="8fea9774-5b1f-5119-8409-7cb8f8b45d9e" executionId="29a1b2ae-181b-4c31-8d35-426d2c69ecbe" testListId="8c84fa94-04c1-424b-9868-57a2d4851a1d" />
    <TestEntry testId="5c11e74e-0673-63ad-833e-f0a0d5a130fd" executionId="f62acec2-eb1c-4282-a202-cff4a01f7eec" testListId="8c84fa94-04c1-424b-9868-57a2d4851a1d" />
    <TestEntry testId="25f70909-d6d1-4c72-66e7-310156b940d4" executionId="4f77302e-c305-401b-a075-d3833ad87204" testListId="8c84fa94-04c1-424b-9868-57a2d4851a1d" />
    <TestEntry testId="0bf68ccb-7918-590a-c40c-bc47df71286e" executionId="77579e53-4efa-4d56-94ae-36d44575a233" testListId="8c84fa94-04c1-424b-9868-57a2d4851a1d" />
    <TestEntry testId="67a23135-ea8b-1eda-8018-d1b93c79a7e7" executionId="e2d8116a-778c-42b9-a95c-6893c7ef1dc4" testListId="8c84fa94-04c1-424b-9868-57a2d4851a1d" />
    <TestEntry testId="702fd5a3-2a6c-8625-28ae-16bbacd7d469" executionId="2312a2f1-d924-46a5-979f-7a6d230f4f25" testListId="8c84fa94-04c1-424b-9868-57a2d4851a1d" />
    <TestEntry testId="211fa4f5-a729-b182-5a37-8f1fad604aa2" executionId="a23b4823-f14f-417b-b205-57c4e8e41ee9" testListId="8c84fa94-04c1-424b-9868-57a2d4851a1d" />
    <TestEntry testId="283bb587-9e4e-fc9f-09d4-1dd6c1e67939" executionId="ff9b5640-1573-4318-a823-304c69535329" testListId="8c84fa94-04c1-424b-9868-57a2d4851a1d" />
    <TestEntry testId="75d5b23b-e13d-b2de-45e2-3be80e1c3f53" executionId="52b7e74b-6ffc-4423-b826-191ceeeeba7b" testListId="8c84fa94-04c1-424b-9868-57a2d4851a1d" />
    <TestEntry testId="5718d2db-d7da-6344-5fc4-03ccfabfc01f" executionId="12f06df8-5f7d-44dd-a6d1-8682dc81b793" testListId="8c84fa94-04c1-424b-9868-57a2d4851a1d" />
    <TestEntry testId="64875c76-7089-3971-2d78-04c4f439e4c5" executionId="7d9d9bd7-57d3-4c73-9cce-2dd0d6eceba6" testListId="8c84fa94-04c1-424b-9868-57a2d4851a1d" />
    <TestEntry testId="38734e1a-a8c1-b7fa-da85-f8f03f9a816e" executionId="772cb1c4-1bbe-46b0-9875-4674129f130a" testListId="8c84fa94-04c1-424b-9868-57a2d4851a1d" />
    <TestEntry testId="8ea4a52b-994b-95e3-3e1e-892e06f4bd1e" executionId="206ef1c2-ec3c-4008-830b-5a9b8df49593" testListId="8c84fa94-04c1-424b-9868-57a2d4851a1d" />
    <TestEntry testId="840b9eb3-d463-790d-baad-6c7f541943cc" executionId="76c8632f-887b-42b0-97aa-a13311130d44" testListId="8c84fa94-04c1-424b-9868-57a2d4851a1d" />
    <TestEntry testId="311e598a-bce5-5a75-00c1-3b959fb8c867" executionId="e7e20944-e7a6-4852-8a71-8aeae1f50e6f" testListId="8c84fa94-04c1-424b-9868-57a2d4851a1d" />
    <TestEntry testId="e25002bb-3218-219d-ae84-f5b3fab00bd7" executionId="dd0e099d-661e-4153-acfd-f16240bbeb4b" testListId="8c84fa94-04c1-424b-9868-57a2d4851a1d" />
    <TestEntry testId="2fdce87e-3591-9240-36ef-18083ae9f02d" executionId="d9ce6b2d-8501-48d0-a99e-a3fbb7d98752" testListId="8c84fa94-04c1-424b-9868-57a2d4851a1d" />
    <TestEntry testId="7c95e5c1-b95f-48eb-a99d-339af1f08546" executionId="8d14888d-3ecb-47fc-ad31-7a355f07498b" testListId="8c84fa94-04c1-424b-9868-57a2d4851a1d" />
    <TestEntry testId="53ff068a-d8da-fe22-52c8-ebac4ef0e629" executionId="d138e8f7-4bd4-4367-9037-f3060732bae6" testListId="8c84fa94-04c1-424b-9868-57a2d4851a1d" />
    <TestEntry testId="93a57e0d-8977-934f-b88c-2e4c729c09b6" executionId="d883e38d-7f65-4bb4-9213-e8faa174ca94" testListId="8c84fa94-04c1-424b-9868-57a2d4851a1d" />
    <TestEntry testId="3d07dfc5-2d29-9a4c-2759-581271a43de6" executionId="6ccf0bc6-3660-4f03-b8c6-62eb415b06c0" testListId="8c84fa94-04c1-424b-9868-57a2d4851a1d" />
    <TestEntry testId="3e3a7055-1312-b69f-b879-f005f9ddabde" executionId="93ecdc78-1389-4253-8cff-0f9027131d01" testListId="8c84fa94-04c1-424b-9868-57a2d4851a1d" />
    <TestEntry testId="5b98e89a-079d-d776-baea-800fa627dfea" executionId="5c1e4739-d332-4657-881f-894b623cb4b3" testListId="8c84fa94-04c1-424b-9868-57a2d4851a1d" />
    <TestEntry testId="5c8c720d-961a-eba3-7fe2-72d6e46aeb67" executionId="5eaaaec7-182a-4f9f-8c8e-60e07a0bf80d" testListId="8c84fa94-04c1-424b-9868-57a2d4851a1d" />
    <TestEntry testId="8eb45f43-5266-41e8-815c-bde5d9727e7b" executionId="0e3f62c9-34d7-4e2a-a37b-ff668ca9f309" testListId="8c84fa94-04c1-424b-9868-57a2d4851a1d" />
    <TestEntry testId="373c97cf-c8ec-abca-11a9-b8018e81220e" executionId="a0668e4b-132a-4f88-924d-e0b1838fe30b" testListId="8c84fa94-04c1-424b-9868-57a2d4851a1d" />
    <TestEntry testId="2b46ecf3-55cd-028a-a789-6bb22990564a" executionId="c7807fb4-d429-4aa3-89e6-0781799adf1c" testListId="8c84fa94-04c1-424b-9868-57a2d4851a1d" />
    <TestEntry testId="382a0fc8-d8e9-e64a-2c21-24a8d783dbd7" executionId="bec520cb-1187-493b-b834-7885913ebd0f" testListId="8c84fa94-04c1-424b-9868-57a2d4851a1d" />
    <TestEntry testId="8c9152cf-5359-ee17-2db4-346b600e6025" executionId="524e716a-d85b-4d39-b450-833efe66938d" testListId="8c84fa94-04c1-424b-9868-57a2d4851a1d" />
    <TestEntry testId="18250e5c-40b2-bcbd-8271-925b964203f5" executionId="d2d9470b-f93e-4bc9-a30c-e22e18e395f0" testListId="8c84fa94-04c1-424b-9868-57a2d4851a1d" />
    <TestEntry testId="624b3f24-26f2-3294-7d1f-c61f87ffb732" executionId="993f310f-73bc-4398-beae-0858ab94b1df" testListId="8c84fa94-04c1-424b-9868-57a2d4851a1d" />
    <TestEntry testId="2e4afea4-e2a2-4d65-58d4-0d101acd5b56" executionId="a7c17b66-6fe2-452f-b30c-dbdbc1b35ab1" testListId="8c84fa94-04c1-424b-9868-57a2d4851a1d" />
    <TestEntry testId="84d58016-e8b1-9a59-0c9d-110ab77c86d4" executionId="bc1297b6-8988-4055-96dc-2dda06c07540" testListId="8c84fa94-04c1-424b-9868-57a2d4851a1d" />
    <TestEntry testId="dcaabf38-294b-5b00-ce4a-f4432a09e911" executionId="965efbd7-0981-413f-8567-f5472919886c" testListId="8c84fa94-04c1-424b-9868-57a2d4851a1d" />
    <TestEntry testId="fc46b21d-6102-47f3-7575-704f5e0dc69f" executionId="72f5b9b8-a09b-4d78-8dd8-eac78cf6a822" testListId="8c84fa94-04c1-424b-9868-57a2d4851a1d" />
    <TestEntry testId="94e16fd2-98e0-1fa6-969b-91ef4e414bef" executionId="5306aafa-64de-4908-b8c9-483ab5539195" testListId="8c84fa94-04c1-424b-9868-57a2d4851a1d" />
    <TestEntry testId="8d07eacb-3b39-05cf-9ac9-86b5d707b8e8" executionId="9fc31834-b70d-436f-83c1-989509dcba1a" testListId="8c84fa94-04c1-424b-9868-57a2d4851a1d" />
    <TestEntry testId="769d273b-9c8d-de98-d709-ea426ef9dc2e" executionId="80c869f9-6e3c-48e5-93cf-d3b0a1d3eb8a" testListId="8c84fa94-04c1-424b-9868-57a2d4851a1d" />
    <TestEntry testId="189b0301-0a72-0972-90f2-de33dc3b5e6a" executionId="b1fd810b-e66f-4449-940d-fa175d9b9b44" testListId="8c84fa94-04c1-424b-9868-57a2d4851a1d" />
    <TestEntry testId="25074b96-01d0-22d6-377a-a220658b5ad0" executionId="af287b32-7355-4f31-96d1-077bdf13b2c1" testListId="8c84fa94-04c1-424b-9868-57a2d4851a1d" />
    <TestEntry testId="049bd7ce-4161-c6ae-e47e-5b1fb49c71a2" executionId="5bc31cde-f7a5-43d6-9304-de6ad04f0b45" testListId="8c84fa94-04c1-424b-9868-57a2d4851a1d" />
    <TestEntry testId="1dbf5a2d-806f-4bac-52b8-0d4f38446ccd" executionId="f4f676cd-0666-444e-91ba-be68e66cb128" testListId="8c84fa94-04c1-424b-9868-57a2d4851a1d" />
    <TestEntry testId="ed5329d8-a26b-03a1-465d-5fe918def9a8" executionId="b2046d48-8920-4d27-826c-b4d9c5839870" testListId="8c84fa94-04c1-424b-9868-57a2d4851a1d" />
    <TestEntry testId="25c6fe35-0786-9dc1-599e-f5a0d6f553c8" executionId="c2233a39-e4c6-4ac0-b75b-c4e0cb4ae489" testListId="8c84fa94-04c1-424b-9868-57a2d4851a1d" />
    <TestEntry testId="099613a7-d589-8a38-e491-c9365fbdf601" executionId="44eda19d-d4a1-45aa-a717-0f17e88708e9" testListId="8c84fa94-04c1-424b-9868-57a2d4851a1d" />
    <TestEntry testId="5afc6725-b9ab-a2b8-7c7a-d53e2e4cd624" executionId="03926afe-4ca8-44b8-af64-85523bad36a9" testListId="8c84fa94-04c1-424b-9868-57a2d4851a1d" />
    <TestEntry testId="bd264e88-eff9-ca0f-1a93-65b81f3e7443" executionId="1bb7a2a2-51ef-485a-9396-20db41c9906e" testListId="8c84fa94-04c1-424b-9868-57a2d4851a1d" />
    <TestEntry testId="2ceb6de3-29d3-7d38-936e-1d63ba1de5bd" executionId="1f849255-9c4a-408f-88a6-865c01e6def6" testListId="8c84fa94-04c1-424b-9868-57a2d4851a1d" />
    <TestEntry testId="5cb0ecb0-4daf-bcbd-7829-cffa60bd1863" executionId="4c6eb49d-3a61-4b95-a397-63d22da0b5d6" testListId="8c84fa94-04c1-424b-9868-57a2d4851a1d" />
    <TestEntry testId="4085997a-1c85-cf08-4926-cb350a1ab342" executionId="8ea8c8f3-b17b-4a5d-a59b-5dc691eadc24" testListId="8c84fa94-04c1-424b-9868-57a2d4851a1d" />
    <TestEntry testId="2034e586-b716-854d-fc51-da37e0442573" executionId="49e48b85-62b2-45ca-b837-80b89cf69d19" testListId="8c84fa94-04c1-424b-9868-57a2d4851a1d" />
    <TestEntry testId="465e43cc-4a36-ce40-73fc-6a98de1c330b" executionId="06224482-e1f2-4df9-b403-b7fb978d209a" testListId="8c84fa94-04c1-424b-9868-57a2d4851a1d" />
    <TestEntry testId="213ed476-dd4d-e4a2-a3e9-bdffbfa4c268" executionId="1a8b7ec0-1281-4e9d-be79-c4e9e84bb1ac" testListId="8c84fa94-04c1-424b-9868-57a2d4851a1d" />
    <TestEntry testId="5fab8e8d-1285-58f9-f4b9-2a5e4f98932a" executionId="2a5b133a-082f-4041-a71e-17a30fbcbf11" testListId="8c84fa94-04c1-424b-9868-57a2d4851a1d" />
    <TestEntry testId="73531245-aa5a-1441-4d60-ab06010171da" executionId="7bf9ccb7-17fd-433b-9763-92c2cd4e0094" testListId="8c84fa94-04c1-424b-9868-57a2d4851a1d" />
    <TestEntry testId="ef3758f3-4681-ebd1-286e-1d52c93acc90" executionId="11566f9c-1368-4096-800e-ce6f3f1062c8" testListId="8c84fa94-04c1-424b-9868-57a2d4851a1d" />
    <TestEntry testId="55955f87-ea55-72a2-fcdc-20f152ea7047" executionId="a7a28949-1103-495b-8514-06af3756ebfc" testListId="8c84fa94-04c1-424b-9868-57a2d4851a1d" />
    <TestEntry testId="9252333d-285c-a67e-b6ab-069994df1ca6" executionId="91699144-f9c3-464f-ab1e-37300e49803e" testListId="8c84fa94-04c1-424b-9868-57a2d4851a1d" />
    <TestEntry testId="4b0f07ee-c763-eeed-a6d3-13e18d5b51a4" executionId="237db63c-35f6-4adc-8551-e69843a22402" testListId="8c84fa94-04c1-424b-9868-57a2d4851a1d" />
    <TestEntry testId="ea49ed46-bcf1-2519-615a-d829d6c1c80f" executionId="315acdd0-fe5b-45ef-87a6-8aa0a1f70a64" testListId="8c84fa94-04c1-424b-9868-57a2d4851a1d" />
    <TestEntry testId="706b592a-8c93-aba8-b718-ec961f95f3e1" executionId="dfa1cfff-ffb2-4f63-9634-857c96488141" testListId="8c84fa94-04c1-424b-9868-57a2d4851a1d" />
    <TestEntry testId="9a683a28-93b3-f3ce-5cd1-900b55a1c123" executionId="4453be2c-8c06-4bc7-88e9-ccaccc952a3c" testListId="8c84fa94-04c1-424b-9868-57a2d4851a1d" />
    <TestEntry testId="85243e54-4f09-52c6-7d64-df92c09c42f5" executionId="d7f127cc-7cc3-4505-a9bf-c9db28c7b06a" testListId="8c84fa94-04c1-424b-9868-57a2d4851a1d" />
    <TestEntry testId="f4dacd84-8ad7-cfbb-dfc1-54a80944304c" executionId="18c5ddab-ba94-4c25-8204-b5f65ca18b74" testListId="8c84fa94-04c1-424b-9868-57a2d4851a1d" />
    <TestEntry testId="11eccfa8-64a1-6f47-f2d3-550dec706fa8" executionId="6e2140f2-f1d7-4d80-a21c-d805cb961f4d" testListId="8c84fa94-04c1-424b-9868-57a2d4851a1d" />
    <TestEntry testId="047427e2-472e-c82f-fc49-d899ada0bdaf" executionId="d69ef440-6f6b-47e8-9b73-96cee069f622" testListId="8c84fa94-04c1-424b-9868-57a2d4851a1d" />
    <TestEntry testId="f3b340eb-e4d6-5e90-b6c4-ca0ffbea0699" executionId="30002318-baa8-4e12-8b58-ddf94271ccae" testListId="8c84fa94-04c1-424b-9868-57a2d4851a1d" />
    <TestEntry testId="e3f52d99-4392-2972-57be-84c3df9c6751" executionId="941b6018-0ec6-49c5-91b3-70e78f57fc24" testListId="8c84fa94-04c1-424b-9868-57a2d4851a1d" />
    <TestEntry testId="7d1cd665-eb29-f811-5adf-d017adb641cb" executionId="cd5d05a6-56d4-410d-a970-d9d9c1403027" testListId="8c84fa94-04c1-424b-9868-57a2d4851a1d" />
    <TestEntry testId="89a00840-b205-c5fd-be4c-9810222d1785" executionId="e5181cca-0fa4-4039-b166-d65d6c5a3345" testListId="8c84fa94-04c1-424b-9868-57a2d4851a1d" />
    <TestEntry testId="6fdaf5bc-ed3b-b75a-4d54-652b4c0db45e" executionId="8725bde6-1cfe-4c7b-9636-ed027e872fb7" testListId="8c84fa94-04c1-424b-9868-57a2d4851a1d" />
    <TestEntry testId="7f1881cc-07a6-03ee-9cb7-82d59487d41c" executionId="8fb50177-8619-48e4-b761-1e4077eeaddb" testListId="8c84fa94-04c1-424b-9868-57a2d4851a1d" />
    <TestEntry testId="b54125a7-a1a4-4519-d7f7-1774939ed133" executionId="081582fc-66fb-4d09-9177-8b37a9b8c371" testListId="8c84fa94-04c1-424b-9868-57a2d4851a1d" />
    <TestEntry testId="4cda847f-3ffc-5bcc-e114-b6647adc6c57" executionId="d5dc54e3-9ce2-4ed1-8fb8-e3e9cb4acd0c" testListId="8c84fa94-04c1-424b-9868-57a2d4851a1d" />
    <TestEntry testId="f428bfed-6fa5-ee5d-4417-c0d44242f0eb" executionId="8098c365-0f2c-4a7a-b762-48726078d2b5" testListId="8c84fa94-04c1-424b-9868-57a2d4851a1d" />
    <TestEntry testId="ba05a939-cf2f-4caa-eb36-a731949d7df0" executionId="1199a494-2aa6-4698-98e4-2ba4606a4f7d" testListId="8c84fa94-04c1-424b-9868-57a2d4851a1d" />
    <TestEntry testId="182b131b-01bd-26c0-ac32-33593327a20d" executionId="ad588e46-5b8d-4d16-9664-42d5adb7af45" testListId="8c84fa94-04c1-424b-9868-57a2d4851a1d" />
    <TestEntry testId="30bd0459-ca42-e963-1bbe-177cf0ff997c" executionId="4e8bf0ad-9ece-47f8-b5fc-15ec2e53d2f0" testListId="8c84fa94-04c1-424b-9868-57a2d4851a1d" />
    <TestEntry testId="fc3c9104-0976-6d91-359d-7c15156aed19" executionId="73cb2dff-228d-4866-8b1e-c622e4e0ba12" testListId="8c84fa94-04c1-424b-9868-57a2d4851a1d" />
    <TestEntry testId="988de4be-1856-3fa9-c090-754a59dae241" executionId="938f7981-a563-491c-8293-9d84df9d931f" testListId="8c84fa94-04c1-424b-9868-57a2d4851a1d" />
    <TestEntry testId="48e2cf70-43f4-fbcf-89c0-6a01ef7758b8" executionId="314b0746-9f2e-4e38-8d0c-a5cb98b8d057" testListId="8c84fa94-04c1-424b-9868-57a2d4851a1d" />
    <TestEntry testId="3f7a6bcd-34c0-47fb-14a7-d67913af7f19" executionId="2a720a89-373d-4acd-9a6b-a6c0a90c3725" testListId="8c84fa94-04c1-424b-9868-57a2d4851a1d" />
    <TestEntry testId="30f1564c-ccd6-9f84-3be6-d50395ac54ba" executionId="31f7c4ab-646a-40b8-b9f1-3c745baa7818" testListId="8c84fa94-04c1-424b-9868-57a2d4851a1d" />
    <TestEntry testId="07b5581b-53cf-1839-16f2-8bd0a991a7e4" executionId="388af2c5-7168-4ccf-9bd2-14b1e967bc3a" testListId="8c84fa94-04c1-424b-9868-57a2d4851a1d" />
    <TestEntry testId="2612c461-76a3-1fa3-9047-d4fee89fe417" executionId="2e6c4c20-69a7-47d0-8351-1f1ee7b88bdd" testListId="8c84fa94-04c1-424b-9868-57a2d4851a1d" />
    <TestEntry testId="8e98df73-f0ed-7c3a-47d6-f79e5c6ed7b1" executionId="d609de4b-97fc-4aff-b7af-5b49a72f24b5" testListId="8c84fa94-04c1-424b-9868-57a2d4851a1d" />
    <TestEntry testId="dadfe4a5-aed3-a6c8-bcc5-b7e93abbb3d9" executionId="21b89e51-0690-4a1b-98d3-4c5890a077d7" testListId="8c84fa94-04c1-424b-9868-57a2d4851a1d" />
    <TestEntry testId="2d1590a6-6bfc-8b82-891d-4c412379b447" executionId="18cd2067-21b3-43ad-9efd-6562bffd73f1" testListId="8c84fa94-04c1-424b-9868-57a2d4851a1d" />
    <TestEntry testId="83e31eed-bd47-7aab-7a2a-ead308e56ad7" executionId="2a2077a8-4a38-4a5f-8add-8fdbabdc5c0b" testListId="8c84fa94-04c1-424b-9868-57a2d4851a1d" />
    <TestEntry testId="a8c26043-b713-38db-cdc0-ac1e24702214" executionId="ddaf6233-a40b-4ed8-9124-2e3c3dd8425c" testListId="8c84fa94-04c1-424b-9868-57a2d4851a1d" />
    <TestEntry testId="f36a13a4-4f45-ed82-e184-9d87241f29ab" executionId="9405b6cc-1890-40ca-8daa-6276ceea0219" testListId="8c84fa94-04c1-424b-9868-57a2d4851a1d" />
    <TestEntry testId="c8234979-5049-ad5a-b140-6404c203cf9e" executionId="1631aa44-b751-4668-99ab-7a8c92dac0d7" testListId="8c84fa94-04c1-424b-9868-57a2d4851a1d" />
    <TestEntry testId="25a2b29a-f967-82e9-9812-5296f8260025" executionId="85f25b63-79dd-4817-8098-8580cfc27cce" testListId="8c84fa94-04c1-424b-9868-57a2d4851a1d" />
    <TestEntry testId="3d1ba470-148b-06bd-5338-777e87833181" executionId="372b0a37-76cc-4602-aae5-5f5679f51abc" testListId="8c84fa94-04c1-424b-9868-57a2d4851a1d" />
    <TestEntry testId="b656f605-b739-46bb-798b-8b9c557c2ff0" executionId="8c7ee1b3-c35a-4418-9559-1632d3f06348" testListId="8c84fa94-04c1-424b-9868-57a2d4851a1d" />
    <TestEntry testId="d37c3fb3-fe11-4500-37a0-92112b241f50" executionId="85a236e0-b6af-41de-8470-8f0faf5df075" testListId="8c84fa94-04c1-424b-9868-57a2d4851a1d" />
    <TestEntry testId="2513b458-7df7-3d27-7c56-c85b0310284a" executionId="b068b31c-6623-4f54-8636-f27566fd2b80" testListId="8c84fa94-04c1-424b-9868-57a2d4851a1d" />
    <TestEntry testId="5247d3d6-2688-39fb-6f62-33761ffa2288" executionId="6ad486f5-0bcb-4768-a68b-dea572a35a46" testListId="8c84fa94-04c1-424b-9868-57a2d4851a1d" />
    <TestEntry testId="65b1df80-e80e-16ba-ddd6-9262b72b0f58" executionId="7383dc95-3730-4c3d-8d1a-123229449c76" testListId="8c84fa94-04c1-424b-9868-57a2d4851a1d" />
    <TestEntry testId="51dd55db-e3b1-de86-afb5-876c86d1811a" executionId="eadeaf44-4ed9-4a9d-9079-a461266d59ae" testListId="8c84fa94-04c1-424b-9868-57a2d4851a1d" />
    <TestEntry testId="2985a782-d185-1db7-3b07-aa57fe95492f" executionId="28d2d9e1-4c43-40fd-9535-fa0f75d20c64" testListId="8c84fa94-04c1-424b-9868-57a2d4851a1d" />
    <TestEntry testId="cbd42430-2698-e1b1-8f71-608d32b7a83b" executionId="b4297e59-d3c4-4d5d-bf4c-81decec0f892" testListId="8c84fa94-04c1-424b-9868-57a2d4851a1d" />
    <TestEntry testId="cb8dbd63-b0a7-f53b-fb7d-0392065f3c6e" executionId="531bb7f9-1802-40dd-b723-9db6d7e4b1ff" testListId="8c84fa94-04c1-424b-9868-57a2d4851a1d" />
    <TestEntry testId="5e35904e-8675-2673-a6ab-685bfd5f6095" executionId="a3d71c67-a115-43df-b295-7eb806676ff4" testListId="8c84fa94-04c1-424b-9868-57a2d4851a1d" />
    <TestEntry testId="858fddfa-194d-4cf4-65e1-30aa3cc66f3a" executionId="01add535-7e2d-4097-8121-4fa01f03f6a7" testListId="8c84fa94-04c1-424b-9868-57a2d4851a1d" />
    <TestEntry testId="7114bcbe-df32-08fd-0448-e5709930f6d9" executionId="d2ce4918-a35e-4e59-bd10-425b34df0131" testListId="8c84fa94-04c1-424b-9868-57a2d4851a1d" />
    <TestEntry testId="639f8592-6bcb-200f-e572-551dfee5d655" executionId="d52b142a-3dbf-4c31-ac33-aeeb86c1c17c" testListId="8c84fa94-04c1-424b-9868-57a2d4851a1d" />
    <TestEntry testId="4957d892-1bc8-9a13-5c47-1ebe20ccc0b9" executionId="e272644b-260d-4eb1-8781-53685b6be321" testListId="8c84fa94-04c1-424b-9868-57a2d4851a1d" />
    <TestEntry testId="8b3bef82-8351-c724-38d2-692e6dce0b3e" executionId="de7686a1-be65-43ec-8edd-347b76c9f2fa" testListId="8c84fa94-04c1-424b-9868-57a2d4851a1d" />
    <TestEntry testId="4a8597f8-6b55-9b6a-f9b8-af836c8130f9" executionId="19f1bd2c-fd4b-4214-9282-81e39a687508" testListId="8c84fa94-04c1-424b-9868-57a2d4851a1d" />
    <TestEntry testId="93dc92d0-64f8-a82f-c172-f869795c61cd" executionId="3f2f6dea-463b-45d0-a2fb-419f2a9f926b" testListId="8c84fa94-04c1-424b-9868-57a2d4851a1d" />
    <TestEntry testId="9bb36759-961d-0bd1-a54c-472b9e627d4b" executionId="08bdd729-01a5-421a-98cd-303e69efeeaa" testListId="8c84fa94-04c1-424b-9868-57a2d4851a1d" />
    <TestEntry testId="c4fef183-af74-4c8b-fe87-ab38f0ef8cfc" executionId="77e1d0f9-6dbf-4a0c-882d-afee34c6a564" testListId="8c84fa94-04c1-424b-9868-57a2d4851a1d" />
    <TestEntry testId="217f97ef-28fc-a8bd-debb-b3d24e4ade8f" executionId="3ae1dd02-35f3-4845-a576-3fe1f10bd5a5" testListId="8c84fa94-04c1-424b-9868-57a2d4851a1d" />
    <TestEntry testId="3686f32c-f922-3b00-1666-8a7b6adf7224" executionId="f7757cdc-6158-4bf4-84cd-671ea856aadd" testListId="8c84fa94-04c1-424b-9868-57a2d4851a1d" />
    <TestEntry testId="ce8613e3-4d6a-d7e8-84bb-3501fbb8996f" executionId="b0dc5fd7-3326-416d-b6a5-76777904ddcb" testListId="8c84fa94-04c1-424b-9868-57a2d4851a1d" />
    <TestEntry testId="6a240d7c-b9ae-52af-2d99-c714aea58714" executionId="dadc5c1a-a3d9-427e-91b8-0ac75577ac09" testListId="8c84fa94-04c1-424b-9868-57a2d4851a1d" />
    <TestEntry testId="2801b0f4-dbd1-e631-2f58-c3ec4b55f6a9" executionId="5a2f7fab-314b-4022-838e-dd1f487bf9a6" testListId="8c84fa94-04c1-424b-9868-57a2d4851a1d" />
    <TestEntry testId="fed41c36-3688-d879-a22b-c170eeefb9d0" executionId="f2af1255-18d8-4335-95e1-4cbe669ed028" testListId="8c84fa94-04c1-424b-9868-57a2d4851a1d" />
    <TestEntry testId="2763d578-2d8a-a0be-dd81-5660f44f4629" executionId="681557d7-da93-4e48-bdab-28357a104e05" testListId="8c84fa94-04c1-424b-9868-57a2d4851a1d" />
    <TestEntry testId="6adf821a-7132-e0af-e982-1cab1c1079d6" executionId="d7382a69-3d0a-407d-b82c-865a430645d8" testListId="8c84fa94-04c1-424b-9868-57a2d4851a1d" />
    <TestEntry testId="1dfaa884-d696-9fc1-f26c-8133596e2273" executionId="749106b8-4c93-4e89-aa5d-76ed3217e0ce" testListId="8c84fa94-04c1-424b-9868-57a2d4851a1d" />
    <TestEntry testId="ff0b9f6c-f76b-cd54-e958-cdfa47dfbfb8" executionId="56e546c8-db3a-43f5-8146-25841df462f5" testListId="8c84fa94-04c1-424b-9868-57a2d4851a1d" />
    <TestEntry testId="b3388f1a-c6a3-87c0-63fc-fdeaa0d21e19" executionId="8491199a-6c0f-48af-b432-38d0b8120571" testListId="8c84fa94-04c1-424b-9868-57a2d4851a1d" />
    <TestEntry testId="cab6a5c7-12d8-1dc4-e1ea-d109577fb585" executionId="2b936603-76b5-4534-ba89-c1765eda9a97" testListId="8c84fa94-04c1-424b-9868-57a2d4851a1d" />
    <TestEntry testId="d354e412-3d19-91ad-a4aa-e13b861fac80" executionId="67304d85-321a-40c8-89ec-61452e814c6c" testListId="8c84fa94-04c1-424b-9868-57a2d4851a1d" />
    <TestEntry testId="b8eddce5-07a2-2a5e-b263-d19650914b31" executionId="a6a073a5-4d3d-42b7-b012-1678cb2aa9a3" testListId="8c84fa94-04c1-424b-9868-57a2d4851a1d" />
    <TestEntry testId="10bcbd4c-85d1-d75d-ebba-1f8d0445e557" executionId="587c39bf-0623-46c3-b547-649a191a9b4d" testListId="8c84fa94-04c1-424b-9868-57a2d4851a1d" />
    <TestEntry testId="2d05e8ba-280a-c15a-4fbc-416d613c00ff" executionId="d355bff0-c2e9-4d1e-b03c-8da15707a17e" testListId="8c84fa94-04c1-424b-9868-57a2d4851a1d" />
    <TestEntry testId="99db8dda-21f0-3a2e-f3a6-5eeb9f28e4ac" executionId="e9db7c49-6b26-4134-afac-abf9e2b581fa" testListId="8c84fa94-04c1-424b-9868-57a2d4851a1d" />
    <TestEntry testId="20f3e01d-767e-aa5d-f7bf-6524fe7a875b" executionId="61d31569-504f-4bdd-8c43-4d7007ae6359" testListId="8c84fa94-04c1-424b-9868-57a2d4851a1d" />
    <TestEntry testId="6cf101ab-614a-cedf-2266-b8577ad78957" executionId="cc178897-d6e9-4d02-8691-8398b3d75a7d" testListId="8c84fa94-04c1-424b-9868-57a2d4851a1d" />
    <TestEntry testId="9290fd83-1941-065d-5d31-efd732ff79a5" executionId="6c5e6e72-872d-413e-b2dd-9d33712a58cf" testListId="8c84fa94-04c1-424b-9868-57a2d4851a1d" />
    <TestEntry testId="a863b19d-ec7c-428b-ac59-a0bfc48dd086" executionId="64459d27-0e19-4073-872f-cbc893772f68" testListId="8c84fa94-04c1-424b-9868-57a2d4851a1d" />
    <TestEntry testId="6e9357fe-1ecf-869f-0a05-3b050fe0e5d2" executionId="c62fbe5e-cdc7-4263-abc2-33d58015ea6a" testListId="8c84fa94-04c1-424b-9868-57a2d4851a1d" />
    <TestEntry testId="d0470b17-1916-c143-8f2b-1b7937a5bdbc" executionId="6e3911b2-72a9-4d17-ac6a-ad1067630f59" testListId="8c84fa94-04c1-424b-9868-57a2d4851a1d" />
    <TestEntry testId="8ae367a5-75e4-bcdd-a0dd-8d4a1dd84289" executionId="3011bca4-1f12-4fe5-838f-b303759915e9" testListId="8c84fa94-04c1-424b-9868-57a2d4851a1d" />
    <TestEntry testId="2bb471a3-be7d-affa-7731-863e535d642d" executionId="0f117fee-ffe5-40be-ae87-76166feb7034" testListId="8c84fa94-04c1-424b-9868-57a2d4851a1d" />
    <TestEntry testId="801844c7-090f-1580-9031-55e0401cd108" executionId="4c8ed34d-f6da-48b3-84dd-bf423aceb7d9" testListId="8c84fa94-04c1-424b-9868-57a2d4851a1d" />
    <TestEntry testId="c413c016-38ff-27f9-3c3a-35338a8861fc" executionId="974b2462-5796-426e-81ec-73f8b12f6336" testListId="8c84fa94-04c1-424b-9868-57a2d4851a1d" />
    <TestEntry testId="e26f157d-6dbd-479a-1849-20bb74f20dae" executionId="f418fb0d-8a1a-4939-8d01-0c2485d461e5" testListId="8c84fa94-04c1-424b-9868-57a2d4851a1d" />
    <TestEntry testId="fbd4c41d-891a-4a4c-e578-3d91d56efc09" executionId="f290c1da-7fa0-4940-af28-4604be53e82a" testListId="8c84fa94-04c1-424b-9868-57a2d4851a1d" />
    <TestEntry testId="aa31aca2-43b5-13b3-712f-14c22aff46a4" executionId="ef3f6fd2-b1be-4440-a581-971ce8d49e6e" testListId="8c84fa94-04c1-424b-9868-57a2d4851a1d" />
    <TestEntry testId="bf832f92-5158-7ed5-c952-d92918e6112d" executionId="b9590031-5ab8-4ef0-adaa-2aa98766e872" testListId="8c84fa94-04c1-424b-9868-57a2d4851a1d" />
    <TestEntry testId="05d0e0e9-83c9-5555-ffe2-b10150623733" executionId="4ec51eaa-6be8-47fd-8097-2ef57dd7b2c4" testListId="8c84fa94-04c1-424b-9868-57a2d4851a1d" />
    <TestEntry testId="495f375e-b477-775c-f808-e0fb59f673d3" executionId="1dfa8942-df44-4c97-86f2-bfaf45f22af0" testListId="8c84fa94-04c1-424b-9868-57a2d4851a1d" />
    <TestEntry testId="6da618bd-ae9b-da10-b313-59d862be13c0" executionId="6e4a8828-37fe-49f6-a1b6-f0d31821f40b" testListId="8c84fa94-04c1-424b-9868-57a2d4851a1d" />
    <TestEntry testId="503ea908-b078-9a20-595f-5322571fb4ee" executionId="b5392cc6-0104-4ef7-ba1b-eb1c773908db" testListId="8c84fa94-04c1-424b-9868-57a2d4851a1d" />
    <TestEntry testId="782193b6-32a9-e9f4-41de-0ba82631be20" executionId="40385953-4aa8-4c47-99b5-994614aac49e" testListId="8c84fa94-04c1-424b-9868-57a2d4851a1d" />
    <TestEntry testId="06ef38db-7141-3234-b930-6d548c8f333f" executionId="a5ea4e4e-963b-4593-84d2-aab6db230d74" testListId="8c84fa94-04c1-424b-9868-57a2d4851a1d" />
    <TestEntry testId="bb81922a-a332-6d72-d8ea-48b9cdc68130" executionId="5474c72a-463b-46dc-a678-fd0efe561e8d" testListId="8c84fa94-04c1-424b-9868-57a2d4851a1d" />
    <TestEntry testId="74fdce22-0a5a-36c8-df6b-8eed126f19f9" executionId="7b12f599-3844-47c8-871f-4d71002b981d" testListId="8c84fa94-04c1-424b-9868-57a2d4851a1d" />
    <TestEntry testId="c1703e04-874a-79dd-047d-87b5362aaab0" executionId="e8f677c6-09fe-45b2-a925-b8689f6a5c09" testListId="8c84fa94-04c1-424b-9868-57a2d4851a1d" />
    <TestEntry testId="fa5a837c-2e32-d860-09e9-91445b37e405" executionId="ccdd7fea-3842-41c8-b3a8-03c88415380a" testListId="8c84fa94-04c1-424b-9868-57a2d4851a1d" />
    <TestEntry testId="d0b094ef-88b6-ea35-3db8-43dd3b68c018" executionId="7ca94a2f-127d-4719-bc2e-10ae677c3937" testListId="8c84fa94-04c1-424b-9868-57a2d4851a1d" />
    <TestEntry testId="77d5eba4-dfc2-eff2-ae11-a39949b750a9" executionId="073d03dd-8fd0-4e90-8344-a880144a95bb" testListId="8c84fa94-04c1-424b-9868-57a2d4851a1d" />
    <TestEntry testId="8290e299-dbc2-6f93-efe9-f885fd86b3a5" executionId="b4d148e4-9f9b-49e7-87bc-554bb2171baf" testListId="8c84fa94-04c1-424b-9868-57a2d4851a1d" />
    <TestEntry testId="9fe3a160-ca69-53e2-e8b5-24caa4e7dcaa" executionId="bb16283d-c68c-4bbc-9356-41045c773720" testListId="8c84fa94-04c1-424b-9868-57a2d4851a1d" />
    <TestEntry testId="d7465ec4-b185-0c66-a138-3bcc85a1abee" executionId="628edaeb-0bee-4397-844a-6d07f6c7dacf" testListId="8c84fa94-04c1-424b-9868-57a2d4851a1d" />
    <TestEntry testId="304675bc-04ca-d98c-dfac-4193276e66bf" executionId="0d0e135d-89e7-457c-bf9d-320317416170" testListId="8c84fa94-04c1-424b-9868-57a2d4851a1d" />
    <TestEntry testId="f6a3bece-0399-0d35-42d6-d3b9a45e29d0" executionId="a9778e1f-12d5-4ac7-8899-24e4cc32ec8d" testListId="8c84fa94-04c1-424b-9868-57a2d4851a1d" />
    <TestEntry testId="e6655580-4048-9075-d704-14aca306ce0c" executionId="d3feae4b-81ff-49f7-bcbd-578e50badd0c" testListId="8c84fa94-04c1-424b-9868-57a2d4851a1d" />
    <TestEntry testId="da688f70-d1df-0ff5-483e-a9b1270b0f43" executionId="71ee4696-ff5a-423d-a708-d70d62e1f919" testListId="8c84fa94-04c1-424b-9868-57a2d4851a1d" />
    <TestEntry testId="1d0c2120-efee-1e77-9e97-2cd0dad0f308" executionId="5d90b45b-c51f-4cb1-b5d8-1962ea0680ed" testListId="8c84fa94-04c1-424b-9868-57a2d4851a1d" />
    <TestEntry testId="43b70506-1fb4-dbb7-97b1-88db748adcb3" executionId="e2ceecde-de49-4d5c-a9e0-ae1032285931" testListId="8c84fa94-04c1-424b-9868-57a2d4851a1d" />
    <TestEntry testId="8c8d6483-5298-cf22-155e-729888dda1e3" executionId="a27f3559-0f3e-4007-8a98-200a7a98d461" testListId="8c84fa94-04c1-424b-9868-57a2d4851a1d" />
    <TestEntry testId="7bdb62d5-2dc5-8d96-b654-b102e8597091" executionId="110b9383-b6f8-4bb5-86d4-2b5ee59e7ded" testListId="8c84fa94-04c1-424b-9868-57a2d4851a1d" />
    <TestEntry testId="60792288-8a93-3498-41d4-64ad785c2500" executionId="789cdcf0-d089-4a2a-a293-4f3f4422cbd0" testListId="8c84fa94-04c1-424b-9868-57a2d4851a1d" />
    <TestEntry testId="6be63fcd-06c9-456c-9340-25ed42dace92" executionId="4cfce250-6091-437c-809f-289e3b727ef5" testListId="8c84fa94-04c1-424b-9868-57a2d4851a1d" />
    <TestEntry testId="1aebfe33-92c0-9980-c984-4757d1fb9381" executionId="fe08f2b7-20af-401c-9644-b72d3541270d" testListId="8c84fa94-04c1-424b-9868-57a2d4851a1d" />
    <TestEntry testId="308b8c4e-eddd-a546-1d6e-2cfd7ad29366" executionId="28018945-dc5e-4407-b74b-3c715d90d45e" testListId="8c84fa94-04c1-424b-9868-57a2d4851a1d" />
    <TestEntry testId="aff03eda-2b06-c04b-5907-e93f4cff01df" executionId="50bce768-d1e7-44bf-aabe-37d1ed484ffd" testListId="8c84fa94-04c1-424b-9868-57a2d4851a1d" />
    <TestEntry testId="9d27ecf5-c57e-0323-43fc-38e7e232e671" executionId="ffbceb8e-dd3e-4da8-8d62-d0ed1bdbdfe2" testListId="8c84fa94-04c1-424b-9868-57a2d4851a1d" />
    <TestEntry testId="43485def-3228-e014-771b-3cd157651b28" executionId="bfc9509f-b8d8-46ec-a7d9-d27f99373b6e" testListId="8c84fa94-04c1-424b-9868-57a2d4851a1d" />
    <TestEntry testId="20491a91-13fe-7363-3768-9d2e3ed125af" executionId="8248d024-22f8-4adf-91de-1b34dd2ec3ba" testListId="8c84fa94-04c1-424b-9868-57a2d4851a1d" />
    <TestEntry testId="b0c27aa7-8920-a85b-9d87-a820f4df78bc" executionId="4df8da7a-40e5-4e06-a24c-29d1828e6058" testListId="8c84fa94-04c1-424b-9868-57a2d4851a1d" />
    <TestEntry testId="6c39a8dd-16fc-c984-0cb9-5719561ea53d" executionId="71cbde72-e9d6-40d9-b09f-18ec5586dd6b" testListId="8c84fa94-04c1-424b-9868-57a2d4851a1d" />
    <TestEntry testId="71ff2b74-decc-e7e1-3ba3-12be57619214" executionId="6c9d6d8e-880c-45d6-8f04-979841da3e0f" testListId="8c84fa94-04c1-424b-9868-57a2d4851a1d" />
    <TestEntry testId="475edd74-e876-939f-fe71-7aa049827404" executionId="9a1b8be0-8703-43e1-9420-cb1e7bb4d813" testListId="8c84fa94-04c1-424b-9868-57a2d4851a1d" />
    <TestEntry testId="82fc16ad-0d29-4345-bf1e-4b8de5f5812c" executionId="4de06ebe-3903-4451-a295-4b11c2a1fff4" testListId="8c84fa94-04c1-424b-9868-57a2d4851a1d" />
    <TestEntry testId="c1500715-e7e2-843a-f1a0-6fb44d7c3c7b" executionId="71230866-4c25-4f10-91b5-f7e29659a97f" testListId="8c84fa94-04c1-424b-9868-57a2d4851a1d" />
    <TestEntry testId="955c510c-2536-1314-4df1-898fa82ba9cc" executionId="3d5f872d-5f9a-4b6e-a79b-3b08fbdc7000" testListId="8c84fa94-04c1-424b-9868-57a2d4851a1d" />
    <TestEntry testId="231b8be0-0ec5-2c1e-533f-603dc595c18c" executionId="060db293-9648-4de4-8c0a-9f9319d3007a" testListId="8c84fa94-04c1-424b-9868-57a2d4851a1d" />
    <TestEntry testId="c5330456-8a68-1240-1f37-e69910bf888f" executionId="668a1e14-e8a0-43f4-b036-24eabe2af510" testListId="8c84fa94-04c1-424b-9868-57a2d4851a1d" />
    <TestEntry testId="8713e587-bbe0-e23f-0710-c008a9ac8501" executionId="dc3e32fd-cf1c-4166-876a-3f529386887e" testListId="8c84fa94-04c1-424b-9868-57a2d4851a1d" />
    <TestEntry testId="d43d0f80-b9ca-3d1e-1f6b-0f1ff14d829f" executionId="14a8552f-b751-4cd8-b7c5-684d659cdd81" testListId="8c84fa94-04c1-424b-9868-57a2d4851a1d" />
    <TestEntry testId="a3877b62-0d2e-5b36-be33-f5862a5a2d1d" executionId="f05201d0-6674-427e-be2a-f8c1c13563ca" testListId="8c84fa94-04c1-424b-9868-57a2d4851a1d" />
    <TestEntry testId="59790d26-3e18-7e2c-4804-cfa4db491a09" executionId="0ed95fc1-a16b-47dc-b34f-d1a764f5cc10" testListId="8c84fa94-04c1-424b-9868-57a2d4851a1d" />
    <TestEntry testId="b0cd70ec-f67d-c647-5759-0e31029d823f" executionId="5fd55db0-f6c1-472c-bcd8-003517728d0b" testListId="8c84fa94-04c1-424b-9868-57a2d4851a1d" />
    <TestEntry testId="94ba5730-2f54-9fbe-76ce-7cb59b75fe01" executionId="3cbcf3f1-10a7-4860-894c-d66f704d1d1c" testListId="8c84fa94-04c1-424b-9868-57a2d4851a1d" />
    <TestEntry testId="664ad497-7eef-9b7d-185a-72606bbfb78e" executionId="239eed32-4484-489e-9370-5f4a6c8485e8" testListId="8c84fa94-04c1-424b-9868-57a2d4851a1d" />
    <TestEntry testId="1842b752-336c-603e-c7ae-e9d101800559" executionId="877f221f-5414-45ca-8a9a-6a9d68f6035d" testListId="8c84fa94-04c1-424b-9868-57a2d4851a1d" />
    <TestEntry testId="245239e4-11c2-3cc7-beae-1b7922390af6" executionId="0f3377e5-30e7-4c08-b60e-68dc1d092bb5" testListId="8c84fa94-04c1-424b-9868-57a2d4851a1d" />
    <TestEntry testId="c0ba4c81-bf5b-7b67-3568-847d0c43b0ef" executionId="d1584c58-436d-4f80-9c50-5763d030e8c5" testListId="8c84fa94-04c1-424b-9868-57a2d4851a1d" />
    <TestEntry testId="e03a7baf-6807-7e82-9a20-62f869a91e6b" executionId="8b286610-df2b-46ab-892b-2305468f1dd9" testListId="8c84fa94-04c1-424b-9868-57a2d4851a1d" />
    <TestEntry testId="9573cd16-7697-e47d-63cd-c8eeca3afd43" executionId="9df6776d-e68a-477e-b307-72cc9f17948e" testListId="8c84fa94-04c1-424b-9868-57a2d4851a1d" />
    <TestEntry testId="34f9d756-8106-58ec-f74a-2fcf803d8904" executionId="00fbfb40-a0ea-4cb0-8ea5-7f52a134acc3" testListId="8c84fa94-04c1-424b-9868-57a2d4851a1d" />
    <TestEntry testId="12cb596a-de71-6273-7328-856263c9d0ec" executionId="6e2830b1-faec-4606-ace2-c50d0c2e516e" testListId="8c84fa94-04c1-424b-9868-57a2d4851a1d" />
    <TestEntry testId="7b39ea25-48b8-3817-d717-229cd2c4f5de" executionId="7cafc24d-c006-4797-ac88-18469679f4d6" testListId="8c84fa94-04c1-424b-9868-57a2d4851a1d" />
    <TestEntry testId="630eabf6-a4af-dc48-d2bc-145831f0b1eb" executionId="c24a0a70-3186-4ec7-94e0-9938c6450633" testListId="8c84fa94-04c1-424b-9868-57a2d4851a1d" />
    <TestEntry testId="089d06a4-53c9-340e-fe51-fe2d5c19a6f7" executionId="73aa73c4-fa56-498d-8a22-f3a4b3245e10" testListId="8c84fa94-04c1-424b-9868-57a2d4851a1d" />
    <TestEntry testId="048431b9-32bb-fe58-7454-d746e0796160" executionId="1b8079d7-5815-4b02-8aa9-73986cd228a1" testListId="8c84fa94-04c1-424b-9868-57a2d4851a1d" />
    <TestEntry testId="29358cf3-4ce0-0f9b-5a2a-d4edc0ebc4ec" executionId="34972409-619a-4f40-9ae0-97944903a20f" testListId="8c84fa94-04c1-424b-9868-57a2d4851a1d" />
    <TestEntry testId="ef97f13e-9d33-455c-b27e-b29b90037919" executionId="7f15607f-d4ca-4e4b-b42b-3d7ebc30b55f" testListId="8c84fa94-04c1-424b-9868-57a2d4851a1d" />
    <TestEntry testId="a34dd9e2-d142-1c2b-1abe-e58541331544" executionId="34680264-5173-40b2-95f7-730f950d7736" testListId="8c84fa94-04c1-424b-9868-57a2d4851a1d" />
    <TestEntry testId="8844a490-92f3-1cf7-37dc-b1da05240aa9" executionId="cfd207fb-da60-4661-a2ed-b332a4524f23" testListId="8c84fa94-04c1-424b-9868-57a2d4851a1d" />
    <TestEntry testId="415b6925-e95e-f147-2826-227a5068ffe2" executionId="a238968c-0a32-4108-9190-ff17f661c14e" testListId="8c84fa94-04c1-424b-9868-57a2d4851a1d" />
    <TestEntry testId="e54553d5-72f9-db82-ab63-9d2a942097e9" executionId="92c771f1-2c8e-4e3a-b9a0-279dc69aaf7d" testListId="8c84fa94-04c1-424b-9868-57a2d4851a1d" />
    <TestEntry testId="5eea1623-815d-258b-ac4e-322a0817728a" executionId="ec729b27-4896-4b32-8f85-f9df67a1362a" testListId="8c84fa94-04c1-424b-9868-57a2d4851a1d" />
    <TestEntry testId="0c0bd754-d722-9716-c86e-3236c071adfd" executionId="a53509f7-2e5b-446a-bbbb-d9952559475e" testListId="8c84fa94-04c1-424b-9868-57a2d4851a1d" />
    <TestEntry testId="c131f5d2-14f8-e7d1-5ac3-3c7b7d77d033" executionId="d242af30-b08d-4ec9-881f-02cd763a2d71" testListId="8c84fa94-04c1-424b-9868-57a2d4851a1d" />
    <TestEntry testId="94a6262e-7f1c-0afe-b830-496a6eb59449" executionId="747c02e1-1137-4c64-93fa-7f455ac004a3" testListId="8c84fa94-04c1-424b-9868-57a2d4851a1d" />
    <TestEntry testId="d63d42a6-4441-8200-5e12-57969f3d44ca" executionId="78cd96cb-232c-41f0-9b96-3974c9ea1b88" testListId="8c84fa94-04c1-424b-9868-57a2d4851a1d" />
    <TestEntry testId="86f5ee5f-b53e-98e7-32da-4a890d8414c8" executionId="c86c0693-a8dd-4b38-b371-119e2b0f02b1" testListId="8c84fa94-04c1-424b-9868-57a2d4851a1d" />
    <TestEntry testId="6b9b9eba-d2f8-644b-8cde-d10d89369811" executionId="3ea6147b-cfd7-4e8c-9061-72bf59318085" testListId="8c84fa94-04c1-424b-9868-57a2d4851a1d" />
    <TestEntry testId="6fc9280a-c7e7-e419-d3b3-314a674cf83d" executionId="e94401a9-2a4e-446e-b4c9-8ba3a8047eb5" testListId="8c84fa94-04c1-424b-9868-57a2d4851a1d" />
    <TestEntry testId="b83e1153-58c1-2e39-6518-3ad7755325ec" executionId="0e542534-d819-4891-9588-e3dd95831d92" testListId="8c84fa94-04c1-424b-9868-57a2d4851a1d" />
    <TestEntry testId="58ab0a9a-5c8b-1eb2-d62b-bbe6074b17bb" executionId="0d3e2f06-d340-47d1-bdc2-9c7e6f580665" testListId="8c84fa94-04c1-424b-9868-57a2d4851a1d" />
    <TestEntry testId="5d912b53-0ee0-e44a-1094-8c507fc953d6" executionId="793329aa-ffaa-47ad-9264-ef15a4dceb77" testListId="8c84fa94-04c1-424b-9868-57a2d4851a1d" />
    <TestEntry testId="22460f1b-0cc2-0148-0ea3-a4e1b275f47e" executionId="c55ecf4e-f053-49df-85e0-b942cd88c648" testListId="8c84fa94-04c1-424b-9868-57a2d4851a1d" />
    <TestEntry testId="301b79b5-5167-072c-3357-3d8ae063da2e" executionId="b9cee7dc-0e27-4e15-a800-90bf5a001e45" testListId="8c84fa94-04c1-424b-9868-57a2d4851a1d" />
    <TestEntry testId="de715f15-1ebb-647b-e069-e8ca398126fd" executionId="1fd6f065-4392-4db7-b9e1-fb1d268c7333" testListId="8c84fa94-04c1-424b-9868-57a2d4851a1d" />
    <TestEntry testId="91f59c7a-b81c-4486-00a5-68955942a83b" executionId="07e59c3a-d989-43df-981d-0a74405ab345" testListId="8c84fa94-04c1-424b-9868-57a2d4851a1d" />
    <TestEntry testId="1c68ea59-c593-004c-905a-976fb1871733" executionId="7d54478a-7b45-476a-9831-15606c43716f" testListId="8c84fa94-04c1-424b-9868-57a2d4851a1d" />
    <TestEntry testId="9578a203-b778-2a3c-6a9a-b5513ccc6661" executionId="95acda85-815e-4885-b7a3-df0bf8ea8d8a" testListId="8c84fa94-04c1-424b-9868-57a2d4851a1d" />
    <TestEntry testId="2117225d-c18c-291f-fc58-cb9646a0368f" executionId="175b6924-ad45-439b-857a-dd545fa9e4f4" testListId="8c84fa94-04c1-424b-9868-57a2d4851a1d" />
    <TestEntry testId="65738865-994c-4a38-83db-4ecb13440046" executionId="ba0cfe8e-d8d3-4d27-b880-ae1eb73d6c62" testListId="8c84fa94-04c1-424b-9868-57a2d4851a1d" />
    <TestEntry testId="fe800c33-82d2-cbdd-80de-fd9cb612c89d" executionId="1e87f062-bf21-4c78-83d9-00c012b2344c" testListId="8c84fa94-04c1-424b-9868-57a2d4851a1d" />
    <TestEntry testId="92861eb7-41d1-e6cc-af90-b1351217befa" executionId="ba7a2d16-70ca-4eca-b190-ddba84f4b79b" testListId="8c84fa94-04c1-424b-9868-57a2d4851a1d" />
    <TestEntry testId="0e05d1c9-7e6a-58ff-0eb7-9852675d3d12" executionId="0cd138ec-bde6-4756-ae33-ac70b3ad6c4f" testListId="8c84fa94-04c1-424b-9868-57a2d4851a1d" />
    <TestEntry testId="cb3b32b1-6421-67d4-09e6-b884d03b1de3" executionId="c56faca8-71ec-4da3-813f-31b589c34c0f" testListId="8c84fa94-04c1-424b-9868-57a2d4851a1d" />
    <TestEntry testId="27d184cb-8826-cc2c-c2ac-534650196c26" executionId="fc200903-ced1-45ab-ad6b-1046affe554a" testListId="8c84fa94-04c1-424b-9868-57a2d4851a1d" />
    <TestEntry testId="9f412a3b-b1c2-bd7b-545c-743e796b4229" executionId="594ab618-d9ee-4623-8593-692eba314835" testListId="8c84fa94-04c1-424b-9868-57a2d4851a1d" />
    <TestEntry testId="97f58440-655e-b6eb-550e-812160b614fd" executionId="680d49e9-f8c6-4d90-9f81-fd486602eb48" testListId="8c84fa94-04c1-424b-9868-57a2d4851a1d" />
    <TestEntry testId="9049d16c-4dcb-bf1f-1c20-37799e6d211c" executionId="b94e2b74-b045-4ff7-9a3c-ca81beb11add" testListId="8c84fa94-04c1-424b-9868-57a2d4851a1d" />
    <TestEntry testId="ea265e5b-80cd-1259-4b0b-5f91351a58e4" executionId="f22a5293-d776-49dd-ac6f-791ab4cbe408" testListId="8c84fa94-04c1-424b-9868-57a2d4851a1d" />
    <TestEntry testId="29edf6c3-af58-3d37-1054-fbbc082ad78a" executionId="e1a56a86-1b7f-4251-abd3-1a8995a7bb4c" testListId="8c84fa94-04c1-424b-9868-57a2d4851a1d" />
    <TestEntry testId="32612f5a-8d94-01bf-ab51-c728e670121e" executionId="7b3f8994-50af-4c5a-ba8b-a6597fdf6e80" testListId="8c84fa94-04c1-424b-9868-57a2d4851a1d" />
    <TestEntry testId="5df1feda-fe85-daf4-5b5c-6a6fd5640e0a" executionId="ef703c35-7815-4cdd-bf4c-200fc81e838f" testListId="8c84fa94-04c1-424b-9868-57a2d4851a1d" />
    <TestEntry testId="c56a84bf-133c-ad49-b89c-eae1737a9ac8" executionId="4108b77a-c358-4f5a-844c-50797db34e93" testListId="8c84fa94-04c1-424b-9868-57a2d4851a1d" />
    <TestEntry testId="be2cad8e-fc4b-97ff-04d4-7f749fc2ca9e" executionId="73941379-161e-42c9-8624-9f3b041e2ed6" testListId="8c84fa94-04c1-424b-9868-57a2d4851a1d" />
    <TestEntry testId="78bfd9df-5d60-036d-f959-bd480eca276e" executionId="b79739e2-126a-4a6e-a046-7b7accb0a7f6" testListId="8c84fa94-04c1-424b-9868-57a2d4851a1d" />
    <TestEntry testId="3007c4c5-986d-0fed-a281-e4032e6cbccc" executionId="ecc185d5-9ef3-435c-ad1b-3dad1ae79cf2" testListId="8c84fa94-04c1-424b-9868-57a2d4851a1d" />
    <TestEntry testId="c80fa314-da05-9443-6c2a-3a1ae4493949" executionId="bb5154ad-4a61-409f-a6f5-b9f0677a6f16" testListId="8c84fa94-04c1-424b-9868-57a2d4851a1d" />
    <TestEntry testId="f3375fee-e622-8738-5681-19e3225fd4f7" executionId="8e48f406-fb4d-4fe0-8b1e-e25877c9f40b" testListId="8c84fa94-04c1-424b-9868-57a2d4851a1d" />
    <TestEntry testId="19ce1897-9228-10c7-fead-7670c9746287" executionId="843ddbfc-d2a0-4336-95f4-8b656e590cbf" testListId="8c84fa94-04c1-424b-9868-57a2d4851a1d" />
    <TestEntry testId="c99811c8-1dea-70a0-b9bf-e528aafdd878" executionId="e127d9d9-3d5a-4b1f-b211-818d5ad44118" testListId="8c84fa94-04c1-424b-9868-57a2d4851a1d" />
    <TestEntry testId="3ced2f73-2344-2240-b0bb-aba74b7c2160" executionId="ca08b89f-3359-4370-8f58-88eee4e96341" testListId="8c84fa94-04c1-424b-9868-57a2d4851a1d" />
    <TestEntry testId="7c9e5e11-dfff-4879-de00-9aee684839a2" executionId="2d2fa5c3-bc77-4afc-954d-8b602ea34e5c" testListId="8c84fa94-04c1-424b-9868-57a2d4851a1d" />
    <TestEntry testId="8f3ff8db-82ef-e2de-cbc5-be1accc5b5b9" executionId="b7bc82c3-2a1d-4c16-a127-d0074bf242f2" testListId="8c84fa94-04c1-424b-9868-57a2d4851a1d" />
    <TestEntry testId="0607a480-df77-a215-cdc0-5ca66f5d4486" executionId="bef8b39e-8052-478d-aa54-cab10ddab27d" testListId="8c84fa94-04c1-424b-9868-57a2d4851a1d" />
    <TestEntry testId="cb711c4b-4935-835c-5369-d1a5da8926a3" executionId="3055d7f2-ef31-4aed-bcc6-cc96cdd5ba7a" testListId="8c84fa94-04c1-424b-9868-57a2d4851a1d" />
    <TestEntry testId="ef5a7c9a-164c-eabe-b4c6-4e9c3f2a4159" executionId="d56fce23-cc83-4580-bc62-2dfb760310ee" testListId="8c84fa94-04c1-424b-9868-57a2d4851a1d" />
    <TestEntry testId="3d227843-234c-f3bc-b478-95c757b84c71" executionId="249fe5b2-dd4b-46b2-b6a1-358a4012b17e" testListId="8c84fa94-04c1-424b-9868-57a2d4851a1d" />
    <TestEntry testId="308d4ec1-b101-47b7-fa0d-bc26757a6b20" executionId="1db4546a-b32b-4b97-84af-5210a344e2cb" testListId="8c84fa94-04c1-424b-9868-57a2d4851a1d" />
    <TestEntry testId="fda084b3-d062-4829-bd63-8ceda319a324" executionId="9d12478a-9867-4434-a8b5-56ff2b725691" testListId="8c84fa94-04c1-424b-9868-57a2d4851a1d" />
    <TestEntry testId="be912c33-6c42-15ba-bfe7-731fbf68edf7" executionId="94d6073b-b784-4bf2-a534-1b771bd9f518" testListId="8c84fa94-04c1-424b-9868-57a2d4851a1d" />
    <TestEntry testId="c2104339-f138-e025-1458-ac10bd484281" executionId="acf2a016-968a-4878-b8b6-9157388a31dd" testListId="8c84fa94-04c1-424b-9868-57a2d4851a1d" />
    <TestEntry testId="b1177fdc-87ff-8ace-61ee-371ab3f73c37" executionId="022c29e5-7bf5-4b4e-b97e-5f6fb6b6cca1" testListId="8c84fa94-04c1-424b-9868-57a2d4851a1d" />
    <TestEntry testId="f88e3485-a19c-a087-defb-0c62ca5c58d6" executionId="22096f58-2b73-439a-9ca7-fca565b0450a" testListId="8c84fa94-04c1-424b-9868-57a2d4851a1d" />
    <TestEntry testId="c229d7fc-c8e3-a81b-1759-74337797c0eb" executionId="551f5b99-8189-4c8f-bfaa-4c912384ae34" testListId="8c84fa94-04c1-424b-9868-57a2d4851a1d" />
    <TestEntry testId="e0f5419a-271d-b3c7-69ec-603a11b201e7" executionId="28c0a16a-9c8d-4067-9ec3-1a002ff423bf" testListId="8c84fa94-04c1-424b-9868-57a2d4851a1d" />
    <TestEntry testId="4e0b2c75-a56f-1172-00d4-59442dd642a5" executionId="171b36a4-20ac-4d2f-88d4-8fb7ef8b2789" testListId="8c84fa94-04c1-424b-9868-57a2d4851a1d" />
    <TestEntry testId="01e62afe-0807-2810-5da7-cc305fbf99be" executionId="07db234d-fea2-41ff-b6d2-ae18ff5c6aed" testListId="8c84fa94-04c1-424b-9868-57a2d4851a1d" />
    <TestEntry testId="be921bce-3454-f1ee-fd0b-2aac26ff7876" executionId="b44fdda9-5c4a-40f8-aec0-fdc98081e39a" testListId="8c84fa94-04c1-424b-9868-57a2d4851a1d" />
    <TestEntry testId="59f0fba9-6c16-e732-aeee-b9e5e92ab45a" executionId="e0a8cc94-12f0-450f-8310-fb23d1564a2a" testListId="8c84fa94-04c1-424b-9868-57a2d4851a1d" />
    <TestEntry testId="18e3273e-8266-bdcd-883d-0d2f6ae59e8a" executionId="4bc3ab83-e5b3-4b35-9d7e-a56397eceac9" testListId="8c84fa94-04c1-424b-9868-57a2d4851a1d" />
    <TestEntry testId="52a3e708-8a07-4c18-e430-74654c84f62a" executionId="452c4635-4cce-4fdd-8df7-17e2e8ec0ca2" testListId="8c84fa94-04c1-424b-9868-57a2d4851a1d" />
    <TestEntry testId="072ca1c4-6f11-89ea-d296-ae81b9ad2978" executionId="7c7c3326-a1cb-4d5f-a1d4-ab65effecd61" testListId="8c84fa94-04c1-424b-9868-57a2d4851a1d" />
    <TestEntry testId="07550143-d418-5fd9-64c9-cf64c21f2ee6" executionId="041bc2c8-c60d-4a89-872f-d56549d4b74c" testListId="8c84fa94-04c1-424b-9868-57a2d4851a1d" />
    <TestEntry testId="26156562-09a1-af30-6e06-5eeeb8bd709f" executionId="5b551e1c-1b2f-451f-a235-0d8a5bebc1bb" testListId="8c84fa94-04c1-424b-9868-57a2d4851a1d" />
    <TestEntry testId="2f5fcd1d-2d5a-5693-b53f-425f13ee0615" executionId="141df39f-6e6c-4ee7-a699-d2a29dd2e1b0" testListId="8c84fa94-04c1-424b-9868-57a2d4851a1d" />
    <TestEntry testId="449a0a5b-6a6e-b82c-f9a3-3f64f85d30df" executionId="c9a78956-cc0c-4cf7-84be-67e04db39cd2" testListId="8c84fa94-04c1-424b-9868-57a2d4851a1d" />
    <TestEntry testId="81129ea6-98ca-861b-2d4b-f0118e360b4c" executionId="568ea83e-748c-4bcd-8937-2754fe631d8f" testListId="8c84fa94-04c1-424b-9868-57a2d4851a1d" />
    <TestEntry testId="9d8e69a1-c41a-8332-c507-874922e026e8" executionId="3f3c1d71-1ca1-4ebf-8e40-d7322bcd717f" testListId="8c84fa94-04c1-424b-9868-57a2d4851a1d" />
    <TestEntry testId="9e7b864c-5939-d12d-3132-c4f442a8577b" executionId="a1d50b2a-ccca-407a-8ca9-8d953f63f550" testListId="8c84fa94-04c1-424b-9868-57a2d4851a1d" />
    <TestEntry testId="4f27e2b2-3c65-27ba-6c12-8052cb013242" executionId="258caef1-bbd5-42b1-bab6-28f00441324d" testListId="8c84fa94-04c1-424b-9868-57a2d4851a1d" />
    <TestEntry testId="987c993c-5946-9ba3-b6cf-d5dc51ec9444" executionId="759fe412-bbda-4e22-abbc-37aa7aa26dc8" testListId="8c84fa94-04c1-424b-9868-57a2d4851a1d" />
    <TestEntry testId="aa5262e0-3b0f-e268-f011-da7ca3d3543f" executionId="0c3db939-ca8f-43b5-8b97-91af23450c6e" testListId="8c84fa94-04c1-424b-9868-57a2d4851a1d" />
    <TestEntry testId="77a397f7-7a94-741b-64b4-7e5f00251a16" executionId="3e7be825-2a24-4b35-a8d9-56edbc36c18a" testListId="8c84fa94-04c1-424b-9868-57a2d4851a1d" />
    <TestEntry testId="a87a95c8-52d1-cf16-4456-78e8256e8e8e" executionId="778891fc-4285-45c2-b6fd-0285f89f0a28" testListId="8c84fa94-04c1-424b-9868-57a2d4851a1d" />
    <TestEntry testId="b3845b0e-6c79-5f7f-746c-cc7b962f74c0" executionId="f06169d7-f846-491b-adac-f7bb5340fb9b" testListId="8c84fa94-04c1-424b-9868-57a2d4851a1d" />
    <TestEntry testId="9bbc28c6-5214-8afc-6caa-ef7ad4967b9f" executionId="2921e462-6103-437a-b244-3453916042c5" testListId="8c84fa94-04c1-424b-9868-57a2d4851a1d" />
    <TestEntry testId="82bd2174-04fa-2d42-4299-b9542e93b324" executionId="208c75ac-8e20-4773-bea0-8b7838072737" testListId="8c84fa94-04c1-424b-9868-57a2d4851a1d" />
    <TestEntry testId="fd9bd814-b146-70cb-c549-4c388031bdd6" executionId="d78979ab-8d5a-4f8f-a37b-cca50e899879" testListId="8c84fa94-04c1-424b-9868-57a2d4851a1d" />
    <TestEntry testId="9e009a4e-d6c8-f138-20ab-22dc8ef64172" executionId="760339da-7a21-4043-9a49-1a5631eeb7cf" testListId="8c84fa94-04c1-424b-9868-57a2d4851a1d" />
    <TestEntry testId="d24cf4b6-786b-9fa6-bb03-49a14d1d8e43" executionId="35d01104-9099-4144-b4c0-8b322441eb6a" testListId="8c84fa94-04c1-424b-9868-57a2d4851a1d" />
    <TestEntry testId="fc1b1b32-b130-288f-1db5-6ec10f73f980" executionId="6bb4cca1-f04e-43d9-9452-a47c886655f6" testListId="8c84fa94-04c1-424b-9868-57a2d4851a1d" />
    <TestEntry testId="482e252f-ad62-249d-2c8a-e4eac06451d6" executionId="6e9b390c-33f4-4654-a8b3-c10f88073423" testListId="8c84fa94-04c1-424b-9868-57a2d4851a1d" />
    <TestEntry testId="6b1c513b-e93b-623a-6d0d-740fbae98db3" executionId="1c801623-4121-4c87-b488-6e052052fdcc" testListId="8c84fa94-04c1-424b-9868-57a2d4851a1d" />
    <TestEntry testId="ae0f5448-4a7e-79a7-0af6-678ea5cb3da6" executionId="ae878987-156e-4834-9c1f-86241bf2c1b6" testListId="8c84fa94-04c1-424b-9868-57a2d4851a1d" />
    <TestEntry testId="d574ab9e-ce0c-9e22-3938-64bd29a3ae5c" executionId="8de2a008-475d-4851-a2a2-7bd601032936" testListId="8c84fa94-04c1-424b-9868-57a2d4851a1d" />
    <TestEntry testId="a3bc2483-e9c8-af53-a8e3-edf72fc72f39" executionId="51eb5337-ad68-4838-a2c7-6608132cff6b" testListId="8c84fa94-04c1-424b-9868-57a2d4851a1d" />
    <TestEntry testId="41df3109-f453-22d8-bb52-45bd75905c8c" executionId="fd1be6bf-fb14-4fa7-9654-015dc659a90f" testListId="8c84fa94-04c1-424b-9868-57a2d4851a1d" />
    <TestEntry testId="0518462c-0a9e-956b-f101-21236e62f866" executionId="3ae61c97-1e15-44ea-b2f5-6362471e2a2f" testListId="8c84fa94-04c1-424b-9868-57a2d4851a1d" />
    <TestEntry testId="83d8facb-7585-b7ca-6d7e-1bae904f50f2" executionId="de2fdf4e-80ae-4840-8eb7-b1c12bc88a5a" testListId="8c84fa94-04c1-424b-9868-57a2d4851a1d" />
    <TestEntry testId="4daf9a5a-c7f1-60e5-eb24-84335ca08ee6" executionId="e9475be3-8ba4-4035-bc49-f878de16fae6" testListId="8c84fa94-04c1-424b-9868-57a2d4851a1d" />
    <TestEntry testId="1cadb5fe-6a3a-a171-652d-6abf4288fa2a" executionId="827fbb9a-da38-4f1e-a22d-d9d3803d2549" testListId="8c84fa94-04c1-424b-9868-57a2d4851a1d" />
    <TestEntry testId="b1f6f811-70b2-8342-65cc-b7282caec897" executionId="2c89799c-10a9-42c5-8685-42cf38482206" testListId="8c84fa94-04c1-424b-9868-57a2d4851a1d" />
    <TestEntry testId="e5d10e9f-212d-665c-4c10-f0872974c33d" executionId="df24afdd-d5ea-4723-a16d-26d5807a2a4e" testListId="8c84fa94-04c1-424b-9868-57a2d4851a1d" />
    <TestEntry testId="609c74ea-71b2-0692-915c-77c8d8dc0a21" executionId="51479848-a317-4b91-a8bc-0e4fe1e8f511" testListId="8c84fa94-04c1-424b-9868-57a2d4851a1d" />
    <TestEntry testId="b7c078fa-57e9-cb86-057e-94e4fb96bd50" executionId="e5cc3d63-119f-4422-9d41-2fa60307e64e" testListId="8c84fa94-04c1-424b-9868-57a2d4851a1d" />
    <TestEntry testId="d9ea7e95-e3f1-344e-17e4-a2f041b75665" executionId="c28f0832-7b1e-402a-acfb-3c5ae3b659fa" testListId="8c84fa94-04c1-424b-9868-57a2d4851a1d" />
    <TestEntry testId="ff860288-c069-0a43-7fcd-7eb6a31ded13" executionId="b8c46db6-968f-4088-ae63-500b80e28be3" testListId="8c84fa94-04c1-424b-9868-57a2d4851a1d" />
    <TestEntry testId="1a47fc4d-ce25-53e7-49b1-9e2a072330f3" executionId="a8dfaeee-e1f6-4917-8925-7dddb8b05774" testListId="8c84fa94-04c1-424b-9868-57a2d4851a1d" />
    <TestEntry testId="f49fcdf1-7d39-22fa-a606-f8df21cb7d04" executionId="4485bb09-0a32-4fd4-82fd-f1750fce48cc" testListId="8c84fa94-04c1-424b-9868-57a2d4851a1d" />
    <TestEntry testId="4aa4e69f-6b62-28b9-47c9-3b010093ae40" executionId="86dcdabe-9a14-4807-aab7-890255f40cff" testListId="8c84fa94-04c1-424b-9868-57a2d4851a1d" />
    <TestEntry testId="c3f5bee1-3b41-1308-d4d4-0edc1bb92264" executionId="3c35de48-3029-43fa-bb9c-b524665f296b" testListId="8c84fa94-04c1-424b-9868-57a2d4851a1d" />
    <TestEntry testId="9956db1a-ac65-3047-b467-8ae6324dee0e" executionId="e0a63ea0-66b3-4912-afe5-08a81a62538f" testListId="8c84fa94-04c1-424b-9868-57a2d4851a1d" />
    <TestEntry testId="8dbba4ed-1037-6d7e-e510-fb1f31a2b04d" executionId="76418c50-36dc-4d0c-98d6-57a37a44011f" testListId="8c84fa94-04c1-424b-9868-57a2d4851a1d" />
    <TestEntry testId="52b5ae33-6be9-4b42-8584-a628522919d9" executionId="1b447f54-b6ec-4c44-82b6-2b50be3863cc" testListId="8c84fa94-04c1-424b-9868-57a2d4851a1d" />
    <TestEntry testId="9f0ae5fd-ca6e-ce92-cc6d-bc20d4aa3f0b" executionId="ec958700-839f-4fe8-ab96-404caeae33ea" testListId="8c84fa94-04c1-424b-9868-57a2d4851a1d" />
    <TestEntry testId="d6e2f211-cfd2-4d2a-d3d2-caa494d70ed4" executionId="0f4ba420-99cb-4311-aa08-5a6963c64975" testListId="8c84fa94-04c1-424b-9868-57a2d4851a1d" />
    <TestEntry testId="943929f8-6507-3945-7065-6363b126afbf" executionId="7dca75da-8239-4566-8b58-dd56d0a080fb" testListId="8c84fa94-04c1-424b-9868-57a2d4851a1d" />
    <TestEntry testId="fa3a0ec2-d497-256a-1c2d-53ab7b8a82ae" executionId="e3473c55-c102-458c-b980-cffb0d9367bb" testListId="8c84fa94-04c1-424b-9868-57a2d4851a1d" />
    <TestEntry testId="891bc34a-727b-72a7-f654-9ce753ca59cc" executionId="abe81343-b4d4-436a-bd63-bb516cec6de9" testListId="8c84fa94-04c1-424b-9868-57a2d4851a1d" />
    <TestEntry testId="260ac7c4-b8fe-7867-7401-352302952b15" executionId="3ff44f3e-90c0-4a35-ba00-e213e2d26b06" testListId="8c84fa94-04c1-424b-9868-57a2d4851a1d" />
    <TestEntry testId="c1f40fc1-68db-3a27-549b-0b13dab3f353" executionId="0bc9be0c-5ebe-4188-b9a6-8ca5cd8c3751" testListId="8c84fa94-04c1-424b-9868-57a2d4851a1d" />
    <TestEntry testId="71e26959-b11f-48f8-27e2-807c4f5f1b39" executionId="2be5e1c4-6056-407a-b56a-41cb12230030" testListId="8c84fa94-04c1-424b-9868-57a2d4851a1d" />
    <TestEntry testId="07240822-409e-ef20-60e9-cc802d0ddc38" executionId="00f38cc9-eb03-4319-944e-0047ffc4f704" testListId="8c84fa94-04c1-424b-9868-57a2d4851a1d" />
    <TestEntry testId="7b7998f5-e3f3-1a1a-357b-be337f0453f3" executionId="6dea5b87-284c-435a-9be6-2b2ca1a96a49" testListId="8c84fa94-04c1-424b-9868-57a2d4851a1d" />
    <TestEntry testId="02b29050-6325-0313-5807-38e4a3011962" executionId="3c774e35-8797-4f91-bc79-90c9f9b66d9c" testListId="8c84fa94-04c1-424b-9868-57a2d4851a1d" />
    <TestEntry testId="5345956f-79bc-77de-6c4d-d74b8b4422bf" executionId="74970027-f58c-4448-8587-804c2c5fa88b" testListId="8c84fa94-04c1-424b-9868-57a2d4851a1d" />
    <TestEntry testId="739d063f-4f3d-cd06-b19e-ea1bccd21851" executionId="4f4dec6b-73bb-4885-8ccf-2b1dc5832b67" testListId="8c84fa94-04c1-424b-9868-57a2d4851a1d" />
    <TestEntry testId="c7609608-426f-be78-8518-bd7b60b982ae" executionId="8fe239cb-993d-4db3-a412-84db7a0681fa" testListId="8c84fa94-04c1-424b-9868-57a2d4851a1d" />
    <TestEntry testId="2efdc72d-b744-d9d5-0718-ebde5707c51e" executionId="0774c1ae-9d2f-47f1-bb0f-35fcba145a22" testListId="8c84fa94-04c1-424b-9868-57a2d4851a1d" />
    <TestEntry testId="5f0481d0-2e31-ffd7-624f-7b1b675d3c51" executionId="eb3c4a75-cc47-4901-b87c-b4569d7e03ac" testListId="8c84fa94-04c1-424b-9868-57a2d4851a1d" />
    <TestEntry testId="35ea5a28-5ef6-51da-b4d3-5c377252d86a" executionId="73ab656b-07e4-4485-b128-ea2815689553" testListId="8c84fa94-04c1-424b-9868-57a2d4851a1d" />
    <TestEntry testId="d979c62e-7f82-9721-fe54-d37412096597" executionId="f476c466-f96f-4311-80fa-8cf9606d5964" testListId="8c84fa94-04c1-424b-9868-57a2d4851a1d" />
    <TestEntry testId="a783b01b-aa6f-01f8-08de-c64dcdbfb9da" executionId="bea8eee3-f8d4-43ad-b519-0fe05cd201f8" testListId="8c84fa94-04c1-424b-9868-57a2d4851a1d" />
    <TestEntry testId="5235631e-1fd1-9952-4581-3ffe0de7c8b2" executionId="506ff083-8396-45fd-a54c-9aacb9f7c125" testListId="8c84fa94-04c1-424b-9868-57a2d4851a1d" />
    <TestEntry testId="bc37a3dd-178b-523f-1121-64a00117864d" executionId="c7f18c2c-8b92-4c10-90bc-40d40f944f03" testListId="8c84fa94-04c1-424b-9868-57a2d4851a1d" />
    <TestEntry testId="8e77c8a1-15e5-d64d-30fb-17d437aadf2b" executionId="9dda758e-31b7-4cab-91ff-bdf302053b7d" testListId="8c84fa94-04c1-424b-9868-57a2d4851a1d" />
    <TestEntry testId="48cabb4a-d7ce-d709-b355-b5c0dad86238" executionId="02bb8dac-0c6d-446a-bd38-d43eb978464c" testListId="8c84fa94-04c1-424b-9868-57a2d4851a1d" />
    <TestEntry testId="c7dd5055-397c-8af3-384f-22e031f9daff" executionId="f44e190f-0dac-4408-bf41-42095728b464" testListId="8c84fa94-04c1-424b-9868-57a2d4851a1d" />
    <TestEntry testId="2e38219c-18b0-dc57-cff1-e41c93919735" executionId="f83f5592-22fc-4e05-835e-d925cd2020e3" testListId="8c84fa94-04c1-424b-9868-57a2d4851a1d" />
    <TestEntry testId="9610eb1e-1843-5029-b98a-7f8a0f3db054" executionId="c72668ed-6853-4d9c-9aa4-e7283492619a" testListId="8c84fa94-04c1-424b-9868-57a2d4851a1d" />
    <TestEntry testId="72d5b84c-719c-9875-8fed-9bfba67f2988" executionId="b5527e53-fc79-4d77-ab5e-ba4acae83965" testListId="8c84fa94-04c1-424b-9868-57a2d4851a1d" />
    <TestEntry testId="ca0a72bc-41ef-73fb-a08b-293b809059e7" executionId="60f3d59b-6b67-4124-96dd-fb65e2446139" testListId="8c84fa94-04c1-424b-9868-57a2d4851a1d" />
    <TestEntry testId="39c10160-0fd8-b756-6081-4bd8cebf5398" executionId="991fed91-a24e-4074-a92d-a543430f66dc" testListId="8c84fa94-04c1-424b-9868-57a2d4851a1d" />
    <TestEntry testId="e5503714-9226-54a2-bf5b-e467be304ed5" executionId="f3e308df-92ec-411d-8149-657e4e1c13ca" testListId="8c84fa94-04c1-424b-9868-57a2d4851a1d" />
    <TestEntry testId="c28d8a33-c654-c412-0d1e-9bc43aece6ba" executionId="12bd67c2-0673-487a-a972-1fc02d5faf88" testListId="8c84fa94-04c1-424b-9868-57a2d4851a1d" />
    <TestEntry testId="86ec4d1f-0a9b-3803-1c4b-3df03fb2e81f" executionId="4b43bded-9ddd-4a6c-880d-3af1e8f77b9f" testListId="8c84fa94-04c1-424b-9868-57a2d4851a1d" />
    <TestEntry testId="b6f00e6c-2acd-39c9-11fd-354aa2424ecb" executionId="d8f927cb-8a91-472a-afa9-02d26406fa8f" testListId="8c84fa94-04c1-424b-9868-57a2d4851a1d" />
    <TestEntry testId="5cfbeca4-2adc-a864-8294-f3979199299e" executionId="b8f334d1-9bb8-431f-b915-ea771e5795a4" testListId="8c84fa94-04c1-424b-9868-57a2d4851a1d" />
    <TestEntry testId="97bb19d6-6a8c-4d6a-17a3-a8f35522dd93" executionId="0e3f510f-194d-48f6-b6b1-87141b165aac" testListId="8c84fa94-04c1-424b-9868-57a2d4851a1d" />
    <TestEntry testId="13b8df45-3a3a-fd2b-ca60-492a49accd71" executionId="6f90c67f-d4f2-449f-878a-5427417835a3" testListId="8c84fa94-04c1-424b-9868-57a2d4851a1d" />
    <TestEntry testId="525d94f5-8e09-7ad8-7959-d03c1c3c087c" executionId="d0f2d4c4-ce5e-4ee7-91bc-3bfcc1ba5362" testListId="8c84fa94-04c1-424b-9868-57a2d4851a1d" />
    <TestEntry testId="7a08f0cc-3b6e-6229-a9d0-4c345eaddc45" executionId="075386b0-7779-474b-a895-d43d56c639e5" testListId="8c84fa94-04c1-424b-9868-57a2d4851a1d" />
    <TestEntry testId="8a9666b3-1250-118c-2a95-776d5b095dd6" executionId="bfe54568-418f-4cc8-a438-9955ac586fd7" testListId="8c84fa94-04c1-424b-9868-57a2d4851a1d" />
    <TestEntry testId="af41afe6-d0b3-fecd-338c-e86f2b4c42a4" executionId="3e40566a-7dbf-4746-a71e-d44790e46f5a" testListId="8c84fa94-04c1-424b-9868-57a2d4851a1d" />
    <TestEntry testId="68a68e6e-1f36-b960-59a6-83d841b0033a" executionId="f4e3572e-ecbd-4286-b791-2a8b58b4ee30" testListId="8c84fa94-04c1-424b-9868-57a2d4851a1d" />
    <TestEntry testId="7ea418ab-a03e-6af8-af06-b505491aadce" executionId="654216ff-bce3-4430-a180-6de937ccc38a" testListId="8c84fa94-04c1-424b-9868-57a2d4851a1d" />
    <TestEntry testId="5784a10b-9cf9-706a-2cdf-0a1313345448" executionId="54076877-0f23-45f1-9d78-646fa3c7e0bb" testListId="8c84fa94-04c1-424b-9868-57a2d4851a1d" />
    <TestEntry testId="fd5bc2ed-50a5-6c17-76b7-99af3dd18493" executionId="d50bb20e-ae30-400f-880a-b8c53b1331d5" testListId="8c84fa94-04c1-424b-9868-57a2d4851a1d" />
    <TestEntry testId="b521e46d-627f-4c61-9b4a-abee4c7fe168" executionId="f668e9a9-e875-4abc-962b-ea25608ea861" testListId="8c84fa94-04c1-424b-9868-57a2d4851a1d" />
    <TestEntry testId="13baba77-76f3-2e3c-2a91-91c5794902ba" executionId="f5d1be1a-febb-4e37-a3f9-90cf326022c4" testListId="8c84fa94-04c1-424b-9868-57a2d4851a1d" />
    <TestEntry testId="31c84030-d050-ff0d-d2ea-56e4b44bc503" executionId="598bbb5f-2619-4871-9433-bd0fb3e645cf" testListId="8c84fa94-04c1-424b-9868-57a2d4851a1d" />
    <TestEntry testId="88a76547-7d15-e240-3736-2b59740fd663" executionId="90c4d7ea-13d9-45b1-8ef3-4339f90487c8" testListId="8c84fa94-04c1-424b-9868-57a2d4851a1d" />
    <TestEntry testId="d8e4201d-038c-73c8-979c-76743986f140" executionId="8ba0aa0d-87a2-4b95-a0b0-63bee25de743" testListId="8c84fa94-04c1-424b-9868-57a2d4851a1d" />
    <TestEntry testId="29403d46-fd7f-0efe-0ad9-ff1a8c6e2dc1" executionId="c60b9451-572c-44f6-8857-3ed6215305ac" testListId="8c84fa94-04c1-424b-9868-57a2d4851a1d" />
    <TestEntry testId="9000f88d-3376-ac5b-3a9f-14f6b58d4f57" executionId="70910779-d9c6-4364-9c89-798dae33a58b" testListId="8c84fa94-04c1-424b-9868-57a2d4851a1d" />
    <TestEntry testId="644b00ce-6649-cf09-eb70-354a83b4869b" executionId="e3819b40-891c-4088-b7be-19f37da39dce" testListId="8c84fa94-04c1-424b-9868-57a2d4851a1d" />
    <TestEntry testId="f2de044a-2c0e-8222-f682-36bfe523783e" executionId="4cd1db08-2ad4-4628-97ec-fe303deb6bdf" testListId="8c84fa94-04c1-424b-9868-57a2d4851a1d" />
    <TestEntry testId="b566ced7-5033-0bc8-8e6d-1ee7393f003b" executionId="d85aa6a2-291c-4dac-a12f-65fa3fe11263" testListId="8c84fa94-04c1-424b-9868-57a2d4851a1d" />
    <TestEntry testId="6637dbfc-b39d-491e-1e4e-7796ea7e2932" executionId="57f0d6e4-f631-485d-be53-ddc521f0d546" testListId="8c84fa94-04c1-424b-9868-57a2d4851a1d" />
    <TestEntry testId="1937beaf-4eb7-515e-ae0c-33be3bc35bcc" executionId="9a650c84-a2f2-4f2b-beb9-f6b91a51423b" testListId="8c84fa94-04c1-424b-9868-57a2d4851a1d" />
    <TestEntry testId="dfc46115-f8f3-cb83-4245-c3ec079e6b07" executionId="fab15d96-ceb5-44be-9ac6-0357a8afd3e4" testListId="8c84fa94-04c1-424b-9868-57a2d4851a1d" />
    <TestEntry testId="1674267a-845a-a171-ef0b-f481015b2ce3" executionId="7f83ab60-d607-4a7e-8264-f7a291f01674" testListId="8c84fa94-04c1-424b-9868-57a2d4851a1d" />
    <TestEntry testId="949df617-0d2b-8786-3cab-5f00ec5d9a77" executionId="41943513-c45a-4947-b1b7-33603a7ec2ec" testListId="8c84fa94-04c1-424b-9868-57a2d4851a1d" />
    <TestEntry testId="3597cb40-32eb-637e-6510-743ceb99ca42" executionId="3c50b2c7-2f53-4475-bac7-2704640f20d0" testListId="8c84fa94-04c1-424b-9868-57a2d4851a1d" />
    <TestEntry testId="03ca68dc-5bbf-4a08-fe47-7025b07b0664" executionId="dce0b8da-0b4a-432f-ad43-cd68754fb537" testListId="8c84fa94-04c1-424b-9868-57a2d4851a1d" />
    <TestEntry testId="c5e06805-8518-b12d-bc52-4f8c3b19376b" executionId="08606948-25cd-4d72-8723-b550e3eead29" testListId="8c84fa94-04c1-424b-9868-57a2d4851a1d" />
    <TestEntry testId="a72ecf7d-ff26-fb5c-9c4e-ea75accee38a" executionId="301c7c49-e8fb-4257-b709-13f0e28068ac" testListId="8c84fa94-04c1-424b-9868-57a2d4851a1d" />
    <TestEntry testId="39ebd7a9-5cbc-990f-7245-e31c6010c50c" executionId="cb14fb89-d62b-43d8-8d2b-c5eba0a0db40" testListId="8c84fa94-04c1-424b-9868-57a2d4851a1d" />
    <TestEntry testId="d3dc19e6-db0b-5237-e4b8-ac6b873a8a8c" executionId="15942186-e1f8-4072-96ee-a1648ff6130c" testListId="8c84fa94-04c1-424b-9868-57a2d4851a1d" />
    <TestEntry testId="21ef9fdc-8202-ab18-267f-02b394ae4f02" executionId="3a24b43f-2917-4be6-bff5-6c0413d25372" testListId="8c84fa94-04c1-424b-9868-57a2d4851a1d" />
    <TestEntry testId="df8792c4-cfb3-5822-6d51-e0b1d62aa544" executionId="094b361e-b62f-4c43-b6f8-da68d3669fe4" testListId="8c84fa94-04c1-424b-9868-57a2d4851a1d" />
    <TestEntry testId="5a180a69-aec5-09bc-27c3-158da5c3d5c9" executionId="328309ee-8bd6-48f2-acea-0fcbc6bf8fa3" testListId="8c84fa94-04c1-424b-9868-57a2d4851a1d" />
    <TestEntry testId="bb2dd81c-c7f1-1346-dba9-90a0c150eafc" executionId="c0f32764-8a3f-4b8d-bbb2-c6df43358bef" testListId="8c84fa94-04c1-424b-9868-57a2d4851a1d" />
    <TestEntry testId="5462f478-66d6-32ae-3d4b-d28a5975a06d" executionId="fb112ca5-fb52-4313-8056-8f9fd99d2f9e" testListId="8c84fa94-04c1-424b-9868-57a2d4851a1d" />
    <TestEntry testId="e7f95bb8-2b2d-3176-1ca0-9b1c84b38a35" executionId="b264baf2-a1c1-4bff-9cb1-baacb1c7957d" testListId="8c84fa94-04c1-424b-9868-57a2d4851a1d" />
    <TestEntry testId="7d243fcc-5e7e-a84b-ce15-5efe9f076c3f" executionId="b17617d6-f7a7-4a35-9e7a-8ea43254a1d6" testListId="8c84fa94-04c1-424b-9868-57a2d4851a1d" />
    <TestEntry testId="75399432-7f36-c8e2-956e-cd51f47219f0" executionId="ef74d0a3-7293-4331-850e-2e73973f8b1e" testListId="8c84fa94-04c1-424b-9868-57a2d4851a1d" />
    <TestEntry testId="f6bf263f-4d46-0ce1-a624-5a7ed6b52c40" executionId="1e70a90a-e4cb-4004-b9fe-09e767863864" testListId="8c84fa94-04c1-424b-9868-57a2d4851a1d" />
    <TestEntry testId="b2520b9e-7740-bf67-b685-d32cef560baa" executionId="4263b52e-4e4d-4512-947f-3b916bb3c217" testListId="8c84fa94-04c1-424b-9868-57a2d4851a1d" />
    <TestEntry testId="a72fd69e-4937-3640-911a-c831b2d05ad0" executionId="ba81d1cf-b695-4c06-a922-ec42d15d910b" testListId="8c84fa94-04c1-424b-9868-57a2d4851a1d" />
    <TestEntry testId="b50cdcae-c55b-492a-4e02-0af93c50c2f1" executionId="00cfa218-14ac-47e3-8392-8070caa76642" testListId="8c84fa94-04c1-424b-9868-57a2d4851a1d" />
    <TestEntry testId="d2c7b44f-abf6-4f9a-556e-f7b8be3b7b34" executionId="c7686483-9a21-4336-a33c-57574500b5e2" testListId="8c84fa94-04c1-424b-9868-57a2d4851a1d" />
    <TestEntry testId="01bdfc75-e7d3-47d2-65c8-f2b17f6fae5f" executionId="9725ab74-0985-4b13-b599-6f159fb7ae4e" testListId="8c84fa94-04c1-424b-9868-57a2d4851a1d" />
    <TestEntry testId="aad4c30e-08bc-313a-aeca-40d885b2e29f" executionId="610bcde7-61aa-4319-8f03-ad91960b2156" testListId="8c84fa94-04c1-424b-9868-57a2d4851a1d" />
    <TestEntry testId="4975ace3-bbc2-2cd2-ead0-2fd2d67db446" executionId="d0203f89-b094-4bc9-9847-d1c06ebe876e" testListId="8c84fa94-04c1-424b-9868-57a2d4851a1d" />
    <TestEntry testId="c4645a80-0dfe-08f4-67f5-3bc8af08cece" executionId="7624a117-8b6a-4984-baf1-e220e5e33a6b" testListId="8c84fa94-04c1-424b-9868-57a2d4851a1d" />
    <TestEntry testId="c6d47c98-ae5b-f227-74fe-71bd5e5f70d1" executionId="b63f1621-ecfe-4db1-bee8-c593ed65924f" testListId="8c84fa94-04c1-424b-9868-57a2d4851a1d" />
    <TestEntry testId="d9b181ff-ca18-8348-4710-a6e99bdbbe73" executionId="1abed994-1c06-4841-8239-c5674b96bd3e" testListId="8c84fa94-04c1-424b-9868-57a2d4851a1d" />
    <TestEntry testId="bfb1ffbc-04ce-0769-8157-126d5152a167" executionId="728f8431-f65d-475f-ba70-dd40b9f0dab3" testListId="8c84fa94-04c1-424b-9868-57a2d4851a1d" />
    <TestEntry testId="44e6e39c-57aa-8388-8a01-d4b8d5dfb54d" executionId="8c5c4118-23df-4e16-80a5-430221c6a546" testListId="8c84fa94-04c1-424b-9868-57a2d4851a1d" />
    <TestEntry testId="03935230-be08-d33e-7279-8cfa2954e871" executionId="5ae9e204-7bf9-442e-8add-361c0e41e860" testListId="8c84fa94-04c1-424b-9868-57a2d4851a1d" />
    <TestEntry testId="777aaa31-d470-34da-12c2-2fe952a15e41" executionId="ce527de2-789f-469d-8f46-93c7819cb647" testListId="8c84fa94-04c1-424b-9868-57a2d4851a1d" />
    <TestEntry testId="754c9d57-0901-e590-3394-642c41bb57d4" executionId="666f1767-b6b3-4941-af3b-63b788c27ffa" testListId="8c84fa94-04c1-424b-9868-57a2d4851a1d" />
    <TestEntry testId="0059754f-875a-1247-8e6a-f52296752939" executionId="9bd5294f-1337-487c-b0d2-0292ef0d9edc" testListId="8c84fa94-04c1-424b-9868-57a2d4851a1d" />
    <TestEntry testId="9eef0d1e-fa61-aef9-cb9c-026db7ad7046" executionId="a8c2f10b-f594-4071-9b1b-2fbf09362692" testListId="8c84fa94-04c1-424b-9868-57a2d4851a1d" />
    <TestEntry testId="bd3f1446-ef6f-9e03-44a4-55cfa74e5110" executionId="2ca33571-b6f7-4717-9a55-0a3486f11682" testListId="8c84fa94-04c1-424b-9868-57a2d4851a1d" />
    <TestEntry testId="7eba9400-2405-8dc9-58b2-ca7c1e81dfb7" executionId="e5162a53-fa1c-4025-bb78-341cd33535da" testListId="8c84fa94-04c1-424b-9868-57a2d4851a1d" />
    <TestEntry testId="12459648-f046-d7b3-cc47-42fad9db3fa5" executionId="81ccc793-6500-47f1-9a51-de09ca01568b" testListId="8c84fa94-04c1-424b-9868-57a2d4851a1d" />
    <TestEntry testId="3fed5c65-510a-7c0f-9d5a-9a6d3e29e596" executionId="bd3cf761-04cb-4812-8635-65d5d1fc6184" testListId="8c84fa94-04c1-424b-9868-57a2d4851a1d" />
    <TestEntry testId="435805ad-97d3-40f8-2750-9c8fa49041b7" executionId="d670cadd-4ca0-45ff-8b11-fee6b46b4f9a" testListId="8c84fa94-04c1-424b-9868-57a2d4851a1d" />
    <TestEntry testId="a9404938-89d4-d00a-7c1a-c27a55585e61" executionId="3cc78dc0-df83-483c-9062-7f53d0b54014" testListId="8c84fa94-04c1-424b-9868-57a2d4851a1d" />
    <TestEntry testId="c0a1a261-ef27-59a6-77dc-ede61cc0c104" executionId="3dc2a118-bb91-48c2-b5cd-e3934a3da249" testListId="8c84fa94-04c1-424b-9868-57a2d4851a1d" />
    <TestEntry testId="900feb3b-0dda-470f-565c-22f129ede6d1" executionId="377d854f-f9ef-40e7-b574-cf35b3a6552e" testListId="8c84fa94-04c1-424b-9868-57a2d4851a1d" />
    <TestEntry testId="6f527331-b523-7b7e-609a-68f83e658b05" executionId="72d741c9-4b18-426b-bc90-52b8b86f4a45" testListId="8c84fa94-04c1-424b-9868-57a2d4851a1d" />
    <TestEntry testId="bfeaece7-a0d4-3261-6a1f-72856d3746a1" executionId="0fb1e318-fcf9-494c-ac76-2a14c3931889" testListId="8c84fa94-04c1-424b-9868-57a2d4851a1d" />
    <TestEntry testId="6a095821-7e5e-bee4-a550-269ac04ae93e" executionId="929cc76d-ba47-4ba7-b02b-2d62a087ff80" testListId="8c84fa94-04c1-424b-9868-57a2d4851a1d" />
    <TestEntry testId="6369d16b-8e9f-b9dc-1aa2-1463a3228741" executionId="2780bb13-d491-45d5-9d76-ae310b023c39" testListId="8c84fa94-04c1-424b-9868-57a2d4851a1d" />
    <TestEntry testId="a4d7662a-9660-8290-d1f3-f5fb8aacf25a" executionId="a61d1585-8cbb-4a51-b595-8fe07b79532f" testListId="8c84fa94-04c1-424b-9868-57a2d4851a1d" />
    <TestEntry testId="0803d69e-580b-ba5b-5023-142e9d883e22" executionId="2dae01bd-91f4-4ebe-8108-07e290e3274c" testListId="8c84fa94-04c1-424b-9868-57a2d4851a1d" />
    <TestEntry testId="a2b340e0-3f52-5d67-5f95-03c42ab3a063" executionId="cbe8f376-8a9f-4c1f-9b4c-4bddbbbe101e" testListId="8c84fa94-04c1-424b-9868-57a2d4851a1d" />
    <TestEntry testId="45b92ce6-3ff0-3996-f07b-043e235f5396" executionId="c347fb9c-d37b-419e-86f2-94d7b8ce4fa4" testListId="8c84fa94-04c1-424b-9868-57a2d4851a1d" />
    <TestEntry testId="ac208540-f6f9-5081-c1ba-31b9e7ddb3cb" executionId="50d5fab0-2241-4aa4-aed9-482517204bad" testListId="8c84fa94-04c1-424b-9868-57a2d4851a1d" />
    <TestEntry testId="eddcc727-c63f-279c-ce50-cd81824e95fd" executionId="e641e25a-acf7-41e1-95e6-03bbfb7487a4" testListId="8c84fa94-04c1-424b-9868-57a2d4851a1d" />
    <TestEntry testId="bd138c86-6c7a-4d40-f70c-45e74718405d" executionId="a1f4e7d3-b815-4cb8-a7c3-07129f7dd15d" testListId="8c84fa94-04c1-424b-9868-57a2d4851a1d" />
    <TestEntry testId="e74b2f0e-91d8-f83e-3f97-99551e4a709b" executionId="25c68775-8919-44af-8024-d959ee947a90" testListId="8c84fa94-04c1-424b-9868-57a2d4851a1d" />
    <TestEntry testId="0e3ad54e-fb5e-ed32-36a2-3b2bdc9b23ea" executionId="2d7e23c0-3421-4581-8b04-ca911d9e2ffd" testListId="8c84fa94-04c1-424b-9868-57a2d4851a1d" />
    <TestEntry testId="5181c019-acc5-9930-8529-f539be24a2e1" executionId="fc13e97e-c90d-49d0-81af-06cdcd7702ed" testListId="8c84fa94-04c1-424b-9868-57a2d4851a1d" />
    <TestEntry testId="e8320d3b-7029-9690-80e7-06ed6ff415ed" executionId="46d7d354-a790-4e30-977f-c599a6c0e16d" testListId="8c84fa94-04c1-424b-9868-57a2d4851a1d" />
    <TestEntry testId="77c1c927-1740-0e7c-01d8-7daab8378f84" executionId="fa4b12ac-cae1-4717-922b-0b5a03a0856c" testListId="8c84fa94-04c1-424b-9868-57a2d4851a1d" />
    <TestEntry testId="49bcd60b-a477-88cf-9034-6c96e6a41187" executionId="97e8e5df-4bd6-4a88-957b-35e6a4127cfd" testListId="8c84fa94-04c1-424b-9868-57a2d4851a1d" />
    <TestEntry testId="6b843186-7fe8-db95-6d3b-55a9ea39de72" executionId="beb06d2b-6ac9-4bbc-b6e9-23aff9e6b2a1" testListId="8c84fa94-04c1-424b-9868-57a2d4851a1d" />
    <TestEntry testId="388e7f32-facf-5d6e-69ba-78ab7c08b922" executionId="c99de254-465a-4c0a-8eb3-9b334a6ac52d" testListId="8c84fa94-04c1-424b-9868-57a2d4851a1d" />
    <TestEntry testId="d13dd8ab-12e4-e84e-2070-ce327f4bc921" executionId="44fa4070-33eb-4395-9f90-1808fbc91426" testListId="8c84fa94-04c1-424b-9868-57a2d4851a1d" />
    <TestEntry testId="2e1e9b9d-7136-8f2f-a685-d2f92eb5c812" executionId="03205c54-93b2-4c82-b5e0-03f6240fd4a5" testListId="8c84fa94-04c1-424b-9868-57a2d4851a1d" />
    <TestEntry testId="2af94fec-d2db-a66d-8aff-c53fe78493e3" executionId="fe2ca4b2-9ece-4ce3-b4db-f121f4097bc7" testListId="8c84fa94-04c1-424b-9868-57a2d4851a1d" />
    <TestEntry testId="e4341c88-96c7-1f13-ac5d-4965de334db3" executionId="3e496a48-63e3-4e18-83bd-abb7c68df41c" testListId="8c84fa94-04c1-424b-9868-57a2d4851a1d" />
    <TestEntry testId="8f112071-6c4a-a469-850c-516c0458de64" executionId="c29e4f9f-1b9a-446f-afa2-10d9dc5bd61f" testListId="8c84fa94-04c1-424b-9868-57a2d4851a1d" />
    <TestEntry testId="f2ff4497-0c3d-740b-329c-d3286ad7f111" executionId="197ad7d6-ee72-4cd3-bd86-fcdeb8257b84" testListId="8c84fa94-04c1-424b-9868-57a2d4851a1d" />
    <TestEntry testId="5e2bf52b-7786-4b94-4118-574707a02cca" executionId="6d7e9236-b186-484a-a2c1-6a6b8ab99077" testListId="8c84fa94-04c1-424b-9868-57a2d4851a1d" />
    <TestEntry testId="164fb499-e098-417c-ed71-a314acba964a" executionId="8259bea9-48d7-4196-b894-053b6e260aaf" testListId="8c84fa94-04c1-424b-9868-57a2d4851a1d" />
    <TestEntry testId="03b49fcb-e1b3-3103-4faa-1392a0d56afe" executionId="89ece459-eb52-4544-b8e5-90862b123870" testListId="8c84fa94-04c1-424b-9868-57a2d4851a1d" />
    <TestEntry testId="4dde08a0-f730-2f43-1940-15c7d05c05f2" executionId="9a806155-4ea5-4010-a172-cdfd6173a80c" testListId="8c84fa94-04c1-424b-9868-57a2d4851a1d" />
    <TestEntry testId="247aa422-43b6-3fda-33fb-3720fae0fbda" executionId="a2e27317-5586-431b-be7f-8718896cd6d8" testListId="8c84fa94-04c1-424b-9868-57a2d4851a1d" />
    <TestEntry testId="1f1fc353-03f7-045f-8de3-d4f7b1a32709" executionId="129e7eae-0990-483b-bac4-6fc6451a888c" testListId="8c84fa94-04c1-424b-9868-57a2d4851a1d" />
    <TestEntry testId="bc2ee40e-4082-2136-c880-0c5025ad9a2b" executionId="48333d45-448f-4b34-8162-4afd84238500" testListId="8c84fa94-04c1-424b-9868-57a2d4851a1d" />
    <TestEntry testId="477c9640-b15c-9d6e-f802-eb36396fc91a" executionId="4aa00b0e-b27e-4a1e-8acf-6c0b9185639f" testListId="8c84fa94-04c1-424b-9868-57a2d4851a1d" />
    <TestEntry testId="f95edd28-3dc6-7a44-b141-491609cff7a2" executionId="a8bb1c98-3ab5-479e-a5b2-8c7420637b19" testListId="8c84fa94-04c1-424b-9868-57a2d4851a1d" />
    <TestEntry testId="5badb0da-728e-674b-02d5-109756358e67" executionId="641d32e2-54e9-45d5-bf26-ed136bf3cb54" testListId="8c84fa94-04c1-424b-9868-57a2d4851a1d" />
    <TestEntry testId="af8033eb-7d5a-450c-83f7-c780aa6219c7" executionId="0a70e8c2-14e0-44ff-ab47-33226020c745" testListId="8c84fa94-04c1-424b-9868-57a2d4851a1d" />
    <TestEntry testId="deaabb69-0257-622d-3e26-305d9c1bc497" executionId="065b4525-6c74-4de4-9b22-a5e38f539f7e" testListId="8c84fa94-04c1-424b-9868-57a2d4851a1d" />
    <TestEntry testId="79b84301-ad5d-cf1d-0c86-d44e503b5947" executionId="1fbe2b62-b51a-4293-b0dd-16e6fd717aad" testListId="8c84fa94-04c1-424b-9868-57a2d4851a1d" />
    <TestEntry testId="4d127e7d-1fbb-235c-4ccf-5afb6c792fcf" executionId="f25c8119-6b28-4a3d-b818-47ba5f3a7379" testListId="8c84fa94-04c1-424b-9868-57a2d4851a1d" />
    <TestEntry testId="03be78e0-af4c-18dc-3cc9-e8b89146c49a" executionId="67a47ac0-ba8d-4687-9d7f-496ad6e5488b" testListId="8c84fa94-04c1-424b-9868-57a2d4851a1d" />
    <TestEntry testId="2fcc7e1d-598f-f09e-e959-f474f21aaaf4" executionId="c54cefd0-a8da-4073-a96a-50b3732128cc" testListId="8c84fa94-04c1-424b-9868-57a2d4851a1d" />
    <TestEntry testId="8da7c415-c192-8263-f588-9bf5296cb6f8" executionId="fd947887-6335-4e69-8ec1-cc884842e7be" testListId="8c84fa94-04c1-424b-9868-57a2d4851a1d" />
    <TestEntry testId="e4a55289-63c2-081d-68c1-a5717a6a49ee" executionId="9ccd57e6-27a4-407c-bac7-6d3a61575831" testListId="8c84fa94-04c1-424b-9868-57a2d4851a1d" />
    <TestEntry testId="efd2ee63-9467-b4dc-82ff-d74737537bf1" executionId="3a5ab099-f468-4a22-a801-f4ee8d56d0fb" testListId="8c84fa94-04c1-424b-9868-57a2d4851a1d" />
    <TestEntry testId="550d63c5-2fb9-e32f-144c-8322c3a27bbe" executionId="4361d397-9e69-4e0f-bf54-77c1e37181bf" testListId="8c84fa94-04c1-424b-9868-57a2d4851a1d" />
    <TestEntry testId="e69879bc-df2e-d205-03c4-3efe22f85d1e" executionId="4b0ed90b-3ccf-4f30-8ec9-ef9123f856f2" testListId="8c84fa94-04c1-424b-9868-57a2d4851a1d" />
    <TestEntry testId="09bbe8af-8c4e-3d76-d24e-52045ab02ef1" executionId="b7e02c59-752b-42f2-9885-996e45960332" testListId="8c84fa94-04c1-424b-9868-57a2d4851a1d" />
    <TestEntry testId="3907128f-aa71-d05a-8e3b-d3c5e7c1b8f3" executionId="f3625869-e70e-484c-bf49-10d8fa6286a5" testListId="8c84fa94-04c1-424b-9868-57a2d4851a1d" />
    <TestEntry testId="3052d0cb-f9fd-d21a-9f58-829c29625451" executionId="f98493e6-f973-426e-9308-c2c119f3f2dd" testListId="8c84fa94-04c1-424b-9868-57a2d4851a1d" />
    <TestEntry testId="db7a02b0-c81c-3302-88b0-87c39439ef5c" executionId="a6b7e6b5-149c-4797-b6d3-fd50162207af" testListId="8c84fa94-04c1-424b-9868-57a2d4851a1d" />
    <TestEntry testId="dfad57d6-7c5e-209f-4b79-380d94e806a3" executionId="4200c536-9fae-4aad-a1f8-cf5bf37e80d5" testListId="8c84fa94-04c1-424b-9868-57a2d4851a1d" />
    <TestEntry testId="2c231f66-88ec-0b15-bbff-514c30ee89d4" executionId="ee29e34e-bdea-41db-8e07-c41fd1cb9094" testListId="8c84fa94-04c1-424b-9868-57a2d4851a1d" />
    <TestEntry testId="2fae6a47-f3d4-5323-dcc7-ba5dabc7194f" executionId="f9790374-15cb-472f-b45a-0359221adf8c" testListId="8c84fa94-04c1-424b-9868-57a2d4851a1d" />
    <TestEntry testId="e5c8be7b-bf90-d1bf-2190-138b02cf2a97" executionId="9324b3ae-204d-4b64-b0fa-acba2e3c8638" testListId="8c84fa94-04c1-424b-9868-57a2d4851a1d" />
    <TestEntry testId="b1e8c55e-fc73-eafd-d851-a96f611c9850" executionId="c5395a3d-d2f1-4533-9a27-d5248840f329" testListId="8c84fa94-04c1-424b-9868-57a2d4851a1d" />
    <TestEntry testId="ffd83b26-65d0-3827-8254-cb0844512e0b" executionId="003695f5-0e2b-4c7a-841c-6ba03ccde465" testListId="8c84fa94-04c1-424b-9868-57a2d4851a1d" />
    <TestEntry testId="96f78a80-1dc6-22b8-ae16-78cc13ae2e0b" executionId="6ef56b44-70d8-4562-b398-d3df54576121" testListId="8c84fa94-04c1-424b-9868-57a2d4851a1d" />
    <TestEntry testId="89c67a30-15f0-192d-9017-4a7fd71964f2" executionId="9fdd419b-8e0d-4ae7-abad-1098dd6774ab" testListId="8c84fa94-04c1-424b-9868-57a2d4851a1d" />
    <TestEntry testId="2a5596da-7a23-62a3-a417-6104dd06ba6b" executionId="4a4863df-48fd-464f-a923-2b24fa092ba8" testListId="8c84fa94-04c1-424b-9868-57a2d4851a1d" />
    <TestEntry testId="f3aa3dcd-97cb-f85a-d070-5b73a50019c5" executionId="b1221132-1759-48de-bff4-fca16d33180f" testListId="8c84fa94-04c1-424b-9868-57a2d4851a1d" />
    <TestEntry testId="bb99537c-8fd2-7339-bab7-432c9465015b" executionId="133cb1ce-9d0d-45cb-a8b8-2d9e7c3fd1e1" testListId="8c84fa94-04c1-424b-9868-57a2d4851a1d" />
    <TestEntry testId="3a613123-fe2c-e954-3221-c872c245030d" executionId="b916bdc2-2d94-41f7-a741-8f1390d2c915" testListId="8c84fa94-04c1-424b-9868-57a2d4851a1d" />
    <TestEntry testId="6b9381d5-832a-5fc4-8f58-39d1dbc12ab2" executionId="a4ac4579-3c35-43e5-a54b-12c3e73869de" testListId="8c84fa94-04c1-424b-9868-57a2d4851a1d" />
    <TestEntry testId="a9f94c7e-5d78-4a90-03ea-52c693f5f1ff" executionId="13dd63a5-81ad-4934-9b91-12445961fed9" testListId="8c84fa94-04c1-424b-9868-57a2d4851a1d" />
    <TestEntry testId="3d4ea9d9-44ea-1ea6-0737-a5eec3f2e67c" executionId="71351333-6391-4515-855d-3ab3017d16f5" testListId="8c84fa94-04c1-424b-9868-57a2d4851a1d" />
    <TestEntry testId="9e09bef3-3e8e-a9ae-65c6-afe7549f8358" executionId="3db69074-e5ed-4ad0-9ee9-b9ec93f2fce3" testListId="8c84fa94-04c1-424b-9868-57a2d4851a1d" />
    <TestEntry testId="42ce643b-7ca9-0194-45ba-f06d39eaa3bd" executionId="e4344403-b826-4964-8439-948422745e41" testListId="8c84fa94-04c1-424b-9868-57a2d4851a1d" />
    <TestEntry testId="22af28ac-f148-d407-199e-486e8dd0f7af" executionId="8a82e24e-a3d2-4b75-8214-1d020f2cdde3" testListId="8c84fa94-04c1-424b-9868-57a2d4851a1d" />
    <TestEntry testId="6fdf6c49-565a-e4d5-577b-869f654c6c15" executionId="d7faae93-d2a5-4733-9f96-e72b25f25f22" testListId="8c84fa94-04c1-424b-9868-57a2d4851a1d" />
    <TestEntry testId="080b4f3c-eb0d-1ef9-f3b1-3b7b7d5b07de" executionId="c38bb4fe-7162-4c36-9924-ea79185f605d" testListId="8c84fa94-04c1-424b-9868-57a2d4851a1d" />
    <TestEntry testId="1242df54-89c6-f03a-3484-00c1b2bce307" executionId="09eec2a7-4d22-479f-bbac-49ceaa7ab0cc" testListId="8c84fa94-04c1-424b-9868-57a2d4851a1d" />
    <TestEntry testId="044da2cc-2c45-87c1-1c5b-93e871c38e2b" executionId="86436f57-1c91-4a87-b20f-84c782141c21" testListId="8c84fa94-04c1-424b-9868-57a2d4851a1d" />
    <TestEntry testId="426c948d-8c98-4827-b7bf-c4bc568a848f" executionId="de14b256-216d-4dd0-b844-35997b5e9257" testListId="8c84fa94-04c1-424b-9868-57a2d4851a1d" />
    <TestEntry testId="2f3f2238-adb0-861a-fdef-433de9c5fff1" executionId="68e5de0d-e364-465e-94e0-dd0d13c93acc" testListId="8c84fa94-04c1-424b-9868-57a2d4851a1d" />
    <TestEntry testId="d34176f4-7cd1-3672-596d-18a9b87bc42e" executionId="e6c50c6a-e0d9-44f3-9e14-4dc33c8d8f80" testListId="8c84fa94-04c1-424b-9868-57a2d4851a1d" />
    <TestEntry testId="dae6f440-8124-188a-4ce6-4b29936cfcca" executionId="0731339e-6ba0-4c51-9027-a0ceba20cdce" testListId="8c84fa94-04c1-424b-9868-57a2d4851a1d" />
    <TestEntry testId="a5f20e20-856e-acff-904a-953c529e0a6e" executionId="3e21924e-e97f-4671-8df0-f56c3ca85162" testListId="8c84fa94-04c1-424b-9868-57a2d4851a1d" />
    <TestEntry testId="c0e55d52-89ed-c668-7ad3-25a0904a13ce" executionId="4a74baf9-75c2-4db3-8301-842b2b983ba7" testListId="8c84fa94-04c1-424b-9868-57a2d4851a1d" />
    <TestEntry testId="4ece33b2-6d64-3bd1-27af-e1c98acc4eb8" executionId="85ea600b-3f0e-4081-a189-b68701957941" testListId="8c84fa94-04c1-424b-9868-57a2d4851a1d" />
    <TestEntry testId="2c4a2ad4-50c5-51f4-6129-9af8ad8f735e" executionId="0b167970-ceb0-465e-b5d8-04d1c2aa7e47" testListId="8c84fa94-04c1-424b-9868-57a2d4851a1d" />
    <TestEntry testId="b124008b-d240-3a30-fd8b-6be8bde079cb" executionId="27a3668c-8a39-4c33-868d-f9eb4572ea3a" testListId="8c84fa94-04c1-424b-9868-57a2d4851a1d" />
    <TestEntry testId="38c5769f-f165-205d-63c7-033eda866990" executionId="919257f8-0647-4bb0-8d29-243d90d441fa" testListId="8c84fa94-04c1-424b-9868-57a2d4851a1d" />
    <TestEntry testId="98ea398c-b42e-b2ec-49b2-c450dcab79c5" executionId="62fff074-2ba9-4406-8f1c-bf783420fefa" testListId="8c84fa94-04c1-424b-9868-57a2d4851a1d" />
    <TestEntry testId="282bb57e-d133-888b-e519-0243c5576d05" executionId="72c1e751-52a5-40d8-bfcd-22a2e6dba085" testListId="8c84fa94-04c1-424b-9868-57a2d4851a1d" />
    <TestEntry testId="16ec256c-6d28-fc49-d17c-2c900b50a53d" executionId="12d297e0-b6b9-42a4-9e07-1f23bbca36dd" testListId="8c84fa94-04c1-424b-9868-57a2d4851a1d" />
    <TestEntry testId="4da364d5-b85f-7346-9ccb-03cae68752d9" executionId="40daf85f-4dc5-432c-83a2-46aa5e5395c2" testListId="8c84fa94-04c1-424b-9868-57a2d4851a1d" />
    <TestEntry testId="11786da0-5406-630d-aab5-09ef5c3abcf8" executionId="3d4de784-64e5-43f0-aafe-0bb30186e7de" testListId="8c84fa94-04c1-424b-9868-57a2d4851a1d" />
    <TestEntry testId="3e7c0007-677c-a083-265e-40af6ecf42df" executionId="50f889e0-3235-4232-a7a5-97ad954ebf44" testListId="8c84fa94-04c1-424b-9868-57a2d4851a1d" />
    <TestEntry testId="0adb0d82-91ab-e4f3-e60b-717ad69383f1" executionId="e2a97398-b8c7-45cf-8025-4565e9689f3f" testListId="8c84fa94-04c1-424b-9868-57a2d4851a1d" />
    <TestEntry testId="2cc806e0-c12f-96b3-de57-a39e99b1ecc8" executionId="b93471ca-6548-41f7-8cda-e1ad04999771" testListId="8c84fa94-04c1-424b-9868-57a2d4851a1d" />
    <TestEntry testId="c220c206-6837-807d-0d17-3a367ae31058" executionId="cd35db25-167a-4713-9044-bea7cbe036b8" testListId="8c84fa94-04c1-424b-9868-57a2d4851a1d" />
    <TestEntry testId="163fe611-0b7a-3269-9bfe-67a5d2065d0a" executionId="7570c060-daf8-4e1e-a507-bdbe3fd77d61" testListId="8c84fa94-04c1-424b-9868-57a2d4851a1d" />
    <TestEntry testId="88a37945-c07f-6669-90c0-96159cfeddfd" executionId="0f882088-cb8e-4a02-a9c5-6257caaff963" testListId="8c84fa94-04c1-424b-9868-57a2d4851a1d" />
    <TestEntry testId="00d4e838-56aa-a9d5-b5c8-2dfda76adff0" executionId="5fa6b6c0-f6b4-4aac-9593-9e22e9b6dd59" testListId="8c84fa94-04c1-424b-9868-57a2d4851a1d" />
    <TestEntry testId="433685b0-1d9e-e35c-d2ae-f6dd02d1e366" executionId="4568025a-7cf3-4b4d-bbb3-d062e0add7e8" testListId="8c84fa94-04c1-424b-9868-57a2d4851a1d" />
    <TestEntry testId="4d44be0a-ec1c-3e78-0893-3b15b2aaa363" executionId="6affc293-9e64-44af-bb34-3865486727ee" testListId="8c84fa94-04c1-424b-9868-57a2d4851a1d" />
    <TestEntry testId="cf431198-7dbf-ac00-27fc-bb4059bb5363" executionId="ba4ca7a5-0f69-4758-8dcd-3488c770da31" testListId="8c84fa94-04c1-424b-9868-57a2d4851a1d" />
    <TestEntry testId="4d9c1331-7af6-c6f7-93cc-ee5d39483abb" executionId="975b4094-4cb5-4f1b-a33a-4ba7e31cf855" testListId="8c84fa94-04c1-424b-9868-57a2d4851a1d" />
    <TestEntry testId="3b4ab98e-2d63-3111-4f2b-6c99394aa505" executionId="6edf3836-1447-49c1-bc7a-fd20e9e11c49" testListId="8c84fa94-04c1-424b-9868-57a2d4851a1d" />
    <TestEntry testId="ad1bf023-d485-7f6b-8102-2411f729d6e4" executionId="11087eb5-e923-43d5-a4c6-97044928c58e" testListId="8c84fa94-04c1-424b-9868-57a2d4851a1d" />
    <TestEntry testId="88bb6b4e-2e4b-9c73-c38d-10fae1548447" executionId="8d0c709e-123f-417b-8d8f-b55d86a4e5a9" testListId="8c84fa94-04c1-424b-9868-57a2d4851a1d" />
    <TestEntry testId="82ccd57e-26ee-39a8-3927-9733043fc8c0" executionId="61464148-6f4f-4278-8e77-0bb186ded930" testListId="8c84fa94-04c1-424b-9868-57a2d4851a1d" />
    <TestEntry testId="fa6eaaa5-8a77-79d1-afc6-678a97e7a71f" executionId="90f1eba0-e575-4e13-bbcb-0a95864e105e" testListId="8c84fa94-04c1-424b-9868-57a2d4851a1d" />
    <TestEntry testId="7e6ffe50-13e5-267d-4aaa-c0c38f39dfbd" executionId="56bc663e-7215-4248-a367-2e7ab1de4107" testListId="8c84fa94-04c1-424b-9868-57a2d4851a1d" />
    <TestEntry testId="891b23dd-105a-5df6-c697-a1bc3afd6905" executionId="4041d2cc-7749-4f17-8102-0a3860f756ae" testListId="8c84fa94-04c1-424b-9868-57a2d4851a1d" />
    <TestEntry testId="dd9858be-513f-7b4a-13f6-b77bc553ccd8" executionId="d095c51d-8857-4f3f-9dae-cf2b20bc5c12" testListId="8c84fa94-04c1-424b-9868-57a2d4851a1d" />
    <TestEntry testId="61e3f2ce-3e30-cff9-1f67-8444dcd7c2fd" executionId="b88d222a-6599-421c-b5b0-7da91d598a38" testListId="8c84fa94-04c1-424b-9868-57a2d4851a1d" />
    <TestEntry testId="fde14a87-f892-0bcf-fc99-fa7f1f03d4d0" executionId="c37b4a09-869d-46be-8e6c-f3a58a59cfe9" testListId="8c84fa94-04c1-424b-9868-57a2d4851a1d" />
    <TestEntry testId="899a4e76-e05b-f6ce-d508-c44ed8364e9b" executionId="a5469859-b6a6-4189-bccd-633c03d2be1e" testListId="8c84fa94-04c1-424b-9868-57a2d4851a1d" />
    <TestEntry testId="9a92b3f7-bc53-db9a-722f-de0bad8ddcca" executionId="6c052a5c-a61c-4015-b206-fa5571dc8dfe" testListId="8c84fa94-04c1-424b-9868-57a2d4851a1d" />
    <TestEntry testId="de41927e-4cf0-5090-af46-1be1366f3288" executionId="6160c9fb-5bc6-4722-bc1d-9022c99b4793" testListId="8c84fa94-04c1-424b-9868-57a2d4851a1d" />
    <TestEntry testId="7a192fe3-3eee-7fe7-1cf9-b108116d4838" executionId="53ca855e-5de1-448b-863b-a154a90b6917" testListId="8c84fa94-04c1-424b-9868-57a2d4851a1d" />
    <TestEntry testId="fb5b22f2-7b93-c1e9-2643-43601644423e" executionId="c52280c4-d581-418b-80a4-23880d7ce974" testListId="8c84fa94-04c1-424b-9868-57a2d4851a1d" />
    <TestEntry testId="95068a31-5a52-2bf8-b311-76c36fd6ff0b" executionId="ffc1cc85-9064-4247-9ec6-a77d85bb48a3" testListId="8c84fa94-04c1-424b-9868-57a2d4851a1d" />
    <TestEntry testId="316d2245-5185-f5e8-a1c1-6726d9c82d45" executionId="7c0dda78-e54a-4468-a55a-ffe9c44a80fe" testListId="8c84fa94-04c1-424b-9868-57a2d4851a1d" />
    <TestEntry testId="f9e10c0d-8ac2-3512-0356-fcf9d86e1251" executionId="0336a144-430f-44bc-a29a-2854f82c2d33" testListId="8c84fa94-04c1-424b-9868-57a2d4851a1d" />
    <TestEntry testId="d481c182-94b0-8d2e-5e30-0d118504d7fd" executionId="7db67945-e334-40a6-8456-f2cbdd0151d8" testListId="8c84fa94-04c1-424b-9868-57a2d4851a1d" />
    <TestEntry testId="c778b01c-f3d8-fb72-0fc4-bbbeab382553" executionId="9779b792-5071-4c49-8156-9c026250ebda" testListId="8c84fa94-04c1-424b-9868-57a2d4851a1d" />
    <TestEntry testId="9d0e2df0-a255-6b08-76b1-70cef0994d90" executionId="5859c443-c3d0-492d-8adf-a76deb56acc6" testListId="8c84fa94-04c1-424b-9868-57a2d4851a1d" />
    <TestEntry testId="d34e1f3c-6aa4-904b-79ed-354dea40e36c" executionId="74948dd3-b479-458e-b4ad-1ed227e95060" testListId="8c84fa94-04c1-424b-9868-57a2d4851a1d" />
    <TestEntry testId="4b73483a-4e72-fb3a-3870-f36206c71126" executionId="c1a63beb-f0c7-498f-ac39-e44f95fcf515" testListId="8c84fa94-04c1-424b-9868-57a2d4851a1d" />
    <TestEntry testId="9a208849-da71-d3d1-c3b0-fa2d4720a4d5" executionId="22bf2ef1-3d60-49a5-96a8-5361efeb8ee4" testListId="8c84fa94-04c1-424b-9868-57a2d4851a1d" />
    <TestEntry testId="f2a9736e-3151-1d08-0826-96cb30bcdb23" executionId="ba9ed61b-cc77-417d-af31-911d6b290c87" testListId="8c84fa94-04c1-424b-9868-57a2d4851a1d" />
    <TestEntry testId="9f72b4dc-bdc5-e535-dfa2-9d17864553e8" executionId="3c86c085-bd01-4837-a455-a3eabaa03dd8" testListId="8c84fa94-04c1-424b-9868-57a2d4851a1d" />
    <TestEntry testId="969e1a10-e280-3158-fb9b-fb2f4cdd9a23" executionId="6e93abbd-e3c3-4db8-ba65-df83bc8c598f" testListId="8c84fa94-04c1-424b-9868-57a2d4851a1d" />
    <TestEntry testId="e03faa0d-fa1f-4f0c-4ead-ef54f4fcdf0e" executionId="b9dd3f41-b810-4891-b8f8-a58a995c78b7" testListId="8c84fa94-04c1-424b-9868-57a2d4851a1d" />
    <TestEntry testId="b38189fa-2435-bfd6-cb4c-9b8108375d04" executionId="eacdbef7-5025-498b-b85d-883f4dd8a16e" testListId="8c84fa94-04c1-424b-9868-57a2d4851a1d" />
    <TestEntry testId="85b8bc72-a9f3-181d-db61-bae6e8164e7b" executionId="bdba70f5-da92-4b29-a926-c35274ceaf07" testListId="8c84fa94-04c1-424b-9868-57a2d4851a1d" />
    <TestEntry testId="4c9444b3-33fb-97b5-c310-dba31fe06500" executionId="f923cfb4-063d-4188-9036-007ffa3d1a5a" testListId="8c84fa94-04c1-424b-9868-57a2d4851a1d" />
    <TestEntry testId="57c2a8af-4977-fcfe-8e7d-9433b0e29257" executionId="e9b3b932-6c99-4e61-b889-84a7286f7dea" testListId="8c84fa94-04c1-424b-9868-57a2d4851a1d" />
    <TestEntry testId="8b320c0c-3277-2b41-b2ea-eddf5778fd3d" executionId="33a7a662-27b9-4be4-af0f-eff945803e8b" testListId="8c84fa94-04c1-424b-9868-57a2d4851a1d" />
    <TestEntry testId="8fa6bd8e-c65e-f275-0f54-5cb2d12298a2" executionId="4fdb50ae-0ac0-4cb7-ae0c-e4b289dcf7d3" testListId="8c84fa94-04c1-424b-9868-57a2d4851a1d" />
    <TestEntry testId="1b4b65e8-e702-9cd3-f7f5-730baa59f5d1" executionId="757d4f3f-c0ac-4737-b829-832fe5ecaf42" testListId="8c84fa94-04c1-424b-9868-57a2d4851a1d" />
    <TestEntry testId="2c312251-7712-a397-6e63-679e5bbe62be" executionId="36477864-2ae3-4d98-88f5-8008dba4b050" testListId="8c84fa94-04c1-424b-9868-57a2d4851a1d" />
    <TestEntry testId="98376f6e-76c2-fbcc-25ed-c157e94f4fd9" executionId="2e8d8aa8-aede-4890-a2d4-350f809d94ea" testListId="8c84fa94-04c1-424b-9868-57a2d4851a1d" />
    <TestEntry testId="1cfce327-ccf1-c5ab-ada6-416b33332684" executionId="05d86195-56c4-4883-a5e1-1ceef188bef0" testListId="8c84fa94-04c1-424b-9868-57a2d4851a1d" />
    <TestEntry testId="05cc498c-6539-39b3-f8fe-7bafa5ad6d27" executionId="d51b0117-9d55-49c8-ab63-291ca0cd3289" testListId="8c84fa94-04c1-424b-9868-57a2d4851a1d" />
    <TestEntry testId="20e9e669-e39d-3c68-97a8-9a6c48db96c4" executionId="1403d041-a2a9-439e-bee8-0d9d389ce637" testListId="8c84fa94-04c1-424b-9868-57a2d4851a1d" />
    <TestEntry testId="72641d4d-c0a5-fbd8-4bd0-1bfe86ba14bc" executionId="f53741f2-da67-45af-8d74-c0f472cf6350" testListId="8c84fa94-04c1-424b-9868-57a2d4851a1d" />
    <TestEntry testId="ca2cc130-002a-c26f-0979-7d66dc7e7799" executionId="35df4651-c798-470c-956a-f681e54e19c8" testListId="8c84fa94-04c1-424b-9868-57a2d4851a1d" />
    <TestEntry testId="bb485838-67f1-24ad-84a0-2ec586a0d911" executionId="49982fad-f932-4d66-bdbd-53f7ca497c6a" testListId="8c84fa94-04c1-424b-9868-57a2d4851a1d" />
    <TestEntry testId="44c2bb21-aac6-2e3c-ac20-bd40bee59ccf" executionId="c5edc10f-6850-4ecd-b300-d0534409a683" testListId="8c84fa94-04c1-424b-9868-57a2d4851a1d" />
    <TestEntry testId="511f6cad-9729-e8a8-49c6-d38847f46acb" executionId="f6674b70-8f80-4413-acb6-701f0423eb5c" testListId="8c84fa94-04c1-424b-9868-57a2d4851a1d" />
    <TestEntry testId="bfc05492-d290-d572-1323-69a5b5adf7ec" executionId="73e7d0d8-7dfa-40f2-b312-c41ea43b07f3" testListId="8c84fa94-04c1-424b-9868-57a2d4851a1d" />
    <TestEntry testId="31887ae9-20c6-7ed9-9c14-3bc07051c430" executionId="44604707-b98d-40e9-a897-7c08759da5b8" testListId="8c84fa94-04c1-424b-9868-57a2d4851a1d" />
    <TestEntry testId="edb38351-102b-bca0-3671-469af9b60e84" executionId="11b9b38c-b3ad-45b7-9e37-437a6607c6ac" testListId="8c84fa94-04c1-424b-9868-57a2d4851a1d" />
    <TestEntry testId="0a5ce5a5-2195-5e63-4e99-55e082f335db" executionId="8e841fbc-5f9c-4143-b90e-ebc15b2057b1" testListId="8c84fa94-04c1-424b-9868-57a2d4851a1d" />
    <TestEntry testId="0dc596ec-674c-715b-237e-6e594969c7bc" executionId="10ebe046-0921-4b1b-88d7-11e28cebc490" testListId="8c84fa94-04c1-424b-9868-57a2d4851a1d" />
    <TestEntry testId="8a49fecd-904d-01c9-e38b-0ed42737dc1c" executionId="839472fe-d9d9-4375-b156-f7372e63015a" testListId="8c84fa94-04c1-424b-9868-57a2d4851a1d" />
    <TestEntry testId="9a4ffe36-6331-7f8a-21e5-c94673c165ec" executionId="ad17ed70-9872-4183-93de-94170e260976" testListId="8c84fa94-04c1-424b-9868-57a2d4851a1d" />
    <TestEntry testId="1eb63985-83f5-89de-1385-0a48e133609b" executionId="3e305d56-197d-41ca-bda0-5a43dae14315" testListId="8c84fa94-04c1-424b-9868-57a2d4851a1d" />
    <TestEntry testId="5896cb58-f892-6ed8-3326-9aad4500d863" executionId="82a56580-ce19-4d83-beb6-254c6c50883a" testListId="8c84fa94-04c1-424b-9868-57a2d4851a1d" />
    <TestEntry testId="162c49f3-c130-b793-9915-34f07150ae72" executionId="c0099e52-60de-425e-b863-ba8260f1e4bb" testListId="8c84fa94-04c1-424b-9868-57a2d4851a1d" />
    <TestEntry testId="49fd7ca7-ef96-fd3a-5558-a3edb2aea8e3" executionId="8e77946c-22ba-4003-b9ea-d8d338ceeac0" testListId="8c84fa94-04c1-424b-9868-57a2d4851a1d" />
    <TestEntry testId="ac312e22-08bf-544f-d926-1f69fd84c6d0" executionId="61550db4-c573-46ea-80fa-e4a0f427c81e" testListId="8c84fa94-04c1-424b-9868-57a2d4851a1d" />
    <TestEntry testId="42dbdf7a-12ff-9577-b9cd-b5cb91ba5025" executionId="6ed4f753-bf43-4f97-9b35-8395aa3e165e" testListId="8c84fa94-04c1-424b-9868-57a2d4851a1d" />
    <TestEntry testId="25823bbf-63f3-a9f8-665c-2d7fef10eda5" executionId="6e514ab9-3b4b-40d6-bfc0-145f888f4123" testListId="8c84fa94-04c1-424b-9868-57a2d4851a1d" />
    <TestEntry testId="b789f725-a4b3-0ced-9e37-b25d706a8fa5" executionId="85139f72-c9a5-493d-9402-1dfa77de7828" testListId="8c84fa94-04c1-424b-9868-57a2d4851a1d" />
    <TestEntry testId="8d0d285e-7dce-f6b3-fbdc-63ebe9d37b5d" executionId="35c90e0e-5a56-4ed8-b722-8e61cf2855c0" testListId="8c84fa94-04c1-424b-9868-57a2d4851a1d" />
    <TestEntry testId="91523274-5a20-7f51-c088-7964dc2d4a82" executionId="cba2fb59-c6fe-4f85-96b1-b4cf67d04b01" testListId="8c84fa94-04c1-424b-9868-57a2d4851a1d" />
    <TestEntry testId="94fe62b4-0c30-7b2b-2f7b-1cababe42b33" executionId="7dc6f104-1171-4fd5-9696-79ab88a45975" testListId="8c84fa94-04c1-424b-9868-57a2d4851a1d" />
    <TestEntry testId="32c45bba-c3f3-d667-f8a3-d7944e70fe06" executionId="5b3a7844-e946-46dc-ad9e-07a49c5c2967" testListId="8c84fa94-04c1-424b-9868-57a2d4851a1d" />
    <TestEntry testId="b304fa7d-6198-99d0-2dd1-a904ce4109e5" executionId="efc1730b-3ff4-4044-8632-92ae84d92f2a" testListId="8c84fa94-04c1-424b-9868-57a2d4851a1d" />
    <TestEntry testId="7202ba39-ab6d-4d79-673e-efdd041957c8" executionId="9f2d628b-f02f-4566-a0fe-91912163eba0" testListId="8c84fa94-04c1-424b-9868-57a2d4851a1d" />
    <TestEntry testId="d39743ba-9b1f-7cfa-b6e7-15f0f43b2685" executionId="7583b4c9-cb18-4176-a832-162ca0180c78" testListId="8c84fa94-04c1-424b-9868-57a2d4851a1d" />
    <TestEntry testId="35529ed1-9196-1b6d-8cd5-42b08536bd52" executionId="e9a53361-8396-4f4b-961c-69b8568cb70e" testListId="8c84fa94-04c1-424b-9868-57a2d4851a1d" />
    <TestEntry testId="08766167-cf9d-376b-0499-6370175a6d01" executionId="039ed34d-02fe-484a-8112-dc1335c974c8" testListId="8c84fa94-04c1-424b-9868-57a2d4851a1d" />
    <TestEntry testId="7037a1fe-d983-4774-164d-a361cedce862" executionId="476200c5-ea0a-42f9-b65f-25a05acaa708" testListId="8c84fa94-04c1-424b-9868-57a2d4851a1d" />
    <TestEntry testId="7dec56b2-28f8-fa15-a93f-9f1fda568e2b" executionId="6b3781e8-8da3-478e-bd2e-878525d18859" testListId="8c84fa94-04c1-424b-9868-57a2d4851a1d" />
    <TestEntry testId="a544a2a1-cea0-9162-1d59-36ab693cae9a" executionId="f96178a5-a1d1-4ad8-bd46-b0605846e167" testListId="8c84fa94-04c1-424b-9868-57a2d4851a1d" />
    <TestEntry testId="41bebae6-48fe-d1fe-949e-edee214e538f" executionId="456f9016-fc97-4edf-8f9c-aa18285005e5" testListId="8c84fa94-04c1-424b-9868-57a2d4851a1d" />
    <TestEntry testId="c29d1fa9-7dee-6d46-5394-58ea7bf82454" executionId="bcd0e0e6-80cc-40ee-92e1-43202f9779c3" testListId="8c84fa94-04c1-424b-9868-57a2d4851a1d" />
    <TestEntry testId="22ad216c-3ae2-4105-4b05-706a07bdb9be" executionId="58e2e07b-98d9-4258-bc84-eb2e61c60e34" testListId="8c84fa94-04c1-424b-9868-57a2d4851a1d" />
    <TestEntry testId="71c565b5-795a-090e-5347-10b074a0f212" executionId="6d7246e0-423f-4b30-8097-fcae377a29d6" testListId="8c84fa94-04c1-424b-9868-57a2d4851a1d" />
    <TestEntry testId="80799b00-b937-17ff-12f6-1004794440bb" executionId="1e258815-5ba0-48b6-9f23-1b642e22797d" testListId="8c84fa94-04c1-424b-9868-57a2d4851a1d" />
    <TestEntry testId="0c8199a2-9bcf-a526-cbd9-4aaccecfa9f6" executionId="04c50ac2-f568-4489-b697-b8f4c4579007" testListId="8c84fa94-04c1-424b-9868-57a2d4851a1d" />
    <TestEntry testId="029c1bae-e6bc-b036-b0ff-e82664dc264c" executionId="3563b065-54e3-479a-b196-293319429b20" testListId="8c84fa94-04c1-424b-9868-57a2d4851a1d" />
    <TestEntry testId="c1924540-a692-4a74-29ca-d1240a279bee" executionId="656685a8-63ee-408b-b32c-2fb8ac393228" testListId="8c84fa94-04c1-424b-9868-57a2d4851a1d" />
    <TestEntry testId="59023ad2-b02a-e857-05f5-08d5746c69e2" executionId="8ed59d6d-108f-4576-9c73-0ea82ef04e2a" testListId="8c84fa94-04c1-424b-9868-57a2d4851a1d" />
    <TestEntry testId="ed15b9ae-6085-dbba-978d-6742ac707c2e" executionId="9b2f277b-e5bf-4b52-98f5-71313cc7456d" testListId="8c84fa94-04c1-424b-9868-57a2d4851a1d" />
    <TestEntry testId="9cdfe4fd-e3eb-9be8-7549-be648d82e1bb" executionId="aa5f06c3-13a9-4d2d-a261-354fcb0ba3ca" testListId="8c84fa94-04c1-424b-9868-57a2d4851a1d" />
    <TestEntry testId="9dacf532-0405-bca1-e67e-e24e30d53155" executionId="d667497b-0825-4425-8f19-376034097110" testListId="8c84fa94-04c1-424b-9868-57a2d4851a1d" />
    <TestEntry testId="6dbf53be-6748-ba54-b24a-bd80a54fafbd" executionId="16a7cd41-2937-4b1b-bad9-01cdc12782ae" testListId="8c84fa94-04c1-424b-9868-57a2d4851a1d" />
    <TestEntry testId="717b5bad-e9d4-5353-c548-53c611bfb475" executionId="02329604-f09a-4335-bee7-fab5d1cfa8d5" testListId="8c84fa94-04c1-424b-9868-57a2d4851a1d" />
    <TestEntry testId="f88bf8b8-f8c0-1932-5560-0d61dc81fcf2" executionId="6d693af0-d08d-4150-b56d-a0ff21b6c91f" testListId="8c84fa94-04c1-424b-9868-57a2d4851a1d" />
    <TestEntry testId="1427b34d-7d1b-a56e-5fef-659d55dc7205" executionId="9426d464-c4dc-4cef-8519-46ce8053de55" testListId="8c84fa94-04c1-424b-9868-57a2d4851a1d" />
    <TestEntry testId="6b2bd6d4-267f-5b0e-95e5-99258af8f3e4" executionId="0c787652-60cc-439f-8e6e-0913426aec4a" testListId="8c84fa94-04c1-424b-9868-57a2d4851a1d" />
    <TestEntry testId="bf937dba-ff18-3406-bf68-09a1705b6b26" executionId="08fac7b0-3fb4-499f-9b03-cf154cd65791" testListId="8c84fa94-04c1-424b-9868-57a2d4851a1d" />
    <TestEntry testId="333afe88-a3dc-4458-484b-4955af7fab66" executionId="9c22152b-9ce1-412e-afdd-3824cec25146" testListId="8c84fa94-04c1-424b-9868-57a2d4851a1d" />
    <TestEntry testId="91c1bd02-0e9e-0d6a-6382-c916c0fde087" executionId="ab244669-d23e-45c1-b500-398478d09982" testListId="8c84fa94-04c1-424b-9868-57a2d4851a1d" />
    <TestEntry testId="31092c89-7649-5e72-9470-0cc470f95682" executionId="e40dfc53-b3cc-40d6-94ad-937feb900979" testListId="8c84fa94-04c1-424b-9868-57a2d4851a1d" />
    <TestEntry testId="241ad267-4429-ce26-8d5f-d8cab70d8cd5" executionId="d1b403af-5df7-48fd-b090-7a994e4a033c" testListId="8c84fa94-04c1-424b-9868-57a2d4851a1d" />
    <TestEntry testId="7326a1dd-bd4e-4b57-1528-8a70cb040e08" executionId="c7f6d937-a80e-42c9-b3fd-a7e18c98cecd" testListId="8c84fa94-04c1-424b-9868-57a2d4851a1d" />
    <TestEntry testId="eacd27f9-a222-6c60-c1be-3ec90b12ca41" executionId="0d1918ed-089d-45ea-a106-a3ace73b6a5b" testListId="8c84fa94-04c1-424b-9868-57a2d4851a1d" />
    <TestEntry testId="cf014328-6c7f-46c0-3290-cd106bfbad60" executionId="5809de96-96aa-4759-825a-c754690f0480" testListId="8c84fa94-04c1-424b-9868-57a2d4851a1d" />
    <TestEntry testId="48f840c8-a855-ff70-169b-8ae167d1f29a" executionId="779a5600-efbd-4c1f-be76-b527560c8a67" testListId="8c84fa94-04c1-424b-9868-57a2d4851a1d" />
    <TestEntry testId="1504a585-4c7a-48e0-5133-646cfee3029a" executionId="301fe90f-b544-4d3a-bae0-5c26211cc246" testListId="8c84fa94-04c1-424b-9868-57a2d4851a1d" />
    <TestEntry testId="39852a30-b536-3c6f-f3b4-3590484da938" executionId="18980d34-9c03-4ec3-81d1-86e00681438b" testListId="8c84fa94-04c1-424b-9868-57a2d4851a1d" />
    <TestEntry testId="04f0c02f-1078-0b25-cf90-55e18402ce8b" executionId="dd5e9d11-9868-405f-a3cb-258388260e17" testListId="8c84fa94-04c1-424b-9868-57a2d4851a1d" />
    <TestEntry testId="b762dbe9-a06a-661f-d36e-d76e0430796a" executionId="d08f54db-b4df-4afd-a97e-2f480f9d51c9" testListId="8c84fa94-04c1-424b-9868-57a2d4851a1d" />
    <TestEntry testId="f26cf6ed-4bc3-f164-6a76-77b33cc219ef" executionId="f88c1700-8b9e-470c-8030-c1567ba462b7" testListId="8c84fa94-04c1-424b-9868-57a2d4851a1d" />
    <TestEntry testId="5e8fdd90-7c05-2079-96b3-070c0b38d498" executionId="7844cced-994e-4c5c-9a4e-9dd61786d9c5" testListId="8c84fa94-04c1-424b-9868-57a2d4851a1d" />
    <TestEntry testId="81c336af-96f2-a6b3-00ae-c4cc60a9a3c8" executionId="aefcc62b-2d3e-4253-acb3-6de367b80e23" testListId="8c84fa94-04c1-424b-9868-57a2d4851a1d" />
    <TestEntry testId="151af238-8a75-e9b4-b0d0-20c77f14b600" executionId="53cfaeb5-f917-40ff-a508-82a65b666b45" testListId="8c84fa94-04c1-424b-9868-57a2d4851a1d" />
    <TestEntry testId="420ec442-5049-c578-0359-9822b20ffc3a" executionId="20f4fe92-c1eb-4e66-902d-735f3000bdab" testListId="8c84fa94-04c1-424b-9868-57a2d4851a1d" />
    <TestEntry testId="f8d934f7-65a0-4562-4f88-5466f3921cc7" executionId="009c1a04-a612-4c17-936f-2169e23ce18d" testListId="8c84fa94-04c1-424b-9868-57a2d4851a1d" />
    <TestEntry testId="ad6e0c0f-a20a-9df4-ec89-afbc4b3bd66c" executionId="06bbcf4f-8425-4f4b-a8bc-d904a6fc1259" testListId="8c84fa94-04c1-424b-9868-57a2d4851a1d" />
    <TestEntry testId="360dc061-1e5a-92a2-d75f-e366c65cb021" executionId="677c44aa-8e1b-401d-a7b8-f4d7e0000636" testListId="8c84fa94-04c1-424b-9868-57a2d4851a1d" />
    <TestEntry testId="84104531-1c58-0af6-8c77-d96e2242d788" executionId="f793363c-01fe-493d-ba84-891077231121" testListId="8c84fa94-04c1-424b-9868-57a2d4851a1d" />
    <TestEntry testId="9cad5309-488b-8271-278c-e2b07bdc5866" executionId="2afa5f52-3d2e-4dd0-a4d5-a9ec02cb2326" testListId="8c84fa94-04c1-424b-9868-57a2d4851a1d" />
    <TestEntry testId="ee7946c9-33ca-bab1-a339-33b8521f92d8" executionId="009d52df-0a4a-4aa7-881c-bc86699fb4fd" testListId="8c84fa94-04c1-424b-9868-57a2d4851a1d" />
    <TestEntry testId="0e91415e-f199-57eb-e855-e2604f0d991e" executionId="10a174de-d7e8-4b0c-a6a2-77cdf02a0aa2" testListId="8c84fa94-04c1-424b-9868-57a2d4851a1d" />
    <TestEntry testId="844e9e59-1585-c461-94f7-b43dbe6bb96a" executionId="9c56bf17-08a6-40b2-af45-01561daf6cbc" testListId="8c84fa94-04c1-424b-9868-57a2d4851a1d" />
    <TestEntry testId="bbc17e8b-87b1-b4aa-c89b-84718ede38c9" executionId="617a7a9a-4f89-44f5-b822-4d993af2dcd9" testListId="8c84fa94-04c1-424b-9868-57a2d4851a1d" />
    <TestEntry testId="ff018f81-d0c0-93eb-3688-0ef9913a4df6" executionId="84093ea6-058b-4f88-8502-ef7b3a601a1c" testListId="8c84fa94-04c1-424b-9868-57a2d4851a1d" />
    <TestEntry testId="22af29f4-5ff0-9c60-6aa7-5d54a4f7714d" executionId="03bcb478-3f20-4f9c-b59c-1dd0bc91a726" testListId="8c84fa94-04c1-424b-9868-57a2d4851a1d" />
    <TestEntry testId="7c630d02-72da-0998-7ece-ed662c483c4c" executionId="cfcbded0-7c15-4497-af41-5e64b59f87f0" testListId="8c84fa94-04c1-424b-9868-57a2d4851a1d" />
    <TestEntry testId="2d23ef32-0ced-c5ac-310c-71abca39c102" executionId="9ae28a70-c071-4c41-b68c-1bdad22d9be9" testListId="8c84fa94-04c1-424b-9868-57a2d4851a1d" />
    <TestEntry testId="f26f04ab-b9df-9393-c3f2-baf97db05c58" executionId="53d0621a-9320-4102-9744-31330c3fd671" testListId="8c84fa94-04c1-424b-9868-57a2d4851a1d" />
    <TestEntry testId="7f35d51d-0909-0fa9-5568-03150b0ebd6f" executionId="452eb7f8-2158-4996-8284-b49fdf9d3a6e" testListId="8c84fa94-04c1-424b-9868-57a2d4851a1d" />
    <TestEntry testId="b5bd9ae2-5ddc-2f60-5ce4-fb7071e535da" executionId="62aeb30a-afcf-4844-93f3-6244627396b5" testListId="8c84fa94-04c1-424b-9868-57a2d4851a1d" />
    <TestEntry testId="f64c1fd7-12cc-a212-d01f-ac80040d25e4" executionId="a9a57db6-a7ca-4209-bbf9-b4724eadcde5" testListId="8c84fa94-04c1-424b-9868-57a2d4851a1d" />
    <TestEntry testId="986f7b6a-3032-f2c0-c46e-98ee9342dcd2" executionId="6f0435b3-76f3-4c17-b28d-c4d8853f6fb6" testListId="8c84fa94-04c1-424b-9868-57a2d4851a1d" />
    <TestEntry testId="b7571ae8-6002-7aa9-2612-efd1f8c63d0c" executionId="18b20df9-d5e7-48f9-ad47-e1bf255c9536" testListId="8c84fa94-04c1-424b-9868-57a2d4851a1d" />
    <TestEntry testId="d447ed1f-b271-67e2-fde5-342b270afe96" executionId="4ac950b6-da1a-4a86-b6d1-1ce53cde550f" testListId="8c84fa94-04c1-424b-9868-57a2d4851a1d" />
    <TestEntry testId="7a72666b-01cb-ded4-c8dd-447baa7a08af" executionId="f4155432-8fbd-4343-b84f-085a0010ad90" testListId="8c84fa94-04c1-424b-9868-57a2d4851a1d" />
    <TestEntry testId="8e8c7756-81ac-a2ba-2320-9253d3879759" executionId="9206605b-9292-413d-a5ef-c37a383188df" testListId="8c84fa94-04c1-424b-9868-57a2d4851a1d" />
    <TestEntry testId="51e6733a-a1e4-c7f7-f4b8-968a1c0e894c" executionId="c6209107-dc2c-49a6-91ec-08bf2aea2859" testListId="8c84fa94-04c1-424b-9868-57a2d4851a1d" />
    <TestEntry testId="eb955ae4-37f7-be88-83fd-2dbe848a8790" executionId="706c1822-5b30-481c-8aa5-46a9bba4486b" testListId="8c84fa94-04c1-424b-9868-57a2d4851a1d" />
    <TestEntry testId="272aaded-d481-3bae-be4c-2ab48d71ff45" executionId="7b3d4e17-b846-4247-8bce-8359ddea165f" testListId="8c84fa94-04c1-424b-9868-57a2d4851a1d" />
    <TestEntry testId="7e6279c3-d464-50ea-b865-41700059ea65" executionId="43f0eb6a-1465-43e4-8029-0243658719ff" testListId="8c84fa94-04c1-424b-9868-57a2d4851a1d" />
    <TestEntry testId="5096ea8d-6b1b-a30c-19cb-2fe81d1d337f" executionId="445d2f17-74da-471b-a085-15c8ac14a43c" testListId="8c84fa94-04c1-424b-9868-57a2d4851a1d" />
    <TestEntry testId="ef85acb5-417f-1c28-fb82-39873d6b3be4" executionId="784fa490-41e5-48a5-9583-4b78a1840cf2" testListId="8c84fa94-04c1-424b-9868-57a2d4851a1d" />
    <TestEntry testId="5ab15bf6-1a57-ef3a-8af0-9b84ae92299f" executionId="f22ef3c9-a76d-4156-a0f7-9465f9d542d1" testListId="8c84fa94-04c1-424b-9868-57a2d4851a1d" />
    <TestEntry testId="b4a2c0ed-5cfa-8b9b-c836-5c26ee5c04c2" executionId="79b48623-94cd-4efe-b648-3017fa0d8742" testListId="8c84fa94-04c1-424b-9868-57a2d4851a1d" />
    <TestEntry testId="96a29e1d-e886-6cbb-2226-9ba29c11a1cf" executionId="d191d44b-3d06-4b9f-95b9-93dcf3b32176" testListId="8c84fa94-04c1-424b-9868-57a2d4851a1d" />
    <TestEntry testId="f312755c-0ac6-5ae5-da43-bcc9575efd8c" executionId="1ad132c4-40b6-436a-93a4-ab3c5465c55d" testListId="8c84fa94-04c1-424b-9868-57a2d4851a1d" />
    <TestEntry testId="69f9f863-01ee-a67d-ceb4-ef8195beb81a" executionId="457ae9b7-f25d-4c84-a328-67a4c4437cda" testListId="8c84fa94-04c1-424b-9868-57a2d4851a1d" />
    <TestEntry testId="521ae62d-2261-c3ba-2dcf-bb6054962fad" executionId="7c504f98-afc6-4473-88b1-4f3983325539" testListId="8c84fa94-04c1-424b-9868-57a2d4851a1d" />
    <TestEntry testId="aaf935f8-5c0d-19c0-ed0a-21b191b0bc8e" executionId="4450c1a3-173f-470f-8692-ab7d0bfd27b7" testListId="8c84fa94-04c1-424b-9868-57a2d4851a1d" />
    <TestEntry testId="a999ecce-b1a8-d4b4-8462-d030e6f90d8f" executionId="ce4d03d9-60e0-4626-a393-c395dc561093" testListId="8c84fa94-04c1-424b-9868-57a2d4851a1d" />
    <TestEntry testId="5cf65217-d72f-2b91-2670-ba0d9550400a" executionId="bf4bae36-2a53-486f-af72-dd6709f189ed" testListId="8c84fa94-04c1-424b-9868-57a2d4851a1d" />
    <TestEntry testId="4a25d97a-3271-7879-8062-f45e62618a50" executionId="f53661cd-64c7-435d-b10c-6991b987fab2" testListId="8c84fa94-04c1-424b-9868-57a2d4851a1d" />
    <TestEntry testId="0c511e34-5d8d-9eba-51d0-e78df33fd1ad" executionId="6736d26d-9400-4f4c-b37c-ced4bdb06d0e" testListId="8c84fa94-04c1-424b-9868-57a2d4851a1d" />
    <TestEntry testId="283c501e-ff4f-2211-3a99-ef02ae643795" executionId="2f00b720-ff58-4ce3-a31e-4826320f6e1a" testListId="8c84fa94-04c1-424b-9868-57a2d4851a1d" />
    <TestEntry testId="edd4899d-f794-8e04-93c2-bdb4899d3bb2" executionId="b716ef44-e62a-4bba-a0b9-bb1f206debb5" testListId="8c84fa94-04c1-424b-9868-57a2d4851a1d" />
    <TestEntry testId="fd3af2b0-c5c8-0b6d-ff09-e443cc7f7c80" executionId="079bf338-c11e-4ecc-a4ca-94fc8405fd4b" testListId="8c84fa94-04c1-424b-9868-57a2d4851a1d" />
    <TestEntry testId="b920428f-6304-1aea-7a34-e7dc11142cec" executionId="56130d05-0d4f-41b7-b014-1486994838ae" testListId="8c84fa94-04c1-424b-9868-57a2d4851a1d" />
    <TestEntry testId="edc27674-c8d6-c901-fb6f-19f3f804ba75" executionId="488cde96-8a25-449e-bbb0-a92b89f892f2" testListId="8c84fa94-04c1-424b-9868-57a2d4851a1d" />
    <TestEntry testId="47810429-fd7e-6199-8ef3-b243f40bc945" executionId="43753105-93f7-408b-8841-d50b309bee95" testListId="8c84fa94-04c1-424b-9868-57a2d4851a1d" />
    <TestEntry testId="96588618-6a04-41f6-8403-437d33f8c35e" executionId="30834cb5-6017-483f-9152-922518a91c18" testListId="8c84fa94-04c1-424b-9868-57a2d4851a1d" />
    <TestEntry testId="ac9ae4ab-31c8-2758-09a9-bfa10a48cdc4" executionId="7396aee0-2a5d-48e6-80f3-bae61231517b" testListId="8c84fa94-04c1-424b-9868-57a2d4851a1d" />
    <TestEntry testId="d26da63e-d5da-496c-457c-fe7c7759871b" executionId="e6b93d5b-1ff8-4428-9f80-b1b1fcec6262" testListId="8c84fa94-04c1-424b-9868-57a2d4851a1d" />
    <TestEntry testId="8a699206-1620-0a0e-de3b-32ffbb026272" executionId="cef47a23-8b4c-49f6-9131-2f9d2f0121a2" testListId="8c84fa94-04c1-424b-9868-57a2d4851a1d" />
    <TestEntry testId="8f685343-fb60-de39-a7db-71ba80ff7236" executionId="59a978a1-441e-4ecb-bfb8-1065ef252ed7" testListId="8c84fa94-04c1-424b-9868-57a2d4851a1d" />
    <TestEntry testId="f0aba45e-c90c-1a55-ce4e-6d228990c311" executionId="09bac70c-47b4-4c55-add5-d96edd07ed79" testListId="8c84fa94-04c1-424b-9868-57a2d4851a1d" />
    <TestEntry testId="5bd257a6-1c56-a66f-8873-e44c97ab205e" executionId="5f97d63f-fa13-4ae2-94dc-18da0fd1b3f9" testListId="8c84fa94-04c1-424b-9868-57a2d4851a1d" />
    <TestEntry testId="50d4eb82-d121-3f01-0927-8be2b6e6c956" executionId="98cd011b-e582-4337-adea-1acf8478cbb4" testListId="8c84fa94-04c1-424b-9868-57a2d4851a1d" />
    <TestEntry testId="302a6e0a-8ea0-8b44-3905-129f19200621" executionId="3d4c945a-12e2-48ae-a72c-9500477d4881" testListId="8c84fa94-04c1-424b-9868-57a2d4851a1d" />
    <TestEntry testId="1cb37ccd-7248-3164-3c3f-01ab0cd8e4ed" executionId="c73ff7c5-ce11-4f8d-bd83-bb1df3764f2f" testListId="8c84fa94-04c1-424b-9868-57a2d4851a1d" />
    <TestEntry testId="61c392fe-871f-a9ee-eb4e-3bd86bc7ee49" executionId="f92d98f7-0cc7-402d-8d65-dd59b0c3cc3b" testListId="8c84fa94-04c1-424b-9868-57a2d4851a1d" />
    <TestEntry testId="1934df48-a078-9565-da4e-70c17c83724d" executionId="42d293ed-bf55-434b-8002-a95164b642be" testListId="8c84fa94-04c1-424b-9868-57a2d4851a1d" />
    <TestEntry testId="ffb5699b-5c50-1f0e-b176-5e7ec067a664" executionId="83ae3b8e-cadc-44f4-81eb-305bc5997679" testListId="8c84fa94-04c1-424b-9868-57a2d4851a1d" />
    <TestEntry testId="07aaeae1-8c5b-9c03-6b5a-3532a36650ed" executionId="a57fdd75-ccf9-4ad6-bc25-ee31cd60243d" testListId="8c84fa94-04c1-424b-9868-57a2d4851a1d" />
    <TestEntry testId="36383c79-7d7f-26bb-ca54-1465da84cd78" executionId="835df7c8-6524-4d71-a372-fbcf3411eed3" testListId="8c84fa94-04c1-424b-9868-57a2d4851a1d" />
    <TestEntry testId="8d04fe2f-c2c4-0b52-2dab-6674a8fd203f" executionId="6b20ebb2-e5f7-4406-92ac-10ed211999e1" testListId="8c84fa94-04c1-424b-9868-57a2d4851a1d" />
    <TestEntry testId="b1c8dc77-ed41-95cf-d616-8d9dfb2f8fb0" executionId="369fe40c-1e9d-449a-87eb-6e1e6cd905ad" testListId="8c84fa94-04c1-424b-9868-57a2d4851a1d" />
    <TestEntry testId="8e43872b-4d07-5c2b-ec10-798e1f99f5f2" executionId="bd2437dd-6d60-4e67-9ee2-94f9e90d7130" testListId="8c84fa94-04c1-424b-9868-57a2d4851a1d" />
    <TestEntry testId="35aa9369-1f4d-d530-d56e-b0a01d7f7f9f" executionId="7edb696c-810d-4047-972a-ea766641d4fc" testListId="8c84fa94-04c1-424b-9868-57a2d4851a1d" />
    <TestEntry testId="29dea64e-1f58-2fc3-5bc5-d307c2a3c94f" executionId="7e2a0656-e29a-467a-89b4-c3b15738c32c" testListId="8c84fa94-04c1-424b-9868-57a2d4851a1d" />
    <TestEntry testId="3992a554-6b97-b5d2-6d1c-27762340b97f" executionId="366764fc-b7e6-427e-983d-09807ce76e5d" testListId="8c84fa94-04c1-424b-9868-57a2d4851a1d" />
    <TestEntry testId="c3c01d65-7253-cdfa-9962-1387b60c5797" executionId="7a030ab7-7024-4640-ac8a-31ade285a321" testListId="8c84fa94-04c1-424b-9868-57a2d4851a1d" />
    <TestEntry testId="dbdcf15e-149a-a070-ffe8-a0b2d7f951b9" executionId="e2ceaa77-e283-4a29-8068-547681cd3097" testListId="8c84fa94-04c1-424b-9868-57a2d4851a1d" />
    <TestEntry testId="79b97bbf-1711-cf69-9676-af2adceaf86b" executionId="b1c85fb7-e0d6-4383-b7cd-d1cbcab64a61" testListId="8c84fa94-04c1-424b-9868-57a2d4851a1d" />
    <TestEntry testId="4602c6d7-066d-bd71-947e-ca66671df38b" executionId="2d2dab64-aed0-41e8-a99f-b5f0da7d663d" testListId="8c84fa94-04c1-424b-9868-57a2d4851a1d" />
    <TestEntry testId="9373dfa4-c0c2-4e54-97c7-a2fa56b47b0a" executionId="c47d80d6-9ce4-420f-b3a2-f9e208e57870" testListId="8c84fa94-04c1-424b-9868-57a2d4851a1d" />
    <TestEntry testId="17673a6e-a2e6-0816-8718-aff0fd80933f" executionId="9e6a4100-6fb1-42c8-b90c-5d75700e14b7" testListId="8c84fa94-04c1-424b-9868-57a2d4851a1d" />
    <TestEntry testId="09e8c262-f311-9656-c0d2-9043585cc6a9" executionId="c50d6309-4edf-44b3-9ad3-84b4fb01f9cd" testListId="8c84fa94-04c1-424b-9868-57a2d4851a1d" />
    <TestEntry testId="d231eafb-9271-6c32-0279-dd2856c57f89" executionId="23f15548-42bb-48cc-8793-31e3f83fcf13" testListId="8c84fa94-04c1-424b-9868-57a2d4851a1d" />
    <TestEntry testId="3c24032a-163e-1b84-6d78-d0859b963086" executionId="490ca196-a723-4efe-8add-9fb1730c1861" testListId="8c84fa94-04c1-424b-9868-57a2d4851a1d" />
    <TestEntry testId="b0ce108f-789b-48b2-f82a-217620b9e195" executionId="aa0a129f-1539-4b1c-b58e-2cebd7c51dc2" testListId="8c84fa94-04c1-424b-9868-57a2d4851a1d" />
    <TestEntry testId="658cf626-68dd-43ff-b85d-913ae52a17ba" executionId="d179ac66-1ed7-40d6-8c2d-f7642d1a9e9b" testListId="8c84fa94-04c1-424b-9868-57a2d4851a1d" />
    <TestEntry testId="07f1c317-ea44-fe18-0bb9-ef2f1ebbd128" executionId="0be26b10-7a74-4215-a672-4354d97fd5db" testListId="8c84fa94-04c1-424b-9868-57a2d4851a1d" />
    <TestEntry testId="335ff2e6-8a3c-c73a-b7f9-4c49b40895fc" executionId="ded9119e-cccb-4a6d-97f8-53c2e236bfee" testListId="8c84fa94-04c1-424b-9868-57a2d4851a1d" />
    <TestEntry testId="11444bc4-df27-119b-eb28-1f5dd20ba826" executionId="c6f04071-3643-4eba-9eed-10d3055ce66e" testListId="8c84fa94-04c1-424b-9868-57a2d4851a1d" />
    <TestEntry testId="540993ed-f565-f903-8378-19b16817c247" executionId="67e39139-aeaf-49d0-88f8-52835e722a72" testListId="8c84fa94-04c1-424b-9868-57a2d4851a1d" />
    <TestEntry testId="f437491c-d6f7-a6e1-9c41-132eea302b3f" executionId="aff52804-a663-42cb-906c-ca5336792b9a" testListId="8c84fa94-04c1-424b-9868-57a2d4851a1d" />
    <TestEntry testId="5cf6ee26-5261-b6b6-e08d-25357108bb88" executionId="5c41c2b7-6b2c-4361-978a-80d00fd8110b" testListId="8c84fa94-04c1-424b-9868-57a2d4851a1d" />
    <TestEntry testId="7a9ffa30-c336-9add-067f-398d3b3a8c3b" executionId="c4c4cd0d-9e42-48e5-add3-d279b42f9004" testListId="8c84fa94-04c1-424b-9868-57a2d4851a1d" />
    <TestEntry testId="a0c79d34-81a7-c451-037d-d191ad713823" executionId="d78265a1-2bec-4b49-9626-d8f184f7df11" testListId="8c84fa94-04c1-424b-9868-57a2d4851a1d" />
    <TestEntry testId="f28867c4-8795-4b9d-e32f-f7297dca1dec" executionId="7abf4966-3d64-47b2-9e6f-135a729427b1" testListId="8c84fa94-04c1-424b-9868-57a2d4851a1d" />
    <TestEntry testId="2933cc24-bba8-c0cb-bb09-05d3b1fea596" executionId="3297c695-2b2e-4c4b-85d8-34093b61920c" testListId="8c84fa94-04c1-424b-9868-57a2d4851a1d" />
    <TestEntry testId="c5fe51b1-6fa3-2fbe-aac4-21fc146168fd" executionId="036582e8-0cc8-4835-af37-d03b083e7260" testListId="8c84fa94-04c1-424b-9868-57a2d4851a1d" />
    <TestEntry testId="a1c6ce51-b390-749c-29b1-7e0d7a3971bc" executionId="7b77c74a-0e94-4302-96a4-fb763d0d0ea4" testListId="8c84fa94-04c1-424b-9868-57a2d4851a1d" />
    <TestEntry testId="141df5e6-a59b-df73-5f60-ae8b8ac3134e" executionId="fe7f0b04-61ce-47ee-8e7c-ff9bf93d19d6" testListId="8c84fa94-04c1-424b-9868-57a2d4851a1d" />
    <TestEntry testId="12609c56-24c0-1a57-795a-b6f830c75fd4" executionId="79694047-2391-41d2-ad0e-50dcc53b468e" testListId="8c84fa94-04c1-424b-9868-57a2d4851a1d" />
    <TestEntry testId="e31455ac-8ca8-466c-ccac-60578dbace23" executionId="7c8713ef-0b15-4bb5-bd7c-5117af7b09f0" testListId="8c84fa94-04c1-424b-9868-57a2d4851a1d" />
    <TestEntry testId="0283c0aa-d353-0b34-b393-c61ee1f6e6ff" executionId="433fb95e-d3b7-4ad5-837d-796d63ec6884" testListId="8c84fa94-04c1-424b-9868-57a2d4851a1d" />
    <TestEntry testId="4b8198fb-5f43-d709-3bc9-bf893f8ef757" executionId="5eb1b9f2-e8bc-4a43-a5d6-ee45e88033c8" testListId="8c84fa94-04c1-424b-9868-57a2d4851a1d" />
    <TestEntry testId="d6967643-dd34-a965-ca80-116f309dc7d8" executionId="fc957855-4ce0-415f-a07e-042ca7bcd79d" testListId="8c84fa94-04c1-424b-9868-57a2d4851a1d" />
    <TestEntry testId="46109182-73b6-75ed-f0b9-4d03782d7020" executionId="04115f59-f406-48db-b46b-abd9ae9cebdf" testListId="8c84fa94-04c1-424b-9868-57a2d4851a1d" />
    <TestEntry testId="78014a8b-6e4a-5e73-ff1f-98c1c82dbc24" executionId="61698b6e-2614-45c1-a075-d75b754b1ca4" testListId="8c84fa94-04c1-424b-9868-57a2d4851a1d" />
    <TestEntry testId="b1f45575-b840-213e-88cd-236fe44665cf" executionId="1aaf9387-4c40-4e00-8f3c-ee07b2f14ea8" testListId="8c84fa94-04c1-424b-9868-57a2d4851a1d" />
    <TestEntry testId="de5619fc-dbbc-6e7b-bb20-d406f48b87c5" executionId="f26d8924-797c-4292-bcdf-4f06c0380d51" testListId="8c84fa94-04c1-424b-9868-57a2d4851a1d" />
    <TestEntry testId="db3714f5-f9f2-e586-6b97-2b38910e8a61" executionId="1d570811-b09a-4fed-9eca-3a7f959989b2" testListId="8c84fa94-04c1-424b-9868-57a2d4851a1d" />
    <TestEntry testId="57c759e0-82dd-fd30-f038-b72c3d18716d" executionId="8c2a6df8-b181-482e-951c-6e7b37bf9c85" testListId="8c84fa94-04c1-424b-9868-57a2d4851a1d" />
    <TestEntry testId="f981eadb-eb92-2a95-3b3b-5b441cb4c18d" executionId="88f4729e-e5d8-40e7-92ef-807cfac3c725" testListId="8c84fa94-04c1-424b-9868-57a2d4851a1d" />
    <TestEntry testId="293c5939-981b-6970-e7e8-7f3306928356" executionId="cb692fb5-824a-489c-befb-f4b38d1b8f34" testListId="8c84fa94-04c1-424b-9868-57a2d4851a1d" />
    <TestEntry testId="9bd19205-fa0b-32cb-e197-dcc76292bb41" executionId="c942880d-9400-428a-8e9d-f990f9f85964" testListId="8c84fa94-04c1-424b-9868-57a2d4851a1d" />
    <TestEntry testId="56a670b4-3a02-7143-06b6-815c4be74d78" executionId="d7ef826f-4c01-4f54-b7d8-645baf6b13fc" testListId="8c84fa94-04c1-424b-9868-57a2d4851a1d" />
    <TestEntry testId="ce33ec16-b5fb-b7e2-2c85-5f8ef552fcac" executionId="252097d3-6769-42ce-99cb-de8d7157ee6c" testListId="8c84fa94-04c1-424b-9868-57a2d4851a1d" />
    <TestEntry testId="857f7605-b405-9dbd-d642-40693cf0000d" executionId="9cf14321-3bd8-436e-b8d5-9a19b8b86043" testListId="8c84fa94-04c1-424b-9868-57a2d4851a1d" />
    <TestEntry testId="34516bde-68c3-8cd2-7950-9618f48b367d" executionId="a499ed79-8b68-4190-a6ce-fd384175b01d" testListId="8c84fa94-04c1-424b-9868-57a2d4851a1d" />
    <TestEntry testId="102a8c68-b878-5c76-c00e-6c1a908c0f90" executionId="b62dd173-7f06-44ec-93bb-0af322483eea" testListId="8c84fa94-04c1-424b-9868-57a2d4851a1d" />
    <TestEntry testId="a5f9008c-2368-420c-426f-4706e7e72549" executionId="d7795dd7-50ad-4397-a747-9e7b564ca380" testListId="8c84fa94-04c1-424b-9868-57a2d4851a1d" />
    <TestEntry testId="1a7be7ad-f3ad-70a9-a503-78b0ffdbe588" executionId="96e6c6ba-5af5-4fad-8eef-0812668e5440" testListId="8c84fa94-04c1-424b-9868-57a2d4851a1d" />
    <TestEntry testId="21b88d1a-a72f-b873-7765-95fcdec7a0a6" executionId="60cac534-7bde-4ca9-984f-30e881c68fc5" testListId="8c84fa94-04c1-424b-9868-57a2d4851a1d" />
    <TestEntry testId="3f0db4cf-74bd-5a98-1c72-8b80d6697b10" executionId="d12c1317-32fe-4558-a1a0-c0959c3a6f98" testListId="8c84fa94-04c1-424b-9868-57a2d4851a1d" />
    <TestEntry testId="28bb1a6a-5575-462a-541e-37d32640abe3" executionId="3688a884-e694-4231-acc4-21efbc4ee5a2" testListId="8c84fa94-04c1-424b-9868-57a2d4851a1d" />
    <TestEntry testId="aa193250-36de-6526-8d3e-16af2a3d9136" executionId="1c1cc273-f607-40ac-8e27-1a6a0e4b0b60" testListId="8c84fa94-04c1-424b-9868-57a2d4851a1d" />
    <TestEntry testId="85bd2d0e-0d07-581f-f2c1-7ffe15428756" executionId="91cf716b-6d4a-4e9b-a8b1-741ef6480f5e" testListId="8c84fa94-04c1-424b-9868-57a2d4851a1d" />
    <TestEntry testId="8fec010e-634a-3202-6e5a-eb5fa148c722" executionId="086644f2-4a62-4ff6-9a05-5b22ee3ee33a" testListId="8c84fa94-04c1-424b-9868-57a2d4851a1d" />
    <TestEntry testId="9186cdbb-6f27-49aa-0fdf-08baa8183876" executionId="f2030cc8-f451-4755-83e5-b025188ace96" testListId="8c84fa94-04c1-424b-9868-57a2d4851a1d" />
    <TestEntry testId="2e5470e9-79e8-0780-1ac8-ae33cba95f8d" executionId="28f0c0ab-2ed9-42f4-8773-d9f90378e91b" testListId="8c84fa94-04c1-424b-9868-57a2d4851a1d" />
    <TestEntry testId="30902cb3-624a-7153-b7f8-71d7421abec2" executionId="ffa31e43-98a3-45db-84df-0f1fb81b8db3" testListId="8c84fa94-04c1-424b-9868-57a2d4851a1d" />
    <TestEntry testId="238e3e7b-2cd8-91f7-fc1d-7cf41217e033" executionId="b1352652-3dd4-466b-b121-6d4abdea995d" testListId="8c84fa94-04c1-424b-9868-57a2d4851a1d" />
    <TestEntry testId="2db18b94-1ba2-8ab3-65ed-53ec85130472" executionId="3fa98c86-ba7b-4714-a6ec-df8f7bb10a48" testListId="8c84fa94-04c1-424b-9868-57a2d4851a1d" />
    <TestEntry testId="7b35a920-76a9-e97a-5efa-dd4a75ea7458" executionId="6ed9edca-38e2-4baa-a457-9e8a25e0bef6" testListId="8c84fa94-04c1-424b-9868-57a2d4851a1d" />
    <TestEntry testId="f84bb04f-bcd6-a9b0-816b-e75a692f831b" executionId="c6b668ea-7a7a-45a3-b214-ac3b04eab5be" testListId="8c84fa94-04c1-424b-9868-57a2d4851a1d" />
    <TestEntry testId="abafaa28-863d-b9d2-2c33-7e111253853a" executionId="ee3ad24e-de55-4862-b1e4-cbd8e896d2af" testListId="8c84fa94-04c1-424b-9868-57a2d4851a1d" />
    <TestEntry testId="ea99489a-d5d0-f313-3e52-b31d25c4895b" executionId="18f52931-40cf-41bd-aa6f-3f4956fda455" testListId="8c84fa94-04c1-424b-9868-57a2d4851a1d" />
    <TestEntry testId="192b8efa-4ba5-6016-cce8-53ed44722acd" executionId="7166d93f-fdbb-41c6-9c7f-42709bfb7906" testListId="8c84fa94-04c1-424b-9868-57a2d4851a1d" />
    <TestEntry testId="8ec4e6ae-9b21-0619-ee0d-a0bc2630d99a" executionId="0fcc23fb-dde2-4537-a21a-b220c90c6553" testListId="8c84fa94-04c1-424b-9868-57a2d4851a1d" />
    <TestEntry testId="b4d5478f-243e-df73-c2e8-a95160a3f8c5" executionId="9a864ab3-388a-4672-a532-a83e074aa7c8" testListId="8c84fa94-04c1-424b-9868-57a2d4851a1d" />
    <TestEntry testId="e21f1015-1c10-71d0-47e0-6dacf0c67752" executionId="a852f66f-ac9c-4ea2-bf2a-ab169660531f" testListId="8c84fa94-04c1-424b-9868-57a2d4851a1d" />
    <TestEntry testId="cb811da9-a0e9-7729-06a7-fd9df6e7726d" executionId="1bdef718-d0d2-4b02-be8d-78d2e89fbccd" testListId="8c84fa94-04c1-424b-9868-57a2d4851a1d" />
    <TestEntry testId="c278f3b8-0a98-ea83-6c55-5c3c46144112" executionId="11b7fbdd-1e4a-4391-8a3e-ba9f7ef15fb3" testListId="8c84fa94-04c1-424b-9868-57a2d4851a1d" />
    <TestEntry testId="f45f797d-7ab0-987f-3390-d92075343693" executionId="f6d056be-06e6-4aff-ad0d-de5b90eb782a" testListId="8c84fa94-04c1-424b-9868-57a2d4851a1d" />
    <TestEntry testId="73e260c5-fb13-584b-25ec-3c0d28347698" executionId="8df25734-e191-40c8-aa02-a36f36c608cf" testListId="8c84fa94-04c1-424b-9868-57a2d4851a1d" />
    <TestEntry testId="0d42ea58-f693-b096-ae33-75fc1aab1080" executionId="5c4baeaa-f571-4c71-ba67-58146f83b6d5" testListId="8c84fa94-04c1-424b-9868-57a2d4851a1d" />
    <TestEntry testId="5bb65c2b-ebda-d525-b78d-06aa1f7eac17" executionId="0ed297f3-9487-4123-a25f-3b0f94b09b98" testListId="8c84fa94-04c1-424b-9868-57a2d4851a1d" />
    <TestEntry testId="8e4181d3-fe96-b1ca-c487-8c12a0ed2cc1" executionId="39f29069-40f8-4e92-98cf-a046fecd72c6" testListId="8c84fa94-04c1-424b-9868-57a2d4851a1d" />
    <TestEntry testId="e23fd5fc-c5f8-cbf8-4874-76df5c56c66c" executionId="b37fbb84-cb07-477d-a3c7-efdcf06cd9d5" testListId="8c84fa94-04c1-424b-9868-57a2d4851a1d" />
    <TestEntry testId="178f42b7-0698-b76f-b4fa-cb7cff8e5498" executionId="74bf16eb-1ee3-4f39-b0e4-fc4569678d09" testListId="8c84fa94-04c1-424b-9868-57a2d4851a1d" />
    <TestEntry testId="8db75664-001f-333c-67c2-85d22d3fb8b0" executionId="45fb8f6e-1197-4c9e-b0ce-21a134e54a6e" testListId="8c84fa94-04c1-424b-9868-57a2d4851a1d" />
    <TestEntry testId="36136b57-2207-ff16-3c99-9719c3c0dd8b" executionId="4ade93fc-f5d3-4373-8011-a760a9e8d763" testListId="8c84fa94-04c1-424b-9868-57a2d4851a1d" />
    <TestEntry testId="acc217ec-f798-ad0f-80e4-a7209b80db19" executionId="3b587be5-403c-4c8e-aebf-68b21a98a103" testListId="8c84fa94-04c1-424b-9868-57a2d4851a1d" />
    <TestEntry testId="f9582425-45f1-0ccd-6b16-dbc172ead7ab" executionId="12ec8548-9118-44d1-a07e-fd77a8c7fd40" testListId="8c84fa94-04c1-424b-9868-57a2d4851a1d" />
    <TestEntry testId="1d3f8981-2b6b-1021-30c3-e2cb998e887c" executionId="d7cce9c9-19d9-430b-a795-6ca0c86444eb" testListId="8c84fa94-04c1-424b-9868-57a2d4851a1d" />
    <TestEntry testId="b637484a-0a29-f3b0-d7b0-fd4e2a71c99b" executionId="32baaeda-703c-47f5-ade5-369ea7e07c61" testListId="8c84fa94-04c1-424b-9868-57a2d4851a1d" />
    <TestEntry testId="b5791077-0d69-1546-29bd-fce325e3f3f7" executionId="90cff77c-49a1-48b4-8993-dbb770ae7f91" testListId="8c84fa94-04c1-424b-9868-57a2d4851a1d" />
    <TestEntry testId="a3e9398a-096c-8854-f49a-fb041ac08eb2" executionId="17c5b940-052f-4621-918d-dd96b300f831" testListId="8c84fa94-04c1-424b-9868-57a2d4851a1d" />
    <TestEntry testId="4425de83-50cc-1812-1854-96f6faabf2b8" executionId="8e71a6be-7a55-4b06-836c-64d1144cd470" testListId="8c84fa94-04c1-424b-9868-57a2d4851a1d" />
    <TestEntry testId="dc00432d-bce3-c9a0-ddf7-fc0f58ba6400" executionId="7584ba95-04b3-44aa-95f8-d7b5fcdb9fe0" testListId="8c84fa94-04c1-424b-9868-57a2d4851a1d" />
    <TestEntry testId="97f51c93-2843-ee9c-307a-be0a318e3418" executionId="7a3a628a-9a15-45fd-b46f-b303c880d3fc" testListId="8c84fa94-04c1-424b-9868-57a2d4851a1d" />
    <TestEntry testId="af172b8b-889b-1873-7efb-6e15b877c05f" executionId="a03e52c7-07d1-4175-879f-dc3031de6713" testListId="8c84fa94-04c1-424b-9868-57a2d4851a1d" />
    <TestEntry testId="227f11fa-af60-b3b9-2bb2-b1e37ae5410f" executionId="fdabd452-6b21-4ed1-8f98-e876d810309a" testListId="8c84fa94-04c1-424b-9868-57a2d4851a1d" />
    <TestEntry testId="84147d61-21d4-8105-2cc0-9ae07134f946" executionId="69311346-999f-4450-869b-528e7a485254" testListId="8c84fa94-04c1-424b-9868-57a2d4851a1d" />
    <TestEntry testId="083eda8f-9a4d-0b1f-6ea4-43ff75f61aec" executionId="58367da6-b43e-493b-bb13-1dcad8668339" testListId="8c84fa94-04c1-424b-9868-57a2d4851a1d" />
    <TestEntry testId="c8868fd6-9b53-5ca0-31e0-eade6b966130" executionId="6d47d660-6929-4b5c-b0af-a42f5bf0fab0" testListId="8c84fa94-04c1-424b-9868-57a2d4851a1d" />
    <TestEntry testId="0ce06bb6-48cf-c230-de53-c02daf55880d" executionId="e1c41761-942e-4ccc-9cee-1b6e1c0d2c7d" testListId="8c84fa94-04c1-424b-9868-57a2d4851a1d" />
    <TestEntry testId="1d043ef6-67c0-af3b-0bd2-70ce99ce585a" executionId="783f492a-b402-4a85-91ac-ae20e9d0c673" testListId="8c84fa94-04c1-424b-9868-57a2d4851a1d" />
    <TestEntry testId="ceb3a0ee-4ae8-05ea-c65e-9fd8ef32d949" executionId="852ba20b-cbc3-44d5-8e88-701c0bbb8290" testListId="8c84fa94-04c1-424b-9868-57a2d4851a1d" />
    <TestEntry testId="40edb993-b675-aa40-daab-18aabece8d6e" executionId="99e3398c-32f4-4aa9-a28a-81ee644a8865" testListId="8c84fa94-04c1-424b-9868-57a2d4851a1d" />
    <TestEntry testId="9b76c11b-2588-c281-9289-2b316bb49652" executionId="57bd6b1f-fc88-451d-89c4-11e73af7d899" testListId="8c84fa94-04c1-424b-9868-57a2d4851a1d" />
    <TestEntry testId="c198beac-a672-91f1-5c22-985d1cdd0d67" executionId="2625c99a-da77-4f97-a4d3-0efd25492555" testListId="8c84fa94-04c1-424b-9868-57a2d4851a1d" />
    <TestEntry testId="9e7eace0-def8-2141-0aac-e2e3b66f105e" executionId="7728d210-d57a-4259-ac20-bdaac539e348" testListId="8c84fa94-04c1-424b-9868-57a2d4851a1d" />
    <TestEntry testId="0c893df1-d892-182a-4648-17320c228675" executionId="cae8c0dc-e8c4-48e2-ad09-efc570a9b9c0" testListId="8c84fa94-04c1-424b-9868-57a2d4851a1d" />
    <TestEntry testId="ec3e602f-9c47-39f6-15b8-28e29f7855b2" executionId="4d776b6c-f3b7-41c7-a18f-75f865914cca" testListId="8c84fa94-04c1-424b-9868-57a2d4851a1d" />
    <TestEntry testId="f12903ae-9604-eff3-d468-a881a71a545a" executionId="165b17cb-2e4a-4781-8b46-499f08e64dd2" testListId="8c84fa94-04c1-424b-9868-57a2d4851a1d" />
    <TestEntry testId="a0083ead-ed59-a5fd-024d-f41abaf9a359" executionId="18c2045d-1bd0-4f36-b5fa-cd4938d3cab8" testListId="8c84fa94-04c1-424b-9868-57a2d4851a1d" />
    <TestEntry testId="f3d7c932-1d57-0456-9b1f-91ef40dcb529" executionId="ab284761-547d-4d6f-b488-404fb3c80bb2" testListId="8c84fa94-04c1-424b-9868-57a2d4851a1d" />
    <TestEntry testId="411933f8-e21a-f6a6-3187-433a22c64daa" executionId="9a53f1fe-da08-4738-93ad-887e9de9ac67" testListId="8c84fa94-04c1-424b-9868-57a2d4851a1d" />
    <TestEntry testId="ce349fcb-31b3-5449-9f35-335ea773f45c" executionId="d5ded765-504b-4f29-9ace-301421a027c3" testListId="8c84fa94-04c1-424b-9868-57a2d4851a1d" />
    <TestEntry testId="9365a75f-cec5-7b46-d179-86d61b88c2d8" executionId="954cd5d3-9190-4394-ae9d-ccf086ee53c7" testListId="8c84fa94-04c1-424b-9868-57a2d4851a1d" />
    <TestEntry testId="463c579e-415a-30d1-f223-1843467eec0b" executionId="49e14a7d-cc37-4b04-ba50-a00ca155b059" testListId="8c84fa94-04c1-424b-9868-57a2d4851a1d" />
    <TestEntry testId="9da1c841-e8c1-0787-3792-675f0678e52b" executionId="9a258738-1108-4823-8386-afbc83c028b1" testListId="8c84fa94-04c1-424b-9868-57a2d4851a1d" />
    <TestEntry testId="ee9c65f3-a8b8-3403-71a4-fb314c33e5c2" executionId="faded9ee-5dd8-45e9-85b3-cf3e160b81ad" testListId="8c84fa94-04c1-424b-9868-57a2d4851a1d" />
    <TestEntry testId="c92f9b4e-26b0-44c3-2a5c-a6f6f60a82bb" executionId="76056960-e317-4272-a728-40cdb513b748" testListId="8c84fa94-04c1-424b-9868-57a2d4851a1d" />
    <TestEntry testId="d08417ae-0ebd-a646-3a64-4db0ebbfe854" executionId="87278399-a840-4da1-8677-a7fcda8b656f" testListId="8c84fa94-04c1-424b-9868-57a2d4851a1d" />
    <TestEntry testId="04ac4efb-8ad7-ce53-7f1c-4a1d3f503b1e" executionId="5010f2e0-5c74-40d8-a70b-ae57ad838dc7" testListId="8c84fa94-04c1-424b-9868-57a2d4851a1d" />
    <TestEntry testId="d20f04f6-0f3f-3760-2cc8-af0995c1ca93" executionId="8a3d080e-a286-4313-8ba0-fee195d1fefb" testListId="8c84fa94-04c1-424b-9868-57a2d4851a1d" />
    <TestEntry testId="3917ad50-ad33-8610-c884-7fedf329b320" executionId="c36574f5-5e65-41f6-b997-1b2670173e9c" testListId="8c84fa94-04c1-424b-9868-57a2d4851a1d" />
    <TestEntry testId="f70ff5cd-dce5-c370-22c4-8b6f2d9101f6" executionId="6f1ab42f-f5f2-41fe-9b8f-6704c6c1fb7e" testListId="8c84fa94-04c1-424b-9868-57a2d4851a1d" />
    <TestEntry testId="7eabe99f-4393-b106-69fe-679ea6b287ff" executionId="ea1ab2b3-7578-43c0-8e2a-e2ca05fc62c4" testListId="8c84fa94-04c1-424b-9868-57a2d4851a1d" />
    <TestEntry testId="9f3ea06f-fc63-0be1-af67-2484632d8202" executionId="3d014569-407a-47ae-a227-f694f4554885" testListId="8c84fa94-04c1-424b-9868-57a2d4851a1d" />
    <TestEntry testId="b390ab09-49e5-1b7a-3e72-963f55224e30" executionId="226e7ba0-30a3-4598-bb99-a8a4439d9385" testListId="8c84fa94-04c1-424b-9868-57a2d4851a1d" />
    <TestEntry testId="17586d07-0eff-af83-a3df-7615078b4e94" executionId="6f867e88-7f84-4dc4-b0fa-b80039cb58c9" testListId="8c84fa94-04c1-424b-9868-57a2d4851a1d" />
    <TestEntry testId="cc983e57-82dd-bc35-432e-864cf844d750" executionId="24c41849-c39d-4052-94c3-87bcf3e80e3c" testListId="8c84fa94-04c1-424b-9868-57a2d4851a1d" />
    <TestEntry testId="55fdc55b-e961-a3c7-2b29-708eac49bfab" executionId="cf5a9728-3653-4d13-8f41-1708a7430080" testListId="8c84fa94-04c1-424b-9868-57a2d4851a1d" />
    <TestEntry testId="eb7018ae-56eb-1631-884c-caa55ec059f8" executionId="8b8f5530-5853-43fc-ad28-716c5d6ba927" testListId="8c84fa94-04c1-424b-9868-57a2d4851a1d" />
    <TestEntry testId="4b96e65f-4392-9de0-0a91-63bbe4047cc0" executionId="a04e57ad-4510-40e0-887a-96e1bfff5604" testListId="8c84fa94-04c1-424b-9868-57a2d4851a1d" />
    <TestEntry testId="2746ab8d-67f9-cf43-5db4-775a93aebb45" executionId="41ae9327-9135-4f80-aee9-e7fd2c505367" testListId="8c84fa94-04c1-424b-9868-57a2d4851a1d" />
    <TestEntry testId="84b530dd-8a53-e8cf-e348-7e5afc4fdc16" executionId="2076420c-b4c2-4d6d-b029-1a36647fc151" testListId="8c84fa94-04c1-424b-9868-57a2d4851a1d" />
    <TestEntry testId="4cd61649-367b-63fd-b92e-84d420922724" executionId="f809a5ce-bd79-4243-be11-2b6c718418c3" testListId="8c84fa94-04c1-424b-9868-57a2d4851a1d" />
    <TestEntry testId="abc2af38-6a73-cfea-2dd0-02df11e304a6" executionId="d1f6bbcb-b948-4e6a-aab6-dd09dc7aa7a3" testListId="8c84fa94-04c1-424b-9868-57a2d4851a1d" />
    <TestEntry testId="039b068e-95a1-8c13-a54a-4781d313bcfe" executionId="a932fc0b-5411-4dfb-a826-3c4c6a6edb01" testListId="8c84fa94-04c1-424b-9868-57a2d4851a1d" />
    <TestEntry testId="714043e9-4df2-1076-81da-20a0d2c271b6" executionId="7595f692-2d24-49b4-9e57-b22d6119f7b2" testListId="8c84fa94-04c1-424b-9868-57a2d4851a1d" />
    <TestEntry testId="f0e2891f-85d5-78c4-f70b-71a3de54933e" executionId="86fbdf47-72c0-48c0-a6e2-24a49806dc43" testListId="8c84fa94-04c1-424b-9868-57a2d4851a1d" />
    <TestEntry testId="b187d300-6913-12cb-5880-16260ed9e745" executionId="59f7fd0d-ba92-4baa-aa58-f35f5bc1a5ae" testListId="8c84fa94-04c1-424b-9868-57a2d4851a1d" />
    <TestEntry testId="9989f3ea-c1e8-2397-d833-e2637778e710" executionId="3fb585c4-a1e3-4f98-99c3-9c9a48a8f6af" testListId="8c84fa94-04c1-424b-9868-57a2d4851a1d" />
    <TestEntry testId="95b16ca7-0126-7063-4d09-1de99148a6fd" executionId="45e1ab6b-f7e4-4758-83bf-3438aeaf9ee0" testListId="8c84fa94-04c1-424b-9868-57a2d4851a1d" />
    <TestEntry testId="6d1d459a-864f-2c02-db6f-83c585c13afd" executionId="625ba59c-d62c-4ab6-8420-34e67d4c3e09" testListId="8c84fa94-04c1-424b-9868-57a2d4851a1d" />
    <TestEntry testId="dd6042fa-433a-993d-df27-ae0e9d89bdd2" executionId="5d1b78e7-0064-448e-b722-8d00f609202f" testListId="8c84fa94-04c1-424b-9868-57a2d4851a1d" />
    <TestEntry testId="71b835a7-5e40-e92e-9fd9-9a85924c528d" executionId="de5bfff3-bc5c-462b-ac6b-9b1e4f3f8c6e" testListId="8c84fa94-04c1-424b-9868-57a2d4851a1d" />
    <TestEntry testId="e48ee42b-b01f-378c-e005-5d9f39138106" executionId="5afd5ee4-78af-4639-892a-0bc797344b58" testListId="8c84fa94-04c1-424b-9868-57a2d4851a1d" />
    <TestEntry testId="3225eb22-3ea7-b444-d2d5-d99fd84307b4" executionId="0206d3b9-7cee-4c5b-b8ce-49e306ec3fda" testListId="8c84fa94-04c1-424b-9868-57a2d4851a1d" />
    <TestEntry testId="f86def9a-69b4-57a9-5c7b-d4eac2da5b0f" executionId="dd1fcfe1-aa01-44a7-820d-bbeb06e3d402" testListId="8c84fa94-04c1-424b-9868-57a2d4851a1d" />
    <TestEntry testId="78e5db4b-01ae-df1c-4db5-5941fc5bd203" executionId="3f64f0dc-694f-4c6d-993e-e1d4a2d39023" testListId="8c84fa94-04c1-424b-9868-57a2d4851a1d" />
    <TestEntry testId="eba7e900-6c16-7d26-5a23-60bb874cffc3" executionId="fa677448-3095-4bb9-8678-8e95629391bf" testListId="8c84fa94-04c1-424b-9868-57a2d4851a1d" />
    <TestEntry testId="72d0976b-eb88-38fd-ac23-4e99f584a561" executionId="b090e8c8-b8a7-4234-9b11-5d8e0d10399b" testListId="8c84fa94-04c1-424b-9868-57a2d4851a1d" />
    <TestEntry testId="29b21731-3261-9944-abbe-fea508ef7b16" executionId="60915692-9248-4873-b563-3c7c9ae8b395" testListId="8c84fa94-04c1-424b-9868-57a2d4851a1d" />
    <TestEntry testId="a8844d26-aef6-8aee-4394-b55c14f9c57f" executionId="a3c08aa0-4cdf-4436-8786-1f78b170b631" testListId="8c84fa94-04c1-424b-9868-57a2d4851a1d" />
    <TestEntry testId="8edf5ef3-4820-f40f-08c6-64f9fd1c93a7" executionId="96fed6e8-c039-4d6e-8762-27bd7f87678f" testListId="8c84fa94-04c1-424b-9868-57a2d4851a1d" />
    <TestEntry testId="309e3e70-fd14-1831-5c9e-81e64f48585e" executionId="df143861-7501-49e7-99a8-823f5b578240" testListId="8c84fa94-04c1-424b-9868-57a2d4851a1d" />
    <TestEntry testId="cdec6049-1afe-624b-e5ba-a3853a109037" executionId="7f9529e4-157a-4647-9b69-123f314b6757" testListId="8c84fa94-04c1-424b-9868-57a2d4851a1d" />
    <TestEntry testId="baac051b-8870-c48b-7c7d-1e661c2c7b2d" executionId="f22d7458-7df4-4eab-a2a8-183ab00b19dc" testListId="8c84fa94-04c1-424b-9868-57a2d4851a1d" />
    <TestEntry testId="fdb93833-7ae2-4eea-be84-9572433d342e" executionId="53c0a665-a06e-4e90-b1ee-b761508b5e31" testListId="8c84fa94-04c1-424b-9868-57a2d4851a1d" />
    <TestEntry testId="cfd37f11-67e6-9fc1-04d1-adfd19f0a0bd" executionId="4ab34b46-db93-43e2-ab72-a1620532805f" testListId="8c84fa94-04c1-424b-9868-57a2d4851a1d" />
    <TestEntry testId="487a5aa2-1e0c-abfe-e031-f71ec6736a3e" executionId="c96e981b-17e0-47f0-be57-3c885aa226c7" testListId="8c84fa94-04c1-424b-9868-57a2d4851a1d" />
    <TestEntry testId="20edd1b7-65a6-b0f3-9b88-15ebece37885" executionId="37a799dc-bef2-472f-b3fd-86b342b5a84d" testListId="8c84fa94-04c1-424b-9868-57a2d4851a1d" />
    <TestEntry testId="bf9fdce5-e471-8698-fedd-9d042bbf4f2e" executionId="9a4a800c-7a05-4e1d-9ab9-b9ea99e376e3" testListId="8c84fa94-04c1-424b-9868-57a2d4851a1d" />
    <TestEntry testId="09246220-1349-2ae9-1f64-a3c47475c79b" executionId="5e948cec-b8de-48a7-85e9-acd0d6dd5675" testListId="8c84fa94-04c1-424b-9868-57a2d4851a1d" />
    <TestEntry testId="b971c664-3f51-2d1f-7eab-12ffb108ee91" executionId="ec4d1899-8fba-4fd3-91bd-959308e16e1b" testListId="8c84fa94-04c1-424b-9868-57a2d4851a1d" />
    <TestEntry testId="18113994-f9f5-8f0f-d6ed-ba28027ef22e" executionId="8881085b-3424-4fc0-aa13-706bb018c4ec" testListId="8c84fa94-04c1-424b-9868-57a2d4851a1d" />
    <TestEntry testId="a5b2ac3f-fcb6-a9bb-4c97-e0b1128ae124" executionId="00c7efed-f154-443a-95da-3da3a9d2f83c" testListId="8c84fa94-04c1-424b-9868-57a2d4851a1d" />
    <TestEntry testId="5904d37a-5434-16ef-5912-399c61fec686" executionId="6d06f6f0-02c5-43e3-8801-7971286768d0" testListId="8c84fa94-04c1-424b-9868-57a2d4851a1d" />
    <TestEntry testId="d28bd73a-6d07-53cb-e83f-7ba727a8926a" executionId="436d2d89-e1ec-439f-b981-294c94fd6af9" testListId="8c84fa94-04c1-424b-9868-57a2d4851a1d" />
    <TestEntry testId="8752bf86-da63-4d32-2e63-82e1371b2f80" executionId="55f1a22e-c63d-4ba3-ab9c-231f9e07367b" testListId="8c84fa94-04c1-424b-9868-57a2d4851a1d" />
    <TestEntry testId="ef5f2ea7-8e66-412a-d4f7-45580b68d6ef" executionId="65c364a2-afdc-4419-8892-f075d4b0b2e6" testListId="8c84fa94-04c1-424b-9868-57a2d4851a1d" />
    <TestEntry testId="435b1085-7d50-ada0-42da-c99d862e1255" executionId="d3f469d3-ad40-40ab-ab08-df397c9518ed" testListId="8c84fa94-04c1-424b-9868-57a2d4851a1d" />
    <TestEntry testId="16b62b45-8db0-f2c9-6656-08e027c4e509" executionId="3722ade1-d25c-4fae-ac7d-9b2129ab86b6" testListId="8c84fa94-04c1-424b-9868-57a2d4851a1d" />
    <TestEntry testId="b5fd1fb5-40c2-9a43-7a70-432bce815c88" executionId="18ad00ce-e095-4593-ad43-593ff70d3fa2" testListId="8c84fa94-04c1-424b-9868-57a2d4851a1d" />
    <TestEntry testId="972140e1-c513-0d95-cf4f-f53d972ee809" executionId="dbf7a76a-c628-4af1-8519-edf78cf3a905" testListId="8c84fa94-04c1-424b-9868-57a2d4851a1d" />
    <TestEntry testId="c097a966-dd55-fe6b-c3e8-c14bc6649d92" executionId="66de7846-b530-44ce-a036-514ffd57b50c" testListId="8c84fa94-04c1-424b-9868-57a2d4851a1d" />
    <TestEntry testId="96c288db-a2a5-7f24-9f81-f7fd3ca31e14" executionId="f300c687-da82-478f-be5b-23367979a5ad" testListId="8c84fa94-04c1-424b-9868-57a2d4851a1d" />
    <TestEntry testId="0ac7d1e3-0459-8d4d-017e-5dd5aa6fbed7" executionId="bdc689d6-be0b-40fe-9bef-6fe11dc710d5" testListId="8c84fa94-04c1-424b-9868-57a2d4851a1d" />
    <TestEntry testId="927d091e-dfd2-04ea-c673-e9446b7cf105" executionId="cb232401-2791-4a96-8943-17fcae248253" testListId="8c84fa94-04c1-424b-9868-57a2d4851a1d" />
    <TestEntry testId="4cd95d73-6f80-d4f9-8fb0-df25bb18e242" executionId="d5717518-ec72-4d02-8b3a-62964ed24414" testListId="8c84fa94-04c1-424b-9868-57a2d4851a1d" />
    <TestEntry testId="fb320ec8-b214-ab99-f8fc-17b4c4d4930b" executionId="43c5bb09-c50b-4f4b-8159-64559988ceee" testListId="8c84fa94-04c1-424b-9868-57a2d4851a1d" />
    <TestEntry testId="4094befc-fadb-a280-9f24-c86d6de77b1e" executionId="c1f8de71-457a-4acd-9758-4d1e91ff4553" testListId="8c84fa94-04c1-424b-9868-57a2d4851a1d" />
    <TestEntry testId="8f9ba2b5-3937-3a98-4b02-e1884e1ad025" executionId="2c9fe69b-cce9-453d-a0bf-d0381f120289" testListId="8c84fa94-04c1-424b-9868-57a2d4851a1d" />
    <TestEntry testId="ff1f2d31-f557-57c1-eaa7-3258bc18bae9" executionId="5b33ffa2-e587-47ea-afe4-6eb1f08e5640" testListId="8c84fa94-04c1-424b-9868-57a2d4851a1d" />
    <TestEntry testId="9840b800-197c-7629-e990-73179e7b3cf3" executionId="ddfe516d-bcac-42a2-b677-aa7ee5ad79a4" testListId="8c84fa94-04c1-424b-9868-57a2d4851a1d" />
    <TestEntry testId="6245d68e-51ce-2fa5-a06c-1ea7f1be50c7" executionId="aee8d272-9c81-416d-be88-a65b2942cea3" testListId="8c84fa94-04c1-424b-9868-57a2d4851a1d" />
    <TestEntry testId="dae10dd9-dfe9-3957-9c59-289d17efebfd" executionId="15e84bab-5aa2-47e5-b845-56b975f8aed0" testListId="8c84fa94-04c1-424b-9868-57a2d4851a1d" />
    <TestEntry testId="d287ff37-7d1d-d1ab-2cb6-451d8196c338" executionId="85ef86e4-baab-4ae0-8af0-27dc5a010848" testListId="8c84fa94-04c1-424b-9868-57a2d4851a1d" />
    <TestEntry testId="883d6e64-adc9-8cd7-5ba9-74677759215e" executionId="7774a92e-2971-47c9-9c7c-24e24be2e767" testListId="8c84fa94-04c1-424b-9868-57a2d4851a1d" />
    <TestEntry testId="f09d1cdf-dda5-81b8-3957-915e5d0e5234" executionId="6045408b-cdb3-47c1-a43c-5716cadec36c" testListId="8c84fa94-04c1-424b-9868-57a2d4851a1d" />
    <TestEntry testId="0f71fd40-7fa3-1be6-6943-641cdcf8ae31" executionId="bd5cff0a-d807-485f-a2bb-77d663e18a04" testListId="8c84fa94-04c1-424b-9868-57a2d4851a1d" />
    <TestEntry testId="3a3e2936-53f5-3efc-8074-f1b3b0fa51f2" executionId="a207e7ed-93a5-451e-b436-47de7f426937" testListId="8c84fa94-04c1-424b-9868-57a2d4851a1d" />
    <TestEntry testId="795a608e-514b-6cee-97b8-d7bff11f158b" executionId="1d65a15b-7361-4bbf-a161-feffdff9877b" testListId="8c84fa94-04c1-424b-9868-57a2d4851a1d" />
    <TestEntry testId="de5a1b58-1ae1-a412-1021-146f827b8c66" executionId="519a0a51-50a4-4a02-b8c9-699637e407ca" testListId="8c84fa94-04c1-424b-9868-57a2d4851a1d" />
    <TestEntry testId="ac7b617b-79f5-0810-e4a2-55bcd16f71fe" executionId="0921d5db-861d-4ad4-a84a-4c1e39c5cd33" testListId="8c84fa94-04c1-424b-9868-57a2d4851a1d" />
    <TestEntry testId="89134715-4a91-b6f8-9b11-dec7ed4c855e" executionId="e5a559bc-37d2-408b-ac0c-334280e06e49" testListId="8c84fa94-04c1-424b-9868-57a2d4851a1d" />
    <TestEntry testId="26f4232d-f90f-8e56-418c-4fec6fcafc14" executionId="2fa49e05-16d1-41a0-8847-7c65f7aabb7a" testListId="8c84fa94-04c1-424b-9868-57a2d4851a1d" />
    <TestEntry testId="8193ddaf-894c-caea-20bd-17169e3475be" executionId="c9a85205-db51-4a05-9afb-ee7b7eec6058" testListId="8c84fa94-04c1-424b-9868-57a2d4851a1d" />
    <TestEntry testId="046a9ca3-9229-db16-4de2-6f0713acd7e0" executionId="d17f6107-693c-4f9a-b645-c546907ae6d5" testListId="8c84fa94-04c1-424b-9868-57a2d4851a1d" />
    <TestEntry testId="fe1e9eea-e1c1-c15e-1814-19041857b1bd" executionId="39c0e931-75a7-441d-9b3f-f932fe5a090f" testListId="8c84fa94-04c1-424b-9868-57a2d4851a1d" />
    <TestEntry testId="251f78ea-3ccc-2564-410a-c5ed14cbe713" executionId="998d0563-864c-4e77-a033-8c34ab5f15fd" testListId="8c84fa94-04c1-424b-9868-57a2d4851a1d" />
    <TestEntry testId="a6d64893-241e-94fc-24b2-7ae0810a1eb9" executionId="c2a2d7c1-204e-43dd-a69d-9d0a8673ae03" testListId="8c84fa94-04c1-424b-9868-57a2d4851a1d" />
    <TestEntry testId="d975fdc0-5287-e86a-d491-26361434b84f" executionId="c0ceb3b3-4ac0-4364-9b06-dfbd85cc26b5" testListId="8c84fa94-04c1-424b-9868-57a2d4851a1d" />
    <TestEntry testId="2386e012-0293-e196-1fd4-2fa692e2e925" executionId="1dd349f1-396b-4422-8aa0-1682fb6cfbfa" testListId="8c84fa94-04c1-424b-9868-57a2d4851a1d" />
    <TestEntry testId="01a168a8-0235-0098-66bf-8b241c545a06" executionId="907d3b88-e250-4e3b-b332-028964a3c9ef" testListId="8c84fa94-04c1-424b-9868-57a2d4851a1d" />
    <TestEntry testId="4c04f4ee-98a3-b17a-ee1c-ac6081814d4c" executionId="2379946f-6277-4b0c-8fbf-d5ed29e1e3df" testListId="8c84fa94-04c1-424b-9868-57a2d4851a1d" />
    <TestEntry testId="24a49931-5da6-6eac-12a8-11d276dfc73d" executionId="bc5ccdc0-970c-4fe3-bc81-b12a91648ca6" testListId="8c84fa94-04c1-424b-9868-57a2d4851a1d" />
    <TestEntry testId="38bc1379-7b46-55f9-b59c-3cb1cc92f152" executionId="7fa94cce-8bdb-40c7-899b-4c86ed26ca13" testListId="8c84fa94-04c1-424b-9868-57a2d4851a1d" />
    <TestEntry testId="158ee705-fff8-83fd-525b-d3e53004023e" executionId="21933999-d13c-4f3a-80a5-02cf4f1f9b30" testListId="8c84fa94-04c1-424b-9868-57a2d4851a1d" />
    <TestEntry testId="174136b0-cfc4-f612-6a89-7c2f8a6ca114" executionId="4148eb48-b0a3-4fe0-9e5d-8869d22ba85c" testListId="8c84fa94-04c1-424b-9868-57a2d4851a1d" />
    <TestEntry testId="c7f304eb-2cf2-2959-222b-6c0357810971" executionId="77854beb-2265-4806-baaa-551238ca17ec" testListId="8c84fa94-04c1-424b-9868-57a2d4851a1d" />
    <TestEntry testId="5b171963-1e30-f6d0-ff35-717586eca923" executionId="5dfc3deb-2b44-40d1-a2da-cd7f6c14a5fc" testListId="8c84fa94-04c1-424b-9868-57a2d4851a1d" />
    <TestEntry testId="eb655580-76db-838d-8549-7f7add972dba" executionId="ba23cc41-99d5-44df-bc6f-29e548970297" testListId="8c84fa94-04c1-424b-9868-57a2d4851a1d" />
    <TestEntry testId="5152f9a8-4f47-bea3-b002-74bf49c49f82" executionId="13c5ed2a-2832-4ee2-b69a-d74dc1a926d1" testListId="8c84fa94-04c1-424b-9868-57a2d4851a1d" />
    <TestEntry testId="8a92a771-fc8e-026d-0250-e4f41f0fb93b" executionId="88e1a682-3e99-4772-acb3-aae5a5d925e2" testListId="8c84fa94-04c1-424b-9868-57a2d4851a1d" />
    <TestEntry testId="b11679cc-5eb8-4bb3-4756-44d6d580c177" executionId="a788f798-34cd-4172-815b-c34557b3ef26" testListId="8c84fa94-04c1-424b-9868-57a2d4851a1d" />
    <TestEntry testId="a2b64f17-434e-64e3-27d7-27f88c055180" executionId="f9ee2659-471a-4c00-9fee-4511029eab3d" testListId="8c84fa94-04c1-424b-9868-57a2d4851a1d" />
    <TestEntry testId="56005fb3-c7a2-e290-21f6-c3e735972aad" executionId="d5a18356-f394-480d-addd-2fdd22e7cc4f" testListId="8c84fa94-04c1-424b-9868-57a2d4851a1d" />
    <TestEntry testId="17acb238-867d-869d-d229-97d3b0c3f1c1" executionId="af1fa1c8-3c0f-46df-b096-9781096e3e3b" testListId="8c84fa94-04c1-424b-9868-57a2d4851a1d" />
    <TestEntry testId="d1d64089-2cd6-e376-5cdb-251427a11536" executionId="e5a8ac5e-baa6-463b-9944-6b8f2784ef18" testListId="8c84fa94-04c1-424b-9868-57a2d4851a1d" />
    <TestEntry testId="8d3dc501-40ad-d835-9202-1524148b424f" executionId="74df448d-afa5-4873-94a7-50c3eb303dbb" testListId="8c84fa94-04c1-424b-9868-57a2d4851a1d" />
    <TestEntry testId="848e981e-0ffb-33b7-5bbb-a3e5d5f0ecdb" executionId="52018ef6-eaeb-4a93-9037-116985353dd5" testListId="8c84fa94-04c1-424b-9868-57a2d4851a1d" />
    <TestEntry testId="ee2838e7-3a63-69b5-5af7-e4b47874b431" executionId="7719ed5a-8def-4b5d-bcce-91821e24595b" testListId="8c84fa94-04c1-424b-9868-57a2d4851a1d" />
    <TestEntry testId="fcda5820-5bfd-c5ac-9f89-0250ab0e1e7b" executionId="9532879a-5251-477b-a236-758352616522" testListId="8c84fa94-04c1-424b-9868-57a2d4851a1d" />
    <TestEntry testId="ec634e42-fbb1-1656-2146-d3465f2b4fa7" executionId="b998d3c9-0635-41d0-b93f-547a8eec32c0" testListId="8c84fa94-04c1-424b-9868-57a2d4851a1d" />
    <TestEntry testId="661c8443-1852-44b7-ba7e-97e8baded4d9" executionId="54cce964-eae9-4c8c-b21a-678b7790acac" testListId="8c84fa94-04c1-424b-9868-57a2d4851a1d" />
    <TestEntry testId="bbd48d85-49da-a742-72e7-5a2e19944d85" executionId="dc6226d6-2878-4c97-8e36-784a0f9710d6" testListId="8c84fa94-04c1-424b-9868-57a2d4851a1d" />
    <TestEntry testId="c4d9f6f4-4f05-c099-1c1a-167c32dd61ad" executionId="d935b3e4-cba7-4b84-aea0-87b1c859e39f" testListId="8c84fa94-04c1-424b-9868-57a2d4851a1d" />
    <TestEntry testId="689fb796-1a27-2f79-58de-3466e6edcdc6" executionId="b0fc0b8a-46c7-4303-b867-8faeb0638414" testListId="8c84fa94-04c1-424b-9868-57a2d4851a1d" />
    <TestEntry testId="30ac6411-8565-80d9-12d0-97a71ce9f45c" executionId="a34d3124-149c-40f0-89ef-7452d0be9feb" testListId="8c84fa94-04c1-424b-9868-57a2d4851a1d" />
    <TestEntry testId="58ecacd1-fb52-a058-9ab9-9f674e37f259" executionId="eb932b5a-5f80-4121-a136-9b264a67c8a8" testListId="8c84fa94-04c1-424b-9868-57a2d4851a1d" />
    <TestEntry testId="fb7f21e0-1d20-5140-5c56-a515ce58000b" executionId="226f156b-823c-43e6-be87-4b0ef6130127" testListId="8c84fa94-04c1-424b-9868-57a2d4851a1d" />
    <TestEntry testId="5f1fdffc-0ce2-75d0-83bf-fd4afd7b5a00" executionId="b0f0cbbb-fc56-4391-bff0-f1b0595cdc4b" testListId="8c84fa94-04c1-424b-9868-57a2d4851a1d" />
    <TestEntry testId="d460629b-6881-364a-3caf-11b8206a8a7b" executionId="35fa9c34-e010-466b-a917-0a3fa26ef13f" testListId="8c84fa94-04c1-424b-9868-57a2d4851a1d" />
    <TestEntry testId="c233ac05-fe1b-677a-835a-ea930a2beea0" executionId="5205f2ef-c578-4a24-ae37-c00782cf5f75" testListId="8c84fa94-04c1-424b-9868-57a2d4851a1d" />
    <TestEntry testId="86c37a30-dcd6-d77b-76fe-1679a149e8fe" executionId="254c35d0-c5c6-4e38-b173-45f34cec7450" testListId="8c84fa94-04c1-424b-9868-57a2d4851a1d" />
    <TestEntry testId="88d4618c-c448-5471-2ce7-487f03a90ab8" executionId="92b11ed1-2545-411f-9496-e590a50cb8e8" testListId="8c84fa94-04c1-424b-9868-57a2d4851a1d" />
    <TestEntry testId="3f875838-1c04-c06c-20a9-a7f59b398b08" executionId="1e85f74b-2420-43e1-9fdf-0b671ed1b402" testListId="8c84fa94-04c1-424b-9868-57a2d4851a1d" />
    <TestEntry testId="69283b00-54a5-302f-2c7a-e50248379ec9" executionId="f1dfc15d-b194-47b3-b1ec-e9594fdaf1f0" testListId="8c84fa94-04c1-424b-9868-57a2d4851a1d" />
    <TestEntry testId="e4849b70-160c-d99f-f417-dd80e7e59704" executionId="96139085-aa76-4ff9-9ce7-a72bb384d25f" testListId="8c84fa94-04c1-424b-9868-57a2d4851a1d" />
    <TestEntry testId="61d5c1b4-fbaa-ae3f-0eb7-3722609f0fa6" executionId="02c58858-97b6-4069-886b-c2e466fddf0c" testListId="8c84fa94-04c1-424b-9868-57a2d4851a1d" />
    <TestEntry testId="aec48c6a-5141-9d60-0964-eb9669abcecd" executionId="91e0193e-cd5d-4a3d-83a3-653985932ded" testListId="8c84fa94-04c1-424b-9868-57a2d4851a1d" />
    <TestEntry testId="6f443726-b119-1b75-c9e6-cf86e5d49bd0" executionId="3cef531c-c5bd-483a-9f47-eef5c4f43e7a" testListId="8c84fa94-04c1-424b-9868-57a2d4851a1d" />
    <TestEntry testId="65339de6-62d4-350e-9e82-d2f59ebef877" executionId="965c3733-91bc-4b94-a128-49398c8822f6" testListId="8c84fa94-04c1-424b-9868-57a2d4851a1d" />
    <TestEntry testId="d00086c9-9f36-3ea3-b80c-9366b8d54d80" executionId="e377cd1a-12ff-4234-ba37-29a606151fe8" testListId="8c84fa94-04c1-424b-9868-57a2d4851a1d" />
    <TestEntry testId="3c19773f-b893-e151-2329-1119e014ffd0" executionId="c9c916a7-fdf0-4171-82d7-608af6592db1" testListId="8c84fa94-04c1-424b-9868-57a2d4851a1d" />
    <TestEntry testId="071c6975-6aa8-5d8f-42ac-11a3f137c66c" executionId="89762197-4185-45ba-99f7-c179790ad469" testListId="8c84fa94-04c1-424b-9868-57a2d4851a1d" />
    <TestEntry testId="d2d1e56d-5a54-e045-e6b5-7ca7651ec922" executionId="95b311ea-061d-4b95-bfc1-a4f84c9c73d1" testListId="8c84fa94-04c1-424b-9868-57a2d4851a1d" />
    <TestEntry testId="4a0d4379-d38d-4629-0b27-b6793a9614aa" executionId="fcd83847-25ed-4a7c-aaa7-949973815e8e" testListId="8c84fa94-04c1-424b-9868-57a2d4851a1d" />
    <TestEntry testId="6103d9bf-1ac6-8f4b-28bd-f24dfd5f580f" executionId="54f1c0a3-e495-478a-a557-31e50f059b77" testListId="8c84fa94-04c1-424b-9868-57a2d4851a1d" />
    <TestEntry testId="2b461c40-e8e5-7539-0597-48e85c7c9c75" executionId="5506792d-f151-4ff7-85e4-513817594147" testListId="8c84fa94-04c1-424b-9868-57a2d4851a1d" />
    <TestEntry testId="41ae2cd9-8153-ea46-66bb-c3140b303722" executionId="d2795055-c943-46be-99b7-267bab0f2c9a" testListId="8c84fa94-04c1-424b-9868-57a2d4851a1d" />
    <TestEntry testId="46cf7504-5b24-3bc1-6e15-de188ba7bc20" executionId="de12ca9f-56ed-491b-93bb-e98636962330" testListId="8c84fa94-04c1-424b-9868-57a2d4851a1d" />
    <TestEntry testId="9c2b5b94-04a1-8c85-eb8b-9b2ec706bf81" executionId="3366589e-1ddf-4d3a-8da3-e2e685fc3401" testListId="8c84fa94-04c1-424b-9868-57a2d4851a1d" />
    <TestEntry testId="764c6456-8718-2515-38bc-a8e26129245b" executionId="27a137ec-69a6-49c9-a60b-90075a83aa1f" testListId="8c84fa94-04c1-424b-9868-57a2d4851a1d" />
    <TestEntry testId="19bbb189-58db-234d-9652-8d94e5f5275a" executionId="271153f3-6d4a-44cb-a7fc-7dd0df5e0f11" testListId="8c84fa94-04c1-424b-9868-57a2d4851a1d" />
    <TestEntry testId="f5939b4d-6261-273c-fecb-2b30a82259f3" executionId="77effa15-00d0-4954-83f1-67e1f1887780" testListId="8c84fa94-04c1-424b-9868-57a2d4851a1d" />
    <TestEntry testId="4e42a741-7ccd-2a7a-fddb-e78b1e9d51f7" executionId="2d150906-7e3a-43d5-8eb5-a038f91a7cbc" testListId="8c84fa94-04c1-424b-9868-57a2d4851a1d" />
    <TestEntry testId="7539edd5-274d-0171-7b8c-36985bfc5150" executionId="91a2be53-133a-4d58-84f0-f8483c136b34" testListId="8c84fa94-04c1-424b-9868-57a2d4851a1d" />
    <TestEntry testId="047bb00e-bdda-72c9-5fbf-783b34131f20" executionId="46c7e23f-867e-46ef-8618-4774a68477de" testListId="8c84fa94-04c1-424b-9868-57a2d4851a1d" />
    <TestEntry testId="e79d074f-7beb-3221-780d-1d000b684cef" executionId="3d3c6008-66bd-41c5-9ff7-84fc6c3b6862" testListId="8c84fa94-04c1-424b-9868-57a2d4851a1d" />
    <TestEntry testId="e61c51c7-60bd-3072-2014-01ac1610eed6" executionId="b4763e51-04a3-4450-8e42-b3c64cf3a51f" testListId="8c84fa94-04c1-424b-9868-57a2d4851a1d" />
    <TestEntry testId="ff9721c3-5c49-ecba-b049-cd17ecc4cc61" executionId="88c26513-2d70-4c0a-9001-010811298555" testListId="8c84fa94-04c1-424b-9868-57a2d4851a1d" />
    <TestEntry testId="586d99ee-cb22-baae-03d3-44e679ea66a3" executionId="d6516096-1212-4467-8221-7db46189f0ac" testListId="8c84fa94-04c1-424b-9868-57a2d4851a1d" />
    <TestEntry testId="e7940ef8-1ca1-a7f5-f4af-9bf6718f6860" executionId="8cbe53b0-8ce0-46bd-b7b6-1a54160984df" testListId="8c84fa94-04c1-424b-9868-57a2d4851a1d" />
    <TestEntry testId="b79e19b8-4462-447a-22c9-9ca4c1f7c4e0" executionId="1a286459-2686-476d-80ef-622a95d4e413" testListId="8c84fa94-04c1-424b-9868-57a2d4851a1d" />
    <TestEntry testId="dcfa1fd2-5345-beb1-c4dc-89d87cd5ba05" executionId="bbde8484-601e-46b6-a703-ba97d1ee8b60" testListId="8c84fa94-04c1-424b-9868-57a2d4851a1d" />
    <TestEntry testId="36cbcfd4-d8d6-1058-f839-873976a69952" executionId="5f8469a1-c778-4a27-987a-412e2ca72a12" testListId="8c84fa94-04c1-424b-9868-57a2d4851a1d" />
    <TestEntry testId="f0a18efc-ee78-95aa-2bed-69c256e049e9" executionId="badc9ba1-99a8-44cd-84a0-b5b8fbab3d89" testListId="8c84fa94-04c1-424b-9868-57a2d4851a1d" />
    <TestEntry testId="04df96b0-632b-951e-801d-a6433d25dcb8" executionId="950c86cc-1ec7-4b89-9f91-a64349561e62" testListId="8c84fa94-04c1-424b-9868-57a2d4851a1d" />
    <TestEntry testId="88cfb7e4-55f0-4b51-f64c-f87caeab9fce" executionId="f6c8e1c3-a16f-4538-a485-115bc2fa4f3d" testListId="8c84fa94-04c1-424b-9868-57a2d4851a1d" />
    <TestEntry testId="64fc86cc-6048-24c5-e012-ec5ff687bb1b" executionId="60d11050-6365-4cc3-8456-2259168057e0" testListId="8c84fa94-04c1-424b-9868-57a2d4851a1d" />
    <TestEntry testId="a35ea7c9-de73-56b5-85fd-47cbf3b6e72b" executionId="4623a5bd-aafd-4a56-a4f9-1dd34cdff3f3" testListId="8c84fa94-04c1-424b-9868-57a2d4851a1d" />
    <TestEntry testId="f6d5eb2d-4253-d24c-eb6e-68dd5554f1d4" executionId="a71b8964-e3cc-4655-b670-de472296aa12" testListId="8c84fa94-04c1-424b-9868-57a2d4851a1d" />
    <TestEntry testId="a19c6b35-d932-35ae-6d17-67bc2160a706" executionId="96472237-ebf0-4d75-8697-4ae336dbf181" testListId="8c84fa94-04c1-424b-9868-57a2d4851a1d" />
    <TestEntry testId="9493ee4c-525d-69f4-6f94-60c5f491989e" executionId="7026fdd9-c9cf-4dc4-b028-6de4127f252f" testListId="8c84fa94-04c1-424b-9868-57a2d4851a1d" />
    <TestEntry testId="d5b1ef16-0759-93c9-f6a5-9d0d0f8d7ff1" executionId="3f2405b5-7db2-4108-bae2-0a96d9ff957b" testListId="8c84fa94-04c1-424b-9868-57a2d4851a1d" />
    <TestEntry testId="456f0a81-8c78-9d29-b6a3-d6bb208042c6" executionId="f5cfa07f-2677-47fa-83d1-704dbdea860b" testListId="8c84fa94-04c1-424b-9868-57a2d4851a1d" />
    <TestEntry testId="e140e525-5969-54bd-7270-f9024a25a678" executionId="3dab27fc-a3c5-4f31-b252-290a5bc74239" testListId="8c84fa94-04c1-424b-9868-57a2d4851a1d" />
    <TestEntry testId="5f61b7a3-9121-9b4d-cb94-c95abca7a4e6" executionId="05921e61-bae1-49ea-b26a-06ce4c7b07ad" testListId="8c84fa94-04c1-424b-9868-57a2d4851a1d" />
    <TestEntry testId="d800e146-315e-d6f5-e20d-adcf9fecde4e" executionId="68babc5f-7bb5-4bd8-bccd-f9c3916a05da" testListId="8c84fa94-04c1-424b-9868-57a2d4851a1d" />
    <TestEntry testId="ce31774c-1955-90e4-257a-e9b1f181a7a0" executionId="86cf530e-ec51-424f-ac1a-128eb759bcae" testListId="8c84fa94-04c1-424b-9868-57a2d4851a1d" />
    <TestEntry testId="b4e54cba-6bb0-c706-044a-25f54c03a5e3" executionId="46d39376-1b8d-4a9a-aa73-0918059282b9" testListId="8c84fa94-04c1-424b-9868-57a2d4851a1d" />
    <TestEntry testId="72b721ee-f466-9419-edab-5f57c467c660" executionId="480915ca-800e-436e-96ce-88006574fc84" testListId="8c84fa94-04c1-424b-9868-57a2d4851a1d" />
    <TestEntry testId="9cd3af95-f64a-4414-0dbd-36aad43bcf9d" executionId="ac09d272-390d-42ce-8b1e-58a984e13246" testListId="8c84fa94-04c1-424b-9868-57a2d4851a1d" />
    <TestEntry testId="f853e9fb-2837-bb49-e242-da0a5c4cf8f2" executionId="7bb3724b-9af1-43bc-ac3f-99ffa4a2c1b3" testListId="8c84fa94-04c1-424b-9868-57a2d4851a1d" />
    <TestEntry testId="97c17799-d9c4-f957-0ce0-8f0029372c2e" executionId="839f41ed-5ecd-4e34-80ca-82b9ddc5ad05" testListId="8c84fa94-04c1-424b-9868-57a2d4851a1d" />
    <TestEntry testId="ed216442-6bb3-0c6e-7def-4031ad896487" executionId="324386af-d6bc-4618-9869-87281a6670d8" testListId="8c84fa94-04c1-424b-9868-57a2d4851a1d" />
    <TestEntry testId="a310d785-a3e2-ec78-0435-320b72afc2d2" executionId="46f51303-08a8-4da0-87f6-89be4401da8a" testListId="8c84fa94-04c1-424b-9868-57a2d4851a1d" />
    <TestEntry testId="bb05d079-24b3-a4e4-2366-f484aa73a5d0" executionId="57782057-4044-4730-a478-0055fb88d163" testListId="8c84fa94-04c1-424b-9868-57a2d4851a1d" />
    <TestEntry testId="224052a5-94d1-4626-891a-39321cc7795e" executionId="c42c07cb-8ef9-4c48-bb63-9360e1da0368" testListId="8c84fa94-04c1-424b-9868-57a2d4851a1d" />
    <TestEntry testId="e2c95863-25de-e2b5-df78-2fdf9c7b31f2" executionId="e670a6a7-be26-4ab6-988e-9d248e8b69b9" testListId="8c84fa94-04c1-424b-9868-57a2d4851a1d" />
    <TestEntry testId="0908844f-0c14-9929-ce12-107774c707d6" executionId="cabf3938-c09b-4b28-9b52-ee99254f539d" testListId="8c84fa94-04c1-424b-9868-57a2d4851a1d" />
    <TestEntry testId="688f93b9-2444-73d8-5087-5274640444b9" executionId="6ed116f7-3c47-48bc-bcd4-79bef3a1a67f" testListId="8c84fa94-04c1-424b-9868-57a2d4851a1d" />
    <TestEntry testId="27301cb1-6d1e-8db2-aa1b-afe51d5ffe45" executionId="b83c97b8-9032-4d28-9e62-74d97f5a2c9a" testListId="8c84fa94-04c1-424b-9868-57a2d4851a1d" />
    <TestEntry testId="95bda556-7281-279f-f600-2991fe6a56c5" executionId="b2491358-ec3b-4158-a681-5dc59c637f72" testListId="8c84fa94-04c1-424b-9868-57a2d4851a1d" />
    <TestEntry testId="a74060c1-cd11-fe2d-962d-0c1dfc63bc4a" executionId="0850de41-3aab-40ef-ba36-8fea4dad646f" testListId="8c84fa94-04c1-424b-9868-57a2d4851a1d" />
    <TestEntry testId="fd13e3a0-0925-82c7-b18d-1fd71ca32a34" executionId="f75d20ac-acab-49a4-a707-6b490c8af0af" testListId="8c84fa94-04c1-424b-9868-57a2d4851a1d" />
    <TestEntry testId="5123adc4-aa22-363c-0259-ee35f05859fc" executionId="49f6776f-f7c1-42f1-9f19-b4d687c04db2" testListId="8c84fa94-04c1-424b-9868-57a2d4851a1d" />
    <TestEntry testId="9a454201-21af-6f8f-010c-3887fbae57b3" executionId="fe0b0bb2-3de4-4ba8-b145-0c9b0574016f" testListId="8c84fa94-04c1-424b-9868-57a2d4851a1d" />
    <TestEntry testId="92b0d52f-5f50-12d0-baae-c1b6ff1ae13f" executionId="6538cde2-23b7-4d58-9aeb-25c348e173da" testListId="8c84fa94-04c1-424b-9868-57a2d4851a1d" />
    <TestEntry testId="35117c9e-a0cb-6f29-8e9b-ad43e40b5aef" executionId="1b557c30-a9e4-4e52-a140-8c7b2f218410" testListId="8c84fa94-04c1-424b-9868-57a2d4851a1d" />
    <TestEntry testId="545e9e6b-36a5-7a39-3196-1814e162d5bc" executionId="b369f937-f6ef-43b9-8a07-26dcafc300c4" testListId="8c84fa94-04c1-424b-9868-57a2d4851a1d" />
    <TestEntry testId="31c64d1c-c68f-6933-80f0-0f45851b646a" executionId="a1ac1aa5-4515-441c-839f-453505da6014" testListId="8c84fa94-04c1-424b-9868-57a2d4851a1d" />
    <TestEntry testId="4cfe52aa-6f7c-fcc3-01a8-05f4b7b1549b" executionId="71ab449c-407c-4c2a-affd-86c9dae39885" testListId="8c84fa94-04c1-424b-9868-57a2d4851a1d" />
    <TestEntry testId="914a03aa-30de-38b7-f67c-afa1e212403f" executionId="9bca641a-3eaf-4a61-beab-ca2b3351ebbf" testListId="8c84fa94-04c1-424b-9868-57a2d4851a1d" />
    <TestEntry testId="4def8eea-8489-6d4e-b815-0d5b2d89b77f" executionId="c9983e46-db77-493b-9c43-5ceefa212d18" testListId="8c84fa94-04c1-424b-9868-57a2d4851a1d" />
    <TestEntry testId="4f60914e-9ec1-2b25-3e7f-cc8af89f0563" executionId="cf190d2f-55c8-4fb5-aef8-f556f950f4d8" testListId="8c84fa94-04c1-424b-9868-57a2d4851a1d" />
    <TestEntry testId="326524e6-5ddc-fc22-dcef-1075293b2dcd" executionId="70ecd7b3-5d67-4116-a152-526c7e822daf" testListId="8c84fa94-04c1-424b-9868-57a2d4851a1d" />
    <TestEntry testId="352e79c1-3ff4-3f30-ff47-fdc143865ac5" executionId="6eefe324-de0a-4910-ac64-8a814b8369e5" testListId="8c84fa94-04c1-424b-9868-57a2d4851a1d" />
    <TestEntry testId="852639d8-5399-bf57-b94f-0b33bcee7958" executionId="0824b908-070d-41eb-bb58-22ec08f0c528" testListId="8c84fa94-04c1-424b-9868-57a2d4851a1d" />
    <TestEntry testId="010c931d-cbd5-dc38-47e9-57fe40cf5923" executionId="7baead8d-d037-4355-863a-86207efdaf04" testListId="8c84fa94-04c1-424b-9868-57a2d4851a1d" />
    <TestEntry testId="46935ed1-0b8c-a960-aa06-b3da12ddccfd" executionId="1be8da33-d86a-4976-a020-eac8ad4a9a24" testListId="8c84fa94-04c1-424b-9868-57a2d4851a1d" />
    <TestEntry testId="ea014ad6-b90a-ce7b-e530-8808b42ff8e8" executionId="dbf1efae-70e1-4668-9476-7b5be87ad61d" testListId="8c84fa94-04c1-424b-9868-57a2d4851a1d" />
    <TestEntry testId="7d39e7a4-3cad-fe84-d727-abcdc8269c58" executionId="b275537b-2590-42eb-ba4e-49629da6250b" testListId="8c84fa94-04c1-424b-9868-57a2d4851a1d" />
    <TestEntry testId="522a0904-65ec-1b56-43c8-9ba17972e3fd" executionId="0e9b0018-53c1-4eda-89a5-3490bae054b4" testListId="8c84fa94-04c1-424b-9868-57a2d4851a1d" />
    <TestEntry testId="eb086ec5-4f6e-c289-a1d4-d98d7aa6dbb2" executionId="fcead177-533b-4595-8465-3390d648aa5d" testListId="8c84fa94-04c1-424b-9868-57a2d4851a1d" />
    <TestEntry testId="b1432b44-3871-4d51-3540-8d1cb018c6ed" executionId="05be0697-a84a-4d44-b2c1-81799cb1993a" testListId="8c84fa94-04c1-424b-9868-57a2d4851a1d" />
    <TestEntry testId="401a7d21-ad77-a381-0888-0581090a2176" executionId="a60ee163-9d00-40ab-9d51-17f4e9f1a5b6" testListId="8c84fa94-04c1-424b-9868-57a2d4851a1d" />
    <TestEntry testId="410c3c00-7688-cf3b-94b9-8669cc3e10a6" executionId="1740429a-ce67-41f7-a375-3b22ff7e1634" testListId="8c84fa94-04c1-424b-9868-57a2d4851a1d" />
    <TestEntry testId="a0f7821c-bb99-f8a7-b33a-04210dd96bc8" executionId="118f6a27-bc59-4048-9197-959dbe9fb61b" testListId="8c84fa94-04c1-424b-9868-57a2d4851a1d" />
    <TestEntry testId="fe68e0d3-f639-5ecb-8d46-d474e2419f93" executionId="e9d9bf33-d6a1-495c-b305-779c99892faf" testListId="8c84fa94-04c1-424b-9868-57a2d4851a1d" />
    <TestEntry testId="7e40142b-3790-6d41-a024-42751c953ad9" executionId="726066b1-c8cf-4c8a-810e-8319da190768" testListId="8c84fa94-04c1-424b-9868-57a2d4851a1d" />
    <TestEntry testId="599b68c6-d9db-c2c6-35f8-fe837784c2f0" executionId="759c4f21-b44e-4ae3-b27d-2065637033dd" testListId="8c84fa94-04c1-424b-9868-57a2d4851a1d" />
    <TestEntry testId="a78245d2-a1d0-7786-0716-feb823d30048" executionId="e4f31bda-705d-4790-9b91-e6df5fc95e26" testListId="8c84fa94-04c1-424b-9868-57a2d4851a1d" />
    <TestEntry testId="52e8a787-5fd6-ea07-5a01-55c0084d4b00" executionId="7af99fc7-be63-4e06-b671-7c86d9271087" testListId="8c84fa94-04c1-424b-9868-57a2d4851a1d" />
    <TestEntry testId="b42326eb-7bec-b1cb-e9c6-eb48678d5684" executionId="e072af7b-1839-4fbe-b2d9-982523061b80" testListId="8c84fa94-04c1-424b-9868-57a2d4851a1d" />
    <TestEntry testId="03dd3b13-2991-e7e4-6dfb-8a29ec8dfac3" executionId="94e67409-50cc-46dd-9ffe-596a1f99f183" testListId="8c84fa94-04c1-424b-9868-57a2d4851a1d" />
    <TestEntry testId="ed34a572-07c3-ad78-fe9f-4f0239e35b11" executionId="c3aff881-72ac-4af1-ac25-4c60d39d88fd" testListId="8c84fa94-04c1-424b-9868-57a2d4851a1d" />
    <TestEntry testId="169d9766-558e-19af-5d1a-6011ef9f4609" executionId="8c32f522-e420-45ed-9345-7d0864ab7fd4" testListId="8c84fa94-04c1-424b-9868-57a2d4851a1d" />
    <TestEntry testId="7f0ed5c0-7268-01da-308d-76f8dfdfb633" executionId="75c7d868-184b-430a-8966-251afa9859e7" testListId="8c84fa94-04c1-424b-9868-57a2d4851a1d" />
    <TestEntry testId="55070f72-8b6e-2324-527d-02bea5dca0f1" executionId="5aef07a5-8527-444f-a957-795a01ae11fa" testListId="8c84fa94-04c1-424b-9868-57a2d4851a1d" />
    <TestEntry testId="49aa56dd-35cd-a6c0-9ffb-10036203e7b1" executionId="a7f0a1ca-c579-4e96-afec-d3f6fd784995" testListId="8c84fa94-04c1-424b-9868-57a2d4851a1d" />
    <TestEntry testId="a8ccde41-ee59-dee0-c3e9-1b633d565ae3" executionId="272e9562-f545-44b6-abec-fd07ad9f86c6" testListId="8c84fa94-04c1-424b-9868-57a2d4851a1d" />
    <TestEntry testId="09e9d187-80ad-9786-4d7e-00d49424bd28" executionId="35f853ae-661c-41e6-9774-36388ce5c261" testListId="8c84fa94-04c1-424b-9868-57a2d4851a1d" />
    <TestEntry testId="fe8da89e-a448-ac82-2cf8-f98a0308acef" executionId="bce247a9-48f4-417a-93d9-7d3254c2338a" testListId="8c84fa94-04c1-424b-9868-57a2d4851a1d" />
    <TestEntry testId="96ce2a36-b964-2edb-aecd-b16f67db8169" executionId="232667dc-56c7-405d-a7c2-dfad6c706999" testListId="8c84fa94-04c1-424b-9868-57a2d4851a1d" />
    <TestEntry testId="dc6b651b-dc95-9d4f-46ed-5cf3692d154a" executionId="e625496c-bd56-4234-8e7f-8629f8158601" testListId="8c84fa94-04c1-424b-9868-57a2d4851a1d" />
    <TestEntry testId="05c00900-e078-d8e5-d834-e396b971216c" executionId="6081250f-787b-45e1-b334-2a8643b45d99" testListId="8c84fa94-04c1-424b-9868-57a2d4851a1d" />
    <TestEntry testId="d5a12255-d6a9-37e3-7462-1692ea4ddc90" executionId="939dffd6-5e57-41ca-a843-d858efb3fc04" testListId="8c84fa94-04c1-424b-9868-57a2d4851a1d" />
    <TestEntry testId="e44673f0-aba7-0439-43f7-c2ceb86dd38f" executionId="6bd87e2e-4e91-44eb-a2ea-9d4b67d03688" testListId="8c84fa94-04c1-424b-9868-57a2d4851a1d" />
    <TestEntry testId="57060e8d-bb61-ac9f-b686-894e06a9bf8e" executionId="c977af18-83d6-4fd3-9648-caadd08cc764" testListId="8c84fa94-04c1-424b-9868-57a2d4851a1d" />
    <TestEntry testId="3337589e-afc4-b47f-b951-13db262adf47" executionId="9bb963e6-8732-4d2c-b5c4-090111fc22c4" testListId="8c84fa94-04c1-424b-9868-57a2d4851a1d" />
    <TestEntry testId="21c17d3e-93d3-a540-bd64-75f40379f136" executionId="4985405c-c402-4a13-8e08-9d75b1c61ff2" testListId="8c84fa94-04c1-424b-9868-57a2d4851a1d" />
    <TestEntry testId="3663beff-7331-661b-9b19-c1823afa417a" executionId="e727cd6e-62e5-4088-b655-9f60a7ed6bbd" testListId="8c84fa94-04c1-424b-9868-57a2d4851a1d" />
    <TestEntry testId="eb63b23a-5a89-845a-b2ec-fd922d6def38" executionId="5b522b75-ae7f-4b60-af7d-794d265e022d" testListId="8c84fa94-04c1-424b-9868-57a2d4851a1d" />
    <TestEntry testId="b3d39df6-37ae-0aaf-39cc-7880e3adc398" executionId="4a0d4d39-0d3a-49ec-b9f0-d3b4554641f6" testListId="8c84fa94-04c1-424b-9868-57a2d4851a1d" />
    <TestEntry testId="7db1720d-31f2-b7c1-3503-2c4079060eb8" executionId="da6b402b-4c3a-4d6f-892c-e815a8078814" testListId="8c84fa94-04c1-424b-9868-57a2d4851a1d" />
    <TestEntry testId="55f95501-5772-2aed-ef54-187559b9f004" executionId="874ed6e4-22c3-415c-b820-2543493f9e1f" testListId="8c84fa94-04c1-424b-9868-57a2d4851a1d" />
    <TestEntry testId="23128f34-0d9d-a570-c552-8fa2ab81800b" executionId="72253fb3-5000-4b9f-8865-bdacfeae5c73" testListId="8c84fa94-04c1-424b-9868-57a2d4851a1d" />
    <TestEntry testId="4d8b595a-c183-78de-71c4-11db1bdb2652" executionId="5f789e1e-b465-4ea5-9b3d-3ff3eee95a0a" testListId="8c84fa94-04c1-424b-9868-57a2d4851a1d" />
    <TestEntry testId="7727400f-7714-cd1e-eb11-3903a49255ae" executionId="dd8384b7-2402-4c03-b1af-d3cf86b3eaae" testListId="8c84fa94-04c1-424b-9868-57a2d4851a1d" />
    <TestEntry testId="195cf820-34d8-bc7d-99e8-cce07c764b9a" executionId="4a998494-1508-401c-b0bc-3393436467bd" testListId="8c84fa94-04c1-424b-9868-57a2d4851a1d" />
    <TestEntry testId="4e2468b2-2e2e-2098-f839-cbd72f1be05d" executionId="fb18118e-54d7-4932-a57d-71ded16c5f26" testListId="8c84fa94-04c1-424b-9868-57a2d4851a1d" />
    <TestEntry testId="b8dff491-6486-6f2a-4495-e1bab2f738ad" executionId="e132c8bc-4aac-47b3-832f-daa9efc0b7bc" testListId="8c84fa94-04c1-424b-9868-57a2d4851a1d" />
    <TestEntry testId="137eacde-020a-e854-f0f9-6f1731fce301" executionId="cb26805a-dae3-4a0a-aa17-e20d3605087f" testListId="8c84fa94-04c1-424b-9868-57a2d4851a1d" />
    <TestEntry testId="08b16489-7ee5-32b4-1cd7-7a59d6a74a1c" executionId="99e4e8a2-4871-40aa-976f-f6a34c74bba9" testListId="8c84fa94-04c1-424b-9868-57a2d4851a1d" />
    <TestEntry testId="48fa86eb-31c4-a77d-1d0a-f61ff23ecf68" executionId="4a6b4f21-58ef-4373-a78f-ce4aa1cab0d7" testListId="8c84fa94-04c1-424b-9868-57a2d4851a1d" />
    <TestEntry testId="bfe2ad1b-5c65-3f66-23e6-fa38b3b96841" executionId="dd2b36e7-9119-478d-8b65-31232cc61b3a" testListId="8c84fa94-04c1-424b-9868-57a2d4851a1d" />
    <TestEntry testId="6e74f936-2027-3ed3-76ed-711ea0e5b988" executionId="1b6e8da0-b3d8-4744-ab02-478d1a22256a" testListId="8c84fa94-04c1-424b-9868-57a2d4851a1d" />
    <TestEntry testId="ad6d5818-61c3-de37-b09c-1155359ca4e3" executionId="106cce55-04d4-49c0-bcd8-d6d36bb756ea" testListId="8c84fa94-04c1-424b-9868-57a2d4851a1d" />
    <TestEntry testId="5ac5cee6-b427-58c4-916d-49dbab5287d7" executionId="8572cc02-fed3-4a8c-bbae-48a0a851fe8c" testListId="8c84fa94-04c1-424b-9868-57a2d4851a1d" />
    <TestEntry testId="fe9ed158-0491-2ca8-da35-fa0a20414ee9" executionId="0a52f15c-af9c-41d8-a3d7-483d8b3ee907" testListId="8c84fa94-04c1-424b-9868-57a2d4851a1d" />
    <TestEntry testId="08ed41ee-5d4e-201e-b472-72cf2496e2c8" executionId="f1cbecfe-af98-496a-ae6b-bbb34fcd0439" testListId="8c84fa94-04c1-424b-9868-57a2d4851a1d" />
    <TestEntry testId="ab7b57ed-4294-6c8c-afd0-1f87a82fd302" executionId="2398aea2-d221-4dcd-bdbe-fee9b97e3ad8" testListId="8c84fa94-04c1-424b-9868-57a2d4851a1d" />
    <TestEntry testId="cb16e481-d5c2-188e-a419-df31c0884a1f" executionId="a443f185-0d63-476d-9540-bf0feb23c38d" testListId="8c84fa94-04c1-424b-9868-57a2d4851a1d" />
    <TestEntry testId="1c60b5d9-66ac-298f-e5d1-5e93f9afe4c3" executionId="45ace543-35bf-4f1c-809b-77f91f0bf128" testListId="8c84fa94-04c1-424b-9868-57a2d4851a1d" />
    <TestEntry testId="5a663b16-3724-464f-8fba-dce37af586ae" executionId="3fe967ec-0f2d-42d8-8ec4-47a0309aa55d" testListId="8c84fa94-04c1-424b-9868-57a2d4851a1d" />
    <TestEntry testId="136b6d3b-29bb-17b6-e0cf-4ebee601b5e6" executionId="40963575-c798-4255-b5bf-2028db95ecdf" testListId="8c84fa94-04c1-424b-9868-57a2d4851a1d" />
    <TestEntry testId="87136cbd-294a-5bb2-abf0-5348ff50384e" executionId="032821cd-320f-4efc-8f29-d89c6b95e418" testListId="8c84fa94-04c1-424b-9868-57a2d4851a1d" />
    <TestEntry testId="fefc860b-db21-c0e7-a8dd-109a9c653498" executionId="b9667661-bb7b-42d2-8a42-0c682781f3c0" testListId="8c84fa94-04c1-424b-9868-57a2d4851a1d" />
    <TestEntry testId="698588fd-dedf-98c6-ccff-def53f4443b5" executionId="029752ae-0014-46ea-b774-335c09e9fa95" testListId="8c84fa94-04c1-424b-9868-57a2d4851a1d" />
    <TestEntry testId="c4d73e55-5aea-3eaf-2d9f-902a88ff7b1f" executionId="ba7d7369-e2d2-4f72-9ef8-9e36274bfc05" testListId="8c84fa94-04c1-424b-9868-57a2d4851a1d" />
    <TestEntry testId="552c8616-25a5-e690-ebbb-a93918cd5a55" executionId="afefd712-ff1b-47d7-8c20-736ba9dfe4e2" testListId="8c84fa94-04c1-424b-9868-57a2d4851a1d" />
    <TestEntry testId="9b6fbbea-25b0-4e22-3edb-6493328cb4d8" executionId="00234a71-38d1-4001-a93e-7b1a33b689e8" testListId="8c84fa94-04c1-424b-9868-57a2d4851a1d" />
    <TestEntry testId="6098bbff-d35b-ca85-9006-e7a73338b48a" executionId="fa5a1935-a39f-4b59-82bb-94c612b8fea9" testListId="8c84fa94-04c1-424b-9868-57a2d4851a1d" />
    <TestEntry testId="81cab7d4-41c5-ec41-daaf-21a6cb1b4f5c" executionId="95962f37-1ae2-4d4b-ae2a-4fc40ac60e01" testListId="8c84fa94-04c1-424b-9868-57a2d4851a1d" />
    <TestEntry testId="d124c0ac-939b-2300-a5f9-281ffd6465f7" executionId="a84248be-f0ee-4fd5-ae1b-1957f0981308" testListId="8c84fa94-04c1-424b-9868-57a2d4851a1d" />
    <TestEntry testId="6203200d-d83d-695a-6e0c-b5525ae70db0" executionId="cea7fecb-da37-4bd1-b9f4-d7224daafd69" testListId="8c84fa94-04c1-424b-9868-57a2d4851a1d" />
    <TestEntry testId="e2a0b7fc-a1b1-1023-b8d8-72ac9531815e" executionId="b397b578-9dc8-4479-a3c7-2bce6d851a73" testListId="8c84fa94-04c1-424b-9868-57a2d4851a1d" />
    <TestEntry testId="597e3693-c2d5-d1cc-e813-1b974d31038c" executionId="73b7e4a6-2de4-4284-bea9-e70df3f84051" testListId="8c84fa94-04c1-424b-9868-57a2d4851a1d" />
    <TestEntry testId="813d17dc-342e-970e-2cf0-c9479370db89" executionId="59f4d3d3-a31f-4b05-971d-51b48b2816ff" testListId="8c84fa94-04c1-424b-9868-57a2d4851a1d" />
    <TestEntry testId="079bfd39-1b3d-5819-efd4-64ef3f53af02" executionId="5b6d3be0-9dc2-4566-ae8c-5819821a107c" testListId="8c84fa94-04c1-424b-9868-57a2d4851a1d" />
    <TestEntry testId="0daab818-14e9-f786-cb57-b763691cb3fc" executionId="f7e25106-1c89-4ab2-a647-75772e4cf99a" testListId="8c84fa94-04c1-424b-9868-57a2d4851a1d" />
    <TestEntry testId="ca7c4960-9b9f-a659-d087-dcac2d33a752" executionId="c3b790ec-5477-4d27-bf94-7f79770e7d9c" testListId="8c84fa94-04c1-424b-9868-57a2d4851a1d" />
    <TestEntry testId="b2bd9ed1-54da-b0a2-accb-ae11e0c5b2a3" executionId="96792ef8-c82a-4eff-8ed3-453cc0c58f16" testListId="8c84fa94-04c1-424b-9868-57a2d4851a1d" />
    <TestEntry testId="4e966a0f-2d22-8e3b-b49b-ebaa566f55da" executionId="df04ef46-c6e5-4ba9-9da6-de1956e9299c" testListId="8c84fa94-04c1-424b-9868-57a2d4851a1d" />
    <TestEntry testId="ef95a86c-04ff-7b99-5f69-e2cdf40d3ae5" executionId="6cc6ce8e-52cf-4c21-9e8f-798383efe8a3" testListId="8c84fa94-04c1-424b-9868-57a2d4851a1d" />
    <TestEntry testId="6ddd4051-8ab5-9634-16b2-490319228886" executionId="f806877b-f1ba-4410-8cab-cd306ba3ef14" testListId="8c84fa94-04c1-424b-9868-57a2d4851a1d" />
    <TestEntry testId="0ac1d98b-0ff3-2c1c-5ebf-61cd1948d2c2" executionId="b1bef90f-5c4d-48b3-9437-8251273c83f4" testListId="8c84fa94-04c1-424b-9868-57a2d4851a1d" />
    <TestEntry testId="ba6aaba6-b058-560a-b32a-a07b0c5d83a0" executionId="e5d2034c-2db2-4195-8123-52871ee3b7d6" testListId="8c84fa94-04c1-424b-9868-57a2d4851a1d" />
    <TestEntry testId="d304d660-183f-d2ae-3592-aeced07c9f72" executionId="c71d7248-fe5a-4526-9a8c-d8de8f663c74" testListId="8c84fa94-04c1-424b-9868-57a2d4851a1d" />
    <TestEntry testId="02b4a72e-63eb-4065-bc73-f9d8aeae156e" executionId="a472231e-eb1c-4a1a-bdcf-29b46d63006c" testListId="8c84fa94-04c1-424b-9868-57a2d4851a1d" />
    <TestEntry testId="eb463a1e-ecf1-4187-93dd-659dad1d52b9" executionId="6a15e018-cbec-40d9-9657-7f97ea4d535f" testListId="8c84fa94-04c1-424b-9868-57a2d4851a1d" />
    <TestEntry testId="428967e9-96de-7f29-28f7-520622f56f22" executionId="ea57f4f3-354d-43a0-a43f-bb88f1d29eff" testListId="8c84fa94-04c1-424b-9868-57a2d4851a1d" />
    <TestEntry testId="69fdfeb5-73d0-34e1-f8ea-cc7d3449b36d" executionId="13f9e3e5-194d-46c9-a12e-06d30c3a704d" testListId="8c84fa94-04c1-424b-9868-57a2d4851a1d" />
    <TestEntry testId="a8c1b47a-003d-2f3b-8ab7-8e7bb3712a9e" executionId="52a976d1-199e-4103-bd42-c805d2b9a910" testListId="8c84fa94-04c1-424b-9868-57a2d4851a1d" />
    <TestEntry testId="8c4ac5d9-e8b7-3be9-82b8-5e16efa37594" executionId="8f55f2ef-b310-4ee8-9a48-ffbf76137959" testListId="8c84fa94-04c1-424b-9868-57a2d4851a1d" />
    <TestEntry testId="e37b2894-1aa2-77af-25b1-ae458456f33f" executionId="2667b05f-c011-4479-8084-3ed33c996786" testListId="8c84fa94-04c1-424b-9868-57a2d4851a1d" />
    <TestEntry testId="10392123-1cf9-d8dc-ff46-d5855499ce46" executionId="8ba7f520-1a15-4a6a-9a70-975ff6a9e662" testListId="8c84fa94-04c1-424b-9868-57a2d4851a1d" />
    <TestEntry testId="87f5c1ee-4871-1412-3301-000de6cbf37a" executionId="a735983c-309f-478f-9881-1f1bd17d8385" testListId="8c84fa94-04c1-424b-9868-57a2d4851a1d" />
    <TestEntry testId="a02ad61f-fd38-32b4-0565-020718174d90" executionId="65f045cd-95ad-4a7e-be6f-94a93b354560" testListId="8c84fa94-04c1-424b-9868-57a2d4851a1d" />
    <TestEntry testId="a0d4a77e-b5a8-a7fb-c64b-6aacbb04db68" executionId="cc804192-624c-46b0-b0d5-4b7107b342b6" testListId="8c84fa94-04c1-424b-9868-57a2d4851a1d" />
    <TestEntry testId="f6c59e26-1b32-c3f4-d9b9-582aca7b19b7" executionId="a1c64a61-d09b-419f-b5da-36006489e6d5" testListId="8c84fa94-04c1-424b-9868-57a2d4851a1d" />
    <TestEntry testId="9a349a51-a25e-3bdc-d2eb-b3350309d79a" executionId="2862a8e1-46b2-4ca3-9ef3-313a32a7c71f" testListId="8c84fa94-04c1-424b-9868-57a2d4851a1d" />
    <TestEntry testId="d15516b3-1d39-1b39-db6a-b08b72fd7576" executionId="546a44d5-72a5-4a9c-ac42-32e05ea9341f" testListId="8c84fa94-04c1-424b-9868-57a2d4851a1d" />
    <TestEntry testId="4bcd92c0-2e46-e032-60b8-f40317a22849" executionId="10803599-2e1a-4fa5-8eca-6352233320c2" testListId="8c84fa94-04c1-424b-9868-57a2d4851a1d" />
    <TestEntry testId="159dc74d-d464-469a-fd05-afdcca39d99f" executionId="ae449119-5d23-469b-b0b7-e211a2d53f04" testListId="8c84fa94-04c1-424b-9868-57a2d4851a1d" />
    <TestEntry testId="3df80b2c-15ab-95cd-0e5a-c6bacaadb2da" executionId="304e721b-e181-4e7b-aea2-abcb269a4e7a" testListId="8c84fa94-04c1-424b-9868-57a2d4851a1d" />
    <TestEntry testId="8648e2b7-97db-7718-2de9-41dbdaa8e67d" executionId="c8baabba-f633-4c26-ad0b-a4525e83d5c9" testListId="8c84fa94-04c1-424b-9868-57a2d4851a1d" />
    <TestEntry testId="6382b04e-2a61-409b-3741-d0d46ab45a3a" executionId="77cfa85a-5754-461b-8058-e2fc6f6187cb" testListId="8c84fa94-04c1-424b-9868-57a2d4851a1d" />
    <TestEntry testId="6daa5065-771c-d148-ba32-0e4f6ed3246a" executionId="ec45a8e5-73d6-4188-936b-e3bc1b3741f6" testListId="8c84fa94-04c1-424b-9868-57a2d4851a1d" />
    <TestEntry testId="024185d0-aaa3-ab22-0741-a2cfd06b59a3" executionId="93558965-6b6a-424a-9b61-89d49eeab030" testListId="8c84fa94-04c1-424b-9868-57a2d4851a1d" />
    <TestEntry testId="2ef15a5a-9af1-e741-773d-68b3e6d1feab" executionId="afc08cd7-2a29-4435-bc23-1f6153605c7a" testListId="8c84fa94-04c1-424b-9868-57a2d4851a1d" />
    <TestEntry testId="878cbfe8-7b4f-d359-28d7-05b9341e3bcd" executionId="ec42c23b-419f-4972-ad9f-deb7d30fd21d" testListId="8c84fa94-04c1-424b-9868-57a2d4851a1d" />
    <TestEntry testId="942defeb-e98e-7976-ce54-158cec260264" executionId="5691110a-6734-4f50-bdd2-df49a077a885" testListId="8c84fa94-04c1-424b-9868-57a2d4851a1d" />
    <TestEntry testId="5bee8f09-19c6-4a14-fad2-95da2b9f3562" executionId="8bd638e0-b3b9-43ca-a303-0f4d52353ef3" testListId="8c84fa94-04c1-424b-9868-57a2d4851a1d" />
    <TestEntry testId="3079b379-8393-676a-6428-31b3fce6c314" executionId="e98e9986-cef8-4e8a-9d4c-4fd866060f20" testListId="8c84fa94-04c1-424b-9868-57a2d4851a1d" />
    <TestEntry testId="427dc8d9-8412-17e9-0571-9615db6c4050" executionId="39a82e92-a38c-47e9-9d33-2ffc5ec86b7d" testListId="8c84fa94-04c1-424b-9868-57a2d4851a1d" />
    <TestEntry testId="fd741b2f-69a6-83fa-15a8-ee73b058bc9e" executionId="71532772-a8d2-41ac-ac3d-b8b8fea526ac" testListId="8c84fa94-04c1-424b-9868-57a2d4851a1d" />
    <TestEntry testId="b7af6f66-38cb-58b6-41cd-079641dc5173" executionId="24b216f3-862d-48f9-b11e-27ef5ae784f9" testListId="8c84fa94-04c1-424b-9868-57a2d4851a1d" />
    <TestEntry testId="53f8b92d-3672-811d-40b1-6722b7030618" executionId="8a5385d6-d6e7-4650-8d05-6bd495803d5a" testListId="8c84fa94-04c1-424b-9868-57a2d4851a1d" />
    <TestEntry testId="372512b8-e961-2461-3677-56688467533c" executionId="2b24003e-03fe-4d58-b144-d871095e16f9" testListId="8c84fa94-04c1-424b-9868-57a2d4851a1d" />
    <TestEntry testId="9812f835-d894-c6ee-a4eb-3c9740984829" executionId="8aeccad8-4be7-4618-957c-2fb845cd487e" testListId="8c84fa94-04c1-424b-9868-57a2d4851a1d" />
    <TestEntry testId="608399ff-0916-1e1a-ee60-e9461f0026c4" executionId="ad9e03be-a409-45ba-80f9-7160fe2239f8" testListId="8c84fa94-04c1-424b-9868-57a2d4851a1d" />
    <TestEntry testId="37644299-453d-50f6-f061-a534a115805f" executionId="dc029a96-94cb-4f8e-979b-f2b2b7a81eee" testListId="8c84fa94-04c1-424b-9868-57a2d4851a1d" />
    <TestEntry testId="087779ec-e457-0c92-c6ce-9208511c3e37" executionId="0befab09-b299-4a20-8878-2f9ec2eb3666" testListId="8c84fa94-04c1-424b-9868-57a2d4851a1d" />
    <TestEntry testId="9a3aa7b2-1b34-a7ea-0d0a-750583f3d309" executionId="3f608466-1233-4cd7-aa87-e5585806ff2e" testListId="8c84fa94-04c1-424b-9868-57a2d4851a1d" />
    <TestEntry testId="edbad9ea-fafc-ecac-32a9-b424ca6e8565" executionId="3e5e94ad-e146-4a56-bf62-fbc6722a1db1" testListId="8c84fa94-04c1-424b-9868-57a2d4851a1d" />
    <TestEntry testId="f00007d2-6609-e661-cc88-406e1b6c1bcb" executionId="d0d46cad-8bb5-45a9-90cc-f3d5b86f69a2" testListId="8c84fa94-04c1-424b-9868-57a2d4851a1d" />
    <TestEntry testId="a0b11102-f861-4a6d-89e7-9e9df7e60c9d" executionId="20576a53-1a56-4748-9d18-a98c292e151a" testListId="8c84fa94-04c1-424b-9868-57a2d4851a1d" />
    <TestEntry testId="512b2427-11db-00ec-358b-4cafbf9acd76" executionId="57d9eb4d-9b26-4278-8172-b921438e76f3" testListId="8c84fa94-04c1-424b-9868-57a2d4851a1d" />
    <TestEntry testId="dcf8dc38-c29d-5450-3b7e-ecc274c59bfe" executionId="4cc3ecb1-0d4f-4807-b1f9-8a082d5ee496" testListId="8c84fa94-04c1-424b-9868-57a2d4851a1d" />
    <TestEntry testId="22a38773-c009-2b07-ae83-102b8d4e5e79" executionId="5e5f6eee-5480-4993-8a5a-57a0a8a534db" testListId="8c84fa94-04c1-424b-9868-57a2d4851a1d" />
    <TestEntry testId="c0e968d2-5051-add8-095d-09b0345520d9" executionId="9f21c22e-4ceb-4002-93ce-b5247b6ecc9d" testListId="8c84fa94-04c1-424b-9868-57a2d4851a1d" />
    <TestEntry testId="3b5ae482-1c18-3626-4e13-29e3c302b9ef" executionId="4a5ac264-2dc3-4cf6-a447-6d8e86581a3d" testListId="8c84fa94-04c1-424b-9868-57a2d4851a1d" />
    <TestEntry testId="9011350b-94f7-cae0-ac90-aa02fb8e277e" executionId="59ddbdac-345c-4294-b321-e5c512ee61f7" testListId="8c84fa94-04c1-424b-9868-57a2d4851a1d" />
    <TestEntry testId="9d7d2c7d-a372-053b-66fa-a33b85b0f130" executionId="5386f75e-e4ca-45ef-a874-a73edfb5a657" testListId="8c84fa94-04c1-424b-9868-57a2d4851a1d" />
    <TestEntry testId="d3ab7726-9a4f-7754-b6cb-57648973328a" executionId="daa3582d-9c6d-4ff3-bceb-d1be2d0eb2f3" testListId="8c84fa94-04c1-424b-9868-57a2d4851a1d" />
    <TestEntry testId="7791324d-e794-e436-6034-fecaab804146" executionId="046af30e-d54b-44e2-a03a-8ed58470dd3d" testListId="8c84fa94-04c1-424b-9868-57a2d4851a1d" />
    <TestEntry testId="019d9897-914e-ab01-ee96-61bb049f0873" executionId="40917933-f8bf-447f-885a-00603578c903" testListId="8c84fa94-04c1-424b-9868-57a2d4851a1d" />
    <TestEntry testId="a4dfe62c-7b25-dfae-c0b2-f44c2b38fc92" executionId="08e7d525-d0f4-4be6-800c-7e810e48b83d" testListId="8c84fa94-04c1-424b-9868-57a2d4851a1d" />
    <TestEntry testId="08823a5d-be6b-93ad-43eb-330638368868" executionId="868fe013-0da9-4665-94a6-487084f9e986" testListId="8c84fa94-04c1-424b-9868-57a2d4851a1d" />
    <TestEntry testId="68b4de2e-07a2-2898-3daa-1095b079767c" executionId="b2692c7d-789b-4edb-9142-eef109c3c635" testListId="8c84fa94-04c1-424b-9868-57a2d4851a1d" />
    <TestEntry testId="8eb7be2f-204f-00cd-43a2-d3b00543a5ce" executionId="dffab863-f1d1-490a-b3e3-38a391575ea8" testListId="8c84fa94-04c1-424b-9868-57a2d4851a1d" />
    <TestEntry testId="a3d5d710-597e-88fc-9e41-84e2ea92c1d5" executionId="fdb4c25e-0e05-4014-89e9-153b1391ffc3" testListId="8c84fa94-04c1-424b-9868-57a2d4851a1d" />
    <TestEntry testId="4e9affe1-1b3e-0a94-48e1-29a8221c1e05" executionId="c963377a-dc54-41c9-b87e-755827d3811e" testListId="8c84fa94-04c1-424b-9868-57a2d4851a1d" />
    <TestEntry testId="bc0d21c8-7dc6-d4c3-c3ce-87b23e27a436" executionId="d457116c-971e-4b0f-980a-aa27639d1bfa" testListId="8c84fa94-04c1-424b-9868-57a2d4851a1d" />
    <TestEntry testId="fe876dba-a36b-c374-cade-c8e0021aeb1a" executionId="dccd59b4-eda5-478e-9750-425deb2e8466" testListId="8c84fa94-04c1-424b-9868-57a2d4851a1d" />
    <TestEntry testId="493dbc25-d45c-a977-7a51-ecac51e13df6" executionId="31bc97ef-d6e0-458e-b8b3-4b11d80a1e5c" testListId="8c84fa94-04c1-424b-9868-57a2d4851a1d" />
    <TestEntry testId="2e30fbce-4171-c44e-45d5-30517d1635bc" executionId="bb4887f7-3f1c-4ec1-b16b-b8fc51e9fa8f" testListId="8c84fa94-04c1-424b-9868-57a2d4851a1d" />
    <TestEntry testId="41596968-3d68-6748-bab6-1dcca5fef620" executionId="2f98ac8d-b026-46fd-ad90-29cbaeb62f46" testListId="8c84fa94-04c1-424b-9868-57a2d4851a1d" />
    <TestEntry testId="184f74be-96b2-3d0b-0f18-b7a3fdc5a28f" executionId="b468b010-57fb-4b9f-8347-e730bad49402" testListId="8c84fa94-04c1-424b-9868-57a2d4851a1d" />
    <TestEntry testId="fa241edb-2599-7289-c9ec-552b04d6d82c" executionId="a1254709-048d-47f3-8d0e-fd20ff1b4bfa" testListId="8c84fa94-04c1-424b-9868-57a2d4851a1d" />
    <TestEntry testId="6440e024-6993-12cf-e9c7-c0fe0404d4fa" executionId="a8732b98-5966-41f0-99ba-293a754e40b5" testListId="8c84fa94-04c1-424b-9868-57a2d4851a1d" />
    <TestEntry testId="3c55f1ea-5be1-927d-231a-870be65b6ee3" executionId="e0a46cc7-46ea-4e14-a448-99f37fd08fb5" testListId="8c84fa94-04c1-424b-9868-57a2d4851a1d" />
    <TestEntry testId="1a2d8737-a3e6-71d9-7293-ee96b32648c0" executionId="18fb0e9a-c138-4a12-b928-8d647f1929bb" testListId="8c84fa94-04c1-424b-9868-57a2d4851a1d" />
    <TestEntry testId="badfe707-f95c-42ef-d47b-f6afe76d6b9e" executionId="e7849390-29da-4080-8269-fcca099f30cc" testListId="8c84fa94-04c1-424b-9868-57a2d4851a1d" />
    <TestEntry testId="5482ed8f-9ae5-2a94-1fe7-e8a0f42fb5a7" executionId="13fec1f7-bcb5-457f-a200-0a8df85f0ec5" testListId="8c84fa94-04c1-424b-9868-57a2d4851a1d" />
    <TestEntry testId="74a6c640-5765-e320-f4c1-9dbb018c29be" executionId="d0bfadfa-14e1-4d6b-b930-54fb81889679" testListId="8c84fa94-04c1-424b-9868-57a2d4851a1d" />
    <TestEntry testId="0d8b2b26-e7db-fc3d-faf3-756a466195e7" executionId="1c539154-a7b3-4cb6-aa1f-a269d6063f33" testListId="8c84fa94-04c1-424b-9868-57a2d4851a1d" />
    <TestEntry testId="88e77986-cef7-38da-8d5f-a04c1944dcc5" executionId="66fcafcd-64cd-4550-b90e-af0b7eda719c" testListId="8c84fa94-04c1-424b-9868-57a2d4851a1d" />
    <TestEntry testId="112602e5-fd8a-d3a6-ef31-edcb845d9ae2" executionId="93272be1-159b-4b56-917e-355b38fbf3f6" testListId="8c84fa94-04c1-424b-9868-57a2d4851a1d" />
    <TestEntry testId="bf367b79-b4c6-37af-ba95-9210159d3f86" executionId="e9dcc59a-9c51-4ea2-8bab-bf5a40481305" testListId="8c84fa94-04c1-424b-9868-57a2d4851a1d" />
    <TestEntry testId="f27b473c-2a60-1d11-8e7d-3cf184a36ca5" executionId="839a4163-273c-4fce-9534-8ec141fd57ab" testListId="8c84fa94-04c1-424b-9868-57a2d4851a1d" />
    <TestEntry testId="33d3bd4e-5761-be1c-ed71-215d5083d36a" executionId="f2d3858e-6dc0-4f36-ac6c-36f422bad9d7" testListId="8c84fa94-04c1-424b-9868-57a2d4851a1d" />
    <TestEntry testId="b7901133-bd34-7a83-1d47-e876e94086f2" executionId="5c79e6f7-89af-471a-950c-18a971e264b8" testListId="8c84fa94-04c1-424b-9868-57a2d4851a1d" />
    <TestEntry testId="ca8d5142-d8f6-e738-acd5-328d97c4e02c" executionId="99c80e2a-4aca-4247-89a7-2117b129dff7" testListId="8c84fa94-04c1-424b-9868-57a2d4851a1d" />
    <TestEntry testId="0069094c-c8d1-185a-4e7f-b448c05f2bcf" executionId="2202eca7-4076-4657-96ca-b3f8c5322e88" testListId="8c84fa94-04c1-424b-9868-57a2d4851a1d" />
    <TestEntry testId="2a4df6f2-cb92-0cc3-06af-50eb91cd584f" executionId="6023dccb-e35b-44f0-a8a2-dcd99662fbff" testListId="8c84fa94-04c1-424b-9868-57a2d4851a1d" />
    <TestEntry testId="2c31837e-ec26-67d2-2c83-6e25eaf2b712" executionId="ce540df8-53a2-4612-b7e1-eaaf4fea25a4" testListId="8c84fa94-04c1-424b-9868-57a2d4851a1d" />
    <TestEntry testId="fff15c83-a940-9529-4341-aab64713f5f4" executionId="e890760b-cfb6-4269-be96-e0ebaef30444" testListId="8c84fa94-04c1-424b-9868-57a2d4851a1d" />
    <TestEntry testId="3338dab6-a26c-3367-7151-c90b570c09c7" executionId="0b85bcdb-af26-46ae-b69e-53cc0f017fa7" testListId="8c84fa94-04c1-424b-9868-57a2d4851a1d" />
    <TestEntry testId="a62736a0-6376-09f2-1ce3-7d9209d52ba9" executionId="c829bdbc-1389-4656-a0a6-1eb960e82000" testListId="8c84fa94-04c1-424b-9868-57a2d4851a1d" />
    <TestEntry testId="a09a3fda-9fbe-b78f-5f43-c1dfd0e8ac05" executionId="fc202fd6-1c4c-4359-ab37-e0093290d1a0" testListId="8c84fa94-04c1-424b-9868-57a2d4851a1d" />
    <TestEntry testId="1c62c40d-51b0-9afc-e65d-689c9d50497d" executionId="b6e26716-70b7-4a6d-a4d8-78c9f7906efa" testListId="8c84fa94-04c1-424b-9868-57a2d4851a1d" />
    <TestEntry testId="350affcb-0870-aaf7-ef75-9fcfe43d6f60" executionId="3357db6a-35b5-4e0d-9928-7a151acb05c1" testListId="8c84fa94-04c1-424b-9868-57a2d4851a1d" />
    <TestEntry testId="040e9f46-9f7a-b2d7-cfcd-d44c854d00a0" executionId="b33b235e-d0a8-4951-a654-17ffab968ecd" testListId="8c84fa94-04c1-424b-9868-57a2d4851a1d" />
    <TestEntry testId="bf6267c2-8b4e-9412-fd06-3942cf41f2c6" executionId="a099ee58-2db6-4a47-920d-4d5e13efd7fa" testListId="8c84fa94-04c1-424b-9868-57a2d4851a1d" />
    <TestEntry testId="f4e0bf0b-ca6f-3d95-e609-0852386ba675" executionId="a02c96e4-8d32-497f-96b8-332d8d194920" testListId="8c84fa94-04c1-424b-9868-57a2d4851a1d" />
    <TestEntry testId="d8a79edf-ffea-cacf-41e4-e0e3459f2dd4" executionId="7e673c09-9a85-4a0a-9620-5b83a4b99e99" testListId="8c84fa94-04c1-424b-9868-57a2d4851a1d" />
    <TestEntry testId="064eb444-fe9e-e5c4-7b62-75514b64b2a1" executionId="a0cc0492-6fb1-4ebf-9d59-8a2b470c70b6" testListId="8c84fa94-04c1-424b-9868-57a2d4851a1d" />
    <TestEntry testId="15d1b5b2-065b-a2ba-2e7b-6a2e1086ffc9" executionId="2fb6ce68-ec07-4af4-ae69-d65ae9fae19a" testListId="8c84fa94-04c1-424b-9868-57a2d4851a1d" />
    <TestEntry testId="ea0699e6-03ee-177f-7591-365ede29b06a" executionId="723a49e0-a474-4e7d-bd88-dbb5da8e781b" testListId="8c84fa94-04c1-424b-9868-57a2d4851a1d" />
    <TestEntry testId="aeaabfda-a3c2-9278-6099-750f54411b12" executionId="03d3ace9-9154-4774-af48-c12fd5e29bcc" testListId="8c84fa94-04c1-424b-9868-57a2d4851a1d" />
    <TestEntry testId="a58d5eec-b67d-cea0-bd0a-aa721769c4c5" executionId="0fbc24a0-3cc0-4f0b-8e06-86bb57b71cdc" testListId="8c84fa94-04c1-424b-9868-57a2d4851a1d" />
    <TestEntry testId="6d450c57-9ee8-ef28-5f8f-80425f2998cc" executionId="cf1526bc-3985-4604-b3be-1394c306c46f" testListId="8c84fa94-04c1-424b-9868-57a2d4851a1d" />
    <TestEntry testId="2dfb319c-e318-925b-04f0-c6e027c52d7d" executionId="6b6c5d09-9904-4639-9662-fb6b26cdb0d0" testListId="8c84fa94-04c1-424b-9868-57a2d4851a1d" />
    <TestEntry testId="016df001-8c6b-6ac5-beb1-f477f0ce6fb4" executionId="0f5da8db-a0e4-4c57-b149-deb4e4bad577" testListId="8c84fa94-04c1-424b-9868-57a2d4851a1d" />
    <TestEntry testId="5365f977-ef6d-2fd7-b425-8be6ca62eb58" executionId="6a90b456-adcf-45d3-989b-a9bd010f004c" testListId="8c84fa94-04c1-424b-9868-57a2d4851a1d" />
    <TestEntry testId="9507dd61-14d5-c70d-239b-4dac2c27c56a" executionId="b25b0d54-aa0c-46de-aafd-d28c63ad3240" testListId="8c84fa94-04c1-424b-9868-57a2d4851a1d" />
    <TestEntry testId="e725cb3f-e73b-f21b-4af6-bad3b970959e" executionId="f5054669-a958-4c38-9d4a-c97a766b52d7" testListId="8c84fa94-04c1-424b-9868-57a2d4851a1d" />
    <TestEntry testId="3fb7bcc6-9e15-df27-9bae-0cf8898d9f52" executionId="17cac66f-c287-4837-b26b-3c1c96bdc364" testListId="8c84fa94-04c1-424b-9868-57a2d4851a1d" />
    <TestEntry testId="edae4c3d-d575-432e-706f-a21a7ee86164" executionId="28c7c9e4-cc2c-432b-8136-4e3f789fad8d" testListId="8c84fa94-04c1-424b-9868-57a2d4851a1d" />
    <TestEntry testId="410f0de9-a3f7-b0b7-bd08-a4c291dd1791" executionId="413656cc-09f4-4707-a8dd-caf72f2b157b" testListId="8c84fa94-04c1-424b-9868-57a2d4851a1d" />
    <TestEntry testId="8c93207a-eeee-3816-2f1f-cdd38628d911" executionId="b5cc6dd7-f563-48f7-b9c0-9590d8f5d68f" testListId="8c84fa94-04c1-424b-9868-57a2d4851a1d" />
    <TestEntry testId="c03c8ae2-afd7-bdf7-ba2d-aef0c02de6cf" executionId="a9a22ac6-023f-4dde-9e1f-4ba5b23e51b9" testListId="8c84fa94-04c1-424b-9868-57a2d4851a1d" />
    <TestEntry testId="937d5dbe-0035-84ca-9299-0cd3d0c8f22b" executionId="032672e0-e122-4e2d-b8a2-1af3cc30f4d9" testListId="8c84fa94-04c1-424b-9868-57a2d4851a1d" />
    <TestEntry testId="6488748f-f232-54df-df52-e22ef42dfca5" executionId="e800e202-e989-498e-83e3-e00df4b156d4" testListId="8c84fa94-04c1-424b-9868-57a2d4851a1d" />
    <TestEntry testId="64cf6087-cc6f-4a38-2d20-576e2201e26c" executionId="45b5b701-88a5-4a92-8417-0f5447fc604f" testListId="8c84fa94-04c1-424b-9868-57a2d4851a1d" />
    <TestEntry testId="52ad2a2a-6740-a9e0-e9af-cc4cb4838079" executionId="0d16cff1-ec31-4956-9d59-e0935a874e42" testListId="8c84fa94-04c1-424b-9868-57a2d4851a1d" />
    <TestEntry testId="3b6a9379-b71f-6f45-9d2a-eb60e14f2bc3" executionId="bb867035-0dea-4258-921c-1f0277aced74" testListId="8c84fa94-04c1-424b-9868-57a2d4851a1d" />
    <TestEntry testId="423861b6-b7c4-abc2-0bff-47b49bf004b3" executionId="a4564eb9-0d5d-4251-bc44-8206f57084ca" testListId="8c84fa94-04c1-424b-9868-57a2d4851a1d" />
    <TestEntry testId="0102058f-7ded-ab33-bfaa-1bb86366d5c7" executionId="3da1b4c7-dd4a-40b6-89b9-41f7f3954f1b" testListId="8c84fa94-04c1-424b-9868-57a2d4851a1d" />
    <TestEntry testId="2ad8d658-5b80-2fdf-980d-2ac2447b0d1f" executionId="0cbe2456-8bf1-48e9-854c-4c15ece97538" testListId="8c84fa94-04c1-424b-9868-57a2d4851a1d" />
    <TestEntry testId="1721dca6-c06e-6408-f95c-cd0f5de2495b" executionId="ea644a26-80eb-4158-ba45-9cfd2759c390" testListId="8c84fa94-04c1-424b-9868-57a2d4851a1d" />
    <TestEntry testId="159eecd7-ad69-74e3-7b8c-64f9ef68dfe5" executionId="7985828a-0880-4b8a-9582-9e58a230f717" testListId="8c84fa94-04c1-424b-9868-57a2d4851a1d" />
    <TestEntry testId="a98ea7b2-8fe8-fd60-30f1-c2feee5385db" executionId="4ab87ea8-a463-4583-b665-33295f9eb57e" testListId="8c84fa94-04c1-424b-9868-57a2d4851a1d" />
    <TestEntry testId="0876ecc1-622f-4490-0706-237ffb063b37" executionId="9dc2a792-6a96-4c42-ab24-fa90ef0c3907" testListId="8c84fa94-04c1-424b-9868-57a2d4851a1d" />
    <TestEntry testId="d55d5862-0019-c8db-8fdd-6af0d6656f08" executionId="018ea80d-0c4e-45a2-b051-3369562a1207" testListId="8c84fa94-04c1-424b-9868-57a2d4851a1d" />
    <TestEntry testId="36f96050-3feb-3c37-65cd-306a2f8cc6d3" executionId="b8dd6fb6-b460-41d9-bdfc-f0c7204f9559" testListId="8c84fa94-04c1-424b-9868-57a2d4851a1d" />
    <TestEntry testId="b2b35100-061c-c686-df3d-28171ad0f1da" executionId="b1ed53de-9ef2-4efa-abdc-3356c30ddba5" testListId="8c84fa94-04c1-424b-9868-57a2d4851a1d" />
    <TestEntry testId="046eeca6-31e2-0a93-ebf6-b22f34678a5c" executionId="c67a06a5-e990-46b2-bdf9-80733fbc2182" testListId="8c84fa94-04c1-424b-9868-57a2d4851a1d" />
    <TestEntry testId="f5897722-5d12-bf17-aa37-993f860b1732" executionId="bd0dfe16-cbb2-4c1b-bbc4-68372339550a" testListId="8c84fa94-04c1-424b-9868-57a2d4851a1d" />
    <TestEntry testId="877dd8a8-2cbf-e2f4-bf88-a049250d7993" executionId="a02e7be9-b529-4a9e-a919-ef3873ee5dfd" testListId="8c84fa94-04c1-424b-9868-57a2d4851a1d" />
    <TestEntry testId="a47002d1-874a-960c-d7f3-8f2dd9958088" executionId="310e5767-6303-476f-b30e-76b37713353c" testListId="8c84fa94-04c1-424b-9868-57a2d4851a1d" />
    <TestEntry testId="e302f299-cea8-2e5d-4c3e-823d98931012" executionId="4c0957c7-54db-4ca6-b381-5de11356b24a" testListId="8c84fa94-04c1-424b-9868-57a2d4851a1d" />
    <TestEntry testId="e4b7446d-4e5d-23b4-e11f-2454a3b89993" executionId="85fa4696-9efe-4141-a566-f76806f956e0" testListId="8c84fa94-04c1-424b-9868-57a2d4851a1d" />
    <TestEntry testId="0c8528b8-cd46-4fa3-c57f-da6309bd62f8" executionId="3f7baa95-5549-470d-bbac-4aec06ea9cfc" testListId="8c84fa94-04c1-424b-9868-57a2d4851a1d" />
    <TestEntry testId="c5174b31-c9f1-11d3-a599-6c4e80984610" executionId="d9a0ffb2-0c0b-485d-aab0-953750e0c507" testListId="8c84fa94-04c1-424b-9868-57a2d4851a1d" />
    <TestEntry testId="4037ddde-6b65-d5c1-a07d-2ff14a292b19" executionId="a6b19cd0-375c-4136-a077-5a0655a66fbc" testListId="8c84fa94-04c1-424b-9868-57a2d4851a1d" />
    <TestEntry testId="e7a46001-7e93-22be-a1fb-2583c50c3867" executionId="198432a5-f6c7-4726-9d6a-0a924b48a749" testListId="8c84fa94-04c1-424b-9868-57a2d4851a1d" />
    <TestEntry testId="bbe8b0f0-9924-b6ae-32c2-4e48cef7f2f2" executionId="1d94b845-9afe-4b98-8548-853eae6645fe" testListId="8c84fa94-04c1-424b-9868-57a2d4851a1d" />
    <TestEntry testId="cc0e75e8-c23d-d5d0-3e19-0d695c678591" executionId="65e68324-6bdb-4ee3-819f-2005059d1982" testListId="8c84fa94-04c1-424b-9868-57a2d4851a1d" />
    <TestEntry testId="3c556e7b-3a88-4c68-d43f-ac85bed83e69" executionId="7d2e7a4e-2fb8-495b-8ee7-d7f27a77d0b7" testListId="8c84fa94-04c1-424b-9868-57a2d4851a1d" />
    <TestEntry testId="5d3bfcdc-d59f-60f5-56fd-3d3ddad5ac7e" executionId="59144ec2-7a72-4e37-884f-f9183f5c762c" testListId="8c84fa94-04c1-424b-9868-57a2d4851a1d" />
    <TestEntry testId="0e2c74db-c8e0-feeb-f7b4-ee478fd1b7b3" executionId="522400dc-7c82-4a6d-bf23-44dc2ae8cbd3" testListId="8c84fa94-04c1-424b-9868-57a2d4851a1d" />
    <TestEntry testId="86016d73-3904-c210-6067-2e5d8e38071a" executionId="0c21742b-a3ad-4dda-943b-989a76069981" testListId="8c84fa94-04c1-424b-9868-57a2d4851a1d" />
    <TestEntry testId="dcab420c-bab4-7638-4fce-acab7bc6fdb7" executionId="b0fe0d60-1b48-41bb-b8f0-bbaeade0bb42" testListId="8c84fa94-04c1-424b-9868-57a2d4851a1d" />
    <TestEntry testId="5b976b0d-a3a3-0015-c690-ea0bafb312f4" executionId="83c0a409-0471-4a12-ab72-b3adda71e507" testListId="8c84fa94-04c1-424b-9868-57a2d4851a1d" />
    <TestEntry testId="3c2f5ba0-ad0d-fb4b-7689-bec1c1674051" executionId="a46bbdce-18e6-4f06-833e-3e6737e3e770" testListId="8c84fa94-04c1-424b-9868-57a2d4851a1d" />
    <TestEntry testId="3a90f6a4-0f0c-c1a3-9b00-25a278847b5a" executionId="6a713d42-51ec-4a7e-bf56-db81d8ab8505" testListId="8c84fa94-04c1-424b-9868-57a2d4851a1d" />
    <TestEntry testId="7ba928e1-0973-4c77-d029-e17b1f6390e6" executionId="de2add0a-e0d9-463a-9570-a5e1f6544181" testListId="8c84fa94-04c1-424b-9868-57a2d4851a1d" />
    <TestEntry testId="543908f5-5ba0-ab4d-d32b-a9f2b73b410f" executionId="d7f91e77-3014-461a-8e86-2d38ca45a379" testListId="8c84fa94-04c1-424b-9868-57a2d4851a1d" />
    <TestEntry testId="80afa14b-8d36-1c8f-39d3-5f0ec5825881" executionId="fb548803-737c-496d-ad50-089fcfc7eb82" testListId="8c84fa94-04c1-424b-9868-57a2d4851a1d" />
    <TestEntry testId="51320184-23d2-36be-2d2c-975bb2a27340" executionId="8fe86c48-c26d-4219-9532-b1438d69d2a5" testListId="8c84fa94-04c1-424b-9868-57a2d4851a1d" />
    <TestEntry testId="2908e470-2d2a-f25d-5427-ca655ac611d3" executionId="b36fe0b7-e6d8-4ec3-b8c8-eb1d0bcecc6f" testListId="8c84fa94-04c1-424b-9868-57a2d4851a1d" />
    <TestEntry testId="2a6b5c94-e089-71cd-f89b-dcb01f740cf0" executionId="12e92fd4-56c4-4c40-b4b2-a0ae1ebbc883" testListId="8c84fa94-04c1-424b-9868-57a2d4851a1d" />
    <TestEntry testId="06ea1067-95b7-298a-695d-2096f664b4cc" executionId="094661c9-b865-41c9-bf33-45d902536fe6" testListId="8c84fa94-04c1-424b-9868-57a2d4851a1d" />
    <TestEntry testId="f2ee4033-41ac-dcde-984d-5ea35687a6a3" executionId="6dcab0f8-78c2-4efe-a0cd-6f8a047ba5ce" testListId="8c84fa94-04c1-424b-9868-57a2d4851a1d" />
    <TestEntry testId="99854217-8fd5-87eb-853c-88ee3a5bc23a" executionId="95eb9578-b611-49aa-b207-535e3bfec93b" testListId="8c84fa94-04c1-424b-9868-57a2d4851a1d" />
    <TestEntry testId="1fea7049-0e30-221f-4a09-1103e68a049e" executionId="97a02e1a-fa89-4f45-89ab-3e445fa78bf3" testListId="8c84fa94-04c1-424b-9868-57a2d4851a1d" />
    <TestEntry testId="1d721389-af3b-30fc-8f7c-6024b9a99314" executionId="4ed18dd7-6b83-4af9-8359-30a755279b89" testListId="8c84fa94-04c1-424b-9868-57a2d4851a1d" />
    <TestEntry testId="1597b38c-2fa1-3d23-df80-01dcb73e4ed7" executionId="c0259842-a10f-464f-a5c8-f7d2551b15d2" testListId="8c84fa94-04c1-424b-9868-57a2d4851a1d" />
    <TestEntry testId="fa8dda7f-a4f4-111c-9322-8f6349cc36c6" executionId="cebd4a52-77ea-40e8-bb17-0f6540e2e935" testListId="8c84fa94-04c1-424b-9868-57a2d4851a1d" />
    <TestEntry testId="8bdd8e0c-9c03-a7fb-6960-13afb2c66dad" executionId="6413a962-fcef-4bfa-bab0-bdceee90a432" testListId="8c84fa94-04c1-424b-9868-57a2d4851a1d" />
    <TestEntry testId="051235bd-a218-4c69-f9ef-0fb2b23484c6" executionId="fdaeb81d-d3b6-4aed-a5d4-0089b33f0e66" testListId="8c84fa94-04c1-424b-9868-57a2d4851a1d" />
    <TestEntry testId="ff482888-932c-3694-5b04-f03df920b124" executionId="1defa77a-6a19-4e63-979d-fc64467177b3" testListId="8c84fa94-04c1-424b-9868-57a2d4851a1d" />
    <TestEntry testId="0b4e67d2-a3a5-9458-ee25-fa1c73737a2e" executionId="2820f313-7f62-40f7-97bf-ed4f96647a40" testListId="8c84fa94-04c1-424b-9868-57a2d4851a1d" />
    <TestEntry testId="2169b153-5d82-b6d6-ea62-ab56efa2e3b3" executionId="2ce535de-ecde-41c1-8d7c-a7023e4a61c2" testListId="8c84fa94-04c1-424b-9868-57a2d4851a1d" />
    <TestEntry testId="d148878e-82dd-f813-64c4-e9b3d98353db" executionId="95fb229b-ac41-4954-9b41-ab79d63cfc8f" testListId="8c84fa94-04c1-424b-9868-57a2d4851a1d" />
    <TestEntry testId="f35a97bf-bf86-3d84-4898-725605d86fb2" executionId="515e0aaa-b270-4fb8-8a3d-a5e5aad05e7d" testListId="8c84fa94-04c1-424b-9868-57a2d4851a1d" />
    <TestEntry testId="8de2f614-2bfe-0f34-2023-38c08bda3420" executionId="ab1a8b35-0a43-4187-9a47-2bf71d78fbec" testListId="8c84fa94-04c1-424b-9868-57a2d4851a1d" />
    <TestEntry testId="ba91e0d4-336e-2082-a0d7-759023213742" executionId="daf7d7e2-6488-48dd-b8aa-86047189412e" testListId="8c84fa94-04c1-424b-9868-57a2d4851a1d" />
    <TestEntry testId="d197c513-e2a5-0bc9-c74b-601e384d6633" executionId="75a3bc45-3d5f-42d0-a1dd-337868da9735" testListId="8c84fa94-04c1-424b-9868-57a2d4851a1d" />
    <TestEntry testId="217add7d-219d-c18f-21a5-220944ec976e" executionId="00146dd9-0442-4e22-b3a0-15b6a6b54a3e" testListId="8c84fa94-04c1-424b-9868-57a2d4851a1d" />
    <TestEntry testId="f9ab64b5-5531-9e24-973d-5cf6133953a5" executionId="c22cf2d3-4c16-461f-b8a9-ec408fad92d1" testListId="8c84fa94-04c1-424b-9868-57a2d4851a1d" />
    <TestEntry testId="ec9a32d2-df7c-3230-dcb2-4da3805a09ce" executionId="c8edf150-ac96-4cb3-a574-d87fd496e3ed" testListId="8c84fa94-04c1-424b-9868-57a2d4851a1d" />
    <TestEntry testId="f3197db1-bfbd-1b66-8e92-d40c5b27e1f9" executionId="af9cb861-a4a2-4ffc-bc7d-0c71b31d453b" testListId="8c84fa94-04c1-424b-9868-57a2d4851a1d" />
    <TestEntry testId="d75b476e-9c73-4f05-8511-9f28d4f35f57" executionId="62d765ec-5159-4bc9-9628-1f4b78b1fdb2" testListId="8c84fa94-04c1-424b-9868-57a2d4851a1d" />
    <TestEntry testId="763759d1-24f1-a8a0-a0ed-5b0e4cb28178" executionId="33991a7b-1e20-4d78-8f55-768555f1660c" testListId="8c84fa94-04c1-424b-9868-57a2d4851a1d" />
    <TestEntry testId="64296870-46a3-1fa3-0a14-8a55b2c5c6b7" executionId="058bd72d-04dc-4bad-9824-fd8cd5223db2" testListId="8c84fa94-04c1-424b-9868-57a2d4851a1d" />
    <TestEntry testId="663ddd63-73a3-74bb-435d-29c31b12cb67" executionId="3576244f-4c68-45f4-bb8c-222100c6f255" testListId="8c84fa94-04c1-424b-9868-57a2d4851a1d" />
    <TestEntry testId="5b5adf4b-0c71-f748-d486-5a6ceeebe763" executionId="6496844e-e1dc-41dd-8f30-b0e54acbd728" testListId="8c84fa94-04c1-424b-9868-57a2d4851a1d" />
    <TestEntry testId="904fd28c-be43-52a5-fdaf-9bd464ca98d8" executionId="abd5a018-f398-41c3-bd49-a4846f5ab9ef" testListId="8c84fa94-04c1-424b-9868-57a2d4851a1d" />
    <TestEntry testId="b190f4d0-262b-af94-fe66-18361dda395a" executionId="5df295d1-33ef-4156-a3ce-14b89cc51ee6" testListId="8c84fa94-04c1-424b-9868-57a2d4851a1d" />
    <TestEntry testId="bb0e570d-ca6b-d131-25d8-100bf3e4805e" executionId="68a1392b-5888-481e-a930-cee644f57e53" testListId="8c84fa94-04c1-424b-9868-57a2d4851a1d" />
    <TestEntry testId="97ad8210-b54a-6e9c-0023-e7306f59f816" executionId="69b9d118-a6b6-4aaa-bc10-e0845bcf8c7b" testListId="8c84fa94-04c1-424b-9868-57a2d4851a1d" />
    <TestEntry testId="514e057f-2fad-09c9-dd58-09d4aa79a78a" executionId="7424767b-91d2-431c-92cf-9c77c2047002" testListId="8c84fa94-04c1-424b-9868-57a2d4851a1d" />
    <TestEntry testId="5b3ab977-dfa7-408e-ef70-005184140cd0" executionId="f7ce500d-3d30-426d-aee7-becaac781eb7" testListId="8c84fa94-04c1-424b-9868-57a2d4851a1d" />
    <TestEntry testId="d1283c37-2114-72aa-e6cf-da6da17db5ba" executionId="e4715e50-92de-4af8-93a9-4efaaa4cd7f1" testListId="8c84fa94-04c1-424b-9868-57a2d4851a1d" />
    <TestEntry testId="365c948a-ae24-c1b0-5f37-02df78b3a3e6" executionId="1aaebe2b-0624-4c86-92ea-98cdf985c80d" testListId="8c84fa94-04c1-424b-9868-57a2d4851a1d" />
    <TestEntry testId="10bc396c-5112-da59-ba31-54ac7921cf2a" executionId="361750d0-fd55-418c-b94e-b979748d37c3" testListId="8c84fa94-04c1-424b-9868-57a2d4851a1d" />
    <TestEntry testId="f821f7a1-567e-7302-113c-3e6db9654e3d" executionId="98026fe2-4f87-4a7d-bab5-9009c97383ef" testListId="8c84fa94-04c1-424b-9868-57a2d4851a1d" />
    <TestEntry testId="8cfe8a62-c8e7-f1c0-f07b-590a05cd134f" executionId="154c1e70-ee3a-4847-b3d2-51588bdec5ec" testListId="8c84fa94-04c1-424b-9868-57a2d4851a1d" />
    <TestEntry testId="0b5abaca-8cc8-6202-8e14-839db3f8139e" executionId="48c36182-3cf9-41f8-bd2b-a2a3d497567f" testListId="8c84fa94-04c1-424b-9868-57a2d4851a1d" />
    <TestEntry testId="d731b0f2-b2e1-d54e-4c81-3ad52079ef80" executionId="1fe71e84-a210-41bb-aa8c-3f612e592dbb" testListId="8c84fa94-04c1-424b-9868-57a2d4851a1d" />
    <TestEntry testId="10d8b07b-52c7-4d69-1a17-3c931fcada0c" executionId="f7df459e-5d5a-4714-8283-6887f388dd28" testListId="8c84fa94-04c1-424b-9868-57a2d4851a1d" />
    <TestEntry testId="29d83646-f34a-d13a-1963-88e6c6c881c4" executionId="27c33c70-cf22-4cc3-b3ce-5686f39478a5" testListId="8c84fa94-04c1-424b-9868-57a2d4851a1d" />
    <TestEntry testId="c44bb749-8009-c3cc-feee-d9ec2e218be6" executionId="76a57ce5-5b3f-4742-b119-519b6fdc7686" testListId="8c84fa94-04c1-424b-9868-57a2d4851a1d" />
    <TestEntry testId="41e9e239-4a8e-2df2-5225-e5c9f40ab099" executionId="16e419c3-7719-4215-9f5a-1d989e1ec018" testListId="8c84fa94-04c1-424b-9868-57a2d4851a1d" />
    <TestEntry testId="28208f41-7434-cdea-d9e0-f808eaf195e8" executionId="ed64af5b-2204-49eb-b6d5-bbf422bf030f" testListId="8c84fa94-04c1-424b-9868-57a2d4851a1d" />
    <TestEntry testId="398b4ad1-7e36-7b21-309c-9b7640bde6ff" executionId="09d17bf6-104e-4775-bbda-2e7db20ecddf" testListId="8c84fa94-04c1-424b-9868-57a2d4851a1d" />
    <TestEntry testId="7effbd4f-3e30-e686-bff1-28f9af77184e" executionId="da1df49d-4959-4b87-94fc-cb9e853a5e4b" testListId="8c84fa94-04c1-424b-9868-57a2d4851a1d" />
    <TestEntry testId="2dcd5ee2-28a2-aec7-3c2f-8e8799131df7" executionId="1d21118f-4a7d-40a7-8ff4-59da89686d42" testListId="8c84fa94-04c1-424b-9868-57a2d4851a1d" />
    <TestEntry testId="384b6cf7-951c-8d88-f77a-b76c8b595dd6" executionId="2af0bce8-4d32-4e89-93a6-dd3ac4920414" testListId="8c84fa94-04c1-424b-9868-57a2d4851a1d" />
    <TestEntry testId="81552f55-b332-9ebd-8985-26bcf5e6743b" executionId="072f6cae-2337-46fb-990d-645331a9a948" testListId="8c84fa94-04c1-424b-9868-57a2d4851a1d" />
    <TestEntry testId="a8950996-46ee-9ddd-5d56-9ddf1ff66444" executionId="4fb4b37a-d137-497b-850f-04cc9d95f67d" testListId="8c84fa94-04c1-424b-9868-57a2d4851a1d" />
    <TestEntry testId="79b2eeb1-2f6a-2f94-1743-1eaf488d95f9" executionId="fec47767-a965-40e2-8e46-23d0fdfd99ee" testListId="8c84fa94-04c1-424b-9868-57a2d4851a1d" />
    <TestEntry testId="f8313e25-0561-11bf-7930-bfba1592abb8" executionId="207fd774-e8e4-4d18-8913-af8713b51522" testListId="8c84fa94-04c1-424b-9868-57a2d4851a1d" />
    <TestEntry testId="e38c6940-5ac1-490f-117e-48373e01d63f" executionId="e8025c06-4a64-4893-ae7f-1e41876d6c05" testListId="8c84fa94-04c1-424b-9868-57a2d4851a1d" />
    <TestEntry testId="1c1eab8b-ce33-961c-7895-aa7abb35a033" executionId="8f3fa6fe-6be2-4dcb-91bc-df7583b3ce3b" testListId="8c84fa94-04c1-424b-9868-57a2d4851a1d" />
    <TestEntry testId="85095640-3534-557d-7ebf-de999a9be7ac" executionId="31c9a91f-9cd7-467d-bf07-0b7f2b7ea699" testListId="8c84fa94-04c1-424b-9868-57a2d4851a1d" />
    <TestEntry testId="38d76fba-6f91-7251-e70f-cccf24eadf35" executionId="20f9c2bf-143c-412a-8a3a-ae89ac8b9928" testListId="8c84fa94-04c1-424b-9868-57a2d4851a1d" />
    <TestEntry testId="8d1c4fa7-2e29-248c-45ce-2c1e1b306954" executionId="95b83c5a-e436-4653-8fea-31a3f70d457c" testListId="8c84fa94-04c1-424b-9868-57a2d4851a1d" />
    <TestEntry testId="26f93eca-7576-788d-a04a-2178667b1bd3" executionId="1ad6a170-de0f-4d28-a9a0-2559087db55d" testListId="8c84fa94-04c1-424b-9868-57a2d4851a1d" />
    <TestEntry testId="e855a301-465e-2c07-3584-3526cea81237" executionId="d18b6645-4f87-48c5-8233-9381360174ba" testListId="8c84fa94-04c1-424b-9868-57a2d4851a1d" />
    <TestEntry testId="0bf6b92f-e13e-bdd4-c1c6-0cfc616601a5" executionId="41f1191f-d37a-4bc1-89e9-73689a57a515" testListId="8c84fa94-04c1-424b-9868-57a2d4851a1d" />
    <TestEntry testId="1e7ede16-9902-11a5-0aa9-62ce8f6a8815" executionId="13f946c2-77d2-472e-96bc-ce542c61a8b1" testListId="8c84fa94-04c1-424b-9868-57a2d4851a1d" />
    <TestEntry testId="3b0ca8b9-2146-f810-4e69-710ec07c1b0c" executionId="75acb73c-c20b-47e1-a9f0-16e256dbf5c2" testListId="8c84fa94-04c1-424b-9868-57a2d4851a1d" />
    <TestEntry testId="137f2216-e2ee-8587-94c2-c457835ac92a" executionId="b1d7aeef-f121-41f4-868e-cde5a9b8dcbe" testListId="8c84fa94-04c1-424b-9868-57a2d4851a1d" />
    <TestEntry testId="2f1df184-832f-af7a-00fc-63c6ff3b74bf" executionId="21f0c243-eaf6-4a71-b6ef-a09881401b8b" testListId="8c84fa94-04c1-424b-9868-57a2d4851a1d" />
    <TestEntry testId="62d38c81-8534-d35a-e3b4-fe4dd44d5596" executionId="99098d9e-95e7-4e3e-b013-140a13dc3355" testListId="8c84fa94-04c1-424b-9868-57a2d4851a1d" />
    <TestEntry testId="4c8022df-c405-b347-db84-81f804a135a3" executionId="f8d1becf-abdc-4f63-ae73-ed633b7d5b40" testListId="8c84fa94-04c1-424b-9868-57a2d4851a1d" />
    <TestEntry testId="312f2145-a939-64ec-bce3-f297bc2d8632" executionId="5f22a5e7-b089-4b7f-a0ed-1ae49709f76d" testListId="8c84fa94-04c1-424b-9868-57a2d4851a1d" />
    <TestEntry testId="46d152aa-bfb3-6d90-57fd-98333b7da172" executionId="693cedba-7dab-424f-8211-04eef7986b43" testListId="8c84fa94-04c1-424b-9868-57a2d4851a1d" />
    <TestEntry testId="94f4bd1f-ea13-bea9-409a-2851f069cbf9" executionId="1424506c-8dea-49a6-9722-0524d45b055c" testListId="8c84fa94-04c1-424b-9868-57a2d4851a1d" />
    <TestEntry testId="bf61b087-c38a-98ff-a9f7-7db12c2aa04d" executionId="46987e37-3147-4ff8-985b-84885444d592" testListId="8c84fa94-04c1-424b-9868-57a2d4851a1d" />
    <TestEntry testId="1fc3962f-1591-9952-7f3f-8b5e279d74f5" executionId="21e8af84-95af-40ca-8139-4278f25ddc58" testListId="8c84fa94-04c1-424b-9868-57a2d4851a1d" />
    <TestEntry testId="af4c10bc-373c-ffa1-5f22-a1bd21ec2d3a" executionId="a97adaac-77c5-4312-9a53-46b8dbc2c4c3" testListId="8c84fa94-04c1-424b-9868-57a2d4851a1d" />
    <TestEntry testId="0f665854-1872-0cb2-f151-65f58a71cfe9" executionId="7c6e87f4-6f07-4412-bb4c-8a6ecd1ae483" testListId="8c84fa94-04c1-424b-9868-57a2d4851a1d" />
    <TestEntry testId="1c4034f6-c227-fdfc-da54-57a95fb8d950" executionId="91b4f3a8-19cb-4684-a3a2-956b118d7b91" testListId="8c84fa94-04c1-424b-9868-57a2d4851a1d" />
    <TestEntry testId="48784cb7-d8fd-a3e3-da90-1c1fcb9f66b4" executionId="53804b80-ab47-419b-9f20-4aa3dc555dbc" testListId="8c84fa94-04c1-424b-9868-57a2d4851a1d" />
    <TestEntry testId="5708ed64-1da5-2494-0927-a19bfdd762b8" executionId="d11e7360-0d89-4bd4-9758-371df02806e1" testListId="8c84fa94-04c1-424b-9868-57a2d4851a1d" />
    <TestEntry testId="8160c214-7cc9-e107-eee6-e658c7430bc1" executionId="ec935cae-423a-413b-b2c3-c9757eb033ac" testListId="8c84fa94-04c1-424b-9868-57a2d4851a1d" />
    <TestEntry testId="71258bed-f2fa-4834-be79-c44ca83fb4cd" executionId="f21598df-408e-49cc-a417-cd44bb4de8e7" testListId="8c84fa94-04c1-424b-9868-57a2d4851a1d" />
    <TestEntry testId="1a8568e8-1082-be63-2943-6c50ac4b8215" executionId="7cc1731f-fdf9-4523-820f-26aadf70f8b0" testListId="8c84fa94-04c1-424b-9868-57a2d4851a1d" />
    <TestEntry testId="f57fd5c5-bbcc-3eb4-e493-01455be5baea" executionId="db15221b-ac03-4281-b561-36c749b6339b" testListId="8c84fa94-04c1-424b-9868-57a2d4851a1d" />
    <TestEntry testId="ed9beafe-b8ea-911b-cdd5-8f4714e68b6e" executionId="b5c69434-5d3e-4bfc-accc-a368bf604352" testListId="8c84fa94-04c1-424b-9868-57a2d4851a1d" />
    <TestEntry testId="85ae651a-82fd-606e-cff9-bd5efdf55813" executionId="8bd7f8bc-90fa-4521-8d7b-83266cbf0d78" testListId="8c84fa94-04c1-424b-9868-57a2d4851a1d" />
    <TestEntry testId="e6572672-0488-1a55-c524-e5371376680d" executionId="05d507ce-a9c3-4a9f-8ee4-60ef9106bf35" testListId="8c84fa94-04c1-424b-9868-57a2d4851a1d" />
    <TestEntry testId="a766d48f-5e1b-c201-b70e-4ed74c91d6f0" executionId="3481ef57-1a7d-4b0c-8f9b-fca6181874e4" testListId="8c84fa94-04c1-424b-9868-57a2d4851a1d" />
    <TestEntry testId="b97ca7c4-f0ab-9955-ac1b-7765cb53e8ab" executionId="79329a67-c69f-42c1-927c-c26ca526bdff" testListId="8c84fa94-04c1-424b-9868-57a2d4851a1d" />
    <TestEntry testId="03855a09-4063-d524-f86d-75246c4c45fe" executionId="e3b61a1d-2cc8-49da-96c8-455b715a8993" testListId="8c84fa94-04c1-424b-9868-57a2d4851a1d" />
    <TestEntry testId="50df54be-f057-bb02-4d13-d6006fd2df57" executionId="2e40ac19-4711-4f14-bd2b-f3371b234a52" testListId="8c84fa94-04c1-424b-9868-57a2d4851a1d" />
    <TestEntry testId="32cd13a6-0dfd-5da5-c26b-19e12cb7ada0" executionId="06a4f98c-94b3-4e8a-b9af-f26273d1a6b8" testListId="8c84fa94-04c1-424b-9868-57a2d4851a1d" />
    <TestEntry testId="7360b796-3866-302e-528e-485e66467d6d" executionId="ab65985e-f95f-459f-9d16-35de6567cd85" testListId="8c84fa94-04c1-424b-9868-57a2d4851a1d" />
    <TestEntry testId="01d9235e-b48f-545a-68e9-33982d513f0a" executionId="11554c43-e412-4a30-aba6-d6f134227425" testListId="8c84fa94-04c1-424b-9868-57a2d4851a1d" />
    <TestEntry testId="445aae5e-39ee-ace3-b8c8-ff635a002c0a" executionId="d337312e-70d0-4376-9da8-bc0390316f0c" testListId="8c84fa94-04c1-424b-9868-57a2d4851a1d" />
    <TestEntry testId="d8451628-bae5-ae05-f545-374e450bb1cb" executionId="a68919c1-b41c-47bd-ae84-2e96ca553704" testListId="8c84fa94-04c1-424b-9868-57a2d4851a1d" />
    <TestEntry testId="2bab8e0a-bd8f-eecb-bab6-8aa032163100" executionId="fb92b564-6a77-40b6-90db-f51d86e31646" testListId="8c84fa94-04c1-424b-9868-57a2d4851a1d" />
    <TestEntry testId="5787e32b-147b-dbff-daa4-450b6871d291" executionId="f55718fa-2581-4177-a24c-3f47adc66a4c" testListId="8c84fa94-04c1-424b-9868-57a2d4851a1d" />
    <TestEntry testId="ec60fce9-dad6-e3bd-8d93-8e7504fcb291" executionId="88d5d36d-ed3a-4a2a-906b-713900f62b73" testListId="8c84fa94-04c1-424b-9868-57a2d4851a1d" />
    <TestEntry testId="da59585d-a51c-793c-f679-2a0f6fb32457" executionId="7dfaa67b-ec9b-4324-9832-332a83e05e5f" testListId="8c84fa94-04c1-424b-9868-57a2d4851a1d" />
    <TestEntry testId="76e429c0-bad1-0930-19f9-dd8b54d27a79" executionId="cde4cbb8-c4fe-454c-88bc-4aa86bd2ca9b" testListId="8c84fa94-04c1-424b-9868-57a2d4851a1d" />
    <TestEntry testId="beeaa7c3-8cf0-b466-b2b0-abc933b2c511" executionId="5e0d125a-a355-4086-9b9e-fb8fb612a631" testListId="8c84fa94-04c1-424b-9868-57a2d4851a1d" />
    <TestEntry testId="dd4999d7-8534-cab1-a8f8-21dd539742a0" executionId="e5e57a7f-ca9f-427a-ab38-32547de80001" testListId="8c84fa94-04c1-424b-9868-57a2d4851a1d" />
    <TestEntry testId="c319fc25-55ed-01b7-47d5-b84a22b1c601" executionId="f11ccf58-5247-4074-950a-78f575ab2cf3" testListId="8c84fa94-04c1-424b-9868-57a2d4851a1d" />
    <TestEntry testId="fcb22a38-a02a-9890-319f-b0212b16d9d5" executionId="8b65478d-b628-4356-8247-74e203a0b862" testListId="8c84fa94-04c1-424b-9868-57a2d4851a1d" />
    <TestEntry testId="986146aa-0e69-f622-f640-879f33516ebf" executionId="958f8428-a735-483e-9445-c138aaa969a7" testListId="8c84fa94-04c1-424b-9868-57a2d4851a1d" />
    <TestEntry testId="5ea7e41b-93f3-7190-1e9a-962fefc1d01c" executionId="5398d6ed-9ffe-48a6-b792-3a62158e271b" testListId="8c84fa94-04c1-424b-9868-57a2d4851a1d" />
    <TestEntry testId="b6f97f57-af6c-43ff-ebdd-30f3ba8154c9" executionId="3782c7e7-ac4c-491d-9183-4bad1ea78261" testListId="8c84fa94-04c1-424b-9868-57a2d4851a1d" />
    <TestEntry testId="82af1eed-bdec-350a-f220-f6156df2cccb" executionId="b69e06f5-2010-44d7-bdb9-37288dfcf266" testListId="8c84fa94-04c1-424b-9868-57a2d4851a1d" />
    <TestEntry testId="a978df68-50b7-fe58-a661-6c057e102475" executionId="440ba006-1af7-416d-a6f0-6acb45822c94" testListId="8c84fa94-04c1-424b-9868-57a2d4851a1d" />
    <TestEntry testId="b58a1d20-146f-70cc-2ea9-01cf1d5c86e7" executionId="e2e13f89-aa39-41ca-9d32-9cedd0d64172" testListId="8c84fa94-04c1-424b-9868-57a2d4851a1d" />
    <TestEntry testId="f31656c3-887f-d158-c854-6d11210dfb45" executionId="4efb581a-21c7-4153-9e12-a363315336c3" testListId="8c84fa94-04c1-424b-9868-57a2d4851a1d" />
    <TestEntry testId="7adf742b-e980-8402-2d0a-904bb8e0748f" executionId="0e6c50bb-495b-4666-9b35-c08fbf05a147" testListId="8c84fa94-04c1-424b-9868-57a2d4851a1d" />
    <TestEntry testId="f2bcd943-e0bb-49bc-fdaa-4335b5d991e8" executionId="b410ee01-d7ab-46eb-9353-c09bb78dd4aa" testListId="8c84fa94-04c1-424b-9868-57a2d4851a1d" />
    <TestEntry testId="f4002e03-40a9-8445-e406-39c0ca2e689b" executionId="243fb97e-3b4b-42f7-afbe-3a5035fab9f4" testListId="8c84fa94-04c1-424b-9868-57a2d4851a1d" />
    <TestEntry testId="cd11634e-3ca4-d573-823b-5c20762c38fe" executionId="0fd52feb-062d-4993-bf35-d5a75b1bf42c" testListId="8c84fa94-04c1-424b-9868-57a2d4851a1d" />
    <TestEntry testId="68cfb933-ebd6-e497-c7c3-435d96068c9b" executionId="635bdcee-8b0f-48a4-8720-b94c16fd4abb" testListId="8c84fa94-04c1-424b-9868-57a2d4851a1d" />
    <TestEntry testId="eb885f7c-b512-92d3-9c20-d2a6703f3abf" executionId="3ab0fb5c-de01-4264-b574-eea2935c8b74" testListId="8c84fa94-04c1-424b-9868-57a2d4851a1d" />
    <TestEntry testId="44c361b3-9dd9-d6f6-55d0-0b99ed28e814" executionId="ede7a267-5667-4473-b230-71f4d3a5a83d" testListId="8c84fa94-04c1-424b-9868-57a2d4851a1d" />
    <TestEntry testId="b634e784-cd54-2afa-bfd3-4aa73cedd8a3" executionId="d5e6d1cd-4cc1-4187-808d-23fb70596fcf" testListId="8c84fa94-04c1-424b-9868-57a2d4851a1d" />
    <TestEntry testId="7fd5c605-6639-3373-3b7d-f978c268ff90" executionId="d0b4daa8-2dfc-4c52-bf54-588f57933bcf" testListId="8c84fa94-04c1-424b-9868-57a2d4851a1d" />
    <TestEntry testId="62972b7c-c6bf-9eb9-8273-669d9f12bff7" executionId="b0de6e15-7eeb-4e11-aad8-adfb0c86dfa3" testListId="8c84fa94-04c1-424b-9868-57a2d4851a1d" />
    <TestEntry testId="e8452113-fce8-7fce-8fda-e80c34365405" executionId="085e455f-e500-4983-bb4e-0ae464af49d7" testListId="8c84fa94-04c1-424b-9868-57a2d4851a1d" />
    <TestEntry testId="9524bc65-e738-4aa5-d93a-70626aa3be5e" executionId="6ea0160e-e3ca-4516-8dcd-d61c6d60eb55" testListId="8c84fa94-04c1-424b-9868-57a2d4851a1d" />
    <TestEntry testId="7c7c0a57-5281-b899-5a2b-add71a99ff7b" executionId="df3c54c3-a4d7-43ee-8d85-84827c71197c" testListId="8c84fa94-04c1-424b-9868-57a2d4851a1d" />
    <TestEntry testId="8394b165-ae6d-7310-99e3-78680cf1d7e4" executionId="cb672d60-e974-403b-99d9-3d71e1728049" testListId="8c84fa94-04c1-424b-9868-57a2d4851a1d" />
    <TestEntry testId="e34ccf3b-d0c0-3967-688e-77ac59b9b178" executionId="d91ea6e0-61b2-4af8-9c77-ac13d4cde57e" testListId="8c84fa94-04c1-424b-9868-57a2d4851a1d" />
    <TestEntry testId="27612d6d-3524-7745-785e-55b418466c76" executionId="7099894b-3e47-422f-a9e4-532512765b9a" testListId="8c84fa94-04c1-424b-9868-57a2d4851a1d" />
    <TestEntry testId="ef375dd7-f4aa-cdba-8e6f-aec833098a3b" executionId="80bdfafb-ad14-4e86-88fa-23971786be96" testListId="8c84fa94-04c1-424b-9868-57a2d4851a1d" />
    <TestEntry testId="388d948b-3d08-eca7-d65f-c35672362e3a" executionId="a2e28a21-c951-4f6d-8051-c3dd699d77cb" testListId="8c84fa94-04c1-424b-9868-57a2d4851a1d" />
    <TestEntry testId="87ad86b7-e710-ba61-a274-9b4a80dcf521" executionId="f07712e2-8b31-4142-b1f4-296fea2620d1" testListId="8c84fa94-04c1-424b-9868-57a2d4851a1d" />
    <TestEntry testId="b01377dc-0ba7-fa7a-7748-512a0deee6a0" executionId="33c1da9f-fd89-4a4e-8bd3-a8990381e70a" testListId="8c84fa94-04c1-424b-9868-57a2d4851a1d" />
    <TestEntry testId="8f0d2539-238c-2389-844c-9d4bd7c53d8d" executionId="c0d5b3d3-7379-4bee-9e73-7d30475dc0f2" testListId="8c84fa94-04c1-424b-9868-57a2d4851a1d" />
    <TestEntry testId="a1b5e6ff-5024-3d55-7e41-9c76cd0d678b" executionId="16f52063-0abb-45f4-9332-986d7bb33f6e" testListId="8c84fa94-04c1-424b-9868-57a2d4851a1d" />
    <TestEntry testId="3d3925a9-31b7-3abf-b536-05f99cf9c52e" executionId="24fdb298-d86f-4cbe-bc68-9500c73eceda" testListId="8c84fa94-04c1-424b-9868-57a2d4851a1d" />
    <TestEntry testId="078c1f85-d7db-337f-5f93-a30372b22230" executionId="fc5a2989-dfc3-4ad6-ae2e-f77a57c8cd7e" testListId="8c84fa94-04c1-424b-9868-57a2d4851a1d" />
    <TestEntry testId="9c0404a1-01eb-776f-80f8-5b119c8fd6b3" executionId="9503d3c2-2a5f-4143-b1b1-e7f898cf5179" testListId="8c84fa94-04c1-424b-9868-57a2d4851a1d" />
    <TestEntry testId="a898e4b1-564d-5f28-87aa-bfc86fa5f6cf" executionId="8efdca37-07ab-4046-9a21-cde6e4857b5c" testListId="8c84fa94-04c1-424b-9868-57a2d4851a1d" />
    <TestEntry testId="01c8780d-133e-1574-5006-9f1af7739953" executionId="8fe11fbc-93b5-4494-81f5-95bcad073bf3" testListId="8c84fa94-04c1-424b-9868-57a2d4851a1d" />
    <TestEntry testId="95db23e3-3ec0-9b30-a01e-bece86995918" executionId="2612add7-46b2-4490-998c-2bb64faa416f" testListId="8c84fa94-04c1-424b-9868-57a2d4851a1d" />
    <TestEntry testId="3af36106-c836-eb7e-6f41-f01caab16d73" executionId="d12c3f85-5c6a-4765-846a-90d981a8061a" testListId="8c84fa94-04c1-424b-9868-57a2d4851a1d" />
    <TestEntry testId="2a0d3a7a-9a27-333b-bf32-fbd23594839e" executionId="1be2cf9d-3310-4abf-a8a3-62830c2bae96" testListId="8c84fa94-04c1-424b-9868-57a2d4851a1d" />
    <TestEntry testId="26eb206f-a48c-6742-585c-7b1f10e6b531" executionId="c8fef7aa-ad88-4af6-8c54-d89f32830f71" testListId="8c84fa94-04c1-424b-9868-57a2d4851a1d" />
    <TestEntry testId="bc5ed30e-5751-adf3-9d10-6c802fd3d415" executionId="c025ce50-f987-422b-a836-72005ce95a97" testListId="8c84fa94-04c1-424b-9868-57a2d4851a1d" />
    <TestEntry testId="c77677ce-f0a6-8bb7-ea44-34f11dd1f02e" executionId="cf951145-a038-4854-aea1-048bd6c5d045" testListId="8c84fa94-04c1-424b-9868-57a2d4851a1d" />
    <TestEntry testId="71ee71d0-91e4-022a-d464-ead3ae7bd652" executionId="7ddd6217-b584-4a85-8d68-38dccf611462" testListId="8c84fa94-04c1-424b-9868-57a2d4851a1d" />
    <TestEntry testId="411d88f3-a2db-ec1c-1579-3fdb4b676da4" executionId="5c5209c8-2ca1-4813-8f6f-852513042652" testListId="8c84fa94-04c1-424b-9868-57a2d4851a1d" />
    <TestEntry testId="672d29e7-989b-6d61-a6e3-1763adc693cf" executionId="7739aa57-caeb-4bae-95d0-e357db00ae35" testListId="8c84fa94-04c1-424b-9868-57a2d4851a1d" />
    <TestEntry testId="b0859b52-e026-0144-091d-ca1c440cc1b9" executionId="aefc8efa-a169-40cf-a461-a91986dc39d5" testListId="8c84fa94-04c1-424b-9868-57a2d4851a1d" />
    <TestEntry testId="bd0ad440-ac2f-17aa-4656-32dc72f0851a" executionId="1a1cbb5e-8e08-472e-8276-165b48a12849" testListId="8c84fa94-04c1-424b-9868-57a2d4851a1d" />
    <TestEntry testId="06ec2276-f016-6820-0967-521c2d171f5e" executionId="983abb71-1938-43e1-9f69-2ab307415444" testListId="8c84fa94-04c1-424b-9868-57a2d4851a1d" />
    <TestEntry testId="589234e0-d21a-9e3c-115a-fa14bdb0282d" executionId="91320b28-04ea-45f4-a67f-a5d91d296636" testListId="8c84fa94-04c1-424b-9868-57a2d4851a1d" />
    <TestEntry testId="5590dfe4-1ea6-af60-6b26-aac520d512f9" executionId="ad7ba9a1-ed93-40f5-b4a7-29642dfcd8c1" testListId="8c84fa94-04c1-424b-9868-57a2d4851a1d" />
    <TestEntry testId="7bf33c8d-90c3-5afa-a33f-4d9d135a6446" executionId="3da50352-9471-49d5-bdf4-97712195fe55" testListId="8c84fa94-04c1-424b-9868-57a2d4851a1d" />
    <TestEntry testId="15b27fe6-c34a-55b7-3adb-deea68f700c9" executionId="77f155fc-2a3f-4237-aebd-59c1e985b98e" testListId="8c84fa94-04c1-424b-9868-57a2d4851a1d" />
    <TestEntry testId="cc27abda-bea0-e1e6-e283-7498f4f1ef1c" executionId="16a435af-d78a-4f4e-8f72-f91c5e1f160c" testListId="8c84fa94-04c1-424b-9868-57a2d4851a1d" />
    <TestEntry testId="6daee84d-4e22-8132-a78e-831b613f2364" executionId="9e3497cc-e1c0-4fa0-8043-196a4cc1ce68" testListId="8c84fa94-04c1-424b-9868-57a2d4851a1d" />
    <TestEntry testId="27ff45cc-f22a-1db3-db13-9769d47656b6" executionId="79859eeb-b505-4201-a78b-87e7808c0472" testListId="8c84fa94-04c1-424b-9868-57a2d4851a1d" />
    <TestEntry testId="9a9bd9f3-783e-dac7-2dc7-4db88db86769" executionId="73727ac3-8534-45b6-bb9f-68430ce13f16" testListId="8c84fa94-04c1-424b-9868-57a2d4851a1d" />
    <TestEntry testId="38fba2d2-5d99-3023-4050-d61d0125c431" executionId="7278dd77-0c32-442b-a3be-11c6628d79ec" testListId="8c84fa94-04c1-424b-9868-57a2d4851a1d" />
    <TestEntry testId="80cc2336-bc8e-f4ea-2344-2ff2ca3b6a2c" executionId="1233228e-4aef-4eaf-b53d-8ff9ef221004" testListId="8c84fa94-04c1-424b-9868-57a2d4851a1d" />
    <TestEntry testId="776b138b-47b6-76c7-23fa-76028159a63d" executionId="154a0e37-03b3-41a5-b3a3-c0741ac5bebd" testListId="8c84fa94-04c1-424b-9868-57a2d4851a1d" />
    <TestEntry testId="b75fbfd5-7e02-1748-d5a4-775f1a5283b8" executionId="fd385f52-5816-4374-87f0-b9a983118399" testListId="8c84fa94-04c1-424b-9868-57a2d4851a1d" />
    <TestEntry testId="dae17ebf-ef4a-f1db-ef4c-60027274323b" executionId="72ac4b45-8eba-4022-9c7c-e914328814c7" testListId="8c84fa94-04c1-424b-9868-57a2d4851a1d" />
    <TestEntry testId="dd67c3da-ab6a-d42b-f13a-2e74c79e9d38" executionId="01ee53d5-9cc8-4a1f-9bf4-cf5be8932598" testListId="8c84fa94-04c1-424b-9868-57a2d4851a1d" />
    <TestEntry testId="bb8a53ed-364b-a792-613b-450e6d3d1e01" executionId="dbb7fd55-938c-4966-81af-cee035666936" testListId="8c84fa94-04c1-424b-9868-57a2d4851a1d" />
    <TestEntry testId="c786ed93-ec80-00a9-7517-6ffd1791c818" executionId="84ebd819-8998-4193-a1d7-279cc0d3a273" testListId="8c84fa94-04c1-424b-9868-57a2d4851a1d" />
    <TestEntry testId="a79d0930-c7e2-a19c-13d3-a1e7034db807" executionId="3c97975e-9d9d-4b5c-b84e-d54567260bce" testListId="8c84fa94-04c1-424b-9868-57a2d4851a1d" />
    <TestEntry testId="f502e5a1-938d-455d-f7b4-9c83fa4c6d85" executionId="fff95602-516f-4264-936d-41d29a4414b0" testListId="8c84fa94-04c1-424b-9868-57a2d4851a1d" />
    <TestEntry testId="125c5aab-e582-8e3e-fc9c-4dc99eff7cce" executionId="7bc32f83-313c-497e-887d-364dd9978c88" testListId="8c84fa94-04c1-424b-9868-57a2d4851a1d" />
    <TestEntry testId="38c83933-2be3-e567-6c8a-886a97f95d64" executionId="39a00378-ce6c-49e9-b3d5-aec595cb177a" testListId="8c84fa94-04c1-424b-9868-57a2d4851a1d" />
    <TestEntry testId="9de6d62b-8e45-acec-1d91-c742c9fdb24b" executionId="a20fc99a-426a-46aa-98df-6bb21353e646" testListId="8c84fa94-04c1-424b-9868-57a2d4851a1d" />
    <TestEntry testId="07f00875-507e-8e4a-1dfe-f39f0e8f2a00" executionId="50f2fb71-44f7-4d75-a110-8088af09fcb1" testListId="8c84fa94-04c1-424b-9868-57a2d4851a1d" />
    <TestEntry testId="8355127c-8700-b028-7e11-b2ff278f8282" executionId="91c0a316-6be8-4933-8615-acb7014a9df0" testListId="8c84fa94-04c1-424b-9868-57a2d4851a1d" />
    <TestEntry testId="7d4b6ad4-44e0-eddf-1e60-7a2290b5367b" executionId="203be351-f95e-4c21-a6f5-b65ba026c86d" testListId="8c84fa94-04c1-424b-9868-57a2d4851a1d" />
    <TestEntry testId="721a360e-ab43-136e-b0f6-808e2320e576" executionId="b78c2a33-4210-40ce-b622-18c28dd65a0a" testListId="8c84fa94-04c1-424b-9868-57a2d4851a1d" />
    <TestEntry testId="7748f97f-80ef-c85c-8439-a3aa84f6f504" executionId="00d6da81-5170-4b39-ba87-22b7d88677c5" testListId="8c84fa94-04c1-424b-9868-57a2d4851a1d" />
    <TestEntry testId="656ee13f-e2e3-baa3-aadc-559f0e5957af" executionId="addda79e-ab8b-455d-9bae-87eb0504a5d7" testListId="8c84fa94-04c1-424b-9868-57a2d4851a1d" />
    <TestEntry testId="88ff366a-7082-94a1-4ccb-e2066fa5cd97" executionId="64094d87-8abb-4eda-8e44-20acde48b2ef" testListId="8c84fa94-04c1-424b-9868-57a2d4851a1d" />
    <TestEntry testId="e4d6b53f-4a49-bc67-8d50-045f452084d1" executionId="23c0e899-6c35-47c2-9dd0-de6541d79f42" testListId="8c84fa94-04c1-424b-9868-57a2d4851a1d" />
    <TestEntry testId="965ce2b3-4bcc-b749-e8a9-5b2a698d6fd2" executionId="9515025e-2c76-4774-b31f-4520597380a9" testListId="8c84fa94-04c1-424b-9868-57a2d4851a1d" />
    <TestEntry testId="627b2fad-80fe-48d0-1f5b-8b5402d82b73" executionId="69db6db0-d1d4-4518-85af-ab60e42d7512" testListId="8c84fa94-04c1-424b-9868-57a2d4851a1d" />
    <TestEntry testId="372b9be2-9075-3f52-e908-ce5fea093770" executionId="36c3c1f2-2628-489a-82ff-554c4743e480" testListId="8c84fa94-04c1-424b-9868-57a2d4851a1d" />
    <TestEntry testId="47dfeed4-9f30-ec2e-5917-3a0712821960" executionId="9baf41bd-65cc-4afe-b92a-4f1139cd2ef0" testListId="8c84fa94-04c1-424b-9868-57a2d4851a1d" />
    <TestEntry testId="02ebe06d-c2c9-bcb4-9cc6-6199566d43d8" executionId="f87bfb22-8aeb-48da-9cef-b3985b054367" testListId="8c84fa94-04c1-424b-9868-57a2d4851a1d" />
    <TestEntry testId="8badeff0-133c-24df-9d45-ad8800d43ca2" executionId="0c42cf24-5034-4e31-84cf-4bc151069389" testListId="8c84fa94-04c1-424b-9868-57a2d4851a1d" />
    <TestEntry testId="53cc52c1-ae0a-dfe7-bc69-eb3db5e8969a" executionId="1d90d44e-e632-4137-8d84-f31f09674033" testListId="8c84fa94-04c1-424b-9868-57a2d4851a1d" />
    <TestEntry testId="205aeb4d-4fa5-4cf9-df11-ccc0730271dc" executionId="bdcdd944-c549-49be-a1bb-deb90ef4cf36" testListId="8c84fa94-04c1-424b-9868-57a2d4851a1d" />
    <TestEntry testId="1d5cb13b-0d31-98b2-6d20-690c514fb249" executionId="71fd7b36-e814-45f3-9ee7-88a461dc14c5" testListId="8c84fa94-04c1-424b-9868-57a2d4851a1d" />
    <TestEntry testId="6b5453c1-f0a5-2a7b-2454-27f605cd6cd6" executionId="ffd9b9c6-5266-42a6-a709-29c7943e7a45" testListId="8c84fa94-04c1-424b-9868-57a2d4851a1d" />
    <TestEntry testId="4bf68dce-407c-a3af-462a-189abfd4c045" executionId="7a2c1719-b9ac-442a-a1a7-7a06b713b1d1" testListId="8c84fa94-04c1-424b-9868-57a2d4851a1d" />
    <TestEntry testId="7ce31d75-0e05-53cf-5bd0-37285326417a" executionId="9cab6426-b450-474c-9992-c5d66278c1de" testListId="8c84fa94-04c1-424b-9868-57a2d4851a1d" />
    <TestEntry testId="4bdf5380-5b81-fcd0-98b1-77248e10874b" executionId="f348d3bf-c537-4038-a348-ea217a0442ac" testListId="8c84fa94-04c1-424b-9868-57a2d4851a1d" />
    <TestEntry testId="98cdfd2f-10cc-dc00-398c-31ced5118593" executionId="005b2b6d-6d41-4db2-8832-4000dbe0b9b9" testListId="8c84fa94-04c1-424b-9868-57a2d4851a1d" />
    <TestEntry testId="20552e87-7e02-58bf-eb6c-7811143ceee2" executionId="7f8acb74-08a5-47fd-9e75-dc1328678689" testListId="8c84fa94-04c1-424b-9868-57a2d4851a1d" />
    <TestEntry testId="2d3f7ad4-b648-6185-504d-9ed34ca2d768" executionId="86adcc81-71aa-4627-b219-38249b5332af" testListId="8c84fa94-04c1-424b-9868-57a2d4851a1d" />
    <TestEntry testId="76b5c719-f85a-6653-2177-2162660dd4a9" executionId="fe3a31c3-4196-4f9d-b511-2407707a7d4e" testListId="8c84fa94-04c1-424b-9868-57a2d4851a1d" />
    <TestEntry testId="c0f21cce-b3c9-c0ed-df24-c13d1566bb3c" executionId="6eb55cd6-85f7-4d0a-ada2-d7861ab23d1f" testListId="8c84fa94-04c1-424b-9868-57a2d4851a1d" />
    <TestEntry testId="be5827df-6aa3-899c-fa82-caa03a2d833b" executionId="e19c30d2-47d2-4eec-818d-c5c2e74a36c5" testListId="8c84fa94-04c1-424b-9868-57a2d4851a1d" />
    <TestEntry testId="e27474a7-b4e1-a395-87c4-229cb091a817" executionId="524cb11f-162a-42f4-a1d6-2d3d56e5e049" testListId="8c84fa94-04c1-424b-9868-57a2d4851a1d" />
    <TestEntry testId="c1e1961d-7103-c14c-df21-75db9cd03453" executionId="9467f0b8-e72a-4e05-994e-ab39c925b1d0" testListId="8c84fa94-04c1-424b-9868-57a2d4851a1d" />
    <TestEntry testId="86bd9f23-cccd-0ab5-1d9f-e9bc59550eb6" executionId="a734c190-0950-4051-ba2e-8a12c0b8c3aa" testListId="8c84fa94-04c1-424b-9868-57a2d4851a1d" />
    <TestEntry testId="28b2d312-d59b-c66e-631e-ae15df97b52b" executionId="fb966533-24b0-4adb-9ad7-59354f24537b" testListId="8c84fa94-04c1-424b-9868-57a2d4851a1d" />
    <TestEntry testId="d300838f-94ed-860f-7524-a2fd78b14378" executionId="6ca6d0a8-1753-4c36-8370-39166b8e2d41" testListId="8c84fa94-04c1-424b-9868-57a2d4851a1d" />
    <TestEntry testId="e9db2e7d-0882-9e98-ffc7-e0816f5b6f82" executionId="19f33136-2913-4d50-b373-2af42bdada8f" testListId="8c84fa94-04c1-424b-9868-57a2d4851a1d" />
    <TestEntry testId="b3efc610-fe52-52eb-8036-2de5836e0344" executionId="f45e8901-d8ac-48a6-9f21-c05679b4d539" testListId="8c84fa94-04c1-424b-9868-57a2d4851a1d" />
    <TestEntry testId="091a1996-2493-1a27-02bd-9f88bf4b169b" executionId="de63be7d-98d7-4467-9100-1237f7c5e2d2" testListId="8c84fa94-04c1-424b-9868-57a2d4851a1d" />
    <TestEntry testId="afaa58fe-c8ed-4e24-5dcf-6ea268b212c3" executionId="1e270e1b-9d04-4cbe-8c76-fa4513ae284b" testListId="8c84fa94-04c1-424b-9868-57a2d4851a1d" />
    <TestEntry testId="1b3561a7-e0d2-d7ba-5b76-39e02cdb372d" executionId="d1f4a2fa-692b-41fe-82c0-812ca377b504" testListId="8c84fa94-04c1-424b-9868-57a2d4851a1d" />
    <TestEntry testId="31d1bf8f-6dcf-7c71-4b42-677d88eb6ad4" executionId="7b31b361-a7bd-41a3-87f3-62897b9004fa" testListId="8c84fa94-04c1-424b-9868-57a2d4851a1d" />
    <TestEntry testId="b3629347-df57-ba59-7792-49cdde2dc77e" executionId="72c3f6e6-2df7-44f4-b9d7-b4f3bec07269" testListId="8c84fa94-04c1-424b-9868-57a2d4851a1d" />
    <TestEntry testId="b5747546-eaeb-f5de-4486-d164df2753a1" executionId="973109f4-33ea-4baf-ba34-4efb7c0aa074" testListId="8c84fa94-04c1-424b-9868-57a2d4851a1d" />
    <TestEntry testId="657c283c-baa0-59e1-afd4-30ab0a8192ea" executionId="dd249fb8-5017-4db1-8181-2acf54cce1e4" testListId="8c84fa94-04c1-424b-9868-57a2d4851a1d" />
    <TestEntry testId="a2d1a44f-2a45-4567-5c88-e8a9b7f73d60" executionId="e7aa3dcb-8137-4fd5-b550-227f2689c888" testListId="8c84fa94-04c1-424b-9868-57a2d4851a1d" />
    <TestEntry testId="506dd1f4-3885-2f83-d6b1-7a89debf3daa" executionId="3e52de90-7ed1-4f0d-b5e1-b5c4ab54e6f8" testListId="8c84fa94-04c1-424b-9868-57a2d4851a1d" />
    <TestEntry testId="2e6b6c23-6921-ed84-50c9-8d7ca68935f4" executionId="d85fc5ba-9249-4f26-b3c0-6350eb7f1aef" testListId="8c84fa94-04c1-424b-9868-57a2d4851a1d" />
    <TestEntry testId="06a9d520-a064-8606-1d09-112443ec00d3" executionId="c3c0956e-da82-49ff-9b31-a3585fd9f59e" testListId="8c84fa94-04c1-424b-9868-57a2d4851a1d" />
    <TestEntry testId="70a5c86d-7f21-842b-e5dc-8566d17ae18c" executionId="50490371-eee0-41bf-8353-20c6027c615e" testListId="8c84fa94-04c1-424b-9868-57a2d4851a1d" />
    <TestEntry testId="d2426980-60c9-e990-35b6-8dc99c13389f" executionId="c9db8163-fdae-459e-aff6-a516c0ca1548" testListId="8c84fa94-04c1-424b-9868-57a2d4851a1d" />
    <TestEntry testId="62b767c1-e33f-4dbe-e9f4-90e80e75211e" executionId="5ff4bce2-e143-42b2-aad8-8efab3643b48" testListId="8c84fa94-04c1-424b-9868-57a2d4851a1d" />
    <TestEntry testId="7740dae2-e037-da2a-2f6f-b31edeb53503" executionId="a00ea33c-23ca-46da-85fb-091828d7cf06" testListId="8c84fa94-04c1-424b-9868-57a2d4851a1d" />
    <TestEntry testId="d6782145-17d3-8cd1-e8cb-86da39e977ec" executionId="5c9d4522-3aec-4359-9ea2-2a6fbbda524f" testListId="8c84fa94-04c1-424b-9868-57a2d4851a1d" />
    <TestEntry testId="bc0e2879-1132-6a1a-5365-0d663f4f4fcd" executionId="37a9546b-4f87-4c0e-a93c-4f99be5edf2a" testListId="8c84fa94-04c1-424b-9868-57a2d4851a1d" />
    <TestEntry testId="1bded621-fd99-97c6-c15c-f2f324b425d3" executionId="be7586a3-7b7f-4c50-8c8d-6cfe821d9835" testListId="8c84fa94-04c1-424b-9868-57a2d4851a1d" />
    <TestEntry testId="f1c48d32-be76-d78b-8be4-3899f89536e0" executionId="17c65f91-b59c-401e-ad62-72ad4fc764d1" testListId="8c84fa94-04c1-424b-9868-57a2d4851a1d" />
    <TestEntry testId="0e794329-20ff-8bff-0241-d4d60d82a24a" executionId="c934ea72-0ce1-4618-9c16-23b7af173197" testListId="8c84fa94-04c1-424b-9868-57a2d4851a1d" />
    <TestEntry testId="1356ff42-e677-16bb-8c07-28154268f441" executionId="d3b81f6b-b806-4d49-9200-27d71c75a96f" testListId="8c84fa94-04c1-424b-9868-57a2d4851a1d" />
    <TestEntry testId="3a98d3ac-4556-953c-d38b-3535fcb006f1" executionId="d548c649-e496-41e1-b705-d5e6547b731b" testListId="8c84fa94-04c1-424b-9868-57a2d4851a1d" />
    <TestEntry testId="cfb380c9-c923-dc0c-c9e8-85535d57a535" executionId="a43a0ead-feba-4960-a03b-aa408b281493" testListId="8c84fa94-04c1-424b-9868-57a2d4851a1d" />
    <TestEntry testId="5dc61897-5f53-1452-5020-aee38b0c8958" executionId="9076248f-b959-48cb-b710-34674b73f805" testListId="8c84fa94-04c1-424b-9868-57a2d4851a1d" />
    <TestEntry testId="2c6f5ffb-6d1d-c383-322e-a2f84765f8eb" executionId="246d464d-f678-4029-b5b0-e406444bba38" testListId="8c84fa94-04c1-424b-9868-57a2d4851a1d" />
    <TestEntry testId="242d9d33-fc43-5ba7-f421-04377e4c8eeb" executionId="84c3cd32-e22c-40b4-bef3-24a4a5f1416f" testListId="8c84fa94-04c1-424b-9868-57a2d4851a1d" />
    <TestEntry testId="8408f7ef-84ed-0fc1-0d56-fa816b7ace4e" executionId="7982b9a5-a7c9-4ad1-9541-664b22fc6cbe" testListId="8c84fa94-04c1-424b-9868-57a2d4851a1d" />
    <TestEntry testId="5e9ea4cf-ae67-d7fe-bb6f-a996d963662c" executionId="cbdd9216-848d-4580-8514-91130195b2b8" testListId="8c84fa94-04c1-424b-9868-57a2d4851a1d" />
    <TestEntry testId="13a055b3-dd52-f653-12b3-75c2e209173f" executionId="e2106ebd-4009-4e96-a90f-8ee518cc841d" testListId="8c84fa94-04c1-424b-9868-57a2d4851a1d" />
    <TestEntry testId="221b2c15-8d83-ca21-f50b-d3e89bc199f7" executionId="9233ae83-426a-48d7-af11-0e473813ec3f" testListId="8c84fa94-04c1-424b-9868-57a2d4851a1d" />
    <TestEntry testId="f32cac5d-da2c-89de-a93b-ca7be08b187b" executionId="d599e827-a1ba-4237-8542-d466f231ca92" testListId="8c84fa94-04c1-424b-9868-57a2d4851a1d" />
    <TestEntry testId="0ceac575-41e1-36ed-f966-a8cf550af88c" executionId="62c8363e-4e08-4ca5-9e72-d1d6aceceafb" testListId="8c84fa94-04c1-424b-9868-57a2d4851a1d" />
    <TestEntry testId="728aa7fe-ad94-9e5f-01ae-04f53b88c63c" executionId="da60327b-b145-4ee4-b19b-f89a13f8a5bf" testListId="8c84fa94-04c1-424b-9868-57a2d4851a1d" />
    <TestEntry testId="61a1dec8-4eeb-09e9-7d2d-a8212e2ef330" executionId="83d91eee-23be-4510-a214-571b19eb483a" testListId="8c84fa94-04c1-424b-9868-57a2d4851a1d" />
    <TestEntry testId="0f56250a-fcaa-2fa0-39e7-32c7818710b4" executionId="bfca96d2-c808-47d7-809f-f6bbd365371a" testListId="8c84fa94-04c1-424b-9868-57a2d4851a1d" />
    <TestEntry testId="156974d6-908f-6eba-8a37-d4828f9dfdc0" executionId="0e290941-9f4c-4ba1-a27b-405c25800f4d" testListId="8c84fa94-04c1-424b-9868-57a2d4851a1d" />
    <TestEntry testId="0d98e4ae-5769-0c21-077b-77c0850cabe2" executionId="5106a76d-4223-4773-ac75-597a6ef647f5" testListId="8c84fa94-04c1-424b-9868-57a2d4851a1d" />
    <TestEntry testId="9cfaddae-b528-086a-5b77-537c9d8bf7be" executionId="d4489b4d-a8e7-4c3d-82f6-1529002fc17b" testListId="8c84fa94-04c1-424b-9868-57a2d4851a1d" />
    <TestEntry testId="9dd7fbec-cf87-3e75-83f5-281b124146ce" executionId="73f1498a-ebc0-4055-bc7b-454bd07c628e" testListId="8c84fa94-04c1-424b-9868-57a2d4851a1d" />
    <TestEntry testId="9c958c50-3899-c320-11ce-00b9c32b0da7" executionId="fc4649e1-d1e7-4353-b657-bbc100e96b54" testListId="8c84fa94-04c1-424b-9868-57a2d4851a1d" />
    <TestEntry testId="6b31990a-d1b3-23dd-e135-a189817157b1" executionId="d61434a2-da18-4332-8980-7f31c0c29a64" testListId="8c84fa94-04c1-424b-9868-57a2d4851a1d" />
    <TestEntry testId="9c3796a3-8db8-03a3-d578-bbe9f314aa6c" executionId="d0b4fbde-bf26-4391-81f4-c4cb69189380" testListId="8c84fa94-04c1-424b-9868-57a2d4851a1d" />
    <TestEntry testId="d22526ba-e47c-b1fb-65d4-6e249ef6090c" executionId="666eef2c-6e3c-413a-888d-0b09d5bee2ea" testListId="8c84fa94-04c1-424b-9868-57a2d4851a1d" />
    <TestEntry testId="0d4b18ce-113f-f0f7-370b-d79cd366a98b" executionId="a5c70d46-680a-44a0-be05-9b401dcbd7f2" testListId="8c84fa94-04c1-424b-9868-57a2d4851a1d" />
    <TestEntry testId="ebd3ed36-3eb7-dd2e-b2ac-d406020d886e" executionId="b99d4618-5000-4764-9495-740bc3fd17b1" testListId="8c84fa94-04c1-424b-9868-57a2d4851a1d" />
    <TestEntry testId="30f8407b-3712-3aab-f34e-e8f16883987e" executionId="6846cd0f-f444-4b64-9635-2a9275afa22b" testListId="8c84fa94-04c1-424b-9868-57a2d4851a1d" />
    <TestEntry testId="e316cfe0-f568-9c6d-d492-f18f6452ad25" executionId="ad285de5-6c03-4487-bcfa-e8c7fc2ecb5e" testListId="8c84fa94-04c1-424b-9868-57a2d4851a1d" />
    <TestEntry testId="2c590ea5-a7a7-3916-064b-3a5ebec31a09" executionId="4a7dc23d-8c41-4137-b5f0-fc1681804ea3" testListId="8c84fa94-04c1-424b-9868-57a2d4851a1d" />
    <TestEntry testId="e40d3f7b-8dcf-6a16-7b99-d7e49e27fa94" executionId="87c5b5a6-1020-48af-93c0-2aed3536b515" testListId="8c84fa94-04c1-424b-9868-57a2d4851a1d" />
    <TestEntry testId="f825365e-ef8e-29bd-c933-2b4389fa0470" executionId="26c4958f-75a7-4590-a918-627f1daef1ed" testListId="8c84fa94-04c1-424b-9868-57a2d4851a1d" />
    <TestEntry testId="1826c312-9005-4d77-b25d-f9c81c063545" executionId="cfbb58b5-0c2c-4535-8e3a-5b445355fae8" testListId="8c84fa94-04c1-424b-9868-57a2d4851a1d" />
    <TestEntry testId="37f2fe2e-4149-eda7-57da-2259a33fbf50" executionId="c3f0da37-a69f-46ce-8638-e59a6984880d" testListId="8c84fa94-04c1-424b-9868-57a2d4851a1d" />
    <TestEntry testId="34f3008d-1607-7a02-6161-cdfac5fd18c2" executionId="33b9268d-c263-4a6c-836e-4fd433c021ad" testListId="8c84fa94-04c1-424b-9868-57a2d4851a1d" />
    <TestEntry testId="a53bf01e-be43-87af-8888-e82be9d580ca" executionId="9a9927e9-f733-4899-9191-431d295b2ed7" testListId="8c84fa94-04c1-424b-9868-57a2d4851a1d" />
    <TestEntry testId="a28f575e-8a01-ce7a-d011-0b5485bb2ae8" executionId="a61b8c98-78c7-4d85-8368-37d0c9ac7e16" testListId="8c84fa94-04c1-424b-9868-57a2d4851a1d" />
    <TestEntry testId="cfebeaae-d221-21df-7190-ddf14ae69925" executionId="f8d183d2-88c6-4e60-88e8-75cd6ed5e12d" testListId="8c84fa94-04c1-424b-9868-57a2d4851a1d" />
    <TestEntry testId="50f6b687-06e2-f593-ba3f-5b44c41bf96e" executionId="5d1ff154-bcbe-4d7f-afa2-a3ba218ba8db" testListId="8c84fa94-04c1-424b-9868-57a2d4851a1d" />
    <TestEntry testId="ada29727-678c-0b8f-5fee-8f2b8637e7ef" executionId="6679083a-85b8-4a47-a4d3-c8200f21cd5a" testListId="8c84fa94-04c1-424b-9868-57a2d4851a1d" />
    <TestEntry testId="12c967d4-952e-4dad-26c3-76bb32ca1fc3" executionId="c6b96bb5-9cb9-4b22-a0ff-a80711f435de" testListId="8c84fa94-04c1-424b-9868-57a2d4851a1d" />
    <TestEntry testId="339ab285-9c9e-6424-eedc-f1354d9a16dc" executionId="c2e4ad0d-4028-4b97-860f-ea1048902aca" testListId="8c84fa94-04c1-424b-9868-57a2d4851a1d" />
    <TestEntry testId="5ff38e3e-3da6-bc83-5616-99c6bddda09f" executionId="acb87901-f41e-4425-a961-c49eea3774dc" testListId="8c84fa94-04c1-424b-9868-57a2d4851a1d" />
    <TestEntry testId="3258131c-ece7-e519-6c46-d592f8995bab" executionId="25cb4022-d5f1-4cfc-aeec-4f13584164ca" testListId="8c84fa94-04c1-424b-9868-57a2d4851a1d" />
    <TestEntry testId="920cc137-672c-e735-1395-7e8041bd5789" executionId="51aa2534-9545-4a6d-ba9d-348cf5d6dca8" testListId="8c84fa94-04c1-424b-9868-57a2d4851a1d" />
    <TestEntry testId="e45e8a26-3683-cc87-7bac-c2369ffbd758" executionId="35586878-b14a-49d8-826b-51d6d23c66b4" testListId="8c84fa94-04c1-424b-9868-57a2d4851a1d" />
    <TestEntry testId="33daf3dd-2be0-05b2-6ec2-edf5f2a6b9d8" executionId="ec3fe689-5161-4a42-baec-40b6d59bb097" testListId="8c84fa94-04c1-424b-9868-57a2d4851a1d" />
    <TestEntry testId="019faf8e-bb83-0b02-9b96-0125271f61b1" executionId="295d9c71-234b-4efd-93a2-c8f6266ebcf4" testListId="8c84fa94-04c1-424b-9868-57a2d4851a1d" />
    <TestEntry testId="0078b0a3-f26b-f25d-daa5-7a25715310d5" executionId="6f18a357-d8a3-4aef-96c2-4fdfa50b841f" testListId="8c84fa94-04c1-424b-9868-57a2d4851a1d" />
    <TestEntry testId="55e1d91c-1871-d7d1-9c1c-25f46390271b" executionId="4bc8b09e-8953-443c-a31e-81ef3b314a06" testListId="8c84fa94-04c1-424b-9868-57a2d4851a1d" />
    <TestEntry testId="8cdc5ac7-0b17-7a3b-4b26-6b851e1cd6b4" executionId="a8baf5a9-f6bd-4e08-8649-a83ad22a1e38" testListId="8c84fa94-04c1-424b-9868-57a2d4851a1d" />
    <TestEntry testId="96177d53-5b73-9fe0-ee8b-031a911ac8c2" executionId="69f39185-c860-4829-a15f-2df399cb9bd7" testListId="8c84fa94-04c1-424b-9868-57a2d4851a1d" />
    <TestEntry testId="1ec55e6c-26d1-db9e-e9a2-3357de1e0b2b" executionId="e1b469fb-b77f-4004-9186-ba2514cc6c65" testListId="8c84fa94-04c1-424b-9868-57a2d4851a1d" />
    <TestEntry testId="f74bbe1e-cce8-f1d5-4d07-ec604b621117" executionId="586efd8a-27ab-4f07-a6cd-81ad75c75b4e" testListId="8c84fa94-04c1-424b-9868-57a2d4851a1d" />
    <TestEntry testId="eacd17fd-fe3b-fcf2-d636-41250a5a4731" executionId="62192627-9224-4ed0-91a8-859fd234dcc2" testListId="8c84fa94-04c1-424b-9868-57a2d4851a1d" />
    <TestEntry testId="96674347-791d-4d3e-1a81-74bae514eede" executionId="b537c5de-8253-492e-b087-b0200d9d0c7e" testListId="8c84fa94-04c1-424b-9868-57a2d4851a1d" />
    <TestEntry testId="aff4595a-9c8c-9f6e-b82b-c9498b6057bd" executionId="06e3e325-3e9e-46ba-a110-dffc0d158725" testListId="8c84fa94-04c1-424b-9868-57a2d4851a1d" />
    <TestEntry testId="25f9bdaf-03a1-69bb-66cd-450cf37d9415" executionId="c7d2782f-131a-4370-a62d-8541ff5abb69" testListId="8c84fa94-04c1-424b-9868-57a2d4851a1d" />
    <TestEntry testId="08c46089-b65f-9a97-cfe1-3a82d71f8bef" executionId="72faaace-87a1-4b75-8d76-c574d4696ad5" testListId="8c84fa94-04c1-424b-9868-57a2d4851a1d" />
    <TestEntry testId="a9b8f021-2d14-a0c5-4495-1eeb8cb74ae8" executionId="d2bf4143-0aec-4c3a-9c9d-b93b4d293e4e" testListId="8c84fa94-04c1-424b-9868-57a2d4851a1d" />
    <TestEntry testId="4a7f821d-57fc-90d5-4013-d076b0fafe82" executionId="cd253f91-fa30-467a-a300-7968e847e0ea" testListId="8c84fa94-04c1-424b-9868-57a2d4851a1d" />
    <TestEntry testId="2677d899-f048-858c-e233-498744c71cca" executionId="1fb9956d-147b-44c8-a63a-5da4041e5c6c" testListId="8c84fa94-04c1-424b-9868-57a2d4851a1d" />
    <TestEntry testId="45e3f3b4-e799-549a-8a94-228faa61c7df" executionId="f030e960-9713-4db8-b570-a16b1523d672" testListId="8c84fa94-04c1-424b-9868-57a2d4851a1d" />
    <TestEntry testId="2aba796f-836f-ffd3-1090-c688b78f3a44" executionId="2e88785c-d646-4db1-919e-7983aa3c75c7" testListId="8c84fa94-04c1-424b-9868-57a2d4851a1d" />
    <TestEntry testId="b5a6f9e1-35bf-b241-c20d-9b32294147b3" executionId="6d5ea538-ceac-49a9-897d-4d7323428546" testListId="8c84fa94-04c1-424b-9868-57a2d4851a1d" />
    <TestEntry testId="35ced8a8-4aab-2ffc-da2a-322b3d669b9e" executionId="d32b27b9-4904-41d2-9bc8-b288defcb43c" testListId="8c84fa94-04c1-424b-9868-57a2d4851a1d" />
    <TestEntry testId="4292b526-8116-2069-91d8-503c27d89db7" executionId="06c493aa-e5e0-44af-b536-4df30e09b800" testListId="8c84fa94-04c1-424b-9868-57a2d4851a1d" />
    <TestEntry testId="b2a4af59-9848-820f-5755-865726fcfb70" executionId="4c8051de-05ee-4703-aeb9-8547eb151bb9" testListId="8c84fa94-04c1-424b-9868-57a2d4851a1d" />
    <TestEntry testId="9ddce0f5-6bd6-da5e-3512-77c51eda9849" executionId="d68682a5-15b4-4b5e-b8e1-a51b722e2229" testListId="8c84fa94-04c1-424b-9868-57a2d4851a1d" />
    <TestEntry testId="64ef96d4-7f1a-518e-7617-b01a509af04b" executionId="b26cba83-26d8-40fe-b203-694bec96abc8" testListId="8c84fa94-04c1-424b-9868-57a2d4851a1d" />
    <TestEntry testId="fcf94bbc-ec5c-5a7a-4a3a-76c44f3eb342" executionId="2c727450-af00-405b-8b43-6a3d03fcd7db" testListId="8c84fa94-04c1-424b-9868-57a2d4851a1d" />
    <TestEntry testId="63082f23-b909-d154-c4bb-91434b9a521a" executionId="ca9a86e9-e826-4123-9460-f72c1620ace4" testListId="8c84fa94-04c1-424b-9868-57a2d4851a1d" />
    <TestEntry testId="863f944d-c871-186a-4e6b-38432e6292e4" executionId="b21f6350-2fa0-4642-a678-21793f4894ac" testListId="8c84fa94-04c1-424b-9868-57a2d4851a1d" />
    <TestEntry testId="509d5086-a792-e687-1253-dd35adfea97d" executionId="b8378a95-0d9c-40f8-8cb3-e9c2b086c632" testListId="8c84fa94-04c1-424b-9868-57a2d4851a1d" />
    <TestEntry testId="c5a519fe-dfa8-2155-a3e8-e1977aacf8fa" executionId="0e256ccb-b038-45fb-b4d3-c3913c1202e9" testListId="8c84fa94-04c1-424b-9868-57a2d4851a1d" />
    <TestEntry testId="f816e8c7-3173-e369-84e8-a29af1d39533" executionId="4a9703ce-6ba2-4dc2-9e88-b3db769bf0a2" testListId="8c84fa94-04c1-424b-9868-57a2d4851a1d" />
    <TestEntry testId="9639361b-5c29-89a2-1b54-1b33b084038b" executionId="4d41d93e-549e-46b9-b6d2-9ce1e3c6a753" testListId="8c84fa94-04c1-424b-9868-57a2d4851a1d" />
    <TestEntry testId="088bc471-3340-0dea-e1ff-ad668953be7d" executionId="a31a4c01-61f4-4a56-9f8a-135a7e933bfe" testListId="8c84fa94-04c1-424b-9868-57a2d4851a1d" />
    <TestEntry testId="17b0df05-22ae-9ff0-3ff1-a8394c80991a" executionId="e60f9b22-cd0b-45ef-b24c-0a99d57e71ba" testListId="8c84fa94-04c1-424b-9868-57a2d4851a1d" />
    <TestEntry testId="3f69e1ea-d5ca-2e48-5357-524014d0d529" executionId="435c2b2d-b030-42f5-8d5b-5b473152a14e" testListId="8c84fa94-04c1-424b-9868-57a2d4851a1d" />
    <TestEntry testId="77e2ef3b-c931-3cfa-5e9f-4bdae9094ca8" executionId="5bde1e5f-028e-44c2-8187-2cc17b22a364" testListId="8c84fa94-04c1-424b-9868-57a2d4851a1d" />
    <TestEntry testId="295440b2-467b-3749-dd61-9c1b50509f05" executionId="5944dd3b-ee97-4714-b6bf-97e2fdafeaf0" testListId="8c84fa94-04c1-424b-9868-57a2d4851a1d" />
    <TestEntry testId="030bdfb2-c182-faae-9de8-e084b969d5b4" executionId="61690225-419b-4588-acad-66812b2a4850" testListId="8c84fa94-04c1-424b-9868-57a2d4851a1d" />
    <TestEntry testId="bbd280cf-758b-7098-9516-80033a3c9ee3" executionId="721081f7-a76e-4884-9116-ad58aaa365e5" testListId="8c84fa94-04c1-424b-9868-57a2d4851a1d" />
    <TestEntry testId="a60f177a-65d2-43d3-e8b0-86f7f37e1668" executionId="7b33c39f-8a3d-4a15-817f-99a946ecd8f1" testListId="8c84fa94-04c1-424b-9868-57a2d4851a1d" />
    <TestEntry testId="b74f21d1-aaa1-6893-8061-cdd67a1d44a9" executionId="b44b3f90-5d18-49cb-b09c-7a8add2e55fd" testListId="8c84fa94-04c1-424b-9868-57a2d4851a1d" />
    <TestEntry testId="89b04b39-702a-896f-cca0-1f335ddf1e5b" executionId="31a193a4-bdac-44a7-8f04-e2a5181b4375" testListId="8c84fa94-04c1-424b-9868-57a2d4851a1d" />
    <TestEntry testId="a172e539-44f5-b384-0a4d-184397d8e7dd" executionId="bb9026e3-0fe0-4009-b18f-ba04b69ee4b4" testListId="8c84fa94-04c1-424b-9868-57a2d4851a1d" />
    <TestEntry testId="4ea38d5f-b5d2-b437-d106-622c751c479d" executionId="3c4e72b0-a038-4673-a9b6-a084c7e554ba" testListId="8c84fa94-04c1-424b-9868-57a2d4851a1d" />
    <TestEntry testId="0f1fa5ba-ad1d-fdb1-e104-eecf23acdbc6" executionId="dc473b61-3741-4c45-b3e9-9f6f3796cb40" testListId="8c84fa94-04c1-424b-9868-57a2d4851a1d" />
    <TestEntry testId="a954d289-fb7c-ae2d-7268-eed55e5855c8" executionId="ab25690d-0076-4a87-8732-1c8f5ff2e17e" testListId="8c84fa94-04c1-424b-9868-57a2d4851a1d" />
    <TestEntry testId="6f044019-8814-267f-e0f9-37c87c027458" executionId="9ab248de-52d9-4246-9d79-5530bb3a2082" testListId="8c84fa94-04c1-424b-9868-57a2d4851a1d" />
    <TestEntry testId="ee47bc88-112a-7bbb-4dfa-339e3a88c421" executionId="a5242511-1e5e-4275-a584-cfeea10d5f34" testListId="8c84fa94-04c1-424b-9868-57a2d4851a1d" />
    <TestEntry testId="d5297578-3588-dfde-778d-74a3689a3c6a" executionId="c5c1f49a-1c29-464f-966e-5c2be5e18d2e" testListId="8c84fa94-04c1-424b-9868-57a2d4851a1d" />
    <TestEntry testId="44f2cb16-ecab-f935-4087-fd83cae4e6f3" executionId="20b02acf-2640-4b5e-be0f-0b765d5d8a03" testListId="8c84fa94-04c1-424b-9868-57a2d4851a1d" />
    <TestEntry testId="3efd9ca2-2c85-766f-a21c-d6abbc288499" executionId="06b1c470-6cb7-4fea-bd92-e35e69ad0850" testListId="8c84fa94-04c1-424b-9868-57a2d4851a1d" />
    <TestEntry testId="e20f8100-c30b-9e42-15ab-52c5a4b28d14" executionId="cbc3b831-843d-46ca-8706-19826e8f8c3c" testListId="8c84fa94-04c1-424b-9868-57a2d4851a1d" />
    <TestEntry testId="9a43eb14-cd62-89c4-60af-c0903f7728fa" executionId="91aa35cf-e840-4945-a926-0f937ab32e8b" testListId="8c84fa94-04c1-424b-9868-57a2d4851a1d" />
    <TestEntry testId="3f6a0dfd-ccf4-5d53-3a16-c1eedc226699" executionId="de099352-9803-441f-a849-3b68bc4fc3e9" testListId="8c84fa94-04c1-424b-9868-57a2d4851a1d" />
    <TestEntry testId="8a9fe937-f424-f95f-77ca-76fd3929e65f" executionId="b76e5718-9714-418d-b26d-a5feb6469f0f" testListId="8c84fa94-04c1-424b-9868-57a2d4851a1d" />
    <TestEntry testId="0a3c34e3-54e9-8fa1-639a-c6365f82cb5f" executionId="0628b017-d33a-4d5e-945e-04ea1e8531be" testListId="8c84fa94-04c1-424b-9868-57a2d4851a1d" />
    <TestEntry testId="78dc759e-36b3-06fe-144e-dca3c10ddc92" executionId="5bf1be7f-0ca8-413a-b214-629ac3d27d79" testListId="8c84fa94-04c1-424b-9868-57a2d4851a1d" />
    <TestEntry testId="730c6e7c-8c65-ebd0-02be-9b6497b346cb" executionId="f383c908-ebf0-4391-8efe-c08421260568" testListId="8c84fa94-04c1-424b-9868-57a2d4851a1d" />
    <TestEntry testId="904f5e92-a2fb-8c38-9a1f-80b3705af768" executionId="5c4a0495-ebd3-4080-9b31-c373007a7cc9" testListId="8c84fa94-04c1-424b-9868-57a2d4851a1d" />
    <TestEntry testId="71f1cd19-287b-8584-1dc8-3787961a47b2" executionId="f4e39b15-023c-4487-bc37-9d664e071174" testListId="8c84fa94-04c1-424b-9868-57a2d4851a1d" />
    <TestEntry testId="0e0601dc-c79f-64f0-88ae-74c9940f1047" executionId="6e735102-023e-4d9c-9d34-f98d6513e4ce" testListId="8c84fa94-04c1-424b-9868-57a2d4851a1d" />
    <TestEntry testId="6880eeb1-0f13-2656-3063-5eb4c9e16f12" executionId="5fa1c211-b177-45ab-9d33-ea26d5eb3bd9" testListId="8c84fa94-04c1-424b-9868-57a2d4851a1d" />
    <TestEntry testId="865fae28-dc5e-1d78-0e39-d4e5b81360a8" executionId="23b0b436-792e-4f07-a2bf-66620b184115" testListId="8c84fa94-04c1-424b-9868-57a2d4851a1d" />
    <TestEntry testId="7c5f5f3a-0032-2422-7f37-ead713cc28c2" executionId="c0a6659f-7c79-4e3d-820c-691c7beda4d3" testListId="8c84fa94-04c1-424b-9868-57a2d4851a1d" />
    <TestEntry testId="426e3a55-2a83-b468-37f5-2ba1561aa8db" executionId="b0c53c0b-26b6-4f14-909a-92cd1daf440a" testListId="8c84fa94-04c1-424b-9868-57a2d4851a1d" />
    <TestEntry testId="ac4fab52-b3b8-cdff-300c-613fb68b9d15" executionId="405934a1-92ff-42a7-98ce-7d52b5ff93ee" testListId="8c84fa94-04c1-424b-9868-57a2d4851a1d" />
    <TestEntry testId="6ae61497-7cc2-b1ad-fb30-3370c74e48b3" executionId="66defad6-8e61-47e8-84c9-1a42e3ab8f90" testListId="8c84fa94-04c1-424b-9868-57a2d4851a1d" />
    <TestEntry testId="a270bc6a-6f14-6bfd-5a87-990644d5e897" executionId="e26d739c-74f1-47ae-82e7-d29f35a6f5ef" testListId="8c84fa94-04c1-424b-9868-57a2d4851a1d" />
    <TestEntry testId="483bf4d8-ce5b-a71b-3faf-d606a961dc73" executionId="7ee5c88a-eb8a-41bb-8b97-704942d780a5" testListId="8c84fa94-04c1-424b-9868-57a2d4851a1d" />
    <TestEntry testId="f7466e21-4b4a-0b77-68ae-a315a5b85e4c" executionId="b311344d-5d46-4562-bd9f-87f5f76a967e" testListId="8c84fa94-04c1-424b-9868-57a2d4851a1d" />
    <TestEntry testId="c1a79ec1-18ff-444a-32b0-b6a96755391d" executionId="56365205-7298-476c-91b8-c5c95c792ff1" testListId="8c84fa94-04c1-424b-9868-57a2d4851a1d" />
    <TestEntry testId="ed9a85e7-3660-fdb3-7dc9-345c333c3d93" executionId="f04514fe-547a-4389-8779-3f6fe6efab91" testListId="8c84fa94-04c1-424b-9868-57a2d4851a1d" />
    <TestEntry testId="f0b585bc-572e-52f9-bc6d-bc1ed448be39" executionId="b706290e-75fe-409e-b3a0-4da0f9202b6f" testListId="8c84fa94-04c1-424b-9868-57a2d4851a1d" />
    <TestEntry testId="1cb0e9b9-9e5d-0272-3743-a4d71a5f974e" executionId="9e8dc1b4-7c70-4ee7-85d3-41e08b9c86e4" testListId="8c84fa94-04c1-424b-9868-57a2d4851a1d" />
    <TestEntry testId="2242d400-7cea-0d2b-38be-cf408facd3b2" executionId="d514aa25-f9ab-4c72-8fa9-d00e73583207" testListId="8c84fa94-04c1-424b-9868-57a2d4851a1d" />
    <TestEntry testId="f3eede7a-6e44-03c3-57c5-9f77a6691881" executionId="b4b11001-da79-4721-83d6-a816cab0a916" testListId="8c84fa94-04c1-424b-9868-57a2d4851a1d" />
    <TestEntry testId="64770297-c85d-ed5b-1371-843cc0373e03" executionId="24f54d2e-df1c-4a7b-a84f-30856c9a9ea4" testListId="8c84fa94-04c1-424b-9868-57a2d4851a1d" />
    <TestEntry testId="2224c58d-0a9d-62c2-6dc4-cc6a83578c0e" executionId="ba384ed0-a333-4778-a97f-3fd91b47b520" testListId="8c84fa94-04c1-424b-9868-57a2d4851a1d" />
    <TestEntry testId="a57569f0-331a-e3e2-307c-92b7c81c644a" executionId="fcac669b-2b29-489a-a86e-1fc64e641d5d" testListId="8c84fa94-04c1-424b-9868-57a2d4851a1d" />
    <TestEntry testId="c5804a65-dedd-7436-bff6-52d685970e52" executionId="c4ca71ed-a2c7-489f-ba3a-9d8461b77ba0" testListId="8c84fa94-04c1-424b-9868-57a2d4851a1d" />
    <TestEntry testId="fe2419cc-5abf-d9be-e903-997e616a50a6" executionId="ed0f11fd-e8d7-493d-ba14-c885931f76df" testListId="8c84fa94-04c1-424b-9868-57a2d4851a1d" />
    <TestEntry testId="c18aee88-7a18-3c95-b2db-26940120d7da" executionId="74d775bf-24bf-4738-952b-17c1add51362" testListId="8c84fa94-04c1-424b-9868-57a2d4851a1d" />
    <TestEntry testId="2f668af4-1a41-f5a8-78ac-191936937654" executionId="1183d98c-6e90-4fb7-8d4e-cfc2992da14b" testListId="8c84fa94-04c1-424b-9868-57a2d4851a1d" />
    <TestEntry testId="f970e053-2f72-c30b-4f76-394596a82140" executionId="b95a9489-37f4-48d8-b373-cdf25f88bd94" testListId="8c84fa94-04c1-424b-9868-57a2d4851a1d" />
    <TestEntry testId="eb71ff85-843d-abad-d524-b24edac9b9ff" executionId="ad60b9d6-9a00-4054-ba44-f65e70d8383b" testListId="8c84fa94-04c1-424b-9868-57a2d4851a1d" />
    <TestEntry testId="a8edbbbe-e240-7eeb-b9f2-a08826569c83" executionId="e1add0f9-5a58-4f93-96d5-3e4a745a73da" testListId="8c84fa94-04c1-424b-9868-57a2d4851a1d" />
    <TestEntry testId="4f7fb219-dbfe-1c7a-4b83-184d31d6438e" executionId="d307812f-149c-4653-9373-87dd51d15982" testListId="8c84fa94-04c1-424b-9868-57a2d4851a1d" />
    <TestEntry testId="c6207631-e942-1914-c87d-6b019b4f3076" executionId="70de314c-16b0-42f2-88d2-006dd345db98" testListId="8c84fa94-04c1-424b-9868-57a2d4851a1d" />
    <TestEntry testId="12048a73-23f9-7788-a97e-5125ac2e288c" executionId="1529f235-6c5c-4717-8353-99d72135450a" testListId="8c84fa94-04c1-424b-9868-57a2d4851a1d" />
    <TestEntry testId="261705e3-9989-85e5-b93a-927b72319458" executionId="023764b0-887b-4888-b69f-7392f588d4f6" testListId="8c84fa94-04c1-424b-9868-57a2d4851a1d" />
    <TestEntry testId="d013439f-96da-1c37-bf77-3f8dce13a46b" executionId="c4d604fc-91b9-44a9-980f-4f5868934516" testListId="8c84fa94-04c1-424b-9868-57a2d4851a1d" />
    <TestEntry testId="631c9d1f-230a-7a25-6a5c-275235c2613f" executionId="4e76286d-abb9-44a6-a7db-d40f0870d74a" testListId="8c84fa94-04c1-424b-9868-57a2d4851a1d" />
    <TestEntry testId="a6146f59-fc36-207c-fe01-c336b5828cd9" executionId="50fc9281-8454-4aac-87c5-a016aa1e102f" testListId="8c84fa94-04c1-424b-9868-57a2d4851a1d" />
    <TestEntry testId="81f4e56f-24dd-84f7-c1f9-ccbefb52adb3" executionId="8e1f8de9-4c66-4373-af74-e61ebe685e5b" testListId="8c84fa94-04c1-424b-9868-57a2d4851a1d" />
    <TestEntry testId="a698c150-b9db-b7a5-09cd-8d861ad75ff8" executionId="63d86884-c439-46c8-b7e7-c86414c4eaed" testListId="8c84fa94-04c1-424b-9868-57a2d4851a1d" />
    <TestEntry testId="b6586467-46c1-d277-246b-aa6e379a1edb" executionId="dd3337e4-c15d-41ee-9e3f-efe49bfaabe5" testListId="8c84fa94-04c1-424b-9868-57a2d4851a1d" />
    <TestEntry testId="d79703ba-08f1-af6e-07ab-b772dd140fd1" executionId="83b1f2a9-d832-4f64-853e-64311bd6626f" testListId="8c84fa94-04c1-424b-9868-57a2d4851a1d" />
    <TestEntry testId="84a8e1a2-0f2d-893b-cdaa-74a07bd7034f" executionId="47fa7391-7826-41b0-a883-5deeee889bc5" testListId="8c84fa94-04c1-424b-9868-57a2d4851a1d" />
    <TestEntry testId="bc26947a-122d-b20d-a152-29bfac657b0d" executionId="e4dbcf47-e515-4478-a8b3-12bf41aacc9d" testListId="8c84fa94-04c1-424b-9868-57a2d4851a1d" />
    <TestEntry testId="17c04c44-08af-3eca-0fcf-941c83ec2f74" executionId="9eab1f95-ddc0-4544-b10b-fe069206e181" testListId="8c84fa94-04c1-424b-9868-57a2d4851a1d" />
    <TestEntry testId="6167a4e0-ed2e-6a2a-f1a2-be04c4056ce5" executionId="771f97df-764d-4a6d-aafe-869d3423ef9f" testListId="8c84fa94-04c1-424b-9868-57a2d4851a1d" />
    <TestEntry testId="9bf22ec7-84b2-2a54-f917-b553889c438e" executionId="f7f19316-b467-46ce-b71f-2970900fd976" testListId="8c84fa94-04c1-424b-9868-57a2d4851a1d" />
    <TestEntry testId="0be59d99-e9e1-09ad-61d9-951ac8d4ae71" executionId="31840c48-bcfc-4ab8-b43f-ab4f08d23af1" testListId="8c84fa94-04c1-424b-9868-57a2d4851a1d" />
    <TestEntry testId="ae1275a9-0903-b458-0129-a2189a5fbda1" executionId="bfffb1bd-5632-41b2-917e-1aff85cb3f3c" testListId="8c84fa94-04c1-424b-9868-57a2d4851a1d" />
    <TestEntry testId="30602b49-d76d-2bfb-775d-31c52f9c28f8" executionId="68a70253-711c-45c7-a7e2-4f3921bd42fd" testListId="8c84fa94-04c1-424b-9868-57a2d4851a1d" />
    <TestEntry testId="908cef36-817d-34cf-a1ae-f044e6a4518a" executionId="571924d8-a28b-4614-9428-bca7a3d51452" testListId="8c84fa94-04c1-424b-9868-57a2d4851a1d" />
    <TestEntry testId="0695e2e5-8c23-6d34-bcef-d3f94c509e06" executionId="97212a46-054f-44c2-bc37-0a7ab1179328" testListId="8c84fa94-04c1-424b-9868-57a2d4851a1d" />
    <TestEntry testId="9247bd14-59a6-43f5-0835-b8ae4fbaac68" executionId="13e3fc22-240a-4b52-9afb-6ac4a4574d75" testListId="8c84fa94-04c1-424b-9868-57a2d4851a1d" />
    <TestEntry testId="3cbd4ee4-f25d-d43e-a3a6-731520bcc04c" executionId="0f22f1cb-b4b4-478a-8843-728fca01358a" testListId="8c84fa94-04c1-424b-9868-57a2d4851a1d" />
    <TestEntry testId="844851ef-52b6-24fc-4b29-4260c2d40fbe" executionId="07fbcb0a-ea7c-4a04-969b-711d65998590" testListId="8c84fa94-04c1-424b-9868-57a2d4851a1d" />
    <TestEntry testId="bdf8bbbb-2d70-4fdc-e08d-3769f48badbf" executionId="63d4bda4-8d08-46e6-be61-98ab0c0cdc5f" testListId="8c84fa94-04c1-424b-9868-57a2d4851a1d" />
    <TestEntry testId="ad7af65e-f275-a4cb-de87-7c6d052ecb93" executionId="0e5a7148-c7b6-4684-9d65-0acb3ca9d09b" testListId="8c84fa94-04c1-424b-9868-57a2d4851a1d" />
    <TestEntry testId="ba043789-d965-08d8-ab68-adcdc0f2cc5a" executionId="07422fde-31d6-4933-8d8c-dc3dac4c0da5" testListId="8c84fa94-04c1-424b-9868-57a2d4851a1d" />
    <TestEntry testId="46b1131b-2c04-7df4-d316-e0473472212b" executionId="1fe452b6-526f-4de7-ad4c-9c0a1f912fff" testListId="8c84fa94-04c1-424b-9868-57a2d4851a1d" />
    <TestEntry testId="0c24f0a0-a921-870a-e72e-0d180f372258" executionId="0fc833fc-ba2d-4163-a5cc-8be42ed69d03" testListId="8c84fa94-04c1-424b-9868-57a2d4851a1d" />
    <TestEntry testId="552f89b6-811e-4fac-5525-1a49211274cb" executionId="e23240ab-0ecf-415b-a96e-f93c449ef6c0" testListId="8c84fa94-04c1-424b-9868-57a2d4851a1d" />
    <TestEntry testId="cf56fe91-2d71-5a52-af72-58d2ebd3ca9e" executionId="49953548-96e7-4c18-873b-e3e38e11102f" testListId="8c84fa94-04c1-424b-9868-57a2d4851a1d" />
    <TestEntry testId="03225c33-5747-f22f-1230-76808db5f468" executionId="291efa06-ad31-479f-9bd4-d9a54429ec9f" testListId="8c84fa94-04c1-424b-9868-57a2d4851a1d" />
    <TestEntry testId="13fa0664-ea40-9b9d-ad2b-71c58fc597cb" executionId="ff63f9d0-75a7-4e1e-80ff-3f82d942246b" testListId="8c84fa94-04c1-424b-9868-57a2d4851a1d" />
    <TestEntry testId="19f07334-414f-8713-950f-33b720105502" executionId="d2019656-b16b-40da-a651-9d0be3319dcb" testListId="8c84fa94-04c1-424b-9868-57a2d4851a1d" />
    <TestEntry testId="798dd586-b501-b020-0f72-fabcd8738d45" executionId="0de02385-5851-4170-846d-3bb347b298b0" testListId="8c84fa94-04c1-424b-9868-57a2d4851a1d" />
    <TestEntry testId="2ac3414d-28e0-0794-c5df-388c87c10f16" executionId="11a3b143-546c-4c2a-af05-ff5ca7610b06" testListId="8c84fa94-04c1-424b-9868-57a2d4851a1d" />
    <TestEntry testId="54eb1c99-f649-ccf9-20c8-d913d1d33b36" executionId="97a0a7dc-6915-4eaa-bb99-75a817f9642a" testListId="8c84fa94-04c1-424b-9868-57a2d4851a1d" />
    <TestEntry testId="2ccc693b-5552-ca15-0cd3-47940863e0e8" executionId="ca2b0373-032a-42c7-a537-090bdde5b15f" testListId="8c84fa94-04c1-424b-9868-57a2d4851a1d" />
    <TestEntry testId="71ad6574-59b7-2381-c330-0ef03b45a3c0" executionId="218c855e-18cd-4c26-9f14-078fa1c6d51d" testListId="8c84fa94-04c1-424b-9868-57a2d4851a1d" />
    <TestEntry testId="e42b1cfa-38c9-f10d-e908-9fb5a8bed70b" executionId="8e557a85-49cb-4fb6-bf98-99b1b3219c8a" testListId="8c84fa94-04c1-424b-9868-57a2d4851a1d" />
    <TestEntry testId="af4d4e2a-07d8-69ae-ec1b-e0d9aeb80c20" executionId="a79b1491-e552-4580-8890-2afb311b57e0" testListId="8c84fa94-04c1-424b-9868-57a2d4851a1d" />
    <TestEntry testId="05674b16-56af-20d1-bba7-91df9bd77f79" executionId="8d9f13ab-17f2-49c4-9a67-db265335a277" testListId="8c84fa94-04c1-424b-9868-57a2d4851a1d" />
    <TestEntry testId="8e8c18c9-41b1-67e6-9670-ab5f00f872e8" executionId="4c4e0b69-11fd-46e7-b729-02df237284af" testListId="8c84fa94-04c1-424b-9868-57a2d4851a1d" />
    <TestEntry testId="5aee714a-4462-518c-14ca-a22df2e2891f" executionId="3c9366f6-aa8d-4883-bc5d-bdde1c3b0ba3" testListId="8c84fa94-04c1-424b-9868-57a2d4851a1d" />
    <TestEntry testId="6078dd4a-8e78-e282-9868-c03bce247724" executionId="b45288d8-43a1-4934-96a8-c894aed07316" testListId="8c84fa94-04c1-424b-9868-57a2d4851a1d" />
    <TestEntry testId="9295f4f6-8b7b-703b-2e8a-b630e4c11427" executionId="152783d3-6d6d-4d56-b7d7-4e148899d467" testListId="8c84fa94-04c1-424b-9868-57a2d4851a1d" />
    <TestEntry testId="a5eb3026-92fc-4477-23c3-8c3a0287dec0" executionId="4bb24934-a268-4e35-abb2-711be83e3d63" testListId="8c84fa94-04c1-424b-9868-57a2d4851a1d" />
    <TestEntry testId="ad072412-e0d7-763d-aee0-91cf8b1f53b6" executionId="2b6cf10c-bf29-42c5-8af9-46b3ef7eb364" testListId="8c84fa94-04c1-424b-9868-57a2d4851a1d" />
    <TestEntry testId="7f1c3203-9c93-5728-456a-7339f2b9c8e0" executionId="814f1198-89d8-4ce9-9f47-93d8d930b242" testListId="8c84fa94-04c1-424b-9868-57a2d4851a1d" />
    <TestEntry testId="57d72d3c-45ff-8b87-5348-65103c311c50" executionId="9a529773-9c9d-4195-9551-d0ba3f168407" testListId="8c84fa94-04c1-424b-9868-57a2d4851a1d" />
    <TestEntry testId="ab2bda31-41b0-0525-8725-86634fd88e23" executionId="0d981618-0ada-4019-ac8f-a1b7973a15c1" testListId="8c84fa94-04c1-424b-9868-57a2d4851a1d" />
    <TestEntry testId="9891a3cc-40f7-022d-8b88-c60d2529f9d9" executionId="53c91409-6da8-4224-8a8c-e133305d926e" testListId="8c84fa94-04c1-424b-9868-57a2d4851a1d" />
    <TestEntry testId="d9d96dd1-8c10-dbe8-b8a8-4d01f6e9fc93" executionId="1ce045fc-d2dd-4a25-9035-ea11b55c0b7d" testListId="8c84fa94-04c1-424b-9868-57a2d4851a1d" />
    <TestEntry testId="506f8d56-690e-a1df-526b-a685ae6d3a1b" executionId="bf8bbf1a-927d-472a-9e5b-3ee5b73c29be" testListId="8c84fa94-04c1-424b-9868-57a2d4851a1d" />
    <TestEntry testId="1c2d2aee-c7a8-db40-764d-befec0b925bf" executionId="51135b42-568d-41a9-82b7-a2294d65c26f" testListId="8c84fa94-04c1-424b-9868-57a2d4851a1d" />
    <TestEntry testId="b737e2fe-3453-78fe-2a92-25adc5763a22" executionId="713ccb3f-210a-49ae-aeef-4ea9307a29d5" testListId="8c84fa94-04c1-424b-9868-57a2d4851a1d" />
    <TestEntry testId="9a76fa34-b984-9cd8-ed11-1efdb7b43d6a" executionId="d7213948-3f80-4b9f-b785-bf209d184cf8" testListId="8c84fa94-04c1-424b-9868-57a2d4851a1d" />
    <TestEntry testId="d4bc71b4-15a2-c20a-d2dd-3ea685c53b29" executionId="b6ab15dc-dd81-49ed-a13a-5cacb7c7aa15" testListId="8c84fa94-04c1-424b-9868-57a2d4851a1d" />
    <TestEntry testId="35ca7380-03c2-cd0a-88f7-7b1358db4690" executionId="4e51c7e3-0c2f-4392-878a-41aabe216707" testListId="8c84fa94-04c1-424b-9868-57a2d4851a1d" />
    <TestEntry testId="6a0b4dec-db3d-da56-924a-b6e0af93607c" executionId="21b0492f-0614-4910-b30c-642fa1d941fa" testListId="8c84fa94-04c1-424b-9868-57a2d4851a1d" />
    <TestEntry testId="9ab05595-46b5-bebd-4a9c-658d7932db5f" executionId="9336a8d2-21b5-403e-abbd-37e1f45406e8" testListId="8c84fa94-04c1-424b-9868-57a2d4851a1d" />
    <TestEntry testId="22519131-28da-6e96-0605-02248aa6fe7d" executionId="bcb807b8-2943-4e46-bc73-df9ece4618b8" testListId="8c84fa94-04c1-424b-9868-57a2d4851a1d" />
    <TestEntry testId="d1407a6a-9244-69ca-3a71-b0bcf731368c" executionId="ca92c1bb-ee2d-48a4-9f45-b2a80e02cbde" testListId="8c84fa94-04c1-424b-9868-57a2d4851a1d" />
    <TestEntry testId="7489b3a7-7c89-9d9d-63ab-c5997e502cfa" executionId="b992a393-053e-4ded-8b5e-241d21f803d4" testListId="8c84fa94-04c1-424b-9868-57a2d4851a1d" />
    <TestEntry testId="41c03d9e-ebfd-4646-760b-08e9c1b8fd21" executionId="be04e6e3-497e-4089-b150-dc1c7810559e" testListId="8c84fa94-04c1-424b-9868-57a2d4851a1d" />
    <TestEntry testId="5e898760-e443-072d-ec8b-3ad3d16ecdc4" executionId="fae78a52-b0dc-4798-8707-586ba655841f" testListId="8c84fa94-04c1-424b-9868-57a2d4851a1d" />
    <TestEntry testId="3aa170b9-e3da-8ca8-f7be-59a7fcb64ffc" executionId="2904ae27-18f7-464d-8f05-19301e26effc" testListId="8c84fa94-04c1-424b-9868-57a2d4851a1d" />
    <TestEntry testId="840db7b3-d48f-ad55-9ede-9cf9b9c0687c" executionId="3784df17-5f15-449d-af9c-83f0ce5843d7" testListId="8c84fa94-04c1-424b-9868-57a2d4851a1d" />
    <TestEntry testId="ab7f8f68-6697-f7b7-cfcd-30efdf2fa6c6" executionId="7734916a-3727-4b12-95f5-1e74cbacbce8" testListId="8c84fa94-04c1-424b-9868-57a2d4851a1d" />
    <TestEntry testId="9aafa6fa-33e5-b606-ed7a-6b88e460d5ef" executionId="bab2d22e-928a-4cc2-b0df-1e985311b636" testListId="8c84fa94-04c1-424b-9868-57a2d4851a1d" />
    <TestEntry testId="057e62be-1ea3-f408-a8ac-520bb0d48b29" executionId="06c4b0f2-19a0-4715-83bf-7d6195166a0b" testListId="8c84fa94-04c1-424b-9868-57a2d4851a1d" />
    <TestEntry testId="5e2ac90e-4525-ee87-9c9c-e9909fa429f6" executionId="6fac48c4-4760-4617-aa80-0c62a9c5f258" testListId="8c84fa94-04c1-424b-9868-57a2d4851a1d" />
    <TestEntry testId="707d5c1b-55bb-2124-d48c-a3b571ec5c86" executionId="c83e4b9c-89df-478c-a5d1-2d3023302db2" testListId="8c84fa94-04c1-424b-9868-57a2d4851a1d" />
    <TestEntry testId="c5277f3d-04f7-de65-70fd-9b5a89ef5fef" executionId="8c1c6e54-1558-4d5d-9bfe-5ecbb6b83073" testListId="8c84fa94-04c1-424b-9868-57a2d4851a1d" />
    <TestEntry testId="5e18e0b8-7c37-0dd7-ce93-2ac964952236" executionId="5f1d4cae-c38b-475f-9c47-e036eb3235a0" testListId="8c84fa94-04c1-424b-9868-57a2d4851a1d" />
    <TestEntry testId="1f3444ed-d67d-5cc6-3687-72f0b51f4d55" executionId="c28ace8a-3eae-459b-bf8e-95e07fe6ffa5" testListId="8c84fa94-04c1-424b-9868-57a2d4851a1d" />
    <TestEntry testId="9a27ffd7-53cf-e543-409b-2cadb2e046b8" executionId="e6a744e0-3fe6-4a48-87be-836aaf5ea2fb" testListId="8c84fa94-04c1-424b-9868-57a2d4851a1d" />
    <TestEntry testId="dd3cc5c7-ed00-8b19-534a-6ecb004d72c9" executionId="0f14596b-eb6b-4fa1-9fc6-125259287502" testListId="8c84fa94-04c1-424b-9868-57a2d4851a1d" />
    <TestEntry testId="d4534976-dec5-f4ee-3a44-42ede5fe294a" executionId="95611f7f-f6df-4cc7-8c67-45d58a71bb9f" testListId="8c84fa94-04c1-424b-9868-57a2d4851a1d" />
    <TestEntry testId="3bfb9aba-e918-c1d7-6512-6377e3e1ab34" executionId="8b84d00b-a362-4363-8407-96611028a8df" testListId="8c84fa94-04c1-424b-9868-57a2d4851a1d" />
    <TestEntry testId="ede60a8c-89c0-2b21-79b7-5cbd6692b120" executionId="a759e825-fa72-43c0-8217-8d2a515b00c9" testListId="8c84fa94-04c1-424b-9868-57a2d4851a1d" />
    <TestEntry testId="3775e63c-149a-3c2d-7b5a-b5105b68d7ba" executionId="83ac6e3f-2117-4a84-bd5d-23ace99ea0cf" testListId="8c84fa94-04c1-424b-9868-57a2d4851a1d" />
    <TestEntry testId="9e8eabc7-fda4-b1ba-f6ed-16ceb7741a31" executionId="0d5a6200-1182-4c76-be4f-eb2257da6497" testListId="8c84fa94-04c1-424b-9868-57a2d4851a1d" />
    <TestEntry testId="a77c1721-6608-3b87-ba2d-8f98748fc323" executionId="e49dc8c9-1b95-4014-8844-a8155f579cea" testListId="8c84fa94-04c1-424b-9868-57a2d4851a1d" />
    <TestEntry testId="eae7590f-e8f2-3355-864d-ee03c8bd0ad2" executionId="d9f211f6-afba-4a37-a680-6a62c8501de9" testListId="8c84fa94-04c1-424b-9868-57a2d4851a1d" />
    <TestEntry testId="4508aa98-f940-859b-14f6-70358d0606bc" executionId="89ba72c5-9b81-42ba-b775-ef90b469c480" testListId="8c84fa94-04c1-424b-9868-57a2d4851a1d" />
    <TestEntry testId="685b510b-9f1d-32ef-db17-38df3a72daab" executionId="eb9b250a-0df0-4c69-95cc-3a1d3ed62754" testListId="8c84fa94-04c1-424b-9868-57a2d4851a1d" />
    <TestEntry testId="0b134ea4-4fd2-07ea-9b19-f7e29505f697" executionId="adc0be87-235e-452a-899a-f160890be90a" testListId="8c84fa94-04c1-424b-9868-57a2d4851a1d" />
    <TestEntry testId="92e5b34d-631c-a996-532a-12cbad08df43" executionId="44eddbff-48b4-4ebe-91a1-72df40cfd592" testListId="8c84fa94-04c1-424b-9868-57a2d4851a1d" />
    <TestEntry testId="5f76ea3c-a821-8a58-272f-5298699ae6e6" executionId="2fb6423f-87e9-4ade-93f8-4e8f971e1934" testListId="8c84fa94-04c1-424b-9868-57a2d4851a1d" />
    <TestEntry testId="f4e63c89-a47b-1e82-98a9-83fe4e2170e6" executionId="a153fa08-034e-43cc-bf21-bf2c0220426f" testListId="8c84fa94-04c1-424b-9868-57a2d4851a1d" />
    <TestEntry testId="eda40bf2-c866-d6c0-cca3-10229141bf79" executionId="7a89cde2-62ec-4adb-af4a-c4d5f85f253e" testListId="8c84fa94-04c1-424b-9868-57a2d4851a1d" />
    <TestEntry testId="c0fa9ebf-8971-5d40-01ec-302ce01a0bec" executionId="fdadfe0a-412f-4e26-b2e0-053a2e2f2160" testListId="8c84fa94-04c1-424b-9868-57a2d4851a1d" />
    <TestEntry testId="00659c34-f2f3-635c-570e-cf519dbd02ea" executionId="031d498b-a53f-4cb0-8e03-0bfb8822bea7" testListId="8c84fa94-04c1-424b-9868-57a2d4851a1d" />
    <TestEntry testId="695c4ab6-f4ac-ea72-49e6-a9039bbff4ff" executionId="d9eed688-0320-4560-9ab7-3956d96af001" testListId="8c84fa94-04c1-424b-9868-57a2d4851a1d" />
    <TestEntry testId="70cfe48e-4cd8-1bac-f678-75542e07174f" executionId="c5c7df87-f774-4fc9-8766-3a7c99f92005" testListId="8c84fa94-04c1-424b-9868-57a2d4851a1d" />
    <TestEntry testId="87874127-fede-769f-93d0-e49994a15469" executionId="89f7a2a5-6461-4e7c-ab31-0330ac28a10c" testListId="8c84fa94-04c1-424b-9868-57a2d4851a1d" />
    <TestEntry testId="293b6710-c005-b73d-f91a-71bd69070228" executionId="359beab7-cc91-4f0b-a020-14aa812ec520" testListId="8c84fa94-04c1-424b-9868-57a2d4851a1d" />
    <TestEntry testId="30df2ce9-ff6a-5ce7-c53b-236cf8bb5676" executionId="95cdd53d-2faf-4f36-a2e2-2a84ea5bba31" testListId="8c84fa94-04c1-424b-9868-57a2d4851a1d" />
    <TestEntry testId="913db542-fec8-7714-7764-d1e199b07476" executionId="1a3e26fc-55a5-4c79-9090-78306b190be8" testListId="8c84fa94-04c1-424b-9868-57a2d4851a1d" />
    <TestEntry testId="88ef1e60-3ecd-2146-a8c4-838c3a9fc62d" executionId="85a00d2c-f3a1-498a-b29c-8f4ef3a96167" testListId="8c84fa94-04c1-424b-9868-57a2d4851a1d" />
    <TestEntry testId="2a3fb2c3-c3f7-473c-8aa3-60a15c0efb17" executionId="a3335687-cab9-4ca0-bc63-e16880e4d464" testListId="8c84fa94-04c1-424b-9868-57a2d4851a1d" />
    <TestEntry testId="688b1437-e3ed-5556-dc02-58f12276d1a3" executionId="eaf460c0-41cd-4ca8-89f1-20dd8d4adc12" testListId="8c84fa94-04c1-424b-9868-57a2d4851a1d" />
    <TestEntry testId="ccf665a2-1668-1d4b-9b83-9a8692001964" executionId="8618ed90-ac20-429b-95cb-9daed34f2cbe" testListId="8c84fa94-04c1-424b-9868-57a2d4851a1d" />
    <TestEntry testId="90a6a9e4-bea4-bfca-5f6c-83438471e0af" executionId="9881a94b-5fa4-4b86-8b61-e08d5d2d0725" testListId="8c84fa94-04c1-424b-9868-57a2d4851a1d" />
    <TestEntry testId="9bca2565-db9c-902a-67d9-fb5abcc8bc86" executionId="581e115e-8a7d-4287-b2c1-7bc4abcdf690" testListId="8c84fa94-04c1-424b-9868-57a2d4851a1d" />
    <TestEntry testId="9375b82e-99d3-34cf-587f-edfcbb0c2df4" executionId="8b5cda34-95c9-4353-b4ec-903836df3728" testListId="8c84fa94-04c1-424b-9868-57a2d4851a1d" />
    <TestEntry testId="68dd71f7-1e67-e58b-3f41-c6716763e285" executionId="4b792a01-ffe1-45fc-a528-4f72357a826a" testListId="8c84fa94-04c1-424b-9868-57a2d4851a1d" />
    <TestEntry testId="484438cb-fed1-3cf2-b7e6-8e71e5e67594" executionId="1a7c2173-bb10-484d-a757-8e830f847ee7" testListId="8c84fa94-04c1-424b-9868-57a2d4851a1d" />
    <TestEntry testId="eaf2df92-93ed-a081-854f-09f5cbe94a72" executionId="2ac6597f-f0a1-4fa9-bed0-298a408c1036" testListId="8c84fa94-04c1-424b-9868-57a2d4851a1d" />
    <TestEntry testId="93a52078-c6ff-b35d-70a0-b71ca612447f" executionId="d75f7d41-3035-4039-8ccd-217dc7c25979" testListId="8c84fa94-04c1-424b-9868-57a2d4851a1d" />
    <TestEntry testId="210efdc4-2718-cccb-c951-718a4c9427f3" executionId="5d53d784-9f2c-447b-8179-1fce0bfe5537" testListId="8c84fa94-04c1-424b-9868-57a2d4851a1d" />
    <TestEntry testId="3a7241f3-d50a-e2c6-c147-9b8487d12b02" executionId="bf308897-6d2c-4d60-bd3c-60e2e489c04f" testListId="8c84fa94-04c1-424b-9868-57a2d4851a1d" />
    <TestEntry testId="60c17fa0-96ba-59c2-ed35-e1ed597161f4" executionId="4335d294-cad2-42be-a2d1-2b56738ee199" testListId="8c84fa94-04c1-424b-9868-57a2d4851a1d" />
    <TestEntry testId="ff9f76f9-abf1-a8db-046d-155fb8b41b9f" executionId="a60ba598-95b1-4c83-ae0b-62da33918fce" testListId="8c84fa94-04c1-424b-9868-57a2d4851a1d" />
    <TestEntry testId="b46d37ee-20d6-0ca2-86ff-6bd8906f53d2" executionId="59e641e9-aeb2-4efd-ae90-5c53e4e719be" testListId="8c84fa94-04c1-424b-9868-57a2d4851a1d" />
    <TestEntry testId="fb478761-8a16-b987-0dfd-e90acb5204fe" executionId="62ebd6a7-03ac-43cd-8287-502005a37ddc" testListId="8c84fa94-04c1-424b-9868-57a2d4851a1d" />
    <TestEntry testId="d0b1f3cf-554e-f1c3-5cc1-92f5c1a2893d" executionId="48c294ac-640c-43dd-8e44-0898faa5db5b" testListId="8c84fa94-04c1-424b-9868-57a2d4851a1d" />
    <TestEntry testId="74a48452-1f38-3cef-6457-c80626297aea" executionId="13ca3a89-9b0f-46d8-b5d4-6a0bd62e89e2" testListId="8c84fa94-04c1-424b-9868-57a2d4851a1d" />
    <TestEntry testId="d4de7814-9a7c-e5ca-2e80-70d79a5043a9" executionId="15ca6d38-ea10-42f4-9f5d-63d919caecd0" testListId="8c84fa94-04c1-424b-9868-57a2d4851a1d" />
    <TestEntry testId="923a0686-4c99-15de-a6e6-285a28b7f04b" executionId="28c532de-c6e8-4b00-bfcd-95f74caf8903" testListId="8c84fa94-04c1-424b-9868-57a2d4851a1d" />
    <TestEntry testId="2da2e24d-5217-799d-7a26-72eaa5ac2217" executionId="5516ce1a-aca5-4904-add5-251558083c0a" testListId="8c84fa94-04c1-424b-9868-57a2d4851a1d" />
    <TestEntry testId="2dccbbcf-b25c-48eb-2a14-a8c22042cec5" executionId="f9a5da40-cab1-4597-b9cd-29c82c45dec8" testListId="8c84fa94-04c1-424b-9868-57a2d4851a1d" />
    <TestEntry testId="df5b52c0-0680-b452-27af-dc1b5c5ef1a1" executionId="3dd8464d-5a24-4007-b634-4d7371c3b5ce" testListId="8c84fa94-04c1-424b-9868-57a2d4851a1d" />
    <TestEntry testId="6ad0efad-01fa-5a6b-24e3-309e70fa3e6b" executionId="c80b0c6c-a549-47f0-98e7-fc7db4fa0f17" testListId="8c84fa94-04c1-424b-9868-57a2d4851a1d" />
    <TestEntry testId="fdaabea6-ff38-9210-f4a6-8045cfbbbfab" executionId="2dee8e00-bfb0-4ed7-bd60-a8356e006210" testListId="8c84fa94-04c1-424b-9868-57a2d4851a1d" />
    <TestEntry testId="7025176a-2c52-d983-e674-9db6f89239ab" executionId="6a8c4ee1-a928-42c0-84fb-797c7b895875" testListId="8c84fa94-04c1-424b-9868-57a2d4851a1d" />
    <TestEntry testId="f2c7fe76-8b2a-731e-3be5-5ceb7f75f8e5" executionId="6741c82f-6295-471c-b6e4-e90890891a30" testListId="8c84fa94-04c1-424b-9868-57a2d4851a1d" />
    <TestEntry testId="f97c2558-89a5-61c1-f835-d2860b5f9747" executionId="816546e7-280d-42af-bd4d-4f454cc1b433" testListId="8c84fa94-04c1-424b-9868-57a2d4851a1d" />
    <TestEntry testId="1fd86746-7cc4-2e8d-7877-3ad9f89f71fd" executionId="6e732c9d-5a13-4e5b-9818-f87b899db866" testListId="8c84fa94-04c1-424b-9868-57a2d4851a1d" />
    <TestEntry testId="2272f426-2964-ce01-7924-67b4ac6498fc" executionId="32a14dfd-8c8a-4e5d-a283-cf019767efd1" testListId="8c84fa94-04c1-424b-9868-57a2d4851a1d" />
    <TestEntry testId="f775b527-55c0-6f46-7694-e3bf56255569" executionId="f49a61aa-2b00-4a5b-9669-40d0d8069c31" testListId="8c84fa94-04c1-424b-9868-57a2d4851a1d" />
    <TestEntry testId="15feac6e-5a6e-7446-8c2d-6832bbb1aa74" executionId="6495e748-8729-445b-a570-44bcbf1a71ac" testListId="8c84fa94-04c1-424b-9868-57a2d4851a1d" />
    <TestEntry testId="82e0a5ce-ee51-33f9-e62f-d8e1df0e0184" executionId="df16b820-d9c6-402b-b79f-194eed5826f7" testListId="8c84fa94-04c1-424b-9868-57a2d4851a1d" />
    <TestEntry testId="466d00e1-09dc-4a37-0238-5750ace9946f" executionId="d864f4be-8a8f-4df0-9ee5-fae9cbe2a040" testListId="8c84fa94-04c1-424b-9868-57a2d4851a1d" />
    <TestEntry testId="a45abed7-3cb2-9895-1212-771e83a36bf6" executionId="7ecd2801-9b0a-46dd-b1ba-f5d127c41fae" testListId="8c84fa94-04c1-424b-9868-57a2d4851a1d" />
    <TestEntry testId="cb7939b7-42c0-a08b-d4e1-9df5a159ba8c" executionId="8fab3a4e-fb8e-4ff3-abba-21c702b043c6" testListId="8c84fa94-04c1-424b-9868-57a2d4851a1d" />
    <TestEntry testId="a7844984-3d33-dde8-2d30-6893e92420f6" executionId="44caf8fa-a810-48c6-9b44-48d0a2e92ddd" testListId="8c84fa94-04c1-424b-9868-57a2d4851a1d" />
    <TestEntry testId="394dcf41-efb5-b878-29a9-13d948b45486" executionId="b68a17a3-0e1a-4daf-a7b1-6c3fb80de921" testListId="8c84fa94-04c1-424b-9868-57a2d4851a1d" />
  </TestEntries>
  <Results>
    <UnitTestResult executionId="bc415f80-1f88-4370-ac78-7fb324dccfe6" testId="f1851738-f2ad-7f4f-0534-8aa9835619fd" testName="ToQueryString" computerName="MIKE-NOTEBOOK2" duration="00:00:00.1413399" startTime="2013-06-19T12:24:04.0014548+08:00" endTime="2013-06-19T12:24:05.9165643+08:00" testType="13cdc9d9-ddb5-4fa4-a97d-d965ccfc6d4b" outcome="Passed" testListId="8c84fa94-04c1-424b-9868-57a2d4851a1d">
      <Output>
        <StdOut>Text
Binary
Decimal(29,4)
Integer
Long
Single
Double
Binary</StdOut>
      </Output>
    </UnitTestResult>
    <UnitTestResult executionId="5b31de5e-529b-44c5-b41c-a85dc15930e2" testId="43588b40-d223-8352-09ab-0d3b54f50b4f" testName="ParseSqlDataType" computerName="MIKE-NOTEBOOK2" duration="00:00:00.1751597" startTime="2013-06-19T12:24:05.9275649+08:00" endTime="2013-06-19T12:24:06.1125755+08:00" testType="13cdc9d9-ddb5-4fa4-a97d-d965ccfc6d4b" outcome="Failed" testListId="8c84fa94-04c1-424b-9868-57a2d4851a1d">
      <Output>
        <StdOut>Date</StdOut>
        <ErrorInfo>
          <Message>Test method Test.AccessDataTypeProviderTest.ParseSqlDataType threw exception:  System.NotSupportedException: The specified type '' is not a valid provider type..</Message>
          <StackTrace>    在 ALinq.SqlClient.DbTypeProviderBase`2.Parse(String typeName, Int32 size, Int32 scale, String[] options)
   在 ALinq.SqlClient.DbTypeProviderBase`2.Parse(String stype)
   在 ALinq.Access.AccessDataTypeProvider.Parse(String stype)
   在 Test.AccessDataTypeProviderTest.ParseSqlDataType() 位置 D:\ALinq\Source\Trunk\Test\AccessDataTypeProvider.cs:行号 68
</StackTrace>
        </ErrorInfo>
      </Output>
    </UnitTestResult>
    <UnitTestResult executionId="c0aa42bd-134e-4673-84a4-de87493128b6" testId="2729f8bb-094f-86bd-1b0a-b010e00f9235" testName="GetSqlDataType" computerName="MIKE-NOTEBOOK2" duration="00:00:00.0056024" startTime="2013-06-19T12:24:06.1305765+08:00" endTime="2013-06-19T12:24:06.1455774+08:00" testType="13cdc9d9-ddb5-4fa4-a97d-d965ccfc6d4b" outcome="Passed" testListId="8c84fa94-04c1-424b-9868-57a2d4851a1d">
      <Output>
      </Output>
    </UnitTestResult>
    <UnitTestResult executionId="271923bb-a793-41a9-a081-d686f4a531a8" testId="c699d8ef-d435-6960-7384-746c6e162468" testName="TestConnection" computerName="MIKE-NOTEBOOK2" duration="00:00:00.0007341" startTime="2013-06-19T12:24:06.1675787+08:00" endTime="2013-06-19T12:24:06.1755791+08:00" testType="13cdc9d9-ddb5-4fa4-a97d-d965ccfc6d4b" outcome="Passed" testListId="8c84fa94-04c1-424b-9868-57a2d4851a1d">
      <Output>
      </Output>
    </UnitTestResult>
    <UnitTestResult executionId="db1b9eb1-2678-4bda-8d27-6a73ae1c3ead" testId="000ee80b-ccd3-e075-cde4-8c898c098ddb" testName="StoreAndReuseQuery" computerName="MIKE-NOTEBOOK2" duration="00:00:22.8523071" startTime="2013-06-19T12:24:06.1975804+08:00" endTime="2013-06-19T12:24:29.0498875+08:00" testType="13cdc9d9-ddb5-4fa4-a97d-d965ccfc6d4b" outcome="Aborted" testListId="8c84fa94-04c1-424b-9868-57a2d4851a1d">
    </UnitTestResult>
    <UnitTestResult executionId="ee4c2f96-004f-4dbc-bb84-b9ba7ef02fd7" testId="30f03433-f887-ab3d-14db-3f893a99c142" testName="Aggregate_Null" computerName="MIKE-NOTEBOOK2" duration="00:00:00" startTime="0001-01-01T08:00:00.0000000+08:00" endTime="0001-01-01T08:00:00.0000000+08:00" testType="13cdc9d9-ddb5-4fa4-a97d-d965ccfc6d4b" outcome="NotExecuted" testListId="8c84fa94-04c1-424b-9868-57a2d4851a1d">
    </UnitTestResult>
    <UnitTestResult executionId="f44a9232-1c59-41a4-8d61-1679b1ba1dbf" testId="91dcfb2a-e768-3039-b6b9-03879e5f62ec" testName="GetDefaultValue" computerName="MIKE-NOTEBOOK2" duration="00:00:00" startTime="0001-01-01T08:00:00.0000000+08:00" endTime="0001-01-01T08:00:00.0000000+08:00" testType="13cdc9d9-ddb5-4fa4-a97d-d965ccfc6d4b" outcome="NotExecuted" testListId="8c84fa94-04c1-424b-9868-57a2d4851a1d">
    </UnitTestResult>
    <UnitTestResult executionId="6a5566d2-7aa8-49e5-a238-c092755861c4" testId="d16e19ca-aa3c-ac3c-ae48-e10eb5a0885c" testName="Math_Abs" computerName="MIKE-NOTEBOOK2" duration="00:00:00" startTime="0001-01-01T08:00:00.0000000+08:00" endTime="0001-01-01T08:00:00.0000000+08:00" testType="13cdc9d9-ddb5-4fa4-a97d-d965ccfc6d4b" outcome="NotExecuted" testListId="8c84fa94-04c1-424b-9868-57a2d4851a1d">
    </UnitTestResult>
    <UnitTestResult executionId="d580c87f-6b11-41ea-b515-25ec6bbd939c" testId="613c01cd-62ea-31be-e992-f5eeb0073be7" testName="Math_Acos" computerName="MIKE-NOTEBOOK2" duration="00:00:00" startTime="0001-01-01T08:00:00.0000000+08:00" endTime="0001-01-01T08:00:00.0000000+08:00" testType="13cdc9d9-ddb5-4fa4-a97d-d965ccfc6d4b" outcome="NotExecuted" testListId="8c84fa94-04c1-424b-9868-57a2d4851a1d">
    </UnitTestResult>
    <UnitTestResult executionId="10d2b068-800c-410f-901d-7f70619906da" testId="c0ebea94-70bb-854a-a958-2daaad4ab215" testName="Math_Asin" computerName="MIKE-NOTEBOOK2" duration="00:00:00" startTime="0001-01-01T08:00:00.0000000+08:00" endTime="0001-01-01T08:00:00.0000000+08:00" testType="13cdc9d9-ddb5-4fa4-a97d-d965ccfc6d4b" outcome="NotExecuted" testListId="8c84fa94-04c1-424b-9868-57a2d4851a1d">
    </UnitTestResult>
    <UnitTestResult executionId="da68a04c-8481-4240-82d2-5fd5f89573af" testId="6897bc96-8fbb-946b-01bd-4d1ed6431693" testName="Math_Atan" computerName="MIKE-NOTEBOOK2" duration="00:00:00" startTime="0001-01-01T08:00:00.0000000+08:00" endTime="0001-01-01T08:00:00.0000000+08:00" testType="13cdc9d9-ddb5-4fa4-a97d-d965ccfc6d4b" outcome="NotExecuted" testListId="8c84fa94-04c1-424b-9868-57a2d4851a1d">
    </UnitTestResult>
    <UnitTestResult executionId="cc701a33-0abf-4faa-bb38-2be906a86e07" testId="a280da9b-978c-c4d8-c780-6bfd11e59735" testName="Math_Atan2" computerName="MIKE-NOTEBOOK2" duration="00:00:00" startTime="0001-01-01T08:00:00.0000000+08:00" endTime="0001-01-01T08:00:00.0000000+08:00" testType="13cdc9d9-ddb5-4fa4-a97d-d965ccfc6d4b" outcome="NotExecuted" testListId="8c84fa94-04c1-424b-9868-57a2d4851a1d">
    </UnitTestResult>
    <UnitTestResult executionId="f94d4542-abd8-4f38-b7ba-e457a456cc02" testId="db31b71c-c6f7-8925-851e-17656027137f" testName="Math_BigMul" computerName="MIKE-NOTEBOOK2" duration="00:00:00" startTime="0001-01-01T08:00:00.0000000+08:00" endTime="0001-01-01T08:00:00.0000000+08:00" testType="13cdc9d9-ddb5-4fa4-a97d-d965ccfc6d4b" outcome="NotExecuted" testListId="8c84fa94-04c1-424b-9868-57a2d4851a1d">
    </UnitTestResult>
    <UnitTestResult executionId="3e8d7186-d818-4444-ba59-cb5248ca4ed6" testId="bd5c05f0-a520-d5e2-0462-ddaf9d795ae8" testName="Math_Ceiling" computerName="MIKE-NOTEBOOK2" duration="00:00:00" startTime="0001-01-01T08:00:00.0000000+08:00" endTime="0001-01-01T08:00:00.0000000+08:00" testType="13cdc9d9-ddb5-4fa4-a97d-d965ccfc6d4b" outcome="NotExecuted" testListId="8c84fa94-04c1-424b-9868-57a2d4851a1d">
    </UnitTestResult>
    <UnitTestResult executionId="81a9af47-234e-435e-947e-c720a2a00d36" testId="219965cf-33b2-e720-c2da-e07bcab79a68" testName="Math_Cos" computerName="MIKE-NOTEBOOK2" duration="00:00:00" startTime="0001-01-01T08:00:00.0000000+08:00" endTime="0001-01-01T08:00:00.0000000+08:00" testType="13cdc9d9-ddb5-4fa4-a97d-d965ccfc6d4b" outcome="NotExecuted" testListId="8c84fa94-04c1-424b-9868-57a2d4851a1d">
    </UnitTestResult>
    <UnitTestResult executionId="866e32b0-3433-47be-81a6-624a3b027ac2" testId="a04b7154-aa7e-16a8-fee6-8c733bde23c7" testName="Math_Cosh" computerName="MIKE-NOTEBOOK2" duration="00:00:00" startTime="0001-01-01T08:00:00.0000000+08:00" endTime="0001-01-01T08:00:00.0000000+08:00" testType="13cdc9d9-ddb5-4fa4-a97d-d965ccfc6d4b" outcome="NotExecuted" testListId="8c84fa94-04c1-424b-9868-57a2d4851a1d">
    </UnitTestResult>
    <UnitTestResult executionId="f8a164c7-e547-44b6-b085-f9b7f5f60c94" testId="0fe8cecf-075c-f4f7-2800-11302e2d07a2" testName="Math_DivRem" computerName="MIKE-NOTEBOOK2" duration="00:00:00" startTime="0001-01-01T08:00:00.0000000+08:00" endTime="0001-01-01T08:00:00.0000000+08:00" testType="13cdc9d9-ddb5-4fa4-a97d-d965ccfc6d4b" outcome="NotExecuted" testListId="8c84fa94-04c1-424b-9868-57a2d4851a1d">
    </UnitTestResult>
    <UnitTestResult executionId="dd225bbc-d7b3-49d5-a58d-208de23a3613" testId="acdae991-d912-c4a8-4f6c-28b970efdb04" testName="Math_Exp" computerName="MIKE-NOTEBOOK2" duration="00:00:00" startTime="0001-01-01T08:00:00.0000000+08:00" endTime="0001-01-01T08:00:00.0000000+08:00" testType="13cdc9d9-ddb5-4fa4-a97d-d965ccfc6d4b" outcome="NotExecuted" testListId="8c84fa94-04c1-424b-9868-57a2d4851a1d">
    </UnitTestResult>
    <UnitTestResult executionId="0bdb0571-99a6-4a17-94ad-27b317ccee33" testId="5dba4727-3c5f-9f1c-30ce-690cbdbf625c" testName="Math_Floor" computerName="MIKE-NOTEBOOK2" duration="00:00:00" startTime="0001-01-01T08:00:00.0000000+08:00" endTime="0001-01-01T08:00:00.0000000+08:00" testType="13cdc9d9-ddb5-4fa4-a97d-d965ccfc6d4b" outcome="NotExecuted" testListId="8c84fa94-04c1-424b-9868-57a2d4851a1d">
    </UnitTestResult>
    <UnitTestResult executionId="2ec0fcba-099c-4922-92da-d038d885e01b" testId="d1dcd52f-a822-975c-ed75-ba1357cee845" testName="Math_Log" computerName="MIKE-NOTEBOOK2" duration="00:00:00" startTime="0001-01-01T08:00:00.0000000+08:00" endTime="0001-01-01T08:00:00.0000000+08:00" testType="13cdc9d9-ddb5-4fa4-a97d-d965ccfc6d4b" outcome="NotExecuted" testListId="8c84fa94-04c1-424b-9868-57a2d4851a1d">
    </UnitTestResult>
    <UnitTestResult executionId="90578d99-3e88-4826-b907-dd9d4ce0a7b6" testId="3d016b7b-c631-912b-289b-eb15d68bbde1" testName="Math_Log10" computerName="MIKE-NOTEBOOK2" duration="00:00:00" startTime="0001-01-01T08:00:00.0000000+08:00" endTime="0001-01-01T08:00:00.0000000+08:00" testType="13cdc9d9-ddb5-4fa4-a97d-d965ccfc6d4b" outcome="NotExecuted" testListId="8c84fa94-04c1-424b-9868-57a2d4851a1d">
    </UnitTestResult>
    <UnitTestResult executionId="d480c933-344e-48b4-8db0-7f6d7a83f4a7" testId="aed172a3-c756-e2d0-4dd1-0a65e76c9a63" testName="Math_Max" computerName="MIKE-NOTEBOOK2" duration="00:00:00" startTime="0001-01-01T08:00:00.0000000+08:00" endTime="0001-01-01T08:00:00.0000000+08:00" testType="13cdc9d9-ddb5-4fa4-a97d-d965ccfc6d4b" outcome="NotExecuted" testListId="8c84fa94-04c1-424b-9868-57a2d4851a1d">
    </UnitTestResult>
    <UnitTestResult executionId="b5480d28-e2c7-4725-9df7-7a3790c67fc1" testId="90b34f3f-7153-8442-40d3-f3551853fd17" testName="Math_Min" computerName="MIKE-NOTEBOOK2" duration="00:00:00" startTime="0001-01-01T08:00:00.0000000+08:00" endTime="0001-01-01T08:00:00.0000000+08:00" testType="13cdc9d9-ddb5-4fa4-a97d-d965ccfc6d4b" outcome="NotExecuted" testListId="8c84fa94-04c1-424b-9868-57a2d4851a1d">
    </UnitTestResult>
    <UnitTestResult executionId="cb130c96-f646-48ac-8fc8-15b93330b990" testId="c9906075-ca27-8e99-c221-56a6ea27bf8e" testName="Math_Pow" computerName="MIKE-NOTEBOOK2" duration="00:00:00" startTime="0001-01-01T08:00:00.0000000+08:00" endTime="0001-01-01T08:00:00.0000000+08:00" testType="13cdc9d9-ddb5-4fa4-a97d-d965ccfc6d4b" outcome="NotExecuted" testListId="8c84fa94-04c1-424b-9868-57a2d4851a1d">
    </UnitTestResult>
    <UnitTestResult executionId="e9572486-07b5-439f-aba6-bcbc0945ca3e" testId="b1bf53b6-f7aa-5eb6-a31d-1b8eb29dc02d" testName="Math_Round2" computerName="MIKE-NOTEBOOK2" duration="00:00:00" startTime="0001-01-01T08:00:00.0000000+08:00" endTime="0001-01-01T08:00:00.0000000+08:00" testType="13cdc9d9-ddb5-4fa4-a97d-d965ccfc6d4b" outcome="NotExecuted" testListId="8c84fa94-04c1-424b-9868-57a2d4851a1d">
    </UnitTestResult>
    <UnitTestResult executionId="f6888477-7bc9-4c93-8aee-c7aba3c19209" testId="6ae90211-d90e-5ade-6769-e0faf53062a8" testName="Math_Sign" computerName="MIKE-NOTEBOOK2" duration="00:00:00" startTime="0001-01-01T08:00:00.0000000+08:00" endTime="0001-01-01T08:00:00.0000000+08:00" testType="13cdc9d9-ddb5-4fa4-a97d-d965ccfc6d4b" outcome="NotExecuted" testListId="8c84fa94-04c1-424b-9868-57a2d4851a1d">
    </UnitTestResult>
    <UnitTestResult executionId="4c080d62-9878-40a4-ac78-cc32956e5dbf" testId="b7eaa0e4-42e5-990e-08fb-2b366b78371b" testName="Math_Sin" computerName="MIKE-NOTEBOOK2" duration="00:00:00" startTime="0001-01-01T08:00:00.0000000+08:00" endTime="0001-01-01T08:00:00.0000000+08:00" testType="13cdc9d9-ddb5-4fa4-a97d-d965ccfc6d4b" outcome="NotExecuted" testListId="8c84fa94-04c1-424b-9868-57a2d4851a1d">
    </UnitTestResult>
    <UnitTestResult executionId="33fc3f98-9665-4dab-bccc-795de2fcca2f" testId="5b78ac4e-97b5-2bdb-4e48-226ce1746a7c" testName="Math_Sinh" computerName="MIKE-NOTEBOOK2" duration="00:00:00" startTime="0001-01-01T08:00:00.0000000+08:00" endTime="0001-01-01T08:00:00.0000000+08:00" testType="13cdc9d9-ddb5-4fa4-a97d-d965ccfc6d4b" outcome="NotExecuted" testListId="8c84fa94-04c1-424b-9868-57a2d4851a1d">
    </UnitTestResult>
    <UnitTestResult executionId="88e1b176-af7d-4cf2-b518-52d96d10a126" testId="3deeb89f-4f8c-8f88-0c4c-8ab64c899c4e" testName="Math_Sqrt" computerName="MIKE-NOTEBOOK2" duration="00:00:00" startTime="0001-01-01T08:00:00.0000000+08:00" endTime="0001-01-01T08:00:00.0000000+08:00" testType="13cdc9d9-ddb5-4fa4-a97d-d965ccfc6d4b" outcome="NotExecuted" testListId="8c84fa94-04c1-424b-9868-57a2d4851a1d">
    </UnitTestResult>
    <UnitTestResult executionId="3a15f783-b6b5-4b58-901f-2ad7d526e427" testId="9805cfb5-60e7-4b52-6b8f-8d6f40b5235f" testName="Math_Tan" computerName="MIKE-NOTEBOOK2" duration="00:00:00" startTime="0001-01-01T08:00:00.0000000+08:00" endTime="0001-01-01T08:00:00.0000000+08:00" testType="13cdc9d9-ddb5-4fa4-a97d-d965ccfc6d4b" outcome="NotExecuted" testListId="8c84fa94-04c1-424b-9868-57a2d4851a1d">
    </UnitTestResult>
    <UnitTestResult executionId="d2990bfe-be73-47c5-ab3e-244971a9f01b" testId="a745410a-74bb-3ba1-efcd-662ff14ded67" testName="Math_Tanh" computerName="MIKE-NOTEBOOK2" duration="00:00:00" startTime="0001-01-01T08:00:00.0000000+08:00" endTime="0001-01-01T08:00:00.0000000+08:00" testType="13cdc9d9-ddb5-4fa4-a97d-d965ccfc6d4b" outcome="NotExecuted" testListId="8c84fa94-04c1-424b-9868-57a2d4851a1d">
    </UnitTestResult>
    <UnitTestResult executionId="bf2928c0-7478-4c1c-b8a0-7fe6fb0e283e" testId="6601d10b-a22c-4a68-1882-e63e862624b3" testName="Math_Truncate1" computerName="MIKE-NOTEBOOK2" duration="00:00:00" startTime="0001-01-01T08:00:00.0000000+08:00" endTime="0001-01-01T08:00:00.0000000+08:00" testType="13cdc9d9-ddb5-4fa4-a97d-d965ccfc6d4b" outcome="NotExecuted" testListId="8c84fa94-04c1-424b-9868-57a2d4851a1d">
    </UnitTestResult>
    <UnitTestResult executionId="5c0811fb-dcf2-4466-90bb-218f1fdc8450" testId="615c27f1-0d4b-7caf-dc82-646258dba86f" testName="String_Clone" computerName="MIKE-NOTEBOOK2" duration="00:00:00" startTime="0001-01-01T08:00:00.0000000+08:00" endTime="0001-01-01T08:00:00.0000000+08:00" testType="13cdc9d9-ddb5-4fa4-a97d-d965ccfc6d4b" outcome="NotExecuted" testListId="8c84fa94-04c1-424b-9868-57a2d4851a1d">
    </UnitTestResult>
    <UnitTestResult executionId="e123f367-8091-4454-b550-ffde99d579d3" testId="9654112f-f189-8b20-90b3-4c98b6ffdaf5" testName="String_CompareTo" computerName="MIKE-NOTEBOOK2" duration="00:00:00" startTime="0001-01-01T08:00:00.0000000+08:00" endTime="0001-01-01T08:00:00.0000000+08:00" testType="13cdc9d9-ddb5-4fa4-a97d-d965ccfc6d4b" outcome="NotExecuted" testListId="8c84fa94-04c1-424b-9868-57a2d4851a1d">
    </UnitTestResult>
    <UnitTestResult executionId="72f2f9e0-de9e-4327-9f19-f46fc0b459ad" testId="7eb0031a-fb13-3724-e51b-be3852301b66" testName="String_Contains" computerName="MIKE-NOTEBOOK2" duration="00:00:00" startTime="0001-01-01T08:00:00.0000000+08:00" endTime="0001-01-01T08:00:00.0000000+08:00" testType="13cdc9d9-ddb5-4fa4-a97d-d965ccfc6d4b" outcome="NotExecuted" testListId="8c84fa94-04c1-424b-9868-57a2d4851a1d">
    </UnitTestResult>
    <UnitTestResult executionId="2c353691-7790-4ad6-aa70-3c206e09f8a1" testId="52472e00-8dea-c16e-6f90-9d13792f34bb" testName="String_EndsWith" computerName="MIKE-NOTEBOOK2" duration="00:00:00" startTime="0001-01-01T08:00:00.0000000+08:00" endTime="0001-01-01T08:00:00.0000000+08:00" testType="13cdc9d9-ddb5-4fa4-a97d-d965ccfc6d4b" outcome="NotExecuted" testListId="8c84fa94-04c1-424b-9868-57a2d4851a1d">
    </UnitTestResult>
    <UnitTestResult executionId="687215fb-d17a-4f3c-8193-b64359a4df8b" testId="9ae62e49-ce1a-2b1e-085a-75bbfebe285e" testName="String_Equals1" computerName="MIKE-NOTEBOOK2" duration="00:00:00" startTime="0001-01-01T08:00:00.0000000+08:00" endTime="0001-01-01T08:00:00.0000000+08:00" testType="13cdc9d9-ddb5-4fa4-a97d-d965ccfc6d4b" outcome="NotExecuted" testListId="8c84fa94-04c1-424b-9868-57a2d4851a1d">
    </UnitTestResult>
    <UnitTestResult executionId="48319607-3471-4033-b6b8-522742b677c0" testId="0a7a228d-c671-0b3d-f4d2-5721bd0adb1f" testName="String_Equals2" computerName="MIKE-NOTEBOOK2" duration="00:00:00" startTime="0001-01-01T08:00:00.0000000+08:00" endTime="0001-01-01T08:00:00.0000000+08:00" testType="13cdc9d9-ddb5-4fa4-a97d-d965ccfc6d4b" outcome="NotExecuted" testListId="8c84fa94-04c1-424b-9868-57a2d4851a1d">
    </UnitTestResult>
    <UnitTestResult executionId="9e7a982e-7f0f-4fe6-a3d8-7a8f0b30624f" testId="55720033-59bf-4a53-92d5-13fc03e5acac" testName="String_Equals3" computerName="MIKE-NOTEBOOK2" duration="00:00:00" startTime="0001-01-01T08:00:00.0000000+08:00" endTime="0001-01-01T08:00:00.0000000+08:00" testType="13cdc9d9-ddb5-4fa4-a97d-d965ccfc6d4b" outcome="NotExecuted" testListId="8c84fa94-04c1-424b-9868-57a2d4851a1d">
    </UnitTestResult>
    <UnitTestResult executionId="6f8761e6-d24c-449d-96b7-a7e65295d5d1" testId="c469604c-cff6-7e7a-34f9-c5e6fda61b13" testName="String_IndexOf1" computerName="MIKE-NOTEBOOK2" duration="00:00:00" startTime="0001-01-01T08:00:00.0000000+08:00" endTime="0001-01-01T08:00:00.0000000+08:00" testType="13cdc9d9-ddb5-4fa4-a97d-d965ccfc6d4b" outcome="NotExecuted" testListId="8c84fa94-04c1-424b-9868-57a2d4851a1d">
    </UnitTestResult>
    <UnitTestResult executionId="76ba9ec1-bc02-4af4-8581-1ff8395b363b" testId="ea475b5a-93fd-187e-150c-27e79045286a" testName="String_IndexOf2" computerName="MIKE-NOTEBOOK2" duration="00:00:00" startTime="0001-01-01T08:00:00.0000000+08:00" endTime="0001-01-01T08:00:00.0000000+08:00" testType="13cdc9d9-ddb5-4fa4-a97d-d965ccfc6d4b" outcome="NotExecuted" testListId="8c84fa94-04c1-424b-9868-57a2d4851a1d">
    </UnitTestResult>
    <UnitTestResult executionId="214357d8-5d9c-4ea0-8649-fc0830ed664b" testId="2a5a50bf-b1e6-5ad4-890d-191edc3bb97f" testName="String_IndexOf3" computerName="MIKE-NOTEBOOK2" duration="00:00:00" startTime="0001-01-01T08:00:00.0000000+08:00" endTime="0001-01-01T08:00:00.0000000+08:00" testType="13cdc9d9-ddb5-4fa4-a97d-d965ccfc6d4b" outcome="NotExecuted" testListId="8c84fa94-04c1-424b-9868-57a2d4851a1d">
    </UnitTestResult>
    <UnitTestResult executionId="7d42adc1-76ba-4a21-b199-ff7b8d1de09e" testId="60c7a626-fe09-d97c-c77b-d0cc9e88178e" testName="String_IndexOf4" computerName="MIKE-NOTEBOOK2" duration="00:00:00" startTime="0001-01-01T08:00:00.0000000+08:00" endTime="0001-01-01T08:00:00.0000000+08:00" testType="13cdc9d9-ddb5-4fa4-a97d-d965ccfc6d4b" outcome="NotExecuted" testListId="8c84fa94-04c1-424b-9868-57a2d4851a1d">
    </UnitTestResult>
    <UnitTestResult executionId="b18be2ba-75d5-4a34-aac4-e18e712b1fd9" testId="3fcfbec4-361c-b662-7616-044026e4285d" testName="String_Insert" computerName="MIKE-NOTEBOOK2" duration="00:00:00" startTime="0001-01-01T08:00:00.0000000+08:00" endTime="0001-01-01T08:00:00.0000000+08:00" testType="13cdc9d9-ddb5-4fa4-a97d-d965ccfc6d4b" outcome="NotExecuted" testListId="8c84fa94-04c1-424b-9868-57a2d4851a1d">
    </UnitTestResult>
    <UnitTestResult executionId="b0f68c50-a755-4d19-a091-43824449ece2" testId="d8b90a3a-ad22-71ef-31c3-9530a33df24f" testName="String_Length" computerName="MIKE-NOTEBOOK2" duration="00:00:00" startTime="0001-01-01T08:00:00.0000000+08:00" endTime="0001-01-01T08:00:00.0000000+08:00" testType="13cdc9d9-ddb5-4fa4-a97d-d965ccfc6d4b" outcome="NotExecuted" testListId="8c84fa94-04c1-424b-9868-57a2d4851a1d">
    </UnitTestResult>
    <UnitTestResult executionId="6fddb632-3f7a-4e2c-b99e-505f9593e56a" testId="792edeb2-852e-697c-a3ab-3cb5c39cc1d2" testName="String_Substring1" computerName="MIKE-NOTEBOOK2" duration="00:00:00" startTime="0001-01-01T08:00:00.0000000+08:00" endTime="0001-01-01T08:00:00.0000000+08:00" testType="13cdc9d9-ddb5-4fa4-a97d-d965ccfc6d4b" outcome="NotExecuted" testListId="8c84fa94-04c1-424b-9868-57a2d4851a1d">
    </UnitTestResult>
    <UnitTestResult executionId="57de1395-6971-41ab-b9a2-5c05aa980b14" testId="6c380b04-a024-0301-7c1c-a6fc4196cf7d" testName="String_Substring2" computerName="MIKE-NOTEBOOK2" duration="00:00:00" startTime="0001-01-01T08:00:00.0000000+08:00" endTime="0001-01-01T08:00:00.0000000+08:00" testType="13cdc9d9-ddb5-4fa4-a97d-d965ccfc6d4b" outcome="NotExecuted" testListId="8c84fa94-04c1-424b-9868-57a2d4851a1d">
    </UnitTestResult>
    <UnitTestResult executionId="67eca245-b104-40ea-9566-418d41656de1" testId="1a696719-46e5-7e2b-22c9-da6a67836c64" testName="String_ToLower1" computerName="MIKE-NOTEBOOK2" duration="00:00:00" startTime="0001-01-01T08:00:00.0000000+08:00" endTime="0001-01-01T08:00:00.0000000+08:00" testType="13cdc9d9-ddb5-4fa4-a97d-d965ccfc6d4b" outcome="NotExecuted" testListId="8c84fa94-04c1-424b-9868-57a2d4851a1d">
    </UnitTestResult>
    <UnitTestResult executionId="5df0f649-cf2b-4ffc-941c-af2574ab9a55" testId="280e9bb8-7ead-455e-876a-e49a5e9c2c4a" testName="String_ToLower2" computerName="MIKE-NOTEBOOK2" duration="00:00:00" startTime="0001-01-01T08:00:00.0000000+08:00" endTime="0001-01-01T08:00:00.0000000+08:00" testType="13cdc9d9-ddb5-4fa4-a97d-d965ccfc6d4b" outcome="NotExecuted" testListId="8c84fa94-04c1-424b-9868-57a2d4851a1d">
    </UnitTestResult>
    <UnitTestResult executionId="8968bb03-1232-4ce9-bf5d-0b6f51ddf10b" testId="b1c543fe-326c-314e-efcc-5f50e8c8ad1e" testName="String_ToLowerInvariant" computerName="MIKE-NOTEBOOK2" duration="00:00:00" startTime="0001-01-01T08:00:00.0000000+08:00" endTime="0001-01-01T08:00:00.0000000+08:00" testType="13cdc9d9-ddb5-4fa4-a97d-d965ccfc6d4b" outcome="NotExecuted" testListId="8c84fa94-04c1-424b-9868-57a2d4851a1d">
    </UnitTestResult>
    <UnitTestResult executionId="5e4add01-7186-4a92-a64f-6b02c6d22a27" testId="984eb002-b9c0-316a-dfb4-117c51dab58a" testName="String_ToUpper1" computerName="MIKE-NOTEBOOK2" duration="00:00:00" startTime="0001-01-01T08:00:00.0000000+08:00" endTime="0001-01-01T08:00:00.0000000+08:00" testType="13cdc9d9-ddb5-4fa4-a97d-d965ccfc6d4b" outcome="NotExecuted" testListId="8c84fa94-04c1-424b-9868-57a2d4851a1d">
    </UnitTestResult>
    <UnitTestResult executionId="2ffa8e81-e85f-4840-9eb3-d3f231346144" testId="73e636b4-3ec9-cc29-59b2-75d0cef7fb7f" testName="String_ToUpper2" computerName="MIKE-NOTEBOOK2" duration="00:00:00" startTime="0001-01-01T08:00:00.0000000+08:00" endTime="0001-01-01T08:00:00.0000000+08:00" testType="13cdc9d9-ddb5-4fa4-a97d-d965ccfc6d4b" outcome="NotExecuted" testListId="8c84fa94-04c1-424b-9868-57a2d4851a1d">
    </UnitTestResult>
    <UnitTestResult executionId="12148e71-38fa-4dda-92ed-65466d69ea9b" testId="de32249a-4508-2fb8-3df6-ca7c5f40495b" testName="String_ToUpperInvariant" computerName="MIKE-NOTEBOOK2" duration="00:00:00" startTime="0001-01-01T08:00:00.0000000+08:00" endTime="0001-01-01T08:00:00.0000000+08:00" testType="13cdc9d9-ddb5-4fa4-a97d-d965ccfc6d4b" outcome="NotExecuted" testListId="8c84fa94-04c1-424b-9868-57a2d4851a1d">
    </UnitTestResult>
    <UnitTestResult executionId="8ab072e1-1147-42f3-be9e-1cb2a16cc762" testId="958aa4ec-5955-840f-5305-c2afc212fedd" testName="String_Trim1" computerName="MIKE-NOTEBOOK2" duration="00:00:00" startTime="0001-01-01T08:00:00.0000000+08:00" endTime="0001-01-01T08:00:00.0000000+08:00" testType="13cdc9d9-ddb5-4fa4-a97d-d965ccfc6d4b" outcome="NotExecuted" testListId="8c84fa94-04c1-424b-9868-57a2d4851a1d">
    </UnitTestResult>
    <UnitTestResult executionId="36044928-f6d2-4ff4-b642-ebdfdf0628ad" testId="f7de4c24-4ea6-df27-928b-108d3a46888b" testName="String_Char" computerName="MIKE-NOTEBOOK2" duration="00:00:00" startTime="0001-01-01T08:00:00.0000000+08:00" endTime="0001-01-01T08:00:00.0000000+08:00" testType="13cdc9d9-ddb5-4fa4-a97d-d965ccfc6d4b" outcome="NotExecuted" testListId="8c84fa94-04c1-424b-9868-57a2d4851a1d">
    </UnitTestResult>
    <UnitTestResult executionId="ffb288f7-2397-46f0-a6ba-377ac9b89fc2" testId="ee3ce67f-d338-6195-1840-af36e0ea566a" testName="DateTime_Add" computerName="MIKE-NOTEBOOK2" duration="00:00:00" startTime="0001-01-01T08:00:00.0000000+08:00" endTime="0001-01-01T08:00:00.0000000+08:00" testType="13cdc9d9-ddb5-4fa4-a97d-d965ccfc6d4b" outcome="NotExecuted" testListId="8c84fa94-04c1-424b-9868-57a2d4851a1d">
    </UnitTestResult>
    <UnitTestResult executionId="f77a6ff4-6076-4aee-8636-588675de37b2" testId="3e851022-4f21-be09-a7e3-c8491e9216f4" testName="DateTime_AddDays" computerName="MIKE-NOTEBOOK2" duration="00:00:00" startTime="0001-01-01T08:00:00.0000000+08:00" endTime="0001-01-01T08:00:00.0000000+08:00" testType="13cdc9d9-ddb5-4fa4-a97d-d965ccfc6d4b" outcome="NotExecuted" testListId="8c84fa94-04c1-424b-9868-57a2d4851a1d">
    </UnitTestResult>
    <UnitTestResult executionId="5bbfdcfd-fdee-4713-86d2-dde3db1c7ba2" testId="25aec589-20ec-6add-7988-245c110a27f1" testName="DateTime_AddHours" computerName="MIKE-NOTEBOOK2" duration="00:00:00" startTime="0001-01-01T08:00:00.0000000+08:00" endTime="0001-01-01T08:00:00.0000000+08:00" testType="13cdc9d9-ddb5-4fa4-a97d-d965ccfc6d4b" outcome="NotExecuted" testListId="8c84fa94-04c1-424b-9868-57a2d4851a1d">
    </UnitTestResult>
    <UnitTestResult executionId="4088073e-245e-4aef-b6c2-f366c34c9828" testId="ee6779b2-1643-9f6e-5ee8-7d1594a7ad0b" testName="DateTime_AddMinutes" computerName="MIKE-NOTEBOOK2" duration="00:00:00" startTime="0001-01-01T08:00:00.0000000+08:00" endTime="0001-01-01T08:00:00.0000000+08:00" testType="13cdc9d9-ddb5-4fa4-a97d-d965ccfc6d4b" outcome="NotExecuted" testListId="8c84fa94-04c1-424b-9868-57a2d4851a1d">
    </UnitTestResult>
    <UnitTestResult executionId="2766a4a7-2773-4a84-ab6d-9158c09b5ef5" testId="94746076-e8e4-ec09-575d-b3f569ea2b6d" testName="DateTime_AddMonths" computerName="MIKE-NOTEBOOK2" duration="00:00:00" startTime="0001-01-01T08:00:00.0000000+08:00" endTime="0001-01-01T08:00:00.0000000+08:00" testType="13cdc9d9-ddb5-4fa4-a97d-d965ccfc6d4b" outcome="NotExecuted" testListId="8c84fa94-04c1-424b-9868-57a2d4851a1d">
    </UnitTestResult>
    <UnitTestResult executionId="b15bc21f-8f30-4377-a01d-670aa8024834" testId="600c664a-2cde-b179-686d-08d5314754a7" testName="DateTime_AddSeconds" computerName="MIKE-NOTEBOOK2" duration="00:00:00" startTime="0001-01-01T08:00:00.0000000+08:00" endTime="0001-01-01T08:00:00.0000000+08:00" testType="13cdc9d9-ddb5-4fa4-a97d-d965ccfc6d4b" outcome="NotExecuted" testListId="8c84fa94-04c1-424b-9868-57a2d4851a1d">
    </UnitTestResult>
    <UnitTestResult executionId="0819d97d-9ed9-4e57-bd52-7d5bd4f12f74" testId="9ccd5a68-d56a-92ac-b564-4a0baa7b34a2" testName="DateTime_AddYears" computerName="MIKE-NOTEBOOK2" duration="00:00:00" startTime="0001-01-01T08:00:00.0000000+08:00" endTime="0001-01-01T08:00:00.0000000+08:00" testType="13cdc9d9-ddb5-4fa4-a97d-d965ccfc6d4b" outcome="NotExecuted" testListId="8c84fa94-04c1-424b-9868-57a2d4851a1d">
    </UnitTestResult>
    <UnitTestResult executionId="e6be789f-9255-425b-94d5-4a6920cb38fa" testId="c477b828-b3c8-36fa-dbd7-2a1b05405f7f" testName="DateTime_ToLoaclTime" computerName="MIKE-NOTEBOOK2" duration="00:00:00" startTime="0001-01-01T08:00:00.0000000+08:00" endTime="0001-01-01T08:00:00.0000000+08:00" testType="13cdc9d9-ddb5-4fa4-a97d-d965ccfc6d4b" outcome="NotExecuted" testListId="8c84fa94-04c1-424b-9868-57a2d4851a1d">
    </UnitTestResult>
    <UnitTestResult executionId="e79721fa-0129-4869-960f-dabda914259e" testId="f8d27003-495e-5f3d-cb51-67818237d98c" testName="DateTime_Subtract" computerName="MIKE-NOTEBOOK2" duration="00:00:00" startTime="0001-01-01T08:00:00.0000000+08:00" endTime="0001-01-01T08:00:00.0000000+08:00" testType="13cdc9d9-ddb5-4fa4-a97d-d965ccfc6d4b" outcome="NotExecuted" testListId="8c84fa94-04c1-424b-9868-57a2d4851a1d">
    </UnitTestResult>
    <UnitTestResult executionId="2f8de606-45df-4ed5-bdbf-bf5906ddd928" testId="7d7af1a5-770c-4231-c560-18e5c540ae84" testName="DateTime_Hour" computerName="MIKE-NOTEBOOK2" duration="00:00:00" startTime="0001-01-01T08:00:00.0000000+08:00" endTime="0001-01-01T08:00:00.0000000+08:00" testType="13cdc9d9-ddb5-4fa4-a97d-d965ccfc6d4b" outcome="NotExecuted" testListId="8c84fa94-04c1-424b-9868-57a2d4851a1d">
    </UnitTestResult>
    <UnitTestResult executionId="0958a889-76a7-41a8-9bee-290a4e8e9949" testId="085ae77d-32df-9f82-c8ba-57221726b5cd" testName="DateTime_Minute" computerName="MIKE-NOTEBOOK2" duration="00:00:00" startTime="0001-01-01T08:00:00.0000000+08:00" endTime="0001-01-01T08:00:00.0000000+08:00" testType="13cdc9d9-ddb5-4fa4-a97d-d965ccfc6d4b" outcome="NotExecuted" testListId="8c84fa94-04c1-424b-9868-57a2d4851a1d">
    </UnitTestResult>
    <UnitTestResult executionId="1581cf3b-c980-472e-8a43-e6aeaf8b2893" testId="b8912cc8-6bcf-577f-1f0f-ca196aa6d7cd" testName="DateTime_Second" computerName="MIKE-NOTEBOOK2" duration="00:00:00" startTime="0001-01-01T08:00:00.0000000+08:00" endTime="0001-01-01T08:00:00.0000000+08:00" testType="13cdc9d9-ddb5-4fa4-a97d-d965ccfc6d4b" outcome="NotExecuted" testListId="8c84fa94-04c1-424b-9868-57a2d4851a1d">
    </UnitTestResult>
    <UnitTestResult executionId="46ea15f7-9778-4524-a49a-1b471a42ea95" testId="4c6b95cc-9ab4-6902-1ba4-1a5da1ab02b1" testName="DateTime_DayOfWeek" computerName="MIKE-NOTEBOOK2" duration="00:00:00" startTime="0001-01-01T08:00:00.0000000+08:00" endTime="0001-01-01T08:00:00.0000000+08:00" testType="13cdc9d9-ddb5-4fa4-a97d-d965ccfc6d4b" outcome="NotExecuted" testListId="8c84fa94-04c1-424b-9868-57a2d4851a1d">
    </UnitTestResult>
    <UnitTestResult executionId="5bc4f1bc-0945-4f55-b107-d225557ead22" testId="d9654739-5a57-00fe-79e3-9bddbd1c537a" testName="DateTime_DayOfYear" computerName="MIKE-NOTEBOOK2" duration="00:00:00" startTime="0001-01-01T08:00:00.0000000+08:00" endTime="0001-01-01T08:00:00.0000000+08:00" testType="13cdc9d9-ddb5-4fa4-a97d-d965ccfc6d4b" outcome="NotExecuted" testListId="8c84fa94-04c1-424b-9868-57a2d4851a1d">
    </UnitTestResult>
    <UnitTestResult executionId="35f2f189-d0d2-4f9f-ac41-2eb79f5440c4" testId="540386df-7c59-b899-4f98-ddd54201c551" testName="DateTime_ToString" computerName="MIKE-NOTEBOOK2" duration="00:00:00" startTime="0001-01-01T08:00:00.0000000+08:00" endTime="0001-01-01T08:00:00.0000000+08:00" testType="13cdc9d9-ddb5-4fa4-a97d-d965ccfc6d4b" outcome="NotExecuted" testListId="8c84fa94-04c1-424b-9868-57a2d4851a1d">
    </UnitTestResult>
    <UnitTestResult executionId="2a6c1203-d166-46be-a546-8d14fa6da4cc" testId="3ac05101-5790-2e92-8772-370e7bdbd78a" testName="Convert_ToBoolean" computerName="MIKE-NOTEBOOK2" duration="00:00:00" startTime="0001-01-01T08:00:00.0000000+08:00" endTime="0001-01-01T08:00:00.0000000+08:00" testType="13cdc9d9-ddb5-4fa4-a97d-d965ccfc6d4b" outcome="NotExecuted" testListId="8c84fa94-04c1-424b-9868-57a2d4851a1d">
    </UnitTestResult>
    <UnitTestResult executionId="03757939-aebc-4303-8a5b-3f32abf60e22" testId="c5a6b8fe-0393-480c-cd3e-7ca41dd3b602" testName="Convert_ToByte" computerName="MIKE-NOTEBOOK2" duration="00:00:00" startTime="0001-01-01T08:00:00.0000000+08:00" endTime="0001-01-01T08:00:00.0000000+08:00" testType="13cdc9d9-ddb5-4fa4-a97d-d965ccfc6d4b" outcome="NotExecuted" testListId="8c84fa94-04c1-424b-9868-57a2d4851a1d">
    </UnitTestResult>
    <UnitTestResult executionId="cc052cb5-790f-4fe8-aca6-406d7e7c412c" testId="4f879db0-185c-fed3-2d46-3e5a8e9ef158" testName="Convert_ToInt32" computerName="MIKE-NOTEBOOK2" duration="00:00:00" startTime="0001-01-01T08:00:00.0000000+08:00" endTime="0001-01-01T08:00:00.0000000+08:00" testType="13cdc9d9-ddb5-4fa4-a97d-d965ccfc6d4b" outcome="NotExecuted" testListId="8c84fa94-04c1-424b-9868-57a2d4851a1d">
    </UnitTestResult>
    <UnitTestResult executionId="b26e5162-cdeb-4266-a2f0-8bad57903b24" testId="2de8a907-f94d-8dfa-7e28-6eeb18c53db8" testName="Convert_ToInt64" computerName="MIKE-NOTEBOOK2" duration="00:00:00" startTime="0001-01-01T08:00:00.0000000+08:00" endTime="0001-01-01T08:00:00.0000000+08:00" testType="13cdc9d9-ddb5-4fa4-a97d-d965ccfc6d4b" outcome="NotExecuted" testListId="8c84fa94-04c1-424b-9868-57a2d4851a1d">
    </UnitTestResult>
    <UnitTestResult executionId="41b6c6de-e026-4934-aa71-07694af894f8" testId="37a66edf-6b23-b769-c3dc-a1b76f52472c" testName="Convert_ToSByte" computerName="MIKE-NOTEBOOK2" duration="00:00:00" startTime="0001-01-01T08:00:00.0000000+08:00" endTime="0001-01-01T08:00:00.0000000+08:00" testType="13cdc9d9-ddb5-4fa4-a97d-d965ccfc6d4b" outcome="NotExecuted" testListId="8c84fa94-04c1-424b-9868-57a2d4851a1d">
    </UnitTestResult>
    <UnitTestResult executionId="d177dcd7-fd9e-4041-b5d0-fc46fb0a8379" testId="596ecc35-c64f-a77e-f393-0036d90bd3f7" testName="Convert_ToSingle" computerName="MIKE-NOTEBOOK2" duration="00:00:00" startTime="0001-01-01T08:00:00.0000000+08:00" endTime="0001-01-01T08:00:00.0000000+08:00" testType="13cdc9d9-ddb5-4fa4-a97d-d965ccfc6d4b" outcome="NotExecuted" testListId="8c84fa94-04c1-424b-9868-57a2d4851a1d">
    </UnitTestResult>
    <UnitTestResult executionId="7618fb2d-400d-4ef5-9777-d056484c240f" testId="c18508d1-ca8f-2940-2553-a5f9c239beed" testName="Convert_ToString" computerName="MIKE-NOTEBOOK2" duration="00:00:00" startTime="0001-01-01T08:00:00.0000000+08:00" endTime="0001-01-01T08:00:00.0000000+08:00" testType="13cdc9d9-ddb5-4fa4-a97d-d965ccfc6d4b" outcome="NotExecuted" testListId="8c84fa94-04c1-424b-9868-57a2d4851a1d">
    </UnitTestResult>
    <UnitTestResult executionId="9a8c0cd1-7109-4605-b361-0cfc51dd6c48" testId="ffba9852-8280-fe8e-a33f-c7b1e1c7dec2" testName="Convert_ToDateTime" computerName="MIKE-NOTEBOOK2" duration="00:00:00" startTime="0001-01-01T08:00:00.0000000+08:00" endTime="0001-01-01T08:00:00.0000000+08:00" testType="13cdc9d9-ddb5-4fa4-a97d-d965ccfc6d4b" outcome="NotExecuted" testListId="8c84fa94-04c1-424b-9868-57a2d4851a1d">
    </UnitTestResult>
    <UnitTestResult executionId="966482ad-1d1f-47ff-9604-b791ff9431f9" testId="93fc24f4-803c-41fe-c906-15eb5e608aae" testName="SqlMethod_Len" computerName="MIKE-NOTEBOOK2" duration="00:00:00" startTime="0001-01-01T08:00:00.0000000+08:00" endTime="0001-01-01T08:00:00.0000000+08:00" testType="13cdc9d9-ddb5-4fa4-a97d-d965ccfc6d4b" outcome="NotExecuted" testListId="8c84fa94-04c1-424b-9868-57a2d4851a1d">
    </UnitTestResult>
    <UnitTestResult executionId="ae37dce6-1a9c-4bf0-a8e1-8ca89cb106ff" testId="53167c48-021b-ef47-fa07-9346735c9ee5" testName="SqlMethod_Remote" computerName="MIKE-NOTEBOOK2" duration="00:00:00" startTime="0001-01-01T08:00:00.0000000+08:00" endTime="0001-01-01T08:00:00.0000000+08:00" testType="13cdc9d9-ddb5-4fa4-a97d-d965ccfc6d4b" outcome="NotExecuted" testListId="8c84fa94-04c1-424b-9868-57a2d4851a1d">
    </UnitTestResult>
    <UnitTestResult executionId="be8c44ca-faa6-4f4d-9493-c9751716326a" testId="ca255c48-6f25-9ca1-bdeb-cd70d3a7fc43" testName="CRUD_Update1" computerName="MIKE-NOTEBOOK2" duration="00:00:00" startTime="0001-01-01T08:00:00.0000000+08:00" endTime="0001-01-01T08:00:00.0000000+08:00" testType="13cdc9d9-ddb5-4fa4-a97d-d965ccfc6d4b" outcome="NotExecuted" testListId="8c84fa94-04c1-424b-9868-57a2d4851a1d">
    </UnitTestResult>
    <UnitTestResult executionId="b2172e35-a331-4f5d-a164-9bf16697feef" testId="ac3fdb62-1ed5-9a95-dc10-f64b8ad28e3a" testName="CRUD_Update2" computerName="MIKE-NOTEBOOK2" duration="00:00:00" startTime="0001-01-01T08:00:00.0000000+08:00" endTime="0001-01-01T08:00:00.0000000+08:00" testType="13cdc9d9-ddb5-4fa4-a97d-d965ccfc6d4b" outcome="NotExecuted" testListId="8c84fa94-04c1-424b-9868-57a2d4851a1d">
    </UnitTestResult>
    <UnitTestResult executionId="26242d20-e63b-4003-8dc5-ded9cddda569" testId="63e495da-fa56-f7a1-5bf9-43725d1ab8ea" testName="CRUD_Update3" computerName="MIKE-NOTEBOOK2" duration="00:00:00" startTime="0001-01-01T08:00:00.0000000+08:00" endTime="0001-01-01T08:00:00.0000000+08:00" testType="13cdc9d9-ddb5-4fa4-a97d-d965ccfc6d4b" outcome="NotExecuted" testListId="8c84fa94-04c1-424b-9868-57a2d4851a1d">
    </UnitTestResult>
    <UnitTestResult executionId="7c811f17-cec8-4d26-a607-98e990062985" testId="9feba22e-b4b5-4233-6cd0-947daeb5f337" testName="CRUD_Update4" computerName="MIKE-NOTEBOOK2" duration="00:00:00" startTime="0001-01-01T08:00:00.0000000+08:00" endTime="0001-01-01T08:00:00.0000000+08:00" testType="13cdc9d9-ddb5-4fa4-a97d-d965ccfc6d4b" outcome="NotExecuted" testListId="8c84fa94-04c1-424b-9868-57a2d4851a1d">
    </UnitTestResult>
    <UnitTestResult executionId="472840e1-44cd-4ebc-88e6-7aa49d389acf" testId="c42bffff-4475-1e19-e2ff-bb4443f9c1eb" testName="CRUD_Delete1" computerName="MIKE-NOTEBOOK2" duration="00:00:00" startTime="0001-01-01T08:00:00.0000000+08:00" endTime="0001-01-01T08:00:00.0000000+08:00" testType="13cdc9d9-ddb5-4fa4-a97d-d965ccfc6d4b" outcome="NotExecuted" testListId="8c84fa94-04c1-424b-9868-57a2d4851a1d">
    </UnitTestResult>
    <UnitTestResult executionId="872f128c-a7d9-447e-b2a9-21400468e33d" testId="fb2fd21d-8991-4a47-6a58-b4c907a22c57" testName="CRUD_Delete2" computerName="MIKE-NOTEBOOK2" duration="00:00:00" startTime="0001-01-01T08:00:00.0000000+08:00" endTime="0001-01-01T08:00:00.0000000+08:00" testType="13cdc9d9-ddb5-4fa4-a97d-d965ccfc6d4b" outcome="NotExecuted" testListId="8c84fa94-04c1-424b-9868-57a2d4851a1d">
    </UnitTestResult>
    <UnitTestResult executionId="8bcb0afa-10e8-432f-81e9-a55a78586b7d" testId="e0f048ac-fc5c-1aa7-f036-cd1daa4224fa" testName="CRUD_Insert1" computerName="MIKE-NOTEBOOK2" duration="00:00:00" startTime="0001-01-01T08:00:00.0000000+08:00" endTime="0001-01-01T08:00:00.0000000+08:00" testType="13cdc9d9-ddb5-4fa4-a97d-d965ccfc6d4b" outcome="NotExecuted" testListId="8c84fa94-04c1-424b-9868-57a2d4851a1d">
    </UnitTestResult>
    <UnitTestResult executionId="817b7a84-9590-46de-9b4b-cc61e3d96ae5" testId="9554967b-0ddc-3be5-9ba0-03bedf2c92c9" testName="CRUD_Insert2" computerName="MIKE-NOTEBOOK2" duration="00:00:00" startTime="0001-01-01T08:00:00.0000000+08:00" endTime="0001-01-01T08:00:00.0000000+08:00" testType="13cdc9d9-ddb5-4fa4-a97d-d965ccfc6d4b" outcome="NotExecuted" testListId="8c84fa94-04c1-424b-9868-57a2d4851a1d">
    </UnitTestResult>
    <UnitTestResult executionId="52d8c4af-b336-4e1c-837a-873f0ab9ae1f" testId="f22986df-b2d1-622c-7014-e68f1d2fc38e" testName="String_NullSelect" computerName="MIKE-NOTEBOOK2" duration="00:00:00" startTime="0001-01-01T08:00:00.0000000+08:00" endTime="0001-01-01T08:00:00.0000000+08:00" testType="13cdc9d9-ddb5-4fa4-a97d-d965ccfc6d4b" outcome="NotExecuted" testListId="8c84fa94-04c1-424b-9868-57a2d4851a1d">
    </UnitTestResult>
    <UnitTestResult executionId="efda59ca-02cb-4f88-8d0c-d32baf8b2448" testId="ec2619e5-76d9-a622-97e2-bece972a606a" testName="IfEqualTest" computerName="MIKE-NOTEBOOK2" duration="00:00:00" startTime="0001-01-01T08:00:00.0000000+08:00" endTime="0001-01-01T08:00:00.0000000+08:00" testType="13cdc9d9-ddb5-4fa4-a97d-d965ccfc6d4b" outcome="NotExecuted" testListId="8c84fa94-04c1-424b-9868-57a2d4851a1d">
    </UnitTestResult>
    <UnitTestResult executionId="eb8c625b-08aa-4723-b17b-7fbad302493d" testId="38424df7-3eb8-606b-4096-38600ae8f0bf" testName="CreateTale" computerName="MIKE-NOTEBOOK2" duration="00:00:00" startTime="0001-01-01T08:00:00.0000000+08:00" endTime="0001-01-01T08:00:00.0000000+08:00" testType="13cdc9d9-ddb5-4fa4-a97d-d965ccfc6d4b" outcome="NotExecuted" testListId="8c84fa94-04c1-424b-9868-57a2d4851a1d">
    </UnitTestResult>
    <UnitTestResult executionId="92989622-1a6c-4aef-a159-b14c3b932b0b" testId="4d02b785-bcb9-e31a-c07a-90250ffe64ca" testName="DeleteTable" computerName="MIKE-NOTEBOOK2" duration="00:00:00" startTime="0001-01-01T08:00:00.0000000+08:00" endTime="0001-01-01T08:00:00.0000000+08:00" testType="13cdc9d9-ddb5-4fa4-a97d-d965ccfc6d4b" outcome="NotExecuted" testListId="8c84fa94-04c1-424b-9868-57a2d4851a1d">
    </UnitTestResult>
    <UnitTestResult executionId="fdc64276-413d-4efb-ad6b-ed1c1b5c2722" testId="c226cf7d-cd18-4e12-2c32-8bc46eee2b05" testName="TableExists" computerName="MIKE-NOTEBOOK2" duration="00:00:00" startTime="0001-01-01T08:00:00.0000000+08:00" endTime="0001-01-01T08:00:00.0000000+08:00" testType="13cdc9d9-ddb5-4fa4-a97d-d965ccfc6d4b" outcome="NotExecuted" testListId="8c84fa94-04c1-424b-9868-57a2d4851a1d">
    </UnitTestResult>
    <UnitTestResult executionId="16658878-aae1-42cc-bec4-504177953f67" testId="5f9fd9ae-5a9b-505b-329a-f1cab9851e0e" testName="LongCount" computerName="MIKE-NOTEBOOK2" duration="00:00:00" startTime="0001-01-01T08:00:00.0000000+08:00" endTime="0001-01-01T08:00:00.0000000+08:00" testType="13cdc9d9-ddb5-4fa4-a97d-d965ccfc6d4b" outcome="NotExecuted" testListId="8c84fa94-04c1-424b-9868-57a2d4851a1d">
    </UnitTestResult>
    <UnitTestResult executionId="ab52c073-cabe-4e1e-a0fa-42c99aa00862" testId="7af9b436-fe89-237d-0e13-33156e633acf" testName="Command" computerName="MIKE-NOTEBOOK2" duration="00:00:00" startTime="0001-01-01T08:00:00.0000000+08:00" endTime="0001-01-01T08:00:00.0000000+08:00" testType="13cdc9d9-ddb5-4fa4-a97d-d965ccfc6d4b" outcome="NotExecuted" testListId="8c84fa94-04c1-424b-9868-57a2d4851a1d">
    </UnitTestResult>
    <UnitTestResult executionId="f587296d-915b-4323-a041-81fe09c19d29" testId="78701cb5-9bfa-3749-32c1-87baeb4dfd08" testName="DataType_Guid" computerName="MIKE-NOTEBOOK2" duration="00:00:00" startTime="0001-01-01T08:00:00.0000000+08:00" endTime="0001-01-01T08:00:00.0000000+08:00" testType="13cdc9d9-ddb5-4fa4-a97d-d965ccfc6d4b" outcome="NotExecuted" testListId="8c84fa94-04c1-424b-9868-57a2d4851a1d">
    </UnitTestResult>
    <UnitTestResult executionId="bd5e4e9b-4dd4-4086-9f68-3384bf087a74" testId="f1390109-2a52-9dec-3310-fdf6a2d696f3" testName="DataType_Int64" computerName="MIKE-NOTEBOOK2" duration="00:00:00" startTime="0001-01-01T08:00:00.0000000+08:00" endTime="0001-01-01T08:00:00.0000000+08:00" testType="13cdc9d9-ddb5-4fa4-a97d-d965ccfc6d4b" outcome="NotExecuted" testListId="8c84fa94-04c1-424b-9868-57a2d4851a1d">
    </UnitTestResult>
    <UnitTestResult executionId="37d8861b-45d5-4237-856d-263696bade92" testId="de9e45ca-bdf5-a433-b3f7-33fd896b4457" testName="DataType_UInt64" computerName="MIKE-NOTEBOOK2" duration="00:00:00" startTime="0001-01-01T08:00:00.0000000+08:00" endTime="0001-01-01T08:00:00.0000000+08:00" testType="13cdc9d9-ddb5-4fa4-a97d-d965ccfc6d4b" outcome="NotExecuted" testListId="8c84fa94-04c1-424b-9868-57a2d4851a1d">
    </UnitTestResult>
    <UnitTestResult executionId="9d095c6d-0d3e-4e4f-926d-05f5892d4197" testId="f3b43593-f8a7-1c14-fbb0-1ade3b704bd3" testName="DataType_Enum" computerName="MIKE-NOTEBOOK2" duration="00:00:00" startTime="0001-01-01T08:00:00.0000000+08:00" endTime="0001-01-01T08:00:00.0000000+08:00" testType="13cdc9d9-ddb5-4fa4-a97d-d965ccfc6d4b" outcome="NotExecuted" testListId="8c84fa94-04c1-424b-9868-57a2d4851a1d">
    </UnitTestResult>
    <UnitTestResult executionId="e1e1297d-e863-493d-b33e-92dae325342c" testId="9f7c2073-7820-c541-d4c2-73f8c0ac1e37" testName="DataType_Char" computerName="MIKE-NOTEBOOK2" duration="00:00:00" startTime="0001-01-01T08:00:00.0000000+08:00" endTime="0001-01-01T08:00:00.0000000+08:00" testType="13cdc9d9-ddb5-4fa4-a97d-d965ccfc6d4b" outcome="NotExecuted" testListId="8c84fa94-04c1-424b-9868-57a2d4851a1d">
    </UnitTestResult>
    <UnitTestResult executionId="7bdb1db4-285d-4bb7-b90d-8c45e4b26c7e" testId="4154ca25-0bfb-1447-8fcf-06384cfc825d" testName="DataType_XDocument" computerName="MIKE-NOTEBOOK2" duration="00:00:00" startTime="0001-01-01T08:00:00.0000000+08:00" endTime="0001-01-01T08:00:00.0000000+08:00" testType="13cdc9d9-ddb5-4fa4-a97d-d965ccfc6d4b" outcome="NotExecuted" testListId="8c84fa94-04c1-424b-9868-57a2d4851a1d">
    </UnitTestResult>
    <UnitTestResult executionId="d785b649-9776-4ad9-8496-34bc5d1a5e84" testId="e19f9c13-3be9-ea95-e214-b9dce569e915" testName="DataType_XElement" computerName="MIKE-NOTEBOOK2" duration="00:00:00" startTime="0001-01-01T08:00:00.0000000+08:00" endTime="0001-01-01T08:00:00.0000000+08:00" testType="13cdc9d9-ddb5-4fa4-a97d-d965ccfc6d4b" outcome="NotExecuted" testListId="8c84fa94-04c1-424b-9868-57a2d4851a1d">
    </UnitTestResult>
    <UnitTestResult executionId="6dd8b97b-b5b6-4a2c-836e-c79f31059013" testId="182b7a42-6971-a3dc-53ba-6eef10e189fb" testName="Where_Simple1" computerName="MIKE-NOTEBOOK2" duration="00:00:00" startTime="0001-01-01T08:00:00.0000000+08:00" endTime="0001-01-01T08:00:00.0000000+08:00" testType="13cdc9d9-ddb5-4fa4-a97d-d965ccfc6d4b" outcome="NotExecuted" testListId="8c84fa94-04c1-424b-9868-57a2d4851a1d">
    </UnitTestResult>
    <UnitTestResult executionId="aa0b6d12-07dd-46e4-a68c-0bda821cf223" testId="139007b3-3900-22e4-9051-1d74fc18708a" testName="Where_Simple2" computerName="MIKE-NOTEBOOK2" duration="00:00:00" startTime="0001-01-01T08:00:00.0000000+08:00" endTime="0001-01-01T08:00:00.0000000+08:00" testType="13cdc9d9-ddb5-4fa4-a97d-d965ccfc6d4b" outcome="NotExecuted" testListId="8c84fa94-04c1-424b-9868-57a2d4851a1d">
    </UnitTestResult>
    <UnitTestResult executionId="c5e8f7ec-5f52-4bae-9992-ca5422e10a33" testId="de70a741-e3a9-3265-edde-ed0c63547edf" testName="Where_Simple3" computerName="MIKE-NOTEBOOK2" duration="00:00:00" startTime="0001-01-01T08:00:00.0000000+08:00" endTime="0001-01-01T08:00:00.0000000+08:00" testType="13cdc9d9-ddb5-4fa4-a97d-d965ccfc6d4b" outcome="NotExecuted" testListId="8c84fa94-04c1-424b-9868-57a2d4851a1d">
    </UnitTestResult>
    <UnitTestResult executionId="c1042927-0dea-44bb-a0e9-fea03aae9daf" testId="3a891bf1-e9ae-3c1d-df31-d5abc8487b12" testName="Where_Simple4" computerName="MIKE-NOTEBOOK2" duration="00:00:00" startTime="0001-01-01T08:00:00.0000000+08:00" endTime="0001-01-01T08:00:00.0000000+08:00" testType="13cdc9d9-ddb5-4fa4-a97d-d965ccfc6d4b" outcome="NotExecuted" testListId="8c84fa94-04c1-424b-9868-57a2d4851a1d">
    </UnitTestResult>
    <UnitTestResult executionId="c8819ee1-62e3-4e93-88df-1df76286ca6f" testId="bc7aa3bf-43a0-2a7f-9817-423692077b14" testName="Where_Drilldown" computerName="MIKE-NOTEBOOK2" duration="00:00:00" startTime="0001-01-01T08:00:00.0000000+08:00" endTime="0001-01-01T08:00:00.0000000+08:00" testType="13cdc9d9-ddb5-4fa4-a97d-d965ccfc6d4b" outcome="NotExecuted" testListId="8c84fa94-04c1-424b-9868-57a2d4851a1d">
    </UnitTestResult>
    <UnitTestResult executionId="b326a470-296c-4094-bab3-354385ce2380" testId="f2f14615-d3b9-d372-0677-8bdcbd770db1" testName="First" computerName="MIKE-NOTEBOOK2" duration="00:00:00" startTime="0001-01-01T08:00:00.0000000+08:00" endTime="0001-01-01T08:00:00.0000000+08:00" testType="13cdc9d9-ddb5-4fa4-a97d-d965ccfc6d4b" outcome="NotExecuted" testListId="8c84fa94-04c1-424b-9868-57a2d4851a1d">
    </UnitTestResult>
    <UnitTestResult executionId="d647d8f5-460e-4453-baa2-6373ded1456b" testId="9da0e899-2697-befb-cf06-8b0f58c18cdb" testName="FirstOrDefault" computerName="MIKE-NOTEBOOK2" duration="00:00:00" startTime="0001-01-01T08:00:00.0000000+08:00" endTime="0001-01-01T08:00:00.0000000+08:00" testType="13cdc9d9-ddb5-4fa4-a97d-d965ccfc6d4b" outcome="NotExecuted" testListId="8c84fa94-04c1-424b-9868-57a2d4851a1d">
    </UnitTestResult>
    <UnitTestResult executionId="582cd90e-88e7-4c28-be39-84fe5d641a1c" testId="3519bd36-d017-bfe3-b14c-76f7482cb2ee" testName="SingleOrDefault" computerName="MIKE-NOTEBOOK2" duration="00:00:00" startTime="0001-01-01T08:00:00.0000000+08:00" endTime="0001-01-01T08:00:00.0000000+08:00" testType="13cdc9d9-ddb5-4fa4-a97d-d965ccfc6d4b" outcome="NotExecuted" testListId="8c84fa94-04c1-424b-9868-57a2d4851a1d">
    </UnitTestResult>
    <UnitTestResult executionId="a2fb6d4b-ab08-450d-92cc-4acce8e26a30" testId="a21d3fed-a897-860f-1a50-91278822ec8c" testName="Single" computerName="MIKE-NOTEBOOK2" duration="00:00:00" startTime="0001-01-01T08:00:00.0000000+08:00" endTime="0001-01-01T08:00:00.0000000+08:00" testType="13cdc9d9-ddb5-4fa4-a97d-d965ccfc6d4b" outcome="NotExecuted" testListId="8c84fa94-04c1-424b-9868-57a2d4851a1d">
    </UnitTestResult>
    <UnitTestResult executionId="8893eede-bbf7-4500-8d51-9384e01e4060" testId="606937e5-6c33-04ce-e794-55f0269a1d21" testName="Select_Simple" computerName="MIKE-NOTEBOOK2" duration="00:00:00" startTime="0001-01-01T08:00:00.0000000+08:00" endTime="0001-01-01T08:00:00.0000000+08:00" testType="13cdc9d9-ddb5-4fa4-a97d-d965ccfc6d4b" outcome="NotExecuted" testListId="8c84fa94-04c1-424b-9868-57a2d4851a1d">
    </UnitTestResult>
    <UnitTestResult executionId="15c6bf49-0d6e-434b-b75d-8098ac56210a" testId="b361baeb-767e-7043-0844-82d6dcc37366" testName="Select_SpecialType" computerName="MIKE-NOTEBOOK2" duration="00:00:00" startTime="0001-01-01T08:00:00.0000000+08:00" endTime="0001-01-01T08:00:00.0000000+08:00" testType="13cdc9d9-ddb5-4fa4-a97d-d965ccfc6d4b" outcome="NotExecuted" testListId="8c84fa94-04c1-424b-9868-57a2d4851a1d">
    </UnitTestResult>
    <UnitTestResult executionId="9374c406-e357-4ceb-96cd-b9eda7ed57af" testId="126291a1-4670-6e31-6b11-f320777e5d66" testName="Select_AnonymousType" computerName="MIKE-NOTEBOOK2" duration="00:00:00" startTime="0001-01-01T08:00:00.0000000+08:00" endTime="0001-01-01T08:00:00.0000000+08:00" testType="13cdc9d9-ddb5-4fa4-a97d-d965ccfc6d4b" outcome="NotExecuted" testListId="8c84fa94-04c1-424b-9868-57a2d4851a1d">
    </UnitTestResult>
    <UnitTestResult executionId="46fb76ad-ee05-481a-a139-2e61faf1324c" testId="b2bb6fbf-9b36-e99b-7d27-9dd426486809" testName="Select_LocalMethodCall" computerName="MIKE-NOTEBOOK2" duration="00:00:00" startTime="0001-01-01T08:00:00.0000000+08:00" endTime="0001-01-01T08:00:00.0000000+08:00" testType="13cdc9d9-ddb5-4fa4-a97d-d965ccfc6d4b" outcome="NotExecuted" testListId="8c84fa94-04c1-424b-9868-57a2d4851a1d">
    </UnitTestResult>
    <UnitTestResult executionId="e33e1483-e6b2-4120-aade-0795a2a9b115" testId="9d1853ce-1291-e824-5119-2e151b29b7a3" testName="SelectMany_MultipleFrom" computerName="MIKE-NOTEBOOK2" duration="00:00:00" startTime="0001-01-01T08:00:00.0000000+08:00" endTime="0001-01-01T08:00:00.0000000+08:00" testType="13cdc9d9-ddb5-4fa4-a97d-d965ccfc6d4b" outcome="NotExecuted" testListId="8c84fa94-04c1-424b-9868-57a2d4851a1d">
    </UnitTestResult>
    <UnitTestResult executionId="7a345f33-a969-45db-aab2-16de2bd229c4" testId="77306551-dd12-1507-2916-71f557f748aa" testName="Select_Condition" computerName="MIKE-NOTEBOOK2" duration="00:00:00" startTime="0001-01-01T08:00:00.0000000+08:00" endTime="0001-01-01T08:00:00.0000000+08:00" testType="13cdc9d9-ddb5-4fa4-a97d-d965ccfc6d4b" outcome="NotExecuted" testListId="8c84fa94-04c1-424b-9868-57a2d4851a1d">
    </UnitTestResult>
    <UnitTestResult executionId="36bd9ebb-f812-4016-9ed1-a6b19cde751b" testId="f8e0cdf9-2717-3b93-4537-3351fc585a51" testName="Distinct1" computerName="MIKE-NOTEBOOK2" duration="00:00:00" startTime="0001-01-01T08:00:00.0000000+08:00" endTime="0001-01-01T08:00:00.0000000+08:00" testType="13cdc9d9-ddb5-4fa4-a97d-d965ccfc6d4b" outcome="NotExecuted" testListId="8c84fa94-04c1-424b-9868-57a2d4851a1d">
    </UnitTestResult>
    <UnitTestResult executionId="7c797e09-2d7d-4df8-aaca-32a36d7fcee7" testId="dbb8524d-c28e-8b5b-be8a-6a96ec2fe31f" testName="Distinct2" computerName="MIKE-NOTEBOOK2" duration="00:00:00" startTime="0001-01-01T08:00:00.0000000+08:00" endTime="0001-01-01T08:00:00.0000000+08:00" testType="13cdc9d9-ddb5-4fa4-a97d-d965ccfc6d4b" outcome="NotExecuted" testListId="8c84fa94-04c1-424b-9868-57a2d4851a1d">
    </UnitTestResult>
    <UnitTestResult executionId="3ee87019-e138-4421-acee-731a631599ac" testId="198e9b0d-f013-f5d1-fcbe-2b5b433aa0a8" testName="Union" computerName="MIKE-NOTEBOOK2" duration="00:00:00" startTime="0001-01-01T08:00:00.0000000+08:00" endTime="0001-01-01T08:00:00.0000000+08:00" testType="13cdc9d9-ddb5-4fa4-a97d-d965ccfc6d4b" outcome="NotExecuted" testListId="8c84fa94-04c1-424b-9868-57a2d4851a1d">
    </UnitTestResult>
    <UnitTestResult executionId="383c36d6-292f-4184-8fa2-ed984c2ba244" testId="241fdc1c-07cb-ab7b-5399-832a70a5c577" testName="Intersect" computerName="MIKE-NOTEBOOK2" duration="00:00:00" startTime="0001-01-01T08:00:00.0000000+08:00" endTime="0001-01-01T08:00:00.0000000+08:00" testType="13cdc9d9-ddb5-4fa4-a97d-d965ccfc6d4b" outcome="NotExecuted" testListId="8c84fa94-04c1-424b-9868-57a2d4851a1d">
    </UnitTestResult>
    <UnitTestResult executionId="daf6e592-f536-4172-997d-40ca56cc9a14" testId="92b046af-8f04-7955-0fd4-c096c37e7dd8" testName="Except" computerName="MIKE-NOTEBOOK2" duration="00:00:00" startTime="0001-01-01T08:00:00.0000000+08:00" endTime="0001-01-01T08:00:00.0000000+08:00" testType="13cdc9d9-ddb5-4fa4-a97d-d965ccfc6d4b" outcome="NotExecuted" testListId="8c84fa94-04c1-424b-9868-57a2d4851a1d">
    </UnitTestResult>
    <UnitTestResult executionId="81029b0a-ad97-4617-98ce-d23f87b8047d" testId="b5e71f96-0f63-61fd-98e2-151aec3fbbf1" testName="Take_Simple" computerName="MIKE-NOTEBOOK2" duration="00:00:00" startTime="0001-01-01T08:00:00.0000000+08:00" endTime="0001-01-01T08:00:00.0000000+08:00" testType="13cdc9d9-ddb5-4fa4-a97d-d965ccfc6d4b" outcome="NotExecuted" testListId="8c84fa94-04c1-424b-9868-57a2d4851a1d">
    </UnitTestResult>
    <UnitTestResult executionId="8073e530-8da0-4020-a2d3-70c457f3ebc6" testId="1ffbfd74-579c-143b-1dd0-fd51100e0077" testName="Take_Nested" computerName="MIKE-NOTEBOOK2" duration="00:00:00" startTime="0001-01-01T08:00:00.0000000+08:00" endTime="0001-01-01T08:00:00.0000000+08:00" testType="13cdc9d9-ddb5-4fa4-a97d-d965ccfc6d4b" outcome="NotExecuted" testListId="8c84fa94-04c1-424b-9868-57a2d4851a1d">
    </UnitTestResult>
    <UnitTestResult executionId="104d3814-dbe8-418c-8cc7-f3f735cab725" testId="f88eaaf6-5791-4710-eb59-75448d940c01" testName="Skip_Simple" computerName="MIKE-NOTEBOOK2" duration="00:00:00" startTime="0001-01-01T08:00:00.0000000+08:00" endTime="0001-01-01T08:00:00.0000000+08:00" testType="13cdc9d9-ddb5-4fa4-a97d-d965ccfc6d4b" outcome="NotExecuted" testListId="8c84fa94-04c1-424b-9868-57a2d4851a1d">
    </UnitTestResult>
    <UnitTestResult executionId="e93a0590-8f18-421b-86e2-4bcf6eb7ffe7" testId="2d1d3144-6e2c-24cc-ba16-12fc8a00aae0" testName="Skip_Nested" computerName="MIKE-NOTEBOOK2" duration="00:00:00" startTime="0001-01-01T08:00:00.0000000+08:00" endTime="0001-01-01T08:00:00.0000000+08:00" testType="13cdc9d9-ddb5-4fa4-a97d-d965ccfc6d4b" outcome="NotExecuted" testListId="8c84fa94-04c1-424b-9868-57a2d4851a1d">
    </UnitTestResult>
    <UnitTestResult executionId="de064f2d-97e5-4871-859f-9bb5281f4328" testId="0c89856b-aa38-21dd-c746-24a28989592a" testName="Skip_Take" computerName="MIKE-NOTEBOOK2" duration="00:00:00" startTime="0001-01-01T08:00:00.0000000+08:00" endTime="0001-01-01T08:00:00.0000000+08:00" testType="13cdc9d9-ddb5-4fa4-a97d-d965ccfc6d4b" outcome="NotExecuted" testListId="8c84fa94-04c1-424b-9868-57a2d4851a1d">
    </UnitTestResult>
    <UnitTestResult executionId="7c3de188-805b-4c0c-a4b6-02d21e6c5572" testId="14aad7a0-24ef-1f06-a64f-1d557309c987" testName="Count_Simple" computerName="MIKE-NOTEBOOK2" duration="00:00:00" startTime="0001-01-01T08:00:00.0000000+08:00" endTime="0001-01-01T08:00:00.0000000+08:00" testType="13cdc9d9-ddb5-4fa4-a97d-d965ccfc6d4b" outcome="NotExecuted" testListId="8c84fa94-04c1-424b-9868-57a2d4851a1d">
    </UnitTestResult>
    <UnitTestResult executionId="31784d77-cdd6-4719-8a9f-f1e81235853d" testId="65934bfb-1d9c-4336-35c0-3fd642687347" testName="Count_Conditional" computerName="MIKE-NOTEBOOK2" duration="00:00:00" startTime="0001-01-01T08:00:00.0000000+08:00" endTime="0001-01-01T08:00:00.0000000+08:00" testType="13cdc9d9-ddb5-4fa4-a97d-d965ccfc6d4b" outcome="NotExecuted" testListId="8c84fa94-04c1-424b-9868-57a2d4851a1d">
    </UnitTestResult>
    <UnitTestResult executionId="f5fe299b-6909-400a-b977-39d658a8f776" testId="f9725a43-88cd-279a-c62b-c3de507422e4" testName="Count_Empty" computerName="MIKE-NOTEBOOK2" duration="00:00:00" startTime="0001-01-01T08:00:00.0000000+08:00" endTime="0001-01-01T08:00:00.0000000+08:00" testType="13cdc9d9-ddb5-4fa4-a97d-d965ccfc6d4b" outcome="NotExecuted" testListId="8c84fa94-04c1-424b-9868-57a2d4851a1d">
    </UnitTestResult>
    <UnitTestResult executionId="bf963d47-26d3-4e80-92c0-27cdd70ba1ce" testId="a7c0b37a-da58-5664-478a-1ea215bedb75" testName="Count_Nested" computerName="MIKE-NOTEBOOK2" duration="00:00:00" startTime="0001-01-01T08:00:00.0000000+08:00" endTime="0001-01-01T08:00:00.0000000+08:00" testType="13cdc9d9-ddb5-4fa4-a97d-d965ccfc6d4b" outcome="NotExecuted" testListId="8c84fa94-04c1-424b-9868-57a2d4851a1d">
    </UnitTestResult>
    <UnitTestResult executionId="b2c7fc18-3c83-4b2f-aa24-ec47d2de3e01" testId="75112699-e58b-510e-e661-b171edcbe509" testName="Count_Grouped" computerName="MIKE-NOTEBOOK2" duration="00:00:00" startTime="0001-01-01T08:00:00.0000000+08:00" endTime="0001-01-01T08:00:00.0000000+08:00" testType="13cdc9d9-ddb5-4fa4-a97d-d965ccfc6d4b" outcome="NotExecuted" testListId="8c84fa94-04c1-424b-9868-57a2d4851a1d">
    </UnitTestResult>
    <UnitTestResult executionId="9128e93a-bbbf-4236-8f17-d6992de37e02" testId="23db4f7b-8a47-fbae-35a1-e7ed2a0fb5ae" testName="Sum_Simple" computerName="MIKE-NOTEBOOK2" duration="00:00:00" startTime="0001-01-01T08:00:00.0000000+08:00" endTime="0001-01-01T08:00:00.0000000+08:00" testType="13cdc9d9-ddb5-4fa4-a97d-d965ccfc6d4b" outcome="NotExecuted" testListId="8c84fa94-04c1-424b-9868-57a2d4851a1d">
    </UnitTestResult>
    <UnitTestResult executionId="5f791b12-1b22-4fce-8a81-1e44c070c30a" testId="da7ffffb-8382-22c8-246d-8d8033e0b4b4" testName="Sum_Empty" computerName="MIKE-NOTEBOOK2" duration="00:00:00" startTime="0001-01-01T08:00:00.0000000+08:00" endTime="0001-01-01T08:00:00.0000000+08:00" testType="13cdc9d9-ddb5-4fa4-a97d-d965ccfc6d4b" outcome="NotExecuted" testListId="8c84fa94-04c1-424b-9868-57a2d4851a1d">
    </UnitTestResult>
    <UnitTestResult executionId="e4e1f810-a55b-4e4f-95a5-04313b0f13aa" testId="06ee5cb4-7526-61f3-a139-61b3249ddb09" testName="Sum_Projection" computerName="MIKE-NOTEBOOK2" duration="00:00:00" startTime="0001-01-01T08:00:00.0000000+08:00" endTime="0001-01-01T08:00:00.0000000+08:00" testType="13cdc9d9-ddb5-4fa4-a97d-d965ccfc6d4b" outcome="NotExecuted" testListId="8c84fa94-04c1-424b-9868-57a2d4851a1d">
    </UnitTestResult>
    <UnitTestResult executionId="94185183-3ed0-4036-8a0f-9d4c7b690106" testId="3f564721-e3a2-1efc-35c5-ef8bdced5cf6" testName="Sum_Grouped" computerName="MIKE-NOTEBOOK2" duration="00:00:00" startTime="0001-01-01T08:00:00.0000000+08:00" endTime="0001-01-01T08:00:00.0000000+08:00" testType="13cdc9d9-ddb5-4fa4-a97d-d965ccfc6d4b" outcome="NotExecuted" testListId="8c84fa94-04c1-424b-9868-57a2d4851a1d">
    </UnitTestResult>
    <UnitTestResult executionId="ededcf64-7391-478d-835f-6b992368e9cc" testId="24c8152e-6d0f-f718-f425-cb9faf8ed6e2" testName="Min_Simple" computerName="MIKE-NOTEBOOK2" duration="00:00:00" startTime="0001-01-01T08:00:00.0000000+08:00" endTime="0001-01-01T08:00:00.0000000+08:00" testType="13cdc9d9-ddb5-4fa4-a97d-d965ccfc6d4b" outcome="NotExecuted" testListId="8c84fa94-04c1-424b-9868-57a2d4851a1d">
    </UnitTestResult>
    <UnitTestResult executionId="bb672bbe-0b0d-4af4-875e-1b460fe1b889" testId="73712f82-89d0-809c-536e-e6c7920ffe5d" testName="Min_Projection" computerName="MIKE-NOTEBOOK2" duration="00:00:00" startTime="0001-01-01T08:00:00.0000000+08:00" endTime="0001-01-01T08:00:00.0000000+08:00" testType="13cdc9d9-ddb5-4fa4-a97d-d965ccfc6d4b" outcome="NotExecuted" testListId="8c84fa94-04c1-424b-9868-57a2d4851a1d">
    </UnitTestResult>
    <UnitTestResult executionId="acb7adc3-f6d0-4db6-b1e9-b5dfb10839f2" testId="ef978af5-50b8-7113-0bdb-25ad803d6359" testName="Min_Elements" computerName="MIKE-NOTEBOOK2" duration="00:00:00" startTime="0001-01-01T08:00:00.0000000+08:00" endTime="0001-01-01T08:00:00.0000000+08:00" testType="13cdc9d9-ddb5-4fa4-a97d-d965ccfc6d4b" outcome="NotExecuted" testListId="8c84fa94-04c1-424b-9868-57a2d4851a1d">
    </UnitTestResult>
    <UnitTestResult executionId="97ecf393-839c-40aa-ad0f-48c1c6e0a227" testId="a54c182e-09cd-295a-8f0b-9af42363e7df" testName="Min_Grouped" computerName="MIKE-NOTEBOOK2" duration="00:00:00" startTime="0001-01-01T08:00:00.0000000+08:00" endTime="0001-01-01T08:00:00.0000000+08:00" testType="13cdc9d9-ddb5-4fa4-a97d-d965ccfc6d4b" outcome="NotExecuted" testListId="8c84fa94-04c1-424b-9868-57a2d4851a1d">
    </UnitTestResult>
    <UnitTestResult executionId="13603125-243d-4fb9-a59f-15d5047d0930" testId="58aaf89d-9322-6c61-8e89-7749f2d39fa0" testName="Max_Simple" computerName="MIKE-NOTEBOOK2" duration="00:00:00" startTime="0001-01-01T08:00:00.0000000+08:00" endTime="0001-01-01T08:00:00.0000000+08:00" testType="13cdc9d9-ddb5-4fa4-a97d-d965ccfc6d4b" outcome="NotExecuted" testListId="8c84fa94-04c1-424b-9868-57a2d4851a1d">
    </UnitTestResult>
    <UnitTestResult executionId="0b513e10-6e7a-42d8-8b15-07a322e4ae5e" testId="7d12f57e-56c4-8f17-8ce2-73bc8a8fe7a3" testName="Max_Projection" computerName="MIKE-NOTEBOOK2" duration="00:00:00" startTime="0001-01-01T08:00:00.0000000+08:00" endTime="0001-01-01T08:00:00.0000000+08:00" testType="13cdc9d9-ddb5-4fa4-a97d-d965ccfc6d4b" outcome="NotExecuted" testListId="8c84fa94-04c1-424b-9868-57a2d4851a1d">
    </UnitTestResult>
    <UnitTestResult executionId="91bfcaaa-c12f-4285-b53a-0d6bd58399af" testId="a0af8bc9-9249-0f98-d8f6-bf7e689b8521" testName="Max_Elements" computerName="MIKE-NOTEBOOK2" duration="00:00:00" startTime="0001-01-01T08:00:00.0000000+08:00" endTime="0001-01-01T08:00:00.0000000+08:00" testType="13cdc9d9-ddb5-4fa4-a97d-d965ccfc6d4b" outcome="NotExecuted" testListId="8c84fa94-04c1-424b-9868-57a2d4851a1d">
    </UnitTestResult>
    <UnitTestResult executionId="11f1e185-b34a-45e8-b43d-0938325a691d" testId="3ee3eed1-4444-25c8-7cf0-af5ab3760de5" testName="Max_Grouped" computerName="MIKE-NOTEBOOK2" duration="00:00:00" startTime="0001-01-01T08:00:00.0000000+08:00" endTime="0001-01-01T08:00:00.0000000+08:00" testType="13cdc9d9-ddb5-4fa4-a97d-d965ccfc6d4b" outcome="NotExecuted" testListId="8c84fa94-04c1-424b-9868-57a2d4851a1d">
    </UnitTestResult>
    <UnitTestResult executionId="91ec5b12-a2c1-453a-bfd6-5bfb37fc6ea2" testId="b50f2a94-e900-31ef-bcd9-52d42063c1d7" testName="Avg_Simple" computerName="MIKE-NOTEBOOK2" duration="00:00:00" startTime="0001-01-01T08:00:00.0000000+08:00" endTime="0001-01-01T08:00:00.0000000+08:00" testType="13cdc9d9-ddb5-4fa4-a97d-d965ccfc6d4b" outcome="NotExecuted" testListId="8c84fa94-04c1-424b-9868-57a2d4851a1d">
    </UnitTestResult>
    <UnitTestResult executionId="91a207e5-d0e9-4a93-87e9-c646d9e1b55f" testId="d42f6b50-3f17-e9d8-4a4f-84a4ee1608af" testName="Avg_Projection" computerName="MIKE-NOTEBOOK2" duration="00:00:00" startTime="0001-01-01T08:00:00.0000000+08:00" endTime="0001-01-01T08:00:00.0000000+08:00" testType="13cdc9d9-ddb5-4fa4-a97d-d965ccfc6d4b" outcome="NotExecuted" testListId="8c84fa94-04c1-424b-9868-57a2d4851a1d">
    </UnitTestResult>
    <UnitTestResult executionId="2a1aabb0-44e4-4e1c-943e-194888315bf4" testId="76738602-4709-ebe8-d57f-52c4138c70d3" testName="Avg_Emelents" computerName="MIKE-NOTEBOOK2" duration="00:00:00" startTime="0001-01-01T08:00:00.0000000+08:00" endTime="0001-01-01T08:00:00.0000000+08:00" testType="13cdc9d9-ddb5-4fa4-a97d-d965ccfc6d4b" outcome="NotExecuted" testListId="8c84fa94-04c1-424b-9868-57a2d4851a1d">
    </UnitTestResult>
    <UnitTestResult executionId="544f8b85-8ca1-46f7-ac44-098a9cb237ef" testId="bc090932-3e07-0c97-1dd0-ff9ad88b205b" testName="Avg_Grouped" computerName="MIKE-NOTEBOOK2" duration="00:00:00" startTime="0001-01-01T08:00:00.0000000+08:00" endTime="0001-01-01T08:00:00.0000000+08:00" testType="13cdc9d9-ddb5-4fa4-a97d-d965ccfc6d4b" outcome="NotExecuted" testListId="8c84fa94-04c1-424b-9868-57a2d4851a1d">
    </UnitTestResult>
    <UnitTestResult executionId="ba819f7f-a763-40f3-82f6-aab71d6789f1" testId="ce86d302-1846-2c80-0c06-87d8daf2220d" testName="Join_OnToMany" computerName="MIKE-NOTEBOOK2" duration="00:00:00" startTime="0001-01-01T08:00:00.0000000+08:00" endTime="0001-01-01T08:00:00.0000000+08:00" testType="13cdc9d9-ddb5-4fa4-a97d-d965ccfc6d4b" outcome="NotExecuted" testListId="8c84fa94-04c1-424b-9868-57a2d4851a1d">
    </UnitTestResult>
    <UnitTestResult executionId="8fb842b1-65d3-4a87-a441-8a1f271eabb5" testId="0f68d865-4e1d-9104-4cb6-5941451c5613" testName="Join_ManyToMany" computerName="MIKE-NOTEBOOK2" duration="00:00:00" startTime="0001-01-01T08:00:00.0000000+08:00" endTime="0001-01-01T08:00:00.0000000+08:00" testType="13cdc9d9-ddb5-4fa4-a97d-d965ccfc6d4b" outcome="NotExecuted" testListId="8c84fa94-04c1-424b-9868-57a2d4851a1d">
    </UnitTestResult>
    <UnitTestResult executionId="500206ee-34ba-4c93-bf96-11aea5765047" testId="6ea883aa-4d2b-b7ca-82e7-90d807ae9c21" testName="Join_SelfJoin" computerName="MIKE-NOTEBOOK2" duration="00:00:00" startTime="0001-01-01T08:00:00.0000000+08:00" endTime="0001-01-01T08:00:00.0000000+08:00" testType="13cdc9d9-ddb5-4fa4-a97d-d965ccfc6d4b" outcome="NotExecuted" testListId="8c84fa94-04c1-424b-9868-57a2d4851a1d">
    </UnitTestResult>
    <UnitTestResult executionId="ee2839de-0081-4fb3-961d-67bc8c5a6385" testId="0e44d446-cc3e-32ab-5081-24dd6236159d" testName="Join_TowWay" computerName="MIKE-NOTEBOOK2" duration="00:00:00" startTime="0001-01-01T08:00:00.0000000+08:00" endTime="0001-01-01T08:00:00.0000000+08:00" testType="13cdc9d9-ddb5-4fa4-a97d-d965ccfc6d4b" outcome="NotExecuted" testListId="8c84fa94-04c1-424b-9868-57a2d4851a1d">
    </UnitTestResult>
    <UnitTestResult executionId="5b24b741-42fa-4cd9-8f5b-e96d0122ae41" testId="98353507-2392-cbfe-e352-55ad0f627ff7" testName="Join_ThreeWay" computerName="MIKE-NOTEBOOK2" duration="00:00:00" startTime="0001-01-01T08:00:00.0000000+08:00" endTime="0001-01-01T08:00:00.0000000+08:00" testType="13cdc9d9-ddb5-4fa4-a97d-d965ccfc6d4b" outcome="NotExecuted" testListId="8c84fa94-04c1-424b-9868-57a2d4851a1d">
    </UnitTestResult>
    <UnitTestResult executionId="8d3426f9-26f1-4f68-9eaf-b88f76ba24fe" testId="e9791626-9b5a-55e5-3db3-8449e998f5c1" testName="Join_LeftOuter" computerName="MIKE-NOTEBOOK2" duration="00:00:00" startTime="0001-01-01T08:00:00.0000000+08:00" endTime="0001-01-01T08:00:00.0000000+08:00" testType="13cdc9d9-ddb5-4fa4-a97d-d965ccfc6d4b" outcome="NotExecuted" testListId="8c84fa94-04c1-424b-9868-57a2d4851a1d">
    </UnitTestResult>
    <UnitTestResult executionId="89c51776-85b6-4fb1-8ea4-869b8497815e" testId="7df25c04-a500-a958-f3ac-79470bf2893e" testName="Join_LetAssignment" computerName="MIKE-NOTEBOOK2" duration="00:00:00" startTime="0001-01-01T08:00:00.0000000+08:00" endTime="0001-01-01T08:00:00.0000000+08:00" testType="13cdc9d9-ddb5-4fa4-a97d-d965ccfc6d4b" outcome="NotExecuted" testListId="8c84fa94-04c1-424b-9868-57a2d4851a1d">
    </UnitTestResult>
    <UnitTestResult executionId="745ae6a1-45d2-4044-b956-a31e00453c9a" testId="871f8756-1a85-cdb3-6de0-4068c6e8f009" testName="Join_CompositeKey" computerName="MIKE-NOTEBOOK2" duration="00:00:00" startTime="0001-01-01T08:00:00.0000000+08:00" endTime="0001-01-01T08:00:00.0000000+08:00" testType="13cdc9d9-ddb5-4fa4-a97d-d965ccfc6d4b" outcome="NotExecuted" testListId="8c84fa94-04c1-424b-9868-57a2d4851a1d">
    </UnitTestResult>
    <UnitTestResult executionId="1bc4b3c7-6d2d-4d5f-ab0f-48a618fe5bc6" testId="70b45d67-6a00-e450-ad1a-a94798001f9a" testName="Join_NullableNonnullableKeyRelationship" computerName="MIKE-NOTEBOOK2" duration="00:00:00" startTime="0001-01-01T08:00:00.0000000+08:00" endTime="0001-01-01T08:00:00.0000000+08:00" testType="13cdc9d9-ddb5-4fa4-a97d-d965ccfc6d4b" outcome="NotExecuted" testListId="8c84fa94-04c1-424b-9868-57a2d4851a1d">
    </UnitTestResult>
    <UnitTestResult executionId="5926dad2-aa41-4af6-b1bd-47d818d3339a" testId="ce4a5c85-e788-b270-41cc-7a6cba3c58dc" testName="Join" computerName="MIKE-NOTEBOOK2" duration="00:00:00" startTime="0001-01-01T08:00:00.0000000+08:00" endTime="0001-01-01T08:00:00.0000000+08:00" testType="13cdc9d9-ddb5-4fa4-a97d-d965ccfc6d4b" outcome="NotExecuted" testListId="8c84fa94-04c1-424b-9868-57a2d4851a1d">
    </UnitTestResult>
    <UnitTestResult executionId="26b3c954-984d-4647-a280-d0d1dd0e66bb" testId="5c564969-1eba-3f81-b7a3-bba2f87fb78b" testName="OrderBy_Simple" computerName="MIKE-NOTEBOOK2" duration="00:00:00" startTime="0001-01-01T08:00:00.0000000+08:00" endTime="0001-01-01T08:00:00.0000000+08:00" testType="13cdc9d9-ddb5-4fa4-a97d-d965ccfc6d4b" outcome="NotExecuted" testListId="8c84fa94-04c1-424b-9868-57a2d4851a1d">
    </UnitTestResult>
    <UnitTestResult executionId="170f2cd6-09e5-4044-ade0-ef5fe11e6272" testId="92b927e2-fb9e-bc82-4c0c-9d86831d02f3" testName="OrderBy_Conditional" computerName="MIKE-NOTEBOOK2" duration="00:00:00" startTime="0001-01-01T08:00:00.0000000+08:00" endTime="0001-01-01T08:00:00.0000000+08:00" testType="13cdc9d9-ddb5-4fa4-a97d-d965ccfc6d4b" outcome="NotExecuted" testListId="8c84fa94-04c1-424b-9868-57a2d4851a1d">
    </UnitTestResult>
    <UnitTestResult executionId="8b199341-669d-44f4-8c7f-ced2de7afcc5" testId="8427911e-f8b0-264f-c774-e3e59e2bf9e8" testName="OrderBy_ThenByDescending" computerName="MIKE-NOTEBOOK2" duration="00:00:00" startTime="0001-01-01T08:00:00.0000000+08:00" endTime="0001-01-01T08:00:00.0000000+08:00" testType="13cdc9d9-ddb5-4fa4-a97d-d965ccfc6d4b" outcome="NotExecuted" testListId="8c84fa94-04c1-424b-9868-57a2d4851a1d">
    </UnitTestResult>
    <UnitTestResult executionId="c688e418-1ae4-4f5b-8d90-ca3b2c97dfa2" testId="1a53e657-caa2-d7e7-ad80-b2a384bdb7f1" testName="OrderBy_GroupBy" computerName="MIKE-NOTEBOOK2" duration="00:00:00" startTime="0001-01-01T08:00:00.0000000+08:00" endTime="0001-01-01T08:00:00.0000000+08:00" testType="13cdc9d9-ddb5-4fa4-a97d-d965ccfc6d4b" outcome="NotExecuted" testListId="8c84fa94-04c1-424b-9868-57a2d4851a1d">
    </UnitTestResult>
    <UnitTestResult executionId="39a8fde1-dc0d-479f-a0c7-6f2d0de8947f" testId="4a655ff0-1ac3-c049-4fb9-fecf313fd3bc" testName="GroupBy_Simple" computerName="MIKE-NOTEBOOK2" duration="00:00:00" startTime="0001-01-01T08:00:00.0000000+08:00" endTime="0001-01-01T08:00:00.0000000+08:00" testType="13cdc9d9-ddb5-4fa4-a97d-d965ccfc6d4b" outcome="NotExecuted" testListId="8c84fa94-04c1-424b-9868-57a2d4851a1d">
    </UnitTestResult>
    <UnitTestResult executionId="65da87e4-a3b6-4889-b032-3a3f03aa4b3a" testId="7df6256f-127c-e175-b7b9-13cf3bc2e4d8" testName="GroupBy_Select" computerName="MIKE-NOTEBOOK2" duration="00:00:00" startTime="0001-01-01T08:00:00.0000000+08:00" endTime="0001-01-01T08:00:00.0000000+08:00" testType="13cdc9d9-ddb5-4fa4-a97d-d965ccfc6d4b" outcome="NotExecuted" testListId="8c84fa94-04c1-424b-9868-57a2d4851a1d">
    </UnitTestResult>
    <UnitTestResult executionId="a95ae6eb-dc97-4544-961e-72b3c6d4d0d3" testId="36f8ba7f-573c-1404-ffbd-d81416d726cd" testName="GroupBy_Max" computerName="MIKE-NOTEBOOK2" duration="00:00:00" startTime="0001-01-01T08:00:00.0000000+08:00" endTime="0001-01-01T08:00:00.0000000+08:00" testType="13cdc9d9-ddb5-4fa4-a97d-d965ccfc6d4b" outcome="NotExecuted" testListId="8c84fa94-04c1-424b-9868-57a2d4851a1d">
    </UnitTestResult>
    <UnitTestResult executionId="9638d4ce-5e1a-44e1-b2b5-3a6b51559044" testId="fa62b88e-1851-d9e7-8d09-4db652d19bd4" testName="GroupBy_Min" computerName="MIKE-NOTEBOOK2" duration="00:00:00" startTime="0001-01-01T08:00:00.0000000+08:00" endTime="0001-01-01T08:00:00.0000000+08:00" testType="13cdc9d9-ddb5-4fa4-a97d-d965ccfc6d4b" outcome="NotExecuted" testListId="8c84fa94-04c1-424b-9868-57a2d4851a1d">
    </UnitTestResult>
    <UnitTestResult executionId="99237077-5ac7-4d3f-8abb-21562ce7db03" testId="6696ab95-c1a8-37cc-861b-4cf81aa20930" testName="GroupBy_Avg" computerName="MIKE-NOTEBOOK2" duration="00:00:00" startTime="0001-01-01T08:00:00.0000000+08:00" endTime="0001-01-01T08:00:00.0000000+08:00" testType="13cdc9d9-ddb5-4fa4-a97d-d965ccfc6d4b" outcome="NotExecuted" testListId="8c84fa94-04c1-424b-9868-57a2d4851a1d">
    </UnitTestResult>
    <UnitTestResult executionId="94c8c3a9-3acd-44c2-95a9-07eb1232ea14" testId="eaf91efa-4093-399a-f872-4e883d699b5c" testName="GroupBy_Sum" computerName="MIKE-NOTEBOOK2" duration="00:00:00" startTime="0001-01-01T08:00:00.0000000+08:00" endTime="0001-01-01T08:00:00.0000000+08:00" testType="13cdc9d9-ddb5-4fa4-a97d-d965ccfc6d4b" outcome="NotExecuted" testListId="8c84fa94-04c1-424b-9868-57a2d4851a1d">
    </UnitTestResult>
    <UnitTestResult executionId="80f0cc33-b2a6-4834-9667-b3f81da297f3" testId="990cdc60-e3fb-9194-2f3b-a5380d61eb54" testName="GroupByCount" computerName="MIKE-NOTEBOOK2" duration="00:00:00" startTime="0001-01-01T08:00:00.0000000+08:00" endTime="0001-01-01T08:00:00.0000000+08:00" testType="13cdc9d9-ddb5-4fa4-a97d-d965ccfc6d4b" outcome="NotExecuted" testListId="8c84fa94-04c1-424b-9868-57a2d4851a1d">
    </UnitTestResult>
    <UnitTestResult executionId="c67849e6-e185-4c06-a911-4c5e855b0bcc" testId="cdf83a50-9a24-4a66-8f6c-de7186d20040" testName="GroupBy_ConditionalCount" computerName="MIKE-NOTEBOOK2" duration="00:00:00" startTime="0001-01-01T08:00:00.0000000+08:00" endTime="0001-01-01T08:00:00.0000000+08:00" testType="13cdc9d9-ddb5-4fa4-a97d-d965ccfc6d4b" outcome="NotExecuted" testListId="8c84fa94-04c1-424b-9868-57a2d4851a1d">
    </UnitTestResult>
    <UnitTestResult executionId="2c315c3b-7789-43a3-a7b0-61fa71b93a44" testId="6e9f9377-370c-fd7f-c895-50d0dbcb1a58" testName="GroupBy_Where" computerName="MIKE-NOTEBOOK2" duration="00:00:00" startTime="0001-01-01T08:00:00.0000000+08:00" endTime="0001-01-01T08:00:00.0000000+08:00" testType="13cdc9d9-ddb5-4fa4-a97d-d965ccfc6d4b" outcome="NotExecuted" testListId="8c84fa94-04c1-424b-9868-57a2d4851a1d">
    </UnitTestResult>
    <UnitTestResult executionId="8749d5ed-4c27-411e-8e44-1b4af75054a7" testId="ba5d15f2-4846-f645-25a0-bd893957de48" testName="GroupBy_MultipleColumns" computerName="MIKE-NOTEBOOK2" duration="00:00:00" startTime="0001-01-01T08:00:00.0000000+08:00" endTime="0001-01-01T08:00:00.0000000+08:00" testType="13cdc9d9-ddb5-4fa4-a97d-d965ccfc6d4b" outcome="NotExecuted" testListId="8c84fa94-04c1-424b-9868-57a2d4851a1d">
    </UnitTestResult>
    <UnitTestResult executionId="935b8555-f99e-4752-af15-110be226050b" testId="4250b38f-3c0f-85e8-094c-708b69788ab1" testName="GroupBy_Expression" computerName="MIKE-NOTEBOOK2" duration="00:00:00" startTime="0001-01-01T08:00:00.0000000+08:00" endTime="0001-01-01T08:00:00.0000000+08:00" testType="13cdc9d9-ddb5-4fa4-a97d-d965ccfc6d4b" outcome="NotExecuted" testListId="8c84fa94-04c1-424b-9868-57a2d4851a1d">
    </UnitTestResult>
    <UnitTestResult executionId="6dc327be-c728-450c-830a-49526e14a717" testId="f279a378-5c96-3a19-35d7-4b0ffafc08c3" testName="GroupBy_Nested" computerName="MIKE-NOTEBOOK2" duration="00:00:00" startTime="0001-01-01T08:00:00.0000000+08:00" endTime="0001-01-01T08:00:00.0000000+08:00" testType="13cdc9d9-ddb5-4fa4-a97d-d965ccfc6d4b" outcome="NotExecuted" testListId="8c84fa94-04c1-424b-9868-57a2d4851a1d">
    </UnitTestResult>
    <UnitTestResult executionId="2e9cd9a6-edaf-47bd-9ede-0d32fb90e6ae" testId="d24a95f7-b666-e96b-2a0c-aa1100756dec" testName="GroupBy_Year" computerName="MIKE-NOTEBOOK2" duration="00:00:00" startTime="0001-01-01T08:00:00.0000000+08:00" endTime="0001-01-01T08:00:00.0000000+08:00" testType="13cdc9d9-ddb5-4fa4-a97d-d965ccfc6d4b" outcome="NotExecuted" testListId="8c84fa94-04c1-424b-9868-57a2d4851a1d">
    </UnitTestResult>
    <UnitTestResult executionId="b15fabe6-6bc9-45c4-b1cc-ffd9c2a6779c" testId="5b754f3f-da7b-57fb-a551-3c56e372b888" testName="GroupBy_Month" computerName="MIKE-NOTEBOOK2" duration="00:00:00" startTime="0001-01-01T08:00:00.0000000+08:00" endTime="0001-01-01T08:00:00.0000000+08:00" testType="13cdc9d9-ddb5-4fa4-a97d-d965ccfc6d4b" outcome="NotExecuted" testListId="8c84fa94-04c1-424b-9868-57a2d4851a1d">
    </UnitTestResult>
    <UnitTestResult executionId="a17e7c17-c596-4f46-8903-667d389e97b2" testId="83e88c32-d46f-4f33-7d2b-629c0fe9534c" testName="GroupBy_Day" computerName="MIKE-NOTEBOOK2" duration="00:00:00" startTime="0001-01-01T08:00:00.0000000+08:00" endTime="0001-01-01T08:00:00.0000000+08:00" testType="13cdc9d9-ddb5-4fa4-a97d-d965ccfc6d4b" outcome="NotExecuted" testListId="8c84fa94-04c1-424b-9868-57a2d4851a1d">
    </UnitTestResult>
    <UnitTestResult executionId="9d298336-8a63-4c27-a6c7-db2c877cc8c7" testId="594b5221-8691-0b96-2580-74b707cfa254" testName="GroupBy_Date" computerName="MIKE-NOTEBOOK2" duration="00:00:00" startTime="0001-01-01T08:00:00.0000000+08:00" endTime="0001-01-01T08:00:00.0000000+08:00" testType="13cdc9d9-ddb5-4fa4-a97d-d965ccfc6d4b" outcome="NotExecuted" testListId="8c84fa94-04c1-424b-9868-57a2d4851a1d">
    </UnitTestResult>
    <UnitTestResult executionId="5a4474ca-419c-4f05-b557-ddf102951fad" testId="6160f8f5-3d4c-d2cb-dfd2-8d1c61289c09" testName="Any_Simple" computerName="MIKE-NOTEBOOK2" duration="00:00:00" startTime="0001-01-01T08:00:00.0000000+08:00" endTime="0001-01-01T08:00:00.0000000+08:00" testType="13cdc9d9-ddb5-4fa4-a97d-d965ccfc6d4b" outcome="NotExecuted" testListId="8c84fa94-04c1-424b-9868-57a2d4851a1d">
    </UnitTestResult>
    <UnitTestResult executionId="82f48413-82a4-4e54-9120-f309aa8e8366" testId="3c843928-11e7-1866-1031-456c377b59d9" testName="Any_Condition" computerName="MIKE-NOTEBOOK2" duration="00:00:00" startTime="0001-01-01T08:00:00.0000000+08:00" endTime="0001-01-01T08:00:00.0000000+08:00" testType="13cdc9d9-ddb5-4fa4-a97d-d965ccfc6d4b" outcome="NotExecuted" testListId="8c84fa94-04c1-424b-9868-57a2d4851a1d">
    </UnitTestResult>
    <UnitTestResult executionId="52749a68-d6f7-4c12-8bc3-1478d225bc69" testId="2bd5d205-79e6-50f4-9310-51656ab1a052" testName="Any_Grouped" computerName="MIKE-NOTEBOOK2" duration="00:00:00" startTime="0001-01-01T08:00:00.0000000+08:00" endTime="0001-01-01T08:00:00.0000000+08:00" testType="13cdc9d9-ddb5-4fa4-a97d-d965ccfc6d4b" outcome="NotExecuted" testListId="8c84fa94-04c1-424b-9868-57a2d4851a1d">
    </UnitTestResult>
    <UnitTestResult executionId="14d3d97b-71dd-4da9-bfbd-e21cd7f6f1d0" testId="33e44030-87e1-2ed5-9742-940bc9bafadc" testName="All_Simple" computerName="MIKE-NOTEBOOK2" duration="00:00:00" startTime="0001-01-01T08:00:00.0000000+08:00" endTime="0001-01-01T08:00:00.0000000+08:00" testType="13cdc9d9-ddb5-4fa4-a97d-d965ccfc6d4b" outcome="NotExecuted" testListId="8c84fa94-04c1-424b-9868-57a2d4851a1d">
    </UnitTestResult>
    <UnitTestResult executionId="b3087044-6dbf-414c-83b5-fc8d1d5b3715" testId="5678a985-c04b-2078-687e-1ac719bdb277" testName="All_Grouped" computerName="MIKE-NOTEBOOK2" duration="00:00:00" startTime="0001-01-01T08:00:00.0000000+08:00" endTime="0001-01-01T08:00:00.0000000+08:00" testType="13cdc9d9-ddb5-4fa4-a97d-d965ccfc6d4b" outcome="NotExecuted" testListId="8c84fa94-04c1-424b-9868-57a2d4851a1d">
    </UnitTestResult>
    <UnitTestResult executionId="f66f6a3b-7c98-4541-91dc-f2edfb3ca1fa" testId="50f0d45c-ae49-1f45-0a38-1e6180083240" testName="Contains" computerName="MIKE-NOTEBOOK2" duration="00:00:00" startTime="0001-01-01T08:00:00.0000000+08:00" endTime="0001-01-01T08:00:00.0000000+08:00" testType="13cdc9d9-ddb5-4fa4-a97d-d965ccfc6d4b" outcome="NotExecuted" testListId="8c84fa94-04c1-424b-9868-57a2d4851a1d">
    </UnitTestResult>
    <UnitTestResult executionId="449090f4-2866-4609-81d9-f8b110facf12" testId="836006dc-5922-22a2-7eda-d8d339ee8728" testName="Like" computerName="MIKE-NOTEBOOK2" duration="00:00:00" startTime="0001-01-01T08:00:00.0000000+08:00" endTime="0001-01-01T08:00:00.0000000+08:00" testType="13cdc9d9-ddb5-4fa4-a97d-d965ccfc6d4b" outcome="NotExecuted" testListId="8c84fa94-04c1-424b-9868-57a2d4851a1d">
    </UnitTestResult>
    <UnitTestResult executionId="db5960a8-1a10-4208-b782-6696efb19f39" testId="46e9337f-43ef-c7ff-216e-4093a34cb315" testName="TestNull" computerName="MIKE-NOTEBOOK2" duration="00:00:00" startTime="0001-01-01T08:00:00.0000000+08:00" endTime="0001-01-01T08:00:00.0000000+08:00" testType="13cdc9d9-ddb5-4fa4-a97d-d965ccfc6d4b" outcome="NotExecuted" testListId="8c84fa94-04c1-424b-9868-57a2d4851a1d">
    </UnitTestResult>
    <UnitTestResult executionId="46e48bdf-a088-46de-a417-8ef08efbc353" testId="4f9bf7d0-0061-61d5-f201-98739ad7087e" testName="CollectionConvert" computerName="MIKE-NOTEBOOK2" duration="00:00:00" startTime="0001-01-01T08:00:00.0000000+08:00" endTime="0001-01-01T08:00:00.0000000+08:00" testType="13cdc9d9-ddb5-4fa4-a97d-d965ccfc6d4b" outcome="NotExecuted" testListId="8c84fa94-04c1-424b-9868-57a2d4851a1d">
    </UnitTestResult>
    <UnitTestResult executionId="9df96b93-e2a2-4171-8908-2100bc1542d2" testId="39662b35-faed-fb6e-fb6d-283d4d816154" testName="Concat" computerName="MIKE-NOTEBOOK2" duration="00:00:00" startTime="0001-01-01T08:00:00.0000000+08:00" endTime="0001-01-01T08:00:00.0000000+08:00" testType="13cdc9d9-ddb5-4fa4-a97d-d965ccfc6d4b" outcome="NotExecuted" testListId="8c84fa94-04c1-424b-9868-57a2d4851a1d">
    </UnitTestResult>
    <UnitTestResult executionId="191e7541-d21e-42a4-a893-6e7e1c0c7c19" testId="6c7b1b82-7650-1f43-d9e6-76269895252c" testName="StringConcat" computerName="MIKE-NOTEBOOK2" duration="00:00:00" startTime="0001-01-01T08:00:00.0000000+08:00" endTime="0001-01-01T08:00:00.0000000+08:00" testType="13cdc9d9-ddb5-4fa4-a97d-d965ccfc6d4b" outcome="NotExecuted" testListId="8c84fa94-04c1-424b-9868-57a2d4851a1d">
    </UnitTestResult>
    <UnitTestResult executionId="a0ef6536-110e-41f5-a353-aca64349075d" testId="77d79c88-080c-834b-a804-01ee0d299389" testName="StringLength" computerName="MIKE-NOTEBOOK2" duration="00:00:00" startTime="0001-01-01T08:00:00.0000000+08:00" endTime="0001-01-01T08:00:00.0000000+08:00" testType="13cdc9d9-ddb5-4fa4-a97d-d965ccfc6d4b" outcome="NotExecuted" testListId="8c84fa94-04c1-424b-9868-57a2d4851a1d">
    </UnitTestResult>
    <UnitTestResult executionId="546563d6-32e2-49c3-9d8b-0246b49c2d0c" testId="72154dfc-b135-53bd-86df-1b719965999c" testName="StringContain" computerName="MIKE-NOTEBOOK2" duration="00:00:00" startTime="0001-01-01T08:00:00.0000000+08:00" endTime="0001-01-01T08:00:00.0000000+08:00" testType="13cdc9d9-ddb5-4fa4-a97d-d965ccfc6d4b" outcome="NotExecuted" testListId="8c84fa94-04c1-424b-9868-57a2d4851a1d">
    </UnitTestResult>
    <UnitTestResult executionId="eda92ac4-54b1-4073-9a42-7dece61d3f34" testId="15330dd2-c249-f54d-3462-1b91dcb24480" testName="StringIndexOf" computerName="MIKE-NOTEBOOK2" duration="00:00:00" startTime="0001-01-01T08:00:00.0000000+08:00" endTime="0001-01-01T08:00:00.0000000+08:00" testType="13cdc9d9-ddb5-4fa4-a97d-d965ccfc6d4b" outcome="NotExecuted" testListId="8c84fa94-04c1-424b-9868-57a2d4851a1d">
    </UnitTestResult>
    <UnitTestResult executionId="dc47d55b-aa67-4c7a-9955-dc41e07b29a9" testId="6b48f243-de64-1f75-915a-0439563f51d1" testName="StringStartsWith" computerName="MIKE-NOTEBOOK2" duration="00:00:00" startTime="0001-01-01T08:00:00.0000000+08:00" endTime="0001-01-01T08:00:00.0000000+08:00" testType="13cdc9d9-ddb5-4fa4-a97d-d965ccfc6d4b" outcome="NotExecuted" testListId="8c84fa94-04c1-424b-9868-57a2d4851a1d">
    </UnitTestResult>
    <UnitTestResult executionId="8eb356a5-f7e2-4855-884b-3befed89a6fd" testId="8e43578a-de52-5d3d-c76c-59217d0cbc89" testName="StringEndsWith" computerName="MIKE-NOTEBOOK2" duration="00:00:00" startTime="0001-01-01T08:00:00.0000000+08:00" endTime="0001-01-01T08:00:00.0000000+08:00" testType="13cdc9d9-ddb5-4fa4-a97d-d965ccfc6d4b" outcome="NotExecuted" testListId="8c84fa94-04c1-424b-9868-57a2d4851a1d">
    </UnitTestResult>
    <UnitTestResult executionId="76a3106d-ff0d-40d0-95f9-95f7c11eaff9" testId="0ab4be96-02c7-9956-73f3-79f00ae376d7" testName="StringSubstring" computerName="MIKE-NOTEBOOK2" duration="00:00:00" startTime="0001-01-01T08:00:00.0000000+08:00" endTime="0001-01-01T08:00:00.0000000+08:00" testType="13cdc9d9-ddb5-4fa4-a97d-d965ccfc6d4b" outcome="NotExecuted" testListId="8c84fa94-04c1-424b-9868-57a2d4851a1d">
    </UnitTestResult>
    <UnitTestResult executionId="a065da3c-dc77-4a26-84f9-6aceda1f2828" testId="23b4e43f-144e-9552-607a-b7f89d6cae18" testName="StringToUpper" computerName="MIKE-NOTEBOOK2" duration="00:00:00" startTime="0001-01-01T08:00:00.0000000+08:00" endTime="0001-01-01T08:00:00.0000000+08:00" testType="13cdc9d9-ddb5-4fa4-a97d-d965ccfc6d4b" outcome="NotExecuted" testListId="8c84fa94-04c1-424b-9868-57a2d4851a1d">
    </UnitTestResult>
    <UnitTestResult executionId="8740c344-aa78-4a49-bc59-5df0d515a253" testId="107706be-d9fe-aa2b-95ec-cef103879014" testName="StringToLower" computerName="MIKE-NOTEBOOK2" duration="00:00:00" startTime="0001-01-01T08:00:00.0000000+08:00" endTime="0001-01-01T08:00:00.0000000+08:00" testType="13cdc9d9-ddb5-4fa4-a97d-d965ccfc6d4b" outcome="NotExecuted" testListId="8c84fa94-04c1-424b-9868-57a2d4851a1d">
    </UnitTestResult>
    <UnitTestResult executionId="c331586e-8286-47d5-812e-a00a6d617367" testId="63b116c4-dc37-dd39-ab08-ea1070db9c66" testName="String_Trim" computerName="MIKE-NOTEBOOK2" duration="00:00:00" startTime="0001-01-01T08:00:00.0000000+08:00" endTime="0001-01-01T08:00:00.0000000+08:00" testType="13cdc9d9-ddb5-4fa4-a97d-d965ccfc6d4b" outcome="NotExecuted" testListId="8c84fa94-04c1-424b-9868-57a2d4851a1d">
    </UnitTestResult>
    <UnitTestResult executionId="2ed2bc21-db06-45c4-a75a-2ed2162241f9" testId="c810e8f7-377d-680d-53a8-c273ea51a231" testName="String_TrimStart" computerName="MIKE-NOTEBOOK2" duration="00:00:00" startTime="0001-01-01T08:00:00.0000000+08:00" endTime="0001-01-01T08:00:00.0000000+08:00" testType="13cdc9d9-ddb5-4fa4-a97d-d965ccfc6d4b" outcome="NotExecuted" testListId="8c84fa94-04c1-424b-9868-57a2d4851a1d">
    </UnitTestResult>
    <UnitTestResult executionId="53c29f92-6e08-4d9b-bb19-ac19f874e21d" testId="178044b9-b654-7f55-67ca-4545e5e012ed" testName="String_TrimEnd" computerName="MIKE-NOTEBOOK2" duration="00:00:00" startTime="0001-01-01T08:00:00.0000000+08:00" endTime="0001-01-01T08:00:00.0000000+08:00" testType="13cdc9d9-ddb5-4fa4-a97d-d965ccfc6d4b" outcome="NotExecuted" testListId="8c84fa94-04c1-424b-9868-57a2d4851a1d">
    </UnitTestResult>
    <UnitTestResult executionId="9b913bea-5782-4d10-8efe-685724f86727" testId="5efaa85e-c6b8-f4d8-ff1e-9ad96239532d" testName="StringInsert" computerName="MIKE-NOTEBOOK2" duration="00:00:00" startTime="0001-01-01T08:00:00.0000000+08:00" endTime="0001-01-01T08:00:00.0000000+08:00" testType="13cdc9d9-ddb5-4fa4-a97d-d965ccfc6d4b" outcome="NotExecuted" testListId="8c84fa94-04c1-424b-9868-57a2d4851a1d">
    </UnitTestResult>
    <UnitTestResult executionId="791de0ac-a913-41f3-87c5-51852de2c4d9" testId="3adf49b8-ab7e-ec5b-9b2c-51e7ea6f3451" testName="StringRemove" computerName="MIKE-NOTEBOOK2" duration="00:00:00" startTime="0001-01-01T08:00:00.0000000+08:00" endTime="0001-01-01T08:00:00.0000000+08:00" testType="13cdc9d9-ddb5-4fa4-a97d-d965ccfc6d4b" outcome="NotExecuted" testListId="8c84fa94-04c1-424b-9868-57a2d4851a1d">
    </UnitTestResult>
    <UnitTestResult executionId="bf20e97a-263f-4400-9b5e-dc6c9a916c29" testId="6e2462bb-37f9-1489-6b76-46194baad7d0" testName="StringRelace" computerName="MIKE-NOTEBOOK2" duration="00:00:00" startTime="0001-01-01T08:00:00.0000000+08:00" endTime="0001-01-01T08:00:00.0000000+08:00" testType="13cdc9d9-ddb5-4fa4-a97d-d965ccfc6d4b" outcome="NotExecuted" testListId="8c84fa94-04c1-424b-9868-57a2d4851a1d">
    </UnitTestResult>
    <UnitTestResult executionId="deb21d0a-ae96-4f34-8ca5-945d0b4f0db2" testId="b62d5c52-218b-67db-3afd-0cd719567fdb" testName="DateTime_Year" computerName="MIKE-NOTEBOOK2" duration="00:00:00" startTime="0001-01-01T08:00:00.0000000+08:00" endTime="0001-01-01T08:00:00.0000000+08:00" testType="13cdc9d9-ddb5-4fa4-a97d-d965ccfc6d4b" outcome="NotExecuted" testListId="8c84fa94-04c1-424b-9868-57a2d4851a1d">
    </UnitTestResult>
    <UnitTestResult executionId="28324a3b-6c24-40a3-b73d-38f27e49bcc6" testId="90d0d8b9-a149-106a-2f39-ffed6aedbb15" testName="DateTime_Month" computerName="MIKE-NOTEBOOK2" duration="00:00:00" startTime="0001-01-01T08:00:00.0000000+08:00" endTime="0001-01-01T08:00:00.0000000+08:00" testType="13cdc9d9-ddb5-4fa4-a97d-d965ccfc6d4b" outcome="NotExecuted" testListId="8c84fa94-04c1-424b-9868-57a2d4851a1d">
    </UnitTestResult>
    <UnitTestResult executionId="f28bb2a4-ebaa-4c2c-b968-de44071ab886" testId="cc9ecee2-655e-e475-c485-502631431711" testName="DateTime_Day" computerName="MIKE-NOTEBOOK2" duration="00:00:00" startTime="0001-01-01T08:00:00.0000000+08:00" endTime="0001-01-01T08:00:00.0000000+08:00" testType="13cdc9d9-ddb5-4fa4-a97d-d965ccfc6d4b" outcome="NotExecuted" testListId="8c84fa94-04c1-424b-9868-57a2d4851a1d">
    </UnitTestResult>
    <UnitTestResult executionId="0c5c949f-d33b-4298-8588-8d5873bcba7d" testId="a01adda0-6fb3-cf00-87eb-4f5f82830e42" testName="DateTimeGT" computerName="MIKE-NOTEBOOK2" duration="00:00:00" startTime="0001-01-01T08:00:00.0000000+08:00" endTime="0001-01-01T08:00:00.0000000+08:00" testType="13cdc9d9-ddb5-4fa4-a97d-d965ccfc6d4b" outcome="NotExecuted" testListId="8c84fa94-04c1-424b-9868-57a2d4851a1d">
    </UnitTestResult>
    <UnitTestResult executionId="56f1edec-7e53-40f0-891f-a6cd41df5257" testId="ca80b7e8-965a-9e23-d28f-e838124b9b47" testName="DateTimeGE" computerName="MIKE-NOTEBOOK2" duration="00:00:00" startTime="0001-01-01T08:00:00.0000000+08:00" endTime="0001-01-01T08:00:00.0000000+08:00" testType="13cdc9d9-ddb5-4fa4-a97d-d965ccfc6d4b" outcome="NotExecuted" testListId="8c84fa94-04c1-424b-9868-57a2d4851a1d">
    </UnitTestResult>
    <UnitTestResult executionId="e6fc6a76-d463-4182-b893-f4798a51426c" testId="bff33636-1f87-c321-e67a-5f6f6ef51f97" testName="DateTimeLT" computerName="MIKE-NOTEBOOK2" duration="00:00:00" startTime="0001-01-01T08:00:00.0000000+08:00" endTime="0001-01-01T08:00:00.0000000+08:00" testType="13cdc9d9-ddb5-4fa4-a97d-d965ccfc6d4b" outcome="NotExecuted" testListId="8c84fa94-04c1-424b-9868-57a2d4851a1d">
    </UnitTestResult>
    <UnitTestResult executionId="09eaf433-7e90-4339-896d-6e1c58f8debf" testId="90364c1d-aa13-249c-0b38-9711535b2934" testName="DateTimeLE" computerName="MIKE-NOTEBOOK2" duration="00:00:00" startTime="0001-01-01T08:00:00.0000000+08:00" endTime="0001-01-01T08:00:00.0000000+08:00" testType="13cdc9d9-ddb5-4fa4-a97d-d965ccfc6d4b" outcome="NotExecuted" testListId="8c84fa94-04c1-424b-9868-57a2d4851a1d">
    </UnitTestResult>
    <UnitTestResult executionId="efebe952-0379-41b2-8bda-d15dfe1e3430" testId="ec27962a-f48f-05b6-5813-babfa02ad9db" testName="DateTime_Date" computerName="MIKE-NOTEBOOK2" duration="00:00:00" startTime="0001-01-01T08:00:00.0000000+08:00" endTime="0001-01-01T08:00:00.0000000+08:00" testType="13cdc9d9-ddb5-4fa4-a97d-d965ccfc6d4b" outcome="NotExecuted" testListId="8c84fa94-04c1-424b-9868-57a2d4851a1d">
    </UnitTestResult>
    <UnitTestResult executionId="143e45ab-ca42-4714-b174-5d1cab4cd5f3" testId="86bf74cb-de88-069b-80ba-35c0dea94d31" testName="DateTime_TimeOfDay" computerName="MIKE-NOTEBOOK2" duration="00:00:00" startTime="0001-01-01T08:00:00.0000000+08:00" endTime="0001-01-01T08:00:00.0000000+08:00" testType="13cdc9d9-ddb5-4fa4-a97d-d965ccfc6d4b" outcome="NotExecuted" testListId="8c84fa94-04c1-424b-9868-57a2d4851a1d">
    </UnitTestResult>
    <UnitTestResult executionId="681f38c2-344b-4b52-b4c3-c2499bc0c880" testId="d773e41d-681f-49d9-0152-e97b42573274" testName="Insert_Simple" computerName="MIKE-NOTEBOOK2" duration="00:00:00" startTime="0001-01-01T08:00:00.0000000+08:00" endTime="0001-01-01T08:00:00.0000000+08:00" testType="13cdc9d9-ddb5-4fa4-a97d-d965ccfc6d4b" outcome="NotExecuted" testListId="8c84fa94-04c1-424b-9868-57a2d4851a1d">
    </UnitTestResult>
    <UnitTestResult executionId="5cb107ec-8b66-4167-93a7-f1d7d2fe737d" testId="ea22425a-388a-f0a9-a597-42503fdd7e51" testName="Insert_OneToMany" computerName="MIKE-NOTEBOOK2" duration="00:00:00" startTime="0001-01-01T08:00:00.0000000+08:00" endTime="0001-01-01T08:00:00.0000000+08:00" testType="13cdc9d9-ddb5-4fa4-a97d-d965ccfc6d4b" outcome="NotExecuted" testListId="8c84fa94-04c1-424b-9868-57a2d4851a1d">
    </UnitTestResult>
    <UnitTestResult executionId="b6a602f6-1677-43d5-a097-7f53405b6931" testId="971f1e63-1f50-6ee3-e123-67505bb4965a" testName="Insert_ManyToMany" computerName="MIKE-NOTEBOOK2" duration="00:00:00" startTime="0001-01-01T08:00:00.0000000+08:00" endTime="0001-01-01T08:00:00.0000000+08:00" testType="13cdc9d9-ddb5-4fa4-a97d-d965ccfc6d4b" outcome="NotExecuted" testListId="8c84fa94-04c1-424b-9868-57a2d4851a1d">
    </UnitTestResult>
    <UnitTestResult executionId="4a23a84c-246a-40e4-8e1d-79f6408626e0" testId="c266d9b5-0a09-13d1-d03d-c7b77b1625f7" testName="Delete_ManyToMany" computerName="MIKE-NOTEBOOK2" duration="00:00:00" startTime="0001-01-01T08:00:00.0000000+08:00" endTime="0001-01-01T08:00:00.0000000+08:00" testType="13cdc9d9-ddb5-4fa4-a97d-d965ccfc6d4b" outcome="NotExecuted" testListId="8c84fa94-04c1-424b-9868-57a2d4851a1d">
    </UnitTestResult>
    <UnitTestResult executionId="aba0226b-b3fc-49c0-bc4b-25ea9be43cba" testId="48d4cd02-7ea9-886c-2c71-afdedaaf1ba3" testName="Update" computerName="MIKE-NOTEBOOK2" duration="00:00:00" startTime="0001-01-01T08:00:00.0000000+08:00" endTime="0001-01-01T08:00:00.0000000+08:00" testType="13cdc9d9-ddb5-4fa4-a97d-d965ccfc6d4b" outcome="NotExecuted" testListId="8c84fa94-04c1-424b-9868-57a2d4851a1d">
    </UnitTestResult>
    <UnitTestResult executionId="0d8aa21a-fc7a-484f-8920-498749a9ac41" testId="7960fcd9-fc47-42e5-18ca-88fe34fdf82f" testName="Inherit" computerName="MIKE-NOTEBOOK2" duration="00:00:00" startTime="0001-01-01T08:00:00.0000000+08:00" endTime="0001-01-01T08:00:00.0000000+08:00" testType="13cdc9d9-ddb5-4fa4-a97d-d965ccfc6d4b" outcome="NotExecuted" testListId="8c84fa94-04c1-424b-9868-57a2d4851a1d">
    </UnitTestResult>
    <UnitTestResult executionId="f5cee4a7-960b-42a5-8c5f-0ffd09c8ca2e" testId="a98c1b63-6e1b-1d8f-503f-e02f93a6ec79" testName="Insert_Inherit" computerName="MIKE-NOTEBOOK2" duration="00:00:00" startTime="0001-01-01T08:00:00.0000000+08:00" endTime="0001-01-01T08:00:00.0000000+08:00" testType="13cdc9d9-ddb5-4fa4-a97d-d965ccfc6d4b" outcome="NotExecuted" testListId="8c84fa94-04c1-424b-9868-57a2d4851a1d">
    </UnitTestResult>
    <UnitTestResult executionId="255fd310-39fb-4309-9818-be88a4705a6a" testId="b3063f7e-4754-3b15-5020-cc6657931caf" testName="DataLoadOptionsTest" computerName="MIKE-NOTEBOOK2" duration="00:00:00" startTime="0001-01-01T08:00:00.0000000+08:00" endTime="0001-01-01T08:00:00.0000000+08:00" testType="13cdc9d9-ddb5-4fa4-a97d-d965ccfc6d4b" outcome="NotExecuted" testListId="8c84fa94-04c1-424b-9868-57a2d4851a1d">
    </UnitTestResult>
    <UnitTestResult executionId="f0172473-aeef-4ed7-a7d8-6a8fa7dfaa77" testId="05c8edc4-93f3-8546-28c8-eba01a929d3a" testName="Null" computerName="MIKE-NOTEBOOK2" duration="00:00:00" startTime="0001-01-01T08:00:00.0000000+08:00" endTime="0001-01-01T08:00:00.0000000+08:00" testType="13cdc9d9-ddb5-4fa4-a97d-d965ccfc6d4b" outcome="NotExecuted" testListId="8c84fa94-04c1-424b-9868-57a2d4851a1d">
    </UnitTestResult>
    <UnitTestResult executionId="05d103a5-4fd6-4ced-a694-daa421189c43" testId="fa23c7d9-c805-1cfd-d241-d8e223d6319b" testName="CreateDatabase" computerName="MIKE-NOTEBOOK2" duration="00:00:00" startTime="0001-01-01T08:00:00.0000000+08:00" endTime="0001-01-01T08:00:00.0000000+08:00" testType="13cdc9d9-ddb5-4fa4-a97d-d965ccfc6d4b" outcome="NotExecuted" testListId="8c84fa94-04c1-424b-9868-57a2d4851a1d">
    </UnitTestResult>
    <UnitTestResult executionId="eb2fc131-c0e1-4a0f-b77b-ca39d31ce1dd" testId="e1ccdd2c-9c1c-3730-461c-1afc0710fab1" testName="ResolveAll" computerName="MIKE-NOTEBOOK2" duration="00:00:00" startTime="0001-01-01T08:00:00.0000000+08:00" endTime="0001-01-01T08:00:00.0000000+08:00" testType="13cdc9d9-ddb5-4fa4-a97d-d965ccfc6d4b" outcome="NotExecuted" testListId="8c84fa94-04c1-424b-9868-57a2d4851a1d">
    </UnitTestResult>
    <UnitTestResult executionId="b3be6d0c-59f4-40bb-80e9-a1b95efc0ba4" testId="c9f4524d-f01d-4ef3-d338-b7e9b14ae67c" testName="ComposeKey" computerName="MIKE-NOTEBOOK2" duration="00:00:00" startTime="0001-01-01T08:00:00.0000000+08:00" endTime="0001-01-01T08:00:00.0000000+08:00" testType="13cdc9d9-ddb5-4fa4-a97d-d965ccfc6d4b" outcome="NotExecuted" testListId="8c84fa94-04c1-424b-9868-57a2d4851a1d">
    </UnitTestResult>
    <UnitTestResult executionId="5e91e100-56a2-494a-8e6d-2688ade8f15f" testId="67a6c211-6ac2-b07a-a514-9e36b939baaf" testName="AutoGuid" computerName="MIKE-NOTEBOOK2" duration="00:00:00" startTime="0001-01-01T08:00:00.0000000+08:00" endTime="0001-01-01T08:00:00.0000000+08:00" testType="13cdc9d9-ddb5-4fa4-a97d-d965ccfc6d4b" outcome="NotExecuted" testListId="8c84fa94-04c1-424b-9868-57a2d4851a1d">
    </UnitTestResult>
    <UnitTestResult executionId="7f5f1739-e2ef-4299-873a-bf9d85c8507b" testId="423a9905-334e-e73f-5a30-431dee55115f" testName="Association" computerName="MIKE-NOTEBOOK2" duration="00:00:00" startTime="0001-01-01T08:00:00.0000000+08:00" endTime="0001-01-01T08:00:00.0000000+08:00" testType="13cdc9d9-ddb5-4fa4-a97d-d965ccfc6d4b" outcome="NotExecuted" testListId="8c84fa94-04c1-424b-9868-57a2d4851a1d">
    </UnitTestResult>
    <UnitTestResult executionId="c4819051-8b4b-4436-8fae-cf322aeb5322" testId="aeb40e9f-c690-9a0b-5822-1c14d8a0333d" testName="Test1" computerName="MIKE-NOTEBOOK2" duration="00:00:00" startTime="0001-01-01T08:00:00.0000000+08:00" endTime="0001-01-01T08:00:00.0000000+08:00" testType="13cdc9d9-ddb5-4fa4-a97d-d965ccfc6d4b" outcome="NotExecuted" testListId="8c84fa94-04c1-424b-9868-57a2d4851a1d">
    </UnitTestResult>
    <UnitTestResult executionId="f360fdf7-801f-4c5f-b0d2-4c605c4101f8" testId="8c8d5d1e-6461-c37a-3cfc-7edd8aae6391" testName="Test2" computerName="MIKE-NOTEBOOK2" duration="00:00:00" startTime="0001-01-01T08:00:00.0000000+08:00" endTime="0001-01-01T08:00:00.0000000+08:00" testType="13cdc9d9-ddb5-4fa4-a97d-d965ccfc6d4b" outcome="NotExecuted" testListId="8c84fa94-04c1-424b-9868-57a2d4851a1d">
    </UnitTestResult>
    <UnitTestResult executionId="460cd3f4-16c4-4bba-9abe-99997495d7bd" testId="f54443e4-f6d3-c357-854f-e620626546e1" testName="Aggregate_Null" computerName="MIKE-NOTEBOOK2" duration="00:00:00" startTime="0001-01-01T08:00:00.0000000+08:00" endTime="0001-01-01T08:00:00.0000000+08:00" testType="13cdc9d9-ddb5-4fa4-a97d-d965ccfc6d4b" outcome="NotExecuted" testListId="8c84fa94-04c1-424b-9868-57a2d4851a1d">
    </UnitTestResult>
    <UnitTestResult executionId="4cc66b15-3e93-494a-960c-8a3c6b93a2e0" testId="d7886ec7-ebd2-853a-7720-23c7f81d3e73" testName="GetDefaultValue" computerName="MIKE-NOTEBOOK2" duration="00:00:00" startTime="0001-01-01T08:00:00.0000000+08:00" endTime="0001-01-01T08:00:00.0000000+08:00" testType="13cdc9d9-ddb5-4fa4-a97d-d965ccfc6d4b" outcome="NotExecuted" testListId="8c84fa94-04c1-424b-9868-57a2d4851a1d">
    </UnitTestResult>
    <UnitTestResult executionId="53b089de-56cf-414a-a5b9-96413b0275d3" testId="548782fc-d238-11af-e10f-f6e38ca56245" testName="Math_Abs" computerName="MIKE-NOTEBOOK2" duration="00:00:00" startTime="0001-01-01T08:00:00.0000000+08:00" endTime="0001-01-01T08:00:00.0000000+08:00" testType="13cdc9d9-ddb5-4fa4-a97d-d965ccfc6d4b" outcome="NotExecuted" testListId="8c84fa94-04c1-424b-9868-57a2d4851a1d">
    </UnitTestResult>
    <UnitTestResult executionId="8f9f2a89-bcb3-4b0e-a183-3e4bfb235e17" testId="a33bc4f6-93aa-6896-cae5-97c0d723c9d9" testName="Math_Acos" computerName="MIKE-NOTEBOOK2" duration="00:00:00" startTime="0001-01-01T08:00:00.0000000+08:00" endTime="0001-01-01T08:00:00.0000000+08:00" testType="13cdc9d9-ddb5-4fa4-a97d-d965ccfc6d4b" outcome="NotExecuted" testListId="8c84fa94-04c1-424b-9868-57a2d4851a1d">
    </UnitTestResult>
    <UnitTestResult executionId="d553caf9-c95c-4d86-a227-e687710f8fd2" testId="2797f4fe-1a46-233e-e0fc-7bbd877f4649" testName="Math_Asin" computerName="MIKE-NOTEBOOK2" duration="00:00:00" startTime="0001-01-01T08:00:00.0000000+08:00" endTime="0001-01-01T08:00:00.0000000+08:00" testType="13cdc9d9-ddb5-4fa4-a97d-d965ccfc6d4b" outcome="NotExecuted" testListId="8c84fa94-04c1-424b-9868-57a2d4851a1d">
    </UnitTestResult>
    <UnitTestResult executionId="084034ac-fa3a-4622-9e36-d524b66734dc" testId="733f8199-5092-9f56-a0bb-e2de84d484bb" testName="Math_Atan" computerName="MIKE-NOTEBOOK2" duration="00:00:00" startTime="0001-01-01T08:00:00.0000000+08:00" endTime="0001-01-01T08:00:00.0000000+08:00" testType="13cdc9d9-ddb5-4fa4-a97d-d965ccfc6d4b" outcome="NotExecuted" testListId="8c84fa94-04c1-424b-9868-57a2d4851a1d">
    </UnitTestResult>
    <UnitTestResult executionId="88baf6d4-2365-4e91-94bf-33ce5dfb9c2f" testId="9312ff8c-24ae-173f-2ed0-7934a4fe3a2c" testName="Math_Atan2" computerName="MIKE-NOTEBOOK2" duration="00:00:00" startTime="0001-01-01T08:00:00.0000000+08:00" endTime="0001-01-01T08:00:00.0000000+08:00" testType="13cdc9d9-ddb5-4fa4-a97d-d965ccfc6d4b" outcome="NotExecuted" testListId="8c84fa94-04c1-424b-9868-57a2d4851a1d">
    </UnitTestResult>
    <UnitTestResult executionId="769a456c-f527-4ae3-bb75-7c5274b1879b" testId="5363a5b3-4243-a1a5-e937-d45bdd81ac96" testName="Math_BigMul" computerName="MIKE-NOTEBOOK2" duration="00:00:00" startTime="0001-01-01T08:00:00.0000000+08:00" endTime="0001-01-01T08:00:00.0000000+08:00" testType="13cdc9d9-ddb5-4fa4-a97d-d965ccfc6d4b" outcome="NotExecuted" testListId="8c84fa94-04c1-424b-9868-57a2d4851a1d">
    </UnitTestResult>
    <UnitTestResult executionId="e6c08afb-04c6-4bc9-aff9-004624462c98" testId="88ad3e00-8c45-b400-6198-c2cfe3bd2aec" testName="Math_Ceiling" computerName="MIKE-NOTEBOOK2" duration="00:00:00" startTime="0001-01-01T08:00:00.0000000+08:00" endTime="0001-01-01T08:00:00.0000000+08:00" testType="13cdc9d9-ddb5-4fa4-a97d-d965ccfc6d4b" outcome="NotExecuted" testListId="8c84fa94-04c1-424b-9868-57a2d4851a1d">
    </UnitTestResult>
    <UnitTestResult executionId="d5db0af1-5b1c-4111-abcd-bf50b43f3828" testId="1a1f1991-b66a-11fc-5373-f8b9e32202b6" testName="Math_Cos" computerName="MIKE-NOTEBOOK2" duration="00:00:00" startTime="0001-01-01T08:00:00.0000000+08:00" endTime="0001-01-01T08:00:00.0000000+08:00" testType="13cdc9d9-ddb5-4fa4-a97d-d965ccfc6d4b" outcome="NotExecuted" testListId="8c84fa94-04c1-424b-9868-57a2d4851a1d">
    </UnitTestResult>
    <UnitTestResult executionId="51724fbc-1635-4d55-a873-d8332f82f7b7" testId="2ad91146-b4a5-f853-255c-111a3a54acb7" testName="Math_Cosh" computerName="MIKE-NOTEBOOK2" duration="00:00:00" startTime="0001-01-01T08:00:00.0000000+08:00" endTime="0001-01-01T08:00:00.0000000+08:00" testType="13cdc9d9-ddb5-4fa4-a97d-d965ccfc6d4b" outcome="NotExecuted" testListId="8c84fa94-04c1-424b-9868-57a2d4851a1d">
    </UnitTestResult>
    <UnitTestResult executionId="2a292a3e-203e-42bb-91de-5b6d6e898a61" testId="35d96c57-69b5-5d37-e871-9f107e60fdf0" testName="Math_DivRem" computerName="MIKE-NOTEBOOK2" duration="00:00:00" startTime="0001-01-01T08:00:00.0000000+08:00" endTime="0001-01-01T08:00:00.0000000+08:00" testType="13cdc9d9-ddb5-4fa4-a97d-d965ccfc6d4b" outcome="NotExecuted" testListId="8c84fa94-04c1-424b-9868-57a2d4851a1d">
    </UnitTestResult>
    <UnitTestResult executionId="891bb810-b5d3-488e-be5f-22c769cd0e81" testId="65ded7d2-369a-6538-baef-216f1221aed3" testName="Math_Exp" computerName="MIKE-NOTEBOOK2" duration="00:00:00" startTime="0001-01-01T08:00:00.0000000+08:00" endTime="0001-01-01T08:00:00.0000000+08:00" testType="13cdc9d9-ddb5-4fa4-a97d-d965ccfc6d4b" outcome="NotExecuted" testListId="8c84fa94-04c1-424b-9868-57a2d4851a1d">
    </UnitTestResult>
    <UnitTestResult executionId="731aa823-9c4d-4b27-9a2a-7d201ab32325" testId="31ccd14b-6be8-5409-7de0-cd59f35dfad8" testName="Math_Floor" computerName="MIKE-NOTEBOOK2" duration="00:00:00" startTime="0001-01-01T08:00:00.0000000+08:00" endTime="0001-01-01T08:00:00.0000000+08:00" testType="13cdc9d9-ddb5-4fa4-a97d-d965ccfc6d4b" outcome="NotExecuted" testListId="8c84fa94-04c1-424b-9868-57a2d4851a1d">
    </UnitTestResult>
    <UnitTestResult executionId="a53be2c3-cf31-41bf-b216-bee5d312a2a2" testId="a40f890d-9c8e-a174-20d1-03d95f4ba42c" testName="Math_Log" computerName="MIKE-NOTEBOOK2" duration="00:00:00" startTime="0001-01-01T08:00:00.0000000+08:00" endTime="0001-01-01T08:00:00.0000000+08:00" testType="13cdc9d9-ddb5-4fa4-a97d-d965ccfc6d4b" outcome="NotExecuted" testListId="8c84fa94-04c1-424b-9868-57a2d4851a1d">
    </UnitTestResult>
    <UnitTestResult executionId="bdbeb466-e6c8-4aa5-8d6b-9c2e393fc5f7" testId="77c8c5f1-e8f1-d629-9284-1ad4e4d7e3db" testName="Math_Log10" computerName="MIKE-NOTEBOOK2" duration="00:00:00" startTime="0001-01-01T08:00:00.0000000+08:00" endTime="0001-01-01T08:00:00.0000000+08:00" testType="13cdc9d9-ddb5-4fa4-a97d-d965ccfc6d4b" outcome="NotExecuted" testListId="8c84fa94-04c1-424b-9868-57a2d4851a1d">
    </UnitTestResult>
    <UnitTestResult executionId="9e047bca-73eb-4110-a23d-2bf880d0a24d" testId="20a2e540-22ba-70e0-8abf-967d49ba5484" testName="Math_Max" computerName="MIKE-NOTEBOOK2" duration="00:00:00" startTime="0001-01-01T08:00:00.0000000+08:00" endTime="0001-01-01T08:00:00.0000000+08:00" testType="13cdc9d9-ddb5-4fa4-a97d-d965ccfc6d4b" outcome="NotExecuted" testListId="8c84fa94-04c1-424b-9868-57a2d4851a1d">
    </UnitTestResult>
    <UnitTestResult executionId="dd013dc2-4a4c-43f7-a543-18fa0be5f99e" testId="ef320009-5e4a-1385-6241-34b8ea0376fb" testName="Math_Min" computerName="MIKE-NOTEBOOK2" duration="00:00:00" startTime="0001-01-01T08:00:00.0000000+08:00" endTime="0001-01-01T08:00:00.0000000+08:00" testType="13cdc9d9-ddb5-4fa4-a97d-d965ccfc6d4b" outcome="NotExecuted" testListId="8c84fa94-04c1-424b-9868-57a2d4851a1d">
    </UnitTestResult>
    <UnitTestResult executionId="9152dc07-154d-4fc4-bb9e-5c8aef4f881f" testId="53e5e01d-320d-d2c7-f807-92752500fe11" testName="Math_Pow" computerName="MIKE-NOTEBOOK2" duration="00:00:00" startTime="0001-01-01T08:00:00.0000000+08:00" endTime="0001-01-01T08:00:00.0000000+08:00" testType="13cdc9d9-ddb5-4fa4-a97d-d965ccfc6d4b" outcome="NotExecuted" testListId="8c84fa94-04c1-424b-9868-57a2d4851a1d">
    </UnitTestResult>
    <UnitTestResult executionId="2e4b6ab5-3e21-45d3-8039-ee25c140165a" testId="2d843e9b-dde6-38b8-d205-7c54af4e9e9f" testName="Math_Round2" computerName="MIKE-NOTEBOOK2" duration="00:00:00" startTime="0001-01-01T08:00:00.0000000+08:00" endTime="0001-01-01T08:00:00.0000000+08:00" testType="13cdc9d9-ddb5-4fa4-a97d-d965ccfc6d4b" outcome="NotExecuted" testListId="8c84fa94-04c1-424b-9868-57a2d4851a1d">
    </UnitTestResult>
    <UnitTestResult executionId="0df57bf5-184e-4a5d-a3cd-f308a5267403" testId="d0c5a9e1-e60d-bc6f-c008-d63624bbf171" testName="Math_Sign" computerName="MIKE-NOTEBOOK2" duration="00:00:00" startTime="0001-01-01T08:00:00.0000000+08:00" endTime="0001-01-01T08:00:00.0000000+08:00" testType="13cdc9d9-ddb5-4fa4-a97d-d965ccfc6d4b" outcome="NotExecuted" testListId="8c84fa94-04c1-424b-9868-57a2d4851a1d">
    </UnitTestResult>
    <UnitTestResult executionId="a9b5abf3-ccdb-4e70-86d7-7ae083f59be3" testId="9c733b6c-4f4a-a1ce-e7a0-f18e28944b59" testName="Math_Sin" computerName="MIKE-NOTEBOOK2" duration="00:00:00" startTime="0001-01-01T08:00:00.0000000+08:00" endTime="0001-01-01T08:00:00.0000000+08:00" testType="13cdc9d9-ddb5-4fa4-a97d-d965ccfc6d4b" outcome="NotExecuted" testListId="8c84fa94-04c1-424b-9868-57a2d4851a1d">
    </UnitTestResult>
    <UnitTestResult executionId="130fc4c8-df7c-4d1d-97a1-8ab8be7532cb" testId="999b6e08-b2a3-dc02-78c1-6b97f4c4eb4a" testName="Math_Sinh" computerName="MIKE-NOTEBOOK2" duration="00:00:00" startTime="0001-01-01T08:00:00.0000000+08:00" endTime="0001-01-01T08:00:00.0000000+08:00" testType="13cdc9d9-ddb5-4fa4-a97d-d965ccfc6d4b" outcome="NotExecuted" testListId="8c84fa94-04c1-424b-9868-57a2d4851a1d">
    </UnitTestResult>
    <UnitTestResult executionId="041e0544-bfd2-43b8-9c53-62aeecdec177" testId="cf7f3b4d-88e9-dc7c-9a9d-8181ef69c31e" testName="Math_Sqrt" computerName="MIKE-NOTEBOOK2" duration="00:00:00" startTime="0001-01-01T08:00:00.0000000+08:00" endTime="0001-01-01T08:00:00.0000000+08:00" testType="13cdc9d9-ddb5-4fa4-a97d-d965ccfc6d4b" outcome="NotExecuted" testListId="8c84fa94-04c1-424b-9868-57a2d4851a1d">
    </UnitTestResult>
    <UnitTestResult executionId="8900532f-19dc-41c3-a63e-9f8e9edd9a86" testId="a9d42bc6-ffea-1e4f-5fe0-f834b5352fe3" testName="Math_Tan" computerName="MIKE-NOTEBOOK2" duration="00:00:00" startTime="0001-01-01T08:00:00.0000000+08:00" endTime="0001-01-01T08:00:00.0000000+08:00" testType="13cdc9d9-ddb5-4fa4-a97d-d965ccfc6d4b" outcome="NotExecuted" testListId="8c84fa94-04c1-424b-9868-57a2d4851a1d">
    </UnitTestResult>
    <UnitTestResult executionId="c8446e63-bd0b-42b0-b943-a5a020c65478" testId="53974b87-22c6-95af-7b0d-445dda0e8967" testName="Math_Tanh" computerName="MIKE-NOTEBOOK2" duration="00:00:00" startTime="0001-01-01T08:00:00.0000000+08:00" endTime="0001-01-01T08:00:00.0000000+08:00" testType="13cdc9d9-ddb5-4fa4-a97d-d965ccfc6d4b" outcome="NotExecuted" testListId="8c84fa94-04c1-424b-9868-57a2d4851a1d">
    </UnitTestResult>
    <UnitTestResult executionId="f42dfeab-fe8e-4246-8190-320f5f8c1124" testId="3df5478d-77f6-3e54-4fb3-36e8d84be007" testName="Math_Truncate1" computerName="MIKE-NOTEBOOK2" duration="00:00:00" startTime="0001-01-01T08:00:00.0000000+08:00" endTime="0001-01-01T08:00:00.0000000+08:00" testType="13cdc9d9-ddb5-4fa4-a97d-d965ccfc6d4b" outcome="NotExecuted" testListId="8c84fa94-04c1-424b-9868-57a2d4851a1d">
    </UnitTestResult>
    <UnitTestResult executionId="9782e22e-cc46-489e-bfa5-6c638f326135" testId="a28df7f9-688b-99b3-cff4-60005b59351d" testName="String_Clone" computerName="MIKE-NOTEBOOK2" duration="00:00:00" startTime="0001-01-01T08:00:00.0000000+08:00" endTime="0001-01-01T08:00:00.0000000+08:00" testType="13cdc9d9-ddb5-4fa4-a97d-d965ccfc6d4b" outcome="NotExecuted" testListId="8c84fa94-04c1-424b-9868-57a2d4851a1d">
    </UnitTestResult>
    <UnitTestResult executionId="3d1b599b-5fa2-4300-b8cd-817c4c35faf7" testId="935d1191-45f0-86f4-9a87-18bdf6c5a7ec" testName="String_CompareTo" computerName="MIKE-NOTEBOOK2" duration="00:00:00" startTime="0001-01-01T08:00:00.0000000+08:00" endTime="0001-01-01T08:00:00.0000000+08:00" testType="13cdc9d9-ddb5-4fa4-a97d-d965ccfc6d4b" outcome="NotExecuted" testListId="8c84fa94-04c1-424b-9868-57a2d4851a1d">
    </UnitTestResult>
    <UnitTestResult executionId="8ec187ae-1877-468c-85b9-2bf34511a5a0" testId="e5aef96c-4dcf-7102-66b3-3a9a95d417c4" testName="String_Contains" computerName="MIKE-NOTEBOOK2" duration="00:00:00" startTime="0001-01-01T08:00:00.0000000+08:00" endTime="0001-01-01T08:00:00.0000000+08:00" testType="13cdc9d9-ddb5-4fa4-a97d-d965ccfc6d4b" outcome="NotExecuted" testListId="8c84fa94-04c1-424b-9868-57a2d4851a1d">
    </UnitTestResult>
    <UnitTestResult executionId="0f897027-890e-4bad-b146-d67790626ea7" testId="73179842-de16-d51e-58d3-25206105efdf" testName="String_EndsWith" computerName="MIKE-NOTEBOOK2" duration="00:00:00" startTime="0001-01-01T08:00:00.0000000+08:00" endTime="0001-01-01T08:00:00.0000000+08:00" testType="13cdc9d9-ddb5-4fa4-a97d-d965ccfc6d4b" outcome="NotExecuted" testListId="8c84fa94-04c1-424b-9868-57a2d4851a1d">
    </UnitTestResult>
    <UnitTestResult executionId="1fa14511-1a86-4415-9e12-4fa25549aa23" testId="a25c623e-79ee-a9cb-0587-e144a575ffec" testName="String_Equals1" computerName="MIKE-NOTEBOOK2" duration="00:00:00" startTime="0001-01-01T08:00:00.0000000+08:00" endTime="0001-01-01T08:00:00.0000000+08:00" testType="13cdc9d9-ddb5-4fa4-a97d-d965ccfc6d4b" outcome="NotExecuted" testListId="8c84fa94-04c1-424b-9868-57a2d4851a1d">
    </UnitTestResult>
    <UnitTestResult executionId="8bc36a67-c5ee-4af2-a1cf-566137e99d28" testId="1ea2ebb2-1f39-dc8b-3b87-7faa6c0a96bd" testName="String_Equals2" computerName="MIKE-NOTEBOOK2" duration="00:00:00" startTime="0001-01-01T08:00:00.0000000+08:00" endTime="0001-01-01T08:00:00.0000000+08:00" testType="13cdc9d9-ddb5-4fa4-a97d-d965ccfc6d4b" outcome="NotExecuted" testListId="8c84fa94-04c1-424b-9868-57a2d4851a1d">
    </UnitTestResult>
    <UnitTestResult executionId="c9a17473-0db5-4b03-8d94-fe36803dc6ec" testId="a8b683f0-816c-2b9c-5308-dff001d6ff71" testName="String_Equals3" computerName="MIKE-NOTEBOOK2" duration="00:00:00" startTime="0001-01-01T08:00:00.0000000+08:00" endTime="0001-01-01T08:00:00.0000000+08:00" testType="13cdc9d9-ddb5-4fa4-a97d-d965ccfc6d4b" outcome="NotExecuted" testListId="8c84fa94-04c1-424b-9868-57a2d4851a1d">
    </UnitTestResult>
    <UnitTestResult executionId="7e334c0b-e0a9-4240-a256-f9ed32019491" testId="2eb7b17d-0814-b503-c5ac-a9a4ff18745e" testName="String_IndexOf1" computerName="MIKE-NOTEBOOK2" duration="00:00:00" startTime="0001-01-01T08:00:00.0000000+08:00" endTime="0001-01-01T08:00:00.0000000+08:00" testType="13cdc9d9-ddb5-4fa4-a97d-d965ccfc6d4b" outcome="NotExecuted" testListId="8c84fa94-04c1-424b-9868-57a2d4851a1d">
    </UnitTestResult>
    <UnitTestResult executionId="c46174e1-21da-49ea-8b20-8c6c1a8f5f93" testId="29c5c03c-a4da-71a4-2c57-93ceb22b8464" testName="String_IndexOf2" computerName="MIKE-NOTEBOOK2" duration="00:00:00" startTime="0001-01-01T08:00:00.0000000+08:00" endTime="0001-01-01T08:00:00.0000000+08:00" testType="13cdc9d9-ddb5-4fa4-a97d-d965ccfc6d4b" outcome="NotExecuted" testListId="8c84fa94-04c1-424b-9868-57a2d4851a1d">
    </UnitTestResult>
    <UnitTestResult executionId="2aa36a96-831f-4259-a4b4-fbee59b4e1e8" testId="6c4958fe-334c-4322-d6b7-ddb44ec1fd91" testName="String_IndexOf3" computerName="MIKE-NOTEBOOK2" duration="00:00:00" startTime="0001-01-01T08:00:00.0000000+08:00" endTime="0001-01-01T08:00:00.0000000+08:00" testType="13cdc9d9-ddb5-4fa4-a97d-d965ccfc6d4b" outcome="NotExecuted" testListId="8c84fa94-04c1-424b-9868-57a2d4851a1d">
    </UnitTestResult>
    <UnitTestResult executionId="6ecd3b1e-1f24-404b-8605-2bbeb8818d32" testId="c7107776-0b7b-c5f5-cea4-8caa71ac11dd" testName="String_IndexOf4" computerName="MIKE-NOTEBOOK2" duration="00:00:00" startTime="0001-01-01T08:00:00.0000000+08:00" endTime="0001-01-01T08:00:00.0000000+08:00" testType="13cdc9d9-ddb5-4fa4-a97d-d965ccfc6d4b" outcome="NotExecuted" testListId="8c84fa94-04c1-424b-9868-57a2d4851a1d">
    </UnitTestResult>
    <UnitTestResult executionId="1c1a79b0-1dd7-448a-bb78-0e769f75dfb4" testId="91f5af55-6fb5-c5a6-8ff8-8a1d0a6ef0cf" testName="String_Insert" computerName="MIKE-NOTEBOOK2" duration="00:00:00" startTime="0001-01-01T08:00:00.0000000+08:00" endTime="0001-01-01T08:00:00.0000000+08:00" testType="13cdc9d9-ddb5-4fa4-a97d-d965ccfc6d4b" outcome="NotExecuted" testListId="8c84fa94-04c1-424b-9868-57a2d4851a1d">
    </UnitTestResult>
    <UnitTestResult executionId="5f42f261-45e7-4c76-a4ab-cb49d13e16f7" testId="40cd79ac-00a7-82dc-efb5-08ac6a59f89b" testName="String_Length" computerName="MIKE-NOTEBOOK2" duration="00:00:00" startTime="0001-01-01T08:00:00.0000000+08:00" endTime="0001-01-01T08:00:00.0000000+08:00" testType="13cdc9d9-ddb5-4fa4-a97d-d965ccfc6d4b" outcome="NotExecuted" testListId="8c84fa94-04c1-424b-9868-57a2d4851a1d">
    </UnitTestResult>
    <UnitTestResult executionId="4643cf4e-ecfc-4a64-a303-f26769f5d451" testId="a173e697-645f-a620-b8a2-f37aa806c4eb" testName="String_Substring1" computerName="MIKE-NOTEBOOK2" duration="00:00:00" startTime="0001-01-01T08:00:00.0000000+08:00" endTime="0001-01-01T08:00:00.0000000+08:00" testType="13cdc9d9-ddb5-4fa4-a97d-d965ccfc6d4b" outcome="NotExecuted" testListId="8c84fa94-04c1-424b-9868-57a2d4851a1d">
    </UnitTestResult>
    <UnitTestResult executionId="c39fc5e7-aa41-48bf-a6c8-d49fbda0a378" testId="2f7bda2d-dbe1-3b7d-475d-6b616028cae3" testName="String_Substring2" computerName="MIKE-NOTEBOOK2" duration="00:00:00" startTime="0001-01-01T08:00:00.0000000+08:00" endTime="0001-01-01T08:00:00.0000000+08:00" testType="13cdc9d9-ddb5-4fa4-a97d-d965ccfc6d4b" outcome="NotExecuted" testListId="8c84fa94-04c1-424b-9868-57a2d4851a1d">
    </UnitTestResult>
    <UnitTestResult executionId="03649f3e-0056-40c4-81c5-3616f93d0f10" testId="7401a7aa-da10-9474-a12d-6da3d98ecf91" testName="String_ToLower1" computerName="MIKE-NOTEBOOK2" duration="00:00:00" startTime="0001-01-01T08:00:00.0000000+08:00" endTime="0001-01-01T08:00:00.0000000+08:00" testType="13cdc9d9-ddb5-4fa4-a97d-d965ccfc6d4b" outcome="NotExecuted" testListId="8c84fa94-04c1-424b-9868-57a2d4851a1d">
    </UnitTestResult>
    <UnitTestResult executionId="ab151603-dd1f-40d0-9a9f-88f62bf1dd01" testId="d7a2242a-8d8f-d617-34e1-e8928c2a538a" testName="String_ToLower2" computerName="MIKE-NOTEBOOK2" duration="00:00:00" startTime="0001-01-01T08:00:00.0000000+08:00" endTime="0001-01-01T08:00:00.0000000+08:00" testType="13cdc9d9-ddb5-4fa4-a97d-d965ccfc6d4b" outcome="NotExecuted" testListId="8c84fa94-04c1-424b-9868-57a2d4851a1d">
    </UnitTestResult>
    <UnitTestResult executionId="475b24fc-1e0b-4b2d-8794-a52b6ae7f458" testId="e0377bf5-f121-f80f-ad77-e4a84f5f6879" testName="String_ToLowerInvariant" computerName="MIKE-NOTEBOOK2" duration="00:00:00" startTime="0001-01-01T08:00:00.0000000+08:00" endTime="0001-01-01T08:00:00.0000000+08:00" testType="13cdc9d9-ddb5-4fa4-a97d-d965ccfc6d4b" outcome="NotExecuted" testListId="8c84fa94-04c1-424b-9868-57a2d4851a1d">
    </UnitTestResult>
    <UnitTestResult executionId="9fc2e575-b195-4f85-84d6-61f6bfb61391" testId="4d4d7002-43f6-1b58-4d2b-3876020c2c98" testName="String_ToUpper1" computerName="MIKE-NOTEBOOK2" duration="00:00:00" startTime="0001-01-01T08:00:00.0000000+08:00" endTime="0001-01-01T08:00:00.0000000+08:00" testType="13cdc9d9-ddb5-4fa4-a97d-d965ccfc6d4b" outcome="NotExecuted" testListId="8c84fa94-04c1-424b-9868-57a2d4851a1d">
    </UnitTestResult>
    <UnitTestResult executionId="d840a75d-901f-4d2e-ad69-173a97994bcd" testId="e57581ed-88bb-6f21-2d4c-0e37ee34a9ee" testName="String_ToUpper2" computerName="MIKE-NOTEBOOK2" duration="00:00:00" startTime="0001-01-01T08:00:00.0000000+08:00" endTime="0001-01-01T08:00:00.0000000+08:00" testType="13cdc9d9-ddb5-4fa4-a97d-d965ccfc6d4b" outcome="NotExecuted" testListId="8c84fa94-04c1-424b-9868-57a2d4851a1d">
    </UnitTestResult>
    <UnitTestResult executionId="8bcfc3aa-3184-49d2-ab5d-d1b501f0779b" testId="ede2d506-81b4-cbf3-55e0-b6baad017691" testName="String_ToUpperInvariant" computerName="MIKE-NOTEBOOK2" duration="00:00:00" startTime="0001-01-01T08:00:00.0000000+08:00" endTime="0001-01-01T08:00:00.0000000+08:00" testType="13cdc9d9-ddb5-4fa4-a97d-d965ccfc6d4b" outcome="NotExecuted" testListId="8c84fa94-04c1-424b-9868-57a2d4851a1d">
    </UnitTestResult>
    <UnitTestResult executionId="10c34ec5-f369-406e-96e2-7bdec65670ea" testId="c3f657e4-4bfc-86ae-ce70-7380b8a030ae" testName="String_Trim1" computerName="MIKE-NOTEBOOK2" duration="00:00:00" startTime="0001-01-01T08:00:00.0000000+08:00" endTime="0001-01-01T08:00:00.0000000+08:00" testType="13cdc9d9-ddb5-4fa4-a97d-d965ccfc6d4b" outcome="NotExecuted" testListId="8c84fa94-04c1-424b-9868-57a2d4851a1d">
    </UnitTestResult>
    <UnitTestResult executionId="a79ba7a7-e25f-4668-a16f-ae3318e0dc41" testId="b2a24066-88ae-d058-f2b6-29731a970f32" testName="String_Char" computerName="MIKE-NOTEBOOK2" duration="00:00:00" startTime="0001-01-01T08:00:00.0000000+08:00" endTime="0001-01-01T08:00:00.0000000+08:00" testType="13cdc9d9-ddb5-4fa4-a97d-d965ccfc6d4b" outcome="NotExecuted" testListId="8c84fa94-04c1-424b-9868-57a2d4851a1d">
    </UnitTestResult>
    <UnitTestResult executionId="6b1719ea-da0b-4e28-ba9a-11f97d6b45cc" testId="3bdfb3ee-e384-8563-9347-a0da550e4134" testName="DateTime_Add" computerName="MIKE-NOTEBOOK2" duration="00:00:00" startTime="0001-01-01T08:00:00.0000000+08:00" endTime="0001-01-01T08:00:00.0000000+08:00" testType="13cdc9d9-ddb5-4fa4-a97d-d965ccfc6d4b" outcome="NotExecuted" testListId="8c84fa94-04c1-424b-9868-57a2d4851a1d">
    </UnitTestResult>
    <UnitTestResult executionId="0f289c64-fa8a-4126-9d8b-6e30a4f1b448" testId="56004cd4-85b9-ac0d-ee00-150f31ef6702" testName="DateTime_AddDays" computerName="MIKE-NOTEBOOK2" duration="00:00:00" startTime="0001-01-01T08:00:00.0000000+08:00" endTime="0001-01-01T08:00:00.0000000+08:00" testType="13cdc9d9-ddb5-4fa4-a97d-d965ccfc6d4b" outcome="NotExecuted" testListId="8c84fa94-04c1-424b-9868-57a2d4851a1d">
    </UnitTestResult>
    <UnitTestResult executionId="c0ed7967-cf96-4fab-891b-af9b2866c189" testId="d1a23f63-e55a-0359-f54a-9e184c6a4408" testName="DateTime_AddHours" computerName="MIKE-NOTEBOOK2" duration="00:00:00" startTime="0001-01-01T08:00:00.0000000+08:00" endTime="0001-01-01T08:00:00.0000000+08:00" testType="13cdc9d9-ddb5-4fa4-a97d-d965ccfc6d4b" outcome="NotExecuted" testListId="8c84fa94-04c1-424b-9868-57a2d4851a1d">
    </UnitTestResult>
    <UnitTestResult executionId="0c8e06c4-fcf8-457c-8048-065211b9e348" testId="586e402c-5893-1f7a-9299-8ac9b2fed923" testName="DateTime_AddMinutes" computerName="MIKE-NOTEBOOK2" duration="00:00:00" startTime="0001-01-01T08:00:00.0000000+08:00" endTime="0001-01-01T08:00:00.0000000+08:00" testType="13cdc9d9-ddb5-4fa4-a97d-d965ccfc6d4b" outcome="NotExecuted" testListId="8c84fa94-04c1-424b-9868-57a2d4851a1d">
    </UnitTestResult>
    <UnitTestResult executionId="271add16-f232-4603-94fa-b0bab498072f" testId="437df0cc-30ca-be74-50f1-518a4f83c1be" testName="DateTime_AddMonths" computerName="MIKE-NOTEBOOK2" duration="00:00:00" startTime="0001-01-01T08:00:00.0000000+08:00" endTime="0001-01-01T08:00:00.0000000+08:00" testType="13cdc9d9-ddb5-4fa4-a97d-d965ccfc6d4b" outcome="NotExecuted" testListId="8c84fa94-04c1-424b-9868-57a2d4851a1d">
    </UnitTestResult>
    <UnitTestResult executionId="bd44f25e-aa09-4c79-9f03-4ef6f1e8f64c" testId="5ebd76e2-01c9-3221-3642-098071d0ab06" testName="DateTime_AddSeconds" computerName="MIKE-NOTEBOOK2" duration="00:00:00" startTime="0001-01-01T08:00:00.0000000+08:00" endTime="0001-01-01T08:00:00.0000000+08:00" testType="13cdc9d9-ddb5-4fa4-a97d-d965ccfc6d4b" outcome="NotExecuted" testListId="8c84fa94-04c1-424b-9868-57a2d4851a1d">
    </UnitTestResult>
    <UnitTestResult executionId="338c539c-470d-431a-8cec-ed0fae223ccd" testId="519edd76-b895-f455-f431-4239ba099170" testName="DateTime_AddYears" computerName="MIKE-NOTEBOOK2" duration="00:00:00" startTime="0001-01-01T08:00:00.0000000+08:00" endTime="0001-01-01T08:00:00.0000000+08:00" testType="13cdc9d9-ddb5-4fa4-a97d-d965ccfc6d4b" outcome="NotExecuted" testListId="8c84fa94-04c1-424b-9868-57a2d4851a1d">
    </UnitTestResult>
    <UnitTestResult executionId="73aee951-e25e-4a53-8d1f-d411051f9797" testId="30b3c17d-fae3-bdc8-d42a-93fb80ebb366" testName="DateTime_ToLoaclTime" computerName="MIKE-NOTEBOOK2" duration="00:00:00" startTime="0001-01-01T08:00:00.0000000+08:00" endTime="0001-01-01T08:00:00.0000000+08:00" testType="13cdc9d9-ddb5-4fa4-a97d-d965ccfc6d4b" outcome="NotExecuted" testListId="8c84fa94-04c1-424b-9868-57a2d4851a1d">
    </UnitTestResult>
    <UnitTestResult executionId="d30c9ab2-3f61-495e-99a6-59667c3344fe" testId="0033dbce-de40-983a-dbbb-cd3ccb120093" testName="DateTime_Subtract" computerName="MIKE-NOTEBOOK2" duration="00:00:00" startTime="0001-01-01T08:00:00.0000000+08:00" endTime="0001-01-01T08:00:00.0000000+08:00" testType="13cdc9d9-ddb5-4fa4-a97d-d965ccfc6d4b" outcome="NotExecuted" testListId="8c84fa94-04c1-424b-9868-57a2d4851a1d">
    </UnitTestResult>
    <UnitTestResult executionId="742781c0-e0b1-49f1-89bf-c167b59e1c45" testId="0ad7f487-b594-1140-e2f6-3fc0d9cb59ff" testName="DateTime_Hour" computerName="MIKE-NOTEBOOK2" duration="00:00:00" startTime="0001-01-01T08:00:00.0000000+08:00" endTime="0001-01-01T08:00:00.0000000+08:00" testType="13cdc9d9-ddb5-4fa4-a97d-d965ccfc6d4b" outcome="NotExecuted" testListId="8c84fa94-04c1-424b-9868-57a2d4851a1d">
    </UnitTestResult>
    <UnitTestResult executionId="bbd2100b-38a4-455d-bc33-5a2593c5e455" testId="f2eaa498-07a5-2ed8-7aea-fcae5ef2d2b6" testName="DateTime_Minute" computerName="MIKE-NOTEBOOK2" duration="00:00:00" startTime="0001-01-01T08:00:00.0000000+08:00" endTime="0001-01-01T08:00:00.0000000+08:00" testType="13cdc9d9-ddb5-4fa4-a97d-d965ccfc6d4b" outcome="NotExecuted" testListId="8c84fa94-04c1-424b-9868-57a2d4851a1d">
    </UnitTestResult>
    <UnitTestResult executionId="c23f52f0-9419-4fbc-a147-084e307176d9" testId="24bb7b24-8648-8e45-312a-8e74c5f7b893" testName="DateTime_Second" computerName="MIKE-NOTEBOOK2" duration="00:00:00" startTime="0001-01-01T08:00:00.0000000+08:00" endTime="0001-01-01T08:00:00.0000000+08:00" testType="13cdc9d9-ddb5-4fa4-a97d-d965ccfc6d4b" outcome="NotExecuted" testListId="8c84fa94-04c1-424b-9868-57a2d4851a1d">
    </UnitTestResult>
    <UnitTestResult executionId="ac621c17-3d8c-48b9-91a5-f3ec23dc4ac4" testId="a4129f63-cebb-2cb6-d7fd-044d7ee4ddc8" testName="DateTime_DayOfWeek" computerName="MIKE-NOTEBOOK2" duration="00:00:00" startTime="0001-01-01T08:00:00.0000000+08:00" endTime="0001-01-01T08:00:00.0000000+08:00" testType="13cdc9d9-ddb5-4fa4-a97d-d965ccfc6d4b" outcome="NotExecuted" testListId="8c84fa94-04c1-424b-9868-57a2d4851a1d">
    </UnitTestResult>
    <UnitTestResult executionId="eeacefdd-931e-4642-86e7-435b7e170285" testId="0d64510f-f6c6-a883-d9d8-26371f22019c" testName="DateTime_DayOfYear" computerName="MIKE-NOTEBOOK2" duration="00:00:00" startTime="0001-01-01T08:00:00.0000000+08:00" endTime="0001-01-01T08:00:00.0000000+08:00" testType="13cdc9d9-ddb5-4fa4-a97d-d965ccfc6d4b" outcome="NotExecuted" testListId="8c84fa94-04c1-424b-9868-57a2d4851a1d">
    </UnitTestResult>
    <UnitTestResult executionId="1a1d6094-ea88-4b2f-878d-a92a3a4eea4a" testId="bb21d5a8-9beb-f2bb-cddf-49b0335d79c5" testName="DateTime_ToString" computerName="MIKE-NOTEBOOK2" duration="00:00:00" startTime="0001-01-01T08:00:00.0000000+08:00" endTime="0001-01-01T08:00:00.0000000+08:00" testType="13cdc9d9-ddb5-4fa4-a97d-d965ccfc6d4b" outcome="NotExecuted" testListId="8c84fa94-04c1-424b-9868-57a2d4851a1d">
    </UnitTestResult>
    <UnitTestResult executionId="ab4b9dbd-ced9-41d2-9d62-a0d1980cb6ae" testId="8f82b5c2-3338-becb-f2fc-161bd1e522f8" testName="Convert_ToBoolean" computerName="MIKE-NOTEBOOK2" duration="00:00:00" startTime="0001-01-01T08:00:00.0000000+08:00" endTime="0001-01-01T08:00:00.0000000+08:00" testType="13cdc9d9-ddb5-4fa4-a97d-d965ccfc6d4b" outcome="NotExecuted" testListId="8c84fa94-04c1-424b-9868-57a2d4851a1d">
    </UnitTestResult>
    <UnitTestResult executionId="1ef6abc6-24ae-4df4-9b8a-6077eb26fd2f" testId="61e41aad-8f44-92b4-2fa5-99e5b694f4f1" testName="Convert_ToByte" computerName="MIKE-NOTEBOOK2" duration="00:00:00" startTime="0001-01-01T08:00:00.0000000+08:00" endTime="0001-01-01T08:00:00.0000000+08:00" testType="13cdc9d9-ddb5-4fa4-a97d-d965ccfc6d4b" outcome="NotExecuted" testListId="8c84fa94-04c1-424b-9868-57a2d4851a1d">
    </UnitTestResult>
    <UnitTestResult executionId="4fe489c2-c71b-4784-b5c4-13c6aea1dc4e" testId="fba9896d-7a49-002e-b57d-aa08008da65e" testName="Convert_ToInt32" computerName="MIKE-NOTEBOOK2" duration="00:00:00" startTime="0001-01-01T08:00:00.0000000+08:00" endTime="0001-01-01T08:00:00.0000000+08:00" testType="13cdc9d9-ddb5-4fa4-a97d-d965ccfc6d4b" outcome="NotExecuted" testListId="8c84fa94-04c1-424b-9868-57a2d4851a1d">
    </UnitTestResult>
    <UnitTestResult executionId="71481914-c189-4cad-b1e7-57b2aa96bb4d" testId="575be8fe-93f5-15de-5265-5ef816b428ce" testName="Convert_ToInt64" computerName="MIKE-NOTEBOOK2" duration="00:00:00" startTime="0001-01-01T08:00:00.0000000+08:00" endTime="0001-01-01T08:00:00.0000000+08:00" testType="13cdc9d9-ddb5-4fa4-a97d-d965ccfc6d4b" outcome="NotExecuted" testListId="8c84fa94-04c1-424b-9868-57a2d4851a1d">
    </UnitTestResult>
    <UnitTestResult executionId="da8ecca1-8b67-4569-b02d-4e232ee0fb9c" testId="172c7ee8-fd41-f7ec-ed62-4020e6eb7c8f" testName="Convert_ToSByte" computerName="MIKE-NOTEBOOK2" duration="00:00:00" startTime="0001-01-01T08:00:00.0000000+08:00" endTime="0001-01-01T08:00:00.0000000+08:00" testType="13cdc9d9-ddb5-4fa4-a97d-d965ccfc6d4b" outcome="NotExecuted" testListId="8c84fa94-04c1-424b-9868-57a2d4851a1d">
    </UnitTestResult>
    <UnitTestResult executionId="816c6505-8c99-48d9-9e35-da45b00033d6" testId="258efaed-9677-499e-b1d9-a46b9cf25077" testName="Convert_ToSingle" computerName="MIKE-NOTEBOOK2" duration="00:00:00" startTime="0001-01-01T08:00:00.0000000+08:00" endTime="0001-01-01T08:00:00.0000000+08:00" testType="13cdc9d9-ddb5-4fa4-a97d-d965ccfc6d4b" outcome="NotExecuted" testListId="8c84fa94-04c1-424b-9868-57a2d4851a1d">
    </UnitTestResult>
    <UnitTestResult executionId="309a86c9-a823-4e6e-9c12-6b8f06d152e7" testId="8326af85-df79-1eb6-8f5a-7ed6174f1732" testName="Convert_ToString" computerName="MIKE-NOTEBOOK2" duration="00:00:00" startTime="0001-01-01T08:00:00.0000000+08:00" endTime="0001-01-01T08:00:00.0000000+08:00" testType="13cdc9d9-ddb5-4fa4-a97d-d965ccfc6d4b" outcome="NotExecuted" testListId="8c84fa94-04c1-424b-9868-57a2d4851a1d">
    </UnitTestResult>
    <UnitTestResult executionId="9524af6c-db9b-4746-a2a6-0245f3f625e6" testId="b3a9fb93-7eb3-9d16-dde4-2122f8c419d9" testName="Convert_ToDateTime" computerName="MIKE-NOTEBOOK2" duration="00:00:00" startTime="0001-01-01T08:00:00.0000000+08:00" endTime="0001-01-01T08:00:00.0000000+08:00" testType="13cdc9d9-ddb5-4fa4-a97d-d965ccfc6d4b" outcome="NotExecuted" testListId="8c84fa94-04c1-424b-9868-57a2d4851a1d">
    </UnitTestResult>
    <UnitTestResult executionId="9b8040b1-77f4-40e2-b5dd-97543309ae82" testId="5888dc6e-4100-6542-1569-13b8a338ded2" testName="SqlMethod_Len" computerName="MIKE-NOTEBOOK2" duration="00:00:00" startTime="0001-01-01T08:00:00.0000000+08:00" endTime="0001-01-01T08:00:00.0000000+08:00" testType="13cdc9d9-ddb5-4fa4-a97d-d965ccfc6d4b" outcome="NotExecuted" testListId="8c84fa94-04c1-424b-9868-57a2d4851a1d">
    </UnitTestResult>
    <UnitTestResult executionId="de06cc16-8184-4cc2-a7be-8c99c5122d1c" testId="0fd5dc18-1f0f-3ea4-03e5-5a706e925645" testName="SqlMethod_Remote" computerName="MIKE-NOTEBOOK2" duration="00:00:00" startTime="0001-01-01T08:00:00.0000000+08:00" endTime="0001-01-01T08:00:00.0000000+08:00" testType="13cdc9d9-ddb5-4fa4-a97d-d965ccfc6d4b" outcome="NotExecuted" testListId="8c84fa94-04c1-424b-9868-57a2d4851a1d">
    </UnitTestResult>
    <UnitTestResult executionId="1af363cd-c0b8-44dc-a4cc-e65a3b2a3de7" testId="ea520a38-794f-e32c-7ed8-1fb2776fe88e" testName="CRUD_Update1" computerName="MIKE-NOTEBOOK2" duration="00:00:00" startTime="0001-01-01T08:00:00.0000000+08:00" endTime="0001-01-01T08:00:00.0000000+08:00" testType="13cdc9d9-ddb5-4fa4-a97d-d965ccfc6d4b" outcome="NotExecuted" testListId="8c84fa94-04c1-424b-9868-57a2d4851a1d">
    </UnitTestResult>
    <UnitTestResult executionId="70ca8a16-4143-4f0f-8780-407238d60860" testId="ae6f2190-5195-fc64-1385-fadb8da56d37" testName="CRUD_Update2" computerName="MIKE-NOTEBOOK2" duration="00:00:00" startTime="0001-01-01T08:00:00.0000000+08:00" endTime="0001-01-01T08:00:00.0000000+08:00" testType="13cdc9d9-ddb5-4fa4-a97d-d965ccfc6d4b" outcome="NotExecuted" testListId="8c84fa94-04c1-424b-9868-57a2d4851a1d">
    </UnitTestResult>
    <UnitTestResult executionId="9072fc36-9406-4da3-893e-3edcbc143e30" testId="d407fd78-c232-fe9a-35cb-fe76a2d87b5d" testName="CRUD_Update3" computerName="MIKE-NOTEBOOK2" duration="00:00:00" startTime="0001-01-01T08:00:00.0000000+08:00" endTime="0001-01-01T08:00:00.0000000+08:00" testType="13cdc9d9-ddb5-4fa4-a97d-d965ccfc6d4b" outcome="NotExecuted" testListId="8c84fa94-04c1-424b-9868-57a2d4851a1d">
    </UnitTestResult>
    <UnitTestResult executionId="d0e2cfee-a18f-4e26-b236-e3d6271e83f5" testId="137e78dd-3abe-bf9f-29f7-fb7661dbbd92" testName="CRUD_Update4" computerName="MIKE-NOTEBOOK2" duration="00:00:00" startTime="0001-01-01T08:00:00.0000000+08:00" endTime="0001-01-01T08:00:00.0000000+08:00" testType="13cdc9d9-ddb5-4fa4-a97d-d965ccfc6d4b" outcome="NotExecuted" testListId="8c84fa94-04c1-424b-9868-57a2d4851a1d">
    </UnitTestResult>
    <UnitTestResult executionId="e384670f-1646-4d45-9173-5ef1709fde6f" testId="50c680a1-1fd5-52c2-40d4-2dc122a210c7" testName="CRUD_Delete1" computerName="MIKE-NOTEBOOK2" duration="00:00:00" startTime="0001-01-01T08:00:00.0000000+08:00" endTime="0001-01-01T08:00:00.0000000+08:00" testType="13cdc9d9-ddb5-4fa4-a97d-d965ccfc6d4b" outcome="NotExecuted" testListId="8c84fa94-04c1-424b-9868-57a2d4851a1d">
    </UnitTestResult>
    <UnitTestResult executionId="5d2dc106-a4e3-463c-ac60-482feea04060" testId="081c4849-59c2-df72-346d-859c52db8dce" testName="CRUD_Delete2" computerName="MIKE-NOTEBOOK2" duration="00:00:00" startTime="0001-01-01T08:00:00.0000000+08:00" endTime="0001-01-01T08:00:00.0000000+08:00" testType="13cdc9d9-ddb5-4fa4-a97d-d965ccfc6d4b" outcome="NotExecuted" testListId="8c84fa94-04c1-424b-9868-57a2d4851a1d">
    </UnitTestResult>
    <UnitTestResult executionId="044b55dc-51fd-49ef-bfc5-ce06cdbdf3a0" testId="94780e3e-f2a1-209e-3a84-9afb93cda308" testName="CRUD_Insert1" computerName="MIKE-NOTEBOOK2" duration="00:00:00" startTime="0001-01-01T08:00:00.0000000+08:00" endTime="0001-01-01T08:00:00.0000000+08:00" testType="13cdc9d9-ddb5-4fa4-a97d-d965ccfc6d4b" outcome="NotExecuted" testListId="8c84fa94-04c1-424b-9868-57a2d4851a1d">
    </UnitTestResult>
    <UnitTestResult executionId="0740ca8f-70bf-4d4c-8b35-e958543ec2ee" testId="dc81a826-9357-74ac-f71c-717a63e71a9e" testName="CRUD_Insert2" computerName="MIKE-NOTEBOOK2" duration="00:00:00" startTime="0001-01-01T08:00:00.0000000+08:00" endTime="0001-01-01T08:00:00.0000000+08:00" testType="13cdc9d9-ddb5-4fa4-a97d-d965ccfc6d4b" outcome="NotExecuted" testListId="8c84fa94-04c1-424b-9868-57a2d4851a1d">
    </UnitTestResult>
    <UnitTestResult executionId="81e2909d-44f9-4cc6-993c-23a4b3c0138f" testId="3fb2f598-131e-c92f-1230-8a7a87fd8b55" testName="String_NullSelect" computerName="MIKE-NOTEBOOK2" duration="00:00:00" startTime="0001-01-01T08:00:00.0000000+08:00" endTime="0001-01-01T08:00:00.0000000+08:00" testType="13cdc9d9-ddb5-4fa4-a97d-d965ccfc6d4b" outcome="NotExecuted" testListId="8c84fa94-04c1-424b-9868-57a2d4851a1d">
    </UnitTestResult>
    <UnitTestResult executionId="3669e930-38c7-4f9e-bdb5-bc63ba322cd0" testId="87456ec2-8543-a10a-4503-1495c9d66390" testName="IfEqualTest" computerName="MIKE-NOTEBOOK2" duration="00:00:00" startTime="0001-01-01T08:00:00.0000000+08:00" endTime="0001-01-01T08:00:00.0000000+08:00" testType="13cdc9d9-ddb5-4fa4-a97d-d965ccfc6d4b" outcome="NotExecuted" testListId="8c84fa94-04c1-424b-9868-57a2d4851a1d">
    </UnitTestResult>
    <UnitTestResult executionId="08a4096f-ee16-4de4-ba59-c8b7c6accbff" testId="939c9bbf-65ff-bfba-bce2-4a955458f481" testName="CreateTale" computerName="MIKE-NOTEBOOK2" duration="00:00:00" startTime="0001-01-01T08:00:00.0000000+08:00" endTime="0001-01-01T08:00:00.0000000+08:00" testType="13cdc9d9-ddb5-4fa4-a97d-d965ccfc6d4b" outcome="NotExecuted" testListId="8c84fa94-04c1-424b-9868-57a2d4851a1d">
    </UnitTestResult>
    <UnitTestResult executionId="1797ef7d-7fab-4b1e-9b03-0eb9109ca87a" testId="20fe16ad-9c73-efc9-95a6-ea725ed4fcb5" testName="DeleteTable" computerName="MIKE-NOTEBOOK2" duration="00:00:00" startTime="0001-01-01T08:00:00.0000000+08:00" endTime="0001-01-01T08:00:00.0000000+08:00" testType="13cdc9d9-ddb5-4fa4-a97d-d965ccfc6d4b" outcome="NotExecuted" testListId="8c84fa94-04c1-424b-9868-57a2d4851a1d">
    </UnitTestResult>
    <UnitTestResult executionId="ab495328-6018-422b-a12e-2a8b2fd38891" testId="e6bc00c3-229c-9a9f-38a0-403437988046" testName="TableExists" computerName="MIKE-NOTEBOOK2" duration="00:00:00" startTime="0001-01-01T08:00:00.0000000+08:00" endTime="0001-01-01T08:00:00.0000000+08:00" testType="13cdc9d9-ddb5-4fa4-a97d-d965ccfc6d4b" outcome="NotExecuted" testListId="8c84fa94-04c1-424b-9868-57a2d4851a1d">
    </UnitTestResult>
    <UnitTestResult executionId="fb2d593a-1fda-403d-a60a-1284b9002655" testId="424ce212-6365-c22b-6a10-20d14870e625" testName="LongCount" computerName="MIKE-NOTEBOOK2" duration="00:00:00" startTime="0001-01-01T08:00:00.0000000+08:00" endTime="0001-01-01T08:00:00.0000000+08:00" testType="13cdc9d9-ddb5-4fa4-a97d-d965ccfc6d4b" outcome="NotExecuted" testListId="8c84fa94-04c1-424b-9868-57a2d4851a1d">
    </UnitTestResult>
    <UnitTestResult executionId="788a3958-f2a4-4be6-8b71-85e181a4c969" testId="2ad9e9b1-b21f-2e73-045f-dc09e364358b" testName="Command" computerName="MIKE-NOTEBOOK2" duration="00:00:00" startTime="0001-01-01T08:00:00.0000000+08:00" endTime="0001-01-01T08:00:00.0000000+08:00" testType="13cdc9d9-ddb5-4fa4-a97d-d965ccfc6d4b" outcome="NotExecuted" testListId="8c84fa94-04c1-424b-9868-57a2d4851a1d">
    </UnitTestResult>
    <UnitTestResult executionId="7569eb51-eb30-4737-b40e-06117c9b9fa5" testId="a20b06ec-37ee-4a83-6b71-3ef8a44da091" testName="DataType_Guid" computerName="MIKE-NOTEBOOK2" duration="00:00:00" startTime="0001-01-01T08:00:00.0000000+08:00" endTime="0001-01-01T08:00:00.0000000+08:00" testType="13cdc9d9-ddb5-4fa4-a97d-d965ccfc6d4b" outcome="NotExecuted" testListId="8c84fa94-04c1-424b-9868-57a2d4851a1d">
    </UnitTestResult>
    <UnitTestResult executionId="d1037738-a078-404d-88f8-2378b1b57c60" testId="b6a62f95-dbbe-8297-9a47-3f2a25bfecac" testName="DataType_Int64" computerName="MIKE-NOTEBOOK2" duration="00:00:00" startTime="0001-01-01T08:00:00.0000000+08:00" endTime="0001-01-01T08:00:00.0000000+08:00" testType="13cdc9d9-ddb5-4fa4-a97d-d965ccfc6d4b" outcome="NotExecuted" testListId="8c84fa94-04c1-424b-9868-57a2d4851a1d">
    </UnitTestResult>
    <UnitTestResult executionId="759862bd-02af-4a7a-90b3-07d648cf7494" testId="1280a310-67ee-4b74-b6dd-24c596e45fdb" testName="DataType_UInt64" computerName="MIKE-NOTEBOOK2" duration="00:00:00" startTime="0001-01-01T08:00:00.0000000+08:00" endTime="0001-01-01T08:00:00.0000000+08:00" testType="13cdc9d9-ddb5-4fa4-a97d-d965ccfc6d4b" outcome="NotExecuted" testListId="8c84fa94-04c1-424b-9868-57a2d4851a1d">
    </UnitTestResult>
    <UnitTestResult executionId="b4444c4a-d4c8-4a00-a2c8-225ce5654d10" testId="29d2ce58-d653-b79b-9d09-da10199b0ec0" testName="DataType_Enum" computerName="MIKE-NOTEBOOK2" duration="00:00:00" startTime="0001-01-01T08:00:00.0000000+08:00" endTime="0001-01-01T08:00:00.0000000+08:00" testType="13cdc9d9-ddb5-4fa4-a97d-d965ccfc6d4b" outcome="NotExecuted" testListId="8c84fa94-04c1-424b-9868-57a2d4851a1d">
    </UnitTestResult>
    <UnitTestResult executionId="9e477ff7-afc1-4829-aa55-b1dfc3ab062e" testId="290f9393-a561-b511-b44d-b393be8a4a25" testName="DataType_Char" computerName="MIKE-NOTEBOOK2" duration="00:00:00" startTime="0001-01-01T08:00:00.0000000+08:00" endTime="0001-01-01T08:00:00.0000000+08:00" testType="13cdc9d9-ddb5-4fa4-a97d-d965ccfc6d4b" outcome="NotExecuted" testListId="8c84fa94-04c1-424b-9868-57a2d4851a1d">
    </UnitTestResult>
    <UnitTestResult executionId="ab07f8f2-3785-4be8-bf48-e4288d534ad5" testId="24fd5261-50d5-3c87-7e57-269ad5ce5811" testName="DataType_XDocument" computerName="MIKE-NOTEBOOK2" duration="00:00:00" startTime="0001-01-01T08:00:00.0000000+08:00" endTime="0001-01-01T08:00:00.0000000+08:00" testType="13cdc9d9-ddb5-4fa4-a97d-d965ccfc6d4b" outcome="NotExecuted" testListId="8c84fa94-04c1-424b-9868-57a2d4851a1d">
    </UnitTestResult>
    <UnitTestResult executionId="63ba5a7d-79e0-4a0b-8f04-fad66cb78e8e" testId="6283f355-51be-b6e3-8918-26f213e59627" testName="DataType_XElement" computerName="MIKE-NOTEBOOK2" duration="00:00:00" startTime="0001-01-01T08:00:00.0000000+08:00" endTime="0001-01-01T08:00:00.0000000+08:00" testType="13cdc9d9-ddb5-4fa4-a97d-d965ccfc6d4b" outcome="NotExecuted" testListId="8c84fa94-04c1-424b-9868-57a2d4851a1d">
    </UnitTestResult>
    <UnitTestResult executionId="a1eab708-a2a8-4c8c-ba18-0323f4f67073" testId="9b02781b-2669-274b-cdd2-7f801e2374ab" testName="Where_Simple1" computerName="MIKE-NOTEBOOK2" duration="00:00:00" startTime="0001-01-01T08:00:00.0000000+08:00" endTime="0001-01-01T08:00:00.0000000+08:00" testType="13cdc9d9-ddb5-4fa4-a97d-d965ccfc6d4b" outcome="NotExecuted" testListId="8c84fa94-04c1-424b-9868-57a2d4851a1d">
    </UnitTestResult>
    <UnitTestResult executionId="fef9ea73-c947-42a8-87cd-3ca0c51fc045" testId="7f2382c4-eaa6-81c3-dc27-13cbd1f01c3c" testName="Where_Simple2" computerName="MIKE-NOTEBOOK2" duration="00:00:00" startTime="0001-01-01T08:00:00.0000000+08:00" endTime="0001-01-01T08:00:00.0000000+08:00" testType="13cdc9d9-ddb5-4fa4-a97d-d965ccfc6d4b" outcome="NotExecuted" testListId="8c84fa94-04c1-424b-9868-57a2d4851a1d">
    </UnitTestResult>
    <UnitTestResult executionId="49624efb-4d3b-4aa2-844f-9f6b5b1965fe" testId="6e3912bb-ffdc-13aa-d773-16e34c4cdfa3" testName="Where_Simple3" computerName="MIKE-NOTEBOOK2" duration="00:00:00" startTime="0001-01-01T08:00:00.0000000+08:00" endTime="0001-01-01T08:00:00.0000000+08:00" testType="13cdc9d9-ddb5-4fa4-a97d-d965ccfc6d4b" outcome="NotExecuted" testListId="8c84fa94-04c1-424b-9868-57a2d4851a1d">
    </UnitTestResult>
    <UnitTestResult executionId="d4f1693a-a4f3-4ddd-8f4c-dfb537bb58e3" testId="33bffc03-be05-5773-b9fd-953e5c1f253f" testName="Where_Simple4" computerName="MIKE-NOTEBOOK2" duration="00:00:00" startTime="0001-01-01T08:00:00.0000000+08:00" endTime="0001-01-01T08:00:00.0000000+08:00" testType="13cdc9d9-ddb5-4fa4-a97d-d965ccfc6d4b" outcome="NotExecuted" testListId="8c84fa94-04c1-424b-9868-57a2d4851a1d">
    </UnitTestResult>
    <UnitTestResult executionId="cfce58fc-7b7e-4280-8be4-d6d34684720e" testId="cfe208d3-0173-02b1-329f-be3999b2f1f3" testName="Where_Drilldown" computerName="MIKE-NOTEBOOK2" duration="00:00:00" startTime="0001-01-01T08:00:00.0000000+08:00" endTime="0001-01-01T08:00:00.0000000+08:00" testType="13cdc9d9-ddb5-4fa4-a97d-d965ccfc6d4b" outcome="NotExecuted" testListId="8c84fa94-04c1-424b-9868-57a2d4851a1d">
    </UnitTestResult>
    <UnitTestResult executionId="6f77a006-1464-4d82-8b66-db87041b1179" testId="eab5caca-dfcd-6c4a-eca3-cd3b3d39de06" testName="First" computerName="MIKE-NOTEBOOK2" duration="00:00:00" startTime="0001-01-01T08:00:00.0000000+08:00" endTime="0001-01-01T08:00:00.0000000+08:00" testType="13cdc9d9-ddb5-4fa4-a97d-d965ccfc6d4b" outcome="NotExecuted" testListId="8c84fa94-04c1-424b-9868-57a2d4851a1d">
    </UnitTestResult>
    <UnitTestResult executionId="d3287280-f9c7-4466-8f8c-5a3b388126b4" testId="4b519aef-996c-dcd5-eb24-e17a12c2e217" testName="FirstOrDefault" computerName="MIKE-NOTEBOOK2" duration="00:00:00" startTime="0001-01-01T08:00:00.0000000+08:00" endTime="0001-01-01T08:00:00.0000000+08:00" testType="13cdc9d9-ddb5-4fa4-a97d-d965ccfc6d4b" outcome="NotExecuted" testListId="8c84fa94-04c1-424b-9868-57a2d4851a1d">
    </UnitTestResult>
    <UnitTestResult executionId="d9cab5f6-b6a7-492c-b957-ae4de020ff5c" testId="69b7b37a-eeb7-9825-9361-5035f5cf3f93" testName="SingleOrDefault" computerName="MIKE-NOTEBOOK2" duration="00:00:00" startTime="0001-01-01T08:00:00.0000000+08:00" endTime="0001-01-01T08:00:00.0000000+08:00" testType="13cdc9d9-ddb5-4fa4-a97d-d965ccfc6d4b" outcome="NotExecuted" testListId="8c84fa94-04c1-424b-9868-57a2d4851a1d">
    </UnitTestResult>
    <UnitTestResult executionId="fe0e1361-ed6d-4fa6-be9c-3e6c2c40f6f7" testId="87794e24-2aa3-3d05-2bd4-97851c2a81c1" testName="Single" computerName="MIKE-NOTEBOOK2" duration="00:00:00" startTime="0001-01-01T08:00:00.0000000+08:00" endTime="0001-01-01T08:00:00.0000000+08:00" testType="13cdc9d9-ddb5-4fa4-a97d-d965ccfc6d4b" outcome="NotExecuted" testListId="8c84fa94-04c1-424b-9868-57a2d4851a1d">
    </UnitTestResult>
    <UnitTestResult executionId="a6c5c2d5-299d-4050-a4d8-646c843eb4ff" testId="36a41e0b-f358-5783-65d1-78c364e65516" testName="Select_Simple" computerName="MIKE-NOTEBOOK2" duration="00:00:00" startTime="0001-01-01T08:00:00.0000000+08:00" endTime="0001-01-01T08:00:00.0000000+08:00" testType="13cdc9d9-ddb5-4fa4-a97d-d965ccfc6d4b" outcome="NotExecuted" testListId="8c84fa94-04c1-424b-9868-57a2d4851a1d">
    </UnitTestResult>
    <UnitTestResult executionId="7101c535-f6c0-44a7-9974-b81dd0c83dd7" testId="e112bc52-a768-8870-f56e-ab16d2ee7b1b" testName="Select_SpecialType" computerName="MIKE-NOTEBOOK2" duration="00:00:00" startTime="0001-01-01T08:00:00.0000000+08:00" endTime="0001-01-01T08:00:00.0000000+08:00" testType="13cdc9d9-ddb5-4fa4-a97d-d965ccfc6d4b" outcome="NotExecuted" testListId="8c84fa94-04c1-424b-9868-57a2d4851a1d">
    </UnitTestResult>
    <UnitTestResult executionId="21f0d90d-c932-4a70-85c1-eb0b5342ecd1" testId="dd0e6f47-ed6d-edd5-967a-f79a497523ca" testName="Select_AnonymousType" computerName="MIKE-NOTEBOOK2" duration="00:00:00" startTime="0001-01-01T08:00:00.0000000+08:00" endTime="0001-01-01T08:00:00.0000000+08:00" testType="13cdc9d9-ddb5-4fa4-a97d-d965ccfc6d4b" outcome="NotExecuted" testListId="8c84fa94-04c1-424b-9868-57a2d4851a1d">
    </UnitTestResult>
    <UnitTestResult executionId="deee2407-89ac-4f75-86ba-fa8345de5b46" testId="f21611ae-2a86-fc16-055f-2d52bc6b1389" testName="Select_LocalMethodCall" computerName="MIKE-NOTEBOOK2" duration="00:00:00" startTime="0001-01-01T08:00:00.0000000+08:00" endTime="0001-01-01T08:00:00.0000000+08:00" testType="13cdc9d9-ddb5-4fa4-a97d-d965ccfc6d4b" outcome="NotExecuted" testListId="8c84fa94-04c1-424b-9868-57a2d4851a1d">
    </UnitTestResult>
    <UnitTestResult executionId="f7954f96-9d82-4452-a4ba-af15ee2e7225" testId="8c6cfb7e-3c41-6fa1-c2f2-f15039193c71" testName="SelectMany_MultipleFrom" computerName="MIKE-NOTEBOOK2" duration="00:00:00" startTime="0001-01-01T08:00:00.0000000+08:00" endTime="0001-01-01T08:00:00.0000000+08:00" testType="13cdc9d9-ddb5-4fa4-a97d-d965ccfc6d4b" outcome="NotExecuted" testListId="8c84fa94-04c1-424b-9868-57a2d4851a1d">
    </UnitTestResult>
    <UnitTestResult executionId="d4c27ba4-3283-419e-a305-0f2f74eae946" testId="b454f2c8-ec4d-5178-b138-5cc21931e2de" testName="Select_Condition" computerName="MIKE-NOTEBOOK2" duration="00:00:00" startTime="0001-01-01T08:00:00.0000000+08:00" endTime="0001-01-01T08:00:00.0000000+08:00" testType="13cdc9d9-ddb5-4fa4-a97d-d965ccfc6d4b" outcome="NotExecuted" testListId="8c84fa94-04c1-424b-9868-57a2d4851a1d">
    </UnitTestResult>
    <UnitTestResult executionId="c662ef96-b802-4f51-8635-7d7bd34dd775" testId="ff95b0b4-8d92-a41b-ae4e-1d13470bb102" testName="Distinct1" computerName="MIKE-NOTEBOOK2" duration="00:00:00" startTime="0001-01-01T08:00:00.0000000+08:00" endTime="0001-01-01T08:00:00.0000000+08:00" testType="13cdc9d9-ddb5-4fa4-a97d-d965ccfc6d4b" outcome="NotExecuted" testListId="8c84fa94-04c1-424b-9868-57a2d4851a1d">
    </UnitTestResult>
    <UnitTestResult executionId="cbc9c71e-727e-4f61-b3fe-5e868f93f85d" testId="be727130-9431-5cf2-a54a-16dc84bb49ca" testName="Distinct2" computerName="MIKE-NOTEBOOK2" duration="00:00:00" startTime="0001-01-01T08:00:00.0000000+08:00" endTime="0001-01-01T08:00:00.0000000+08:00" testType="13cdc9d9-ddb5-4fa4-a97d-d965ccfc6d4b" outcome="NotExecuted" testListId="8c84fa94-04c1-424b-9868-57a2d4851a1d">
    </UnitTestResult>
    <UnitTestResult executionId="2ec6286b-7ca6-4408-b907-234b818af396" testId="67ed7be7-1f83-5834-7dc3-0d1bc2a9a99f" testName="Union" computerName="MIKE-NOTEBOOK2" duration="00:00:00" startTime="0001-01-01T08:00:00.0000000+08:00" endTime="0001-01-01T08:00:00.0000000+08:00" testType="13cdc9d9-ddb5-4fa4-a97d-d965ccfc6d4b" outcome="NotExecuted" testListId="8c84fa94-04c1-424b-9868-57a2d4851a1d">
    </UnitTestResult>
    <UnitTestResult executionId="d9b9133c-a35c-4baf-a534-b8f334a21179" testId="2f513c5f-d67c-093a-1257-49577bab9075" testName="Intersect" computerName="MIKE-NOTEBOOK2" duration="00:00:00" startTime="0001-01-01T08:00:00.0000000+08:00" endTime="0001-01-01T08:00:00.0000000+08:00" testType="13cdc9d9-ddb5-4fa4-a97d-d965ccfc6d4b" outcome="NotExecuted" testListId="8c84fa94-04c1-424b-9868-57a2d4851a1d">
    </UnitTestResult>
    <UnitTestResult executionId="b195f347-4c73-46bc-b082-c540b3215ece" testId="82556ac5-d148-75f4-7c7f-9511fd0e285c" testName="Except" computerName="MIKE-NOTEBOOK2" duration="00:00:00" startTime="0001-01-01T08:00:00.0000000+08:00" endTime="0001-01-01T08:00:00.0000000+08:00" testType="13cdc9d9-ddb5-4fa4-a97d-d965ccfc6d4b" outcome="NotExecuted" testListId="8c84fa94-04c1-424b-9868-57a2d4851a1d">
    </UnitTestResult>
    <UnitTestResult executionId="d254f1c9-a5b5-414c-bec9-1ee2fa406022" testId="a261f12b-9e8f-e22f-20ca-fd8d901831a3" testName="Take_Simple" computerName="MIKE-NOTEBOOK2" duration="00:00:00" startTime="0001-01-01T08:00:00.0000000+08:00" endTime="0001-01-01T08:00:00.0000000+08:00" testType="13cdc9d9-ddb5-4fa4-a97d-d965ccfc6d4b" outcome="NotExecuted" testListId="8c84fa94-04c1-424b-9868-57a2d4851a1d">
    </UnitTestResult>
    <UnitTestResult executionId="89290c36-1edd-49db-a6af-fb5d07cec16a" testId="2b2981c1-b6ce-4211-6c24-73163f2ab4c2" testName="Take_Nested" computerName="MIKE-NOTEBOOK2" duration="00:00:00" startTime="0001-01-01T08:00:00.0000000+08:00" endTime="0001-01-01T08:00:00.0000000+08:00" testType="13cdc9d9-ddb5-4fa4-a97d-d965ccfc6d4b" outcome="NotExecuted" testListId="8c84fa94-04c1-424b-9868-57a2d4851a1d">
    </UnitTestResult>
    <UnitTestResult executionId="b3304f2b-4966-49e8-9141-a8da048bec42" testId="52b1249b-b03c-fb9d-42f4-432c9ccb40fc" testName="Skip_Simple" computerName="MIKE-NOTEBOOK2" duration="00:00:00" startTime="0001-01-01T08:00:00.0000000+08:00" endTime="0001-01-01T08:00:00.0000000+08:00" testType="13cdc9d9-ddb5-4fa4-a97d-d965ccfc6d4b" outcome="NotExecuted" testListId="8c84fa94-04c1-424b-9868-57a2d4851a1d">
    </UnitTestResult>
    <UnitTestResult executionId="c422060a-0115-46d0-b619-79b44e222b58" testId="e1f22634-e77e-f834-cd7e-16f58a3f8c78" testName="Skip_Nested" computerName="MIKE-NOTEBOOK2" duration="00:00:00" startTime="0001-01-01T08:00:00.0000000+08:00" endTime="0001-01-01T08:00:00.0000000+08:00" testType="13cdc9d9-ddb5-4fa4-a97d-d965ccfc6d4b" outcome="NotExecuted" testListId="8c84fa94-04c1-424b-9868-57a2d4851a1d">
    </UnitTestResult>
    <UnitTestResult executionId="5daf8e40-8255-4672-acbf-49c95e9847fd" testId="cfdbaca0-5bb2-d08f-7d31-efefce0a1d57" testName="Skip_Take" computerName="MIKE-NOTEBOOK2" duration="00:00:00" startTime="0001-01-01T08:00:00.0000000+08:00" endTime="0001-01-01T08:00:00.0000000+08:00" testType="13cdc9d9-ddb5-4fa4-a97d-d965ccfc6d4b" outcome="NotExecuted" testListId="8c84fa94-04c1-424b-9868-57a2d4851a1d">
    </UnitTestResult>
    <UnitTestResult executionId="6cf6e375-8510-4c8b-83ae-c43066c88b62" testId="2462b6b5-1c37-7856-9268-4c1a7c7cd697" testName="Count_Simple" computerName="MIKE-NOTEBOOK2" duration="00:00:00" startTime="0001-01-01T08:00:00.0000000+08:00" endTime="0001-01-01T08:00:00.0000000+08:00" testType="13cdc9d9-ddb5-4fa4-a97d-d965ccfc6d4b" outcome="NotExecuted" testListId="8c84fa94-04c1-424b-9868-57a2d4851a1d">
    </UnitTestResult>
    <UnitTestResult executionId="6975edcd-220a-4158-94a8-cb0a5c294d99" testId="728007a3-cba4-140c-12fa-c0906ba01715" testName="Count_Conditional" computerName="MIKE-NOTEBOOK2" duration="00:00:00" startTime="0001-01-01T08:00:00.0000000+08:00" endTime="0001-01-01T08:00:00.0000000+08:00" testType="13cdc9d9-ddb5-4fa4-a97d-d965ccfc6d4b" outcome="NotExecuted" testListId="8c84fa94-04c1-424b-9868-57a2d4851a1d">
    </UnitTestResult>
    <UnitTestResult executionId="d838f07e-02e9-4d91-aa22-9e99ea7442e0" testId="abb4153d-e46f-262e-96f6-f8c0696814fd" testName="Count_Empty" computerName="MIKE-NOTEBOOK2" duration="00:00:00" startTime="0001-01-01T08:00:00.0000000+08:00" endTime="0001-01-01T08:00:00.0000000+08:00" testType="13cdc9d9-ddb5-4fa4-a97d-d965ccfc6d4b" outcome="NotExecuted" testListId="8c84fa94-04c1-424b-9868-57a2d4851a1d">
    </UnitTestResult>
    <UnitTestResult executionId="5b0aef8a-f2ca-4601-a32a-2c81ce26c166" testId="931cd9bb-b1d5-c132-a300-7e99a58cf4f4" testName="Count_Nested" computerName="MIKE-NOTEBOOK2" duration="00:00:00" startTime="0001-01-01T08:00:00.0000000+08:00" endTime="0001-01-01T08:00:00.0000000+08:00" testType="13cdc9d9-ddb5-4fa4-a97d-d965ccfc6d4b" outcome="NotExecuted" testListId="8c84fa94-04c1-424b-9868-57a2d4851a1d">
    </UnitTestResult>
    <UnitTestResult executionId="597ec1fe-d622-486a-a8e5-a7d8c2aef841" testId="407274d7-ddd0-b064-8097-07f0a6cd767b" testName="Count_Grouped" computerName="MIKE-NOTEBOOK2" duration="00:00:00" startTime="0001-01-01T08:00:00.0000000+08:00" endTime="0001-01-01T08:00:00.0000000+08:00" testType="13cdc9d9-ddb5-4fa4-a97d-d965ccfc6d4b" outcome="NotExecuted" testListId="8c84fa94-04c1-424b-9868-57a2d4851a1d">
    </UnitTestResult>
    <UnitTestResult executionId="15d9222d-8938-4b47-b4a2-015552528bc8" testId="a40ee2ed-9926-8a37-ad15-9065a80aca21" testName="Sum_Simple" computerName="MIKE-NOTEBOOK2" duration="00:00:00" startTime="0001-01-01T08:00:00.0000000+08:00" endTime="0001-01-01T08:00:00.0000000+08:00" testType="13cdc9d9-ddb5-4fa4-a97d-d965ccfc6d4b" outcome="NotExecuted" testListId="8c84fa94-04c1-424b-9868-57a2d4851a1d">
    </UnitTestResult>
    <UnitTestResult executionId="8baa3236-b260-44c0-a839-bf7d105bf87a" testId="0636e2ba-42ea-9087-0895-22d3b0e7d109" testName="Sum_Empty" computerName="MIKE-NOTEBOOK2" duration="00:00:00" startTime="0001-01-01T08:00:00.0000000+08:00" endTime="0001-01-01T08:00:00.0000000+08:00" testType="13cdc9d9-ddb5-4fa4-a97d-d965ccfc6d4b" outcome="NotExecuted" testListId="8c84fa94-04c1-424b-9868-57a2d4851a1d">
    </UnitTestResult>
    <UnitTestResult executionId="f1fc054f-af4f-486c-b17b-ed3cd6aec1c6" testId="8714d09a-7fad-4aca-1592-949da9e47fc2" testName="Sum_Projection" computerName="MIKE-NOTEBOOK2" duration="00:00:00" startTime="0001-01-01T08:00:00.0000000+08:00" endTime="0001-01-01T08:00:00.0000000+08:00" testType="13cdc9d9-ddb5-4fa4-a97d-d965ccfc6d4b" outcome="NotExecuted" testListId="8c84fa94-04c1-424b-9868-57a2d4851a1d">
    </UnitTestResult>
    <UnitTestResult executionId="4a72ad9a-3572-4a1c-a609-32137fb6cc3b" testId="bf53580c-02ec-08bf-baaa-b4e5e6c7085c" testName="Sum_Grouped" computerName="MIKE-NOTEBOOK2" duration="00:00:00" startTime="0001-01-01T08:00:00.0000000+08:00" endTime="0001-01-01T08:00:00.0000000+08:00" testType="13cdc9d9-ddb5-4fa4-a97d-d965ccfc6d4b" outcome="NotExecuted" testListId="8c84fa94-04c1-424b-9868-57a2d4851a1d">
    </UnitTestResult>
    <UnitTestResult executionId="16e46915-e967-4784-9ffd-61606eef54ea" testId="d5549f61-c402-db62-837e-b2c543b14d5d" testName="Min_Simple" computerName="MIKE-NOTEBOOK2" duration="00:00:00" startTime="0001-01-01T08:00:00.0000000+08:00" endTime="0001-01-01T08:00:00.0000000+08:00" testType="13cdc9d9-ddb5-4fa4-a97d-d965ccfc6d4b" outcome="NotExecuted" testListId="8c84fa94-04c1-424b-9868-57a2d4851a1d">
    </UnitTestResult>
    <UnitTestResult executionId="eb443124-e354-457e-987f-3b1e4d834bfb" testId="47f668c0-72df-b870-011e-774033b0d5bc" testName="Min_Projection" computerName="MIKE-NOTEBOOK2" duration="00:00:00" startTime="0001-01-01T08:00:00.0000000+08:00" endTime="0001-01-01T08:00:00.0000000+08:00" testType="13cdc9d9-ddb5-4fa4-a97d-d965ccfc6d4b" outcome="NotExecuted" testListId="8c84fa94-04c1-424b-9868-57a2d4851a1d">
    </UnitTestResult>
    <UnitTestResult executionId="402667f3-9868-48c8-b6d5-a8d152651f07" testId="4f81c454-2214-7858-ad77-3b6fb3cfa441" testName="Min_Elements" computerName="MIKE-NOTEBOOK2" duration="00:00:00" startTime="0001-01-01T08:00:00.0000000+08:00" endTime="0001-01-01T08:00:00.0000000+08:00" testType="13cdc9d9-ddb5-4fa4-a97d-d965ccfc6d4b" outcome="NotExecuted" testListId="8c84fa94-04c1-424b-9868-57a2d4851a1d">
    </UnitTestResult>
    <UnitTestResult executionId="a5d44eef-5413-468d-8eae-d36e19d75100" testId="47665bce-043b-6bbb-7148-566120dbcdce" testName="Min_Grouped" computerName="MIKE-NOTEBOOK2" duration="00:00:00" startTime="0001-01-01T08:00:00.0000000+08:00" endTime="0001-01-01T08:00:00.0000000+08:00" testType="13cdc9d9-ddb5-4fa4-a97d-d965ccfc6d4b" outcome="NotExecuted" testListId="8c84fa94-04c1-424b-9868-57a2d4851a1d">
    </UnitTestResult>
    <UnitTestResult executionId="e6288b5d-d6f8-4f05-86ce-f7ac9b1a55b6" testId="02625fec-07b8-9a9d-40ba-dc41dbff4ebb" testName="Max_Simple" computerName="MIKE-NOTEBOOK2" duration="00:00:00" startTime="0001-01-01T08:00:00.0000000+08:00" endTime="0001-01-01T08:00:00.0000000+08:00" testType="13cdc9d9-ddb5-4fa4-a97d-d965ccfc6d4b" outcome="NotExecuted" testListId="8c84fa94-04c1-424b-9868-57a2d4851a1d">
    </UnitTestResult>
    <UnitTestResult executionId="f98ca746-445b-4bf1-b12b-e60f979d4777" testId="9b754a39-2182-8f19-931d-2e39612d6e14" testName="Max_Projection" computerName="MIKE-NOTEBOOK2" duration="00:00:00" startTime="0001-01-01T08:00:00.0000000+08:00" endTime="0001-01-01T08:00:00.0000000+08:00" testType="13cdc9d9-ddb5-4fa4-a97d-d965ccfc6d4b" outcome="NotExecuted" testListId="8c84fa94-04c1-424b-9868-57a2d4851a1d">
    </UnitTestResult>
    <UnitTestResult executionId="aec1011c-9b42-47e8-9dce-f5442237054c" testId="19d8da70-61c2-fd29-b80c-6c5ccd71d11f" testName="Max_Elements" computerName="MIKE-NOTEBOOK2" duration="00:00:00" startTime="0001-01-01T08:00:00.0000000+08:00" endTime="0001-01-01T08:00:00.0000000+08:00" testType="13cdc9d9-ddb5-4fa4-a97d-d965ccfc6d4b" outcome="NotExecuted" testListId="8c84fa94-04c1-424b-9868-57a2d4851a1d">
    </UnitTestResult>
    <UnitTestResult executionId="7cd25113-252d-47b9-9c0c-773c51e2cc67" testId="775c2c76-88b8-886c-4e09-c4590b00e53e" testName="Max_Grouped" computerName="MIKE-NOTEBOOK2" duration="00:00:00" startTime="0001-01-01T08:00:00.0000000+08:00" endTime="0001-01-01T08:00:00.0000000+08:00" testType="13cdc9d9-ddb5-4fa4-a97d-d965ccfc6d4b" outcome="NotExecuted" testListId="8c84fa94-04c1-424b-9868-57a2d4851a1d">
    </UnitTestResult>
    <UnitTestResult executionId="99292ae4-b8f8-4af6-9cfa-1585f9687952" testId="c1926287-0f25-d7d5-099d-c3286f574d97" testName="Avg_Simple" computerName="MIKE-NOTEBOOK2" duration="00:00:00" startTime="0001-01-01T08:00:00.0000000+08:00" endTime="0001-01-01T08:00:00.0000000+08:00" testType="13cdc9d9-ddb5-4fa4-a97d-d965ccfc6d4b" outcome="NotExecuted" testListId="8c84fa94-04c1-424b-9868-57a2d4851a1d">
    </UnitTestResult>
    <UnitTestResult executionId="4137d71d-c4a7-4c72-9c7e-3c856b62bc74" testId="1dc5d30c-b9d6-184b-a526-57494a9a53f2" testName="Avg_Projection" computerName="MIKE-NOTEBOOK2" duration="00:00:00" startTime="0001-01-01T08:00:00.0000000+08:00" endTime="0001-01-01T08:00:00.0000000+08:00" testType="13cdc9d9-ddb5-4fa4-a97d-d965ccfc6d4b" outcome="NotExecuted" testListId="8c84fa94-04c1-424b-9868-57a2d4851a1d">
    </UnitTestResult>
    <UnitTestResult executionId="c2a8926b-1bcf-4fe2-b0e9-fcfb0bf21180" testId="6592c388-8eb0-c43d-92ed-3d517f988114" testName="Avg_Emelents" computerName="MIKE-NOTEBOOK2" duration="00:00:00" startTime="0001-01-01T08:00:00.0000000+08:00" endTime="0001-01-01T08:00:00.0000000+08:00" testType="13cdc9d9-ddb5-4fa4-a97d-d965ccfc6d4b" outcome="NotExecuted" testListId="8c84fa94-04c1-424b-9868-57a2d4851a1d">
    </UnitTestResult>
    <UnitTestResult executionId="b0524839-1c6e-4a77-9ca8-28075b7703e4" testId="4264a129-f8da-6ed9-ac0c-aec145e955ea" testName="Avg_Grouped" computerName="MIKE-NOTEBOOK2" duration="00:00:00" startTime="0001-01-01T08:00:00.0000000+08:00" endTime="0001-01-01T08:00:00.0000000+08:00" testType="13cdc9d9-ddb5-4fa4-a97d-d965ccfc6d4b" outcome="NotExecuted" testListId="8c84fa94-04c1-424b-9868-57a2d4851a1d">
    </UnitTestResult>
    <UnitTestResult executionId="ee0843d3-4706-4d08-b711-6c9fd3bbc664" testId="f71f8c70-5415-9cce-7d66-2f4187ade10a" testName="Join_OnToMany" computerName="MIKE-NOTEBOOK2" duration="00:00:00" startTime="0001-01-01T08:00:00.0000000+08:00" endTime="0001-01-01T08:00:00.0000000+08:00" testType="13cdc9d9-ddb5-4fa4-a97d-d965ccfc6d4b" outcome="NotExecuted" testListId="8c84fa94-04c1-424b-9868-57a2d4851a1d">
    </UnitTestResult>
    <UnitTestResult executionId="1779c1f5-978b-411b-a977-0a6ab9f7e285" testId="e04d6e29-00a1-6fe5-f9ee-bb7ee7cca74a" testName="Join_ManyToMany" computerName="MIKE-NOTEBOOK2" duration="00:00:00" startTime="0001-01-01T08:00:00.0000000+08:00" endTime="0001-01-01T08:00:00.0000000+08:00" testType="13cdc9d9-ddb5-4fa4-a97d-d965ccfc6d4b" outcome="NotExecuted" testListId="8c84fa94-04c1-424b-9868-57a2d4851a1d">
    </UnitTestResult>
    <UnitTestResult executionId="bf0bf7d3-36a2-4b6b-affe-1d783cb25745" testId="604fdb74-17e7-d109-cf72-b04145e50308" testName="Join_SelfJoin" computerName="MIKE-NOTEBOOK2" duration="00:00:00" startTime="0001-01-01T08:00:00.0000000+08:00" endTime="0001-01-01T08:00:00.0000000+08:00" testType="13cdc9d9-ddb5-4fa4-a97d-d965ccfc6d4b" outcome="NotExecuted" testListId="8c84fa94-04c1-424b-9868-57a2d4851a1d">
    </UnitTestResult>
    <UnitTestResult executionId="17721bc1-afa6-4487-9b7a-7f2e3d4498af" testId="f418870e-ae83-bab0-b500-32c04a798292" testName="Join_TowWay" computerName="MIKE-NOTEBOOK2" duration="00:00:00" startTime="0001-01-01T08:00:00.0000000+08:00" endTime="0001-01-01T08:00:00.0000000+08:00" testType="13cdc9d9-ddb5-4fa4-a97d-d965ccfc6d4b" outcome="NotExecuted" testListId="8c84fa94-04c1-424b-9868-57a2d4851a1d">
    </UnitTestResult>
    <UnitTestResult executionId="78120543-fe28-452d-9b8e-1672698da6d3" testId="2d298512-c385-58a8-191d-3543d634fa0d" testName="Join_ThreeWay" computerName="MIKE-NOTEBOOK2" duration="00:00:00" startTime="0001-01-01T08:00:00.0000000+08:00" endTime="0001-01-01T08:00:00.0000000+08:00" testType="13cdc9d9-ddb5-4fa4-a97d-d965ccfc6d4b" outcome="NotExecuted" testListId="8c84fa94-04c1-424b-9868-57a2d4851a1d">
    </UnitTestResult>
    <UnitTestResult executionId="5496a5e4-bc6b-4b0a-813a-506f31f183ea" testId="b2163f9d-19b3-d1e1-acbc-fc63007fe279" testName="Join_LeftOuter" computerName="MIKE-NOTEBOOK2" duration="00:00:00" startTime="0001-01-01T08:00:00.0000000+08:00" endTime="0001-01-01T08:00:00.0000000+08:00" testType="13cdc9d9-ddb5-4fa4-a97d-d965ccfc6d4b" outcome="NotExecuted" testListId="8c84fa94-04c1-424b-9868-57a2d4851a1d">
    </UnitTestResult>
    <UnitTestResult executionId="8650c467-1461-4130-afe7-b7e79b8dbdf1" testId="5b83b9d9-1a40-e881-53a4-6b7426547bd2" testName="Join_LetAssignment" computerName="MIKE-NOTEBOOK2" duration="00:00:00" startTime="0001-01-01T08:00:00.0000000+08:00" endTime="0001-01-01T08:00:00.0000000+08:00" testType="13cdc9d9-ddb5-4fa4-a97d-d965ccfc6d4b" outcome="NotExecuted" testListId="8c84fa94-04c1-424b-9868-57a2d4851a1d">
    </UnitTestResult>
    <UnitTestResult executionId="43ef29c8-6fe4-4b07-8444-c8c360dccdc8" testId="61d1f3e0-d9cb-4fcf-dcbc-0dbeaa27feb6" testName="Join_CompositeKey" computerName="MIKE-NOTEBOOK2" duration="00:00:00" startTime="0001-01-01T08:00:00.0000000+08:00" endTime="0001-01-01T08:00:00.0000000+08:00" testType="13cdc9d9-ddb5-4fa4-a97d-d965ccfc6d4b" outcome="NotExecuted" testListId="8c84fa94-04c1-424b-9868-57a2d4851a1d">
    </UnitTestResult>
    <UnitTestResult executionId="cf286109-fab4-4836-864d-e68c758220dd" testId="d182491f-4028-d736-f138-8b54baed5f4d" testName="Join_NullableNonnullableKeyRelationship" computerName="MIKE-NOTEBOOK2" duration="00:00:00" startTime="0001-01-01T08:00:00.0000000+08:00" endTime="0001-01-01T08:00:00.0000000+08:00" testType="13cdc9d9-ddb5-4fa4-a97d-d965ccfc6d4b" outcome="NotExecuted" testListId="8c84fa94-04c1-424b-9868-57a2d4851a1d">
    </UnitTestResult>
    <UnitTestResult executionId="bd73c8be-7fdf-4446-8100-819b5d99eb01" testId="4958ca81-70b4-0a4d-43c1-0dbc4a7ac787" testName="Join" computerName="MIKE-NOTEBOOK2" duration="00:00:00" startTime="0001-01-01T08:00:00.0000000+08:00" endTime="0001-01-01T08:00:00.0000000+08:00" testType="13cdc9d9-ddb5-4fa4-a97d-d965ccfc6d4b" outcome="NotExecuted" testListId="8c84fa94-04c1-424b-9868-57a2d4851a1d">
    </UnitTestResult>
    <UnitTestResult executionId="8eacf482-3f96-432f-82b7-af5dc86457d8" testId="3a72f801-2643-f5c5-12a6-56f96af78b35" testName="OrderBy_Simple" computerName="MIKE-NOTEBOOK2" duration="00:00:00" startTime="0001-01-01T08:00:00.0000000+08:00" endTime="0001-01-01T08:00:00.0000000+08:00" testType="13cdc9d9-ddb5-4fa4-a97d-d965ccfc6d4b" outcome="NotExecuted" testListId="8c84fa94-04c1-424b-9868-57a2d4851a1d">
    </UnitTestResult>
    <UnitTestResult executionId="b7da0086-02b6-4d98-b8f3-53cc5c12b8cd" testId="b04b476a-cd11-b985-0c7e-c7f47af71af8" testName="OrderBy_Conditional" computerName="MIKE-NOTEBOOK2" duration="00:00:00" startTime="0001-01-01T08:00:00.0000000+08:00" endTime="0001-01-01T08:00:00.0000000+08:00" testType="13cdc9d9-ddb5-4fa4-a97d-d965ccfc6d4b" outcome="NotExecuted" testListId="8c84fa94-04c1-424b-9868-57a2d4851a1d">
    </UnitTestResult>
    <UnitTestResult executionId="16bdf1b2-eafe-434b-8278-952e7f2b09d4" testId="39644ba3-c81c-6e74-67f0-44f0fd127405" testName="OrderBy_ThenByDescending" computerName="MIKE-NOTEBOOK2" duration="00:00:00" startTime="0001-01-01T08:00:00.0000000+08:00" endTime="0001-01-01T08:00:00.0000000+08:00" testType="13cdc9d9-ddb5-4fa4-a97d-d965ccfc6d4b" outcome="NotExecuted" testListId="8c84fa94-04c1-424b-9868-57a2d4851a1d">
    </UnitTestResult>
    <UnitTestResult executionId="1cb84425-777d-4811-8118-3a6b67a5770b" testId="3ccbfd03-02a6-454e-3e72-817f3d50fd3f" testName="OrderBy_GroupBy" computerName="MIKE-NOTEBOOK2" duration="00:00:00" startTime="0001-01-01T08:00:00.0000000+08:00" endTime="0001-01-01T08:00:00.0000000+08:00" testType="13cdc9d9-ddb5-4fa4-a97d-d965ccfc6d4b" outcome="NotExecuted" testListId="8c84fa94-04c1-424b-9868-57a2d4851a1d">
    </UnitTestResult>
    <UnitTestResult executionId="2f5761b2-0f26-4265-a14e-196e64e6b3ff" testId="2c3e061a-1176-0f3a-4b33-1757668d5a85" testName="GroupBy_Simple" computerName="MIKE-NOTEBOOK2" duration="00:00:00" startTime="0001-01-01T08:00:00.0000000+08:00" endTime="0001-01-01T08:00:00.0000000+08:00" testType="13cdc9d9-ddb5-4fa4-a97d-d965ccfc6d4b" outcome="NotExecuted" testListId="8c84fa94-04c1-424b-9868-57a2d4851a1d">
    </UnitTestResult>
    <UnitTestResult executionId="4bcc7a2c-1e1e-4a1e-84eb-2cbb40534ba9" testId="d44ccd8a-09c6-35e1-0d05-c5a5e85eace4" testName="GroupBy_Select" computerName="MIKE-NOTEBOOK2" duration="00:00:00" startTime="0001-01-01T08:00:00.0000000+08:00" endTime="0001-01-01T08:00:00.0000000+08:00" testType="13cdc9d9-ddb5-4fa4-a97d-d965ccfc6d4b" outcome="NotExecuted" testListId="8c84fa94-04c1-424b-9868-57a2d4851a1d">
    </UnitTestResult>
    <UnitTestResult executionId="037d876e-a6d0-41e9-963d-eb2c0772d137" testId="9a074be6-736a-0cf1-23d7-3e03e316d657" testName="GroupBy_Max" computerName="MIKE-NOTEBOOK2" duration="00:00:00" startTime="0001-01-01T08:00:00.0000000+08:00" endTime="0001-01-01T08:00:00.0000000+08:00" testType="13cdc9d9-ddb5-4fa4-a97d-d965ccfc6d4b" outcome="NotExecuted" testListId="8c84fa94-04c1-424b-9868-57a2d4851a1d">
    </UnitTestResult>
    <UnitTestResult executionId="c7cac665-fbee-408a-931b-3ca02e959bb9" testId="02bbeaf2-76d2-3741-4b8e-1d69a7c45e76" testName="GroupBy_Min" computerName="MIKE-NOTEBOOK2" duration="00:00:00" startTime="0001-01-01T08:00:00.0000000+08:00" endTime="0001-01-01T08:00:00.0000000+08:00" testType="13cdc9d9-ddb5-4fa4-a97d-d965ccfc6d4b" outcome="NotExecuted" testListId="8c84fa94-04c1-424b-9868-57a2d4851a1d">
    </UnitTestResult>
    <UnitTestResult executionId="5a45fb79-5f09-4dff-94ea-3f3f3998d9a2" testId="896dca81-4415-0785-d3ab-ce59ce03c625" testName="GroupBy_Avg" computerName="MIKE-NOTEBOOK2" duration="00:00:00" startTime="0001-01-01T08:00:00.0000000+08:00" endTime="0001-01-01T08:00:00.0000000+08:00" testType="13cdc9d9-ddb5-4fa4-a97d-d965ccfc6d4b" outcome="NotExecuted" testListId="8c84fa94-04c1-424b-9868-57a2d4851a1d">
    </UnitTestResult>
    <UnitTestResult executionId="ceb54e97-0db9-4f5c-87d0-a082e5bb0207" testId="1666332f-a49b-36c5-1816-7fe7d472894f" testName="GroupBy_Sum" computerName="MIKE-NOTEBOOK2" duration="00:00:00" startTime="0001-01-01T08:00:00.0000000+08:00" endTime="0001-01-01T08:00:00.0000000+08:00" testType="13cdc9d9-ddb5-4fa4-a97d-d965ccfc6d4b" outcome="NotExecuted" testListId="8c84fa94-04c1-424b-9868-57a2d4851a1d">
    </UnitTestResult>
    <UnitTestResult executionId="1518728c-5125-49eb-b8fa-ed608a725e41" testId="943b8b53-26ec-c8bf-125f-a558689398fb" testName="GroupByCount" computerName="MIKE-NOTEBOOK2" duration="00:00:00" startTime="0001-01-01T08:00:00.0000000+08:00" endTime="0001-01-01T08:00:00.0000000+08:00" testType="13cdc9d9-ddb5-4fa4-a97d-d965ccfc6d4b" outcome="NotExecuted" testListId="8c84fa94-04c1-424b-9868-57a2d4851a1d">
    </UnitTestResult>
    <UnitTestResult executionId="921d10b1-a0a8-4965-87ae-76fa61f17016" testId="d84cc804-b652-fab4-3887-afa4aea4e008" testName="GroupBy_ConditionalCount" computerName="MIKE-NOTEBOOK2" duration="00:00:00" startTime="0001-01-01T08:00:00.0000000+08:00" endTime="0001-01-01T08:00:00.0000000+08:00" testType="13cdc9d9-ddb5-4fa4-a97d-d965ccfc6d4b" outcome="NotExecuted" testListId="8c84fa94-04c1-424b-9868-57a2d4851a1d">
    </UnitTestResult>
    <UnitTestResult executionId="f37a0c34-095a-4b06-9721-c6d324329c0a" testId="743f450d-8531-2a62-0071-0bc6e13604c8" testName="GroupBy_Where" computerName="MIKE-NOTEBOOK2" duration="00:00:00" startTime="0001-01-01T08:00:00.0000000+08:00" endTime="0001-01-01T08:00:00.0000000+08:00" testType="13cdc9d9-ddb5-4fa4-a97d-d965ccfc6d4b" outcome="NotExecuted" testListId="8c84fa94-04c1-424b-9868-57a2d4851a1d">
    </UnitTestResult>
    <UnitTestResult executionId="dbc21344-63a1-4622-8a5e-e5981169b25a" testId="f7fbe7c0-9d2a-8d9c-a89f-d0e04761bf6a" testName="GroupBy_MultipleColumns" computerName="MIKE-NOTEBOOK2" duration="00:00:00" startTime="0001-01-01T08:00:00.0000000+08:00" endTime="0001-01-01T08:00:00.0000000+08:00" testType="13cdc9d9-ddb5-4fa4-a97d-d965ccfc6d4b" outcome="NotExecuted" testListId="8c84fa94-04c1-424b-9868-57a2d4851a1d">
    </UnitTestResult>
    <UnitTestResult executionId="3b242dbc-0744-4d69-be24-926746a0796b" testId="c3f55d24-c1e6-ee3d-3313-f3b8d719bf3e" testName="GroupBy_Expression" computerName="MIKE-NOTEBOOK2" duration="00:00:00" startTime="0001-01-01T08:00:00.0000000+08:00" endTime="0001-01-01T08:00:00.0000000+08:00" testType="13cdc9d9-ddb5-4fa4-a97d-d965ccfc6d4b" outcome="NotExecuted" testListId="8c84fa94-04c1-424b-9868-57a2d4851a1d">
    </UnitTestResult>
    <UnitTestResult executionId="85aebf69-d563-4a76-8b79-9761b6ba2ed2" testId="dee82053-a4d8-3e6c-404f-52d9958df0d9" testName="GroupBy_Nested" computerName="MIKE-NOTEBOOK2" duration="00:00:00" startTime="0001-01-01T08:00:00.0000000+08:00" endTime="0001-01-01T08:00:00.0000000+08:00" testType="13cdc9d9-ddb5-4fa4-a97d-d965ccfc6d4b" outcome="NotExecuted" testListId="8c84fa94-04c1-424b-9868-57a2d4851a1d">
    </UnitTestResult>
    <UnitTestResult executionId="2092752a-c8b8-48fd-a3c4-a5efd8abc891" testId="4673b23b-da03-c388-d2a2-4e338ad9dc4d" testName="GroupBy_Year" computerName="MIKE-NOTEBOOK2" duration="00:00:00" startTime="0001-01-01T08:00:00.0000000+08:00" endTime="0001-01-01T08:00:00.0000000+08:00" testType="13cdc9d9-ddb5-4fa4-a97d-d965ccfc6d4b" outcome="NotExecuted" testListId="8c84fa94-04c1-424b-9868-57a2d4851a1d">
    </UnitTestResult>
    <UnitTestResult executionId="26c994a2-dccb-4281-beb1-a7665ae69934" testId="77ab4efd-af1b-2e78-cc5f-511f325d2913" testName="GroupBy_Month" computerName="MIKE-NOTEBOOK2" duration="00:00:00" startTime="0001-01-01T08:00:00.0000000+08:00" endTime="0001-01-01T08:00:00.0000000+08:00" testType="13cdc9d9-ddb5-4fa4-a97d-d965ccfc6d4b" outcome="NotExecuted" testListId="8c84fa94-04c1-424b-9868-57a2d4851a1d">
    </UnitTestResult>
    <UnitTestResult executionId="e7a7ae6a-28a9-488b-84d4-908fcbaa0e83" testId="07114600-b158-a249-e961-f4adb9774cbb" testName="GroupBy_Day" computerName="MIKE-NOTEBOOK2" duration="00:00:00" startTime="0001-01-01T08:00:00.0000000+08:00" endTime="0001-01-01T08:00:00.0000000+08:00" testType="13cdc9d9-ddb5-4fa4-a97d-d965ccfc6d4b" outcome="NotExecuted" testListId="8c84fa94-04c1-424b-9868-57a2d4851a1d">
    </UnitTestResult>
    <UnitTestResult executionId="ace5d62a-249b-4dda-bc1e-7be8f330ce98" testId="68094dec-cb55-2371-7c84-46762bfe9696" testName="GroupBy_Date" computerName="MIKE-NOTEBOOK2" duration="00:00:00" startTime="0001-01-01T08:00:00.0000000+08:00" endTime="0001-01-01T08:00:00.0000000+08:00" testType="13cdc9d9-ddb5-4fa4-a97d-d965ccfc6d4b" outcome="NotExecuted" testListId="8c84fa94-04c1-424b-9868-57a2d4851a1d">
    </UnitTestResult>
    <UnitTestResult executionId="eeb8180f-caa3-4e9e-a3bc-a2bf28807e12" testId="a75fb6eb-a343-092e-6810-0f7c88a9b0f7" testName="Any_Simple" computerName="MIKE-NOTEBOOK2" duration="00:00:00" startTime="0001-01-01T08:00:00.0000000+08:00" endTime="0001-01-01T08:00:00.0000000+08:00" testType="13cdc9d9-ddb5-4fa4-a97d-d965ccfc6d4b" outcome="NotExecuted" testListId="8c84fa94-04c1-424b-9868-57a2d4851a1d">
    </UnitTestResult>
    <UnitTestResult executionId="dda82941-dd1c-4434-972c-ffc34a6f975f" testId="eb3da0b5-481b-5c81-2443-0467f3063406" testName="Any_Condition" computerName="MIKE-NOTEBOOK2" duration="00:00:00" startTime="0001-01-01T08:00:00.0000000+08:00" endTime="0001-01-01T08:00:00.0000000+08:00" testType="13cdc9d9-ddb5-4fa4-a97d-d965ccfc6d4b" outcome="NotExecuted" testListId="8c84fa94-04c1-424b-9868-57a2d4851a1d">
    </UnitTestResult>
    <UnitTestResult executionId="0f0d0464-5f79-44f8-a425-e72efe094c06" testId="4d946549-ce66-6fe4-5378-c67c91f36017" testName="Any_Grouped" computerName="MIKE-NOTEBOOK2" duration="00:00:00" startTime="0001-01-01T08:00:00.0000000+08:00" endTime="0001-01-01T08:00:00.0000000+08:00" testType="13cdc9d9-ddb5-4fa4-a97d-d965ccfc6d4b" outcome="NotExecuted" testListId="8c84fa94-04c1-424b-9868-57a2d4851a1d">
    </UnitTestResult>
    <UnitTestResult executionId="1fd78516-b0c8-4902-98a8-c2c80fa3359a" testId="37538e1e-3892-5993-8b0b-3a3e6a4d6f45" testName="All_Simple" computerName="MIKE-NOTEBOOK2" duration="00:00:00" startTime="0001-01-01T08:00:00.0000000+08:00" endTime="0001-01-01T08:00:00.0000000+08:00" testType="13cdc9d9-ddb5-4fa4-a97d-d965ccfc6d4b" outcome="NotExecuted" testListId="8c84fa94-04c1-424b-9868-57a2d4851a1d">
    </UnitTestResult>
    <UnitTestResult executionId="30d4ccc2-3f2a-4e22-a2f9-7c5327f7a5d4" testId="962cbdfe-3f57-b945-228f-23c984ec5dbd" testName="All_Grouped" computerName="MIKE-NOTEBOOK2" duration="00:00:00" startTime="0001-01-01T08:00:00.0000000+08:00" endTime="0001-01-01T08:00:00.0000000+08:00" testType="13cdc9d9-ddb5-4fa4-a97d-d965ccfc6d4b" outcome="NotExecuted" testListId="8c84fa94-04c1-424b-9868-57a2d4851a1d">
    </UnitTestResult>
    <UnitTestResult executionId="3e28b134-08cf-4c44-8ed3-2bb4f26b82c1" testId="9365d873-9157-6214-0337-5936e6d9d66d" testName="Contains" computerName="MIKE-NOTEBOOK2" duration="00:00:00" startTime="0001-01-01T08:00:00.0000000+08:00" endTime="0001-01-01T08:00:00.0000000+08:00" testType="13cdc9d9-ddb5-4fa4-a97d-d965ccfc6d4b" outcome="NotExecuted" testListId="8c84fa94-04c1-424b-9868-57a2d4851a1d">
    </UnitTestResult>
    <UnitTestResult executionId="d1a7505f-663d-462a-b206-82097b73f8f5" testId="aa180504-6b61-89a8-4c7b-7a586e59f3d8" testName="Like" computerName="MIKE-NOTEBOOK2" duration="00:00:00" startTime="0001-01-01T08:00:00.0000000+08:00" endTime="0001-01-01T08:00:00.0000000+08:00" testType="13cdc9d9-ddb5-4fa4-a97d-d965ccfc6d4b" outcome="NotExecuted" testListId="8c84fa94-04c1-424b-9868-57a2d4851a1d">
    </UnitTestResult>
    <UnitTestResult executionId="3463188b-9c15-4d54-8bd2-4fb3c5996f37" testId="a582c51e-1a5e-2187-bfd7-a57380370ef7" testName="TestNull" computerName="MIKE-NOTEBOOK2" duration="00:00:00" startTime="0001-01-01T08:00:00.0000000+08:00" endTime="0001-01-01T08:00:00.0000000+08:00" testType="13cdc9d9-ddb5-4fa4-a97d-d965ccfc6d4b" outcome="NotExecuted" testListId="8c84fa94-04c1-424b-9868-57a2d4851a1d">
    </UnitTestResult>
    <UnitTestResult executionId="68ee2244-dcc0-41c3-ba85-89ba574cd530" testId="b0318158-489d-f04b-210b-ccd127a3be56" testName="CollectionConvert" computerName="MIKE-NOTEBOOK2" duration="00:00:00" startTime="0001-01-01T08:00:00.0000000+08:00" endTime="0001-01-01T08:00:00.0000000+08:00" testType="13cdc9d9-ddb5-4fa4-a97d-d965ccfc6d4b" outcome="NotExecuted" testListId="8c84fa94-04c1-424b-9868-57a2d4851a1d">
    </UnitTestResult>
    <UnitTestResult executionId="6bd545b8-257c-47ea-a951-5daaf136caee" testId="0d13ff5d-2138-0b38-f00b-2f6e1b29b7ff" testName="Concat" computerName="MIKE-NOTEBOOK2" duration="00:00:00" startTime="0001-01-01T08:00:00.0000000+08:00" endTime="0001-01-01T08:00:00.0000000+08:00" testType="13cdc9d9-ddb5-4fa4-a97d-d965ccfc6d4b" outcome="NotExecuted" testListId="8c84fa94-04c1-424b-9868-57a2d4851a1d">
    </UnitTestResult>
    <UnitTestResult executionId="1c9b11c6-c094-4f64-8274-fd3701cd854e" testId="e9331109-be1f-1fcf-5deb-a10b413637f7" testName="StringConcat" computerName="MIKE-NOTEBOOK2" duration="00:00:00" startTime="0001-01-01T08:00:00.0000000+08:00" endTime="0001-01-01T08:00:00.0000000+08:00" testType="13cdc9d9-ddb5-4fa4-a97d-d965ccfc6d4b" outcome="NotExecuted" testListId="8c84fa94-04c1-424b-9868-57a2d4851a1d">
    </UnitTestResult>
    <UnitTestResult executionId="52611e23-9081-40c6-a93a-dae0805e1704" testId="b96c9fd4-3c20-156f-144d-fc4973ff9105" testName="StringLength" computerName="MIKE-NOTEBOOK2" duration="00:00:00" startTime="0001-01-01T08:00:00.0000000+08:00" endTime="0001-01-01T08:00:00.0000000+08:00" testType="13cdc9d9-ddb5-4fa4-a97d-d965ccfc6d4b" outcome="NotExecuted" testListId="8c84fa94-04c1-424b-9868-57a2d4851a1d">
    </UnitTestResult>
    <UnitTestResult executionId="cd107841-e034-47bf-9ecf-c1f9bb2e0b5e" testId="2d175339-0006-732b-6ee3-fa80b651dc1f" testName="StringContain" computerName="MIKE-NOTEBOOK2" duration="00:00:00" startTime="0001-01-01T08:00:00.0000000+08:00" endTime="0001-01-01T08:00:00.0000000+08:00" testType="13cdc9d9-ddb5-4fa4-a97d-d965ccfc6d4b" outcome="NotExecuted" testListId="8c84fa94-04c1-424b-9868-57a2d4851a1d">
    </UnitTestResult>
    <UnitTestResult executionId="b45656d7-6bcd-4a9c-9d2c-3bdb5e5e0e51" testId="66392782-9be7-b399-bac5-ed8a264798e6" testName="StringIndexOf" computerName="MIKE-NOTEBOOK2" duration="00:00:00" startTime="0001-01-01T08:00:00.0000000+08:00" endTime="0001-01-01T08:00:00.0000000+08:00" testType="13cdc9d9-ddb5-4fa4-a97d-d965ccfc6d4b" outcome="NotExecuted" testListId="8c84fa94-04c1-424b-9868-57a2d4851a1d">
    </UnitTestResult>
    <UnitTestResult executionId="cd80231e-65b5-4b4b-98f6-467656b756ff" testId="e04d2b56-498c-405e-ae32-754f5e4ffd6f" testName="StringStartsWith" computerName="MIKE-NOTEBOOK2" duration="00:00:00" startTime="0001-01-01T08:00:00.0000000+08:00" endTime="0001-01-01T08:00:00.0000000+08:00" testType="13cdc9d9-ddb5-4fa4-a97d-d965ccfc6d4b" outcome="NotExecuted" testListId="8c84fa94-04c1-424b-9868-57a2d4851a1d">
    </UnitTestResult>
    <UnitTestResult executionId="5fa3befa-4e02-4859-ab58-36ce0b53f647" testId="eaffc9b6-74b0-4238-f2c7-6eb1d2b430d9" testName="StringEndsWith" computerName="MIKE-NOTEBOOK2" duration="00:00:00" startTime="0001-01-01T08:00:00.0000000+08:00" endTime="0001-01-01T08:00:00.0000000+08:00" testType="13cdc9d9-ddb5-4fa4-a97d-d965ccfc6d4b" outcome="NotExecuted" testListId="8c84fa94-04c1-424b-9868-57a2d4851a1d">
    </UnitTestResult>
    <UnitTestResult executionId="b0e0d11a-aaa8-452a-988d-8d51c170a3dc" testId="1450f9e6-5ee2-066b-5500-4696973a5e4c" testName="StringSubstring" computerName="MIKE-NOTEBOOK2" duration="00:00:00" startTime="0001-01-01T08:00:00.0000000+08:00" endTime="0001-01-01T08:00:00.0000000+08:00" testType="13cdc9d9-ddb5-4fa4-a97d-d965ccfc6d4b" outcome="NotExecuted" testListId="8c84fa94-04c1-424b-9868-57a2d4851a1d">
    </UnitTestResult>
    <UnitTestResult executionId="133ec80b-eb22-41cb-b990-60a09f926acf" testId="1a935d48-b665-c314-160c-1e504796e0cf" testName="StringToUpper" computerName="MIKE-NOTEBOOK2" duration="00:00:00" startTime="0001-01-01T08:00:00.0000000+08:00" endTime="0001-01-01T08:00:00.0000000+08:00" testType="13cdc9d9-ddb5-4fa4-a97d-d965ccfc6d4b" outcome="NotExecuted" testListId="8c84fa94-04c1-424b-9868-57a2d4851a1d">
    </UnitTestResult>
    <UnitTestResult executionId="9a2b4b94-f1db-442a-bb09-d0a595636b30" testId="83617e51-6d6a-9571-1447-6df90768f58c" testName="StringToLower" computerName="MIKE-NOTEBOOK2" duration="00:00:00" startTime="0001-01-01T08:00:00.0000000+08:00" endTime="0001-01-01T08:00:00.0000000+08:00" testType="13cdc9d9-ddb5-4fa4-a97d-d965ccfc6d4b" outcome="NotExecuted" testListId="8c84fa94-04c1-424b-9868-57a2d4851a1d">
    </UnitTestResult>
    <UnitTestResult executionId="aabe29dd-1364-4a4e-91d5-ac7a302ef13e" testId="4f8e5e8a-227d-a82a-0acb-aea1bf8eb3c5" testName="String_Trim" computerName="MIKE-NOTEBOOK2" duration="00:00:00" startTime="0001-01-01T08:00:00.0000000+08:00" endTime="0001-01-01T08:00:00.0000000+08:00" testType="13cdc9d9-ddb5-4fa4-a97d-d965ccfc6d4b" outcome="NotExecuted" testListId="8c84fa94-04c1-424b-9868-57a2d4851a1d">
    </UnitTestResult>
    <UnitTestResult executionId="501a357f-7c91-4698-80b0-6ae79805cfe3" testId="60464050-395d-41b8-4abc-cd5e8f53898c" testName="String_TrimStart" computerName="MIKE-NOTEBOOK2" duration="00:00:00" startTime="0001-01-01T08:00:00.0000000+08:00" endTime="0001-01-01T08:00:00.0000000+08:00" testType="13cdc9d9-ddb5-4fa4-a97d-d965ccfc6d4b" outcome="NotExecuted" testListId="8c84fa94-04c1-424b-9868-57a2d4851a1d">
    </UnitTestResult>
    <UnitTestResult executionId="1c1ce932-e8d3-42d0-8251-ac13353bf763" testId="7d8e8d60-081a-647d-5c54-e013795ceb73" testName="String_TrimEnd" computerName="MIKE-NOTEBOOK2" duration="00:00:00" startTime="0001-01-01T08:00:00.0000000+08:00" endTime="0001-01-01T08:00:00.0000000+08:00" testType="13cdc9d9-ddb5-4fa4-a97d-d965ccfc6d4b" outcome="NotExecuted" testListId="8c84fa94-04c1-424b-9868-57a2d4851a1d">
    </UnitTestResult>
    <UnitTestResult executionId="5473acd7-3200-4960-a83e-6bb12b8e96d6" testId="9dda76b6-8ced-1c44-8583-a3f1e4dca041" testName="StringInsert" computerName="MIKE-NOTEBOOK2" duration="00:00:00" startTime="0001-01-01T08:00:00.0000000+08:00" endTime="0001-01-01T08:00:00.0000000+08:00" testType="13cdc9d9-ddb5-4fa4-a97d-d965ccfc6d4b" outcome="NotExecuted" testListId="8c84fa94-04c1-424b-9868-57a2d4851a1d">
    </UnitTestResult>
    <UnitTestResult executionId="ba6a0b48-7de7-4cfd-8cea-db840ef62a2f" testId="b9835bba-2e55-418c-e07e-e99358c564e6" testName="StringRemove" computerName="MIKE-NOTEBOOK2" duration="00:00:00" startTime="0001-01-01T08:00:00.0000000+08:00" endTime="0001-01-01T08:00:00.0000000+08:00" testType="13cdc9d9-ddb5-4fa4-a97d-d965ccfc6d4b" outcome="NotExecuted" testListId="8c84fa94-04c1-424b-9868-57a2d4851a1d">
    </UnitTestResult>
    <UnitTestResult executionId="2f0e687b-c21c-48e0-8804-2ac970706a2b" testId="ee564589-31f7-57d5-395f-791c7ea905b1" testName="StringRelace" computerName="MIKE-NOTEBOOK2" duration="00:00:00" startTime="0001-01-01T08:00:00.0000000+08:00" endTime="0001-01-01T08:00:00.0000000+08:00" testType="13cdc9d9-ddb5-4fa4-a97d-d965ccfc6d4b" outcome="NotExecuted" testListId="8c84fa94-04c1-424b-9868-57a2d4851a1d">
    </UnitTestResult>
    <UnitTestResult executionId="4a7ef1e4-7463-4e6f-ac4b-db227a6d656c" testId="96e9a89e-d44e-2c53-224f-7e7e3aa5dd95" testName="DateTime_Year" computerName="MIKE-NOTEBOOK2" duration="00:00:00" startTime="0001-01-01T08:00:00.0000000+08:00" endTime="0001-01-01T08:00:00.0000000+08:00" testType="13cdc9d9-ddb5-4fa4-a97d-d965ccfc6d4b" outcome="NotExecuted" testListId="8c84fa94-04c1-424b-9868-57a2d4851a1d">
    </UnitTestResult>
    <UnitTestResult executionId="7b828d1e-0c18-4657-8daf-23614530bf10" testId="74f35ea3-2001-f66e-80ee-1166df767499" testName="DateTime_Month" computerName="MIKE-NOTEBOOK2" duration="00:00:00" startTime="0001-01-01T08:00:00.0000000+08:00" endTime="0001-01-01T08:00:00.0000000+08:00" testType="13cdc9d9-ddb5-4fa4-a97d-d965ccfc6d4b" outcome="NotExecuted" testListId="8c84fa94-04c1-424b-9868-57a2d4851a1d">
    </UnitTestResult>
    <UnitTestResult executionId="b3a16377-a701-49a5-b4af-f225e6b253aa" testId="47c323d9-996c-ca2a-7ee3-2095452d6582" testName="DateTime_Day" computerName="MIKE-NOTEBOOK2" duration="00:00:00" startTime="0001-01-01T08:00:00.0000000+08:00" endTime="0001-01-01T08:00:00.0000000+08:00" testType="13cdc9d9-ddb5-4fa4-a97d-d965ccfc6d4b" outcome="NotExecuted" testListId="8c84fa94-04c1-424b-9868-57a2d4851a1d">
    </UnitTestResult>
    <UnitTestResult executionId="e8d77b25-6ae5-442f-9f13-fc32952f5e07" testId="11514bdf-31c9-066d-5de5-e16bfa099de6" testName="DateTimeGT" computerName="MIKE-NOTEBOOK2" duration="00:00:00" startTime="0001-01-01T08:00:00.0000000+08:00" endTime="0001-01-01T08:00:00.0000000+08:00" testType="13cdc9d9-ddb5-4fa4-a97d-d965ccfc6d4b" outcome="NotExecuted" testListId="8c84fa94-04c1-424b-9868-57a2d4851a1d">
    </UnitTestResult>
    <UnitTestResult executionId="050b7b10-b68b-44db-985e-f678a76b4ffc" testId="942f0227-8023-b8f4-5997-d906b0c67420" testName="DateTimeGE" computerName="MIKE-NOTEBOOK2" duration="00:00:00" startTime="0001-01-01T08:00:00.0000000+08:00" endTime="0001-01-01T08:00:00.0000000+08:00" testType="13cdc9d9-ddb5-4fa4-a97d-d965ccfc6d4b" outcome="NotExecuted" testListId="8c84fa94-04c1-424b-9868-57a2d4851a1d">
    </UnitTestResult>
    <UnitTestResult executionId="9841e629-b753-467e-a336-44f1cef89ff8" testId="c5196b83-3361-9006-6e4b-f98321f4ddc5" testName="DateTimeLT" computerName="MIKE-NOTEBOOK2" duration="00:00:00" startTime="0001-01-01T08:00:00.0000000+08:00" endTime="0001-01-01T08:00:00.0000000+08:00" testType="13cdc9d9-ddb5-4fa4-a97d-d965ccfc6d4b" outcome="NotExecuted" testListId="8c84fa94-04c1-424b-9868-57a2d4851a1d">
    </UnitTestResult>
    <UnitTestResult executionId="eb6837b1-a8ed-45fb-903f-5bb2979dc225" testId="de182cb5-3394-058a-a796-0717ca7ca2ce" testName="DateTimeLE" computerName="MIKE-NOTEBOOK2" duration="00:00:00" startTime="0001-01-01T08:00:00.0000000+08:00" endTime="0001-01-01T08:00:00.0000000+08:00" testType="13cdc9d9-ddb5-4fa4-a97d-d965ccfc6d4b" outcome="NotExecuted" testListId="8c84fa94-04c1-424b-9868-57a2d4851a1d">
    </UnitTestResult>
    <UnitTestResult executionId="8ee6231e-73d1-43fc-825d-faaa1676aac8" testId="5235aa8d-b366-014a-60d0-52687e9815fd" testName="DateTime_Date" computerName="MIKE-NOTEBOOK2" duration="00:00:00" startTime="0001-01-01T08:00:00.0000000+08:00" endTime="0001-01-01T08:00:00.0000000+08:00" testType="13cdc9d9-ddb5-4fa4-a97d-d965ccfc6d4b" outcome="NotExecuted" testListId="8c84fa94-04c1-424b-9868-57a2d4851a1d">
    </UnitTestResult>
    <UnitTestResult executionId="5249e847-af60-41a5-891f-b537ab9c7626" testId="93c21ba5-266d-a783-82c9-3d91a66c8b11" testName="DateTime_TimeOfDay" computerName="MIKE-NOTEBOOK2" duration="00:00:00" startTime="0001-01-01T08:00:00.0000000+08:00" endTime="0001-01-01T08:00:00.0000000+08:00" testType="13cdc9d9-ddb5-4fa4-a97d-d965ccfc6d4b" outcome="NotExecuted" testListId="8c84fa94-04c1-424b-9868-57a2d4851a1d">
    </UnitTestResult>
    <UnitTestResult executionId="80dc3cc7-4683-4bde-b800-a113ffa1766f" testId="531be3dc-3dc2-769a-6fd2-2c6f08eb05a4" testName="Insert_Simple" computerName="MIKE-NOTEBOOK2" duration="00:00:00" startTime="0001-01-01T08:00:00.0000000+08:00" endTime="0001-01-01T08:00:00.0000000+08:00" testType="13cdc9d9-ddb5-4fa4-a97d-d965ccfc6d4b" outcome="NotExecuted" testListId="8c84fa94-04c1-424b-9868-57a2d4851a1d">
    </UnitTestResult>
    <UnitTestResult executionId="9c6db88b-8a02-44b4-898c-971da0b05798" testId="4b12f3d7-f98b-7eb7-10ae-0705f51077e0" testName="Insert_OneToMany" computerName="MIKE-NOTEBOOK2" duration="00:00:00" startTime="0001-01-01T08:00:00.0000000+08:00" endTime="0001-01-01T08:00:00.0000000+08:00" testType="13cdc9d9-ddb5-4fa4-a97d-d965ccfc6d4b" outcome="NotExecuted" testListId="8c84fa94-04c1-424b-9868-57a2d4851a1d">
    </UnitTestResult>
    <UnitTestResult executionId="039e5437-5c71-41b3-a47f-5ab5ea78bd06" testId="fb804d0f-9009-f42f-956f-7e92477921a3" testName="Insert_ManyToMany" computerName="MIKE-NOTEBOOK2" duration="00:00:00" startTime="0001-01-01T08:00:00.0000000+08:00" endTime="0001-01-01T08:00:00.0000000+08:00" testType="13cdc9d9-ddb5-4fa4-a97d-d965ccfc6d4b" outcome="NotExecuted" testListId="8c84fa94-04c1-424b-9868-57a2d4851a1d">
    </UnitTestResult>
    <UnitTestResult executionId="f47c995e-75f4-4193-abb2-87a2fc301e56" testId="f897dcc3-2ca0-0711-2b48-d42c7bfafe12" testName="Delete_ManyToMany" computerName="MIKE-NOTEBOOK2" duration="00:00:00" startTime="0001-01-01T08:00:00.0000000+08:00" endTime="0001-01-01T08:00:00.0000000+08:00" testType="13cdc9d9-ddb5-4fa4-a97d-d965ccfc6d4b" outcome="NotExecuted" testListId="8c84fa94-04c1-424b-9868-57a2d4851a1d">
    </UnitTestResult>
    <UnitTestResult executionId="b6947871-b5e3-4f8f-ae76-8a253ed5aac5" testId="ea26f00b-be4b-ec64-d262-d584c912a330" testName="Update" computerName="MIKE-NOTEBOOK2" duration="00:00:00" startTime="0001-01-01T08:00:00.0000000+08:00" endTime="0001-01-01T08:00:00.0000000+08:00" testType="13cdc9d9-ddb5-4fa4-a97d-d965ccfc6d4b" outcome="NotExecuted" testListId="8c84fa94-04c1-424b-9868-57a2d4851a1d">
    </UnitTestResult>
    <UnitTestResult executionId="b415e1c6-cce0-4f5a-9727-117abc2ce9d8" testId="9aab9212-610c-5576-ce8d-64dac2879868" testName="Inherit" computerName="MIKE-NOTEBOOK2" duration="00:00:00" startTime="0001-01-01T08:00:00.0000000+08:00" endTime="0001-01-01T08:00:00.0000000+08:00" testType="13cdc9d9-ddb5-4fa4-a97d-d965ccfc6d4b" outcome="NotExecuted" testListId="8c84fa94-04c1-424b-9868-57a2d4851a1d">
    </UnitTestResult>
    <UnitTestResult executionId="84f45842-b0e6-42c7-ac9a-27e8cd66f8ed" testId="4d6621cb-7563-f766-af45-c9ebc7d5e2d5" testName="Insert_Inherit" computerName="MIKE-NOTEBOOK2" duration="00:00:00" startTime="0001-01-01T08:00:00.0000000+08:00" endTime="0001-01-01T08:00:00.0000000+08:00" testType="13cdc9d9-ddb5-4fa4-a97d-d965ccfc6d4b" outcome="NotExecuted" testListId="8c84fa94-04c1-424b-9868-57a2d4851a1d">
    </UnitTestResult>
    <UnitTestResult executionId="23847c16-de75-477b-9ba2-fab3e9e9bfdf" testId="6a855ed5-d28b-c339-ac5d-aa7dbc0f692e" testName="DataLoadOptionsTest" computerName="MIKE-NOTEBOOK2" duration="00:00:00" startTime="0001-01-01T08:00:00.0000000+08:00" endTime="0001-01-01T08:00:00.0000000+08:00" testType="13cdc9d9-ddb5-4fa4-a97d-d965ccfc6d4b" outcome="NotExecuted" testListId="8c84fa94-04c1-424b-9868-57a2d4851a1d">
    </UnitTestResult>
    <UnitTestResult executionId="20c49bef-c107-4b38-85c3-f17216530880" testId="537068ff-3a39-3b5d-0279-61703161f475" testName="Null" computerName="MIKE-NOTEBOOK2" duration="00:00:00" startTime="0001-01-01T08:00:00.0000000+08:00" endTime="0001-01-01T08:00:00.0000000+08:00" testType="13cdc9d9-ddb5-4fa4-a97d-d965ccfc6d4b" outcome="NotExecuted" testListId="8c84fa94-04c1-424b-9868-57a2d4851a1d">
    </UnitTestResult>
    <UnitTestResult executionId="0f156125-5913-42e2-8ba3-a00d0352b59c" testId="636e096d-6a80-a2ef-d722-c1d4961a7547" testName="CreateDatabase" computerName="MIKE-NOTEBOOK2" duration="00:00:00" startTime="0001-01-01T08:00:00.0000000+08:00" endTime="0001-01-01T08:00:00.0000000+08:00" testType="13cdc9d9-ddb5-4fa4-a97d-d965ccfc6d4b" outcome="NotExecuted" testListId="8c84fa94-04c1-424b-9868-57a2d4851a1d">
    </UnitTestResult>
    <UnitTestResult executionId="b4ca18b4-cf00-44ec-bc07-4df45277aa1a" testId="01b34f7d-37e3-b635-ede3-5c95d1ed0d8f" testName="ResolveAll" computerName="MIKE-NOTEBOOK2" duration="00:00:00" startTime="0001-01-01T08:00:00.0000000+08:00" endTime="0001-01-01T08:00:00.0000000+08:00" testType="13cdc9d9-ddb5-4fa4-a97d-d965ccfc6d4b" outcome="NotExecuted" testListId="8c84fa94-04c1-424b-9868-57a2d4851a1d">
    </UnitTestResult>
    <UnitTestResult executionId="f3c38f72-1ed1-410c-bf5f-d20712fdc3a9" testId="aefdc6ce-1bed-4c41-67fa-cf050365300c" testName="ComposeKey" computerName="MIKE-NOTEBOOK2" duration="00:00:00" startTime="0001-01-01T08:00:00.0000000+08:00" endTime="0001-01-01T08:00:00.0000000+08:00" testType="13cdc9d9-ddb5-4fa4-a97d-d965ccfc6d4b" outcome="NotExecuted" testListId="8c84fa94-04c1-424b-9868-57a2d4851a1d">
    </UnitTestResult>
    <UnitTestResult executionId="cfc8f4b7-8112-4c0f-9ac7-5a7b1b749d22" testId="0881b728-9fa0-382a-99f2-2b749e051cd2" testName="AutoGuid" computerName="MIKE-NOTEBOOK2" duration="00:00:00" startTime="0001-01-01T08:00:00.0000000+08:00" endTime="0001-01-01T08:00:00.0000000+08:00" testType="13cdc9d9-ddb5-4fa4-a97d-d965ccfc6d4b" outcome="NotExecuted" testListId="8c84fa94-04c1-424b-9868-57a2d4851a1d">
    </UnitTestResult>
    <UnitTestResult executionId="fafb484a-1c87-4cd5-be48-e8c8a84a842f" testId="3fa2fb48-589a-58cd-92f4-c109a0cd6a61" testName="Association" computerName="MIKE-NOTEBOOK2" duration="00:00:00" startTime="0001-01-01T08:00:00.0000000+08:00" endTime="0001-01-01T08:00:00.0000000+08:00" testType="13cdc9d9-ddb5-4fa4-a97d-d965ccfc6d4b" outcome="NotExecuted" testListId="8c84fa94-04c1-424b-9868-57a2d4851a1d">
    </UnitTestResult>
    <UnitTestResult executionId="1ad4efbc-83db-40e2-a5fb-717455c2f526" testId="f3c40275-019f-876a-3ec9-586a9a42a15c" testName="Test1" computerName="MIKE-NOTEBOOK2" duration="00:00:00" startTime="0001-01-01T08:00:00.0000000+08:00" endTime="0001-01-01T08:00:00.0000000+08:00" testType="13cdc9d9-ddb5-4fa4-a97d-d965ccfc6d4b" outcome="NotExecuted" testListId="8c84fa94-04c1-424b-9868-57a2d4851a1d">
    </UnitTestResult>
    <UnitTestResult executionId="77e642af-085f-4c2b-a881-631822c794e4" testId="596f47f6-0940-7e8e-2fa3-a893fb1865b7" testName="Test2" computerName="MIKE-NOTEBOOK2" duration="00:00:00" startTime="0001-01-01T08:00:00.0000000+08:00" endTime="0001-01-01T08:00:00.0000000+08:00" testType="13cdc9d9-ddb5-4fa4-a97d-d965ccfc6d4b" outcome="NotExecuted" testListId="8c84fa94-04c1-424b-9868-57a2d4851a1d">
    </UnitTestResult>
    <UnitTestResult executionId="600cd3fe-5abb-4d45-bcb3-28258d71cd64" testId="c16c6a5d-b092-b9d1-0104-f82fbb01a680" testName="ProviderAndDatabaseNameTest" computerName="MIKE-NOTEBOOK2" duration="00:00:00" startTime="0001-01-01T08:00:00.0000000+08:00" endTime="0001-01-01T08:00:00.0000000+08:00" testType="13cdc9d9-ddb5-4fa4-a97d-d965ccfc6d4b" outcome="NotExecuted" testListId="8c84fa94-04c1-424b-9868-57a2d4851a1d">
    </UnitTestResult>
    <UnitTestResult executionId="098d31ef-6336-403d-b518-7dc27feb08fe" testId="ef1357bc-527f-738b-fa75-e0ee41b8e53b" testName="TableTest" computerName="MIKE-NOTEBOOK2" duration="00:00:00" startTime="0001-01-01T08:00:00.0000000+08:00" endTime="0001-01-01T08:00:00.0000000+08:00" testType="13cdc9d9-ddb5-4fa4-a97d-d965ccfc6d4b" outcome="NotExecuted" testListId="8c84fa94-04c1-424b-9868-57a2d4851a1d">
    </UnitTestResult>
    <UnitTestResult executionId="8ae9f3be-fcbc-4036-ac1b-e8d428444bd8" testId="ec6ae9d2-8a47-bbda-ed8b-86be33ab8979" testName="CompileTest" computerName="MIKE-NOTEBOOK2" duration="00:00:00" startTime="0001-01-01T08:00:00.0000000+08:00" endTime="0001-01-01T08:00:00.0000000+08:00" testType="13cdc9d9-ddb5-4fa4-a97d-d965ccfc6d4b" outcome="NotExecuted" testListId="8c84fa94-04c1-424b-9868-57a2d4851a1d">
    </UnitTestResult>
    <UnitTestResult executionId="32279c90-98a0-4bbb-a534-592dd7f8b29b" testId="ee7b1f2b-5640-e4fe-062a-13d7e68ca63f" testName="GetCreateTableCommandTest" computerName="MIKE-NOTEBOOK2" duration="00:00:00" startTime="0001-01-01T08:00:00.0000000+08:00" endTime="0001-01-01T08:00:00.0000000+08:00" testType="13cdc9d9-ddb5-4fa4-a97d-d965ccfc6d4b" outcome="NotExecuted" testListId="8c84fa94-04c1-424b-9868-57a2d4851a1d">
    </UnitTestResult>
    <UnitTestResult executionId="bdac3fc4-39a0-4ec3-adff-08ef226f958e" testId="2542026d-4aac-6abe-ceed-ec92b2c984b1" testName="AccessConnectionTest" computerName="MIKE-NOTEBOOK2" duration="00:00:00" startTime="0001-01-01T08:00:00.0000000+08:00" endTime="0001-01-01T08:00:00.0000000+08:00" testType="13cdc9d9-ddb5-4fa4-a97d-d965ccfc6d4b" outcome="NotExecuted" testListId="8c84fa94-04c1-424b-9868-57a2d4851a1d">
    </UnitTestResult>
    <UnitTestResult executionId="0f9ac520-61f7-4174-8585-bf04105d360f" testId="a69f615c-a748-632c-db48-79d2a98ebc46" testName="OracleConnectionTest" computerName="MIKE-NOTEBOOK2" duration="00:00:00" startTime="0001-01-01T08:00:00.0000000+08:00" endTime="0001-01-01T08:00:00.0000000+08:00" testType="13cdc9d9-ddb5-4fa4-a97d-d965ccfc6d4b" outcome="NotExecuted" testListId="8c84fa94-04c1-424b-9868-57a2d4851a1d">
    </UnitTestResult>
    <UnitTestResult executionId="db446276-62ec-4b17-8775-0bd0af1f1ce5" testId="0681f703-a42f-0d61-4918-7d60c15131dd" testName="TestAutoClose" computerName="MIKE-NOTEBOOK2" duration="00:00:00" startTime="0001-01-01T08:00:00.0000000+08:00" endTime="0001-01-01T08:00:00.0000000+08:00" testType="13cdc9d9-ddb5-4fa4-a97d-d965ccfc6d4b" outcome="NotExecuted" testListId="8c84fa94-04c1-424b-9868-57a2d4851a1d">
    </UnitTestResult>
    <UnitTestResult executionId="35eaf532-81a0-42aa-aa7e-442d2c1be247" testId="84642b98-32f9-bb99-8dbc-287952b0c97e" testName="InsertMethod" computerName="MIKE-NOTEBOOK2" duration="00:00:00" startTime="0001-01-01T08:00:00.0000000+08:00" endTime="0001-01-01T08:00:00.0000000+08:00" testType="13cdc9d9-ddb5-4fa4-a97d-d965ccfc6d4b" outcome="NotExecuted" testListId="8c84fa94-04c1-424b-9868-57a2d4851a1d">
    </UnitTestResult>
    <UnitTestResult executionId="dde2be37-1650-42e9-968f-b7a92ed7de03" testId="e716764e-3eab-aad0-6f57-4a79b54d16d4" testName="UpdateMethod" computerName="MIKE-NOTEBOOK2" duration="00:00:00" startTime="0001-01-01T08:00:00.0000000+08:00" endTime="0001-01-01T08:00:00.0000000+08:00" testType="13cdc9d9-ddb5-4fa4-a97d-d965ccfc6d4b" outcome="NotExecuted" testListId="8c84fa94-04c1-424b-9868-57a2d4851a1d">
    </UnitTestResult>
    <UnitTestResult executionId="68a43681-ffe0-414b-9976-dec543a205cd" testId="1d544304-1330-be44-9951-f96038a88cfa" testName="DeleteMethod" computerName="MIKE-NOTEBOOK2" duration="00:00:00" startTime="0001-01-01T08:00:00.0000000+08:00" endTime="0001-01-01T08:00:00.0000000+08:00" testType="13cdc9d9-ddb5-4fa4-a97d-d965ccfc6d4b" outcome="NotExecuted" testListId="8c84fa94-04c1-424b-9868-57a2d4851a1d">
    </UnitTestResult>
    <UnitTestResult executionId="1e076676-29fc-4271-a02f-dd9744ad2f25" testId="2562cf1d-4421-324b-15e8-3ffc0d5a05db" testName="Attach" computerName="MIKE-NOTEBOOK2" duration="00:00:00" startTime="0001-01-01T08:00:00.0000000+08:00" endTime="0001-01-01T08:00:00.0000000+08:00" testType="13cdc9d9-ddb5-4fa4-a97d-d965ccfc6d4b" outcome="NotExecuted" testListId="8c84fa94-04c1-424b-9868-57a2d4851a1d">
    </UnitTestResult>
    <UnitTestResult executionId="589b9825-d8ae-417a-a75e-4b16156246d9" testId="a463bbc5-1fbd-602b-2906-8b84300127c5" testName="ObjectIdentity" computerName="MIKE-NOTEBOOK2" duration="00:00:00" startTime="0001-01-01T08:00:00.0000000+08:00" endTime="0001-01-01T08:00:00.0000000+08:00" testType="13cdc9d9-ddb5-4fa4-a97d-d965ccfc6d4b" outcome="NotExecuted" testListId="8c84fa94-04c1-424b-9868-57a2d4851a1d">
    </UnitTestResult>
    <UnitTestResult executionId="09fd48c3-4c93-4aa6-a854-987439d01c71" testId="2ba72832-1ac1-0233-e8ca-961c50e25450" testName="TranslateTest" computerName="MIKE-NOTEBOOK2" duration="00:00:00" startTime="0001-01-01T08:00:00.0000000+08:00" endTime="0001-01-01T08:00:00.0000000+08:00" testType="13cdc9d9-ddb5-4fa4-a97d-d965ccfc6d4b" outcome="NotExecuted" testListId="8c84fa94-04c1-424b-9868-57a2d4851a1d">
    </UnitTestResult>
    <UnitTestResult executionId="f9c9bbc6-a66e-4441-99b7-d7e4b2974b66" testId="53812a66-ea3a-8663-7b59-eefc41ef811f" testName="SetDataContextTest" computerName="MIKE-NOTEBOOK2" duration="00:00:00" startTime="0001-01-01T08:00:00.0000000+08:00" endTime="0001-01-01T08:00:00.0000000+08:00" testType="13cdc9d9-ddb5-4fa4-a97d-d965ccfc6d4b" outcome="NotExecuted" testListId="8c84fa94-04c1-424b-9868-57a2d4851a1d">
    </UnitTestResult>
    <UnitTestResult executionId="c2c47baa-8a34-4f7a-9d02-252d4f451e25" testId="24615de1-d563-da8d-f5d2-7ea324fa629e" testName="GetChangeText" computerName="MIKE-NOTEBOOK2" duration="00:00:00" startTime="0001-01-01T08:00:00.0000000+08:00" endTime="0001-01-01T08:00:00.0000000+08:00" testType="13cdc9d9-ddb5-4fa4-a97d-d965ccfc6d4b" outcome="NotExecuted" testListId="8c84fa94-04c1-424b-9868-57a2d4851a1d">
    </UnitTestResult>
    <UnitTestResult executionId="2cce0a73-b605-44cb-b116-566af1fbe63f" testId="bfa17b20-3450-94c6-ae49-cc57e5988a5a" testName="TableCountTest" computerName="MIKE-NOTEBOOK2" duration="00:00:00" startTime="0001-01-01T08:00:00.0000000+08:00" endTime="0001-01-01T08:00:00.0000000+08:00" testType="13cdc9d9-ddb5-4fa4-a97d-d965ccfc6d4b" outcome="NotExecuted" testListId="8c84fa94-04c1-424b-9868-57a2d4851a1d">
    </UnitTestResult>
    <UnitTestResult executionId="138745f8-789b-46d3-8f6d-000986f7dfdc" testId="fab7d022-d231-de97-608d-935a027320ae" testName="TrialTest" computerName="MIKE-NOTEBOOK2" duration="00:00:00" startTime="0001-01-01T08:00:00.0000000+08:00" endTime="0001-01-01T08:00:00.0000000+08:00" testType="13cdc9d9-ddb5-4fa4-a97d-d965ccfc6d4b" outcome="NotExecuted" testListId="8c84fa94-04c1-424b-9868-57a2d4851a1d">
    </UnitTestResult>
    <UnitTestResult executionId="9c861305-1c92-422f-9ab7-24936c3c9612" testId="67124778-5fdb-b7bb-19c6-591b33aa9037" testName="LinkTest" computerName="MIKE-NOTEBOOK2" duration="00:00:00" startTime="0001-01-01T08:00:00.0000000+08:00" endTime="0001-01-01T08:00:00.0000000+08:00" testType="13cdc9d9-ddb5-4fa4-a97d-d965ccfc6d4b" outcome="NotExecuted" testListId="8c84fa94-04c1-424b-9868-57a2d4851a1d">
    </UnitTestResult>
    <UnitTestResult executionId="72e052cb-16b6-4326-89a2-2c1c3cd29065" testId="17e1581d-432b-0a49-52c3-7aee1d34e312" testName="ParseSqlDataType" computerName="MIKE-NOTEBOOK2" duration="00:00:00" startTime="0001-01-01T08:00:00.0000000+08:00" endTime="0001-01-01T08:00:00.0000000+08:00" testType="13cdc9d9-ddb5-4fa4-a97d-d965ccfc6d4b" outcome="NotExecuted" testListId="8c84fa94-04c1-424b-9868-57a2d4851a1d">
    </UnitTestResult>
    <UnitTestResult executionId="e1c5ed35-0ce3-41e5-a04d-461904b09d8e" testId="e81028de-5555-da59-10ae-f4f3340b54ca" testName="ParseSqlDataType" computerName="MIKE-NOTEBOOK2" duration="00:00:00" startTime="0001-01-01T08:00:00.0000000+08:00" endTime="0001-01-01T08:00:00.0000000+08:00" testType="13cdc9d9-ddb5-4fa4-a97d-d965ccfc6d4b" outcome="NotExecuted" testListId="8c84fa94-04c1-424b-9868-57a2d4851a1d">
    </UnitTestResult>
    <UnitTestResult executionId="b5779f20-a21e-437e-b966-4a116f75a637" testId="8bd7c371-15af-3a0e-f663-ba18b16884f9" testName="FromTypeTest" computerName="MIKE-NOTEBOOK2" duration="00:00:00" startTime="0001-01-01T08:00:00.0000000+08:00" endTime="0001-01-01T08:00:00.0000000+08:00" testType="13cdc9d9-ddb5-4fa4-a97d-d965ccfc6d4b" outcome="NotExecuted" testListId="8c84fa94-04c1-424b-9868-57a2d4851a1d">
    </UnitTestResult>
    <UnitTestResult executionId="f4e5e5c2-af17-46f8-acd0-e1c082ac8b62" testId="f6e26503-f547-a219-6761-1317769870cd" testName="FromObjectTest" computerName="MIKE-NOTEBOOK2" duration="00:00:00" startTime="0001-01-01T08:00:00.0000000+08:00" endTime="0001-01-01T08:00:00.0000000+08:00" testType="13cdc9d9-ddb5-4fa4-a97d-d965ccfc6d4b" outcome="NotExecuted" testListId="8c84fa94-04c1-424b-9868-57a2d4851a1d">
    </UnitTestResult>
    <UnitTestResult executionId="e9985814-d947-4a45-84ae-e6b7a32dad04" testId="f05b633b-b482-8734-50ec-13c7f1541946" testName="CRUD_Insert2" computerName="MIKE-NOTEBOOK2" duration="00:00:00" startTime="0001-01-01T08:00:00.0000000+08:00" endTime="0001-01-01T08:00:00.0000000+08:00" testType="13cdc9d9-ddb5-4fa4-a97d-d965ccfc6d4b" outcome="NotExecuted" testListId="8c84fa94-04c1-424b-9868-57a2d4851a1d">
    </UnitTestResult>
    <UnitTestResult executionId="3ff3917a-0fcf-4fc8-bf0c-b8bcc29e5b85" testId="73d14ae6-0d2f-562f-5bf0-7e695b0ea9d4" testName="Bitwise" computerName="MIKE-NOTEBOOK2" duration="00:00:00" startTime="0001-01-01T08:00:00.0000000+08:00" endTime="0001-01-01T08:00:00.0000000+08:00" testType="13cdc9d9-ddb5-4fa4-a97d-d965ccfc6d4b" outcome="NotExecuted" testListId="8c84fa94-04c1-424b-9868-57a2d4851a1d">
    </UnitTestResult>
    <UnitTestResult executionId="27877a2e-9f32-4fbc-92cc-6cc76a20d13f" testId="02f16009-f306-8d52-9f7f-753a72645d39" testName="Aggregate_Null" computerName="MIKE-NOTEBOOK2" duration="00:00:00" startTime="0001-01-01T08:00:00.0000000+08:00" endTime="0001-01-01T08:00:00.0000000+08:00" testType="13cdc9d9-ddb5-4fa4-a97d-d965ccfc6d4b" outcome="NotExecuted" testListId="8c84fa94-04c1-424b-9868-57a2d4851a1d">
    </UnitTestResult>
    <UnitTestResult executionId="8e7890eb-9af8-4767-93ae-db8b8ba5a267" testId="5efab125-3ee8-b5e8-93b5-95bb4f8eb748" testName="GetDefaultValue" computerName="MIKE-NOTEBOOK2" duration="00:00:00" startTime="0001-01-01T08:00:00.0000000+08:00" endTime="0001-01-01T08:00:00.0000000+08:00" testType="13cdc9d9-ddb5-4fa4-a97d-d965ccfc6d4b" outcome="NotExecuted" testListId="8c84fa94-04c1-424b-9868-57a2d4851a1d">
    </UnitTestResult>
    <UnitTestResult executionId="86c5ecf7-b34b-4329-8407-1349e0b9d0e9" testId="47406097-1b3b-f3f3-9e50-90b10cbee829" testName="Math_Abs" computerName="MIKE-NOTEBOOK2" duration="00:00:00" startTime="0001-01-01T08:00:00.0000000+08:00" endTime="0001-01-01T08:00:00.0000000+08:00" testType="13cdc9d9-ddb5-4fa4-a97d-d965ccfc6d4b" outcome="NotExecuted" testListId="8c84fa94-04c1-424b-9868-57a2d4851a1d">
    </UnitTestResult>
    <UnitTestResult executionId="1ce01f0b-30c3-448a-a4d9-30cd46a13580" testId="efe17eed-6dd4-c3de-1bf1-dcdb508e5a59" testName="Math_Acos" computerName="MIKE-NOTEBOOK2" duration="00:00:00" startTime="0001-01-01T08:00:00.0000000+08:00" endTime="0001-01-01T08:00:00.0000000+08:00" testType="13cdc9d9-ddb5-4fa4-a97d-d965ccfc6d4b" outcome="NotExecuted" testListId="8c84fa94-04c1-424b-9868-57a2d4851a1d">
    </UnitTestResult>
    <UnitTestResult executionId="c86594fd-3754-4bc3-94a0-bfa89aab612c" testId="b2c760b5-8b55-4de8-54b1-87df211f1263" testName="Math_Asin" computerName="MIKE-NOTEBOOK2" duration="00:00:00" startTime="0001-01-01T08:00:00.0000000+08:00" endTime="0001-01-01T08:00:00.0000000+08:00" testType="13cdc9d9-ddb5-4fa4-a97d-d965ccfc6d4b" outcome="NotExecuted" testListId="8c84fa94-04c1-424b-9868-57a2d4851a1d">
    </UnitTestResult>
    <UnitTestResult executionId="c42f86fc-a475-42ff-9533-c809517d105b" testId="bb9e746c-8039-5243-6c6c-72ad01258611" testName="Math_Atan" computerName="MIKE-NOTEBOOK2" duration="00:00:00" startTime="0001-01-01T08:00:00.0000000+08:00" endTime="0001-01-01T08:00:00.0000000+08:00" testType="13cdc9d9-ddb5-4fa4-a97d-d965ccfc6d4b" outcome="NotExecuted" testListId="8c84fa94-04c1-424b-9868-57a2d4851a1d">
    </UnitTestResult>
    <UnitTestResult executionId="fc9249a4-8818-4895-aa54-cd14a69ae2df" testId="da83c50b-47e2-9545-121a-764175b5bfc2" testName="Math_Atan2" computerName="MIKE-NOTEBOOK2" duration="00:00:00" startTime="0001-01-01T08:00:00.0000000+08:00" endTime="0001-01-01T08:00:00.0000000+08:00" testType="13cdc9d9-ddb5-4fa4-a97d-d965ccfc6d4b" outcome="NotExecuted" testListId="8c84fa94-04c1-424b-9868-57a2d4851a1d">
    </UnitTestResult>
    <UnitTestResult executionId="50bcea61-b619-4c7e-a6d9-f1c2e50b9d3b" testId="00a7a731-2c53-9f42-69ab-d9e6566ee9a6" testName="Math_BigMul" computerName="MIKE-NOTEBOOK2" duration="00:00:00" startTime="0001-01-01T08:00:00.0000000+08:00" endTime="0001-01-01T08:00:00.0000000+08:00" testType="13cdc9d9-ddb5-4fa4-a97d-d965ccfc6d4b" outcome="NotExecuted" testListId="8c84fa94-04c1-424b-9868-57a2d4851a1d">
    </UnitTestResult>
    <UnitTestResult executionId="00e21e8d-ee72-43f8-8432-691f2e8902f5" testId="7424c0a5-b244-d3f2-83c7-15fa765173fb" testName="Math_Ceiling" computerName="MIKE-NOTEBOOK2" duration="00:00:00" startTime="0001-01-01T08:00:00.0000000+08:00" endTime="0001-01-01T08:00:00.0000000+08:00" testType="13cdc9d9-ddb5-4fa4-a97d-d965ccfc6d4b" outcome="NotExecuted" testListId="8c84fa94-04c1-424b-9868-57a2d4851a1d">
    </UnitTestResult>
    <UnitTestResult executionId="8364d200-1b34-4ce7-bb5a-978a559ea661" testId="56b07e69-d545-8575-5740-688bed4e6eef" testName="Math_Cos" computerName="MIKE-NOTEBOOK2" duration="00:00:00" startTime="0001-01-01T08:00:00.0000000+08:00" endTime="0001-01-01T08:00:00.0000000+08:00" testType="13cdc9d9-ddb5-4fa4-a97d-d965ccfc6d4b" outcome="NotExecuted" testListId="8c84fa94-04c1-424b-9868-57a2d4851a1d">
    </UnitTestResult>
    <UnitTestResult executionId="d3dd9eff-9491-48e2-b298-47c2236450f3" testId="11693dfc-fbf6-db87-1e9b-f9c536e059e2" testName="Math_Cosh" computerName="MIKE-NOTEBOOK2" duration="00:00:00" startTime="0001-01-01T08:00:00.0000000+08:00" endTime="0001-01-01T08:00:00.0000000+08:00" testType="13cdc9d9-ddb5-4fa4-a97d-d965ccfc6d4b" outcome="NotExecuted" testListId="8c84fa94-04c1-424b-9868-57a2d4851a1d">
    </UnitTestResult>
    <UnitTestResult executionId="f454357f-245b-4c43-a3d5-80affe389752" testId="db01e7ad-abba-b258-3ee6-871c04b71639" testName="Math_DivRem" computerName="MIKE-NOTEBOOK2" duration="00:00:00" startTime="0001-01-01T08:00:00.0000000+08:00" endTime="0001-01-01T08:00:00.0000000+08:00" testType="13cdc9d9-ddb5-4fa4-a97d-d965ccfc6d4b" outcome="NotExecuted" testListId="8c84fa94-04c1-424b-9868-57a2d4851a1d">
    </UnitTestResult>
    <UnitTestResult executionId="b0a6ebec-0976-4915-adf8-842a8bed7729" testId="283b0ecd-c30a-bc7b-df40-ebeab476188f" testName="Math_Exp" computerName="MIKE-NOTEBOOK2" duration="00:00:00" startTime="0001-01-01T08:00:00.0000000+08:00" endTime="0001-01-01T08:00:00.0000000+08:00" testType="13cdc9d9-ddb5-4fa4-a97d-d965ccfc6d4b" outcome="NotExecuted" testListId="8c84fa94-04c1-424b-9868-57a2d4851a1d">
    </UnitTestResult>
    <UnitTestResult executionId="9d0c0061-d196-4d86-9726-934585918bce" testId="a90a6e2d-eb6c-3e7c-d88e-e676bb35075a" testName="Math_Floor" computerName="MIKE-NOTEBOOK2" duration="00:00:00" startTime="0001-01-01T08:00:00.0000000+08:00" endTime="0001-01-01T08:00:00.0000000+08:00" testType="13cdc9d9-ddb5-4fa4-a97d-d965ccfc6d4b" outcome="NotExecuted" testListId="8c84fa94-04c1-424b-9868-57a2d4851a1d">
    </UnitTestResult>
    <UnitTestResult executionId="063254e6-b30c-4be0-af7c-5ee2f5e8a923" testId="4f29b5e9-2c61-ede5-bf6c-101fed6f092f" testName="Math_Log" computerName="MIKE-NOTEBOOK2" duration="00:00:00" startTime="0001-01-01T08:00:00.0000000+08:00" endTime="0001-01-01T08:00:00.0000000+08:00" testType="13cdc9d9-ddb5-4fa4-a97d-d965ccfc6d4b" outcome="NotExecuted" testListId="8c84fa94-04c1-424b-9868-57a2d4851a1d">
    </UnitTestResult>
    <UnitTestResult executionId="55d871c4-b5ab-40eb-8761-a4e8475a55bf" testId="78a0a78f-a4d9-49f2-db2d-ebfd89821e84" testName="Math_Log10" computerName="MIKE-NOTEBOOK2" duration="00:00:00" startTime="0001-01-01T08:00:00.0000000+08:00" endTime="0001-01-01T08:00:00.0000000+08:00" testType="13cdc9d9-ddb5-4fa4-a97d-d965ccfc6d4b" outcome="NotExecuted" testListId="8c84fa94-04c1-424b-9868-57a2d4851a1d">
    </UnitTestResult>
    <UnitTestResult executionId="8cbe00b5-b304-467d-b0e4-ce3e5f52c8aa" testId="6e016f34-37fc-ae05-1b58-37873366425b" testName="Math_Max" computerName="MIKE-NOTEBOOK2" duration="00:00:00" startTime="0001-01-01T08:00:00.0000000+08:00" endTime="0001-01-01T08:00:00.0000000+08:00" testType="13cdc9d9-ddb5-4fa4-a97d-d965ccfc6d4b" outcome="NotExecuted" testListId="8c84fa94-04c1-424b-9868-57a2d4851a1d">
    </UnitTestResult>
    <UnitTestResult executionId="ae188048-bf32-4ace-936a-da7adbc34231" testId="c6c63f0b-9e84-054c-df92-ccdef6cce169" testName="Math_Min" computerName="MIKE-NOTEBOOK2" duration="00:00:00" startTime="0001-01-01T08:00:00.0000000+08:00" endTime="0001-01-01T08:00:00.0000000+08:00" testType="13cdc9d9-ddb5-4fa4-a97d-d965ccfc6d4b" outcome="NotExecuted" testListId="8c84fa94-04c1-424b-9868-57a2d4851a1d">
    </UnitTestResult>
    <UnitTestResult executionId="91eea3df-c515-42f5-87c3-87bf6508f103" testId="556b6fd3-6431-90c9-5508-f206094b6846" testName="Math_Pow" computerName="MIKE-NOTEBOOK2" duration="00:00:00" startTime="0001-01-01T08:00:00.0000000+08:00" endTime="0001-01-01T08:00:00.0000000+08:00" testType="13cdc9d9-ddb5-4fa4-a97d-d965ccfc6d4b" outcome="NotExecuted" testListId="8c84fa94-04c1-424b-9868-57a2d4851a1d">
    </UnitTestResult>
    <UnitTestResult executionId="94830e0c-d707-4c4f-8bcb-b0be6d8daadb" testId="565345a9-7782-a27c-5cfb-dcd8a524ea64" testName="Math_Round2" computerName="MIKE-NOTEBOOK2" duration="00:00:00" startTime="0001-01-01T08:00:00.0000000+08:00" endTime="0001-01-01T08:00:00.0000000+08:00" testType="13cdc9d9-ddb5-4fa4-a97d-d965ccfc6d4b" outcome="NotExecuted" testListId="8c84fa94-04c1-424b-9868-57a2d4851a1d">
    </UnitTestResult>
    <UnitTestResult executionId="ceed5162-bf77-42ef-bac2-b3afbb29e93d" testId="296646c6-5789-052b-f919-f2a412e3395e" testName="Math_Sign" computerName="MIKE-NOTEBOOK2" duration="00:00:00" startTime="0001-01-01T08:00:00.0000000+08:00" endTime="0001-01-01T08:00:00.0000000+08:00" testType="13cdc9d9-ddb5-4fa4-a97d-d965ccfc6d4b" outcome="NotExecuted" testListId="8c84fa94-04c1-424b-9868-57a2d4851a1d">
    </UnitTestResult>
    <UnitTestResult executionId="97426152-ac37-4dda-a6e1-38d391ff5ab1" testId="6ef10467-ac47-69e3-c8f4-24107ab94602" testName="Math_Sin" computerName="MIKE-NOTEBOOK2" duration="00:00:00" startTime="0001-01-01T08:00:00.0000000+08:00" endTime="0001-01-01T08:00:00.0000000+08:00" testType="13cdc9d9-ddb5-4fa4-a97d-d965ccfc6d4b" outcome="NotExecuted" testListId="8c84fa94-04c1-424b-9868-57a2d4851a1d">
    </UnitTestResult>
    <UnitTestResult executionId="a3b80d0f-05be-4c66-974a-e6b088e4c6f4" testId="91b0f36a-d36d-a424-89e5-babd6afbf21d" testName="Math_Sinh" computerName="MIKE-NOTEBOOK2" duration="00:00:00" startTime="0001-01-01T08:00:00.0000000+08:00" endTime="0001-01-01T08:00:00.0000000+08:00" testType="13cdc9d9-ddb5-4fa4-a97d-d965ccfc6d4b" outcome="NotExecuted" testListId="8c84fa94-04c1-424b-9868-57a2d4851a1d">
    </UnitTestResult>
    <UnitTestResult executionId="5e1829c4-d5d8-4900-a6fc-dcb693d2465b" testId="272c2ff8-875e-3f1f-fc9b-1e0073fbe776" testName="Math_Sqrt" computerName="MIKE-NOTEBOOK2" duration="00:00:00" startTime="0001-01-01T08:00:00.0000000+08:00" endTime="0001-01-01T08:00:00.0000000+08:00" testType="13cdc9d9-ddb5-4fa4-a97d-d965ccfc6d4b" outcome="NotExecuted" testListId="8c84fa94-04c1-424b-9868-57a2d4851a1d">
    </UnitTestResult>
    <UnitTestResult executionId="27276f13-a4fc-4f43-944a-9199abb52974" testId="dd5d17c4-c456-20ae-8577-ce7451cffd40" testName="Math_Tan" computerName="MIKE-NOTEBOOK2" duration="00:00:00" startTime="0001-01-01T08:00:00.0000000+08:00" endTime="0001-01-01T08:00:00.0000000+08:00" testType="13cdc9d9-ddb5-4fa4-a97d-d965ccfc6d4b" outcome="NotExecuted" testListId="8c84fa94-04c1-424b-9868-57a2d4851a1d">
    </UnitTestResult>
    <UnitTestResult executionId="328102ef-5b74-4275-86b9-70783f9eb066" testId="273a263d-1cda-d068-bf0a-03c7a1ca2a94" testName="Math_Tanh" computerName="MIKE-NOTEBOOK2" duration="00:00:00" startTime="0001-01-01T08:00:00.0000000+08:00" endTime="0001-01-01T08:00:00.0000000+08:00" testType="13cdc9d9-ddb5-4fa4-a97d-d965ccfc6d4b" outcome="NotExecuted" testListId="8c84fa94-04c1-424b-9868-57a2d4851a1d">
    </UnitTestResult>
    <UnitTestResult executionId="96bf683d-ba45-423a-88de-50150369b276" testId="8e56d496-98c0-b58c-1a0a-78ce59e33fab" testName="Math_Truncate1" computerName="MIKE-NOTEBOOK2" duration="00:00:00" startTime="0001-01-01T08:00:00.0000000+08:00" endTime="0001-01-01T08:00:00.0000000+08:00" testType="13cdc9d9-ddb5-4fa4-a97d-d965ccfc6d4b" outcome="NotExecuted" testListId="8c84fa94-04c1-424b-9868-57a2d4851a1d">
    </UnitTestResult>
    <UnitTestResult executionId="006774e3-9e69-4592-a8b5-79d879365443" testId="182bc26d-551a-d168-4380-21f2dcc94784" testName="String_Clone" computerName="MIKE-NOTEBOOK2" duration="00:00:00" startTime="0001-01-01T08:00:00.0000000+08:00" endTime="0001-01-01T08:00:00.0000000+08:00" testType="13cdc9d9-ddb5-4fa4-a97d-d965ccfc6d4b" outcome="NotExecuted" testListId="8c84fa94-04c1-424b-9868-57a2d4851a1d">
    </UnitTestResult>
    <UnitTestResult executionId="780d4795-8d3f-4a0a-a7c3-82afcf1de90c" testId="ee5d378e-d41f-00fe-f777-3b9ef23103e1" testName="String_CompareTo" computerName="MIKE-NOTEBOOK2" duration="00:00:00" startTime="0001-01-01T08:00:00.0000000+08:00" endTime="0001-01-01T08:00:00.0000000+08:00" testType="13cdc9d9-ddb5-4fa4-a97d-d965ccfc6d4b" outcome="NotExecuted" testListId="8c84fa94-04c1-424b-9868-57a2d4851a1d">
    </UnitTestResult>
    <UnitTestResult executionId="c5203e65-0e50-4527-9ff8-b7ffc550b45b" testId="693e47ce-45f5-db54-ee4d-7d597a818a39" testName="String_Contains" computerName="MIKE-NOTEBOOK2" duration="00:00:00" startTime="0001-01-01T08:00:00.0000000+08:00" endTime="0001-01-01T08:00:00.0000000+08:00" testType="13cdc9d9-ddb5-4fa4-a97d-d965ccfc6d4b" outcome="NotExecuted" testListId="8c84fa94-04c1-424b-9868-57a2d4851a1d">
    </UnitTestResult>
    <UnitTestResult executionId="2a3131b3-93e3-443d-8490-7a51f5453b52" testId="032d40b4-ef58-2b69-fe9f-bdb19d9d4871" testName="String_EndsWith" computerName="MIKE-NOTEBOOK2" duration="00:00:00" startTime="0001-01-01T08:00:00.0000000+08:00" endTime="0001-01-01T08:00:00.0000000+08:00" testType="13cdc9d9-ddb5-4fa4-a97d-d965ccfc6d4b" outcome="NotExecuted" testListId="8c84fa94-04c1-424b-9868-57a2d4851a1d">
    </UnitTestResult>
    <UnitTestResult executionId="f3315041-3a71-4071-91a7-0dee0a174edb" testId="9f26ecf8-4b55-73ca-ae00-8b1a4fbf0333" testName="String_Equals1" computerName="MIKE-NOTEBOOK2" duration="00:00:00" startTime="0001-01-01T08:00:00.0000000+08:00" endTime="0001-01-01T08:00:00.0000000+08:00" testType="13cdc9d9-ddb5-4fa4-a97d-d965ccfc6d4b" outcome="NotExecuted" testListId="8c84fa94-04c1-424b-9868-57a2d4851a1d">
    </UnitTestResult>
    <UnitTestResult executionId="423698f6-147f-43e1-983f-0089f974e090" testId="3ca56bbf-c15a-53f6-e718-7ee2ea93b899" testName="String_Equals2" computerName="MIKE-NOTEBOOK2" duration="00:00:00" startTime="0001-01-01T08:00:00.0000000+08:00" endTime="0001-01-01T08:00:00.0000000+08:00" testType="13cdc9d9-ddb5-4fa4-a97d-d965ccfc6d4b" outcome="NotExecuted" testListId="8c84fa94-04c1-424b-9868-57a2d4851a1d">
    </UnitTestResult>
    <UnitTestResult executionId="4bf1f4ba-ec37-4554-a644-614bb7444a2f" testId="544eea65-2acf-07b3-dc3c-d06cb3437d72" testName="String_Equals3" computerName="MIKE-NOTEBOOK2" duration="00:00:00" startTime="0001-01-01T08:00:00.0000000+08:00" endTime="0001-01-01T08:00:00.0000000+08:00" testType="13cdc9d9-ddb5-4fa4-a97d-d965ccfc6d4b" outcome="NotExecuted" testListId="8c84fa94-04c1-424b-9868-57a2d4851a1d">
    </UnitTestResult>
    <UnitTestResult executionId="b3c8bfad-2be4-483d-a49b-1c592983f4fc" testId="e253e087-51c9-b54e-9123-245f73a95035" testName="String_IndexOf1" computerName="MIKE-NOTEBOOK2" duration="00:00:00" startTime="0001-01-01T08:00:00.0000000+08:00" endTime="0001-01-01T08:00:00.0000000+08:00" testType="13cdc9d9-ddb5-4fa4-a97d-d965ccfc6d4b" outcome="NotExecuted" testListId="8c84fa94-04c1-424b-9868-57a2d4851a1d">
    </UnitTestResult>
    <UnitTestResult executionId="afbc852a-952c-4dca-a609-93a3bd51fbfe" testId="9b3d512c-d1cf-17fd-9f65-2da26bad3be2" testName="String_IndexOf2" computerName="MIKE-NOTEBOOK2" duration="00:00:00" startTime="0001-01-01T08:00:00.0000000+08:00" endTime="0001-01-01T08:00:00.0000000+08:00" testType="13cdc9d9-ddb5-4fa4-a97d-d965ccfc6d4b" outcome="NotExecuted" testListId="8c84fa94-04c1-424b-9868-57a2d4851a1d">
    </UnitTestResult>
    <UnitTestResult executionId="c1fa988d-2e10-47b6-9999-d8b739011b39" testId="e497aa28-15dc-18cf-4eb9-9f2e702269a6" testName="String_IndexOf3" computerName="MIKE-NOTEBOOK2" duration="00:00:00" startTime="0001-01-01T08:00:00.0000000+08:00" endTime="0001-01-01T08:00:00.0000000+08:00" testType="13cdc9d9-ddb5-4fa4-a97d-d965ccfc6d4b" outcome="NotExecuted" testListId="8c84fa94-04c1-424b-9868-57a2d4851a1d">
    </UnitTestResult>
    <UnitTestResult executionId="b0ed334b-8d51-4fdf-8533-54f8a2193cde" testId="aadd696d-5bf0-1ccf-dead-5c6fa4ae0bfc" testName="String_IndexOf4" computerName="MIKE-NOTEBOOK2" duration="00:00:00" startTime="0001-01-01T08:00:00.0000000+08:00" endTime="0001-01-01T08:00:00.0000000+08:00" testType="13cdc9d9-ddb5-4fa4-a97d-d965ccfc6d4b" outcome="NotExecuted" testListId="8c84fa94-04c1-424b-9868-57a2d4851a1d">
    </UnitTestResult>
    <UnitTestResult executionId="c463e26f-3a15-4cab-b1c8-dd053c6a9aa3" testId="139bf06c-099a-77e7-3510-69fcb291d876" testName="String_Insert" computerName="MIKE-NOTEBOOK2" duration="00:00:00" startTime="0001-01-01T08:00:00.0000000+08:00" endTime="0001-01-01T08:00:00.0000000+08:00" testType="13cdc9d9-ddb5-4fa4-a97d-d965ccfc6d4b" outcome="NotExecuted" testListId="8c84fa94-04c1-424b-9868-57a2d4851a1d">
    </UnitTestResult>
    <UnitTestResult executionId="dc21caf9-6392-4ed5-91f9-151c5273d026" testId="47db2260-9244-b394-0dc8-ea4736ed3e66" testName="String_Length" computerName="MIKE-NOTEBOOK2" duration="00:00:00" startTime="0001-01-01T08:00:00.0000000+08:00" endTime="0001-01-01T08:00:00.0000000+08:00" testType="13cdc9d9-ddb5-4fa4-a97d-d965ccfc6d4b" outcome="NotExecuted" testListId="8c84fa94-04c1-424b-9868-57a2d4851a1d">
    </UnitTestResult>
    <UnitTestResult executionId="6eb940c5-cb87-4e2e-8b5f-6d1661dcf70c" testId="3cac494c-3e49-105a-d8c0-bf281381b60e" testName="String_Substring1" computerName="MIKE-NOTEBOOK2" duration="00:00:00" startTime="0001-01-01T08:00:00.0000000+08:00" endTime="0001-01-01T08:00:00.0000000+08:00" testType="13cdc9d9-ddb5-4fa4-a97d-d965ccfc6d4b" outcome="NotExecuted" testListId="8c84fa94-04c1-424b-9868-57a2d4851a1d">
    </UnitTestResult>
    <UnitTestResult executionId="41d32374-b190-4672-ac8c-0350cb9ea9d3" testId="2a79fdf8-72b4-263e-c994-f524dfdcd8d5" testName="String_Substring2" computerName="MIKE-NOTEBOOK2" duration="00:00:00" startTime="0001-01-01T08:00:00.0000000+08:00" endTime="0001-01-01T08:00:00.0000000+08:00" testType="13cdc9d9-ddb5-4fa4-a97d-d965ccfc6d4b" outcome="NotExecuted" testListId="8c84fa94-04c1-424b-9868-57a2d4851a1d">
    </UnitTestResult>
    <UnitTestResult executionId="a9044503-6625-4295-a2b6-30cc507048b7" testId="a411b2cd-bab5-65e6-8ce0-a1d7e2ec6a8f" testName="String_ToLower1" computerName="MIKE-NOTEBOOK2" duration="00:00:00" startTime="0001-01-01T08:00:00.0000000+08:00" endTime="0001-01-01T08:00:00.0000000+08:00" testType="13cdc9d9-ddb5-4fa4-a97d-d965ccfc6d4b" outcome="NotExecuted" testListId="8c84fa94-04c1-424b-9868-57a2d4851a1d">
    </UnitTestResult>
    <UnitTestResult executionId="0acef460-826d-4791-9015-59330ac9ebf7" testId="74f68950-bee9-04d2-f365-beaa2b69e0da" testName="String_ToLower2" computerName="MIKE-NOTEBOOK2" duration="00:00:00" startTime="0001-01-01T08:00:00.0000000+08:00" endTime="0001-01-01T08:00:00.0000000+08:00" testType="13cdc9d9-ddb5-4fa4-a97d-d965ccfc6d4b" outcome="NotExecuted" testListId="8c84fa94-04c1-424b-9868-57a2d4851a1d">
    </UnitTestResult>
    <UnitTestResult executionId="eef72305-1643-4a11-8b1c-1bbca87cfd67" testId="c6b7e992-6fe3-2139-3c89-681327c8d307" testName="String_ToLowerInvariant" computerName="MIKE-NOTEBOOK2" duration="00:00:00" startTime="0001-01-01T08:00:00.0000000+08:00" endTime="0001-01-01T08:00:00.0000000+08:00" testType="13cdc9d9-ddb5-4fa4-a97d-d965ccfc6d4b" outcome="NotExecuted" testListId="8c84fa94-04c1-424b-9868-57a2d4851a1d">
    </UnitTestResult>
    <UnitTestResult executionId="8d8400d8-3993-4c3a-9c0a-e248a66cea6e" testId="069f3fda-a16c-b27b-8b50-2ab9e05bf580" testName="String_ToUpper1" computerName="MIKE-NOTEBOOK2" duration="00:00:00" startTime="0001-01-01T08:00:00.0000000+08:00" endTime="0001-01-01T08:00:00.0000000+08:00" testType="13cdc9d9-ddb5-4fa4-a97d-d965ccfc6d4b" outcome="NotExecuted" testListId="8c84fa94-04c1-424b-9868-57a2d4851a1d">
    </UnitTestResult>
    <UnitTestResult executionId="0133c644-6d15-4d9b-9a95-23d044e3eda1" testId="1b22d273-3bba-7a15-bb98-9b527573a669" testName="String_ToUpper2" computerName="MIKE-NOTEBOOK2" duration="00:00:00" startTime="0001-01-01T08:00:00.0000000+08:00" endTime="0001-01-01T08:00:00.0000000+08:00" testType="13cdc9d9-ddb5-4fa4-a97d-d965ccfc6d4b" outcome="NotExecuted" testListId="8c84fa94-04c1-424b-9868-57a2d4851a1d">
    </UnitTestResult>
    <UnitTestResult executionId="cb01aac4-4602-43d8-9386-411dd4980be5" testId="3c770a1e-524d-ab86-cb17-128e049e5dfc" testName="String_ToUpperInvariant" computerName="MIKE-NOTEBOOK2" duration="00:00:00" startTime="0001-01-01T08:00:00.0000000+08:00" endTime="0001-01-01T08:00:00.0000000+08:00" testType="13cdc9d9-ddb5-4fa4-a97d-d965ccfc6d4b" outcome="NotExecuted" testListId="8c84fa94-04c1-424b-9868-57a2d4851a1d">
    </UnitTestResult>
    <UnitTestResult executionId="db1eaa95-72b2-4af4-9583-fa8f735359b9" testId="c34c0dd7-1f94-c2b4-4909-eb46ef0afdef" testName="String_Trim1" computerName="MIKE-NOTEBOOK2" duration="00:00:00" startTime="0001-01-01T08:00:00.0000000+08:00" endTime="0001-01-01T08:00:00.0000000+08:00" testType="13cdc9d9-ddb5-4fa4-a97d-d965ccfc6d4b" outcome="NotExecuted" testListId="8c84fa94-04c1-424b-9868-57a2d4851a1d">
    </UnitTestResult>
    <UnitTestResult executionId="f8f5147c-621d-4be9-9b2a-c47614f761e1" testId="1e5efadd-6bbc-b35a-1181-d2971ba6bbe4" testName="String_Char" computerName="MIKE-NOTEBOOK2" duration="00:00:00" startTime="0001-01-01T08:00:00.0000000+08:00" endTime="0001-01-01T08:00:00.0000000+08:00" testType="13cdc9d9-ddb5-4fa4-a97d-d965ccfc6d4b" outcome="NotExecuted" testListId="8c84fa94-04c1-424b-9868-57a2d4851a1d">
    </UnitTestResult>
    <UnitTestResult executionId="cf82af2b-8c04-4688-8371-c70d9810ac70" testId="bbe5a1d3-1059-2f9b-8c0b-53f1ac3cf71a" testName="DateTime_Add" computerName="MIKE-NOTEBOOK2" duration="00:00:00" startTime="0001-01-01T08:00:00.0000000+08:00" endTime="0001-01-01T08:00:00.0000000+08:00" testType="13cdc9d9-ddb5-4fa4-a97d-d965ccfc6d4b" outcome="NotExecuted" testListId="8c84fa94-04c1-424b-9868-57a2d4851a1d">
    </UnitTestResult>
    <UnitTestResult executionId="8a2a99af-7bce-422c-ad02-8693df7a14e3" testId="12c10c84-93ed-e9b1-a5a0-c6a8b61337d1" testName="DateTime_AddDays" computerName="MIKE-NOTEBOOK2" duration="00:00:00" startTime="0001-01-01T08:00:00.0000000+08:00" endTime="0001-01-01T08:00:00.0000000+08:00" testType="13cdc9d9-ddb5-4fa4-a97d-d965ccfc6d4b" outcome="NotExecuted" testListId="8c84fa94-04c1-424b-9868-57a2d4851a1d">
    </UnitTestResult>
    <UnitTestResult executionId="4eb8da96-472f-4353-a263-3de06301f215" testId="994adea8-e4d9-1265-e54b-f8dd17503517" testName="DateTime_AddHours" computerName="MIKE-NOTEBOOK2" duration="00:00:00" startTime="0001-01-01T08:00:00.0000000+08:00" endTime="0001-01-01T08:00:00.0000000+08:00" testType="13cdc9d9-ddb5-4fa4-a97d-d965ccfc6d4b" outcome="NotExecuted" testListId="8c84fa94-04c1-424b-9868-57a2d4851a1d">
    </UnitTestResult>
    <UnitTestResult executionId="8c2b5596-5203-4ea4-a880-902020cb8678" testId="c03f416e-9155-3008-58da-08650a3bf6b0" testName="DateTime_AddMinutes" computerName="MIKE-NOTEBOOK2" duration="00:00:00" startTime="0001-01-01T08:00:00.0000000+08:00" endTime="0001-01-01T08:00:00.0000000+08:00" testType="13cdc9d9-ddb5-4fa4-a97d-d965ccfc6d4b" outcome="NotExecuted" testListId="8c84fa94-04c1-424b-9868-57a2d4851a1d">
    </UnitTestResult>
    <UnitTestResult executionId="5ed0ba7c-7132-4e79-bd42-546cda9afdf9" testId="e074bda5-4439-dd50-f1a3-b773fa733083" testName="DateTime_AddMonths" computerName="MIKE-NOTEBOOK2" duration="00:00:00" startTime="0001-01-01T08:00:00.0000000+08:00" endTime="0001-01-01T08:00:00.0000000+08:00" testType="13cdc9d9-ddb5-4fa4-a97d-d965ccfc6d4b" outcome="NotExecuted" testListId="8c84fa94-04c1-424b-9868-57a2d4851a1d">
    </UnitTestResult>
    <UnitTestResult executionId="710bc5dc-08e9-4d7a-b7ea-035b742bd28f" testId="d2974de0-9805-c930-307a-109d1611c00f" testName="DateTime_AddSeconds" computerName="MIKE-NOTEBOOK2" duration="00:00:00" startTime="0001-01-01T08:00:00.0000000+08:00" endTime="0001-01-01T08:00:00.0000000+08:00" testType="13cdc9d9-ddb5-4fa4-a97d-d965ccfc6d4b" outcome="NotExecuted" testListId="8c84fa94-04c1-424b-9868-57a2d4851a1d">
    </UnitTestResult>
    <UnitTestResult executionId="77d50666-1c52-4979-a6b1-eccde2a5029c" testId="58fcf75e-7c64-171c-52fb-f93b6ce01b21" testName="DateTime_AddYears" computerName="MIKE-NOTEBOOK2" duration="00:00:00" startTime="0001-01-01T08:00:00.0000000+08:00" endTime="0001-01-01T08:00:00.0000000+08:00" testType="13cdc9d9-ddb5-4fa4-a97d-d965ccfc6d4b" outcome="NotExecuted" testListId="8c84fa94-04c1-424b-9868-57a2d4851a1d">
    </UnitTestResult>
    <UnitTestResult executionId="14b01f2b-0dae-45ad-b1f9-90988b632980" testId="d119b0aa-8439-5222-e07f-b2bff685bae9" testName="DateTime_ToLoaclTime" computerName="MIKE-NOTEBOOK2" duration="00:00:00" startTime="0001-01-01T08:00:00.0000000+08:00" endTime="0001-01-01T08:00:00.0000000+08:00" testType="13cdc9d9-ddb5-4fa4-a97d-d965ccfc6d4b" outcome="NotExecuted" testListId="8c84fa94-04c1-424b-9868-57a2d4851a1d">
    </UnitTestResult>
    <UnitTestResult executionId="c3411f5f-7ddb-4fbd-b611-69fdc1fcb33d" testId="b7ad941b-0167-02ac-412e-c8250280abf5" testName="DateTime_Subtract" computerName="MIKE-NOTEBOOK2" duration="00:00:00" startTime="0001-01-01T08:00:00.0000000+08:00" endTime="0001-01-01T08:00:00.0000000+08:00" testType="13cdc9d9-ddb5-4fa4-a97d-d965ccfc6d4b" outcome="NotExecuted" testListId="8c84fa94-04c1-424b-9868-57a2d4851a1d">
    </UnitTestResult>
    <UnitTestResult executionId="456a58e5-e23f-4147-b424-b9189f0d3112" testId="4d914128-ed0c-3c83-79f6-e2cd937b0566" testName="DateTime_Hour" computerName="MIKE-NOTEBOOK2" duration="00:00:00" startTime="0001-01-01T08:00:00.0000000+08:00" endTime="0001-01-01T08:00:00.0000000+08:00" testType="13cdc9d9-ddb5-4fa4-a97d-d965ccfc6d4b" outcome="NotExecuted" testListId="8c84fa94-04c1-424b-9868-57a2d4851a1d">
    </UnitTestResult>
    <UnitTestResult executionId="ec111e8a-54ee-4d44-818a-de5c8f6e85e5" testId="a6a4c1df-a5a7-641a-fa47-8b1a14cd7dd1" testName="DateTime_Minute" computerName="MIKE-NOTEBOOK2" duration="00:00:00" startTime="0001-01-01T08:00:00.0000000+08:00" endTime="0001-01-01T08:00:00.0000000+08:00" testType="13cdc9d9-ddb5-4fa4-a97d-d965ccfc6d4b" outcome="NotExecuted" testListId="8c84fa94-04c1-424b-9868-57a2d4851a1d">
    </UnitTestResult>
    <UnitTestResult executionId="9fe8a13f-a4eb-464a-8bbb-0504a17f59c4" testId="1c24a77a-694e-cd18-4f01-a361c3ccac0f" testName="DateTime_Second" computerName="MIKE-NOTEBOOK2" duration="00:00:00" startTime="0001-01-01T08:00:00.0000000+08:00" endTime="0001-01-01T08:00:00.0000000+08:00" testType="13cdc9d9-ddb5-4fa4-a97d-d965ccfc6d4b" outcome="NotExecuted" testListId="8c84fa94-04c1-424b-9868-57a2d4851a1d">
    </UnitTestResult>
    <UnitTestResult executionId="c022c3ef-6a70-43fc-bbaa-49ff4afccbba" testId="0d92dfc3-883a-ea58-d639-4722d4ba71b2" testName="DateTime_DayOfWeek" computerName="MIKE-NOTEBOOK2" duration="00:00:00" startTime="0001-01-01T08:00:00.0000000+08:00" endTime="0001-01-01T08:00:00.0000000+08:00" testType="13cdc9d9-ddb5-4fa4-a97d-d965ccfc6d4b" outcome="NotExecuted" testListId="8c84fa94-04c1-424b-9868-57a2d4851a1d">
    </UnitTestResult>
    <UnitTestResult executionId="605cd077-ba5a-45aa-aea3-c7696c094bf8" testId="d1d0a139-9168-e529-9399-cd192f6965dd" testName="DateTime_DayOfYear" computerName="MIKE-NOTEBOOK2" duration="00:00:00" startTime="0001-01-01T08:00:00.0000000+08:00" endTime="0001-01-01T08:00:00.0000000+08:00" testType="13cdc9d9-ddb5-4fa4-a97d-d965ccfc6d4b" outcome="NotExecuted" testListId="8c84fa94-04c1-424b-9868-57a2d4851a1d">
    </UnitTestResult>
    <UnitTestResult executionId="8792db0e-67e4-4e23-b78f-2f5f622c7d61" testId="7e5775d2-9ccb-8783-401c-5cef5b83da65" testName="DateTime_ToString" computerName="MIKE-NOTEBOOK2" duration="00:00:00" startTime="0001-01-01T08:00:00.0000000+08:00" endTime="0001-01-01T08:00:00.0000000+08:00" testType="13cdc9d9-ddb5-4fa4-a97d-d965ccfc6d4b" outcome="NotExecuted" testListId="8c84fa94-04c1-424b-9868-57a2d4851a1d">
    </UnitTestResult>
    <UnitTestResult executionId="3b9e530c-954e-4300-8565-a3361a9e0585" testId="7b18ef9a-8831-274c-45b7-596bcf4ae199" testName="Convert_ToBoolean" computerName="MIKE-NOTEBOOK2" duration="00:00:00" startTime="0001-01-01T08:00:00.0000000+08:00" endTime="0001-01-01T08:00:00.0000000+08:00" testType="13cdc9d9-ddb5-4fa4-a97d-d965ccfc6d4b" outcome="NotExecuted" testListId="8c84fa94-04c1-424b-9868-57a2d4851a1d">
    </UnitTestResult>
    <UnitTestResult executionId="f71cd724-a6aa-491e-a2d2-9723287a1609" testId="189246df-68f4-62f4-a2cf-8a7e56a5711b" testName="Convert_ToByte" computerName="MIKE-NOTEBOOK2" duration="00:00:00" startTime="0001-01-01T08:00:00.0000000+08:00" endTime="0001-01-01T08:00:00.0000000+08:00" testType="13cdc9d9-ddb5-4fa4-a97d-d965ccfc6d4b" outcome="NotExecuted" testListId="8c84fa94-04c1-424b-9868-57a2d4851a1d">
    </UnitTestResult>
    <UnitTestResult executionId="61555c76-154c-4646-bb0f-80e4267dfe0c" testId="897c1659-a5b7-a875-233b-5e3dda6a285b" testName="Convert_ToInt32" computerName="MIKE-NOTEBOOK2" duration="00:00:00" startTime="0001-01-01T08:00:00.0000000+08:00" endTime="0001-01-01T08:00:00.0000000+08:00" testType="13cdc9d9-ddb5-4fa4-a97d-d965ccfc6d4b" outcome="NotExecuted" testListId="8c84fa94-04c1-424b-9868-57a2d4851a1d">
    </UnitTestResult>
    <UnitTestResult executionId="f24ab884-f7fa-4522-92f1-030cfbdf3716" testId="9d2bd9f2-c65b-c1ff-0704-591f1f34bf59" testName="Convert_ToInt64" computerName="MIKE-NOTEBOOK2" duration="00:00:00" startTime="0001-01-01T08:00:00.0000000+08:00" endTime="0001-01-01T08:00:00.0000000+08:00" testType="13cdc9d9-ddb5-4fa4-a97d-d965ccfc6d4b" outcome="NotExecuted" testListId="8c84fa94-04c1-424b-9868-57a2d4851a1d">
    </UnitTestResult>
    <UnitTestResult executionId="10f2baca-6bd1-49a0-9460-e37182887761" testId="35312750-24d8-77bf-51ec-882233b4b2d9" testName="Convert_ToSByte" computerName="MIKE-NOTEBOOK2" duration="00:00:00" startTime="0001-01-01T08:00:00.0000000+08:00" endTime="0001-01-01T08:00:00.0000000+08:00" testType="13cdc9d9-ddb5-4fa4-a97d-d965ccfc6d4b" outcome="NotExecuted" testListId="8c84fa94-04c1-424b-9868-57a2d4851a1d">
    </UnitTestResult>
    <UnitTestResult executionId="7d32cd63-0d2f-41e7-b327-5f0458634b20" testId="2d98887c-64dc-6eed-57ac-625230763320" testName="Convert_ToSingle" computerName="MIKE-NOTEBOOK2" duration="00:00:00" startTime="0001-01-01T08:00:00.0000000+08:00" endTime="0001-01-01T08:00:00.0000000+08:00" testType="13cdc9d9-ddb5-4fa4-a97d-d965ccfc6d4b" outcome="NotExecuted" testListId="8c84fa94-04c1-424b-9868-57a2d4851a1d">
    </UnitTestResult>
    <UnitTestResult executionId="f65c4f0a-010e-407f-8f55-00b5c47cc56c" testId="294596df-48f6-f7d1-b466-beb52f58c094" testName="Convert_ToString" computerName="MIKE-NOTEBOOK2" duration="00:00:00" startTime="0001-01-01T08:00:00.0000000+08:00" endTime="0001-01-01T08:00:00.0000000+08:00" testType="13cdc9d9-ddb5-4fa4-a97d-d965ccfc6d4b" outcome="NotExecuted" testListId="8c84fa94-04c1-424b-9868-57a2d4851a1d">
    </UnitTestResult>
    <UnitTestResult executionId="0039c988-011f-4a0a-afbc-7f6bdf6696f5" testId="dd376b6a-f3e2-ddbd-de55-cf0ac5df0b29" testName="Convert_ToDateTime" computerName="MIKE-NOTEBOOK2" duration="00:00:00" startTime="0001-01-01T08:00:00.0000000+08:00" endTime="0001-01-01T08:00:00.0000000+08:00" testType="13cdc9d9-ddb5-4fa4-a97d-d965ccfc6d4b" outcome="NotExecuted" testListId="8c84fa94-04c1-424b-9868-57a2d4851a1d">
    </UnitTestResult>
    <UnitTestResult executionId="e31a2721-aa56-49c4-a994-ad88465d6675" testId="4a9b377b-ecf3-626d-26c5-0e42f56757e1" testName="SqlMethod_Len" computerName="MIKE-NOTEBOOK2" duration="00:00:00" startTime="0001-01-01T08:00:00.0000000+08:00" endTime="0001-01-01T08:00:00.0000000+08:00" testType="13cdc9d9-ddb5-4fa4-a97d-d965ccfc6d4b" outcome="NotExecuted" testListId="8c84fa94-04c1-424b-9868-57a2d4851a1d">
    </UnitTestResult>
    <UnitTestResult executionId="871fd9b8-f039-4c08-be12-548efc6d019d" testId="f19580b8-94e3-05c1-ab1b-8698a83e9bd5" testName="SqlMethod_Remote" computerName="MIKE-NOTEBOOK2" duration="00:00:00" startTime="0001-01-01T08:00:00.0000000+08:00" endTime="0001-01-01T08:00:00.0000000+08:00" testType="13cdc9d9-ddb5-4fa4-a97d-d965ccfc6d4b" outcome="NotExecuted" testListId="8c84fa94-04c1-424b-9868-57a2d4851a1d">
    </UnitTestResult>
    <UnitTestResult executionId="ea434e1f-cefc-44db-807a-5c9f9786eaf3" testId="2c66b808-93e5-95d5-77ea-aaf25e6cc133" testName="CRUD_Update1" computerName="MIKE-NOTEBOOK2" duration="00:00:00" startTime="0001-01-01T08:00:00.0000000+08:00" endTime="0001-01-01T08:00:00.0000000+08:00" testType="13cdc9d9-ddb5-4fa4-a97d-d965ccfc6d4b" outcome="NotExecuted" testListId="8c84fa94-04c1-424b-9868-57a2d4851a1d">
    </UnitTestResult>
    <UnitTestResult executionId="3c53f2bf-013f-4fbf-bd9e-57778b4d02d2" testId="005d4495-9f8d-af6f-0073-45c8c279c639" testName="CRUD_Update2" computerName="MIKE-NOTEBOOK2" duration="00:00:00" startTime="0001-01-01T08:00:00.0000000+08:00" endTime="0001-01-01T08:00:00.0000000+08:00" testType="13cdc9d9-ddb5-4fa4-a97d-d965ccfc6d4b" outcome="NotExecuted" testListId="8c84fa94-04c1-424b-9868-57a2d4851a1d">
    </UnitTestResult>
    <UnitTestResult executionId="f3ec5e91-fae3-4a06-882c-77e6a8957397" testId="24459630-86f8-18d0-2763-93ad4ff7588d" testName="CRUD_Update3" computerName="MIKE-NOTEBOOK2" duration="00:00:00" startTime="0001-01-01T08:00:00.0000000+08:00" endTime="0001-01-01T08:00:00.0000000+08:00" testType="13cdc9d9-ddb5-4fa4-a97d-d965ccfc6d4b" outcome="NotExecuted" testListId="8c84fa94-04c1-424b-9868-57a2d4851a1d">
    </UnitTestResult>
    <UnitTestResult executionId="407bd7b3-751d-4215-bdda-704afab0bf56" testId="a97a8147-eba2-9ec1-5aad-ad0045adb7d5" testName="CRUD_Update4" computerName="MIKE-NOTEBOOK2" duration="00:00:00" startTime="0001-01-01T08:00:00.0000000+08:00" endTime="0001-01-01T08:00:00.0000000+08:00" testType="13cdc9d9-ddb5-4fa4-a97d-d965ccfc6d4b" outcome="NotExecuted" testListId="8c84fa94-04c1-424b-9868-57a2d4851a1d">
    </UnitTestResult>
    <UnitTestResult executionId="c4812be0-e891-4b3f-8cc4-0e0e5d5a66f6" testId="5264a70d-1026-b32f-1dfa-d4352557af74" testName="CRUD_Delete1" computerName="MIKE-NOTEBOOK2" duration="00:00:00" startTime="0001-01-01T08:00:00.0000000+08:00" endTime="0001-01-01T08:00:00.0000000+08:00" testType="13cdc9d9-ddb5-4fa4-a97d-d965ccfc6d4b" outcome="NotExecuted" testListId="8c84fa94-04c1-424b-9868-57a2d4851a1d">
    </UnitTestResult>
    <UnitTestResult executionId="1cc5c400-ee0c-49c4-a6c8-55c21b7b49c9" testId="5ea7fdf4-a241-67ae-3fe2-780c939d40bf" testName="CRUD_Delete2" computerName="MIKE-NOTEBOOK2" duration="00:00:00" startTime="0001-01-01T08:00:00.0000000+08:00" endTime="0001-01-01T08:00:00.0000000+08:00" testType="13cdc9d9-ddb5-4fa4-a97d-d965ccfc6d4b" outcome="NotExecuted" testListId="8c84fa94-04c1-424b-9868-57a2d4851a1d">
    </UnitTestResult>
    <UnitTestResult executionId="88cdd895-fb05-436f-abe6-d46cb200128e" testId="e3807015-e6d9-6220-044c-999f5a2fe1e5" testName="CRUD_Insert1" computerName="MIKE-NOTEBOOK2" duration="00:00:00" startTime="0001-01-01T08:00:00.0000000+08:00" endTime="0001-01-01T08:00:00.0000000+08:00" testType="13cdc9d9-ddb5-4fa4-a97d-d965ccfc6d4b" outcome="NotExecuted" testListId="8c84fa94-04c1-424b-9868-57a2d4851a1d">
    </UnitTestResult>
    <UnitTestResult executionId="651fa3cc-8b27-4f62-ae56-2b6f2a3e3e53" testId="626ff9e0-5294-9e43-d22e-764e0ac4903e" testName="String_NullSelect" computerName="MIKE-NOTEBOOK2" duration="00:00:00" startTime="0001-01-01T08:00:00.0000000+08:00" endTime="0001-01-01T08:00:00.0000000+08:00" testType="13cdc9d9-ddb5-4fa4-a97d-d965ccfc6d4b" outcome="NotExecuted" testListId="8c84fa94-04c1-424b-9868-57a2d4851a1d">
    </UnitTestResult>
    <UnitTestResult executionId="01c43313-c3a3-4065-b202-eb1863daafd2" testId="b3b8eb7f-3bca-d9f1-5fb6-b14c84d162e6" testName="IfEqualTest" computerName="MIKE-NOTEBOOK2" duration="00:00:00" startTime="0001-01-01T08:00:00.0000000+08:00" endTime="0001-01-01T08:00:00.0000000+08:00" testType="13cdc9d9-ddb5-4fa4-a97d-d965ccfc6d4b" outcome="NotExecuted" testListId="8c84fa94-04c1-424b-9868-57a2d4851a1d">
    </UnitTestResult>
    <UnitTestResult executionId="2c38138e-bc24-4fbe-8b99-7b31b44436e2" testId="07f33e08-97f9-61cd-1375-2cd7925c7891" testName="CreateTale" computerName="MIKE-NOTEBOOK2" duration="00:00:00" startTime="0001-01-01T08:00:00.0000000+08:00" endTime="0001-01-01T08:00:00.0000000+08:00" testType="13cdc9d9-ddb5-4fa4-a97d-d965ccfc6d4b" outcome="NotExecuted" testListId="8c84fa94-04c1-424b-9868-57a2d4851a1d">
    </UnitTestResult>
    <UnitTestResult executionId="0a9fe9b6-f151-4891-b842-f41b6f71e7c1" testId="cae614f1-4198-0092-755a-869886362636" testName="DeleteTable" computerName="MIKE-NOTEBOOK2" duration="00:00:00" startTime="0001-01-01T08:00:00.0000000+08:00" endTime="0001-01-01T08:00:00.0000000+08:00" testType="13cdc9d9-ddb5-4fa4-a97d-d965ccfc6d4b" outcome="NotExecuted" testListId="8c84fa94-04c1-424b-9868-57a2d4851a1d">
    </UnitTestResult>
    <UnitTestResult executionId="53b6b5c4-f2c4-4e79-a2a0-e2cf00197acb" testId="c46a7e35-68cb-fd5f-2a98-2c9a9804ef29" testName="TableExists" computerName="MIKE-NOTEBOOK2" duration="00:00:00" startTime="0001-01-01T08:00:00.0000000+08:00" endTime="0001-01-01T08:00:00.0000000+08:00" testType="13cdc9d9-ddb5-4fa4-a97d-d965ccfc6d4b" outcome="NotExecuted" testListId="8c84fa94-04c1-424b-9868-57a2d4851a1d">
    </UnitTestResult>
    <UnitTestResult executionId="448fb07f-da6c-4fbe-91e6-5810457e0820" testId="4cb7469b-8f5d-be01-05ae-c8a0fc2bba60" testName="LongCount" computerName="MIKE-NOTEBOOK2" duration="00:00:00" startTime="0001-01-01T08:00:00.0000000+08:00" endTime="0001-01-01T08:00:00.0000000+08:00" testType="13cdc9d9-ddb5-4fa4-a97d-d965ccfc6d4b" outcome="NotExecuted" testListId="8c84fa94-04c1-424b-9868-57a2d4851a1d">
    </UnitTestResult>
    <UnitTestResult executionId="0ed1072b-4d52-4f19-a500-d3fedf974465" testId="2598032a-28ac-b716-8d04-5b512bfe5d09" testName="Command" computerName="MIKE-NOTEBOOK2" duration="00:00:00" startTime="0001-01-01T08:00:00.0000000+08:00" endTime="0001-01-01T08:00:00.0000000+08:00" testType="13cdc9d9-ddb5-4fa4-a97d-d965ccfc6d4b" outcome="NotExecuted" testListId="8c84fa94-04c1-424b-9868-57a2d4851a1d">
    </UnitTestResult>
    <UnitTestResult executionId="bb28ab90-023a-4269-ad6d-530eb3d333d9" testId="ced41e6f-80bf-57d3-8f4f-1b0f51130930" testName="DataType_Guid" computerName="MIKE-NOTEBOOK2" duration="00:00:00" startTime="0001-01-01T08:00:00.0000000+08:00" endTime="0001-01-01T08:00:00.0000000+08:00" testType="13cdc9d9-ddb5-4fa4-a97d-d965ccfc6d4b" outcome="NotExecuted" testListId="8c84fa94-04c1-424b-9868-57a2d4851a1d">
    </UnitTestResult>
    <UnitTestResult executionId="af6e07df-3e03-4f29-9fac-ea2248a4df60" testId="d595890e-d977-4869-3ef9-cf7f59b89228" testName="DataType_Int64" computerName="MIKE-NOTEBOOK2" duration="00:00:00" startTime="0001-01-01T08:00:00.0000000+08:00" endTime="0001-01-01T08:00:00.0000000+08:00" testType="13cdc9d9-ddb5-4fa4-a97d-d965ccfc6d4b" outcome="NotExecuted" testListId="8c84fa94-04c1-424b-9868-57a2d4851a1d">
    </UnitTestResult>
    <UnitTestResult executionId="ab774ee8-1b8e-443c-aa15-d1ada4abb328" testId="84868ffb-2c57-565a-6317-bdbb60f4661f" testName="DataType_UInt64" computerName="MIKE-NOTEBOOK2" duration="00:00:00" startTime="0001-01-01T08:00:00.0000000+08:00" endTime="0001-01-01T08:00:00.0000000+08:00" testType="13cdc9d9-ddb5-4fa4-a97d-d965ccfc6d4b" outcome="NotExecuted" testListId="8c84fa94-04c1-424b-9868-57a2d4851a1d">
    </UnitTestResult>
    <UnitTestResult executionId="5fd33782-c106-435b-805a-e296530e7f6d" testId="cf2833fc-b29c-5d19-4aa7-3e1bd77f4f84" testName="DataType_Enum" computerName="MIKE-NOTEBOOK2" duration="00:00:00" startTime="0001-01-01T08:00:00.0000000+08:00" endTime="0001-01-01T08:00:00.0000000+08:00" testType="13cdc9d9-ddb5-4fa4-a97d-d965ccfc6d4b" outcome="NotExecuted" testListId="8c84fa94-04c1-424b-9868-57a2d4851a1d">
    </UnitTestResult>
    <UnitTestResult executionId="210b217f-db56-4de2-ad45-382a1821651d" testId="c056970c-c2f8-054c-8e90-3ae09218e48b" testName="DataType_Char" computerName="MIKE-NOTEBOOK2" duration="00:00:00" startTime="0001-01-01T08:00:00.0000000+08:00" endTime="0001-01-01T08:00:00.0000000+08:00" testType="13cdc9d9-ddb5-4fa4-a97d-d965ccfc6d4b" outcome="NotExecuted" testListId="8c84fa94-04c1-424b-9868-57a2d4851a1d">
    </UnitTestResult>
    <UnitTestResult executionId="e36f7b62-b4b6-40d1-920b-4f050e131c9f" testId="d892dd2a-df03-8f00-9a3b-4d5abd482b17" testName="DataType_XDocument" computerName="MIKE-NOTEBOOK2" duration="00:00:00" startTime="0001-01-01T08:00:00.0000000+08:00" endTime="0001-01-01T08:00:00.0000000+08:00" testType="13cdc9d9-ddb5-4fa4-a97d-d965ccfc6d4b" outcome="NotExecuted" testListId="8c84fa94-04c1-424b-9868-57a2d4851a1d">
    </UnitTestResult>
    <UnitTestResult executionId="e9b73990-0f3e-45c6-bc9c-41c786eaf15f" testId="e72801ea-8ed9-19c2-a272-f5c4413b02d8" testName="DataType_XElement" computerName="MIKE-NOTEBOOK2" duration="00:00:00" startTime="0001-01-01T08:00:00.0000000+08:00" endTime="0001-01-01T08:00:00.0000000+08:00" testType="13cdc9d9-ddb5-4fa4-a97d-d965ccfc6d4b" outcome="NotExecuted" testListId="8c84fa94-04c1-424b-9868-57a2d4851a1d">
    </UnitTestResult>
    <UnitTestResult executionId="91b9da8d-6327-40ec-a277-1f04672a3b5a" testId="61899643-1e24-9070-6cbc-34041e97024c" testName="Where_Simple1" computerName="MIKE-NOTEBOOK2" duration="00:00:00" startTime="0001-01-01T08:00:00.0000000+08:00" endTime="0001-01-01T08:00:00.0000000+08:00" testType="13cdc9d9-ddb5-4fa4-a97d-d965ccfc6d4b" outcome="NotExecuted" testListId="8c84fa94-04c1-424b-9868-57a2d4851a1d">
    </UnitTestResult>
    <UnitTestResult executionId="4d4f2ae3-2282-4d74-9dc6-fc4ae6d93fa3" testId="0d3f5e01-6c02-feb0-3a5b-f395773daab1" testName="Where_Simple2" computerName="MIKE-NOTEBOOK2" duration="00:00:00" startTime="0001-01-01T08:00:00.0000000+08:00" endTime="0001-01-01T08:00:00.0000000+08:00" testType="13cdc9d9-ddb5-4fa4-a97d-d965ccfc6d4b" outcome="NotExecuted" testListId="8c84fa94-04c1-424b-9868-57a2d4851a1d">
    </UnitTestResult>
    <UnitTestResult executionId="0f06895c-1817-4b52-bf2d-b5ed256ae844" testId="2ab421c9-0344-aa63-1a14-6be9ece3b21c" testName="Where_Simple3" computerName="MIKE-NOTEBOOK2" duration="00:00:00" startTime="0001-01-01T08:00:00.0000000+08:00" endTime="0001-01-01T08:00:00.0000000+08:00" testType="13cdc9d9-ddb5-4fa4-a97d-d965ccfc6d4b" outcome="NotExecuted" testListId="8c84fa94-04c1-424b-9868-57a2d4851a1d">
    </UnitTestResult>
    <UnitTestResult executionId="136e73dd-5d43-4126-b82a-228768476048" testId="a04d4c63-06b7-934a-7ee7-0fb96c1fadb2" testName="Where_Simple4" computerName="MIKE-NOTEBOOK2" duration="00:00:00" startTime="0001-01-01T08:00:00.0000000+08:00" endTime="0001-01-01T08:00:00.0000000+08:00" testType="13cdc9d9-ddb5-4fa4-a97d-d965ccfc6d4b" outcome="NotExecuted" testListId="8c84fa94-04c1-424b-9868-57a2d4851a1d">
    </UnitTestResult>
    <UnitTestResult executionId="dad49ce9-1f8f-4e2b-aabd-f45a5253d629" testId="bdb956da-c1e7-b40b-25aa-23869ad811e0" testName="Where_Drilldown" computerName="MIKE-NOTEBOOK2" duration="00:00:00" startTime="0001-01-01T08:00:00.0000000+08:00" endTime="0001-01-01T08:00:00.0000000+08:00" testType="13cdc9d9-ddb5-4fa4-a97d-d965ccfc6d4b" outcome="NotExecuted" testListId="8c84fa94-04c1-424b-9868-57a2d4851a1d">
    </UnitTestResult>
    <UnitTestResult executionId="609981f7-c765-4ad4-be7d-b17139bc4178" testId="90a0edf6-2e90-cd7c-07bf-7ea02a2bd937" testName="First" computerName="MIKE-NOTEBOOK2" duration="00:00:00" startTime="0001-01-01T08:00:00.0000000+08:00" endTime="0001-01-01T08:00:00.0000000+08:00" testType="13cdc9d9-ddb5-4fa4-a97d-d965ccfc6d4b" outcome="NotExecuted" testListId="8c84fa94-04c1-424b-9868-57a2d4851a1d">
    </UnitTestResult>
    <UnitTestResult executionId="c3545d40-0ccc-4065-a994-089f4eef5e87" testId="468e3f97-13a3-8a9a-83b8-4ff094528b5e" testName="FirstOrDefault" computerName="MIKE-NOTEBOOK2" duration="00:00:00" startTime="0001-01-01T08:00:00.0000000+08:00" endTime="0001-01-01T08:00:00.0000000+08:00" testType="13cdc9d9-ddb5-4fa4-a97d-d965ccfc6d4b" outcome="NotExecuted" testListId="8c84fa94-04c1-424b-9868-57a2d4851a1d">
    </UnitTestResult>
    <UnitTestResult executionId="18a297ae-693f-4919-abce-cd076a0b1acf" testId="0d0527fb-e23b-44bf-9603-7aeab4269694" testName="SingleOrDefault" computerName="MIKE-NOTEBOOK2" duration="00:00:00" startTime="0001-01-01T08:00:00.0000000+08:00" endTime="0001-01-01T08:00:00.0000000+08:00" testType="13cdc9d9-ddb5-4fa4-a97d-d965ccfc6d4b" outcome="NotExecuted" testListId="8c84fa94-04c1-424b-9868-57a2d4851a1d">
    </UnitTestResult>
    <UnitTestResult executionId="f70ee5e9-d3be-448e-90cf-0e19a058f085" testId="fac93af9-e64f-99f0-358e-c990b62b8de4" testName="Single" computerName="MIKE-NOTEBOOK2" duration="00:00:00" startTime="0001-01-01T08:00:00.0000000+08:00" endTime="0001-01-01T08:00:00.0000000+08:00" testType="13cdc9d9-ddb5-4fa4-a97d-d965ccfc6d4b" outcome="NotExecuted" testListId="8c84fa94-04c1-424b-9868-57a2d4851a1d">
    </UnitTestResult>
    <UnitTestResult executionId="22584b6c-33e2-41be-80f6-e4efb1288e72" testId="527255d2-a19f-72d2-a606-aede1420fa14" testName="Select_Simple" computerName="MIKE-NOTEBOOK2" duration="00:00:00" startTime="0001-01-01T08:00:00.0000000+08:00" endTime="0001-01-01T08:00:00.0000000+08:00" testType="13cdc9d9-ddb5-4fa4-a97d-d965ccfc6d4b" outcome="NotExecuted" testListId="8c84fa94-04c1-424b-9868-57a2d4851a1d">
    </UnitTestResult>
    <UnitTestResult executionId="02fd12c6-01c2-42d8-a5d5-889131d73c30" testId="c2ce0ae8-a09d-b454-af6a-568451512941" testName="Select_SpecialType" computerName="MIKE-NOTEBOOK2" duration="00:00:00" startTime="0001-01-01T08:00:00.0000000+08:00" endTime="0001-01-01T08:00:00.0000000+08:00" testType="13cdc9d9-ddb5-4fa4-a97d-d965ccfc6d4b" outcome="NotExecuted" testListId="8c84fa94-04c1-424b-9868-57a2d4851a1d">
    </UnitTestResult>
    <UnitTestResult executionId="280478a8-a63b-404f-90d4-3256777a5eb3" testId="e5af5a11-4279-5b26-a2a7-bc92267f4901" testName="Select_AnonymousType" computerName="MIKE-NOTEBOOK2" duration="00:00:00" startTime="0001-01-01T08:00:00.0000000+08:00" endTime="0001-01-01T08:00:00.0000000+08:00" testType="13cdc9d9-ddb5-4fa4-a97d-d965ccfc6d4b" outcome="NotExecuted" testListId="8c84fa94-04c1-424b-9868-57a2d4851a1d">
    </UnitTestResult>
    <UnitTestResult executionId="97d0a2c9-5895-475f-8285-12701c8856b8" testId="d30c18f1-d76c-26fc-64de-31c634c96f8e" testName="Select_LocalMethodCall" computerName="MIKE-NOTEBOOK2" duration="00:00:00" startTime="0001-01-01T08:00:00.0000000+08:00" endTime="0001-01-01T08:00:00.0000000+08:00" testType="13cdc9d9-ddb5-4fa4-a97d-d965ccfc6d4b" outcome="NotExecuted" testListId="8c84fa94-04c1-424b-9868-57a2d4851a1d">
    </UnitTestResult>
    <UnitTestResult executionId="d0e45a67-4f7f-49c6-89b4-9fb6750c9718" testId="e6efafd5-86e2-6933-8e81-48e4cbe575ec" testName="SelectMany_MultipleFrom" computerName="MIKE-NOTEBOOK2" duration="00:00:00" startTime="0001-01-01T08:00:00.0000000+08:00" endTime="0001-01-01T08:00:00.0000000+08:00" testType="13cdc9d9-ddb5-4fa4-a97d-d965ccfc6d4b" outcome="NotExecuted" testListId="8c84fa94-04c1-424b-9868-57a2d4851a1d">
    </UnitTestResult>
    <UnitTestResult executionId="19303c12-fb7f-4994-92e8-ad9389b38af0" testId="057a96d8-24db-f267-8f13-c29d0f81f4bf" testName="Select_Condition" computerName="MIKE-NOTEBOOK2" duration="00:00:00" startTime="0001-01-01T08:00:00.0000000+08:00" endTime="0001-01-01T08:00:00.0000000+08:00" testType="13cdc9d9-ddb5-4fa4-a97d-d965ccfc6d4b" outcome="NotExecuted" testListId="8c84fa94-04c1-424b-9868-57a2d4851a1d">
    </UnitTestResult>
    <UnitTestResult executionId="ccac6b27-6226-4cb7-854a-e1c6ce09e7aa" testId="58fcf67a-1400-80ae-f3af-c8374a93c5e4" testName="Distinct1" computerName="MIKE-NOTEBOOK2" duration="00:00:00" startTime="0001-01-01T08:00:00.0000000+08:00" endTime="0001-01-01T08:00:00.0000000+08:00" testType="13cdc9d9-ddb5-4fa4-a97d-d965ccfc6d4b" outcome="NotExecuted" testListId="8c84fa94-04c1-424b-9868-57a2d4851a1d">
    </UnitTestResult>
    <UnitTestResult executionId="01e4b0ed-4bbf-4e79-87ee-8ad2fdbd8c4a" testId="03b6334a-0d45-7b58-21af-ec7cbd0d3d99" testName="Distinct2" computerName="MIKE-NOTEBOOK2" duration="00:00:00" startTime="0001-01-01T08:00:00.0000000+08:00" endTime="0001-01-01T08:00:00.0000000+08:00" testType="13cdc9d9-ddb5-4fa4-a97d-d965ccfc6d4b" outcome="NotExecuted" testListId="8c84fa94-04c1-424b-9868-57a2d4851a1d">
    </UnitTestResult>
    <UnitTestResult executionId="099241b6-82e1-4656-a1b7-9fe5655d49e4" testId="56ac1acd-e862-3beb-e348-27bb296321b8" testName="Union" computerName="MIKE-NOTEBOOK2" duration="00:00:00" startTime="0001-01-01T08:00:00.0000000+08:00" endTime="0001-01-01T08:00:00.0000000+08:00" testType="13cdc9d9-ddb5-4fa4-a97d-d965ccfc6d4b" outcome="NotExecuted" testListId="8c84fa94-04c1-424b-9868-57a2d4851a1d">
    </UnitTestResult>
    <UnitTestResult executionId="2332dca6-076a-4da7-8d36-2c097f9f6c31" testId="61ffb7c3-2f04-a6c5-2bd1-3b722ba0821b" testName="Intersect" computerName="MIKE-NOTEBOOK2" duration="00:00:00" startTime="0001-01-01T08:00:00.0000000+08:00" endTime="0001-01-01T08:00:00.0000000+08:00" testType="13cdc9d9-ddb5-4fa4-a97d-d965ccfc6d4b" outcome="NotExecuted" testListId="8c84fa94-04c1-424b-9868-57a2d4851a1d">
    </UnitTestResult>
    <UnitTestResult executionId="0d970b48-9add-4b45-8081-b96f52eece93" testId="50be8da7-3472-5146-ad3c-84032755cfab" testName="Except" computerName="MIKE-NOTEBOOK2" duration="00:00:00" startTime="0001-01-01T08:00:00.0000000+08:00" endTime="0001-01-01T08:00:00.0000000+08:00" testType="13cdc9d9-ddb5-4fa4-a97d-d965ccfc6d4b" outcome="NotExecuted" testListId="8c84fa94-04c1-424b-9868-57a2d4851a1d">
    </UnitTestResult>
    <UnitTestResult executionId="4c8b3659-fa87-43cf-9bf4-23ff94e858d7" testId="db6c75fc-da79-8282-f4bb-84fd7dc17039" testName="Take_Simple" computerName="MIKE-NOTEBOOK2" duration="00:00:00" startTime="0001-01-01T08:00:00.0000000+08:00" endTime="0001-01-01T08:00:00.0000000+08:00" testType="13cdc9d9-ddb5-4fa4-a97d-d965ccfc6d4b" outcome="NotExecuted" testListId="8c84fa94-04c1-424b-9868-57a2d4851a1d">
    </UnitTestResult>
    <UnitTestResult executionId="0897fbe5-6781-4c36-a37a-d764ae7421dc" testId="5c6e7fbd-1d36-bdd0-b049-647674194555" testName="Take_Nested" computerName="MIKE-NOTEBOOK2" duration="00:00:00" startTime="0001-01-01T08:00:00.0000000+08:00" endTime="0001-01-01T08:00:00.0000000+08:00" testType="13cdc9d9-ddb5-4fa4-a97d-d965ccfc6d4b" outcome="NotExecuted" testListId="8c84fa94-04c1-424b-9868-57a2d4851a1d">
    </UnitTestResult>
    <UnitTestResult executionId="d6d38393-9b88-4122-a846-d67a1bb487e2" testId="a9c11b4d-aa88-7670-d36b-69068722a4c1" testName="Skip_Simple" computerName="MIKE-NOTEBOOK2" duration="00:00:00" startTime="0001-01-01T08:00:00.0000000+08:00" endTime="0001-01-01T08:00:00.0000000+08:00" testType="13cdc9d9-ddb5-4fa4-a97d-d965ccfc6d4b" outcome="NotExecuted" testListId="8c84fa94-04c1-424b-9868-57a2d4851a1d">
    </UnitTestResult>
    <UnitTestResult executionId="2d9d4cdb-572b-4180-b6bd-d8d2f9a78a1a" testId="d7902940-886a-de77-0d85-cf7701a4f84f" testName="Skip_Nested" computerName="MIKE-NOTEBOOK2" duration="00:00:00" startTime="0001-01-01T08:00:00.0000000+08:00" endTime="0001-01-01T08:00:00.0000000+08:00" testType="13cdc9d9-ddb5-4fa4-a97d-d965ccfc6d4b" outcome="NotExecuted" testListId="8c84fa94-04c1-424b-9868-57a2d4851a1d">
    </UnitTestResult>
    <UnitTestResult executionId="680b6981-288f-403e-9caa-5e7611531366" testId="7e5c9e5f-1c08-a12e-212e-44fbcd0e0fa5" testName="Skip_Take" computerName="MIKE-NOTEBOOK2" duration="00:00:00" startTime="0001-01-01T08:00:00.0000000+08:00" endTime="0001-01-01T08:00:00.0000000+08:00" testType="13cdc9d9-ddb5-4fa4-a97d-d965ccfc6d4b" outcome="NotExecuted" testListId="8c84fa94-04c1-424b-9868-57a2d4851a1d">
    </UnitTestResult>
    <UnitTestResult executionId="1db6254a-3dca-4459-bdc9-d3d84b42693a" testId="0b6e748b-b41a-7ab5-3b2e-f61a71021877" testName="Count_Simple" computerName="MIKE-NOTEBOOK2" duration="00:00:00" startTime="0001-01-01T08:00:00.0000000+08:00" endTime="0001-01-01T08:00:00.0000000+08:00" testType="13cdc9d9-ddb5-4fa4-a97d-d965ccfc6d4b" outcome="NotExecuted" testListId="8c84fa94-04c1-424b-9868-57a2d4851a1d">
    </UnitTestResult>
    <UnitTestResult executionId="43a8644a-843d-412b-b6f4-d6a973ba709b" testId="b1ea1518-a2fe-6af3-1a3d-95608ff2a7da" testName="Count_Conditional" computerName="MIKE-NOTEBOOK2" duration="00:00:00" startTime="0001-01-01T08:00:00.0000000+08:00" endTime="0001-01-01T08:00:00.0000000+08:00" testType="13cdc9d9-ddb5-4fa4-a97d-d965ccfc6d4b" outcome="NotExecuted" testListId="8c84fa94-04c1-424b-9868-57a2d4851a1d">
    </UnitTestResult>
    <UnitTestResult executionId="0c6e79b8-363a-4264-8bbe-5dee36b98dc4" testId="863f1ee6-27d5-750c-bfc4-1f98b926d80f" testName="Count_Empty" computerName="MIKE-NOTEBOOK2" duration="00:00:00" startTime="0001-01-01T08:00:00.0000000+08:00" endTime="0001-01-01T08:00:00.0000000+08:00" testType="13cdc9d9-ddb5-4fa4-a97d-d965ccfc6d4b" outcome="NotExecuted" testListId="8c84fa94-04c1-424b-9868-57a2d4851a1d">
    </UnitTestResult>
    <UnitTestResult executionId="95ff5cc9-7193-4a82-a14c-8dee3f2ff9dd" testId="c4fb1c8a-3510-3097-292a-4b66179a4a64" testName="Count_Nested" computerName="MIKE-NOTEBOOK2" duration="00:00:00" startTime="0001-01-01T08:00:00.0000000+08:00" endTime="0001-01-01T08:00:00.0000000+08:00" testType="13cdc9d9-ddb5-4fa4-a97d-d965ccfc6d4b" outcome="NotExecuted" testListId="8c84fa94-04c1-424b-9868-57a2d4851a1d">
    </UnitTestResult>
    <UnitTestResult executionId="111ed141-c81b-46b0-ad87-1928fe0c0a12" testId="4cc732a0-fc9b-fb8a-984f-862493f12cfe" testName="Count_Grouped" computerName="MIKE-NOTEBOOK2" duration="00:00:00" startTime="0001-01-01T08:00:00.0000000+08:00" endTime="0001-01-01T08:00:00.0000000+08:00" testType="13cdc9d9-ddb5-4fa4-a97d-d965ccfc6d4b" outcome="NotExecuted" testListId="8c84fa94-04c1-424b-9868-57a2d4851a1d">
    </UnitTestResult>
    <UnitTestResult executionId="ec578e08-10a5-4739-8c8e-d4eb35524b6c" testId="8ab7c20f-8262-ee6d-683d-ff3672c74155" testName="Sum_Simple" computerName="MIKE-NOTEBOOK2" duration="00:00:00" startTime="0001-01-01T08:00:00.0000000+08:00" endTime="0001-01-01T08:00:00.0000000+08:00" testType="13cdc9d9-ddb5-4fa4-a97d-d965ccfc6d4b" outcome="NotExecuted" testListId="8c84fa94-04c1-424b-9868-57a2d4851a1d">
    </UnitTestResult>
    <UnitTestResult executionId="48cde893-65c0-4018-af18-427dc900fc21" testId="159dd13c-9203-dab4-0949-1b2f2f4af3d7" testName="Sum_Empty" computerName="MIKE-NOTEBOOK2" duration="00:00:00" startTime="0001-01-01T08:00:00.0000000+08:00" endTime="0001-01-01T08:00:00.0000000+08:00" testType="13cdc9d9-ddb5-4fa4-a97d-d965ccfc6d4b" outcome="NotExecuted" testListId="8c84fa94-04c1-424b-9868-57a2d4851a1d">
    </UnitTestResult>
    <UnitTestResult executionId="eaa311dc-fb58-4210-8376-c3275e1a9ce5" testId="4dcc22d2-f5cf-299e-98c9-08b171fdd7ad" testName="Sum_Projection" computerName="MIKE-NOTEBOOK2" duration="00:00:00" startTime="0001-01-01T08:00:00.0000000+08:00" endTime="0001-01-01T08:00:00.0000000+08:00" testType="13cdc9d9-ddb5-4fa4-a97d-d965ccfc6d4b" outcome="NotExecuted" testListId="8c84fa94-04c1-424b-9868-57a2d4851a1d">
    </UnitTestResult>
    <UnitTestResult executionId="180a04cd-8248-4524-b48a-4424542bd6ad" testId="3c031093-6974-b324-58fc-cd0620ef4bc2" testName="Sum_Grouped" computerName="MIKE-NOTEBOOK2" duration="00:00:00" startTime="0001-01-01T08:00:00.0000000+08:00" endTime="0001-01-01T08:00:00.0000000+08:00" testType="13cdc9d9-ddb5-4fa4-a97d-d965ccfc6d4b" outcome="NotExecuted" testListId="8c84fa94-04c1-424b-9868-57a2d4851a1d">
    </UnitTestResult>
    <UnitTestResult executionId="89949ead-f17b-4571-8a29-a8f2b19192f1" testId="687bd91a-da2e-d86f-b451-0fa274379f17" testName="Min_Simple" computerName="MIKE-NOTEBOOK2" duration="00:00:00" startTime="0001-01-01T08:00:00.0000000+08:00" endTime="0001-01-01T08:00:00.0000000+08:00" testType="13cdc9d9-ddb5-4fa4-a97d-d965ccfc6d4b" outcome="NotExecuted" testListId="8c84fa94-04c1-424b-9868-57a2d4851a1d">
    </UnitTestResult>
    <UnitTestResult executionId="91c66da3-b879-48e5-8558-b1c116869be0" testId="800ae083-e5ce-58cf-c2fb-b3d7ef332a27" testName="Min_Projection" computerName="MIKE-NOTEBOOK2" duration="00:00:00" startTime="0001-01-01T08:00:00.0000000+08:00" endTime="0001-01-01T08:00:00.0000000+08:00" testType="13cdc9d9-ddb5-4fa4-a97d-d965ccfc6d4b" outcome="NotExecuted" testListId="8c84fa94-04c1-424b-9868-57a2d4851a1d">
    </UnitTestResult>
    <UnitTestResult executionId="50c985ae-2997-4fe3-9d8b-8b18f4f6a818" testId="171d9e3b-6a9a-cdb4-59d1-c65819a8a5aa" testName="Min_Elements" computerName="MIKE-NOTEBOOK2" duration="00:00:00" startTime="0001-01-01T08:00:00.0000000+08:00" endTime="0001-01-01T08:00:00.0000000+08:00" testType="13cdc9d9-ddb5-4fa4-a97d-d965ccfc6d4b" outcome="NotExecuted" testListId="8c84fa94-04c1-424b-9868-57a2d4851a1d">
    </UnitTestResult>
    <UnitTestResult executionId="6f0886dd-a217-4ba1-a52b-acaee71bed97" testId="edc83b7f-9b5c-e329-2bf4-1599494f3ad5" testName="Min_Grouped" computerName="MIKE-NOTEBOOK2" duration="00:00:00" startTime="0001-01-01T08:00:00.0000000+08:00" endTime="0001-01-01T08:00:00.0000000+08:00" testType="13cdc9d9-ddb5-4fa4-a97d-d965ccfc6d4b" outcome="NotExecuted" testListId="8c84fa94-04c1-424b-9868-57a2d4851a1d">
    </UnitTestResult>
    <UnitTestResult executionId="a88460da-a6ed-40ce-b138-985e3d43155c" testId="059067a7-29ec-925c-2415-95d64d6389fd" testName="Max_Simple" computerName="MIKE-NOTEBOOK2" duration="00:00:00" startTime="0001-01-01T08:00:00.0000000+08:00" endTime="0001-01-01T08:00:00.0000000+08:00" testType="13cdc9d9-ddb5-4fa4-a97d-d965ccfc6d4b" outcome="NotExecuted" testListId="8c84fa94-04c1-424b-9868-57a2d4851a1d">
    </UnitTestResult>
    <UnitTestResult executionId="c7cf7749-e8d2-46fc-a736-ae1533031699" testId="552d10a2-06ec-bf19-7935-0a434ae34c8a" testName="Max_Projection" computerName="MIKE-NOTEBOOK2" duration="00:00:00" startTime="0001-01-01T08:00:00.0000000+08:00" endTime="0001-01-01T08:00:00.0000000+08:00" testType="13cdc9d9-ddb5-4fa4-a97d-d965ccfc6d4b" outcome="NotExecuted" testListId="8c84fa94-04c1-424b-9868-57a2d4851a1d">
    </UnitTestResult>
    <UnitTestResult executionId="58cbdfa3-e68e-467b-9cc6-a0b368b774c5" testId="e9bf40e5-fe0d-90e0-ac40-a0b9b384cbd0" testName="Max_Elements" computerName="MIKE-NOTEBOOK2" duration="00:00:00" startTime="0001-01-01T08:00:00.0000000+08:00" endTime="0001-01-01T08:00:00.0000000+08:00" testType="13cdc9d9-ddb5-4fa4-a97d-d965ccfc6d4b" outcome="NotExecuted" testListId="8c84fa94-04c1-424b-9868-57a2d4851a1d">
    </UnitTestResult>
    <UnitTestResult executionId="50f8c2c3-b3db-4762-8dc9-f095c1230ad5" testId="6b19acf1-1291-f367-5ac8-29510e8619c6" testName="Max_Grouped" computerName="MIKE-NOTEBOOK2" duration="00:00:00" startTime="0001-01-01T08:00:00.0000000+08:00" endTime="0001-01-01T08:00:00.0000000+08:00" testType="13cdc9d9-ddb5-4fa4-a97d-d965ccfc6d4b" outcome="NotExecuted" testListId="8c84fa94-04c1-424b-9868-57a2d4851a1d">
    </UnitTestResult>
    <UnitTestResult executionId="8293e62d-ea24-4226-88ac-c95462ff4cab" testId="904a818a-49d9-b8b8-280c-89c9e647299c" testName="Avg_Simple" computerName="MIKE-NOTEBOOK2" duration="00:00:00" startTime="0001-01-01T08:00:00.0000000+08:00" endTime="0001-01-01T08:00:00.0000000+08:00" testType="13cdc9d9-ddb5-4fa4-a97d-d965ccfc6d4b" outcome="NotExecuted" testListId="8c84fa94-04c1-424b-9868-57a2d4851a1d">
    </UnitTestResult>
    <UnitTestResult executionId="aa651438-189d-4ec2-b323-b7eadf348e16" testId="7388f10b-9a7b-08df-7070-ba658922aca5" testName="Avg_Projection" computerName="MIKE-NOTEBOOK2" duration="00:00:00" startTime="0001-01-01T08:00:00.0000000+08:00" endTime="0001-01-01T08:00:00.0000000+08:00" testType="13cdc9d9-ddb5-4fa4-a97d-d965ccfc6d4b" outcome="NotExecuted" testListId="8c84fa94-04c1-424b-9868-57a2d4851a1d">
    </UnitTestResult>
    <UnitTestResult executionId="743c1bf9-f874-4a21-af07-fefbd516aa09" testId="d37fef1f-3423-8c34-4d76-041ba2a2c9e6" testName="Avg_Emelents" computerName="MIKE-NOTEBOOK2" duration="00:00:00" startTime="0001-01-01T08:00:00.0000000+08:00" endTime="0001-01-01T08:00:00.0000000+08:00" testType="13cdc9d9-ddb5-4fa4-a97d-d965ccfc6d4b" outcome="NotExecuted" testListId="8c84fa94-04c1-424b-9868-57a2d4851a1d">
    </UnitTestResult>
    <UnitTestResult executionId="8528876a-dfd9-462c-af7c-d1d308738a7a" testId="5240cc9f-7f36-b2e1-5347-8e86f0219726" testName="Avg_Grouped" computerName="MIKE-NOTEBOOK2" duration="00:00:00" startTime="0001-01-01T08:00:00.0000000+08:00" endTime="0001-01-01T08:00:00.0000000+08:00" testType="13cdc9d9-ddb5-4fa4-a97d-d965ccfc6d4b" outcome="NotExecuted" testListId="8c84fa94-04c1-424b-9868-57a2d4851a1d">
    </UnitTestResult>
    <UnitTestResult executionId="3913eae5-c634-40d6-adfd-a040a3870fd5" testId="c996513d-0f7d-c492-28eb-255c1194d44a" testName="Join_OnToMany" computerName="MIKE-NOTEBOOK2" duration="00:00:00" startTime="0001-01-01T08:00:00.0000000+08:00" endTime="0001-01-01T08:00:00.0000000+08:00" testType="13cdc9d9-ddb5-4fa4-a97d-d965ccfc6d4b" outcome="NotExecuted" testListId="8c84fa94-04c1-424b-9868-57a2d4851a1d">
    </UnitTestResult>
    <UnitTestResult executionId="d084fcb5-c699-4e27-9ee5-809259474b84" testId="6f56f91a-5ab1-8463-6df2-d65380d0a2ce" testName="Join_ManyToMany" computerName="MIKE-NOTEBOOK2" duration="00:00:00" startTime="0001-01-01T08:00:00.0000000+08:00" endTime="0001-01-01T08:00:00.0000000+08:00" testType="13cdc9d9-ddb5-4fa4-a97d-d965ccfc6d4b" outcome="NotExecuted" testListId="8c84fa94-04c1-424b-9868-57a2d4851a1d">
    </UnitTestResult>
    <UnitTestResult executionId="c4ed5f21-7178-4f0e-8ad8-4ac090f8542d" testId="5a49a56b-ce41-b8c2-0d51-3c6b6b2441d2" testName="Join_SelfJoin" computerName="MIKE-NOTEBOOK2" duration="00:00:00" startTime="0001-01-01T08:00:00.0000000+08:00" endTime="0001-01-01T08:00:00.0000000+08:00" testType="13cdc9d9-ddb5-4fa4-a97d-d965ccfc6d4b" outcome="NotExecuted" testListId="8c84fa94-04c1-424b-9868-57a2d4851a1d">
    </UnitTestResult>
    <UnitTestResult executionId="3968291b-d94b-40c7-b459-33fc43a316e9" testId="5eab0771-e464-8303-89e1-3c32f08f3779" testName="Join_TowWay" computerName="MIKE-NOTEBOOK2" duration="00:00:00" startTime="0001-01-01T08:00:00.0000000+08:00" endTime="0001-01-01T08:00:00.0000000+08:00" testType="13cdc9d9-ddb5-4fa4-a97d-d965ccfc6d4b" outcome="NotExecuted" testListId="8c84fa94-04c1-424b-9868-57a2d4851a1d">
    </UnitTestResult>
    <UnitTestResult executionId="27bfc352-502f-4cb8-8e1d-f8282372819a" testId="e929e060-bd0d-63b0-4394-fcb2ae20336c" testName="Join_ThreeWay" computerName="MIKE-NOTEBOOK2" duration="00:00:00" startTime="0001-01-01T08:00:00.0000000+08:00" endTime="0001-01-01T08:00:00.0000000+08:00" testType="13cdc9d9-ddb5-4fa4-a97d-d965ccfc6d4b" outcome="NotExecuted" testListId="8c84fa94-04c1-424b-9868-57a2d4851a1d">
    </UnitTestResult>
    <UnitTestResult executionId="df38f0a5-669f-4ba6-98c2-1998924eca59" testId="a0da705c-ccc8-51c3-50da-3f96bbee09af" testName="Join_LeftOuter" computerName="MIKE-NOTEBOOK2" duration="00:00:00" startTime="0001-01-01T08:00:00.0000000+08:00" endTime="0001-01-01T08:00:00.0000000+08:00" testType="13cdc9d9-ddb5-4fa4-a97d-d965ccfc6d4b" outcome="NotExecuted" testListId="8c84fa94-04c1-424b-9868-57a2d4851a1d">
    </UnitTestResult>
    <UnitTestResult executionId="573965d9-6628-4433-b38a-fa9e31bb5d76" testId="12a53ac1-4ce4-9728-a77e-81ec30aa0a83" testName="Join_LetAssignment" computerName="MIKE-NOTEBOOK2" duration="00:00:00" startTime="0001-01-01T08:00:00.0000000+08:00" endTime="0001-01-01T08:00:00.0000000+08:00" testType="13cdc9d9-ddb5-4fa4-a97d-d965ccfc6d4b" outcome="NotExecuted" testListId="8c84fa94-04c1-424b-9868-57a2d4851a1d">
    </UnitTestResult>
    <UnitTestResult executionId="d4b4fd00-da3e-4cb7-8a98-f879b9567668" testId="83ff3a13-b439-870a-343c-c26f71029411" testName="Join_CompositeKey" computerName="MIKE-NOTEBOOK2" duration="00:00:00" startTime="0001-01-01T08:00:00.0000000+08:00" endTime="0001-01-01T08:00:00.0000000+08:00" testType="13cdc9d9-ddb5-4fa4-a97d-d965ccfc6d4b" outcome="NotExecuted" testListId="8c84fa94-04c1-424b-9868-57a2d4851a1d">
    </UnitTestResult>
    <UnitTestResult executionId="5313ebf1-e341-4ec7-9803-1f2f9a710c36" testId="ff518be9-38ab-8598-343f-561d4a1e9c10" testName="Join_NullableNonnullableKeyRelationship" computerName="MIKE-NOTEBOOK2" duration="00:00:00" startTime="0001-01-01T08:00:00.0000000+08:00" endTime="0001-01-01T08:00:00.0000000+08:00" testType="13cdc9d9-ddb5-4fa4-a97d-d965ccfc6d4b" outcome="NotExecuted" testListId="8c84fa94-04c1-424b-9868-57a2d4851a1d">
    </UnitTestResult>
    <UnitTestResult executionId="0d0d7458-36a5-45ab-ae92-e7b4a118d204" testId="5cdf371e-2f97-7282-07b0-42654c60bbcf" testName="Join" computerName="MIKE-NOTEBOOK2" duration="00:00:00" startTime="0001-01-01T08:00:00.0000000+08:00" endTime="0001-01-01T08:00:00.0000000+08:00" testType="13cdc9d9-ddb5-4fa4-a97d-d965ccfc6d4b" outcome="NotExecuted" testListId="8c84fa94-04c1-424b-9868-57a2d4851a1d">
    </UnitTestResult>
    <UnitTestResult executionId="3cdde86d-50c1-4c37-b679-9ec8f8b03d1e" testId="5a36519a-2b93-2c4c-7de8-1431a038acad" testName="OrderBy_Simple" computerName="MIKE-NOTEBOOK2" duration="00:00:00" startTime="0001-01-01T08:00:00.0000000+08:00" endTime="0001-01-01T08:00:00.0000000+08:00" testType="13cdc9d9-ddb5-4fa4-a97d-d965ccfc6d4b" outcome="NotExecuted" testListId="8c84fa94-04c1-424b-9868-57a2d4851a1d">
    </UnitTestResult>
    <UnitTestResult executionId="82862ee4-4026-4865-8b56-9d57d48e154a" testId="19dc0202-f1c9-ef9b-520f-549d0e077f36" testName="OrderBy_Conditional" computerName="MIKE-NOTEBOOK2" duration="00:00:00" startTime="0001-01-01T08:00:00.0000000+08:00" endTime="0001-01-01T08:00:00.0000000+08:00" testType="13cdc9d9-ddb5-4fa4-a97d-d965ccfc6d4b" outcome="NotExecuted" testListId="8c84fa94-04c1-424b-9868-57a2d4851a1d">
    </UnitTestResult>
    <UnitTestResult executionId="abdba31a-9d2c-458b-95cf-de9f6baf3af3" testId="22bd8aeb-eb39-af1d-73d9-caa8b17a0431" testName="OrderBy_ThenByDescending" computerName="MIKE-NOTEBOOK2" duration="00:00:00" startTime="0001-01-01T08:00:00.0000000+08:00" endTime="0001-01-01T08:00:00.0000000+08:00" testType="13cdc9d9-ddb5-4fa4-a97d-d965ccfc6d4b" outcome="NotExecuted" testListId="8c84fa94-04c1-424b-9868-57a2d4851a1d">
    </UnitTestResult>
    <UnitTestResult executionId="1f92a070-f46c-4ccc-9b22-d3be0da42cb7" testId="3005cf59-060a-9cb2-5d15-06fd438556f3" testName="OrderBy_GroupBy" computerName="MIKE-NOTEBOOK2" duration="00:00:00" startTime="0001-01-01T08:00:00.0000000+08:00" endTime="0001-01-01T08:00:00.0000000+08:00" testType="13cdc9d9-ddb5-4fa4-a97d-d965ccfc6d4b" outcome="NotExecuted" testListId="8c84fa94-04c1-424b-9868-57a2d4851a1d">
    </UnitTestResult>
    <UnitTestResult executionId="ebab8eaf-4878-4b8d-87cc-9f05d4d81e76" testId="28579d5d-ff9b-bc4c-f25f-795f9c7eec9f" testName="GroupBy_Simple" computerName="MIKE-NOTEBOOK2" duration="00:00:00" startTime="0001-01-01T08:00:00.0000000+08:00" endTime="0001-01-01T08:00:00.0000000+08:00" testType="13cdc9d9-ddb5-4fa4-a97d-d965ccfc6d4b" outcome="NotExecuted" testListId="8c84fa94-04c1-424b-9868-57a2d4851a1d">
    </UnitTestResult>
    <UnitTestResult executionId="57a392e3-8270-417d-a728-027edad162a1" testId="71bcbad5-6db6-cb65-68cf-fe486bd11159" testName="GroupBy_Select" computerName="MIKE-NOTEBOOK2" duration="00:00:00" startTime="0001-01-01T08:00:00.0000000+08:00" endTime="0001-01-01T08:00:00.0000000+08:00" testType="13cdc9d9-ddb5-4fa4-a97d-d965ccfc6d4b" outcome="NotExecuted" testListId="8c84fa94-04c1-424b-9868-57a2d4851a1d">
    </UnitTestResult>
    <UnitTestResult executionId="464296d8-095c-4f3a-bf81-d546c3507c49" testId="d85fc15c-2804-4caa-11e7-0f838df4fea4" testName="GroupBy_Max" computerName="MIKE-NOTEBOOK2" duration="00:00:00" startTime="0001-01-01T08:00:00.0000000+08:00" endTime="0001-01-01T08:00:00.0000000+08:00" testType="13cdc9d9-ddb5-4fa4-a97d-d965ccfc6d4b" outcome="NotExecuted" testListId="8c84fa94-04c1-424b-9868-57a2d4851a1d">
    </UnitTestResult>
    <UnitTestResult executionId="33707b26-6e89-4384-a8bf-8b2ed189c70f" testId="d665ba45-555c-c938-1f98-e6aa51f3d56d" testName="GroupBy_Min" computerName="MIKE-NOTEBOOK2" duration="00:00:00" startTime="0001-01-01T08:00:00.0000000+08:00" endTime="0001-01-01T08:00:00.0000000+08:00" testType="13cdc9d9-ddb5-4fa4-a97d-d965ccfc6d4b" outcome="NotExecuted" testListId="8c84fa94-04c1-424b-9868-57a2d4851a1d">
    </UnitTestResult>
    <UnitTestResult executionId="ac22b084-6f6a-4de8-b6e9-6f44b03bbb79" testId="3adadcef-81c4-f092-138c-6399b2bcefe5" testName="GroupBy_Avg" computerName="MIKE-NOTEBOOK2" duration="00:00:00" startTime="0001-01-01T08:00:00.0000000+08:00" endTime="0001-01-01T08:00:00.0000000+08:00" testType="13cdc9d9-ddb5-4fa4-a97d-d965ccfc6d4b" outcome="NotExecuted" testListId="8c84fa94-04c1-424b-9868-57a2d4851a1d">
    </UnitTestResult>
    <UnitTestResult executionId="576ee95a-e2c4-4387-ac0d-05523800a175" testId="db3c3a89-bcfc-972c-a558-e5b208d0a2ef" testName="GroupBy_Sum" computerName="MIKE-NOTEBOOK2" duration="00:00:00" startTime="0001-01-01T08:00:00.0000000+08:00" endTime="0001-01-01T08:00:00.0000000+08:00" testType="13cdc9d9-ddb5-4fa4-a97d-d965ccfc6d4b" outcome="NotExecuted" testListId="8c84fa94-04c1-424b-9868-57a2d4851a1d">
    </UnitTestResult>
    <UnitTestResult executionId="2b58c933-886a-41fc-8e35-001c901e30aa" testId="0d87268f-5f6b-d97c-648c-316928f0fb8b" testName="GroupByCount" computerName="MIKE-NOTEBOOK2" duration="00:00:00" startTime="0001-01-01T08:00:00.0000000+08:00" endTime="0001-01-01T08:00:00.0000000+08:00" testType="13cdc9d9-ddb5-4fa4-a97d-d965ccfc6d4b" outcome="NotExecuted" testListId="8c84fa94-04c1-424b-9868-57a2d4851a1d">
    </UnitTestResult>
    <UnitTestResult executionId="179ff895-842d-43f0-8e9a-8371c5cf1fd8" testId="7402905b-847c-97bb-4ad5-21a49083d3e5" testName="GroupBy_ConditionalCount" computerName="MIKE-NOTEBOOK2" duration="00:00:00" startTime="0001-01-01T08:00:00.0000000+08:00" endTime="0001-01-01T08:00:00.0000000+08:00" testType="13cdc9d9-ddb5-4fa4-a97d-d965ccfc6d4b" outcome="NotExecuted" testListId="8c84fa94-04c1-424b-9868-57a2d4851a1d">
    </UnitTestResult>
    <UnitTestResult executionId="2dd42258-70cf-45bd-b308-52b41bf7f579" testId="94bec791-17da-a55c-288e-9d217051ec39" testName="GroupBy_Where" computerName="MIKE-NOTEBOOK2" duration="00:00:00" startTime="0001-01-01T08:00:00.0000000+08:00" endTime="0001-01-01T08:00:00.0000000+08:00" testType="13cdc9d9-ddb5-4fa4-a97d-d965ccfc6d4b" outcome="NotExecuted" testListId="8c84fa94-04c1-424b-9868-57a2d4851a1d">
    </UnitTestResult>
    <UnitTestResult executionId="40c11d59-65c1-4d7c-bd33-f33ecfa377c2" testId="609ab994-7a95-c14b-81c4-173e64372d06" testName="GroupBy_MultipleColumns" computerName="MIKE-NOTEBOOK2" duration="00:00:00" startTime="0001-01-01T08:00:00.0000000+08:00" endTime="0001-01-01T08:00:00.0000000+08:00" testType="13cdc9d9-ddb5-4fa4-a97d-d965ccfc6d4b" outcome="NotExecuted" testListId="8c84fa94-04c1-424b-9868-57a2d4851a1d">
    </UnitTestResult>
    <UnitTestResult executionId="1eb5e88c-6f66-4364-9506-4811159c3acf" testId="cb44e0db-37ef-f2dd-2067-980f12c5b4c8" testName="GroupBy_Expression" computerName="MIKE-NOTEBOOK2" duration="00:00:00" startTime="0001-01-01T08:00:00.0000000+08:00" endTime="0001-01-01T08:00:00.0000000+08:00" testType="13cdc9d9-ddb5-4fa4-a97d-d965ccfc6d4b" outcome="NotExecuted" testListId="8c84fa94-04c1-424b-9868-57a2d4851a1d">
    </UnitTestResult>
    <UnitTestResult executionId="3d301ee2-73f3-4aa2-8a8a-b0d07cc9838f" testId="f1c53472-6fa3-02c9-f35d-bbe81b3a153a" testName="GroupBy_Nested" computerName="MIKE-NOTEBOOK2" duration="00:00:00" startTime="0001-01-01T08:00:00.0000000+08:00" endTime="0001-01-01T08:00:00.0000000+08:00" testType="13cdc9d9-ddb5-4fa4-a97d-d965ccfc6d4b" outcome="NotExecuted" testListId="8c84fa94-04c1-424b-9868-57a2d4851a1d">
    </UnitTestResult>
    <UnitTestResult executionId="a176ff97-1e02-4e6d-9bd4-333da1b560ff" testId="9f68ea89-f7e0-a305-51fb-d50b30800ebd" testName="GroupBy_Year" computerName="MIKE-NOTEBOOK2" duration="00:00:00" startTime="0001-01-01T08:00:00.0000000+08:00" endTime="0001-01-01T08:00:00.0000000+08:00" testType="13cdc9d9-ddb5-4fa4-a97d-d965ccfc6d4b" outcome="NotExecuted" testListId="8c84fa94-04c1-424b-9868-57a2d4851a1d">
    </UnitTestResult>
    <UnitTestResult executionId="7dc955f9-7708-4689-a2fd-b9c45b102059" testId="6c03c4d6-1554-ee94-3066-25cba6275f3a" testName="GroupBy_Month" computerName="MIKE-NOTEBOOK2" duration="00:00:00" startTime="0001-01-01T08:00:00.0000000+08:00" endTime="0001-01-01T08:00:00.0000000+08:00" testType="13cdc9d9-ddb5-4fa4-a97d-d965ccfc6d4b" outcome="NotExecuted" testListId="8c84fa94-04c1-424b-9868-57a2d4851a1d">
    </UnitTestResult>
    <UnitTestResult executionId="c4338a3d-eab9-4084-953e-7c172721f271" testId="17f29182-e06e-b735-c56a-5c45ea3f2482" testName="GroupBy_Day" computerName="MIKE-NOTEBOOK2" duration="00:00:00" startTime="0001-01-01T08:00:00.0000000+08:00" endTime="0001-01-01T08:00:00.0000000+08:00" testType="13cdc9d9-ddb5-4fa4-a97d-d965ccfc6d4b" outcome="NotExecuted" testListId="8c84fa94-04c1-424b-9868-57a2d4851a1d">
    </UnitTestResult>
    <UnitTestResult executionId="6b942c2d-afee-412f-ab41-047f41c10d4b" testId="af084419-6341-6364-4bcb-452d61c18d0f" testName="GroupBy_Date" computerName="MIKE-NOTEBOOK2" duration="00:00:00" startTime="0001-01-01T08:00:00.0000000+08:00" endTime="0001-01-01T08:00:00.0000000+08:00" testType="13cdc9d9-ddb5-4fa4-a97d-d965ccfc6d4b" outcome="NotExecuted" testListId="8c84fa94-04c1-424b-9868-57a2d4851a1d">
    </UnitTestResult>
    <UnitTestResult executionId="ac1de0ab-315e-400a-a263-0f26ffb36dda" testId="4588450b-0ad1-cd0d-efa9-ef52a8eadf74" testName="Any_Simple" computerName="MIKE-NOTEBOOK2" duration="00:00:00" startTime="0001-01-01T08:00:00.0000000+08:00" endTime="0001-01-01T08:00:00.0000000+08:00" testType="13cdc9d9-ddb5-4fa4-a97d-d965ccfc6d4b" outcome="NotExecuted" testListId="8c84fa94-04c1-424b-9868-57a2d4851a1d">
    </UnitTestResult>
    <UnitTestResult executionId="ed32bc21-d607-4a1d-b9a4-00d44a4b24e0" testId="6e796bfa-39e5-88eb-2d24-dcfbcc32ec10" testName="Any_Condition" computerName="MIKE-NOTEBOOK2" duration="00:00:00" startTime="0001-01-01T08:00:00.0000000+08:00" endTime="0001-01-01T08:00:00.0000000+08:00" testType="13cdc9d9-ddb5-4fa4-a97d-d965ccfc6d4b" outcome="NotExecuted" testListId="8c84fa94-04c1-424b-9868-57a2d4851a1d">
    </UnitTestResult>
    <UnitTestResult executionId="fbd40dfd-4e3f-4b80-b483-34b1ad553e42" testId="973533d9-8f04-e26d-1c9e-ac64dabf6c91" testName="Any_Grouped" computerName="MIKE-NOTEBOOK2" duration="00:00:00" startTime="0001-01-01T08:00:00.0000000+08:00" endTime="0001-01-01T08:00:00.0000000+08:00" testType="13cdc9d9-ddb5-4fa4-a97d-d965ccfc6d4b" outcome="NotExecuted" testListId="8c84fa94-04c1-424b-9868-57a2d4851a1d">
    </UnitTestResult>
    <UnitTestResult executionId="92df6c07-8ce7-4134-80c5-6a3841911e5b" testId="68360461-51c1-7046-7d53-530cc325c184" testName="All_Simple" computerName="MIKE-NOTEBOOK2" duration="00:00:00" startTime="0001-01-01T08:00:00.0000000+08:00" endTime="0001-01-01T08:00:00.0000000+08:00" testType="13cdc9d9-ddb5-4fa4-a97d-d965ccfc6d4b" outcome="NotExecuted" testListId="8c84fa94-04c1-424b-9868-57a2d4851a1d">
    </UnitTestResult>
    <UnitTestResult executionId="7b141f20-1833-4a8c-937f-78044ae09ae9" testId="5aa8e4b9-ac75-db48-573f-84ad56a88fc0" testName="All_Grouped" computerName="MIKE-NOTEBOOK2" duration="00:00:00" startTime="0001-01-01T08:00:00.0000000+08:00" endTime="0001-01-01T08:00:00.0000000+08:00" testType="13cdc9d9-ddb5-4fa4-a97d-d965ccfc6d4b" outcome="NotExecuted" testListId="8c84fa94-04c1-424b-9868-57a2d4851a1d">
    </UnitTestResult>
    <UnitTestResult executionId="e074b945-21b3-4073-85ad-78024f4ce9d3" testId="4ac2825a-1c3b-5a96-985e-cc76b3823e2b" testName="Contains" computerName="MIKE-NOTEBOOK2" duration="00:00:00" startTime="0001-01-01T08:00:00.0000000+08:00" endTime="0001-01-01T08:00:00.0000000+08:00" testType="13cdc9d9-ddb5-4fa4-a97d-d965ccfc6d4b" outcome="NotExecuted" testListId="8c84fa94-04c1-424b-9868-57a2d4851a1d">
    </UnitTestResult>
    <UnitTestResult executionId="54e86a14-56c1-474d-bccc-09fab4863bba" testId="38c53564-42e4-24f4-eb9f-c10bb3aa28d6" testName="Like" computerName="MIKE-NOTEBOOK2" duration="00:00:00" startTime="0001-01-01T08:00:00.0000000+08:00" endTime="0001-01-01T08:00:00.0000000+08:00" testType="13cdc9d9-ddb5-4fa4-a97d-d965ccfc6d4b" outcome="NotExecuted" testListId="8c84fa94-04c1-424b-9868-57a2d4851a1d">
    </UnitTestResult>
    <UnitTestResult executionId="b83b2f5b-2b38-4fde-b427-e034cd618cba" testId="b0893b25-7388-fc48-a192-2a18e87ab1d7" testName="TestNull" computerName="MIKE-NOTEBOOK2" duration="00:00:00" startTime="0001-01-01T08:00:00.0000000+08:00" endTime="0001-01-01T08:00:00.0000000+08:00" testType="13cdc9d9-ddb5-4fa4-a97d-d965ccfc6d4b" outcome="NotExecuted" testListId="8c84fa94-04c1-424b-9868-57a2d4851a1d">
    </UnitTestResult>
    <UnitTestResult executionId="85f02e4b-069c-4e0a-9940-07c470070992" testId="a4276c0c-f85c-5b2f-7635-e9099529e349" testName="CollectionConvert" computerName="MIKE-NOTEBOOK2" duration="00:00:00" startTime="0001-01-01T08:00:00.0000000+08:00" endTime="0001-01-01T08:00:00.0000000+08:00" testType="13cdc9d9-ddb5-4fa4-a97d-d965ccfc6d4b" outcome="NotExecuted" testListId="8c84fa94-04c1-424b-9868-57a2d4851a1d">
    </UnitTestResult>
    <UnitTestResult executionId="3a3e47ef-ea2c-42b2-917a-6254f321fe16" testId="016b328a-8c49-0aef-8590-47499f16786b" testName="Concat" computerName="MIKE-NOTEBOOK2" duration="00:00:00" startTime="0001-01-01T08:00:00.0000000+08:00" endTime="0001-01-01T08:00:00.0000000+08:00" testType="13cdc9d9-ddb5-4fa4-a97d-d965ccfc6d4b" outcome="NotExecuted" testListId="8c84fa94-04c1-424b-9868-57a2d4851a1d">
    </UnitTestResult>
    <UnitTestResult executionId="1b0c95d1-0ef3-4d5a-bc0e-06cd5095080d" testId="dcd7b44f-479d-7551-29bb-9c0774c17db1" testName="StringConcat" computerName="MIKE-NOTEBOOK2" duration="00:00:00" startTime="0001-01-01T08:00:00.0000000+08:00" endTime="0001-01-01T08:00:00.0000000+08:00" testType="13cdc9d9-ddb5-4fa4-a97d-d965ccfc6d4b" outcome="NotExecuted" testListId="8c84fa94-04c1-424b-9868-57a2d4851a1d">
    </UnitTestResult>
    <UnitTestResult executionId="95939c80-35bf-485f-8ea2-ff186369029f" testId="48ab14bc-edd9-b348-ecad-4eb8a66f91f8" testName="StringLength" computerName="MIKE-NOTEBOOK2" duration="00:00:00" startTime="0001-01-01T08:00:00.0000000+08:00" endTime="0001-01-01T08:00:00.0000000+08:00" testType="13cdc9d9-ddb5-4fa4-a97d-d965ccfc6d4b" outcome="NotExecuted" testListId="8c84fa94-04c1-424b-9868-57a2d4851a1d">
    </UnitTestResult>
    <UnitTestResult executionId="5bfcd624-e004-49c4-9af7-dfc1f2c8cadf" testId="ef1ad21a-6805-fb1e-5f7d-f7b348670bee" testName="StringContain" computerName="MIKE-NOTEBOOK2" duration="00:00:00" startTime="0001-01-01T08:00:00.0000000+08:00" endTime="0001-01-01T08:00:00.0000000+08:00" testType="13cdc9d9-ddb5-4fa4-a97d-d965ccfc6d4b" outcome="NotExecuted" testListId="8c84fa94-04c1-424b-9868-57a2d4851a1d">
    </UnitTestResult>
    <UnitTestResult executionId="1c6962ec-7b3e-41c6-9a7c-79774c768466" testId="c75ab4cb-73d6-33ef-f464-af101b0e8fdc" testName="StringIndexOf" computerName="MIKE-NOTEBOOK2" duration="00:00:00" startTime="0001-01-01T08:00:00.0000000+08:00" endTime="0001-01-01T08:00:00.0000000+08:00" testType="13cdc9d9-ddb5-4fa4-a97d-d965ccfc6d4b" outcome="NotExecuted" testListId="8c84fa94-04c1-424b-9868-57a2d4851a1d">
    </UnitTestResult>
    <UnitTestResult executionId="2294af63-731d-40ad-a5e6-631c563a8d28" testId="8b5e3d11-ea5a-d194-c3ea-86ac2046c454" testName="StringStartsWith" computerName="MIKE-NOTEBOOK2" duration="00:00:00" startTime="0001-01-01T08:00:00.0000000+08:00" endTime="0001-01-01T08:00:00.0000000+08:00" testType="13cdc9d9-ddb5-4fa4-a97d-d965ccfc6d4b" outcome="NotExecuted" testListId="8c84fa94-04c1-424b-9868-57a2d4851a1d">
    </UnitTestResult>
    <UnitTestResult executionId="71b29ace-f35a-41e2-bf71-3fa2c30d9f6c" testId="71bfc0c3-92bc-6e7e-030c-1fda7b9fc89e" testName="StringEndsWith" computerName="MIKE-NOTEBOOK2" duration="00:00:00" startTime="0001-01-01T08:00:00.0000000+08:00" endTime="0001-01-01T08:00:00.0000000+08:00" testType="13cdc9d9-ddb5-4fa4-a97d-d965ccfc6d4b" outcome="NotExecuted" testListId="8c84fa94-04c1-424b-9868-57a2d4851a1d">
    </UnitTestResult>
    <UnitTestResult executionId="6a8639e3-55e6-456a-a328-eaa5fef28d6f" testId="421f31cb-6e19-2a10-3384-19a14460b04c" testName="StringSubstring" computerName="MIKE-NOTEBOOK2" duration="00:00:00" startTime="0001-01-01T08:00:00.0000000+08:00" endTime="0001-01-01T08:00:00.0000000+08:00" testType="13cdc9d9-ddb5-4fa4-a97d-d965ccfc6d4b" outcome="NotExecuted" testListId="8c84fa94-04c1-424b-9868-57a2d4851a1d">
    </UnitTestResult>
    <UnitTestResult executionId="d2024402-f636-48ab-afe5-16f408f0665a" testId="c41b50fb-7395-fc17-1a95-bdfb7b36bb30" testName="StringToUpper" computerName="MIKE-NOTEBOOK2" duration="00:00:00" startTime="0001-01-01T08:00:00.0000000+08:00" endTime="0001-01-01T08:00:00.0000000+08:00" testType="13cdc9d9-ddb5-4fa4-a97d-d965ccfc6d4b" outcome="NotExecuted" testListId="8c84fa94-04c1-424b-9868-57a2d4851a1d">
    </UnitTestResult>
    <UnitTestResult executionId="fc61b424-25a6-4e7b-8d64-2e34b7620c69" testId="8d19a1b3-9973-5c42-0999-27e005ddfb24" testName="StringToLower" computerName="MIKE-NOTEBOOK2" duration="00:00:00" startTime="0001-01-01T08:00:00.0000000+08:00" endTime="0001-01-01T08:00:00.0000000+08:00" testType="13cdc9d9-ddb5-4fa4-a97d-d965ccfc6d4b" outcome="NotExecuted" testListId="8c84fa94-04c1-424b-9868-57a2d4851a1d">
    </UnitTestResult>
    <UnitTestResult executionId="101c9cca-8f60-4035-bc64-aa79ee7702c1" testId="a22f563c-c491-ea2f-ad18-c5592e258049" testName="String_Trim" computerName="MIKE-NOTEBOOK2" duration="00:00:00" startTime="0001-01-01T08:00:00.0000000+08:00" endTime="0001-01-01T08:00:00.0000000+08:00" testType="13cdc9d9-ddb5-4fa4-a97d-d965ccfc6d4b" outcome="NotExecuted" testListId="8c84fa94-04c1-424b-9868-57a2d4851a1d">
    </UnitTestResult>
    <UnitTestResult executionId="3b0d366c-0868-4973-b6fb-177a48d75cbf" testId="9bfcf69d-607a-99d8-2ea0-a420aecf279a" testName="String_TrimStart" computerName="MIKE-NOTEBOOK2" duration="00:00:00" startTime="0001-01-01T08:00:00.0000000+08:00" endTime="0001-01-01T08:00:00.0000000+08:00" testType="13cdc9d9-ddb5-4fa4-a97d-d965ccfc6d4b" outcome="NotExecuted" testListId="8c84fa94-04c1-424b-9868-57a2d4851a1d">
    </UnitTestResult>
    <UnitTestResult executionId="0bb77d83-3d92-4daa-9680-9a9f08da2a92" testId="411dbbcd-b6f3-96e0-c9fc-0de286275d2e" testName="String_TrimEnd" computerName="MIKE-NOTEBOOK2" duration="00:00:00" startTime="0001-01-01T08:00:00.0000000+08:00" endTime="0001-01-01T08:00:00.0000000+08:00" testType="13cdc9d9-ddb5-4fa4-a97d-d965ccfc6d4b" outcome="NotExecuted" testListId="8c84fa94-04c1-424b-9868-57a2d4851a1d">
    </UnitTestResult>
    <UnitTestResult executionId="f2813feb-0a46-466e-b0ad-dbdf287ab2a9" testId="3f209a47-2b99-0658-6c48-d83373417393" testName="StringInsert" computerName="MIKE-NOTEBOOK2" duration="00:00:00" startTime="0001-01-01T08:00:00.0000000+08:00" endTime="0001-01-01T08:00:00.0000000+08:00" testType="13cdc9d9-ddb5-4fa4-a97d-d965ccfc6d4b" outcome="NotExecuted" testListId="8c84fa94-04c1-424b-9868-57a2d4851a1d">
    </UnitTestResult>
    <UnitTestResult executionId="2f232e9e-3756-41e5-893f-9bf03103f811" testId="64ebd09a-bf15-bc89-1ba0-b798d3d41e87" testName="StringRemove" computerName="MIKE-NOTEBOOK2" duration="00:00:00" startTime="0001-01-01T08:00:00.0000000+08:00" endTime="0001-01-01T08:00:00.0000000+08:00" testType="13cdc9d9-ddb5-4fa4-a97d-d965ccfc6d4b" outcome="NotExecuted" testListId="8c84fa94-04c1-424b-9868-57a2d4851a1d">
    </UnitTestResult>
    <UnitTestResult executionId="70627dc8-4a2a-4cc1-a07a-e6b281b4f543" testId="df3a0bc3-0a11-7521-9fcf-835a094f86db" testName="StringRelace" computerName="MIKE-NOTEBOOK2" duration="00:00:00" startTime="0001-01-01T08:00:00.0000000+08:00" endTime="0001-01-01T08:00:00.0000000+08:00" testType="13cdc9d9-ddb5-4fa4-a97d-d965ccfc6d4b" outcome="NotExecuted" testListId="8c84fa94-04c1-424b-9868-57a2d4851a1d">
    </UnitTestResult>
    <UnitTestResult executionId="b013a6fc-de4f-429a-80ca-c13499ff67d4" testId="eb354b36-9336-c68b-3f3b-f713f24eff1e" testName="DateTime_Year" computerName="MIKE-NOTEBOOK2" duration="00:00:00" startTime="0001-01-01T08:00:00.0000000+08:00" endTime="0001-01-01T08:00:00.0000000+08:00" testType="13cdc9d9-ddb5-4fa4-a97d-d965ccfc6d4b" outcome="NotExecuted" testListId="8c84fa94-04c1-424b-9868-57a2d4851a1d">
    </UnitTestResult>
    <UnitTestResult executionId="e381ecfa-4553-487e-869e-2e7b225fb682" testId="ae41bf89-b61d-8f07-3592-102ab8ebcb24" testName="DateTime_Month" computerName="MIKE-NOTEBOOK2" duration="00:00:00" startTime="0001-01-01T08:00:00.0000000+08:00" endTime="0001-01-01T08:00:00.0000000+08:00" testType="13cdc9d9-ddb5-4fa4-a97d-d965ccfc6d4b" outcome="NotExecuted" testListId="8c84fa94-04c1-424b-9868-57a2d4851a1d">
    </UnitTestResult>
    <UnitTestResult executionId="88b136ac-f231-452b-8f02-04a50541e718" testId="deeff2e6-96ed-f4bd-2158-d5e9bb7bcc24" testName="DateTime_Day" computerName="MIKE-NOTEBOOK2" duration="00:00:00" startTime="0001-01-01T08:00:00.0000000+08:00" endTime="0001-01-01T08:00:00.0000000+08:00" testType="13cdc9d9-ddb5-4fa4-a97d-d965ccfc6d4b" outcome="NotExecuted" testListId="8c84fa94-04c1-424b-9868-57a2d4851a1d">
    </UnitTestResult>
    <UnitTestResult executionId="f2e17986-cd65-45fc-9664-4f4875ac9bc0" testId="00ff8150-ec1f-c649-9afe-1603195ea9ce" testName="DateTimeGT" computerName="MIKE-NOTEBOOK2" duration="00:00:00" startTime="0001-01-01T08:00:00.0000000+08:00" endTime="0001-01-01T08:00:00.0000000+08:00" testType="13cdc9d9-ddb5-4fa4-a97d-d965ccfc6d4b" outcome="NotExecuted" testListId="8c84fa94-04c1-424b-9868-57a2d4851a1d">
    </UnitTestResult>
    <UnitTestResult executionId="2ebfc723-7133-4a12-a19d-454ca7b3e989" testId="1b7b7a78-9099-9ded-8014-39218b7c9bff" testName="DateTimeGE" computerName="MIKE-NOTEBOOK2" duration="00:00:00" startTime="0001-01-01T08:00:00.0000000+08:00" endTime="0001-01-01T08:00:00.0000000+08:00" testType="13cdc9d9-ddb5-4fa4-a97d-d965ccfc6d4b" outcome="NotExecuted" testListId="8c84fa94-04c1-424b-9868-57a2d4851a1d">
    </UnitTestResult>
    <UnitTestResult executionId="f701d94c-9d3b-4faf-9c06-4b8c0ae2b166" testId="5a675e4f-190e-5cc5-79ec-943e65836a56" testName="DateTimeLT" computerName="MIKE-NOTEBOOK2" duration="00:00:00" startTime="0001-01-01T08:00:00.0000000+08:00" endTime="0001-01-01T08:00:00.0000000+08:00" testType="13cdc9d9-ddb5-4fa4-a97d-d965ccfc6d4b" outcome="NotExecuted" testListId="8c84fa94-04c1-424b-9868-57a2d4851a1d">
    </UnitTestResult>
    <UnitTestResult executionId="c61e716d-f48e-4538-b920-b15fd9d98fa7" testId="a71e83f8-5f9d-fbec-87dc-0cbab3e4c9f7" testName="DateTimeLE" computerName="MIKE-NOTEBOOK2" duration="00:00:00" startTime="0001-01-01T08:00:00.0000000+08:00" endTime="0001-01-01T08:00:00.0000000+08:00" testType="13cdc9d9-ddb5-4fa4-a97d-d965ccfc6d4b" outcome="NotExecuted" testListId="8c84fa94-04c1-424b-9868-57a2d4851a1d">
    </UnitTestResult>
    <UnitTestResult executionId="23b5b7cc-830e-45fb-aa8e-88513aa6508e" testId="777d0a5d-12d6-b4fd-1b8f-d8714584863d" testName="DateTime_Date" computerName="MIKE-NOTEBOOK2" duration="00:00:00" startTime="0001-01-01T08:00:00.0000000+08:00" endTime="0001-01-01T08:00:00.0000000+08:00" testType="13cdc9d9-ddb5-4fa4-a97d-d965ccfc6d4b" outcome="NotExecuted" testListId="8c84fa94-04c1-424b-9868-57a2d4851a1d">
    </UnitTestResult>
    <UnitTestResult executionId="bba7c15c-462f-4548-8114-c2e1f53612e0" testId="15ec7271-a2d6-0761-a490-6e4472db2c71" testName="DateTime_TimeOfDay" computerName="MIKE-NOTEBOOK2" duration="00:00:00" startTime="0001-01-01T08:00:00.0000000+08:00" endTime="0001-01-01T08:00:00.0000000+08:00" testType="13cdc9d9-ddb5-4fa4-a97d-d965ccfc6d4b" outcome="NotExecuted" testListId="8c84fa94-04c1-424b-9868-57a2d4851a1d">
    </UnitTestResult>
    <UnitTestResult executionId="afbc6f6f-55f1-45b7-972b-c8f30fddb7d6" testId="af60dc08-047e-90ce-5686-84513113a25d" testName="Insert_Simple" computerName="MIKE-NOTEBOOK2" duration="00:00:00" startTime="0001-01-01T08:00:00.0000000+08:00" endTime="0001-01-01T08:00:00.0000000+08:00" testType="13cdc9d9-ddb5-4fa4-a97d-d965ccfc6d4b" outcome="NotExecuted" testListId="8c84fa94-04c1-424b-9868-57a2d4851a1d">
    </UnitTestResult>
    <UnitTestResult executionId="5bcb90dc-2d52-4dd6-8309-c5f33e519a1e" testId="050782df-267b-54dc-5075-728164833137" testName="Insert_OneToMany" computerName="MIKE-NOTEBOOK2" duration="00:00:00" startTime="0001-01-01T08:00:00.0000000+08:00" endTime="0001-01-01T08:00:00.0000000+08:00" testType="13cdc9d9-ddb5-4fa4-a97d-d965ccfc6d4b" outcome="NotExecuted" testListId="8c84fa94-04c1-424b-9868-57a2d4851a1d">
    </UnitTestResult>
    <UnitTestResult executionId="d0e9a3bc-ad1a-4691-ad2c-c58356ebbe18" testId="c63555d8-8769-3975-2211-202240ca90c8" testName="Insert_ManyToMany" computerName="MIKE-NOTEBOOK2" duration="00:00:00" startTime="0001-01-01T08:00:00.0000000+08:00" endTime="0001-01-01T08:00:00.0000000+08:00" testType="13cdc9d9-ddb5-4fa4-a97d-d965ccfc6d4b" outcome="NotExecuted" testListId="8c84fa94-04c1-424b-9868-57a2d4851a1d">
    </UnitTestResult>
    <UnitTestResult executionId="6f2bbfb5-4ad0-461a-9d0e-e0c990413787" testId="7b8ecc0c-ccb7-2f70-4b58-069d402a9886" testName="Delete_ManyToMany" computerName="MIKE-NOTEBOOK2" duration="00:00:00" startTime="0001-01-01T08:00:00.0000000+08:00" endTime="0001-01-01T08:00:00.0000000+08:00" testType="13cdc9d9-ddb5-4fa4-a97d-d965ccfc6d4b" outcome="NotExecuted" testListId="8c84fa94-04c1-424b-9868-57a2d4851a1d">
    </UnitTestResult>
    <UnitTestResult executionId="2e987ba6-317b-481e-bab7-e6255fc33a97" testId="0ca6e638-6e18-3477-0e74-f8aeff2f39a2" testName="Update" computerName="MIKE-NOTEBOOK2" duration="00:00:00" startTime="0001-01-01T08:00:00.0000000+08:00" endTime="0001-01-01T08:00:00.0000000+08:00" testType="13cdc9d9-ddb5-4fa4-a97d-d965ccfc6d4b" outcome="NotExecuted" testListId="8c84fa94-04c1-424b-9868-57a2d4851a1d">
    </UnitTestResult>
    <UnitTestResult executionId="a820f4d9-7214-4baf-9a2f-b11de1f0d894" testId="22f0919e-494d-cf72-a108-3d56f902ddb1" testName="Inherit" computerName="MIKE-NOTEBOOK2" duration="00:00:00" startTime="0001-01-01T08:00:00.0000000+08:00" endTime="0001-01-01T08:00:00.0000000+08:00" testType="13cdc9d9-ddb5-4fa4-a97d-d965ccfc6d4b" outcome="NotExecuted" testListId="8c84fa94-04c1-424b-9868-57a2d4851a1d">
    </UnitTestResult>
    <UnitTestResult executionId="9c574f4c-6edd-4730-879a-4bed348a9e9f" testId="c2881ccd-e21d-8820-b665-9bf888999289" testName="Insert_Inherit" computerName="MIKE-NOTEBOOK2" duration="00:00:00" startTime="0001-01-01T08:00:00.0000000+08:00" endTime="0001-01-01T08:00:00.0000000+08:00" testType="13cdc9d9-ddb5-4fa4-a97d-d965ccfc6d4b" outcome="NotExecuted" testListId="8c84fa94-04c1-424b-9868-57a2d4851a1d">
    </UnitTestResult>
    <UnitTestResult executionId="7200480d-b3f6-436c-97ed-4d43ffafef20" testId="39f5818d-9cbd-9eba-2e9d-923f732d9e4c" testName="DataLoadOptionsTest" computerName="MIKE-NOTEBOOK2" duration="00:00:00" startTime="0001-01-01T08:00:00.0000000+08:00" endTime="0001-01-01T08:00:00.0000000+08:00" testType="13cdc9d9-ddb5-4fa4-a97d-d965ccfc6d4b" outcome="NotExecuted" testListId="8c84fa94-04c1-424b-9868-57a2d4851a1d">
    </UnitTestResult>
    <UnitTestResult executionId="550ca159-f945-4c80-9ad8-5a7c25722b4e" testId="a5056e80-6fc9-167a-6669-875e87e3e4fd" testName="Null" computerName="MIKE-NOTEBOOK2" duration="00:00:00" startTime="0001-01-01T08:00:00.0000000+08:00" endTime="0001-01-01T08:00:00.0000000+08:00" testType="13cdc9d9-ddb5-4fa4-a97d-d965ccfc6d4b" outcome="NotExecuted" testListId="8c84fa94-04c1-424b-9868-57a2d4851a1d">
    </UnitTestResult>
    <UnitTestResult executionId="f9f6f578-b47b-4cee-858b-bc6ebc5d279f" testId="e15a0491-79cf-ddef-c0f3-562bbc25116e" testName="CreateDatabase" computerName="MIKE-NOTEBOOK2" duration="00:00:00" startTime="0001-01-01T08:00:00.0000000+08:00" endTime="0001-01-01T08:00:00.0000000+08:00" testType="13cdc9d9-ddb5-4fa4-a97d-d965ccfc6d4b" outcome="NotExecuted" testListId="8c84fa94-04c1-424b-9868-57a2d4851a1d">
    </UnitTestResult>
    <UnitTestResult executionId="77681180-033f-4967-8db4-b40f20b20069" testId="3c75bed1-0f32-3d05-cf72-4cadcf0b6647" testName="ResolveAll" computerName="MIKE-NOTEBOOK2" duration="00:00:00" startTime="0001-01-01T08:00:00.0000000+08:00" endTime="0001-01-01T08:00:00.0000000+08:00" testType="13cdc9d9-ddb5-4fa4-a97d-d965ccfc6d4b" outcome="NotExecuted" testListId="8c84fa94-04c1-424b-9868-57a2d4851a1d">
    </UnitTestResult>
    <UnitTestResult executionId="dd5d0606-380e-4f4e-9117-ec63a17faf70" testId="09b055fe-6596-078e-8ddd-8766c89ce8e3" testName="ComposeKey" computerName="MIKE-NOTEBOOK2" duration="00:00:00" startTime="0001-01-01T08:00:00.0000000+08:00" endTime="0001-01-01T08:00:00.0000000+08:00" testType="13cdc9d9-ddb5-4fa4-a97d-d965ccfc6d4b" outcome="NotExecuted" testListId="8c84fa94-04c1-424b-9868-57a2d4851a1d">
    </UnitTestResult>
    <UnitTestResult executionId="721ff5ab-e548-4f77-aaf3-ab8e173df65d" testId="c07ffdb6-93f1-776a-169f-d6ea23a0f371" testName="AutoGuid" computerName="MIKE-NOTEBOOK2" duration="00:00:00" startTime="0001-01-01T08:00:00.0000000+08:00" endTime="0001-01-01T08:00:00.0000000+08:00" testType="13cdc9d9-ddb5-4fa4-a97d-d965ccfc6d4b" outcome="NotExecuted" testListId="8c84fa94-04c1-424b-9868-57a2d4851a1d">
    </UnitTestResult>
    <UnitTestResult executionId="ff637162-3b32-4cdb-9e96-e8491ecfad58" testId="a1bbd654-2ba1-8938-9a19-d4910aa84acd" testName="Association" computerName="MIKE-NOTEBOOK2" duration="00:00:00" startTime="0001-01-01T08:00:00.0000000+08:00" endTime="0001-01-01T08:00:00.0000000+08:00" testType="13cdc9d9-ddb5-4fa4-a97d-d965ccfc6d4b" outcome="NotExecuted" testListId="8c84fa94-04c1-424b-9868-57a2d4851a1d">
    </UnitTestResult>
    <UnitTestResult executionId="9deabc5d-f817-442c-aef0-c30fb6d51d1e" testId="c9c2536a-bf5d-371d-49bd-56d0d1a00742" testName="Test1" computerName="MIKE-NOTEBOOK2" duration="00:00:00" startTime="0001-01-01T08:00:00.0000000+08:00" endTime="0001-01-01T08:00:00.0000000+08:00" testType="13cdc9d9-ddb5-4fa4-a97d-d965ccfc6d4b" outcome="NotExecuted" testListId="8c84fa94-04c1-424b-9868-57a2d4851a1d">
    </UnitTestResult>
    <UnitTestResult executionId="0c1957e3-6bbe-45a9-bc7a-056b6c79109a" testId="2c71d3f6-9835-e590-6e5c-42027cc25033" testName="Test2" computerName="MIKE-NOTEBOOK2" duration="00:00:00" startTime="0001-01-01T08:00:00.0000000+08:00" endTime="0001-01-01T08:00:00.0000000+08:00" testType="13cdc9d9-ddb5-4fa4-a97d-d965ccfc6d4b" outcome="NotExecuted" testListId="8c84fa94-04c1-424b-9868-57a2d4851a1d">
    </UnitTestResult>
    <UnitTestResult executionId="22d30faa-244a-4d51-878e-8ef2a22bfd12" testId="a2fcfe72-bb9f-3aa3-468b-9f451b7da6a2" testName="TablesTest" computerName="MIKE-NOTEBOOK2" duration="00:00:00" startTime="0001-01-01T08:00:00.0000000+08:00" endTime="0001-01-01T08:00:00.0000000+08:00" testType="13cdc9d9-ddb5-4fa4-a97d-d965ccfc6d4b" outcome="NotExecuted" testListId="8c84fa94-04c1-424b-9868-57a2d4851a1d">
    </UnitTestResult>
    <UnitTestResult executionId="b021e676-08b9-473e-926d-c86ffa89ea58" testId="b92d2e37-f670-cf45-1ee4-1fac938fbb02" testName="ColumnsTest" computerName="MIKE-NOTEBOOK2" duration="00:00:00" startTime="0001-01-01T08:00:00.0000000+08:00" endTime="0001-01-01T08:00:00.0000000+08:00" testType="13cdc9d9-ddb5-4fa4-a97d-d965ccfc6d4b" outcome="NotExecuted" testListId="8c84fa94-04c1-424b-9868-57a2d4851a1d">
    </UnitTestResult>
    <UnitTestResult executionId="c8bc83f2-207f-4670-8d8c-cb91359fe870" testId="2773470d-95d8-8df6-9810-d497067f138c" testName="TestMetaMembersCount" computerName="MIKE-NOTEBOOK2" duration="00:00:00" startTime="0001-01-01T08:00:00.0000000+08:00" endTime="0001-01-01T08:00:00.0000000+08:00" testType="13cdc9d9-ddb5-4fa4-a97d-d965ccfc6d4b" outcome="NotExecuted" testListId="8c84fa94-04c1-424b-9868-57a2d4851a1d">
    </UnitTestResult>
    <UnitTestResult executionId="51b5823c-ce15-47eb-8ded-08b0caeeeeba" testId="054f5597-0a81-63a2-3713-6e3a855297fb" testName="ParseSqlDataType" computerName="MIKE-NOTEBOOK2" duration="00:00:00" startTime="0001-01-01T08:00:00.0000000+08:00" endTime="0001-01-01T08:00:00.0000000+08:00" testType="13cdc9d9-ddb5-4fa4-a97d-d965ccfc6d4b" outcome="NotExecuted" testListId="8c84fa94-04c1-424b-9868-57a2d4851a1d">
    </UnitTestResult>
    <UnitTestResult executionId="71dd6ddb-7575-46b6-8586-5d28d537cb7b" testId="4c5126ac-c2be-ed3c-0692-320b7a3caae7" testName="FromTypeTest" computerName="MIKE-NOTEBOOK2" duration="00:00:00" startTime="0001-01-01T08:00:00.0000000+08:00" endTime="0001-01-01T08:00:00.0000000+08:00" testType="13cdc9d9-ddb5-4fa4-a97d-d965ccfc6d4b" outcome="NotExecuted" testListId="8c84fa94-04c1-424b-9868-57a2d4851a1d">
    </UnitTestResult>
    <UnitTestResult executionId="5d5d3204-207a-4728-bb05-f629329e15b0" testId="46f3a7de-ac3e-8f43-0376-a93afd7f04a4" testName="FromObjectTest" computerName="MIKE-NOTEBOOK2" duration="00:00:00" startTime="0001-01-01T08:00:00.0000000+08:00" endTime="0001-01-01T08:00:00.0000000+08:00" testType="13cdc9d9-ddb5-4fa4-a97d-d965ccfc6d4b" outcome="NotExecuted" testListId="8c84fa94-04c1-424b-9868-57a2d4851a1d">
    </UnitTestResult>
    <UnitTestResult executionId="7b6f4755-d951-4c41-9426-4514a58e9890" testId="d3960b22-864b-570c-277a-0d237cf1b99b" testName="CreateDatabase" computerName="MIKE-NOTEBOOK2" duration="00:00:00" startTime="0001-01-01T08:00:00.0000000+08:00" endTime="0001-01-01T08:00:00.0000000+08:00" testType="13cdc9d9-ddb5-4fa4-a97d-d965ccfc6d4b" outcome="NotExecuted" testListId="8c84fa94-04c1-424b-9868-57a2d4851a1d">
    </UnitTestResult>
    <UnitTestResult executionId="b7eba2d6-39c8-4951-b196-b417e59fa31b" testId="f3fbe837-9af8-6394-2946-246c8d2dcb8b" testName="AddCategory" computerName="MIKE-NOTEBOOK2" duration="00:00:00" startTime="0001-01-01T08:00:00.0000000+08:00" endTime="0001-01-01T08:00:00.0000000+08:00" testType="13cdc9d9-ddb5-4fa4-a97d-d965ccfc6d4b" outcome="NotExecuted" testListId="8c84fa94-04c1-424b-9868-57a2d4851a1d">
    </UnitTestResult>
    <UnitTestResult executionId="57f425aa-4944-4268-b097-de02bf5fbe0b" testId="6d1b45a7-1456-1588-7efa-b22f525459de" testName="GetCategoryCount" computerName="MIKE-NOTEBOOK2" duration="00:00:00" startTime="0001-01-01T08:00:00.0000000+08:00" endTime="0001-01-01T08:00:00.0000000+08:00" testType="13cdc9d9-ddb5-4fa4-a97d-d965ccfc6d4b" outcome="NotExecuted" testListId="8c84fa94-04c1-424b-9868-57a2d4851a1d">
    </UnitTestResult>
    <UnitTestResult executionId="56f4a45d-eaec-4b7d-8dbd-694012ae5d2c" testId="dc07a686-1ed8-c343-9fa4-f137f2efee49" testName="GetCategoryName" computerName="MIKE-NOTEBOOK2" duration="00:00:00" startTime="0001-01-01T08:00:00.0000000+08:00" endTime="0001-01-01T08:00:00.0000000+08:00" testType="13cdc9d9-ddb5-4fa4-a97d-d965ccfc6d4b" outcome="NotExecuted" testListId="8c84fa94-04c1-424b-9868-57a2d4851a1d">
    </UnitTestResult>
    <UnitTestResult executionId="270b2f41-4ebf-40bd-a274-551a7a52fd9f" testId="995211f4-8103-d3dd-2735-85c4eeaaed33" testName="GetAllCategories" computerName="MIKE-NOTEBOOK2" duration="00:00:00" startTime="0001-01-01T08:00:00.0000000+08:00" endTime="0001-01-01T08:00:00.0000000+08:00" testType="13cdc9d9-ddb5-4fa4-a97d-d965ccfc6d4b" outcome="NotExecuted" testListId="8c84fa94-04c1-424b-9868-57a2d4851a1d">
    </UnitTestResult>
    <UnitTestResult executionId="20e1ff1b-eb0b-4466-95d5-01512dd4c6f9" testId="2af04b73-38f8-ffd7-4f35-3a95073b1f62" testName="CreateProcedure1" computerName="MIKE-NOTEBOOK2" duration="00:00:00" startTime="0001-01-01T08:00:00.0000000+08:00" endTime="0001-01-01T08:00:00.0000000+08:00" testType="13cdc9d9-ddb5-4fa4-a97d-d965ccfc6d4b" outcome="NotExecuted" testListId="8c84fa94-04c1-424b-9868-57a2d4851a1d">
    </UnitTestResult>
    <UnitTestResult executionId="6e587d0a-605e-4a42-8191-ed1791b17931" testId="07ec2f53-0264-3f1f-1ab1-6f841b203791" testName="CreateProcedure2" computerName="MIKE-NOTEBOOK2" duration="00:00:00" startTime="0001-01-01T08:00:00.0000000+08:00" endTime="0001-01-01T08:00:00.0000000+08:00" testType="13cdc9d9-ddb5-4fa4-a97d-d965ccfc6d4b" outcome="NotExecuted" testListId="8c84fa94-04c1-424b-9868-57a2d4851a1d">
    </UnitTestResult>
    <UnitTestResult executionId="1979e334-1537-4fa0-81f9-bbded9978446" testId="a8225749-2a63-5437-f54e-35c6ae8e532f" testName="CreateProcedure3" computerName="MIKE-NOTEBOOK2" duration="00:00:00" startTime="0001-01-01T08:00:00.0000000+08:00" endTime="0001-01-01T08:00:00.0000000+08:00" testType="13cdc9d9-ddb5-4fa4-a97d-d965ccfc6d4b" outcome="NotExecuted" testListId="8c84fa94-04c1-424b-9868-57a2d4851a1d">
    </UnitTestResult>
    <UnitTestResult executionId="0fdc9beb-3901-497f-85f6-623317197e79" testId="d821c979-291a-3305-ef0a-d99358a1750c" testName="CreateProcedure4" computerName="MIKE-NOTEBOOK2" duration="00:00:00" startTime="0001-01-01T08:00:00.0000000+08:00" endTime="0001-01-01T08:00:00.0000000+08:00" testType="13cdc9d9-ddb5-4fa4-a97d-d965ccfc6d4b" outcome="NotExecuted" testListId="8c84fa94-04c1-424b-9868-57a2d4851a1d">
    </UnitTestResult>
    <UnitTestResult executionId="c55b8838-4fb7-460f-ba6c-d20962264fdd" testId="ec260da7-3def-b650-b232-e0322ce0af01" testName="TransactionTest" computerName="MIKE-NOTEBOOK2" duration="00:00:00" startTime="0001-01-01T08:00:00.0000000+08:00" endTime="0001-01-01T08:00:00.0000000+08:00" testType="13cdc9d9-ddb5-4fa4-a97d-d965ccfc6d4b" outcome="NotExecuted" testListId="8c84fa94-04c1-424b-9868-57a2d4851a1d">
    </UnitTestResult>
    <UnitTestResult executionId="c93265ca-0878-48a5-ad4a-7dc4230ae358" testId="f58b1145-9d8d-5ed2-e515-5beb2f7dcc17" testName="CreateDatabase" computerName="MIKE-NOTEBOOK2" duration="00:00:00" startTime="0001-01-01T08:00:00.0000000+08:00" endTime="0001-01-01T08:00:00.0000000+08:00" testType="13cdc9d9-ddb5-4fa4-a97d-d965ccfc6d4b" outcome="NotExecuted" testListId="8c84fa94-04c1-424b-9868-57a2d4851a1d">
    </UnitTestResult>
    <UnitTestResult executionId="5b95d881-f85e-4ab5-b63a-48601b7872e6" testId="6c7856a2-e94a-39d8-f68d-14d290961d41" testName="Aggregate_Null" computerName="MIKE-NOTEBOOK2" duration="00:00:00" startTime="0001-01-01T08:00:00.0000000+08:00" endTime="0001-01-01T08:00:00.0000000+08:00" testType="13cdc9d9-ddb5-4fa4-a97d-d965ccfc6d4b" outcome="NotExecuted" testListId="8c84fa94-04c1-424b-9868-57a2d4851a1d">
    </UnitTestResult>
    <UnitTestResult executionId="0fdf6f41-89f9-49cd-a4ce-93321043d0d5" testId="6c15f89a-1db9-5054-711d-367912f86f86" testName="GetDefaultValue" computerName="MIKE-NOTEBOOK2" duration="00:00:00" startTime="0001-01-01T08:00:00.0000000+08:00" endTime="0001-01-01T08:00:00.0000000+08:00" testType="13cdc9d9-ddb5-4fa4-a97d-d965ccfc6d4b" outcome="NotExecuted" testListId="8c84fa94-04c1-424b-9868-57a2d4851a1d">
    </UnitTestResult>
    <UnitTestResult executionId="d69ca67f-ee86-4b57-9d87-594fe1bae29f" testId="405e44b3-251f-083c-db11-fd2f8698f68e" testName="Math_Abs" computerName="MIKE-NOTEBOOK2" duration="00:00:00" startTime="0001-01-01T08:00:00.0000000+08:00" endTime="0001-01-01T08:00:00.0000000+08:00" testType="13cdc9d9-ddb5-4fa4-a97d-d965ccfc6d4b" outcome="NotExecuted" testListId="8c84fa94-04c1-424b-9868-57a2d4851a1d">
    </UnitTestResult>
    <UnitTestResult executionId="9650e332-5f12-4b0d-b552-ab302084eeae" testId="9b10071e-34f8-94c5-4fd4-acb2e2aed12f" testName="Math_Acos" computerName="MIKE-NOTEBOOK2" duration="00:00:00" startTime="0001-01-01T08:00:00.0000000+08:00" endTime="0001-01-01T08:00:00.0000000+08:00" testType="13cdc9d9-ddb5-4fa4-a97d-d965ccfc6d4b" outcome="NotExecuted" testListId="8c84fa94-04c1-424b-9868-57a2d4851a1d">
    </UnitTestResult>
    <UnitTestResult executionId="23aabd93-c0de-4fc3-a9b5-ebc8c925a926" testId="421a3368-63eb-e814-e12d-82c780067350" testName="Math_Asin" computerName="MIKE-NOTEBOOK2" duration="00:00:00" startTime="0001-01-01T08:00:00.0000000+08:00" endTime="0001-01-01T08:00:00.0000000+08:00" testType="13cdc9d9-ddb5-4fa4-a97d-d965ccfc6d4b" outcome="NotExecuted" testListId="8c84fa94-04c1-424b-9868-57a2d4851a1d">
    </UnitTestResult>
    <UnitTestResult executionId="fd9c9498-4bfd-44ef-bb91-cce13923af45" testId="7553a6f5-16e9-6136-1c14-69d9d6a3b6f4" testName="Math_Atan" computerName="MIKE-NOTEBOOK2" duration="00:00:00" startTime="0001-01-01T08:00:00.0000000+08:00" endTime="0001-01-01T08:00:00.0000000+08:00" testType="13cdc9d9-ddb5-4fa4-a97d-d965ccfc6d4b" outcome="NotExecuted" testListId="8c84fa94-04c1-424b-9868-57a2d4851a1d">
    </UnitTestResult>
    <UnitTestResult executionId="96bbc04f-2fe7-4b96-8bcd-5bb73214817f" testId="bea7ff44-517f-65c4-bcd6-39f921ca012d" testName="Math_Atan2" computerName="MIKE-NOTEBOOK2" duration="00:00:00" startTime="0001-01-01T08:00:00.0000000+08:00" endTime="0001-01-01T08:00:00.0000000+08:00" testType="13cdc9d9-ddb5-4fa4-a97d-d965ccfc6d4b" outcome="NotExecuted" testListId="8c84fa94-04c1-424b-9868-57a2d4851a1d">
    </UnitTestResult>
    <UnitTestResult executionId="120fe8d2-a35b-4bc5-b3b3-cfcffb198a67" testId="d250c335-fd61-3405-6d33-e384719b8101" testName="Math_BigMul" computerName="MIKE-NOTEBOOK2" duration="00:00:00" startTime="0001-01-01T08:00:00.0000000+08:00" endTime="0001-01-01T08:00:00.0000000+08:00" testType="13cdc9d9-ddb5-4fa4-a97d-d965ccfc6d4b" outcome="NotExecuted" testListId="8c84fa94-04c1-424b-9868-57a2d4851a1d">
    </UnitTestResult>
    <UnitTestResult executionId="da16c4fe-7ae7-431a-b4d1-03ce0edeea34" testId="0c7206f0-2d5b-d0b0-6315-803b4f0fe840" testName="Math_Ceiling" computerName="MIKE-NOTEBOOK2" duration="00:00:00" startTime="0001-01-01T08:00:00.0000000+08:00" endTime="0001-01-01T08:00:00.0000000+08:00" testType="13cdc9d9-ddb5-4fa4-a97d-d965ccfc6d4b" outcome="NotExecuted" testListId="8c84fa94-04c1-424b-9868-57a2d4851a1d">
    </UnitTestResult>
    <UnitTestResult executionId="8319764f-5bee-469e-af56-d1f9ed691cb0" testId="d05aad29-189c-7cde-a82a-10249e102508" testName="Math_Cos" computerName="MIKE-NOTEBOOK2" duration="00:00:00" startTime="0001-01-01T08:00:00.0000000+08:00" endTime="0001-01-01T08:00:00.0000000+08:00" testType="13cdc9d9-ddb5-4fa4-a97d-d965ccfc6d4b" outcome="NotExecuted" testListId="8c84fa94-04c1-424b-9868-57a2d4851a1d">
    </UnitTestResult>
    <UnitTestResult executionId="8f03175a-2fe1-4f11-a5d8-c30cac3a3eb3" testId="29f53652-a58e-e8d3-86ad-87f4bd8ef2f8" testName="Math_Cosh" computerName="MIKE-NOTEBOOK2" duration="00:00:00" startTime="0001-01-01T08:00:00.0000000+08:00" endTime="0001-01-01T08:00:00.0000000+08:00" testType="13cdc9d9-ddb5-4fa4-a97d-d965ccfc6d4b" outcome="NotExecuted" testListId="8c84fa94-04c1-424b-9868-57a2d4851a1d">
    </UnitTestResult>
    <UnitTestResult executionId="83fcf19d-aab2-4e1b-92f9-ff6f0ef5ba71" testId="b554484f-4dfc-acf1-d5cf-4bada81c9d45" testName="Math_DivRem" computerName="MIKE-NOTEBOOK2" duration="00:00:00" startTime="0001-01-01T08:00:00.0000000+08:00" endTime="0001-01-01T08:00:00.0000000+08:00" testType="13cdc9d9-ddb5-4fa4-a97d-d965ccfc6d4b" outcome="NotExecuted" testListId="8c84fa94-04c1-424b-9868-57a2d4851a1d">
    </UnitTestResult>
    <UnitTestResult executionId="34a96c50-720d-42ac-b78b-74d726599abf" testId="b47783b3-8978-ae17-f49e-441818eec078" testName="Math_Exp" computerName="MIKE-NOTEBOOK2" duration="00:00:00" startTime="0001-01-01T08:00:00.0000000+08:00" endTime="0001-01-01T08:00:00.0000000+08:00" testType="13cdc9d9-ddb5-4fa4-a97d-d965ccfc6d4b" outcome="NotExecuted" testListId="8c84fa94-04c1-424b-9868-57a2d4851a1d">
    </UnitTestResult>
    <UnitTestResult executionId="a31b851c-bec9-4c08-975e-2450f9252819" testId="be3ee53c-41d2-5105-a811-ac06eec8febf" testName="Math_Floor" computerName="MIKE-NOTEBOOK2" duration="00:00:00" startTime="0001-01-01T08:00:00.0000000+08:00" endTime="0001-01-01T08:00:00.0000000+08:00" testType="13cdc9d9-ddb5-4fa4-a97d-d965ccfc6d4b" outcome="NotExecuted" testListId="8c84fa94-04c1-424b-9868-57a2d4851a1d">
    </UnitTestResult>
    <UnitTestResult executionId="9a2c1a20-4245-4989-9ef0-bb34993ddc00" testId="5218aca1-b4c8-911d-c77d-8386630c5720" testName="Math_Log" computerName="MIKE-NOTEBOOK2" duration="00:00:00" startTime="0001-01-01T08:00:00.0000000+08:00" endTime="0001-01-01T08:00:00.0000000+08:00" testType="13cdc9d9-ddb5-4fa4-a97d-d965ccfc6d4b" outcome="NotExecuted" testListId="8c84fa94-04c1-424b-9868-57a2d4851a1d">
    </UnitTestResult>
    <UnitTestResult executionId="32f621fa-25fc-435c-af27-250d194f8c53" testId="206c3bc7-cb59-2f21-4931-df8801317eca" testName="Math_Log10" computerName="MIKE-NOTEBOOK2" duration="00:00:00" startTime="0001-01-01T08:00:00.0000000+08:00" endTime="0001-01-01T08:00:00.0000000+08:00" testType="13cdc9d9-ddb5-4fa4-a97d-d965ccfc6d4b" outcome="NotExecuted" testListId="8c84fa94-04c1-424b-9868-57a2d4851a1d">
    </UnitTestResult>
    <UnitTestResult executionId="b59ab153-0b29-45c0-b47a-ec9674e79066" testId="68066495-e3da-2be9-6612-936538aa5583" testName="Math_Max" computerName="MIKE-NOTEBOOK2" duration="00:00:00" startTime="0001-01-01T08:00:00.0000000+08:00" endTime="0001-01-01T08:00:00.0000000+08:00" testType="13cdc9d9-ddb5-4fa4-a97d-d965ccfc6d4b" outcome="NotExecuted" testListId="8c84fa94-04c1-424b-9868-57a2d4851a1d">
    </UnitTestResult>
    <UnitTestResult executionId="f62fec3a-afc4-499f-8957-2094201e5858" testId="de0c5cd1-8c12-531b-9c35-b645001da158" testName="Math_Min" computerName="MIKE-NOTEBOOK2" duration="00:00:00" startTime="0001-01-01T08:00:00.0000000+08:00" endTime="0001-01-01T08:00:00.0000000+08:00" testType="13cdc9d9-ddb5-4fa4-a97d-d965ccfc6d4b" outcome="NotExecuted" testListId="8c84fa94-04c1-424b-9868-57a2d4851a1d">
    </UnitTestResult>
    <UnitTestResult executionId="1cba918c-4a00-4905-8a22-697ad78a8081" testId="41619d44-e9ec-b494-3bd6-f586805365f1" testName="Math_Pow" computerName="MIKE-NOTEBOOK2" duration="00:00:00" startTime="0001-01-01T08:00:00.0000000+08:00" endTime="0001-01-01T08:00:00.0000000+08:00" testType="13cdc9d9-ddb5-4fa4-a97d-d965ccfc6d4b" outcome="NotExecuted" testListId="8c84fa94-04c1-424b-9868-57a2d4851a1d">
    </UnitTestResult>
    <UnitTestResult executionId="9f55428f-caaf-4255-b09a-845ff25cdfaa" testId="181cad11-fe37-8a80-68fc-0580e66c1f7d" testName="Math_Round2" computerName="MIKE-NOTEBOOK2" duration="00:00:00" startTime="0001-01-01T08:00:00.0000000+08:00" endTime="0001-01-01T08:00:00.0000000+08:00" testType="13cdc9d9-ddb5-4fa4-a97d-d965ccfc6d4b" outcome="NotExecuted" testListId="8c84fa94-04c1-424b-9868-57a2d4851a1d">
    </UnitTestResult>
    <UnitTestResult executionId="f2b72a0d-531b-43cb-888e-e6024488ed6a" testId="02bf7e84-6faa-8317-ab1c-eb4e7de5c672" testName="Math_Sign" computerName="MIKE-NOTEBOOK2" duration="00:00:00" startTime="0001-01-01T08:00:00.0000000+08:00" endTime="0001-01-01T08:00:00.0000000+08:00" testType="13cdc9d9-ddb5-4fa4-a97d-d965ccfc6d4b" outcome="NotExecuted" testListId="8c84fa94-04c1-424b-9868-57a2d4851a1d">
    </UnitTestResult>
    <UnitTestResult executionId="c5334c8f-3528-4b6b-abe6-2a6c72b4fba6" testId="3237b21b-3411-5f62-3ac7-2f944e555800" testName="Math_Sin" computerName="MIKE-NOTEBOOK2" duration="00:00:00" startTime="0001-01-01T08:00:00.0000000+08:00" endTime="0001-01-01T08:00:00.0000000+08:00" testType="13cdc9d9-ddb5-4fa4-a97d-d965ccfc6d4b" outcome="NotExecuted" testListId="8c84fa94-04c1-424b-9868-57a2d4851a1d">
    </UnitTestResult>
    <UnitTestResult executionId="f0fe9551-7311-43be-a3a2-0ccd939f3752" testId="24072228-f654-6f2d-3ead-fffd68d3af45" testName="Math_Sinh" computerName="MIKE-NOTEBOOK2" duration="00:00:00" startTime="0001-01-01T08:00:00.0000000+08:00" endTime="0001-01-01T08:00:00.0000000+08:00" testType="13cdc9d9-ddb5-4fa4-a97d-d965ccfc6d4b" outcome="NotExecuted" testListId="8c84fa94-04c1-424b-9868-57a2d4851a1d">
    </UnitTestResult>
    <UnitTestResult executionId="d16c0034-a38d-49b4-80a2-701314c375a9" testId="95694d49-fbd9-f9be-4d0d-7a610cbcd5da" testName="Math_Sqrt" computerName="MIKE-NOTEBOOK2" duration="00:00:00" startTime="0001-01-01T08:00:00.0000000+08:00" endTime="0001-01-01T08:00:00.0000000+08:00" testType="13cdc9d9-ddb5-4fa4-a97d-d965ccfc6d4b" outcome="NotExecuted" testListId="8c84fa94-04c1-424b-9868-57a2d4851a1d">
    </UnitTestResult>
    <UnitTestResult executionId="c62380e9-3684-48db-8b19-fb4f44637774" testId="9431218b-a5cc-8788-677b-87e263ac4912" testName="Math_Tan" computerName="MIKE-NOTEBOOK2" duration="00:00:00" startTime="0001-01-01T08:00:00.0000000+08:00" endTime="0001-01-01T08:00:00.0000000+08:00" testType="13cdc9d9-ddb5-4fa4-a97d-d965ccfc6d4b" outcome="NotExecuted" testListId="8c84fa94-04c1-424b-9868-57a2d4851a1d">
    </UnitTestResult>
    <UnitTestResult executionId="cd73c252-2a18-4990-96c3-2b4e73dbf6db" testId="c894df99-08c0-4ced-c0e9-a9a63dd38170" testName="Math_Tanh" computerName="MIKE-NOTEBOOK2" duration="00:00:00" startTime="0001-01-01T08:00:00.0000000+08:00" endTime="0001-01-01T08:00:00.0000000+08:00" testType="13cdc9d9-ddb5-4fa4-a97d-d965ccfc6d4b" outcome="NotExecuted" testListId="8c84fa94-04c1-424b-9868-57a2d4851a1d">
    </UnitTestResult>
    <UnitTestResult executionId="ed83b2f2-5510-4d56-b826-cc27ca67670a" testId="f1c14bab-490b-922c-1bbd-f10ee946d428" testName="Math_Truncate1" computerName="MIKE-NOTEBOOK2" duration="00:00:00" startTime="0001-01-01T08:00:00.0000000+08:00" endTime="0001-01-01T08:00:00.0000000+08:00" testType="13cdc9d9-ddb5-4fa4-a97d-d965ccfc6d4b" outcome="NotExecuted" testListId="8c84fa94-04c1-424b-9868-57a2d4851a1d">
    </UnitTestResult>
    <UnitTestResult executionId="086ea912-1469-4fea-996e-97e8b4ceaf14" testId="3b82a76b-31de-c678-bf1d-d77ad7cf0d31" testName="String_Clone" computerName="MIKE-NOTEBOOK2" duration="00:00:00" startTime="0001-01-01T08:00:00.0000000+08:00" endTime="0001-01-01T08:00:00.0000000+08:00" testType="13cdc9d9-ddb5-4fa4-a97d-d965ccfc6d4b" outcome="NotExecuted" testListId="8c84fa94-04c1-424b-9868-57a2d4851a1d">
    </UnitTestResult>
    <UnitTestResult executionId="2151517b-872c-46b9-afda-abc3251e00d7" testId="19eed7cc-7587-d3ab-e392-95e376bbdd67" testName="String_CompareTo" computerName="MIKE-NOTEBOOK2" duration="00:00:00" startTime="0001-01-01T08:00:00.0000000+08:00" endTime="0001-01-01T08:00:00.0000000+08:00" testType="13cdc9d9-ddb5-4fa4-a97d-d965ccfc6d4b" outcome="NotExecuted" testListId="8c84fa94-04c1-424b-9868-57a2d4851a1d">
    </UnitTestResult>
    <UnitTestResult executionId="6e7b50dc-8a21-4c3a-a39f-a7444599cfef" testId="dbafd4b3-43d6-49cc-705e-ae9669a96edb" testName="String_Contains" computerName="MIKE-NOTEBOOK2" duration="00:00:00" startTime="0001-01-01T08:00:00.0000000+08:00" endTime="0001-01-01T08:00:00.0000000+08:00" testType="13cdc9d9-ddb5-4fa4-a97d-d965ccfc6d4b" outcome="NotExecuted" testListId="8c84fa94-04c1-424b-9868-57a2d4851a1d">
    </UnitTestResult>
    <UnitTestResult executionId="4c81b002-456d-47d9-a764-62acc9a3fc2d" testId="80379085-0e74-49a0-02aa-ea72aac58c9d" testName="String_EndsWith" computerName="MIKE-NOTEBOOK2" duration="00:00:00" startTime="0001-01-01T08:00:00.0000000+08:00" endTime="0001-01-01T08:00:00.0000000+08:00" testType="13cdc9d9-ddb5-4fa4-a97d-d965ccfc6d4b" outcome="NotExecuted" testListId="8c84fa94-04c1-424b-9868-57a2d4851a1d">
    </UnitTestResult>
    <UnitTestResult executionId="dd8f38d2-7084-4e98-bab4-09672539dcdc" testId="3f051923-12bd-4b42-fdeb-320336c1bca2" testName="String_Equals1" computerName="MIKE-NOTEBOOK2" duration="00:00:00" startTime="0001-01-01T08:00:00.0000000+08:00" endTime="0001-01-01T08:00:00.0000000+08:00" testType="13cdc9d9-ddb5-4fa4-a97d-d965ccfc6d4b" outcome="NotExecuted" testListId="8c84fa94-04c1-424b-9868-57a2d4851a1d">
    </UnitTestResult>
    <UnitTestResult executionId="0767ca41-81c6-4037-8f97-2a214c6b0b1b" testId="e7f3092b-d4ee-4474-ca5e-f592b3230138" testName="String_Equals2" computerName="MIKE-NOTEBOOK2" duration="00:00:00" startTime="0001-01-01T08:00:00.0000000+08:00" endTime="0001-01-01T08:00:00.0000000+08:00" testType="13cdc9d9-ddb5-4fa4-a97d-d965ccfc6d4b" outcome="NotExecuted" testListId="8c84fa94-04c1-424b-9868-57a2d4851a1d">
    </UnitTestResult>
    <UnitTestResult executionId="525177d1-e6b5-468d-91b0-063a7e900271" testId="1be0a241-9fc7-4a04-87e5-de5784a96576" testName="String_Equals3" computerName="MIKE-NOTEBOOK2" duration="00:00:00" startTime="0001-01-01T08:00:00.0000000+08:00" endTime="0001-01-01T08:00:00.0000000+08:00" testType="13cdc9d9-ddb5-4fa4-a97d-d965ccfc6d4b" outcome="NotExecuted" testListId="8c84fa94-04c1-424b-9868-57a2d4851a1d">
    </UnitTestResult>
    <UnitTestResult executionId="ce41b2b2-4626-4dd4-b4a8-75d83db85c82" testId="c3abe31f-594d-0e96-d700-cfb85ef75265" testName="String_IndexOf1" computerName="MIKE-NOTEBOOK2" duration="00:00:00" startTime="0001-01-01T08:00:00.0000000+08:00" endTime="0001-01-01T08:00:00.0000000+08:00" testType="13cdc9d9-ddb5-4fa4-a97d-d965ccfc6d4b" outcome="NotExecuted" testListId="8c84fa94-04c1-424b-9868-57a2d4851a1d">
    </UnitTestResult>
    <UnitTestResult executionId="7a37e881-4f6c-41dc-bbe9-a643ff935b5f" testId="1bca8a88-7545-f668-ad28-a345cae2c011" testName="String_IndexOf2" computerName="MIKE-NOTEBOOK2" duration="00:00:00" startTime="0001-01-01T08:00:00.0000000+08:00" endTime="0001-01-01T08:00:00.0000000+08:00" testType="13cdc9d9-ddb5-4fa4-a97d-d965ccfc6d4b" outcome="NotExecuted" testListId="8c84fa94-04c1-424b-9868-57a2d4851a1d">
    </UnitTestResult>
    <UnitTestResult executionId="f51258a3-9004-4cca-9542-7a834bc9b8d6" testId="cfeaef85-aa05-8daa-2f71-8e4ef5e71d5a" testName="String_IndexOf3" computerName="MIKE-NOTEBOOK2" duration="00:00:00" startTime="0001-01-01T08:00:00.0000000+08:00" endTime="0001-01-01T08:00:00.0000000+08:00" testType="13cdc9d9-ddb5-4fa4-a97d-d965ccfc6d4b" outcome="NotExecuted" testListId="8c84fa94-04c1-424b-9868-57a2d4851a1d">
    </UnitTestResult>
    <UnitTestResult executionId="0b2607e5-e9c3-41f2-aecc-9a347c71c852" testId="31e701ac-7a3d-3ff8-95be-17a54200e2cb" testName="String_IndexOf4" computerName="MIKE-NOTEBOOK2" duration="00:00:00" startTime="0001-01-01T08:00:00.0000000+08:00" endTime="0001-01-01T08:00:00.0000000+08:00" testType="13cdc9d9-ddb5-4fa4-a97d-d965ccfc6d4b" outcome="NotExecuted" testListId="8c84fa94-04c1-424b-9868-57a2d4851a1d">
    </UnitTestResult>
    <UnitTestResult executionId="e56f9e9a-e655-4d42-ba46-3077f2f9bad3" testId="f501aa71-c576-b712-c42e-0f27a35e6984" testName="String_Insert" computerName="MIKE-NOTEBOOK2" duration="00:00:00" startTime="0001-01-01T08:00:00.0000000+08:00" endTime="0001-01-01T08:00:00.0000000+08:00" testType="13cdc9d9-ddb5-4fa4-a97d-d965ccfc6d4b" outcome="NotExecuted" testListId="8c84fa94-04c1-424b-9868-57a2d4851a1d">
    </UnitTestResult>
    <UnitTestResult executionId="3bff2520-ab10-4e9d-b2ed-fab346b2079a" testId="681381fc-436e-004c-10f3-b8c8a137a24a" testName="String_Length" computerName="MIKE-NOTEBOOK2" duration="00:00:00" startTime="0001-01-01T08:00:00.0000000+08:00" endTime="0001-01-01T08:00:00.0000000+08:00" testType="13cdc9d9-ddb5-4fa4-a97d-d965ccfc6d4b" outcome="NotExecuted" testListId="8c84fa94-04c1-424b-9868-57a2d4851a1d">
    </UnitTestResult>
    <UnitTestResult executionId="42aacd2a-9872-4043-844e-26f3a532f5db" testId="a950da7d-0f78-cb8f-73d4-06e38f258c72" testName="String_Substring1" computerName="MIKE-NOTEBOOK2" duration="00:00:00" startTime="0001-01-01T08:00:00.0000000+08:00" endTime="0001-01-01T08:00:00.0000000+08:00" testType="13cdc9d9-ddb5-4fa4-a97d-d965ccfc6d4b" outcome="NotExecuted" testListId="8c84fa94-04c1-424b-9868-57a2d4851a1d">
    </UnitTestResult>
    <UnitTestResult executionId="17b7fd78-fa65-44fc-8dde-69665c56c7d1" testId="b3be5871-b3cd-ceb8-194c-6c5fddea7e7c" testName="String_Substring2" computerName="MIKE-NOTEBOOK2" duration="00:00:00" startTime="0001-01-01T08:00:00.0000000+08:00" endTime="0001-01-01T08:00:00.0000000+08:00" testType="13cdc9d9-ddb5-4fa4-a97d-d965ccfc6d4b" outcome="NotExecuted" testListId="8c84fa94-04c1-424b-9868-57a2d4851a1d">
    </UnitTestResult>
    <UnitTestResult executionId="66b11d45-5cbd-4e56-8928-cb3c3af67038" testId="3b146a8e-43d5-e0c1-0963-40f5a137de0a" testName="String_ToLower1" computerName="MIKE-NOTEBOOK2" duration="00:00:00" startTime="0001-01-01T08:00:00.0000000+08:00" endTime="0001-01-01T08:00:00.0000000+08:00" testType="13cdc9d9-ddb5-4fa4-a97d-d965ccfc6d4b" outcome="NotExecuted" testListId="8c84fa94-04c1-424b-9868-57a2d4851a1d">
    </UnitTestResult>
    <UnitTestResult executionId="b6ec12bd-41b3-42f5-8b21-8487af3f989b" testId="b23ae338-b6d0-5e9f-7671-8737f3be9c14" testName="String_ToLower2" computerName="MIKE-NOTEBOOK2" duration="00:00:00" startTime="0001-01-01T08:00:00.0000000+08:00" endTime="0001-01-01T08:00:00.0000000+08:00" testType="13cdc9d9-ddb5-4fa4-a97d-d965ccfc6d4b" outcome="NotExecuted" testListId="8c84fa94-04c1-424b-9868-57a2d4851a1d">
    </UnitTestResult>
    <UnitTestResult executionId="3709cb97-e405-4611-9dd2-f7f299ca0812" testId="873e797b-e77b-7000-c0b2-62c20ad27115" testName="String_ToLowerInvariant" computerName="MIKE-NOTEBOOK2" duration="00:00:00" startTime="0001-01-01T08:00:00.0000000+08:00" endTime="0001-01-01T08:00:00.0000000+08:00" testType="13cdc9d9-ddb5-4fa4-a97d-d965ccfc6d4b" outcome="NotExecuted" testListId="8c84fa94-04c1-424b-9868-57a2d4851a1d">
    </UnitTestResult>
    <UnitTestResult executionId="0862f2ff-9375-4b03-b8b8-eafcb883101f" testId="022bdb9b-f8d6-1dac-43ac-65c687aee784" testName="String_ToUpper1" computerName="MIKE-NOTEBOOK2" duration="00:00:00" startTime="0001-01-01T08:00:00.0000000+08:00" endTime="0001-01-01T08:00:00.0000000+08:00" testType="13cdc9d9-ddb5-4fa4-a97d-d965ccfc6d4b" outcome="NotExecuted" testListId="8c84fa94-04c1-424b-9868-57a2d4851a1d">
    </UnitTestResult>
    <UnitTestResult executionId="00f36f0b-28e7-42bf-9b1f-bacd8ddc0d91" testId="6c20a1d2-c8df-e9af-ef1a-2b6c214d8075" testName="String_ToUpper2" computerName="MIKE-NOTEBOOK2" duration="00:00:00" startTime="0001-01-01T08:00:00.0000000+08:00" endTime="0001-01-01T08:00:00.0000000+08:00" testType="13cdc9d9-ddb5-4fa4-a97d-d965ccfc6d4b" outcome="NotExecuted" testListId="8c84fa94-04c1-424b-9868-57a2d4851a1d">
    </UnitTestResult>
    <UnitTestResult executionId="efe30d42-79d3-4bad-81a4-1076e971fa37" testId="dea9f021-338c-18da-daed-3eea712fedbc" testName="String_ToUpperInvariant" computerName="MIKE-NOTEBOOK2" duration="00:00:00" startTime="0001-01-01T08:00:00.0000000+08:00" endTime="0001-01-01T08:00:00.0000000+08:00" testType="13cdc9d9-ddb5-4fa4-a97d-d965ccfc6d4b" outcome="NotExecuted" testListId="8c84fa94-04c1-424b-9868-57a2d4851a1d">
    </UnitTestResult>
    <UnitTestResult executionId="80ab4fa9-a95d-4e90-9fd7-d995b34d8111" testId="fe7efac6-7a8b-dd2a-c09c-57b233c8ab31" testName="String_Trim1" computerName="MIKE-NOTEBOOK2" duration="00:00:00" startTime="0001-01-01T08:00:00.0000000+08:00" endTime="0001-01-01T08:00:00.0000000+08:00" testType="13cdc9d9-ddb5-4fa4-a97d-d965ccfc6d4b" outcome="NotExecuted" testListId="8c84fa94-04c1-424b-9868-57a2d4851a1d">
    </UnitTestResult>
    <UnitTestResult executionId="30722eb6-ce88-40fc-95f1-290a581638a7" testId="8d3437a6-a778-4d39-92f5-41a34efa3932" testName="String_Char" computerName="MIKE-NOTEBOOK2" duration="00:00:00" startTime="0001-01-01T08:00:00.0000000+08:00" endTime="0001-01-01T08:00:00.0000000+08:00" testType="13cdc9d9-ddb5-4fa4-a97d-d965ccfc6d4b" outcome="NotExecuted" testListId="8c84fa94-04c1-424b-9868-57a2d4851a1d">
    </UnitTestResult>
    <UnitTestResult executionId="830d73d0-ff24-4e78-b674-e48829c589b0" testId="49b9912e-daf7-d45b-adce-03ae9d5aafb6" testName="DateTime_Add" computerName="MIKE-NOTEBOOK2" duration="00:00:00" startTime="0001-01-01T08:00:00.0000000+08:00" endTime="0001-01-01T08:00:00.0000000+08:00" testType="13cdc9d9-ddb5-4fa4-a97d-d965ccfc6d4b" outcome="NotExecuted" testListId="8c84fa94-04c1-424b-9868-57a2d4851a1d">
    </UnitTestResult>
    <UnitTestResult executionId="928886cc-ef4e-451e-8753-fe15d086d04c" testId="e75d3117-3cdb-84da-1c7d-334a5a6eccec" testName="DateTime_AddDays" computerName="MIKE-NOTEBOOK2" duration="00:00:00" startTime="0001-01-01T08:00:00.0000000+08:00" endTime="0001-01-01T08:00:00.0000000+08:00" testType="13cdc9d9-ddb5-4fa4-a97d-d965ccfc6d4b" outcome="NotExecuted" testListId="8c84fa94-04c1-424b-9868-57a2d4851a1d">
    </UnitTestResult>
    <UnitTestResult executionId="5310fc67-f60d-443c-bfaf-e25439efa9cd" testId="cce8aba2-fd92-67e4-c281-7c98bc5199a8" testName="DateTime_AddHours" computerName="MIKE-NOTEBOOK2" duration="00:00:00" startTime="0001-01-01T08:00:00.0000000+08:00" endTime="0001-01-01T08:00:00.0000000+08:00" testType="13cdc9d9-ddb5-4fa4-a97d-d965ccfc6d4b" outcome="NotExecuted" testListId="8c84fa94-04c1-424b-9868-57a2d4851a1d">
    </UnitTestResult>
    <UnitTestResult executionId="f90817e8-44ad-494f-ac37-005f624f9ac3" testId="89e14287-e43d-d708-93f0-7158a62f92a9" testName="DateTime_AddMinutes" computerName="MIKE-NOTEBOOK2" duration="00:00:00" startTime="0001-01-01T08:00:00.0000000+08:00" endTime="0001-01-01T08:00:00.0000000+08:00" testType="13cdc9d9-ddb5-4fa4-a97d-d965ccfc6d4b" outcome="NotExecuted" testListId="8c84fa94-04c1-424b-9868-57a2d4851a1d">
    </UnitTestResult>
    <UnitTestResult executionId="f67177e5-3f48-4cdf-b573-a7b70dd79584" testId="b14b9680-e053-5301-2fa6-170deea78e1e" testName="DateTime_AddMonths" computerName="MIKE-NOTEBOOK2" duration="00:00:00" startTime="0001-01-01T08:00:00.0000000+08:00" endTime="0001-01-01T08:00:00.0000000+08:00" testType="13cdc9d9-ddb5-4fa4-a97d-d965ccfc6d4b" outcome="NotExecuted" testListId="8c84fa94-04c1-424b-9868-57a2d4851a1d">
    </UnitTestResult>
    <UnitTestResult executionId="b2ed9f68-5025-4901-baf1-30521f756576" testId="5f3f3d43-b306-d7be-8bb1-3dbf641a9ff9" testName="DateTime_AddSeconds" computerName="MIKE-NOTEBOOK2" duration="00:00:00" startTime="0001-01-01T08:00:00.0000000+08:00" endTime="0001-01-01T08:00:00.0000000+08:00" testType="13cdc9d9-ddb5-4fa4-a97d-d965ccfc6d4b" outcome="NotExecuted" testListId="8c84fa94-04c1-424b-9868-57a2d4851a1d">
    </UnitTestResult>
    <UnitTestResult executionId="106ca80d-f532-46e5-9c5e-52d77e272f73" testId="4c0cc070-de1b-b37f-a713-ed51c65d0370" testName="DateTime_AddYears" computerName="MIKE-NOTEBOOK2" duration="00:00:00" startTime="0001-01-01T08:00:00.0000000+08:00" endTime="0001-01-01T08:00:00.0000000+08:00" testType="13cdc9d9-ddb5-4fa4-a97d-d965ccfc6d4b" outcome="NotExecuted" testListId="8c84fa94-04c1-424b-9868-57a2d4851a1d">
    </UnitTestResult>
    <UnitTestResult executionId="2d7b9ac6-e637-492d-a2d3-d382fbdd77e1" testId="80528367-53a9-6d5c-4b67-6b6cb203f840" testName="DateTime_ToLoaclTime" computerName="MIKE-NOTEBOOK2" duration="00:00:00" startTime="0001-01-01T08:00:00.0000000+08:00" endTime="0001-01-01T08:00:00.0000000+08:00" testType="13cdc9d9-ddb5-4fa4-a97d-d965ccfc6d4b" outcome="NotExecuted" testListId="8c84fa94-04c1-424b-9868-57a2d4851a1d">
    </UnitTestResult>
    <UnitTestResult executionId="7b299a29-4b47-44f4-b7fe-ad96a32fd423" testId="0e3dbaf2-2223-3438-80e7-b302ca57f497" testName="DateTime_Subtract" computerName="MIKE-NOTEBOOK2" duration="00:00:00" startTime="0001-01-01T08:00:00.0000000+08:00" endTime="0001-01-01T08:00:00.0000000+08:00" testType="13cdc9d9-ddb5-4fa4-a97d-d965ccfc6d4b" outcome="NotExecuted" testListId="8c84fa94-04c1-424b-9868-57a2d4851a1d">
    </UnitTestResult>
    <UnitTestResult executionId="7abe375d-7a32-4bd9-893f-9c233fd4231d" testId="2d110118-e748-5894-d588-0ae320ba08df" testName="DateTime_Hour" computerName="MIKE-NOTEBOOK2" duration="00:00:00" startTime="0001-01-01T08:00:00.0000000+08:00" endTime="0001-01-01T08:00:00.0000000+08:00" testType="13cdc9d9-ddb5-4fa4-a97d-d965ccfc6d4b" outcome="NotExecuted" testListId="8c84fa94-04c1-424b-9868-57a2d4851a1d">
    </UnitTestResult>
    <UnitTestResult executionId="0dbab957-ea1a-425d-a0e1-589cda0c257e" testId="8b999c61-2561-82f4-0018-207375f9f149" testName="DateTime_Minute" computerName="MIKE-NOTEBOOK2" duration="00:00:00" startTime="0001-01-01T08:00:00.0000000+08:00" endTime="0001-01-01T08:00:00.0000000+08:00" testType="13cdc9d9-ddb5-4fa4-a97d-d965ccfc6d4b" outcome="NotExecuted" testListId="8c84fa94-04c1-424b-9868-57a2d4851a1d">
    </UnitTestResult>
    <UnitTestResult executionId="d597123d-4909-4dcc-99fc-750eb459cdb3" testId="1365f875-9070-7381-de05-e26f0808dcd8" testName="DateTime_Second" computerName="MIKE-NOTEBOOK2" duration="00:00:00" startTime="0001-01-01T08:00:00.0000000+08:00" endTime="0001-01-01T08:00:00.0000000+08:00" testType="13cdc9d9-ddb5-4fa4-a97d-d965ccfc6d4b" outcome="NotExecuted" testListId="8c84fa94-04c1-424b-9868-57a2d4851a1d">
    </UnitTestResult>
    <UnitTestResult executionId="481bd42a-4d31-4903-ab07-6cf39d66c013" testId="8a79e397-0841-b7b2-a2aa-923e45dba4a4" testName="DateTime_DayOfWeek" computerName="MIKE-NOTEBOOK2" duration="00:00:00" startTime="0001-01-01T08:00:00.0000000+08:00" endTime="0001-01-01T08:00:00.0000000+08:00" testType="13cdc9d9-ddb5-4fa4-a97d-d965ccfc6d4b" outcome="NotExecuted" testListId="8c84fa94-04c1-424b-9868-57a2d4851a1d">
    </UnitTestResult>
    <UnitTestResult executionId="ec1d1569-8919-41bc-87d4-fd63f4a9e2bc" testId="583a8ef2-b4b6-90fe-7230-b679fcac0c57" testName="DateTime_DayOfYear" computerName="MIKE-NOTEBOOK2" duration="00:00:00" startTime="0001-01-01T08:00:00.0000000+08:00" endTime="0001-01-01T08:00:00.0000000+08:00" testType="13cdc9d9-ddb5-4fa4-a97d-d965ccfc6d4b" outcome="NotExecuted" testListId="8c84fa94-04c1-424b-9868-57a2d4851a1d">
    </UnitTestResult>
    <UnitTestResult executionId="189580f0-3cac-46b0-b0b2-afb7a662e92f" testId="c2c25bc6-12c7-49d5-4768-8b6fdf760958" testName="DateTime_ToString" computerName="MIKE-NOTEBOOK2" duration="00:00:00" startTime="0001-01-01T08:00:00.0000000+08:00" endTime="0001-01-01T08:00:00.0000000+08:00" testType="13cdc9d9-ddb5-4fa4-a97d-d965ccfc6d4b" outcome="NotExecuted" testListId="8c84fa94-04c1-424b-9868-57a2d4851a1d">
    </UnitTestResult>
    <UnitTestResult executionId="1354662b-202f-4901-81a5-87376d1002f9" testId="94a4c52c-7e19-38dd-50ea-911728f6659d" testName="Convert_ToBoolean" computerName="MIKE-NOTEBOOK2" duration="00:00:00" startTime="0001-01-01T08:00:00.0000000+08:00" endTime="0001-01-01T08:00:00.0000000+08:00" testType="13cdc9d9-ddb5-4fa4-a97d-d965ccfc6d4b" outcome="NotExecuted" testListId="8c84fa94-04c1-424b-9868-57a2d4851a1d">
    </UnitTestResult>
    <UnitTestResult executionId="3873191b-60e3-485b-b21d-727b7c6594e5" testId="b52445eb-1968-41c4-ef02-c9059873a87b" testName="Convert_ToByte" computerName="MIKE-NOTEBOOK2" duration="00:00:00" startTime="0001-01-01T08:00:00.0000000+08:00" endTime="0001-01-01T08:00:00.0000000+08:00" testType="13cdc9d9-ddb5-4fa4-a97d-d965ccfc6d4b" outcome="NotExecuted" testListId="8c84fa94-04c1-424b-9868-57a2d4851a1d">
    </UnitTestResult>
    <UnitTestResult executionId="47a695a6-c5f5-45e4-986c-18b64bfbfdb2" testId="47fe6a82-f492-b88b-db72-1ebdb61c6bf2" testName="Convert_ToInt32" computerName="MIKE-NOTEBOOK2" duration="00:00:00" startTime="0001-01-01T08:00:00.0000000+08:00" endTime="0001-01-01T08:00:00.0000000+08:00" testType="13cdc9d9-ddb5-4fa4-a97d-d965ccfc6d4b" outcome="NotExecuted" testListId="8c84fa94-04c1-424b-9868-57a2d4851a1d">
    </UnitTestResult>
    <UnitTestResult executionId="1d55c971-cd3a-48c8-9e9e-b57c84578546" testId="2a23c614-01a4-ed61-5877-c43575ebd5f0" testName="Convert_ToInt64" computerName="MIKE-NOTEBOOK2" duration="00:00:00" startTime="0001-01-01T08:00:00.0000000+08:00" endTime="0001-01-01T08:00:00.0000000+08:00" testType="13cdc9d9-ddb5-4fa4-a97d-d965ccfc6d4b" outcome="NotExecuted" testListId="8c84fa94-04c1-424b-9868-57a2d4851a1d">
    </UnitTestResult>
    <UnitTestResult executionId="c58e8ce8-86a9-41b3-8130-1086452c6198" testId="ef37d986-752d-a49c-2f3c-f2267b8c9ec9" testName="Convert_ToSByte" computerName="MIKE-NOTEBOOK2" duration="00:00:00" startTime="0001-01-01T08:00:00.0000000+08:00" endTime="0001-01-01T08:00:00.0000000+08:00" testType="13cdc9d9-ddb5-4fa4-a97d-d965ccfc6d4b" outcome="NotExecuted" testListId="8c84fa94-04c1-424b-9868-57a2d4851a1d">
    </UnitTestResult>
    <UnitTestResult executionId="da79432d-dec9-45d6-bce5-0ce8c95f3279" testId="00c6c10c-a72b-b546-84b8-4f85c57c8258" testName="Convert_ToSingle" computerName="MIKE-NOTEBOOK2" duration="00:00:00" startTime="0001-01-01T08:00:00.0000000+08:00" endTime="0001-01-01T08:00:00.0000000+08:00" testType="13cdc9d9-ddb5-4fa4-a97d-d965ccfc6d4b" outcome="NotExecuted" testListId="8c84fa94-04c1-424b-9868-57a2d4851a1d">
    </UnitTestResult>
    <UnitTestResult executionId="dec958fb-cd1d-4537-9dab-6436ad509015" testId="347845ca-28f3-979d-a53c-401a7b26cbbe" testName="Convert_ToString" computerName="MIKE-NOTEBOOK2" duration="00:00:00" startTime="0001-01-01T08:00:00.0000000+08:00" endTime="0001-01-01T08:00:00.0000000+08:00" testType="13cdc9d9-ddb5-4fa4-a97d-d965ccfc6d4b" outcome="NotExecuted" testListId="8c84fa94-04c1-424b-9868-57a2d4851a1d">
    </UnitTestResult>
    <UnitTestResult executionId="bce9e5a9-5a53-47e4-9a33-4b2f26f49a00" testId="4b6aab03-4704-c13c-ba24-b36dbdeec877" testName="Convert_ToDateTime" computerName="MIKE-NOTEBOOK2" duration="00:00:00" startTime="0001-01-01T08:00:00.0000000+08:00" endTime="0001-01-01T08:00:00.0000000+08:00" testType="13cdc9d9-ddb5-4fa4-a97d-d965ccfc6d4b" outcome="NotExecuted" testListId="8c84fa94-04c1-424b-9868-57a2d4851a1d">
    </UnitTestResult>
    <UnitTestResult executionId="90a67c94-a43c-4479-bb43-436b12aa3d51" testId="39f3b29f-7f52-f1e2-8586-f6ad5bd8d22b" testName="SqlMethod_Len" computerName="MIKE-NOTEBOOK2" duration="00:00:00" startTime="0001-01-01T08:00:00.0000000+08:00" endTime="0001-01-01T08:00:00.0000000+08:00" testType="13cdc9d9-ddb5-4fa4-a97d-d965ccfc6d4b" outcome="NotExecuted" testListId="8c84fa94-04c1-424b-9868-57a2d4851a1d">
    </UnitTestResult>
    <UnitTestResult executionId="fce7a607-1bdc-4348-ba5b-7206bb9c0827" testId="d3110f46-7697-b85e-2d0d-bd0931f0af3b" testName="SqlMethod_Remote" computerName="MIKE-NOTEBOOK2" duration="00:00:00" startTime="0001-01-01T08:00:00.0000000+08:00" endTime="0001-01-01T08:00:00.0000000+08:00" testType="13cdc9d9-ddb5-4fa4-a97d-d965ccfc6d4b" outcome="NotExecuted" testListId="8c84fa94-04c1-424b-9868-57a2d4851a1d">
    </UnitTestResult>
    <UnitTestResult executionId="87d3fcfa-8aea-4f40-b35a-7c27e34a3be4" testId="646a2541-1c12-36ef-f4b4-52c321ea51c8" testName="CRUD_Update1" computerName="MIKE-NOTEBOOK2" duration="00:00:00" startTime="0001-01-01T08:00:00.0000000+08:00" endTime="0001-01-01T08:00:00.0000000+08:00" testType="13cdc9d9-ddb5-4fa4-a97d-d965ccfc6d4b" outcome="NotExecuted" testListId="8c84fa94-04c1-424b-9868-57a2d4851a1d">
    </UnitTestResult>
    <UnitTestResult executionId="34831918-a863-4bb7-a3ab-38f89d1dfcbe" testId="3efb94b4-84d7-3ce7-0cf4-24e39c841b17" testName="CRUD_Update2" computerName="MIKE-NOTEBOOK2" duration="00:00:00" startTime="0001-01-01T08:00:00.0000000+08:00" endTime="0001-01-01T08:00:00.0000000+08:00" testType="13cdc9d9-ddb5-4fa4-a97d-d965ccfc6d4b" outcome="NotExecuted" testListId="8c84fa94-04c1-424b-9868-57a2d4851a1d">
    </UnitTestResult>
    <UnitTestResult executionId="53bfc3c5-c4a7-47fb-9ae4-a18fd2c28461" testId="04c5618d-a20f-19ec-6acd-ea2f0502d5b4" testName="CRUD_Update3" computerName="MIKE-NOTEBOOK2" duration="00:00:00" startTime="0001-01-01T08:00:00.0000000+08:00" endTime="0001-01-01T08:00:00.0000000+08:00" testType="13cdc9d9-ddb5-4fa4-a97d-d965ccfc6d4b" outcome="NotExecuted" testListId="8c84fa94-04c1-424b-9868-57a2d4851a1d">
    </UnitTestResult>
    <UnitTestResult executionId="d92b02b0-4e1d-41ef-b75c-c4bcbe80a89a" testId="aa1902c2-3c69-b26b-2305-bf5ba7780c3b" testName="CRUD_Update4" computerName="MIKE-NOTEBOOK2" duration="00:00:00" startTime="0001-01-01T08:00:00.0000000+08:00" endTime="0001-01-01T08:00:00.0000000+08:00" testType="13cdc9d9-ddb5-4fa4-a97d-d965ccfc6d4b" outcome="NotExecuted" testListId="8c84fa94-04c1-424b-9868-57a2d4851a1d">
    </UnitTestResult>
    <UnitTestResult executionId="ea81d14c-0b68-4ee7-95fe-a1e3b4fc7a75" testId="d5629683-0170-ec12-e1bf-cbdff84ebfb0" testName="CRUD_Delete1" computerName="MIKE-NOTEBOOK2" duration="00:00:00" startTime="0001-01-01T08:00:00.0000000+08:00" endTime="0001-01-01T08:00:00.0000000+08:00" testType="13cdc9d9-ddb5-4fa4-a97d-d965ccfc6d4b" outcome="NotExecuted" testListId="8c84fa94-04c1-424b-9868-57a2d4851a1d">
    </UnitTestResult>
    <UnitTestResult executionId="cd26cf15-28d5-4ca3-84b4-37a6a67bb104" testId="a76e3e4a-2db8-2233-7090-fa51010eed6f" testName="CRUD_Delete2" computerName="MIKE-NOTEBOOK2" duration="00:00:00" startTime="0001-01-01T08:00:00.0000000+08:00" endTime="0001-01-01T08:00:00.0000000+08:00" testType="13cdc9d9-ddb5-4fa4-a97d-d965ccfc6d4b" outcome="NotExecuted" testListId="8c84fa94-04c1-424b-9868-57a2d4851a1d">
    </UnitTestResult>
    <UnitTestResult executionId="8cbf92c5-f216-449a-a365-2409576ce8e8" testId="859e14bb-4f14-4036-1d03-15afe83fc902" testName="CRUD_Insert1" computerName="MIKE-NOTEBOOK2" duration="00:00:00" startTime="0001-01-01T08:00:00.0000000+08:00" endTime="0001-01-01T08:00:00.0000000+08:00" testType="13cdc9d9-ddb5-4fa4-a97d-d965ccfc6d4b" outcome="NotExecuted" testListId="8c84fa94-04c1-424b-9868-57a2d4851a1d">
    </UnitTestResult>
    <UnitTestResult executionId="5f8f6a1d-37ba-4ec5-9158-a92b8ae98334" testId="bf0f14d8-5b83-2d64-0ea4-e1b6ab5df41a" testName="CRUD_Insert2" computerName="MIKE-NOTEBOOK2" duration="00:00:00" startTime="0001-01-01T08:00:00.0000000+08:00" endTime="0001-01-01T08:00:00.0000000+08:00" testType="13cdc9d9-ddb5-4fa4-a97d-d965ccfc6d4b" outcome="NotExecuted" testListId="8c84fa94-04c1-424b-9868-57a2d4851a1d">
    </UnitTestResult>
    <UnitTestResult executionId="2480f5e2-bf14-479c-bc5e-e8114f762f88" testId="e9f2bb45-4026-0227-56f9-72382f84f119" testName="String_NullSelect" computerName="MIKE-NOTEBOOK2" duration="00:00:00" startTime="0001-01-01T08:00:00.0000000+08:00" endTime="0001-01-01T08:00:00.0000000+08:00" testType="13cdc9d9-ddb5-4fa4-a97d-d965ccfc6d4b" outcome="NotExecuted" testListId="8c84fa94-04c1-424b-9868-57a2d4851a1d">
    </UnitTestResult>
    <UnitTestResult executionId="3c207ef3-ae53-49ae-b4c2-7535d148c3de" testId="4fea5a2b-a0b9-529f-30ae-5efb360ce484" testName="IfEqualTest" computerName="MIKE-NOTEBOOK2" duration="00:00:00" startTime="0001-01-01T08:00:00.0000000+08:00" endTime="0001-01-01T08:00:00.0000000+08:00" testType="13cdc9d9-ddb5-4fa4-a97d-d965ccfc6d4b" outcome="NotExecuted" testListId="8c84fa94-04c1-424b-9868-57a2d4851a1d">
    </UnitTestResult>
    <UnitTestResult executionId="fb9e53d7-bb3a-430e-87ac-0ebf1d85f3c0" testId="a173bc98-262f-5e7a-fbf4-0d50d4e783ab" testName="CreateTale" computerName="MIKE-NOTEBOOK2" duration="00:00:00" startTime="0001-01-01T08:00:00.0000000+08:00" endTime="0001-01-01T08:00:00.0000000+08:00" testType="13cdc9d9-ddb5-4fa4-a97d-d965ccfc6d4b" outcome="NotExecuted" testListId="8c84fa94-04c1-424b-9868-57a2d4851a1d">
    </UnitTestResult>
    <UnitTestResult executionId="fcfee076-7882-49e2-b1b8-0adbc843dd3e" testId="ac9e7530-d790-d569-f962-e5bcd1ebcad6" testName="DeleteTable" computerName="MIKE-NOTEBOOK2" duration="00:00:00" startTime="0001-01-01T08:00:00.0000000+08:00" endTime="0001-01-01T08:00:00.0000000+08:00" testType="13cdc9d9-ddb5-4fa4-a97d-d965ccfc6d4b" outcome="NotExecuted" testListId="8c84fa94-04c1-424b-9868-57a2d4851a1d">
    </UnitTestResult>
    <UnitTestResult executionId="bb331828-8861-4ff7-977b-d79222719f7f" testId="4e578b60-1661-6b11-aba7-2fe0588475b7" testName="TableExists" computerName="MIKE-NOTEBOOK2" duration="00:00:00" startTime="0001-01-01T08:00:00.0000000+08:00" endTime="0001-01-01T08:00:00.0000000+08:00" testType="13cdc9d9-ddb5-4fa4-a97d-d965ccfc6d4b" outcome="NotExecuted" testListId="8c84fa94-04c1-424b-9868-57a2d4851a1d">
    </UnitTestResult>
    <UnitTestResult executionId="920d9214-5e9d-4522-9947-fc84c1060985" testId="3c1759af-1e67-3e19-e7c2-061614d0cc29" testName="LongCount" computerName="MIKE-NOTEBOOK2" duration="00:00:00" startTime="0001-01-01T08:00:00.0000000+08:00" endTime="0001-01-01T08:00:00.0000000+08:00" testType="13cdc9d9-ddb5-4fa4-a97d-d965ccfc6d4b" outcome="NotExecuted" testListId="8c84fa94-04c1-424b-9868-57a2d4851a1d">
    </UnitTestResult>
    <UnitTestResult executionId="7f17d05a-de61-4caf-9a31-0fdfac9293b9" testId="492d6efa-afef-a011-0139-d849dfb4d5a1" testName="Command" computerName="MIKE-NOTEBOOK2" duration="00:00:00" startTime="0001-01-01T08:00:00.0000000+08:00" endTime="0001-01-01T08:00:00.0000000+08:00" testType="13cdc9d9-ddb5-4fa4-a97d-d965ccfc6d4b" outcome="NotExecuted" testListId="8c84fa94-04c1-424b-9868-57a2d4851a1d">
    </UnitTestResult>
    <UnitTestResult executionId="34718ca4-b16b-400b-ab4a-e978e05c8150" testId="a7b16419-0818-e595-7cff-83922f65f8a3" testName="DataType_Guid" computerName="MIKE-NOTEBOOK2" duration="00:00:00" startTime="0001-01-01T08:00:00.0000000+08:00" endTime="0001-01-01T08:00:00.0000000+08:00" testType="13cdc9d9-ddb5-4fa4-a97d-d965ccfc6d4b" outcome="NotExecuted" testListId="8c84fa94-04c1-424b-9868-57a2d4851a1d">
    </UnitTestResult>
    <UnitTestResult executionId="fcf9936f-7574-4b59-aafb-b11cdb398c86" testId="f458a453-eeef-b960-784b-634f65e646e0" testName="DataType_Int64" computerName="MIKE-NOTEBOOK2" duration="00:00:00" startTime="0001-01-01T08:00:00.0000000+08:00" endTime="0001-01-01T08:00:00.0000000+08:00" testType="13cdc9d9-ddb5-4fa4-a97d-d965ccfc6d4b" outcome="NotExecuted" testListId="8c84fa94-04c1-424b-9868-57a2d4851a1d">
    </UnitTestResult>
    <UnitTestResult executionId="a6b5f96c-0ed4-48da-80f2-63ab66cb64bb" testId="5b984a5c-1342-4950-207d-8a8ad6152151" testName="DataType_UInt64" computerName="MIKE-NOTEBOOK2" duration="00:00:00" startTime="0001-01-01T08:00:00.0000000+08:00" endTime="0001-01-01T08:00:00.0000000+08:00" testType="13cdc9d9-ddb5-4fa4-a97d-d965ccfc6d4b" outcome="NotExecuted" testListId="8c84fa94-04c1-424b-9868-57a2d4851a1d">
    </UnitTestResult>
    <UnitTestResult executionId="6065bfe2-f11e-4aef-98d2-255282f23116" testId="a4a9c024-6cc7-30f4-d53d-a3389bfcf29a" testName="DataType_Enum" computerName="MIKE-NOTEBOOK2" duration="00:00:00" startTime="0001-01-01T08:00:00.0000000+08:00" endTime="0001-01-01T08:00:00.0000000+08:00" testType="13cdc9d9-ddb5-4fa4-a97d-d965ccfc6d4b" outcome="NotExecuted" testListId="8c84fa94-04c1-424b-9868-57a2d4851a1d">
    </UnitTestResult>
    <UnitTestResult executionId="f126d0b8-a13a-4b22-8a7f-3e154407946a" testId="87a6127b-072a-4fc1-f54e-b59924e180cf" testName="DataType_Char" computerName="MIKE-NOTEBOOK2" duration="00:00:00" startTime="0001-01-01T08:00:00.0000000+08:00" endTime="0001-01-01T08:00:00.0000000+08:00" testType="13cdc9d9-ddb5-4fa4-a97d-d965ccfc6d4b" outcome="NotExecuted" testListId="8c84fa94-04c1-424b-9868-57a2d4851a1d">
    </UnitTestResult>
    <UnitTestResult executionId="c4ea87a7-b4c7-41ce-8ce7-f90d697b6a15" testId="a25baad1-83a4-5938-b392-ef4d205e1b2b" testName="DataType_XDocument" computerName="MIKE-NOTEBOOK2" duration="00:00:00" startTime="0001-01-01T08:00:00.0000000+08:00" endTime="0001-01-01T08:00:00.0000000+08:00" testType="13cdc9d9-ddb5-4fa4-a97d-d965ccfc6d4b" outcome="NotExecuted" testListId="8c84fa94-04c1-424b-9868-57a2d4851a1d">
    </UnitTestResult>
    <UnitTestResult executionId="4722fcae-77d3-4251-b5a9-14517c07d236" testId="ee4c98ea-1316-4e6f-d1c1-307f1cd6466f" testName="DataType_XElement" computerName="MIKE-NOTEBOOK2" duration="00:00:00" startTime="0001-01-01T08:00:00.0000000+08:00" endTime="0001-01-01T08:00:00.0000000+08:00" testType="13cdc9d9-ddb5-4fa4-a97d-d965ccfc6d4b" outcome="NotExecuted" testListId="8c84fa94-04c1-424b-9868-57a2d4851a1d">
    </UnitTestResult>
    <UnitTestResult executionId="ab4f1201-d876-471d-85f2-337affd52d49" testId="de6860d7-cb19-5deb-850a-96226b5d2ad2" testName="Where_Simple1" computerName="MIKE-NOTEBOOK2" duration="00:00:00" startTime="0001-01-01T08:00:00.0000000+08:00" endTime="0001-01-01T08:00:00.0000000+08:00" testType="13cdc9d9-ddb5-4fa4-a97d-d965ccfc6d4b" outcome="NotExecuted" testListId="8c84fa94-04c1-424b-9868-57a2d4851a1d">
    </UnitTestResult>
    <UnitTestResult executionId="b60039ca-185f-4182-8baa-bec175b89b16" testId="204ab6ad-1c62-d146-82d0-4c94bddc1356" testName="Where_Simple2" computerName="MIKE-NOTEBOOK2" duration="00:00:00" startTime="0001-01-01T08:00:00.0000000+08:00" endTime="0001-01-01T08:00:00.0000000+08:00" testType="13cdc9d9-ddb5-4fa4-a97d-d965ccfc6d4b" outcome="NotExecuted" testListId="8c84fa94-04c1-424b-9868-57a2d4851a1d">
    </UnitTestResult>
    <UnitTestResult executionId="5ce0a437-9f90-47fb-b67a-fe056ccb4bce" testId="8b0bde2a-9562-e732-caf8-55268b440933" testName="Where_Simple3" computerName="MIKE-NOTEBOOK2" duration="00:00:00" startTime="0001-01-01T08:00:00.0000000+08:00" endTime="0001-01-01T08:00:00.0000000+08:00" testType="13cdc9d9-ddb5-4fa4-a97d-d965ccfc6d4b" outcome="NotExecuted" testListId="8c84fa94-04c1-424b-9868-57a2d4851a1d">
    </UnitTestResult>
    <UnitTestResult executionId="74bbd69b-af0d-409d-a09a-2c7551a36312" testId="4f45e71b-b400-f8ef-2c1a-3b04b5c91cdb" testName="Where_Simple4" computerName="MIKE-NOTEBOOK2" duration="00:00:00" startTime="0001-01-01T08:00:00.0000000+08:00" endTime="0001-01-01T08:00:00.0000000+08:00" testType="13cdc9d9-ddb5-4fa4-a97d-d965ccfc6d4b" outcome="NotExecuted" testListId="8c84fa94-04c1-424b-9868-57a2d4851a1d">
    </UnitTestResult>
    <UnitTestResult executionId="cb80472f-0615-4d25-af4a-162d2d4d7ca5" testId="7b99d5ac-cdfb-a573-3507-5a05c5867aad" testName="Where_Drilldown" computerName="MIKE-NOTEBOOK2" duration="00:00:00" startTime="0001-01-01T08:00:00.0000000+08:00" endTime="0001-01-01T08:00:00.0000000+08:00" testType="13cdc9d9-ddb5-4fa4-a97d-d965ccfc6d4b" outcome="NotExecuted" testListId="8c84fa94-04c1-424b-9868-57a2d4851a1d">
    </UnitTestResult>
    <UnitTestResult executionId="445e6d78-1154-4bbd-996e-9b7323ca982b" testId="34d1f1b6-e0ff-ba08-4bbc-50f79f2ee8d3" testName="First" computerName="MIKE-NOTEBOOK2" duration="00:00:00" startTime="0001-01-01T08:00:00.0000000+08:00" endTime="0001-01-01T08:00:00.0000000+08:00" testType="13cdc9d9-ddb5-4fa4-a97d-d965ccfc6d4b" outcome="NotExecuted" testListId="8c84fa94-04c1-424b-9868-57a2d4851a1d">
    </UnitTestResult>
    <UnitTestResult executionId="1235fef0-45d7-4fb1-9766-ea02cf95bcbe" testId="ae2ce8bb-5b97-657d-020c-b0b98ac25233" testName="FirstOrDefault" computerName="MIKE-NOTEBOOK2" duration="00:00:00" startTime="0001-01-01T08:00:00.0000000+08:00" endTime="0001-01-01T08:00:00.0000000+08:00" testType="13cdc9d9-ddb5-4fa4-a97d-d965ccfc6d4b" outcome="NotExecuted" testListId="8c84fa94-04c1-424b-9868-57a2d4851a1d">
    </UnitTestResult>
    <UnitTestResult executionId="ac12824c-0ab7-4d50-bfd9-24a4048f852a" testId="9f736a9f-8be8-cad5-b926-3224654636e5" testName="SingleOrDefault" computerName="MIKE-NOTEBOOK2" duration="00:00:00" startTime="0001-01-01T08:00:00.0000000+08:00" endTime="0001-01-01T08:00:00.0000000+08:00" testType="13cdc9d9-ddb5-4fa4-a97d-d965ccfc6d4b" outcome="NotExecuted" testListId="8c84fa94-04c1-424b-9868-57a2d4851a1d">
    </UnitTestResult>
    <UnitTestResult executionId="dec4eb60-f720-42bc-9d8e-95d7d5da20be" testId="da9667d3-f83c-af61-db2c-14b8b6c00c53" testName="Single" computerName="MIKE-NOTEBOOK2" duration="00:00:00" startTime="0001-01-01T08:00:00.0000000+08:00" endTime="0001-01-01T08:00:00.0000000+08:00" testType="13cdc9d9-ddb5-4fa4-a97d-d965ccfc6d4b" outcome="NotExecuted" testListId="8c84fa94-04c1-424b-9868-57a2d4851a1d">
    </UnitTestResult>
    <UnitTestResult executionId="d1214b48-330d-4463-87a5-d303b6b763b7" testId="b8ca211a-179d-c912-e82d-6d2b955a7219" testName="Select_Simple" computerName="MIKE-NOTEBOOK2" duration="00:00:00" startTime="0001-01-01T08:00:00.0000000+08:00" endTime="0001-01-01T08:00:00.0000000+08:00" testType="13cdc9d9-ddb5-4fa4-a97d-d965ccfc6d4b" outcome="NotExecuted" testListId="8c84fa94-04c1-424b-9868-57a2d4851a1d">
    </UnitTestResult>
    <UnitTestResult executionId="40469be3-ac5b-4202-aa0a-f33af58b66b2" testId="92e0b657-27d6-1b4b-63f7-959736d99b58" testName="Select_SpecialType" computerName="MIKE-NOTEBOOK2" duration="00:00:00" startTime="0001-01-01T08:00:00.0000000+08:00" endTime="0001-01-01T08:00:00.0000000+08:00" testType="13cdc9d9-ddb5-4fa4-a97d-d965ccfc6d4b" outcome="NotExecuted" testListId="8c84fa94-04c1-424b-9868-57a2d4851a1d">
    </UnitTestResult>
    <UnitTestResult executionId="c663bb04-ada6-410c-92f2-fb4ad78e25d4" testId="ce25be30-cc15-b52b-6786-26cf08f65e66" testName="Select_AnonymousType" computerName="MIKE-NOTEBOOK2" duration="00:00:00" startTime="0001-01-01T08:00:00.0000000+08:00" endTime="0001-01-01T08:00:00.0000000+08:00" testType="13cdc9d9-ddb5-4fa4-a97d-d965ccfc6d4b" outcome="NotExecuted" testListId="8c84fa94-04c1-424b-9868-57a2d4851a1d">
    </UnitTestResult>
    <UnitTestResult executionId="40a12bf8-86d8-4fa6-ae3f-0187bba754d4" testId="bae5a0b5-3681-c95a-c73a-9b4deb1965ec" testName="Select_LocalMethodCall" computerName="MIKE-NOTEBOOK2" duration="00:00:00" startTime="0001-01-01T08:00:00.0000000+08:00" endTime="0001-01-01T08:00:00.0000000+08:00" testType="13cdc9d9-ddb5-4fa4-a97d-d965ccfc6d4b" outcome="NotExecuted" testListId="8c84fa94-04c1-424b-9868-57a2d4851a1d">
    </UnitTestResult>
    <UnitTestResult executionId="31184893-83ef-4ad4-bb48-57725869a4d7" testId="87d8af08-e0dc-1db4-fedd-dc91c418d949" testName="SelectMany_MultipleFrom" computerName="MIKE-NOTEBOOK2" duration="00:00:00" startTime="0001-01-01T08:00:00.0000000+08:00" endTime="0001-01-01T08:00:00.0000000+08:00" testType="13cdc9d9-ddb5-4fa4-a97d-d965ccfc6d4b" outcome="NotExecuted" testListId="8c84fa94-04c1-424b-9868-57a2d4851a1d">
    </UnitTestResult>
    <UnitTestResult executionId="825e27ae-8ff1-419d-88b3-e8829320012e" testId="1712d6f9-5a06-da33-5453-5786c5523385" testName="Select_Condition" computerName="MIKE-NOTEBOOK2" duration="00:00:00" startTime="0001-01-01T08:00:00.0000000+08:00" endTime="0001-01-01T08:00:00.0000000+08:00" testType="13cdc9d9-ddb5-4fa4-a97d-d965ccfc6d4b" outcome="NotExecuted" testListId="8c84fa94-04c1-424b-9868-57a2d4851a1d">
    </UnitTestResult>
    <UnitTestResult executionId="59ea3290-66ae-4a34-ad44-6eb2ae7551c7" testId="0367dd1b-8236-281c-cb4d-caec83a9e956" testName="Distinct1" computerName="MIKE-NOTEBOOK2" duration="00:00:00" startTime="0001-01-01T08:00:00.0000000+08:00" endTime="0001-01-01T08:00:00.0000000+08:00" testType="13cdc9d9-ddb5-4fa4-a97d-d965ccfc6d4b" outcome="NotExecuted" testListId="8c84fa94-04c1-424b-9868-57a2d4851a1d">
    </UnitTestResult>
    <UnitTestResult executionId="ef40cc91-d4e3-4d28-bc0e-1c922b09b184" testId="77e6af6c-c845-67df-abee-578cf3a08b9d" testName="Distinct2" computerName="MIKE-NOTEBOOK2" duration="00:00:00" startTime="0001-01-01T08:00:00.0000000+08:00" endTime="0001-01-01T08:00:00.0000000+08:00" testType="13cdc9d9-ddb5-4fa4-a97d-d965ccfc6d4b" outcome="NotExecuted" testListId="8c84fa94-04c1-424b-9868-57a2d4851a1d">
    </UnitTestResult>
    <UnitTestResult executionId="c27dd5e0-a4dc-4e48-adb9-4a68e12e1c89" testId="1a076ecd-0aba-d660-1bed-b7df190e642f" testName="Union" computerName="MIKE-NOTEBOOK2" duration="00:00:00" startTime="0001-01-01T08:00:00.0000000+08:00" endTime="0001-01-01T08:00:00.0000000+08:00" testType="13cdc9d9-ddb5-4fa4-a97d-d965ccfc6d4b" outcome="NotExecuted" testListId="8c84fa94-04c1-424b-9868-57a2d4851a1d">
    </UnitTestResult>
    <UnitTestResult executionId="f679e93e-4c91-406f-ade7-d7bc38c7b225" testId="7ebfd990-d372-e0e3-7e4e-467d1a490ecd" testName="Intersect" computerName="MIKE-NOTEBOOK2" duration="00:00:00" startTime="0001-01-01T08:00:00.0000000+08:00" endTime="0001-01-01T08:00:00.0000000+08:00" testType="13cdc9d9-ddb5-4fa4-a97d-d965ccfc6d4b" outcome="NotExecuted" testListId="8c84fa94-04c1-424b-9868-57a2d4851a1d">
    </UnitTestResult>
    <UnitTestResult executionId="70080822-333e-4fc4-b025-2908ec6459ac" testId="a3cce689-bad8-9172-a673-6ba86cbd9462" testName="Except" computerName="MIKE-NOTEBOOK2" duration="00:00:00" startTime="0001-01-01T08:00:00.0000000+08:00" endTime="0001-01-01T08:00:00.0000000+08:00" testType="13cdc9d9-ddb5-4fa4-a97d-d965ccfc6d4b" outcome="NotExecuted" testListId="8c84fa94-04c1-424b-9868-57a2d4851a1d">
    </UnitTestResult>
    <UnitTestResult executionId="35cc5b99-57d1-4314-9c77-37cfe140bfa1" testId="62252ea4-1dad-d2c3-bb75-85fa4017bb12" testName="Take_Simple" computerName="MIKE-NOTEBOOK2" duration="00:00:00" startTime="0001-01-01T08:00:00.0000000+08:00" endTime="0001-01-01T08:00:00.0000000+08:00" testType="13cdc9d9-ddb5-4fa4-a97d-d965ccfc6d4b" outcome="NotExecuted" testListId="8c84fa94-04c1-424b-9868-57a2d4851a1d">
    </UnitTestResult>
    <UnitTestResult executionId="0021b3ae-d0d2-4121-a4cc-560ad15cb7ac" testId="27010565-f0d2-85b5-a492-8b81150ad023" testName="Take_Nested" computerName="MIKE-NOTEBOOK2" duration="00:00:00" startTime="0001-01-01T08:00:00.0000000+08:00" endTime="0001-01-01T08:00:00.0000000+08:00" testType="13cdc9d9-ddb5-4fa4-a97d-d965ccfc6d4b" outcome="NotExecuted" testListId="8c84fa94-04c1-424b-9868-57a2d4851a1d">
    </UnitTestResult>
    <UnitTestResult executionId="b6fb4fc8-d443-4ba8-9278-39656766dc2a" testId="3f1b446a-86d5-7020-ad66-faa0c53b14c4" testName="Skip_Simple" computerName="MIKE-NOTEBOOK2" duration="00:00:00" startTime="0001-01-01T08:00:00.0000000+08:00" endTime="0001-01-01T08:00:00.0000000+08:00" testType="13cdc9d9-ddb5-4fa4-a97d-d965ccfc6d4b" outcome="NotExecuted" testListId="8c84fa94-04c1-424b-9868-57a2d4851a1d">
    </UnitTestResult>
    <UnitTestResult executionId="9a26509b-d7df-4ea8-8863-0798a0420176" testId="1a0fd561-1c32-dbbf-ce4b-8c14542c0d05" testName="Skip_Nested" computerName="MIKE-NOTEBOOK2" duration="00:00:00" startTime="0001-01-01T08:00:00.0000000+08:00" endTime="0001-01-01T08:00:00.0000000+08:00" testType="13cdc9d9-ddb5-4fa4-a97d-d965ccfc6d4b" outcome="NotExecuted" testListId="8c84fa94-04c1-424b-9868-57a2d4851a1d">
    </UnitTestResult>
    <UnitTestResult executionId="6432a623-a9a9-40b9-b440-958af057a071" testId="ceb898ea-03b0-7c3b-8e4c-93c03f2d38c5" testName="Skip_Take" computerName="MIKE-NOTEBOOK2" duration="00:00:00" startTime="0001-01-01T08:00:00.0000000+08:00" endTime="0001-01-01T08:00:00.0000000+08:00" testType="13cdc9d9-ddb5-4fa4-a97d-d965ccfc6d4b" outcome="NotExecuted" testListId="8c84fa94-04c1-424b-9868-57a2d4851a1d">
    </UnitTestResult>
    <UnitTestResult executionId="bceadb47-0443-4fbe-bc3e-972d4c69a750" testId="f12c7acc-ebd6-579d-9ff1-611e0af7784b" testName="Count_Simple" computerName="MIKE-NOTEBOOK2" duration="00:00:00" startTime="0001-01-01T08:00:00.0000000+08:00" endTime="0001-01-01T08:00:00.0000000+08:00" testType="13cdc9d9-ddb5-4fa4-a97d-d965ccfc6d4b" outcome="NotExecuted" testListId="8c84fa94-04c1-424b-9868-57a2d4851a1d">
    </UnitTestResult>
    <UnitTestResult executionId="7dc82fee-9e85-4022-9629-cf4ffeb91eca" testId="98d95bc7-9f31-90ac-bf39-e06e88240ac0" testName="Count_Conditional" computerName="MIKE-NOTEBOOK2" duration="00:00:00" startTime="0001-01-01T08:00:00.0000000+08:00" endTime="0001-01-01T08:00:00.0000000+08:00" testType="13cdc9d9-ddb5-4fa4-a97d-d965ccfc6d4b" outcome="NotExecuted" testListId="8c84fa94-04c1-424b-9868-57a2d4851a1d">
    </UnitTestResult>
    <UnitTestResult executionId="2736f32c-b264-4bed-924c-127599c2d183" testId="052e45f7-7d15-ceb6-76e4-4254fe18f270" testName="Count_Empty" computerName="MIKE-NOTEBOOK2" duration="00:00:00" startTime="0001-01-01T08:00:00.0000000+08:00" endTime="0001-01-01T08:00:00.0000000+08:00" testType="13cdc9d9-ddb5-4fa4-a97d-d965ccfc6d4b" outcome="NotExecuted" testListId="8c84fa94-04c1-424b-9868-57a2d4851a1d">
    </UnitTestResult>
    <UnitTestResult executionId="f98acb6a-1ebf-48ce-8334-bb90b3bba521" testId="339a6746-e94c-9332-f41b-08325f43cb8e" testName="Count_Nested" computerName="MIKE-NOTEBOOK2" duration="00:00:00" startTime="0001-01-01T08:00:00.0000000+08:00" endTime="0001-01-01T08:00:00.0000000+08:00" testType="13cdc9d9-ddb5-4fa4-a97d-d965ccfc6d4b" outcome="NotExecuted" testListId="8c84fa94-04c1-424b-9868-57a2d4851a1d">
    </UnitTestResult>
    <UnitTestResult executionId="d412a44c-2a89-44fe-b331-fca7220a948a" testId="f9b48a1a-5cdd-8137-ecee-f08f566c6adb" testName="Count_Grouped" computerName="MIKE-NOTEBOOK2" duration="00:00:00" startTime="0001-01-01T08:00:00.0000000+08:00" endTime="0001-01-01T08:00:00.0000000+08:00" testType="13cdc9d9-ddb5-4fa4-a97d-d965ccfc6d4b" outcome="NotExecuted" testListId="8c84fa94-04c1-424b-9868-57a2d4851a1d">
    </UnitTestResult>
    <UnitTestResult executionId="37d05b94-477f-4143-9c50-0e8f041ed827" testId="c66f62fc-e973-623a-71f9-ea6c1a46c842" testName="Sum_Simple" computerName="MIKE-NOTEBOOK2" duration="00:00:00" startTime="0001-01-01T08:00:00.0000000+08:00" endTime="0001-01-01T08:00:00.0000000+08:00" testType="13cdc9d9-ddb5-4fa4-a97d-d965ccfc6d4b" outcome="NotExecuted" testListId="8c84fa94-04c1-424b-9868-57a2d4851a1d">
    </UnitTestResult>
    <UnitTestResult executionId="dada63a5-1f8d-4db9-8acb-bdff6a3de6af" testId="4d1fbdbb-1949-1eeb-ca5b-46382e8c88f9" testName="Sum_Empty" computerName="MIKE-NOTEBOOK2" duration="00:00:00" startTime="0001-01-01T08:00:00.0000000+08:00" endTime="0001-01-01T08:00:00.0000000+08:00" testType="13cdc9d9-ddb5-4fa4-a97d-d965ccfc6d4b" outcome="NotExecuted" testListId="8c84fa94-04c1-424b-9868-57a2d4851a1d">
    </UnitTestResult>
    <UnitTestResult executionId="6578a7a8-bd9b-4567-8f64-ea1b2d133fbb" testId="2223c1fb-2ee6-7b00-3ad4-5b005dc2f24e" testName="Sum_Projection" computerName="MIKE-NOTEBOOK2" duration="00:00:00" startTime="0001-01-01T08:00:00.0000000+08:00" endTime="0001-01-01T08:00:00.0000000+08:00" testType="13cdc9d9-ddb5-4fa4-a97d-d965ccfc6d4b" outcome="NotExecuted" testListId="8c84fa94-04c1-424b-9868-57a2d4851a1d">
    </UnitTestResult>
    <UnitTestResult executionId="8aa9c83f-af95-4bc2-bdd4-58df23fb0bcf" testId="3b3d7e29-5fd2-74eb-7f20-4feb6138915b" testName="Sum_Grouped" computerName="MIKE-NOTEBOOK2" duration="00:00:00" startTime="0001-01-01T08:00:00.0000000+08:00" endTime="0001-01-01T08:00:00.0000000+08:00" testType="13cdc9d9-ddb5-4fa4-a97d-d965ccfc6d4b" outcome="NotExecuted" testListId="8c84fa94-04c1-424b-9868-57a2d4851a1d">
    </UnitTestResult>
    <UnitTestResult executionId="82e566c6-7200-41e7-a928-fc1a222f8f1c" testId="deb1928a-4c61-980c-2664-8533246b82f7" testName="Min_Simple" computerName="MIKE-NOTEBOOK2" duration="00:00:00" startTime="0001-01-01T08:00:00.0000000+08:00" endTime="0001-01-01T08:00:00.0000000+08:00" testType="13cdc9d9-ddb5-4fa4-a97d-d965ccfc6d4b" outcome="NotExecuted" testListId="8c84fa94-04c1-424b-9868-57a2d4851a1d">
    </UnitTestResult>
    <UnitTestResult executionId="ac57433f-13f8-42a3-a65f-fb71156199f2" testId="8d09eafd-7dd2-604e-9514-b1fca7474cba" testName="Min_Projection" computerName="MIKE-NOTEBOOK2" duration="00:00:00" startTime="0001-01-01T08:00:00.0000000+08:00" endTime="0001-01-01T08:00:00.0000000+08:00" testType="13cdc9d9-ddb5-4fa4-a97d-d965ccfc6d4b" outcome="NotExecuted" testListId="8c84fa94-04c1-424b-9868-57a2d4851a1d">
    </UnitTestResult>
    <UnitTestResult executionId="0ff17db8-d539-489c-84cc-428228afd089" testId="2ad8ab45-84e1-6bc2-65e0-de4def194ce9" testName="Min_Elements" computerName="MIKE-NOTEBOOK2" duration="00:00:00" startTime="0001-01-01T08:00:00.0000000+08:00" endTime="0001-01-01T08:00:00.0000000+08:00" testType="13cdc9d9-ddb5-4fa4-a97d-d965ccfc6d4b" outcome="NotExecuted" testListId="8c84fa94-04c1-424b-9868-57a2d4851a1d">
    </UnitTestResult>
    <UnitTestResult executionId="d3ab8300-26ad-4fec-862b-77ec222ea9e4" testId="dcf280c9-f17d-af33-8732-9a5db2bdd888" testName="Min_Grouped" computerName="MIKE-NOTEBOOK2" duration="00:00:00" startTime="0001-01-01T08:00:00.0000000+08:00" endTime="0001-01-01T08:00:00.0000000+08:00" testType="13cdc9d9-ddb5-4fa4-a97d-d965ccfc6d4b" outcome="NotExecuted" testListId="8c84fa94-04c1-424b-9868-57a2d4851a1d">
    </UnitTestResult>
    <UnitTestResult executionId="036f09e4-8481-4fe4-adc2-f6108e2f59e7" testId="61705fcf-234b-42ee-1694-2da324a3cbba" testName="Max_Simple" computerName="MIKE-NOTEBOOK2" duration="00:00:00" startTime="0001-01-01T08:00:00.0000000+08:00" endTime="0001-01-01T08:00:00.0000000+08:00" testType="13cdc9d9-ddb5-4fa4-a97d-d965ccfc6d4b" outcome="NotExecuted" testListId="8c84fa94-04c1-424b-9868-57a2d4851a1d">
    </UnitTestResult>
    <UnitTestResult executionId="32b8307f-6ae9-40ce-95c9-1b770ffa5633" testId="40c47ccb-791d-a866-978f-7bbf0cf6ba74" testName="Max_Projection" computerName="MIKE-NOTEBOOK2" duration="00:00:00" startTime="0001-01-01T08:00:00.0000000+08:00" endTime="0001-01-01T08:00:00.0000000+08:00" testType="13cdc9d9-ddb5-4fa4-a97d-d965ccfc6d4b" outcome="NotExecuted" testListId="8c84fa94-04c1-424b-9868-57a2d4851a1d">
    </UnitTestResult>
    <UnitTestResult executionId="9a7e8970-2290-465b-bd8a-10d7667aa5d6" testId="7f7e7a69-c16c-fc02-81cb-fcf74ab8202e" testName="Max_Elements" computerName="MIKE-NOTEBOOK2" duration="00:00:00" startTime="0001-01-01T08:00:00.0000000+08:00" endTime="0001-01-01T08:00:00.0000000+08:00" testType="13cdc9d9-ddb5-4fa4-a97d-d965ccfc6d4b" outcome="NotExecuted" testListId="8c84fa94-04c1-424b-9868-57a2d4851a1d">
    </UnitTestResult>
    <UnitTestResult executionId="17cea2a0-a1b5-4f8f-b24c-55ca89c9617d" testId="432dc559-edc5-5811-db9a-5b51270ea493" testName="Max_Grouped" computerName="MIKE-NOTEBOOK2" duration="00:00:00" startTime="0001-01-01T08:00:00.0000000+08:00" endTime="0001-01-01T08:00:00.0000000+08:00" testType="13cdc9d9-ddb5-4fa4-a97d-d965ccfc6d4b" outcome="NotExecuted" testListId="8c84fa94-04c1-424b-9868-57a2d4851a1d">
    </UnitTestResult>
    <UnitTestResult executionId="a918fef4-beef-489b-9508-3107fdfe8156" testId="a89511b8-e5fb-b15e-869d-60f68d2db773" testName="Avg_Simple" computerName="MIKE-NOTEBOOK2" duration="00:00:00" startTime="0001-01-01T08:00:00.0000000+08:00" endTime="0001-01-01T08:00:00.0000000+08:00" testType="13cdc9d9-ddb5-4fa4-a97d-d965ccfc6d4b" outcome="NotExecuted" testListId="8c84fa94-04c1-424b-9868-57a2d4851a1d">
    </UnitTestResult>
    <UnitTestResult executionId="d3eab94f-3ac5-44d3-b365-ab102f149efb" testId="1c5ceaa2-c0b8-d9f9-42c1-c378a587aa67" testName="Avg_Projection" computerName="MIKE-NOTEBOOK2" duration="00:00:00" startTime="0001-01-01T08:00:00.0000000+08:00" endTime="0001-01-01T08:00:00.0000000+08:00" testType="13cdc9d9-ddb5-4fa4-a97d-d965ccfc6d4b" outcome="NotExecuted" testListId="8c84fa94-04c1-424b-9868-57a2d4851a1d">
    </UnitTestResult>
    <UnitTestResult executionId="62a0754d-6d8c-4877-9e69-491d49ae8986" testId="2c039f79-f571-b9ef-9013-29e6c087d669" testName="Avg_Emelents" computerName="MIKE-NOTEBOOK2" duration="00:00:00" startTime="0001-01-01T08:00:00.0000000+08:00" endTime="0001-01-01T08:00:00.0000000+08:00" testType="13cdc9d9-ddb5-4fa4-a97d-d965ccfc6d4b" outcome="NotExecuted" testListId="8c84fa94-04c1-424b-9868-57a2d4851a1d">
    </UnitTestResult>
    <UnitTestResult executionId="6bc8f066-afbb-45fc-8a9a-843fa0e29071" testId="c4a71b57-0b2b-60c7-2f36-d7911ccb6c32" testName="Avg_Grouped" computerName="MIKE-NOTEBOOK2" duration="00:00:00" startTime="0001-01-01T08:00:00.0000000+08:00" endTime="0001-01-01T08:00:00.0000000+08:00" testType="13cdc9d9-ddb5-4fa4-a97d-d965ccfc6d4b" outcome="NotExecuted" testListId="8c84fa94-04c1-424b-9868-57a2d4851a1d">
    </UnitTestResult>
    <UnitTestResult executionId="4006e71c-401f-4914-ad50-511ac11d4a67" testId="fed953bc-a900-53fa-fdd9-7f9d7ab85719" testName="Join_OnToMany" computerName="MIKE-NOTEBOOK2" duration="00:00:00" startTime="0001-01-01T08:00:00.0000000+08:00" endTime="0001-01-01T08:00:00.0000000+08:00" testType="13cdc9d9-ddb5-4fa4-a97d-d965ccfc6d4b" outcome="NotExecuted" testListId="8c84fa94-04c1-424b-9868-57a2d4851a1d">
    </UnitTestResult>
    <UnitTestResult executionId="a670f477-3853-4a04-9ab4-5ca95bc9c92a" testId="6b617ee7-3993-9d1c-c0ec-3e683c05e1ad" testName="Join_ManyToMany" computerName="MIKE-NOTEBOOK2" duration="00:00:00" startTime="0001-01-01T08:00:00.0000000+08:00" endTime="0001-01-01T08:00:00.0000000+08:00" testType="13cdc9d9-ddb5-4fa4-a97d-d965ccfc6d4b" outcome="NotExecuted" testListId="8c84fa94-04c1-424b-9868-57a2d4851a1d">
    </UnitTestResult>
    <UnitTestResult executionId="00366b44-f58e-43bd-bcb5-884a97820fe2" testId="8a877893-f406-5cd0-691f-df381afb6b45" testName="Join_SelfJoin" computerName="MIKE-NOTEBOOK2" duration="00:00:00" startTime="0001-01-01T08:00:00.0000000+08:00" endTime="0001-01-01T08:00:00.0000000+08:00" testType="13cdc9d9-ddb5-4fa4-a97d-d965ccfc6d4b" outcome="NotExecuted" testListId="8c84fa94-04c1-424b-9868-57a2d4851a1d">
    </UnitTestResult>
    <UnitTestResult executionId="995ab3d2-0284-413f-9e2f-f55188e10f94" testId="89c6c2e9-61b3-be35-c227-f5a260f0c29c" testName="Join_TowWay" computerName="MIKE-NOTEBOOK2" duration="00:00:00" startTime="0001-01-01T08:00:00.0000000+08:00" endTime="0001-01-01T08:00:00.0000000+08:00" testType="13cdc9d9-ddb5-4fa4-a97d-d965ccfc6d4b" outcome="NotExecuted" testListId="8c84fa94-04c1-424b-9868-57a2d4851a1d">
    </UnitTestResult>
    <UnitTestResult executionId="5e9bd88f-b0d6-463b-b9b5-209e885e33d0" testId="b06f7196-b8a2-8a82-1ee1-e203a4b0d7ee" testName="Join_ThreeWay" computerName="MIKE-NOTEBOOK2" duration="00:00:00" startTime="0001-01-01T08:00:00.0000000+08:00" endTime="0001-01-01T08:00:00.0000000+08:00" testType="13cdc9d9-ddb5-4fa4-a97d-d965ccfc6d4b" outcome="NotExecuted" testListId="8c84fa94-04c1-424b-9868-57a2d4851a1d">
    </UnitTestResult>
    <UnitTestResult executionId="0930f34c-1970-4791-a589-cca3a6ed2980" testId="3a34eb29-15b0-0274-6f2d-aec2cd5c307c" testName="Join_LeftOuter" computerName="MIKE-NOTEBOOK2" duration="00:00:00" startTime="0001-01-01T08:00:00.0000000+08:00" endTime="0001-01-01T08:00:00.0000000+08:00" testType="13cdc9d9-ddb5-4fa4-a97d-d965ccfc6d4b" outcome="NotExecuted" testListId="8c84fa94-04c1-424b-9868-57a2d4851a1d">
    </UnitTestResult>
    <UnitTestResult executionId="cf345d93-e6ae-4862-a324-91f9ea027eee" testId="f2ec462a-1449-aee6-1e08-3ab3517d608e" testName="Join_LetAssignment" computerName="MIKE-NOTEBOOK2" duration="00:00:00" startTime="0001-01-01T08:00:00.0000000+08:00" endTime="0001-01-01T08:00:00.0000000+08:00" testType="13cdc9d9-ddb5-4fa4-a97d-d965ccfc6d4b" outcome="NotExecuted" testListId="8c84fa94-04c1-424b-9868-57a2d4851a1d">
    </UnitTestResult>
    <UnitTestResult executionId="ef47a6d8-46cf-4aa7-9114-f38fb80e9117" testId="7a8521b6-2423-58ef-0510-adca744a0853" testName="Join_CompositeKey" computerName="MIKE-NOTEBOOK2" duration="00:00:00" startTime="0001-01-01T08:00:00.0000000+08:00" endTime="0001-01-01T08:00:00.0000000+08:00" testType="13cdc9d9-ddb5-4fa4-a97d-d965ccfc6d4b" outcome="NotExecuted" testListId="8c84fa94-04c1-424b-9868-57a2d4851a1d">
    </UnitTestResult>
    <UnitTestResult executionId="bc44c931-f212-4e92-84f5-ffa97165019d" testId="a0bb4955-9a26-2d34-6bc3-a74d0fe97c78" testName="Join_NullableNonnullableKeyRelationship" computerName="MIKE-NOTEBOOK2" duration="00:00:00" startTime="0001-01-01T08:00:00.0000000+08:00" endTime="0001-01-01T08:00:00.0000000+08:00" testType="13cdc9d9-ddb5-4fa4-a97d-d965ccfc6d4b" outcome="NotExecuted" testListId="8c84fa94-04c1-424b-9868-57a2d4851a1d">
    </UnitTestResult>
    <UnitTestResult executionId="8b899ee7-c1ff-430b-bb0c-2310b58a5aba" testId="cab839a8-818d-19aa-84c6-a316138a211d" testName="Join" computerName="MIKE-NOTEBOOK2" duration="00:00:00" startTime="0001-01-01T08:00:00.0000000+08:00" endTime="0001-01-01T08:00:00.0000000+08:00" testType="13cdc9d9-ddb5-4fa4-a97d-d965ccfc6d4b" outcome="NotExecuted" testListId="8c84fa94-04c1-424b-9868-57a2d4851a1d">
    </UnitTestResult>
    <UnitTestResult executionId="6ac898c3-83c0-4ace-889e-5fc864660660" testId="55174b0e-ec07-12ea-271a-2d4d9a37858a" testName="OrderBy_Simple" computerName="MIKE-NOTEBOOK2" duration="00:00:00" startTime="0001-01-01T08:00:00.0000000+08:00" endTime="0001-01-01T08:00:00.0000000+08:00" testType="13cdc9d9-ddb5-4fa4-a97d-d965ccfc6d4b" outcome="NotExecuted" testListId="8c84fa94-04c1-424b-9868-57a2d4851a1d">
    </UnitTestResult>
    <UnitTestResult executionId="de9b7eb3-2b72-40ec-be86-113dab2f3060" testId="57054b51-ad02-6406-d7f8-1027899d6924" testName="OrderBy_Conditional" computerName="MIKE-NOTEBOOK2" duration="00:00:00" startTime="0001-01-01T08:00:00.0000000+08:00" endTime="0001-01-01T08:00:00.0000000+08:00" testType="13cdc9d9-ddb5-4fa4-a97d-d965ccfc6d4b" outcome="NotExecuted" testListId="8c84fa94-04c1-424b-9868-57a2d4851a1d">
    </UnitTestResult>
    <UnitTestResult executionId="3f264257-e09b-4aa4-a982-6393576548fe" testId="47474bf1-ea1e-1551-c0c5-092497ab8758" testName="OrderBy_ThenByDescending" computerName="MIKE-NOTEBOOK2" duration="00:00:00" startTime="0001-01-01T08:00:00.0000000+08:00" endTime="0001-01-01T08:00:00.0000000+08:00" testType="13cdc9d9-ddb5-4fa4-a97d-d965ccfc6d4b" outcome="NotExecuted" testListId="8c84fa94-04c1-424b-9868-57a2d4851a1d">
    </UnitTestResult>
    <UnitTestResult executionId="6b87baa4-2c05-45f1-8c9d-43e6d9aa6760" testId="1bfbdf3e-5408-8878-9c14-2144e74ba6c6" testName="OrderBy_GroupBy" computerName="MIKE-NOTEBOOK2" duration="00:00:00" startTime="0001-01-01T08:00:00.0000000+08:00" endTime="0001-01-01T08:00:00.0000000+08:00" testType="13cdc9d9-ddb5-4fa4-a97d-d965ccfc6d4b" outcome="NotExecuted" testListId="8c84fa94-04c1-424b-9868-57a2d4851a1d">
    </UnitTestResult>
    <UnitTestResult executionId="61bfad23-b4f6-4128-b26c-ea904e7e4421" testId="94fa04a9-13af-dcc7-606a-f3d414b9c1f1" testName="GroupBy_Simple" computerName="MIKE-NOTEBOOK2" duration="00:00:00" startTime="0001-01-01T08:00:00.0000000+08:00" endTime="0001-01-01T08:00:00.0000000+08:00" testType="13cdc9d9-ddb5-4fa4-a97d-d965ccfc6d4b" outcome="NotExecuted" testListId="8c84fa94-04c1-424b-9868-57a2d4851a1d">
    </UnitTestResult>
    <UnitTestResult executionId="d495dc8b-d33a-4fee-a4b2-97a616174aba" testId="45a0911f-08e1-9c5d-3fdd-977ddd5337f4" testName="GroupBy_Select" computerName="MIKE-NOTEBOOK2" duration="00:00:00" startTime="0001-01-01T08:00:00.0000000+08:00" endTime="0001-01-01T08:00:00.0000000+08:00" testType="13cdc9d9-ddb5-4fa4-a97d-d965ccfc6d4b" outcome="NotExecuted" testListId="8c84fa94-04c1-424b-9868-57a2d4851a1d">
    </UnitTestResult>
    <UnitTestResult executionId="203f1605-1e4b-48f0-8eea-55e1dc22fd4a" testId="8607527e-4ca2-d8d3-44c7-2215b031683e" testName="GroupBy_Max" computerName="MIKE-NOTEBOOK2" duration="00:00:00" startTime="0001-01-01T08:00:00.0000000+08:00" endTime="0001-01-01T08:00:00.0000000+08:00" testType="13cdc9d9-ddb5-4fa4-a97d-d965ccfc6d4b" outcome="NotExecuted" testListId="8c84fa94-04c1-424b-9868-57a2d4851a1d">
    </UnitTestResult>
    <UnitTestResult executionId="2677085a-7a21-4feb-9c2e-60689f27d409" testId="e166480e-5731-94f6-6b47-d1373309f64e" testName="GroupBy_Min" computerName="MIKE-NOTEBOOK2" duration="00:00:00" startTime="0001-01-01T08:00:00.0000000+08:00" endTime="0001-01-01T08:00:00.0000000+08:00" testType="13cdc9d9-ddb5-4fa4-a97d-d965ccfc6d4b" outcome="NotExecuted" testListId="8c84fa94-04c1-424b-9868-57a2d4851a1d">
    </UnitTestResult>
    <UnitTestResult executionId="1871675c-06e4-4c21-8dad-96feeda77b84" testId="91e98aeb-82a1-9d71-4ed4-09c738aa273a" testName="GroupBy_Avg" computerName="MIKE-NOTEBOOK2" duration="00:00:00" startTime="0001-01-01T08:00:00.0000000+08:00" endTime="0001-01-01T08:00:00.0000000+08:00" testType="13cdc9d9-ddb5-4fa4-a97d-d965ccfc6d4b" outcome="NotExecuted" testListId="8c84fa94-04c1-424b-9868-57a2d4851a1d">
    </UnitTestResult>
    <UnitTestResult executionId="c28032da-e428-498f-b66a-ca233e39b173" testId="d58af301-82ef-a027-a8ab-727af7d97ebc" testName="GroupBy_Sum" computerName="MIKE-NOTEBOOK2" duration="00:00:00" startTime="0001-01-01T08:00:00.0000000+08:00" endTime="0001-01-01T08:00:00.0000000+08:00" testType="13cdc9d9-ddb5-4fa4-a97d-d965ccfc6d4b" outcome="NotExecuted" testListId="8c84fa94-04c1-424b-9868-57a2d4851a1d">
    </UnitTestResult>
    <UnitTestResult executionId="445d6f61-2400-4292-acc0-39c87249eee1" testId="0bf37d7b-0dd0-240c-515d-e718232bcd3f" testName="GroupByCount" computerName="MIKE-NOTEBOOK2" duration="00:00:00" startTime="0001-01-01T08:00:00.0000000+08:00" endTime="0001-01-01T08:00:00.0000000+08:00" testType="13cdc9d9-ddb5-4fa4-a97d-d965ccfc6d4b" outcome="NotExecuted" testListId="8c84fa94-04c1-424b-9868-57a2d4851a1d">
    </UnitTestResult>
    <UnitTestResult executionId="17a103a1-c91d-4686-91ba-9101c68566f9" testId="9fec5369-ae0f-a6e5-479b-9df54d27203f" testName="GroupBy_ConditionalCount" computerName="MIKE-NOTEBOOK2" duration="00:00:00" startTime="0001-01-01T08:00:00.0000000+08:00" endTime="0001-01-01T08:00:00.0000000+08:00" testType="13cdc9d9-ddb5-4fa4-a97d-d965ccfc6d4b" outcome="NotExecuted" testListId="8c84fa94-04c1-424b-9868-57a2d4851a1d">
    </UnitTestResult>
    <UnitTestResult executionId="3427013c-341c-4a3c-8948-22943cd081ad" testId="f54abcf1-cb55-07be-99e2-991e18d0a13f" testName="GroupBy_Where" computerName="MIKE-NOTEBOOK2" duration="00:00:00" startTime="0001-01-01T08:00:00.0000000+08:00" endTime="0001-01-01T08:00:00.0000000+08:00" testType="13cdc9d9-ddb5-4fa4-a97d-d965ccfc6d4b" outcome="NotExecuted" testListId="8c84fa94-04c1-424b-9868-57a2d4851a1d">
    </UnitTestResult>
    <UnitTestResult executionId="bdac89e7-8647-4ad3-b215-7067b704fc7d" testId="dc8c0dc9-5d63-f35a-9f80-d352eb406b0c" testName="GroupBy_MultipleColumns" computerName="MIKE-NOTEBOOK2" duration="00:00:00" startTime="0001-01-01T08:00:00.0000000+08:00" endTime="0001-01-01T08:00:00.0000000+08:00" testType="13cdc9d9-ddb5-4fa4-a97d-d965ccfc6d4b" outcome="NotExecuted" testListId="8c84fa94-04c1-424b-9868-57a2d4851a1d">
    </UnitTestResult>
    <UnitTestResult executionId="02d30865-77c1-452f-9731-d645023491a5" testId="ea60e247-5865-1ea9-7924-682ae0b1fa1c" testName="GroupBy_Expression" computerName="MIKE-NOTEBOOK2" duration="00:00:00" startTime="0001-01-01T08:00:00.0000000+08:00" endTime="0001-01-01T08:00:00.0000000+08:00" testType="13cdc9d9-ddb5-4fa4-a97d-d965ccfc6d4b" outcome="NotExecuted" testListId="8c84fa94-04c1-424b-9868-57a2d4851a1d">
    </UnitTestResult>
    <UnitTestResult executionId="1339a6b5-271e-4bf3-a263-db743b4f2546" testId="655a95bc-4dbf-dc55-6687-fa361be1017c" testName="GroupBy_Nested" computerName="MIKE-NOTEBOOK2" duration="00:00:00" startTime="0001-01-01T08:00:00.0000000+08:00" endTime="0001-01-01T08:00:00.0000000+08:00" testType="13cdc9d9-ddb5-4fa4-a97d-d965ccfc6d4b" outcome="NotExecuted" testListId="8c84fa94-04c1-424b-9868-57a2d4851a1d">
    </UnitTestResult>
    <UnitTestResult executionId="f21dab6b-eef0-4d77-ad0c-26e453ae10ec" testId="b7a3ac6b-5b8f-92ee-01b7-0ef8d0ed677e" testName="GroupBy_Year" computerName="MIKE-NOTEBOOK2" duration="00:00:00" startTime="0001-01-01T08:00:00.0000000+08:00" endTime="0001-01-01T08:00:00.0000000+08:00" testType="13cdc9d9-ddb5-4fa4-a97d-d965ccfc6d4b" outcome="NotExecuted" testListId="8c84fa94-04c1-424b-9868-57a2d4851a1d">
    </UnitTestResult>
    <UnitTestResult executionId="f1b741c6-7ccf-4e54-bd20-5b625d5f64b6" testId="70113291-a5d1-9686-4200-b569a4c215bd" testName="GroupBy_Month" computerName="MIKE-NOTEBOOK2" duration="00:00:00" startTime="0001-01-01T08:00:00.0000000+08:00" endTime="0001-01-01T08:00:00.0000000+08:00" testType="13cdc9d9-ddb5-4fa4-a97d-d965ccfc6d4b" outcome="NotExecuted" testListId="8c84fa94-04c1-424b-9868-57a2d4851a1d">
    </UnitTestResult>
    <UnitTestResult executionId="0eb11888-c510-41be-bf78-3d5eb2c7ce8f" testId="52abe040-8764-db0e-80c5-4b475c7172ac" testName="GroupBy_Day" computerName="MIKE-NOTEBOOK2" duration="00:00:00" startTime="0001-01-01T08:00:00.0000000+08:00" endTime="0001-01-01T08:00:00.0000000+08:00" testType="13cdc9d9-ddb5-4fa4-a97d-d965ccfc6d4b" outcome="NotExecuted" testListId="8c84fa94-04c1-424b-9868-57a2d4851a1d">
    </UnitTestResult>
    <UnitTestResult executionId="73ef8a49-c73d-4321-b50a-c1fa085ac35e" testId="f8a26b6f-6dd2-c1a6-d399-48fbadc78ec1" testName="GroupBy_Date" computerName="MIKE-NOTEBOOK2" duration="00:00:00" startTime="0001-01-01T08:00:00.0000000+08:00" endTime="0001-01-01T08:00:00.0000000+08:00" testType="13cdc9d9-ddb5-4fa4-a97d-d965ccfc6d4b" outcome="NotExecuted" testListId="8c84fa94-04c1-424b-9868-57a2d4851a1d">
    </UnitTestResult>
    <UnitTestResult executionId="7ddfb771-b476-4510-9d01-805556e8c0dc" testId="c5ed5947-04ee-d3fc-1e06-82259b157d2e" testName="Any_Simple" computerName="MIKE-NOTEBOOK2" duration="00:00:00" startTime="0001-01-01T08:00:00.0000000+08:00" endTime="0001-01-01T08:00:00.0000000+08:00" testType="13cdc9d9-ddb5-4fa4-a97d-d965ccfc6d4b" outcome="NotExecuted" testListId="8c84fa94-04c1-424b-9868-57a2d4851a1d">
    </UnitTestResult>
    <UnitTestResult executionId="cbf83e7e-cfce-4d0f-b0af-0a9c0f9a1ed4" testId="2790cf53-9f3f-19af-25f6-996563c09676" testName="Any_Condition" computerName="MIKE-NOTEBOOK2" duration="00:00:00" startTime="0001-01-01T08:00:00.0000000+08:00" endTime="0001-01-01T08:00:00.0000000+08:00" testType="13cdc9d9-ddb5-4fa4-a97d-d965ccfc6d4b" outcome="NotExecuted" testListId="8c84fa94-04c1-424b-9868-57a2d4851a1d">
    </UnitTestResult>
    <UnitTestResult executionId="f759fd52-a8cc-4c79-9811-8045a4d50cf7" testId="0df8ae62-fec2-06bc-7a4d-a7a6f4809d98" testName="Any_Grouped" computerName="MIKE-NOTEBOOK2" duration="00:00:00" startTime="0001-01-01T08:00:00.0000000+08:00" endTime="0001-01-01T08:00:00.0000000+08:00" testType="13cdc9d9-ddb5-4fa4-a97d-d965ccfc6d4b" outcome="NotExecuted" testListId="8c84fa94-04c1-424b-9868-57a2d4851a1d">
    </UnitTestResult>
    <UnitTestResult executionId="73685ac1-182e-4e89-8d24-680d82be18d9" testId="119d6cf9-0305-3543-470f-a123d7d8344a" testName="All_Simple" computerName="MIKE-NOTEBOOK2" duration="00:00:00" startTime="0001-01-01T08:00:00.0000000+08:00" endTime="0001-01-01T08:00:00.0000000+08:00" testType="13cdc9d9-ddb5-4fa4-a97d-d965ccfc6d4b" outcome="NotExecuted" testListId="8c84fa94-04c1-424b-9868-57a2d4851a1d">
    </UnitTestResult>
    <UnitTestResult executionId="455d350d-0e3f-4e13-9f20-8a246298b76f" testId="8f3e1d95-0188-55ad-48f7-ddcb1a29bd56" testName="All_Grouped" computerName="MIKE-NOTEBOOK2" duration="00:00:00" startTime="0001-01-01T08:00:00.0000000+08:00" endTime="0001-01-01T08:00:00.0000000+08:00" testType="13cdc9d9-ddb5-4fa4-a97d-d965ccfc6d4b" outcome="NotExecuted" testListId="8c84fa94-04c1-424b-9868-57a2d4851a1d">
    </UnitTestResult>
    <UnitTestResult executionId="8400818f-b15f-4744-949e-fc55d4251a49" testId="098d6970-908c-2969-3f8a-8d4a876e9847" testName="Contains" computerName="MIKE-NOTEBOOK2" duration="00:00:00" startTime="0001-01-01T08:00:00.0000000+08:00" endTime="0001-01-01T08:00:00.0000000+08:00" testType="13cdc9d9-ddb5-4fa4-a97d-d965ccfc6d4b" outcome="NotExecuted" testListId="8c84fa94-04c1-424b-9868-57a2d4851a1d">
    </UnitTestResult>
    <UnitTestResult executionId="c7d8d08e-35a0-4406-9668-288a53d61a07" testId="b4b54d50-f420-b14c-8c54-45a6ac876ed7" testName="Like" computerName="MIKE-NOTEBOOK2" duration="00:00:00" startTime="0001-01-01T08:00:00.0000000+08:00" endTime="0001-01-01T08:00:00.0000000+08:00" testType="13cdc9d9-ddb5-4fa4-a97d-d965ccfc6d4b" outcome="NotExecuted" testListId="8c84fa94-04c1-424b-9868-57a2d4851a1d">
    </UnitTestResult>
    <UnitTestResult executionId="937644fe-a53e-4bc0-85ba-5b3381d209fa" testId="c6687a1c-d4ba-97b9-a55b-5cc1fc42e3ce" testName="TestNull" computerName="MIKE-NOTEBOOK2" duration="00:00:00" startTime="0001-01-01T08:00:00.0000000+08:00" endTime="0001-01-01T08:00:00.0000000+08:00" testType="13cdc9d9-ddb5-4fa4-a97d-d965ccfc6d4b" outcome="NotExecuted" testListId="8c84fa94-04c1-424b-9868-57a2d4851a1d">
    </UnitTestResult>
    <UnitTestResult executionId="634f090d-5b74-4916-b26a-3f5dc55dd723" testId="3b72988a-fb19-5d23-96a0-6c1294212d4a" testName="CollectionConvert" computerName="MIKE-NOTEBOOK2" duration="00:00:00" startTime="0001-01-01T08:00:00.0000000+08:00" endTime="0001-01-01T08:00:00.0000000+08:00" testType="13cdc9d9-ddb5-4fa4-a97d-d965ccfc6d4b" outcome="NotExecuted" testListId="8c84fa94-04c1-424b-9868-57a2d4851a1d">
    </UnitTestResult>
    <UnitTestResult executionId="d195031e-1eb2-42ea-a903-9672b4548970" testId="6318937f-5130-561c-e368-d27364431f84" testName="Concat" computerName="MIKE-NOTEBOOK2" duration="00:00:00" startTime="0001-01-01T08:00:00.0000000+08:00" endTime="0001-01-01T08:00:00.0000000+08:00" testType="13cdc9d9-ddb5-4fa4-a97d-d965ccfc6d4b" outcome="NotExecuted" testListId="8c84fa94-04c1-424b-9868-57a2d4851a1d">
    </UnitTestResult>
    <UnitTestResult executionId="c18b0fa8-3e09-425f-a6cc-4ce86b38cc77" testId="000bf2e2-3ce7-916b-9de1-6094f0561d70" testName="StringConcat" computerName="MIKE-NOTEBOOK2" duration="00:00:00" startTime="0001-01-01T08:00:00.0000000+08:00" endTime="0001-01-01T08:00:00.0000000+08:00" testType="13cdc9d9-ddb5-4fa4-a97d-d965ccfc6d4b" outcome="NotExecuted" testListId="8c84fa94-04c1-424b-9868-57a2d4851a1d">
    </UnitTestResult>
    <UnitTestResult executionId="676cb43c-96dd-474d-8c73-1cf1b7f4f08b" testId="a0bd8bba-e80f-7eb2-3759-f7bfef212e79" testName="StringLength" computerName="MIKE-NOTEBOOK2" duration="00:00:00" startTime="0001-01-01T08:00:00.0000000+08:00" endTime="0001-01-01T08:00:00.0000000+08:00" testType="13cdc9d9-ddb5-4fa4-a97d-d965ccfc6d4b" outcome="NotExecuted" testListId="8c84fa94-04c1-424b-9868-57a2d4851a1d">
    </UnitTestResult>
    <UnitTestResult executionId="0f0d7c2b-df19-4d51-8b99-d1234476bf28" testId="d832e685-41a7-0c87-d8b7-f4b2fdc4a80a" testName="StringContain" computerName="MIKE-NOTEBOOK2" duration="00:00:00" startTime="0001-01-01T08:00:00.0000000+08:00" endTime="0001-01-01T08:00:00.0000000+08:00" testType="13cdc9d9-ddb5-4fa4-a97d-d965ccfc6d4b" outcome="NotExecuted" testListId="8c84fa94-04c1-424b-9868-57a2d4851a1d">
    </UnitTestResult>
    <UnitTestResult executionId="b0f84de9-74a3-4b89-8371-fc1e24c98938" testId="c52c3622-d3ae-780d-7efc-ca648718f9fb" testName="StringIndexOf" computerName="MIKE-NOTEBOOK2" duration="00:00:00" startTime="0001-01-01T08:00:00.0000000+08:00" endTime="0001-01-01T08:00:00.0000000+08:00" testType="13cdc9d9-ddb5-4fa4-a97d-d965ccfc6d4b" outcome="NotExecuted" testListId="8c84fa94-04c1-424b-9868-57a2d4851a1d">
    </UnitTestResult>
    <UnitTestResult executionId="e2b043c1-cdd3-42f2-918e-b6e687d418da" testId="51540bde-ec2f-4235-964e-9b80534275d2" testName="StringStartsWith" computerName="MIKE-NOTEBOOK2" duration="00:00:00" startTime="0001-01-01T08:00:00.0000000+08:00" endTime="0001-01-01T08:00:00.0000000+08:00" testType="13cdc9d9-ddb5-4fa4-a97d-d965ccfc6d4b" outcome="NotExecuted" testListId="8c84fa94-04c1-424b-9868-57a2d4851a1d">
    </UnitTestResult>
    <UnitTestResult executionId="bc5fcdfc-b3ca-4f1d-b9fe-b8695a07f451" testId="3c2e1ae6-1ce5-b5a2-15cb-d0c03c467144" testName="StringEndsWith" computerName="MIKE-NOTEBOOK2" duration="00:00:00" startTime="0001-01-01T08:00:00.0000000+08:00" endTime="0001-01-01T08:00:00.0000000+08:00" testType="13cdc9d9-ddb5-4fa4-a97d-d965ccfc6d4b" outcome="NotExecuted" testListId="8c84fa94-04c1-424b-9868-57a2d4851a1d">
    </UnitTestResult>
    <UnitTestResult executionId="e8c49728-af16-4d5b-ad4b-d58154fceba1" testId="e651f7f8-968d-ed99-6f27-79a928f520fb" testName="StringSubstring" computerName="MIKE-NOTEBOOK2" duration="00:00:00" startTime="0001-01-01T08:00:00.0000000+08:00" endTime="0001-01-01T08:00:00.0000000+08:00" testType="13cdc9d9-ddb5-4fa4-a97d-d965ccfc6d4b" outcome="NotExecuted" testListId="8c84fa94-04c1-424b-9868-57a2d4851a1d">
    </UnitTestResult>
    <UnitTestResult executionId="9c8ead36-41e5-44c1-a6dd-370038b975ab" testId="d13f418f-2c88-7164-cebf-c9f71429f035" testName="StringToUpper" computerName="MIKE-NOTEBOOK2" duration="00:00:00" startTime="0001-01-01T08:00:00.0000000+08:00" endTime="0001-01-01T08:00:00.0000000+08:00" testType="13cdc9d9-ddb5-4fa4-a97d-d965ccfc6d4b" outcome="NotExecuted" testListId="8c84fa94-04c1-424b-9868-57a2d4851a1d">
    </UnitTestResult>
    <UnitTestResult executionId="0e3261a0-a9f6-4ee1-bf19-e708f604d7eb" testId="0e34eec7-3e77-3544-bf19-94454ad6e518" testName="StringToLower" computerName="MIKE-NOTEBOOK2" duration="00:00:00" startTime="0001-01-01T08:00:00.0000000+08:00" endTime="0001-01-01T08:00:00.0000000+08:00" testType="13cdc9d9-ddb5-4fa4-a97d-d965ccfc6d4b" outcome="NotExecuted" testListId="8c84fa94-04c1-424b-9868-57a2d4851a1d">
    </UnitTestResult>
    <UnitTestResult executionId="267a0e52-8469-40d3-82d3-4171a054097c" testId="413700d3-4a7f-2d00-cc33-f53858dbd92d" testName="String_Trim" computerName="MIKE-NOTEBOOK2" duration="00:00:00" startTime="0001-01-01T08:00:00.0000000+08:00" endTime="0001-01-01T08:00:00.0000000+08:00" testType="13cdc9d9-ddb5-4fa4-a97d-d965ccfc6d4b" outcome="NotExecuted" testListId="8c84fa94-04c1-424b-9868-57a2d4851a1d">
    </UnitTestResult>
    <UnitTestResult executionId="d7f9c1d0-c937-4aed-8b4f-3f51a576964e" testId="e802dde4-27ea-ae67-1426-90fa8368acef" testName="String_TrimStart" computerName="MIKE-NOTEBOOK2" duration="00:00:00" startTime="0001-01-01T08:00:00.0000000+08:00" endTime="0001-01-01T08:00:00.0000000+08:00" testType="13cdc9d9-ddb5-4fa4-a97d-d965ccfc6d4b" outcome="NotExecuted" testListId="8c84fa94-04c1-424b-9868-57a2d4851a1d">
    </UnitTestResult>
    <UnitTestResult executionId="c8898228-c487-4708-85c5-d0215f3e10fc" testId="2eb2dfd3-ad95-048f-55e9-7f5ba491094a" testName="String_TrimEnd" computerName="MIKE-NOTEBOOK2" duration="00:00:00" startTime="0001-01-01T08:00:00.0000000+08:00" endTime="0001-01-01T08:00:00.0000000+08:00" testType="13cdc9d9-ddb5-4fa4-a97d-d965ccfc6d4b" outcome="NotExecuted" testListId="8c84fa94-04c1-424b-9868-57a2d4851a1d">
    </UnitTestResult>
    <UnitTestResult executionId="b516210c-e1ba-41d0-acb3-d9a508b5152a" testId="95e87fd4-5f8e-84c1-dae8-d6c2afc2324d" testName="StringInsert" computerName="MIKE-NOTEBOOK2" duration="00:00:00" startTime="0001-01-01T08:00:00.0000000+08:00" endTime="0001-01-01T08:00:00.0000000+08:00" testType="13cdc9d9-ddb5-4fa4-a97d-d965ccfc6d4b" outcome="NotExecuted" testListId="8c84fa94-04c1-424b-9868-57a2d4851a1d">
    </UnitTestResult>
    <UnitTestResult executionId="6ffdd9b0-61f2-4c10-a62d-23258156b40b" testId="f668591a-9aca-2ed7-0a91-b3fa893af5f4" testName="StringRemove" computerName="MIKE-NOTEBOOK2" duration="00:00:00" startTime="0001-01-01T08:00:00.0000000+08:00" endTime="0001-01-01T08:00:00.0000000+08:00" testType="13cdc9d9-ddb5-4fa4-a97d-d965ccfc6d4b" outcome="NotExecuted" testListId="8c84fa94-04c1-424b-9868-57a2d4851a1d">
    </UnitTestResult>
    <UnitTestResult executionId="29a1b2ae-181b-4c31-8d35-426d2c69ecbe" testId="8fea9774-5b1f-5119-8409-7cb8f8b45d9e" testName="StringRelace" computerName="MIKE-NOTEBOOK2" duration="00:00:00" startTime="0001-01-01T08:00:00.0000000+08:00" endTime="0001-01-01T08:00:00.0000000+08:00" testType="13cdc9d9-ddb5-4fa4-a97d-d965ccfc6d4b" outcome="NotExecuted" testListId="8c84fa94-04c1-424b-9868-57a2d4851a1d">
    </UnitTestResult>
    <UnitTestResult executionId="f62acec2-eb1c-4282-a202-cff4a01f7eec" testId="5c11e74e-0673-63ad-833e-f0a0d5a130fd" testName="DateTime_Year" computerName="MIKE-NOTEBOOK2" duration="00:00:00" startTime="0001-01-01T08:00:00.0000000+08:00" endTime="0001-01-01T08:00:00.0000000+08:00" testType="13cdc9d9-ddb5-4fa4-a97d-d965ccfc6d4b" outcome="NotExecuted" testListId="8c84fa94-04c1-424b-9868-57a2d4851a1d">
    </UnitTestResult>
    <UnitTestResult executionId="4f77302e-c305-401b-a075-d3833ad87204" testId="25f70909-d6d1-4c72-66e7-310156b940d4" testName="DateTime_Month" computerName="MIKE-NOTEBOOK2" duration="00:00:00" startTime="0001-01-01T08:00:00.0000000+08:00" endTime="0001-01-01T08:00:00.0000000+08:00" testType="13cdc9d9-ddb5-4fa4-a97d-d965ccfc6d4b" outcome="NotExecuted" testListId="8c84fa94-04c1-424b-9868-57a2d4851a1d">
    </UnitTestResult>
    <UnitTestResult executionId="77579e53-4efa-4d56-94ae-36d44575a233" testId="0bf68ccb-7918-590a-c40c-bc47df71286e" testName="DateTime_Day" computerName="MIKE-NOTEBOOK2" duration="00:00:00" startTime="0001-01-01T08:00:00.0000000+08:00" endTime="0001-01-01T08:00:00.0000000+08:00" testType="13cdc9d9-ddb5-4fa4-a97d-d965ccfc6d4b" outcome="NotExecuted" testListId="8c84fa94-04c1-424b-9868-57a2d4851a1d">
    </UnitTestResult>
    <UnitTestResult executionId="e2d8116a-778c-42b9-a95c-6893c7ef1dc4" testId="67a23135-ea8b-1eda-8018-d1b93c79a7e7" testName="DateTimeGT" computerName="MIKE-NOTEBOOK2" duration="00:00:00" startTime="0001-01-01T08:00:00.0000000+08:00" endTime="0001-01-01T08:00:00.0000000+08:00" testType="13cdc9d9-ddb5-4fa4-a97d-d965ccfc6d4b" outcome="NotExecuted" testListId="8c84fa94-04c1-424b-9868-57a2d4851a1d">
    </UnitTestResult>
    <UnitTestResult executionId="2312a2f1-d924-46a5-979f-7a6d230f4f25" testId="702fd5a3-2a6c-8625-28ae-16bbacd7d469" testName="DateTimeGE" computerName="MIKE-NOTEBOOK2" duration="00:00:00" startTime="0001-01-01T08:00:00.0000000+08:00" endTime="0001-01-01T08:00:00.0000000+08:00" testType="13cdc9d9-ddb5-4fa4-a97d-d965ccfc6d4b" outcome="NotExecuted" testListId="8c84fa94-04c1-424b-9868-57a2d4851a1d">
    </UnitTestResult>
    <UnitTestResult executionId="a23b4823-f14f-417b-b205-57c4e8e41ee9" testId="211fa4f5-a729-b182-5a37-8f1fad604aa2" testName="DateTimeLT" computerName="MIKE-NOTEBOOK2" duration="00:00:00" startTime="0001-01-01T08:00:00.0000000+08:00" endTime="0001-01-01T08:00:00.0000000+08:00" testType="13cdc9d9-ddb5-4fa4-a97d-d965ccfc6d4b" outcome="NotExecuted" testListId="8c84fa94-04c1-424b-9868-57a2d4851a1d">
    </UnitTestResult>
    <UnitTestResult executionId="ff9b5640-1573-4318-a823-304c69535329" testId="283bb587-9e4e-fc9f-09d4-1dd6c1e67939" testName="DateTimeLE" computerName="MIKE-NOTEBOOK2" duration="00:00:00" startTime="0001-01-01T08:00:00.0000000+08:00" endTime="0001-01-01T08:00:00.0000000+08:00" testType="13cdc9d9-ddb5-4fa4-a97d-d965ccfc6d4b" outcome="NotExecuted" testListId="8c84fa94-04c1-424b-9868-57a2d4851a1d">
    </UnitTestResult>
    <UnitTestResult executionId="52b7e74b-6ffc-4423-b826-191ceeeeba7b" testId="75d5b23b-e13d-b2de-45e2-3be80e1c3f53" testName="DateTime_Date" computerName="MIKE-NOTEBOOK2" duration="00:00:00" startTime="0001-01-01T08:00:00.0000000+08:00" endTime="0001-01-01T08:00:00.0000000+08:00" testType="13cdc9d9-ddb5-4fa4-a97d-d965ccfc6d4b" outcome="NotExecuted" testListId="8c84fa94-04c1-424b-9868-57a2d4851a1d">
    </UnitTestResult>
    <UnitTestResult executionId="12f06df8-5f7d-44dd-a6d1-8682dc81b793" testId="5718d2db-d7da-6344-5fc4-03ccfabfc01f" testName="DateTime_TimeOfDay" computerName="MIKE-NOTEBOOK2" duration="00:00:00" startTime="0001-01-01T08:00:00.0000000+08:00" endTime="0001-01-01T08:00:00.0000000+08:00" testType="13cdc9d9-ddb5-4fa4-a97d-d965ccfc6d4b" outcome="NotExecuted" testListId="8c84fa94-04c1-424b-9868-57a2d4851a1d">
    </UnitTestResult>
    <UnitTestResult executionId="7d9d9bd7-57d3-4c73-9cce-2dd0d6eceba6" testId="64875c76-7089-3971-2d78-04c4f439e4c5" testName="Insert_Simple" computerName="MIKE-NOTEBOOK2" duration="00:00:00" startTime="0001-01-01T08:00:00.0000000+08:00" endTime="0001-01-01T08:00:00.0000000+08:00" testType="13cdc9d9-ddb5-4fa4-a97d-d965ccfc6d4b" outcome="NotExecuted" testListId="8c84fa94-04c1-424b-9868-57a2d4851a1d">
    </UnitTestResult>
    <UnitTestResult executionId="772cb1c4-1bbe-46b0-9875-4674129f130a" testId="38734e1a-a8c1-b7fa-da85-f8f03f9a816e" testName="Insert_OneToMany" computerName="MIKE-NOTEBOOK2" duration="00:00:00" startTime="0001-01-01T08:00:00.0000000+08:00" endTime="0001-01-01T08:00:00.0000000+08:00" testType="13cdc9d9-ddb5-4fa4-a97d-d965ccfc6d4b" outcome="NotExecuted" testListId="8c84fa94-04c1-424b-9868-57a2d4851a1d">
    </UnitTestResult>
    <UnitTestResult executionId="206ef1c2-ec3c-4008-830b-5a9b8df49593" testId="8ea4a52b-994b-95e3-3e1e-892e06f4bd1e" testName="Insert_ManyToMany" computerName="MIKE-NOTEBOOK2" duration="00:00:00" startTime="0001-01-01T08:00:00.0000000+08:00" endTime="0001-01-01T08:00:00.0000000+08:00" testType="13cdc9d9-ddb5-4fa4-a97d-d965ccfc6d4b" outcome="NotExecuted" testListId="8c84fa94-04c1-424b-9868-57a2d4851a1d">
    </UnitTestResult>
    <UnitTestResult executionId="76c8632f-887b-42b0-97aa-a13311130d44" testId="840b9eb3-d463-790d-baad-6c7f541943cc" testName="Delete_ManyToMany" computerName="MIKE-NOTEBOOK2" duration="00:00:00" startTime="0001-01-01T08:00:00.0000000+08:00" endTime="0001-01-01T08:00:00.0000000+08:00" testType="13cdc9d9-ddb5-4fa4-a97d-d965ccfc6d4b" outcome="NotExecuted" testListId="8c84fa94-04c1-424b-9868-57a2d4851a1d">
    </UnitTestResult>
    <UnitTestResult executionId="e7e20944-e7a6-4852-8a71-8aeae1f50e6f" testId="311e598a-bce5-5a75-00c1-3b959fb8c867" testName="Update" computerName="MIKE-NOTEBOOK2" duration="00:00:00" startTime="0001-01-01T08:00:00.0000000+08:00" endTime="0001-01-01T08:00:00.0000000+08:00" testType="13cdc9d9-ddb5-4fa4-a97d-d965ccfc6d4b" outcome="NotExecuted" testListId="8c84fa94-04c1-424b-9868-57a2d4851a1d">
    </UnitTestResult>
    <UnitTestResult executionId="dd0e099d-661e-4153-acfd-f16240bbeb4b" testId="e25002bb-3218-219d-ae84-f5b3fab00bd7" testName="Inherit" computerName="MIKE-NOTEBOOK2" duration="00:00:00" startTime="0001-01-01T08:00:00.0000000+08:00" endTime="0001-01-01T08:00:00.0000000+08:00" testType="13cdc9d9-ddb5-4fa4-a97d-d965ccfc6d4b" outcome="NotExecuted" testListId="8c84fa94-04c1-424b-9868-57a2d4851a1d">
    </UnitTestResult>
    <UnitTestResult executionId="d9ce6b2d-8501-48d0-a99e-a3fbb7d98752" testId="2fdce87e-3591-9240-36ef-18083ae9f02d" testName="Insert_Inherit" computerName="MIKE-NOTEBOOK2" duration="00:00:00" startTime="0001-01-01T08:00:00.0000000+08:00" endTime="0001-01-01T08:00:00.0000000+08:00" testType="13cdc9d9-ddb5-4fa4-a97d-d965ccfc6d4b" outcome="NotExecuted" testListId="8c84fa94-04c1-424b-9868-57a2d4851a1d">
    </UnitTestResult>
    <UnitTestResult executionId="8d14888d-3ecb-47fc-ad31-7a355f07498b" testId="7c95e5c1-b95f-48eb-a99d-339af1f08546" testName="DataLoadOptionsTest" computerName="MIKE-NOTEBOOK2" duration="00:00:00" startTime="0001-01-01T08:00:00.0000000+08:00" endTime="0001-01-01T08:00:00.0000000+08:00" testType="13cdc9d9-ddb5-4fa4-a97d-d965ccfc6d4b" outcome="NotExecuted" testListId="8c84fa94-04c1-424b-9868-57a2d4851a1d">
    </UnitTestResult>
    <UnitTestResult executionId="d138e8f7-4bd4-4367-9037-f3060732bae6" testId="53ff068a-d8da-fe22-52c8-ebac4ef0e629" testName="Null" computerName="MIKE-NOTEBOOK2" duration="00:00:00" startTime="0001-01-01T08:00:00.0000000+08:00" endTime="0001-01-01T08:00:00.0000000+08:00" testType="13cdc9d9-ddb5-4fa4-a97d-d965ccfc6d4b" outcome="NotExecuted" testListId="8c84fa94-04c1-424b-9868-57a2d4851a1d">
    </UnitTestResult>
    <UnitTestResult executionId="d883e38d-7f65-4bb4-9213-e8faa174ca94" testId="93a57e0d-8977-934f-b88c-2e4c729c09b6" testName="ResolveAll" computerName="MIKE-NOTEBOOK2" duration="00:00:00" startTime="0001-01-01T08:00:00.0000000+08:00" endTime="0001-01-01T08:00:00.0000000+08:00" testType="13cdc9d9-ddb5-4fa4-a97d-d965ccfc6d4b" outcome="NotExecuted" testListId="8c84fa94-04c1-424b-9868-57a2d4851a1d">
    </UnitTestResult>
    <UnitTestResult executionId="6ccf0bc6-3660-4f03-b8c6-62eb415b06c0" testId="3d07dfc5-2d29-9a4c-2759-581271a43de6" testName="ComposeKey" computerName="MIKE-NOTEBOOK2" duration="00:00:00" startTime="0001-01-01T08:00:00.0000000+08:00" endTime="0001-01-01T08:00:00.0000000+08:00" testType="13cdc9d9-ddb5-4fa4-a97d-d965ccfc6d4b" outcome="NotExecuted" testListId="8c84fa94-04c1-424b-9868-57a2d4851a1d">
    </UnitTestResult>
    <UnitTestResult executionId="93ecdc78-1389-4253-8cff-0f9027131d01" testId="3e3a7055-1312-b69f-b879-f005f9ddabde" testName="AutoGuid" computerName="MIKE-NOTEBOOK2" duration="00:00:00" startTime="0001-01-01T08:00:00.0000000+08:00" endTime="0001-01-01T08:00:00.0000000+08:00" testType="13cdc9d9-ddb5-4fa4-a97d-d965ccfc6d4b" outcome="NotExecuted" testListId="8c84fa94-04c1-424b-9868-57a2d4851a1d">
    </UnitTestResult>
    <UnitTestResult executionId="5c1e4739-d332-4657-881f-894b623cb4b3" testId="5b98e89a-079d-d776-baea-800fa627dfea" testName="Association" computerName="MIKE-NOTEBOOK2" duration="00:00:00" startTime="0001-01-01T08:00:00.0000000+08:00" endTime="0001-01-01T08:00:00.0000000+08:00" testType="13cdc9d9-ddb5-4fa4-a97d-d965ccfc6d4b" outcome="NotExecuted" testListId="8c84fa94-04c1-424b-9868-57a2d4851a1d">
    </UnitTestResult>
    <UnitTestResult executionId="5eaaaec7-182a-4f9f-8c8e-60e07a0bf80d" testId="5c8c720d-961a-eba3-7fe2-72d6e46aeb67" testName="Test1" computerName="MIKE-NOTEBOOK2" duration="00:00:00" startTime="0001-01-01T08:00:00.0000000+08:00" endTime="0001-01-01T08:00:00.0000000+08:00" testType="13cdc9d9-ddb5-4fa4-a97d-d965ccfc6d4b" outcome="NotExecuted" testListId="8c84fa94-04c1-424b-9868-57a2d4851a1d">
    </UnitTestResult>
    <UnitTestResult executionId="0e3f62c9-34d7-4e2a-a37b-ff668ca9f309" testId="8eb45f43-5266-41e8-815c-bde5d9727e7b" testName="Test2" computerName="MIKE-NOTEBOOK2" duration="00:00:00" startTime="0001-01-01T08:00:00.0000000+08:00" endTime="0001-01-01T08:00:00.0000000+08:00" testType="13cdc9d9-ddb5-4fa4-a97d-d965ccfc6d4b" outcome="NotExecuted" testListId="8c84fa94-04c1-424b-9868-57a2d4851a1d">
    </UnitTestResult>
    <UnitTestResult executionId="a0668e4b-132a-4f88-924d-e0b1838fe30b" testId="373c97cf-c8ec-abca-11a9-b8018e81220e" testName="CreateDatabase" computerName="MIKE-NOTEBOOK2" duration="00:00:00" startTime="0001-01-01T08:00:00.0000000+08:00" endTime="0001-01-01T08:00:00.0000000+08:00" testType="13cdc9d9-ddb5-4fa4-a97d-d965ccfc6d4b" outcome="NotExecuted" testListId="8c84fa94-04c1-424b-9868-57a2d4851a1d">
    </UnitTestResult>
    <UnitTestResult executionId="c7807fb4-d429-4aa3-89e6-0781799adf1c" testId="2b46ecf3-55cd-028a-a789-6bb22990564a" testName="CreateProcedure1" computerName="MIKE-NOTEBOOK2" duration="00:00:00" startTime="0001-01-01T08:00:00.0000000+08:00" endTime="0001-01-01T08:00:00.0000000+08:00" testType="13cdc9d9-ddb5-4fa4-a97d-d965ccfc6d4b" outcome="NotExecuted" testListId="8c84fa94-04c1-424b-9868-57a2d4851a1d">
    </UnitTestResult>
    <UnitTestResult executionId="bec520cb-1187-493b-b834-7885913ebd0f" testId="382a0fc8-d8e9-e64a-2c21-24a8d783dbd7" testName="CreateProcedure2" computerName="MIKE-NOTEBOOK2" duration="00:00:00" startTime="0001-01-01T08:00:00.0000000+08:00" endTime="0001-01-01T08:00:00.0000000+08:00" testType="13cdc9d9-ddb5-4fa4-a97d-d965ccfc6d4b" outcome="NotExecuted" testListId="8c84fa94-04c1-424b-9868-57a2d4851a1d">
    </UnitTestResult>
    <UnitTestResult executionId="524e716a-d85b-4d39-b450-833efe66938d" testId="8c9152cf-5359-ee17-2db4-346b600e6025" testName="CreateProcedure3" computerName="MIKE-NOTEBOOK2" duration="00:00:00" startTime="0001-01-01T08:00:00.0000000+08:00" endTime="0001-01-01T08:00:00.0000000+08:00" testType="13cdc9d9-ddb5-4fa4-a97d-d965ccfc6d4b" outcome="NotExecuted" testListId="8c84fa94-04c1-424b-9868-57a2d4851a1d">
    </UnitTestResult>
    <UnitTestResult executionId="d2d9470b-f93e-4bc9-a30c-e22e18e395f0" testId="18250e5c-40b2-bcbd-8271-925b964203f5" testName="CreateProcedure4" computerName="MIKE-NOTEBOOK2" duration="00:00:00" startTime="0001-01-01T08:00:00.0000000+08:00" endTime="0001-01-01T08:00:00.0000000+08:00" testType="13cdc9d9-ddb5-4fa4-a97d-d965ccfc6d4b" outcome="NotExecuted" testListId="8c84fa94-04c1-424b-9868-57a2d4851a1d">
    </UnitTestResult>
    <UnitTestResult executionId="993f310f-73bc-4398-beae-0858ab94b1df" testId="624b3f24-26f2-3294-7d1f-c61f87ffb732" testName="CreateProcedure5" computerName="MIKE-NOTEBOOK2" duration="00:00:00" startTime="0001-01-01T08:00:00.0000000+08:00" endTime="0001-01-01T08:00:00.0000000+08:00" testType="13cdc9d9-ddb5-4fa4-a97d-d965ccfc6d4b" outcome="NotExecuted" testListId="8c84fa94-04c1-424b-9868-57a2d4851a1d">
    </UnitTestResult>
    <UnitTestResult executionId="a7c17b66-6fe2-452f-b30c-dbdbc1b35ab1" testId="2e4afea4-e2a2-4d65-58d4-0d101acd5b56" testName="CreateProcedure6" computerName="MIKE-NOTEBOOK2" duration="00:00:00" startTime="0001-01-01T08:00:00.0000000+08:00" endTime="0001-01-01T08:00:00.0000000+08:00" testType="13cdc9d9-ddb5-4fa4-a97d-d965ccfc6d4b" outcome="NotExecuted" testListId="8c84fa94-04c1-424b-9868-57a2d4851a1d">
    </UnitTestResult>
    <UnitTestResult executionId="bc1297b6-8988-4055-96dc-2dda06c07540" testId="84d58016-e8b1-9a59-0c9d-110ab77c86d4" testName="CreateFunction1" computerName="MIKE-NOTEBOOK2" duration="00:00:00" startTime="0001-01-01T08:00:00.0000000+08:00" endTime="0001-01-01T08:00:00.0000000+08:00" testType="13cdc9d9-ddb5-4fa4-a97d-d965ccfc6d4b" outcome="NotExecuted" testListId="8c84fa94-04c1-424b-9868-57a2d4851a1d">
    </UnitTestResult>
    <UnitTestResult executionId="965efbd7-0981-413f-8567-f5472919886c" testId="dcaabf38-294b-5b00-ce4a-f4432a09e911" testName="AddCategory" computerName="MIKE-NOTEBOOK2" duration="00:00:00" startTime="0001-01-01T08:00:00.0000000+08:00" endTime="0001-01-01T08:00:00.0000000+08:00" testType="13cdc9d9-ddb5-4fa4-a97d-d965ccfc6d4b" outcome="NotExecuted" testListId="8c84fa94-04c1-424b-9868-57a2d4851a1d">
    </UnitTestResult>
    <UnitTestResult executionId="72f5b9b8-a09b-4d78-8dd8-eac78cf6a822" testId="fc46b21d-6102-47f3-7575-704f5e0dc69f" testName="AddProduct" computerName="MIKE-NOTEBOOK2" duration="00:00:00" startTime="0001-01-01T08:00:00.0000000+08:00" endTime="0001-01-01T08:00:00.0000000+08:00" testType="13cdc9d9-ddb5-4fa4-a97d-d965ccfc6d4b" outcome="NotExecuted" testListId="8c84fa94-04c1-424b-9868-57a2d4851a1d">
    </UnitTestResult>
    <UnitTestResult executionId="5306aafa-64de-4908-b8c9-483ab5539195" testId="94e16fd2-98e0-1fa6-969b-91ef4e414bef" testName="GetCategoriesCount" computerName="MIKE-NOTEBOOK2" duration="00:00:00" startTime="0001-01-01T08:00:00.0000000+08:00" endTime="0001-01-01T08:00:00.0000000+08:00" testType="13cdc9d9-ddb5-4fa4-a97d-d965ccfc6d4b" outcome="NotExecuted" testListId="8c84fa94-04c1-424b-9868-57a2d4851a1d">
    </UnitTestResult>
    <UnitTestResult executionId="9fc31834-b70d-436f-83c1-989509dcba1a" testId="8d07eacb-3b39-05cf-9ac9-86b5d707b8e8" testName="GetPictures" computerName="MIKE-NOTEBOOK2" duration="00:00:00" startTime="0001-01-01T08:00:00.0000000+08:00" endTime="0001-01-01T08:00:00.0000000+08:00" testType="13cdc9d9-ddb5-4fa4-a97d-d965ccfc6d4b" outcome="NotExecuted" testListId="8c84fa94-04c1-424b-9868-57a2d4851a1d">
    </UnitTestResult>
    <UnitTestResult executionId="80c869f9-6e3c-48e5-93cf-d3b0a1d3eb8a" testId="769d273b-9c8d-de98-d709-ea426ef9dc2e" testName="GetCategoryName1" computerName="MIKE-NOTEBOOK2" duration="00:00:00" startTime="0001-01-01T08:00:00.0000000+08:00" endTime="0001-01-01T08:00:00.0000000+08:00" testType="13cdc9d9-ddb5-4fa4-a97d-d965ccfc6d4b" outcome="NotExecuted" testListId="8c84fa94-04c1-424b-9868-57a2d4851a1d">
    </UnitTestResult>
    <UnitTestResult executionId="b1fd810b-e66f-4449-940d-fa175d9b9b44" testId="189b0301-0a72-0972-90f2-de33dc3b5e6a" testName="GetCategoryName2" computerName="MIKE-NOTEBOOK2" duration="00:00:00" startTime="0001-01-01T08:00:00.0000000+08:00" endTime="0001-01-01T08:00:00.0000000+08:00" testType="13cdc9d9-ddb5-4fa4-a97d-d965ccfc6d4b" outcome="NotExecuted" testListId="8c84fa94-04c1-424b-9868-57a2d4851a1d">
    </UnitTestResult>
    <UnitTestResult executionId="af287b32-7355-4f31-96d1-077bdf13b2c1" testId="25074b96-01d0-22d6-377a-a220658b5ad0" testName="GetAllCategores" computerName="MIKE-NOTEBOOK2" duration="00:00:00" startTime="0001-01-01T08:00:00.0000000+08:00" endTime="0001-01-01T08:00:00.0000000+08:00" testType="13cdc9d9-ddb5-4fa4-a97d-d965ccfc6d4b" outcome="NotExecuted" testListId="8c84fa94-04c1-424b-9868-57a2d4851a1d">
    </UnitTestResult>
    <UnitTestResult executionId="5bc31cde-f7a5-43d6-9304-de6ad04f0b45" testId="049bd7ce-4161-c6ae-e47e-5b1fb49c71a2" testName="GetCategoresAndProducts" computerName="MIKE-NOTEBOOK2" duration="00:00:00" startTime="0001-01-01T08:00:00.0000000+08:00" endTime="0001-01-01T08:00:00.0000000+08:00" testType="13cdc9d9-ddb5-4fa4-a97d-d965ccfc6d4b" outcome="NotExecuted" testListId="8c84fa94-04c1-424b-9868-57a2d4851a1d">
    </UnitTestResult>
    <UnitTestResult executionId="f4f676cd-0666-444e-91ba-be68e66cb128" testId="1dbf5a2d-806f-4bac-52b8-0d4f38446ccd" testName="StoreAndReuseQuery" computerName="MIKE-NOTEBOOK2" duration="00:00:00" startTime="0001-01-01T08:00:00.0000000+08:00" endTime="0001-01-01T08:00:00.0000000+08:00" testType="13cdc9d9-ddb5-4fa4-a97d-d965ccfc6d4b" outcome="NotExecuted" testListId="8c84fa94-04c1-424b-9868-57a2d4851a1d">
    </UnitTestResult>
    <UnitTestResult executionId="b2046d48-8920-4d27-826c-b4d9c5839870" testId="ed5329d8-a26b-03a1-465d-5fe918def9a8" testName="StringConnect" computerName="MIKE-NOTEBOOK2" duration="00:00:00" startTime="0001-01-01T08:00:00.0000000+08:00" endTime="0001-01-01T08:00:00.0000000+08:00" testType="13cdc9d9-ddb5-4fa4-a97d-d965ccfc6d4b" outcome="NotExecuted" testListId="8c84fa94-04c1-424b-9868-57a2d4851a1d">
    </UnitTestResult>
    <UnitTestResult executionId="c2233a39-e4c6-4ac0-b75b-c4e0cb4ae489" testId="25c6fe35-0786-9dc1-599e-f5a0d6f553c8" testName="T" computerName="MIKE-NOTEBOOK2" duration="00:00:00" startTime="0001-01-01T08:00:00.0000000+08:00" endTime="0001-01-01T08:00:00.0000000+08:00" testType="13cdc9d9-ddb5-4fa4-a97d-d965ccfc6d4b" outcome="NotExecuted" testListId="8c84fa94-04c1-424b-9868-57a2d4851a1d">
    </UnitTestResult>
    <UnitTestResult executionId="44eda19d-d4a1-45aa-a717-0f17e88708e9" testId="099613a7-d589-8a38-e491-c9365fbdf601" testName="Aggregate_Null" computerName="MIKE-NOTEBOOK2" duration="00:00:00" startTime="0001-01-01T08:00:00.0000000+08:00" endTime="0001-01-01T08:00:00.0000000+08:00" testType="13cdc9d9-ddb5-4fa4-a97d-d965ccfc6d4b" outcome="NotExecuted" testListId="8c84fa94-04c1-424b-9868-57a2d4851a1d">
    </UnitTestResult>
    <UnitTestResult executionId="03926afe-4ca8-44b8-af64-85523bad36a9" testId="5afc6725-b9ab-a2b8-7c7a-d53e2e4cd624" testName="GetDefaultValue" computerName="MIKE-NOTEBOOK2" duration="00:00:00" startTime="0001-01-01T08:00:00.0000000+08:00" endTime="0001-01-01T08:00:00.0000000+08:00" testType="13cdc9d9-ddb5-4fa4-a97d-d965ccfc6d4b" outcome="NotExecuted" testListId="8c84fa94-04c1-424b-9868-57a2d4851a1d">
    </UnitTestResult>
    <UnitTestResult executionId="1bb7a2a2-51ef-485a-9396-20db41c9906e" testId="bd264e88-eff9-ca0f-1a93-65b81f3e7443" testName="Math_Abs" computerName="MIKE-NOTEBOOK2" duration="00:00:00" startTime="0001-01-01T08:00:00.0000000+08:00" endTime="0001-01-01T08:00:00.0000000+08:00" testType="13cdc9d9-ddb5-4fa4-a97d-d965ccfc6d4b" outcome="NotExecuted" testListId="8c84fa94-04c1-424b-9868-57a2d4851a1d">
    </UnitTestResult>
    <UnitTestResult executionId="1f849255-9c4a-408f-88a6-865c01e6def6" testId="2ceb6de3-29d3-7d38-936e-1d63ba1de5bd" testName="Math_Acos" computerName="MIKE-NOTEBOOK2" duration="00:00:00" startTime="0001-01-01T08:00:00.0000000+08:00" endTime="0001-01-01T08:00:00.0000000+08:00" testType="13cdc9d9-ddb5-4fa4-a97d-d965ccfc6d4b" outcome="NotExecuted" testListId="8c84fa94-04c1-424b-9868-57a2d4851a1d">
    </UnitTestResult>
    <UnitTestResult executionId="4c6eb49d-3a61-4b95-a397-63d22da0b5d6" testId="5cb0ecb0-4daf-bcbd-7829-cffa60bd1863" testName="Math_Asin" computerName="MIKE-NOTEBOOK2" duration="00:00:00" startTime="0001-01-01T08:00:00.0000000+08:00" endTime="0001-01-01T08:00:00.0000000+08:00" testType="13cdc9d9-ddb5-4fa4-a97d-d965ccfc6d4b" outcome="NotExecuted" testListId="8c84fa94-04c1-424b-9868-57a2d4851a1d">
    </UnitTestResult>
    <UnitTestResult executionId="8ea8c8f3-b17b-4a5d-a59b-5dc691eadc24" testId="4085997a-1c85-cf08-4926-cb350a1ab342" testName="Math_Atan" computerName="MIKE-NOTEBOOK2" duration="00:00:00" startTime="0001-01-01T08:00:00.0000000+08:00" endTime="0001-01-01T08:00:00.0000000+08:00" testType="13cdc9d9-ddb5-4fa4-a97d-d965ccfc6d4b" outcome="NotExecuted" testListId="8c84fa94-04c1-424b-9868-57a2d4851a1d">
    </UnitTestResult>
    <UnitTestResult executionId="49e48b85-62b2-45ca-b837-80b89cf69d19" testId="2034e586-b716-854d-fc51-da37e0442573" testName="Math_Atan2" computerName="MIKE-NOTEBOOK2" duration="00:00:00" startTime="0001-01-01T08:00:00.0000000+08:00" endTime="0001-01-01T08:00:00.0000000+08:00" testType="13cdc9d9-ddb5-4fa4-a97d-d965ccfc6d4b" outcome="NotExecuted" testListId="8c84fa94-04c1-424b-9868-57a2d4851a1d">
    </UnitTestResult>
    <UnitTestResult executionId="06224482-e1f2-4df9-b403-b7fb978d209a" testId="465e43cc-4a36-ce40-73fc-6a98de1c330b" testName="Math_BigMul" computerName="MIKE-NOTEBOOK2" duration="00:00:00" startTime="0001-01-01T08:00:00.0000000+08:00" endTime="0001-01-01T08:00:00.0000000+08:00" testType="13cdc9d9-ddb5-4fa4-a97d-d965ccfc6d4b" outcome="NotExecuted" testListId="8c84fa94-04c1-424b-9868-57a2d4851a1d">
    </UnitTestResult>
    <UnitTestResult executionId="1a8b7ec0-1281-4e9d-be79-c4e9e84bb1ac" testId="213ed476-dd4d-e4a2-a3e9-bdffbfa4c268" testName="Math_Ceiling" computerName="MIKE-NOTEBOOK2" duration="00:00:00" startTime="0001-01-01T08:00:00.0000000+08:00" endTime="0001-01-01T08:00:00.0000000+08:00" testType="13cdc9d9-ddb5-4fa4-a97d-d965ccfc6d4b" outcome="NotExecuted" testListId="8c84fa94-04c1-424b-9868-57a2d4851a1d">
    </UnitTestResult>
    <UnitTestResult executionId="2a5b133a-082f-4041-a71e-17a30fbcbf11" testId="5fab8e8d-1285-58f9-f4b9-2a5e4f98932a" testName="Math_Cos" computerName="MIKE-NOTEBOOK2" duration="00:00:00" startTime="0001-01-01T08:00:00.0000000+08:00" endTime="0001-01-01T08:00:00.0000000+08:00" testType="13cdc9d9-ddb5-4fa4-a97d-d965ccfc6d4b" outcome="NotExecuted" testListId="8c84fa94-04c1-424b-9868-57a2d4851a1d">
    </UnitTestResult>
    <UnitTestResult executionId="7bf9ccb7-17fd-433b-9763-92c2cd4e0094" testId="73531245-aa5a-1441-4d60-ab06010171da" testName="Math_Cosh" computerName="MIKE-NOTEBOOK2" duration="00:00:00" startTime="0001-01-01T08:00:00.0000000+08:00" endTime="0001-01-01T08:00:00.0000000+08:00" testType="13cdc9d9-ddb5-4fa4-a97d-d965ccfc6d4b" outcome="NotExecuted" testListId="8c84fa94-04c1-424b-9868-57a2d4851a1d">
    </UnitTestResult>
    <UnitTestResult executionId="11566f9c-1368-4096-800e-ce6f3f1062c8" testId="ef3758f3-4681-ebd1-286e-1d52c93acc90" testName="Math_DivRem" computerName="MIKE-NOTEBOOK2" duration="00:00:00" startTime="0001-01-01T08:00:00.0000000+08:00" endTime="0001-01-01T08:00:00.0000000+08:00" testType="13cdc9d9-ddb5-4fa4-a97d-d965ccfc6d4b" outcome="NotExecuted" testListId="8c84fa94-04c1-424b-9868-57a2d4851a1d">
    </UnitTestResult>
    <UnitTestResult executionId="a7a28949-1103-495b-8514-06af3756ebfc" testId="55955f87-ea55-72a2-fcdc-20f152ea7047" testName="Math_Exp" computerName="MIKE-NOTEBOOK2" duration="00:00:00" startTime="0001-01-01T08:00:00.0000000+08:00" endTime="0001-01-01T08:00:00.0000000+08:00" testType="13cdc9d9-ddb5-4fa4-a97d-d965ccfc6d4b" outcome="NotExecuted" testListId="8c84fa94-04c1-424b-9868-57a2d4851a1d">
    </UnitTestResult>
    <UnitTestResult executionId="91699144-f9c3-464f-ab1e-37300e49803e" testId="9252333d-285c-a67e-b6ab-069994df1ca6" testName="Math_Floor" computerName="MIKE-NOTEBOOK2" duration="00:00:00" startTime="0001-01-01T08:00:00.0000000+08:00" endTime="0001-01-01T08:00:00.0000000+08:00" testType="13cdc9d9-ddb5-4fa4-a97d-d965ccfc6d4b" outcome="NotExecuted" testListId="8c84fa94-04c1-424b-9868-57a2d4851a1d">
    </UnitTestResult>
    <UnitTestResult executionId="237db63c-35f6-4adc-8551-e69843a22402" testId="4b0f07ee-c763-eeed-a6d3-13e18d5b51a4" testName="Math_Log" computerName="MIKE-NOTEBOOK2" duration="00:00:00" startTime="0001-01-01T08:00:00.0000000+08:00" endTime="0001-01-01T08:00:00.0000000+08:00" testType="13cdc9d9-ddb5-4fa4-a97d-d965ccfc6d4b" outcome="NotExecuted" testListId="8c84fa94-04c1-424b-9868-57a2d4851a1d">
    </UnitTestResult>
    <UnitTestResult executionId="315acdd0-fe5b-45ef-87a6-8aa0a1f70a64" testId="ea49ed46-bcf1-2519-615a-d829d6c1c80f" testName="Math_Log10" computerName="MIKE-NOTEBOOK2" duration="00:00:00" startTime="0001-01-01T08:00:00.0000000+08:00" endTime="0001-01-01T08:00:00.0000000+08:00" testType="13cdc9d9-ddb5-4fa4-a97d-d965ccfc6d4b" outcome="NotExecuted" testListId="8c84fa94-04c1-424b-9868-57a2d4851a1d">
    </UnitTestResult>
    <UnitTestResult executionId="dfa1cfff-ffb2-4f63-9634-857c96488141" testId="706b592a-8c93-aba8-b718-ec961f95f3e1" testName="Math_Max" computerName="MIKE-NOTEBOOK2" duration="00:00:00" startTime="0001-01-01T08:00:00.0000000+08:00" endTime="0001-01-01T08:00:00.0000000+08:00" testType="13cdc9d9-ddb5-4fa4-a97d-d965ccfc6d4b" outcome="NotExecuted" testListId="8c84fa94-04c1-424b-9868-57a2d4851a1d">
    </UnitTestResult>
    <UnitTestResult executionId="4453be2c-8c06-4bc7-88e9-ccaccc952a3c" testId="9a683a28-93b3-f3ce-5cd1-900b55a1c123" testName="Math_Min" computerName="MIKE-NOTEBOOK2" duration="00:00:00" startTime="0001-01-01T08:00:00.0000000+08:00" endTime="0001-01-01T08:00:00.0000000+08:00" testType="13cdc9d9-ddb5-4fa4-a97d-d965ccfc6d4b" outcome="NotExecuted" testListId="8c84fa94-04c1-424b-9868-57a2d4851a1d">
    </UnitTestResult>
    <UnitTestResult executionId="d7f127cc-7cc3-4505-a9bf-c9db28c7b06a" testId="85243e54-4f09-52c6-7d64-df92c09c42f5" testName="Math_Pow" computerName="MIKE-NOTEBOOK2" duration="00:00:00" startTime="0001-01-01T08:00:00.0000000+08:00" endTime="0001-01-01T08:00:00.0000000+08:00" testType="13cdc9d9-ddb5-4fa4-a97d-d965ccfc6d4b" outcome="NotExecuted" testListId="8c84fa94-04c1-424b-9868-57a2d4851a1d">
    </UnitTestResult>
    <UnitTestResult executionId="18c5ddab-ba94-4c25-8204-b5f65ca18b74" testId="f4dacd84-8ad7-cfbb-dfc1-54a80944304c" testName="Math_Round2" computerName="MIKE-NOTEBOOK2" duration="00:00:00" startTime="0001-01-01T08:00:00.0000000+08:00" endTime="0001-01-01T08:00:00.0000000+08:00" testType="13cdc9d9-ddb5-4fa4-a97d-d965ccfc6d4b" outcome="NotExecuted" testListId="8c84fa94-04c1-424b-9868-57a2d4851a1d">
    </UnitTestResult>
    <UnitTestResult executionId="6e2140f2-f1d7-4d80-a21c-d805cb961f4d" testId="11eccfa8-64a1-6f47-f2d3-550dec706fa8" testName="Math_Sign" computerName="MIKE-NOTEBOOK2" duration="00:00:00" startTime="0001-01-01T08:00:00.0000000+08:00" endTime="0001-01-01T08:00:00.0000000+08:00" testType="13cdc9d9-ddb5-4fa4-a97d-d965ccfc6d4b" outcome="NotExecuted" testListId="8c84fa94-04c1-424b-9868-57a2d4851a1d">
    </UnitTestResult>
    <UnitTestResult executionId="d69ef440-6f6b-47e8-9b73-96cee069f622" testId="047427e2-472e-c82f-fc49-d899ada0bdaf" testName="Math_Sin" computerName="MIKE-NOTEBOOK2" duration="00:00:00" startTime="0001-01-01T08:00:00.0000000+08:00" endTime="0001-01-01T08:00:00.0000000+08:00" testType="13cdc9d9-ddb5-4fa4-a97d-d965ccfc6d4b" outcome="NotExecuted" testListId="8c84fa94-04c1-424b-9868-57a2d4851a1d">
    </UnitTestResult>
    <UnitTestResult executionId="30002318-baa8-4e12-8b58-ddf94271ccae" testId="f3b340eb-e4d6-5e90-b6c4-ca0ffbea0699" testName="Math_Sinh" computerName="MIKE-NOTEBOOK2" duration="00:00:00" startTime="0001-01-01T08:00:00.0000000+08:00" endTime="0001-01-01T08:00:00.0000000+08:00" testType="13cdc9d9-ddb5-4fa4-a97d-d965ccfc6d4b" outcome="NotExecuted" testListId="8c84fa94-04c1-424b-9868-57a2d4851a1d">
    </UnitTestResult>
    <UnitTestResult executionId="941b6018-0ec6-49c5-91b3-70e78f57fc24" testId="e3f52d99-4392-2972-57be-84c3df9c6751" testName="Math_Sqrt" computerName="MIKE-NOTEBOOK2" duration="00:00:00" startTime="0001-01-01T08:00:00.0000000+08:00" endTime="0001-01-01T08:00:00.0000000+08:00" testType="13cdc9d9-ddb5-4fa4-a97d-d965ccfc6d4b" outcome="NotExecuted" testListId="8c84fa94-04c1-424b-9868-57a2d4851a1d">
    </UnitTestResult>
    <UnitTestResult executionId="cd5d05a6-56d4-410d-a970-d9d9c1403027" testId="7d1cd665-eb29-f811-5adf-d017adb641cb" testName="Math_Tan" computerName="MIKE-NOTEBOOK2" duration="00:00:00" startTime="0001-01-01T08:00:00.0000000+08:00" endTime="0001-01-01T08:00:00.0000000+08:00" testType="13cdc9d9-ddb5-4fa4-a97d-d965ccfc6d4b" outcome="NotExecuted" testListId="8c84fa94-04c1-424b-9868-57a2d4851a1d">
    </UnitTestResult>
    <UnitTestResult executionId="e5181cca-0fa4-4039-b166-d65d6c5a3345" testId="89a00840-b205-c5fd-be4c-9810222d1785" testName="Math_Tanh" computerName="MIKE-NOTEBOOK2" duration="00:00:00" startTime="0001-01-01T08:00:00.0000000+08:00" endTime="0001-01-01T08:00:00.0000000+08:00" testType="13cdc9d9-ddb5-4fa4-a97d-d965ccfc6d4b" outcome="NotExecuted" testListId="8c84fa94-04c1-424b-9868-57a2d4851a1d">
    </UnitTestResult>
    <UnitTestResult executionId="8725bde6-1cfe-4c7b-9636-ed027e872fb7" testId="6fdaf5bc-ed3b-b75a-4d54-652b4c0db45e" testName="Math_Truncate1" computerName="MIKE-NOTEBOOK2" duration="00:00:00" startTime="0001-01-01T08:00:00.0000000+08:00" endTime="0001-01-01T08:00:00.0000000+08:00" testType="13cdc9d9-ddb5-4fa4-a97d-d965ccfc6d4b" outcome="NotExecuted" testListId="8c84fa94-04c1-424b-9868-57a2d4851a1d">
    </UnitTestResult>
    <UnitTestResult executionId="8fb50177-8619-48e4-b761-1e4077eeaddb" testId="7f1881cc-07a6-03ee-9cb7-82d59487d41c" testName="String_Clone" computerName="MIKE-NOTEBOOK2" duration="00:00:00" startTime="0001-01-01T08:00:00.0000000+08:00" endTime="0001-01-01T08:00:00.0000000+08:00" testType="13cdc9d9-ddb5-4fa4-a97d-d965ccfc6d4b" outcome="NotExecuted" testListId="8c84fa94-04c1-424b-9868-57a2d4851a1d">
    </UnitTestResult>
    <UnitTestResult executionId="081582fc-66fb-4d09-9177-8b37a9b8c371" testId="b54125a7-a1a4-4519-d7f7-1774939ed133" testName="String_CompareTo" computerName="MIKE-NOTEBOOK2" duration="00:00:00" startTime="0001-01-01T08:00:00.0000000+08:00" endTime="0001-01-01T08:00:00.0000000+08:00" testType="13cdc9d9-ddb5-4fa4-a97d-d965ccfc6d4b" outcome="NotExecuted" testListId="8c84fa94-04c1-424b-9868-57a2d4851a1d">
    </UnitTestResult>
    <UnitTestResult executionId="d5dc54e3-9ce2-4ed1-8fb8-e3e9cb4acd0c" testId="4cda847f-3ffc-5bcc-e114-b6647adc6c57" testName="String_Contains" computerName="MIKE-NOTEBOOK2" duration="00:00:00" startTime="0001-01-01T08:00:00.0000000+08:00" endTime="0001-01-01T08:00:00.0000000+08:00" testType="13cdc9d9-ddb5-4fa4-a97d-d965ccfc6d4b" outcome="NotExecuted" testListId="8c84fa94-04c1-424b-9868-57a2d4851a1d">
    </UnitTestResult>
    <UnitTestResult executionId="8098c365-0f2c-4a7a-b762-48726078d2b5" testId="f428bfed-6fa5-ee5d-4417-c0d44242f0eb" testName="String_EndsWith" computerName="MIKE-NOTEBOOK2" duration="00:00:00" startTime="0001-01-01T08:00:00.0000000+08:00" endTime="0001-01-01T08:00:00.0000000+08:00" testType="13cdc9d9-ddb5-4fa4-a97d-d965ccfc6d4b" outcome="NotExecuted" testListId="8c84fa94-04c1-424b-9868-57a2d4851a1d">
    </UnitTestResult>
    <UnitTestResult executionId="1199a494-2aa6-4698-98e4-2ba4606a4f7d" testId="ba05a939-cf2f-4caa-eb36-a731949d7df0" testName="String_Equals1" computerName="MIKE-NOTEBOOK2" duration="00:00:00" startTime="0001-01-01T08:00:00.0000000+08:00" endTime="0001-01-01T08:00:00.0000000+08:00" testType="13cdc9d9-ddb5-4fa4-a97d-d965ccfc6d4b" outcome="NotExecuted" testListId="8c84fa94-04c1-424b-9868-57a2d4851a1d">
    </UnitTestResult>
    <UnitTestResult executionId="ad588e46-5b8d-4d16-9664-42d5adb7af45" testId="182b131b-01bd-26c0-ac32-33593327a20d" testName="String_Equals2" computerName="MIKE-NOTEBOOK2" duration="00:00:00" startTime="0001-01-01T08:00:00.0000000+08:00" endTime="0001-01-01T08:00:00.0000000+08:00" testType="13cdc9d9-ddb5-4fa4-a97d-d965ccfc6d4b" outcome="NotExecuted" testListId="8c84fa94-04c1-424b-9868-57a2d4851a1d">
    </UnitTestResult>
    <UnitTestResult executionId="4e8bf0ad-9ece-47f8-b5fc-15ec2e53d2f0" testId="30bd0459-ca42-e963-1bbe-177cf0ff997c" testName="String_Equals3" computerName="MIKE-NOTEBOOK2" duration="00:00:00" startTime="0001-01-01T08:00:00.0000000+08:00" endTime="0001-01-01T08:00:00.0000000+08:00" testType="13cdc9d9-ddb5-4fa4-a97d-d965ccfc6d4b" outcome="NotExecuted" testListId="8c84fa94-04c1-424b-9868-57a2d4851a1d">
    </UnitTestResult>
    <UnitTestResult executionId="73cb2dff-228d-4866-8b1e-c622e4e0ba12" testId="fc3c9104-0976-6d91-359d-7c15156aed19" testName="String_IndexOf1" computerName="MIKE-NOTEBOOK2" duration="00:00:00" startTime="0001-01-01T08:00:00.0000000+08:00" endTime="0001-01-01T08:00:00.0000000+08:00" testType="13cdc9d9-ddb5-4fa4-a97d-d965ccfc6d4b" outcome="NotExecuted" testListId="8c84fa94-04c1-424b-9868-57a2d4851a1d">
    </UnitTestResult>
    <UnitTestResult executionId="938f7981-a563-491c-8293-9d84df9d931f" testId="988de4be-1856-3fa9-c090-754a59dae241" testName="String_IndexOf2" computerName="MIKE-NOTEBOOK2" duration="00:00:00" startTime="0001-01-01T08:00:00.0000000+08:00" endTime="0001-01-01T08:00:00.0000000+08:00" testType="13cdc9d9-ddb5-4fa4-a97d-d965ccfc6d4b" outcome="NotExecuted" testListId="8c84fa94-04c1-424b-9868-57a2d4851a1d">
    </UnitTestResult>
    <UnitTestResult executionId="314b0746-9f2e-4e38-8d0c-a5cb98b8d057" testId="48e2cf70-43f4-fbcf-89c0-6a01ef7758b8" testName="String_IndexOf3" computerName="MIKE-NOTEBOOK2" duration="00:00:00" startTime="0001-01-01T08:00:00.0000000+08:00" endTime="0001-01-01T08:00:00.0000000+08:00" testType="13cdc9d9-ddb5-4fa4-a97d-d965ccfc6d4b" outcome="NotExecuted" testListId="8c84fa94-04c1-424b-9868-57a2d4851a1d">
    </UnitTestResult>
    <UnitTestResult executionId="2a720a89-373d-4acd-9a6b-a6c0a90c3725" testId="3f7a6bcd-34c0-47fb-14a7-d67913af7f19" testName="String_IndexOf4" computerName="MIKE-NOTEBOOK2" duration="00:00:00" startTime="0001-01-01T08:00:00.0000000+08:00" endTime="0001-01-01T08:00:00.0000000+08:00" testType="13cdc9d9-ddb5-4fa4-a97d-d965ccfc6d4b" outcome="NotExecuted" testListId="8c84fa94-04c1-424b-9868-57a2d4851a1d">
    </UnitTestResult>
    <UnitTestResult executionId="31f7c4ab-646a-40b8-b9f1-3c745baa7818" testId="30f1564c-ccd6-9f84-3be6-d50395ac54ba" testName="String_Insert" computerName="MIKE-NOTEBOOK2" duration="00:00:00" startTime="0001-01-01T08:00:00.0000000+08:00" endTime="0001-01-01T08:00:00.0000000+08:00" testType="13cdc9d9-ddb5-4fa4-a97d-d965ccfc6d4b" outcome="NotExecuted" testListId="8c84fa94-04c1-424b-9868-57a2d4851a1d">
    </UnitTestResult>
    <UnitTestResult executionId="388af2c5-7168-4ccf-9bd2-14b1e967bc3a" testId="07b5581b-53cf-1839-16f2-8bd0a991a7e4" testName="String_Length" computerName="MIKE-NOTEBOOK2" duration="00:00:00" startTime="0001-01-01T08:00:00.0000000+08:00" endTime="0001-01-01T08:00:00.0000000+08:00" testType="13cdc9d9-ddb5-4fa4-a97d-d965ccfc6d4b" outcome="NotExecuted" testListId="8c84fa94-04c1-424b-9868-57a2d4851a1d">
    </UnitTestResult>
    <UnitTestResult executionId="2e6c4c20-69a7-47d0-8351-1f1ee7b88bdd" testId="2612c461-76a3-1fa3-9047-d4fee89fe417" testName="String_Substring1" computerName="MIKE-NOTEBOOK2" duration="00:00:00" startTime="0001-01-01T08:00:00.0000000+08:00" endTime="0001-01-01T08:00:00.0000000+08:00" testType="13cdc9d9-ddb5-4fa4-a97d-d965ccfc6d4b" outcome="NotExecuted" testListId="8c84fa94-04c1-424b-9868-57a2d4851a1d">
    </UnitTestResult>
    <UnitTestResult executionId="d609de4b-97fc-4aff-b7af-5b49a72f24b5" testId="8e98df73-f0ed-7c3a-47d6-f79e5c6ed7b1" testName="String_Substring2" computerName="MIKE-NOTEBOOK2" duration="00:00:00" startTime="0001-01-01T08:00:00.0000000+08:00" endTime="0001-01-01T08:00:00.0000000+08:00" testType="13cdc9d9-ddb5-4fa4-a97d-d965ccfc6d4b" outcome="NotExecuted" testListId="8c84fa94-04c1-424b-9868-57a2d4851a1d">
    </UnitTestResult>
    <UnitTestResult executionId="21b89e51-0690-4a1b-98d3-4c5890a077d7" testId="dadfe4a5-aed3-a6c8-bcc5-b7e93abbb3d9" testName="String_ToLower1" computerName="MIKE-NOTEBOOK2" duration="00:00:00" startTime="0001-01-01T08:00:00.0000000+08:00" endTime="0001-01-01T08:00:00.0000000+08:00" testType="13cdc9d9-ddb5-4fa4-a97d-d965ccfc6d4b" outcome="NotExecuted" testListId="8c84fa94-04c1-424b-9868-57a2d4851a1d">
    </UnitTestResult>
    <UnitTestResult executionId="18cd2067-21b3-43ad-9efd-6562bffd73f1" testId="2d1590a6-6bfc-8b82-891d-4c412379b447" testName="String_ToLower2" computerName="MIKE-NOTEBOOK2" duration="00:00:00" startTime="0001-01-01T08:00:00.0000000+08:00" endTime="0001-01-01T08:00:00.0000000+08:00" testType="13cdc9d9-ddb5-4fa4-a97d-d965ccfc6d4b" outcome="NotExecuted" testListId="8c84fa94-04c1-424b-9868-57a2d4851a1d">
    </UnitTestResult>
    <UnitTestResult executionId="2a2077a8-4a38-4a5f-8add-8fdbabdc5c0b" testId="83e31eed-bd47-7aab-7a2a-ead308e56ad7" testName="String_ToLowerInvariant" computerName="MIKE-NOTEBOOK2" duration="00:00:00" startTime="0001-01-01T08:00:00.0000000+08:00" endTime="0001-01-01T08:00:00.0000000+08:00" testType="13cdc9d9-ddb5-4fa4-a97d-d965ccfc6d4b" outcome="NotExecuted" testListId="8c84fa94-04c1-424b-9868-57a2d4851a1d">
    </UnitTestResult>
    <UnitTestResult executionId="ddaf6233-a40b-4ed8-9124-2e3c3dd8425c" testId="a8c26043-b713-38db-cdc0-ac1e24702214" testName="String_ToUpper1" computerName="MIKE-NOTEBOOK2" duration="00:00:00" startTime="0001-01-01T08:00:00.0000000+08:00" endTime="0001-01-01T08:00:00.0000000+08:00" testType="13cdc9d9-ddb5-4fa4-a97d-d965ccfc6d4b" outcome="NotExecuted" testListId="8c84fa94-04c1-424b-9868-57a2d4851a1d">
    </UnitTestResult>
    <UnitTestResult executionId="9405b6cc-1890-40ca-8daa-6276ceea0219" testId="f36a13a4-4f45-ed82-e184-9d87241f29ab" testName="String_ToUpper2" computerName="MIKE-NOTEBOOK2" duration="00:00:00" startTime="0001-01-01T08:00:00.0000000+08:00" endTime="0001-01-01T08:00:00.0000000+08:00" testType="13cdc9d9-ddb5-4fa4-a97d-d965ccfc6d4b" outcome="NotExecuted" testListId="8c84fa94-04c1-424b-9868-57a2d4851a1d">
    </UnitTestResult>
    <UnitTestResult executionId="1631aa44-b751-4668-99ab-7a8c92dac0d7" testId="c8234979-5049-ad5a-b140-6404c203cf9e" testName="String_ToUpperInvariant" computerName="MIKE-NOTEBOOK2" duration="00:00:00" startTime="0001-01-01T08:00:00.0000000+08:00" endTime="0001-01-01T08:00:00.0000000+08:00" testType="13cdc9d9-ddb5-4fa4-a97d-d965ccfc6d4b" outcome="NotExecuted" testListId="8c84fa94-04c1-424b-9868-57a2d4851a1d">
    </UnitTestResult>
    <UnitTestResult executionId="85f25b63-79dd-4817-8098-8580cfc27cce" testId="25a2b29a-f967-82e9-9812-5296f8260025" testName="String_Trim1" computerName="MIKE-NOTEBOOK2" duration="00:00:00" startTime="0001-01-01T08:00:00.0000000+08:00" endTime="0001-01-01T08:00:00.0000000+08:00" testType="13cdc9d9-ddb5-4fa4-a97d-d965ccfc6d4b" outcome="NotExecuted" testListId="8c84fa94-04c1-424b-9868-57a2d4851a1d">
    </UnitTestResult>
    <UnitTestResult executionId="372b0a37-76cc-4602-aae5-5f5679f51abc" testId="3d1ba470-148b-06bd-5338-777e87833181" testName="String_Char" computerName="MIKE-NOTEBOOK2" duration="00:00:00" startTime="0001-01-01T08:00:00.0000000+08:00" endTime="0001-01-01T08:00:00.0000000+08:00" testType="13cdc9d9-ddb5-4fa4-a97d-d965ccfc6d4b" outcome="NotExecuted" testListId="8c84fa94-04c1-424b-9868-57a2d4851a1d">
    </UnitTestResult>
    <UnitTestResult executionId="8c7ee1b3-c35a-4418-9559-1632d3f06348" testId="b656f605-b739-46bb-798b-8b9c557c2ff0" testName="DateTime_Add" computerName="MIKE-NOTEBOOK2" duration="00:00:00" startTime="0001-01-01T08:00:00.0000000+08:00" endTime="0001-01-01T08:00:00.0000000+08:00" testType="13cdc9d9-ddb5-4fa4-a97d-d965ccfc6d4b" outcome="NotExecuted" testListId="8c84fa94-04c1-424b-9868-57a2d4851a1d">
    </UnitTestResult>
    <UnitTestResult executionId="85a236e0-b6af-41de-8470-8f0faf5df075" testId="d37c3fb3-fe11-4500-37a0-92112b241f50" testName="DateTime_AddDays" computerName="MIKE-NOTEBOOK2" duration="00:00:00" startTime="0001-01-01T08:00:00.0000000+08:00" endTime="0001-01-01T08:00:00.0000000+08:00" testType="13cdc9d9-ddb5-4fa4-a97d-d965ccfc6d4b" outcome="NotExecuted" testListId="8c84fa94-04c1-424b-9868-57a2d4851a1d">
    </UnitTestResult>
    <UnitTestResult executionId="b068b31c-6623-4f54-8636-f27566fd2b80" testId="2513b458-7df7-3d27-7c56-c85b0310284a" testName="DateTime_AddHours" computerName="MIKE-NOTEBOOK2" duration="00:00:00" startTime="0001-01-01T08:00:00.0000000+08:00" endTime="0001-01-01T08:00:00.0000000+08:00" testType="13cdc9d9-ddb5-4fa4-a97d-d965ccfc6d4b" outcome="NotExecuted" testListId="8c84fa94-04c1-424b-9868-57a2d4851a1d">
    </UnitTestResult>
    <UnitTestResult executionId="6ad486f5-0bcb-4768-a68b-dea572a35a46" testId="5247d3d6-2688-39fb-6f62-33761ffa2288" testName="DateTime_AddMinutes" computerName="MIKE-NOTEBOOK2" duration="00:00:00" startTime="0001-01-01T08:00:00.0000000+08:00" endTime="0001-01-01T08:00:00.0000000+08:00" testType="13cdc9d9-ddb5-4fa4-a97d-d965ccfc6d4b" outcome="NotExecuted" testListId="8c84fa94-04c1-424b-9868-57a2d4851a1d">
    </UnitTestResult>
    <UnitTestResult executionId="7383dc95-3730-4c3d-8d1a-123229449c76" testId="65b1df80-e80e-16ba-ddd6-9262b72b0f58" testName="DateTime_AddMonths" computerName="MIKE-NOTEBOOK2" duration="00:00:00" startTime="0001-01-01T08:00:00.0000000+08:00" endTime="0001-01-01T08:00:00.0000000+08:00" testType="13cdc9d9-ddb5-4fa4-a97d-d965ccfc6d4b" outcome="NotExecuted" testListId="8c84fa94-04c1-424b-9868-57a2d4851a1d">
    </UnitTestResult>
    <UnitTestResult executionId="eadeaf44-4ed9-4a9d-9079-a461266d59ae" testId="51dd55db-e3b1-de86-afb5-876c86d1811a" testName="DateTime_AddSeconds" computerName="MIKE-NOTEBOOK2" duration="00:00:00" startTime="0001-01-01T08:00:00.0000000+08:00" endTime="0001-01-01T08:00:00.0000000+08:00" testType="13cdc9d9-ddb5-4fa4-a97d-d965ccfc6d4b" outcome="NotExecuted" testListId="8c84fa94-04c1-424b-9868-57a2d4851a1d">
    </UnitTestResult>
    <UnitTestResult executionId="28d2d9e1-4c43-40fd-9535-fa0f75d20c64" testId="2985a782-d185-1db7-3b07-aa57fe95492f" testName="DateTime_AddYears" computerName="MIKE-NOTEBOOK2" duration="00:00:00" startTime="0001-01-01T08:00:00.0000000+08:00" endTime="0001-01-01T08:00:00.0000000+08:00" testType="13cdc9d9-ddb5-4fa4-a97d-d965ccfc6d4b" outcome="NotExecuted" testListId="8c84fa94-04c1-424b-9868-57a2d4851a1d">
    </UnitTestResult>
    <UnitTestResult executionId="b4297e59-d3c4-4d5d-bf4c-81decec0f892" testId="cbd42430-2698-e1b1-8f71-608d32b7a83b" testName="DateTime_ToLoaclTime" computerName="MIKE-NOTEBOOK2" duration="00:00:00" startTime="0001-01-01T08:00:00.0000000+08:00" endTime="0001-01-01T08:00:00.0000000+08:00" testType="13cdc9d9-ddb5-4fa4-a97d-d965ccfc6d4b" outcome="NotExecuted" testListId="8c84fa94-04c1-424b-9868-57a2d4851a1d">
    </UnitTestResult>
    <UnitTestResult executionId="531bb7f9-1802-40dd-b723-9db6d7e4b1ff" testId="cb8dbd63-b0a7-f53b-fb7d-0392065f3c6e" testName="DateTime_Subtract" computerName="MIKE-NOTEBOOK2" duration="00:00:00" startTime="0001-01-01T08:00:00.0000000+08:00" endTime="0001-01-01T08:00:00.0000000+08:00" testType="13cdc9d9-ddb5-4fa4-a97d-d965ccfc6d4b" outcome="NotExecuted" testListId="8c84fa94-04c1-424b-9868-57a2d4851a1d">
    </UnitTestResult>
    <UnitTestResult executionId="a3d71c67-a115-43df-b295-7eb806676ff4" testId="5e35904e-8675-2673-a6ab-685bfd5f6095" testName="DateTime_Hour" computerName="MIKE-NOTEBOOK2" duration="00:00:00" startTime="0001-01-01T08:00:00.0000000+08:00" endTime="0001-01-01T08:00:00.0000000+08:00" testType="13cdc9d9-ddb5-4fa4-a97d-d965ccfc6d4b" outcome="NotExecuted" testListId="8c84fa94-04c1-424b-9868-57a2d4851a1d">
    </UnitTestResult>
    <UnitTestResult executionId="01add535-7e2d-4097-8121-4fa01f03f6a7" testId="858fddfa-194d-4cf4-65e1-30aa3cc66f3a" testName="DateTime_Minute" computerName="MIKE-NOTEBOOK2" duration="00:00:00" startTime="0001-01-01T08:00:00.0000000+08:00" endTime="0001-01-01T08:00:00.0000000+08:00" testType="13cdc9d9-ddb5-4fa4-a97d-d965ccfc6d4b" outcome="NotExecuted" testListId="8c84fa94-04c1-424b-9868-57a2d4851a1d">
    </UnitTestResult>
    <UnitTestResult executionId="d2ce4918-a35e-4e59-bd10-425b34df0131" testId="7114bcbe-df32-08fd-0448-e5709930f6d9" testName="DateTime_Second" computerName="MIKE-NOTEBOOK2" duration="00:00:00" startTime="0001-01-01T08:00:00.0000000+08:00" endTime="0001-01-01T08:00:00.0000000+08:00" testType="13cdc9d9-ddb5-4fa4-a97d-d965ccfc6d4b" outcome="NotExecuted" testListId="8c84fa94-04c1-424b-9868-57a2d4851a1d">
    </UnitTestResult>
    <UnitTestResult executionId="d52b142a-3dbf-4c31-ac33-aeeb86c1c17c" testId="639f8592-6bcb-200f-e572-551dfee5d655" testName="DateTime_DayOfWeek" computerName="MIKE-NOTEBOOK2" duration="00:00:00" startTime="0001-01-01T08:00:00.0000000+08:00" endTime="0001-01-01T08:00:00.0000000+08:00" testType="13cdc9d9-ddb5-4fa4-a97d-d965ccfc6d4b" outcome="NotExecuted" testListId="8c84fa94-04c1-424b-9868-57a2d4851a1d">
    </UnitTestResult>
    <UnitTestResult executionId="e272644b-260d-4eb1-8781-53685b6be321" testId="4957d892-1bc8-9a13-5c47-1ebe20ccc0b9" testName="DateTime_DayOfYear" computerName="MIKE-NOTEBOOK2" duration="00:00:00" startTime="0001-01-01T08:00:00.0000000+08:00" endTime="0001-01-01T08:00:00.0000000+08:00" testType="13cdc9d9-ddb5-4fa4-a97d-d965ccfc6d4b" outcome="NotExecuted" testListId="8c84fa94-04c1-424b-9868-57a2d4851a1d">
    </UnitTestResult>
    <UnitTestResult executionId="de7686a1-be65-43ec-8edd-347b76c9f2fa" testId="8b3bef82-8351-c724-38d2-692e6dce0b3e" testName="DateTime_ToString" computerName="MIKE-NOTEBOOK2" duration="00:00:00" startTime="0001-01-01T08:00:00.0000000+08:00" endTime="0001-01-01T08:00:00.0000000+08:00" testType="13cdc9d9-ddb5-4fa4-a97d-d965ccfc6d4b" outcome="NotExecuted" testListId="8c84fa94-04c1-424b-9868-57a2d4851a1d">
    </UnitTestResult>
    <UnitTestResult executionId="19f1bd2c-fd4b-4214-9282-81e39a687508" testId="4a8597f8-6b55-9b6a-f9b8-af836c8130f9" testName="Convert_ToBoolean" computerName="MIKE-NOTEBOOK2" duration="00:00:00" startTime="0001-01-01T08:00:00.0000000+08:00" endTime="0001-01-01T08:00:00.0000000+08:00" testType="13cdc9d9-ddb5-4fa4-a97d-d965ccfc6d4b" outcome="NotExecuted" testListId="8c84fa94-04c1-424b-9868-57a2d4851a1d">
    </UnitTestResult>
    <UnitTestResult executionId="3f2f6dea-463b-45d0-a2fb-419f2a9f926b" testId="93dc92d0-64f8-a82f-c172-f869795c61cd" testName="Convert_ToByte" computerName="MIKE-NOTEBOOK2" duration="00:00:00" startTime="0001-01-01T08:00:00.0000000+08:00" endTime="0001-01-01T08:00:00.0000000+08:00" testType="13cdc9d9-ddb5-4fa4-a97d-d965ccfc6d4b" outcome="NotExecuted" testListId="8c84fa94-04c1-424b-9868-57a2d4851a1d">
    </UnitTestResult>
    <UnitTestResult executionId="08bdd729-01a5-421a-98cd-303e69efeeaa" testId="9bb36759-961d-0bd1-a54c-472b9e627d4b" testName="Convert_ToInt32" computerName="MIKE-NOTEBOOK2" duration="00:00:00" startTime="0001-01-01T08:00:00.0000000+08:00" endTime="0001-01-01T08:00:00.0000000+08:00" testType="13cdc9d9-ddb5-4fa4-a97d-d965ccfc6d4b" outcome="NotExecuted" testListId="8c84fa94-04c1-424b-9868-57a2d4851a1d">
    </UnitTestResult>
    <UnitTestResult executionId="77e1d0f9-6dbf-4a0c-882d-afee34c6a564" testId="c4fef183-af74-4c8b-fe87-ab38f0ef8cfc" testName="Convert_ToInt64" computerName="MIKE-NOTEBOOK2" duration="00:00:00" startTime="0001-01-01T08:00:00.0000000+08:00" endTime="0001-01-01T08:00:00.0000000+08:00" testType="13cdc9d9-ddb5-4fa4-a97d-d965ccfc6d4b" outcome="NotExecuted" testListId="8c84fa94-04c1-424b-9868-57a2d4851a1d">
    </UnitTestResult>
    <UnitTestResult executionId="3ae1dd02-35f3-4845-a576-3fe1f10bd5a5" testId="217f97ef-28fc-a8bd-debb-b3d24e4ade8f" testName="Convert_ToSByte" computerName="MIKE-NOTEBOOK2" duration="00:00:00" startTime="0001-01-01T08:00:00.0000000+08:00" endTime="0001-01-01T08:00:00.0000000+08:00" testType="13cdc9d9-ddb5-4fa4-a97d-d965ccfc6d4b" outcome="NotExecuted" testListId="8c84fa94-04c1-424b-9868-57a2d4851a1d">
    </UnitTestResult>
    <UnitTestResult executionId="f7757cdc-6158-4bf4-84cd-671ea856aadd" testId="3686f32c-f922-3b00-1666-8a7b6adf7224" testName="Convert_ToSingle" computerName="MIKE-NOTEBOOK2" duration="00:00:00" startTime="0001-01-01T08:00:00.0000000+08:00" endTime="0001-01-01T08:00:00.0000000+08:00" testType="13cdc9d9-ddb5-4fa4-a97d-d965ccfc6d4b" outcome="NotExecuted" testListId="8c84fa94-04c1-424b-9868-57a2d4851a1d">
    </UnitTestResult>
    <UnitTestResult executionId="b0dc5fd7-3326-416d-b6a5-76777904ddcb" testId="ce8613e3-4d6a-d7e8-84bb-3501fbb8996f" testName="Convert_ToString" computerName="MIKE-NOTEBOOK2" duration="00:00:00" startTime="0001-01-01T08:00:00.0000000+08:00" endTime="0001-01-01T08:00:00.0000000+08:00" testType="13cdc9d9-ddb5-4fa4-a97d-d965ccfc6d4b" outcome="NotExecuted" testListId="8c84fa94-04c1-424b-9868-57a2d4851a1d">
    </UnitTestResult>
    <UnitTestResult executionId="dadc5c1a-a3d9-427e-91b8-0ac75577ac09" testId="6a240d7c-b9ae-52af-2d99-c714aea58714" testName="Convert_ToDateTime" computerName="MIKE-NOTEBOOK2" duration="00:00:00" startTime="0001-01-01T08:00:00.0000000+08:00" endTime="0001-01-01T08:00:00.0000000+08:00" testType="13cdc9d9-ddb5-4fa4-a97d-d965ccfc6d4b" outcome="NotExecuted" testListId="8c84fa94-04c1-424b-9868-57a2d4851a1d">
    </UnitTestResult>
    <UnitTestResult executionId="5a2f7fab-314b-4022-838e-dd1f487bf9a6" testId="2801b0f4-dbd1-e631-2f58-c3ec4b55f6a9" testName="SqlMethod_Len" computerName="MIKE-NOTEBOOK2" duration="00:00:00" startTime="0001-01-01T08:00:00.0000000+08:00" endTime="0001-01-01T08:00:00.0000000+08:00" testType="13cdc9d9-ddb5-4fa4-a97d-d965ccfc6d4b" outcome="NotExecuted" testListId="8c84fa94-04c1-424b-9868-57a2d4851a1d">
    </UnitTestResult>
    <UnitTestResult executionId="f2af1255-18d8-4335-95e1-4cbe669ed028" testId="fed41c36-3688-d879-a22b-c170eeefb9d0" testName="SqlMethod_Remote" computerName="MIKE-NOTEBOOK2" duration="00:00:00" startTime="0001-01-01T08:00:00.0000000+08:00" endTime="0001-01-01T08:00:00.0000000+08:00" testType="13cdc9d9-ddb5-4fa4-a97d-d965ccfc6d4b" outcome="NotExecuted" testListId="8c84fa94-04c1-424b-9868-57a2d4851a1d">
    </UnitTestResult>
    <UnitTestResult executionId="681557d7-da93-4e48-bdab-28357a104e05" testId="2763d578-2d8a-a0be-dd81-5660f44f4629" testName="CRUD_Update1" computerName="MIKE-NOTEBOOK2" duration="00:00:00" startTime="0001-01-01T08:00:00.0000000+08:00" endTime="0001-01-01T08:00:00.0000000+08:00" testType="13cdc9d9-ddb5-4fa4-a97d-d965ccfc6d4b" outcome="NotExecuted" testListId="8c84fa94-04c1-424b-9868-57a2d4851a1d">
    </UnitTestResult>
    <UnitTestResult executionId="d7382a69-3d0a-407d-b82c-865a430645d8" testId="6adf821a-7132-e0af-e982-1cab1c1079d6" testName="CRUD_Update2" computerName="MIKE-NOTEBOOK2" duration="00:00:00" startTime="0001-01-01T08:00:00.0000000+08:00" endTime="0001-01-01T08:00:00.0000000+08:00" testType="13cdc9d9-ddb5-4fa4-a97d-d965ccfc6d4b" outcome="NotExecuted" testListId="8c84fa94-04c1-424b-9868-57a2d4851a1d">
    </UnitTestResult>
    <UnitTestResult executionId="749106b8-4c93-4e89-aa5d-76ed3217e0ce" testId="1dfaa884-d696-9fc1-f26c-8133596e2273" testName="CRUD_Update3" computerName="MIKE-NOTEBOOK2" duration="00:00:00" startTime="0001-01-01T08:00:00.0000000+08:00" endTime="0001-01-01T08:00:00.0000000+08:00" testType="13cdc9d9-ddb5-4fa4-a97d-d965ccfc6d4b" outcome="NotExecuted" testListId="8c84fa94-04c1-424b-9868-57a2d4851a1d">
    </UnitTestResult>
    <UnitTestResult executionId="56e546c8-db3a-43f5-8146-25841df462f5" testId="ff0b9f6c-f76b-cd54-e958-cdfa47dfbfb8" testName="CRUD_Update4" computerName="MIKE-NOTEBOOK2" duration="00:00:00" startTime="0001-01-01T08:00:00.0000000+08:00" endTime="0001-01-01T08:00:00.0000000+08:00" testType="13cdc9d9-ddb5-4fa4-a97d-d965ccfc6d4b" outcome="NotExecuted" testListId="8c84fa94-04c1-424b-9868-57a2d4851a1d">
    </UnitTestResult>
    <UnitTestResult executionId="8491199a-6c0f-48af-b432-38d0b8120571" testId="b3388f1a-c6a3-87c0-63fc-fdeaa0d21e19" testName="CRUD_Delete1" computerName="MIKE-NOTEBOOK2" duration="00:00:00" startTime="0001-01-01T08:00:00.0000000+08:00" endTime="0001-01-01T08:00:00.0000000+08:00" testType="13cdc9d9-ddb5-4fa4-a97d-d965ccfc6d4b" outcome="NotExecuted" testListId="8c84fa94-04c1-424b-9868-57a2d4851a1d">
    </UnitTestResult>
    <UnitTestResult executionId="2b936603-76b5-4534-ba89-c1765eda9a97" testId="cab6a5c7-12d8-1dc4-e1ea-d109577fb585" testName="CRUD_Delete2" computerName="MIKE-NOTEBOOK2" duration="00:00:00" startTime="0001-01-01T08:00:00.0000000+08:00" endTime="0001-01-01T08:00:00.0000000+08:00" testType="13cdc9d9-ddb5-4fa4-a97d-d965ccfc6d4b" outcome="NotExecuted" testListId="8c84fa94-04c1-424b-9868-57a2d4851a1d">
    </UnitTestResult>
    <UnitTestResult executionId="67304d85-321a-40c8-89ec-61452e814c6c" testId="d354e412-3d19-91ad-a4aa-e13b861fac80" testName="CRUD_Insert1" computerName="MIKE-NOTEBOOK2" duration="00:00:00" startTime="0001-01-01T08:00:00.0000000+08:00" endTime="0001-01-01T08:00:00.0000000+08:00" testType="13cdc9d9-ddb5-4fa4-a97d-d965ccfc6d4b" outcome="NotExecuted" testListId="8c84fa94-04c1-424b-9868-57a2d4851a1d">
    </UnitTestResult>
    <UnitTestResult executionId="a6a073a5-4d3d-42b7-b012-1678cb2aa9a3" testId="b8eddce5-07a2-2a5e-b263-d19650914b31" testName="CRUD_Insert2" computerName="MIKE-NOTEBOOK2" duration="00:00:00" startTime="0001-01-01T08:00:00.0000000+08:00" endTime="0001-01-01T08:00:00.0000000+08:00" testType="13cdc9d9-ddb5-4fa4-a97d-d965ccfc6d4b" outcome="NotExecuted" testListId="8c84fa94-04c1-424b-9868-57a2d4851a1d">
    </UnitTestResult>
    <UnitTestResult executionId="587c39bf-0623-46c3-b547-649a191a9b4d" testId="10bcbd4c-85d1-d75d-ebba-1f8d0445e557" testName="String_NullSelect" computerName="MIKE-NOTEBOOK2" duration="00:00:00" startTime="0001-01-01T08:00:00.0000000+08:00" endTime="0001-01-01T08:00:00.0000000+08:00" testType="13cdc9d9-ddb5-4fa4-a97d-d965ccfc6d4b" outcome="NotExecuted" testListId="8c84fa94-04c1-424b-9868-57a2d4851a1d">
    </UnitTestResult>
    <UnitTestResult executionId="d355bff0-c2e9-4d1e-b03c-8da15707a17e" testId="2d05e8ba-280a-c15a-4fbc-416d613c00ff" testName="IfEqualTest" computerName="MIKE-NOTEBOOK2" duration="00:00:00" startTime="0001-01-01T08:00:00.0000000+08:00" endTime="0001-01-01T08:00:00.0000000+08:00" testType="13cdc9d9-ddb5-4fa4-a97d-d965ccfc6d4b" outcome="NotExecuted" testListId="8c84fa94-04c1-424b-9868-57a2d4851a1d">
    </UnitTestResult>
    <UnitTestResult executionId="e9db7c49-6b26-4134-afac-abf9e2b581fa" testId="99db8dda-21f0-3a2e-f3a6-5eeb9f28e4ac" testName="CreateTale" computerName="MIKE-NOTEBOOK2" duration="00:00:00" startTime="0001-01-01T08:00:00.0000000+08:00" endTime="0001-01-01T08:00:00.0000000+08:00" testType="13cdc9d9-ddb5-4fa4-a97d-d965ccfc6d4b" outcome="NotExecuted" testListId="8c84fa94-04c1-424b-9868-57a2d4851a1d">
    </UnitTestResult>
    <UnitTestResult executionId="61d31569-504f-4bdd-8c43-4d7007ae6359" testId="20f3e01d-767e-aa5d-f7bf-6524fe7a875b" testName="DeleteTable" computerName="MIKE-NOTEBOOK2" duration="00:00:00" startTime="0001-01-01T08:00:00.0000000+08:00" endTime="0001-01-01T08:00:00.0000000+08:00" testType="13cdc9d9-ddb5-4fa4-a97d-d965ccfc6d4b" outcome="NotExecuted" testListId="8c84fa94-04c1-424b-9868-57a2d4851a1d">
    </UnitTestResult>
    <UnitTestResult executionId="cc178897-d6e9-4d02-8691-8398b3d75a7d" testId="6cf101ab-614a-cedf-2266-b8577ad78957" testName="TableExists" computerName="MIKE-NOTEBOOK2" duration="00:00:00" startTime="0001-01-01T08:00:00.0000000+08:00" endTime="0001-01-01T08:00:00.0000000+08:00" testType="13cdc9d9-ddb5-4fa4-a97d-d965ccfc6d4b" outcome="NotExecuted" testListId="8c84fa94-04c1-424b-9868-57a2d4851a1d">
    </UnitTestResult>
    <UnitTestResult executionId="6c5e6e72-872d-413e-b2dd-9d33712a58cf" testId="9290fd83-1941-065d-5d31-efd732ff79a5" testName="LongCount" computerName="MIKE-NOTEBOOK2" duration="00:00:00" startTime="0001-01-01T08:00:00.0000000+08:00" endTime="0001-01-01T08:00:00.0000000+08:00" testType="13cdc9d9-ddb5-4fa4-a97d-d965ccfc6d4b" outcome="NotExecuted" testListId="8c84fa94-04c1-424b-9868-57a2d4851a1d">
    </UnitTestResult>
    <UnitTestResult executionId="64459d27-0e19-4073-872f-cbc893772f68" testId="a863b19d-ec7c-428b-ac59-a0bfc48dd086" testName="Command" computerName="MIKE-NOTEBOOK2" duration="00:00:00" startTime="0001-01-01T08:00:00.0000000+08:00" endTime="0001-01-01T08:00:00.0000000+08:00" testType="13cdc9d9-ddb5-4fa4-a97d-d965ccfc6d4b" outcome="NotExecuted" testListId="8c84fa94-04c1-424b-9868-57a2d4851a1d">
    </UnitTestResult>
    <UnitTestResult executionId="c62fbe5e-cdc7-4263-abc2-33d58015ea6a" testId="6e9357fe-1ecf-869f-0a05-3b050fe0e5d2" testName="DataType_Guid" computerName="MIKE-NOTEBOOK2" duration="00:00:00" startTime="0001-01-01T08:00:00.0000000+08:00" endTime="0001-01-01T08:00:00.0000000+08:00" testType="13cdc9d9-ddb5-4fa4-a97d-d965ccfc6d4b" outcome="NotExecuted" testListId="8c84fa94-04c1-424b-9868-57a2d4851a1d">
    </UnitTestResult>
    <UnitTestResult executionId="6e3911b2-72a9-4d17-ac6a-ad1067630f59" testId="d0470b17-1916-c143-8f2b-1b7937a5bdbc" testName="DataType_Int64" computerName="MIKE-NOTEBOOK2" duration="00:00:00" startTime="0001-01-01T08:00:00.0000000+08:00" endTime="0001-01-01T08:00:00.0000000+08:00" testType="13cdc9d9-ddb5-4fa4-a97d-d965ccfc6d4b" outcome="NotExecuted" testListId="8c84fa94-04c1-424b-9868-57a2d4851a1d">
    </UnitTestResult>
    <UnitTestResult executionId="3011bca4-1f12-4fe5-838f-b303759915e9" testId="8ae367a5-75e4-bcdd-a0dd-8d4a1dd84289" testName="DataType_UInt64" computerName="MIKE-NOTEBOOK2" duration="00:00:00" startTime="0001-01-01T08:00:00.0000000+08:00" endTime="0001-01-01T08:00:00.0000000+08:00" testType="13cdc9d9-ddb5-4fa4-a97d-d965ccfc6d4b" outcome="NotExecuted" testListId="8c84fa94-04c1-424b-9868-57a2d4851a1d">
    </UnitTestResult>
    <UnitTestResult executionId="0f117fee-ffe5-40be-ae87-76166feb7034" testId="2bb471a3-be7d-affa-7731-863e535d642d" testName="DataType_Enum" computerName="MIKE-NOTEBOOK2" duration="00:00:00" startTime="0001-01-01T08:00:00.0000000+08:00" endTime="0001-01-01T08:00:00.0000000+08:00" testType="13cdc9d9-ddb5-4fa4-a97d-d965ccfc6d4b" outcome="NotExecuted" testListId="8c84fa94-04c1-424b-9868-57a2d4851a1d">
    </UnitTestResult>
    <UnitTestResult executionId="4c8ed34d-f6da-48b3-84dd-bf423aceb7d9" testId="801844c7-090f-1580-9031-55e0401cd108" testName="DataType_Char" computerName="MIKE-NOTEBOOK2" duration="00:00:00" startTime="0001-01-01T08:00:00.0000000+08:00" endTime="0001-01-01T08:00:00.0000000+08:00" testType="13cdc9d9-ddb5-4fa4-a97d-d965ccfc6d4b" outcome="NotExecuted" testListId="8c84fa94-04c1-424b-9868-57a2d4851a1d">
    </UnitTestResult>
    <UnitTestResult executionId="974b2462-5796-426e-81ec-73f8b12f6336" testId="c413c016-38ff-27f9-3c3a-35338a8861fc" testName="DataType_XDocument" computerName="MIKE-NOTEBOOK2" duration="00:00:00" startTime="0001-01-01T08:00:00.0000000+08:00" endTime="0001-01-01T08:00:00.0000000+08:00" testType="13cdc9d9-ddb5-4fa4-a97d-d965ccfc6d4b" outcome="NotExecuted" testListId="8c84fa94-04c1-424b-9868-57a2d4851a1d">
    </UnitTestResult>
    <UnitTestResult executionId="f418fb0d-8a1a-4939-8d01-0c2485d461e5" testId="e26f157d-6dbd-479a-1849-20bb74f20dae" testName="DataType_XElement" computerName="MIKE-NOTEBOOK2" duration="00:00:00" startTime="0001-01-01T08:00:00.0000000+08:00" endTime="0001-01-01T08:00:00.0000000+08:00" testType="13cdc9d9-ddb5-4fa4-a97d-d965ccfc6d4b" outcome="NotExecuted" testListId="8c84fa94-04c1-424b-9868-57a2d4851a1d">
    </UnitTestResult>
    <UnitTestResult executionId="f290c1da-7fa0-4940-af28-4604be53e82a" testId="fbd4c41d-891a-4a4c-e578-3d91d56efc09" testName="Where_Simple1" computerName="MIKE-NOTEBOOK2" duration="00:00:00" startTime="0001-01-01T08:00:00.0000000+08:00" endTime="0001-01-01T08:00:00.0000000+08:00" testType="13cdc9d9-ddb5-4fa4-a97d-d965ccfc6d4b" outcome="NotExecuted" testListId="8c84fa94-04c1-424b-9868-57a2d4851a1d">
    </UnitTestResult>
    <UnitTestResult executionId="ef3f6fd2-b1be-4440-a581-971ce8d49e6e" testId="aa31aca2-43b5-13b3-712f-14c22aff46a4" testName="Where_Simple2" computerName="MIKE-NOTEBOOK2" duration="00:00:00" startTime="0001-01-01T08:00:00.0000000+08:00" endTime="0001-01-01T08:00:00.0000000+08:00" testType="13cdc9d9-ddb5-4fa4-a97d-d965ccfc6d4b" outcome="NotExecuted" testListId="8c84fa94-04c1-424b-9868-57a2d4851a1d">
    </UnitTestResult>
    <UnitTestResult executionId="b9590031-5ab8-4ef0-adaa-2aa98766e872" testId="bf832f92-5158-7ed5-c952-d92918e6112d" testName="Where_Simple3" computerName="MIKE-NOTEBOOK2" duration="00:00:00" startTime="0001-01-01T08:00:00.0000000+08:00" endTime="0001-01-01T08:00:00.0000000+08:00" testType="13cdc9d9-ddb5-4fa4-a97d-d965ccfc6d4b" outcome="NotExecuted" testListId="8c84fa94-04c1-424b-9868-57a2d4851a1d">
    </UnitTestResult>
    <UnitTestResult executionId="4ec51eaa-6be8-47fd-8097-2ef57dd7b2c4" testId="05d0e0e9-83c9-5555-ffe2-b10150623733" testName="Where_Simple4" computerName="MIKE-NOTEBOOK2" duration="00:00:00" startTime="0001-01-01T08:00:00.0000000+08:00" endTime="0001-01-01T08:00:00.0000000+08:00" testType="13cdc9d9-ddb5-4fa4-a97d-d965ccfc6d4b" outcome="NotExecuted" testListId="8c84fa94-04c1-424b-9868-57a2d4851a1d">
    </UnitTestResult>
    <UnitTestResult executionId="1dfa8942-df44-4c97-86f2-bfaf45f22af0" testId="495f375e-b477-775c-f808-e0fb59f673d3" testName="Where_Drilldown" computerName="MIKE-NOTEBOOK2" duration="00:00:00" startTime="0001-01-01T08:00:00.0000000+08:00" endTime="0001-01-01T08:00:00.0000000+08:00" testType="13cdc9d9-ddb5-4fa4-a97d-d965ccfc6d4b" outcome="NotExecuted" testListId="8c84fa94-04c1-424b-9868-57a2d4851a1d">
    </UnitTestResult>
    <UnitTestResult executionId="6e4a8828-37fe-49f6-a1b6-f0d31821f40b" testId="6da618bd-ae9b-da10-b313-59d862be13c0" testName="First" computerName="MIKE-NOTEBOOK2" duration="00:00:00" startTime="0001-01-01T08:00:00.0000000+08:00" endTime="0001-01-01T08:00:00.0000000+08:00" testType="13cdc9d9-ddb5-4fa4-a97d-d965ccfc6d4b" outcome="NotExecuted" testListId="8c84fa94-04c1-424b-9868-57a2d4851a1d">
    </UnitTestResult>
    <UnitTestResult executionId="b5392cc6-0104-4ef7-ba1b-eb1c773908db" testId="503ea908-b078-9a20-595f-5322571fb4ee" testName="FirstOrDefault" computerName="MIKE-NOTEBOOK2" duration="00:00:00" startTime="0001-01-01T08:00:00.0000000+08:00" endTime="0001-01-01T08:00:00.0000000+08:00" testType="13cdc9d9-ddb5-4fa4-a97d-d965ccfc6d4b" outcome="NotExecuted" testListId="8c84fa94-04c1-424b-9868-57a2d4851a1d">
    </UnitTestResult>
    <UnitTestResult executionId="40385953-4aa8-4c47-99b5-994614aac49e" testId="782193b6-32a9-e9f4-41de-0ba82631be20" testName="SingleOrDefault" computerName="MIKE-NOTEBOOK2" duration="00:00:00" startTime="0001-01-01T08:00:00.0000000+08:00" endTime="0001-01-01T08:00:00.0000000+08:00" testType="13cdc9d9-ddb5-4fa4-a97d-d965ccfc6d4b" outcome="NotExecuted" testListId="8c84fa94-04c1-424b-9868-57a2d4851a1d">
    </UnitTestResult>
    <UnitTestResult executionId="a5ea4e4e-963b-4593-84d2-aab6db230d74" testId="06ef38db-7141-3234-b930-6d548c8f333f" testName="Single" computerName="MIKE-NOTEBOOK2" duration="00:00:00" startTime="0001-01-01T08:00:00.0000000+08:00" endTime="0001-01-01T08:00:00.0000000+08:00" testType="13cdc9d9-ddb5-4fa4-a97d-d965ccfc6d4b" outcome="NotExecuted" testListId="8c84fa94-04c1-424b-9868-57a2d4851a1d">
    </UnitTestResult>
    <UnitTestResult executionId="5474c72a-463b-46dc-a678-fd0efe561e8d" testId="bb81922a-a332-6d72-d8ea-48b9cdc68130" testName="Select_Simple" computerName="MIKE-NOTEBOOK2" duration="00:00:00" startTime="0001-01-01T08:00:00.0000000+08:00" endTime="0001-01-01T08:00:00.0000000+08:00" testType="13cdc9d9-ddb5-4fa4-a97d-d965ccfc6d4b" outcome="NotExecuted" testListId="8c84fa94-04c1-424b-9868-57a2d4851a1d">
    </UnitTestResult>
    <UnitTestResult executionId="7b12f599-3844-47c8-871f-4d71002b981d" testId="74fdce22-0a5a-36c8-df6b-8eed126f19f9" testName="Select_SpecialType" computerName="MIKE-NOTEBOOK2" duration="00:00:00" startTime="0001-01-01T08:00:00.0000000+08:00" endTime="0001-01-01T08:00:00.0000000+08:00" testType="13cdc9d9-ddb5-4fa4-a97d-d965ccfc6d4b" outcome="NotExecuted" testListId="8c84fa94-04c1-424b-9868-57a2d4851a1d">
    </UnitTestResult>
    <UnitTestResult executionId="e8f677c6-09fe-45b2-a925-b8689f6a5c09" testId="c1703e04-874a-79dd-047d-87b5362aaab0" testName="Select_AnonymousType" computerName="MIKE-NOTEBOOK2" duration="00:00:00" startTime="0001-01-01T08:00:00.0000000+08:00" endTime="0001-01-01T08:00:00.0000000+08:00" testType="13cdc9d9-ddb5-4fa4-a97d-d965ccfc6d4b" outcome="NotExecuted" testListId="8c84fa94-04c1-424b-9868-57a2d4851a1d">
    </UnitTestResult>
    <UnitTestResult executionId="ccdd7fea-3842-41c8-b3a8-03c88415380a" testId="fa5a837c-2e32-d860-09e9-91445b37e405" testName="Select_LocalMethodCall" computerName="MIKE-NOTEBOOK2" duration="00:00:00" startTime="0001-01-01T08:00:00.0000000+08:00" endTime="0001-01-01T08:00:00.0000000+08:00" testType="13cdc9d9-ddb5-4fa4-a97d-d965ccfc6d4b" outcome="NotExecuted" testListId="8c84fa94-04c1-424b-9868-57a2d4851a1d">
    </UnitTestResult>
    <UnitTestResult executionId="7ca94a2f-127d-4719-bc2e-10ae677c3937" testId="d0b094ef-88b6-ea35-3db8-43dd3b68c018" testName="SelectMany_MultipleFrom" computerName="MIKE-NOTEBOOK2" duration="00:00:00" startTime="0001-01-01T08:00:00.0000000+08:00" endTime="0001-01-01T08:00:00.0000000+08:00" testType="13cdc9d9-ddb5-4fa4-a97d-d965ccfc6d4b" outcome="NotExecuted" testListId="8c84fa94-04c1-424b-9868-57a2d4851a1d">
    </UnitTestResult>
    <UnitTestResult executionId="073d03dd-8fd0-4e90-8344-a880144a95bb" testId="77d5eba4-dfc2-eff2-ae11-a39949b750a9" testName="Select_Condition" computerName="MIKE-NOTEBOOK2" duration="00:00:00" startTime="0001-01-01T08:00:00.0000000+08:00" endTime="0001-01-01T08:00:00.0000000+08:00" testType="13cdc9d9-ddb5-4fa4-a97d-d965ccfc6d4b" outcome="NotExecuted" testListId="8c84fa94-04c1-424b-9868-57a2d4851a1d">
    </UnitTestResult>
    <UnitTestResult executionId="b4d148e4-9f9b-49e7-87bc-554bb2171baf" testId="8290e299-dbc2-6f93-efe9-f885fd86b3a5" testName="Distinct1" computerName="MIKE-NOTEBOOK2" duration="00:00:00" startTime="0001-01-01T08:00:00.0000000+08:00" endTime="0001-01-01T08:00:00.0000000+08:00" testType="13cdc9d9-ddb5-4fa4-a97d-d965ccfc6d4b" outcome="NotExecuted" testListId="8c84fa94-04c1-424b-9868-57a2d4851a1d">
    </UnitTestResult>
    <UnitTestResult executionId="bb16283d-c68c-4bbc-9356-41045c773720" testId="9fe3a160-ca69-53e2-e8b5-24caa4e7dcaa" testName="Distinct2" computerName="MIKE-NOTEBOOK2" duration="00:00:00" startTime="0001-01-01T08:00:00.0000000+08:00" endTime="0001-01-01T08:00:00.0000000+08:00" testType="13cdc9d9-ddb5-4fa4-a97d-d965ccfc6d4b" outcome="NotExecuted" testListId="8c84fa94-04c1-424b-9868-57a2d4851a1d">
    </UnitTestResult>
    <UnitTestResult executionId="628edaeb-0bee-4397-844a-6d07f6c7dacf" testId="d7465ec4-b185-0c66-a138-3bcc85a1abee" testName="Union" computerName="MIKE-NOTEBOOK2" duration="00:00:00" startTime="0001-01-01T08:00:00.0000000+08:00" endTime="0001-01-01T08:00:00.0000000+08:00" testType="13cdc9d9-ddb5-4fa4-a97d-d965ccfc6d4b" outcome="NotExecuted" testListId="8c84fa94-04c1-424b-9868-57a2d4851a1d">
    </UnitTestResult>
    <UnitTestResult executionId="0d0e135d-89e7-457c-bf9d-320317416170" testId="304675bc-04ca-d98c-dfac-4193276e66bf" testName="Intersect" computerName="MIKE-NOTEBOOK2" duration="00:00:00" startTime="0001-01-01T08:00:00.0000000+08:00" endTime="0001-01-01T08:00:00.0000000+08:00" testType="13cdc9d9-ddb5-4fa4-a97d-d965ccfc6d4b" outcome="NotExecuted" testListId="8c84fa94-04c1-424b-9868-57a2d4851a1d">
    </UnitTestResult>
    <UnitTestResult executionId="a9778e1f-12d5-4ac7-8899-24e4cc32ec8d" testId="f6a3bece-0399-0d35-42d6-d3b9a45e29d0" testName="Except" computerName="MIKE-NOTEBOOK2" duration="00:00:00" startTime="0001-01-01T08:00:00.0000000+08:00" endTime="0001-01-01T08:00:00.0000000+08:00" testType="13cdc9d9-ddb5-4fa4-a97d-d965ccfc6d4b" outcome="NotExecuted" testListId="8c84fa94-04c1-424b-9868-57a2d4851a1d">
    </UnitTestResult>
    <UnitTestResult executionId="d3feae4b-81ff-49f7-bcbd-578e50badd0c" testId="e6655580-4048-9075-d704-14aca306ce0c" testName="Take_Simple" computerName="MIKE-NOTEBOOK2" duration="00:00:00" startTime="0001-01-01T08:00:00.0000000+08:00" endTime="0001-01-01T08:00:00.0000000+08:00" testType="13cdc9d9-ddb5-4fa4-a97d-d965ccfc6d4b" outcome="NotExecuted" testListId="8c84fa94-04c1-424b-9868-57a2d4851a1d">
    </UnitTestResult>
    <UnitTestResult executionId="71ee4696-ff5a-423d-a708-d70d62e1f919" testId="da688f70-d1df-0ff5-483e-a9b1270b0f43" testName="Take_Nested" computerName="MIKE-NOTEBOOK2" duration="00:00:00" startTime="0001-01-01T08:00:00.0000000+08:00" endTime="0001-01-01T08:00:00.0000000+08:00" testType="13cdc9d9-ddb5-4fa4-a97d-d965ccfc6d4b" outcome="NotExecuted" testListId="8c84fa94-04c1-424b-9868-57a2d4851a1d">
    </UnitTestResult>
    <UnitTestResult executionId="5d90b45b-c51f-4cb1-b5d8-1962ea0680ed" testId="1d0c2120-efee-1e77-9e97-2cd0dad0f308" testName="Skip_Simple" computerName="MIKE-NOTEBOOK2" duration="00:00:00" startTime="0001-01-01T08:00:00.0000000+08:00" endTime="0001-01-01T08:00:00.0000000+08:00" testType="13cdc9d9-ddb5-4fa4-a97d-d965ccfc6d4b" outcome="NotExecuted" testListId="8c84fa94-04c1-424b-9868-57a2d4851a1d">
    </UnitTestResult>
    <UnitTestResult executionId="e2ceecde-de49-4d5c-a9e0-ae1032285931" testId="43b70506-1fb4-dbb7-97b1-88db748adcb3" testName="Skip_Nested" computerName="MIKE-NOTEBOOK2" duration="00:00:00" startTime="0001-01-01T08:00:00.0000000+08:00" endTime="0001-01-01T08:00:00.0000000+08:00" testType="13cdc9d9-ddb5-4fa4-a97d-d965ccfc6d4b" outcome="NotExecuted" testListId="8c84fa94-04c1-424b-9868-57a2d4851a1d">
    </UnitTestResult>
    <UnitTestResult executionId="a27f3559-0f3e-4007-8a98-200a7a98d461" testId="8c8d6483-5298-cf22-155e-729888dda1e3" testName="Skip_Take" computerName="MIKE-NOTEBOOK2" duration="00:00:00" startTime="0001-01-01T08:00:00.0000000+08:00" endTime="0001-01-01T08:00:00.0000000+08:00" testType="13cdc9d9-ddb5-4fa4-a97d-d965ccfc6d4b" outcome="NotExecuted" testListId="8c84fa94-04c1-424b-9868-57a2d4851a1d">
    </UnitTestResult>
    <UnitTestResult executionId="110b9383-b6f8-4bb5-86d4-2b5ee59e7ded" testId="7bdb62d5-2dc5-8d96-b654-b102e8597091" testName="Count_Simple" computerName="MIKE-NOTEBOOK2" duration="00:00:00" startTime="0001-01-01T08:00:00.0000000+08:00" endTime="0001-01-01T08:00:00.0000000+08:00" testType="13cdc9d9-ddb5-4fa4-a97d-d965ccfc6d4b" outcome="NotExecuted" testListId="8c84fa94-04c1-424b-9868-57a2d4851a1d">
    </UnitTestResult>
    <UnitTestResult executionId="789cdcf0-d089-4a2a-a293-4f3f4422cbd0" testId="60792288-8a93-3498-41d4-64ad785c2500" testName="Count_Conditional" computerName="MIKE-NOTEBOOK2" duration="00:00:00" startTime="0001-01-01T08:00:00.0000000+08:00" endTime="0001-01-01T08:00:00.0000000+08:00" testType="13cdc9d9-ddb5-4fa4-a97d-d965ccfc6d4b" outcome="NotExecuted" testListId="8c84fa94-04c1-424b-9868-57a2d4851a1d">
    </UnitTestResult>
    <UnitTestResult executionId="4cfce250-6091-437c-809f-289e3b727ef5" testId="6be63fcd-06c9-456c-9340-25ed42dace92" testName="Count_Empty" computerName="MIKE-NOTEBOOK2" duration="00:00:00" startTime="0001-01-01T08:00:00.0000000+08:00" endTime="0001-01-01T08:00:00.0000000+08:00" testType="13cdc9d9-ddb5-4fa4-a97d-d965ccfc6d4b" outcome="NotExecuted" testListId="8c84fa94-04c1-424b-9868-57a2d4851a1d">
    </UnitTestResult>
    <UnitTestResult executionId="fe08f2b7-20af-401c-9644-b72d3541270d" testId="1aebfe33-92c0-9980-c984-4757d1fb9381" testName="Count_Nested" computerName="MIKE-NOTEBOOK2" duration="00:00:00" startTime="0001-01-01T08:00:00.0000000+08:00" endTime="0001-01-01T08:00:00.0000000+08:00" testType="13cdc9d9-ddb5-4fa4-a97d-d965ccfc6d4b" outcome="NotExecuted" testListId="8c84fa94-04c1-424b-9868-57a2d4851a1d">
    </UnitTestResult>
    <UnitTestResult executionId="28018945-dc5e-4407-b74b-3c715d90d45e" testId="308b8c4e-eddd-a546-1d6e-2cfd7ad29366" testName="Count_Grouped" computerName="MIKE-NOTEBOOK2" duration="00:00:00" startTime="0001-01-01T08:00:00.0000000+08:00" endTime="0001-01-01T08:00:00.0000000+08:00" testType="13cdc9d9-ddb5-4fa4-a97d-d965ccfc6d4b" outcome="NotExecuted" testListId="8c84fa94-04c1-424b-9868-57a2d4851a1d">
    </UnitTestResult>
    <UnitTestResult executionId="50bce768-d1e7-44bf-aabe-37d1ed484ffd" testId="aff03eda-2b06-c04b-5907-e93f4cff01df" testName="Sum_Simple" computerName="MIKE-NOTEBOOK2" duration="00:00:00" startTime="0001-01-01T08:00:00.0000000+08:00" endTime="0001-01-01T08:00:00.0000000+08:00" testType="13cdc9d9-ddb5-4fa4-a97d-d965ccfc6d4b" outcome="NotExecuted" testListId="8c84fa94-04c1-424b-9868-57a2d4851a1d">
    </UnitTestResult>
    <UnitTestResult executionId="ffbceb8e-dd3e-4da8-8d62-d0ed1bdbdfe2" testId="9d27ecf5-c57e-0323-43fc-38e7e232e671" testName="Sum_Empty" computerName="MIKE-NOTEBOOK2" duration="00:00:00" startTime="0001-01-01T08:00:00.0000000+08:00" endTime="0001-01-01T08:00:00.0000000+08:00" testType="13cdc9d9-ddb5-4fa4-a97d-d965ccfc6d4b" outcome="NotExecuted" testListId="8c84fa94-04c1-424b-9868-57a2d4851a1d">
    </UnitTestResult>
    <UnitTestResult executionId="bfc9509f-b8d8-46ec-a7d9-d27f99373b6e" testId="43485def-3228-e014-771b-3cd157651b28" testName="Sum_Projection" computerName="MIKE-NOTEBOOK2" duration="00:00:00" startTime="0001-01-01T08:00:00.0000000+08:00" endTime="0001-01-01T08:00:00.0000000+08:00" testType="13cdc9d9-ddb5-4fa4-a97d-d965ccfc6d4b" outcome="NotExecuted" testListId="8c84fa94-04c1-424b-9868-57a2d4851a1d">
    </UnitTestResult>
    <UnitTestResult executionId="8248d024-22f8-4adf-91de-1b34dd2ec3ba" testId="20491a91-13fe-7363-3768-9d2e3ed125af" testName="Sum_Grouped" computerName="MIKE-NOTEBOOK2" duration="00:00:00" startTime="0001-01-01T08:00:00.0000000+08:00" endTime="0001-01-01T08:00:00.0000000+08:00" testType="13cdc9d9-ddb5-4fa4-a97d-d965ccfc6d4b" outcome="NotExecuted" testListId="8c84fa94-04c1-424b-9868-57a2d4851a1d">
    </UnitTestResult>
    <UnitTestResult executionId="4df8da7a-40e5-4e06-a24c-29d1828e6058" testId="b0c27aa7-8920-a85b-9d87-a820f4df78bc" testName="Min_Simple" computerName="MIKE-NOTEBOOK2" duration="00:00:00" startTime="0001-01-01T08:00:00.0000000+08:00" endTime="0001-01-01T08:00:00.0000000+08:00" testType="13cdc9d9-ddb5-4fa4-a97d-d965ccfc6d4b" outcome="NotExecuted" testListId="8c84fa94-04c1-424b-9868-57a2d4851a1d">
    </UnitTestResult>
    <UnitTestResult executionId="71cbde72-e9d6-40d9-b09f-18ec5586dd6b" testId="6c39a8dd-16fc-c984-0cb9-5719561ea53d" testName="Min_Projection" computerName="MIKE-NOTEBOOK2" duration="00:00:00" startTime="0001-01-01T08:00:00.0000000+08:00" endTime="0001-01-01T08:00:00.0000000+08:00" testType="13cdc9d9-ddb5-4fa4-a97d-d965ccfc6d4b" outcome="NotExecuted" testListId="8c84fa94-04c1-424b-9868-57a2d4851a1d">
    </UnitTestResult>
    <UnitTestResult executionId="6c9d6d8e-880c-45d6-8f04-979841da3e0f" testId="71ff2b74-decc-e7e1-3ba3-12be57619214" testName="Min_Elements" computerName="MIKE-NOTEBOOK2" duration="00:00:00" startTime="0001-01-01T08:00:00.0000000+08:00" endTime="0001-01-01T08:00:00.0000000+08:00" testType="13cdc9d9-ddb5-4fa4-a97d-d965ccfc6d4b" outcome="NotExecuted" testListId="8c84fa94-04c1-424b-9868-57a2d4851a1d">
    </UnitTestResult>
    <UnitTestResult executionId="9a1b8be0-8703-43e1-9420-cb1e7bb4d813" testId="475edd74-e876-939f-fe71-7aa049827404" testName="Min_Grouped" computerName="MIKE-NOTEBOOK2" duration="00:00:00" startTime="0001-01-01T08:00:00.0000000+08:00" endTime="0001-01-01T08:00:00.0000000+08:00" testType="13cdc9d9-ddb5-4fa4-a97d-d965ccfc6d4b" outcome="NotExecuted" testListId="8c84fa94-04c1-424b-9868-57a2d4851a1d">
    </UnitTestResult>
    <UnitTestResult executionId="4de06ebe-3903-4451-a295-4b11c2a1fff4" testId="82fc16ad-0d29-4345-bf1e-4b8de5f5812c" testName="Max_Simple" computerName="MIKE-NOTEBOOK2" duration="00:00:00" startTime="0001-01-01T08:00:00.0000000+08:00" endTime="0001-01-01T08:00:00.0000000+08:00" testType="13cdc9d9-ddb5-4fa4-a97d-d965ccfc6d4b" outcome="NotExecuted" testListId="8c84fa94-04c1-424b-9868-57a2d4851a1d">
    </UnitTestResult>
    <UnitTestResult executionId="71230866-4c25-4f10-91b5-f7e29659a97f" testId="c1500715-e7e2-843a-f1a0-6fb44d7c3c7b" testName="Max_Projection" computerName="MIKE-NOTEBOOK2" duration="00:00:00" startTime="0001-01-01T08:00:00.0000000+08:00" endTime="0001-01-01T08:00:00.0000000+08:00" testType="13cdc9d9-ddb5-4fa4-a97d-d965ccfc6d4b" outcome="NotExecuted" testListId="8c84fa94-04c1-424b-9868-57a2d4851a1d">
    </UnitTestResult>
    <UnitTestResult executionId="3d5f872d-5f9a-4b6e-a79b-3b08fbdc7000" testId="955c510c-2536-1314-4df1-898fa82ba9cc" testName="Max_Elements" computerName="MIKE-NOTEBOOK2" duration="00:00:00" startTime="0001-01-01T08:00:00.0000000+08:00" endTime="0001-01-01T08:00:00.0000000+08:00" testType="13cdc9d9-ddb5-4fa4-a97d-d965ccfc6d4b" outcome="NotExecuted" testListId="8c84fa94-04c1-424b-9868-57a2d4851a1d">
    </UnitTestResult>
    <UnitTestResult executionId="060db293-9648-4de4-8c0a-9f9319d3007a" testId="231b8be0-0ec5-2c1e-533f-603dc595c18c" testName="Max_Grouped" computerName="MIKE-NOTEBOOK2" duration="00:00:00" startTime="0001-01-01T08:00:00.0000000+08:00" endTime="0001-01-01T08:00:00.0000000+08:00" testType="13cdc9d9-ddb5-4fa4-a97d-d965ccfc6d4b" outcome="NotExecuted" testListId="8c84fa94-04c1-424b-9868-57a2d4851a1d">
    </UnitTestResult>
    <UnitTestResult executionId="668a1e14-e8a0-43f4-b036-24eabe2af510" testId="c5330456-8a68-1240-1f37-e69910bf888f" testName="Avg_Simple" computerName="MIKE-NOTEBOOK2" duration="00:00:00" startTime="0001-01-01T08:00:00.0000000+08:00" endTime="0001-01-01T08:00:00.0000000+08:00" testType="13cdc9d9-ddb5-4fa4-a97d-d965ccfc6d4b" outcome="NotExecuted" testListId="8c84fa94-04c1-424b-9868-57a2d4851a1d">
    </UnitTestResult>
    <UnitTestResult executionId="dc3e32fd-cf1c-4166-876a-3f529386887e" testId="8713e587-bbe0-e23f-0710-c008a9ac8501" testName="Avg_Projection" computerName="MIKE-NOTEBOOK2" duration="00:00:00" startTime="0001-01-01T08:00:00.0000000+08:00" endTime="0001-01-01T08:00:00.0000000+08:00" testType="13cdc9d9-ddb5-4fa4-a97d-d965ccfc6d4b" outcome="NotExecuted" testListId="8c84fa94-04c1-424b-9868-57a2d4851a1d">
    </UnitTestResult>
    <UnitTestResult executionId="14a8552f-b751-4cd8-b7c5-684d659cdd81" testId="d43d0f80-b9ca-3d1e-1f6b-0f1ff14d829f" testName="Avg_Emelents" computerName="MIKE-NOTEBOOK2" duration="00:00:00" startTime="0001-01-01T08:00:00.0000000+08:00" endTime="0001-01-01T08:00:00.0000000+08:00" testType="13cdc9d9-ddb5-4fa4-a97d-d965ccfc6d4b" outcome="NotExecuted" testListId="8c84fa94-04c1-424b-9868-57a2d4851a1d">
    </UnitTestResult>
    <UnitTestResult executionId="f05201d0-6674-427e-be2a-f8c1c13563ca" testId="a3877b62-0d2e-5b36-be33-f5862a5a2d1d" testName="Avg_Grouped" computerName="MIKE-NOTEBOOK2" duration="00:00:00" startTime="0001-01-01T08:00:00.0000000+08:00" endTime="0001-01-01T08:00:00.0000000+08:00" testType="13cdc9d9-ddb5-4fa4-a97d-d965ccfc6d4b" outcome="NotExecuted" testListId="8c84fa94-04c1-424b-9868-57a2d4851a1d">
    </UnitTestResult>
    <UnitTestResult executionId="0ed95fc1-a16b-47dc-b34f-d1a764f5cc10" testId="59790d26-3e18-7e2c-4804-cfa4db491a09" testName="Join_OnToMany" computerName="MIKE-NOTEBOOK2" duration="00:00:00" startTime="0001-01-01T08:00:00.0000000+08:00" endTime="0001-01-01T08:00:00.0000000+08:00" testType="13cdc9d9-ddb5-4fa4-a97d-d965ccfc6d4b" outcome="NotExecuted" testListId="8c84fa94-04c1-424b-9868-57a2d4851a1d">
    </UnitTestResult>
    <UnitTestResult executionId="5fd55db0-f6c1-472c-bcd8-003517728d0b" testId="b0cd70ec-f67d-c647-5759-0e31029d823f" testName="Join_ManyToMany" computerName="MIKE-NOTEBOOK2" duration="00:00:00" startTime="0001-01-01T08:00:00.0000000+08:00" endTime="0001-01-01T08:00:00.0000000+08:00" testType="13cdc9d9-ddb5-4fa4-a97d-d965ccfc6d4b" outcome="NotExecuted" testListId="8c84fa94-04c1-424b-9868-57a2d4851a1d">
    </UnitTestResult>
    <UnitTestResult executionId="3cbcf3f1-10a7-4860-894c-d66f704d1d1c" testId="94ba5730-2f54-9fbe-76ce-7cb59b75fe01" testName="Join_SelfJoin" computerName="MIKE-NOTEBOOK2" duration="00:00:00" startTime="0001-01-01T08:00:00.0000000+08:00" endTime="0001-01-01T08:00:00.0000000+08:00" testType="13cdc9d9-ddb5-4fa4-a97d-d965ccfc6d4b" outcome="NotExecuted" testListId="8c84fa94-04c1-424b-9868-57a2d4851a1d">
    </UnitTestResult>
    <UnitTestResult executionId="239eed32-4484-489e-9370-5f4a6c8485e8" testId="664ad497-7eef-9b7d-185a-72606bbfb78e" testName="Join_TowWay" computerName="MIKE-NOTEBOOK2" duration="00:00:00" startTime="0001-01-01T08:00:00.0000000+08:00" endTime="0001-01-01T08:00:00.0000000+08:00" testType="13cdc9d9-ddb5-4fa4-a97d-d965ccfc6d4b" outcome="NotExecuted" testListId="8c84fa94-04c1-424b-9868-57a2d4851a1d">
    </UnitTestResult>
    <UnitTestResult executionId="877f221f-5414-45ca-8a9a-6a9d68f6035d" testId="1842b752-336c-603e-c7ae-e9d101800559" testName="Join_ThreeWay" computerName="MIKE-NOTEBOOK2" duration="00:00:00" startTime="0001-01-01T08:00:00.0000000+08:00" endTime="0001-01-01T08:00:00.0000000+08:00" testType="13cdc9d9-ddb5-4fa4-a97d-d965ccfc6d4b" outcome="NotExecuted" testListId="8c84fa94-04c1-424b-9868-57a2d4851a1d">
    </UnitTestResult>
    <UnitTestResult executionId="0f3377e5-30e7-4c08-b60e-68dc1d092bb5" testId="245239e4-11c2-3cc7-beae-1b7922390af6" testName="Join_LeftOuter" computerName="MIKE-NOTEBOOK2" duration="00:00:00" startTime="0001-01-01T08:00:00.0000000+08:00" endTime="0001-01-01T08:00:00.0000000+08:00" testType="13cdc9d9-ddb5-4fa4-a97d-d965ccfc6d4b" outcome="NotExecuted" testListId="8c84fa94-04c1-424b-9868-57a2d4851a1d">
    </UnitTestResult>
    <UnitTestResult executionId="d1584c58-436d-4f80-9c50-5763d030e8c5" testId="c0ba4c81-bf5b-7b67-3568-847d0c43b0ef" testName="Join_LetAssignment" computerName="MIKE-NOTEBOOK2" duration="00:00:00" startTime="0001-01-01T08:00:00.0000000+08:00" endTime="0001-01-01T08:00:00.0000000+08:00" testType="13cdc9d9-ddb5-4fa4-a97d-d965ccfc6d4b" outcome="NotExecuted" testListId="8c84fa94-04c1-424b-9868-57a2d4851a1d">
    </UnitTestResult>
    <UnitTestResult executionId="8b286610-df2b-46ab-892b-2305468f1dd9" testId="e03a7baf-6807-7e82-9a20-62f869a91e6b" testName="Join_CompositeKey" computerName="MIKE-NOTEBOOK2" duration="00:00:00" startTime="0001-01-01T08:00:00.0000000+08:00" endTime="0001-01-01T08:00:00.0000000+08:00" testType="13cdc9d9-ddb5-4fa4-a97d-d965ccfc6d4b" outcome="NotExecuted" testListId="8c84fa94-04c1-424b-9868-57a2d4851a1d">
    </UnitTestResult>
    <UnitTestResult executionId="9df6776d-e68a-477e-b307-72cc9f17948e" testId="9573cd16-7697-e47d-63cd-c8eeca3afd43" testName="Join_NullableNonnullableKeyRelationship" computerName="MIKE-NOTEBOOK2" duration="00:00:00" startTime="0001-01-01T08:00:00.0000000+08:00" endTime="0001-01-01T08:00:00.0000000+08:00" testType="13cdc9d9-ddb5-4fa4-a97d-d965ccfc6d4b" outcome="NotExecuted" testListId="8c84fa94-04c1-424b-9868-57a2d4851a1d">
    </UnitTestResult>
    <UnitTestResult executionId="00fbfb40-a0ea-4cb0-8ea5-7f52a134acc3" testId="34f9d756-8106-58ec-f74a-2fcf803d8904" testName="Join" computerName="MIKE-NOTEBOOK2" duration="00:00:00" startTime="0001-01-01T08:00:00.0000000+08:00" endTime="0001-01-01T08:00:00.0000000+08:00" testType="13cdc9d9-ddb5-4fa4-a97d-d965ccfc6d4b" outcome="NotExecuted" testListId="8c84fa94-04c1-424b-9868-57a2d4851a1d">
    </UnitTestResult>
    <UnitTestResult executionId="6e2830b1-faec-4606-ace2-c50d0c2e516e" testId="12cb596a-de71-6273-7328-856263c9d0ec" testName="OrderBy_Simple" computerName="MIKE-NOTEBOOK2" duration="00:00:00" startTime="0001-01-01T08:00:00.0000000+08:00" endTime="0001-01-01T08:00:00.0000000+08:00" testType="13cdc9d9-ddb5-4fa4-a97d-d965ccfc6d4b" outcome="NotExecuted" testListId="8c84fa94-04c1-424b-9868-57a2d4851a1d">
    </UnitTestResult>
    <UnitTestResult executionId="7cafc24d-c006-4797-ac88-18469679f4d6" testId="7b39ea25-48b8-3817-d717-229cd2c4f5de" testName="OrderBy_Conditional" computerName="MIKE-NOTEBOOK2" duration="00:00:00" startTime="0001-01-01T08:00:00.0000000+08:00" endTime="0001-01-01T08:00:00.0000000+08:00" testType="13cdc9d9-ddb5-4fa4-a97d-d965ccfc6d4b" outcome="NotExecuted" testListId="8c84fa94-04c1-424b-9868-57a2d4851a1d">
    </UnitTestResult>
    <UnitTestResult executionId="c24a0a70-3186-4ec7-94e0-9938c6450633" testId="630eabf6-a4af-dc48-d2bc-145831f0b1eb" testName="OrderBy_ThenByDescending" computerName="MIKE-NOTEBOOK2" duration="00:00:00" startTime="0001-01-01T08:00:00.0000000+08:00" endTime="0001-01-01T08:00:00.0000000+08:00" testType="13cdc9d9-ddb5-4fa4-a97d-d965ccfc6d4b" outcome="NotExecuted" testListId="8c84fa94-04c1-424b-9868-57a2d4851a1d">
    </UnitTestResult>
    <UnitTestResult executionId="73aa73c4-fa56-498d-8a22-f3a4b3245e10" testId="089d06a4-53c9-340e-fe51-fe2d5c19a6f7" testName="OrderBy_GroupBy" computerName="MIKE-NOTEBOOK2" duration="00:00:00" startTime="0001-01-01T08:00:00.0000000+08:00" endTime="0001-01-01T08:00:00.0000000+08:00" testType="13cdc9d9-ddb5-4fa4-a97d-d965ccfc6d4b" outcome="NotExecuted" testListId="8c84fa94-04c1-424b-9868-57a2d4851a1d">
    </UnitTestResult>
    <UnitTestResult executionId="1b8079d7-5815-4b02-8aa9-73986cd228a1" testId="048431b9-32bb-fe58-7454-d746e0796160" testName="GroupBy_Simple" computerName="MIKE-NOTEBOOK2" duration="00:00:00" startTime="0001-01-01T08:00:00.0000000+08:00" endTime="0001-01-01T08:00:00.0000000+08:00" testType="13cdc9d9-ddb5-4fa4-a97d-d965ccfc6d4b" outcome="NotExecuted" testListId="8c84fa94-04c1-424b-9868-57a2d4851a1d">
    </UnitTestResult>
    <UnitTestResult executionId="34972409-619a-4f40-9ae0-97944903a20f" testId="29358cf3-4ce0-0f9b-5a2a-d4edc0ebc4ec" testName="GroupBy_Select" computerName="MIKE-NOTEBOOK2" duration="00:00:00" startTime="0001-01-01T08:00:00.0000000+08:00" endTime="0001-01-01T08:00:00.0000000+08:00" testType="13cdc9d9-ddb5-4fa4-a97d-d965ccfc6d4b" outcome="NotExecuted" testListId="8c84fa94-04c1-424b-9868-57a2d4851a1d">
    </UnitTestResult>
    <UnitTestResult executionId="7f15607f-d4ca-4e4b-b42b-3d7ebc30b55f" testId="ef97f13e-9d33-455c-b27e-b29b90037919" testName="GroupBy_Max" computerName="MIKE-NOTEBOOK2" duration="00:00:00" startTime="0001-01-01T08:00:00.0000000+08:00" endTime="0001-01-01T08:00:00.0000000+08:00" testType="13cdc9d9-ddb5-4fa4-a97d-d965ccfc6d4b" outcome="NotExecuted" testListId="8c84fa94-04c1-424b-9868-57a2d4851a1d">
    </UnitTestResult>
    <UnitTestResult executionId="34680264-5173-40b2-95f7-730f950d7736" testId="a34dd9e2-d142-1c2b-1abe-e58541331544" testName="GroupBy_Min" computerName="MIKE-NOTEBOOK2" duration="00:00:00" startTime="0001-01-01T08:00:00.0000000+08:00" endTime="0001-01-01T08:00:00.0000000+08:00" testType="13cdc9d9-ddb5-4fa4-a97d-d965ccfc6d4b" outcome="NotExecuted" testListId="8c84fa94-04c1-424b-9868-57a2d4851a1d">
    </UnitTestResult>
    <UnitTestResult executionId="cfd207fb-da60-4661-a2ed-b332a4524f23" testId="8844a490-92f3-1cf7-37dc-b1da05240aa9" testName="GroupBy_Avg" computerName="MIKE-NOTEBOOK2" duration="00:00:00" startTime="0001-01-01T08:00:00.0000000+08:00" endTime="0001-01-01T08:00:00.0000000+08:00" testType="13cdc9d9-ddb5-4fa4-a97d-d965ccfc6d4b" outcome="NotExecuted" testListId="8c84fa94-04c1-424b-9868-57a2d4851a1d">
    </UnitTestResult>
    <UnitTestResult executionId="a238968c-0a32-4108-9190-ff17f661c14e" testId="415b6925-e95e-f147-2826-227a5068ffe2" testName="GroupBy_Sum" computerName="MIKE-NOTEBOOK2" duration="00:00:00" startTime="0001-01-01T08:00:00.0000000+08:00" endTime="0001-01-01T08:00:00.0000000+08:00" testType="13cdc9d9-ddb5-4fa4-a97d-d965ccfc6d4b" outcome="NotExecuted" testListId="8c84fa94-04c1-424b-9868-57a2d4851a1d">
    </UnitTestResult>
    <UnitTestResult executionId="92c771f1-2c8e-4e3a-b9a0-279dc69aaf7d" testId="e54553d5-72f9-db82-ab63-9d2a942097e9" testName="GroupByCount" computerName="MIKE-NOTEBOOK2" duration="00:00:00" startTime="0001-01-01T08:00:00.0000000+08:00" endTime="0001-01-01T08:00:00.0000000+08:00" testType="13cdc9d9-ddb5-4fa4-a97d-d965ccfc6d4b" outcome="NotExecuted" testListId="8c84fa94-04c1-424b-9868-57a2d4851a1d">
    </UnitTestResult>
    <UnitTestResult executionId="ec729b27-4896-4b32-8f85-f9df67a1362a" testId="5eea1623-815d-258b-ac4e-322a0817728a" testName="GroupBy_ConditionalCount" computerName="MIKE-NOTEBOOK2" duration="00:00:00" startTime="0001-01-01T08:00:00.0000000+08:00" endTime="0001-01-01T08:00:00.0000000+08:00" testType="13cdc9d9-ddb5-4fa4-a97d-d965ccfc6d4b" outcome="NotExecuted" testListId="8c84fa94-04c1-424b-9868-57a2d4851a1d">
    </UnitTestResult>
    <UnitTestResult executionId="a53509f7-2e5b-446a-bbbb-d9952559475e" testId="0c0bd754-d722-9716-c86e-3236c071adfd" testName="GroupBy_Where" computerName="MIKE-NOTEBOOK2" duration="00:00:00" startTime="0001-01-01T08:00:00.0000000+08:00" endTime="0001-01-01T08:00:00.0000000+08:00" testType="13cdc9d9-ddb5-4fa4-a97d-d965ccfc6d4b" outcome="NotExecuted" testListId="8c84fa94-04c1-424b-9868-57a2d4851a1d">
    </UnitTestResult>
    <UnitTestResult executionId="d242af30-b08d-4ec9-881f-02cd763a2d71" testId="c131f5d2-14f8-e7d1-5ac3-3c7b7d77d033" testName="GroupBy_MultipleColumns" computerName="MIKE-NOTEBOOK2" duration="00:00:00" startTime="0001-01-01T08:00:00.0000000+08:00" endTime="0001-01-01T08:00:00.0000000+08:00" testType="13cdc9d9-ddb5-4fa4-a97d-d965ccfc6d4b" outcome="NotExecuted" testListId="8c84fa94-04c1-424b-9868-57a2d4851a1d">
    </UnitTestResult>
    <UnitTestResult executionId="747c02e1-1137-4c64-93fa-7f455ac004a3" testId="94a6262e-7f1c-0afe-b830-496a6eb59449" testName="GroupBy_Expression" computerName="MIKE-NOTEBOOK2" duration="00:00:00" startTime="0001-01-01T08:00:00.0000000+08:00" endTime="0001-01-01T08:00:00.0000000+08:00" testType="13cdc9d9-ddb5-4fa4-a97d-d965ccfc6d4b" outcome="NotExecuted" testListId="8c84fa94-04c1-424b-9868-57a2d4851a1d">
    </UnitTestResult>
    <UnitTestResult executionId="78cd96cb-232c-41f0-9b96-3974c9ea1b88" testId="d63d42a6-4441-8200-5e12-57969f3d44ca" testName="GroupBy_Nested" computerName="MIKE-NOTEBOOK2" duration="00:00:00" startTime="0001-01-01T08:00:00.0000000+08:00" endTime="0001-01-01T08:00:00.0000000+08:00" testType="13cdc9d9-ddb5-4fa4-a97d-d965ccfc6d4b" outcome="NotExecuted" testListId="8c84fa94-04c1-424b-9868-57a2d4851a1d">
    </UnitTestResult>
    <UnitTestResult executionId="c86c0693-a8dd-4b38-b371-119e2b0f02b1" testId="86f5ee5f-b53e-98e7-32da-4a890d8414c8" testName="GroupBy_Year" computerName="MIKE-NOTEBOOK2" duration="00:00:00" startTime="0001-01-01T08:00:00.0000000+08:00" endTime="0001-01-01T08:00:00.0000000+08:00" testType="13cdc9d9-ddb5-4fa4-a97d-d965ccfc6d4b" outcome="NotExecuted" testListId="8c84fa94-04c1-424b-9868-57a2d4851a1d">
    </UnitTestResult>
    <UnitTestResult executionId="3ea6147b-cfd7-4e8c-9061-72bf59318085" testId="6b9b9eba-d2f8-644b-8cde-d10d89369811" testName="GroupBy_Month" computerName="MIKE-NOTEBOOK2" duration="00:00:00" startTime="0001-01-01T08:00:00.0000000+08:00" endTime="0001-01-01T08:00:00.0000000+08:00" testType="13cdc9d9-ddb5-4fa4-a97d-d965ccfc6d4b" outcome="NotExecuted" testListId="8c84fa94-04c1-424b-9868-57a2d4851a1d">
    </UnitTestResult>
    <UnitTestResult executionId="e94401a9-2a4e-446e-b4c9-8ba3a8047eb5" testId="6fc9280a-c7e7-e419-d3b3-314a674cf83d" testName="GroupBy_Day" computerName="MIKE-NOTEBOOK2" duration="00:00:00" startTime="0001-01-01T08:00:00.0000000+08:00" endTime="0001-01-01T08:00:00.0000000+08:00" testType="13cdc9d9-ddb5-4fa4-a97d-d965ccfc6d4b" outcome="NotExecuted" testListId="8c84fa94-04c1-424b-9868-57a2d4851a1d">
    </UnitTestResult>
    <UnitTestResult executionId="0e542534-d819-4891-9588-e3dd95831d92" testId="b83e1153-58c1-2e39-6518-3ad7755325ec" testName="GroupBy_Date" computerName="MIKE-NOTEBOOK2" duration="00:00:00" startTime="0001-01-01T08:00:00.0000000+08:00" endTime="0001-01-01T08:00:00.0000000+08:00" testType="13cdc9d9-ddb5-4fa4-a97d-d965ccfc6d4b" outcome="NotExecuted" testListId="8c84fa94-04c1-424b-9868-57a2d4851a1d">
    </UnitTestResult>
    <UnitTestResult executionId="0d3e2f06-d340-47d1-bdc2-9c7e6f580665" testId="58ab0a9a-5c8b-1eb2-d62b-bbe6074b17bb" testName="Any_Simple" computerName="MIKE-NOTEBOOK2" duration="00:00:00" startTime="0001-01-01T08:00:00.0000000+08:00" endTime="0001-01-01T08:00:00.0000000+08:00" testType="13cdc9d9-ddb5-4fa4-a97d-d965ccfc6d4b" outcome="NotExecuted" testListId="8c84fa94-04c1-424b-9868-57a2d4851a1d">
    </UnitTestResult>
    <UnitTestResult executionId="793329aa-ffaa-47ad-9264-ef15a4dceb77" testId="5d912b53-0ee0-e44a-1094-8c507fc953d6" testName="Any_Condition" computerName="MIKE-NOTEBOOK2" duration="00:00:00" startTime="0001-01-01T08:00:00.0000000+08:00" endTime="0001-01-01T08:00:00.0000000+08:00" testType="13cdc9d9-ddb5-4fa4-a97d-d965ccfc6d4b" outcome="NotExecuted" testListId="8c84fa94-04c1-424b-9868-57a2d4851a1d">
    </UnitTestResult>
    <UnitTestResult executionId="c55ecf4e-f053-49df-85e0-b942cd88c648" testId="22460f1b-0cc2-0148-0ea3-a4e1b275f47e" testName="Any_Grouped" computerName="MIKE-NOTEBOOK2" duration="00:00:00" startTime="0001-01-01T08:00:00.0000000+08:00" endTime="0001-01-01T08:00:00.0000000+08:00" testType="13cdc9d9-ddb5-4fa4-a97d-d965ccfc6d4b" outcome="NotExecuted" testListId="8c84fa94-04c1-424b-9868-57a2d4851a1d">
    </UnitTestResult>
    <UnitTestResult executionId="b9cee7dc-0e27-4e15-a800-90bf5a001e45" testId="301b79b5-5167-072c-3357-3d8ae063da2e" testName="All_Simple" computerName="MIKE-NOTEBOOK2" duration="00:00:00" startTime="0001-01-01T08:00:00.0000000+08:00" endTime="0001-01-01T08:00:00.0000000+08:00" testType="13cdc9d9-ddb5-4fa4-a97d-d965ccfc6d4b" outcome="NotExecuted" testListId="8c84fa94-04c1-424b-9868-57a2d4851a1d">
    </UnitTestResult>
    <UnitTestResult executionId="1fd6f065-4392-4db7-b9e1-fb1d268c7333" testId="de715f15-1ebb-647b-e069-e8ca398126fd" testName="All_Grouped" computerName="MIKE-NOTEBOOK2" duration="00:00:00" startTime="0001-01-01T08:00:00.0000000+08:00" endTime="0001-01-01T08:00:00.0000000+08:00" testType="13cdc9d9-ddb5-4fa4-a97d-d965ccfc6d4b" outcome="NotExecuted" testListId="8c84fa94-04c1-424b-9868-57a2d4851a1d">
    </UnitTestResult>
    <UnitTestResult executionId="07e59c3a-d989-43df-981d-0a74405ab345" testId="91f59c7a-b81c-4486-00a5-68955942a83b" testName="Contains" computerName="MIKE-NOTEBOOK2" duration="00:00:00" startTime="0001-01-01T08:00:00.0000000+08:00" endTime="0001-01-01T08:00:00.0000000+08:00" testType="13cdc9d9-ddb5-4fa4-a97d-d965ccfc6d4b" outcome="NotExecuted" testListId="8c84fa94-04c1-424b-9868-57a2d4851a1d">
    </UnitTestResult>
    <UnitTestResult executionId="7d54478a-7b45-476a-9831-15606c43716f" testId="1c68ea59-c593-004c-905a-976fb1871733" testName="Like" computerName="MIKE-NOTEBOOK2" duration="00:00:00" startTime="0001-01-01T08:00:00.0000000+08:00" endTime="0001-01-01T08:00:00.0000000+08:00" testType="13cdc9d9-ddb5-4fa4-a97d-d965ccfc6d4b" outcome="NotExecuted" testListId="8c84fa94-04c1-424b-9868-57a2d4851a1d">
    </UnitTestResult>
    <UnitTestResult executionId="95acda85-815e-4885-b7a3-df0bf8ea8d8a" testId="9578a203-b778-2a3c-6a9a-b5513ccc6661" testName="TestNull" computerName="MIKE-NOTEBOOK2" duration="00:00:00" startTime="0001-01-01T08:00:00.0000000+08:00" endTime="0001-01-01T08:00:00.0000000+08:00" testType="13cdc9d9-ddb5-4fa4-a97d-d965ccfc6d4b" outcome="NotExecuted" testListId="8c84fa94-04c1-424b-9868-57a2d4851a1d">
    </UnitTestResult>
    <UnitTestResult executionId="175b6924-ad45-439b-857a-dd545fa9e4f4" testId="2117225d-c18c-291f-fc58-cb9646a0368f" testName="CollectionConvert" computerName="MIKE-NOTEBOOK2" duration="00:00:00" startTime="0001-01-01T08:00:00.0000000+08:00" endTime="0001-01-01T08:00:00.0000000+08:00" testType="13cdc9d9-ddb5-4fa4-a97d-d965ccfc6d4b" outcome="NotExecuted" testListId="8c84fa94-04c1-424b-9868-57a2d4851a1d">
    </UnitTestResult>
    <UnitTestResult executionId="ba0cfe8e-d8d3-4d27-b880-ae1eb73d6c62" testId="65738865-994c-4a38-83db-4ecb13440046" testName="Concat" computerName="MIKE-NOTEBOOK2" duration="00:00:00" startTime="0001-01-01T08:00:00.0000000+08:00" endTime="0001-01-01T08:00:00.0000000+08:00" testType="13cdc9d9-ddb5-4fa4-a97d-d965ccfc6d4b" outcome="NotExecuted" testListId="8c84fa94-04c1-424b-9868-57a2d4851a1d">
    </UnitTestResult>
    <UnitTestResult executionId="1e87f062-bf21-4c78-83d9-00c012b2344c" testId="fe800c33-82d2-cbdd-80de-fd9cb612c89d" testName="StringConcat" computerName="MIKE-NOTEBOOK2" duration="00:00:00" startTime="0001-01-01T08:00:00.0000000+08:00" endTime="0001-01-01T08:00:00.0000000+08:00" testType="13cdc9d9-ddb5-4fa4-a97d-d965ccfc6d4b" outcome="NotExecuted" testListId="8c84fa94-04c1-424b-9868-57a2d4851a1d">
    </UnitTestResult>
    <UnitTestResult executionId="ba7a2d16-70ca-4eca-b190-ddba84f4b79b" testId="92861eb7-41d1-e6cc-af90-b1351217befa" testName="StringLength" computerName="MIKE-NOTEBOOK2" duration="00:00:00" startTime="0001-01-01T08:00:00.0000000+08:00" endTime="0001-01-01T08:00:00.0000000+08:00" testType="13cdc9d9-ddb5-4fa4-a97d-d965ccfc6d4b" outcome="NotExecuted" testListId="8c84fa94-04c1-424b-9868-57a2d4851a1d">
    </UnitTestResult>
    <UnitTestResult executionId="0cd138ec-bde6-4756-ae33-ac70b3ad6c4f" testId="0e05d1c9-7e6a-58ff-0eb7-9852675d3d12" testName="StringContain" computerName="MIKE-NOTEBOOK2" duration="00:00:00" startTime="0001-01-01T08:00:00.0000000+08:00" endTime="0001-01-01T08:00:00.0000000+08:00" testType="13cdc9d9-ddb5-4fa4-a97d-d965ccfc6d4b" outcome="NotExecuted" testListId="8c84fa94-04c1-424b-9868-57a2d4851a1d">
    </UnitTestResult>
    <UnitTestResult executionId="c56faca8-71ec-4da3-813f-31b589c34c0f" testId="cb3b32b1-6421-67d4-09e6-b884d03b1de3" testName="StringIndexOf" computerName="MIKE-NOTEBOOK2" duration="00:00:00" startTime="0001-01-01T08:00:00.0000000+08:00" endTime="0001-01-01T08:00:00.0000000+08:00" testType="13cdc9d9-ddb5-4fa4-a97d-d965ccfc6d4b" outcome="NotExecuted" testListId="8c84fa94-04c1-424b-9868-57a2d4851a1d">
    </UnitTestResult>
    <UnitTestResult executionId="fc200903-ced1-45ab-ad6b-1046affe554a" testId="27d184cb-8826-cc2c-c2ac-534650196c26" testName="StringStartsWith" computerName="MIKE-NOTEBOOK2" duration="00:00:00" startTime="0001-01-01T08:00:00.0000000+08:00" endTime="0001-01-01T08:00:00.0000000+08:00" testType="13cdc9d9-ddb5-4fa4-a97d-d965ccfc6d4b" outcome="NotExecuted" testListId="8c84fa94-04c1-424b-9868-57a2d4851a1d">
    </UnitTestResult>
    <UnitTestResult executionId="594ab618-d9ee-4623-8593-692eba314835" testId="9f412a3b-b1c2-bd7b-545c-743e796b4229" testName="StringEndsWith" computerName="MIKE-NOTEBOOK2" duration="00:00:00" startTime="0001-01-01T08:00:00.0000000+08:00" endTime="0001-01-01T08:00:00.0000000+08:00" testType="13cdc9d9-ddb5-4fa4-a97d-d965ccfc6d4b" outcome="NotExecuted" testListId="8c84fa94-04c1-424b-9868-57a2d4851a1d">
    </UnitTestResult>
    <UnitTestResult executionId="680d49e9-f8c6-4d90-9f81-fd486602eb48" testId="97f58440-655e-b6eb-550e-812160b614fd" testName="StringSubstring" computerName="MIKE-NOTEBOOK2" duration="00:00:00" startTime="0001-01-01T08:00:00.0000000+08:00" endTime="0001-01-01T08:00:00.0000000+08:00" testType="13cdc9d9-ddb5-4fa4-a97d-d965ccfc6d4b" outcome="NotExecuted" testListId="8c84fa94-04c1-424b-9868-57a2d4851a1d">
    </UnitTestResult>
    <UnitTestResult executionId="b94e2b74-b045-4ff7-9a3c-ca81beb11add" testId="9049d16c-4dcb-bf1f-1c20-37799e6d211c" testName="StringToUpper" computerName="MIKE-NOTEBOOK2" duration="00:00:00" startTime="0001-01-01T08:00:00.0000000+08:00" endTime="0001-01-01T08:00:00.0000000+08:00" testType="13cdc9d9-ddb5-4fa4-a97d-d965ccfc6d4b" outcome="NotExecuted" testListId="8c84fa94-04c1-424b-9868-57a2d4851a1d">
    </UnitTestResult>
    <UnitTestResult executionId="f22a5293-d776-49dd-ac6f-791ab4cbe408" testId="ea265e5b-80cd-1259-4b0b-5f91351a58e4" testName="StringToLower" computerName="MIKE-NOTEBOOK2" duration="00:00:00" startTime="0001-01-01T08:00:00.0000000+08:00" endTime="0001-01-01T08:00:00.0000000+08:00" testType="13cdc9d9-ddb5-4fa4-a97d-d965ccfc6d4b" outcome="NotExecuted" testListId="8c84fa94-04c1-424b-9868-57a2d4851a1d">
    </UnitTestResult>
    <UnitTestResult executionId="e1a56a86-1b7f-4251-abd3-1a8995a7bb4c" testId="29edf6c3-af58-3d37-1054-fbbc082ad78a" testName="String_Trim" computerName="MIKE-NOTEBOOK2" duration="00:00:00" startTime="0001-01-01T08:00:00.0000000+08:00" endTime="0001-01-01T08:00:00.0000000+08:00" testType="13cdc9d9-ddb5-4fa4-a97d-d965ccfc6d4b" outcome="NotExecuted" testListId="8c84fa94-04c1-424b-9868-57a2d4851a1d">
    </UnitTestResult>
    <UnitTestResult executionId="7b3f8994-50af-4c5a-ba8b-a6597fdf6e80" testId="32612f5a-8d94-01bf-ab51-c728e670121e" testName="String_TrimStart" computerName="MIKE-NOTEBOOK2" duration="00:00:00" startTime="0001-01-01T08:00:00.0000000+08:00" endTime="0001-01-01T08:00:00.0000000+08:00" testType="13cdc9d9-ddb5-4fa4-a97d-d965ccfc6d4b" outcome="NotExecuted" testListId="8c84fa94-04c1-424b-9868-57a2d4851a1d">
    </UnitTestResult>
    <UnitTestResult executionId="ef703c35-7815-4cdd-bf4c-200fc81e838f" testId="5df1feda-fe85-daf4-5b5c-6a6fd5640e0a" testName="String_TrimEnd" computerName="MIKE-NOTEBOOK2" duration="00:00:00" startTime="0001-01-01T08:00:00.0000000+08:00" endTime="0001-01-01T08:00:00.0000000+08:00" testType="13cdc9d9-ddb5-4fa4-a97d-d965ccfc6d4b" outcome="NotExecuted" testListId="8c84fa94-04c1-424b-9868-57a2d4851a1d">
    </UnitTestResult>
    <UnitTestResult executionId="4108b77a-c358-4f5a-844c-50797db34e93" testId="c56a84bf-133c-ad49-b89c-eae1737a9ac8" testName="StringInsert" computerName="MIKE-NOTEBOOK2" duration="00:00:00" startTime="0001-01-01T08:00:00.0000000+08:00" endTime="0001-01-01T08:00:00.0000000+08:00" testType="13cdc9d9-ddb5-4fa4-a97d-d965ccfc6d4b" outcome="NotExecuted" testListId="8c84fa94-04c1-424b-9868-57a2d4851a1d">
    </UnitTestResult>
    <UnitTestResult executionId="73941379-161e-42c9-8624-9f3b041e2ed6" testId="be2cad8e-fc4b-97ff-04d4-7f749fc2ca9e" testName="StringRemove" computerName="MIKE-NOTEBOOK2" duration="00:00:00" startTime="0001-01-01T08:00:00.0000000+08:00" endTime="0001-01-01T08:00:00.0000000+08:00" testType="13cdc9d9-ddb5-4fa4-a97d-d965ccfc6d4b" outcome="NotExecuted" testListId="8c84fa94-04c1-424b-9868-57a2d4851a1d">
    </UnitTestResult>
    <UnitTestResult executionId="b79739e2-126a-4a6e-a046-7b7accb0a7f6" testId="78bfd9df-5d60-036d-f959-bd480eca276e" testName="StringRelace" computerName="MIKE-NOTEBOOK2" duration="00:00:00" startTime="0001-01-01T08:00:00.0000000+08:00" endTime="0001-01-01T08:00:00.0000000+08:00" testType="13cdc9d9-ddb5-4fa4-a97d-d965ccfc6d4b" outcome="NotExecuted" testListId="8c84fa94-04c1-424b-9868-57a2d4851a1d">
    </UnitTestResult>
    <UnitTestResult executionId="ecc185d5-9ef3-435c-ad1b-3dad1ae79cf2" testId="3007c4c5-986d-0fed-a281-e4032e6cbccc" testName="DateTime_Year" computerName="MIKE-NOTEBOOK2" duration="00:00:00" startTime="0001-01-01T08:00:00.0000000+08:00" endTime="0001-01-01T08:00:00.0000000+08:00" testType="13cdc9d9-ddb5-4fa4-a97d-d965ccfc6d4b" outcome="NotExecuted" testListId="8c84fa94-04c1-424b-9868-57a2d4851a1d">
    </UnitTestResult>
    <UnitTestResult executionId="bb5154ad-4a61-409f-a6f5-b9f0677a6f16" testId="c80fa314-da05-9443-6c2a-3a1ae4493949" testName="DateTime_Month" computerName="MIKE-NOTEBOOK2" duration="00:00:00" startTime="0001-01-01T08:00:00.0000000+08:00" endTime="0001-01-01T08:00:00.0000000+08:00" testType="13cdc9d9-ddb5-4fa4-a97d-d965ccfc6d4b" outcome="NotExecuted" testListId="8c84fa94-04c1-424b-9868-57a2d4851a1d">
    </UnitTestResult>
    <UnitTestResult executionId="8e48f406-fb4d-4fe0-8b1e-e25877c9f40b" testId="f3375fee-e622-8738-5681-19e3225fd4f7" testName="DateTime_Day" computerName="MIKE-NOTEBOOK2" duration="00:00:00" startTime="0001-01-01T08:00:00.0000000+08:00" endTime="0001-01-01T08:00:00.0000000+08:00" testType="13cdc9d9-ddb5-4fa4-a97d-d965ccfc6d4b" outcome="NotExecuted" testListId="8c84fa94-04c1-424b-9868-57a2d4851a1d">
    </UnitTestResult>
    <UnitTestResult executionId="843ddbfc-d2a0-4336-95f4-8b656e590cbf" testId="19ce1897-9228-10c7-fead-7670c9746287" testName="DateTimeGT" computerName="MIKE-NOTEBOOK2" duration="00:00:00" startTime="0001-01-01T08:00:00.0000000+08:00" endTime="0001-01-01T08:00:00.0000000+08:00" testType="13cdc9d9-ddb5-4fa4-a97d-d965ccfc6d4b" outcome="NotExecuted" testListId="8c84fa94-04c1-424b-9868-57a2d4851a1d">
    </UnitTestResult>
    <UnitTestResult executionId="e127d9d9-3d5a-4b1f-b211-818d5ad44118" testId="c99811c8-1dea-70a0-b9bf-e528aafdd878" testName="DateTimeGE" computerName="MIKE-NOTEBOOK2" duration="00:00:00" startTime="0001-01-01T08:00:00.0000000+08:00" endTime="0001-01-01T08:00:00.0000000+08:00" testType="13cdc9d9-ddb5-4fa4-a97d-d965ccfc6d4b" outcome="NotExecuted" testListId="8c84fa94-04c1-424b-9868-57a2d4851a1d">
    </UnitTestResult>
    <UnitTestResult executionId="ca08b89f-3359-4370-8f58-88eee4e96341" testId="3ced2f73-2344-2240-b0bb-aba74b7c2160" testName="DateTimeLT" computerName="MIKE-NOTEBOOK2" duration="00:00:00" startTime="0001-01-01T08:00:00.0000000+08:00" endTime="0001-01-01T08:00:00.0000000+08:00" testType="13cdc9d9-ddb5-4fa4-a97d-d965ccfc6d4b" outcome="NotExecuted" testListId="8c84fa94-04c1-424b-9868-57a2d4851a1d">
    </UnitTestResult>
    <UnitTestResult executionId="2d2fa5c3-bc77-4afc-954d-8b602ea34e5c" testId="7c9e5e11-dfff-4879-de00-9aee684839a2" testName="DateTimeLE" computerName="MIKE-NOTEBOOK2" duration="00:00:00" startTime="0001-01-01T08:00:00.0000000+08:00" endTime="0001-01-01T08:00:00.0000000+08:00" testType="13cdc9d9-ddb5-4fa4-a97d-d965ccfc6d4b" outcome="NotExecuted" testListId="8c84fa94-04c1-424b-9868-57a2d4851a1d">
    </UnitTestResult>
    <UnitTestResult executionId="b7bc82c3-2a1d-4c16-a127-d0074bf242f2" testId="8f3ff8db-82ef-e2de-cbc5-be1accc5b5b9" testName="DateTime_Date" computerName="MIKE-NOTEBOOK2" duration="00:00:00" startTime="0001-01-01T08:00:00.0000000+08:00" endTime="0001-01-01T08:00:00.0000000+08:00" testType="13cdc9d9-ddb5-4fa4-a97d-d965ccfc6d4b" outcome="NotExecuted" testListId="8c84fa94-04c1-424b-9868-57a2d4851a1d">
    </UnitTestResult>
    <UnitTestResult executionId="bef8b39e-8052-478d-aa54-cab10ddab27d" testId="0607a480-df77-a215-cdc0-5ca66f5d4486" testName="DateTime_TimeOfDay" computerName="MIKE-NOTEBOOK2" duration="00:00:00" startTime="0001-01-01T08:00:00.0000000+08:00" endTime="0001-01-01T08:00:00.0000000+08:00" testType="13cdc9d9-ddb5-4fa4-a97d-d965ccfc6d4b" outcome="NotExecuted" testListId="8c84fa94-04c1-424b-9868-57a2d4851a1d">
    </UnitTestResult>
    <UnitTestResult executionId="3055d7f2-ef31-4aed-bcc6-cc96cdd5ba7a" testId="cb711c4b-4935-835c-5369-d1a5da8926a3" testName="Insert_Simple" computerName="MIKE-NOTEBOOK2" duration="00:00:00" startTime="0001-01-01T08:00:00.0000000+08:00" endTime="0001-01-01T08:00:00.0000000+08:00" testType="13cdc9d9-ddb5-4fa4-a97d-d965ccfc6d4b" outcome="NotExecuted" testListId="8c84fa94-04c1-424b-9868-57a2d4851a1d">
    </UnitTestResult>
    <UnitTestResult executionId="d56fce23-cc83-4580-bc62-2dfb760310ee" testId="ef5a7c9a-164c-eabe-b4c6-4e9c3f2a4159" testName="Insert_OneToMany" computerName="MIKE-NOTEBOOK2" duration="00:00:00" startTime="0001-01-01T08:00:00.0000000+08:00" endTime="0001-01-01T08:00:00.0000000+08:00" testType="13cdc9d9-ddb5-4fa4-a97d-d965ccfc6d4b" outcome="NotExecuted" testListId="8c84fa94-04c1-424b-9868-57a2d4851a1d">
    </UnitTestResult>
    <UnitTestResult executionId="249fe5b2-dd4b-46b2-b6a1-358a4012b17e" testId="3d227843-234c-f3bc-b478-95c757b84c71" testName="Insert_ManyToMany" computerName="MIKE-NOTEBOOK2" duration="00:00:00" startTime="0001-01-01T08:00:00.0000000+08:00" endTime="0001-01-01T08:00:00.0000000+08:00" testType="13cdc9d9-ddb5-4fa4-a97d-d965ccfc6d4b" outcome="NotExecuted" testListId="8c84fa94-04c1-424b-9868-57a2d4851a1d">
    </UnitTestResult>
    <UnitTestResult executionId="1db4546a-b32b-4b97-84af-5210a344e2cb" testId="308d4ec1-b101-47b7-fa0d-bc26757a6b20" testName="Delete_ManyToMany" computerName="MIKE-NOTEBOOK2" duration="00:00:00" startTime="0001-01-01T08:00:00.0000000+08:00" endTime="0001-01-01T08:00:00.0000000+08:00" testType="13cdc9d9-ddb5-4fa4-a97d-d965ccfc6d4b" outcome="NotExecuted" testListId="8c84fa94-04c1-424b-9868-57a2d4851a1d">
    </UnitTestResult>
    <UnitTestResult executionId="9d12478a-9867-4434-a8b5-56ff2b725691" testId="fda084b3-d062-4829-bd63-8ceda319a324" testName="Update" computerName="MIKE-NOTEBOOK2" duration="00:00:00" startTime="0001-01-01T08:00:00.0000000+08:00" endTime="0001-01-01T08:00:00.0000000+08:00" testType="13cdc9d9-ddb5-4fa4-a97d-d965ccfc6d4b" outcome="NotExecuted" testListId="8c84fa94-04c1-424b-9868-57a2d4851a1d">
    </UnitTestResult>
    <UnitTestResult executionId="94d6073b-b784-4bf2-a534-1b771bd9f518" testId="be912c33-6c42-15ba-bfe7-731fbf68edf7" testName="Inherit" computerName="MIKE-NOTEBOOK2" duration="00:00:00" startTime="0001-01-01T08:00:00.0000000+08:00" endTime="0001-01-01T08:00:00.0000000+08:00" testType="13cdc9d9-ddb5-4fa4-a97d-d965ccfc6d4b" outcome="NotExecuted" testListId="8c84fa94-04c1-424b-9868-57a2d4851a1d">
    </UnitTestResult>
    <UnitTestResult executionId="acf2a016-968a-4878-b8b6-9157388a31dd" testId="c2104339-f138-e025-1458-ac10bd484281" testName="Insert_Inherit" computerName="MIKE-NOTEBOOK2" duration="00:00:00" startTime="0001-01-01T08:00:00.0000000+08:00" endTime="0001-01-01T08:00:00.0000000+08:00" testType="13cdc9d9-ddb5-4fa4-a97d-d965ccfc6d4b" outcome="NotExecuted" testListId="8c84fa94-04c1-424b-9868-57a2d4851a1d">
    </UnitTestResult>
    <UnitTestResult executionId="022c29e5-7bf5-4b4e-b97e-5f6fb6b6cca1" testId="b1177fdc-87ff-8ace-61ee-371ab3f73c37" testName="DataLoadOptionsTest" computerName="MIKE-NOTEBOOK2" duration="00:00:00" startTime="0001-01-01T08:00:00.0000000+08:00" endTime="0001-01-01T08:00:00.0000000+08:00" testType="13cdc9d9-ddb5-4fa4-a97d-d965ccfc6d4b" outcome="NotExecuted" testListId="8c84fa94-04c1-424b-9868-57a2d4851a1d">
    </UnitTestResult>
    <UnitTestResult executionId="22096f58-2b73-439a-9ca7-fca565b0450a" testId="f88e3485-a19c-a087-defb-0c62ca5c58d6" testName="Null" computerName="MIKE-NOTEBOOK2" duration="00:00:00" startTime="0001-01-01T08:00:00.0000000+08:00" endTime="0001-01-01T08:00:00.0000000+08:00" testType="13cdc9d9-ddb5-4fa4-a97d-d965ccfc6d4b" outcome="NotExecuted" testListId="8c84fa94-04c1-424b-9868-57a2d4851a1d">
    </UnitTestResult>
    <UnitTestResult executionId="551f5b99-8189-4c8f-bfaa-4c912384ae34" testId="c229d7fc-c8e3-a81b-1759-74337797c0eb" testName="CreateDatabase" computerName="MIKE-NOTEBOOK2" duration="00:00:00" startTime="0001-01-01T08:00:00.0000000+08:00" endTime="0001-01-01T08:00:00.0000000+08:00" testType="13cdc9d9-ddb5-4fa4-a97d-d965ccfc6d4b" outcome="NotExecuted" testListId="8c84fa94-04c1-424b-9868-57a2d4851a1d">
    </UnitTestResult>
    <UnitTestResult executionId="28c0a16a-9c8d-4067-9ec3-1a002ff423bf" testId="e0f5419a-271d-b3c7-69ec-603a11b201e7" testName="ResolveAll" computerName="MIKE-NOTEBOOK2" duration="00:00:00" startTime="0001-01-01T08:00:00.0000000+08:00" endTime="0001-01-01T08:00:00.0000000+08:00" testType="13cdc9d9-ddb5-4fa4-a97d-d965ccfc6d4b" outcome="NotExecuted" testListId="8c84fa94-04c1-424b-9868-57a2d4851a1d">
    </UnitTestResult>
    <UnitTestResult executionId="171b36a4-20ac-4d2f-88d4-8fb7ef8b2789" testId="4e0b2c75-a56f-1172-00d4-59442dd642a5" testName="ComposeKey" computerName="MIKE-NOTEBOOK2" duration="00:00:00" startTime="0001-01-01T08:00:00.0000000+08:00" endTime="0001-01-01T08:00:00.0000000+08:00" testType="13cdc9d9-ddb5-4fa4-a97d-d965ccfc6d4b" outcome="NotExecuted" testListId="8c84fa94-04c1-424b-9868-57a2d4851a1d">
    </UnitTestResult>
    <UnitTestResult executionId="07db234d-fea2-41ff-b6d2-ae18ff5c6aed" testId="01e62afe-0807-2810-5da7-cc305fbf99be" testName="AutoGuid" computerName="MIKE-NOTEBOOK2" duration="00:00:00" startTime="0001-01-01T08:00:00.0000000+08:00" endTime="0001-01-01T08:00:00.0000000+08:00" testType="13cdc9d9-ddb5-4fa4-a97d-d965ccfc6d4b" outcome="NotExecuted" testListId="8c84fa94-04c1-424b-9868-57a2d4851a1d">
    </UnitTestResult>
    <UnitTestResult executionId="b44fdda9-5c4a-40f8-aec0-fdc98081e39a" testId="be921bce-3454-f1ee-fd0b-2aac26ff7876" testName="Association" computerName="MIKE-NOTEBOOK2" duration="00:00:00" startTime="0001-01-01T08:00:00.0000000+08:00" endTime="0001-01-01T08:00:00.0000000+08:00" testType="13cdc9d9-ddb5-4fa4-a97d-d965ccfc6d4b" outcome="NotExecuted" testListId="8c84fa94-04c1-424b-9868-57a2d4851a1d">
    </UnitTestResult>
    <UnitTestResult executionId="e0a8cc94-12f0-450f-8310-fb23d1564a2a" testId="59f0fba9-6c16-e732-aeee-b9e5e92ab45a" testName="Test1" computerName="MIKE-NOTEBOOK2" duration="00:00:00" startTime="0001-01-01T08:00:00.0000000+08:00" endTime="0001-01-01T08:00:00.0000000+08:00" testType="13cdc9d9-ddb5-4fa4-a97d-d965ccfc6d4b" outcome="NotExecuted" testListId="8c84fa94-04c1-424b-9868-57a2d4851a1d">
    </UnitTestResult>
    <UnitTestResult executionId="4bc3ab83-e5b3-4b35-9d7e-a56397eceac9" testId="18e3273e-8266-bdcd-883d-0d2f6ae59e8a" testName="Test2" computerName="MIKE-NOTEBOOK2" duration="00:00:00" startTime="0001-01-01T08:00:00.0000000+08:00" endTime="0001-01-01T08:00:00.0000000+08:00" testType="13cdc9d9-ddb5-4fa4-a97d-d965ccfc6d4b" outcome="NotExecuted" testListId="8c84fa94-04c1-424b-9868-57a2d4851a1d">
    </UnitTestResult>
    <UnitTestResult executionId="452c4635-4cce-4fdd-8df7-17e2e8ec0ca2" testId="52a3e708-8a07-4c18-e430-74654c84f62a" testName="ParseSqlDataType" computerName="MIKE-NOTEBOOK2" duration="00:00:00" startTime="0001-01-01T08:00:00.0000000+08:00" endTime="0001-01-01T08:00:00.0000000+08:00" testType="13cdc9d9-ddb5-4fa4-a97d-d965ccfc6d4b" outcome="NotExecuted" testListId="8c84fa94-04c1-424b-9868-57a2d4851a1d">
    </UnitTestResult>
    <UnitTestResult executionId="7c7c3326-a1cb-4d5f-a1d4-ab65effecd61" testId="072ca1c4-6f11-89ea-d296-ae81b9ad2978" testName="FromType" computerName="MIKE-NOTEBOOK2" duration="00:00:00" startTime="0001-01-01T08:00:00.0000000+08:00" endTime="0001-01-01T08:00:00.0000000+08:00" testType="13cdc9d9-ddb5-4fa4-a97d-d965ccfc6d4b" outcome="NotExecuted" testListId="8c84fa94-04c1-424b-9868-57a2d4851a1d">
    </UnitTestResult>
    <UnitTestResult executionId="041bc2c8-c60d-4a89-872f-d56549d4b74c" testId="07550143-d418-5fd9-64c9-cf64c21f2ee6" testName="ToQueryString" computerName="MIKE-NOTEBOOK2" duration="00:00:00" startTime="0001-01-01T08:00:00.0000000+08:00" endTime="0001-01-01T08:00:00.0000000+08:00" testType="13cdc9d9-ddb5-4fa4-a97d-d965ccfc6d4b" outcome="NotExecuted" testListId="8c84fa94-04c1-424b-9868-57a2d4851a1d">
    </UnitTestResult>
    <UnitTestResult executionId="5b551e1c-1b2f-451f-a235-0d8a5bebc1bb" testId="26156562-09a1-af30-6e06-5eeeb8bd709f" testName="temp" computerName="MIKE-NOTEBOOK2" duration="00:00:00" startTime="0001-01-01T08:00:00.0000000+08:00" endTime="0001-01-01T08:00:00.0000000+08:00" testType="13cdc9d9-ddb5-4fa4-a97d-d965ccfc6d4b" outcome="NotExecuted" testListId="8c84fa94-04c1-424b-9868-57a2d4851a1d">
    </UnitTestResult>
    <UnitTestResult executionId="141df39f-6e6c-4ee7-a699-d2a29dd2e1b0" testId="2f5fcd1d-2d5a-5693-b53f-425f13ee0615" testName="ParseSqlDataType" computerName="MIKE-NOTEBOOK2" duration="00:00:00" startTime="0001-01-01T08:00:00.0000000+08:00" endTime="0001-01-01T08:00:00.0000000+08:00" testType="13cdc9d9-ddb5-4fa4-a97d-d965ccfc6d4b" outcome="NotExecuted" testListId="8c84fa94-04c1-424b-9868-57a2d4851a1d">
    </UnitTestResult>
    <UnitTestResult executionId="c9a78956-cc0c-4cf7-84be-67e04db39cd2" testId="449a0a5b-6a6e-b82c-f9a3-3f64f85d30df" testName="FromTypeTest" computerName="MIKE-NOTEBOOK2" duration="00:00:00" startTime="0001-01-01T08:00:00.0000000+08:00" endTime="0001-01-01T08:00:00.0000000+08:00" testType="13cdc9d9-ddb5-4fa4-a97d-d965ccfc6d4b" outcome="NotExecuted" testListId="8c84fa94-04c1-424b-9868-57a2d4851a1d">
    </UnitTestResult>
    <UnitTestResult executionId="568ea83e-748c-4bcd-8937-2754fe631d8f" testId="81129ea6-98ca-861b-2d4b-f0118e360b4c" testName="TestGuid" computerName="MIKE-NOTEBOOK2" duration="00:00:00" startTime="0001-01-01T08:00:00.0000000+08:00" endTime="0001-01-01T08:00:00.0000000+08:00" testType="13cdc9d9-ddb5-4fa4-a97d-d965ccfc6d4b" outcome="NotExecuted" testListId="8c84fa94-04c1-424b-9868-57a2d4851a1d">
    </UnitTestResult>
    <UnitTestResult executionId="3f3c1d71-1ca1-4ebf-8e40-d7322bcd717f" testId="9d8e69a1-c41a-8332-c507-874922e026e8" testName="CreateDatabase" computerName="MIKE-NOTEBOOK2" duration="00:00:00" startTime="0001-01-01T08:00:00.0000000+08:00" endTime="0001-01-01T08:00:00.0000000+08:00" testType="13cdc9d9-ddb5-4fa4-a97d-d965ccfc6d4b" outcome="NotExecuted" testListId="8c84fa94-04c1-424b-9868-57a2d4851a1d">
    </UnitTestResult>
    <UnitTestResult executionId="a1d50b2a-ccca-407a-8ca9-8d953f63f550" testId="9e7b864c-5939-d12d-3132-c4f442a8577b" testName="DataTypeTest" computerName="MIKE-NOTEBOOK2" duration="00:00:00" startTime="0001-01-01T08:00:00.0000000+08:00" endTime="0001-01-01T08:00:00.0000000+08:00" testType="13cdc9d9-ddb5-4fa4-a97d-d965ccfc6d4b" outcome="NotExecuted" testListId="8c84fa94-04c1-424b-9868-57a2d4851a1d">
    </UnitTestResult>
    <UnitTestResult executionId="258caef1-bbd5-42b1-bab6-28f00441324d" testId="4f27e2b2-3c65-27ba-6c12-8052cb013242" testName="ParseSqlDataType" computerName="MIKE-NOTEBOOK2" duration="00:00:00" startTime="0001-01-01T08:00:00.0000000+08:00" endTime="0001-01-01T08:00:00.0000000+08:00" testType="13cdc9d9-ddb5-4fa4-a97d-d965ccfc6d4b" outcome="NotExecuted" testListId="8c84fa94-04c1-424b-9868-57a2d4851a1d">
    </UnitTestResult>
    <UnitTestResult executionId="759fe412-bbda-4e22-abbc-37aa7aa26dc8" testId="987c993c-5946-9ba3-b6cf-d5dc51ec9444" testName="ParseSqlDataType" computerName="MIKE-NOTEBOOK2" duration="00:00:00" startTime="0001-01-01T08:00:00.0000000+08:00" endTime="0001-01-01T08:00:00.0000000+08:00" testType="13cdc9d9-ddb5-4fa4-a97d-d965ccfc6d4b" outcome="NotExecuted" testListId="8c84fa94-04c1-424b-9868-57a2d4851a1d">
    </UnitTestResult>
    <UnitTestResult executionId="0c3db939-ca8f-43b5-8b97-91af23450c6e" testId="aa5262e0-3b0f-e268-f011-da7ca3d3543f" testName="AddCategory" computerName="MIKE-NOTEBOOK2" duration="00:00:00" startTime="0001-01-01T08:00:00.0000000+08:00" endTime="0001-01-01T08:00:00.0000000+08:00" testType="13cdc9d9-ddb5-4fa4-a97d-d965ccfc6d4b" outcome="NotExecuted" testListId="8c84fa94-04c1-424b-9868-57a2d4851a1d">
    </UnitTestResult>
    <UnitTestResult executionId="3e7be825-2a24-4b35-a8d9-56edbc36c18a" testId="77a397f7-7a94-741b-64b4-7e5f00251a16" testName="GetCategoryName" computerName="MIKE-NOTEBOOK2" duration="00:00:00" startTime="0001-01-01T08:00:00.0000000+08:00" endTime="0001-01-01T08:00:00.0000000+08:00" testType="13cdc9d9-ddb5-4fa4-a97d-d965ccfc6d4b" outcome="NotExecuted" testListId="8c84fa94-04c1-424b-9868-57a2d4851a1d">
    </UnitTestResult>
    <UnitTestResult executionId="778891fc-4285-45c2-b6fd-0285f89f0a28" testId="a87a95c8-52d1-cf16-4456-78e8256e8e8e" testName="GetCategoriesCount" computerName="MIKE-NOTEBOOK2" duration="00:00:00" startTime="0001-01-01T08:00:00.0000000+08:00" endTime="0001-01-01T08:00:00.0000000+08:00" testType="13cdc9d9-ddb5-4fa4-a97d-d965ccfc6d4b" outcome="NotExecuted" testListId="8c84fa94-04c1-424b-9868-57a2d4851a1d">
    </UnitTestResult>
    <UnitTestResult executionId="f06169d7-f846-491b-adac-f7bb5340fb9b" testId="b3845b0e-6c79-5f7f-746c-cc7b962f74c0" testName="Test" computerName="MIKE-NOTEBOOK2" duration="00:00:00" startTime="0001-01-01T08:00:00.0000000+08:00" endTime="0001-01-01T08:00:00.0000000+08:00" testType="13cdc9d9-ddb5-4fa4-a97d-d965ccfc6d4b" outcome="NotExecuted" testListId="8c84fa94-04c1-424b-9868-57a2d4851a1d">
    </UnitTestResult>
    <UnitTestResult executionId="2921e462-6103-437a-b244-3453916042c5" testId="9bbc28c6-5214-8afc-6caa-ef7ad4967b9f" testName="GetAllCategories" computerName="MIKE-NOTEBOOK2" duration="00:00:00" startTime="0001-01-01T08:00:00.0000000+08:00" endTime="0001-01-01T08:00:00.0000000+08:00" testType="13cdc9d9-ddb5-4fa4-a97d-d965ccfc6d4b" outcome="NotExecuted" testListId="8c84fa94-04c1-424b-9868-57a2d4851a1d">
    </UnitTestResult>
    <UnitTestResult executionId="208c75ac-8e20-4773-bea0-8b7838072737" testId="82bd2174-04fa-2d42-4299-b9542e93b324" testName="GetCategoriesAndProducts" computerName="MIKE-NOTEBOOK2" duration="00:00:00" startTime="0001-01-01T08:00:00.0000000+08:00" endTime="0001-01-01T08:00:00.0000000+08:00" testType="13cdc9d9-ddb5-4fa4-a97d-d965ccfc6d4b" outcome="NotExecuted" testListId="8c84fa94-04c1-424b-9868-57a2d4851a1d">
    </UnitTestResult>
    <UnitTestResult executionId="d78979ab-8d5a-4f8f-a37b-cca50e899879" testId="fd9bd814-b146-70cb-c549-4c388031bdd6" testName="ParseSqlDataType" computerName="MIKE-NOTEBOOK2" duration="00:00:00" startTime="0001-01-01T08:00:00.0000000+08:00" endTime="0001-01-01T08:00:00.0000000+08:00" testType="13cdc9d9-ddb5-4fa4-a97d-d965ccfc6d4b" outcome="NotExecuted" testListId="8c84fa94-04c1-424b-9868-57a2d4851a1d">
    </UnitTestResult>
    <UnitTestResult executionId="760339da-7a21-4043-9a49-1a5631eeb7cf" testId="9e009a4e-d6c8-f138-20ab-22dc8ef64172" testName="FromTypeTest" computerName="MIKE-NOTEBOOK2" duration="00:00:00" startTime="0001-01-01T08:00:00.0000000+08:00" endTime="0001-01-01T08:00:00.0000000+08:00" testType="13cdc9d9-ddb5-4fa4-a97d-d965ccfc6d4b" outcome="NotExecuted" testListId="8c84fa94-04c1-424b-9868-57a2d4851a1d">
    </UnitTestResult>
    <UnitTestResult executionId="35d01104-9099-4144-b4c0-8b322441eb6a" testId="d24cf4b6-786b-9fa6-bb03-49a14d1d8e43" testName="FromObjectTest" computerName="MIKE-NOTEBOOK2" duration="00:00:00" startTime="0001-01-01T08:00:00.0000000+08:00" endTime="0001-01-01T08:00:00.0000000+08:00" testType="13cdc9d9-ddb5-4fa4-a97d-d965ccfc6d4b" outcome="NotExecuted" testListId="8c84fa94-04c1-424b-9868-57a2d4851a1d">
    </UnitTestResult>
    <UnitTestResult executionId="6bb4cca1-f04e-43d9-9452-a47c886655f6" testId="fc1b1b32-b130-288f-1db5-6ec10f73f980" testName="FromTypeTest" computerName="MIKE-NOTEBOOK2" duration="00:00:00" startTime="0001-01-01T08:00:00.0000000+08:00" endTime="0001-01-01T08:00:00.0000000+08:00" testType="13cdc9d9-ddb5-4fa4-a97d-d965ccfc6d4b" outcome="NotExecuted" testListId="8c84fa94-04c1-424b-9868-57a2d4851a1d">
    </UnitTestResult>
    <UnitTestResult executionId="6e9b390c-33f4-4654-a8b3-c10f88073423" testId="482e252f-ad62-249d-2c8a-e4eac06451d6" testName="ParseSqlDataType" computerName="MIKE-NOTEBOOK2" duration="00:00:00" startTime="0001-01-01T08:00:00.0000000+08:00" endTime="0001-01-01T08:00:00.0000000+08:00" testType="13cdc9d9-ddb5-4fa4-a97d-d965ccfc6d4b" outcome="NotExecuted" testListId="8c84fa94-04c1-424b-9868-57a2d4851a1d">
    </UnitTestResult>
    <UnitTestResult executionId="1c801623-4121-4c87-b488-6e052052fdcc" testId="6b1c513b-e93b-623a-6d0d-740fbae98db3" testName="TestGuid" computerName="MIKE-NOTEBOOK2" duration="00:00:00" startTime="0001-01-01T08:00:00.0000000+08:00" endTime="0001-01-01T08:00:00.0000000+08:00" testType="13cdc9d9-ddb5-4fa4-a97d-d965ccfc6d4b" outcome="NotExecuted" testListId="8c84fa94-04c1-424b-9868-57a2d4851a1d">
    </UnitTestResult>
    <UnitTestResult executionId="ae878987-156e-4834-9c1f-86241bf2c1b6" testId="ae0f5448-4a7e-79a7-0af6-678ea5cb3da6" testName="CreateDatabase" computerName="MIKE-NOTEBOOK2" duration="00:00:00" startTime="0001-01-01T08:00:00.0000000+08:00" endTime="0001-01-01T08:00:00.0000000+08:00" testType="13cdc9d9-ddb5-4fa4-a97d-d965ccfc6d4b" outcome="NotExecuted" testListId="8c84fa94-04c1-424b-9868-57a2d4851a1d">
    </UnitTestResult>
    <UnitTestResult executionId="8de2a008-475d-4851-a2a2-7bd601032936" testId="d574ab9e-ce0c-9e22-3938-64bd29a3ae5c" testName="DataTypeTest" computerName="MIKE-NOTEBOOK2" duration="00:00:00" startTime="0001-01-01T08:00:00.0000000+08:00" endTime="0001-01-01T08:00:00.0000000+08:00" testType="13cdc9d9-ddb5-4fa4-a97d-d965ccfc6d4b" outcome="NotExecuted" testListId="8c84fa94-04c1-424b-9868-57a2d4851a1d">
    </UnitTestResult>
    <UnitTestResult executionId="51eb5337-ad68-4838-a2c7-6608132cff6b" testId="a3bc2483-e9c8-af53-a8e3-edf72fc72f39" testName="CreateDatabase" computerName="MIKE-NOTEBOOK2" duration="00:00:00" startTime="0001-01-01T08:00:00.0000000+08:00" endTime="0001-01-01T08:00:00.0000000+08:00" testType="13cdc9d9-ddb5-4fa4-a97d-d965ccfc6d4b" outcome="NotExecuted" testListId="8c84fa94-04c1-424b-9868-57a2d4851a1d">
    </UnitTestResult>
    <UnitTestResult executionId="fd1be6bf-fb14-4fa7-9654-015dc659a90f" testId="41df3109-f453-22d8-bb52-45bd75905c8c" testName="StoreAndReuseQuery" computerName="MIKE-NOTEBOOK2" duration="00:00:00" startTime="0001-01-01T08:00:00.0000000+08:00" endTime="0001-01-01T08:00:00.0000000+08:00" testType="13cdc9d9-ddb5-4fa4-a97d-d965ccfc6d4b" outcome="NotExecuted" testListId="8c84fa94-04c1-424b-9868-57a2d4851a1d">
    </UnitTestResult>
    <UnitTestResult executionId="3ae61c97-1e15-44ea-b2f5-6362471e2a2f" testId="0518462c-0a9e-956b-f101-21236e62f866" testName="StringConnect" computerName="MIKE-NOTEBOOK2" duration="00:00:00" startTime="0001-01-01T08:00:00.0000000+08:00" endTime="0001-01-01T08:00:00.0000000+08:00" testType="13cdc9d9-ddb5-4fa4-a97d-d965ccfc6d4b" outcome="NotExecuted" testListId="8c84fa94-04c1-424b-9868-57a2d4851a1d">
    </UnitTestResult>
    <UnitTestResult executionId="de2fdf4e-80ae-4840-8eb7-b1c12bc88a5a" testId="83d8facb-7585-b7ca-6d7e-1bae904f50f2" testName="Functions" computerName="MIKE-NOTEBOOK2" duration="00:00:00" startTime="0001-01-01T08:00:00.0000000+08:00" endTime="0001-01-01T08:00:00.0000000+08:00" testType="13cdc9d9-ddb5-4fa4-a97d-d965ccfc6d4b" outcome="NotExecuted" testListId="8c84fa94-04c1-424b-9868-57a2d4851a1d">
    </UnitTestResult>
    <UnitTestResult executionId="e9475be3-8ba4-4035-bc49-f878de16fae6" testId="4daf9a5a-c7f1-60e5-eb24-84335ca08ee6" testName="CRUD_Insert2" computerName="MIKE-NOTEBOOK2" duration="00:00:00" startTime="0001-01-01T08:00:00.0000000+08:00" endTime="0001-01-01T08:00:00.0000000+08:00" testType="13cdc9d9-ddb5-4fa4-a97d-d965ccfc6d4b" outcome="NotExecuted" testListId="8c84fa94-04c1-424b-9868-57a2d4851a1d">
    </UnitTestResult>
    <UnitTestResult executionId="827fbb9a-da38-4f1e-a22d-d9d3803d2549" testId="1cadb5fe-6a3a-a171-652d-6abf4288fa2a" testName="OrderBy_Simple" computerName="MIKE-NOTEBOOK2" duration="00:00:00" startTime="0001-01-01T08:00:00.0000000+08:00" endTime="0001-01-01T08:00:00.0000000+08:00" testType="13cdc9d9-ddb5-4fa4-a97d-d965ccfc6d4b" outcome="NotExecuted" testListId="8c84fa94-04c1-424b-9868-57a2d4851a1d">
    </UnitTestResult>
    <UnitTestResult executionId="2c89799c-10a9-42c5-8685-42cf38482206" testId="b1f6f811-70b2-8342-65cc-b7282caec897" testName="DataType_Clob" computerName="MIKE-NOTEBOOK2" duration="00:00:00" startTime="0001-01-01T08:00:00.0000000+08:00" endTime="0001-01-01T08:00:00.0000000+08:00" testType="13cdc9d9-ddb5-4fa4-a97d-d965ccfc6d4b" outcome="NotExecuted" testListId="8c84fa94-04c1-424b-9868-57a2d4851a1d">
    </UnitTestResult>
    <UnitTestResult executionId="df24afdd-d5ea-4723-a16d-26d5807a2a4e" testId="e5d10e9f-212d-665c-4c10-f0872974c33d" testName="Bitwise" computerName="MIKE-NOTEBOOK2" duration="00:00:00" startTime="0001-01-01T08:00:00.0000000+08:00" endTime="0001-01-01T08:00:00.0000000+08:00" testType="13cdc9d9-ddb5-4fa4-a97d-d965ccfc6d4b" outcome="NotExecuted" testListId="8c84fa94-04c1-424b-9868-57a2d4851a1d">
    </UnitTestResult>
    <UnitTestResult executionId="51479848-a317-4b91-a8bc-0e4fe1e8f511" testId="609c74ea-71b2-0692-915c-77c8d8dc0a21" testName="TempTest" computerName="MIKE-NOTEBOOK2" duration="00:00:00" startTime="0001-01-01T08:00:00.0000000+08:00" endTime="0001-01-01T08:00:00.0000000+08:00" testType="13cdc9d9-ddb5-4fa4-a97d-d965ccfc6d4b" outcome="NotExecuted" testListId="8c84fa94-04c1-424b-9868-57a2d4851a1d">
    </UnitTestResult>
    <UnitTestResult executionId="e5cc3d63-119f-4422-9d41-2fa60307e64e" testId="b7c078fa-57e9-cb86-057e-94e4fb96bd50" testName="Aggregate_Null" computerName="MIKE-NOTEBOOK2" duration="00:00:00" startTime="0001-01-01T08:00:00.0000000+08:00" endTime="0001-01-01T08:00:00.0000000+08:00" testType="13cdc9d9-ddb5-4fa4-a97d-d965ccfc6d4b" outcome="NotExecuted" testListId="8c84fa94-04c1-424b-9868-57a2d4851a1d">
    </UnitTestResult>
    <UnitTestResult executionId="c28f0832-7b1e-402a-acfb-3c5ae3b659fa" testId="d9ea7e95-e3f1-344e-17e4-a2f041b75665" testName="GetDefaultValue" computerName="MIKE-NOTEBOOK2" duration="00:00:00" startTime="0001-01-01T08:00:00.0000000+08:00" endTime="0001-01-01T08:00:00.0000000+08:00" testType="13cdc9d9-ddb5-4fa4-a97d-d965ccfc6d4b" outcome="NotExecuted" testListId="8c84fa94-04c1-424b-9868-57a2d4851a1d">
    </UnitTestResult>
    <UnitTestResult executionId="b8c46db6-968f-4088-ae63-500b80e28be3" testId="ff860288-c069-0a43-7fcd-7eb6a31ded13" testName="Math_Abs" computerName="MIKE-NOTEBOOK2" duration="00:00:00" startTime="0001-01-01T08:00:00.0000000+08:00" endTime="0001-01-01T08:00:00.0000000+08:00" testType="13cdc9d9-ddb5-4fa4-a97d-d965ccfc6d4b" outcome="NotExecuted" testListId="8c84fa94-04c1-424b-9868-57a2d4851a1d">
    </UnitTestResult>
    <UnitTestResult executionId="a8dfaeee-e1f6-4917-8925-7dddb8b05774" testId="1a47fc4d-ce25-53e7-49b1-9e2a072330f3" testName="Math_Acos" computerName="MIKE-NOTEBOOK2" duration="00:00:00" startTime="0001-01-01T08:00:00.0000000+08:00" endTime="0001-01-01T08:00:00.0000000+08:00" testType="13cdc9d9-ddb5-4fa4-a97d-d965ccfc6d4b" outcome="NotExecuted" testListId="8c84fa94-04c1-424b-9868-57a2d4851a1d">
    </UnitTestResult>
    <UnitTestResult executionId="4485bb09-0a32-4fd4-82fd-f1750fce48cc" testId="f49fcdf1-7d39-22fa-a606-f8df21cb7d04" testName="Math_Asin" computerName="MIKE-NOTEBOOK2" duration="00:00:00" startTime="0001-01-01T08:00:00.0000000+08:00" endTime="0001-01-01T08:00:00.0000000+08:00" testType="13cdc9d9-ddb5-4fa4-a97d-d965ccfc6d4b" outcome="NotExecuted" testListId="8c84fa94-04c1-424b-9868-57a2d4851a1d">
    </UnitTestResult>
    <UnitTestResult executionId="86dcdabe-9a14-4807-aab7-890255f40cff" testId="4aa4e69f-6b62-28b9-47c9-3b010093ae40" testName="Math_Atan" computerName="MIKE-NOTEBOOK2" duration="00:00:00" startTime="0001-01-01T08:00:00.0000000+08:00" endTime="0001-01-01T08:00:00.0000000+08:00" testType="13cdc9d9-ddb5-4fa4-a97d-d965ccfc6d4b" outcome="NotExecuted" testListId="8c84fa94-04c1-424b-9868-57a2d4851a1d">
    </UnitTestResult>
    <UnitTestResult executionId="3c35de48-3029-43fa-bb9c-b524665f296b" testId="c3f5bee1-3b41-1308-d4d4-0edc1bb92264" testName="Math_Atan2" computerName="MIKE-NOTEBOOK2" duration="00:00:00" startTime="0001-01-01T08:00:00.0000000+08:00" endTime="0001-01-01T08:00:00.0000000+08:00" testType="13cdc9d9-ddb5-4fa4-a97d-d965ccfc6d4b" outcome="NotExecuted" testListId="8c84fa94-04c1-424b-9868-57a2d4851a1d">
    </UnitTestResult>
    <UnitTestResult executionId="e0a63ea0-66b3-4912-afe5-08a81a62538f" testId="9956db1a-ac65-3047-b467-8ae6324dee0e" testName="Math_BigMul" computerName="MIKE-NOTEBOOK2" duration="00:00:00" startTime="0001-01-01T08:00:00.0000000+08:00" endTime="0001-01-01T08:00:00.0000000+08:00" testType="13cdc9d9-ddb5-4fa4-a97d-d965ccfc6d4b" outcome="NotExecuted" testListId="8c84fa94-04c1-424b-9868-57a2d4851a1d">
    </UnitTestResult>
    <UnitTestResult executionId="76418c50-36dc-4d0c-98d6-57a37a44011f" testId="8dbba4ed-1037-6d7e-e510-fb1f31a2b04d" testName="Math_Ceiling" computerName="MIKE-NOTEBOOK2" duration="00:00:00" startTime="0001-01-01T08:00:00.0000000+08:00" endTime="0001-01-01T08:00:00.0000000+08:00" testType="13cdc9d9-ddb5-4fa4-a97d-d965ccfc6d4b" outcome="NotExecuted" testListId="8c84fa94-04c1-424b-9868-57a2d4851a1d">
    </UnitTestResult>
    <UnitTestResult executionId="1b447f54-b6ec-4c44-82b6-2b50be3863cc" testId="52b5ae33-6be9-4b42-8584-a628522919d9" testName="Math_Cos" computerName="MIKE-NOTEBOOK2" duration="00:00:00" startTime="0001-01-01T08:00:00.0000000+08:00" endTime="0001-01-01T08:00:00.0000000+08:00" testType="13cdc9d9-ddb5-4fa4-a97d-d965ccfc6d4b" outcome="NotExecuted" testListId="8c84fa94-04c1-424b-9868-57a2d4851a1d">
    </UnitTestResult>
    <UnitTestResult executionId="ec958700-839f-4fe8-ab96-404caeae33ea" testId="9f0ae5fd-ca6e-ce92-cc6d-bc20d4aa3f0b" testName="Math_Cosh" computerName="MIKE-NOTEBOOK2" duration="00:00:00" startTime="0001-01-01T08:00:00.0000000+08:00" endTime="0001-01-01T08:00:00.0000000+08:00" testType="13cdc9d9-ddb5-4fa4-a97d-d965ccfc6d4b" outcome="NotExecuted" testListId="8c84fa94-04c1-424b-9868-57a2d4851a1d">
    </UnitTestResult>
    <UnitTestResult executionId="0f4ba420-99cb-4311-aa08-5a6963c64975" testId="d6e2f211-cfd2-4d2a-d3d2-caa494d70ed4" testName="Math_DivRem" computerName="MIKE-NOTEBOOK2" duration="00:00:00" startTime="0001-01-01T08:00:00.0000000+08:00" endTime="0001-01-01T08:00:00.0000000+08:00" testType="13cdc9d9-ddb5-4fa4-a97d-d965ccfc6d4b" outcome="NotExecuted" testListId="8c84fa94-04c1-424b-9868-57a2d4851a1d">
    </UnitTestResult>
    <UnitTestResult executionId="7dca75da-8239-4566-8b58-dd56d0a080fb" testId="943929f8-6507-3945-7065-6363b126afbf" testName="Math_Exp" computerName="MIKE-NOTEBOOK2" duration="00:00:00" startTime="0001-01-01T08:00:00.0000000+08:00" endTime="0001-01-01T08:00:00.0000000+08:00" testType="13cdc9d9-ddb5-4fa4-a97d-d965ccfc6d4b" outcome="NotExecuted" testListId="8c84fa94-04c1-424b-9868-57a2d4851a1d">
    </UnitTestResult>
    <UnitTestResult executionId="e3473c55-c102-458c-b980-cffb0d9367bb" testId="fa3a0ec2-d497-256a-1c2d-53ab7b8a82ae" testName="Math_Floor" computerName="MIKE-NOTEBOOK2" duration="00:00:00" startTime="0001-01-01T08:00:00.0000000+08:00" endTime="0001-01-01T08:00:00.0000000+08:00" testType="13cdc9d9-ddb5-4fa4-a97d-d965ccfc6d4b" outcome="NotExecuted" testListId="8c84fa94-04c1-424b-9868-57a2d4851a1d">
    </UnitTestResult>
    <UnitTestResult executionId="abe81343-b4d4-436a-bd63-bb516cec6de9" testId="891bc34a-727b-72a7-f654-9ce753ca59cc" testName="Math_Log" computerName="MIKE-NOTEBOOK2" duration="00:00:00" startTime="0001-01-01T08:00:00.0000000+08:00" endTime="0001-01-01T08:00:00.0000000+08:00" testType="13cdc9d9-ddb5-4fa4-a97d-d965ccfc6d4b" outcome="NotExecuted" testListId="8c84fa94-04c1-424b-9868-57a2d4851a1d">
    </UnitTestResult>
    <UnitTestResult executionId="3ff44f3e-90c0-4a35-ba00-e213e2d26b06" testId="260ac7c4-b8fe-7867-7401-352302952b15" testName="Math_Log10" computerName="MIKE-NOTEBOOK2" duration="00:00:00" startTime="0001-01-01T08:00:00.0000000+08:00" endTime="0001-01-01T08:00:00.0000000+08:00" testType="13cdc9d9-ddb5-4fa4-a97d-d965ccfc6d4b" outcome="NotExecuted" testListId="8c84fa94-04c1-424b-9868-57a2d4851a1d">
    </UnitTestResult>
    <UnitTestResult executionId="0bc9be0c-5ebe-4188-b9a6-8ca5cd8c3751" testId="c1f40fc1-68db-3a27-549b-0b13dab3f353" testName="Math_Max" computerName="MIKE-NOTEBOOK2" duration="00:00:00" startTime="0001-01-01T08:00:00.0000000+08:00" endTime="0001-01-01T08:00:00.0000000+08:00" testType="13cdc9d9-ddb5-4fa4-a97d-d965ccfc6d4b" outcome="NotExecuted" testListId="8c84fa94-04c1-424b-9868-57a2d4851a1d">
    </UnitTestResult>
    <UnitTestResult executionId="2be5e1c4-6056-407a-b56a-41cb12230030" testId="71e26959-b11f-48f8-27e2-807c4f5f1b39" testName="Math_Min" computerName="MIKE-NOTEBOOK2" duration="00:00:00" startTime="0001-01-01T08:00:00.0000000+08:00" endTime="0001-01-01T08:00:00.0000000+08:00" testType="13cdc9d9-ddb5-4fa4-a97d-d965ccfc6d4b" outcome="NotExecuted" testListId="8c84fa94-04c1-424b-9868-57a2d4851a1d">
    </UnitTestResult>
    <UnitTestResult executionId="00f38cc9-eb03-4319-944e-0047ffc4f704" testId="07240822-409e-ef20-60e9-cc802d0ddc38" testName="Math_Pow" computerName="MIKE-NOTEBOOK2" duration="00:00:00" startTime="0001-01-01T08:00:00.0000000+08:00" endTime="0001-01-01T08:00:00.0000000+08:00" testType="13cdc9d9-ddb5-4fa4-a97d-d965ccfc6d4b" outcome="NotExecuted" testListId="8c84fa94-04c1-424b-9868-57a2d4851a1d">
    </UnitTestResult>
    <UnitTestResult executionId="6dea5b87-284c-435a-9be6-2b2ca1a96a49" testId="7b7998f5-e3f3-1a1a-357b-be337f0453f3" testName="Math_Round2" computerName="MIKE-NOTEBOOK2" duration="00:00:00" startTime="0001-01-01T08:00:00.0000000+08:00" endTime="0001-01-01T08:00:00.0000000+08:00" testType="13cdc9d9-ddb5-4fa4-a97d-d965ccfc6d4b" outcome="NotExecuted" testListId="8c84fa94-04c1-424b-9868-57a2d4851a1d">
    </UnitTestResult>
    <UnitTestResult executionId="3c774e35-8797-4f91-bc79-90c9f9b66d9c" testId="02b29050-6325-0313-5807-38e4a3011962" testName="Math_Sign" computerName="MIKE-NOTEBOOK2" duration="00:00:00" startTime="0001-01-01T08:00:00.0000000+08:00" endTime="0001-01-01T08:00:00.0000000+08:00" testType="13cdc9d9-ddb5-4fa4-a97d-d965ccfc6d4b" outcome="NotExecuted" testListId="8c84fa94-04c1-424b-9868-57a2d4851a1d">
    </UnitTestResult>
    <UnitTestResult executionId="74970027-f58c-4448-8587-804c2c5fa88b" testId="5345956f-79bc-77de-6c4d-d74b8b4422bf" testName="Math_Sin" computerName="MIKE-NOTEBOOK2" duration="00:00:00" startTime="0001-01-01T08:00:00.0000000+08:00" endTime="0001-01-01T08:00:00.0000000+08:00" testType="13cdc9d9-ddb5-4fa4-a97d-d965ccfc6d4b" outcome="NotExecuted" testListId="8c84fa94-04c1-424b-9868-57a2d4851a1d">
    </UnitTestResult>
    <UnitTestResult executionId="4f4dec6b-73bb-4885-8ccf-2b1dc5832b67" testId="739d063f-4f3d-cd06-b19e-ea1bccd21851" testName="Math_Sinh" computerName="MIKE-NOTEBOOK2" duration="00:00:00" startTime="0001-01-01T08:00:00.0000000+08:00" endTime="0001-01-01T08:00:00.0000000+08:00" testType="13cdc9d9-ddb5-4fa4-a97d-d965ccfc6d4b" outcome="NotExecuted" testListId="8c84fa94-04c1-424b-9868-57a2d4851a1d">
    </UnitTestResult>
    <UnitTestResult executionId="8fe239cb-993d-4db3-a412-84db7a0681fa" testId="c7609608-426f-be78-8518-bd7b60b982ae" testName="Math_Sqrt" computerName="MIKE-NOTEBOOK2" duration="00:00:00" startTime="0001-01-01T08:00:00.0000000+08:00" endTime="0001-01-01T08:00:00.0000000+08:00" testType="13cdc9d9-ddb5-4fa4-a97d-d965ccfc6d4b" outcome="NotExecuted" testListId="8c84fa94-04c1-424b-9868-57a2d4851a1d">
    </UnitTestResult>
    <UnitTestResult executionId="0774c1ae-9d2f-47f1-bb0f-35fcba145a22" testId="2efdc72d-b744-d9d5-0718-ebde5707c51e" testName="Math_Tan" computerName="MIKE-NOTEBOOK2" duration="00:00:00" startTime="0001-01-01T08:00:00.0000000+08:00" endTime="0001-01-01T08:00:00.0000000+08:00" testType="13cdc9d9-ddb5-4fa4-a97d-d965ccfc6d4b" outcome="NotExecuted" testListId="8c84fa94-04c1-424b-9868-57a2d4851a1d">
    </UnitTestResult>
    <UnitTestResult executionId="eb3c4a75-cc47-4901-b87c-b4569d7e03ac" testId="5f0481d0-2e31-ffd7-624f-7b1b675d3c51" testName="Math_Tanh" computerName="MIKE-NOTEBOOK2" duration="00:00:00" startTime="0001-01-01T08:00:00.0000000+08:00" endTime="0001-01-01T08:00:00.0000000+08:00" testType="13cdc9d9-ddb5-4fa4-a97d-d965ccfc6d4b" outcome="NotExecuted" testListId="8c84fa94-04c1-424b-9868-57a2d4851a1d">
    </UnitTestResult>
    <UnitTestResult executionId="73ab656b-07e4-4485-b128-ea2815689553" testId="35ea5a28-5ef6-51da-b4d3-5c377252d86a" testName="Math_Truncate1" computerName="MIKE-NOTEBOOK2" duration="00:00:00" startTime="0001-01-01T08:00:00.0000000+08:00" endTime="0001-01-01T08:00:00.0000000+08:00" testType="13cdc9d9-ddb5-4fa4-a97d-d965ccfc6d4b" outcome="NotExecuted" testListId="8c84fa94-04c1-424b-9868-57a2d4851a1d">
    </UnitTestResult>
    <UnitTestResult executionId="f476c466-f96f-4311-80fa-8cf9606d5964" testId="d979c62e-7f82-9721-fe54-d37412096597" testName="String_Clone" computerName="MIKE-NOTEBOOK2" duration="00:00:00" startTime="0001-01-01T08:00:00.0000000+08:00" endTime="0001-01-01T08:00:00.0000000+08:00" testType="13cdc9d9-ddb5-4fa4-a97d-d965ccfc6d4b" outcome="NotExecuted" testListId="8c84fa94-04c1-424b-9868-57a2d4851a1d">
    </UnitTestResult>
    <UnitTestResult executionId="bea8eee3-f8d4-43ad-b519-0fe05cd201f8" testId="a783b01b-aa6f-01f8-08de-c64dcdbfb9da" testName="String_CompareTo" computerName="MIKE-NOTEBOOK2" duration="00:00:00" startTime="0001-01-01T08:00:00.0000000+08:00" endTime="0001-01-01T08:00:00.0000000+08:00" testType="13cdc9d9-ddb5-4fa4-a97d-d965ccfc6d4b" outcome="NotExecuted" testListId="8c84fa94-04c1-424b-9868-57a2d4851a1d">
    </UnitTestResult>
    <UnitTestResult executionId="506ff083-8396-45fd-a54c-9aacb9f7c125" testId="5235631e-1fd1-9952-4581-3ffe0de7c8b2" testName="String_Contains" computerName="MIKE-NOTEBOOK2" duration="00:00:00" startTime="0001-01-01T08:00:00.0000000+08:00" endTime="0001-01-01T08:00:00.0000000+08:00" testType="13cdc9d9-ddb5-4fa4-a97d-d965ccfc6d4b" outcome="NotExecuted" testListId="8c84fa94-04c1-424b-9868-57a2d4851a1d">
    </UnitTestResult>
    <UnitTestResult executionId="c7f18c2c-8b92-4c10-90bc-40d40f944f03" testId="bc37a3dd-178b-523f-1121-64a00117864d" testName="String_EndsWith" computerName="MIKE-NOTEBOOK2" duration="00:00:00" startTime="0001-01-01T08:00:00.0000000+08:00" endTime="0001-01-01T08:00:00.0000000+08:00" testType="13cdc9d9-ddb5-4fa4-a97d-d965ccfc6d4b" outcome="NotExecuted" testListId="8c84fa94-04c1-424b-9868-57a2d4851a1d">
    </UnitTestResult>
    <UnitTestResult executionId="9dda758e-31b7-4cab-91ff-bdf302053b7d" testId="8e77c8a1-15e5-d64d-30fb-17d437aadf2b" testName="String_Equals1" computerName="MIKE-NOTEBOOK2" duration="00:00:00" startTime="0001-01-01T08:00:00.0000000+08:00" endTime="0001-01-01T08:00:00.0000000+08:00" testType="13cdc9d9-ddb5-4fa4-a97d-d965ccfc6d4b" outcome="NotExecuted" testListId="8c84fa94-04c1-424b-9868-57a2d4851a1d">
    </UnitTestResult>
    <UnitTestResult executionId="02bb8dac-0c6d-446a-bd38-d43eb978464c" testId="48cabb4a-d7ce-d709-b355-b5c0dad86238" testName="String_Equals2" computerName="MIKE-NOTEBOOK2" duration="00:00:00" startTime="0001-01-01T08:00:00.0000000+08:00" endTime="0001-01-01T08:00:00.0000000+08:00" testType="13cdc9d9-ddb5-4fa4-a97d-d965ccfc6d4b" outcome="NotExecuted" testListId="8c84fa94-04c1-424b-9868-57a2d4851a1d">
    </UnitTestResult>
    <UnitTestResult executionId="f44e190f-0dac-4408-bf41-42095728b464" testId="c7dd5055-397c-8af3-384f-22e031f9daff" testName="String_Equals3" computerName="MIKE-NOTEBOOK2" duration="00:00:00" startTime="0001-01-01T08:00:00.0000000+08:00" endTime="0001-01-01T08:00:00.0000000+08:00" testType="13cdc9d9-ddb5-4fa4-a97d-d965ccfc6d4b" outcome="NotExecuted" testListId="8c84fa94-04c1-424b-9868-57a2d4851a1d">
    </UnitTestResult>
    <UnitTestResult executionId="f83f5592-22fc-4e05-835e-d925cd2020e3" testId="2e38219c-18b0-dc57-cff1-e41c93919735" testName="String_IndexOf1" computerName="MIKE-NOTEBOOK2" duration="00:00:00" startTime="0001-01-01T08:00:00.0000000+08:00" endTime="0001-01-01T08:00:00.0000000+08:00" testType="13cdc9d9-ddb5-4fa4-a97d-d965ccfc6d4b" outcome="NotExecuted" testListId="8c84fa94-04c1-424b-9868-57a2d4851a1d">
    </UnitTestResult>
    <UnitTestResult executionId="c72668ed-6853-4d9c-9aa4-e7283492619a" testId="9610eb1e-1843-5029-b98a-7f8a0f3db054" testName="String_IndexOf2" computerName="MIKE-NOTEBOOK2" duration="00:00:00" startTime="0001-01-01T08:00:00.0000000+08:00" endTime="0001-01-01T08:00:00.0000000+08:00" testType="13cdc9d9-ddb5-4fa4-a97d-d965ccfc6d4b" outcome="NotExecuted" testListId="8c84fa94-04c1-424b-9868-57a2d4851a1d">
    </UnitTestResult>
    <UnitTestResult executionId="b5527e53-fc79-4d77-ab5e-ba4acae83965" testId="72d5b84c-719c-9875-8fed-9bfba67f2988" testName="String_IndexOf3" computerName="MIKE-NOTEBOOK2" duration="00:00:00" startTime="0001-01-01T08:00:00.0000000+08:00" endTime="0001-01-01T08:00:00.0000000+08:00" testType="13cdc9d9-ddb5-4fa4-a97d-d965ccfc6d4b" outcome="NotExecuted" testListId="8c84fa94-04c1-424b-9868-57a2d4851a1d">
    </UnitTestResult>
    <UnitTestResult executionId="60f3d59b-6b67-4124-96dd-fb65e2446139" testId="ca0a72bc-41ef-73fb-a08b-293b809059e7" testName="String_IndexOf4" computerName="MIKE-NOTEBOOK2" duration="00:00:00" startTime="0001-01-01T08:00:00.0000000+08:00" endTime="0001-01-01T08:00:00.0000000+08:00" testType="13cdc9d9-ddb5-4fa4-a97d-d965ccfc6d4b" outcome="NotExecuted" testListId="8c84fa94-04c1-424b-9868-57a2d4851a1d">
    </UnitTestResult>
    <UnitTestResult executionId="991fed91-a24e-4074-a92d-a543430f66dc" testId="39c10160-0fd8-b756-6081-4bd8cebf5398" testName="String_Insert" computerName="MIKE-NOTEBOOK2" duration="00:00:00" startTime="0001-01-01T08:00:00.0000000+08:00" endTime="0001-01-01T08:00:00.0000000+08:00" testType="13cdc9d9-ddb5-4fa4-a97d-d965ccfc6d4b" outcome="NotExecuted" testListId="8c84fa94-04c1-424b-9868-57a2d4851a1d">
    </UnitTestResult>
    <UnitTestResult executionId="f3e308df-92ec-411d-8149-657e4e1c13ca" testId="e5503714-9226-54a2-bf5b-e467be304ed5" testName="String_Length" computerName="MIKE-NOTEBOOK2" duration="00:00:00" startTime="0001-01-01T08:00:00.0000000+08:00" endTime="0001-01-01T08:00:00.0000000+08:00" testType="13cdc9d9-ddb5-4fa4-a97d-d965ccfc6d4b" outcome="NotExecuted" testListId="8c84fa94-04c1-424b-9868-57a2d4851a1d">
    </UnitTestResult>
    <UnitTestResult executionId="12bd67c2-0673-487a-a972-1fc02d5faf88" testId="c28d8a33-c654-c412-0d1e-9bc43aece6ba" testName="String_Substring1" computerName="MIKE-NOTEBOOK2" duration="00:00:00" startTime="0001-01-01T08:00:00.0000000+08:00" endTime="0001-01-01T08:00:00.0000000+08:00" testType="13cdc9d9-ddb5-4fa4-a97d-d965ccfc6d4b" outcome="NotExecuted" testListId="8c84fa94-04c1-424b-9868-57a2d4851a1d">
    </UnitTestResult>
    <UnitTestResult executionId="4b43bded-9ddd-4a6c-880d-3af1e8f77b9f" testId="86ec4d1f-0a9b-3803-1c4b-3df03fb2e81f" testName="String_Substring2" computerName="MIKE-NOTEBOOK2" duration="00:00:00" startTime="0001-01-01T08:00:00.0000000+08:00" endTime="0001-01-01T08:00:00.0000000+08:00" testType="13cdc9d9-ddb5-4fa4-a97d-d965ccfc6d4b" outcome="NotExecuted" testListId="8c84fa94-04c1-424b-9868-57a2d4851a1d">
    </UnitTestResult>
    <UnitTestResult executionId="d8f927cb-8a91-472a-afa9-02d26406fa8f" testId="b6f00e6c-2acd-39c9-11fd-354aa2424ecb" testName="String_ToLower1" computerName="MIKE-NOTEBOOK2" duration="00:00:00" startTime="0001-01-01T08:00:00.0000000+08:00" endTime="0001-01-01T08:00:00.0000000+08:00" testType="13cdc9d9-ddb5-4fa4-a97d-d965ccfc6d4b" outcome="NotExecuted" testListId="8c84fa94-04c1-424b-9868-57a2d4851a1d">
    </UnitTestResult>
    <UnitTestResult executionId="b8f334d1-9bb8-431f-b915-ea771e5795a4" testId="5cfbeca4-2adc-a864-8294-f3979199299e" testName="String_ToLower2" computerName="MIKE-NOTEBOOK2" duration="00:00:00" startTime="0001-01-01T08:00:00.0000000+08:00" endTime="0001-01-01T08:00:00.0000000+08:00" testType="13cdc9d9-ddb5-4fa4-a97d-d965ccfc6d4b" outcome="NotExecuted" testListId="8c84fa94-04c1-424b-9868-57a2d4851a1d">
    </UnitTestResult>
    <UnitTestResult executionId="0e3f510f-194d-48f6-b6b1-87141b165aac" testId="97bb19d6-6a8c-4d6a-17a3-a8f35522dd93" testName="String_ToLowerInvariant" computerName="MIKE-NOTEBOOK2" duration="00:00:00" startTime="0001-01-01T08:00:00.0000000+08:00" endTime="0001-01-01T08:00:00.0000000+08:00" testType="13cdc9d9-ddb5-4fa4-a97d-d965ccfc6d4b" outcome="NotExecuted" testListId="8c84fa94-04c1-424b-9868-57a2d4851a1d">
    </UnitTestResult>
    <UnitTestResult executionId="6f90c67f-d4f2-449f-878a-5427417835a3" testId="13b8df45-3a3a-fd2b-ca60-492a49accd71" testName="String_ToUpper1" computerName="MIKE-NOTEBOOK2" duration="00:00:00" startTime="0001-01-01T08:00:00.0000000+08:00" endTime="0001-01-01T08:00:00.0000000+08:00" testType="13cdc9d9-ddb5-4fa4-a97d-d965ccfc6d4b" outcome="NotExecuted" testListId="8c84fa94-04c1-424b-9868-57a2d4851a1d">
    </UnitTestResult>
    <UnitTestResult executionId="d0f2d4c4-ce5e-4ee7-91bc-3bfcc1ba5362" testId="525d94f5-8e09-7ad8-7959-d03c1c3c087c" testName="String_ToUpper2" computerName="MIKE-NOTEBOOK2" duration="00:00:00" startTime="0001-01-01T08:00:00.0000000+08:00" endTime="0001-01-01T08:00:00.0000000+08:00" testType="13cdc9d9-ddb5-4fa4-a97d-d965ccfc6d4b" outcome="NotExecuted" testListId="8c84fa94-04c1-424b-9868-57a2d4851a1d">
    </UnitTestResult>
    <UnitTestResult executionId="075386b0-7779-474b-a895-d43d56c639e5" testId="7a08f0cc-3b6e-6229-a9d0-4c345eaddc45" testName="String_ToUpperInvariant" computerName="MIKE-NOTEBOOK2" duration="00:00:00" startTime="0001-01-01T08:00:00.0000000+08:00" endTime="0001-01-01T08:00:00.0000000+08:00" testType="13cdc9d9-ddb5-4fa4-a97d-d965ccfc6d4b" outcome="NotExecuted" testListId="8c84fa94-04c1-424b-9868-57a2d4851a1d">
    </UnitTestResult>
    <UnitTestResult executionId="bfe54568-418f-4cc8-a438-9955ac586fd7" testId="8a9666b3-1250-118c-2a95-776d5b095dd6" testName="String_Trim1" computerName="MIKE-NOTEBOOK2" duration="00:00:00" startTime="0001-01-01T08:00:00.0000000+08:00" endTime="0001-01-01T08:00:00.0000000+08:00" testType="13cdc9d9-ddb5-4fa4-a97d-d965ccfc6d4b" outcome="NotExecuted" testListId="8c84fa94-04c1-424b-9868-57a2d4851a1d">
    </UnitTestResult>
    <UnitTestResult executionId="3e40566a-7dbf-4746-a71e-d44790e46f5a" testId="af41afe6-d0b3-fecd-338c-e86f2b4c42a4" testName="String_Char" computerName="MIKE-NOTEBOOK2" duration="00:00:00" startTime="0001-01-01T08:00:00.0000000+08:00" endTime="0001-01-01T08:00:00.0000000+08:00" testType="13cdc9d9-ddb5-4fa4-a97d-d965ccfc6d4b" outcome="NotExecuted" testListId="8c84fa94-04c1-424b-9868-57a2d4851a1d">
    </UnitTestResult>
    <UnitTestResult executionId="f4e3572e-ecbd-4286-b791-2a8b58b4ee30" testId="68a68e6e-1f36-b960-59a6-83d841b0033a" testName="DateTime_Add" computerName="MIKE-NOTEBOOK2" duration="00:00:00" startTime="0001-01-01T08:00:00.0000000+08:00" endTime="0001-01-01T08:00:00.0000000+08:00" testType="13cdc9d9-ddb5-4fa4-a97d-d965ccfc6d4b" outcome="NotExecuted" testListId="8c84fa94-04c1-424b-9868-57a2d4851a1d">
    </UnitTestResult>
    <UnitTestResult executionId="654216ff-bce3-4430-a180-6de937ccc38a" testId="7ea418ab-a03e-6af8-af06-b505491aadce" testName="DateTime_AddDays" computerName="MIKE-NOTEBOOK2" duration="00:00:00" startTime="0001-01-01T08:00:00.0000000+08:00" endTime="0001-01-01T08:00:00.0000000+08:00" testType="13cdc9d9-ddb5-4fa4-a97d-d965ccfc6d4b" outcome="NotExecuted" testListId="8c84fa94-04c1-424b-9868-57a2d4851a1d">
    </UnitTestResult>
    <UnitTestResult executionId="54076877-0f23-45f1-9d78-646fa3c7e0bb" testId="5784a10b-9cf9-706a-2cdf-0a1313345448" testName="DateTime_AddHours" computerName="MIKE-NOTEBOOK2" duration="00:00:00" startTime="0001-01-01T08:00:00.0000000+08:00" endTime="0001-01-01T08:00:00.0000000+08:00" testType="13cdc9d9-ddb5-4fa4-a97d-d965ccfc6d4b" outcome="NotExecuted" testListId="8c84fa94-04c1-424b-9868-57a2d4851a1d">
    </UnitTestResult>
    <UnitTestResult executionId="d50bb20e-ae30-400f-880a-b8c53b1331d5" testId="fd5bc2ed-50a5-6c17-76b7-99af3dd18493" testName="DateTime_AddMinutes" computerName="MIKE-NOTEBOOK2" duration="00:00:00" startTime="0001-01-01T08:00:00.0000000+08:00" endTime="0001-01-01T08:00:00.0000000+08:00" testType="13cdc9d9-ddb5-4fa4-a97d-d965ccfc6d4b" outcome="NotExecuted" testListId="8c84fa94-04c1-424b-9868-57a2d4851a1d">
    </UnitTestResult>
    <UnitTestResult executionId="f668e9a9-e875-4abc-962b-ea25608ea861" testId="b521e46d-627f-4c61-9b4a-abee4c7fe168" testName="DateTime_AddMonths" computerName="MIKE-NOTEBOOK2" duration="00:00:00" startTime="0001-01-01T08:00:00.0000000+08:00" endTime="0001-01-01T08:00:00.0000000+08:00" testType="13cdc9d9-ddb5-4fa4-a97d-d965ccfc6d4b" outcome="NotExecuted" testListId="8c84fa94-04c1-424b-9868-57a2d4851a1d">
    </UnitTestResult>
    <UnitTestResult executionId="f5d1be1a-febb-4e37-a3f9-90cf326022c4" testId="13baba77-76f3-2e3c-2a91-91c5794902ba" testName="DateTime_AddSeconds" computerName="MIKE-NOTEBOOK2" duration="00:00:00" startTime="0001-01-01T08:00:00.0000000+08:00" endTime="0001-01-01T08:00:00.0000000+08:00" testType="13cdc9d9-ddb5-4fa4-a97d-d965ccfc6d4b" outcome="NotExecuted" testListId="8c84fa94-04c1-424b-9868-57a2d4851a1d">
    </UnitTestResult>
    <UnitTestResult executionId="598bbb5f-2619-4871-9433-bd0fb3e645cf" testId="31c84030-d050-ff0d-d2ea-56e4b44bc503" testName="DateTime_AddYears" computerName="MIKE-NOTEBOOK2" duration="00:00:00" startTime="0001-01-01T08:00:00.0000000+08:00" endTime="0001-01-01T08:00:00.0000000+08:00" testType="13cdc9d9-ddb5-4fa4-a97d-d965ccfc6d4b" outcome="NotExecuted" testListId="8c84fa94-04c1-424b-9868-57a2d4851a1d">
    </UnitTestResult>
    <UnitTestResult executionId="90c4d7ea-13d9-45b1-8ef3-4339f90487c8" testId="88a76547-7d15-e240-3736-2b59740fd663" testName="DateTime_ToLoaclTime" computerName="MIKE-NOTEBOOK2" duration="00:00:00" startTime="0001-01-01T08:00:00.0000000+08:00" endTime="0001-01-01T08:00:00.0000000+08:00" testType="13cdc9d9-ddb5-4fa4-a97d-d965ccfc6d4b" outcome="NotExecuted" testListId="8c84fa94-04c1-424b-9868-57a2d4851a1d">
    </UnitTestResult>
    <UnitTestResult executionId="8ba0aa0d-87a2-4b95-a0b0-63bee25de743" testId="d8e4201d-038c-73c8-979c-76743986f140" testName="DateTime_Subtract" computerName="MIKE-NOTEBOOK2" duration="00:00:00" startTime="0001-01-01T08:00:00.0000000+08:00" endTime="0001-01-01T08:00:00.0000000+08:00" testType="13cdc9d9-ddb5-4fa4-a97d-d965ccfc6d4b" outcome="NotExecuted" testListId="8c84fa94-04c1-424b-9868-57a2d4851a1d">
    </UnitTestResult>
    <UnitTestResult executionId="c60b9451-572c-44f6-8857-3ed6215305ac" testId="29403d46-fd7f-0efe-0ad9-ff1a8c6e2dc1" testName="DateTime_Hour" computerName="MIKE-NOTEBOOK2" duration="00:00:00" startTime="0001-01-01T08:00:00.0000000+08:00" endTime="0001-01-01T08:00:00.0000000+08:00" testType="13cdc9d9-ddb5-4fa4-a97d-d965ccfc6d4b" outcome="NotExecuted" testListId="8c84fa94-04c1-424b-9868-57a2d4851a1d">
    </UnitTestResult>
    <UnitTestResult executionId="70910779-d9c6-4364-9c89-798dae33a58b" testId="9000f88d-3376-ac5b-3a9f-14f6b58d4f57" testName="DateTime_Minute" computerName="MIKE-NOTEBOOK2" duration="00:00:00" startTime="0001-01-01T08:00:00.0000000+08:00" endTime="0001-01-01T08:00:00.0000000+08:00" testType="13cdc9d9-ddb5-4fa4-a97d-d965ccfc6d4b" outcome="NotExecuted" testListId="8c84fa94-04c1-424b-9868-57a2d4851a1d">
    </UnitTestResult>
    <UnitTestResult executionId="e3819b40-891c-4088-b7be-19f37da39dce" testId="644b00ce-6649-cf09-eb70-354a83b4869b" testName="DateTime_Second" computerName="MIKE-NOTEBOOK2" duration="00:00:00" startTime="0001-01-01T08:00:00.0000000+08:00" endTime="0001-01-01T08:00:00.0000000+08:00" testType="13cdc9d9-ddb5-4fa4-a97d-d965ccfc6d4b" outcome="NotExecuted" testListId="8c84fa94-04c1-424b-9868-57a2d4851a1d">
    </UnitTestResult>
    <UnitTestResult executionId="4cd1db08-2ad4-4628-97ec-fe303deb6bdf" testId="f2de044a-2c0e-8222-f682-36bfe523783e" testName="DateTime_DayOfWeek" computerName="MIKE-NOTEBOOK2" duration="00:00:00" startTime="0001-01-01T08:00:00.0000000+08:00" endTime="0001-01-01T08:00:00.0000000+08:00" testType="13cdc9d9-ddb5-4fa4-a97d-d965ccfc6d4b" outcome="NotExecuted" testListId="8c84fa94-04c1-424b-9868-57a2d4851a1d">
    </UnitTestResult>
    <UnitTestResult executionId="d85aa6a2-291c-4dac-a12f-65fa3fe11263" testId="b566ced7-5033-0bc8-8e6d-1ee7393f003b" testName="DateTime_DayOfYear" computerName="MIKE-NOTEBOOK2" duration="00:00:00" startTime="0001-01-01T08:00:00.0000000+08:00" endTime="0001-01-01T08:00:00.0000000+08:00" testType="13cdc9d9-ddb5-4fa4-a97d-d965ccfc6d4b" outcome="NotExecuted" testListId="8c84fa94-04c1-424b-9868-57a2d4851a1d">
    </UnitTestResult>
    <UnitTestResult executionId="57f0d6e4-f631-485d-be53-ddc521f0d546" testId="6637dbfc-b39d-491e-1e4e-7796ea7e2932" testName="DateTime_ToString" computerName="MIKE-NOTEBOOK2" duration="00:00:00" startTime="0001-01-01T08:00:00.0000000+08:00" endTime="0001-01-01T08:00:00.0000000+08:00" testType="13cdc9d9-ddb5-4fa4-a97d-d965ccfc6d4b" outcome="NotExecuted" testListId="8c84fa94-04c1-424b-9868-57a2d4851a1d">
    </UnitTestResult>
    <UnitTestResult executionId="9a650c84-a2f2-4f2b-beb9-f6b91a51423b" testId="1937beaf-4eb7-515e-ae0c-33be3bc35bcc" testName="Convert_ToBoolean" computerName="MIKE-NOTEBOOK2" duration="00:00:00" startTime="0001-01-01T08:00:00.0000000+08:00" endTime="0001-01-01T08:00:00.0000000+08:00" testType="13cdc9d9-ddb5-4fa4-a97d-d965ccfc6d4b" outcome="NotExecuted" testListId="8c84fa94-04c1-424b-9868-57a2d4851a1d">
    </UnitTestResult>
    <UnitTestResult executionId="fab15d96-ceb5-44be-9ac6-0357a8afd3e4" testId="dfc46115-f8f3-cb83-4245-c3ec079e6b07" testName="Convert_ToByte" computerName="MIKE-NOTEBOOK2" duration="00:00:00" startTime="0001-01-01T08:00:00.0000000+08:00" endTime="0001-01-01T08:00:00.0000000+08:00" testType="13cdc9d9-ddb5-4fa4-a97d-d965ccfc6d4b" outcome="NotExecuted" testListId="8c84fa94-04c1-424b-9868-57a2d4851a1d">
    </UnitTestResult>
    <UnitTestResult executionId="7f83ab60-d607-4a7e-8264-f7a291f01674" testId="1674267a-845a-a171-ef0b-f481015b2ce3" testName="Convert_ToInt32" computerName="MIKE-NOTEBOOK2" duration="00:00:00" startTime="0001-01-01T08:00:00.0000000+08:00" endTime="0001-01-01T08:00:00.0000000+08:00" testType="13cdc9d9-ddb5-4fa4-a97d-d965ccfc6d4b" outcome="NotExecuted" testListId="8c84fa94-04c1-424b-9868-57a2d4851a1d">
    </UnitTestResult>
    <UnitTestResult executionId="41943513-c45a-4947-b1b7-33603a7ec2ec" testId="949df617-0d2b-8786-3cab-5f00ec5d9a77" testName="Convert_ToInt64" computerName="MIKE-NOTEBOOK2" duration="00:00:00" startTime="0001-01-01T08:00:00.0000000+08:00" endTime="0001-01-01T08:00:00.0000000+08:00" testType="13cdc9d9-ddb5-4fa4-a97d-d965ccfc6d4b" outcome="NotExecuted" testListId="8c84fa94-04c1-424b-9868-57a2d4851a1d">
    </UnitTestResult>
    <UnitTestResult executionId="3c50b2c7-2f53-4475-bac7-2704640f20d0" testId="3597cb40-32eb-637e-6510-743ceb99ca42" testName="Convert_ToSByte" computerName="MIKE-NOTEBOOK2" duration="00:00:00" startTime="0001-01-01T08:00:00.0000000+08:00" endTime="0001-01-01T08:00:00.0000000+08:00" testType="13cdc9d9-ddb5-4fa4-a97d-d965ccfc6d4b" outcome="NotExecuted" testListId="8c84fa94-04c1-424b-9868-57a2d4851a1d">
    </UnitTestResult>
    <UnitTestResult executionId="dce0b8da-0b4a-432f-ad43-cd68754fb537" testId="03ca68dc-5bbf-4a08-fe47-7025b07b0664" testName="Convert_ToSingle" computerName="MIKE-NOTEBOOK2" duration="00:00:00" startTime="0001-01-01T08:00:00.0000000+08:00" endTime="0001-01-01T08:00:00.0000000+08:00" testType="13cdc9d9-ddb5-4fa4-a97d-d965ccfc6d4b" outcome="NotExecuted" testListId="8c84fa94-04c1-424b-9868-57a2d4851a1d">
    </UnitTestResult>
    <UnitTestResult executionId="08606948-25cd-4d72-8723-b550e3eead29" testId="c5e06805-8518-b12d-bc52-4f8c3b19376b" testName="Convert_ToString" computerName="MIKE-NOTEBOOK2" duration="00:00:00" startTime="0001-01-01T08:00:00.0000000+08:00" endTime="0001-01-01T08:00:00.0000000+08:00" testType="13cdc9d9-ddb5-4fa4-a97d-d965ccfc6d4b" outcome="NotExecuted" testListId="8c84fa94-04c1-424b-9868-57a2d4851a1d">
    </UnitTestResult>
    <UnitTestResult executionId="301c7c49-e8fb-4257-b709-13f0e28068ac" testId="a72ecf7d-ff26-fb5c-9c4e-ea75accee38a" testName="Convert_ToDateTime" computerName="MIKE-NOTEBOOK2" duration="00:00:00" startTime="0001-01-01T08:00:00.0000000+08:00" endTime="0001-01-01T08:00:00.0000000+08:00" testType="13cdc9d9-ddb5-4fa4-a97d-d965ccfc6d4b" outcome="NotExecuted" testListId="8c84fa94-04c1-424b-9868-57a2d4851a1d">
    </UnitTestResult>
    <UnitTestResult executionId="cb14fb89-d62b-43d8-8d2b-c5eba0a0db40" testId="39ebd7a9-5cbc-990f-7245-e31c6010c50c" testName="SqlMethod_Len" computerName="MIKE-NOTEBOOK2" duration="00:00:00" startTime="0001-01-01T08:00:00.0000000+08:00" endTime="0001-01-01T08:00:00.0000000+08:00" testType="13cdc9d9-ddb5-4fa4-a97d-d965ccfc6d4b" outcome="NotExecuted" testListId="8c84fa94-04c1-424b-9868-57a2d4851a1d">
    </UnitTestResult>
    <UnitTestResult executionId="15942186-e1f8-4072-96ee-a1648ff6130c" testId="d3dc19e6-db0b-5237-e4b8-ac6b873a8a8c" testName="SqlMethod_Remote" computerName="MIKE-NOTEBOOK2" duration="00:00:00" startTime="0001-01-01T08:00:00.0000000+08:00" endTime="0001-01-01T08:00:00.0000000+08:00" testType="13cdc9d9-ddb5-4fa4-a97d-d965ccfc6d4b" outcome="NotExecuted" testListId="8c84fa94-04c1-424b-9868-57a2d4851a1d">
    </UnitTestResult>
    <UnitTestResult executionId="3a24b43f-2917-4be6-bff5-6c0413d25372" testId="21ef9fdc-8202-ab18-267f-02b394ae4f02" testName="CRUD_Update1" computerName="MIKE-NOTEBOOK2" duration="00:00:00" startTime="0001-01-01T08:00:00.0000000+08:00" endTime="0001-01-01T08:00:00.0000000+08:00" testType="13cdc9d9-ddb5-4fa4-a97d-d965ccfc6d4b" outcome="NotExecuted" testListId="8c84fa94-04c1-424b-9868-57a2d4851a1d">
    </UnitTestResult>
    <UnitTestResult executionId="094b361e-b62f-4c43-b6f8-da68d3669fe4" testId="df8792c4-cfb3-5822-6d51-e0b1d62aa544" testName="CRUD_Update2" computerName="MIKE-NOTEBOOK2" duration="00:00:00" startTime="0001-01-01T08:00:00.0000000+08:00" endTime="0001-01-01T08:00:00.0000000+08:00" testType="13cdc9d9-ddb5-4fa4-a97d-d965ccfc6d4b" outcome="NotExecuted" testListId="8c84fa94-04c1-424b-9868-57a2d4851a1d">
    </UnitTestResult>
    <UnitTestResult executionId="328309ee-8bd6-48f2-acea-0fcbc6bf8fa3" testId="5a180a69-aec5-09bc-27c3-158da5c3d5c9" testName="CRUD_Update3" computerName="MIKE-NOTEBOOK2" duration="00:00:00" startTime="0001-01-01T08:00:00.0000000+08:00" endTime="0001-01-01T08:00:00.0000000+08:00" testType="13cdc9d9-ddb5-4fa4-a97d-d965ccfc6d4b" outcome="NotExecuted" testListId="8c84fa94-04c1-424b-9868-57a2d4851a1d">
    </UnitTestResult>
    <UnitTestResult executionId="c0f32764-8a3f-4b8d-bbb2-c6df43358bef" testId="bb2dd81c-c7f1-1346-dba9-90a0c150eafc" testName="CRUD_Update4" computerName="MIKE-NOTEBOOK2" duration="00:00:00" startTime="0001-01-01T08:00:00.0000000+08:00" endTime="0001-01-01T08:00:00.0000000+08:00" testType="13cdc9d9-ddb5-4fa4-a97d-d965ccfc6d4b" outcome="NotExecuted" testListId="8c84fa94-04c1-424b-9868-57a2d4851a1d">
    </UnitTestResult>
    <UnitTestResult executionId="fb112ca5-fb52-4313-8056-8f9fd99d2f9e" testId="5462f478-66d6-32ae-3d4b-d28a5975a06d" testName="CRUD_Delete1" computerName="MIKE-NOTEBOOK2" duration="00:00:00" startTime="0001-01-01T08:00:00.0000000+08:00" endTime="0001-01-01T08:00:00.0000000+08:00" testType="13cdc9d9-ddb5-4fa4-a97d-d965ccfc6d4b" outcome="NotExecuted" testListId="8c84fa94-04c1-424b-9868-57a2d4851a1d">
    </UnitTestResult>
    <UnitTestResult executionId="b264baf2-a1c1-4bff-9cb1-baacb1c7957d" testId="e7f95bb8-2b2d-3176-1ca0-9b1c84b38a35" testName="CRUD_Delete2" computerName="MIKE-NOTEBOOK2" duration="00:00:00" startTime="0001-01-01T08:00:00.0000000+08:00" endTime="0001-01-01T08:00:00.0000000+08:00" testType="13cdc9d9-ddb5-4fa4-a97d-d965ccfc6d4b" outcome="NotExecuted" testListId="8c84fa94-04c1-424b-9868-57a2d4851a1d">
    </UnitTestResult>
    <UnitTestResult executionId="b17617d6-f7a7-4a35-9e7a-8ea43254a1d6" testId="7d243fcc-5e7e-a84b-ce15-5efe9f076c3f" testName="CRUD_Insert1" computerName="MIKE-NOTEBOOK2" duration="00:00:00" startTime="0001-01-01T08:00:00.0000000+08:00" endTime="0001-01-01T08:00:00.0000000+08:00" testType="13cdc9d9-ddb5-4fa4-a97d-d965ccfc6d4b" outcome="NotExecuted" testListId="8c84fa94-04c1-424b-9868-57a2d4851a1d">
    </UnitTestResult>
    <UnitTestResult executionId="ef74d0a3-7293-4331-850e-2e73973f8b1e" testId="75399432-7f36-c8e2-956e-cd51f47219f0" testName="String_NullSelect" computerName="MIKE-NOTEBOOK2" duration="00:00:00" startTime="0001-01-01T08:00:00.0000000+08:00" endTime="0001-01-01T08:00:00.0000000+08:00" testType="13cdc9d9-ddb5-4fa4-a97d-d965ccfc6d4b" outcome="NotExecuted" testListId="8c84fa94-04c1-424b-9868-57a2d4851a1d">
    </UnitTestResult>
    <UnitTestResult executionId="1e70a90a-e4cb-4004-b9fe-09e767863864" testId="f6bf263f-4d46-0ce1-a624-5a7ed6b52c40" testName="IfEqualTest" computerName="MIKE-NOTEBOOK2" duration="00:00:00" startTime="0001-01-01T08:00:00.0000000+08:00" endTime="0001-01-01T08:00:00.0000000+08:00" testType="13cdc9d9-ddb5-4fa4-a97d-d965ccfc6d4b" outcome="NotExecuted" testListId="8c84fa94-04c1-424b-9868-57a2d4851a1d">
    </UnitTestResult>
    <UnitTestResult executionId="4263b52e-4e4d-4512-947f-3b916bb3c217" testId="b2520b9e-7740-bf67-b685-d32cef560baa" testName="CreateTale" computerName="MIKE-NOTEBOOK2" duration="00:00:00" startTime="0001-01-01T08:00:00.0000000+08:00" endTime="0001-01-01T08:00:00.0000000+08:00" testType="13cdc9d9-ddb5-4fa4-a97d-d965ccfc6d4b" outcome="NotExecuted" testListId="8c84fa94-04c1-424b-9868-57a2d4851a1d">
    </UnitTestResult>
    <UnitTestResult executionId="ba81d1cf-b695-4c06-a922-ec42d15d910b" testId="a72fd69e-4937-3640-911a-c831b2d05ad0" testName="DeleteTable" computerName="MIKE-NOTEBOOK2" duration="00:00:00" startTime="0001-01-01T08:00:00.0000000+08:00" endTime="0001-01-01T08:00:00.0000000+08:00" testType="13cdc9d9-ddb5-4fa4-a97d-d965ccfc6d4b" outcome="NotExecuted" testListId="8c84fa94-04c1-424b-9868-57a2d4851a1d">
    </UnitTestResult>
    <UnitTestResult executionId="00cfa218-14ac-47e3-8392-8070caa76642" testId="b50cdcae-c55b-492a-4e02-0af93c50c2f1" testName="TableExists" computerName="MIKE-NOTEBOOK2" duration="00:00:00" startTime="0001-01-01T08:00:00.0000000+08:00" endTime="0001-01-01T08:00:00.0000000+08:00" testType="13cdc9d9-ddb5-4fa4-a97d-d965ccfc6d4b" outcome="NotExecuted" testListId="8c84fa94-04c1-424b-9868-57a2d4851a1d">
    </UnitTestResult>
    <UnitTestResult executionId="c7686483-9a21-4336-a33c-57574500b5e2" testId="d2c7b44f-abf6-4f9a-556e-f7b8be3b7b34" testName="LongCount" computerName="MIKE-NOTEBOOK2" duration="00:00:00" startTime="0001-01-01T08:00:00.0000000+08:00" endTime="0001-01-01T08:00:00.0000000+08:00" testType="13cdc9d9-ddb5-4fa4-a97d-d965ccfc6d4b" outcome="NotExecuted" testListId="8c84fa94-04c1-424b-9868-57a2d4851a1d">
    </UnitTestResult>
    <UnitTestResult executionId="9725ab74-0985-4b13-b599-6f159fb7ae4e" testId="01bdfc75-e7d3-47d2-65c8-f2b17f6fae5f" testName="Command" computerName="MIKE-NOTEBOOK2" duration="00:00:00" startTime="0001-01-01T08:00:00.0000000+08:00" endTime="0001-01-01T08:00:00.0000000+08:00" testType="13cdc9d9-ddb5-4fa4-a97d-d965ccfc6d4b" outcome="NotExecuted" testListId="8c84fa94-04c1-424b-9868-57a2d4851a1d">
    </UnitTestResult>
    <UnitTestResult executionId="610bcde7-61aa-4319-8f03-ad91960b2156" testId="aad4c30e-08bc-313a-aeca-40d885b2e29f" testName="DataType_Guid" computerName="MIKE-NOTEBOOK2" duration="00:00:00" startTime="0001-01-01T08:00:00.0000000+08:00" endTime="0001-01-01T08:00:00.0000000+08:00" testType="13cdc9d9-ddb5-4fa4-a97d-d965ccfc6d4b" outcome="NotExecuted" testListId="8c84fa94-04c1-424b-9868-57a2d4851a1d">
    </UnitTestResult>
    <UnitTestResult executionId="d0203f89-b094-4bc9-9847-d1c06ebe876e" testId="4975ace3-bbc2-2cd2-ead0-2fd2d67db446" testName="DataType_Int64" computerName="MIKE-NOTEBOOK2" duration="00:00:00" startTime="0001-01-01T08:00:00.0000000+08:00" endTime="0001-01-01T08:00:00.0000000+08:00" testType="13cdc9d9-ddb5-4fa4-a97d-d965ccfc6d4b" outcome="NotExecuted" testListId="8c84fa94-04c1-424b-9868-57a2d4851a1d">
    </UnitTestResult>
    <UnitTestResult executionId="7624a117-8b6a-4984-baf1-e220e5e33a6b" testId="c4645a80-0dfe-08f4-67f5-3bc8af08cece" testName="DataType_UInt64" computerName="MIKE-NOTEBOOK2" duration="00:00:00" startTime="0001-01-01T08:00:00.0000000+08:00" endTime="0001-01-01T08:00:00.0000000+08:00" testType="13cdc9d9-ddb5-4fa4-a97d-d965ccfc6d4b" outcome="NotExecuted" testListId="8c84fa94-04c1-424b-9868-57a2d4851a1d">
    </UnitTestResult>
    <UnitTestResult executionId="b63f1621-ecfe-4db1-bee8-c593ed65924f" testId="c6d47c98-ae5b-f227-74fe-71bd5e5f70d1" testName="DataType_Enum" computerName="MIKE-NOTEBOOK2" duration="00:00:00" startTime="0001-01-01T08:00:00.0000000+08:00" endTime="0001-01-01T08:00:00.0000000+08:00" testType="13cdc9d9-ddb5-4fa4-a97d-d965ccfc6d4b" outcome="NotExecuted" testListId="8c84fa94-04c1-424b-9868-57a2d4851a1d">
    </UnitTestResult>
    <UnitTestResult executionId="1abed994-1c06-4841-8239-c5674b96bd3e" testId="d9b181ff-ca18-8348-4710-a6e99bdbbe73" testName="DataType_Char" computerName="MIKE-NOTEBOOK2" duration="00:00:00" startTime="0001-01-01T08:00:00.0000000+08:00" endTime="0001-01-01T08:00:00.0000000+08:00" testType="13cdc9d9-ddb5-4fa4-a97d-d965ccfc6d4b" outcome="NotExecuted" testListId="8c84fa94-04c1-424b-9868-57a2d4851a1d">
    </UnitTestResult>
    <UnitTestResult executionId="728f8431-f65d-475f-ba70-dd40b9f0dab3" testId="bfb1ffbc-04ce-0769-8157-126d5152a167" testName="DataType_XDocument" computerName="MIKE-NOTEBOOK2" duration="00:00:00" startTime="0001-01-01T08:00:00.0000000+08:00" endTime="0001-01-01T08:00:00.0000000+08:00" testType="13cdc9d9-ddb5-4fa4-a97d-d965ccfc6d4b" outcome="NotExecuted" testListId="8c84fa94-04c1-424b-9868-57a2d4851a1d">
    </UnitTestResult>
    <UnitTestResult executionId="8c5c4118-23df-4e16-80a5-430221c6a546" testId="44e6e39c-57aa-8388-8a01-d4b8d5dfb54d" testName="DataType_XElement" computerName="MIKE-NOTEBOOK2" duration="00:00:00" startTime="0001-01-01T08:00:00.0000000+08:00" endTime="0001-01-01T08:00:00.0000000+08:00" testType="13cdc9d9-ddb5-4fa4-a97d-d965ccfc6d4b" outcome="NotExecuted" testListId="8c84fa94-04c1-424b-9868-57a2d4851a1d">
    </UnitTestResult>
    <UnitTestResult executionId="5ae9e204-7bf9-442e-8add-361c0e41e860" testId="03935230-be08-d33e-7279-8cfa2954e871" testName="Where_Simple1" computerName="MIKE-NOTEBOOK2" duration="00:00:00" startTime="0001-01-01T08:00:00.0000000+08:00" endTime="0001-01-01T08:00:00.0000000+08:00" testType="13cdc9d9-ddb5-4fa4-a97d-d965ccfc6d4b" outcome="NotExecuted" testListId="8c84fa94-04c1-424b-9868-57a2d4851a1d">
    </UnitTestResult>
    <UnitTestResult executionId="ce527de2-789f-469d-8f46-93c7819cb647" testId="777aaa31-d470-34da-12c2-2fe952a15e41" testName="Where_Simple2" computerName="MIKE-NOTEBOOK2" duration="00:00:00" startTime="0001-01-01T08:00:00.0000000+08:00" endTime="0001-01-01T08:00:00.0000000+08:00" testType="13cdc9d9-ddb5-4fa4-a97d-d965ccfc6d4b" outcome="NotExecuted" testListId="8c84fa94-04c1-424b-9868-57a2d4851a1d">
    </UnitTestResult>
    <UnitTestResult executionId="666f1767-b6b3-4941-af3b-63b788c27ffa" testId="754c9d57-0901-e590-3394-642c41bb57d4" testName="Where_Simple3" computerName="MIKE-NOTEBOOK2" duration="00:00:00" startTime="0001-01-01T08:00:00.0000000+08:00" endTime="0001-01-01T08:00:00.0000000+08:00" testType="13cdc9d9-ddb5-4fa4-a97d-d965ccfc6d4b" outcome="NotExecuted" testListId="8c84fa94-04c1-424b-9868-57a2d4851a1d">
    </UnitTestResult>
    <UnitTestResult executionId="9bd5294f-1337-487c-b0d2-0292ef0d9edc" testId="0059754f-875a-1247-8e6a-f52296752939" testName="Where_Simple4" computerName="MIKE-NOTEBOOK2" duration="00:00:00" startTime="0001-01-01T08:00:00.0000000+08:00" endTime="0001-01-01T08:00:00.0000000+08:00" testType="13cdc9d9-ddb5-4fa4-a97d-d965ccfc6d4b" outcome="NotExecuted" testListId="8c84fa94-04c1-424b-9868-57a2d4851a1d">
    </UnitTestResult>
    <UnitTestResult executionId="a8c2f10b-f594-4071-9b1b-2fbf09362692" testId="9eef0d1e-fa61-aef9-cb9c-026db7ad7046" testName="Where_Drilldown" computerName="MIKE-NOTEBOOK2" duration="00:00:00" startTime="0001-01-01T08:00:00.0000000+08:00" endTime="0001-01-01T08:00:00.0000000+08:00" testType="13cdc9d9-ddb5-4fa4-a97d-d965ccfc6d4b" outcome="NotExecuted" testListId="8c84fa94-04c1-424b-9868-57a2d4851a1d">
    </UnitTestResult>
    <UnitTestResult executionId="2ca33571-b6f7-4717-9a55-0a3486f11682" testId="bd3f1446-ef6f-9e03-44a4-55cfa74e5110" testName="First" computerName="MIKE-NOTEBOOK2" duration="00:00:00" startTime="0001-01-01T08:00:00.0000000+08:00" endTime="0001-01-01T08:00:00.0000000+08:00" testType="13cdc9d9-ddb5-4fa4-a97d-d965ccfc6d4b" outcome="NotExecuted" testListId="8c84fa94-04c1-424b-9868-57a2d4851a1d">
    </UnitTestResult>
    <UnitTestResult executionId="e5162a53-fa1c-4025-bb78-341cd33535da" testId="7eba9400-2405-8dc9-58b2-ca7c1e81dfb7" testName="FirstOrDefault" computerName="MIKE-NOTEBOOK2" duration="00:00:00" startTime="0001-01-01T08:00:00.0000000+08:00" endTime="0001-01-01T08:00:00.0000000+08:00" testType="13cdc9d9-ddb5-4fa4-a97d-d965ccfc6d4b" outcome="NotExecuted" testListId="8c84fa94-04c1-424b-9868-57a2d4851a1d">
    </UnitTestResult>
    <UnitTestResult executionId="81ccc793-6500-47f1-9a51-de09ca01568b" testId="12459648-f046-d7b3-cc47-42fad9db3fa5" testName="SingleOrDefault" computerName="MIKE-NOTEBOOK2" duration="00:00:00" startTime="0001-01-01T08:00:00.0000000+08:00" endTime="0001-01-01T08:00:00.0000000+08:00" testType="13cdc9d9-ddb5-4fa4-a97d-d965ccfc6d4b" outcome="NotExecuted" testListId="8c84fa94-04c1-424b-9868-57a2d4851a1d">
    </UnitTestResult>
    <UnitTestResult executionId="bd3cf761-04cb-4812-8635-65d5d1fc6184" testId="3fed5c65-510a-7c0f-9d5a-9a6d3e29e596" testName="Single" computerName="MIKE-NOTEBOOK2" duration="00:00:00" startTime="0001-01-01T08:00:00.0000000+08:00" endTime="0001-01-01T08:00:00.0000000+08:00" testType="13cdc9d9-ddb5-4fa4-a97d-d965ccfc6d4b" outcome="NotExecuted" testListId="8c84fa94-04c1-424b-9868-57a2d4851a1d">
    </UnitTestResult>
    <UnitTestResult executionId="d670cadd-4ca0-45ff-8b11-fee6b46b4f9a" testId="435805ad-97d3-40f8-2750-9c8fa49041b7" testName="Select_Simple" computerName="MIKE-NOTEBOOK2" duration="00:00:00" startTime="0001-01-01T08:00:00.0000000+08:00" endTime="0001-01-01T08:00:00.0000000+08:00" testType="13cdc9d9-ddb5-4fa4-a97d-d965ccfc6d4b" outcome="NotExecuted" testListId="8c84fa94-04c1-424b-9868-57a2d4851a1d">
    </UnitTestResult>
    <UnitTestResult executionId="3cc78dc0-df83-483c-9062-7f53d0b54014" testId="a9404938-89d4-d00a-7c1a-c27a55585e61" testName="Select_SpecialType" computerName="MIKE-NOTEBOOK2" duration="00:00:00" startTime="0001-01-01T08:00:00.0000000+08:00" endTime="0001-01-01T08:00:00.0000000+08:00" testType="13cdc9d9-ddb5-4fa4-a97d-d965ccfc6d4b" outcome="NotExecuted" testListId="8c84fa94-04c1-424b-9868-57a2d4851a1d">
    </UnitTestResult>
    <UnitTestResult executionId="3dc2a118-bb91-48c2-b5cd-e3934a3da249" testId="c0a1a261-ef27-59a6-77dc-ede61cc0c104" testName="Select_AnonymousType" computerName="MIKE-NOTEBOOK2" duration="00:00:00" startTime="0001-01-01T08:00:00.0000000+08:00" endTime="0001-01-01T08:00:00.0000000+08:00" testType="13cdc9d9-ddb5-4fa4-a97d-d965ccfc6d4b" outcome="NotExecuted" testListId="8c84fa94-04c1-424b-9868-57a2d4851a1d">
    </UnitTestResult>
    <UnitTestResult executionId="377d854f-f9ef-40e7-b574-cf35b3a6552e" testId="900feb3b-0dda-470f-565c-22f129ede6d1" testName="Select_LocalMethodCall" computerName="MIKE-NOTEBOOK2" duration="00:00:00" startTime="0001-01-01T08:00:00.0000000+08:00" endTime="0001-01-01T08:00:00.0000000+08:00" testType="13cdc9d9-ddb5-4fa4-a97d-d965ccfc6d4b" outcome="NotExecuted" testListId="8c84fa94-04c1-424b-9868-57a2d4851a1d">
    </UnitTestResult>
    <UnitTestResult executionId="72d741c9-4b18-426b-bc90-52b8b86f4a45" testId="6f527331-b523-7b7e-609a-68f83e658b05" testName="SelectMany_MultipleFrom" computerName="MIKE-NOTEBOOK2" duration="00:00:00" startTime="0001-01-01T08:00:00.0000000+08:00" endTime="0001-01-01T08:00:00.0000000+08:00" testType="13cdc9d9-ddb5-4fa4-a97d-d965ccfc6d4b" outcome="NotExecuted" testListId="8c84fa94-04c1-424b-9868-57a2d4851a1d">
    </UnitTestResult>
    <UnitTestResult executionId="0fb1e318-fcf9-494c-ac76-2a14c3931889" testId="bfeaece7-a0d4-3261-6a1f-72856d3746a1" testName="Select_Condition" computerName="MIKE-NOTEBOOK2" duration="00:00:00" startTime="0001-01-01T08:00:00.0000000+08:00" endTime="0001-01-01T08:00:00.0000000+08:00" testType="13cdc9d9-ddb5-4fa4-a97d-d965ccfc6d4b" outcome="NotExecuted" testListId="8c84fa94-04c1-424b-9868-57a2d4851a1d">
    </UnitTestResult>
    <UnitTestResult executionId="929cc76d-ba47-4ba7-b02b-2d62a087ff80" testId="6a095821-7e5e-bee4-a550-269ac04ae93e" testName="Distinct1" computerName="MIKE-NOTEBOOK2" duration="00:00:00" startTime="0001-01-01T08:00:00.0000000+08:00" endTime="0001-01-01T08:00:00.0000000+08:00" testType="13cdc9d9-ddb5-4fa4-a97d-d965ccfc6d4b" outcome="NotExecuted" testListId="8c84fa94-04c1-424b-9868-57a2d4851a1d">
    </UnitTestResult>
    <UnitTestResult executionId="2780bb13-d491-45d5-9d76-ae310b023c39" testId="6369d16b-8e9f-b9dc-1aa2-1463a3228741" testName="Distinct2" computerName="MIKE-NOTEBOOK2" duration="00:00:00" startTime="0001-01-01T08:00:00.0000000+08:00" endTime="0001-01-01T08:00:00.0000000+08:00" testType="13cdc9d9-ddb5-4fa4-a97d-d965ccfc6d4b" outcome="NotExecuted" testListId="8c84fa94-04c1-424b-9868-57a2d4851a1d">
    </UnitTestResult>
    <UnitTestResult executionId="a61d1585-8cbb-4a51-b595-8fe07b79532f" testId="a4d7662a-9660-8290-d1f3-f5fb8aacf25a" testName="Union" computerName="MIKE-NOTEBOOK2" duration="00:00:00" startTime="0001-01-01T08:00:00.0000000+08:00" endTime="0001-01-01T08:00:00.0000000+08:00" testType="13cdc9d9-ddb5-4fa4-a97d-d965ccfc6d4b" outcome="NotExecuted" testListId="8c84fa94-04c1-424b-9868-57a2d4851a1d">
    </UnitTestResult>
    <UnitTestResult executionId="2dae01bd-91f4-4ebe-8108-07e290e3274c" testId="0803d69e-580b-ba5b-5023-142e9d883e22" testName="Intersect" computerName="MIKE-NOTEBOOK2" duration="00:00:00" startTime="0001-01-01T08:00:00.0000000+08:00" endTime="0001-01-01T08:00:00.0000000+08:00" testType="13cdc9d9-ddb5-4fa4-a97d-d965ccfc6d4b" outcome="NotExecuted" testListId="8c84fa94-04c1-424b-9868-57a2d4851a1d">
    </UnitTestResult>
    <UnitTestResult executionId="cbe8f376-8a9f-4c1f-9b4c-4bddbbbe101e" testId="a2b340e0-3f52-5d67-5f95-03c42ab3a063" testName="Except" computerName="MIKE-NOTEBOOK2" duration="00:00:00" startTime="0001-01-01T08:00:00.0000000+08:00" endTime="0001-01-01T08:00:00.0000000+08:00" testType="13cdc9d9-ddb5-4fa4-a97d-d965ccfc6d4b" outcome="NotExecuted" testListId="8c84fa94-04c1-424b-9868-57a2d4851a1d">
    </UnitTestResult>
    <UnitTestResult executionId="c347fb9c-d37b-419e-86f2-94d7b8ce4fa4" testId="45b92ce6-3ff0-3996-f07b-043e235f5396" testName="Take_Simple" computerName="MIKE-NOTEBOOK2" duration="00:00:00" startTime="0001-01-01T08:00:00.0000000+08:00" endTime="0001-01-01T08:00:00.0000000+08:00" testType="13cdc9d9-ddb5-4fa4-a97d-d965ccfc6d4b" outcome="NotExecuted" testListId="8c84fa94-04c1-424b-9868-57a2d4851a1d">
    </UnitTestResult>
    <UnitTestResult executionId="50d5fab0-2241-4aa4-aed9-482517204bad" testId="ac208540-f6f9-5081-c1ba-31b9e7ddb3cb" testName="Take_Nested" computerName="MIKE-NOTEBOOK2" duration="00:00:00" startTime="0001-01-01T08:00:00.0000000+08:00" endTime="0001-01-01T08:00:00.0000000+08:00" testType="13cdc9d9-ddb5-4fa4-a97d-d965ccfc6d4b" outcome="NotExecuted" testListId="8c84fa94-04c1-424b-9868-57a2d4851a1d">
    </UnitTestResult>
    <UnitTestResult executionId="e641e25a-acf7-41e1-95e6-03bbfb7487a4" testId="eddcc727-c63f-279c-ce50-cd81824e95fd" testName="Skip_Simple" computerName="MIKE-NOTEBOOK2" duration="00:00:00" startTime="0001-01-01T08:00:00.0000000+08:00" endTime="0001-01-01T08:00:00.0000000+08:00" testType="13cdc9d9-ddb5-4fa4-a97d-d965ccfc6d4b" outcome="NotExecuted" testListId="8c84fa94-04c1-424b-9868-57a2d4851a1d">
    </UnitTestResult>
    <UnitTestResult executionId="a1f4e7d3-b815-4cb8-a7c3-07129f7dd15d" testId="bd138c86-6c7a-4d40-f70c-45e74718405d" testName="Skip_Nested" computerName="MIKE-NOTEBOOK2" duration="00:00:00" startTime="0001-01-01T08:00:00.0000000+08:00" endTime="0001-01-01T08:00:00.0000000+08:00" testType="13cdc9d9-ddb5-4fa4-a97d-d965ccfc6d4b" outcome="NotExecuted" testListId="8c84fa94-04c1-424b-9868-57a2d4851a1d">
    </UnitTestResult>
    <UnitTestResult executionId="25c68775-8919-44af-8024-d959ee947a90" testId="e74b2f0e-91d8-f83e-3f97-99551e4a709b" testName="Skip_Take" computerName="MIKE-NOTEBOOK2" duration="00:00:00" startTime="0001-01-01T08:00:00.0000000+08:00" endTime="0001-01-01T08:00:00.0000000+08:00" testType="13cdc9d9-ddb5-4fa4-a97d-d965ccfc6d4b" outcome="NotExecuted" testListId="8c84fa94-04c1-424b-9868-57a2d4851a1d">
    </UnitTestResult>
    <UnitTestResult executionId="2d7e23c0-3421-4581-8b04-ca911d9e2ffd" testId="0e3ad54e-fb5e-ed32-36a2-3b2bdc9b23ea" testName="Count_Simple" computerName="MIKE-NOTEBOOK2" duration="00:00:00" startTime="0001-01-01T08:00:00.0000000+08:00" endTime="0001-01-01T08:00:00.0000000+08:00" testType="13cdc9d9-ddb5-4fa4-a97d-d965ccfc6d4b" outcome="NotExecuted" testListId="8c84fa94-04c1-424b-9868-57a2d4851a1d">
    </UnitTestResult>
    <UnitTestResult executionId="fc13e97e-c90d-49d0-81af-06cdcd7702ed" testId="5181c019-acc5-9930-8529-f539be24a2e1" testName="Count_Conditional" computerName="MIKE-NOTEBOOK2" duration="00:00:00" startTime="0001-01-01T08:00:00.0000000+08:00" endTime="0001-01-01T08:00:00.0000000+08:00" testType="13cdc9d9-ddb5-4fa4-a97d-d965ccfc6d4b" outcome="NotExecuted" testListId="8c84fa94-04c1-424b-9868-57a2d4851a1d">
    </UnitTestResult>
    <UnitTestResult executionId="46d7d354-a790-4e30-977f-c599a6c0e16d" testId="e8320d3b-7029-9690-80e7-06ed6ff415ed" testName="Count_Empty" computerName="MIKE-NOTEBOOK2" duration="00:00:00" startTime="0001-01-01T08:00:00.0000000+08:00" endTime="0001-01-01T08:00:00.0000000+08:00" testType="13cdc9d9-ddb5-4fa4-a97d-d965ccfc6d4b" outcome="NotExecuted" testListId="8c84fa94-04c1-424b-9868-57a2d4851a1d">
    </UnitTestResult>
    <UnitTestResult executionId="fa4b12ac-cae1-4717-922b-0b5a03a0856c" testId="77c1c927-1740-0e7c-01d8-7daab8378f84" testName="Count_Nested" computerName="MIKE-NOTEBOOK2" duration="00:00:00" startTime="0001-01-01T08:00:00.0000000+08:00" endTime="0001-01-01T08:00:00.0000000+08:00" testType="13cdc9d9-ddb5-4fa4-a97d-d965ccfc6d4b" outcome="NotExecuted" testListId="8c84fa94-04c1-424b-9868-57a2d4851a1d">
    </UnitTestResult>
    <UnitTestResult executionId="97e8e5df-4bd6-4a88-957b-35e6a4127cfd" testId="49bcd60b-a477-88cf-9034-6c96e6a41187" testName="Count_Grouped" computerName="MIKE-NOTEBOOK2" duration="00:00:00" startTime="0001-01-01T08:00:00.0000000+08:00" endTime="0001-01-01T08:00:00.0000000+08:00" testType="13cdc9d9-ddb5-4fa4-a97d-d965ccfc6d4b" outcome="NotExecuted" testListId="8c84fa94-04c1-424b-9868-57a2d4851a1d">
    </UnitTestResult>
    <UnitTestResult executionId="beb06d2b-6ac9-4bbc-b6e9-23aff9e6b2a1" testId="6b843186-7fe8-db95-6d3b-55a9ea39de72" testName="Sum_Simple" computerName="MIKE-NOTEBOOK2" duration="00:00:00" startTime="0001-01-01T08:00:00.0000000+08:00" endTime="0001-01-01T08:00:00.0000000+08:00" testType="13cdc9d9-ddb5-4fa4-a97d-d965ccfc6d4b" outcome="NotExecuted" testListId="8c84fa94-04c1-424b-9868-57a2d4851a1d">
    </UnitTestResult>
    <UnitTestResult executionId="c99de254-465a-4c0a-8eb3-9b334a6ac52d" testId="388e7f32-facf-5d6e-69ba-78ab7c08b922" testName="Sum_Empty" computerName="MIKE-NOTEBOOK2" duration="00:00:00" startTime="0001-01-01T08:00:00.0000000+08:00" endTime="0001-01-01T08:00:00.0000000+08:00" testType="13cdc9d9-ddb5-4fa4-a97d-d965ccfc6d4b" outcome="NotExecuted" testListId="8c84fa94-04c1-424b-9868-57a2d4851a1d">
    </UnitTestResult>
    <UnitTestResult executionId="44fa4070-33eb-4395-9f90-1808fbc91426" testId="d13dd8ab-12e4-e84e-2070-ce327f4bc921" testName="Sum_Projection" computerName="MIKE-NOTEBOOK2" duration="00:00:00" startTime="0001-01-01T08:00:00.0000000+08:00" endTime="0001-01-01T08:00:00.0000000+08:00" testType="13cdc9d9-ddb5-4fa4-a97d-d965ccfc6d4b" outcome="NotExecuted" testListId="8c84fa94-04c1-424b-9868-57a2d4851a1d">
    </UnitTestResult>
    <UnitTestResult executionId="03205c54-93b2-4c82-b5e0-03f6240fd4a5" testId="2e1e9b9d-7136-8f2f-a685-d2f92eb5c812" testName="Sum_Grouped" computerName="MIKE-NOTEBOOK2" duration="00:00:00" startTime="0001-01-01T08:00:00.0000000+08:00" endTime="0001-01-01T08:00:00.0000000+08:00" testType="13cdc9d9-ddb5-4fa4-a97d-d965ccfc6d4b" outcome="NotExecuted" testListId="8c84fa94-04c1-424b-9868-57a2d4851a1d">
    </UnitTestResult>
    <UnitTestResult executionId="fe2ca4b2-9ece-4ce3-b4db-f121f4097bc7" testId="2af94fec-d2db-a66d-8aff-c53fe78493e3" testName="Min_Simple" computerName="MIKE-NOTEBOOK2" duration="00:00:00" startTime="0001-01-01T08:00:00.0000000+08:00" endTime="0001-01-01T08:00:00.0000000+08:00" testType="13cdc9d9-ddb5-4fa4-a97d-d965ccfc6d4b" outcome="NotExecuted" testListId="8c84fa94-04c1-424b-9868-57a2d4851a1d">
    </UnitTestResult>
    <UnitTestResult executionId="3e496a48-63e3-4e18-83bd-abb7c68df41c" testId="e4341c88-96c7-1f13-ac5d-4965de334db3" testName="Min_Projection" computerName="MIKE-NOTEBOOK2" duration="00:00:00" startTime="0001-01-01T08:00:00.0000000+08:00" endTime="0001-01-01T08:00:00.0000000+08:00" testType="13cdc9d9-ddb5-4fa4-a97d-d965ccfc6d4b" outcome="NotExecuted" testListId="8c84fa94-04c1-424b-9868-57a2d4851a1d">
    </UnitTestResult>
    <UnitTestResult executionId="c29e4f9f-1b9a-446f-afa2-10d9dc5bd61f" testId="8f112071-6c4a-a469-850c-516c0458de64" testName="Min_Elements" computerName="MIKE-NOTEBOOK2" duration="00:00:00" startTime="0001-01-01T08:00:00.0000000+08:00" endTime="0001-01-01T08:00:00.0000000+08:00" testType="13cdc9d9-ddb5-4fa4-a97d-d965ccfc6d4b" outcome="NotExecuted" testListId="8c84fa94-04c1-424b-9868-57a2d4851a1d">
    </UnitTestResult>
    <UnitTestResult executionId="197ad7d6-ee72-4cd3-bd86-fcdeb8257b84" testId="f2ff4497-0c3d-740b-329c-d3286ad7f111" testName="Min_Grouped" computerName="MIKE-NOTEBOOK2" duration="00:00:00" startTime="0001-01-01T08:00:00.0000000+08:00" endTime="0001-01-01T08:00:00.0000000+08:00" testType="13cdc9d9-ddb5-4fa4-a97d-d965ccfc6d4b" outcome="NotExecuted" testListId="8c84fa94-04c1-424b-9868-57a2d4851a1d">
    </UnitTestResult>
    <UnitTestResult executionId="6d7e9236-b186-484a-a2c1-6a6b8ab99077" testId="5e2bf52b-7786-4b94-4118-574707a02cca" testName="Max_Simple" computerName="MIKE-NOTEBOOK2" duration="00:00:00" startTime="0001-01-01T08:00:00.0000000+08:00" endTime="0001-01-01T08:00:00.0000000+08:00" testType="13cdc9d9-ddb5-4fa4-a97d-d965ccfc6d4b" outcome="NotExecuted" testListId="8c84fa94-04c1-424b-9868-57a2d4851a1d">
    </UnitTestResult>
    <UnitTestResult executionId="8259bea9-48d7-4196-b894-053b6e260aaf" testId="164fb499-e098-417c-ed71-a314acba964a" testName="Max_Projection" computerName="MIKE-NOTEBOOK2" duration="00:00:00" startTime="0001-01-01T08:00:00.0000000+08:00" endTime="0001-01-01T08:00:00.0000000+08:00" testType="13cdc9d9-ddb5-4fa4-a97d-d965ccfc6d4b" outcome="NotExecuted" testListId="8c84fa94-04c1-424b-9868-57a2d4851a1d">
    </UnitTestResult>
    <UnitTestResult executionId="89ece459-eb52-4544-b8e5-90862b123870" testId="03b49fcb-e1b3-3103-4faa-1392a0d56afe" testName="Max_Elements" computerName="MIKE-NOTEBOOK2" duration="00:00:00" startTime="0001-01-01T08:00:00.0000000+08:00" endTime="0001-01-01T08:00:00.0000000+08:00" testType="13cdc9d9-ddb5-4fa4-a97d-d965ccfc6d4b" outcome="NotExecuted" testListId="8c84fa94-04c1-424b-9868-57a2d4851a1d">
    </UnitTestResult>
    <UnitTestResult executionId="9a806155-4ea5-4010-a172-cdfd6173a80c" testId="4dde08a0-f730-2f43-1940-15c7d05c05f2" testName="Max_Grouped" computerName="MIKE-NOTEBOOK2" duration="00:00:00" startTime="0001-01-01T08:00:00.0000000+08:00" endTime="0001-01-01T08:00:00.0000000+08:00" testType="13cdc9d9-ddb5-4fa4-a97d-d965ccfc6d4b" outcome="NotExecuted" testListId="8c84fa94-04c1-424b-9868-57a2d4851a1d">
    </UnitTestResult>
    <UnitTestResult executionId="a2e27317-5586-431b-be7f-8718896cd6d8" testId="247aa422-43b6-3fda-33fb-3720fae0fbda" testName="Avg_Simple" computerName="MIKE-NOTEBOOK2" duration="00:00:00" startTime="0001-01-01T08:00:00.0000000+08:00" endTime="0001-01-01T08:00:00.0000000+08:00" testType="13cdc9d9-ddb5-4fa4-a97d-d965ccfc6d4b" outcome="NotExecuted" testListId="8c84fa94-04c1-424b-9868-57a2d4851a1d">
    </UnitTestResult>
    <UnitTestResult executionId="129e7eae-0990-483b-bac4-6fc6451a888c" testId="1f1fc353-03f7-045f-8de3-d4f7b1a32709" testName="Avg_Projection" computerName="MIKE-NOTEBOOK2" duration="00:00:00" startTime="0001-01-01T08:00:00.0000000+08:00" endTime="0001-01-01T08:00:00.0000000+08:00" testType="13cdc9d9-ddb5-4fa4-a97d-d965ccfc6d4b" outcome="NotExecuted" testListId="8c84fa94-04c1-424b-9868-57a2d4851a1d">
    </UnitTestResult>
    <UnitTestResult executionId="48333d45-448f-4b34-8162-4afd84238500" testId="bc2ee40e-4082-2136-c880-0c5025ad9a2b" testName="Avg_Emelents" computerName="MIKE-NOTEBOOK2" duration="00:00:00" startTime="0001-01-01T08:00:00.0000000+08:00" endTime="0001-01-01T08:00:00.0000000+08:00" testType="13cdc9d9-ddb5-4fa4-a97d-d965ccfc6d4b" outcome="NotExecuted" testListId="8c84fa94-04c1-424b-9868-57a2d4851a1d">
    </UnitTestResult>
    <UnitTestResult executionId="4aa00b0e-b27e-4a1e-8acf-6c0b9185639f" testId="477c9640-b15c-9d6e-f802-eb36396fc91a" testName="Avg_Grouped" computerName="MIKE-NOTEBOOK2" duration="00:00:00" startTime="0001-01-01T08:00:00.0000000+08:00" endTime="0001-01-01T08:00:00.0000000+08:00" testType="13cdc9d9-ddb5-4fa4-a97d-d965ccfc6d4b" outcome="NotExecuted" testListId="8c84fa94-04c1-424b-9868-57a2d4851a1d">
    </UnitTestResult>
    <UnitTestResult executionId="a8bb1c98-3ab5-479e-a5b2-8c7420637b19" testId="f95edd28-3dc6-7a44-b141-491609cff7a2" testName="Join_OnToMany" computerName="MIKE-NOTEBOOK2" duration="00:00:00" startTime="0001-01-01T08:00:00.0000000+08:00" endTime="0001-01-01T08:00:00.0000000+08:00" testType="13cdc9d9-ddb5-4fa4-a97d-d965ccfc6d4b" outcome="NotExecuted" testListId="8c84fa94-04c1-424b-9868-57a2d4851a1d">
    </UnitTestResult>
    <UnitTestResult executionId="641d32e2-54e9-45d5-bf26-ed136bf3cb54" testId="5badb0da-728e-674b-02d5-109756358e67" testName="Join_ManyToMany" computerName="MIKE-NOTEBOOK2" duration="00:00:00" startTime="0001-01-01T08:00:00.0000000+08:00" endTime="0001-01-01T08:00:00.0000000+08:00" testType="13cdc9d9-ddb5-4fa4-a97d-d965ccfc6d4b" outcome="NotExecuted" testListId="8c84fa94-04c1-424b-9868-57a2d4851a1d">
    </UnitTestResult>
    <UnitTestResult executionId="0a70e8c2-14e0-44ff-ab47-33226020c745" testId="af8033eb-7d5a-450c-83f7-c780aa6219c7" testName="Join_SelfJoin" computerName="MIKE-NOTEBOOK2" duration="00:00:00" startTime="0001-01-01T08:00:00.0000000+08:00" endTime="0001-01-01T08:00:00.0000000+08:00" testType="13cdc9d9-ddb5-4fa4-a97d-d965ccfc6d4b" outcome="NotExecuted" testListId="8c84fa94-04c1-424b-9868-57a2d4851a1d">
    </UnitTestResult>
    <UnitTestResult executionId="065b4525-6c74-4de4-9b22-a5e38f539f7e" testId="deaabb69-0257-622d-3e26-305d9c1bc497" testName="Join_TowWay" computerName="MIKE-NOTEBOOK2" duration="00:00:00" startTime="0001-01-01T08:00:00.0000000+08:00" endTime="0001-01-01T08:00:00.0000000+08:00" testType="13cdc9d9-ddb5-4fa4-a97d-d965ccfc6d4b" outcome="NotExecuted" testListId="8c84fa94-04c1-424b-9868-57a2d4851a1d">
    </UnitTestResult>
    <UnitTestResult executionId="1fbe2b62-b51a-4293-b0dd-16e6fd717aad" testId="79b84301-ad5d-cf1d-0c86-d44e503b5947" testName="Join_ThreeWay" computerName="MIKE-NOTEBOOK2" duration="00:00:00" startTime="0001-01-01T08:00:00.0000000+08:00" endTime="0001-01-01T08:00:00.0000000+08:00" testType="13cdc9d9-ddb5-4fa4-a97d-d965ccfc6d4b" outcome="NotExecuted" testListId="8c84fa94-04c1-424b-9868-57a2d4851a1d">
    </UnitTestResult>
    <UnitTestResult executionId="f25c8119-6b28-4a3d-b818-47ba5f3a7379" testId="4d127e7d-1fbb-235c-4ccf-5afb6c792fcf" testName="Join_LeftOuter" computerName="MIKE-NOTEBOOK2" duration="00:00:00" startTime="0001-01-01T08:00:00.0000000+08:00" endTime="0001-01-01T08:00:00.0000000+08:00" testType="13cdc9d9-ddb5-4fa4-a97d-d965ccfc6d4b" outcome="NotExecuted" testListId="8c84fa94-04c1-424b-9868-57a2d4851a1d">
    </UnitTestResult>
    <UnitTestResult executionId="67a47ac0-ba8d-4687-9d7f-496ad6e5488b" testId="03be78e0-af4c-18dc-3cc9-e8b89146c49a" testName="Join_LetAssignment" computerName="MIKE-NOTEBOOK2" duration="00:00:00" startTime="0001-01-01T08:00:00.0000000+08:00" endTime="0001-01-01T08:00:00.0000000+08:00" testType="13cdc9d9-ddb5-4fa4-a97d-d965ccfc6d4b" outcome="NotExecuted" testListId="8c84fa94-04c1-424b-9868-57a2d4851a1d">
    </UnitTestResult>
    <UnitTestResult executionId="c54cefd0-a8da-4073-a96a-50b3732128cc" testId="2fcc7e1d-598f-f09e-e959-f474f21aaaf4" testName="Join_CompositeKey" computerName="MIKE-NOTEBOOK2" duration="00:00:00" startTime="0001-01-01T08:00:00.0000000+08:00" endTime="0001-01-01T08:00:00.0000000+08:00" testType="13cdc9d9-ddb5-4fa4-a97d-d965ccfc6d4b" outcome="NotExecuted" testListId="8c84fa94-04c1-424b-9868-57a2d4851a1d">
    </UnitTestResult>
    <UnitTestResult executionId="fd947887-6335-4e69-8ec1-cc884842e7be" testId="8da7c415-c192-8263-f588-9bf5296cb6f8" testName="Join_NullableNonnullableKeyRelationship" computerName="MIKE-NOTEBOOK2" duration="00:00:00" startTime="0001-01-01T08:00:00.0000000+08:00" endTime="0001-01-01T08:00:00.0000000+08:00" testType="13cdc9d9-ddb5-4fa4-a97d-d965ccfc6d4b" outcome="NotExecuted" testListId="8c84fa94-04c1-424b-9868-57a2d4851a1d">
    </UnitTestResult>
    <UnitTestResult executionId="9ccd57e6-27a4-407c-bac7-6d3a61575831" testId="e4a55289-63c2-081d-68c1-a5717a6a49ee" testName="Join" computerName="MIKE-NOTEBOOK2" duration="00:00:00" startTime="0001-01-01T08:00:00.0000000+08:00" endTime="0001-01-01T08:00:00.0000000+08:00" testType="13cdc9d9-ddb5-4fa4-a97d-d965ccfc6d4b" outcome="NotExecuted" testListId="8c84fa94-04c1-424b-9868-57a2d4851a1d">
    </UnitTestResult>
    <UnitTestResult executionId="3a5ab099-f468-4a22-a801-f4ee8d56d0fb" testId="efd2ee63-9467-b4dc-82ff-d74737537bf1" testName="OrderBy_Conditional" computerName="MIKE-NOTEBOOK2" duration="00:00:00" startTime="0001-01-01T08:00:00.0000000+08:00" endTime="0001-01-01T08:00:00.0000000+08:00" testType="13cdc9d9-ddb5-4fa4-a97d-d965ccfc6d4b" outcome="NotExecuted" testListId="8c84fa94-04c1-424b-9868-57a2d4851a1d">
    </UnitTestResult>
    <UnitTestResult executionId="4361d397-9e69-4e0f-bf54-77c1e37181bf" testId="550d63c5-2fb9-e32f-144c-8322c3a27bbe" testName="OrderBy_ThenByDescending" computerName="MIKE-NOTEBOOK2" duration="00:00:00" startTime="0001-01-01T08:00:00.0000000+08:00" endTime="0001-01-01T08:00:00.0000000+08:00" testType="13cdc9d9-ddb5-4fa4-a97d-d965ccfc6d4b" outcome="NotExecuted" testListId="8c84fa94-04c1-424b-9868-57a2d4851a1d">
    </UnitTestResult>
    <UnitTestResult executionId="4b0ed90b-3ccf-4f30-8ec9-ef9123f856f2" testId="e69879bc-df2e-d205-03c4-3efe22f85d1e" testName="OrderBy_GroupBy" computerName="MIKE-NOTEBOOK2" duration="00:00:00" startTime="0001-01-01T08:00:00.0000000+08:00" endTime="0001-01-01T08:00:00.0000000+08:00" testType="13cdc9d9-ddb5-4fa4-a97d-d965ccfc6d4b" outcome="NotExecuted" testListId="8c84fa94-04c1-424b-9868-57a2d4851a1d">
    </UnitTestResult>
    <UnitTestResult executionId="b7e02c59-752b-42f2-9885-996e45960332" testId="09bbe8af-8c4e-3d76-d24e-52045ab02ef1" testName="GroupBy_Simple" computerName="MIKE-NOTEBOOK2" duration="00:00:00" startTime="0001-01-01T08:00:00.0000000+08:00" endTime="0001-01-01T08:00:00.0000000+08:00" testType="13cdc9d9-ddb5-4fa4-a97d-d965ccfc6d4b" outcome="NotExecuted" testListId="8c84fa94-04c1-424b-9868-57a2d4851a1d">
    </UnitTestResult>
    <UnitTestResult executionId="f3625869-e70e-484c-bf49-10d8fa6286a5" testId="3907128f-aa71-d05a-8e3b-d3c5e7c1b8f3" testName="GroupBy_Select" computerName="MIKE-NOTEBOOK2" duration="00:00:00" startTime="0001-01-01T08:00:00.0000000+08:00" endTime="0001-01-01T08:00:00.0000000+08:00" testType="13cdc9d9-ddb5-4fa4-a97d-d965ccfc6d4b" outcome="NotExecuted" testListId="8c84fa94-04c1-424b-9868-57a2d4851a1d">
    </UnitTestResult>
    <UnitTestResult executionId="f98493e6-f973-426e-9308-c2c119f3f2dd" testId="3052d0cb-f9fd-d21a-9f58-829c29625451" testName="GroupBy_Max" computerName="MIKE-NOTEBOOK2" duration="00:00:00" startTime="0001-01-01T08:00:00.0000000+08:00" endTime="0001-01-01T08:00:00.0000000+08:00" testType="13cdc9d9-ddb5-4fa4-a97d-d965ccfc6d4b" outcome="NotExecuted" testListId="8c84fa94-04c1-424b-9868-57a2d4851a1d">
    </UnitTestResult>
    <UnitTestResult executionId="a6b7e6b5-149c-4797-b6d3-fd50162207af" testId="db7a02b0-c81c-3302-88b0-87c39439ef5c" testName="GroupBy_Min" computerName="MIKE-NOTEBOOK2" duration="00:00:00" startTime="0001-01-01T08:00:00.0000000+08:00" endTime="0001-01-01T08:00:00.0000000+08:00" testType="13cdc9d9-ddb5-4fa4-a97d-d965ccfc6d4b" outcome="NotExecuted" testListId="8c84fa94-04c1-424b-9868-57a2d4851a1d">
    </UnitTestResult>
    <UnitTestResult executionId="4200c536-9fae-4aad-a1f8-cf5bf37e80d5" testId="dfad57d6-7c5e-209f-4b79-380d94e806a3" testName="GroupBy_Avg" computerName="MIKE-NOTEBOOK2" duration="00:00:00" startTime="0001-01-01T08:00:00.0000000+08:00" endTime="0001-01-01T08:00:00.0000000+08:00" testType="13cdc9d9-ddb5-4fa4-a97d-d965ccfc6d4b" outcome="NotExecuted" testListId="8c84fa94-04c1-424b-9868-57a2d4851a1d">
    </UnitTestResult>
    <UnitTestResult executionId="ee29e34e-bdea-41db-8e07-c41fd1cb9094" testId="2c231f66-88ec-0b15-bbff-514c30ee89d4" testName="GroupBy_Sum" computerName="MIKE-NOTEBOOK2" duration="00:00:00" startTime="0001-01-01T08:00:00.0000000+08:00" endTime="0001-01-01T08:00:00.0000000+08:00" testType="13cdc9d9-ddb5-4fa4-a97d-d965ccfc6d4b" outcome="NotExecuted" testListId="8c84fa94-04c1-424b-9868-57a2d4851a1d">
    </UnitTestResult>
    <UnitTestResult executionId="f9790374-15cb-472f-b45a-0359221adf8c" testId="2fae6a47-f3d4-5323-dcc7-ba5dabc7194f" testName="GroupByCount" computerName="MIKE-NOTEBOOK2" duration="00:00:00" startTime="0001-01-01T08:00:00.0000000+08:00" endTime="0001-01-01T08:00:00.0000000+08:00" testType="13cdc9d9-ddb5-4fa4-a97d-d965ccfc6d4b" outcome="NotExecuted" testListId="8c84fa94-04c1-424b-9868-57a2d4851a1d">
    </UnitTestResult>
    <UnitTestResult executionId="9324b3ae-204d-4b64-b0fa-acba2e3c8638" testId="e5c8be7b-bf90-d1bf-2190-138b02cf2a97" testName="GroupBy_ConditionalCount" computerName="MIKE-NOTEBOOK2" duration="00:00:00" startTime="0001-01-01T08:00:00.0000000+08:00" endTime="0001-01-01T08:00:00.0000000+08:00" testType="13cdc9d9-ddb5-4fa4-a97d-d965ccfc6d4b" outcome="NotExecuted" testListId="8c84fa94-04c1-424b-9868-57a2d4851a1d">
    </UnitTestResult>
    <UnitTestResult executionId="c5395a3d-d2f1-4533-9a27-d5248840f329" testId="b1e8c55e-fc73-eafd-d851-a96f611c9850" testName="GroupBy_Where" computerName="MIKE-NOTEBOOK2" duration="00:00:00" startTime="0001-01-01T08:00:00.0000000+08:00" endTime="0001-01-01T08:00:00.0000000+08:00" testType="13cdc9d9-ddb5-4fa4-a97d-d965ccfc6d4b" outcome="NotExecuted" testListId="8c84fa94-04c1-424b-9868-57a2d4851a1d">
    </UnitTestResult>
    <UnitTestResult executionId="003695f5-0e2b-4c7a-841c-6ba03ccde465" testId="ffd83b26-65d0-3827-8254-cb0844512e0b" testName="GroupBy_MultipleColumns" computerName="MIKE-NOTEBOOK2" duration="00:00:00" startTime="0001-01-01T08:00:00.0000000+08:00" endTime="0001-01-01T08:00:00.0000000+08:00" testType="13cdc9d9-ddb5-4fa4-a97d-d965ccfc6d4b" outcome="NotExecuted" testListId="8c84fa94-04c1-424b-9868-57a2d4851a1d">
    </UnitTestResult>
    <UnitTestResult executionId="6ef56b44-70d8-4562-b398-d3df54576121" testId="96f78a80-1dc6-22b8-ae16-78cc13ae2e0b" testName="GroupBy_Expression" computerName="MIKE-NOTEBOOK2" duration="00:00:00" startTime="0001-01-01T08:00:00.0000000+08:00" endTime="0001-01-01T08:00:00.0000000+08:00" testType="13cdc9d9-ddb5-4fa4-a97d-d965ccfc6d4b" outcome="NotExecuted" testListId="8c84fa94-04c1-424b-9868-57a2d4851a1d">
    </UnitTestResult>
    <UnitTestResult executionId="9fdd419b-8e0d-4ae7-abad-1098dd6774ab" testId="89c67a30-15f0-192d-9017-4a7fd71964f2" testName="GroupBy_Nested" computerName="MIKE-NOTEBOOK2" duration="00:00:00" startTime="0001-01-01T08:00:00.0000000+08:00" endTime="0001-01-01T08:00:00.0000000+08:00" testType="13cdc9d9-ddb5-4fa4-a97d-d965ccfc6d4b" outcome="NotExecuted" testListId="8c84fa94-04c1-424b-9868-57a2d4851a1d">
    </UnitTestResult>
    <UnitTestResult executionId="4a4863df-48fd-464f-a923-2b24fa092ba8" testId="2a5596da-7a23-62a3-a417-6104dd06ba6b" testName="GroupBy_Year" computerName="MIKE-NOTEBOOK2" duration="00:00:00" startTime="0001-01-01T08:00:00.0000000+08:00" endTime="0001-01-01T08:00:00.0000000+08:00" testType="13cdc9d9-ddb5-4fa4-a97d-d965ccfc6d4b" outcome="NotExecuted" testListId="8c84fa94-04c1-424b-9868-57a2d4851a1d">
    </UnitTestResult>
    <UnitTestResult executionId="b1221132-1759-48de-bff4-fca16d33180f" testId="f3aa3dcd-97cb-f85a-d070-5b73a50019c5" testName="GroupBy_Month" computerName="MIKE-NOTEBOOK2" duration="00:00:00" startTime="0001-01-01T08:00:00.0000000+08:00" endTime="0001-01-01T08:00:00.0000000+08:00" testType="13cdc9d9-ddb5-4fa4-a97d-d965ccfc6d4b" outcome="NotExecuted" testListId="8c84fa94-04c1-424b-9868-57a2d4851a1d">
    </UnitTestResult>
    <UnitTestResult executionId="133cb1ce-9d0d-45cb-a8b8-2d9e7c3fd1e1" testId="bb99537c-8fd2-7339-bab7-432c9465015b" testName="GroupBy_Day" computerName="MIKE-NOTEBOOK2" duration="00:00:00" startTime="0001-01-01T08:00:00.0000000+08:00" endTime="0001-01-01T08:00:00.0000000+08:00" testType="13cdc9d9-ddb5-4fa4-a97d-d965ccfc6d4b" outcome="NotExecuted" testListId="8c84fa94-04c1-424b-9868-57a2d4851a1d">
    </UnitTestResult>
    <UnitTestResult executionId="b916bdc2-2d94-41f7-a741-8f1390d2c915" testId="3a613123-fe2c-e954-3221-c872c245030d" testName="GroupBy_Date" computerName="MIKE-NOTEBOOK2" duration="00:00:00" startTime="0001-01-01T08:00:00.0000000+08:00" endTime="0001-01-01T08:00:00.0000000+08:00" testType="13cdc9d9-ddb5-4fa4-a97d-d965ccfc6d4b" outcome="NotExecuted" testListId="8c84fa94-04c1-424b-9868-57a2d4851a1d">
    </UnitTestResult>
    <UnitTestResult executionId="a4ac4579-3c35-43e5-a54b-12c3e73869de" testId="6b9381d5-832a-5fc4-8f58-39d1dbc12ab2" testName="Any_Simple" computerName="MIKE-NOTEBOOK2" duration="00:00:00" startTime="0001-01-01T08:00:00.0000000+08:00" endTime="0001-01-01T08:00:00.0000000+08:00" testType="13cdc9d9-ddb5-4fa4-a97d-d965ccfc6d4b" outcome="NotExecuted" testListId="8c84fa94-04c1-424b-9868-57a2d4851a1d">
    </UnitTestResult>
    <UnitTestResult executionId="13dd63a5-81ad-4934-9b91-12445961fed9" testId="a9f94c7e-5d78-4a90-03ea-52c693f5f1ff" testName="Any_Condition" computerName="MIKE-NOTEBOOK2" duration="00:00:00" startTime="0001-01-01T08:00:00.0000000+08:00" endTime="0001-01-01T08:00:00.0000000+08:00" testType="13cdc9d9-ddb5-4fa4-a97d-d965ccfc6d4b" outcome="NotExecuted" testListId="8c84fa94-04c1-424b-9868-57a2d4851a1d">
    </UnitTestResult>
    <UnitTestResult executionId="71351333-6391-4515-855d-3ab3017d16f5" testId="3d4ea9d9-44ea-1ea6-0737-a5eec3f2e67c" testName="Any_Grouped" computerName="MIKE-NOTEBOOK2" duration="00:00:00" startTime="0001-01-01T08:00:00.0000000+08:00" endTime="0001-01-01T08:00:00.0000000+08:00" testType="13cdc9d9-ddb5-4fa4-a97d-d965ccfc6d4b" outcome="NotExecuted" testListId="8c84fa94-04c1-424b-9868-57a2d4851a1d">
    </UnitTestResult>
    <UnitTestResult executionId="3db69074-e5ed-4ad0-9ee9-b9ec93f2fce3" testId="9e09bef3-3e8e-a9ae-65c6-afe7549f8358" testName="All_Simple" computerName="MIKE-NOTEBOOK2" duration="00:00:00" startTime="0001-01-01T08:00:00.0000000+08:00" endTime="0001-01-01T08:00:00.0000000+08:00" testType="13cdc9d9-ddb5-4fa4-a97d-d965ccfc6d4b" outcome="NotExecuted" testListId="8c84fa94-04c1-424b-9868-57a2d4851a1d">
    </UnitTestResult>
    <UnitTestResult executionId="e4344403-b826-4964-8439-948422745e41" testId="42ce643b-7ca9-0194-45ba-f06d39eaa3bd" testName="All_Grouped" computerName="MIKE-NOTEBOOK2" duration="00:00:00" startTime="0001-01-01T08:00:00.0000000+08:00" endTime="0001-01-01T08:00:00.0000000+08:00" testType="13cdc9d9-ddb5-4fa4-a97d-d965ccfc6d4b" outcome="NotExecuted" testListId="8c84fa94-04c1-424b-9868-57a2d4851a1d">
    </UnitTestResult>
    <UnitTestResult executionId="8a82e24e-a3d2-4b75-8214-1d020f2cdde3" testId="22af28ac-f148-d407-199e-486e8dd0f7af" testName="Contains" computerName="MIKE-NOTEBOOK2" duration="00:00:00" startTime="0001-01-01T08:00:00.0000000+08:00" endTime="0001-01-01T08:00:00.0000000+08:00" testType="13cdc9d9-ddb5-4fa4-a97d-d965ccfc6d4b" outcome="NotExecuted" testListId="8c84fa94-04c1-424b-9868-57a2d4851a1d">
    </UnitTestResult>
    <UnitTestResult executionId="d7faae93-d2a5-4733-9f96-e72b25f25f22" testId="6fdf6c49-565a-e4d5-577b-869f654c6c15" testName="Like" computerName="MIKE-NOTEBOOK2" duration="00:00:00" startTime="0001-01-01T08:00:00.0000000+08:00" endTime="0001-01-01T08:00:00.0000000+08:00" testType="13cdc9d9-ddb5-4fa4-a97d-d965ccfc6d4b" outcome="NotExecuted" testListId="8c84fa94-04c1-424b-9868-57a2d4851a1d">
    </UnitTestResult>
    <UnitTestResult executionId="c38bb4fe-7162-4c36-9924-ea79185f605d" testId="080b4f3c-eb0d-1ef9-f3b1-3b7b7d5b07de" testName="TestNull" computerName="MIKE-NOTEBOOK2" duration="00:00:00" startTime="0001-01-01T08:00:00.0000000+08:00" endTime="0001-01-01T08:00:00.0000000+08:00" testType="13cdc9d9-ddb5-4fa4-a97d-d965ccfc6d4b" outcome="NotExecuted" testListId="8c84fa94-04c1-424b-9868-57a2d4851a1d">
    </UnitTestResult>
    <UnitTestResult executionId="09eec2a7-4d22-479f-bbac-49ceaa7ab0cc" testId="1242df54-89c6-f03a-3484-00c1b2bce307" testName="CollectionConvert" computerName="MIKE-NOTEBOOK2" duration="00:00:00" startTime="0001-01-01T08:00:00.0000000+08:00" endTime="0001-01-01T08:00:00.0000000+08:00" testType="13cdc9d9-ddb5-4fa4-a97d-d965ccfc6d4b" outcome="NotExecuted" testListId="8c84fa94-04c1-424b-9868-57a2d4851a1d">
    </UnitTestResult>
    <UnitTestResult executionId="86436f57-1c91-4a87-b20f-84c782141c21" testId="044da2cc-2c45-87c1-1c5b-93e871c38e2b" testName="Concat" computerName="MIKE-NOTEBOOK2" duration="00:00:00" startTime="0001-01-01T08:00:00.0000000+08:00" endTime="0001-01-01T08:00:00.0000000+08:00" testType="13cdc9d9-ddb5-4fa4-a97d-d965ccfc6d4b" outcome="NotExecuted" testListId="8c84fa94-04c1-424b-9868-57a2d4851a1d">
    </UnitTestResult>
    <UnitTestResult executionId="de14b256-216d-4dd0-b844-35997b5e9257" testId="426c948d-8c98-4827-b7bf-c4bc568a848f" testName="StringConcat" computerName="MIKE-NOTEBOOK2" duration="00:00:00" startTime="0001-01-01T08:00:00.0000000+08:00" endTime="0001-01-01T08:00:00.0000000+08:00" testType="13cdc9d9-ddb5-4fa4-a97d-d965ccfc6d4b" outcome="NotExecuted" testListId="8c84fa94-04c1-424b-9868-57a2d4851a1d">
    </UnitTestResult>
    <UnitTestResult executionId="68e5de0d-e364-465e-94e0-dd0d13c93acc" testId="2f3f2238-adb0-861a-fdef-433de9c5fff1" testName="StringLength" computerName="MIKE-NOTEBOOK2" duration="00:00:00" startTime="0001-01-01T08:00:00.0000000+08:00" endTime="0001-01-01T08:00:00.0000000+08:00" testType="13cdc9d9-ddb5-4fa4-a97d-d965ccfc6d4b" outcome="NotExecuted" testListId="8c84fa94-04c1-424b-9868-57a2d4851a1d">
    </UnitTestResult>
    <UnitTestResult executionId="e6c50c6a-e0d9-44f3-9e14-4dc33c8d8f80" testId="d34176f4-7cd1-3672-596d-18a9b87bc42e" testName="StringContain" computerName="MIKE-NOTEBOOK2" duration="00:00:00" startTime="0001-01-01T08:00:00.0000000+08:00" endTime="0001-01-01T08:00:00.0000000+08:00" testType="13cdc9d9-ddb5-4fa4-a97d-d965ccfc6d4b" outcome="NotExecuted" testListId="8c84fa94-04c1-424b-9868-57a2d4851a1d">
    </UnitTestResult>
    <UnitTestResult executionId="0731339e-6ba0-4c51-9027-a0ceba20cdce" testId="dae6f440-8124-188a-4ce6-4b29936cfcca" testName="StringIndexOf" computerName="MIKE-NOTEBOOK2" duration="00:00:00" startTime="0001-01-01T08:00:00.0000000+08:00" endTime="0001-01-01T08:00:00.0000000+08:00" testType="13cdc9d9-ddb5-4fa4-a97d-d965ccfc6d4b" outcome="NotExecuted" testListId="8c84fa94-04c1-424b-9868-57a2d4851a1d">
    </UnitTestResult>
    <UnitTestResult executionId="3e21924e-e97f-4671-8df0-f56c3ca85162" testId="a5f20e20-856e-acff-904a-953c529e0a6e" testName="StringStartsWith" computerName="MIKE-NOTEBOOK2" duration="00:00:00" startTime="0001-01-01T08:00:00.0000000+08:00" endTime="0001-01-01T08:00:00.0000000+08:00" testType="13cdc9d9-ddb5-4fa4-a97d-d965ccfc6d4b" outcome="NotExecuted" testListId="8c84fa94-04c1-424b-9868-57a2d4851a1d">
    </UnitTestResult>
    <UnitTestResult executionId="4a74baf9-75c2-4db3-8301-842b2b983ba7" testId="c0e55d52-89ed-c668-7ad3-25a0904a13ce" testName="StringEndsWith" computerName="MIKE-NOTEBOOK2" duration="00:00:00" startTime="0001-01-01T08:00:00.0000000+08:00" endTime="0001-01-01T08:00:00.0000000+08:00" testType="13cdc9d9-ddb5-4fa4-a97d-d965ccfc6d4b" outcome="NotExecuted" testListId="8c84fa94-04c1-424b-9868-57a2d4851a1d">
    </UnitTestResult>
    <UnitTestResult executionId="85ea600b-3f0e-4081-a189-b68701957941" testId="4ece33b2-6d64-3bd1-27af-e1c98acc4eb8" testName="StringSubstring" computerName="MIKE-NOTEBOOK2" duration="00:00:00" startTime="0001-01-01T08:00:00.0000000+08:00" endTime="0001-01-01T08:00:00.0000000+08:00" testType="13cdc9d9-ddb5-4fa4-a97d-d965ccfc6d4b" outcome="NotExecuted" testListId="8c84fa94-04c1-424b-9868-57a2d4851a1d">
    </UnitTestResult>
    <UnitTestResult executionId="0b167970-ceb0-465e-b5d8-04d1c2aa7e47" testId="2c4a2ad4-50c5-51f4-6129-9af8ad8f735e" testName="StringToUpper" computerName="MIKE-NOTEBOOK2" duration="00:00:00" startTime="0001-01-01T08:00:00.0000000+08:00" endTime="0001-01-01T08:00:00.0000000+08:00" testType="13cdc9d9-ddb5-4fa4-a97d-d965ccfc6d4b" outcome="NotExecuted" testListId="8c84fa94-04c1-424b-9868-57a2d4851a1d">
    </UnitTestResult>
    <UnitTestResult executionId="27a3668c-8a39-4c33-868d-f9eb4572ea3a" testId="b124008b-d240-3a30-fd8b-6be8bde079cb" testName="StringToLower" computerName="MIKE-NOTEBOOK2" duration="00:00:00" startTime="0001-01-01T08:00:00.0000000+08:00" endTime="0001-01-01T08:00:00.0000000+08:00" testType="13cdc9d9-ddb5-4fa4-a97d-d965ccfc6d4b" outcome="NotExecuted" testListId="8c84fa94-04c1-424b-9868-57a2d4851a1d">
    </UnitTestResult>
    <UnitTestResult executionId="919257f8-0647-4bb0-8d29-243d90d441fa" testId="38c5769f-f165-205d-63c7-033eda866990" testName="String_Trim" computerName="MIKE-NOTEBOOK2" duration="00:00:00" startTime="0001-01-01T08:00:00.0000000+08:00" endTime="0001-01-01T08:00:00.0000000+08:00" testType="13cdc9d9-ddb5-4fa4-a97d-d965ccfc6d4b" outcome="NotExecuted" testListId="8c84fa94-04c1-424b-9868-57a2d4851a1d">
    </UnitTestResult>
    <UnitTestResult executionId="62fff074-2ba9-4406-8f1c-bf783420fefa" testId="98ea398c-b42e-b2ec-49b2-c450dcab79c5" testName="String_TrimStart" computerName="MIKE-NOTEBOOK2" duration="00:00:00" startTime="0001-01-01T08:00:00.0000000+08:00" endTime="0001-01-01T08:00:00.0000000+08:00" testType="13cdc9d9-ddb5-4fa4-a97d-d965ccfc6d4b" outcome="NotExecuted" testListId="8c84fa94-04c1-424b-9868-57a2d4851a1d">
    </UnitTestResult>
    <UnitTestResult executionId="72c1e751-52a5-40d8-bfcd-22a2e6dba085" testId="282bb57e-d133-888b-e519-0243c5576d05" testName="String_TrimEnd" computerName="MIKE-NOTEBOOK2" duration="00:00:00" startTime="0001-01-01T08:00:00.0000000+08:00" endTime="0001-01-01T08:00:00.0000000+08:00" testType="13cdc9d9-ddb5-4fa4-a97d-d965ccfc6d4b" outcome="NotExecuted" testListId="8c84fa94-04c1-424b-9868-57a2d4851a1d">
    </UnitTestResult>
    <UnitTestResult executionId="12d297e0-b6b9-42a4-9e07-1f23bbca36dd" testId="16ec256c-6d28-fc49-d17c-2c900b50a53d" testName="StringInsert" computerName="MIKE-NOTEBOOK2" duration="00:00:00" startTime="0001-01-01T08:00:00.0000000+08:00" endTime="0001-01-01T08:00:00.0000000+08:00" testType="13cdc9d9-ddb5-4fa4-a97d-d965ccfc6d4b" outcome="NotExecuted" testListId="8c84fa94-04c1-424b-9868-57a2d4851a1d">
    </UnitTestResult>
    <UnitTestResult executionId="40daf85f-4dc5-432c-83a2-46aa5e5395c2" testId="4da364d5-b85f-7346-9ccb-03cae68752d9" testName="StringRemove" computerName="MIKE-NOTEBOOK2" duration="00:00:00" startTime="0001-01-01T08:00:00.0000000+08:00" endTime="0001-01-01T08:00:00.0000000+08:00" testType="13cdc9d9-ddb5-4fa4-a97d-d965ccfc6d4b" outcome="NotExecuted" testListId="8c84fa94-04c1-424b-9868-57a2d4851a1d">
    </UnitTestResult>
    <UnitTestResult executionId="3d4de784-64e5-43f0-aafe-0bb30186e7de" testId="11786da0-5406-630d-aab5-09ef5c3abcf8" testName="StringRelace" computerName="MIKE-NOTEBOOK2" duration="00:00:00" startTime="0001-01-01T08:00:00.0000000+08:00" endTime="0001-01-01T08:00:00.0000000+08:00" testType="13cdc9d9-ddb5-4fa4-a97d-d965ccfc6d4b" outcome="NotExecuted" testListId="8c84fa94-04c1-424b-9868-57a2d4851a1d">
    </UnitTestResult>
    <UnitTestResult executionId="50f889e0-3235-4232-a7a5-97ad954ebf44" testId="3e7c0007-677c-a083-265e-40af6ecf42df" testName="DateTime_Year" computerName="MIKE-NOTEBOOK2" duration="00:00:00" startTime="0001-01-01T08:00:00.0000000+08:00" endTime="0001-01-01T08:00:00.0000000+08:00" testType="13cdc9d9-ddb5-4fa4-a97d-d965ccfc6d4b" outcome="NotExecuted" testListId="8c84fa94-04c1-424b-9868-57a2d4851a1d">
    </UnitTestResult>
    <UnitTestResult executionId="e2a97398-b8c7-45cf-8025-4565e9689f3f" testId="0adb0d82-91ab-e4f3-e60b-717ad69383f1" testName="DateTime_Month" computerName="MIKE-NOTEBOOK2" duration="00:00:00" startTime="0001-01-01T08:00:00.0000000+08:00" endTime="0001-01-01T08:00:00.0000000+08:00" testType="13cdc9d9-ddb5-4fa4-a97d-d965ccfc6d4b" outcome="NotExecuted" testListId="8c84fa94-04c1-424b-9868-57a2d4851a1d">
    </UnitTestResult>
    <UnitTestResult executionId="b93471ca-6548-41f7-8cda-e1ad04999771" testId="2cc806e0-c12f-96b3-de57-a39e99b1ecc8" testName="DateTime_Day" computerName="MIKE-NOTEBOOK2" duration="00:00:00" startTime="0001-01-01T08:00:00.0000000+08:00" endTime="0001-01-01T08:00:00.0000000+08:00" testType="13cdc9d9-ddb5-4fa4-a97d-d965ccfc6d4b" outcome="NotExecuted" testListId="8c84fa94-04c1-424b-9868-57a2d4851a1d">
    </UnitTestResult>
    <UnitTestResult executionId="cd35db25-167a-4713-9044-bea7cbe036b8" testId="c220c206-6837-807d-0d17-3a367ae31058" testName="DateTimeGT" computerName="MIKE-NOTEBOOK2" duration="00:00:00" startTime="0001-01-01T08:00:00.0000000+08:00" endTime="0001-01-01T08:00:00.0000000+08:00" testType="13cdc9d9-ddb5-4fa4-a97d-d965ccfc6d4b" outcome="NotExecuted" testListId="8c84fa94-04c1-424b-9868-57a2d4851a1d">
    </UnitTestResult>
    <UnitTestResult executionId="7570c060-daf8-4e1e-a507-bdbe3fd77d61" testId="163fe611-0b7a-3269-9bfe-67a5d2065d0a" testName="DateTimeGE" computerName="MIKE-NOTEBOOK2" duration="00:00:00" startTime="0001-01-01T08:00:00.0000000+08:00" endTime="0001-01-01T08:00:00.0000000+08:00" testType="13cdc9d9-ddb5-4fa4-a97d-d965ccfc6d4b" outcome="NotExecuted" testListId="8c84fa94-04c1-424b-9868-57a2d4851a1d">
    </UnitTestResult>
    <UnitTestResult executionId="0f882088-cb8e-4a02-a9c5-6257caaff963" testId="88a37945-c07f-6669-90c0-96159cfeddfd" testName="DateTimeLT" computerName="MIKE-NOTEBOOK2" duration="00:00:00" startTime="0001-01-01T08:00:00.0000000+08:00" endTime="0001-01-01T08:00:00.0000000+08:00" testType="13cdc9d9-ddb5-4fa4-a97d-d965ccfc6d4b" outcome="NotExecuted" testListId="8c84fa94-04c1-424b-9868-57a2d4851a1d">
    </UnitTestResult>
    <UnitTestResult executionId="5fa6b6c0-f6b4-4aac-9593-9e22e9b6dd59" testId="00d4e838-56aa-a9d5-b5c8-2dfda76adff0" testName="DateTimeLE" computerName="MIKE-NOTEBOOK2" duration="00:00:00" startTime="0001-01-01T08:00:00.0000000+08:00" endTime="0001-01-01T08:00:00.0000000+08:00" testType="13cdc9d9-ddb5-4fa4-a97d-d965ccfc6d4b" outcome="NotExecuted" testListId="8c84fa94-04c1-424b-9868-57a2d4851a1d">
    </UnitTestResult>
    <UnitTestResult executionId="4568025a-7cf3-4b4d-bbb3-d062e0add7e8" testId="433685b0-1d9e-e35c-d2ae-f6dd02d1e366" testName="DateTime_Date" computerName="MIKE-NOTEBOOK2" duration="00:00:00" startTime="0001-01-01T08:00:00.0000000+08:00" endTime="0001-01-01T08:00:00.0000000+08:00" testType="13cdc9d9-ddb5-4fa4-a97d-d965ccfc6d4b" outcome="NotExecuted" testListId="8c84fa94-04c1-424b-9868-57a2d4851a1d">
    </UnitTestResult>
    <UnitTestResult executionId="6affc293-9e64-44af-bb34-3865486727ee" testId="4d44be0a-ec1c-3e78-0893-3b15b2aaa363" testName="DateTime_TimeOfDay" computerName="MIKE-NOTEBOOK2" duration="00:00:00" startTime="0001-01-01T08:00:00.0000000+08:00" endTime="0001-01-01T08:00:00.0000000+08:00" testType="13cdc9d9-ddb5-4fa4-a97d-d965ccfc6d4b" outcome="NotExecuted" testListId="8c84fa94-04c1-424b-9868-57a2d4851a1d">
    </UnitTestResult>
    <UnitTestResult executionId="ba4ca7a5-0f69-4758-8dcd-3488c770da31" testId="cf431198-7dbf-ac00-27fc-bb4059bb5363" testName="Insert_Simple" computerName="MIKE-NOTEBOOK2" duration="00:00:00" startTime="0001-01-01T08:00:00.0000000+08:00" endTime="0001-01-01T08:00:00.0000000+08:00" testType="13cdc9d9-ddb5-4fa4-a97d-d965ccfc6d4b" outcome="NotExecuted" testListId="8c84fa94-04c1-424b-9868-57a2d4851a1d">
    </UnitTestResult>
    <UnitTestResult executionId="975b4094-4cb5-4f1b-a33a-4ba7e31cf855" testId="4d9c1331-7af6-c6f7-93cc-ee5d39483abb" testName="Insert_OneToMany" computerName="MIKE-NOTEBOOK2" duration="00:00:00" startTime="0001-01-01T08:00:00.0000000+08:00" endTime="0001-01-01T08:00:00.0000000+08:00" testType="13cdc9d9-ddb5-4fa4-a97d-d965ccfc6d4b" outcome="NotExecuted" testListId="8c84fa94-04c1-424b-9868-57a2d4851a1d">
    </UnitTestResult>
    <UnitTestResult executionId="6edf3836-1447-49c1-bc7a-fd20e9e11c49" testId="3b4ab98e-2d63-3111-4f2b-6c99394aa505" testName="Insert_ManyToMany" computerName="MIKE-NOTEBOOK2" duration="00:00:00" startTime="0001-01-01T08:00:00.0000000+08:00" endTime="0001-01-01T08:00:00.0000000+08:00" testType="13cdc9d9-ddb5-4fa4-a97d-d965ccfc6d4b" outcome="NotExecuted" testListId="8c84fa94-04c1-424b-9868-57a2d4851a1d">
    </UnitTestResult>
    <UnitTestResult executionId="11087eb5-e923-43d5-a4c6-97044928c58e" testId="ad1bf023-d485-7f6b-8102-2411f729d6e4" testName="Delete_ManyToMany" computerName="MIKE-NOTEBOOK2" duration="00:00:00" startTime="0001-01-01T08:00:00.0000000+08:00" endTime="0001-01-01T08:00:00.0000000+08:00" testType="13cdc9d9-ddb5-4fa4-a97d-d965ccfc6d4b" outcome="NotExecuted" testListId="8c84fa94-04c1-424b-9868-57a2d4851a1d">
    </UnitTestResult>
    <UnitTestResult executionId="8d0c709e-123f-417b-8d8f-b55d86a4e5a9" testId="88bb6b4e-2e4b-9c73-c38d-10fae1548447" testName="Update" computerName="MIKE-NOTEBOOK2" duration="00:00:00" startTime="0001-01-01T08:00:00.0000000+08:00" endTime="0001-01-01T08:00:00.0000000+08:00" testType="13cdc9d9-ddb5-4fa4-a97d-d965ccfc6d4b" outcome="NotExecuted" testListId="8c84fa94-04c1-424b-9868-57a2d4851a1d">
    </UnitTestResult>
    <UnitTestResult executionId="61464148-6f4f-4278-8e77-0bb186ded930" testId="82ccd57e-26ee-39a8-3927-9733043fc8c0" testName="Inherit" computerName="MIKE-NOTEBOOK2" duration="00:00:00" startTime="0001-01-01T08:00:00.0000000+08:00" endTime="0001-01-01T08:00:00.0000000+08:00" testType="13cdc9d9-ddb5-4fa4-a97d-d965ccfc6d4b" outcome="NotExecuted" testListId="8c84fa94-04c1-424b-9868-57a2d4851a1d">
    </UnitTestResult>
    <UnitTestResult executionId="90f1eba0-e575-4e13-bbcb-0a95864e105e" testId="fa6eaaa5-8a77-79d1-afc6-678a97e7a71f" testName="Insert_Inherit" computerName="MIKE-NOTEBOOK2" duration="00:00:00" startTime="0001-01-01T08:00:00.0000000+08:00" endTime="0001-01-01T08:00:00.0000000+08:00" testType="13cdc9d9-ddb5-4fa4-a97d-d965ccfc6d4b" outcome="NotExecuted" testListId="8c84fa94-04c1-424b-9868-57a2d4851a1d">
    </UnitTestResult>
    <UnitTestResult executionId="56bc663e-7215-4248-a367-2e7ab1de4107" testId="7e6ffe50-13e5-267d-4aaa-c0c38f39dfbd" testName="DataLoadOptionsTest" computerName="MIKE-NOTEBOOK2" duration="00:00:00" startTime="0001-01-01T08:00:00.0000000+08:00" endTime="0001-01-01T08:00:00.0000000+08:00" testType="13cdc9d9-ddb5-4fa4-a97d-d965ccfc6d4b" outcome="NotExecuted" testListId="8c84fa94-04c1-424b-9868-57a2d4851a1d">
    </UnitTestResult>
    <UnitTestResult executionId="4041d2cc-7749-4f17-8102-0a3860f756ae" testId="891b23dd-105a-5df6-c697-a1bc3afd6905" testName="Null" computerName="MIKE-NOTEBOOK2" duration="00:00:00" startTime="0001-01-01T08:00:00.0000000+08:00" endTime="0001-01-01T08:00:00.0000000+08:00" testType="13cdc9d9-ddb5-4fa4-a97d-d965ccfc6d4b" outcome="NotExecuted" testListId="8c84fa94-04c1-424b-9868-57a2d4851a1d">
    </UnitTestResult>
    <UnitTestResult executionId="d095c51d-8857-4f3f-9dae-cf2b20bc5c12" testId="dd9858be-513f-7b4a-13f6-b77bc553ccd8" testName="ResolveAll" computerName="MIKE-NOTEBOOK2" duration="00:00:00" startTime="0001-01-01T08:00:00.0000000+08:00" endTime="0001-01-01T08:00:00.0000000+08:00" testType="13cdc9d9-ddb5-4fa4-a97d-d965ccfc6d4b" outcome="NotExecuted" testListId="8c84fa94-04c1-424b-9868-57a2d4851a1d">
    </UnitTestResult>
    <UnitTestResult executionId="b88d222a-6599-421c-b5b0-7da91d598a38" testId="61e3f2ce-3e30-cff9-1f67-8444dcd7c2fd" testName="ComposeKey" computerName="MIKE-NOTEBOOK2" duration="00:00:00" startTime="0001-01-01T08:00:00.0000000+08:00" endTime="0001-01-01T08:00:00.0000000+08:00" testType="13cdc9d9-ddb5-4fa4-a97d-d965ccfc6d4b" outcome="NotExecuted" testListId="8c84fa94-04c1-424b-9868-57a2d4851a1d">
    </UnitTestResult>
    <UnitTestResult executionId="c37b4a09-869d-46be-8e6c-f3a58a59cfe9" testId="fde14a87-f892-0bcf-fc99-fa7f1f03d4d0" testName="AutoGuid" computerName="MIKE-NOTEBOOK2" duration="00:00:00" startTime="0001-01-01T08:00:00.0000000+08:00" endTime="0001-01-01T08:00:00.0000000+08:00" testType="13cdc9d9-ddb5-4fa4-a97d-d965ccfc6d4b" outcome="NotExecuted" testListId="8c84fa94-04c1-424b-9868-57a2d4851a1d">
    </UnitTestResult>
    <UnitTestResult executionId="a5469859-b6a6-4189-bccd-633c03d2be1e" testId="899a4e76-e05b-f6ce-d508-c44ed8364e9b" testName="Association" computerName="MIKE-NOTEBOOK2" duration="00:00:00" startTime="0001-01-01T08:00:00.0000000+08:00" endTime="0001-01-01T08:00:00.0000000+08:00" testType="13cdc9d9-ddb5-4fa4-a97d-d965ccfc6d4b" outcome="NotExecuted" testListId="8c84fa94-04c1-424b-9868-57a2d4851a1d">
    </UnitTestResult>
    <UnitTestResult executionId="6c052a5c-a61c-4015-b206-fa5571dc8dfe" testId="9a92b3f7-bc53-db9a-722f-de0bad8ddcca" testName="Test1" computerName="MIKE-NOTEBOOK2" duration="00:00:00" startTime="0001-01-01T08:00:00.0000000+08:00" endTime="0001-01-01T08:00:00.0000000+08:00" testType="13cdc9d9-ddb5-4fa4-a97d-d965ccfc6d4b" outcome="NotExecuted" testListId="8c84fa94-04c1-424b-9868-57a2d4851a1d">
    </UnitTestResult>
    <UnitTestResult executionId="6160c9fb-5bc6-4722-bc1d-9022c99b4793" testId="de41927e-4cf0-5090-af46-1be1366f3288" testName="Test2" computerName="MIKE-NOTEBOOK2" duration="00:00:00" startTime="0001-01-01T08:00:00.0000000+08:00" endTime="0001-01-01T08:00:00.0000000+08:00" testType="13cdc9d9-ddb5-4fa4-a97d-d965ccfc6d4b" outcome="NotExecuted" testListId="8c84fa94-04c1-424b-9868-57a2d4851a1d">
    </UnitTestResult>
    <UnitTestResult executionId="53ca855e-5de1-448b-863b-a154a90b6917" testId="7a192fe3-3eee-7fe7-1cf9-b108116d4838" testName="Test" computerName="MIKE-NOTEBOOK2" duration="00:00:00" startTime="0001-01-01T08:00:00.0000000+08:00" endTime="0001-01-01T08:00:00.0000000+08:00" testType="13cdc9d9-ddb5-4fa4-a97d-d965ccfc6d4b" outcome="NotExecuted" testListId="8c84fa94-04c1-424b-9868-57a2d4851a1d">
    </UnitTestResult>
    <UnitTestResult executionId="c52280c4-d581-418b-80a4-23880d7ce974" testId="fb5b22f2-7b93-c1e9-2643-43601644423e" testName="Test2" computerName="MIKE-NOTEBOOK2" duration="00:00:00" startTime="0001-01-01T08:00:00.0000000+08:00" endTime="0001-01-01T08:00:00.0000000+08:00" testType="13cdc9d9-ddb5-4fa4-a97d-d965ccfc6d4b" outcome="NotExecuted" testListId="8c84fa94-04c1-424b-9868-57a2d4851a1d">
    </UnitTestResult>
    <UnitTestResult executionId="ffc1cc85-9064-4247-9ec6-a77d85bb48a3" testId="95068a31-5a52-2bf8-b311-76c36fd6ff0b" testName="Test1" computerName="MIKE-NOTEBOOK2" duration="00:00:00" startTime="0001-01-01T08:00:00.0000000+08:00" endTime="0001-01-01T08:00:00.0000000+08:00" testType="13cdc9d9-ddb5-4fa4-a97d-d965ccfc6d4b" outcome="NotExecuted" testListId="8c84fa94-04c1-424b-9868-57a2d4851a1d">
    </UnitTestResult>
    <UnitTestResult executionId="7c0dda78-e54a-4468-a55a-ffe9c44a80fe" testId="316d2245-5185-f5e8-a1c1-6726d9c82d45" testName="CreateDatabase" computerName="MIKE-NOTEBOOK2" duration="00:00:00" startTime="0001-01-01T08:00:00.0000000+08:00" endTime="0001-01-01T08:00:00.0000000+08:00" testType="13cdc9d9-ddb5-4fa4-a97d-d965ccfc6d4b" outcome="NotExecuted" testListId="8c84fa94-04c1-424b-9868-57a2d4851a1d">
    </UnitTestResult>
    <UnitTestResult executionId="0336a144-430f-44bc-a29a-2854f82c2d33" testId="f9e10c0d-8ac2-3512-0356-fcf9d86e1251" testName="CreateDatabase" computerName="MIKE-NOTEBOOK2" duration="00:00:00" startTime="0001-01-01T08:00:00.0000000+08:00" endTime="0001-01-01T08:00:00.0000000+08:00" testType="13cdc9d9-ddb5-4fa4-a97d-d965ccfc6d4b" outcome="NotExecuted" testListId="8c84fa94-04c1-424b-9868-57a2d4851a1d">
    </UnitTestResult>
    <UnitTestResult executionId="7db67945-e334-40a6-8456-f2cbdd0151d8" testId="d481c182-94b0-8d2e-5e30-0d118504d7fd" testName="CreateProcedure8" computerName="MIKE-NOTEBOOK2" duration="00:00:00" startTime="0001-01-01T08:00:00.0000000+08:00" endTime="0001-01-01T08:00:00.0000000+08:00" testType="13cdc9d9-ddb5-4fa4-a97d-d965ccfc6d4b" outcome="NotExecuted" testListId="8c84fa94-04c1-424b-9868-57a2d4851a1d">
    </UnitTestResult>
    <UnitTestResult executionId="9779b792-5071-4c49-8156-9c026250ebda" testId="c778b01c-f3d8-fb72-0fc4-bbbeab382553" testName="AddCategory" computerName="MIKE-NOTEBOOK2" duration="00:00:00" startTime="0001-01-01T08:00:00.0000000+08:00" endTime="0001-01-01T08:00:00.0000000+08:00" testType="13cdc9d9-ddb5-4fa4-a97d-d965ccfc6d4b" outcome="NotExecuted" testListId="8c84fa94-04c1-424b-9868-57a2d4851a1d">
    </UnitTestResult>
    <UnitTestResult executionId="5859c443-c3d0-492d-8adf-a76deb56acc6" testId="9d0e2df0-a255-6b08-76b1-70cef0994d90" testName="GetCategoryName" computerName="MIKE-NOTEBOOK2" duration="00:00:00" startTime="0001-01-01T08:00:00.0000000+08:00" endTime="0001-01-01T08:00:00.0000000+08:00" testType="13cdc9d9-ddb5-4fa4-a97d-d965ccfc6d4b" outcome="NotExecuted" testListId="8c84fa94-04c1-424b-9868-57a2d4851a1d">
    </UnitTestResult>
    <UnitTestResult executionId="74948dd3-b479-458e-b4ad-1ed227e95060" testId="d34e1f3c-6aa4-904b-79ed-354dea40e36c" testName="GetCategoryPicture1" computerName="MIKE-NOTEBOOK2" duration="00:00:00" startTime="0001-01-01T08:00:00.0000000+08:00" endTime="0001-01-01T08:00:00.0000000+08:00" testType="13cdc9d9-ddb5-4fa4-a97d-d965ccfc6d4b" outcome="NotExecuted" testListId="8c84fa94-04c1-424b-9868-57a2d4851a1d">
    </UnitTestResult>
    <UnitTestResult executionId="c1a63beb-f0c7-498f-ac39-e44f95fcf515" testId="4b73483a-4e72-fb3a-3870-f36206c71126" testName="GetCategoryPicture2" computerName="MIKE-NOTEBOOK2" duration="00:00:00" startTime="0001-01-01T08:00:00.0000000+08:00" endTime="0001-01-01T08:00:00.0000000+08:00" testType="13cdc9d9-ddb5-4fa4-a97d-d965ccfc6d4b" outcome="NotExecuted" testListId="8c84fa94-04c1-424b-9868-57a2d4851a1d">
    </UnitTestResult>
    <UnitTestResult executionId="22bf2ef1-3d60-49a5-96a8-5361efeb8ee4" testId="9a208849-da71-d3d1-c3b0-fa2d4720a4d5" testName="GetCategoryPicture3" computerName="MIKE-NOTEBOOK2" duration="00:00:00" startTime="0001-01-01T08:00:00.0000000+08:00" endTime="0001-01-01T08:00:00.0000000+08:00" testType="13cdc9d9-ddb5-4fa4-a97d-d965ccfc6d4b" outcome="NotExecuted" testListId="8c84fa94-04c1-424b-9868-57a2d4851a1d">
    </UnitTestResult>
    <UnitTestResult executionId="ba9ed61b-cc77-417d-af31-911d6b290c87" testId="f2a9736e-3151-1d08-0826-96cb30bcdb23" testName="GetCategoriesCount" computerName="MIKE-NOTEBOOK2" duration="00:00:00" startTime="0001-01-01T08:00:00.0000000+08:00" endTime="0001-01-01T08:00:00.0000000+08:00" testType="13cdc9d9-ddb5-4fa4-a97d-d965ccfc6d4b" outcome="NotExecuted" testListId="8c84fa94-04c1-424b-9868-57a2d4851a1d">
    </UnitTestResult>
    <UnitTestResult executionId="3c86c085-bd01-4837-a455-a3eabaa03dd8" testId="9f72b4dc-bdc5-e535-dfa2-9d17864553e8" testName="Test" computerName="MIKE-NOTEBOOK2" duration="00:00:00" startTime="0001-01-01T08:00:00.0000000+08:00" endTime="0001-01-01T08:00:00.0000000+08:00" testType="13cdc9d9-ddb5-4fa4-a97d-d965ccfc6d4b" outcome="NotExecuted" testListId="8c84fa94-04c1-424b-9868-57a2d4851a1d">
    </UnitTestResult>
    <UnitTestResult executionId="6e93abbd-e3c3-4db8-ba65-df83bc8c598f" testId="969e1a10-e280-3158-fb9b-fb2f4cdd9a23" testName="GetAllCategories1" computerName="MIKE-NOTEBOOK2" duration="00:00:00" startTime="0001-01-01T08:00:00.0000000+08:00" endTime="0001-01-01T08:00:00.0000000+08:00" testType="13cdc9d9-ddb5-4fa4-a97d-d965ccfc6d4b" outcome="NotExecuted" testListId="8c84fa94-04c1-424b-9868-57a2d4851a1d">
    </UnitTestResult>
    <UnitTestResult executionId="b9dd3f41-b810-4891-b8f8-a58a995c78b7" testId="e03faa0d-fa1f-4f0c-4ead-ef54f4fcdf0e" testName="GetAllCategories2" computerName="MIKE-NOTEBOOK2" duration="00:00:00" startTime="0001-01-01T08:00:00.0000000+08:00" endTime="0001-01-01T08:00:00.0000000+08:00" testType="13cdc9d9-ddb5-4fa4-a97d-d965ccfc6d4b" outcome="NotExecuted" testListId="8c84fa94-04c1-424b-9868-57a2d4851a1d">
    </UnitTestResult>
    <UnitTestResult executionId="eacdbef7-5025-498b-b85d-883f4dd8a16e" testId="b38189fa-2435-bfd6-cb4c-9b8108375d04" testName="GetCategoriesAndProducts" computerName="MIKE-NOTEBOOK2" duration="00:00:00" startTime="0001-01-01T08:00:00.0000000+08:00" endTime="0001-01-01T08:00:00.0000000+08:00" testType="13cdc9d9-ddb5-4fa4-a97d-d965ccfc6d4b" outcome="NotExecuted" testListId="8c84fa94-04c1-424b-9868-57a2d4851a1d">
    </UnitTestResult>
    <UnitTestResult executionId="bdba70f5-da92-4b29-a926-c35274ceaf07" testId="85b8bc72-a9f3-181d-db61-bae6e8164e7b" testName="CreateDatabase" computerName="MIKE-NOTEBOOK2" duration="00:00:00" startTime="0001-01-01T08:00:00.0000000+08:00" endTime="0001-01-01T08:00:00.0000000+08:00" testType="13cdc9d9-ddb5-4fa4-a97d-d965ccfc6d4b" outcome="NotExecuted" testListId="8c84fa94-04c1-424b-9868-57a2d4851a1d">
    </UnitTestResult>
    <UnitTestResult executionId="f923cfb4-063d-4188-9036-007ffa3d1a5a" testId="4c9444b3-33fb-97b5-c310-dba31fe06500" testName="OrderBy_Simple" computerName="MIKE-NOTEBOOK2" duration="00:00:00" startTime="0001-01-01T08:00:00.0000000+08:00" endTime="0001-01-01T08:00:00.0000000+08:00" testType="13cdc9d9-ddb5-4fa4-a97d-d965ccfc6d4b" outcome="NotExecuted" testListId="8c84fa94-04c1-424b-9868-57a2d4851a1d">
    </UnitTestResult>
    <UnitTestResult executionId="e9b3b932-6c99-4e61-b889-84a7286f7dea" testId="57c2a8af-4977-fcfe-8e7d-9433b0e29257" testName="StoreAndReuseQuery" computerName="MIKE-NOTEBOOK2" duration="00:00:00" startTime="0001-01-01T08:00:00.0000000+08:00" endTime="0001-01-01T08:00:00.0000000+08:00" testType="13cdc9d9-ddb5-4fa4-a97d-d965ccfc6d4b" outcome="NotExecuted" testListId="8c84fa94-04c1-424b-9868-57a2d4851a1d">
    </UnitTestResult>
    <UnitTestResult executionId="33a7a662-27b9-4be4-af0f-eff945803e8b" testId="8b320c0c-3277-2b41-b2ea-eddf5778fd3d" testName="StringConnect" computerName="MIKE-NOTEBOOK2" duration="00:00:00" startTime="0001-01-01T08:00:00.0000000+08:00" endTime="0001-01-01T08:00:00.0000000+08:00" testType="13cdc9d9-ddb5-4fa4-a97d-d965ccfc6d4b" outcome="NotExecuted" testListId="8c84fa94-04c1-424b-9868-57a2d4851a1d">
    </UnitTestResult>
    <UnitTestResult executionId="4fdb50ae-0ac0-4cb7-ae0c-e4b289dcf7d3" testId="8fa6bd8e-c65e-f275-0f54-5cb2d12298a2" testName="DataType_Clob" computerName="MIKE-NOTEBOOK2" duration="00:00:00" startTime="0001-01-01T08:00:00.0000000+08:00" endTime="0001-01-01T08:00:00.0000000+08:00" testType="13cdc9d9-ddb5-4fa4-a97d-d965ccfc6d4b" outcome="NotExecuted" testListId="8c84fa94-04c1-424b-9868-57a2d4851a1d">
    </UnitTestResult>
    <UnitTestResult executionId="757d4f3f-c0ac-4737-b829-832fe5ecaf42" testId="1b4b65e8-e702-9cd3-f7f5-730baa59f5d1" testName="Bitwise" computerName="MIKE-NOTEBOOK2" duration="00:00:00" startTime="0001-01-01T08:00:00.0000000+08:00" endTime="0001-01-01T08:00:00.0000000+08:00" testType="13cdc9d9-ddb5-4fa4-a97d-d965ccfc6d4b" outcome="NotExecuted" testListId="8c84fa94-04c1-424b-9868-57a2d4851a1d">
    </UnitTestResult>
    <UnitTestResult executionId="36477864-2ae3-4d98-88f5-8008dba4b050" testId="2c312251-7712-a397-6e63-679e5bbe62be" testName="TempTest" computerName="MIKE-NOTEBOOK2" duration="00:00:00" startTime="0001-01-01T08:00:00.0000000+08:00" endTime="0001-01-01T08:00:00.0000000+08:00" testType="13cdc9d9-ddb5-4fa4-a97d-d965ccfc6d4b" outcome="NotExecuted" testListId="8c84fa94-04c1-424b-9868-57a2d4851a1d">
    </UnitTestResult>
    <UnitTestResult executionId="2e8d8aa8-aede-4890-a2d4-350f809d94ea" testId="98376f6e-76c2-fbcc-25ed-c157e94f4fd9" testName="Aggregate_Null" computerName="MIKE-NOTEBOOK2" duration="00:00:00" startTime="0001-01-01T08:00:00.0000000+08:00" endTime="0001-01-01T08:00:00.0000000+08:00" testType="13cdc9d9-ddb5-4fa4-a97d-d965ccfc6d4b" outcome="NotExecuted" testListId="8c84fa94-04c1-424b-9868-57a2d4851a1d">
    </UnitTestResult>
    <UnitTestResult executionId="05d86195-56c4-4883-a5e1-1ceef188bef0" testId="1cfce327-ccf1-c5ab-ada6-416b33332684" testName="GetDefaultValue" computerName="MIKE-NOTEBOOK2" duration="00:00:00" startTime="0001-01-01T08:00:00.0000000+08:00" endTime="0001-01-01T08:00:00.0000000+08:00" testType="13cdc9d9-ddb5-4fa4-a97d-d965ccfc6d4b" outcome="NotExecuted" testListId="8c84fa94-04c1-424b-9868-57a2d4851a1d">
    </UnitTestResult>
    <UnitTestResult executionId="d51b0117-9d55-49c8-ab63-291ca0cd3289" testId="05cc498c-6539-39b3-f8fe-7bafa5ad6d27" testName="Math_Abs" computerName="MIKE-NOTEBOOK2" duration="00:00:00" startTime="0001-01-01T08:00:00.0000000+08:00" endTime="0001-01-01T08:00:00.0000000+08:00" testType="13cdc9d9-ddb5-4fa4-a97d-d965ccfc6d4b" outcome="NotExecuted" testListId="8c84fa94-04c1-424b-9868-57a2d4851a1d">
    </UnitTestResult>
    <UnitTestResult executionId="1403d041-a2a9-439e-bee8-0d9d389ce637" testId="20e9e669-e39d-3c68-97a8-9a6c48db96c4" testName="Math_Acos" computerName="MIKE-NOTEBOOK2" duration="00:00:00" startTime="0001-01-01T08:00:00.0000000+08:00" endTime="0001-01-01T08:00:00.0000000+08:00" testType="13cdc9d9-ddb5-4fa4-a97d-d965ccfc6d4b" outcome="NotExecuted" testListId="8c84fa94-04c1-424b-9868-57a2d4851a1d">
    </UnitTestResult>
    <UnitTestResult executionId="f53741f2-da67-45af-8d74-c0f472cf6350" testId="72641d4d-c0a5-fbd8-4bd0-1bfe86ba14bc" testName="Math_Asin" computerName="MIKE-NOTEBOOK2" duration="00:00:00" startTime="0001-01-01T08:00:00.0000000+08:00" endTime="0001-01-01T08:00:00.0000000+08:00" testType="13cdc9d9-ddb5-4fa4-a97d-d965ccfc6d4b" outcome="NotExecuted" testListId="8c84fa94-04c1-424b-9868-57a2d4851a1d">
    </UnitTestResult>
    <UnitTestResult executionId="35df4651-c798-470c-956a-f681e54e19c8" testId="ca2cc130-002a-c26f-0979-7d66dc7e7799" testName="Math_Atan" computerName="MIKE-NOTEBOOK2" duration="00:00:00" startTime="0001-01-01T08:00:00.0000000+08:00" endTime="0001-01-01T08:00:00.0000000+08:00" testType="13cdc9d9-ddb5-4fa4-a97d-d965ccfc6d4b" outcome="NotExecuted" testListId="8c84fa94-04c1-424b-9868-57a2d4851a1d">
    </UnitTestResult>
    <UnitTestResult executionId="49982fad-f932-4d66-bdbd-53f7ca497c6a" testId="bb485838-67f1-24ad-84a0-2ec586a0d911" testName="Math_Atan2" computerName="MIKE-NOTEBOOK2" duration="00:00:00" startTime="0001-01-01T08:00:00.0000000+08:00" endTime="0001-01-01T08:00:00.0000000+08:00" testType="13cdc9d9-ddb5-4fa4-a97d-d965ccfc6d4b" outcome="NotExecuted" testListId="8c84fa94-04c1-424b-9868-57a2d4851a1d">
    </UnitTestResult>
    <UnitTestResult executionId="c5edc10f-6850-4ecd-b300-d0534409a683" testId="44c2bb21-aac6-2e3c-ac20-bd40bee59ccf" testName="Math_BigMul" computerName="MIKE-NOTEBOOK2" duration="00:00:00" startTime="0001-01-01T08:00:00.0000000+08:00" endTime="0001-01-01T08:00:00.0000000+08:00" testType="13cdc9d9-ddb5-4fa4-a97d-d965ccfc6d4b" outcome="NotExecuted" testListId="8c84fa94-04c1-424b-9868-57a2d4851a1d">
    </UnitTestResult>
    <UnitTestResult executionId="f6674b70-8f80-4413-acb6-701f0423eb5c" testId="511f6cad-9729-e8a8-49c6-d38847f46acb" testName="Math_Ceiling" computerName="MIKE-NOTEBOOK2" duration="00:00:00" startTime="0001-01-01T08:00:00.0000000+08:00" endTime="0001-01-01T08:00:00.0000000+08:00" testType="13cdc9d9-ddb5-4fa4-a97d-d965ccfc6d4b" outcome="NotExecuted" testListId="8c84fa94-04c1-424b-9868-57a2d4851a1d">
    </UnitTestResult>
    <UnitTestResult executionId="73e7d0d8-7dfa-40f2-b312-c41ea43b07f3" testId="bfc05492-d290-d572-1323-69a5b5adf7ec" testName="Math_Cos" computerName="MIKE-NOTEBOOK2" duration="00:00:00" startTime="0001-01-01T08:00:00.0000000+08:00" endTime="0001-01-01T08:00:00.0000000+08:00" testType="13cdc9d9-ddb5-4fa4-a97d-d965ccfc6d4b" outcome="NotExecuted" testListId="8c84fa94-04c1-424b-9868-57a2d4851a1d">
    </UnitTestResult>
    <UnitTestResult executionId="44604707-b98d-40e9-a897-7c08759da5b8" testId="31887ae9-20c6-7ed9-9c14-3bc07051c430" testName="Math_Cosh" computerName="MIKE-NOTEBOOK2" duration="00:00:00" startTime="0001-01-01T08:00:00.0000000+08:00" endTime="0001-01-01T08:00:00.0000000+08:00" testType="13cdc9d9-ddb5-4fa4-a97d-d965ccfc6d4b" outcome="NotExecuted" testListId="8c84fa94-04c1-424b-9868-57a2d4851a1d">
    </UnitTestResult>
    <UnitTestResult executionId="11b9b38c-b3ad-45b7-9e37-437a6607c6ac" testId="edb38351-102b-bca0-3671-469af9b60e84" testName="Math_DivRem" computerName="MIKE-NOTEBOOK2" duration="00:00:00" startTime="0001-01-01T08:00:00.0000000+08:00" endTime="0001-01-01T08:00:00.0000000+08:00" testType="13cdc9d9-ddb5-4fa4-a97d-d965ccfc6d4b" outcome="NotExecuted" testListId="8c84fa94-04c1-424b-9868-57a2d4851a1d">
    </UnitTestResult>
    <UnitTestResult executionId="8e841fbc-5f9c-4143-b90e-ebc15b2057b1" testId="0a5ce5a5-2195-5e63-4e99-55e082f335db" testName="Math_Exp" computerName="MIKE-NOTEBOOK2" duration="00:00:00" startTime="0001-01-01T08:00:00.0000000+08:00" endTime="0001-01-01T08:00:00.0000000+08:00" testType="13cdc9d9-ddb5-4fa4-a97d-d965ccfc6d4b" outcome="NotExecuted" testListId="8c84fa94-04c1-424b-9868-57a2d4851a1d">
    </UnitTestResult>
    <UnitTestResult executionId="10ebe046-0921-4b1b-88d7-11e28cebc490" testId="0dc596ec-674c-715b-237e-6e594969c7bc" testName="Math_Floor" computerName="MIKE-NOTEBOOK2" duration="00:00:00" startTime="0001-01-01T08:00:00.0000000+08:00" endTime="0001-01-01T08:00:00.0000000+08:00" testType="13cdc9d9-ddb5-4fa4-a97d-d965ccfc6d4b" outcome="NotExecuted" testListId="8c84fa94-04c1-424b-9868-57a2d4851a1d">
    </UnitTestResult>
    <UnitTestResult executionId="839472fe-d9d9-4375-b156-f7372e63015a" testId="8a49fecd-904d-01c9-e38b-0ed42737dc1c" testName="Math_Log" computerName="MIKE-NOTEBOOK2" duration="00:00:00" startTime="0001-01-01T08:00:00.0000000+08:00" endTime="0001-01-01T08:00:00.0000000+08:00" testType="13cdc9d9-ddb5-4fa4-a97d-d965ccfc6d4b" outcome="NotExecuted" testListId="8c84fa94-04c1-424b-9868-57a2d4851a1d">
    </UnitTestResult>
    <UnitTestResult executionId="ad17ed70-9872-4183-93de-94170e260976" testId="9a4ffe36-6331-7f8a-21e5-c94673c165ec" testName="Math_Log10" computerName="MIKE-NOTEBOOK2" duration="00:00:00" startTime="0001-01-01T08:00:00.0000000+08:00" endTime="0001-01-01T08:00:00.0000000+08:00" testType="13cdc9d9-ddb5-4fa4-a97d-d965ccfc6d4b" outcome="NotExecuted" testListId="8c84fa94-04c1-424b-9868-57a2d4851a1d">
    </UnitTestResult>
    <UnitTestResult executionId="3e305d56-197d-41ca-bda0-5a43dae14315" testId="1eb63985-83f5-89de-1385-0a48e133609b" testName="Math_Max" computerName="MIKE-NOTEBOOK2" duration="00:00:00" startTime="0001-01-01T08:00:00.0000000+08:00" endTime="0001-01-01T08:00:00.0000000+08:00" testType="13cdc9d9-ddb5-4fa4-a97d-d965ccfc6d4b" outcome="NotExecuted" testListId="8c84fa94-04c1-424b-9868-57a2d4851a1d">
    </UnitTestResult>
    <UnitTestResult executionId="82a56580-ce19-4d83-beb6-254c6c50883a" testId="5896cb58-f892-6ed8-3326-9aad4500d863" testName="Math_Min" computerName="MIKE-NOTEBOOK2" duration="00:00:00" startTime="0001-01-01T08:00:00.0000000+08:00" endTime="0001-01-01T08:00:00.0000000+08:00" testType="13cdc9d9-ddb5-4fa4-a97d-d965ccfc6d4b" outcome="NotExecuted" testListId="8c84fa94-04c1-424b-9868-57a2d4851a1d">
    </UnitTestResult>
    <UnitTestResult executionId="c0099e52-60de-425e-b863-ba8260f1e4bb" testId="162c49f3-c130-b793-9915-34f07150ae72" testName="Math_Pow" computerName="MIKE-NOTEBOOK2" duration="00:00:00" startTime="0001-01-01T08:00:00.0000000+08:00" endTime="0001-01-01T08:00:00.0000000+08:00" testType="13cdc9d9-ddb5-4fa4-a97d-d965ccfc6d4b" outcome="NotExecuted" testListId="8c84fa94-04c1-424b-9868-57a2d4851a1d">
    </UnitTestResult>
    <UnitTestResult executionId="8e77946c-22ba-4003-b9ea-d8d338ceeac0" testId="49fd7ca7-ef96-fd3a-5558-a3edb2aea8e3" testName="Math_Round2" computerName="MIKE-NOTEBOOK2" duration="00:00:00" startTime="0001-01-01T08:00:00.0000000+08:00" endTime="0001-01-01T08:00:00.0000000+08:00" testType="13cdc9d9-ddb5-4fa4-a97d-d965ccfc6d4b" outcome="NotExecuted" testListId="8c84fa94-04c1-424b-9868-57a2d4851a1d">
    </UnitTestResult>
    <UnitTestResult executionId="61550db4-c573-46ea-80fa-e4a0f427c81e" testId="ac312e22-08bf-544f-d926-1f69fd84c6d0" testName="Math_Sign" computerName="MIKE-NOTEBOOK2" duration="00:00:00" startTime="0001-01-01T08:00:00.0000000+08:00" endTime="0001-01-01T08:00:00.0000000+08:00" testType="13cdc9d9-ddb5-4fa4-a97d-d965ccfc6d4b" outcome="NotExecuted" testListId="8c84fa94-04c1-424b-9868-57a2d4851a1d">
    </UnitTestResult>
    <UnitTestResult executionId="6ed4f753-bf43-4f97-9b35-8395aa3e165e" testId="42dbdf7a-12ff-9577-b9cd-b5cb91ba5025" testName="Math_Sin" computerName="MIKE-NOTEBOOK2" duration="00:00:00" startTime="0001-01-01T08:00:00.0000000+08:00" endTime="0001-01-01T08:00:00.0000000+08:00" testType="13cdc9d9-ddb5-4fa4-a97d-d965ccfc6d4b" outcome="NotExecuted" testListId="8c84fa94-04c1-424b-9868-57a2d4851a1d">
    </UnitTestResult>
    <UnitTestResult executionId="6e514ab9-3b4b-40d6-bfc0-145f888f4123" testId="25823bbf-63f3-a9f8-665c-2d7fef10eda5" testName="Math_Sinh" computerName="MIKE-NOTEBOOK2" duration="00:00:00" startTime="0001-01-01T08:00:00.0000000+08:00" endTime="0001-01-01T08:00:00.0000000+08:00" testType="13cdc9d9-ddb5-4fa4-a97d-d965ccfc6d4b" outcome="NotExecuted" testListId="8c84fa94-04c1-424b-9868-57a2d4851a1d">
    </UnitTestResult>
    <UnitTestResult executionId="85139f72-c9a5-493d-9402-1dfa77de7828" testId="b789f725-a4b3-0ced-9e37-b25d706a8fa5" testName="Math_Sqrt" computerName="MIKE-NOTEBOOK2" duration="00:00:00" startTime="0001-01-01T08:00:00.0000000+08:00" endTime="0001-01-01T08:00:00.0000000+08:00" testType="13cdc9d9-ddb5-4fa4-a97d-d965ccfc6d4b" outcome="NotExecuted" testListId="8c84fa94-04c1-424b-9868-57a2d4851a1d">
    </UnitTestResult>
    <UnitTestResult executionId="35c90e0e-5a56-4ed8-b722-8e61cf2855c0" testId="8d0d285e-7dce-f6b3-fbdc-63ebe9d37b5d" testName="Math_Tan" computerName="MIKE-NOTEBOOK2" duration="00:00:00" startTime="0001-01-01T08:00:00.0000000+08:00" endTime="0001-01-01T08:00:00.0000000+08:00" testType="13cdc9d9-ddb5-4fa4-a97d-d965ccfc6d4b" outcome="NotExecuted" testListId="8c84fa94-04c1-424b-9868-57a2d4851a1d">
    </UnitTestResult>
    <UnitTestResult executionId="cba2fb59-c6fe-4f85-96b1-b4cf67d04b01" testId="91523274-5a20-7f51-c088-7964dc2d4a82" testName="Math_Tanh" computerName="MIKE-NOTEBOOK2" duration="00:00:00" startTime="0001-01-01T08:00:00.0000000+08:00" endTime="0001-01-01T08:00:00.0000000+08:00" testType="13cdc9d9-ddb5-4fa4-a97d-d965ccfc6d4b" outcome="NotExecuted" testListId="8c84fa94-04c1-424b-9868-57a2d4851a1d">
    </UnitTestResult>
    <UnitTestResult executionId="7dc6f104-1171-4fd5-9696-79ab88a45975" testId="94fe62b4-0c30-7b2b-2f7b-1cababe42b33" testName="Math_Truncate1" computerName="MIKE-NOTEBOOK2" duration="00:00:00" startTime="0001-01-01T08:00:00.0000000+08:00" endTime="0001-01-01T08:00:00.0000000+08:00" testType="13cdc9d9-ddb5-4fa4-a97d-d965ccfc6d4b" outcome="NotExecuted" testListId="8c84fa94-04c1-424b-9868-57a2d4851a1d">
    </UnitTestResult>
    <UnitTestResult executionId="5b3a7844-e946-46dc-ad9e-07a49c5c2967" testId="32c45bba-c3f3-d667-f8a3-d7944e70fe06" testName="String_Clone" computerName="MIKE-NOTEBOOK2" duration="00:00:00" startTime="0001-01-01T08:00:00.0000000+08:00" endTime="0001-01-01T08:00:00.0000000+08:00" testType="13cdc9d9-ddb5-4fa4-a97d-d965ccfc6d4b" outcome="NotExecuted" testListId="8c84fa94-04c1-424b-9868-57a2d4851a1d">
    </UnitTestResult>
    <UnitTestResult executionId="efc1730b-3ff4-4044-8632-92ae84d92f2a" testId="b304fa7d-6198-99d0-2dd1-a904ce4109e5" testName="String_CompareTo" computerName="MIKE-NOTEBOOK2" duration="00:00:00" startTime="0001-01-01T08:00:00.0000000+08:00" endTime="0001-01-01T08:00:00.0000000+08:00" testType="13cdc9d9-ddb5-4fa4-a97d-d965ccfc6d4b" outcome="NotExecuted" testListId="8c84fa94-04c1-424b-9868-57a2d4851a1d">
    </UnitTestResult>
    <UnitTestResult executionId="9f2d628b-f02f-4566-a0fe-91912163eba0" testId="7202ba39-ab6d-4d79-673e-efdd041957c8" testName="String_Contains" computerName="MIKE-NOTEBOOK2" duration="00:00:00" startTime="0001-01-01T08:00:00.0000000+08:00" endTime="0001-01-01T08:00:00.0000000+08:00" testType="13cdc9d9-ddb5-4fa4-a97d-d965ccfc6d4b" outcome="NotExecuted" testListId="8c84fa94-04c1-424b-9868-57a2d4851a1d">
    </UnitTestResult>
    <UnitTestResult executionId="7583b4c9-cb18-4176-a832-162ca0180c78" testId="d39743ba-9b1f-7cfa-b6e7-15f0f43b2685" testName="String_EndsWith" computerName="MIKE-NOTEBOOK2" duration="00:00:00" startTime="0001-01-01T08:00:00.0000000+08:00" endTime="0001-01-01T08:00:00.0000000+08:00" testType="13cdc9d9-ddb5-4fa4-a97d-d965ccfc6d4b" outcome="NotExecuted" testListId="8c84fa94-04c1-424b-9868-57a2d4851a1d">
    </UnitTestResult>
    <UnitTestResult executionId="e9a53361-8396-4f4b-961c-69b8568cb70e" testId="35529ed1-9196-1b6d-8cd5-42b08536bd52" testName="String_Equals1" computerName="MIKE-NOTEBOOK2" duration="00:00:00" startTime="0001-01-01T08:00:00.0000000+08:00" endTime="0001-01-01T08:00:00.0000000+08:00" testType="13cdc9d9-ddb5-4fa4-a97d-d965ccfc6d4b" outcome="NotExecuted" testListId="8c84fa94-04c1-424b-9868-57a2d4851a1d">
    </UnitTestResult>
    <UnitTestResult executionId="039ed34d-02fe-484a-8112-dc1335c974c8" testId="08766167-cf9d-376b-0499-6370175a6d01" testName="String_Equals2" computerName="MIKE-NOTEBOOK2" duration="00:00:00" startTime="0001-01-01T08:00:00.0000000+08:00" endTime="0001-01-01T08:00:00.0000000+08:00" testType="13cdc9d9-ddb5-4fa4-a97d-d965ccfc6d4b" outcome="NotExecuted" testListId="8c84fa94-04c1-424b-9868-57a2d4851a1d">
    </UnitTestResult>
    <UnitTestResult executionId="476200c5-ea0a-42f9-b65f-25a05acaa708" testId="7037a1fe-d983-4774-164d-a361cedce862" testName="String_Equals3" computerName="MIKE-NOTEBOOK2" duration="00:00:00" startTime="0001-01-01T08:00:00.0000000+08:00" endTime="0001-01-01T08:00:00.0000000+08:00" testType="13cdc9d9-ddb5-4fa4-a97d-d965ccfc6d4b" outcome="NotExecuted" testListId="8c84fa94-04c1-424b-9868-57a2d4851a1d">
    </UnitTestResult>
    <UnitTestResult executionId="6b3781e8-8da3-478e-bd2e-878525d18859" testId="7dec56b2-28f8-fa15-a93f-9f1fda568e2b" testName="String_IndexOf1" computerName="MIKE-NOTEBOOK2" duration="00:00:00" startTime="0001-01-01T08:00:00.0000000+08:00" endTime="0001-01-01T08:00:00.0000000+08:00" testType="13cdc9d9-ddb5-4fa4-a97d-d965ccfc6d4b" outcome="NotExecuted" testListId="8c84fa94-04c1-424b-9868-57a2d4851a1d">
    </UnitTestResult>
    <UnitTestResult executionId="f96178a5-a1d1-4ad8-bd46-b0605846e167" testId="a544a2a1-cea0-9162-1d59-36ab693cae9a" testName="String_IndexOf2" computerName="MIKE-NOTEBOOK2" duration="00:00:00" startTime="0001-01-01T08:00:00.0000000+08:00" endTime="0001-01-01T08:00:00.0000000+08:00" testType="13cdc9d9-ddb5-4fa4-a97d-d965ccfc6d4b" outcome="NotExecuted" testListId="8c84fa94-04c1-424b-9868-57a2d4851a1d">
    </UnitTestResult>
    <UnitTestResult executionId="456f9016-fc97-4edf-8f9c-aa18285005e5" testId="41bebae6-48fe-d1fe-949e-edee214e538f" testName="String_IndexOf3" computerName="MIKE-NOTEBOOK2" duration="00:00:00" startTime="0001-01-01T08:00:00.0000000+08:00" endTime="0001-01-01T08:00:00.0000000+08:00" testType="13cdc9d9-ddb5-4fa4-a97d-d965ccfc6d4b" outcome="NotExecuted" testListId="8c84fa94-04c1-424b-9868-57a2d4851a1d">
    </UnitTestResult>
    <UnitTestResult executionId="bcd0e0e6-80cc-40ee-92e1-43202f9779c3" testId="c29d1fa9-7dee-6d46-5394-58ea7bf82454" testName="String_IndexOf4" computerName="MIKE-NOTEBOOK2" duration="00:00:00" startTime="0001-01-01T08:00:00.0000000+08:00" endTime="0001-01-01T08:00:00.0000000+08:00" testType="13cdc9d9-ddb5-4fa4-a97d-d965ccfc6d4b" outcome="NotExecuted" testListId="8c84fa94-04c1-424b-9868-57a2d4851a1d">
    </UnitTestResult>
    <UnitTestResult executionId="58e2e07b-98d9-4258-bc84-eb2e61c60e34" testId="22ad216c-3ae2-4105-4b05-706a07bdb9be" testName="String_Insert" computerName="MIKE-NOTEBOOK2" duration="00:00:00" startTime="0001-01-01T08:00:00.0000000+08:00" endTime="0001-01-01T08:00:00.0000000+08:00" testType="13cdc9d9-ddb5-4fa4-a97d-d965ccfc6d4b" outcome="NotExecuted" testListId="8c84fa94-04c1-424b-9868-57a2d4851a1d">
    </UnitTestResult>
    <UnitTestResult executionId="6d7246e0-423f-4b30-8097-fcae377a29d6" testId="71c565b5-795a-090e-5347-10b074a0f212" testName="String_Length" computerName="MIKE-NOTEBOOK2" duration="00:00:00" startTime="0001-01-01T08:00:00.0000000+08:00" endTime="0001-01-01T08:00:00.0000000+08:00" testType="13cdc9d9-ddb5-4fa4-a97d-d965ccfc6d4b" outcome="NotExecuted" testListId="8c84fa94-04c1-424b-9868-57a2d4851a1d">
    </UnitTestResult>
    <UnitTestResult executionId="1e258815-5ba0-48b6-9f23-1b642e22797d" testId="80799b00-b937-17ff-12f6-1004794440bb" testName="String_Substring1" computerName="MIKE-NOTEBOOK2" duration="00:00:00" startTime="0001-01-01T08:00:00.0000000+08:00" endTime="0001-01-01T08:00:00.0000000+08:00" testType="13cdc9d9-ddb5-4fa4-a97d-d965ccfc6d4b" outcome="NotExecuted" testListId="8c84fa94-04c1-424b-9868-57a2d4851a1d">
    </UnitTestResult>
    <UnitTestResult executionId="04c50ac2-f568-4489-b697-b8f4c4579007" testId="0c8199a2-9bcf-a526-cbd9-4aaccecfa9f6" testName="String_Substring2" computerName="MIKE-NOTEBOOK2" duration="00:00:00" startTime="0001-01-01T08:00:00.0000000+08:00" endTime="0001-01-01T08:00:00.0000000+08:00" testType="13cdc9d9-ddb5-4fa4-a97d-d965ccfc6d4b" outcome="NotExecuted" testListId="8c84fa94-04c1-424b-9868-57a2d4851a1d">
    </UnitTestResult>
    <UnitTestResult executionId="3563b065-54e3-479a-b196-293319429b20" testId="029c1bae-e6bc-b036-b0ff-e82664dc264c" testName="String_ToLower1" computerName="MIKE-NOTEBOOK2" duration="00:00:00" startTime="0001-01-01T08:00:00.0000000+08:00" endTime="0001-01-01T08:00:00.0000000+08:00" testType="13cdc9d9-ddb5-4fa4-a97d-d965ccfc6d4b" outcome="NotExecuted" testListId="8c84fa94-04c1-424b-9868-57a2d4851a1d">
    </UnitTestResult>
    <UnitTestResult executionId="656685a8-63ee-408b-b32c-2fb8ac393228" testId="c1924540-a692-4a74-29ca-d1240a279bee" testName="String_ToLower2" computerName="MIKE-NOTEBOOK2" duration="00:00:00" startTime="0001-01-01T08:00:00.0000000+08:00" endTime="0001-01-01T08:00:00.0000000+08:00" testType="13cdc9d9-ddb5-4fa4-a97d-d965ccfc6d4b" outcome="NotExecuted" testListId="8c84fa94-04c1-424b-9868-57a2d4851a1d">
    </UnitTestResult>
    <UnitTestResult executionId="8ed59d6d-108f-4576-9c73-0ea82ef04e2a" testId="59023ad2-b02a-e857-05f5-08d5746c69e2" testName="String_ToLowerInvariant" computerName="MIKE-NOTEBOOK2" duration="00:00:00" startTime="0001-01-01T08:00:00.0000000+08:00" endTime="0001-01-01T08:00:00.0000000+08:00" testType="13cdc9d9-ddb5-4fa4-a97d-d965ccfc6d4b" outcome="NotExecuted" testListId="8c84fa94-04c1-424b-9868-57a2d4851a1d">
    </UnitTestResult>
    <UnitTestResult executionId="9b2f277b-e5bf-4b52-98f5-71313cc7456d" testId="ed15b9ae-6085-dbba-978d-6742ac707c2e" testName="String_ToUpper1" computerName="MIKE-NOTEBOOK2" duration="00:00:00" startTime="0001-01-01T08:00:00.0000000+08:00" endTime="0001-01-01T08:00:00.0000000+08:00" testType="13cdc9d9-ddb5-4fa4-a97d-d965ccfc6d4b" outcome="NotExecuted" testListId="8c84fa94-04c1-424b-9868-57a2d4851a1d">
    </UnitTestResult>
    <UnitTestResult executionId="aa5f06c3-13a9-4d2d-a261-354fcb0ba3ca" testId="9cdfe4fd-e3eb-9be8-7549-be648d82e1bb" testName="String_ToUpper2" computerName="MIKE-NOTEBOOK2" duration="00:00:00" startTime="0001-01-01T08:00:00.0000000+08:00" endTime="0001-01-01T08:00:00.0000000+08:00" testType="13cdc9d9-ddb5-4fa4-a97d-d965ccfc6d4b" outcome="NotExecuted" testListId="8c84fa94-04c1-424b-9868-57a2d4851a1d">
    </UnitTestResult>
    <UnitTestResult executionId="d667497b-0825-4425-8f19-376034097110" testId="9dacf532-0405-bca1-e67e-e24e30d53155" testName="String_ToUpperInvariant" computerName="MIKE-NOTEBOOK2" duration="00:00:00" startTime="0001-01-01T08:00:00.0000000+08:00" endTime="0001-01-01T08:00:00.0000000+08:00" testType="13cdc9d9-ddb5-4fa4-a97d-d965ccfc6d4b" outcome="NotExecuted" testListId="8c84fa94-04c1-424b-9868-57a2d4851a1d">
    </UnitTestResult>
    <UnitTestResult executionId="16a7cd41-2937-4b1b-bad9-01cdc12782ae" testId="6dbf53be-6748-ba54-b24a-bd80a54fafbd" testName="String_Trim1" computerName="MIKE-NOTEBOOK2" duration="00:00:00" startTime="0001-01-01T08:00:00.0000000+08:00" endTime="0001-01-01T08:00:00.0000000+08:00" testType="13cdc9d9-ddb5-4fa4-a97d-d965ccfc6d4b" outcome="NotExecuted" testListId="8c84fa94-04c1-424b-9868-57a2d4851a1d">
    </UnitTestResult>
    <UnitTestResult executionId="02329604-f09a-4335-bee7-fab5d1cfa8d5" testId="717b5bad-e9d4-5353-c548-53c611bfb475" testName="String_Char" computerName="MIKE-NOTEBOOK2" duration="00:00:00" startTime="0001-01-01T08:00:00.0000000+08:00" endTime="0001-01-01T08:00:00.0000000+08:00" testType="13cdc9d9-ddb5-4fa4-a97d-d965ccfc6d4b" outcome="NotExecuted" testListId="8c84fa94-04c1-424b-9868-57a2d4851a1d">
    </UnitTestResult>
    <UnitTestResult executionId="6d693af0-d08d-4150-b56d-a0ff21b6c91f" testId="f88bf8b8-f8c0-1932-5560-0d61dc81fcf2" testName="DateTime_Add" computerName="MIKE-NOTEBOOK2" duration="00:00:00" startTime="0001-01-01T08:00:00.0000000+08:00" endTime="0001-01-01T08:00:00.0000000+08:00" testType="13cdc9d9-ddb5-4fa4-a97d-d965ccfc6d4b" outcome="NotExecuted" testListId="8c84fa94-04c1-424b-9868-57a2d4851a1d">
    </UnitTestResult>
    <UnitTestResult executionId="9426d464-c4dc-4cef-8519-46ce8053de55" testId="1427b34d-7d1b-a56e-5fef-659d55dc7205" testName="DateTime_AddDays" computerName="MIKE-NOTEBOOK2" duration="00:00:00" startTime="0001-01-01T08:00:00.0000000+08:00" endTime="0001-01-01T08:00:00.0000000+08:00" testType="13cdc9d9-ddb5-4fa4-a97d-d965ccfc6d4b" outcome="NotExecuted" testListId="8c84fa94-04c1-424b-9868-57a2d4851a1d">
    </UnitTestResult>
    <UnitTestResult executionId="0c787652-60cc-439f-8e6e-0913426aec4a" testId="6b2bd6d4-267f-5b0e-95e5-99258af8f3e4" testName="DateTime_AddHours" computerName="MIKE-NOTEBOOK2" duration="00:00:00" startTime="0001-01-01T08:00:00.0000000+08:00" endTime="0001-01-01T08:00:00.0000000+08:00" testType="13cdc9d9-ddb5-4fa4-a97d-d965ccfc6d4b" outcome="NotExecuted" testListId="8c84fa94-04c1-424b-9868-57a2d4851a1d">
    </UnitTestResult>
    <UnitTestResult executionId="08fac7b0-3fb4-499f-9b03-cf154cd65791" testId="bf937dba-ff18-3406-bf68-09a1705b6b26" testName="DateTime_AddMinutes" computerName="MIKE-NOTEBOOK2" duration="00:00:00" startTime="0001-01-01T08:00:00.0000000+08:00" endTime="0001-01-01T08:00:00.0000000+08:00" testType="13cdc9d9-ddb5-4fa4-a97d-d965ccfc6d4b" outcome="NotExecuted" testListId="8c84fa94-04c1-424b-9868-57a2d4851a1d">
    </UnitTestResult>
    <UnitTestResult executionId="9c22152b-9ce1-412e-afdd-3824cec25146" testId="333afe88-a3dc-4458-484b-4955af7fab66" testName="DateTime_AddMonths" computerName="MIKE-NOTEBOOK2" duration="00:00:00" startTime="0001-01-01T08:00:00.0000000+08:00" endTime="0001-01-01T08:00:00.0000000+08:00" testType="13cdc9d9-ddb5-4fa4-a97d-d965ccfc6d4b" outcome="NotExecuted" testListId="8c84fa94-04c1-424b-9868-57a2d4851a1d">
    </UnitTestResult>
    <UnitTestResult executionId="ab244669-d23e-45c1-b500-398478d09982" testId="91c1bd02-0e9e-0d6a-6382-c916c0fde087" testName="DateTime_AddSeconds" computerName="MIKE-NOTEBOOK2" duration="00:00:00" startTime="0001-01-01T08:00:00.0000000+08:00" endTime="0001-01-01T08:00:00.0000000+08:00" testType="13cdc9d9-ddb5-4fa4-a97d-d965ccfc6d4b" outcome="NotExecuted" testListId="8c84fa94-04c1-424b-9868-57a2d4851a1d">
    </UnitTestResult>
    <UnitTestResult executionId="e40dfc53-b3cc-40d6-94ad-937feb900979" testId="31092c89-7649-5e72-9470-0cc470f95682" testName="DateTime_AddYears" computerName="MIKE-NOTEBOOK2" duration="00:00:00" startTime="0001-01-01T08:00:00.0000000+08:00" endTime="0001-01-01T08:00:00.0000000+08:00" testType="13cdc9d9-ddb5-4fa4-a97d-d965ccfc6d4b" outcome="NotExecuted" testListId="8c84fa94-04c1-424b-9868-57a2d4851a1d">
    </UnitTestResult>
    <UnitTestResult executionId="d1b403af-5df7-48fd-b090-7a994e4a033c" testId="241ad267-4429-ce26-8d5f-d8cab70d8cd5" testName="DateTime_ToLoaclTime" computerName="MIKE-NOTEBOOK2" duration="00:00:00" startTime="0001-01-01T08:00:00.0000000+08:00" endTime="0001-01-01T08:00:00.0000000+08:00" testType="13cdc9d9-ddb5-4fa4-a97d-d965ccfc6d4b" outcome="NotExecuted" testListId="8c84fa94-04c1-424b-9868-57a2d4851a1d">
    </UnitTestResult>
    <UnitTestResult executionId="c7f6d937-a80e-42c9-b3fd-a7e18c98cecd" testId="7326a1dd-bd4e-4b57-1528-8a70cb040e08" testName="DateTime_Subtract" computerName="MIKE-NOTEBOOK2" duration="00:00:00" startTime="0001-01-01T08:00:00.0000000+08:00" endTime="0001-01-01T08:00:00.0000000+08:00" testType="13cdc9d9-ddb5-4fa4-a97d-d965ccfc6d4b" outcome="NotExecuted" testListId="8c84fa94-04c1-424b-9868-57a2d4851a1d">
    </UnitTestResult>
    <UnitTestResult executionId="0d1918ed-089d-45ea-a106-a3ace73b6a5b" testId="eacd27f9-a222-6c60-c1be-3ec90b12ca41" testName="DateTime_Hour" computerName="MIKE-NOTEBOOK2" duration="00:00:00" startTime="0001-01-01T08:00:00.0000000+08:00" endTime="0001-01-01T08:00:00.0000000+08:00" testType="13cdc9d9-ddb5-4fa4-a97d-d965ccfc6d4b" outcome="NotExecuted" testListId="8c84fa94-04c1-424b-9868-57a2d4851a1d">
    </UnitTestResult>
    <UnitTestResult executionId="5809de96-96aa-4759-825a-c754690f0480" testId="cf014328-6c7f-46c0-3290-cd106bfbad60" testName="DateTime_Minute" computerName="MIKE-NOTEBOOK2" duration="00:00:00" startTime="0001-01-01T08:00:00.0000000+08:00" endTime="0001-01-01T08:00:00.0000000+08:00" testType="13cdc9d9-ddb5-4fa4-a97d-d965ccfc6d4b" outcome="NotExecuted" testListId="8c84fa94-04c1-424b-9868-57a2d4851a1d">
    </UnitTestResult>
    <UnitTestResult executionId="779a5600-efbd-4c1f-be76-b527560c8a67" testId="48f840c8-a855-ff70-169b-8ae167d1f29a" testName="DateTime_Second" computerName="MIKE-NOTEBOOK2" duration="00:00:00" startTime="0001-01-01T08:00:00.0000000+08:00" endTime="0001-01-01T08:00:00.0000000+08:00" testType="13cdc9d9-ddb5-4fa4-a97d-d965ccfc6d4b" outcome="NotExecuted" testListId="8c84fa94-04c1-424b-9868-57a2d4851a1d">
    </UnitTestResult>
    <UnitTestResult executionId="301fe90f-b544-4d3a-bae0-5c26211cc246" testId="1504a585-4c7a-48e0-5133-646cfee3029a" testName="DateTime_DayOfWeek" computerName="MIKE-NOTEBOOK2" duration="00:00:00" startTime="0001-01-01T08:00:00.0000000+08:00" endTime="0001-01-01T08:00:00.0000000+08:00" testType="13cdc9d9-ddb5-4fa4-a97d-d965ccfc6d4b" outcome="NotExecuted" testListId="8c84fa94-04c1-424b-9868-57a2d4851a1d">
    </UnitTestResult>
    <UnitTestResult executionId="18980d34-9c03-4ec3-81d1-86e00681438b" testId="39852a30-b536-3c6f-f3b4-3590484da938" testName="DateTime_DayOfYear" computerName="MIKE-NOTEBOOK2" duration="00:00:00" startTime="0001-01-01T08:00:00.0000000+08:00" endTime="0001-01-01T08:00:00.0000000+08:00" testType="13cdc9d9-ddb5-4fa4-a97d-d965ccfc6d4b" outcome="NotExecuted" testListId="8c84fa94-04c1-424b-9868-57a2d4851a1d">
    </UnitTestResult>
    <UnitTestResult executionId="dd5e9d11-9868-405f-a3cb-258388260e17" testId="04f0c02f-1078-0b25-cf90-55e18402ce8b" testName="DateTime_ToString" computerName="MIKE-NOTEBOOK2" duration="00:00:00" startTime="0001-01-01T08:00:00.0000000+08:00" endTime="0001-01-01T08:00:00.0000000+08:00" testType="13cdc9d9-ddb5-4fa4-a97d-d965ccfc6d4b" outcome="NotExecuted" testListId="8c84fa94-04c1-424b-9868-57a2d4851a1d">
    </UnitTestResult>
    <UnitTestResult executionId="d08f54db-b4df-4afd-a97e-2f480f9d51c9" testId="b762dbe9-a06a-661f-d36e-d76e0430796a" testName="Convert_ToBoolean" computerName="MIKE-NOTEBOOK2" duration="00:00:00" startTime="0001-01-01T08:00:00.0000000+08:00" endTime="0001-01-01T08:00:00.0000000+08:00" testType="13cdc9d9-ddb5-4fa4-a97d-d965ccfc6d4b" outcome="NotExecuted" testListId="8c84fa94-04c1-424b-9868-57a2d4851a1d">
    </UnitTestResult>
    <UnitTestResult executionId="f88c1700-8b9e-470c-8030-c1567ba462b7" testId="f26cf6ed-4bc3-f164-6a76-77b33cc219ef" testName="Convert_ToByte" computerName="MIKE-NOTEBOOK2" duration="00:00:00" startTime="0001-01-01T08:00:00.0000000+08:00" endTime="0001-01-01T08:00:00.0000000+08:00" testType="13cdc9d9-ddb5-4fa4-a97d-d965ccfc6d4b" outcome="NotExecuted" testListId="8c84fa94-04c1-424b-9868-57a2d4851a1d">
    </UnitTestResult>
    <UnitTestResult executionId="7844cced-994e-4c5c-9a4e-9dd61786d9c5" testId="5e8fdd90-7c05-2079-96b3-070c0b38d498" testName="Convert_ToInt32" computerName="MIKE-NOTEBOOK2" duration="00:00:00" startTime="0001-01-01T08:00:00.0000000+08:00" endTime="0001-01-01T08:00:00.0000000+08:00" testType="13cdc9d9-ddb5-4fa4-a97d-d965ccfc6d4b" outcome="NotExecuted" testListId="8c84fa94-04c1-424b-9868-57a2d4851a1d">
    </UnitTestResult>
    <UnitTestResult executionId="aefcc62b-2d3e-4253-acb3-6de367b80e23" testId="81c336af-96f2-a6b3-00ae-c4cc60a9a3c8" testName="Convert_ToInt64" computerName="MIKE-NOTEBOOK2" duration="00:00:00" startTime="0001-01-01T08:00:00.0000000+08:00" endTime="0001-01-01T08:00:00.0000000+08:00" testType="13cdc9d9-ddb5-4fa4-a97d-d965ccfc6d4b" outcome="NotExecuted" testListId="8c84fa94-04c1-424b-9868-57a2d4851a1d">
    </UnitTestResult>
    <UnitTestResult executionId="53cfaeb5-f917-40ff-a508-82a65b666b45" testId="151af238-8a75-e9b4-b0d0-20c77f14b600" testName="Convert_ToSByte" computerName="MIKE-NOTEBOOK2" duration="00:00:00" startTime="0001-01-01T08:00:00.0000000+08:00" endTime="0001-01-01T08:00:00.0000000+08:00" testType="13cdc9d9-ddb5-4fa4-a97d-d965ccfc6d4b" outcome="NotExecuted" testListId="8c84fa94-04c1-424b-9868-57a2d4851a1d">
    </UnitTestResult>
    <UnitTestResult executionId="20f4fe92-c1eb-4e66-902d-735f3000bdab" testId="420ec442-5049-c578-0359-9822b20ffc3a" testName="Convert_ToSingle" computerName="MIKE-NOTEBOOK2" duration="00:00:00" startTime="0001-01-01T08:00:00.0000000+08:00" endTime="0001-01-01T08:00:00.0000000+08:00" testType="13cdc9d9-ddb5-4fa4-a97d-d965ccfc6d4b" outcome="NotExecuted" testListId="8c84fa94-04c1-424b-9868-57a2d4851a1d">
    </UnitTestResult>
    <UnitTestResult executionId="009c1a04-a612-4c17-936f-2169e23ce18d" testId="f8d934f7-65a0-4562-4f88-5466f3921cc7" testName="Convert_ToString" computerName="MIKE-NOTEBOOK2" duration="00:00:00" startTime="0001-01-01T08:00:00.0000000+08:00" endTime="0001-01-01T08:00:00.0000000+08:00" testType="13cdc9d9-ddb5-4fa4-a97d-d965ccfc6d4b" outcome="NotExecuted" testListId="8c84fa94-04c1-424b-9868-57a2d4851a1d">
    </UnitTestResult>
    <UnitTestResult executionId="06bbcf4f-8425-4f4b-a8bc-d904a6fc1259" testId="ad6e0c0f-a20a-9df4-ec89-afbc4b3bd66c" testName="Convert_ToDateTime" computerName="MIKE-NOTEBOOK2" duration="00:00:00" startTime="0001-01-01T08:00:00.0000000+08:00" endTime="0001-01-01T08:00:00.0000000+08:00" testType="13cdc9d9-ddb5-4fa4-a97d-d965ccfc6d4b" outcome="NotExecuted" testListId="8c84fa94-04c1-424b-9868-57a2d4851a1d">
    </UnitTestResult>
    <UnitTestResult executionId="677c44aa-8e1b-401d-a7b8-f4d7e0000636" testId="360dc061-1e5a-92a2-d75f-e366c65cb021" testName="SqlMethod_Len" computerName="MIKE-NOTEBOOK2" duration="00:00:00" startTime="0001-01-01T08:00:00.0000000+08:00" endTime="0001-01-01T08:00:00.0000000+08:00" testType="13cdc9d9-ddb5-4fa4-a97d-d965ccfc6d4b" outcome="NotExecuted" testListId="8c84fa94-04c1-424b-9868-57a2d4851a1d">
    </UnitTestResult>
    <UnitTestResult executionId="f793363c-01fe-493d-ba84-891077231121" testId="84104531-1c58-0af6-8c77-d96e2242d788" testName="SqlMethod_Remote" computerName="MIKE-NOTEBOOK2" duration="00:00:00" startTime="0001-01-01T08:00:00.0000000+08:00" endTime="0001-01-01T08:00:00.0000000+08:00" testType="13cdc9d9-ddb5-4fa4-a97d-d965ccfc6d4b" outcome="NotExecuted" testListId="8c84fa94-04c1-424b-9868-57a2d4851a1d">
    </UnitTestResult>
    <UnitTestResult executionId="2afa5f52-3d2e-4dd0-a4d5-a9ec02cb2326" testId="9cad5309-488b-8271-278c-e2b07bdc5866" testName="CRUD_Update1" computerName="MIKE-NOTEBOOK2" duration="00:00:00" startTime="0001-01-01T08:00:00.0000000+08:00" endTime="0001-01-01T08:00:00.0000000+08:00" testType="13cdc9d9-ddb5-4fa4-a97d-d965ccfc6d4b" outcome="NotExecuted" testListId="8c84fa94-04c1-424b-9868-57a2d4851a1d">
    </UnitTestResult>
    <UnitTestResult executionId="009d52df-0a4a-4aa7-881c-bc86699fb4fd" testId="ee7946c9-33ca-bab1-a339-33b8521f92d8" testName="CRUD_Update2" computerName="MIKE-NOTEBOOK2" duration="00:00:00" startTime="0001-01-01T08:00:00.0000000+08:00" endTime="0001-01-01T08:00:00.0000000+08:00" testType="13cdc9d9-ddb5-4fa4-a97d-d965ccfc6d4b" outcome="NotExecuted" testListId="8c84fa94-04c1-424b-9868-57a2d4851a1d">
    </UnitTestResult>
    <UnitTestResult executionId="10a174de-d7e8-4b0c-a6a2-77cdf02a0aa2" testId="0e91415e-f199-57eb-e855-e2604f0d991e" testName="CRUD_Update3" computerName="MIKE-NOTEBOOK2" duration="00:00:00" startTime="0001-01-01T08:00:00.0000000+08:00" endTime="0001-01-01T08:00:00.0000000+08:00" testType="13cdc9d9-ddb5-4fa4-a97d-d965ccfc6d4b" outcome="NotExecuted" testListId="8c84fa94-04c1-424b-9868-57a2d4851a1d">
    </UnitTestResult>
    <UnitTestResult executionId="9c56bf17-08a6-40b2-af45-01561daf6cbc" testId="844e9e59-1585-c461-94f7-b43dbe6bb96a" testName="CRUD_Update4" computerName="MIKE-NOTEBOOK2" duration="00:00:00" startTime="0001-01-01T08:00:00.0000000+08:00" endTime="0001-01-01T08:00:00.0000000+08:00" testType="13cdc9d9-ddb5-4fa4-a97d-d965ccfc6d4b" outcome="NotExecuted" testListId="8c84fa94-04c1-424b-9868-57a2d4851a1d">
    </UnitTestResult>
    <UnitTestResult executionId="617a7a9a-4f89-44f5-b822-4d993af2dcd9" testId="bbc17e8b-87b1-b4aa-c89b-84718ede38c9" testName="CRUD_Delete1" computerName="MIKE-NOTEBOOK2" duration="00:00:00" startTime="0001-01-01T08:00:00.0000000+08:00" endTime="0001-01-01T08:00:00.0000000+08:00" testType="13cdc9d9-ddb5-4fa4-a97d-d965ccfc6d4b" outcome="NotExecuted" testListId="8c84fa94-04c1-424b-9868-57a2d4851a1d">
    </UnitTestResult>
    <UnitTestResult executionId="84093ea6-058b-4f88-8502-ef7b3a601a1c" testId="ff018f81-d0c0-93eb-3688-0ef9913a4df6" testName="CRUD_Delete2" computerName="MIKE-NOTEBOOK2" duration="00:00:00" startTime="0001-01-01T08:00:00.0000000+08:00" endTime="0001-01-01T08:00:00.0000000+08:00" testType="13cdc9d9-ddb5-4fa4-a97d-d965ccfc6d4b" outcome="NotExecuted" testListId="8c84fa94-04c1-424b-9868-57a2d4851a1d">
    </UnitTestResult>
    <UnitTestResult executionId="03bcb478-3f20-4f9c-b59c-1dd0bc91a726" testId="22af29f4-5ff0-9c60-6aa7-5d54a4f7714d" testName="CRUD_Insert1" computerName="MIKE-NOTEBOOK2" duration="00:00:00" startTime="0001-01-01T08:00:00.0000000+08:00" endTime="0001-01-01T08:00:00.0000000+08:00" testType="13cdc9d9-ddb5-4fa4-a97d-d965ccfc6d4b" outcome="NotExecuted" testListId="8c84fa94-04c1-424b-9868-57a2d4851a1d">
    </UnitTestResult>
    <UnitTestResult executionId="cfcbded0-7c15-4497-af41-5e64b59f87f0" testId="7c630d02-72da-0998-7ece-ed662c483c4c" testName="CRUD_Insert2" computerName="MIKE-NOTEBOOK2" duration="00:00:00" startTime="0001-01-01T08:00:00.0000000+08:00" endTime="0001-01-01T08:00:00.0000000+08:00" testType="13cdc9d9-ddb5-4fa4-a97d-d965ccfc6d4b" outcome="NotExecuted" testListId="8c84fa94-04c1-424b-9868-57a2d4851a1d">
    </UnitTestResult>
    <UnitTestResult executionId="9ae28a70-c071-4c41-b68c-1bdad22d9be9" testId="2d23ef32-0ced-c5ac-310c-71abca39c102" testName="String_NullSelect" computerName="MIKE-NOTEBOOK2" duration="00:00:00" startTime="0001-01-01T08:00:00.0000000+08:00" endTime="0001-01-01T08:00:00.0000000+08:00" testType="13cdc9d9-ddb5-4fa4-a97d-d965ccfc6d4b" outcome="NotExecuted" testListId="8c84fa94-04c1-424b-9868-57a2d4851a1d">
    </UnitTestResult>
    <UnitTestResult executionId="53d0621a-9320-4102-9744-31330c3fd671" testId="f26f04ab-b9df-9393-c3f2-baf97db05c58" testName="IfEqualTest" computerName="MIKE-NOTEBOOK2" duration="00:00:00" startTime="0001-01-01T08:00:00.0000000+08:00" endTime="0001-01-01T08:00:00.0000000+08:00" testType="13cdc9d9-ddb5-4fa4-a97d-d965ccfc6d4b" outcome="NotExecuted" testListId="8c84fa94-04c1-424b-9868-57a2d4851a1d">
    </UnitTestResult>
    <UnitTestResult executionId="452eb7f8-2158-4996-8284-b49fdf9d3a6e" testId="7f35d51d-0909-0fa9-5568-03150b0ebd6f" testName="CreateTale" computerName="MIKE-NOTEBOOK2" duration="00:00:00" startTime="0001-01-01T08:00:00.0000000+08:00" endTime="0001-01-01T08:00:00.0000000+08:00" testType="13cdc9d9-ddb5-4fa4-a97d-d965ccfc6d4b" outcome="NotExecuted" testListId="8c84fa94-04c1-424b-9868-57a2d4851a1d">
    </UnitTestResult>
    <UnitTestResult executionId="62aeb30a-afcf-4844-93f3-6244627396b5" testId="b5bd9ae2-5ddc-2f60-5ce4-fb7071e535da" testName="DeleteTable" computerName="MIKE-NOTEBOOK2" duration="00:00:00" startTime="0001-01-01T08:00:00.0000000+08:00" endTime="0001-01-01T08:00:00.0000000+08:00" testType="13cdc9d9-ddb5-4fa4-a97d-d965ccfc6d4b" outcome="NotExecuted" testListId="8c84fa94-04c1-424b-9868-57a2d4851a1d">
    </UnitTestResult>
    <UnitTestResult executionId="a9a57db6-a7ca-4209-bbf9-b4724eadcde5" testId="f64c1fd7-12cc-a212-d01f-ac80040d25e4" testName="TableExists" computerName="MIKE-NOTEBOOK2" duration="00:00:00" startTime="0001-01-01T08:00:00.0000000+08:00" endTime="0001-01-01T08:00:00.0000000+08:00" testType="13cdc9d9-ddb5-4fa4-a97d-d965ccfc6d4b" outcome="NotExecuted" testListId="8c84fa94-04c1-424b-9868-57a2d4851a1d">
    </UnitTestResult>
    <UnitTestResult executionId="6f0435b3-76f3-4c17-b28d-c4d8853f6fb6" testId="986f7b6a-3032-f2c0-c46e-98ee9342dcd2" testName="LongCount" computerName="MIKE-NOTEBOOK2" duration="00:00:00" startTime="0001-01-01T08:00:00.0000000+08:00" endTime="0001-01-01T08:00:00.0000000+08:00" testType="13cdc9d9-ddb5-4fa4-a97d-d965ccfc6d4b" outcome="NotExecuted" testListId="8c84fa94-04c1-424b-9868-57a2d4851a1d">
    </UnitTestResult>
    <UnitTestResult executionId="18b20df9-d5e7-48f9-ad47-e1bf255c9536" testId="b7571ae8-6002-7aa9-2612-efd1f8c63d0c" testName="Command" computerName="MIKE-NOTEBOOK2" duration="00:00:00" startTime="0001-01-01T08:00:00.0000000+08:00" endTime="0001-01-01T08:00:00.0000000+08:00" testType="13cdc9d9-ddb5-4fa4-a97d-d965ccfc6d4b" outcome="NotExecuted" testListId="8c84fa94-04c1-424b-9868-57a2d4851a1d">
    </UnitTestResult>
    <UnitTestResult executionId="4ac950b6-da1a-4a86-b6d1-1ce53cde550f" testId="d447ed1f-b271-67e2-fde5-342b270afe96" testName="DataType_Guid" computerName="MIKE-NOTEBOOK2" duration="00:00:00" startTime="0001-01-01T08:00:00.0000000+08:00" endTime="0001-01-01T08:00:00.0000000+08:00" testType="13cdc9d9-ddb5-4fa4-a97d-d965ccfc6d4b" outcome="NotExecuted" testListId="8c84fa94-04c1-424b-9868-57a2d4851a1d">
    </UnitTestResult>
    <UnitTestResult executionId="f4155432-8fbd-4343-b84f-085a0010ad90" testId="7a72666b-01cb-ded4-c8dd-447baa7a08af" testName="DataType_Int64" computerName="MIKE-NOTEBOOK2" duration="00:00:00" startTime="0001-01-01T08:00:00.0000000+08:00" endTime="0001-01-01T08:00:00.0000000+08:00" testType="13cdc9d9-ddb5-4fa4-a97d-d965ccfc6d4b" outcome="NotExecuted" testListId="8c84fa94-04c1-424b-9868-57a2d4851a1d">
    </UnitTestResult>
    <UnitTestResult executionId="9206605b-9292-413d-a5ef-c37a383188df" testId="8e8c7756-81ac-a2ba-2320-9253d3879759" testName="DataType_UInt64" computerName="MIKE-NOTEBOOK2" duration="00:00:00" startTime="0001-01-01T08:00:00.0000000+08:00" endTime="0001-01-01T08:00:00.0000000+08:00" testType="13cdc9d9-ddb5-4fa4-a97d-d965ccfc6d4b" outcome="NotExecuted" testListId="8c84fa94-04c1-424b-9868-57a2d4851a1d">
    </UnitTestResult>
    <UnitTestResult executionId="c6209107-dc2c-49a6-91ec-08bf2aea2859" testId="51e6733a-a1e4-c7f7-f4b8-968a1c0e894c" testName="DataType_Enum" computerName="MIKE-NOTEBOOK2" duration="00:00:00" startTime="0001-01-01T08:00:00.0000000+08:00" endTime="0001-01-01T08:00:00.0000000+08:00" testType="13cdc9d9-ddb5-4fa4-a97d-d965ccfc6d4b" outcome="NotExecuted" testListId="8c84fa94-04c1-424b-9868-57a2d4851a1d">
    </UnitTestResult>
    <UnitTestResult executionId="706c1822-5b30-481c-8aa5-46a9bba4486b" testId="eb955ae4-37f7-be88-83fd-2dbe848a8790" testName="DataType_Char" computerName="MIKE-NOTEBOOK2" duration="00:00:00" startTime="0001-01-01T08:00:00.0000000+08:00" endTime="0001-01-01T08:00:00.0000000+08:00" testType="13cdc9d9-ddb5-4fa4-a97d-d965ccfc6d4b" outcome="NotExecuted" testListId="8c84fa94-04c1-424b-9868-57a2d4851a1d">
    </UnitTestResult>
    <UnitTestResult executionId="7b3d4e17-b846-4247-8bce-8359ddea165f" testId="272aaded-d481-3bae-be4c-2ab48d71ff45" testName="DataType_XDocument" computerName="MIKE-NOTEBOOK2" duration="00:00:00" startTime="0001-01-01T08:00:00.0000000+08:00" endTime="0001-01-01T08:00:00.0000000+08:00" testType="13cdc9d9-ddb5-4fa4-a97d-d965ccfc6d4b" outcome="NotExecuted" testListId="8c84fa94-04c1-424b-9868-57a2d4851a1d">
    </UnitTestResult>
    <UnitTestResult executionId="43f0eb6a-1465-43e4-8029-0243658719ff" testId="7e6279c3-d464-50ea-b865-41700059ea65" testName="DataType_XElement" computerName="MIKE-NOTEBOOK2" duration="00:00:00" startTime="0001-01-01T08:00:00.0000000+08:00" endTime="0001-01-01T08:00:00.0000000+08:00" testType="13cdc9d9-ddb5-4fa4-a97d-d965ccfc6d4b" outcome="NotExecuted" testListId="8c84fa94-04c1-424b-9868-57a2d4851a1d">
    </UnitTestResult>
    <UnitTestResult executionId="445d2f17-74da-471b-a085-15c8ac14a43c" testId="5096ea8d-6b1b-a30c-19cb-2fe81d1d337f" testName="Where_Simple1" computerName="MIKE-NOTEBOOK2" duration="00:00:00" startTime="0001-01-01T08:00:00.0000000+08:00" endTime="0001-01-01T08:00:00.0000000+08:00" testType="13cdc9d9-ddb5-4fa4-a97d-d965ccfc6d4b" outcome="NotExecuted" testListId="8c84fa94-04c1-424b-9868-57a2d4851a1d">
    </UnitTestResult>
    <UnitTestResult executionId="784fa490-41e5-48a5-9583-4b78a1840cf2" testId="ef85acb5-417f-1c28-fb82-39873d6b3be4" testName="Where_Simple2" computerName="MIKE-NOTEBOOK2" duration="00:00:00" startTime="0001-01-01T08:00:00.0000000+08:00" endTime="0001-01-01T08:00:00.0000000+08:00" testType="13cdc9d9-ddb5-4fa4-a97d-d965ccfc6d4b" outcome="NotExecuted" testListId="8c84fa94-04c1-424b-9868-57a2d4851a1d">
    </UnitTestResult>
    <UnitTestResult executionId="f22ef3c9-a76d-4156-a0f7-9465f9d542d1" testId="5ab15bf6-1a57-ef3a-8af0-9b84ae92299f" testName="Where_Simple3" computerName="MIKE-NOTEBOOK2" duration="00:00:00" startTime="0001-01-01T08:00:00.0000000+08:00" endTime="0001-01-01T08:00:00.0000000+08:00" testType="13cdc9d9-ddb5-4fa4-a97d-d965ccfc6d4b" outcome="NotExecuted" testListId="8c84fa94-04c1-424b-9868-57a2d4851a1d">
    </UnitTestResult>
    <UnitTestResult executionId="79b48623-94cd-4efe-b648-3017fa0d8742" testId="b4a2c0ed-5cfa-8b9b-c836-5c26ee5c04c2" testName="Where_Simple4" computerName="MIKE-NOTEBOOK2" duration="00:00:00" startTime="0001-01-01T08:00:00.0000000+08:00" endTime="0001-01-01T08:00:00.0000000+08:00" testType="13cdc9d9-ddb5-4fa4-a97d-d965ccfc6d4b" outcome="NotExecuted" testListId="8c84fa94-04c1-424b-9868-57a2d4851a1d">
    </UnitTestResult>
    <UnitTestResult executionId="d191d44b-3d06-4b9f-95b9-93dcf3b32176" testId="96a29e1d-e886-6cbb-2226-9ba29c11a1cf" testName="Where_Drilldown" computerName="MIKE-NOTEBOOK2" duration="00:00:00" startTime="0001-01-01T08:00:00.0000000+08:00" endTime="0001-01-01T08:00:00.0000000+08:00" testType="13cdc9d9-ddb5-4fa4-a97d-d965ccfc6d4b" outcome="NotExecuted" testListId="8c84fa94-04c1-424b-9868-57a2d4851a1d">
    </UnitTestResult>
    <UnitTestResult executionId="1ad132c4-40b6-436a-93a4-ab3c5465c55d" testId="f312755c-0ac6-5ae5-da43-bcc9575efd8c" testName="First" computerName="MIKE-NOTEBOOK2" duration="00:00:00" startTime="0001-01-01T08:00:00.0000000+08:00" endTime="0001-01-01T08:00:00.0000000+08:00" testType="13cdc9d9-ddb5-4fa4-a97d-d965ccfc6d4b" outcome="NotExecuted" testListId="8c84fa94-04c1-424b-9868-57a2d4851a1d">
    </UnitTestResult>
    <UnitTestResult executionId="457ae9b7-f25d-4c84-a328-67a4c4437cda" testId="69f9f863-01ee-a67d-ceb4-ef8195beb81a" testName="FirstOrDefault" computerName="MIKE-NOTEBOOK2" duration="00:00:00" startTime="0001-01-01T08:00:00.0000000+08:00" endTime="0001-01-01T08:00:00.0000000+08:00" testType="13cdc9d9-ddb5-4fa4-a97d-d965ccfc6d4b" outcome="NotExecuted" testListId="8c84fa94-04c1-424b-9868-57a2d4851a1d">
    </UnitTestResult>
    <UnitTestResult executionId="7c504f98-afc6-4473-88b1-4f3983325539" testId="521ae62d-2261-c3ba-2dcf-bb6054962fad" testName="SingleOrDefault" computerName="MIKE-NOTEBOOK2" duration="00:00:00" startTime="0001-01-01T08:00:00.0000000+08:00" endTime="0001-01-01T08:00:00.0000000+08:00" testType="13cdc9d9-ddb5-4fa4-a97d-d965ccfc6d4b" outcome="NotExecuted" testListId="8c84fa94-04c1-424b-9868-57a2d4851a1d">
    </UnitTestResult>
    <UnitTestResult executionId="4450c1a3-173f-470f-8692-ab7d0bfd27b7" testId="aaf935f8-5c0d-19c0-ed0a-21b191b0bc8e" testName="Single" computerName="MIKE-NOTEBOOK2" duration="00:00:00" startTime="0001-01-01T08:00:00.0000000+08:00" endTime="0001-01-01T08:00:00.0000000+08:00" testType="13cdc9d9-ddb5-4fa4-a97d-d965ccfc6d4b" outcome="NotExecuted" testListId="8c84fa94-04c1-424b-9868-57a2d4851a1d">
    </UnitTestResult>
    <UnitTestResult executionId="ce4d03d9-60e0-4626-a393-c395dc561093" testId="a999ecce-b1a8-d4b4-8462-d030e6f90d8f" testName="Select_Simple" computerName="MIKE-NOTEBOOK2" duration="00:00:00" startTime="0001-01-01T08:00:00.0000000+08:00" endTime="0001-01-01T08:00:00.0000000+08:00" testType="13cdc9d9-ddb5-4fa4-a97d-d965ccfc6d4b" outcome="NotExecuted" testListId="8c84fa94-04c1-424b-9868-57a2d4851a1d">
    </UnitTestResult>
    <UnitTestResult executionId="bf4bae36-2a53-486f-af72-dd6709f189ed" testId="5cf65217-d72f-2b91-2670-ba0d9550400a" testName="Select_SpecialType" computerName="MIKE-NOTEBOOK2" duration="00:00:00" startTime="0001-01-01T08:00:00.0000000+08:00" endTime="0001-01-01T08:00:00.0000000+08:00" testType="13cdc9d9-ddb5-4fa4-a97d-d965ccfc6d4b" outcome="NotExecuted" testListId="8c84fa94-04c1-424b-9868-57a2d4851a1d">
    </UnitTestResult>
    <UnitTestResult executionId="f53661cd-64c7-435d-b10c-6991b987fab2" testId="4a25d97a-3271-7879-8062-f45e62618a50" testName="Select_AnonymousType" computerName="MIKE-NOTEBOOK2" duration="00:00:00" startTime="0001-01-01T08:00:00.0000000+08:00" endTime="0001-01-01T08:00:00.0000000+08:00" testType="13cdc9d9-ddb5-4fa4-a97d-d965ccfc6d4b" outcome="NotExecuted" testListId="8c84fa94-04c1-424b-9868-57a2d4851a1d">
    </UnitTestResult>
    <UnitTestResult executionId="6736d26d-9400-4f4c-b37c-ced4bdb06d0e" testId="0c511e34-5d8d-9eba-51d0-e78df33fd1ad" testName="Select_LocalMethodCall" computerName="MIKE-NOTEBOOK2" duration="00:00:00" startTime="0001-01-01T08:00:00.0000000+08:00" endTime="0001-01-01T08:00:00.0000000+08:00" testType="13cdc9d9-ddb5-4fa4-a97d-d965ccfc6d4b" outcome="NotExecuted" testListId="8c84fa94-04c1-424b-9868-57a2d4851a1d">
    </UnitTestResult>
    <UnitTestResult executionId="2f00b720-ff58-4ce3-a31e-4826320f6e1a" testId="283c501e-ff4f-2211-3a99-ef02ae643795" testName="SelectMany_MultipleFrom" computerName="MIKE-NOTEBOOK2" duration="00:00:00" startTime="0001-01-01T08:00:00.0000000+08:00" endTime="0001-01-01T08:00:00.0000000+08:00" testType="13cdc9d9-ddb5-4fa4-a97d-d965ccfc6d4b" outcome="NotExecuted" testListId="8c84fa94-04c1-424b-9868-57a2d4851a1d">
    </UnitTestResult>
    <UnitTestResult executionId="b716ef44-e62a-4bba-a0b9-bb1f206debb5" testId="edd4899d-f794-8e04-93c2-bdb4899d3bb2" testName="Select_Condition" computerName="MIKE-NOTEBOOK2" duration="00:00:00" startTime="0001-01-01T08:00:00.0000000+08:00" endTime="0001-01-01T08:00:00.0000000+08:00" testType="13cdc9d9-ddb5-4fa4-a97d-d965ccfc6d4b" outcome="NotExecuted" testListId="8c84fa94-04c1-424b-9868-57a2d4851a1d">
    </UnitTestResult>
    <UnitTestResult executionId="079bf338-c11e-4ecc-a4ca-94fc8405fd4b" testId="fd3af2b0-c5c8-0b6d-ff09-e443cc7f7c80" testName="Distinct1" computerName="MIKE-NOTEBOOK2" duration="00:00:00" startTime="0001-01-01T08:00:00.0000000+08:00" endTime="0001-01-01T08:00:00.0000000+08:00" testType="13cdc9d9-ddb5-4fa4-a97d-d965ccfc6d4b" outcome="NotExecuted" testListId="8c84fa94-04c1-424b-9868-57a2d4851a1d">
    </UnitTestResult>
    <UnitTestResult executionId="56130d05-0d4f-41b7-b014-1486994838ae" testId="b920428f-6304-1aea-7a34-e7dc11142cec" testName="Distinct2" computerName="MIKE-NOTEBOOK2" duration="00:00:00" startTime="0001-01-01T08:00:00.0000000+08:00" endTime="0001-01-01T08:00:00.0000000+08:00" testType="13cdc9d9-ddb5-4fa4-a97d-d965ccfc6d4b" outcome="NotExecuted" testListId="8c84fa94-04c1-424b-9868-57a2d4851a1d">
    </UnitTestResult>
    <UnitTestResult executionId="488cde96-8a25-449e-bbb0-a92b89f892f2" testId="edc27674-c8d6-c901-fb6f-19f3f804ba75" testName="Union" computerName="MIKE-NOTEBOOK2" duration="00:00:00" startTime="0001-01-01T08:00:00.0000000+08:00" endTime="0001-01-01T08:00:00.0000000+08:00" testType="13cdc9d9-ddb5-4fa4-a97d-d965ccfc6d4b" outcome="NotExecuted" testListId="8c84fa94-04c1-424b-9868-57a2d4851a1d">
    </UnitTestResult>
    <UnitTestResult executionId="43753105-93f7-408b-8841-d50b309bee95" testId="47810429-fd7e-6199-8ef3-b243f40bc945" testName="Intersect" computerName="MIKE-NOTEBOOK2" duration="00:00:00" startTime="0001-01-01T08:00:00.0000000+08:00" endTime="0001-01-01T08:00:00.0000000+08:00" testType="13cdc9d9-ddb5-4fa4-a97d-d965ccfc6d4b" outcome="NotExecuted" testListId="8c84fa94-04c1-424b-9868-57a2d4851a1d">
    </UnitTestResult>
    <UnitTestResult executionId="30834cb5-6017-483f-9152-922518a91c18" testId="96588618-6a04-41f6-8403-437d33f8c35e" testName="Except" computerName="MIKE-NOTEBOOK2" duration="00:00:00" startTime="0001-01-01T08:00:00.0000000+08:00" endTime="0001-01-01T08:00:00.0000000+08:00" testType="13cdc9d9-ddb5-4fa4-a97d-d965ccfc6d4b" outcome="NotExecuted" testListId="8c84fa94-04c1-424b-9868-57a2d4851a1d">
    </UnitTestResult>
    <UnitTestResult executionId="7396aee0-2a5d-48e6-80f3-bae61231517b" testId="ac9ae4ab-31c8-2758-09a9-bfa10a48cdc4" testName="Take_Simple" computerName="MIKE-NOTEBOOK2" duration="00:00:00" startTime="0001-01-01T08:00:00.0000000+08:00" endTime="0001-01-01T08:00:00.0000000+08:00" testType="13cdc9d9-ddb5-4fa4-a97d-d965ccfc6d4b" outcome="NotExecuted" testListId="8c84fa94-04c1-424b-9868-57a2d4851a1d">
    </UnitTestResult>
    <UnitTestResult executionId="e6b93d5b-1ff8-4428-9f80-b1b1fcec6262" testId="d26da63e-d5da-496c-457c-fe7c7759871b" testName="Take_Nested" computerName="MIKE-NOTEBOOK2" duration="00:00:00" startTime="0001-01-01T08:00:00.0000000+08:00" endTime="0001-01-01T08:00:00.0000000+08:00" testType="13cdc9d9-ddb5-4fa4-a97d-d965ccfc6d4b" outcome="NotExecuted" testListId="8c84fa94-04c1-424b-9868-57a2d4851a1d">
    </UnitTestResult>
    <UnitTestResult executionId="cef47a23-8b4c-49f6-9131-2f9d2f0121a2" testId="8a699206-1620-0a0e-de3b-32ffbb026272" testName="Skip_Simple" computerName="MIKE-NOTEBOOK2" duration="00:00:00" startTime="0001-01-01T08:00:00.0000000+08:00" endTime="0001-01-01T08:00:00.0000000+08:00" testType="13cdc9d9-ddb5-4fa4-a97d-d965ccfc6d4b" outcome="NotExecuted" testListId="8c84fa94-04c1-424b-9868-57a2d4851a1d">
    </UnitTestResult>
    <UnitTestResult executionId="59a978a1-441e-4ecb-bfb8-1065ef252ed7" testId="8f685343-fb60-de39-a7db-71ba80ff7236" testName="Skip_Nested" computerName="MIKE-NOTEBOOK2" duration="00:00:00" startTime="0001-01-01T08:00:00.0000000+08:00" endTime="0001-01-01T08:00:00.0000000+08:00" testType="13cdc9d9-ddb5-4fa4-a97d-d965ccfc6d4b" outcome="NotExecuted" testListId="8c84fa94-04c1-424b-9868-57a2d4851a1d">
    </UnitTestResult>
    <UnitTestResult executionId="09bac70c-47b4-4c55-add5-d96edd07ed79" testId="f0aba45e-c90c-1a55-ce4e-6d228990c311" testName="Skip_Take" computerName="MIKE-NOTEBOOK2" duration="00:00:00" startTime="0001-01-01T08:00:00.0000000+08:00" endTime="0001-01-01T08:00:00.0000000+08:00" testType="13cdc9d9-ddb5-4fa4-a97d-d965ccfc6d4b" outcome="NotExecuted" testListId="8c84fa94-04c1-424b-9868-57a2d4851a1d">
    </UnitTestResult>
    <UnitTestResult executionId="5f97d63f-fa13-4ae2-94dc-18da0fd1b3f9" testId="5bd257a6-1c56-a66f-8873-e44c97ab205e" testName="Count_Simple" computerName="MIKE-NOTEBOOK2" duration="00:00:00" startTime="0001-01-01T08:00:00.0000000+08:00" endTime="0001-01-01T08:00:00.0000000+08:00" testType="13cdc9d9-ddb5-4fa4-a97d-d965ccfc6d4b" outcome="NotExecuted" testListId="8c84fa94-04c1-424b-9868-57a2d4851a1d">
    </UnitTestResult>
    <UnitTestResult executionId="98cd011b-e582-4337-adea-1acf8478cbb4" testId="50d4eb82-d121-3f01-0927-8be2b6e6c956" testName="Count_Conditional" computerName="MIKE-NOTEBOOK2" duration="00:00:00" startTime="0001-01-01T08:00:00.0000000+08:00" endTime="0001-01-01T08:00:00.0000000+08:00" testType="13cdc9d9-ddb5-4fa4-a97d-d965ccfc6d4b" outcome="NotExecuted" testListId="8c84fa94-04c1-424b-9868-57a2d4851a1d">
    </UnitTestResult>
    <UnitTestResult executionId="3d4c945a-12e2-48ae-a72c-9500477d4881" testId="302a6e0a-8ea0-8b44-3905-129f19200621" testName="Count_Empty" computerName="MIKE-NOTEBOOK2" duration="00:00:00" startTime="0001-01-01T08:00:00.0000000+08:00" endTime="0001-01-01T08:00:00.0000000+08:00" testType="13cdc9d9-ddb5-4fa4-a97d-d965ccfc6d4b" outcome="NotExecuted" testListId="8c84fa94-04c1-424b-9868-57a2d4851a1d">
    </UnitTestResult>
    <UnitTestResult executionId="c73ff7c5-ce11-4f8d-bd83-bb1df3764f2f" testId="1cb37ccd-7248-3164-3c3f-01ab0cd8e4ed" testName="Count_Nested" computerName="MIKE-NOTEBOOK2" duration="00:00:00" startTime="0001-01-01T08:00:00.0000000+08:00" endTime="0001-01-01T08:00:00.0000000+08:00" testType="13cdc9d9-ddb5-4fa4-a97d-d965ccfc6d4b" outcome="NotExecuted" testListId="8c84fa94-04c1-424b-9868-57a2d4851a1d">
    </UnitTestResult>
    <UnitTestResult executionId="f92d98f7-0cc7-402d-8d65-dd59b0c3cc3b" testId="61c392fe-871f-a9ee-eb4e-3bd86bc7ee49" testName="Count_Grouped" computerName="MIKE-NOTEBOOK2" duration="00:00:00" startTime="0001-01-01T08:00:00.0000000+08:00" endTime="0001-01-01T08:00:00.0000000+08:00" testType="13cdc9d9-ddb5-4fa4-a97d-d965ccfc6d4b" outcome="NotExecuted" testListId="8c84fa94-04c1-424b-9868-57a2d4851a1d">
    </UnitTestResult>
    <UnitTestResult executionId="42d293ed-bf55-434b-8002-a95164b642be" testId="1934df48-a078-9565-da4e-70c17c83724d" testName="Sum_Simple" computerName="MIKE-NOTEBOOK2" duration="00:00:00" startTime="0001-01-01T08:00:00.0000000+08:00" endTime="0001-01-01T08:00:00.0000000+08:00" testType="13cdc9d9-ddb5-4fa4-a97d-d965ccfc6d4b" outcome="NotExecuted" testListId="8c84fa94-04c1-424b-9868-57a2d4851a1d">
    </UnitTestResult>
    <UnitTestResult executionId="83ae3b8e-cadc-44f4-81eb-305bc5997679" testId="ffb5699b-5c50-1f0e-b176-5e7ec067a664" testName="Sum_Empty" computerName="MIKE-NOTEBOOK2" duration="00:00:00" startTime="0001-01-01T08:00:00.0000000+08:00" endTime="0001-01-01T08:00:00.0000000+08:00" testType="13cdc9d9-ddb5-4fa4-a97d-d965ccfc6d4b" outcome="NotExecuted" testListId="8c84fa94-04c1-424b-9868-57a2d4851a1d">
    </UnitTestResult>
    <UnitTestResult executionId="a57fdd75-ccf9-4ad6-bc25-ee31cd60243d" testId="07aaeae1-8c5b-9c03-6b5a-3532a36650ed" testName="Sum_Projection" computerName="MIKE-NOTEBOOK2" duration="00:00:00" startTime="0001-01-01T08:00:00.0000000+08:00" endTime="0001-01-01T08:00:00.0000000+08:00" testType="13cdc9d9-ddb5-4fa4-a97d-d965ccfc6d4b" outcome="NotExecuted" testListId="8c84fa94-04c1-424b-9868-57a2d4851a1d">
    </UnitTestResult>
    <UnitTestResult executionId="835df7c8-6524-4d71-a372-fbcf3411eed3" testId="36383c79-7d7f-26bb-ca54-1465da84cd78" testName="Sum_Grouped" computerName="MIKE-NOTEBOOK2" duration="00:00:00" startTime="0001-01-01T08:00:00.0000000+08:00" endTime="0001-01-01T08:00:00.0000000+08:00" testType="13cdc9d9-ddb5-4fa4-a97d-d965ccfc6d4b" outcome="NotExecuted" testListId="8c84fa94-04c1-424b-9868-57a2d4851a1d">
    </UnitTestResult>
    <UnitTestResult executionId="6b20ebb2-e5f7-4406-92ac-10ed211999e1" testId="8d04fe2f-c2c4-0b52-2dab-6674a8fd203f" testName="Min_Simple" computerName="MIKE-NOTEBOOK2" duration="00:00:00" startTime="0001-01-01T08:00:00.0000000+08:00" endTime="0001-01-01T08:00:00.0000000+08:00" testType="13cdc9d9-ddb5-4fa4-a97d-d965ccfc6d4b" outcome="NotExecuted" testListId="8c84fa94-04c1-424b-9868-57a2d4851a1d">
    </UnitTestResult>
    <UnitTestResult executionId="369fe40c-1e9d-449a-87eb-6e1e6cd905ad" testId="b1c8dc77-ed41-95cf-d616-8d9dfb2f8fb0" testName="Min_Projection" computerName="MIKE-NOTEBOOK2" duration="00:00:00" startTime="0001-01-01T08:00:00.0000000+08:00" endTime="0001-01-01T08:00:00.0000000+08:00" testType="13cdc9d9-ddb5-4fa4-a97d-d965ccfc6d4b" outcome="NotExecuted" testListId="8c84fa94-04c1-424b-9868-57a2d4851a1d">
    </UnitTestResult>
    <UnitTestResult executionId="bd2437dd-6d60-4e67-9ee2-94f9e90d7130" testId="8e43872b-4d07-5c2b-ec10-798e1f99f5f2" testName="Min_Elements" computerName="MIKE-NOTEBOOK2" duration="00:00:00" startTime="0001-01-01T08:00:00.0000000+08:00" endTime="0001-01-01T08:00:00.0000000+08:00" testType="13cdc9d9-ddb5-4fa4-a97d-d965ccfc6d4b" outcome="NotExecuted" testListId="8c84fa94-04c1-424b-9868-57a2d4851a1d">
    </UnitTestResult>
    <UnitTestResult executionId="7edb696c-810d-4047-972a-ea766641d4fc" testId="35aa9369-1f4d-d530-d56e-b0a01d7f7f9f" testName="Min_Grouped" computerName="MIKE-NOTEBOOK2" duration="00:00:00" startTime="0001-01-01T08:00:00.0000000+08:00" endTime="0001-01-01T08:00:00.0000000+08:00" testType="13cdc9d9-ddb5-4fa4-a97d-d965ccfc6d4b" outcome="NotExecuted" testListId="8c84fa94-04c1-424b-9868-57a2d4851a1d">
    </UnitTestResult>
    <UnitTestResult executionId="7e2a0656-e29a-467a-89b4-c3b15738c32c" testId="29dea64e-1f58-2fc3-5bc5-d307c2a3c94f" testName="Max_Simple" computerName="MIKE-NOTEBOOK2" duration="00:00:00" startTime="0001-01-01T08:00:00.0000000+08:00" endTime="0001-01-01T08:00:00.0000000+08:00" testType="13cdc9d9-ddb5-4fa4-a97d-d965ccfc6d4b" outcome="NotExecuted" testListId="8c84fa94-04c1-424b-9868-57a2d4851a1d">
    </UnitTestResult>
    <UnitTestResult executionId="366764fc-b7e6-427e-983d-09807ce76e5d" testId="3992a554-6b97-b5d2-6d1c-27762340b97f" testName="Max_Projection" computerName="MIKE-NOTEBOOK2" duration="00:00:00" startTime="0001-01-01T08:00:00.0000000+08:00" endTime="0001-01-01T08:00:00.0000000+08:00" testType="13cdc9d9-ddb5-4fa4-a97d-d965ccfc6d4b" outcome="NotExecuted" testListId="8c84fa94-04c1-424b-9868-57a2d4851a1d">
    </UnitTestResult>
    <UnitTestResult executionId="7a030ab7-7024-4640-ac8a-31ade285a321" testId="c3c01d65-7253-cdfa-9962-1387b60c5797" testName="Max_Elements" computerName="MIKE-NOTEBOOK2" duration="00:00:00" startTime="0001-01-01T08:00:00.0000000+08:00" endTime="0001-01-01T08:00:00.0000000+08:00" testType="13cdc9d9-ddb5-4fa4-a97d-d965ccfc6d4b" outcome="NotExecuted" testListId="8c84fa94-04c1-424b-9868-57a2d4851a1d">
    </UnitTestResult>
    <UnitTestResult executionId="e2ceaa77-e283-4a29-8068-547681cd3097" testId="dbdcf15e-149a-a070-ffe8-a0b2d7f951b9" testName="Max_Grouped" computerName="MIKE-NOTEBOOK2" duration="00:00:00" startTime="0001-01-01T08:00:00.0000000+08:00" endTime="0001-01-01T08:00:00.0000000+08:00" testType="13cdc9d9-ddb5-4fa4-a97d-d965ccfc6d4b" outcome="NotExecuted" testListId="8c84fa94-04c1-424b-9868-57a2d4851a1d">
    </UnitTestResult>
    <UnitTestResult executionId="b1c85fb7-e0d6-4383-b7cd-d1cbcab64a61" testId="79b97bbf-1711-cf69-9676-af2adceaf86b" testName="Avg_Simple" computerName="MIKE-NOTEBOOK2" duration="00:00:00" startTime="0001-01-01T08:00:00.0000000+08:00" endTime="0001-01-01T08:00:00.0000000+08:00" testType="13cdc9d9-ddb5-4fa4-a97d-d965ccfc6d4b" outcome="NotExecuted" testListId="8c84fa94-04c1-424b-9868-57a2d4851a1d">
    </UnitTestResult>
    <UnitTestResult executionId="2d2dab64-aed0-41e8-a99f-b5f0da7d663d" testId="4602c6d7-066d-bd71-947e-ca66671df38b" testName="Avg_Projection" computerName="MIKE-NOTEBOOK2" duration="00:00:00" startTime="0001-01-01T08:00:00.0000000+08:00" endTime="0001-01-01T08:00:00.0000000+08:00" testType="13cdc9d9-ddb5-4fa4-a97d-d965ccfc6d4b" outcome="NotExecuted" testListId="8c84fa94-04c1-424b-9868-57a2d4851a1d">
    </UnitTestResult>
    <UnitTestResult executionId="c47d80d6-9ce4-420f-b3a2-f9e208e57870" testId="9373dfa4-c0c2-4e54-97c7-a2fa56b47b0a" testName="Avg_Emelents" computerName="MIKE-NOTEBOOK2" duration="00:00:00" startTime="0001-01-01T08:00:00.0000000+08:00" endTime="0001-01-01T08:00:00.0000000+08:00" testType="13cdc9d9-ddb5-4fa4-a97d-d965ccfc6d4b" outcome="NotExecuted" testListId="8c84fa94-04c1-424b-9868-57a2d4851a1d">
    </UnitTestResult>
    <UnitTestResult executionId="9e6a4100-6fb1-42c8-b90c-5d75700e14b7" testId="17673a6e-a2e6-0816-8718-aff0fd80933f" testName="Avg_Grouped" computerName="MIKE-NOTEBOOK2" duration="00:00:00" startTime="0001-01-01T08:00:00.0000000+08:00" endTime="0001-01-01T08:00:00.0000000+08:00" testType="13cdc9d9-ddb5-4fa4-a97d-d965ccfc6d4b" outcome="NotExecuted" testListId="8c84fa94-04c1-424b-9868-57a2d4851a1d">
    </UnitTestResult>
    <UnitTestResult executionId="c50d6309-4edf-44b3-9ad3-84b4fb01f9cd" testId="09e8c262-f311-9656-c0d2-9043585cc6a9" testName="Join_OnToMany" computerName="MIKE-NOTEBOOK2" duration="00:00:00" startTime="0001-01-01T08:00:00.0000000+08:00" endTime="0001-01-01T08:00:00.0000000+08:00" testType="13cdc9d9-ddb5-4fa4-a97d-d965ccfc6d4b" outcome="NotExecuted" testListId="8c84fa94-04c1-424b-9868-57a2d4851a1d">
    </UnitTestResult>
    <UnitTestResult executionId="23f15548-42bb-48cc-8793-31e3f83fcf13" testId="d231eafb-9271-6c32-0279-dd2856c57f89" testName="Join_ManyToMany" computerName="MIKE-NOTEBOOK2" duration="00:00:00" startTime="0001-01-01T08:00:00.0000000+08:00" endTime="0001-01-01T08:00:00.0000000+08:00" testType="13cdc9d9-ddb5-4fa4-a97d-d965ccfc6d4b" outcome="NotExecuted" testListId="8c84fa94-04c1-424b-9868-57a2d4851a1d">
    </UnitTestResult>
    <UnitTestResult executionId="490ca196-a723-4efe-8add-9fb1730c1861" testId="3c24032a-163e-1b84-6d78-d0859b963086" testName="Join_SelfJoin" computerName="MIKE-NOTEBOOK2" duration="00:00:00" startTime="0001-01-01T08:00:00.0000000+08:00" endTime="0001-01-01T08:00:00.0000000+08:00" testType="13cdc9d9-ddb5-4fa4-a97d-d965ccfc6d4b" outcome="NotExecuted" testListId="8c84fa94-04c1-424b-9868-57a2d4851a1d">
    </UnitTestResult>
    <UnitTestResult executionId="aa0a129f-1539-4b1c-b58e-2cebd7c51dc2" testId="b0ce108f-789b-48b2-f82a-217620b9e195" testName="Join_TowWay" computerName="MIKE-NOTEBOOK2" duration="00:00:00" startTime="0001-01-01T08:00:00.0000000+08:00" endTime="0001-01-01T08:00:00.0000000+08:00" testType="13cdc9d9-ddb5-4fa4-a97d-d965ccfc6d4b" outcome="NotExecuted" testListId="8c84fa94-04c1-424b-9868-57a2d4851a1d">
    </UnitTestResult>
    <UnitTestResult executionId="d179ac66-1ed7-40d6-8c2d-f7642d1a9e9b" testId="658cf626-68dd-43ff-b85d-913ae52a17ba" testName="Join_ThreeWay" computerName="MIKE-NOTEBOOK2" duration="00:00:00" startTime="0001-01-01T08:00:00.0000000+08:00" endTime="0001-01-01T08:00:00.0000000+08:00" testType="13cdc9d9-ddb5-4fa4-a97d-d965ccfc6d4b" outcome="NotExecuted" testListId="8c84fa94-04c1-424b-9868-57a2d4851a1d">
    </UnitTestResult>
    <UnitTestResult executionId="0be26b10-7a74-4215-a672-4354d97fd5db" testId="07f1c317-ea44-fe18-0bb9-ef2f1ebbd128" testName="Join_LeftOuter" computerName="MIKE-NOTEBOOK2" duration="00:00:00" startTime="0001-01-01T08:00:00.0000000+08:00" endTime="0001-01-01T08:00:00.0000000+08:00" testType="13cdc9d9-ddb5-4fa4-a97d-d965ccfc6d4b" outcome="NotExecuted" testListId="8c84fa94-04c1-424b-9868-57a2d4851a1d">
    </UnitTestResult>
    <UnitTestResult executionId="ded9119e-cccb-4a6d-97f8-53c2e236bfee" testId="335ff2e6-8a3c-c73a-b7f9-4c49b40895fc" testName="Join_LetAssignment" computerName="MIKE-NOTEBOOK2" duration="00:00:00" startTime="0001-01-01T08:00:00.0000000+08:00" endTime="0001-01-01T08:00:00.0000000+08:00" testType="13cdc9d9-ddb5-4fa4-a97d-d965ccfc6d4b" outcome="NotExecuted" testListId="8c84fa94-04c1-424b-9868-57a2d4851a1d">
    </UnitTestResult>
    <UnitTestResult executionId="c6f04071-3643-4eba-9eed-10d3055ce66e" testId="11444bc4-df27-119b-eb28-1f5dd20ba826" testName="Join_CompositeKey" computerName="MIKE-NOTEBOOK2" duration="00:00:00" startTime="0001-01-01T08:00:00.0000000+08:00" endTime="0001-01-01T08:00:00.0000000+08:00" testType="13cdc9d9-ddb5-4fa4-a97d-d965ccfc6d4b" outcome="NotExecuted" testListId="8c84fa94-04c1-424b-9868-57a2d4851a1d">
    </UnitTestResult>
    <UnitTestResult executionId="67e39139-aeaf-49d0-88f8-52835e722a72" testId="540993ed-f565-f903-8378-19b16817c247" testName="Join_NullableNonnullableKeyRelationship" computerName="MIKE-NOTEBOOK2" duration="00:00:00" startTime="0001-01-01T08:00:00.0000000+08:00" endTime="0001-01-01T08:00:00.0000000+08:00" testType="13cdc9d9-ddb5-4fa4-a97d-d965ccfc6d4b" outcome="NotExecuted" testListId="8c84fa94-04c1-424b-9868-57a2d4851a1d">
    </UnitTestResult>
    <UnitTestResult executionId="aff52804-a663-42cb-906c-ca5336792b9a" testId="f437491c-d6f7-a6e1-9c41-132eea302b3f" testName="Join" computerName="MIKE-NOTEBOOK2" duration="00:00:00" startTime="0001-01-01T08:00:00.0000000+08:00" endTime="0001-01-01T08:00:00.0000000+08:00" testType="13cdc9d9-ddb5-4fa4-a97d-d965ccfc6d4b" outcome="NotExecuted" testListId="8c84fa94-04c1-424b-9868-57a2d4851a1d">
    </UnitTestResult>
    <UnitTestResult executionId="5c41c2b7-6b2c-4361-978a-80d00fd8110b" testId="5cf6ee26-5261-b6b6-e08d-25357108bb88" testName="OrderBy_Conditional" computerName="MIKE-NOTEBOOK2" duration="00:00:00" startTime="0001-01-01T08:00:00.0000000+08:00" endTime="0001-01-01T08:00:00.0000000+08:00" testType="13cdc9d9-ddb5-4fa4-a97d-d965ccfc6d4b" outcome="NotExecuted" testListId="8c84fa94-04c1-424b-9868-57a2d4851a1d">
    </UnitTestResult>
    <UnitTestResult executionId="c4c4cd0d-9e42-48e5-add3-d279b42f9004" testId="7a9ffa30-c336-9add-067f-398d3b3a8c3b" testName="OrderBy_ThenByDescending" computerName="MIKE-NOTEBOOK2" duration="00:00:00" startTime="0001-01-01T08:00:00.0000000+08:00" endTime="0001-01-01T08:00:00.0000000+08:00" testType="13cdc9d9-ddb5-4fa4-a97d-d965ccfc6d4b" outcome="NotExecuted" testListId="8c84fa94-04c1-424b-9868-57a2d4851a1d">
    </UnitTestResult>
    <UnitTestResult executionId="d78265a1-2bec-4b49-9626-d8f184f7df11" testId="a0c79d34-81a7-c451-037d-d191ad713823" testName="OrderBy_GroupBy" computerName="MIKE-NOTEBOOK2" duration="00:00:00" startTime="0001-01-01T08:00:00.0000000+08:00" endTime="0001-01-01T08:00:00.0000000+08:00" testType="13cdc9d9-ddb5-4fa4-a97d-d965ccfc6d4b" outcome="NotExecuted" testListId="8c84fa94-04c1-424b-9868-57a2d4851a1d">
    </UnitTestResult>
    <UnitTestResult executionId="7abf4966-3d64-47b2-9e6f-135a729427b1" testId="f28867c4-8795-4b9d-e32f-f7297dca1dec" testName="GroupBy_Simple" computerName="MIKE-NOTEBOOK2" duration="00:00:00" startTime="0001-01-01T08:00:00.0000000+08:00" endTime="0001-01-01T08:00:00.0000000+08:00" testType="13cdc9d9-ddb5-4fa4-a97d-d965ccfc6d4b" outcome="NotExecuted" testListId="8c84fa94-04c1-424b-9868-57a2d4851a1d">
    </UnitTestResult>
    <UnitTestResult executionId="3297c695-2b2e-4c4b-85d8-34093b61920c" testId="2933cc24-bba8-c0cb-bb09-05d3b1fea596" testName="GroupBy_Select" computerName="MIKE-NOTEBOOK2" duration="00:00:00" startTime="0001-01-01T08:00:00.0000000+08:00" endTime="0001-01-01T08:00:00.0000000+08:00" testType="13cdc9d9-ddb5-4fa4-a97d-d965ccfc6d4b" outcome="NotExecuted" testListId="8c84fa94-04c1-424b-9868-57a2d4851a1d">
    </UnitTestResult>
    <UnitTestResult executionId="036582e8-0cc8-4835-af37-d03b083e7260" testId="c5fe51b1-6fa3-2fbe-aac4-21fc146168fd" testName="GroupBy_Max" computerName="MIKE-NOTEBOOK2" duration="00:00:00" startTime="0001-01-01T08:00:00.0000000+08:00" endTime="0001-01-01T08:00:00.0000000+08:00" testType="13cdc9d9-ddb5-4fa4-a97d-d965ccfc6d4b" outcome="NotExecuted" testListId="8c84fa94-04c1-424b-9868-57a2d4851a1d">
    </UnitTestResult>
    <UnitTestResult executionId="7b77c74a-0e94-4302-96a4-fb763d0d0ea4" testId="a1c6ce51-b390-749c-29b1-7e0d7a3971bc" testName="GroupBy_Min" computerName="MIKE-NOTEBOOK2" duration="00:00:00" startTime="0001-01-01T08:00:00.0000000+08:00" endTime="0001-01-01T08:00:00.0000000+08:00" testType="13cdc9d9-ddb5-4fa4-a97d-d965ccfc6d4b" outcome="NotExecuted" testListId="8c84fa94-04c1-424b-9868-57a2d4851a1d">
    </UnitTestResult>
    <UnitTestResult executionId="fe7f0b04-61ce-47ee-8e7c-ff9bf93d19d6" testId="141df5e6-a59b-df73-5f60-ae8b8ac3134e" testName="GroupBy_Avg" computerName="MIKE-NOTEBOOK2" duration="00:00:00" startTime="0001-01-01T08:00:00.0000000+08:00" endTime="0001-01-01T08:00:00.0000000+08:00" testType="13cdc9d9-ddb5-4fa4-a97d-d965ccfc6d4b" outcome="NotExecuted" testListId="8c84fa94-04c1-424b-9868-57a2d4851a1d">
    </UnitTestResult>
    <UnitTestResult executionId="79694047-2391-41d2-ad0e-50dcc53b468e" testId="12609c56-24c0-1a57-795a-b6f830c75fd4" testName="GroupBy_Sum" computerName="MIKE-NOTEBOOK2" duration="00:00:00" startTime="0001-01-01T08:00:00.0000000+08:00" endTime="0001-01-01T08:00:00.0000000+08:00" testType="13cdc9d9-ddb5-4fa4-a97d-d965ccfc6d4b" outcome="NotExecuted" testListId="8c84fa94-04c1-424b-9868-57a2d4851a1d">
    </UnitTestResult>
    <UnitTestResult executionId="7c8713ef-0b15-4bb5-bd7c-5117af7b09f0" testId="e31455ac-8ca8-466c-ccac-60578dbace23" testName="GroupByCount" computerName="MIKE-NOTEBOOK2" duration="00:00:00" startTime="0001-01-01T08:00:00.0000000+08:00" endTime="0001-01-01T08:00:00.0000000+08:00" testType="13cdc9d9-ddb5-4fa4-a97d-d965ccfc6d4b" outcome="NotExecuted" testListId="8c84fa94-04c1-424b-9868-57a2d4851a1d">
    </UnitTestResult>
    <UnitTestResult executionId="433fb95e-d3b7-4ad5-837d-796d63ec6884" testId="0283c0aa-d353-0b34-b393-c61ee1f6e6ff" testName="GroupBy_ConditionalCount" computerName="MIKE-NOTEBOOK2" duration="00:00:00" startTime="0001-01-01T08:00:00.0000000+08:00" endTime="0001-01-01T08:00:00.0000000+08:00" testType="13cdc9d9-ddb5-4fa4-a97d-d965ccfc6d4b" outcome="NotExecuted" testListId="8c84fa94-04c1-424b-9868-57a2d4851a1d">
    </UnitTestResult>
    <UnitTestResult executionId="5eb1b9f2-e8bc-4a43-a5d6-ee45e88033c8" testId="4b8198fb-5f43-d709-3bc9-bf893f8ef757" testName="GroupBy_Where" computerName="MIKE-NOTEBOOK2" duration="00:00:00" startTime="0001-01-01T08:00:00.0000000+08:00" endTime="0001-01-01T08:00:00.0000000+08:00" testType="13cdc9d9-ddb5-4fa4-a97d-d965ccfc6d4b" outcome="NotExecuted" testListId="8c84fa94-04c1-424b-9868-57a2d4851a1d">
    </UnitTestResult>
    <UnitTestResult executionId="fc957855-4ce0-415f-a07e-042ca7bcd79d" testId="d6967643-dd34-a965-ca80-116f309dc7d8" testName="GroupBy_MultipleColumns" computerName="MIKE-NOTEBOOK2" duration="00:00:00" startTime="0001-01-01T08:00:00.0000000+08:00" endTime="0001-01-01T08:00:00.0000000+08:00" testType="13cdc9d9-ddb5-4fa4-a97d-d965ccfc6d4b" outcome="NotExecuted" testListId="8c84fa94-04c1-424b-9868-57a2d4851a1d">
    </UnitTestResult>
    <UnitTestResult executionId="04115f59-f406-48db-b46b-abd9ae9cebdf" testId="46109182-73b6-75ed-f0b9-4d03782d7020" testName="GroupBy_Expression" computerName="MIKE-NOTEBOOK2" duration="00:00:00" startTime="0001-01-01T08:00:00.0000000+08:00" endTime="0001-01-01T08:00:00.0000000+08:00" testType="13cdc9d9-ddb5-4fa4-a97d-d965ccfc6d4b" outcome="NotExecuted" testListId="8c84fa94-04c1-424b-9868-57a2d4851a1d">
    </UnitTestResult>
    <UnitTestResult executionId="61698b6e-2614-45c1-a075-d75b754b1ca4" testId="78014a8b-6e4a-5e73-ff1f-98c1c82dbc24" testName="GroupBy_Nested" computerName="MIKE-NOTEBOOK2" duration="00:00:00" startTime="0001-01-01T08:00:00.0000000+08:00" endTime="0001-01-01T08:00:00.0000000+08:00" testType="13cdc9d9-ddb5-4fa4-a97d-d965ccfc6d4b" outcome="NotExecuted" testListId="8c84fa94-04c1-424b-9868-57a2d4851a1d">
    </UnitTestResult>
    <UnitTestResult executionId="1aaf9387-4c40-4e00-8f3c-ee07b2f14ea8" testId="b1f45575-b840-213e-88cd-236fe44665cf" testName="GroupBy_Year" computerName="MIKE-NOTEBOOK2" duration="00:00:00" startTime="0001-01-01T08:00:00.0000000+08:00" endTime="0001-01-01T08:00:00.0000000+08:00" testType="13cdc9d9-ddb5-4fa4-a97d-d965ccfc6d4b" outcome="NotExecuted" testListId="8c84fa94-04c1-424b-9868-57a2d4851a1d">
    </UnitTestResult>
    <UnitTestResult executionId="f26d8924-797c-4292-bcdf-4f06c0380d51" testId="de5619fc-dbbc-6e7b-bb20-d406f48b87c5" testName="GroupBy_Month" computerName="MIKE-NOTEBOOK2" duration="00:00:00" startTime="0001-01-01T08:00:00.0000000+08:00" endTime="0001-01-01T08:00:00.0000000+08:00" testType="13cdc9d9-ddb5-4fa4-a97d-d965ccfc6d4b" outcome="NotExecuted" testListId="8c84fa94-04c1-424b-9868-57a2d4851a1d">
    </UnitTestResult>
    <UnitTestResult executionId="1d570811-b09a-4fed-9eca-3a7f959989b2" testId="db3714f5-f9f2-e586-6b97-2b38910e8a61" testName="GroupBy_Day" computerName="MIKE-NOTEBOOK2" duration="00:00:00" startTime="0001-01-01T08:00:00.0000000+08:00" endTime="0001-01-01T08:00:00.0000000+08:00" testType="13cdc9d9-ddb5-4fa4-a97d-d965ccfc6d4b" outcome="NotExecuted" testListId="8c84fa94-04c1-424b-9868-57a2d4851a1d">
    </UnitTestResult>
    <UnitTestResult executionId="8c2a6df8-b181-482e-951c-6e7b37bf9c85" testId="57c759e0-82dd-fd30-f038-b72c3d18716d" testName="GroupBy_Date" computerName="MIKE-NOTEBOOK2" duration="00:00:00" startTime="0001-01-01T08:00:00.0000000+08:00" endTime="0001-01-01T08:00:00.0000000+08:00" testType="13cdc9d9-ddb5-4fa4-a97d-d965ccfc6d4b" outcome="NotExecuted" testListId="8c84fa94-04c1-424b-9868-57a2d4851a1d">
    </UnitTestResult>
    <UnitTestResult executionId="88f4729e-e5d8-40e7-92ef-807cfac3c725" testId="f981eadb-eb92-2a95-3b3b-5b441cb4c18d" testName="Any_Simple" computerName="MIKE-NOTEBOOK2" duration="00:00:00" startTime="0001-01-01T08:00:00.0000000+08:00" endTime="0001-01-01T08:00:00.0000000+08:00" testType="13cdc9d9-ddb5-4fa4-a97d-d965ccfc6d4b" outcome="NotExecuted" testListId="8c84fa94-04c1-424b-9868-57a2d4851a1d">
    </UnitTestResult>
    <UnitTestResult executionId="cb692fb5-824a-489c-befb-f4b38d1b8f34" testId="293c5939-981b-6970-e7e8-7f3306928356" testName="Any_Condition" computerName="MIKE-NOTEBOOK2" duration="00:00:00" startTime="0001-01-01T08:00:00.0000000+08:00" endTime="0001-01-01T08:00:00.0000000+08:00" testType="13cdc9d9-ddb5-4fa4-a97d-d965ccfc6d4b" outcome="NotExecuted" testListId="8c84fa94-04c1-424b-9868-57a2d4851a1d">
    </UnitTestResult>
    <UnitTestResult executionId="c942880d-9400-428a-8e9d-f990f9f85964" testId="9bd19205-fa0b-32cb-e197-dcc76292bb41" testName="Any_Grouped" computerName="MIKE-NOTEBOOK2" duration="00:00:00" startTime="0001-01-01T08:00:00.0000000+08:00" endTime="0001-01-01T08:00:00.0000000+08:00" testType="13cdc9d9-ddb5-4fa4-a97d-d965ccfc6d4b" outcome="NotExecuted" testListId="8c84fa94-04c1-424b-9868-57a2d4851a1d">
    </UnitTestResult>
    <UnitTestResult executionId="d7ef826f-4c01-4f54-b7d8-645baf6b13fc" testId="56a670b4-3a02-7143-06b6-815c4be74d78" testName="All_Simple" computerName="MIKE-NOTEBOOK2" duration="00:00:00" startTime="0001-01-01T08:00:00.0000000+08:00" endTime="0001-01-01T08:00:00.0000000+08:00" testType="13cdc9d9-ddb5-4fa4-a97d-d965ccfc6d4b" outcome="NotExecuted" testListId="8c84fa94-04c1-424b-9868-57a2d4851a1d">
    </UnitTestResult>
    <UnitTestResult executionId="252097d3-6769-42ce-99cb-de8d7157ee6c" testId="ce33ec16-b5fb-b7e2-2c85-5f8ef552fcac" testName="All_Grouped" computerName="MIKE-NOTEBOOK2" duration="00:00:00" startTime="0001-01-01T08:00:00.0000000+08:00" endTime="0001-01-01T08:00:00.0000000+08:00" testType="13cdc9d9-ddb5-4fa4-a97d-d965ccfc6d4b" outcome="NotExecuted" testListId="8c84fa94-04c1-424b-9868-57a2d4851a1d">
    </UnitTestResult>
    <UnitTestResult executionId="9cf14321-3bd8-436e-b8d5-9a19b8b86043" testId="857f7605-b405-9dbd-d642-40693cf0000d" testName="Contains" computerName="MIKE-NOTEBOOK2" duration="00:00:00" startTime="0001-01-01T08:00:00.0000000+08:00" endTime="0001-01-01T08:00:00.0000000+08:00" testType="13cdc9d9-ddb5-4fa4-a97d-d965ccfc6d4b" outcome="NotExecuted" testListId="8c84fa94-04c1-424b-9868-57a2d4851a1d">
    </UnitTestResult>
    <UnitTestResult executionId="a499ed79-8b68-4190-a6ce-fd384175b01d" testId="34516bde-68c3-8cd2-7950-9618f48b367d" testName="Like" computerName="MIKE-NOTEBOOK2" duration="00:00:00" startTime="0001-01-01T08:00:00.0000000+08:00" endTime="0001-01-01T08:00:00.0000000+08:00" testType="13cdc9d9-ddb5-4fa4-a97d-d965ccfc6d4b" outcome="NotExecuted" testListId="8c84fa94-04c1-424b-9868-57a2d4851a1d">
    </UnitTestResult>
    <UnitTestResult executionId="b62dd173-7f06-44ec-93bb-0af322483eea" testId="102a8c68-b878-5c76-c00e-6c1a908c0f90" testName="TestNull" computerName="MIKE-NOTEBOOK2" duration="00:00:00" startTime="0001-01-01T08:00:00.0000000+08:00" endTime="0001-01-01T08:00:00.0000000+08:00" testType="13cdc9d9-ddb5-4fa4-a97d-d965ccfc6d4b" outcome="NotExecuted" testListId="8c84fa94-04c1-424b-9868-57a2d4851a1d">
    </UnitTestResult>
    <UnitTestResult executionId="d7795dd7-50ad-4397-a747-9e7b564ca380" testId="a5f9008c-2368-420c-426f-4706e7e72549" testName="CollectionConvert" computerName="MIKE-NOTEBOOK2" duration="00:00:00" startTime="0001-01-01T08:00:00.0000000+08:00" endTime="0001-01-01T08:00:00.0000000+08:00" testType="13cdc9d9-ddb5-4fa4-a97d-d965ccfc6d4b" outcome="NotExecuted" testListId="8c84fa94-04c1-424b-9868-57a2d4851a1d">
    </UnitTestResult>
    <UnitTestResult executionId="96e6c6ba-5af5-4fad-8eef-0812668e5440" testId="1a7be7ad-f3ad-70a9-a503-78b0ffdbe588" testName="Concat" computerName="MIKE-NOTEBOOK2" duration="00:00:00" startTime="0001-01-01T08:00:00.0000000+08:00" endTime="0001-01-01T08:00:00.0000000+08:00" testType="13cdc9d9-ddb5-4fa4-a97d-d965ccfc6d4b" outcome="NotExecuted" testListId="8c84fa94-04c1-424b-9868-57a2d4851a1d">
    </UnitTestResult>
    <UnitTestResult executionId="60cac534-7bde-4ca9-984f-30e881c68fc5" testId="21b88d1a-a72f-b873-7765-95fcdec7a0a6" testName="StringConcat" computerName="MIKE-NOTEBOOK2" duration="00:00:00" startTime="0001-01-01T08:00:00.0000000+08:00" endTime="0001-01-01T08:00:00.0000000+08:00" testType="13cdc9d9-ddb5-4fa4-a97d-d965ccfc6d4b" outcome="NotExecuted" testListId="8c84fa94-04c1-424b-9868-57a2d4851a1d">
    </UnitTestResult>
    <UnitTestResult executionId="d12c1317-32fe-4558-a1a0-c0959c3a6f98" testId="3f0db4cf-74bd-5a98-1c72-8b80d6697b10" testName="StringLength" computerName="MIKE-NOTEBOOK2" duration="00:00:00" startTime="0001-01-01T08:00:00.0000000+08:00" endTime="0001-01-01T08:00:00.0000000+08:00" testType="13cdc9d9-ddb5-4fa4-a97d-d965ccfc6d4b" outcome="NotExecuted" testListId="8c84fa94-04c1-424b-9868-57a2d4851a1d">
    </UnitTestResult>
    <UnitTestResult executionId="3688a884-e694-4231-acc4-21efbc4ee5a2" testId="28bb1a6a-5575-462a-541e-37d32640abe3" testName="StringContain" computerName="MIKE-NOTEBOOK2" duration="00:00:00" startTime="0001-01-01T08:00:00.0000000+08:00" endTime="0001-01-01T08:00:00.0000000+08:00" testType="13cdc9d9-ddb5-4fa4-a97d-d965ccfc6d4b" outcome="NotExecuted" testListId="8c84fa94-04c1-424b-9868-57a2d4851a1d">
    </UnitTestResult>
    <UnitTestResult executionId="1c1cc273-f607-40ac-8e27-1a6a0e4b0b60" testId="aa193250-36de-6526-8d3e-16af2a3d9136" testName="StringIndexOf" computerName="MIKE-NOTEBOOK2" duration="00:00:00" startTime="0001-01-01T08:00:00.0000000+08:00" endTime="0001-01-01T08:00:00.0000000+08:00" testType="13cdc9d9-ddb5-4fa4-a97d-d965ccfc6d4b" outcome="NotExecuted" testListId="8c84fa94-04c1-424b-9868-57a2d4851a1d">
    </UnitTestResult>
    <UnitTestResult executionId="91cf716b-6d4a-4e9b-a8b1-741ef6480f5e" testId="85bd2d0e-0d07-581f-f2c1-7ffe15428756" testName="StringStartsWith" computerName="MIKE-NOTEBOOK2" duration="00:00:00" startTime="0001-01-01T08:00:00.0000000+08:00" endTime="0001-01-01T08:00:00.0000000+08:00" testType="13cdc9d9-ddb5-4fa4-a97d-d965ccfc6d4b" outcome="NotExecuted" testListId="8c84fa94-04c1-424b-9868-57a2d4851a1d">
    </UnitTestResult>
    <UnitTestResult executionId="086644f2-4a62-4ff6-9a05-5b22ee3ee33a" testId="8fec010e-634a-3202-6e5a-eb5fa148c722" testName="StringEndsWith" computerName="MIKE-NOTEBOOK2" duration="00:00:00" startTime="0001-01-01T08:00:00.0000000+08:00" endTime="0001-01-01T08:00:00.0000000+08:00" testType="13cdc9d9-ddb5-4fa4-a97d-d965ccfc6d4b" outcome="NotExecuted" testListId="8c84fa94-04c1-424b-9868-57a2d4851a1d">
    </UnitTestResult>
    <UnitTestResult executionId="f2030cc8-f451-4755-83e5-b025188ace96" testId="9186cdbb-6f27-49aa-0fdf-08baa8183876" testName="StringSubstring" computerName="MIKE-NOTEBOOK2" duration="00:00:00" startTime="0001-01-01T08:00:00.0000000+08:00" endTime="0001-01-01T08:00:00.0000000+08:00" testType="13cdc9d9-ddb5-4fa4-a97d-d965ccfc6d4b" outcome="NotExecuted" testListId="8c84fa94-04c1-424b-9868-57a2d4851a1d">
    </UnitTestResult>
    <UnitTestResult executionId="28f0c0ab-2ed9-42f4-8773-d9f90378e91b" testId="2e5470e9-79e8-0780-1ac8-ae33cba95f8d" testName="StringToUpper" computerName="MIKE-NOTEBOOK2" duration="00:00:00" startTime="0001-01-01T08:00:00.0000000+08:00" endTime="0001-01-01T08:00:00.0000000+08:00" testType="13cdc9d9-ddb5-4fa4-a97d-d965ccfc6d4b" outcome="NotExecuted" testListId="8c84fa94-04c1-424b-9868-57a2d4851a1d">
    </UnitTestResult>
    <UnitTestResult executionId="ffa31e43-98a3-45db-84df-0f1fb81b8db3" testId="30902cb3-624a-7153-b7f8-71d7421abec2" testName="StringToLower" computerName="MIKE-NOTEBOOK2" duration="00:00:00" startTime="0001-01-01T08:00:00.0000000+08:00" endTime="0001-01-01T08:00:00.0000000+08:00" testType="13cdc9d9-ddb5-4fa4-a97d-d965ccfc6d4b" outcome="NotExecuted" testListId="8c84fa94-04c1-424b-9868-57a2d4851a1d">
    </UnitTestResult>
    <UnitTestResult executionId="b1352652-3dd4-466b-b121-6d4abdea995d" testId="238e3e7b-2cd8-91f7-fc1d-7cf41217e033" testName="String_Trim" computerName="MIKE-NOTEBOOK2" duration="00:00:00" startTime="0001-01-01T08:00:00.0000000+08:00" endTime="0001-01-01T08:00:00.0000000+08:00" testType="13cdc9d9-ddb5-4fa4-a97d-d965ccfc6d4b" outcome="NotExecuted" testListId="8c84fa94-04c1-424b-9868-57a2d4851a1d">
    </UnitTestResult>
    <UnitTestResult executionId="3fa98c86-ba7b-4714-a6ec-df8f7bb10a48" testId="2db18b94-1ba2-8ab3-65ed-53ec85130472" testName="String_TrimStart" computerName="MIKE-NOTEBOOK2" duration="00:00:00" startTime="0001-01-01T08:00:00.0000000+08:00" endTime="0001-01-01T08:00:00.0000000+08:00" testType="13cdc9d9-ddb5-4fa4-a97d-d965ccfc6d4b" outcome="NotExecuted" testListId="8c84fa94-04c1-424b-9868-57a2d4851a1d">
    </UnitTestResult>
    <UnitTestResult executionId="6ed9edca-38e2-4baa-a457-9e8a25e0bef6" testId="7b35a920-76a9-e97a-5efa-dd4a75ea7458" testName="String_TrimEnd" computerName="MIKE-NOTEBOOK2" duration="00:00:00" startTime="0001-01-01T08:00:00.0000000+08:00" endTime="0001-01-01T08:00:00.0000000+08:00" testType="13cdc9d9-ddb5-4fa4-a97d-d965ccfc6d4b" outcome="NotExecuted" testListId="8c84fa94-04c1-424b-9868-57a2d4851a1d">
    </UnitTestResult>
    <UnitTestResult executionId="c6b668ea-7a7a-45a3-b214-ac3b04eab5be" testId="f84bb04f-bcd6-a9b0-816b-e75a692f831b" testName="StringInsert" computerName="MIKE-NOTEBOOK2" duration="00:00:00" startTime="0001-01-01T08:00:00.0000000+08:00" endTime="0001-01-01T08:00:00.0000000+08:00" testType="13cdc9d9-ddb5-4fa4-a97d-d965ccfc6d4b" outcome="NotExecuted" testListId="8c84fa94-04c1-424b-9868-57a2d4851a1d">
    </UnitTestResult>
    <UnitTestResult executionId="ee3ad24e-de55-4862-b1e4-cbd8e896d2af" testId="abafaa28-863d-b9d2-2c33-7e111253853a" testName="StringRemove" computerName="MIKE-NOTEBOOK2" duration="00:00:00" startTime="0001-01-01T08:00:00.0000000+08:00" endTime="0001-01-01T08:00:00.0000000+08:00" testType="13cdc9d9-ddb5-4fa4-a97d-d965ccfc6d4b" outcome="NotExecuted" testListId="8c84fa94-04c1-424b-9868-57a2d4851a1d">
    </UnitTestResult>
    <UnitTestResult executionId="18f52931-40cf-41bd-aa6f-3f4956fda455" testId="ea99489a-d5d0-f313-3e52-b31d25c4895b" testName="StringRelace" computerName="MIKE-NOTEBOOK2" duration="00:00:00" startTime="0001-01-01T08:00:00.0000000+08:00" endTime="0001-01-01T08:00:00.0000000+08:00" testType="13cdc9d9-ddb5-4fa4-a97d-d965ccfc6d4b" outcome="NotExecuted" testListId="8c84fa94-04c1-424b-9868-57a2d4851a1d">
    </UnitTestResult>
    <UnitTestResult executionId="7166d93f-fdbb-41c6-9c7f-42709bfb7906" testId="192b8efa-4ba5-6016-cce8-53ed44722acd" testName="DateTime_Year" computerName="MIKE-NOTEBOOK2" duration="00:00:00" startTime="0001-01-01T08:00:00.0000000+08:00" endTime="0001-01-01T08:00:00.0000000+08:00" testType="13cdc9d9-ddb5-4fa4-a97d-d965ccfc6d4b" outcome="NotExecuted" testListId="8c84fa94-04c1-424b-9868-57a2d4851a1d">
    </UnitTestResult>
    <UnitTestResult executionId="0fcc23fb-dde2-4537-a21a-b220c90c6553" testId="8ec4e6ae-9b21-0619-ee0d-a0bc2630d99a" testName="DateTime_Month" computerName="MIKE-NOTEBOOK2" duration="00:00:00" startTime="0001-01-01T08:00:00.0000000+08:00" endTime="0001-01-01T08:00:00.0000000+08:00" testType="13cdc9d9-ddb5-4fa4-a97d-d965ccfc6d4b" outcome="NotExecuted" testListId="8c84fa94-04c1-424b-9868-57a2d4851a1d">
    </UnitTestResult>
    <UnitTestResult executionId="9a864ab3-388a-4672-a532-a83e074aa7c8" testId="b4d5478f-243e-df73-c2e8-a95160a3f8c5" testName="DateTime_Day" computerName="MIKE-NOTEBOOK2" duration="00:00:00" startTime="0001-01-01T08:00:00.0000000+08:00" endTime="0001-01-01T08:00:00.0000000+08:00" testType="13cdc9d9-ddb5-4fa4-a97d-d965ccfc6d4b" outcome="NotExecuted" testListId="8c84fa94-04c1-424b-9868-57a2d4851a1d">
    </UnitTestResult>
    <UnitTestResult executionId="a852f66f-ac9c-4ea2-bf2a-ab169660531f" testId="e21f1015-1c10-71d0-47e0-6dacf0c67752" testName="DateTimeGT" computerName="MIKE-NOTEBOOK2" duration="00:00:00" startTime="0001-01-01T08:00:00.0000000+08:00" endTime="0001-01-01T08:00:00.0000000+08:00" testType="13cdc9d9-ddb5-4fa4-a97d-d965ccfc6d4b" outcome="NotExecuted" testListId="8c84fa94-04c1-424b-9868-57a2d4851a1d">
    </UnitTestResult>
    <UnitTestResult executionId="1bdef718-d0d2-4b02-be8d-78d2e89fbccd" testId="cb811da9-a0e9-7729-06a7-fd9df6e7726d" testName="DateTimeGE" computerName="MIKE-NOTEBOOK2" duration="00:00:00" startTime="0001-01-01T08:00:00.0000000+08:00" endTime="0001-01-01T08:00:00.0000000+08:00" testType="13cdc9d9-ddb5-4fa4-a97d-d965ccfc6d4b" outcome="NotExecuted" testListId="8c84fa94-04c1-424b-9868-57a2d4851a1d">
    </UnitTestResult>
    <UnitTestResult executionId="11b7fbdd-1e4a-4391-8a3e-ba9f7ef15fb3" testId="c278f3b8-0a98-ea83-6c55-5c3c46144112" testName="DateTimeLT" computerName="MIKE-NOTEBOOK2" duration="00:00:00" startTime="0001-01-01T08:00:00.0000000+08:00" endTime="0001-01-01T08:00:00.0000000+08:00" testType="13cdc9d9-ddb5-4fa4-a97d-d965ccfc6d4b" outcome="NotExecuted" testListId="8c84fa94-04c1-424b-9868-57a2d4851a1d">
    </UnitTestResult>
    <UnitTestResult executionId="f6d056be-06e6-4aff-ad0d-de5b90eb782a" testId="f45f797d-7ab0-987f-3390-d92075343693" testName="DateTimeLE" computerName="MIKE-NOTEBOOK2" duration="00:00:00" startTime="0001-01-01T08:00:00.0000000+08:00" endTime="0001-01-01T08:00:00.0000000+08:00" testType="13cdc9d9-ddb5-4fa4-a97d-d965ccfc6d4b" outcome="NotExecuted" testListId="8c84fa94-04c1-424b-9868-57a2d4851a1d">
    </UnitTestResult>
    <UnitTestResult executionId="8df25734-e191-40c8-aa02-a36f36c608cf" testId="73e260c5-fb13-584b-25ec-3c0d28347698" testName="DateTime_Date" computerName="MIKE-NOTEBOOK2" duration="00:00:00" startTime="0001-01-01T08:00:00.0000000+08:00" endTime="0001-01-01T08:00:00.0000000+08:00" testType="13cdc9d9-ddb5-4fa4-a97d-d965ccfc6d4b" outcome="NotExecuted" testListId="8c84fa94-04c1-424b-9868-57a2d4851a1d">
    </UnitTestResult>
    <UnitTestResult executionId="5c4baeaa-f571-4c71-ba67-58146f83b6d5" testId="0d42ea58-f693-b096-ae33-75fc1aab1080" testName="DateTime_TimeOfDay" computerName="MIKE-NOTEBOOK2" duration="00:00:00" startTime="0001-01-01T08:00:00.0000000+08:00" endTime="0001-01-01T08:00:00.0000000+08:00" testType="13cdc9d9-ddb5-4fa4-a97d-d965ccfc6d4b" outcome="NotExecuted" testListId="8c84fa94-04c1-424b-9868-57a2d4851a1d">
    </UnitTestResult>
    <UnitTestResult executionId="0ed297f3-9487-4123-a25f-3b0f94b09b98" testId="5bb65c2b-ebda-d525-b78d-06aa1f7eac17" testName="Insert_Simple" computerName="MIKE-NOTEBOOK2" duration="00:00:00" startTime="0001-01-01T08:00:00.0000000+08:00" endTime="0001-01-01T08:00:00.0000000+08:00" testType="13cdc9d9-ddb5-4fa4-a97d-d965ccfc6d4b" outcome="NotExecuted" testListId="8c84fa94-04c1-424b-9868-57a2d4851a1d">
    </UnitTestResult>
    <UnitTestResult executionId="39f29069-40f8-4e92-98cf-a046fecd72c6" testId="8e4181d3-fe96-b1ca-c487-8c12a0ed2cc1" testName="Insert_OneToMany" computerName="MIKE-NOTEBOOK2" duration="00:00:00" startTime="0001-01-01T08:00:00.0000000+08:00" endTime="0001-01-01T08:00:00.0000000+08:00" testType="13cdc9d9-ddb5-4fa4-a97d-d965ccfc6d4b" outcome="NotExecuted" testListId="8c84fa94-04c1-424b-9868-57a2d4851a1d">
    </UnitTestResult>
    <UnitTestResult executionId="b37fbb84-cb07-477d-a3c7-efdcf06cd9d5" testId="e23fd5fc-c5f8-cbf8-4874-76df5c56c66c" testName="Insert_ManyToMany" computerName="MIKE-NOTEBOOK2" duration="00:00:00" startTime="0001-01-01T08:00:00.0000000+08:00" endTime="0001-01-01T08:00:00.0000000+08:00" testType="13cdc9d9-ddb5-4fa4-a97d-d965ccfc6d4b" outcome="NotExecuted" testListId="8c84fa94-04c1-424b-9868-57a2d4851a1d">
    </UnitTestResult>
    <UnitTestResult executionId="74bf16eb-1ee3-4f39-b0e4-fc4569678d09" testId="178f42b7-0698-b76f-b4fa-cb7cff8e5498" testName="Delete_ManyToMany" computerName="MIKE-NOTEBOOK2" duration="00:00:00" startTime="0001-01-01T08:00:00.0000000+08:00" endTime="0001-01-01T08:00:00.0000000+08:00" testType="13cdc9d9-ddb5-4fa4-a97d-d965ccfc6d4b" outcome="NotExecuted" testListId="8c84fa94-04c1-424b-9868-57a2d4851a1d">
    </UnitTestResult>
    <UnitTestResult executionId="45fb8f6e-1197-4c9e-b0ce-21a134e54a6e" testId="8db75664-001f-333c-67c2-85d22d3fb8b0" testName="Update" computerName="MIKE-NOTEBOOK2" duration="00:00:00" startTime="0001-01-01T08:00:00.0000000+08:00" endTime="0001-01-01T08:00:00.0000000+08:00" testType="13cdc9d9-ddb5-4fa4-a97d-d965ccfc6d4b" outcome="NotExecuted" testListId="8c84fa94-04c1-424b-9868-57a2d4851a1d">
    </UnitTestResult>
    <UnitTestResult executionId="4ade93fc-f5d3-4373-8011-a760a9e8d763" testId="36136b57-2207-ff16-3c99-9719c3c0dd8b" testName="Inherit" computerName="MIKE-NOTEBOOK2" duration="00:00:00" startTime="0001-01-01T08:00:00.0000000+08:00" endTime="0001-01-01T08:00:00.0000000+08:00" testType="13cdc9d9-ddb5-4fa4-a97d-d965ccfc6d4b" outcome="NotExecuted" testListId="8c84fa94-04c1-424b-9868-57a2d4851a1d">
    </UnitTestResult>
    <UnitTestResult executionId="3b587be5-403c-4c8e-aebf-68b21a98a103" testId="acc217ec-f798-ad0f-80e4-a7209b80db19" testName="Insert_Inherit" computerName="MIKE-NOTEBOOK2" duration="00:00:00" startTime="0001-01-01T08:00:00.0000000+08:00" endTime="0001-01-01T08:00:00.0000000+08:00" testType="13cdc9d9-ddb5-4fa4-a97d-d965ccfc6d4b" outcome="NotExecuted" testListId="8c84fa94-04c1-424b-9868-57a2d4851a1d">
    </UnitTestResult>
    <UnitTestResult executionId="12ec8548-9118-44d1-a07e-fd77a8c7fd40" testId="f9582425-45f1-0ccd-6b16-dbc172ead7ab" testName="DataLoadOptionsTest" computerName="MIKE-NOTEBOOK2" duration="00:00:00" startTime="0001-01-01T08:00:00.0000000+08:00" endTime="0001-01-01T08:00:00.0000000+08:00" testType="13cdc9d9-ddb5-4fa4-a97d-d965ccfc6d4b" outcome="NotExecuted" testListId="8c84fa94-04c1-424b-9868-57a2d4851a1d">
    </UnitTestResult>
    <UnitTestResult executionId="d7cce9c9-19d9-430b-a795-6ca0c86444eb" testId="1d3f8981-2b6b-1021-30c3-e2cb998e887c" testName="Null" computerName="MIKE-NOTEBOOK2" duration="00:00:00" startTime="0001-01-01T08:00:00.0000000+08:00" endTime="0001-01-01T08:00:00.0000000+08:00" testType="13cdc9d9-ddb5-4fa4-a97d-d965ccfc6d4b" outcome="NotExecuted" testListId="8c84fa94-04c1-424b-9868-57a2d4851a1d">
    </UnitTestResult>
    <UnitTestResult executionId="32baaeda-703c-47f5-ade5-369ea7e07c61" testId="b637484a-0a29-f3b0-d7b0-fd4e2a71c99b" testName="ResolveAll" computerName="MIKE-NOTEBOOK2" duration="00:00:00" startTime="0001-01-01T08:00:00.0000000+08:00" endTime="0001-01-01T08:00:00.0000000+08:00" testType="13cdc9d9-ddb5-4fa4-a97d-d965ccfc6d4b" outcome="NotExecuted" testListId="8c84fa94-04c1-424b-9868-57a2d4851a1d">
    </UnitTestResult>
    <UnitTestResult executionId="90cff77c-49a1-48b4-8993-dbb770ae7f91" testId="b5791077-0d69-1546-29bd-fce325e3f3f7" testName="ComposeKey" computerName="MIKE-NOTEBOOK2" duration="00:00:00" startTime="0001-01-01T08:00:00.0000000+08:00" endTime="0001-01-01T08:00:00.0000000+08:00" testType="13cdc9d9-ddb5-4fa4-a97d-d965ccfc6d4b" outcome="NotExecuted" testListId="8c84fa94-04c1-424b-9868-57a2d4851a1d">
    </UnitTestResult>
    <UnitTestResult executionId="17c5b940-052f-4621-918d-dd96b300f831" testId="a3e9398a-096c-8854-f49a-fb041ac08eb2" testName="AutoGuid" computerName="MIKE-NOTEBOOK2" duration="00:00:00" startTime="0001-01-01T08:00:00.0000000+08:00" endTime="0001-01-01T08:00:00.0000000+08:00" testType="13cdc9d9-ddb5-4fa4-a97d-d965ccfc6d4b" outcome="NotExecuted" testListId="8c84fa94-04c1-424b-9868-57a2d4851a1d">
    </UnitTestResult>
    <UnitTestResult executionId="8e71a6be-7a55-4b06-836c-64d1144cd470" testId="4425de83-50cc-1812-1854-96f6faabf2b8" testName="Association" computerName="MIKE-NOTEBOOK2" duration="00:00:00" startTime="0001-01-01T08:00:00.0000000+08:00" endTime="0001-01-01T08:00:00.0000000+08:00" testType="13cdc9d9-ddb5-4fa4-a97d-d965ccfc6d4b" outcome="NotExecuted" testListId="8c84fa94-04c1-424b-9868-57a2d4851a1d">
    </UnitTestResult>
    <UnitTestResult executionId="7584ba95-04b3-44aa-95f8-d7b5fcdb9fe0" testId="dc00432d-bce3-c9a0-ddf7-fc0f58ba6400" testName="Test1" computerName="MIKE-NOTEBOOK2" duration="00:00:00" startTime="0001-01-01T08:00:00.0000000+08:00" endTime="0001-01-01T08:00:00.0000000+08:00" testType="13cdc9d9-ddb5-4fa4-a97d-d965ccfc6d4b" outcome="NotExecuted" testListId="8c84fa94-04c1-424b-9868-57a2d4851a1d">
    </UnitTestResult>
    <UnitTestResult executionId="7a3a628a-9a15-45fd-b46f-b303c880d3fc" testId="97f51c93-2843-ee9c-307a-be0a318e3418" testName="Test2" computerName="MIKE-NOTEBOOK2" duration="00:00:00" startTime="0001-01-01T08:00:00.0000000+08:00" endTime="0001-01-01T08:00:00.0000000+08:00" testType="13cdc9d9-ddb5-4fa4-a97d-d965ccfc6d4b" outcome="NotExecuted" testListId="8c84fa94-04c1-424b-9868-57a2d4851a1d">
    </UnitTestResult>
    <UnitTestResult executionId="a03e52c7-07d1-4175-879f-dc3031de6713" testId="af172b8b-889b-1873-7efb-6e15b877c05f" testName="CreateDatabase" computerName="MIKE-NOTEBOOK2" duration="00:00:00" startTime="0001-01-01T08:00:00.0000000+08:00" endTime="0001-01-01T08:00:00.0000000+08:00" testType="13cdc9d9-ddb5-4fa4-a97d-d965ccfc6d4b" outcome="NotExecuted" testListId="8c84fa94-04c1-424b-9868-57a2d4851a1d">
    </UnitTestResult>
    <UnitTestResult executionId="fdabd452-6b21-4ed1-8f98-e876d810309a" testId="227f11fa-af60-b3b9-2bb2-b1e37ae5410f" testName="Aggregate_Null" computerName="MIKE-NOTEBOOK2" duration="00:00:00" startTime="0001-01-01T08:00:00.0000000+08:00" endTime="0001-01-01T08:00:00.0000000+08:00" testType="13cdc9d9-ddb5-4fa4-a97d-d965ccfc6d4b" outcome="NotExecuted" testListId="8c84fa94-04c1-424b-9868-57a2d4851a1d">
    </UnitTestResult>
    <UnitTestResult executionId="69311346-999f-4450-869b-528e7a485254" testId="84147d61-21d4-8105-2cc0-9ae07134f946" testName="GetDefaultValue" computerName="MIKE-NOTEBOOK2" duration="00:00:00" startTime="0001-01-01T08:00:00.0000000+08:00" endTime="0001-01-01T08:00:00.0000000+08:00" testType="13cdc9d9-ddb5-4fa4-a97d-d965ccfc6d4b" outcome="NotExecuted" testListId="8c84fa94-04c1-424b-9868-57a2d4851a1d">
    </UnitTestResult>
    <UnitTestResult executionId="58367da6-b43e-493b-bb13-1dcad8668339" testId="083eda8f-9a4d-0b1f-6ea4-43ff75f61aec" testName="Math_Abs" computerName="MIKE-NOTEBOOK2" duration="00:00:00" startTime="0001-01-01T08:00:00.0000000+08:00" endTime="0001-01-01T08:00:00.0000000+08:00" testType="13cdc9d9-ddb5-4fa4-a97d-d965ccfc6d4b" outcome="NotExecuted" testListId="8c84fa94-04c1-424b-9868-57a2d4851a1d">
    </UnitTestResult>
    <UnitTestResult executionId="6d47d660-6929-4b5c-b0af-a42f5bf0fab0" testId="c8868fd6-9b53-5ca0-31e0-eade6b966130" testName="Math_Acos" computerName="MIKE-NOTEBOOK2" duration="00:00:00" startTime="0001-01-01T08:00:00.0000000+08:00" endTime="0001-01-01T08:00:00.0000000+08:00" testType="13cdc9d9-ddb5-4fa4-a97d-d965ccfc6d4b" outcome="NotExecuted" testListId="8c84fa94-04c1-424b-9868-57a2d4851a1d">
    </UnitTestResult>
    <UnitTestResult executionId="e1c41761-942e-4ccc-9cee-1b6e1c0d2c7d" testId="0ce06bb6-48cf-c230-de53-c02daf55880d" testName="Math_Asin" computerName="MIKE-NOTEBOOK2" duration="00:00:00" startTime="0001-01-01T08:00:00.0000000+08:00" endTime="0001-01-01T08:00:00.0000000+08:00" testType="13cdc9d9-ddb5-4fa4-a97d-d965ccfc6d4b" outcome="NotExecuted" testListId="8c84fa94-04c1-424b-9868-57a2d4851a1d">
    </UnitTestResult>
    <UnitTestResult executionId="783f492a-b402-4a85-91ac-ae20e9d0c673" testId="1d043ef6-67c0-af3b-0bd2-70ce99ce585a" testName="Math_Atan" computerName="MIKE-NOTEBOOK2" duration="00:00:00" startTime="0001-01-01T08:00:00.0000000+08:00" endTime="0001-01-01T08:00:00.0000000+08:00" testType="13cdc9d9-ddb5-4fa4-a97d-d965ccfc6d4b" outcome="NotExecuted" testListId="8c84fa94-04c1-424b-9868-57a2d4851a1d">
    </UnitTestResult>
    <UnitTestResult executionId="852ba20b-cbc3-44d5-8e88-701c0bbb8290" testId="ceb3a0ee-4ae8-05ea-c65e-9fd8ef32d949" testName="Math_Atan2" computerName="MIKE-NOTEBOOK2" duration="00:00:00" startTime="0001-01-01T08:00:00.0000000+08:00" endTime="0001-01-01T08:00:00.0000000+08:00" testType="13cdc9d9-ddb5-4fa4-a97d-d965ccfc6d4b" outcome="NotExecuted" testListId="8c84fa94-04c1-424b-9868-57a2d4851a1d">
    </UnitTestResult>
    <UnitTestResult executionId="99e3398c-32f4-4aa9-a28a-81ee644a8865" testId="40edb993-b675-aa40-daab-18aabece8d6e" testName="Math_BigMul" computerName="MIKE-NOTEBOOK2" duration="00:00:00" startTime="0001-01-01T08:00:00.0000000+08:00" endTime="0001-01-01T08:00:00.0000000+08:00" testType="13cdc9d9-ddb5-4fa4-a97d-d965ccfc6d4b" outcome="NotExecuted" testListId="8c84fa94-04c1-424b-9868-57a2d4851a1d">
    </UnitTestResult>
    <UnitTestResult executionId="57bd6b1f-fc88-451d-89c4-11e73af7d899" testId="9b76c11b-2588-c281-9289-2b316bb49652" testName="Math_Ceiling" computerName="MIKE-NOTEBOOK2" duration="00:00:00" startTime="0001-01-01T08:00:00.0000000+08:00" endTime="0001-01-01T08:00:00.0000000+08:00" testType="13cdc9d9-ddb5-4fa4-a97d-d965ccfc6d4b" outcome="NotExecuted" testListId="8c84fa94-04c1-424b-9868-57a2d4851a1d">
    </UnitTestResult>
    <UnitTestResult executionId="2625c99a-da77-4f97-a4d3-0efd25492555" testId="c198beac-a672-91f1-5c22-985d1cdd0d67" testName="Math_Cos" computerName="MIKE-NOTEBOOK2" duration="00:00:00" startTime="0001-01-01T08:00:00.0000000+08:00" endTime="0001-01-01T08:00:00.0000000+08:00" testType="13cdc9d9-ddb5-4fa4-a97d-d965ccfc6d4b" outcome="NotExecuted" testListId="8c84fa94-04c1-424b-9868-57a2d4851a1d">
    </UnitTestResult>
    <UnitTestResult executionId="7728d210-d57a-4259-ac20-bdaac539e348" testId="9e7eace0-def8-2141-0aac-e2e3b66f105e" testName="Math_Cosh" computerName="MIKE-NOTEBOOK2" duration="00:00:00" startTime="0001-01-01T08:00:00.0000000+08:00" endTime="0001-01-01T08:00:00.0000000+08:00" testType="13cdc9d9-ddb5-4fa4-a97d-d965ccfc6d4b" outcome="NotExecuted" testListId="8c84fa94-04c1-424b-9868-57a2d4851a1d">
    </UnitTestResult>
    <UnitTestResult executionId="cae8c0dc-e8c4-48e2-ad09-efc570a9b9c0" testId="0c893df1-d892-182a-4648-17320c228675" testName="Math_DivRem" computerName="MIKE-NOTEBOOK2" duration="00:00:00" startTime="0001-01-01T08:00:00.0000000+08:00" endTime="0001-01-01T08:00:00.0000000+08:00" testType="13cdc9d9-ddb5-4fa4-a97d-d965ccfc6d4b" outcome="NotExecuted" testListId="8c84fa94-04c1-424b-9868-57a2d4851a1d">
    </UnitTestResult>
    <UnitTestResult executionId="4d776b6c-f3b7-41c7-a18f-75f865914cca" testId="ec3e602f-9c47-39f6-15b8-28e29f7855b2" testName="Math_Exp" computerName="MIKE-NOTEBOOK2" duration="00:00:00" startTime="0001-01-01T08:00:00.0000000+08:00" endTime="0001-01-01T08:00:00.0000000+08:00" testType="13cdc9d9-ddb5-4fa4-a97d-d965ccfc6d4b" outcome="NotExecuted" testListId="8c84fa94-04c1-424b-9868-57a2d4851a1d">
    </UnitTestResult>
    <UnitTestResult executionId="165b17cb-2e4a-4781-8b46-499f08e64dd2" testId="f12903ae-9604-eff3-d468-a881a71a545a" testName="Math_Floor" computerName="MIKE-NOTEBOOK2" duration="00:00:00" startTime="0001-01-01T08:00:00.0000000+08:00" endTime="0001-01-01T08:00:00.0000000+08:00" testType="13cdc9d9-ddb5-4fa4-a97d-d965ccfc6d4b" outcome="NotExecuted" testListId="8c84fa94-04c1-424b-9868-57a2d4851a1d">
    </UnitTestResult>
    <UnitTestResult executionId="18c2045d-1bd0-4f36-b5fa-cd4938d3cab8" testId="a0083ead-ed59-a5fd-024d-f41abaf9a359" testName="Math_Log" computerName="MIKE-NOTEBOOK2" duration="00:00:00" startTime="0001-01-01T08:00:00.0000000+08:00" endTime="0001-01-01T08:00:00.0000000+08:00" testType="13cdc9d9-ddb5-4fa4-a97d-d965ccfc6d4b" outcome="NotExecuted" testListId="8c84fa94-04c1-424b-9868-57a2d4851a1d">
    </UnitTestResult>
    <UnitTestResult executionId="ab284761-547d-4d6f-b488-404fb3c80bb2" testId="f3d7c932-1d57-0456-9b1f-91ef40dcb529" testName="Math_Log10" computerName="MIKE-NOTEBOOK2" duration="00:00:00" startTime="0001-01-01T08:00:00.0000000+08:00" endTime="0001-01-01T08:00:00.0000000+08:00" testType="13cdc9d9-ddb5-4fa4-a97d-d965ccfc6d4b" outcome="NotExecuted" testListId="8c84fa94-04c1-424b-9868-57a2d4851a1d">
    </UnitTestResult>
    <UnitTestResult executionId="9a53f1fe-da08-4738-93ad-887e9de9ac67" testId="411933f8-e21a-f6a6-3187-433a22c64daa" testName="Math_Max" computerName="MIKE-NOTEBOOK2" duration="00:00:00" startTime="0001-01-01T08:00:00.0000000+08:00" endTime="0001-01-01T08:00:00.0000000+08:00" testType="13cdc9d9-ddb5-4fa4-a97d-d965ccfc6d4b" outcome="NotExecuted" testListId="8c84fa94-04c1-424b-9868-57a2d4851a1d">
    </UnitTestResult>
    <UnitTestResult executionId="d5ded765-504b-4f29-9ace-301421a027c3" testId="ce349fcb-31b3-5449-9f35-335ea773f45c" testName="Math_Min" computerName="MIKE-NOTEBOOK2" duration="00:00:00" startTime="0001-01-01T08:00:00.0000000+08:00" endTime="0001-01-01T08:00:00.0000000+08:00" testType="13cdc9d9-ddb5-4fa4-a97d-d965ccfc6d4b" outcome="NotExecuted" testListId="8c84fa94-04c1-424b-9868-57a2d4851a1d">
    </UnitTestResult>
    <UnitTestResult executionId="954cd5d3-9190-4394-ae9d-ccf086ee53c7" testId="9365a75f-cec5-7b46-d179-86d61b88c2d8" testName="Math_Pow" computerName="MIKE-NOTEBOOK2" duration="00:00:00" startTime="0001-01-01T08:00:00.0000000+08:00" endTime="0001-01-01T08:00:00.0000000+08:00" testType="13cdc9d9-ddb5-4fa4-a97d-d965ccfc6d4b" outcome="NotExecuted" testListId="8c84fa94-04c1-424b-9868-57a2d4851a1d">
    </UnitTestResult>
    <UnitTestResult executionId="49e14a7d-cc37-4b04-ba50-a00ca155b059" testId="463c579e-415a-30d1-f223-1843467eec0b" testName="Math_Round2" computerName="MIKE-NOTEBOOK2" duration="00:00:00" startTime="0001-01-01T08:00:00.0000000+08:00" endTime="0001-01-01T08:00:00.0000000+08:00" testType="13cdc9d9-ddb5-4fa4-a97d-d965ccfc6d4b" outcome="NotExecuted" testListId="8c84fa94-04c1-424b-9868-57a2d4851a1d">
    </UnitTestResult>
    <UnitTestResult executionId="9a258738-1108-4823-8386-afbc83c028b1" testId="9da1c841-e8c1-0787-3792-675f0678e52b" testName="Math_Sign" computerName="MIKE-NOTEBOOK2" duration="00:00:00" startTime="0001-01-01T08:00:00.0000000+08:00" endTime="0001-01-01T08:00:00.0000000+08:00" testType="13cdc9d9-ddb5-4fa4-a97d-d965ccfc6d4b" outcome="NotExecuted" testListId="8c84fa94-04c1-424b-9868-57a2d4851a1d">
    </UnitTestResult>
    <UnitTestResult executionId="faded9ee-5dd8-45e9-85b3-cf3e160b81ad" testId="ee9c65f3-a8b8-3403-71a4-fb314c33e5c2" testName="Math_Sin" computerName="MIKE-NOTEBOOK2" duration="00:00:00" startTime="0001-01-01T08:00:00.0000000+08:00" endTime="0001-01-01T08:00:00.0000000+08:00" testType="13cdc9d9-ddb5-4fa4-a97d-d965ccfc6d4b" outcome="NotExecuted" testListId="8c84fa94-04c1-424b-9868-57a2d4851a1d">
    </UnitTestResult>
    <UnitTestResult executionId="76056960-e317-4272-a728-40cdb513b748" testId="c92f9b4e-26b0-44c3-2a5c-a6f6f60a82bb" testName="Math_Sinh" computerName="MIKE-NOTEBOOK2" duration="00:00:00" startTime="0001-01-01T08:00:00.0000000+08:00" endTime="0001-01-01T08:00:00.0000000+08:00" testType="13cdc9d9-ddb5-4fa4-a97d-d965ccfc6d4b" outcome="NotExecuted" testListId="8c84fa94-04c1-424b-9868-57a2d4851a1d">
    </UnitTestResult>
    <UnitTestResult executionId="87278399-a840-4da1-8677-a7fcda8b656f" testId="d08417ae-0ebd-a646-3a64-4db0ebbfe854" testName="Math_Sqrt" computerName="MIKE-NOTEBOOK2" duration="00:00:00" startTime="0001-01-01T08:00:00.0000000+08:00" endTime="0001-01-01T08:00:00.0000000+08:00" testType="13cdc9d9-ddb5-4fa4-a97d-d965ccfc6d4b" outcome="NotExecuted" testListId="8c84fa94-04c1-424b-9868-57a2d4851a1d">
    </UnitTestResult>
    <UnitTestResult executionId="5010f2e0-5c74-40d8-a70b-ae57ad838dc7" testId="04ac4efb-8ad7-ce53-7f1c-4a1d3f503b1e" testName="Math_Tan" computerName="MIKE-NOTEBOOK2" duration="00:00:00" startTime="0001-01-01T08:00:00.0000000+08:00" endTime="0001-01-01T08:00:00.0000000+08:00" testType="13cdc9d9-ddb5-4fa4-a97d-d965ccfc6d4b" outcome="NotExecuted" testListId="8c84fa94-04c1-424b-9868-57a2d4851a1d">
    </UnitTestResult>
    <UnitTestResult executionId="8a3d080e-a286-4313-8ba0-fee195d1fefb" testId="d20f04f6-0f3f-3760-2cc8-af0995c1ca93" testName="Math_Tanh" computerName="MIKE-NOTEBOOK2" duration="00:00:00" startTime="0001-01-01T08:00:00.0000000+08:00" endTime="0001-01-01T08:00:00.0000000+08:00" testType="13cdc9d9-ddb5-4fa4-a97d-d965ccfc6d4b" outcome="NotExecuted" testListId="8c84fa94-04c1-424b-9868-57a2d4851a1d">
    </UnitTestResult>
    <UnitTestResult executionId="c36574f5-5e65-41f6-b997-1b2670173e9c" testId="3917ad50-ad33-8610-c884-7fedf329b320" testName="Math_Truncate1" computerName="MIKE-NOTEBOOK2" duration="00:00:00" startTime="0001-01-01T08:00:00.0000000+08:00" endTime="0001-01-01T08:00:00.0000000+08:00" testType="13cdc9d9-ddb5-4fa4-a97d-d965ccfc6d4b" outcome="NotExecuted" testListId="8c84fa94-04c1-424b-9868-57a2d4851a1d">
    </UnitTestResult>
    <UnitTestResult executionId="6f1ab42f-f5f2-41fe-9b8f-6704c6c1fb7e" testId="f70ff5cd-dce5-c370-22c4-8b6f2d9101f6" testName="String_Clone" computerName="MIKE-NOTEBOOK2" duration="00:00:00" startTime="0001-01-01T08:00:00.0000000+08:00" endTime="0001-01-01T08:00:00.0000000+08:00" testType="13cdc9d9-ddb5-4fa4-a97d-d965ccfc6d4b" outcome="NotExecuted" testListId="8c84fa94-04c1-424b-9868-57a2d4851a1d">
    </UnitTestResult>
    <UnitTestResult executionId="ea1ab2b3-7578-43c0-8e2a-e2ca05fc62c4" testId="7eabe99f-4393-b106-69fe-679ea6b287ff" testName="String_CompareTo" computerName="MIKE-NOTEBOOK2" duration="00:00:00" startTime="0001-01-01T08:00:00.0000000+08:00" endTime="0001-01-01T08:00:00.0000000+08:00" testType="13cdc9d9-ddb5-4fa4-a97d-d965ccfc6d4b" outcome="NotExecuted" testListId="8c84fa94-04c1-424b-9868-57a2d4851a1d">
    </UnitTestResult>
    <UnitTestResult executionId="3d014569-407a-47ae-a227-f694f4554885" testId="9f3ea06f-fc63-0be1-af67-2484632d8202" testName="String_Contains" computerName="MIKE-NOTEBOOK2" duration="00:00:00" startTime="0001-01-01T08:00:00.0000000+08:00" endTime="0001-01-01T08:00:00.0000000+08:00" testType="13cdc9d9-ddb5-4fa4-a97d-d965ccfc6d4b" outcome="NotExecuted" testListId="8c84fa94-04c1-424b-9868-57a2d4851a1d">
    </UnitTestResult>
    <UnitTestResult executionId="226e7ba0-30a3-4598-bb99-a8a4439d9385" testId="b390ab09-49e5-1b7a-3e72-963f55224e30" testName="String_EndsWith" computerName="MIKE-NOTEBOOK2" duration="00:00:00" startTime="0001-01-01T08:00:00.0000000+08:00" endTime="0001-01-01T08:00:00.0000000+08:00" testType="13cdc9d9-ddb5-4fa4-a97d-d965ccfc6d4b" outcome="NotExecuted" testListId="8c84fa94-04c1-424b-9868-57a2d4851a1d">
    </UnitTestResult>
    <UnitTestResult executionId="6f867e88-7f84-4dc4-b0fa-b80039cb58c9" testId="17586d07-0eff-af83-a3df-7615078b4e94" testName="String_Equals1" computerName="MIKE-NOTEBOOK2" duration="00:00:00" startTime="0001-01-01T08:00:00.0000000+08:00" endTime="0001-01-01T08:00:00.0000000+08:00" testType="13cdc9d9-ddb5-4fa4-a97d-d965ccfc6d4b" outcome="NotExecuted" testListId="8c84fa94-04c1-424b-9868-57a2d4851a1d">
    </UnitTestResult>
    <UnitTestResult executionId="24c41849-c39d-4052-94c3-87bcf3e80e3c" testId="cc983e57-82dd-bc35-432e-864cf844d750" testName="String_Equals2" computerName="MIKE-NOTEBOOK2" duration="00:00:00" startTime="0001-01-01T08:00:00.0000000+08:00" endTime="0001-01-01T08:00:00.0000000+08:00" testType="13cdc9d9-ddb5-4fa4-a97d-d965ccfc6d4b" outcome="NotExecuted" testListId="8c84fa94-04c1-424b-9868-57a2d4851a1d">
    </UnitTestResult>
    <UnitTestResult executionId="cf5a9728-3653-4d13-8f41-1708a7430080" testId="55fdc55b-e961-a3c7-2b29-708eac49bfab" testName="String_Equals3" computerName="MIKE-NOTEBOOK2" duration="00:00:00" startTime="0001-01-01T08:00:00.0000000+08:00" endTime="0001-01-01T08:00:00.0000000+08:00" testType="13cdc9d9-ddb5-4fa4-a97d-d965ccfc6d4b" outcome="NotExecuted" testListId="8c84fa94-04c1-424b-9868-57a2d4851a1d">
    </UnitTestResult>
    <UnitTestResult executionId="8b8f5530-5853-43fc-ad28-716c5d6ba927" testId="eb7018ae-56eb-1631-884c-caa55ec059f8" testName="String_IndexOf1" computerName="MIKE-NOTEBOOK2" duration="00:00:00" startTime="0001-01-01T08:00:00.0000000+08:00" endTime="0001-01-01T08:00:00.0000000+08:00" testType="13cdc9d9-ddb5-4fa4-a97d-d965ccfc6d4b" outcome="NotExecuted" testListId="8c84fa94-04c1-424b-9868-57a2d4851a1d">
    </UnitTestResult>
    <UnitTestResult executionId="a04e57ad-4510-40e0-887a-96e1bfff5604" testId="4b96e65f-4392-9de0-0a91-63bbe4047cc0" testName="String_IndexOf2" computerName="MIKE-NOTEBOOK2" duration="00:00:00" startTime="0001-01-01T08:00:00.0000000+08:00" endTime="0001-01-01T08:00:00.0000000+08:00" testType="13cdc9d9-ddb5-4fa4-a97d-d965ccfc6d4b" outcome="NotExecuted" testListId="8c84fa94-04c1-424b-9868-57a2d4851a1d">
    </UnitTestResult>
    <UnitTestResult executionId="41ae9327-9135-4f80-aee9-e7fd2c505367" testId="2746ab8d-67f9-cf43-5db4-775a93aebb45" testName="String_IndexOf3" computerName="MIKE-NOTEBOOK2" duration="00:00:00" startTime="0001-01-01T08:00:00.0000000+08:00" endTime="0001-01-01T08:00:00.0000000+08:00" testType="13cdc9d9-ddb5-4fa4-a97d-d965ccfc6d4b" outcome="NotExecuted" testListId="8c84fa94-04c1-424b-9868-57a2d4851a1d">
    </UnitTestResult>
    <UnitTestResult executionId="2076420c-b4c2-4d6d-b029-1a36647fc151" testId="84b530dd-8a53-e8cf-e348-7e5afc4fdc16" testName="String_IndexOf4" computerName="MIKE-NOTEBOOK2" duration="00:00:00" startTime="0001-01-01T08:00:00.0000000+08:00" endTime="0001-01-01T08:00:00.0000000+08:00" testType="13cdc9d9-ddb5-4fa4-a97d-d965ccfc6d4b" outcome="NotExecuted" testListId="8c84fa94-04c1-424b-9868-57a2d4851a1d">
    </UnitTestResult>
    <UnitTestResult executionId="f809a5ce-bd79-4243-be11-2b6c718418c3" testId="4cd61649-367b-63fd-b92e-84d420922724" testName="String_Insert" computerName="MIKE-NOTEBOOK2" duration="00:00:00" startTime="0001-01-01T08:00:00.0000000+08:00" endTime="0001-01-01T08:00:00.0000000+08:00" testType="13cdc9d9-ddb5-4fa4-a97d-d965ccfc6d4b" outcome="NotExecuted" testListId="8c84fa94-04c1-424b-9868-57a2d4851a1d">
    </UnitTestResult>
    <UnitTestResult executionId="d1f6bbcb-b948-4e6a-aab6-dd09dc7aa7a3" testId="abc2af38-6a73-cfea-2dd0-02df11e304a6" testName="String_Length" computerName="MIKE-NOTEBOOK2" duration="00:00:00" startTime="0001-01-01T08:00:00.0000000+08:00" endTime="0001-01-01T08:00:00.0000000+08:00" testType="13cdc9d9-ddb5-4fa4-a97d-d965ccfc6d4b" outcome="NotExecuted" testListId="8c84fa94-04c1-424b-9868-57a2d4851a1d">
    </UnitTestResult>
    <UnitTestResult executionId="a932fc0b-5411-4dfb-a826-3c4c6a6edb01" testId="039b068e-95a1-8c13-a54a-4781d313bcfe" testName="String_Substring1" computerName="MIKE-NOTEBOOK2" duration="00:00:00" startTime="0001-01-01T08:00:00.0000000+08:00" endTime="0001-01-01T08:00:00.0000000+08:00" testType="13cdc9d9-ddb5-4fa4-a97d-d965ccfc6d4b" outcome="NotExecuted" testListId="8c84fa94-04c1-424b-9868-57a2d4851a1d">
    </UnitTestResult>
    <UnitTestResult executionId="7595f692-2d24-49b4-9e57-b22d6119f7b2" testId="714043e9-4df2-1076-81da-20a0d2c271b6" testName="String_Substring2" computerName="MIKE-NOTEBOOK2" duration="00:00:00" startTime="0001-01-01T08:00:00.0000000+08:00" endTime="0001-01-01T08:00:00.0000000+08:00" testType="13cdc9d9-ddb5-4fa4-a97d-d965ccfc6d4b" outcome="NotExecuted" testListId="8c84fa94-04c1-424b-9868-57a2d4851a1d">
    </UnitTestResult>
    <UnitTestResult executionId="86fbdf47-72c0-48c0-a6e2-24a49806dc43" testId="f0e2891f-85d5-78c4-f70b-71a3de54933e" testName="String_ToLower1" computerName="MIKE-NOTEBOOK2" duration="00:00:00" startTime="0001-01-01T08:00:00.0000000+08:00" endTime="0001-01-01T08:00:00.0000000+08:00" testType="13cdc9d9-ddb5-4fa4-a97d-d965ccfc6d4b" outcome="NotExecuted" testListId="8c84fa94-04c1-424b-9868-57a2d4851a1d">
    </UnitTestResult>
    <UnitTestResult executionId="59f7fd0d-ba92-4baa-aa58-f35f5bc1a5ae" testId="b187d300-6913-12cb-5880-16260ed9e745" testName="String_ToLower2" computerName="MIKE-NOTEBOOK2" duration="00:00:00" startTime="0001-01-01T08:00:00.0000000+08:00" endTime="0001-01-01T08:00:00.0000000+08:00" testType="13cdc9d9-ddb5-4fa4-a97d-d965ccfc6d4b" outcome="NotExecuted" testListId="8c84fa94-04c1-424b-9868-57a2d4851a1d">
    </UnitTestResult>
    <UnitTestResult executionId="3fb585c4-a1e3-4f98-99c3-9c9a48a8f6af" testId="9989f3ea-c1e8-2397-d833-e2637778e710" testName="String_ToLowerInvariant" computerName="MIKE-NOTEBOOK2" duration="00:00:00" startTime="0001-01-01T08:00:00.0000000+08:00" endTime="0001-01-01T08:00:00.0000000+08:00" testType="13cdc9d9-ddb5-4fa4-a97d-d965ccfc6d4b" outcome="NotExecuted" testListId="8c84fa94-04c1-424b-9868-57a2d4851a1d">
    </UnitTestResult>
    <UnitTestResult executionId="45e1ab6b-f7e4-4758-83bf-3438aeaf9ee0" testId="95b16ca7-0126-7063-4d09-1de99148a6fd" testName="String_ToUpper1" computerName="MIKE-NOTEBOOK2" duration="00:00:00" startTime="0001-01-01T08:00:00.0000000+08:00" endTime="0001-01-01T08:00:00.0000000+08:00" testType="13cdc9d9-ddb5-4fa4-a97d-d965ccfc6d4b" outcome="NotExecuted" testListId="8c84fa94-04c1-424b-9868-57a2d4851a1d">
    </UnitTestResult>
    <UnitTestResult executionId="625ba59c-d62c-4ab6-8420-34e67d4c3e09" testId="6d1d459a-864f-2c02-db6f-83c585c13afd" testName="String_ToUpper2" computerName="MIKE-NOTEBOOK2" duration="00:00:00" startTime="0001-01-01T08:00:00.0000000+08:00" endTime="0001-01-01T08:00:00.0000000+08:00" testType="13cdc9d9-ddb5-4fa4-a97d-d965ccfc6d4b" outcome="NotExecuted" testListId="8c84fa94-04c1-424b-9868-57a2d4851a1d">
    </UnitTestResult>
    <UnitTestResult executionId="5d1b78e7-0064-448e-b722-8d00f609202f" testId="dd6042fa-433a-993d-df27-ae0e9d89bdd2" testName="String_ToUpperInvariant" computerName="MIKE-NOTEBOOK2" duration="00:00:00" startTime="0001-01-01T08:00:00.0000000+08:00" endTime="0001-01-01T08:00:00.0000000+08:00" testType="13cdc9d9-ddb5-4fa4-a97d-d965ccfc6d4b" outcome="NotExecuted" testListId="8c84fa94-04c1-424b-9868-57a2d4851a1d">
    </UnitTestResult>
    <UnitTestResult executionId="de5bfff3-bc5c-462b-ac6b-9b1e4f3f8c6e" testId="71b835a7-5e40-e92e-9fd9-9a85924c528d" testName="String_Trim1" computerName="MIKE-NOTEBOOK2" duration="00:00:00" startTime="0001-01-01T08:00:00.0000000+08:00" endTime="0001-01-01T08:00:00.0000000+08:00" testType="13cdc9d9-ddb5-4fa4-a97d-d965ccfc6d4b" outcome="NotExecuted" testListId="8c84fa94-04c1-424b-9868-57a2d4851a1d">
    </UnitTestResult>
    <UnitTestResult executionId="5afd5ee4-78af-4639-892a-0bc797344b58" testId="e48ee42b-b01f-378c-e005-5d9f39138106" testName="String_Char" computerName="MIKE-NOTEBOOK2" duration="00:00:00" startTime="0001-01-01T08:00:00.0000000+08:00" endTime="0001-01-01T08:00:00.0000000+08:00" testType="13cdc9d9-ddb5-4fa4-a97d-d965ccfc6d4b" outcome="NotExecuted" testListId="8c84fa94-04c1-424b-9868-57a2d4851a1d">
    </UnitTestResult>
    <UnitTestResult executionId="0206d3b9-7cee-4c5b-b8ce-49e306ec3fda" testId="3225eb22-3ea7-b444-d2d5-d99fd84307b4" testName="DateTime_Add" computerName="MIKE-NOTEBOOK2" duration="00:00:00" startTime="0001-01-01T08:00:00.0000000+08:00" endTime="0001-01-01T08:00:00.0000000+08:00" testType="13cdc9d9-ddb5-4fa4-a97d-d965ccfc6d4b" outcome="NotExecuted" testListId="8c84fa94-04c1-424b-9868-57a2d4851a1d">
    </UnitTestResult>
    <UnitTestResult executionId="dd1fcfe1-aa01-44a7-820d-bbeb06e3d402" testId="f86def9a-69b4-57a9-5c7b-d4eac2da5b0f" testName="DateTime_AddDays" computerName="MIKE-NOTEBOOK2" duration="00:00:00" startTime="0001-01-01T08:00:00.0000000+08:00" endTime="0001-01-01T08:00:00.0000000+08:00" testType="13cdc9d9-ddb5-4fa4-a97d-d965ccfc6d4b" outcome="NotExecuted" testListId="8c84fa94-04c1-424b-9868-57a2d4851a1d">
    </UnitTestResult>
    <UnitTestResult executionId="3f64f0dc-694f-4c6d-993e-e1d4a2d39023" testId="78e5db4b-01ae-df1c-4db5-5941fc5bd203" testName="DateTime_AddHours" computerName="MIKE-NOTEBOOK2" duration="00:00:00" startTime="0001-01-01T08:00:00.0000000+08:00" endTime="0001-01-01T08:00:00.0000000+08:00" testType="13cdc9d9-ddb5-4fa4-a97d-d965ccfc6d4b" outcome="NotExecuted" testListId="8c84fa94-04c1-424b-9868-57a2d4851a1d">
    </UnitTestResult>
    <UnitTestResult executionId="fa677448-3095-4bb9-8678-8e95629391bf" testId="eba7e900-6c16-7d26-5a23-60bb874cffc3" testName="DateTime_AddMinutes" computerName="MIKE-NOTEBOOK2" duration="00:00:00" startTime="0001-01-01T08:00:00.0000000+08:00" endTime="0001-01-01T08:00:00.0000000+08:00" testType="13cdc9d9-ddb5-4fa4-a97d-d965ccfc6d4b" outcome="NotExecuted" testListId="8c84fa94-04c1-424b-9868-57a2d4851a1d">
    </UnitTestResult>
    <UnitTestResult executionId="b090e8c8-b8a7-4234-9b11-5d8e0d10399b" testId="72d0976b-eb88-38fd-ac23-4e99f584a561" testName="DateTime_AddMonths" computerName="MIKE-NOTEBOOK2" duration="00:00:00" startTime="0001-01-01T08:00:00.0000000+08:00" endTime="0001-01-01T08:00:00.0000000+08:00" testType="13cdc9d9-ddb5-4fa4-a97d-d965ccfc6d4b" outcome="NotExecuted" testListId="8c84fa94-04c1-424b-9868-57a2d4851a1d">
    </UnitTestResult>
    <UnitTestResult executionId="60915692-9248-4873-b563-3c7c9ae8b395" testId="29b21731-3261-9944-abbe-fea508ef7b16" testName="DateTime_AddSeconds" computerName="MIKE-NOTEBOOK2" duration="00:00:00" startTime="0001-01-01T08:00:00.0000000+08:00" endTime="0001-01-01T08:00:00.0000000+08:00" testType="13cdc9d9-ddb5-4fa4-a97d-d965ccfc6d4b" outcome="NotExecuted" testListId="8c84fa94-04c1-424b-9868-57a2d4851a1d">
    </UnitTestResult>
    <UnitTestResult executionId="a3c08aa0-4cdf-4436-8786-1f78b170b631" testId="a8844d26-aef6-8aee-4394-b55c14f9c57f" testName="DateTime_AddYears" computerName="MIKE-NOTEBOOK2" duration="00:00:00" startTime="0001-01-01T08:00:00.0000000+08:00" endTime="0001-01-01T08:00:00.0000000+08:00" testType="13cdc9d9-ddb5-4fa4-a97d-d965ccfc6d4b" outcome="NotExecuted" testListId="8c84fa94-04c1-424b-9868-57a2d4851a1d">
    </UnitTestResult>
    <UnitTestResult executionId="96fed6e8-c039-4d6e-8762-27bd7f87678f" testId="8edf5ef3-4820-f40f-08c6-64f9fd1c93a7" testName="DateTime_ToLoaclTime" computerName="MIKE-NOTEBOOK2" duration="00:00:00" startTime="0001-01-01T08:00:00.0000000+08:00" endTime="0001-01-01T08:00:00.0000000+08:00" testType="13cdc9d9-ddb5-4fa4-a97d-d965ccfc6d4b" outcome="NotExecuted" testListId="8c84fa94-04c1-424b-9868-57a2d4851a1d">
    </UnitTestResult>
    <UnitTestResult executionId="df143861-7501-49e7-99a8-823f5b578240" testId="309e3e70-fd14-1831-5c9e-81e64f48585e" testName="DateTime_Subtract" computerName="MIKE-NOTEBOOK2" duration="00:00:00" startTime="0001-01-01T08:00:00.0000000+08:00" endTime="0001-01-01T08:00:00.0000000+08:00" testType="13cdc9d9-ddb5-4fa4-a97d-d965ccfc6d4b" outcome="NotExecuted" testListId="8c84fa94-04c1-424b-9868-57a2d4851a1d">
    </UnitTestResult>
    <UnitTestResult executionId="7f9529e4-157a-4647-9b69-123f314b6757" testId="cdec6049-1afe-624b-e5ba-a3853a109037" testName="DateTime_Hour" computerName="MIKE-NOTEBOOK2" duration="00:00:00" startTime="0001-01-01T08:00:00.0000000+08:00" endTime="0001-01-01T08:00:00.0000000+08:00" testType="13cdc9d9-ddb5-4fa4-a97d-d965ccfc6d4b" outcome="NotExecuted" testListId="8c84fa94-04c1-424b-9868-57a2d4851a1d">
    </UnitTestResult>
    <UnitTestResult executionId="f22d7458-7df4-4eab-a2a8-183ab00b19dc" testId="baac051b-8870-c48b-7c7d-1e661c2c7b2d" testName="DateTime_Minute" computerName="MIKE-NOTEBOOK2" duration="00:00:00" startTime="0001-01-01T08:00:00.0000000+08:00" endTime="0001-01-01T08:00:00.0000000+08:00" testType="13cdc9d9-ddb5-4fa4-a97d-d965ccfc6d4b" outcome="NotExecuted" testListId="8c84fa94-04c1-424b-9868-57a2d4851a1d">
    </UnitTestResult>
    <UnitTestResult executionId="53c0a665-a06e-4e90-b1ee-b761508b5e31" testId="fdb93833-7ae2-4eea-be84-9572433d342e" testName="DateTime_Second" computerName="MIKE-NOTEBOOK2" duration="00:00:00" startTime="0001-01-01T08:00:00.0000000+08:00" endTime="0001-01-01T08:00:00.0000000+08:00" testType="13cdc9d9-ddb5-4fa4-a97d-d965ccfc6d4b" outcome="NotExecuted" testListId="8c84fa94-04c1-424b-9868-57a2d4851a1d">
    </UnitTestResult>
    <UnitTestResult executionId="4ab34b46-db93-43e2-ab72-a1620532805f" testId="cfd37f11-67e6-9fc1-04d1-adfd19f0a0bd" testName="DateTime_DayOfWeek" computerName="MIKE-NOTEBOOK2" duration="00:00:00" startTime="0001-01-01T08:00:00.0000000+08:00" endTime="0001-01-01T08:00:00.0000000+08:00" testType="13cdc9d9-ddb5-4fa4-a97d-d965ccfc6d4b" outcome="NotExecuted" testListId="8c84fa94-04c1-424b-9868-57a2d4851a1d">
    </UnitTestResult>
    <UnitTestResult executionId="c96e981b-17e0-47f0-be57-3c885aa226c7" testId="487a5aa2-1e0c-abfe-e031-f71ec6736a3e" testName="DateTime_DayOfYear" computerName="MIKE-NOTEBOOK2" duration="00:00:00" startTime="0001-01-01T08:00:00.0000000+08:00" endTime="0001-01-01T08:00:00.0000000+08:00" testType="13cdc9d9-ddb5-4fa4-a97d-d965ccfc6d4b" outcome="NotExecuted" testListId="8c84fa94-04c1-424b-9868-57a2d4851a1d">
    </UnitTestResult>
    <UnitTestResult executionId="37a799dc-bef2-472f-b3fd-86b342b5a84d" testId="20edd1b7-65a6-b0f3-9b88-15ebece37885" testName="DateTime_ToString" computerName="MIKE-NOTEBOOK2" duration="00:00:00" startTime="0001-01-01T08:00:00.0000000+08:00" endTime="0001-01-01T08:00:00.0000000+08:00" testType="13cdc9d9-ddb5-4fa4-a97d-d965ccfc6d4b" outcome="NotExecuted" testListId="8c84fa94-04c1-424b-9868-57a2d4851a1d">
    </UnitTestResult>
    <UnitTestResult executionId="9a4a800c-7a05-4e1d-9ab9-b9ea99e376e3" testId="bf9fdce5-e471-8698-fedd-9d042bbf4f2e" testName="Convert_ToBoolean" computerName="MIKE-NOTEBOOK2" duration="00:00:00" startTime="0001-01-01T08:00:00.0000000+08:00" endTime="0001-01-01T08:00:00.0000000+08:00" testType="13cdc9d9-ddb5-4fa4-a97d-d965ccfc6d4b" outcome="NotExecuted" testListId="8c84fa94-04c1-424b-9868-57a2d4851a1d">
    </UnitTestResult>
    <UnitTestResult executionId="5e948cec-b8de-48a7-85e9-acd0d6dd5675" testId="09246220-1349-2ae9-1f64-a3c47475c79b" testName="Convert_ToByte" computerName="MIKE-NOTEBOOK2" duration="00:00:00" startTime="0001-01-01T08:00:00.0000000+08:00" endTime="0001-01-01T08:00:00.0000000+08:00" testType="13cdc9d9-ddb5-4fa4-a97d-d965ccfc6d4b" outcome="NotExecuted" testListId="8c84fa94-04c1-424b-9868-57a2d4851a1d">
    </UnitTestResult>
    <UnitTestResult executionId="ec4d1899-8fba-4fd3-91bd-959308e16e1b" testId="b971c664-3f51-2d1f-7eab-12ffb108ee91" testName="Convert_ToInt32" computerName="MIKE-NOTEBOOK2" duration="00:00:00" startTime="0001-01-01T08:00:00.0000000+08:00" endTime="0001-01-01T08:00:00.0000000+08:00" testType="13cdc9d9-ddb5-4fa4-a97d-d965ccfc6d4b" outcome="NotExecuted" testListId="8c84fa94-04c1-424b-9868-57a2d4851a1d">
    </UnitTestResult>
    <UnitTestResult executionId="8881085b-3424-4fc0-aa13-706bb018c4ec" testId="18113994-f9f5-8f0f-d6ed-ba28027ef22e" testName="Convert_ToInt64" computerName="MIKE-NOTEBOOK2" duration="00:00:00" startTime="0001-01-01T08:00:00.0000000+08:00" endTime="0001-01-01T08:00:00.0000000+08:00" testType="13cdc9d9-ddb5-4fa4-a97d-d965ccfc6d4b" outcome="NotExecuted" testListId="8c84fa94-04c1-424b-9868-57a2d4851a1d">
    </UnitTestResult>
    <UnitTestResult executionId="00c7efed-f154-443a-95da-3da3a9d2f83c" testId="a5b2ac3f-fcb6-a9bb-4c97-e0b1128ae124" testName="Convert_ToSByte" computerName="MIKE-NOTEBOOK2" duration="00:00:00" startTime="0001-01-01T08:00:00.0000000+08:00" endTime="0001-01-01T08:00:00.0000000+08:00" testType="13cdc9d9-ddb5-4fa4-a97d-d965ccfc6d4b" outcome="NotExecuted" testListId="8c84fa94-04c1-424b-9868-57a2d4851a1d">
    </UnitTestResult>
    <UnitTestResult executionId="6d06f6f0-02c5-43e3-8801-7971286768d0" testId="5904d37a-5434-16ef-5912-399c61fec686" testName="Convert_ToSingle" computerName="MIKE-NOTEBOOK2" duration="00:00:00" startTime="0001-01-01T08:00:00.0000000+08:00" endTime="0001-01-01T08:00:00.0000000+08:00" testType="13cdc9d9-ddb5-4fa4-a97d-d965ccfc6d4b" outcome="NotExecuted" testListId="8c84fa94-04c1-424b-9868-57a2d4851a1d">
    </UnitTestResult>
    <UnitTestResult executionId="436d2d89-e1ec-439f-b981-294c94fd6af9" testId="d28bd73a-6d07-53cb-e83f-7ba727a8926a" testName="Convert_ToString" computerName="MIKE-NOTEBOOK2" duration="00:00:00" startTime="0001-01-01T08:00:00.0000000+08:00" endTime="0001-01-01T08:00:00.0000000+08:00" testType="13cdc9d9-ddb5-4fa4-a97d-d965ccfc6d4b" outcome="NotExecuted" testListId="8c84fa94-04c1-424b-9868-57a2d4851a1d">
    </UnitTestResult>
    <UnitTestResult executionId="55f1a22e-c63d-4ba3-ab9c-231f9e07367b" testId="8752bf86-da63-4d32-2e63-82e1371b2f80" testName="Convert_ToDateTime" computerName="MIKE-NOTEBOOK2" duration="00:00:00" startTime="0001-01-01T08:00:00.0000000+08:00" endTime="0001-01-01T08:00:00.0000000+08:00" testType="13cdc9d9-ddb5-4fa4-a97d-d965ccfc6d4b" outcome="NotExecuted" testListId="8c84fa94-04c1-424b-9868-57a2d4851a1d">
    </UnitTestResult>
    <UnitTestResult executionId="65c364a2-afdc-4419-8892-f075d4b0b2e6" testId="ef5f2ea7-8e66-412a-d4f7-45580b68d6ef" testName="SqlMethod_Len" computerName="MIKE-NOTEBOOK2" duration="00:00:00" startTime="0001-01-01T08:00:00.0000000+08:00" endTime="0001-01-01T08:00:00.0000000+08:00" testType="13cdc9d9-ddb5-4fa4-a97d-d965ccfc6d4b" outcome="NotExecuted" testListId="8c84fa94-04c1-424b-9868-57a2d4851a1d">
    </UnitTestResult>
    <UnitTestResult executionId="d3f469d3-ad40-40ab-ab08-df397c9518ed" testId="435b1085-7d50-ada0-42da-c99d862e1255" testName="SqlMethod_Remote" computerName="MIKE-NOTEBOOK2" duration="00:00:00" startTime="0001-01-01T08:00:00.0000000+08:00" endTime="0001-01-01T08:00:00.0000000+08:00" testType="13cdc9d9-ddb5-4fa4-a97d-d965ccfc6d4b" outcome="NotExecuted" testListId="8c84fa94-04c1-424b-9868-57a2d4851a1d">
    </UnitTestResult>
    <UnitTestResult executionId="3722ade1-d25c-4fae-ac7d-9b2129ab86b6" testId="16b62b45-8db0-f2c9-6656-08e027c4e509" testName="CRUD_Update1" computerName="MIKE-NOTEBOOK2" duration="00:00:00" startTime="0001-01-01T08:00:00.0000000+08:00" endTime="0001-01-01T08:00:00.0000000+08:00" testType="13cdc9d9-ddb5-4fa4-a97d-d965ccfc6d4b" outcome="NotExecuted" testListId="8c84fa94-04c1-424b-9868-57a2d4851a1d">
    </UnitTestResult>
    <UnitTestResult executionId="18ad00ce-e095-4593-ad43-593ff70d3fa2" testId="b5fd1fb5-40c2-9a43-7a70-432bce815c88" testName="CRUD_Update2" computerName="MIKE-NOTEBOOK2" duration="00:00:00" startTime="0001-01-01T08:00:00.0000000+08:00" endTime="0001-01-01T08:00:00.0000000+08:00" testType="13cdc9d9-ddb5-4fa4-a97d-d965ccfc6d4b" outcome="NotExecuted" testListId="8c84fa94-04c1-424b-9868-57a2d4851a1d">
    </UnitTestResult>
    <UnitTestResult executionId="dbf7a76a-c628-4af1-8519-edf78cf3a905" testId="972140e1-c513-0d95-cf4f-f53d972ee809" testName="CRUD_Update3" computerName="MIKE-NOTEBOOK2" duration="00:00:00" startTime="0001-01-01T08:00:00.0000000+08:00" endTime="0001-01-01T08:00:00.0000000+08:00" testType="13cdc9d9-ddb5-4fa4-a97d-d965ccfc6d4b" outcome="NotExecuted" testListId="8c84fa94-04c1-424b-9868-57a2d4851a1d">
    </UnitTestResult>
    <UnitTestResult executionId="66de7846-b530-44ce-a036-514ffd57b50c" testId="c097a966-dd55-fe6b-c3e8-c14bc6649d92" testName="CRUD_Update4" computerName="MIKE-NOTEBOOK2" duration="00:00:00" startTime="0001-01-01T08:00:00.0000000+08:00" endTime="0001-01-01T08:00:00.0000000+08:00" testType="13cdc9d9-ddb5-4fa4-a97d-d965ccfc6d4b" outcome="NotExecuted" testListId="8c84fa94-04c1-424b-9868-57a2d4851a1d">
    </UnitTestResult>
    <UnitTestResult executionId="f300c687-da82-478f-be5b-23367979a5ad" testId="96c288db-a2a5-7f24-9f81-f7fd3ca31e14" testName="CRUD_Delete1" computerName="MIKE-NOTEBOOK2" duration="00:00:00" startTime="0001-01-01T08:00:00.0000000+08:00" endTime="0001-01-01T08:00:00.0000000+08:00" testType="13cdc9d9-ddb5-4fa4-a97d-d965ccfc6d4b" outcome="NotExecuted" testListId="8c84fa94-04c1-424b-9868-57a2d4851a1d">
    </UnitTestResult>
    <UnitTestResult executionId="bdc689d6-be0b-40fe-9bef-6fe11dc710d5" testId="0ac7d1e3-0459-8d4d-017e-5dd5aa6fbed7" testName="CRUD_Delete2" computerName="MIKE-NOTEBOOK2" duration="00:00:00" startTime="0001-01-01T08:00:00.0000000+08:00" endTime="0001-01-01T08:00:00.0000000+08:00" testType="13cdc9d9-ddb5-4fa4-a97d-d965ccfc6d4b" outcome="NotExecuted" testListId="8c84fa94-04c1-424b-9868-57a2d4851a1d">
    </UnitTestResult>
    <UnitTestResult executionId="cb232401-2791-4a96-8943-17fcae248253" testId="927d091e-dfd2-04ea-c673-e9446b7cf105" testName="CRUD_Insert1" computerName="MIKE-NOTEBOOK2" duration="00:00:00" startTime="0001-01-01T08:00:00.0000000+08:00" endTime="0001-01-01T08:00:00.0000000+08:00" testType="13cdc9d9-ddb5-4fa4-a97d-d965ccfc6d4b" outcome="NotExecuted" testListId="8c84fa94-04c1-424b-9868-57a2d4851a1d">
    </UnitTestResult>
    <UnitTestResult executionId="d5717518-ec72-4d02-8b3a-62964ed24414" testId="4cd95d73-6f80-d4f9-8fb0-df25bb18e242" testName="CRUD_Insert2" computerName="MIKE-NOTEBOOK2" duration="00:00:00" startTime="0001-01-01T08:00:00.0000000+08:00" endTime="0001-01-01T08:00:00.0000000+08:00" testType="13cdc9d9-ddb5-4fa4-a97d-d965ccfc6d4b" outcome="NotExecuted" testListId="8c84fa94-04c1-424b-9868-57a2d4851a1d">
    </UnitTestResult>
    <UnitTestResult executionId="43c5bb09-c50b-4f4b-8159-64559988ceee" testId="fb320ec8-b214-ab99-f8fc-17b4c4d4930b" testName="String_NullSelect" computerName="MIKE-NOTEBOOK2" duration="00:00:00" startTime="0001-01-01T08:00:00.0000000+08:00" endTime="0001-01-01T08:00:00.0000000+08:00" testType="13cdc9d9-ddb5-4fa4-a97d-d965ccfc6d4b" outcome="NotExecuted" testListId="8c84fa94-04c1-424b-9868-57a2d4851a1d">
    </UnitTestResult>
    <UnitTestResult executionId="c1f8de71-457a-4acd-9758-4d1e91ff4553" testId="4094befc-fadb-a280-9f24-c86d6de77b1e" testName="IfEqualTest" computerName="MIKE-NOTEBOOK2" duration="00:00:00" startTime="0001-01-01T08:00:00.0000000+08:00" endTime="0001-01-01T08:00:00.0000000+08:00" testType="13cdc9d9-ddb5-4fa4-a97d-d965ccfc6d4b" outcome="NotExecuted" testListId="8c84fa94-04c1-424b-9868-57a2d4851a1d">
    </UnitTestResult>
    <UnitTestResult executionId="2c9fe69b-cce9-453d-a0bf-d0381f120289" testId="8f9ba2b5-3937-3a98-4b02-e1884e1ad025" testName="CreateTale" computerName="MIKE-NOTEBOOK2" duration="00:00:00" startTime="0001-01-01T08:00:00.0000000+08:00" endTime="0001-01-01T08:00:00.0000000+08:00" testType="13cdc9d9-ddb5-4fa4-a97d-d965ccfc6d4b" outcome="NotExecuted" testListId="8c84fa94-04c1-424b-9868-57a2d4851a1d">
    </UnitTestResult>
    <UnitTestResult executionId="5b33ffa2-e587-47ea-afe4-6eb1f08e5640" testId="ff1f2d31-f557-57c1-eaa7-3258bc18bae9" testName="DeleteTable" computerName="MIKE-NOTEBOOK2" duration="00:00:00" startTime="0001-01-01T08:00:00.0000000+08:00" endTime="0001-01-01T08:00:00.0000000+08:00" testType="13cdc9d9-ddb5-4fa4-a97d-d965ccfc6d4b" outcome="NotExecuted" testListId="8c84fa94-04c1-424b-9868-57a2d4851a1d">
    </UnitTestResult>
    <UnitTestResult executionId="ddfe516d-bcac-42a2-b677-aa7ee5ad79a4" testId="9840b800-197c-7629-e990-73179e7b3cf3" testName="TableExists" computerName="MIKE-NOTEBOOK2" duration="00:00:00" startTime="0001-01-01T08:00:00.0000000+08:00" endTime="0001-01-01T08:00:00.0000000+08:00" testType="13cdc9d9-ddb5-4fa4-a97d-d965ccfc6d4b" outcome="NotExecuted" testListId="8c84fa94-04c1-424b-9868-57a2d4851a1d">
    </UnitTestResult>
    <UnitTestResult executionId="aee8d272-9c81-416d-be88-a65b2942cea3" testId="6245d68e-51ce-2fa5-a06c-1ea7f1be50c7" testName="LongCount" computerName="MIKE-NOTEBOOK2" duration="00:00:00" startTime="0001-01-01T08:00:00.0000000+08:00" endTime="0001-01-01T08:00:00.0000000+08:00" testType="13cdc9d9-ddb5-4fa4-a97d-d965ccfc6d4b" outcome="NotExecuted" testListId="8c84fa94-04c1-424b-9868-57a2d4851a1d">
    </UnitTestResult>
    <UnitTestResult executionId="15e84bab-5aa2-47e5-b845-56b975f8aed0" testId="dae10dd9-dfe9-3957-9c59-289d17efebfd" testName="Command" computerName="MIKE-NOTEBOOK2" duration="00:00:00" startTime="0001-01-01T08:00:00.0000000+08:00" endTime="0001-01-01T08:00:00.0000000+08:00" testType="13cdc9d9-ddb5-4fa4-a97d-d965ccfc6d4b" outcome="NotExecuted" testListId="8c84fa94-04c1-424b-9868-57a2d4851a1d">
    </UnitTestResult>
    <UnitTestResult executionId="85ef86e4-baab-4ae0-8af0-27dc5a010848" testId="d287ff37-7d1d-d1ab-2cb6-451d8196c338" testName="DataType_Guid" computerName="MIKE-NOTEBOOK2" duration="00:00:00" startTime="0001-01-01T08:00:00.0000000+08:00" endTime="0001-01-01T08:00:00.0000000+08:00" testType="13cdc9d9-ddb5-4fa4-a97d-d965ccfc6d4b" outcome="NotExecuted" testListId="8c84fa94-04c1-424b-9868-57a2d4851a1d">
    </UnitTestResult>
    <UnitTestResult executionId="7774a92e-2971-47c9-9c7c-24e24be2e767" testId="883d6e64-adc9-8cd7-5ba9-74677759215e" testName="DataType_Int64" computerName="MIKE-NOTEBOOK2" duration="00:00:00" startTime="0001-01-01T08:00:00.0000000+08:00" endTime="0001-01-01T08:00:00.0000000+08:00" testType="13cdc9d9-ddb5-4fa4-a97d-d965ccfc6d4b" outcome="NotExecuted" testListId="8c84fa94-04c1-424b-9868-57a2d4851a1d">
    </UnitTestResult>
    <UnitTestResult executionId="6045408b-cdb3-47c1-a43c-5716cadec36c" testId="f09d1cdf-dda5-81b8-3957-915e5d0e5234" testName="DataType_UInt64" computerName="MIKE-NOTEBOOK2" duration="00:00:00" startTime="0001-01-01T08:00:00.0000000+08:00" endTime="0001-01-01T08:00:00.0000000+08:00" testType="13cdc9d9-ddb5-4fa4-a97d-d965ccfc6d4b" outcome="NotExecuted" testListId="8c84fa94-04c1-424b-9868-57a2d4851a1d">
    </UnitTestResult>
    <UnitTestResult executionId="bd5cff0a-d807-485f-a2bb-77d663e18a04" testId="0f71fd40-7fa3-1be6-6943-641cdcf8ae31" testName="DataType_Enum" computerName="MIKE-NOTEBOOK2" duration="00:00:00" startTime="0001-01-01T08:00:00.0000000+08:00" endTime="0001-01-01T08:00:00.0000000+08:00" testType="13cdc9d9-ddb5-4fa4-a97d-d965ccfc6d4b" outcome="NotExecuted" testListId="8c84fa94-04c1-424b-9868-57a2d4851a1d">
    </UnitTestResult>
    <UnitTestResult executionId="a207e7ed-93a5-451e-b436-47de7f426937" testId="3a3e2936-53f5-3efc-8074-f1b3b0fa51f2" testName="DataType_Char" computerName="MIKE-NOTEBOOK2" duration="00:00:00" startTime="0001-01-01T08:00:00.0000000+08:00" endTime="0001-01-01T08:00:00.0000000+08:00" testType="13cdc9d9-ddb5-4fa4-a97d-d965ccfc6d4b" outcome="NotExecuted" testListId="8c84fa94-04c1-424b-9868-57a2d4851a1d">
    </UnitTestResult>
    <UnitTestResult executionId="1d65a15b-7361-4bbf-a161-feffdff9877b" testId="795a608e-514b-6cee-97b8-d7bff11f158b" testName="DataType_XDocument" computerName="MIKE-NOTEBOOK2" duration="00:00:00" startTime="0001-01-01T08:00:00.0000000+08:00" endTime="0001-01-01T08:00:00.0000000+08:00" testType="13cdc9d9-ddb5-4fa4-a97d-d965ccfc6d4b" outcome="NotExecuted" testListId="8c84fa94-04c1-424b-9868-57a2d4851a1d">
    </UnitTestResult>
    <UnitTestResult executionId="519a0a51-50a4-4a02-b8c9-699637e407ca" testId="de5a1b58-1ae1-a412-1021-146f827b8c66" testName="DataType_XElement" computerName="MIKE-NOTEBOOK2" duration="00:00:00" startTime="0001-01-01T08:00:00.0000000+08:00" endTime="0001-01-01T08:00:00.0000000+08:00" testType="13cdc9d9-ddb5-4fa4-a97d-d965ccfc6d4b" outcome="NotExecuted" testListId="8c84fa94-04c1-424b-9868-57a2d4851a1d">
    </UnitTestResult>
    <UnitTestResult executionId="0921d5db-861d-4ad4-a84a-4c1e39c5cd33" testId="ac7b617b-79f5-0810-e4a2-55bcd16f71fe" testName="Where_Simple1" computerName="MIKE-NOTEBOOK2" duration="00:00:00" startTime="0001-01-01T08:00:00.0000000+08:00" endTime="0001-01-01T08:00:00.0000000+08:00" testType="13cdc9d9-ddb5-4fa4-a97d-d965ccfc6d4b" outcome="NotExecuted" testListId="8c84fa94-04c1-424b-9868-57a2d4851a1d">
    </UnitTestResult>
    <UnitTestResult executionId="e5a559bc-37d2-408b-ac0c-334280e06e49" testId="89134715-4a91-b6f8-9b11-dec7ed4c855e" testName="Where_Simple2" computerName="MIKE-NOTEBOOK2" duration="00:00:00" startTime="0001-01-01T08:00:00.0000000+08:00" endTime="0001-01-01T08:00:00.0000000+08:00" testType="13cdc9d9-ddb5-4fa4-a97d-d965ccfc6d4b" outcome="NotExecuted" testListId="8c84fa94-04c1-424b-9868-57a2d4851a1d">
    </UnitTestResult>
    <UnitTestResult executionId="2fa49e05-16d1-41a0-8847-7c65f7aabb7a" testId="26f4232d-f90f-8e56-418c-4fec6fcafc14" testName="Where_Simple3" computerName="MIKE-NOTEBOOK2" duration="00:00:00" startTime="0001-01-01T08:00:00.0000000+08:00" endTime="0001-01-01T08:00:00.0000000+08:00" testType="13cdc9d9-ddb5-4fa4-a97d-d965ccfc6d4b" outcome="NotExecuted" testListId="8c84fa94-04c1-424b-9868-57a2d4851a1d">
    </UnitTestResult>
    <UnitTestResult executionId="c9a85205-db51-4a05-9afb-ee7b7eec6058" testId="8193ddaf-894c-caea-20bd-17169e3475be" testName="Where_Simple4" computerName="MIKE-NOTEBOOK2" duration="00:00:00" startTime="0001-01-01T08:00:00.0000000+08:00" endTime="0001-01-01T08:00:00.0000000+08:00" testType="13cdc9d9-ddb5-4fa4-a97d-d965ccfc6d4b" outcome="NotExecuted" testListId="8c84fa94-04c1-424b-9868-57a2d4851a1d">
    </UnitTestResult>
    <UnitTestResult executionId="d17f6107-693c-4f9a-b645-c546907ae6d5" testId="046a9ca3-9229-db16-4de2-6f0713acd7e0" testName="Where_Drilldown" computerName="MIKE-NOTEBOOK2" duration="00:00:00" startTime="0001-01-01T08:00:00.0000000+08:00" endTime="0001-01-01T08:00:00.0000000+08:00" testType="13cdc9d9-ddb5-4fa4-a97d-d965ccfc6d4b" outcome="NotExecuted" testListId="8c84fa94-04c1-424b-9868-57a2d4851a1d">
    </UnitTestResult>
    <UnitTestResult executionId="39c0e931-75a7-441d-9b3f-f932fe5a090f" testId="fe1e9eea-e1c1-c15e-1814-19041857b1bd" testName="First" computerName="MIKE-NOTEBOOK2" duration="00:00:00" startTime="0001-01-01T08:00:00.0000000+08:00" endTime="0001-01-01T08:00:00.0000000+08:00" testType="13cdc9d9-ddb5-4fa4-a97d-d965ccfc6d4b" outcome="NotExecuted" testListId="8c84fa94-04c1-424b-9868-57a2d4851a1d">
    </UnitTestResult>
    <UnitTestResult executionId="998d0563-864c-4e77-a033-8c34ab5f15fd" testId="251f78ea-3ccc-2564-410a-c5ed14cbe713" testName="FirstOrDefault" computerName="MIKE-NOTEBOOK2" duration="00:00:00" startTime="0001-01-01T08:00:00.0000000+08:00" endTime="0001-01-01T08:00:00.0000000+08:00" testType="13cdc9d9-ddb5-4fa4-a97d-d965ccfc6d4b" outcome="NotExecuted" testListId="8c84fa94-04c1-424b-9868-57a2d4851a1d">
    </UnitTestResult>
    <UnitTestResult executionId="c2a2d7c1-204e-43dd-a69d-9d0a8673ae03" testId="a6d64893-241e-94fc-24b2-7ae0810a1eb9" testName="SingleOrDefault" computerName="MIKE-NOTEBOOK2" duration="00:00:00" startTime="0001-01-01T08:00:00.0000000+08:00" endTime="0001-01-01T08:00:00.0000000+08:00" testType="13cdc9d9-ddb5-4fa4-a97d-d965ccfc6d4b" outcome="NotExecuted" testListId="8c84fa94-04c1-424b-9868-57a2d4851a1d">
    </UnitTestResult>
    <UnitTestResult executionId="c0ceb3b3-4ac0-4364-9b06-dfbd85cc26b5" testId="d975fdc0-5287-e86a-d491-26361434b84f" testName="Single" computerName="MIKE-NOTEBOOK2" duration="00:00:00" startTime="0001-01-01T08:00:00.0000000+08:00" endTime="0001-01-01T08:00:00.0000000+08:00" testType="13cdc9d9-ddb5-4fa4-a97d-d965ccfc6d4b" outcome="NotExecuted" testListId="8c84fa94-04c1-424b-9868-57a2d4851a1d">
    </UnitTestResult>
    <UnitTestResult executionId="1dd349f1-396b-4422-8aa0-1682fb6cfbfa" testId="2386e012-0293-e196-1fd4-2fa692e2e925" testName="Select_Simple" computerName="MIKE-NOTEBOOK2" duration="00:00:00" startTime="0001-01-01T08:00:00.0000000+08:00" endTime="0001-01-01T08:00:00.0000000+08:00" testType="13cdc9d9-ddb5-4fa4-a97d-d965ccfc6d4b" outcome="NotExecuted" testListId="8c84fa94-04c1-424b-9868-57a2d4851a1d">
    </UnitTestResult>
    <UnitTestResult executionId="907d3b88-e250-4e3b-b332-028964a3c9ef" testId="01a168a8-0235-0098-66bf-8b241c545a06" testName="Select_SpecialType" computerName="MIKE-NOTEBOOK2" duration="00:00:00" startTime="0001-01-01T08:00:00.0000000+08:00" endTime="0001-01-01T08:00:00.0000000+08:00" testType="13cdc9d9-ddb5-4fa4-a97d-d965ccfc6d4b" outcome="NotExecuted" testListId="8c84fa94-04c1-424b-9868-57a2d4851a1d">
    </UnitTestResult>
    <UnitTestResult executionId="2379946f-6277-4b0c-8fbf-d5ed29e1e3df" testId="4c04f4ee-98a3-b17a-ee1c-ac6081814d4c" testName="Select_AnonymousType" computerName="MIKE-NOTEBOOK2" duration="00:00:00" startTime="0001-01-01T08:00:00.0000000+08:00" endTime="0001-01-01T08:00:00.0000000+08:00" testType="13cdc9d9-ddb5-4fa4-a97d-d965ccfc6d4b" outcome="NotExecuted" testListId="8c84fa94-04c1-424b-9868-57a2d4851a1d">
    </UnitTestResult>
    <UnitTestResult executionId="bc5ccdc0-970c-4fe3-bc81-b12a91648ca6" testId="24a49931-5da6-6eac-12a8-11d276dfc73d" testName="Select_LocalMethodCall" computerName="MIKE-NOTEBOOK2" duration="00:00:00" startTime="0001-01-01T08:00:00.0000000+08:00" endTime="0001-01-01T08:00:00.0000000+08:00" testType="13cdc9d9-ddb5-4fa4-a97d-d965ccfc6d4b" outcome="NotExecuted" testListId="8c84fa94-04c1-424b-9868-57a2d4851a1d">
    </UnitTestResult>
    <UnitTestResult executionId="7fa94cce-8bdb-40c7-899b-4c86ed26ca13" testId="38bc1379-7b46-55f9-b59c-3cb1cc92f152" testName="SelectMany_MultipleFrom" computerName="MIKE-NOTEBOOK2" duration="00:00:00" startTime="0001-01-01T08:00:00.0000000+08:00" endTime="0001-01-01T08:00:00.0000000+08:00" testType="13cdc9d9-ddb5-4fa4-a97d-d965ccfc6d4b" outcome="NotExecuted" testListId="8c84fa94-04c1-424b-9868-57a2d4851a1d">
    </UnitTestResult>
    <UnitTestResult executionId="21933999-d13c-4f3a-80a5-02cf4f1f9b30" testId="158ee705-fff8-83fd-525b-d3e53004023e" testName="Select_Condition" computerName="MIKE-NOTEBOOK2" duration="00:00:00" startTime="0001-01-01T08:00:00.0000000+08:00" endTime="0001-01-01T08:00:00.0000000+08:00" testType="13cdc9d9-ddb5-4fa4-a97d-d965ccfc6d4b" outcome="NotExecuted" testListId="8c84fa94-04c1-424b-9868-57a2d4851a1d">
    </UnitTestResult>
    <UnitTestResult executionId="4148eb48-b0a3-4fe0-9e5d-8869d22ba85c" testId="174136b0-cfc4-f612-6a89-7c2f8a6ca114" testName="Distinct1" computerName="MIKE-NOTEBOOK2" duration="00:00:00" startTime="0001-01-01T08:00:00.0000000+08:00" endTime="0001-01-01T08:00:00.0000000+08:00" testType="13cdc9d9-ddb5-4fa4-a97d-d965ccfc6d4b" outcome="NotExecuted" testListId="8c84fa94-04c1-424b-9868-57a2d4851a1d">
    </UnitTestResult>
    <UnitTestResult executionId="77854beb-2265-4806-baaa-551238ca17ec" testId="c7f304eb-2cf2-2959-222b-6c0357810971" testName="Distinct2" computerName="MIKE-NOTEBOOK2" duration="00:00:00" startTime="0001-01-01T08:00:00.0000000+08:00" endTime="0001-01-01T08:00:00.0000000+08:00" testType="13cdc9d9-ddb5-4fa4-a97d-d965ccfc6d4b" outcome="NotExecuted" testListId="8c84fa94-04c1-424b-9868-57a2d4851a1d">
    </UnitTestResult>
    <UnitTestResult executionId="5dfc3deb-2b44-40d1-a2da-cd7f6c14a5fc" testId="5b171963-1e30-f6d0-ff35-717586eca923" testName="Union" computerName="MIKE-NOTEBOOK2" duration="00:00:00" startTime="0001-01-01T08:00:00.0000000+08:00" endTime="0001-01-01T08:00:00.0000000+08:00" testType="13cdc9d9-ddb5-4fa4-a97d-d965ccfc6d4b" outcome="NotExecuted" testListId="8c84fa94-04c1-424b-9868-57a2d4851a1d">
    </UnitTestResult>
    <UnitTestResult executionId="ba23cc41-99d5-44df-bc6f-29e548970297" testId="eb655580-76db-838d-8549-7f7add972dba" testName="Intersect" computerName="MIKE-NOTEBOOK2" duration="00:00:00" startTime="0001-01-01T08:00:00.0000000+08:00" endTime="0001-01-01T08:00:00.0000000+08:00" testType="13cdc9d9-ddb5-4fa4-a97d-d965ccfc6d4b" outcome="NotExecuted" testListId="8c84fa94-04c1-424b-9868-57a2d4851a1d">
    </UnitTestResult>
    <UnitTestResult executionId="13c5ed2a-2832-4ee2-b69a-d74dc1a926d1" testId="5152f9a8-4f47-bea3-b002-74bf49c49f82" testName="Except" computerName="MIKE-NOTEBOOK2" duration="00:00:00" startTime="0001-01-01T08:00:00.0000000+08:00" endTime="0001-01-01T08:00:00.0000000+08:00" testType="13cdc9d9-ddb5-4fa4-a97d-d965ccfc6d4b" outcome="NotExecuted" testListId="8c84fa94-04c1-424b-9868-57a2d4851a1d">
    </UnitTestResult>
    <UnitTestResult executionId="88e1a682-3e99-4772-acb3-aae5a5d925e2" testId="8a92a771-fc8e-026d-0250-e4f41f0fb93b" testName="Take_Simple" computerName="MIKE-NOTEBOOK2" duration="00:00:00" startTime="0001-01-01T08:00:00.0000000+08:00" endTime="0001-01-01T08:00:00.0000000+08:00" testType="13cdc9d9-ddb5-4fa4-a97d-d965ccfc6d4b" outcome="NotExecuted" testListId="8c84fa94-04c1-424b-9868-57a2d4851a1d">
    </UnitTestResult>
    <UnitTestResult executionId="a788f798-34cd-4172-815b-c34557b3ef26" testId="b11679cc-5eb8-4bb3-4756-44d6d580c177" testName="Take_Nested" computerName="MIKE-NOTEBOOK2" duration="00:00:00" startTime="0001-01-01T08:00:00.0000000+08:00" endTime="0001-01-01T08:00:00.0000000+08:00" testType="13cdc9d9-ddb5-4fa4-a97d-d965ccfc6d4b" outcome="NotExecuted" testListId="8c84fa94-04c1-424b-9868-57a2d4851a1d">
    </UnitTestResult>
    <UnitTestResult executionId="f9ee2659-471a-4c00-9fee-4511029eab3d" testId="a2b64f17-434e-64e3-27d7-27f88c055180" testName="Skip_Simple" computerName="MIKE-NOTEBOOK2" duration="00:00:00" startTime="0001-01-01T08:00:00.0000000+08:00" endTime="0001-01-01T08:00:00.0000000+08:00" testType="13cdc9d9-ddb5-4fa4-a97d-d965ccfc6d4b" outcome="NotExecuted" testListId="8c84fa94-04c1-424b-9868-57a2d4851a1d">
    </UnitTestResult>
    <UnitTestResult executionId="d5a18356-f394-480d-addd-2fdd22e7cc4f" testId="56005fb3-c7a2-e290-21f6-c3e735972aad" testName="Skip_Nested" computerName="MIKE-NOTEBOOK2" duration="00:00:00" startTime="0001-01-01T08:00:00.0000000+08:00" endTime="0001-01-01T08:00:00.0000000+08:00" testType="13cdc9d9-ddb5-4fa4-a97d-d965ccfc6d4b" outcome="NotExecuted" testListId="8c84fa94-04c1-424b-9868-57a2d4851a1d">
    </UnitTestResult>
    <UnitTestResult executionId="af1fa1c8-3c0f-46df-b096-9781096e3e3b" testId="17acb238-867d-869d-d229-97d3b0c3f1c1" testName="Skip_Take" computerName="MIKE-NOTEBOOK2" duration="00:00:00" startTime="0001-01-01T08:00:00.0000000+08:00" endTime="0001-01-01T08:00:00.0000000+08:00" testType="13cdc9d9-ddb5-4fa4-a97d-d965ccfc6d4b" outcome="NotExecuted" testListId="8c84fa94-04c1-424b-9868-57a2d4851a1d">
    </UnitTestResult>
    <UnitTestResult executionId="e5a8ac5e-baa6-463b-9944-6b8f2784ef18" testId="d1d64089-2cd6-e376-5cdb-251427a11536" testName="Count_Simple" computerName="MIKE-NOTEBOOK2" duration="00:00:00" startTime="0001-01-01T08:00:00.0000000+08:00" endTime="0001-01-01T08:00:00.0000000+08:00" testType="13cdc9d9-ddb5-4fa4-a97d-d965ccfc6d4b" outcome="NotExecuted" testListId="8c84fa94-04c1-424b-9868-57a2d4851a1d">
    </UnitTestResult>
    <UnitTestResult executionId="74df448d-afa5-4873-94a7-50c3eb303dbb" testId="8d3dc501-40ad-d835-9202-1524148b424f" testName="Count_Conditional" computerName="MIKE-NOTEBOOK2" duration="00:00:00" startTime="0001-01-01T08:00:00.0000000+08:00" endTime="0001-01-01T08:00:00.0000000+08:00" testType="13cdc9d9-ddb5-4fa4-a97d-d965ccfc6d4b" outcome="NotExecuted" testListId="8c84fa94-04c1-424b-9868-57a2d4851a1d">
    </UnitTestResult>
    <UnitTestResult executionId="52018ef6-eaeb-4a93-9037-116985353dd5" testId="848e981e-0ffb-33b7-5bbb-a3e5d5f0ecdb" testName="Count_Empty" computerName="MIKE-NOTEBOOK2" duration="00:00:00" startTime="0001-01-01T08:00:00.0000000+08:00" endTime="0001-01-01T08:00:00.0000000+08:00" testType="13cdc9d9-ddb5-4fa4-a97d-d965ccfc6d4b" outcome="NotExecuted" testListId="8c84fa94-04c1-424b-9868-57a2d4851a1d">
    </UnitTestResult>
    <UnitTestResult executionId="7719ed5a-8def-4b5d-bcce-91821e24595b" testId="ee2838e7-3a63-69b5-5af7-e4b47874b431" testName="Count_Nested" computerName="MIKE-NOTEBOOK2" duration="00:00:00" startTime="0001-01-01T08:00:00.0000000+08:00" endTime="0001-01-01T08:00:00.0000000+08:00" testType="13cdc9d9-ddb5-4fa4-a97d-d965ccfc6d4b" outcome="NotExecuted" testListId="8c84fa94-04c1-424b-9868-57a2d4851a1d">
    </UnitTestResult>
    <UnitTestResult executionId="9532879a-5251-477b-a236-758352616522" testId="fcda5820-5bfd-c5ac-9f89-0250ab0e1e7b" testName="Count_Grouped" computerName="MIKE-NOTEBOOK2" duration="00:00:00" startTime="0001-01-01T08:00:00.0000000+08:00" endTime="0001-01-01T08:00:00.0000000+08:00" testType="13cdc9d9-ddb5-4fa4-a97d-d965ccfc6d4b" outcome="NotExecuted" testListId="8c84fa94-04c1-424b-9868-57a2d4851a1d">
    </UnitTestResult>
    <UnitTestResult executionId="b998d3c9-0635-41d0-b93f-547a8eec32c0" testId="ec634e42-fbb1-1656-2146-d3465f2b4fa7" testName="Sum_Simple" computerName="MIKE-NOTEBOOK2" duration="00:00:00" startTime="0001-01-01T08:00:00.0000000+08:00" endTime="0001-01-01T08:00:00.0000000+08:00" testType="13cdc9d9-ddb5-4fa4-a97d-d965ccfc6d4b" outcome="NotExecuted" testListId="8c84fa94-04c1-424b-9868-57a2d4851a1d">
    </UnitTestResult>
    <UnitTestResult executionId="54cce964-eae9-4c8c-b21a-678b7790acac" testId="661c8443-1852-44b7-ba7e-97e8baded4d9" testName="Sum_Empty" computerName="MIKE-NOTEBOOK2" duration="00:00:00" startTime="0001-01-01T08:00:00.0000000+08:00" endTime="0001-01-01T08:00:00.0000000+08:00" testType="13cdc9d9-ddb5-4fa4-a97d-d965ccfc6d4b" outcome="NotExecuted" testListId="8c84fa94-04c1-424b-9868-57a2d4851a1d">
    </UnitTestResult>
    <UnitTestResult executionId="dc6226d6-2878-4c97-8e36-784a0f9710d6" testId="bbd48d85-49da-a742-72e7-5a2e19944d85" testName="Sum_Projection" computerName="MIKE-NOTEBOOK2" duration="00:00:00" startTime="0001-01-01T08:00:00.0000000+08:00" endTime="0001-01-01T08:00:00.0000000+08:00" testType="13cdc9d9-ddb5-4fa4-a97d-d965ccfc6d4b" outcome="NotExecuted" testListId="8c84fa94-04c1-424b-9868-57a2d4851a1d">
    </UnitTestResult>
    <UnitTestResult executionId="d935b3e4-cba7-4b84-aea0-87b1c859e39f" testId="c4d9f6f4-4f05-c099-1c1a-167c32dd61ad" testName="Sum_Grouped" computerName="MIKE-NOTEBOOK2" duration="00:00:00" startTime="0001-01-01T08:00:00.0000000+08:00" endTime="0001-01-01T08:00:00.0000000+08:00" testType="13cdc9d9-ddb5-4fa4-a97d-d965ccfc6d4b" outcome="NotExecuted" testListId="8c84fa94-04c1-424b-9868-57a2d4851a1d">
    </UnitTestResult>
    <UnitTestResult executionId="b0fc0b8a-46c7-4303-b867-8faeb0638414" testId="689fb796-1a27-2f79-58de-3466e6edcdc6" testName="Min_Simple" computerName="MIKE-NOTEBOOK2" duration="00:00:00" startTime="0001-01-01T08:00:00.0000000+08:00" endTime="0001-01-01T08:00:00.0000000+08:00" testType="13cdc9d9-ddb5-4fa4-a97d-d965ccfc6d4b" outcome="NotExecuted" testListId="8c84fa94-04c1-424b-9868-57a2d4851a1d">
    </UnitTestResult>
    <UnitTestResult executionId="a34d3124-149c-40f0-89ef-7452d0be9feb" testId="30ac6411-8565-80d9-12d0-97a71ce9f45c" testName="Min_Projection" computerName="MIKE-NOTEBOOK2" duration="00:00:00" startTime="0001-01-01T08:00:00.0000000+08:00" endTime="0001-01-01T08:00:00.0000000+08:00" testType="13cdc9d9-ddb5-4fa4-a97d-d965ccfc6d4b" outcome="NotExecuted" testListId="8c84fa94-04c1-424b-9868-57a2d4851a1d">
    </UnitTestResult>
    <UnitTestResult executionId="eb932b5a-5f80-4121-a136-9b264a67c8a8" testId="58ecacd1-fb52-a058-9ab9-9f674e37f259" testName="Min_Elements" computerName="MIKE-NOTEBOOK2" duration="00:00:00" startTime="0001-01-01T08:00:00.0000000+08:00" endTime="0001-01-01T08:00:00.0000000+08:00" testType="13cdc9d9-ddb5-4fa4-a97d-d965ccfc6d4b" outcome="NotExecuted" testListId="8c84fa94-04c1-424b-9868-57a2d4851a1d">
    </UnitTestResult>
    <UnitTestResult executionId="226f156b-823c-43e6-be87-4b0ef6130127" testId="fb7f21e0-1d20-5140-5c56-a515ce58000b" testName="Min_Grouped" computerName="MIKE-NOTEBOOK2" duration="00:00:00" startTime="0001-01-01T08:00:00.0000000+08:00" endTime="0001-01-01T08:00:00.0000000+08:00" testType="13cdc9d9-ddb5-4fa4-a97d-d965ccfc6d4b" outcome="NotExecuted" testListId="8c84fa94-04c1-424b-9868-57a2d4851a1d">
    </UnitTestResult>
    <UnitTestResult executionId="b0f0cbbb-fc56-4391-bff0-f1b0595cdc4b" testId="5f1fdffc-0ce2-75d0-83bf-fd4afd7b5a00" testName="Max_Simple" computerName="MIKE-NOTEBOOK2" duration="00:00:00" startTime="0001-01-01T08:00:00.0000000+08:00" endTime="0001-01-01T08:00:00.0000000+08:00" testType="13cdc9d9-ddb5-4fa4-a97d-d965ccfc6d4b" outcome="NotExecuted" testListId="8c84fa94-04c1-424b-9868-57a2d4851a1d">
    </UnitTestResult>
    <UnitTestResult executionId="35fa9c34-e010-466b-a917-0a3fa26ef13f" testId="d460629b-6881-364a-3caf-11b8206a8a7b" testName="Max_Projection" computerName="MIKE-NOTEBOOK2" duration="00:00:00" startTime="0001-01-01T08:00:00.0000000+08:00" endTime="0001-01-01T08:00:00.0000000+08:00" testType="13cdc9d9-ddb5-4fa4-a97d-d965ccfc6d4b" outcome="NotExecuted" testListId="8c84fa94-04c1-424b-9868-57a2d4851a1d">
    </UnitTestResult>
    <UnitTestResult executionId="5205f2ef-c578-4a24-ae37-c00782cf5f75" testId="c233ac05-fe1b-677a-835a-ea930a2beea0" testName="Max_Elements" computerName="MIKE-NOTEBOOK2" duration="00:00:00" startTime="0001-01-01T08:00:00.0000000+08:00" endTime="0001-01-01T08:00:00.0000000+08:00" testType="13cdc9d9-ddb5-4fa4-a97d-d965ccfc6d4b" outcome="NotExecuted" testListId="8c84fa94-04c1-424b-9868-57a2d4851a1d">
    </UnitTestResult>
    <UnitTestResult executionId="254c35d0-c5c6-4e38-b173-45f34cec7450" testId="86c37a30-dcd6-d77b-76fe-1679a149e8fe" testName="Max_Grouped" computerName="MIKE-NOTEBOOK2" duration="00:00:00" startTime="0001-01-01T08:00:00.0000000+08:00" endTime="0001-01-01T08:00:00.0000000+08:00" testType="13cdc9d9-ddb5-4fa4-a97d-d965ccfc6d4b" outcome="NotExecuted" testListId="8c84fa94-04c1-424b-9868-57a2d4851a1d">
    </UnitTestResult>
    <UnitTestResult executionId="92b11ed1-2545-411f-9496-e590a50cb8e8" testId="88d4618c-c448-5471-2ce7-487f03a90ab8" testName="Avg_Simple" computerName="MIKE-NOTEBOOK2" duration="00:00:00" startTime="0001-01-01T08:00:00.0000000+08:00" endTime="0001-01-01T08:00:00.0000000+08:00" testType="13cdc9d9-ddb5-4fa4-a97d-d965ccfc6d4b" outcome="NotExecuted" testListId="8c84fa94-04c1-424b-9868-57a2d4851a1d">
    </UnitTestResult>
    <UnitTestResult executionId="1e85f74b-2420-43e1-9fdf-0b671ed1b402" testId="3f875838-1c04-c06c-20a9-a7f59b398b08" testName="Avg_Projection" computerName="MIKE-NOTEBOOK2" duration="00:00:00" startTime="0001-01-01T08:00:00.0000000+08:00" endTime="0001-01-01T08:00:00.0000000+08:00" testType="13cdc9d9-ddb5-4fa4-a97d-d965ccfc6d4b" outcome="NotExecuted" testListId="8c84fa94-04c1-424b-9868-57a2d4851a1d">
    </UnitTestResult>
    <UnitTestResult executionId="f1dfc15d-b194-47b3-b1ec-e9594fdaf1f0" testId="69283b00-54a5-302f-2c7a-e50248379ec9" testName="Avg_Emelents" computerName="MIKE-NOTEBOOK2" duration="00:00:00" startTime="0001-01-01T08:00:00.0000000+08:00" endTime="0001-01-01T08:00:00.0000000+08:00" testType="13cdc9d9-ddb5-4fa4-a97d-d965ccfc6d4b" outcome="NotExecuted" testListId="8c84fa94-04c1-424b-9868-57a2d4851a1d">
    </UnitTestResult>
    <UnitTestResult executionId="96139085-aa76-4ff9-9ce7-a72bb384d25f" testId="e4849b70-160c-d99f-f417-dd80e7e59704" testName="Avg_Grouped" computerName="MIKE-NOTEBOOK2" duration="00:00:00" startTime="0001-01-01T08:00:00.0000000+08:00" endTime="0001-01-01T08:00:00.0000000+08:00" testType="13cdc9d9-ddb5-4fa4-a97d-d965ccfc6d4b" outcome="NotExecuted" testListId="8c84fa94-04c1-424b-9868-57a2d4851a1d">
    </UnitTestResult>
    <UnitTestResult executionId="02c58858-97b6-4069-886b-c2e466fddf0c" testId="61d5c1b4-fbaa-ae3f-0eb7-3722609f0fa6" testName="Join_OnToMany" computerName="MIKE-NOTEBOOK2" duration="00:00:00" startTime="0001-01-01T08:00:00.0000000+08:00" endTime="0001-01-01T08:00:00.0000000+08:00" testType="13cdc9d9-ddb5-4fa4-a97d-d965ccfc6d4b" outcome="NotExecuted" testListId="8c84fa94-04c1-424b-9868-57a2d4851a1d">
    </UnitTestResult>
    <UnitTestResult executionId="91e0193e-cd5d-4a3d-83a3-653985932ded" testId="aec48c6a-5141-9d60-0964-eb9669abcecd" testName="Join_ManyToMany" computerName="MIKE-NOTEBOOK2" duration="00:00:00" startTime="0001-01-01T08:00:00.0000000+08:00" endTime="0001-01-01T08:00:00.0000000+08:00" testType="13cdc9d9-ddb5-4fa4-a97d-d965ccfc6d4b" outcome="NotExecuted" testListId="8c84fa94-04c1-424b-9868-57a2d4851a1d">
    </UnitTestResult>
    <UnitTestResult executionId="3cef531c-c5bd-483a-9f47-eef5c4f43e7a" testId="6f443726-b119-1b75-c9e6-cf86e5d49bd0" testName="Join_SelfJoin" computerName="MIKE-NOTEBOOK2" duration="00:00:00" startTime="0001-01-01T08:00:00.0000000+08:00" endTime="0001-01-01T08:00:00.0000000+08:00" testType="13cdc9d9-ddb5-4fa4-a97d-d965ccfc6d4b" outcome="NotExecuted" testListId="8c84fa94-04c1-424b-9868-57a2d4851a1d">
    </UnitTestResult>
    <UnitTestResult executionId="965c3733-91bc-4b94-a128-49398c8822f6" testId="65339de6-62d4-350e-9e82-d2f59ebef877" testName="Join_TowWay" computerName="MIKE-NOTEBOOK2" duration="00:00:00" startTime="0001-01-01T08:00:00.0000000+08:00" endTime="0001-01-01T08:00:00.0000000+08:00" testType="13cdc9d9-ddb5-4fa4-a97d-d965ccfc6d4b" outcome="NotExecuted" testListId="8c84fa94-04c1-424b-9868-57a2d4851a1d">
    </UnitTestResult>
    <UnitTestResult executionId="e377cd1a-12ff-4234-ba37-29a606151fe8" testId="d00086c9-9f36-3ea3-b80c-9366b8d54d80" testName="Join_ThreeWay" computerName="MIKE-NOTEBOOK2" duration="00:00:00" startTime="0001-01-01T08:00:00.0000000+08:00" endTime="0001-01-01T08:00:00.0000000+08:00" testType="13cdc9d9-ddb5-4fa4-a97d-d965ccfc6d4b" outcome="NotExecuted" testListId="8c84fa94-04c1-424b-9868-57a2d4851a1d">
    </UnitTestResult>
    <UnitTestResult executionId="c9c916a7-fdf0-4171-82d7-608af6592db1" testId="3c19773f-b893-e151-2329-1119e014ffd0" testName="Join_LeftOuter" computerName="MIKE-NOTEBOOK2" duration="00:00:00" startTime="0001-01-01T08:00:00.0000000+08:00" endTime="0001-01-01T08:00:00.0000000+08:00" testType="13cdc9d9-ddb5-4fa4-a97d-d965ccfc6d4b" outcome="NotExecuted" testListId="8c84fa94-04c1-424b-9868-57a2d4851a1d">
    </UnitTestResult>
    <UnitTestResult executionId="89762197-4185-45ba-99f7-c179790ad469" testId="071c6975-6aa8-5d8f-42ac-11a3f137c66c" testName="Join_LetAssignment" computerName="MIKE-NOTEBOOK2" duration="00:00:00" startTime="0001-01-01T08:00:00.0000000+08:00" endTime="0001-01-01T08:00:00.0000000+08:00" testType="13cdc9d9-ddb5-4fa4-a97d-d965ccfc6d4b" outcome="NotExecuted" testListId="8c84fa94-04c1-424b-9868-57a2d4851a1d">
    </UnitTestResult>
    <UnitTestResult executionId="95b311ea-061d-4b95-bfc1-a4f84c9c73d1" testId="d2d1e56d-5a54-e045-e6b5-7ca7651ec922" testName="Join_CompositeKey" computerName="MIKE-NOTEBOOK2" duration="00:00:00" startTime="0001-01-01T08:00:00.0000000+08:00" endTime="0001-01-01T08:00:00.0000000+08:00" testType="13cdc9d9-ddb5-4fa4-a97d-d965ccfc6d4b" outcome="NotExecuted" testListId="8c84fa94-04c1-424b-9868-57a2d4851a1d">
    </UnitTestResult>
    <UnitTestResult executionId="fcd83847-25ed-4a7c-aaa7-949973815e8e" testId="4a0d4379-d38d-4629-0b27-b6793a9614aa" testName="Join_NullableNonnullableKeyRelationship" computerName="MIKE-NOTEBOOK2" duration="00:00:00" startTime="0001-01-01T08:00:00.0000000+08:00" endTime="0001-01-01T08:00:00.0000000+08:00" testType="13cdc9d9-ddb5-4fa4-a97d-d965ccfc6d4b" outcome="NotExecuted" testListId="8c84fa94-04c1-424b-9868-57a2d4851a1d">
    </UnitTestResult>
    <UnitTestResult executionId="54f1c0a3-e495-478a-a557-31e50f059b77" testId="6103d9bf-1ac6-8f4b-28bd-f24dfd5f580f" testName="Join" computerName="MIKE-NOTEBOOK2" duration="00:00:00" startTime="0001-01-01T08:00:00.0000000+08:00" endTime="0001-01-01T08:00:00.0000000+08:00" testType="13cdc9d9-ddb5-4fa4-a97d-d965ccfc6d4b" outcome="NotExecuted" testListId="8c84fa94-04c1-424b-9868-57a2d4851a1d">
    </UnitTestResult>
    <UnitTestResult executionId="5506792d-f151-4ff7-85e4-513817594147" testId="2b461c40-e8e5-7539-0597-48e85c7c9c75" testName="OrderBy_Simple" computerName="MIKE-NOTEBOOK2" duration="00:00:00" startTime="0001-01-01T08:00:00.0000000+08:00" endTime="0001-01-01T08:00:00.0000000+08:00" testType="13cdc9d9-ddb5-4fa4-a97d-d965ccfc6d4b" outcome="NotExecuted" testListId="8c84fa94-04c1-424b-9868-57a2d4851a1d">
    </UnitTestResult>
    <UnitTestResult executionId="d2795055-c943-46be-99b7-267bab0f2c9a" testId="41ae2cd9-8153-ea46-66bb-c3140b303722" testName="OrderBy_Conditional" computerName="MIKE-NOTEBOOK2" duration="00:00:00" startTime="0001-01-01T08:00:00.0000000+08:00" endTime="0001-01-01T08:00:00.0000000+08:00" testType="13cdc9d9-ddb5-4fa4-a97d-d965ccfc6d4b" outcome="NotExecuted" testListId="8c84fa94-04c1-424b-9868-57a2d4851a1d">
    </UnitTestResult>
    <UnitTestResult executionId="de12ca9f-56ed-491b-93bb-e98636962330" testId="46cf7504-5b24-3bc1-6e15-de188ba7bc20" testName="OrderBy_ThenByDescending" computerName="MIKE-NOTEBOOK2" duration="00:00:00" startTime="0001-01-01T08:00:00.0000000+08:00" endTime="0001-01-01T08:00:00.0000000+08:00" testType="13cdc9d9-ddb5-4fa4-a97d-d965ccfc6d4b" outcome="NotExecuted" testListId="8c84fa94-04c1-424b-9868-57a2d4851a1d">
    </UnitTestResult>
    <UnitTestResult executionId="3366589e-1ddf-4d3a-8da3-e2e685fc3401" testId="9c2b5b94-04a1-8c85-eb8b-9b2ec706bf81" testName="OrderBy_GroupBy" computerName="MIKE-NOTEBOOK2" duration="00:00:00" startTime="0001-01-01T08:00:00.0000000+08:00" endTime="0001-01-01T08:00:00.0000000+08:00" testType="13cdc9d9-ddb5-4fa4-a97d-d965ccfc6d4b" outcome="NotExecuted" testListId="8c84fa94-04c1-424b-9868-57a2d4851a1d">
    </UnitTestResult>
    <UnitTestResult executionId="27a137ec-69a6-49c9-a60b-90075a83aa1f" testId="764c6456-8718-2515-38bc-a8e26129245b" testName="GroupBy_Simple" computerName="MIKE-NOTEBOOK2" duration="00:00:00" startTime="0001-01-01T08:00:00.0000000+08:00" endTime="0001-01-01T08:00:00.0000000+08:00" testType="13cdc9d9-ddb5-4fa4-a97d-d965ccfc6d4b" outcome="NotExecuted" testListId="8c84fa94-04c1-424b-9868-57a2d4851a1d">
    </UnitTestResult>
    <UnitTestResult executionId="271153f3-6d4a-44cb-a7fc-7dd0df5e0f11" testId="19bbb189-58db-234d-9652-8d94e5f5275a" testName="GroupBy_Select" computerName="MIKE-NOTEBOOK2" duration="00:00:00" startTime="0001-01-01T08:00:00.0000000+08:00" endTime="0001-01-01T08:00:00.0000000+08:00" testType="13cdc9d9-ddb5-4fa4-a97d-d965ccfc6d4b" outcome="NotExecuted" testListId="8c84fa94-04c1-424b-9868-57a2d4851a1d">
    </UnitTestResult>
    <UnitTestResult executionId="77effa15-00d0-4954-83f1-67e1f1887780" testId="f5939b4d-6261-273c-fecb-2b30a82259f3" testName="GroupBy_Max" computerName="MIKE-NOTEBOOK2" duration="00:00:00" startTime="0001-01-01T08:00:00.0000000+08:00" endTime="0001-01-01T08:00:00.0000000+08:00" testType="13cdc9d9-ddb5-4fa4-a97d-d965ccfc6d4b" outcome="NotExecuted" testListId="8c84fa94-04c1-424b-9868-57a2d4851a1d">
    </UnitTestResult>
    <UnitTestResult executionId="2d150906-7e3a-43d5-8eb5-a038f91a7cbc" testId="4e42a741-7ccd-2a7a-fddb-e78b1e9d51f7" testName="GroupBy_Min" computerName="MIKE-NOTEBOOK2" duration="00:00:00" startTime="0001-01-01T08:00:00.0000000+08:00" endTime="0001-01-01T08:00:00.0000000+08:00" testType="13cdc9d9-ddb5-4fa4-a97d-d965ccfc6d4b" outcome="NotExecuted" testListId="8c84fa94-04c1-424b-9868-57a2d4851a1d">
    </UnitTestResult>
    <UnitTestResult executionId="91a2be53-133a-4d58-84f0-f8483c136b34" testId="7539edd5-274d-0171-7b8c-36985bfc5150" testName="GroupBy_Avg" computerName="MIKE-NOTEBOOK2" duration="00:00:00" startTime="0001-01-01T08:00:00.0000000+08:00" endTime="0001-01-01T08:00:00.0000000+08:00" testType="13cdc9d9-ddb5-4fa4-a97d-d965ccfc6d4b" outcome="NotExecuted" testListId="8c84fa94-04c1-424b-9868-57a2d4851a1d">
    </UnitTestResult>
    <UnitTestResult executionId="46c7e23f-867e-46ef-8618-4774a68477de" testId="047bb00e-bdda-72c9-5fbf-783b34131f20" testName="GroupBy_Sum" computerName="MIKE-NOTEBOOK2" duration="00:00:00" startTime="0001-01-01T08:00:00.0000000+08:00" endTime="0001-01-01T08:00:00.0000000+08:00" testType="13cdc9d9-ddb5-4fa4-a97d-d965ccfc6d4b" outcome="NotExecuted" testListId="8c84fa94-04c1-424b-9868-57a2d4851a1d">
    </UnitTestResult>
    <UnitTestResult executionId="3d3c6008-66bd-41c5-9ff7-84fc6c3b6862" testId="e79d074f-7beb-3221-780d-1d000b684cef" testName="GroupByCount" computerName="MIKE-NOTEBOOK2" duration="00:00:00" startTime="0001-01-01T08:00:00.0000000+08:00" endTime="0001-01-01T08:00:00.0000000+08:00" testType="13cdc9d9-ddb5-4fa4-a97d-d965ccfc6d4b" outcome="NotExecuted" testListId="8c84fa94-04c1-424b-9868-57a2d4851a1d">
    </UnitTestResult>
    <UnitTestResult executionId="b4763e51-04a3-4450-8e42-b3c64cf3a51f" testId="e61c51c7-60bd-3072-2014-01ac1610eed6" testName="GroupBy_ConditionalCount" computerName="MIKE-NOTEBOOK2" duration="00:00:00" startTime="0001-01-01T08:00:00.0000000+08:00" endTime="0001-01-01T08:00:00.0000000+08:00" testType="13cdc9d9-ddb5-4fa4-a97d-d965ccfc6d4b" outcome="NotExecuted" testListId="8c84fa94-04c1-424b-9868-57a2d4851a1d">
    </UnitTestResult>
    <UnitTestResult executionId="88c26513-2d70-4c0a-9001-010811298555" testId="ff9721c3-5c49-ecba-b049-cd17ecc4cc61" testName="GroupBy_Where" computerName="MIKE-NOTEBOOK2" duration="00:00:00" startTime="0001-01-01T08:00:00.0000000+08:00" endTime="0001-01-01T08:00:00.0000000+08:00" testType="13cdc9d9-ddb5-4fa4-a97d-d965ccfc6d4b" outcome="NotExecuted" testListId="8c84fa94-04c1-424b-9868-57a2d4851a1d">
    </UnitTestResult>
    <UnitTestResult executionId="d6516096-1212-4467-8221-7db46189f0ac" testId="586d99ee-cb22-baae-03d3-44e679ea66a3" testName="GroupBy_MultipleColumns" computerName="MIKE-NOTEBOOK2" duration="00:00:00" startTime="0001-01-01T08:00:00.0000000+08:00" endTime="0001-01-01T08:00:00.0000000+08:00" testType="13cdc9d9-ddb5-4fa4-a97d-d965ccfc6d4b" outcome="NotExecuted" testListId="8c84fa94-04c1-424b-9868-57a2d4851a1d">
    </UnitTestResult>
    <UnitTestResult executionId="8cbe53b0-8ce0-46bd-b7b6-1a54160984df" testId="e7940ef8-1ca1-a7f5-f4af-9bf6718f6860" testName="GroupBy_Expression" computerName="MIKE-NOTEBOOK2" duration="00:00:00" startTime="0001-01-01T08:00:00.0000000+08:00" endTime="0001-01-01T08:00:00.0000000+08:00" testType="13cdc9d9-ddb5-4fa4-a97d-d965ccfc6d4b" outcome="NotExecuted" testListId="8c84fa94-04c1-424b-9868-57a2d4851a1d">
    </UnitTestResult>
    <UnitTestResult executionId="1a286459-2686-476d-80ef-622a95d4e413" testId="b79e19b8-4462-447a-22c9-9ca4c1f7c4e0" testName="GroupBy_Nested" computerName="MIKE-NOTEBOOK2" duration="00:00:00" startTime="0001-01-01T08:00:00.0000000+08:00" endTime="0001-01-01T08:00:00.0000000+08:00" testType="13cdc9d9-ddb5-4fa4-a97d-d965ccfc6d4b" outcome="NotExecuted" testListId="8c84fa94-04c1-424b-9868-57a2d4851a1d">
    </UnitTestResult>
    <UnitTestResult executionId="bbde8484-601e-46b6-a703-ba97d1ee8b60" testId="dcfa1fd2-5345-beb1-c4dc-89d87cd5ba05" testName="GroupBy_Year" computerName="MIKE-NOTEBOOK2" duration="00:00:00" startTime="0001-01-01T08:00:00.0000000+08:00" endTime="0001-01-01T08:00:00.0000000+08:00" testType="13cdc9d9-ddb5-4fa4-a97d-d965ccfc6d4b" outcome="NotExecuted" testListId="8c84fa94-04c1-424b-9868-57a2d4851a1d">
    </UnitTestResult>
    <UnitTestResult executionId="5f8469a1-c778-4a27-987a-412e2ca72a12" testId="36cbcfd4-d8d6-1058-f839-873976a69952" testName="GroupBy_Month" computerName="MIKE-NOTEBOOK2" duration="00:00:00" startTime="0001-01-01T08:00:00.0000000+08:00" endTime="0001-01-01T08:00:00.0000000+08:00" testType="13cdc9d9-ddb5-4fa4-a97d-d965ccfc6d4b" outcome="NotExecuted" testListId="8c84fa94-04c1-424b-9868-57a2d4851a1d">
    </UnitTestResult>
    <UnitTestResult executionId="badc9ba1-99a8-44cd-84a0-b5b8fbab3d89" testId="f0a18efc-ee78-95aa-2bed-69c256e049e9" testName="GroupBy_Day" computerName="MIKE-NOTEBOOK2" duration="00:00:00" startTime="0001-01-01T08:00:00.0000000+08:00" endTime="0001-01-01T08:00:00.0000000+08:00" testType="13cdc9d9-ddb5-4fa4-a97d-d965ccfc6d4b" outcome="NotExecuted" testListId="8c84fa94-04c1-424b-9868-57a2d4851a1d">
    </UnitTestResult>
    <UnitTestResult executionId="950c86cc-1ec7-4b89-9f91-a64349561e62" testId="04df96b0-632b-951e-801d-a6433d25dcb8" testName="GroupBy_Date" computerName="MIKE-NOTEBOOK2" duration="00:00:00" startTime="0001-01-01T08:00:00.0000000+08:00" endTime="0001-01-01T08:00:00.0000000+08:00" testType="13cdc9d9-ddb5-4fa4-a97d-d965ccfc6d4b" outcome="NotExecuted" testListId="8c84fa94-04c1-424b-9868-57a2d4851a1d">
    </UnitTestResult>
    <UnitTestResult executionId="f6c8e1c3-a16f-4538-a485-115bc2fa4f3d" testId="88cfb7e4-55f0-4b51-f64c-f87caeab9fce" testName="Any_Simple" computerName="MIKE-NOTEBOOK2" duration="00:00:00" startTime="0001-01-01T08:00:00.0000000+08:00" endTime="0001-01-01T08:00:00.0000000+08:00" testType="13cdc9d9-ddb5-4fa4-a97d-d965ccfc6d4b" outcome="NotExecuted" testListId="8c84fa94-04c1-424b-9868-57a2d4851a1d">
    </UnitTestResult>
    <UnitTestResult executionId="60d11050-6365-4cc3-8456-2259168057e0" testId="64fc86cc-6048-24c5-e012-ec5ff687bb1b" testName="Any_Condition" computerName="MIKE-NOTEBOOK2" duration="00:00:00" startTime="0001-01-01T08:00:00.0000000+08:00" endTime="0001-01-01T08:00:00.0000000+08:00" testType="13cdc9d9-ddb5-4fa4-a97d-d965ccfc6d4b" outcome="NotExecuted" testListId="8c84fa94-04c1-424b-9868-57a2d4851a1d">
    </UnitTestResult>
    <UnitTestResult executionId="4623a5bd-aafd-4a56-a4f9-1dd34cdff3f3" testId="a35ea7c9-de73-56b5-85fd-47cbf3b6e72b" testName="Any_Grouped" computerName="MIKE-NOTEBOOK2" duration="00:00:00" startTime="0001-01-01T08:00:00.0000000+08:00" endTime="0001-01-01T08:00:00.0000000+08:00" testType="13cdc9d9-ddb5-4fa4-a97d-d965ccfc6d4b" outcome="NotExecuted" testListId="8c84fa94-04c1-424b-9868-57a2d4851a1d">
    </UnitTestResult>
    <UnitTestResult executionId="a71b8964-e3cc-4655-b670-de472296aa12" testId="f6d5eb2d-4253-d24c-eb6e-68dd5554f1d4" testName="All_Simple" computerName="MIKE-NOTEBOOK2" duration="00:00:00" startTime="0001-01-01T08:00:00.0000000+08:00" endTime="0001-01-01T08:00:00.0000000+08:00" testType="13cdc9d9-ddb5-4fa4-a97d-d965ccfc6d4b" outcome="NotExecuted" testListId="8c84fa94-04c1-424b-9868-57a2d4851a1d">
    </UnitTestResult>
    <UnitTestResult executionId="96472237-ebf0-4d75-8697-4ae336dbf181" testId="a19c6b35-d932-35ae-6d17-67bc2160a706" testName="All_Grouped" computerName="MIKE-NOTEBOOK2" duration="00:00:00" startTime="0001-01-01T08:00:00.0000000+08:00" endTime="0001-01-01T08:00:00.0000000+08:00" testType="13cdc9d9-ddb5-4fa4-a97d-d965ccfc6d4b" outcome="NotExecuted" testListId="8c84fa94-04c1-424b-9868-57a2d4851a1d">
    </UnitTestResult>
    <UnitTestResult executionId="7026fdd9-c9cf-4dc4-b028-6de4127f252f" testId="9493ee4c-525d-69f4-6f94-60c5f491989e" testName="Contains" computerName="MIKE-NOTEBOOK2" duration="00:00:00" startTime="0001-01-01T08:00:00.0000000+08:00" endTime="0001-01-01T08:00:00.0000000+08:00" testType="13cdc9d9-ddb5-4fa4-a97d-d965ccfc6d4b" outcome="NotExecuted" testListId="8c84fa94-04c1-424b-9868-57a2d4851a1d">
    </UnitTestResult>
    <UnitTestResult executionId="3f2405b5-7db2-4108-bae2-0a96d9ff957b" testId="d5b1ef16-0759-93c9-f6a5-9d0d0f8d7ff1" testName="Like" computerName="MIKE-NOTEBOOK2" duration="00:00:00" startTime="0001-01-01T08:00:00.0000000+08:00" endTime="0001-01-01T08:00:00.0000000+08:00" testType="13cdc9d9-ddb5-4fa4-a97d-d965ccfc6d4b" outcome="NotExecuted" testListId="8c84fa94-04c1-424b-9868-57a2d4851a1d">
    </UnitTestResult>
    <UnitTestResult executionId="f5cfa07f-2677-47fa-83d1-704dbdea860b" testId="456f0a81-8c78-9d29-b6a3-d6bb208042c6" testName="TestNull" computerName="MIKE-NOTEBOOK2" duration="00:00:00" startTime="0001-01-01T08:00:00.0000000+08:00" endTime="0001-01-01T08:00:00.0000000+08:00" testType="13cdc9d9-ddb5-4fa4-a97d-d965ccfc6d4b" outcome="NotExecuted" testListId="8c84fa94-04c1-424b-9868-57a2d4851a1d">
    </UnitTestResult>
    <UnitTestResult executionId="3dab27fc-a3c5-4f31-b252-290a5bc74239" testId="e140e525-5969-54bd-7270-f9024a25a678" testName="CollectionConvert" computerName="MIKE-NOTEBOOK2" duration="00:00:00" startTime="0001-01-01T08:00:00.0000000+08:00" endTime="0001-01-01T08:00:00.0000000+08:00" testType="13cdc9d9-ddb5-4fa4-a97d-d965ccfc6d4b" outcome="NotExecuted" testListId="8c84fa94-04c1-424b-9868-57a2d4851a1d">
    </UnitTestResult>
    <UnitTestResult executionId="05921e61-bae1-49ea-b26a-06ce4c7b07ad" testId="5f61b7a3-9121-9b4d-cb94-c95abca7a4e6" testName="Concat" computerName="MIKE-NOTEBOOK2" duration="00:00:00" startTime="0001-01-01T08:00:00.0000000+08:00" endTime="0001-01-01T08:00:00.0000000+08:00" testType="13cdc9d9-ddb5-4fa4-a97d-d965ccfc6d4b" outcome="NotExecuted" testListId="8c84fa94-04c1-424b-9868-57a2d4851a1d">
    </UnitTestResult>
    <UnitTestResult executionId="68babc5f-7bb5-4bd8-bccd-f9c3916a05da" testId="d800e146-315e-d6f5-e20d-adcf9fecde4e" testName="StringConcat" computerName="MIKE-NOTEBOOK2" duration="00:00:00" startTime="0001-01-01T08:00:00.0000000+08:00" endTime="0001-01-01T08:00:00.0000000+08:00" testType="13cdc9d9-ddb5-4fa4-a97d-d965ccfc6d4b" outcome="NotExecuted" testListId="8c84fa94-04c1-424b-9868-57a2d4851a1d">
    </UnitTestResult>
    <UnitTestResult executionId="86cf530e-ec51-424f-ac1a-128eb759bcae" testId="ce31774c-1955-90e4-257a-e9b1f181a7a0" testName="StringLength" computerName="MIKE-NOTEBOOK2" duration="00:00:00" startTime="0001-01-01T08:00:00.0000000+08:00" endTime="0001-01-01T08:00:00.0000000+08:00" testType="13cdc9d9-ddb5-4fa4-a97d-d965ccfc6d4b" outcome="NotExecuted" testListId="8c84fa94-04c1-424b-9868-57a2d4851a1d">
    </UnitTestResult>
    <UnitTestResult executionId="46d39376-1b8d-4a9a-aa73-0918059282b9" testId="b4e54cba-6bb0-c706-044a-25f54c03a5e3" testName="StringContain" computerName="MIKE-NOTEBOOK2" duration="00:00:00" startTime="0001-01-01T08:00:00.0000000+08:00" endTime="0001-01-01T08:00:00.0000000+08:00" testType="13cdc9d9-ddb5-4fa4-a97d-d965ccfc6d4b" outcome="NotExecuted" testListId="8c84fa94-04c1-424b-9868-57a2d4851a1d">
    </UnitTestResult>
    <UnitTestResult executionId="480915ca-800e-436e-96ce-88006574fc84" testId="72b721ee-f466-9419-edab-5f57c467c660" testName="StringIndexOf" computerName="MIKE-NOTEBOOK2" duration="00:00:00" startTime="0001-01-01T08:00:00.0000000+08:00" endTime="0001-01-01T08:00:00.0000000+08:00" testType="13cdc9d9-ddb5-4fa4-a97d-d965ccfc6d4b" outcome="NotExecuted" testListId="8c84fa94-04c1-424b-9868-57a2d4851a1d">
    </UnitTestResult>
    <UnitTestResult executionId="ac09d272-390d-42ce-8b1e-58a984e13246" testId="9cd3af95-f64a-4414-0dbd-36aad43bcf9d" testName="StringStartsWith" computerName="MIKE-NOTEBOOK2" duration="00:00:00" startTime="0001-01-01T08:00:00.0000000+08:00" endTime="0001-01-01T08:00:00.0000000+08:00" testType="13cdc9d9-ddb5-4fa4-a97d-d965ccfc6d4b" outcome="NotExecuted" testListId="8c84fa94-04c1-424b-9868-57a2d4851a1d">
    </UnitTestResult>
    <UnitTestResult executionId="7bb3724b-9af1-43bc-ac3f-99ffa4a2c1b3" testId="f853e9fb-2837-bb49-e242-da0a5c4cf8f2" testName="StringEndsWith" computerName="MIKE-NOTEBOOK2" duration="00:00:00" startTime="0001-01-01T08:00:00.0000000+08:00" endTime="0001-01-01T08:00:00.0000000+08:00" testType="13cdc9d9-ddb5-4fa4-a97d-d965ccfc6d4b" outcome="NotExecuted" testListId="8c84fa94-04c1-424b-9868-57a2d4851a1d">
    </UnitTestResult>
    <UnitTestResult executionId="839f41ed-5ecd-4e34-80ca-82b9ddc5ad05" testId="97c17799-d9c4-f957-0ce0-8f0029372c2e" testName="StringSubstring" computerName="MIKE-NOTEBOOK2" duration="00:00:00" startTime="0001-01-01T08:00:00.0000000+08:00" endTime="0001-01-01T08:00:00.0000000+08:00" testType="13cdc9d9-ddb5-4fa4-a97d-d965ccfc6d4b" outcome="NotExecuted" testListId="8c84fa94-04c1-424b-9868-57a2d4851a1d">
    </UnitTestResult>
    <UnitTestResult executionId="324386af-d6bc-4618-9869-87281a6670d8" testId="ed216442-6bb3-0c6e-7def-4031ad896487" testName="StringToUpper" computerName="MIKE-NOTEBOOK2" duration="00:00:00" startTime="0001-01-01T08:00:00.0000000+08:00" endTime="0001-01-01T08:00:00.0000000+08:00" testType="13cdc9d9-ddb5-4fa4-a97d-d965ccfc6d4b" outcome="NotExecuted" testListId="8c84fa94-04c1-424b-9868-57a2d4851a1d">
    </UnitTestResult>
    <UnitTestResult executionId="46f51303-08a8-4da0-87f6-89be4401da8a" testId="a310d785-a3e2-ec78-0435-320b72afc2d2" testName="StringToLower" computerName="MIKE-NOTEBOOK2" duration="00:00:00" startTime="0001-01-01T08:00:00.0000000+08:00" endTime="0001-01-01T08:00:00.0000000+08:00" testType="13cdc9d9-ddb5-4fa4-a97d-d965ccfc6d4b" outcome="NotExecuted" testListId="8c84fa94-04c1-424b-9868-57a2d4851a1d">
    </UnitTestResult>
    <UnitTestResult executionId="57782057-4044-4730-a478-0055fb88d163" testId="bb05d079-24b3-a4e4-2366-f484aa73a5d0" testName="String_Trim" computerName="MIKE-NOTEBOOK2" duration="00:00:00" startTime="0001-01-01T08:00:00.0000000+08:00" endTime="0001-01-01T08:00:00.0000000+08:00" testType="13cdc9d9-ddb5-4fa4-a97d-d965ccfc6d4b" outcome="NotExecuted" testListId="8c84fa94-04c1-424b-9868-57a2d4851a1d">
    </UnitTestResult>
    <UnitTestResult executionId="c42c07cb-8ef9-4c48-bb63-9360e1da0368" testId="224052a5-94d1-4626-891a-39321cc7795e" testName="String_TrimStart" computerName="MIKE-NOTEBOOK2" duration="00:00:00" startTime="0001-01-01T08:00:00.0000000+08:00" endTime="0001-01-01T08:00:00.0000000+08:00" testType="13cdc9d9-ddb5-4fa4-a97d-d965ccfc6d4b" outcome="NotExecuted" testListId="8c84fa94-04c1-424b-9868-57a2d4851a1d">
    </UnitTestResult>
    <UnitTestResult executionId="e670a6a7-be26-4ab6-988e-9d248e8b69b9" testId="e2c95863-25de-e2b5-df78-2fdf9c7b31f2" testName="String_TrimEnd" computerName="MIKE-NOTEBOOK2" duration="00:00:00" startTime="0001-01-01T08:00:00.0000000+08:00" endTime="0001-01-01T08:00:00.0000000+08:00" testType="13cdc9d9-ddb5-4fa4-a97d-d965ccfc6d4b" outcome="NotExecuted" testListId="8c84fa94-04c1-424b-9868-57a2d4851a1d">
    </UnitTestResult>
    <UnitTestResult executionId="cabf3938-c09b-4b28-9b52-ee99254f539d" testId="0908844f-0c14-9929-ce12-107774c707d6" testName="StringInsert" computerName="MIKE-NOTEBOOK2" duration="00:00:00" startTime="0001-01-01T08:00:00.0000000+08:00" endTime="0001-01-01T08:00:00.0000000+08:00" testType="13cdc9d9-ddb5-4fa4-a97d-d965ccfc6d4b" outcome="NotExecuted" testListId="8c84fa94-04c1-424b-9868-57a2d4851a1d">
    </UnitTestResult>
    <UnitTestResult executionId="6ed116f7-3c47-48bc-bcd4-79bef3a1a67f" testId="688f93b9-2444-73d8-5087-5274640444b9" testName="StringRemove" computerName="MIKE-NOTEBOOK2" duration="00:00:00" startTime="0001-01-01T08:00:00.0000000+08:00" endTime="0001-01-01T08:00:00.0000000+08:00" testType="13cdc9d9-ddb5-4fa4-a97d-d965ccfc6d4b" outcome="NotExecuted" testListId="8c84fa94-04c1-424b-9868-57a2d4851a1d">
    </UnitTestResult>
    <UnitTestResult executionId="b83c97b8-9032-4d28-9e62-74d97f5a2c9a" testId="27301cb1-6d1e-8db2-aa1b-afe51d5ffe45" testName="StringRelace" computerName="MIKE-NOTEBOOK2" duration="00:00:00" startTime="0001-01-01T08:00:00.0000000+08:00" endTime="0001-01-01T08:00:00.0000000+08:00" testType="13cdc9d9-ddb5-4fa4-a97d-d965ccfc6d4b" outcome="NotExecuted" testListId="8c84fa94-04c1-424b-9868-57a2d4851a1d">
    </UnitTestResult>
    <UnitTestResult executionId="b2491358-ec3b-4158-a681-5dc59c637f72" testId="95bda556-7281-279f-f600-2991fe6a56c5" testName="DateTime_Year" computerName="MIKE-NOTEBOOK2" duration="00:00:00" startTime="0001-01-01T08:00:00.0000000+08:00" endTime="0001-01-01T08:00:00.0000000+08:00" testType="13cdc9d9-ddb5-4fa4-a97d-d965ccfc6d4b" outcome="NotExecuted" testListId="8c84fa94-04c1-424b-9868-57a2d4851a1d">
    </UnitTestResult>
    <UnitTestResult executionId="0850de41-3aab-40ef-ba36-8fea4dad646f" testId="a74060c1-cd11-fe2d-962d-0c1dfc63bc4a" testName="DateTime_Month" computerName="MIKE-NOTEBOOK2" duration="00:00:00" startTime="0001-01-01T08:00:00.0000000+08:00" endTime="0001-01-01T08:00:00.0000000+08:00" testType="13cdc9d9-ddb5-4fa4-a97d-d965ccfc6d4b" outcome="NotExecuted" testListId="8c84fa94-04c1-424b-9868-57a2d4851a1d">
    </UnitTestResult>
    <UnitTestResult executionId="f75d20ac-acab-49a4-a707-6b490c8af0af" testId="fd13e3a0-0925-82c7-b18d-1fd71ca32a34" testName="DateTime_Day" computerName="MIKE-NOTEBOOK2" duration="00:00:00" startTime="0001-01-01T08:00:00.0000000+08:00" endTime="0001-01-01T08:00:00.0000000+08:00" testType="13cdc9d9-ddb5-4fa4-a97d-d965ccfc6d4b" outcome="NotExecuted" testListId="8c84fa94-04c1-424b-9868-57a2d4851a1d">
    </UnitTestResult>
    <UnitTestResult executionId="49f6776f-f7c1-42f1-9f19-b4d687c04db2" testId="5123adc4-aa22-363c-0259-ee35f05859fc" testName="DateTimeGT" computerName="MIKE-NOTEBOOK2" duration="00:00:00" startTime="0001-01-01T08:00:00.0000000+08:00" endTime="0001-01-01T08:00:00.0000000+08:00" testType="13cdc9d9-ddb5-4fa4-a97d-d965ccfc6d4b" outcome="NotExecuted" testListId="8c84fa94-04c1-424b-9868-57a2d4851a1d">
    </UnitTestResult>
    <UnitTestResult executionId="fe0b0bb2-3de4-4ba8-b145-0c9b0574016f" testId="9a454201-21af-6f8f-010c-3887fbae57b3" testName="DateTimeGE" computerName="MIKE-NOTEBOOK2" duration="00:00:00" startTime="0001-01-01T08:00:00.0000000+08:00" endTime="0001-01-01T08:00:00.0000000+08:00" testType="13cdc9d9-ddb5-4fa4-a97d-d965ccfc6d4b" outcome="NotExecuted" testListId="8c84fa94-04c1-424b-9868-57a2d4851a1d">
    </UnitTestResult>
    <UnitTestResult executionId="6538cde2-23b7-4d58-9aeb-25c348e173da" testId="92b0d52f-5f50-12d0-baae-c1b6ff1ae13f" testName="DateTimeLT" computerName="MIKE-NOTEBOOK2" duration="00:00:00" startTime="0001-01-01T08:00:00.0000000+08:00" endTime="0001-01-01T08:00:00.0000000+08:00" testType="13cdc9d9-ddb5-4fa4-a97d-d965ccfc6d4b" outcome="NotExecuted" testListId="8c84fa94-04c1-424b-9868-57a2d4851a1d">
    </UnitTestResult>
    <UnitTestResult executionId="1b557c30-a9e4-4e52-a140-8c7b2f218410" testId="35117c9e-a0cb-6f29-8e9b-ad43e40b5aef" testName="DateTimeLE" computerName="MIKE-NOTEBOOK2" duration="00:00:00" startTime="0001-01-01T08:00:00.0000000+08:00" endTime="0001-01-01T08:00:00.0000000+08:00" testType="13cdc9d9-ddb5-4fa4-a97d-d965ccfc6d4b" outcome="NotExecuted" testListId="8c84fa94-04c1-424b-9868-57a2d4851a1d">
    </UnitTestResult>
    <UnitTestResult executionId="b369f937-f6ef-43b9-8a07-26dcafc300c4" testId="545e9e6b-36a5-7a39-3196-1814e162d5bc" testName="DateTime_Date" computerName="MIKE-NOTEBOOK2" duration="00:00:00" startTime="0001-01-01T08:00:00.0000000+08:00" endTime="0001-01-01T08:00:00.0000000+08:00" testType="13cdc9d9-ddb5-4fa4-a97d-d965ccfc6d4b" outcome="NotExecuted" testListId="8c84fa94-04c1-424b-9868-57a2d4851a1d">
    </UnitTestResult>
    <UnitTestResult executionId="a1ac1aa5-4515-441c-839f-453505da6014" testId="31c64d1c-c68f-6933-80f0-0f45851b646a" testName="DateTime_TimeOfDay" computerName="MIKE-NOTEBOOK2" duration="00:00:00" startTime="0001-01-01T08:00:00.0000000+08:00" endTime="0001-01-01T08:00:00.0000000+08:00" testType="13cdc9d9-ddb5-4fa4-a97d-d965ccfc6d4b" outcome="NotExecuted" testListId="8c84fa94-04c1-424b-9868-57a2d4851a1d">
    </UnitTestResult>
    <UnitTestResult executionId="71ab449c-407c-4c2a-affd-86c9dae39885" testId="4cfe52aa-6f7c-fcc3-01a8-05f4b7b1549b" testName="Insert_Simple" computerName="MIKE-NOTEBOOK2" duration="00:00:00" startTime="0001-01-01T08:00:00.0000000+08:00" endTime="0001-01-01T08:00:00.0000000+08:00" testType="13cdc9d9-ddb5-4fa4-a97d-d965ccfc6d4b" outcome="NotExecuted" testListId="8c84fa94-04c1-424b-9868-57a2d4851a1d">
    </UnitTestResult>
    <UnitTestResult executionId="9bca641a-3eaf-4a61-beab-ca2b3351ebbf" testId="914a03aa-30de-38b7-f67c-afa1e212403f" testName="Insert_OneToMany" computerName="MIKE-NOTEBOOK2" duration="00:00:00" startTime="0001-01-01T08:00:00.0000000+08:00" endTime="0001-01-01T08:00:00.0000000+08:00" testType="13cdc9d9-ddb5-4fa4-a97d-d965ccfc6d4b" outcome="NotExecuted" testListId="8c84fa94-04c1-424b-9868-57a2d4851a1d">
    </UnitTestResult>
    <UnitTestResult executionId="c9983e46-db77-493b-9c43-5ceefa212d18" testId="4def8eea-8489-6d4e-b815-0d5b2d89b77f" testName="Insert_ManyToMany" computerName="MIKE-NOTEBOOK2" duration="00:00:00" startTime="0001-01-01T08:00:00.0000000+08:00" endTime="0001-01-01T08:00:00.0000000+08:00" testType="13cdc9d9-ddb5-4fa4-a97d-d965ccfc6d4b" outcome="NotExecuted" testListId="8c84fa94-04c1-424b-9868-57a2d4851a1d">
    </UnitTestResult>
    <UnitTestResult executionId="cf190d2f-55c8-4fb5-aef8-f556f950f4d8" testId="4f60914e-9ec1-2b25-3e7f-cc8af89f0563" testName="Delete_ManyToMany" computerName="MIKE-NOTEBOOK2" duration="00:00:00" startTime="0001-01-01T08:00:00.0000000+08:00" endTime="0001-01-01T08:00:00.0000000+08:00" testType="13cdc9d9-ddb5-4fa4-a97d-d965ccfc6d4b" outcome="NotExecuted" testListId="8c84fa94-04c1-424b-9868-57a2d4851a1d">
    </UnitTestResult>
    <UnitTestResult executionId="70ecd7b3-5d67-4116-a152-526c7e822daf" testId="326524e6-5ddc-fc22-dcef-1075293b2dcd" testName="Update" computerName="MIKE-NOTEBOOK2" duration="00:00:00" startTime="0001-01-01T08:00:00.0000000+08:00" endTime="0001-01-01T08:00:00.0000000+08:00" testType="13cdc9d9-ddb5-4fa4-a97d-d965ccfc6d4b" outcome="NotExecuted" testListId="8c84fa94-04c1-424b-9868-57a2d4851a1d">
    </UnitTestResult>
    <UnitTestResult executionId="6eefe324-de0a-4910-ac64-8a814b8369e5" testId="352e79c1-3ff4-3f30-ff47-fdc143865ac5" testName="Inherit" computerName="MIKE-NOTEBOOK2" duration="00:00:00" startTime="0001-01-01T08:00:00.0000000+08:00" endTime="0001-01-01T08:00:00.0000000+08:00" testType="13cdc9d9-ddb5-4fa4-a97d-d965ccfc6d4b" outcome="NotExecuted" testListId="8c84fa94-04c1-424b-9868-57a2d4851a1d">
    </UnitTestResult>
    <UnitTestResult executionId="0824b908-070d-41eb-bb58-22ec08f0c528" testId="852639d8-5399-bf57-b94f-0b33bcee7958" testName="Insert_Inherit" computerName="MIKE-NOTEBOOK2" duration="00:00:00" startTime="0001-01-01T08:00:00.0000000+08:00" endTime="0001-01-01T08:00:00.0000000+08:00" testType="13cdc9d9-ddb5-4fa4-a97d-d965ccfc6d4b" outcome="NotExecuted" testListId="8c84fa94-04c1-424b-9868-57a2d4851a1d">
    </UnitTestResult>
    <UnitTestResult executionId="7baead8d-d037-4355-863a-86207efdaf04" testId="010c931d-cbd5-dc38-47e9-57fe40cf5923" testName="DataLoadOptionsTest" computerName="MIKE-NOTEBOOK2" duration="00:00:00" startTime="0001-01-01T08:00:00.0000000+08:00" endTime="0001-01-01T08:00:00.0000000+08:00" testType="13cdc9d9-ddb5-4fa4-a97d-d965ccfc6d4b" outcome="NotExecuted" testListId="8c84fa94-04c1-424b-9868-57a2d4851a1d">
    </UnitTestResult>
    <UnitTestResult executionId="1be8da33-d86a-4976-a020-eac8ad4a9a24" testId="46935ed1-0b8c-a960-aa06-b3da12ddccfd" testName="Null" computerName="MIKE-NOTEBOOK2" duration="00:00:00" startTime="0001-01-01T08:00:00.0000000+08:00" endTime="0001-01-01T08:00:00.0000000+08:00" testType="13cdc9d9-ddb5-4fa4-a97d-d965ccfc6d4b" outcome="NotExecuted" testListId="8c84fa94-04c1-424b-9868-57a2d4851a1d">
    </UnitTestResult>
    <UnitTestResult executionId="dbf1efae-70e1-4668-9476-7b5be87ad61d" testId="ea014ad6-b90a-ce7b-e530-8808b42ff8e8" testName="ResolveAll" computerName="MIKE-NOTEBOOK2" duration="00:00:00" startTime="0001-01-01T08:00:00.0000000+08:00" endTime="0001-01-01T08:00:00.0000000+08:00" testType="13cdc9d9-ddb5-4fa4-a97d-d965ccfc6d4b" outcome="NotExecuted" testListId="8c84fa94-04c1-424b-9868-57a2d4851a1d">
    </UnitTestResult>
    <UnitTestResult executionId="b275537b-2590-42eb-ba4e-49629da6250b" testId="7d39e7a4-3cad-fe84-d727-abcdc8269c58" testName="ComposeKey" computerName="MIKE-NOTEBOOK2" duration="00:00:00" startTime="0001-01-01T08:00:00.0000000+08:00" endTime="0001-01-01T08:00:00.0000000+08:00" testType="13cdc9d9-ddb5-4fa4-a97d-d965ccfc6d4b" outcome="NotExecuted" testListId="8c84fa94-04c1-424b-9868-57a2d4851a1d">
    </UnitTestResult>
    <UnitTestResult executionId="0e9b0018-53c1-4eda-89a5-3490bae054b4" testId="522a0904-65ec-1b56-43c8-9ba17972e3fd" testName="AutoGuid" computerName="MIKE-NOTEBOOK2" duration="00:00:00" startTime="0001-01-01T08:00:00.0000000+08:00" endTime="0001-01-01T08:00:00.0000000+08:00" testType="13cdc9d9-ddb5-4fa4-a97d-d965ccfc6d4b" outcome="NotExecuted" testListId="8c84fa94-04c1-424b-9868-57a2d4851a1d">
    </UnitTestResult>
    <UnitTestResult executionId="fcead177-533b-4595-8465-3390d648aa5d" testId="eb086ec5-4f6e-c289-a1d4-d98d7aa6dbb2" testName="Association" computerName="MIKE-NOTEBOOK2" duration="00:00:00" startTime="0001-01-01T08:00:00.0000000+08:00" endTime="0001-01-01T08:00:00.0000000+08:00" testType="13cdc9d9-ddb5-4fa4-a97d-d965ccfc6d4b" outcome="NotExecuted" testListId="8c84fa94-04c1-424b-9868-57a2d4851a1d">
    </UnitTestResult>
    <UnitTestResult executionId="05be0697-a84a-4d44-b2c1-81799cb1993a" testId="b1432b44-3871-4d51-3540-8d1cb018c6ed" testName="Test1" computerName="MIKE-NOTEBOOK2" duration="00:00:00" startTime="0001-01-01T08:00:00.0000000+08:00" endTime="0001-01-01T08:00:00.0000000+08:00" testType="13cdc9d9-ddb5-4fa4-a97d-d965ccfc6d4b" outcome="NotExecuted" testListId="8c84fa94-04c1-424b-9868-57a2d4851a1d">
    </UnitTestResult>
    <UnitTestResult executionId="a60ee163-9d00-40ab-9d51-17f4e9f1a5b6" testId="401a7d21-ad77-a381-0888-0581090a2176" testName="Test2" computerName="MIKE-NOTEBOOK2" duration="00:00:00" startTime="0001-01-01T08:00:00.0000000+08:00" endTime="0001-01-01T08:00:00.0000000+08:00" testType="13cdc9d9-ddb5-4fa4-a97d-d965ccfc6d4b" outcome="NotExecuted" testListId="8c84fa94-04c1-424b-9868-57a2d4851a1d">
    </UnitTestResult>
    <UnitTestResult executionId="1740429a-ce67-41f7-a375-3b22ff7e1634" testId="410c3c00-7688-cf3b-94b9-8669cc3e10a6" testName="StringConnect" computerName="MIKE-NOTEBOOK2" duration="00:00:00" startTime="0001-01-01T08:00:00.0000000+08:00" endTime="0001-01-01T08:00:00.0000000+08:00" testType="13cdc9d9-ddb5-4fa4-a97d-d965ccfc6d4b" outcome="NotExecuted" testListId="8c84fa94-04c1-424b-9868-57a2d4851a1d">
    </UnitTestResult>
    <UnitTestResult executionId="118f6a27-bc59-4048-9197-959dbe9fb61b" testId="a0f7821c-bb99-f8a7-b33a-04210dd96bc8" testName="Aggregate_Null" computerName="MIKE-NOTEBOOK2" duration="00:00:00" startTime="0001-01-01T08:00:00.0000000+08:00" endTime="0001-01-01T08:00:00.0000000+08:00" testType="13cdc9d9-ddb5-4fa4-a97d-d965ccfc6d4b" outcome="NotExecuted" testListId="8c84fa94-04c1-424b-9868-57a2d4851a1d">
    </UnitTestResult>
    <UnitTestResult executionId="e9d9bf33-d6a1-495c-b305-779c99892faf" testId="fe68e0d3-f639-5ecb-8d46-d474e2419f93" testName="GetDefaultValue" computerName="MIKE-NOTEBOOK2" duration="00:00:00" startTime="0001-01-01T08:00:00.0000000+08:00" endTime="0001-01-01T08:00:00.0000000+08:00" testType="13cdc9d9-ddb5-4fa4-a97d-d965ccfc6d4b" outcome="NotExecuted" testListId="8c84fa94-04c1-424b-9868-57a2d4851a1d">
    </UnitTestResult>
    <UnitTestResult executionId="726066b1-c8cf-4c8a-810e-8319da190768" testId="7e40142b-3790-6d41-a024-42751c953ad9" testName="Math_Abs" computerName="MIKE-NOTEBOOK2" duration="00:00:00" startTime="0001-01-01T08:00:00.0000000+08:00" endTime="0001-01-01T08:00:00.0000000+08:00" testType="13cdc9d9-ddb5-4fa4-a97d-d965ccfc6d4b" outcome="NotExecuted" testListId="8c84fa94-04c1-424b-9868-57a2d4851a1d">
    </UnitTestResult>
    <UnitTestResult executionId="759c4f21-b44e-4ae3-b27d-2065637033dd" testId="599b68c6-d9db-c2c6-35f8-fe837784c2f0" testName="Math_Acos" computerName="MIKE-NOTEBOOK2" duration="00:00:00" startTime="0001-01-01T08:00:00.0000000+08:00" endTime="0001-01-01T08:00:00.0000000+08:00" testType="13cdc9d9-ddb5-4fa4-a97d-d965ccfc6d4b" outcome="NotExecuted" testListId="8c84fa94-04c1-424b-9868-57a2d4851a1d">
    </UnitTestResult>
    <UnitTestResult executionId="e4f31bda-705d-4790-9b91-e6df5fc95e26" testId="a78245d2-a1d0-7786-0716-feb823d30048" testName="Math_Asin" computerName="MIKE-NOTEBOOK2" duration="00:00:00" startTime="0001-01-01T08:00:00.0000000+08:00" endTime="0001-01-01T08:00:00.0000000+08:00" testType="13cdc9d9-ddb5-4fa4-a97d-d965ccfc6d4b" outcome="NotExecuted" testListId="8c84fa94-04c1-424b-9868-57a2d4851a1d">
    </UnitTestResult>
    <UnitTestResult executionId="7af99fc7-be63-4e06-b671-7c86d9271087" testId="52e8a787-5fd6-ea07-5a01-55c0084d4b00" testName="Math_Atan" computerName="MIKE-NOTEBOOK2" duration="00:00:00" startTime="0001-01-01T08:00:00.0000000+08:00" endTime="0001-01-01T08:00:00.0000000+08:00" testType="13cdc9d9-ddb5-4fa4-a97d-d965ccfc6d4b" outcome="NotExecuted" testListId="8c84fa94-04c1-424b-9868-57a2d4851a1d">
    </UnitTestResult>
    <UnitTestResult executionId="e072af7b-1839-4fbe-b2d9-982523061b80" testId="b42326eb-7bec-b1cb-e9c6-eb48678d5684" testName="Math_Atan2" computerName="MIKE-NOTEBOOK2" duration="00:00:00" startTime="0001-01-01T08:00:00.0000000+08:00" endTime="0001-01-01T08:00:00.0000000+08:00" testType="13cdc9d9-ddb5-4fa4-a97d-d965ccfc6d4b" outcome="NotExecuted" testListId="8c84fa94-04c1-424b-9868-57a2d4851a1d">
    </UnitTestResult>
    <UnitTestResult executionId="94e67409-50cc-46dd-9ffe-596a1f99f183" testId="03dd3b13-2991-e7e4-6dfb-8a29ec8dfac3" testName="Math_BigMul" computerName="MIKE-NOTEBOOK2" duration="00:00:00" startTime="0001-01-01T08:00:00.0000000+08:00" endTime="0001-01-01T08:00:00.0000000+08:00" testType="13cdc9d9-ddb5-4fa4-a97d-d965ccfc6d4b" outcome="NotExecuted" testListId="8c84fa94-04c1-424b-9868-57a2d4851a1d">
    </UnitTestResult>
    <UnitTestResult executionId="c3aff881-72ac-4af1-ac25-4c60d39d88fd" testId="ed34a572-07c3-ad78-fe9f-4f0239e35b11" testName="Math_Ceiling" computerName="MIKE-NOTEBOOK2" duration="00:00:00" startTime="0001-01-01T08:00:00.0000000+08:00" endTime="0001-01-01T08:00:00.0000000+08:00" testType="13cdc9d9-ddb5-4fa4-a97d-d965ccfc6d4b" outcome="NotExecuted" testListId="8c84fa94-04c1-424b-9868-57a2d4851a1d">
    </UnitTestResult>
    <UnitTestResult executionId="8c32f522-e420-45ed-9345-7d0864ab7fd4" testId="169d9766-558e-19af-5d1a-6011ef9f4609" testName="Math_Cos" computerName="MIKE-NOTEBOOK2" duration="00:00:00" startTime="0001-01-01T08:00:00.0000000+08:00" endTime="0001-01-01T08:00:00.0000000+08:00" testType="13cdc9d9-ddb5-4fa4-a97d-d965ccfc6d4b" outcome="NotExecuted" testListId="8c84fa94-04c1-424b-9868-57a2d4851a1d">
    </UnitTestResult>
    <UnitTestResult executionId="75c7d868-184b-430a-8966-251afa9859e7" testId="7f0ed5c0-7268-01da-308d-76f8dfdfb633" testName="Math_Cosh" computerName="MIKE-NOTEBOOK2" duration="00:00:00" startTime="0001-01-01T08:00:00.0000000+08:00" endTime="0001-01-01T08:00:00.0000000+08:00" testType="13cdc9d9-ddb5-4fa4-a97d-d965ccfc6d4b" outcome="NotExecuted" testListId="8c84fa94-04c1-424b-9868-57a2d4851a1d">
    </UnitTestResult>
    <UnitTestResult executionId="5aef07a5-8527-444f-a957-795a01ae11fa" testId="55070f72-8b6e-2324-527d-02bea5dca0f1" testName="Math_DivRem" computerName="MIKE-NOTEBOOK2" duration="00:00:00" startTime="0001-01-01T08:00:00.0000000+08:00" endTime="0001-01-01T08:00:00.0000000+08:00" testType="13cdc9d9-ddb5-4fa4-a97d-d965ccfc6d4b" outcome="NotExecuted" testListId="8c84fa94-04c1-424b-9868-57a2d4851a1d">
    </UnitTestResult>
    <UnitTestResult executionId="a7f0a1ca-c579-4e96-afec-d3f6fd784995" testId="49aa56dd-35cd-a6c0-9ffb-10036203e7b1" testName="Math_Exp" computerName="MIKE-NOTEBOOK2" duration="00:00:00" startTime="0001-01-01T08:00:00.0000000+08:00" endTime="0001-01-01T08:00:00.0000000+08:00" testType="13cdc9d9-ddb5-4fa4-a97d-d965ccfc6d4b" outcome="NotExecuted" testListId="8c84fa94-04c1-424b-9868-57a2d4851a1d">
    </UnitTestResult>
    <UnitTestResult executionId="272e9562-f545-44b6-abec-fd07ad9f86c6" testId="a8ccde41-ee59-dee0-c3e9-1b633d565ae3" testName="Math_Floor" computerName="MIKE-NOTEBOOK2" duration="00:00:00" startTime="0001-01-01T08:00:00.0000000+08:00" endTime="0001-01-01T08:00:00.0000000+08:00" testType="13cdc9d9-ddb5-4fa4-a97d-d965ccfc6d4b" outcome="NotExecuted" testListId="8c84fa94-04c1-424b-9868-57a2d4851a1d">
    </UnitTestResult>
    <UnitTestResult executionId="35f853ae-661c-41e6-9774-36388ce5c261" testId="09e9d187-80ad-9786-4d7e-00d49424bd28" testName="Math_Log" computerName="MIKE-NOTEBOOK2" duration="00:00:00" startTime="0001-01-01T08:00:00.0000000+08:00" endTime="0001-01-01T08:00:00.0000000+08:00" testType="13cdc9d9-ddb5-4fa4-a97d-d965ccfc6d4b" outcome="NotExecuted" testListId="8c84fa94-04c1-424b-9868-57a2d4851a1d">
    </UnitTestResult>
    <UnitTestResult executionId="bce247a9-48f4-417a-93d9-7d3254c2338a" testId="fe8da89e-a448-ac82-2cf8-f98a0308acef" testName="Math_Log10" computerName="MIKE-NOTEBOOK2" duration="00:00:00" startTime="0001-01-01T08:00:00.0000000+08:00" endTime="0001-01-01T08:00:00.0000000+08:00" testType="13cdc9d9-ddb5-4fa4-a97d-d965ccfc6d4b" outcome="NotExecuted" testListId="8c84fa94-04c1-424b-9868-57a2d4851a1d">
    </UnitTestResult>
    <UnitTestResult executionId="232667dc-56c7-405d-a7c2-dfad6c706999" testId="96ce2a36-b964-2edb-aecd-b16f67db8169" testName="Math_Max" computerName="MIKE-NOTEBOOK2" duration="00:00:00" startTime="0001-01-01T08:00:00.0000000+08:00" endTime="0001-01-01T08:00:00.0000000+08:00" testType="13cdc9d9-ddb5-4fa4-a97d-d965ccfc6d4b" outcome="NotExecuted" testListId="8c84fa94-04c1-424b-9868-57a2d4851a1d">
    </UnitTestResult>
    <UnitTestResult executionId="e625496c-bd56-4234-8e7f-8629f8158601" testId="dc6b651b-dc95-9d4f-46ed-5cf3692d154a" testName="Math_Min" computerName="MIKE-NOTEBOOK2" duration="00:00:00" startTime="0001-01-01T08:00:00.0000000+08:00" endTime="0001-01-01T08:00:00.0000000+08:00" testType="13cdc9d9-ddb5-4fa4-a97d-d965ccfc6d4b" outcome="NotExecuted" testListId="8c84fa94-04c1-424b-9868-57a2d4851a1d">
    </UnitTestResult>
    <UnitTestResult executionId="6081250f-787b-45e1-b334-2a8643b45d99" testId="05c00900-e078-d8e5-d834-e396b971216c" testName="Math_Pow" computerName="MIKE-NOTEBOOK2" duration="00:00:00" startTime="0001-01-01T08:00:00.0000000+08:00" endTime="0001-01-01T08:00:00.0000000+08:00" testType="13cdc9d9-ddb5-4fa4-a97d-d965ccfc6d4b" outcome="NotExecuted" testListId="8c84fa94-04c1-424b-9868-57a2d4851a1d">
    </UnitTestResult>
    <UnitTestResult executionId="939dffd6-5e57-41ca-a843-d858efb3fc04" testId="d5a12255-d6a9-37e3-7462-1692ea4ddc90" testName="Math_Round2" computerName="MIKE-NOTEBOOK2" duration="00:00:00" startTime="0001-01-01T08:00:00.0000000+08:00" endTime="0001-01-01T08:00:00.0000000+08:00" testType="13cdc9d9-ddb5-4fa4-a97d-d965ccfc6d4b" outcome="NotExecuted" testListId="8c84fa94-04c1-424b-9868-57a2d4851a1d">
    </UnitTestResult>
    <UnitTestResult executionId="6bd87e2e-4e91-44eb-a2ea-9d4b67d03688" testId="e44673f0-aba7-0439-43f7-c2ceb86dd38f" testName="Math_Sign" computerName="MIKE-NOTEBOOK2" duration="00:00:00" startTime="0001-01-01T08:00:00.0000000+08:00" endTime="0001-01-01T08:00:00.0000000+08:00" testType="13cdc9d9-ddb5-4fa4-a97d-d965ccfc6d4b" outcome="NotExecuted" testListId="8c84fa94-04c1-424b-9868-57a2d4851a1d">
    </UnitTestResult>
    <UnitTestResult executionId="c977af18-83d6-4fd3-9648-caadd08cc764" testId="57060e8d-bb61-ac9f-b686-894e06a9bf8e" testName="Math_Sin" computerName="MIKE-NOTEBOOK2" duration="00:00:00" startTime="0001-01-01T08:00:00.0000000+08:00" endTime="0001-01-01T08:00:00.0000000+08:00" testType="13cdc9d9-ddb5-4fa4-a97d-d965ccfc6d4b" outcome="NotExecuted" testListId="8c84fa94-04c1-424b-9868-57a2d4851a1d">
    </UnitTestResult>
    <UnitTestResult executionId="9bb963e6-8732-4d2c-b5c4-090111fc22c4" testId="3337589e-afc4-b47f-b951-13db262adf47" testName="Math_Sinh" computerName="MIKE-NOTEBOOK2" duration="00:00:00" startTime="0001-01-01T08:00:00.0000000+08:00" endTime="0001-01-01T08:00:00.0000000+08:00" testType="13cdc9d9-ddb5-4fa4-a97d-d965ccfc6d4b" outcome="NotExecuted" testListId="8c84fa94-04c1-424b-9868-57a2d4851a1d">
    </UnitTestResult>
    <UnitTestResult executionId="4985405c-c402-4a13-8e08-9d75b1c61ff2" testId="21c17d3e-93d3-a540-bd64-75f40379f136" testName="Math_Sqrt" computerName="MIKE-NOTEBOOK2" duration="00:00:00" startTime="0001-01-01T08:00:00.0000000+08:00" endTime="0001-01-01T08:00:00.0000000+08:00" testType="13cdc9d9-ddb5-4fa4-a97d-d965ccfc6d4b" outcome="NotExecuted" testListId="8c84fa94-04c1-424b-9868-57a2d4851a1d">
    </UnitTestResult>
    <UnitTestResult executionId="e727cd6e-62e5-4088-b655-9f60a7ed6bbd" testId="3663beff-7331-661b-9b19-c1823afa417a" testName="Math_Tan" computerName="MIKE-NOTEBOOK2" duration="00:00:00" startTime="0001-01-01T08:00:00.0000000+08:00" endTime="0001-01-01T08:00:00.0000000+08:00" testType="13cdc9d9-ddb5-4fa4-a97d-d965ccfc6d4b" outcome="NotExecuted" testListId="8c84fa94-04c1-424b-9868-57a2d4851a1d">
    </UnitTestResult>
    <UnitTestResult executionId="5b522b75-ae7f-4b60-af7d-794d265e022d" testId="eb63b23a-5a89-845a-b2ec-fd922d6def38" testName="Math_Tanh" computerName="MIKE-NOTEBOOK2" duration="00:00:00" startTime="0001-01-01T08:00:00.0000000+08:00" endTime="0001-01-01T08:00:00.0000000+08:00" testType="13cdc9d9-ddb5-4fa4-a97d-d965ccfc6d4b" outcome="NotExecuted" testListId="8c84fa94-04c1-424b-9868-57a2d4851a1d">
    </UnitTestResult>
    <UnitTestResult executionId="4a0d4d39-0d3a-49ec-b9f0-d3b4554641f6" testId="b3d39df6-37ae-0aaf-39cc-7880e3adc398" testName="Math_Truncate1" computerName="MIKE-NOTEBOOK2" duration="00:00:00" startTime="0001-01-01T08:00:00.0000000+08:00" endTime="0001-01-01T08:00:00.0000000+08:00" testType="13cdc9d9-ddb5-4fa4-a97d-d965ccfc6d4b" outcome="NotExecuted" testListId="8c84fa94-04c1-424b-9868-57a2d4851a1d">
    </UnitTestResult>
    <UnitTestResult executionId="da6b402b-4c3a-4d6f-892c-e815a8078814" testId="7db1720d-31f2-b7c1-3503-2c4079060eb8" testName="String_Clone" computerName="MIKE-NOTEBOOK2" duration="00:00:00" startTime="0001-01-01T08:00:00.0000000+08:00" endTime="0001-01-01T08:00:00.0000000+08:00" testType="13cdc9d9-ddb5-4fa4-a97d-d965ccfc6d4b" outcome="NotExecuted" testListId="8c84fa94-04c1-424b-9868-57a2d4851a1d">
    </UnitTestResult>
    <UnitTestResult executionId="874ed6e4-22c3-415c-b820-2543493f9e1f" testId="55f95501-5772-2aed-ef54-187559b9f004" testName="String_CompareTo" computerName="MIKE-NOTEBOOK2" duration="00:00:00" startTime="0001-01-01T08:00:00.0000000+08:00" endTime="0001-01-01T08:00:00.0000000+08:00" testType="13cdc9d9-ddb5-4fa4-a97d-d965ccfc6d4b" outcome="NotExecuted" testListId="8c84fa94-04c1-424b-9868-57a2d4851a1d">
    </UnitTestResult>
    <UnitTestResult executionId="72253fb3-5000-4b9f-8865-bdacfeae5c73" testId="23128f34-0d9d-a570-c552-8fa2ab81800b" testName="String_Contains" computerName="MIKE-NOTEBOOK2" duration="00:00:00" startTime="0001-01-01T08:00:00.0000000+08:00" endTime="0001-01-01T08:00:00.0000000+08:00" testType="13cdc9d9-ddb5-4fa4-a97d-d965ccfc6d4b" outcome="NotExecuted" testListId="8c84fa94-04c1-424b-9868-57a2d4851a1d">
    </UnitTestResult>
    <UnitTestResult executionId="5f789e1e-b465-4ea5-9b3d-3ff3eee95a0a" testId="4d8b595a-c183-78de-71c4-11db1bdb2652" testName="String_EndsWith" computerName="MIKE-NOTEBOOK2" duration="00:00:00" startTime="0001-01-01T08:00:00.0000000+08:00" endTime="0001-01-01T08:00:00.0000000+08:00" testType="13cdc9d9-ddb5-4fa4-a97d-d965ccfc6d4b" outcome="NotExecuted" testListId="8c84fa94-04c1-424b-9868-57a2d4851a1d">
    </UnitTestResult>
    <UnitTestResult executionId="dd8384b7-2402-4c03-b1af-d3cf86b3eaae" testId="7727400f-7714-cd1e-eb11-3903a49255ae" testName="String_Equals1" computerName="MIKE-NOTEBOOK2" duration="00:00:00" startTime="0001-01-01T08:00:00.0000000+08:00" endTime="0001-01-01T08:00:00.0000000+08:00" testType="13cdc9d9-ddb5-4fa4-a97d-d965ccfc6d4b" outcome="NotExecuted" testListId="8c84fa94-04c1-424b-9868-57a2d4851a1d">
    </UnitTestResult>
    <UnitTestResult executionId="4a998494-1508-401c-b0bc-3393436467bd" testId="195cf820-34d8-bc7d-99e8-cce07c764b9a" testName="String_Equals2" computerName="MIKE-NOTEBOOK2" duration="00:00:00" startTime="0001-01-01T08:00:00.0000000+08:00" endTime="0001-01-01T08:00:00.0000000+08:00" testType="13cdc9d9-ddb5-4fa4-a97d-d965ccfc6d4b" outcome="NotExecuted" testListId="8c84fa94-04c1-424b-9868-57a2d4851a1d">
    </UnitTestResult>
    <UnitTestResult executionId="fb18118e-54d7-4932-a57d-71ded16c5f26" testId="4e2468b2-2e2e-2098-f839-cbd72f1be05d" testName="String_Equals3" computerName="MIKE-NOTEBOOK2" duration="00:00:00" startTime="0001-01-01T08:00:00.0000000+08:00" endTime="0001-01-01T08:00:00.0000000+08:00" testType="13cdc9d9-ddb5-4fa4-a97d-d965ccfc6d4b" outcome="NotExecuted" testListId="8c84fa94-04c1-424b-9868-57a2d4851a1d">
    </UnitTestResult>
    <UnitTestResult executionId="e132c8bc-4aac-47b3-832f-daa9efc0b7bc" testId="b8dff491-6486-6f2a-4495-e1bab2f738ad" testName="String_IndexOf1" computerName="MIKE-NOTEBOOK2" duration="00:00:00" startTime="0001-01-01T08:00:00.0000000+08:00" endTime="0001-01-01T08:00:00.0000000+08:00" testType="13cdc9d9-ddb5-4fa4-a97d-d965ccfc6d4b" outcome="NotExecuted" testListId="8c84fa94-04c1-424b-9868-57a2d4851a1d">
    </UnitTestResult>
    <UnitTestResult executionId="cb26805a-dae3-4a0a-aa17-e20d3605087f" testId="137eacde-020a-e854-f0f9-6f1731fce301" testName="String_IndexOf2" computerName="MIKE-NOTEBOOK2" duration="00:00:00" startTime="0001-01-01T08:00:00.0000000+08:00" endTime="0001-01-01T08:00:00.0000000+08:00" testType="13cdc9d9-ddb5-4fa4-a97d-d965ccfc6d4b" outcome="NotExecuted" testListId="8c84fa94-04c1-424b-9868-57a2d4851a1d">
    </UnitTestResult>
    <UnitTestResult executionId="99e4e8a2-4871-40aa-976f-f6a34c74bba9" testId="08b16489-7ee5-32b4-1cd7-7a59d6a74a1c" testName="String_IndexOf3" computerName="MIKE-NOTEBOOK2" duration="00:00:00" startTime="0001-01-01T08:00:00.0000000+08:00" endTime="0001-01-01T08:00:00.0000000+08:00" testType="13cdc9d9-ddb5-4fa4-a97d-d965ccfc6d4b" outcome="NotExecuted" testListId="8c84fa94-04c1-424b-9868-57a2d4851a1d">
    </UnitTestResult>
    <UnitTestResult executionId="4a6b4f21-58ef-4373-a78f-ce4aa1cab0d7" testId="48fa86eb-31c4-a77d-1d0a-f61ff23ecf68" testName="String_IndexOf4" computerName="MIKE-NOTEBOOK2" duration="00:00:00" startTime="0001-01-01T08:00:00.0000000+08:00" endTime="0001-01-01T08:00:00.0000000+08:00" testType="13cdc9d9-ddb5-4fa4-a97d-d965ccfc6d4b" outcome="NotExecuted" testListId="8c84fa94-04c1-424b-9868-57a2d4851a1d">
    </UnitTestResult>
    <UnitTestResult executionId="dd2b36e7-9119-478d-8b65-31232cc61b3a" testId="bfe2ad1b-5c65-3f66-23e6-fa38b3b96841" testName="String_Insert" computerName="MIKE-NOTEBOOK2" duration="00:00:00" startTime="0001-01-01T08:00:00.0000000+08:00" endTime="0001-01-01T08:00:00.0000000+08:00" testType="13cdc9d9-ddb5-4fa4-a97d-d965ccfc6d4b" outcome="NotExecuted" testListId="8c84fa94-04c1-424b-9868-57a2d4851a1d">
    </UnitTestResult>
    <UnitTestResult executionId="1b6e8da0-b3d8-4744-ab02-478d1a22256a" testId="6e74f936-2027-3ed3-76ed-711ea0e5b988" testName="String_Length" computerName="MIKE-NOTEBOOK2" duration="00:00:00" startTime="0001-01-01T08:00:00.0000000+08:00" endTime="0001-01-01T08:00:00.0000000+08:00" testType="13cdc9d9-ddb5-4fa4-a97d-d965ccfc6d4b" outcome="NotExecuted" testListId="8c84fa94-04c1-424b-9868-57a2d4851a1d">
    </UnitTestResult>
    <UnitTestResult executionId="106cce55-04d4-49c0-bcd8-d6d36bb756ea" testId="ad6d5818-61c3-de37-b09c-1155359ca4e3" testName="String_Substring1" computerName="MIKE-NOTEBOOK2" duration="00:00:00" startTime="0001-01-01T08:00:00.0000000+08:00" endTime="0001-01-01T08:00:00.0000000+08:00" testType="13cdc9d9-ddb5-4fa4-a97d-d965ccfc6d4b" outcome="NotExecuted" testListId="8c84fa94-04c1-424b-9868-57a2d4851a1d">
    </UnitTestResult>
    <UnitTestResult executionId="8572cc02-fed3-4a8c-bbae-48a0a851fe8c" testId="5ac5cee6-b427-58c4-916d-49dbab5287d7" testName="String_Substring2" computerName="MIKE-NOTEBOOK2" duration="00:00:00" startTime="0001-01-01T08:00:00.0000000+08:00" endTime="0001-01-01T08:00:00.0000000+08:00" testType="13cdc9d9-ddb5-4fa4-a97d-d965ccfc6d4b" outcome="NotExecuted" testListId="8c84fa94-04c1-424b-9868-57a2d4851a1d">
    </UnitTestResult>
    <UnitTestResult executionId="0a52f15c-af9c-41d8-a3d7-483d8b3ee907" testId="fe9ed158-0491-2ca8-da35-fa0a20414ee9" testName="String_ToLower1" computerName="MIKE-NOTEBOOK2" duration="00:00:00" startTime="0001-01-01T08:00:00.0000000+08:00" endTime="0001-01-01T08:00:00.0000000+08:00" testType="13cdc9d9-ddb5-4fa4-a97d-d965ccfc6d4b" outcome="NotExecuted" testListId="8c84fa94-04c1-424b-9868-57a2d4851a1d">
    </UnitTestResult>
    <UnitTestResult executionId="f1cbecfe-af98-496a-ae6b-bbb34fcd0439" testId="08ed41ee-5d4e-201e-b472-72cf2496e2c8" testName="String_ToLower2" computerName="MIKE-NOTEBOOK2" duration="00:00:00" startTime="0001-01-01T08:00:00.0000000+08:00" endTime="0001-01-01T08:00:00.0000000+08:00" testType="13cdc9d9-ddb5-4fa4-a97d-d965ccfc6d4b" outcome="NotExecuted" testListId="8c84fa94-04c1-424b-9868-57a2d4851a1d">
    </UnitTestResult>
    <UnitTestResult executionId="2398aea2-d221-4dcd-bdbe-fee9b97e3ad8" testId="ab7b57ed-4294-6c8c-afd0-1f87a82fd302" testName="String_ToLowerInvariant" computerName="MIKE-NOTEBOOK2" duration="00:00:00" startTime="0001-01-01T08:00:00.0000000+08:00" endTime="0001-01-01T08:00:00.0000000+08:00" testType="13cdc9d9-ddb5-4fa4-a97d-d965ccfc6d4b" outcome="NotExecuted" testListId="8c84fa94-04c1-424b-9868-57a2d4851a1d">
    </UnitTestResult>
    <UnitTestResult executionId="a443f185-0d63-476d-9540-bf0feb23c38d" testId="cb16e481-d5c2-188e-a419-df31c0884a1f" testName="String_ToUpper1" computerName="MIKE-NOTEBOOK2" duration="00:00:00" startTime="0001-01-01T08:00:00.0000000+08:00" endTime="0001-01-01T08:00:00.0000000+08:00" testType="13cdc9d9-ddb5-4fa4-a97d-d965ccfc6d4b" outcome="NotExecuted" testListId="8c84fa94-04c1-424b-9868-57a2d4851a1d">
    </UnitTestResult>
    <UnitTestResult executionId="45ace543-35bf-4f1c-809b-77f91f0bf128" testId="1c60b5d9-66ac-298f-e5d1-5e93f9afe4c3" testName="String_ToUpper2" computerName="MIKE-NOTEBOOK2" duration="00:00:00" startTime="0001-01-01T08:00:00.0000000+08:00" endTime="0001-01-01T08:00:00.0000000+08:00" testType="13cdc9d9-ddb5-4fa4-a97d-d965ccfc6d4b" outcome="NotExecuted" testListId="8c84fa94-04c1-424b-9868-57a2d4851a1d">
    </UnitTestResult>
    <UnitTestResult executionId="3fe967ec-0f2d-42d8-8ec4-47a0309aa55d" testId="5a663b16-3724-464f-8fba-dce37af586ae" testName="String_ToUpperInvariant" computerName="MIKE-NOTEBOOK2" duration="00:00:00" startTime="0001-01-01T08:00:00.0000000+08:00" endTime="0001-01-01T08:00:00.0000000+08:00" testType="13cdc9d9-ddb5-4fa4-a97d-d965ccfc6d4b" outcome="NotExecuted" testListId="8c84fa94-04c1-424b-9868-57a2d4851a1d">
    </UnitTestResult>
    <UnitTestResult executionId="40963575-c798-4255-b5bf-2028db95ecdf" testId="136b6d3b-29bb-17b6-e0cf-4ebee601b5e6" testName="String_Trim1" computerName="MIKE-NOTEBOOK2" duration="00:00:00" startTime="0001-01-01T08:00:00.0000000+08:00" endTime="0001-01-01T08:00:00.0000000+08:00" testType="13cdc9d9-ddb5-4fa4-a97d-d965ccfc6d4b" outcome="NotExecuted" testListId="8c84fa94-04c1-424b-9868-57a2d4851a1d">
    </UnitTestResult>
    <UnitTestResult executionId="032821cd-320f-4efc-8f29-d89c6b95e418" testId="87136cbd-294a-5bb2-abf0-5348ff50384e" testName="String_Char" computerName="MIKE-NOTEBOOK2" duration="00:00:00" startTime="0001-01-01T08:00:00.0000000+08:00" endTime="0001-01-01T08:00:00.0000000+08:00" testType="13cdc9d9-ddb5-4fa4-a97d-d965ccfc6d4b" outcome="NotExecuted" testListId="8c84fa94-04c1-424b-9868-57a2d4851a1d">
    </UnitTestResult>
    <UnitTestResult executionId="b9667661-bb7b-42d2-8a42-0c682781f3c0" testId="fefc860b-db21-c0e7-a8dd-109a9c653498" testName="DateTime_Add" computerName="MIKE-NOTEBOOK2" duration="00:00:00" startTime="0001-01-01T08:00:00.0000000+08:00" endTime="0001-01-01T08:00:00.0000000+08:00" testType="13cdc9d9-ddb5-4fa4-a97d-d965ccfc6d4b" outcome="NotExecuted" testListId="8c84fa94-04c1-424b-9868-57a2d4851a1d">
    </UnitTestResult>
    <UnitTestResult executionId="029752ae-0014-46ea-b774-335c09e9fa95" testId="698588fd-dedf-98c6-ccff-def53f4443b5" testName="DateTime_AddDays" computerName="MIKE-NOTEBOOK2" duration="00:00:00" startTime="0001-01-01T08:00:00.0000000+08:00" endTime="0001-01-01T08:00:00.0000000+08:00" testType="13cdc9d9-ddb5-4fa4-a97d-d965ccfc6d4b" outcome="NotExecuted" testListId="8c84fa94-04c1-424b-9868-57a2d4851a1d">
    </UnitTestResult>
    <UnitTestResult executionId="ba7d7369-e2d2-4f72-9ef8-9e36274bfc05" testId="c4d73e55-5aea-3eaf-2d9f-902a88ff7b1f" testName="DateTime_AddHours" computerName="MIKE-NOTEBOOK2" duration="00:00:00" startTime="0001-01-01T08:00:00.0000000+08:00" endTime="0001-01-01T08:00:00.0000000+08:00" testType="13cdc9d9-ddb5-4fa4-a97d-d965ccfc6d4b" outcome="NotExecuted" testListId="8c84fa94-04c1-424b-9868-57a2d4851a1d">
    </UnitTestResult>
    <UnitTestResult executionId="afefd712-ff1b-47d7-8c20-736ba9dfe4e2" testId="552c8616-25a5-e690-ebbb-a93918cd5a55" testName="DateTime_AddMinutes" computerName="MIKE-NOTEBOOK2" duration="00:00:00" startTime="0001-01-01T08:00:00.0000000+08:00" endTime="0001-01-01T08:00:00.0000000+08:00" testType="13cdc9d9-ddb5-4fa4-a97d-d965ccfc6d4b" outcome="NotExecuted" testListId="8c84fa94-04c1-424b-9868-57a2d4851a1d">
    </UnitTestResult>
    <UnitTestResult executionId="00234a71-38d1-4001-a93e-7b1a33b689e8" testId="9b6fbbea-25b0-4e22-3edb-6493328cb4d8" testName="DateTime_AddMonths" computerName="MIKE-NOTEBOOK2" duration="00:00:00" startTime="0001-01-01T08:00:00.0000000+08:00" endTime="0001-01-01T08:00:00.0000000+08:00" testType="13cdc9d9-ddb5-4fa4-a97d-d965ccfc6d4b" outcome="NotExecuted" testListId="8c84fa94-04c1-424b-9868-57a2d4851a1d">
    </UnitTestResult>
    <UnitTestResult executionId="fa5a1935-a39f-4b59-82bb-94c612b8fea9" testId="6098bbff-d35b-ca85-9006-e7a73338b48a" testName="DateTime_AddSeconds" computerName="MIKE-NOTEBOOK2" duration="00:00:00" startTime="0001-01-01T08:00:00.0000000+08:00" endTime="0001-01-01T08:00:00.0000000+08:00" testType="13cdc9d9-ddb5-4fa4-a97d-d965ccfc6d4b" outcome="NotExecuted" testListId="8c84fa94-04c1-424b-9868-57a2d4851a1d">
    </UnitTestResult>
    <UnitTestResult executionId="95962f37-1ae2-4d4b-ae2a-4fc40ac60e01" testId="81cab7d4-41c5-ec41-daaf-21a6cb1b4f5c" testName="DateTime_AddYears" computerName="MIKE-NOTEBOOK2" duration="00:00:00" startTime="0001-01-01T08:00:00.0000000+08:00" endTime="0001-01-01T08:00:00.0000000+08:00" testType="13cdc9d9-ddb5-4fa4-a97d-d965ccfc6d4b" outcome="NotExecuted" testListId="8c84fa94-04c1-424b-9868-57a2d4851a1d">
    </UnitTestResult>
    <UnitTestResult executionId="a84248be-f0ee-4fd5-ae1b-1957f0981308" testId="d124c0ac-939b-2300-a5f9-281ffd6465f7" testName="DateTime_ToLoaclTime" computerName="MIKE-NOTEBOOK2" duration="00:00:00" startTime="0001-01-01T08:00:00.0000000+08:00" endTime="0001-01-01T08:00:00.0000000+08:00" testType="13cdc9d9-ddb5-4fa4-a97d-d965ccfc6d4b" outcome="NotExecuted" testListId="8c84fa94-04c1-424b-9868-57a2d4851a1d">
    </UnitTestResult>
    <UnitTestResult executionId="cea7fecb-da37-4bd1-b9f4-d7224daafd69" testId="6203200d-d83d-695a-6e0c-b5525ae70db0" testName="DateTime_Subtract" computerName="MIKE-NOTEBOOK2" duration="00:00:00" startTime="0001-01-01T08:00:00.0000000+08:00" endTime="0001-01-01T08:00:00.0000000+08:00" testType="13cdc9d9-ddb5-4fa4-a97d-d965ccfc6d4b" outcome="NotExecuted" testListId="8c84fa94-04c1-424b-9868-57a2d4851a1d">
    </UnitTestResult>
    <UnitTestResult executionId="b397b578-9dc8-4479-a3c7-2bce6d851a73" testId="e2a0b7fc-a1b1-1023-b8d8-72ac9531815e" testName="DateTime_Hour" computerName="MIKE-NOTEBOOK2" duration="00:00:00" startTime="0001-01-01T08:00:00.0000000+08:00" endTime="0001-01-01T08:00:00.0000000+08:00" testType="13cdc9d9-ddb5-4fa4-a97d-d965ccfc6d4b" outcome="NotExecuted" testListId="8c84fa94-04c1-424b-9868-57a2d4851a1d">
    </UnitTestResult>
    <UnitTestResult executionId="73b7e4a6-2de4-4284-bea9-e70df3f84051" testId="597e3693-c2d5-d1cc-e813-1b974d31038c" testName="DateTime_Minute" computerName="MIKE-NOTEBOOK2" duration="00:00:00" startTime="0001-01-01T08:00:00.0000000+08:00" endTime="0001-01-01T08:00:00.0000000+08:00" testType="13cdc9d9-ddb5-4fa4-a97d-d965ccfc6d4b" outcome="NotExecuted" testListId="8c84fa94-04c1-424b-9868-57a2d4851a1d">
    </UnitTestResult>
    <UnitTestResult executionId="59f4d3d3-a31f-4b05-971d-51b48b2816ff" testId="813d17dc-342e-970e-2cf0-c9479370db89" testName="DateTime_Second" computerName="MIKE-NOTEBOOK2" duration="00:00:00" startTime="0001-01-01T08:00:00.0000000+08:00" endTime="0001-01-01T08:00:00.0000000+08:00" testType="13cdc9d9-ddb5-4fa4-a97d-d965ccfc6d4b" outcome="NotExecuted" testListId="8c84fa94-04c1-424b-9868-57a2d4851a1d">
    </UnitTestResult>
    <UnitTestResult executionId="5b6d3be0-9dc2-4566-ae8c-5819821a107c" testId="079bfd39-1b3d-5819-efd4-64ef3f53af02" testName="DateTime_DayOfWeek" computerName="MIKE-NOTEBOOK2" duration="00:00:00" startTime="0001-01-01T08:00:00.0000000+08:00" endTime="0001-01-01T08:00:00.0000000+08:00" testType="13cdc9d9-ddb5-4fa4-a97d-d965ccfc6d4b" outcome="NotExecuted" testListId="8c84fa94-04c1-424b-9868-57a2d4851a1d">
    </UnitTestResult>
    <UnitTestResult executionId="f7e25106-1c89-4ab2-a647-75772e4cf99a" testId="0daab818-14e9-f786-cb57-b763691cb3fc" testName="DateTime_DayOfYear" computerName="MIKE-NOTEBOOK2" duration="00:00:00" startTime="0001-01-01T08:00:00.0000000+08:00" endTime="0001-01-01T08:00:00.0000000+08:00" testType="13cdc9d9-ddb5-4fa4-a97d-d965ccfc6d4b" outcome="NotExecuted" testListId="8c84fa94-04c1-424b-9868-57a2d4851a1d">
    </UnitTestResult>
    <UnitTestResult executionId="c3b790ec-5477-4d27-bf94-7f79770e7d9c" testId="ca7c4960-9b9f-a659-d087-dcac2d33a752" testName="DateTime_ToString" computerName="MIKE-NOTEBOOK2" duration="00:00:00" startTime="0001-01-01T08:00:00.0000000+08:00" endTime="0001-01-01T08:00:00.0000000+08:00" testType="13cdc9d9-ddb5-4fa4-a97d-d965ccfc6d4b" outcome="NotExecuted" testListId="8c84fa94-04c1-424b-9868-57a2d4851a1d">
    </UnitTestResult>
    <UnitTestResult executionId="96792ef8-c82a-4eff-8ed3-453cc0c58f16" testId="b2bd9ed1-54da-b0a2-accb-ae11e0c5b2a3" testName="Convert_ToBoolean" computerName="MIKE-NOTEBOOK2" duration="00:00:00" startTime="0001-01-01T08:00:00.0000000+08:00" endTime="0001-01-01T08:00:00.0000000+08:00" testType="13cdc9d9-ddb5-4fa4-a97d-d965ccfc6d4b" outcome="NotExecuted" testListId="8c84fa94-04c1-424b-9868-57a2d4851a1d">
    </UnitTestResult>
    <UnitTestResult executionId="df04ef46-c6e5-4ba9-9da6-de1956e9299c" testId="4e966a0f-2d22-8e3b-b49b-ebaa566f55da" testName="Convert_ToByte" computerName="MIKE-NOTEBOOK2" duration="00:00:00" startTime="0001-01-01T08:00:00.0000000+08:00" endTime="0001-01-01T08:00:00.0000000+08:00" testType="13cdc9d9-ddb5-4fa4-a97d-d965ccfc6d4b" outcome="NotExecuted" testListId="8c84fa94-04c1-424b-9868-57a2d4851a1d">
    </UnitTestResult>
    <UnitTestResult executionId="6cc6ce8e-52cf-4c21-9e8f-798383efe8a3" testId="ef95a86c-04ff-7b99-5f69-e2cdf40d3ae5" testName="Convert_ToInt32" computerName="MIKE-NOTEBOOK2" duration="00:00:00" startTime="0001-01-01T08:00:00.0000000+08:00" endTime="0001-01-01T08:00:00.0000000+08:00" testType="13cdc9d9-ddb5-4fa4-a97d-d965ccfc6d4b" outcome="NotExecuted" testListId="8c84fa94-04c1-424b-9868-57a2d4851a1d">
    </UnitTestResult>
    <UnitTestResult executionId="f806877b-f1ba-4410-8cab-cd306ba3ef14" testId="6ddd4051-8ab5-9634-16b2-490319228886" testName="Convert_ToInt64" computerName="MIKE-NOTEBOOK2" duration="00:00:00" startTime="0001-01-01T08:00:00.0000000+08:00" endTime="0001-01-01T08:00:00.0000000+08:00" testType="13cdc9d9-ddb5-4fa4-a97d-d965ccfc6d4b" outcome="NotExecuted" testListId="8c84fa94-04c1-424b-9868-57a2d4851a1d">
    </UnitTestResult>
    <UnitTestResult executionId="b1bef90f-5c4d-48b3-9437-8251273c83f4" testId="0ac1d98b-0ff3-2c1c-5ebf-61cd1948d2c2" testName="Convert_ToSByte" computerName="MIKE-NOTEBOOK2" duration="00:00:00" startTime="0001-01-01T08:00:00.0000000+08:00" endTime="0001-01-01T08:00:00.0000000+08:00" testType="13cdc9d9-ddb5-4fa4-a97d-d965ccfc6d4b" outcome="NotExecuted" testListId="8c84fa94-04c1-424b-9868-57a2d4851a1d">
    </UnitTestResult>
    <UnitTestResult executionId="e5d2034c-2db2-4195-8123-52871ee3b7d6" testId="ba6aaba6-b058-560a-b32a-a07b0c5d83a0" testName="Convert_ToSingle" computerName="MIKE-NOTEBOOK2" duration="00:00:00" startTime="0001-01-01T08:00:00.0000000+08:00" endTime="0001-01-01T08:00:00.0000000+08:00" testType="13cdc9d9-ddb5-4fa4-a97d-d965ccfc6d4b" outcome="NotExecuted" testListId="8c84fa94-04c1-424b-9868-57a2d4851a1d">
    </UnitTestResult>
    <UnitTestResult executionId="c71d7248-fe5a-4526-9a8c-d8de8f663c74" testId="d304d660-183f-d2ae-3592-aeced07c9f72" testName="Convert_ToString" computerName="MIKE-NOTEBOOK2" duration="00:00:00" startTime="0001-01-01T08:00:00.0000000+08:00" endTime="0001-01-01T08:00:00.0000000+08:00" testType="13cdc9d9-ddb5-4fa4-a97d-d965ccfc6d4b" outcome="NotExecuted" testListId="8c84fa94-04c1-424b-9868-57a2d4851a1d">
    </UnitTestResult>
    <UnitTestResult executionId="a472231e-eb1c-4a1a-bdcf-29b46d63006c" testId="02b4a72e-63eb-4065-bc73-f9d8aeae156e" testName="Convert_ToDateTime" computerName="MIKE-NOTEBOOK2" duration="00:00:00" startTime="0001-01-01T08:00:00.0000000+08:00" endTime="0001-01-01T08:00:00.0000000+08:00" testType="13cdc9d9-ddb5-4fa4-a97d-d965ccfc6d4b" outcome="NotExecuted" testListId="8c84fa94-04c1-424b-9868-57a2d4851a1d">
    </UnitTestResult>
    <UnitTestResult executionId="6a15e018-cbec-40d9-9657-7f97ea4d535f" testId="eb463a1e-ecf1-4187-93dd-659dad1d52b9" testName="SqlMethod_Len" computerName="MIKE-NOTEBOOK2" duration="00:00:00" startTime="0001-01-01T08:00:00.0000000+08:00" endTime="0001-01-01T08:00:00.0000000+08:00" testType="13cdc9d9-ddb5-4fa4-a97d-d965ccfc6d4b" outcome="NotExecuted" testListId="8c84fa94-04c1-424b-9868-57a2d4851a1d">
    </UnitTestResult>
    <UnitTestResult executionId="ea57f4f3-354d-43a0-a43f-bb88f1d29eff" testId="428967e9-96de-7f29-28f7-520622f56f22" testName="SqlMethod_Remote" computerName="MIKE-NOTEBOOK2" duration="00:00:00" startTime="0001-01-01T08:00:00.0000000+08:00" endTime="0001-01-01T08:00:00.0000000+08:00" testType="13cdc9d9-ddb5-4fa4-a97d-d965ccfc6d4b" outcome="NotExecuted" testListId="8c84fa94-04c1-424b-9868-57a2d4851a1d">
    </UnitTestResult>
    <UnitTestResult executionId="13f9e3e5-194d-46c9-a12e-06d30c3a704d" testId="69fdfeb5-73d0-34e1-f8ea-cc7d3449b36d" testName="CRUD_Update1" computerName="MIKE-NOTEBOOK2" duration="00:00:00" startTime="0001-01-01T08:00:00.0000000+08:00" endTime="0001-01-01T08:00:00.0000000+08:00" testType="13cdc9d9-ddb5-4fa4-a97d-d965ccfc6d4b" outcome="NotExecuted" testListId="8c84fa94-04c1-424b-9868-57a2d4851a1d">
    </UnitTestResult>
    <UnitTestResult executionId="52a976d1-199e-4103-bd42-c805d2b9a910" testId="a8c1b47a-003d-2f3b-8ab7-8e7bb3712a9e" testName="CRUD_Update2" computerName="MIKE-NOTEBOOK2" duration="00:00:00" startTime="0001-01-01T08:00:00.0000000+08:00" endTime="0001-01-01T08:00:00.0000000+08:00" testType="13cdc9d9-ddb5-4fa4-a97d-d965ccfc6d4b" outcome="NotExecuted" testListId="8c84fa94-04c1-424b-9868-57a2d4851a1d">
    </UnitTestResult>
    <UnitTestResult executionId="8f55f2ef-b310-4ee8-9a48-ffbf76137959" testId="8c4ac5d9-e8b7-3be9-82b8-5e16efa37594" testName="CRUD_Update3" computerName="MIKE-NOTEBOOK2" duration="00:00:00" startTime="0001-01-01T08:00:00.0000000+08:00" endTime="0001-01-01T08:00:00.0000000+08:00" testType="13cdc9d9-ddb5-4fa4-a97d-d965ccfc6d4b" outcome="NotExecuted" testListId="8c84fa94-04c1-424b-9868-57a2d4851a1d">
    </UnitTestResult>
    <UnitTestResult executionId="2667b05f-c011-4479-8084-3ed33c996786" testId="e37b2894-1aa2-77af-25b1-ae458456f33f" testName="CRUD_Update4" computerName="MIKE-NOTEBOOK2" duration="00:00:00" startTime="0001-01-01T08:00:00.0000000+08:00" endTime="0001-01-01T08:00:00.0000000+08:00" testType="13cdc9d9-ddb5-4fa4-a97d-d965ccfc6d4b" outcome="NotExecuted" testListId="8c84fa94-04c1-424b-9868-57a2d4851a1d">
    </UnitTestResult>
    <UnitTestResult executionId="8ba7f520-1a15-4a6a-9a70-975ff6a9e662" testId="10392123-1cf9-d8dc-ff46-d5855499ce46" testName="CRUD_Delete1" computerName="MIKE-NOTEBOOK2" duration="00:00:00" startTime="0001-01-01T08:00:00.0000000+08:00" endTime="0001-01-01T08:00:00.0000000+08:00" testType="13cdc9d9-ddb5-4fa4-a97d-d965ccfc6d4b" outcome="NotExecuted" testListId="8c84fa94-04c1-424b-9868-57a2d4851a1d">
    </UnitTestResult>
    <UnitTestResult executionId="a735983c-309f-478f-9881-1f1bd17d8385" testId="87f5c1ee-4871-1412-3301-000de6cbf37a" testName="CRUD_Delete2" computerName="MIKE-NOTEBOOK2" duration="00:00:00" startTime="0001-01-01T08:00:00.0000000+08:00" endTime="0001-01-01T08:00:00.0000000+08:00" testType="13cdc9d9-ddb5-4fa4-a97d-d965ccfc6d4b" outcome="NotExecuted" testListId="8c84fa94-04c1-424b-9868-57a2d4851a1d">
    </UnitTestResult>
    <UnitTestResult executionId="65f045cd-95ad-4a7e-be6f-94a93b354560" testId="a02ad61f-fd38-32b4-0565-020718174d90" testName="CRUD_Insert1" computerName="MIKE-NOTEBOOK2" duration="00:00:00" startTime="0001-01-01T08:00:00.0000000+08:00" endTime="0001-01-01T08:00:00.0000000+08:00" testType="13cdc9d9-ddb5-4fa4-a97d-d965ccfc6d4b" outcome="NotExecuted" testListId="8c84fa94-04c1-424b-9868-57a2d4851a1d">
    </UnitTestResult>
    <UnitTestResult executionId="cc804192-624c-46b0-b0d5-4b7107b342b6" testId="a0d4a77e-b5a8-a7fb-c64b-6aacbb04db68" testName="CRUD_Insert2" computerName="MIKE-NOTEBOOK2" duration="00:00:00" startTime="0001-01-01T08:00:00.0000000+08:00" endTime="0001-01-01T08:00:00.0000000+08:00" testType="13cdc9d9-ddb5-4fa4-a97d-d965ccfc6d4b" outcome="NotExecuted" testListId="8c84fa94-04c1-424b-9868-57a2d4851a1d">
    </UnitTestResult>
    <UnitTestResult executionId="a1c64a61-d09b-419f-b5da-36006489e6d5" testId="f6c59e26-1b32-c3f4-d9b9-582aca7b19b7" testName="String_NullSelect" computerName="MIKE-NOTEBOOK2" duration="00:00:00" startTime="0001-01-01T08:00:00.0000000+08:00" endTime="0001-01-01T08:00:00.0000000+08:00" testType="13cdc9d9-ddb5-4fa4-a97d-d965ccfc6d4b" outcome="NotExecuted" testListId="8c84fa94-04c1-424b-9868-57a2d4851a1d">
    </UnitTestResult>
    <UnitTestResult executionId="2862a8e1-46b2-4ca3-9ef3-313a32a7c71f" testId="9a349a51-a25e-3bdc-d2eb-b3350309d79a" testName="IfEqualTest" computerName="MIKE-NOTEBOOK2" duration="00:00:00" startTime="0001-01-01T08:00:00.0000000+08:00" endTime="0001-01-01T08:00:00.0000000+08:00" testType="13cdc9d9-ddb5-4fa4-a97d-d965ccfc6d4b" outcome="NotExecuted" testListId="8c84fa94-04c1-424b-9868-57a2d4851a1d">
    </UnitTestResult>
    <UnitTestResult executionId="546a44d5-72a5-4a9c-ac42-32e05ea9341f" testId="d15516b3-1d39-1b39-db6a-b08b72fd7576" testName="CreateTale" computerName="MIKE-NOTEBOOK2" duration="00:00:00" startTime="0001-01-01T08:00:00.0000000+08:00" endTime="0001-01-01T08:00:00.0000000+08:00" testType="13cdc9d9-ddb5-4fa4-a97d-d965ccfc6d4b" outcome="NotExecuted" testListId="8c84fa94-04c1-424b-9868-57a2d4851a1d">
    </UnitTestResult>
    <UnitTestResult executionId="10803599-2e1a-4fa5-8eca-6352233320c2" testId="4bcd92c0-2e46-e032-60b8-f40317a22849" testName="DeleteTable" computerName="MIKE-NOTEBOOK2" duration="00:00:00" startTime="0001-01-01T08:00:00.0000000+08:00" endTime="0001-01-01T08:00:00.0000000+08:00" testType="13cdc9d9-ddb5-4fa4-a97d-d965ccfc6d4b" outcome="NotExecuted" testListId="8c84fa94-04c1-424b-9868-57a2d4851a1d">
    </UnitTestResult>
    <UnitTestResult executionId="ae449119-5d23-469b-b0b7-e211a2d53f04" testId="159dc74d-d464-469a-fd05-afdcca39d99f" testName="TableExists" computerName="MIKE-NOTEBOOK2" duration="00:00:00" startTime="0001-01-01T08:00:00.0000000+08:00" endTime="0001-01-01T08:00:00.0000000+08:00" testType="13cdc9d9-ddb5-4fa4-a97d-d965ccfc6d4b" outcome="NotExecuted" testListId="8c84fa94-04c1-424b-9868-57a2d4851a1d">
    </UnitTestResult>
    <UnitTestResult executionId="304e721b-e181-4e7b-aea2-abcb269a4e7a" testId="3df80b2c-15ab-95cd-0e5a-c6bacaadb2da" testName="LongCount" computerName="MIKE-NOTEBOOK2" duration="00:00:00" startTime="0001-01-01T08:00:00.0000000+08:00" endTime="0001-01-01T08:00:00.0000000+08:00" testType="13cdc9d9-ddb5-4fa4-a97d-d965ccfc6d4b" outcome="NotExecuted" testListId="8c84fa94-04c1-424b-9868-57a2d4851a1d">
    </UnitTestResult>
    <UnitTestResult executionId="c8baabba-f633-4c26-ad0b-a4525e83d5c9" testId="8648e2b7-97db-7718-2de9-41dbdaa8e67d" testName="Command" computerName="MIKE-NOTEBOOK2" duration="00:00:00" startTime="0001-01-01T08:00:00.0000000+08:00" endTime="0001-01-01T08:00:00.0000000+08:00" testType="13cdc9d9-ddb5-4fa4-a97d-d965ccfc6d4b" outcome="NotExecuted" testListId="8c84fa94-04c1-424b-9868-57a2d4851a1d">
    </UnitTestResult>
    <UnitTestResult executionId="77cfa85a-5754-461b-8058-e2fc6f6187cb" testId="6382b04e-2a61-409b-3741-d0d46ab45a3a" testName="DataType_Guid" computerName="MIKE-NOTEBOOK2" duration="00:00:00" startTime="0001-01-01T08:00:00.0000000+08:00" endTime="0001-01-01T08:00:00.0000000+08:00" testType="13cdc9d9-ddb5-4fa4-a97d-d965ccfc6d4b" outcome="NotExecuted" testListId="8c84fa94-04c1-424b-9868-57a2d4851a1d">
    </UnitTestResult>
    <UnitTestResult executionId="ec45a8e5-73d6-4188-936b-e3bc1b3741f6" testId="6daa5065-771c-d148-ba32-0e4f6ed3246a" testName="DataType_Int64" computerName="MIKE-NOTEBOOK2" duration="00:00:00" startTime="0001-01-01T08:00:00.0000000+08:00" endTime="0001-01-01T08:00:00.0000000+08:00" testType="13cdc9d9-ddb5-4fa4-a97d-d965ccfc6d4b" outcome="NotExecuted" testListId="8c84fa94-04c1-424b-9868-57a2d4851a1d">
    </UnitTestResult>
    <UnitTestResult executionId="93558965-6b6a-424a-9b61-89d49eeab030" testId="024185d0-aaa3-ab22-0741-a2cfd06b59a3" testName="DataType_UInt64" computerName="MIKE-NOTEBOOK2" duration="00:00:00" startTime="0001-01-01T08:00:00.0000000+08:00" endTime="0001-01-01T08:00:00.0000000+08:00" testType="13cdc9d9-ddb5-4fa4-a97d-d965ccfc6d4b" outcome="NotExecuted" testListId="8c84fa94-04c1-424b-9868-57a2d4851a1d">
    </UnitTestResult>
    <UnitTestResult executionId="afc08cd7-2a29-4435-bc23-1f6153605c7a" testId="2ef15a5a-9af1-e741-773d-68b3e6d1feab" testName="DataType_Enum" computerName="MIKE-NOTEBOOK2" duration="00:00:00" startTime="0001-01-01T08:00:00.0000000+08:00" endTime="0001-01-01T08:00:00.0000000+08:00" testType="13cdc9d9-ddb5-4fa4-a97d-d965ccfc6d4b" outcome="NotExecuted" testListId="8c84fa94-04c1-424b-9868-57a2d4851a1d">
    </UnitTestResult>
    <UnitTestResult executionId="ec42c23b-419f-4972-ad9f-deb7d30fd21d" testId="878cbfe8-7b4f-d359-28d7-05b9341e3bcd" testName="DataType_Char" computerName="MIKE-NOTEBOOK2" duration="00:00:00" startTime="0001-01-01T08:00:00.0000000+08:00" endTime="0001-01-01T08:00:00.0000000+08:00" testType="13cdc9d9-ddb5-4fa4-a97d-d965ccfc6d4b" outcome="NotExecuted" testListId="8c84fa94-04c1-424b-9868-57a2d4851a1d">
    </UnitTestResult>
    <UnitTestResult executionId="5691110a-6734-4f50-bdd2-df49a077a885" testId="942defeb-e98e-7976-ce54-158cec260264" testName="DataType_XDocument" computerName="MIKE-NOTEBOOK2" duration="00:00:00" startTime="0001-01-01T08:00:00.0000000+08:00" endTime="0001-01-01T08:00:00.0000000+08:00" testType="13cdc9d9-ddb5-4fa4-a97d-d965ccfc6d4b" outcome="NotExecuted" testListId="8c84fa94-04c1-424b-9868-57a2d4851a1d">
    </UnitTestResult>
    <UnitTestResult executionId="8bd638e0-b3b9-43ca-a303-0f4d52353ef3" testId="5bee8f09-19c6-4a14-fad2-95da2b9f3562" testName="DataType_XElement" computerName="MIKE-NOTEBOOK2" duration="00:00:00" startTime="0001-01-01T08:00:00.0000000+08:00" endTime="0001-01-01T08:00:00.0000000+08:00" testType="13cdc9d9-ddb5-4fa4-a97d-d965ccfc6d4b" outcome="NotExecuted" testListId="8c84fa94-04c1-424b-9868-57a2d4851a1d">
    </UnitTestResult>
    <UnitTestResult executionId="e98e9986-cef8-4e8a-9d4c-4fd866060f20" testId="3079b379-8393-676a-6428-31b3fce6c314" testName="Where_Simple1" computerName="MIKE-NOTEBOOK2" duration="00:00:00" startTime="0001-01-01T08:00:00.0000000+08:00" endTime="0001-01-01T08:00:00.0000000+08:00" testType="13cdc9d9-ddb5-4fa4-a97d-d965ccfc6d4b" outcome="NotExecuted" testListId="8c84fa94-04c1-424b-9868-57a2d4851a1d">
    </UnitTestResult>
    <UnitTestResult executionId="39a82e92-a38c-47e9-9d33-2ffc5ec86b7d" testId="427dc8d9-8412-17e9-0571-9615db6c4050" testName="Where_Simple2" computerName="MIKE-NOTEBOOK2" duration="00:00:00" startTime="0001-01-01T08:00:00.0000000+08:00" endTime="0001-01-01T08:00:00.0000000+08:00" testType="13cdc9d9-ddb5-4fa4-a97d-d965ccfc6d4b" outcome="NotExecuted" testListId="8c84fa94-04c1-424b-9868-57a2d4851a1d">
    </UnitTestResult>
    <UnitTestResult executionId="71532772-a8d2-41ac-ac3d-b8b8fea526ac" testId="fd741b2f-69a6-83fa-15a8-ee73b058bc9e" testName="Where_Simple3" computerName="MIKE-NOTEBOOK2" duration="00:00:00" startTime="0001-01-01T08:00:00.0000000+08:00" endTime="0001-01-01T08:00:00.0000000+08:00" testType="13cdc9d9-ddb5-4fa4-a97d-d965ccfc6d4b" outcome="NotExecuted" testListId="8c84fa94-04c1-424b-9868-57a2d4851a1d">
    </UnitTestResult>
    <UnitTestResult executionId="24b216f3-862d-48f9-b11e-27ef5ae784f9" testId="b7af6f66-38cb-58b6-41cd-079641dc5173" testName="Where_Simple4" computerName="MIKE-NOTEBOOK2" duration="00:00:00" startTime="0001-01-01T08:00:00.0000000+08:00" endTime="0001-01-01T08:00:00.0000000+08:00" testType="13cdc9d9-ddb5-4fa4-a97d-d965ccfc6d4b" outcome="NotExecuted" testListId="8c84fa94-04c1-424b-9868-57a2d4851a1d">
    </UnitTestResult>
    <UnitTestResult executionId="8a5385d6-d6e7-4650-8d05-6bd495803d5a" testId="53f8b92d-3672-811d-40b1-6722b7030618" testName="Where_Drilldown" computerName="MIKE-NOTEBOOK2" duration="00:00:00" startTime="0001-01-01T08:00:00.0000000+08:00" endTime="0001-01-01T08:00:00.0000000+08:00" testType="13cdc9d9-ddb5-4fa4-a97d-d965ccfc6d4b" outcome="NotExecuted" testListId="8c84fa94-04c1-424b-9868-57a2d4851a1d">
    </UnitTestResult>
    <UnitTestResult executionId="2b24003e-03fe-4d58-b144-d871095e16f9" testId="372512b8-e961-2461-3677-56688467533c" testName="First" computerName="MIKE-NOTEBOOK2" duration="00:00:00" startTime="0001-01-01T08:00:00.0000000+08:00" endTime="0001-01-01T08:00:00.0000000+08:00" testType="13cdc9d9-ddb5-4fa4-a97d-d965ccfc6d4b" outcome="NotExecuted" testListId="8c84fa94-04c1-424b-9868-57a2d4851a1d">
    </UnitTestResult>
    <UnitTestResult executionId="8aeccad8-4be7-4618-957c-2fb845cd487e" testId="9812f835-d894-c6ee-a4eb-3c9740984829" testName="FirstOrDefault" computerName="MIKE-NOTEBOOK2" duration="00:00:00" startTime="0001-01-01T08:00:00.0000000+08:00" endTime="0001-01-01T08:00:00.0000000+08:00" testType="13cdc9d9-ddb5-4fa4-a97d-d965ccfc6d4b" outcome="NotExecuted" testListId="8c84fa94-04c1-424b-9868-57a2d4851a1d">
    </UnitTestResult>
    <UnitTestResult executionId="ad9e03be-a409-45ba-80f9-7160fe2239f8" testId="608399ff-0916-1e1a-ee60-e9461f0026c4" testName="SingleOrDefault" computerName="MIKE-NOTEBOOK2" duration="00:00:00" startTime="0001-01-01T08:00:00.0000000+08:00" endTime="0001-01-01T08:00:00.0000000+08:00" testType="13cdc9d9-ddb5-4fa4-a97d-d965ccfc6d4b" outcome="NotExecuted" testListId="8c84fa94-04c1-424b-9868-57a2d4851a1d">
    </UnitTestResult>
    <UnitTestResult executionId="dc029a96-94cb-4f8e-979b-f2b2b7a81eee" testId="37644299-453d-50f6-f061-a534a115805f" testName="Single" computerName="MIKE-NOTEBOOK2" duration="00:00:00" startTime="0001-01-01T08:00:00.0000000+08:00" endTime="0001-01-01T08:00:00.0000000+08:00" testType="13cdc9d9-ddb5-4fa4-a97d-d965ccfc6d4b" outcome="NotExecuted" testListId="8c84fa94-04c1-424b-9868-57a2d4851a1d">
    </UnitTestResult>
    <UnitTestResult executionId="0befab09-b299-4a20-8878-2f9ec2eb3666" testId="087779ec-e457-0c92-c6ce-9208511c3e37" testName="Select_Simple" computerName="MIKE-NOTEBOOK2" duration="00:00:00" startTime="0001-01-01T08:00:00.0000000+08:00" endTime="0001-01-01T08:00:00.0000000+08:00" testType="13cdc9d9-ddb5-4fa4-a97d-d965ccfc6d4b" outcome="NotExecuted" testListId="8c84fa94-04c1-424b-9868-57a2d4851a1d">
    </UnitTestResult>
    <UnitTestResult executionId="3f608466-1233-4cd7-aa87-e5585806ff2e" testId="9a3aa7b2-1b34-a7ea-0d0a-750583f3d309" testName="Select_SpecialType" computerName="MIKE-NOTEBOOK2" duration="00:00:00" startTime="0001-01-01T08:00:00.0000000+08:00" endTime="0001-01-01T08:00:00.0000000+08:00" testType="13cdc9d9-ddb5-4fa4-a97d-d965ccfc6d4b" outcome="NotExecuted" testListId="8c84fa94-04c1-424b-9868-57a2d4851a1d">
    </UnitTestResult>
    <UnitTestResult executionId="3e5e94ad-e146-4a56-bf62-fbc6722a1db1" testId="edbad9ea-fafc-ecac-32a9-b424ca6e8565" testName="Select_AnonymousType" computerName="MIKE-NOTEBOOK2" duration="00:00:00" startTime="0001-01-01T08:00:00.0000000+08:00" endTime="0001-01-01T08:00:00.0000000+08:00" testType="13cdc9d9-ddb5-4fa4-a97d-d965ccfc6d4b" outcome="NotExecuted" testListId="8c84fa94-04c1-424b-9868-57a2d4851a1d">
    </UnitTestResult>
    <UnitTestResult executionId="d0d46cad-8bb5-45a9-90cc-f3d5b86f69a2" testId="f00007d2-6609-e661-cc88-406e1b6c1bcb" testName="Select_LocalMethodCall" computerName="MIKE-NOTEBOOK2" duration="00:00:00" startTime="0001-01-01T08:00:00.0000000+08:00" endTime="0001-01-01T08:00:00.0000000+08:00" testType="13cdc9d9-ddb5-4fa4-a97d-d965ccfc6d4b" outcome="NotExecuted" testListId="8c84fa94-04c1-424b-9868-57a2d4851a1d">
    </UnitTestResult>
    <UnitTestResult executionId="20576a53-1a56-4748-9d18-a98c292e151a" testId="a0b11102-f861-4a6d-89e7-9e9df7e60c9d" testName="SelectMany_MultipleFrom" computerName="MIKE-NOTEBOOK2" duration="00:00:00" startTime="0001-01-01T08:00:00.0000000+08:00" endTime="0001-01-01T08:00:00.0000000+08:00" testType="13cdc9d9-ddb5-4fa4-a97d-d965ccfc6d4b" outcome="NotExecuted" testListId="8c84fa94-04c1-424b-9868-57a2d4851a1d">
    </UnitTestResult>
    <UnitTestResult executionId="57d9eb4d-9b26-4278-8172-b921438e76f3" testId="512b2427-11db-00ec-358b-4cafbf9acd76" testName="Select_Condition" computerName="MIKE-NOTEBOOK2" duration="00:00:00" startTime="0001-01-01T08:00:00.0000000+08:00" endTime="0001-01-01T08:00:00.0000000+08:00" testType="13cdc9d9-ddb5-4fa4-a97d-d965ccfc6d4b" outcome="NotExecuted" testListId="8c84fa94-04c1-424b-9868-57a2d4851a1d">
    </UnitTestResult>
    <UnitTestResult executionId="4cc3ecb1-0d4f-4807-b1f9-8a082d5ee496" testId="dcf8dc38-c29d-5450-3b7e-ecc274c59bfe" testName="Distinct1" computerName="MIKE-NOTEBOOK2" duration="00:00:00" startTime="0001-01-01T08:00:00.0000000+08:00" endTime="0001-01-01T08:00:00.0000000+08:00" testType="13cdc9d9-ddb5-4fa4-a97d-d965ccfc6d4b" outcome="NotExecuted" testListId="8c84fa94-04c1-424b-9868-57a2d4851a1d">
    </UnitTestResult>
    <UnitTestResult executionId="5e5f6eee-5480-4993-8a5a-57a0a8a534db" testId="22a38773-c009-2b07-ae83-102b8d4e5e79" testName="Distinct2" computerName="MIKE-NOTEBOOK2" duration="00:00:00" startTime="0001-01-01T08:00:00.0000000+08:00" endTime="0001-01-01T08:00:00.0000000+08:00" testType="13cdc9d9-ddb5-4fa4-a97d-d965ccfc6d4b" outcome="NotExecuted" testListId="8c84fa94-04c1-424b-9868-57a2d4851a1d">
    </UnitTestResult>
    <UnitTestResult executionId="9f21c22e-4ceb-4002-93ce-b5247b6ecc9d" testId="c0e968d2-5051-add8-095d-09b0345520d9" testName="Union" computerName="MIKE-NOTEBOOK2" duration="00:00:00" startTime="0001-01-01T08:00:00.0000000+08:00" endTime="0001-01-01T08:00:00.0000000+08:00" testType="13cdc9d9-ddb5-4fa4-a97d-d965ccfc6d4b" outcome="NotExecuted" testListId="8c84fa94-04c1-424b-9868-57a2d4851a1d">
    </UnitTestResult>
    <UnitTestResult executionId="4a5ac264-2dc3-4cf6-a447-6d8e86581a3d" testId="3b5ae482-1c18-3626-4e13-29e3c302b9ef" testName="Intersect" computerName="MIKE-NOTEBOOK2" duration="00:00:00" startTime="0001-01-01T08:00:00.0000000+08:00" endTime="0001-01-01T08:00:00.0000000+08:00" testType="13cdc9d9-ddb5-4fa4-a97d-d965ccfc6d4b" outcome="NotExecuted" testListId="8c84fa94-04c1-424b-9868-57a2d4851a1d">
    </UnitTestResult>
    <UnitTestResult executionId="59ddbdac-345c-4294-b321-e5c512ee61f7" testId="9011350b-94f7-cae0-ac90-aa02fb8e277e" testName="Except" computerName="MIKE-NOTEBOOK2" duration="00:00:00" startTime="0001-01-01T08:00:00.0000000+08:00" endTime="0001-01-01T08:00:00.0000000+08:00" testType="13cdc9d9-ddb5-4fa4-a97d-d965ccfc6d4b" outcome="NotExecuted" testListId="8c84fa94-04c1-424b-9868-57a2d4851a1d">
    </UnitTestResult>
    <UnitTestResult executionId="5386f75e-e4ca-45ef-a874-a73edfb5a657" testId="9d7d2c7d-a372-053b-66fa-a33b85b0f130" testName="Take_Simple" computerName="MIKE-NOTEBOOK2" duration="00:00:00" startTime="0001-01-01T08:00:00.0000000+08:00" endTime="0001-01-01T08:00:00.0000000+08:00" testType="13cdc9d9-ddb5-4fa4-a97d-d965ccfc6d4b" outcome="NotExecuted" testListId="8c84fa94-04c1-424b-9868-57a2d4851a1d">
    </UnitTestResult>
    <UnitTestResult executionId="daa3582d-9c6d-4ff3-bceb-d1be2d0eb2f3" testId="d3ab7726-9a4f-7754-b6cb-57648973328a" testName="Take_Nested" computerName="MIKE-NOTEBOOK2" duration="00:00:00" startTime="0001-01-01T08:00:00.0000000+08:00" endTime="0001-01-01T08:00:00.0000000+08:00" testType="13cdc9d9-ddb5-4fa4-a97d-d965ccfc6d4b" outcome="NotExecuted" testListId="8c84fa94-04c1-424b-9868-57a2d4851a1d">
    </UnitTestResult>
    <UnitTestResult executionId="046af30e-d54b-44e2-a03a-8ed58470dd3d" testId="7791324d-e794-e436-6034-fecaab804146" testName="Skip_Simple" computerName="MIKE-NOTEBOOK2" duration="00:00:00" startTime="0001-01-01T08:00:00.0000000+08:00" endTime="0001-01-01T08:00:00.0000000+08:00" testType="13cdc9d9-ddb5-4fa4-a97d-d965ccfc6d4b" outcome="NotExecuted" testListId="8c84fa94-04c1-424b-9868-57a2d4851a1d">
    </UnitTestResult>
    <UnitTestResult executionId="40917933-f8bf-447f-885a-00603578c903" testId="019d9897-914e-ab01-ee96-61bb049f0873" testName="Skip_Nested" computerName="MIKE-NOTEBOOK2" duration="00:00:00" startTime="0001-01-01T08:00:00.0000000+08:00" endTime="0001-01-01T08:00:00.0000000+08:00" testType="13cdc9d9-ddb5-4fa4-a97d-d965ccfc6d4b" outcome="NotExecuted" testListId="8c84fa94-04c1-424b-9868-57a2d4851a1d">
    </UnitTestResult>
    <UnitTestResult executionId="08e7d525-d0f4-4be6-800c-7e810e48b83d" testId="a4dfe62c-7b25-dfae-c0b2-f44c2b38fc92" testName="Skip_Take" computerName="MIKE-NOTEBOOK2" duration="00:00:00" startTime="0001-01-01T08:00:00.0000000+08:00" endTime="0001-01-01T08:00:00.0000000+08:00" testType="13cdc9d9-ddb5-4fa4-a97d-d965ccfc6d4b" outcome="NotExecuted" testListId="8c84fa94-04c1-424b-9868-57a2d4851a1d">
    </UnitTestResult>
    <UnitTestResult executionId="868fe013-0da9-4665-94a6-487084f9e986" testId="08823a5d-be6b-93ad-43eb-330638368868" testName="Count_Simple" computerName="MIKE-NOTEBOOK2" duration="00:00:00" startTime="0001-01-01T08:00:00.0000000+08:00" endTime="0001-01-01T08:00:00.0000000+08:00" testType="13cdc9d9-ddb5-4fa4-a97d-d965ccfc6d4b" outcome="NotExecuted" testListId="8c84fa94-04c1-424b-9868-57a2d4851a1d">
    </UnitTestResult>
    <UnitTestResult executionId="b2692c7d-789b-4edb-9142-eef109c3c635" testId="68b4de2e-07a2-2898-3daa-1095b079767c" testName="Count_Conditional" computerName="MIKE-NOTEBOOK2" duration="00:00:00" startTime="0001-01-01T08:00:00.0000000+08:00" endTime="0001-01-01T08:00:00.0000000+08:00" testType="13cdc9d9-ddb5-4fa4-a97d-d965ccfc6d4b" outcome="NotExecuted" testListId="8c84fa94-04c1-424b-9868-57a2d4851a1d">
    </UnitTestResult>
    <UnitTestResult executionId="dffab863-f1d1-490a-b3e3-38a391575ea8" testId="8eb7be2f-204f-00cd-43a2-d3b00543a5ce" testName="Count_Empty" computerName="MIKE-NOTEBOOK2" duration="00:00:00" startTime="0001-01-01T08:00:00.0000000+08:00" endTime="0001-01-01T08:00:00.0000000+08:00" testType="13cdc9d9-ddb5-4fa4-a97d-d965ccfc6d4b" outcome="NotExecuted" testListId="8c84fa94-04c1-424b-9868-57a2d4851a1d">
    </UnitTestResult>
    <UnitTestResult executionId="fdb4c25e-0e05-4014-89e9-153b1391ffc3" testId="a3d5d710-597e-88fc-9e41-84e2ea92c1d5" testName="Count_Nested" computerName="MIKE-NOTEBOOK2" duration="00:00:00" startTime="0001-01-01T08:00:00.0000000+08:00" endTime="0001-01-01T08:00:00.0000000+08:00" testType="13cdc9d9-ddb5-4fa4-a97d-d965ccfc6d4b" outcome="NotExecuted" testListId="8c84fa94-04c1-424b-9868-57a2d4851a1d">
    </UnitTestResult>
    <UnitTestResult executionId="c963377a-dc54-41c9-b87e-755827d3811e" testId="4e9affe1-1b3e-0a94-48e1-29a8221c1e05" testName="Count_Grouped" computerName="MIKE-NOTEBOOK2" duration="00:00:00" startTime="0001-01-01T08:00:00.0000000+08:00" endTime="0001-01-01T08:00:00.0000000+08:00" testType="13cdc9d9-ddb5-4fa4-a97d-d965ccfc6d4b" outcome="NotExecuted" testListId="8c84fa94-04c1-424b-9868-57a2d4851a1d">
    </UnitTestResult>
    <UnitTestResult executionId="d457116c-971e-4b0f-980a-aa27639d1bfa" testId="bc0d21c8-7dc6-d4c3-c3ce-87b23e27a436" testName="Sum_Simple" computerName="MIKE-NOTEBOOK2" duration="00:00:00" startTime="0001-01-01T08:00:00.0000000+08:00" endTime="0001-01-01T08:00:00.0000000+08:00" testType="13cdc9d9-ddb5-4fa4-a97d-d965ccfc6d4b" outcome="NotExecuted" testListId="8c84fa94-04c1-424b-9868-57a2d4851a1d">
    </UnitTestResult>
    <UnitTestResult executionId="dccd59b4-eda5-478e-9750-425deb2e8466" testId="fe876dba-a36b-c374-cade-c8e0021aeb1a" testName="Sum_Empty" computerName="MIKE-NOTEBOOK2" duration="00:00:00" startTime="0001-01-01T08:00:00.0000000+08:00" endTime="0001-01-01T08:00:00.0000000+08:00" testType="13cdc9d9-ddb5-4fa4-a97d-d965ccfc6d4b" outcome="NotExecuted" testListId="8c84fa94-04c1-424b-9868-57a2d4851a1d">
    </UnitTestResult>
    <UnitTestResult executionId="31bc97ef-d6e0-458e-b8b3-4b11d80a1e5c" testId="493dbc25-d45c-a977-7a51-ecac51e13df6" testName="Sum_Projection" computerName="MIKE-NOTEBOOK2" duration="00:00:00" startTime="0001-01-01T08:00:00.0000000+08:00" endTime="0001-01-01T08:00:00.0000000+08:00" testType="13cdc9d9-ddb5-4fa4-a97d-d965ccfc6d4b" outcome="NotExecuted" testListId="8c84fa94-04c1-424b-9868-57a2d4851a1d">
    </UnitTestResult>
    <UnitTestResult executionId="bb4887f7-3f1c-4ec1-b16b-b8fc51e9fa8f" testId="2e30fbce-4171-c44e-45d5-30517d1635bc" testName="Sum_Grouped" computerName="MIKE-NOTEBOOK2" duration="00:00:00" startTime="0001-01-01T08:00:00.0000000+08:00" endTime="0001-01-01T08:00:00.0000000+08:00" testType="13cdc9d9-ddb5-4fa4-a97d-d965ccfc6d4b" outcome="NotExecuted" testListId="8c84fa94-04c1-424b-9868-57a2d4851a1d">
    </UnitTestResult>
    <UnitTestResult executionId="2f98ac8d-b026-46fd-ad90-29cbaeb62f46" testId="41596968-3d68-6748-bab6-1dcca5fef620" testName="Min_Simple" computerName="MIKE-NOTEBOOK2" duration="00:00:00" startTime="0001-01-01T08:00:00.0000000+08:00" endTime="0001-01-01T08:00:00.0000000+08:00" testType="13cdc9d9-ddb5-4fa4-a97d-d965ccfc6d4b" outcome="NotExecuted" testListId="8c84fa94-04c1-424b-9868-57a2d4851a1d">
    </UnitTestResult>
    <UnitTestResult executionId="b468b010-57fb-4b9f-8347-e730bad49402" testId="184f74be-96b2-3d0b-0f18-b7a3fdc5a28f" testName="Min_Projection" computerName="MIKE-NOTEBOOK2" duration="00:00:00" startTime="0001-01-01T08:00:00.0000000+08:00" endTime="0001-01-01T08:00:00.0000000+08:00" testType="13cdc9d9-ddb5-4fa4-a97d-d965ccfc6d4b" outcome="NotExecuted" testListId="8c84fa94-04c1-424b-9868-57a2d4851a1d">
    </UnitTestResult>
    <UnitTestResult executionId="a1254709-048d-47f3-8d0e-fd20ff1b4bfa" testId="fa241edb-2599-7289-c9ec-552b04d6d82c" testName="Min_Elements" computerName="MIKE-NOTEBOOK2" duration="00:00:00" startTime="0001-01-01T08:00:00.0000000+08:00" endTime="0001-01-01T08:00:00.0000000+08:00" testType="13cdc9d9-ddb5-4fa4-a97d-d965ccfc6d4b" outcome="NotExecuted" testListId="8c84fa94-04c1-424b-9868-57a2d4851a1d">
    </UnitTestResult>
    <UnitTestResult executionId="a8732b98-5966-41f0-99ba-293a754e40b5" testId="6440e024-6993-12cf-e9c7-c0fe0404d4fa" testName="Min_Grouped" computerName="MIKE-NOTEBOOK2" duration="00:00:00" startTime="0001-01-01T08:00:00.0000000+08:00" endTime="0001-01-01T08:00:00.0000000+08:00" testType="13cdc9d9-ddb5-4fa4-a97d-d965ccfc6d4b" outcome="NotExecuted" testListId="8c84fa94-04c1-424b-9868-57a2d4851a1d">
    </UnitTestResult>
    <UnitTestResult executionId="e0a46cc7-46ea-4e14-a448-99f37fd08fb5" testId="3c55f1ea-5be1-927d-231a-870be65b6ee3" testName="Max_Simple" computerName="MIKE-NOTEBOOK2" duration="00:00:00" startTime="0001-01-01T08:00:00.0000000+08:00" endTime="0001-01-01T08:00:00.0000000+08:00" testType="13cdc9d9-ddb5-4fa4-a97d-d965ccfc6d4b" outcome="NotExecuted" testListId="8c84fa94-04c1-424b-9868-57a2d4851a1d">
    </UnitTestResult>
    <UnitTestResult executionId="18fb0e9a-c138-4a12-b928-8d647f1929bb" testId="1a2d8737-a3e6-71d9-7293-ee96b32648c0" testName="Max_Projection" computerName="MIKE-NOTEBOOK2" duration="00:00:00" startTime="0001-01-01T08:00:00.0000000+08:00" endTime="0001-01-01T08:00:00.0000000+08:00" testType="13cdc9d9-ddb5-4fa4-a97d-d965ccfc6d4b" outcome="NotExecuted" testListId="8c84fa94-04c1-424b-9868-57a2d4851a1d">
    </UnitTestResult>
    <UnitTestResult executionId="e7849390-29da-4080-8269-fcca099f30cc" testId="badfe707-f95c-42ef-d47b-f6afe76d6b9e" testName="Max_Elements" computerName="MIKE-NOTEBOOK2" duration="00:00:00" startTime="0001-01-01T08:00:00.0000000+08:00" endTime="0001-01-01T08:00:00.0000000+08:00" testType="13cdc9d9-ddb5-4fa4-a97d-d965ccfc6d4b" outcome="NotExecuted" testListId="8c84fa94-04c1-424b-9868-57a2d4851a1d">
    </UnitTestResult>
    <UnitTestResult executionId="13fec1f7-bcb5-457f-a200-0a8df85f0ec5" testId="5482ed8f-9ae5-2a94-1fe7-e8a0f42fb5a7" testName="Max_Grouped" computerName="MIKE-NOTEBOOK2" duration="00:00:00" startTime="0001-01-01T08:00:00.0000000+08:00" endTime="0001-01-01T08:00:00.0000000+08:00" testType="13cdc9d9-ddb5-4fa4-a97d-d965ccfc6d4b" outcome="NotExecuted" testListId="8c84fa94-04c1-424b-9868-57a2d4851a1d">
    </UnitTestResult>
    <UnitTestResult executionId="d0bfadfa-14e1-4d6b-b930-54fb81889679" testId="74a6c640-5765-e320-f4c1-9dbb018c29be" testName="Avg_Simple" computerName="MIKE-NOTEBOOK2" duration="00:00:00" startTime="0001-01-01T08:00:00.0000000+08:00" endTime="0001-01-01T08:00:00.0000000+08:00" testType="13cdc9d9-ddb5-4fa4-a97d-d965ccfc6d4b" outcome="NotExecuted" testListId="8c84fa94-04c1-424b-9868-57a2d4851a1d">
    </UnitTestResult>
    <UnitTestResult executionId="1c539154-a7b3-4cb6-aa1f-a269d6063f33" testId="0d8b2b26-e7db-fc3d-faf3-756a466195e7" testName="Avg_Projection" computerName="MIKE-NOTEBOOK2" duration="00:00:00" startTime="0001-01-01T08:00:00.0000000+08:00" endTime="0001-01-01T08:00:00.0000000+08:00" testType="13cdc9d9-ddb5-4fa4-a97d-d965ccfc6d4b" outcome="NotExecuted" testListId="8c84fa94-04c1-424b-9868-57a2d4851a1d">
    </UnitTestResult>
    <UnitTestResult executionId="66fcafcd-64cd-4550-b90e-af0b7eda719c" testId="88e77986-cef7-38da-8d5f-a04c1944dcc5" testName="Avg_Emelents" computerName="MIKE-NOTEBOOK2" duration="00:00:00" startTime="0001-01-01T08:00:00.0000000+08:00" endTime="0001-01-01T08:00:00.0000000+08:00" testType="13cdc9d9-ddb5-4fa4-a97d-d965ccfc6d4b" outcome="NotExecuted" testListId="8c84fa94-04c1-424b-9868-57a2d4851a1d">
    </UnitTestResult>
    <UnitTestResult executionId="93272be1-159b-4b56-917e-355b38fbf3f6" testId="112602e5-fd8a-d3a6-ef31-edcb845d9ae2" testName="Avg_Grouped" computerName="MIKE-NOTEBOOK2" duration="00:00:00" startTime="0001-01-01T08:00:00.0000000+08:00" endTime="0001-01-01T08:00:00.0000000+08:00" testType="13cdc9d9-ddb5-4fa4-a97d-d965ccfc6d4b" outcome="NotExecuted" testListId="8c84fa94-04c1-424b-9868-57a2d4851a1d">
    </UnitTestResult>
    <UnitTestResult executionId="e9dcc59a-9c51-4ea2-8bab-bf5a40481305" testId="bf367b79-b4c6-37af-ba95-9210159d3f86" testName="Join_OnToMany" computerName="MIKE-NOTEBOOK2" duration="00:00:00" startTime="0001-01-01T08:00:00.0000000+08:00" endTime="0001-01-01T08:00:00.0000000+08:00" testType="13cdc9d9-ddb5-4fa4-a97d-d965ccfc6d4b" outcome="NotExecuted" testListId="8c84fa94-04c1-424b-9868-57a2d4851a1d">
    </UnitTestResult>
    <UnitTestResult executionId="839a4163-273c-4fce-9534-8ec141fd57ab" testId="f27b473c-2a60-1d11-8e7d-3cf184a36ca5" testName="Join_ManyToMany" computerName="MIKE-NOTEBOOK2" duration="00:00:00" startTime="0001-01-01T08:00:00.0000000+08:00" endTime="0001-01-01T08:00:00.0000000+08:00" testType="13cdc9d9-ddb5-4fa4-a97d-d965ccfc6d4b" outcome="NotExecuted" testListId="8c84fa94-04c1-424b-9868-57a2d4851a1d">
    </UnitTestResult>
    <UnitTestResult executionId="f2d3858e-6dc0-4f36-ac6c-36f422bad9d7" testId="33d3bd4e-5761-be1c-ed71-215d5083d36a" testName="Join_SelfJoin" computerName="MIKE-NOTEBOOK2" duration="00:00:00" startTime="0001-01-01T08:00:00.0000000+08:00" endTime="0001-01-01T08:00:00.0000000+08:00" testType="13cdc9d9-ddb5-4fa4-a97d-d965ccfc6d4b" outcome="NotExecuted" testListId="8c84fa94-04c1-424b-9868-57a2d4851a1d">
    </UnitTestResult>
    <UnitTestResult executionId="5c79e6f7-89af-471a-950c-18a971e264b8" testId="b7901133-bd34-7a83-1d47-e876e94086f2" testName="Join_TowWay" computerName="MIKE-NOTEBOOK2" duration="00:00:00" startTime="0001-01-01T08:00:00.0000000+08:00" endTime="0001-01-01T08:00:00.0000000+08:00" testType="13cdc9d9-ddb5-4fa4-a97d-d965ccfc6d4b" outcome="NotExecuted" testListId="8c84fa94-04c1-424b-9868-57a2d4851a1d">
    </UnitTestResult>
    <UnitTestResult executionId="99c80e2a-4aca-4247-89a7-2117b129dff7" testId="ca8d5142-d8f6-e738-acd5-328d97c4e02c" testName="Join_ThreeWay" computerName="MIKE-NOTEBOOK2" duration="00:00:00" startTime="0001-01-01T08:00:00.0000000+08:00" endTime="0001-01-01T08:00:00.0000000+08:00" testType="13cdc9d9-ddb5-4fa4-a97d-d965ccfc6d4b" outcome="NotExecuted" testListId="8c84fa94-04c1-424b-9868-57a2d4851a1d">
    </UnitTestResult>
    <UnitTestResult executionId="2202eca7-4076-4657-96ca-b3f8c5322e88" testId="0069094c-c8d1-185a-4e7f-b448c05f2bcf" testName="Join_LeftOuter" computerName="MIKE-NOTEBOOK2" duration="00:00:00" startTime="0001-01-01T08:00:00.0000000+08:00" endTime="0001-01-01T08:00:00.0000000+08:00" testType="13cdc9d9-ddb5-4fa4-a97d-d965ccfc6d4b" outcome="NotExecuted" testListId="8c84fa94-04c1-424b-9868-57a2d4851a1d">
    </UnitTestResult>
    <UnitTestResult executionId="6023dccb-e35b-44f0-a8a2-dcd99662fbff" testId="2a4df6f2-cb92-0cc3-06af-50eb91cd584f" testName="Join_LetAssignment" computerName="MIKE-NOTEBOOK2" duration="00:00:00" startTime="0001-01-01T08:00:00.0000000+08:00" endTime="0001-01-01T08:00:00.0000000+08:00" testType="13cdc9d9-ddb5-4fa4-a97d-d965ccfc6d4b" outcome="NotExecuted" testListId="8c84fa94-04c1-424b-9868-57a2d4851a1d">
    </UnitTestResult>
    <UnitTestResult executionId="ce540df8-53a2-4612-b7e1-eaaf4fea25a4" testId="2c31837e-ec26-67d2-2c83-6e25eaf2b712" testName="Join_CompositeKey" computerName="MIKE-NOTEBOOK2" duration="00:00:00" startTime="0001-01-01T08:00:00.0000000+08:00" endTime="0001-01-01T08:00:00.0000000+08:00" testType="13cdc9d9-ddb5-4fa4-a97d-d965ccfc6d4b" outcome="NotExecuted" testListId="8c84fa94-04c1-424b-9868-57a2d4851a1d">
    </UnitTestResult>
    <UnitTestResult executionId="e890760b-cfb6-4269-be96-e0ebaef30444" testId="fff15c83-a940-9529-4341-aab64713f5f4" testName="Join_NullableNonnullableKeyRelationship" computerName="MIKE-NOTEBOOK2" duration="00:00:00" startTime="0001-01-01T08:00:00.0000000+08:00" endTime="0001-01-01T08:00:00.0000000+08:00" testType="13cdc9d9-ddb5-4fa4-a97d-d965ccfc6d4b" outcome="NotExecuted" testListId="8c84fa94-04c1-424b-9868-57a2d4851a1d">
    </UnitTestResult>
    <UnitTestResult executionId="0b85bcdb-af26-46ae-b69e-53cc0f017fa7" testId="3338dab6-a26c-3367-7151-c90b570c09c7" testName="Join" computerName="MIKE-NOTEBOOK2" duration="00:00:00" startTime="0001-01-01T08:00:00.0000000+08:00" endTime="0001-01-01T08:00:00.0000000+08:00" testType="13cdc9d9-ddb5-4fa4-a97d-d965ccfc6d4b" outcome="NotExecuted" testListId="8c84fa94-04c1-424b-9868-57a2d4851a1d">
    </UnitTestResult>
    <UnitTestResult executionId="c829bdbc-1389-4656-a0a6-1eb960e82000" testId="a62736a0-6376-09f2-1ce3-7d9209d52ba9" testName="OrderBy_Simple" computerName="MIKE-NOTEBOOK2" duration="00:00:00" startTime="0001-01-01T08:00:00.0000000+08:00" endTime="0001-01-01T08:00:00.0000000+08:00" testType="13cdc9d9-ddb5-4fa4-a97d-d965ccfc6d4b" outcome="NotExecuted" testListId="8c84fa94-04c1-424b-9868-57a2d4851a1d">
    </UnitTestResult>
    <UnitTestResult executionId="fc202fd6-1c4c-4359-ab37-e0093290d1a0" testId="a09a3fda-9fbe-b78f-5f43-c1dfd0e8ac05" testName="OrderBy_Conditional" computerName="MIKE-NOTEBOOK2" duration="00:00:00" startTime="0001-01-01T08:00:00.0000000+08:00" endTime="0001-01-01T08:00:00.0000000+08:00" testType="13cdc9d9-ddb5-4fa4-a97d-d965ccfc6d4b" outcome="NotExecuted" testListId="8c84fa94-04c1-424b-9868-57a2d4851a1d">
    </UnitTestResult>
    <UnitTestResult executionId="b6e26716-70b7-4a6d-a4d8-78c9f7906efa" testId="1c62c40d-51b0-9afc-e65d-689c9d50497d" testName="OrderBy_ThenByDescending" computerName="MIKE-NOTEBOOK2" duration="00:00:00" startTime="0001-01-01T08:00:00.0000000+08:00" endTime="0001-01-01T08:00:00.0000000+08:00" testType="13cdc9d9-ddb5-4fa4-a97d-d965ccfc6d4b" outcome="NotExecuted" testListId="8c84fa94-04c1-424b-9868-57a2d4851a1d">
    </UnitTestResult>
    <UnitTestResult executionId="3357db6a-35b5-4e0d-9928-7a151acb05c1" testId="350affcb-0870-aaf7-ef75-9fcfe43d6f60" testName="OrderBy_GroupBy" computerName="MIKE-NOTEBOOK2" duration="00:00:00" startTime="0001-01-01T08:00:00.0000000+08:00" endTime="0001-01-01T08:00:00.0000000+08:00" testType="13cdc9d9-ddb5-4fa4-a97d-d965ccfc6d4b" outcome="NotExecuted" testListId="8c84fa94-04c1-424b-9868-57a2d4851a1d">
    </UnitTestResult>
    <UnitTestResult executionId="b33b235e-d0a8-4951-a654-17ffab968ecd" testId="040e9f46-9f7a-b2d7-cfcd-d44c854d00a0" testName="GroupBy_Simple" computerName="MIKE-NOTEBOOK2" duration="00:00:00" startTime="0001-01-01T08:00:00.0000000+08:00" endTime="0001-01-01T08:00:00.0000000+08:00" testType="13cdc9d9-ddb5-4fa4-a97d-d965ccfc6d4b" outcome="NotExecuted" testListId="8c84fa94-04c1-424b-9868-57a2d4851a1d">
    </UnitTestResult>
    <UnitTestResult executionId="a099ee58-2db6-4a47-920d-4d5e13efd7fa" testId="bf6267c2-8b4e-9412-fd06-3942cf41f2c6" testName="GroupBy_Select" computerName="MIKE-NOTEBOOK2" duration="00:00:00" startTime="0001-01-01T08:00:00.0000000+08:00" endTime="0001-01-01T08:00:00.0000000+08:00" testType="13cdc9d9-ddb5-4fa4-a97d-d965ccfc6d4b" outcome="NotExecuted" testListId="8c84fa94-04c1-424b-9868-57a2d4851a1d">
    </UnitTestResult>
    <UnitTestResult executionId="a02c96e4-8d32-497f-96b8-332d8d194920" testId="f4e0bf0b-ca6f-3d95-e609-0852386ba675" testName="GroupBy_Max" computerName="MIKE-NOTEBOOK2" duration="00:00:00" startTime="0001-01-01T08:00:00.0000000+08:00" endTime="0001-01-01T08:00:00.0000000+08:00" testType="13cdc9d9-ddb5-4fa4-a97d-d965ccfc6d4b" outcome="NotExecuted" testListId="8c84fa94-04c1-424b-9868-57a2d4851a1d">
    </UnitTestResult>
    <UnitTestResult executionId="7e673c09-9a85-4a0a-9620-5b83a4b99e99" testId="d8a79edf-ffea-cacf-41e4-e0e3459f2dd4" testName="GroupBy_Min" computerName="MIKE-NOTEBOOK2" duration="00:00:00" startTime="0001-01-01T08:00:00.0000000+08:00" endTime="0001-01-01T08:00:00.0000000+08:00" testType="13cdc9d9-ddb5-4fa4-a97d-d965ccfc6d4b" outcome="NotExecuted" testListId="8c84fa94-04c1-424b-9868-57a2d4851a1d">
    </UnitTestResult>
    <UnitTestResult executionId="a0cc0492-6fb1-4ebf-9d59-8a2b470c70b6" testId="064eb444-fe9e-e5c4-7b62-75514b64b2a1" testName="GroupBy_Avg" computerName="MIKE-NOTEBOOK2" duration="00:00:00" startTime="0001-01-01T08:00:00.0000000+08:00" endTime="0001-01-01T08:00:00.0000000+08:00" testType="13cdc9d9-ddb5-4fa4-a97d-d965ccfc6d4b" outcome="NotExecuted" testListId="8c84fa94-04c1-424b-9868-57a2d4851a1d">
    </UnitTestResult>
    <UnitTestResult executionId="2fb6ce68-ec07-4af4-ae69-d65ae9fae19a" testId="15d1b5b2-065b-a2ba-2e7b-6a2e1086ffc9" testName="GroupBy_Sum" computerName="MIKE-NOTEBOOK2" duration="00:00:00" startTime="0001-01-01T08:00:00.0000000+08:00" endTime="0001-01-01T08:00:00.0000000+08:00" testType="13cdc9d9-ddb5-4fa4-a97d-d965ccfc6d4b" outcome="NotExecuted" testListId="8c84fa94-04c1-424b-9868-57a2d4851a1d">
    </UnitTestResult>
    <UnitTestResult executionId="723a49e0-a474-4e7d-bd88-dbb5da8e781b" testId="ea0699e6-03ee-177f-7591-365ede29b06a" testName="GroupByCount" computerName="MIKE-NOTEBOOK2" duration="00:00:00" startTime="0001-01-01T08:00:00.0000000+08:00" endTime="0001-01-01T08:00:00.0000000+08:00" testType="13cdc9d9-ddb5-4fa4-a97d-d965ccfc6d4b" outcome="NotExecuted" testListId="8c84fa94-04c1-424b-9868-57a2d4851a1d">
    </UnitTestResult>
    <UnitTestResult executionId="03d3ace9-9154-4774-af48-c12fd5e29bcc" testId="aeaabfda-a3c2-9278-6099-750f54411b12" testName="GroupBy_ConditionalCount" computerName="MIKE-NOTEBOOK2" duration="00:00:00" startTime="0001-01-01T08:00:00.0000000+08:00" endTime="0001-01-01T08:00:00.0000000+08:00" testType="13cdc9d9-ddb5-4fa4-a97d-d965ccfc6d4b" outcome="NotExecuted" testListId="8c84fa94-04c1-424b-9868-57a2d4851a1d">
    </UnitTestResult>
    <UnitTestResult executionId="0fbc24a0-3cc0-4f0b-8e06-86bb57b71cdc" testId="a58d5eec-b67d-cea0-bd0a-aa721769c4c5" testName="GroupBy_Where" computerName="MIKE-NOTEBOOK2" duration="00:00:00" startTime="0001-01-01T08:00:00.0000000+08:00" endTime="0001-01-01T08:00:00.0000000+08:00" testType="13cdc9d9-ddb5-4fa4-a97d-d965ccfc6d4b" outcome="NotExecuted" testListId="8c84fa94-04c1-424b-9868-57a2d4851a1d">
    </UnitTestResult>
    <UnitTestResult executionId="cf1526bc-3985-4604-b3be-1394c306c46f" testId="6d450c57-9ee8-ef28-5f8f-80425f2998cc" testName="GroupBy_MultipleColumns" computerName="MIKE-NOTEBOOK2" duration="00:00:00" startTime="0001-01-01T08:00:00.0000000+08:00" endTime="0001-01-01T08:00:00.0000000+08:00" testType="13cdc9d9-ddb5-4fa4-a97d-d965ccfc6d4b" outcome="NotExecuted" testListId="8c84fa94-04c1-424b-9868-57a2d4851a1d">
    </UnitTestResult>
    <UnitTestResult executionId="6b6c5d09-9904-4639-9662-fb6b26cdb0d0" testId="2dfb319c-e318-925b-04f0-c6e027c52d7d" testName="GroupBy_Expression" computerName="MIKE-NOTEBOOK2" duration="00:00:00" startTime="0001-01-01T08:00:00.0000000+08:00" endTime="0001-01-01T08:00:00.0000000+08:00" testType="13cdc9d9-ddb5-4fa4-a97d-d965ccfc6d4b" outcome="NotExecuted" testListId="8c84fa94-04c1-424b-9868-57a2d4851a1d">
    </UnitTestResult>
    <UnitTestResult executionId="0f5da8db-a0e4-4c57-b149-deb4e4bad577" testId="016df001-8c6b-6ac5-beb1-f477f0ce6fb4" testName="GroupBy_Nested" computerName="MIKE-NOTEBOOK2" duration="00:00:00" startTime="0001-01-01T08:00:00.0000000+08:00" endTime="0001-01-01T08:00:00.0000000+08:00" testType="13cdc9d9-ddb5-4fa4-a97d-d965ccfc6d4b" outcome="NotExecuted" testListId="8c84fa94-04c1-424b-9868-57a2d4851a1d">
    </UnitTestResult>
    <UnitTestResult executionId="6a90b456-adcf-45d3-989b-a9bd010f004c" testId="5365f977-ef6d-2fd7-b425-8be6ca62eb58" testName="GroupBy_Year" computerName="MIKE-NOTEBOOK2" duration="00:00:00" startTime="0001-01-01T08:00:00.0000000+08:00" endTime="0001-01-01T08:00:00.0000000+08:00" testType="13cdc9d9-ddb5-4fa4-a97d-d965ccfc6d4b" outcome="NotExecuted" testListId="8c84fa94-04c1-424b-9868-57a2d4851a1d">
    </UnitTestResult>
    <UnitTestResult executionId="b25b0d54-aa0c-46de-aafd-d28c63ad3240" testId="9507dd61-14d5-c70d-239b-4dac2c27c56a" testName="GroupBy_Month" computerName="MIKE-NOTEBOOK2" duration="00:00:00" startTime="0001-01-01T08:00:00.0000000+08:00" endTime="0001-01-01T08:00:00.0000000+08:00" testType="13cdc9d9-ddb5-4fa4-a97d-d965ccfc6d4b" outcome="NotExecuted" testListId="8c84fa94-04c1-424b-9868-57a2d4851a1d">
    </UnitTestResult>
    <UnitTestResult executionId="f5054669-a958-4c38-9d4a-c97a766b52d7" testId="e725cb3f-e73b-f21b-4af6-bad3b970959e" testName="GroupBy_Day" computerName="MIKE-NOTEBOOK2" duration="00:00:00" startTime="0001-01-01T08:00:00.0000000+08:00" endTime="0001-01-01T08:00:00.0000000+08:00" testType="13cdc9d9-ddb5-4fa4-a97d-d965ccfc6d4b" outcome="NotExecuted" testListId="8c84fa94-04c1-424b-9868-57a2d4851a1d">
    </UnitTestResult>
    <UnitTestResult executionId="17cac66f-c287-4837-b26b-3c1c96bdc364" testId="3fb7bcc6-9e15-df27-9bae-0cf8898d9f52" testName="GroupBy_Date" computerName="MIKE-NOTEBOOK2" duration="00:00:00" startTime="0001-01-01T08:00:00.0000000+08:00" endTime="0001-01-01T08:00:00.0000000+08:00" testType="13cdc9d9-ddb5-4fa4-a97d-d965ccfc6d4b" outcome="NotExecuted" testListId="8c84fa94-04c1-424b-9868-57a2d4851a1d">
    </UnitTestResult>
    <UnitTestResult executionId="28c7c9e4-cc2c-432b-8136-4e3f789fad8d" testId="edae4c3d-d575-432e-706f-a21a7ee86164" testName="Any_Simple" computerName="MIKE-NOTEBOOK2" duration="00:00:00" startTime="0001-01-01T08:00:00.0000000+08:00" endTime="0001-01-01T08:00:00.0000000+08:00" testType="13cdc9d9-ddb5-4fa4-a97d-d965ccfc6d4b" outcome="NotExecuted" testListId="8c84fa94-04c1-424b-9868-57a2d4851a1d">
    </UnitTestResult>
    <UnitTestResult executionId="413656cc-09f4-4707-a8dd-caf72f2b157b" testId="410f0de9-a3f7-b0b7-bd08-a4c291dd1791" testName="Any_Condition" computerName="MIKE-NOTEBOOK2" duration="00:00:00" startTime="0001-01-01T08:00:00.0000000+08:00" endTime="0001-01-01T08:00:00.0000000+08:00" testType="13cdc9d9-ddb5-4fa4-a97d-d965ccfc6d4b" outcome="NotExecuted" testListId="8c84fa94-04c1-424b-9868-57a2d4851a1d">
    </UnitTestResult>
    <UnitTestResult executionId="b5cc6dd7-f563-48f7-b9c0-9590d8f5d68f" testId="8c93207a-eeee-3816-2f1f-cdd38628d911" testName="Any_Grouped" computerName="MIKE-NOTEBOOK2" duration="00:00:00" startTime="0001-01-01T08:00:00.0000000+08:00" endTime="0001-01-01T08:00:00.0000000+08:00" testType="13cdc9d9-ddb5-4fa4-a97d-d965ccfc6d4b" outcome="NotExecuted" testListId="8c84fa94-04c1-424b-9868-57a2d4851a1d">
    </UnitTestResult>
    <UnitTestResult executionId="a9a22ac6-023f-4dde-9e1f-4ba5b23e51b9" testId="c03c8ae2-afd7-bdf7-ba2d-aef0c02de6cf" testName="All_Simple" computerName="MIKE-NOTEBOOK2" duration="00:00:00" startTime="0001-01-01T08:00:00.0000000+08:00" endTime="0001-01-01T08:00:00.0000000+08:00" testType="13cdc9d9-ddb5-4fa4-a97d-d965ccfc6d4b" outcome="NotExecuted" testListId="8c84fa94-04c1-424b-9868-57a2d4851a1d">
    </UnitTestResult>
    <UnitTestResult executionId="032672e0-e122-4e2d-b8a2-1af3cc30f4d9" testId="937d5dbe-0035-84ca-9299-0cd3d0c8f22b" testName="All_Grouped" computerName="MIKE-NOTEBOOK2" duration="00:00:00" startTime="0001-01-01T08:00:00.0000000+08:00" endTime="0001-01-01T08:00:00.0000000+08:00" testType="13cdc9d9-ddb5-4fa4-a97d-d965ccfc6d4b" outcome="NotExecuted" testListId="8c84fa94-04c1-424b-9868-57a2d4851a1d">
    </UnitTestResult>
    <UnitTestResult executionId="e800e202-e989-498e-83e3-e00df4b156d4" testId="6488748f-f232-54df-df52-e22ef42dfca5" testName="Contains" computerName="MIKE-NOTEBOOK2" duration="00:00:00" startTime="0001-01-01T08:00:00.0000000+08:00" endTime="0001-01-01T08:00:00.0000000+08:00" testType="13cdc9d9-ddb5-4fa4-a97d-d965ccfc6d4b" outcome="NotExecuted" testListId="8c84fa94-04c1-424b-9868-57a2d4851a1d">
    </UnitTestResult>
    <UnitTestResult executionId="45b5b701-88a5-4a92-8417-0f5447fc604f" testId="64cf6087-cc6f-4a38-2d20-576e2201e26c" testName="Like" computerName="MIKE-NOTEBOOK2" duration="00:00:00" startTime="0001-01-01T08:00:00.0000000+08:00" endTime="0001-01-01T08:00:00.0000000+08:00" testType="13cdc9d9-ddb5-4fa4-a97d-d965ccfc6d4b" outcome="NotExecuted" testListId="8c84fa94-04c1-424b-9868-57a2d4851a1d">
    </UnitTestResult>
    <UnitTestResult executionId="0d16cff1-ec31-4956-9d59-e0935a874e42" testId="52ad2a2a-6740-a9e0-e9af-cc4cb4838079" testName="TestNull" computerName="MIKE-NOTEBOOK2" duration="00:00:00" startTime="0001-01-01T08:00:00.0000000+08:00" endTime="0001-01-01T08:00:00.0000000+08:00" testType="13cdc9d9-ddb5-4fa4-a97d-d965ccfc6d4b" outcome="NotExecuted" testListId="8c84fa94-04c1-424b-9868-57a2d4851a1d">
    </UnitTestResult>
    <UnitTestResult executionId="bb867035-0dea-4258-921c-1f0277aced74" testId="3b6a9379-b71f-6f45-9d2a-eb60e14f2bc3" testName="CollectionConvert" computerName="MIKE-NOTEBOOK2" duration="00:00:00" startTime="0001-01-01T08:00:00.0000000+08:00" endTime="0001-01-01T08:00:00.0000000+08:00" testType="13cdc9d9-ddb5-4fa4-a97d-d965ccfc6d4b" outcome="NotExecuted" testListId="8c84fa94-04c1-424b-9868-57a2d4851a1d">
    </UnitTestResult>
    <UnitTestResult executionId="a4564eb9-0d5d-4251-bc44-8206f57084ca" testId="423861b6-b7c4-abc2-0bff-47b49bf004b3" testName="Concat" computerName="MIKE-NOTEBOOK2" duration="00:00:00" startTime="0001-01-01T08:00:00.0000000+08:00" endTime="0001-01-01T08:00:00.0000000+08:00" testType="13cdc9d9-ddb5-4fa4-a97d-d965ccfc6d4b" outcome="NotExecuted" testListId="8c84fa94-04c1-424b-9868-57a2d4851a1d">
    </UnitTestResult>
    <UnitTestResult executionId="3da1b4c7-dd4a-40b6-89b9-41f7f3954f1b" testId="0102058f-7ded-ab33-bfaa-1bb86366d5c7" testName="StringConcat" computerName="MIKE-NOTEBOOK2" duration="00:00:00" startTime="0001-01-01T08:00:00.0000000+08:00" endTime="0001-01-01T08:00:00.0000000+08:00" testType="13cdc9d9-ddb5-4fa4-a97d-d965ccfc6d4b" outcome="NotExecuted" testListId="8c84fa94-04c1-424b-9868-57a2d4851a1d">
    </UnitTestResult>
    <UnitTestResult executionId="0cbe2456-8bf1-48e9-854c-4c15ece97538" testId="2ad8d658-5b80-2fdf-980d-2ac2447b0d1f" testName="StringLength" computerName="MIKE-NOTEBOOK2" duration="00:00:00" startTime="0001-01-01T08:00:00.0000000+08:00" endTime="0001-01-01T08:00:00.0000000+08:00" testType="13cdc9d9-ddb5-4fa4-a97d-d965ccfc6d4b" outcome="NotExecuted" testListId="8c84fa94-04c1-424b-9868-57a2d4851a1d">
    </UnitTestResult>
    <UnitTestResult executionId="ea644a26-80eb-4158-ba45-9cfd2759c390" testId="1721dca6-c06e-6408-f95c-cd0f5de2495b" testName="StringContain" computerName="MIKE-NOTEBOOK2" duration="00:00:00" startTime="0001-01-01T08:00:00.0000000+08:00" endTime="0001-01-01T08:00:00.0000000+08:00" testType="13cdc9d9-ddb5-4fa4-a97d-d965ccfc6d4b" outcome="NotExecuted" testListId="8c84fa94-04c1-424b-9868-57a2d4851a1d">
    </UnitTestResult>
    <UnitTestResult executionId="7985828a-0880-4b8a-9582-9e58a230f717" testId="159eecd7-ad69-74e3-7b8c-64f9ef68dfe5" testName="StringIndexOf" computerName="MIKE-NOTEBOOK2" duration="00:00:00" startTime="0001-01-01T08:00:00.0000000+08:00" endTime="0001-01-01T08:00:00.0000000+08:00" testType="13cdc9d9-ddb5-4fa4-a97d-d965ccfc6d4b" outcome="NotExecuted" testListId="8c84fa94-04c1-424b-9868-57a2d4851a1d">
    </UnitTestResult>
    <UnitTestResult executionId="4ab87ea8-a463-4583-b665-33295f9eb57e" testId="a98ea7b2-8fe8-fd60-30f1-c2feee5385db" testName="StringStartsWith" computerName="MIKE-NOTEBOOK2" duration="00:00:00" startTime="0001-01-01T08:00:00.0000000+08:00" endTime="0001-01-01T08:00:00.0000000+08:00" testType="13cdc9d9-ddb5-4fa4-a97d-d965ccfc6d4b" outcome="NotExecuted" testListId="8c84fa94-04c1-424b-9868-57a2d4851a1d">
    </UnitTestResult>
    <UnitTestResult executionId="9dc2a792-6a96-4c42-ab24-fa90ef0c3907" testId="0876ecc1-622f-4490-0706-237ffb063b37" testName="StringEndsWith" computerName="MIKE-NOTEBOOK2" duration="00:00:00" startTime="0001-01-01T08:00:00.0000000+08:00" endTime="0001-01-01T08:00:00.0000000+08:00" testType="13cdc9d9-ddb5-4fa4-a97d-d965ccfc6d4b" outcome="NotExecuted" testListId="8c84fa94-04c1-424b-9868-57a2d4851a1d">
    </UnitTestResult>
    <UnitTestResult executionId="018ea80d-0c4e-45a2-b051-3369562a1207" testId="d55d5862-0019-c8db-8fdd-6af0d6656f08" testName="StringSubstring" computerName="MIKE-NOTEBOOK2" duration="00:00:00" startTime="0001-01-01T08:00:00.0000000+08:00" endTime="0001-01-01T08:00:00.0000000+08:00" testType="13cdc9d9-ddb5-4fa4-a97d-d965ccfc6d4b" outcome="NotExecuted" testListId="8c84fa94-04c1-424b-9868-57a2d4851a1d">
    </UnitTestResult>
    <UnitTestResult executionId="b8dd6fb6-b460-41d9-bdfc-f0c7204f9559" testId="36f96050-3feb-3c37-65cd-306a2f8cc6d3" testName="StringToUpper" computerName="MIKE-NOTEBOOK2" duration="00:00:00" startTime="0001-01-01T08:00:00.0000000+08:00" endTime="0001-01-01T08:00:00.0000000+08:00" testType="13cdc9d9-ddb5-4fa4-a97d-d965ccfc6d4b" outcome="NotExecuted" testListId="8c84fa94-04c1-424b-9868-57a2d4851a1d">
    </UnitTestResult>
    <UnitTestResult executionId="b1ed53de-9ef2-4efa-abdc-3356c30ddba5" testId="b2b35100-061c-c686-df3d-28171ad0f1da" testName="StringToLower" computerName="MIKE-NOTEBOOK2" duration="00:00:00" startTime="0001-01-01T08:00:00.0000000+08:00" endTime="0001-01-01T08:00:00.0000000+08:00" testType="13cdc9d9-ddb5-4fa4-a97d-d965ccfc6d4b" outcome="NotExecuted" testListId="8c84fa94-04c1-424b-9868-57a2d4851a1d">
    </UnitTestResult>
    <UnitTestResult executionId="c67a06a5-e990-46b2-bdf9-80733fbc2182" testId="046eeca6-31e2-0a93-ebf6-b22f34678a5c" testName="String_Trim" computerName="MIKE-NOTEBOOK2" duration="00:00:00" startTime="0001-01-01T08:00:00.0000000+08:00" endTime="0001-01-01T08:00:00.0000000+08:00" testType="13cdc9d9-ddb5-4fa4-a97d-d965ccfc6d4b" outcome="NotExecuted" testListId="8c84fa94-04c1-424b-9868-57a2d4851a1d">
    </UnitTestResult>
    <UnitTestResult executionId="bd0dfe16-cbb2-4c1b-bbc4-68372339550a" testId="f5897722-5d12-bf17-aa37-993f860b1732" testName="String_TrimStart" computerName="MIKE-NOTEBOOK2" duration="00:00:00" startTime="0001-01-01T08:00:00.0000000+08:00" endTime="0001-01-01T08:00:00.0000000+08:00" testType="13cdc9d9-ddb5-4fa4-a97d-d965ccfc6d4b" outcome="NotExecuted" testListId="8c84fa94-04c1-424b-9868-57a2d4851a1d">
    </UnitTestResult>
    <UnitTestResult executionId="a02e7be9-b529-4a9e-a919-ef3873ee5dfd" testId="877dd8a8-2cbf-e2f4-bf88-a049250d7993" testName="String_TrimEnd" computerName="MIKE-NOTEBOOK2" duration="00:00:00" startTime="0001-01-01T08:00:00.0000000+08:00" endTime="0001-01-01T08:00:00.0000000+08:00" testType="13cdc9d9-ddb5-4fa4-a97d-d965ccfc6d4b" outcome="NotExecuted" testListId="8c84fa94-04c1-424b-9868-57a2d4851a1d">
    </UnitTestResult>
    <UnitTestResult executionId="310e5767-6303-476f-b30e-76b37713353c" testId="a47002d1-874a-960c-d7f3-8f2dd9958088" testName="StringInsert" computerName="MIKE-NOTEBOOK2" duration="00:00:00" startTime="0001-01-01T08:00:00.0000000+08:00" endTime="0001-01-01T08:00:00.0000000+08:00" testType="13cdc9d9-ddb5-4fa4-a97d-d965ccfc6d4b" outcome="NotExecuted" testListId="8c84fa94-04c1-424b-9868-57a2d4851a1d">
    </UnitTestResult>
    <UnitTestResult executionId="4c0957c7-54db-4ca6-b381-5de11356b24a" testId="e302f299-cea8-2e5d-4c3e-823d98931012" testName="StringRemove" computerName="MIKE-NOTEBOOK2" duration="00:00:00" startTime="0001-01-01T08:00:00.0000000+08:00" endTime="0001-01-01T08:00:00.0000000+08:00" testType="13cdc9d9-ddb5-4fa4-a97d-d965ccfc6d4b" outcome="NotExecuted" testListId="8c84fa94-04c1-424b-9868-57a2d4851a1d">
    </UnitTestResult>
    <UnitTestResult executionId="85fa4696-9efe-4141-a566-f76806f956e0" testId="e4b7446d-4e5d-23b4-e11f-2454a3b89993" testName="StringRelace" computerName="MIKE-NOTEBOOK2" duration="00:00:00" startTime="0001-01-01T08:00:00.0000000+08:00" endTime="0001-01-01T08:00:00.0000000+08:00" testType="13cdc9d9-ddb5-4fa4-a97d-d965ccfc6d4b" outcome="NotExecuted" testListId="8c84fa94-04c1-424b-9868-57a2d4851a1d">
    </UnitTestResult>
    <UnitTestResult executionId="3f7baa95-5549-470d-bbac-4aec06ea9cfc" testId="0c8528b8-cd46-4fa3-c57f-da6309bd62f8" testName="DateTime_Year" computerName="MIKE-NOTEBOOK2" duration="00:00:00" startTime="0001-01-01T08:00:00.0000000+08:00" endTime="0001-01-01T08:00:00.0000000+08:00" testType="13cdc9d9-ddb5-4fa4-a97d-d965ccfc6d4b" outcome="NotExecuted" testListId="8c84fa94-04c1-424b-9868-57a2d4851a1d">
    </UnitTestResult>
    <UnitTestResult executionId="d9a0ffb2-0c0b-485d-aab0-953750e0c507" testId="c5174b31-c9f1-11d3-a599-6c4e80984610" testName="DateTime_Month" computerName="MIKE-NOTEBOOK2" duration="00:00:00" startTime="0001-01-01T08:00:00.0000000+08:00" endTime="0001-01-01T08:00:00.0000000+08:00" testType="13cdc9d9-ddb5-4fa4-a97d-d965ccfc6d4b" outcome="NotExecuted" testListId="8c84fa94-04c1-424b-9868-57a2d4851a1d">
    </UnitTestResult>
    <UnitTestResult executionId="a6b19cd0-375c-4136-a077-5a0655a66fbc" testId="4037ddde-6b65-d5c1-a07d-2ff14a292b19" testName="DateTime_Day" computerName="MIKE-NOTEBOOK2" duration="00:00:00" startTime="0001-01-01T08:00:00.0000000+08:00" endTime="0001-01-01T08:00:00.0000000+08:00" testType="13cdc9d9-ddb5-4fa4-a97d-d965ccfc6d4b" outcome="NotExecuted" testListId="8c84fa94-04c1-424b-9868-57a2d4851a1d">
    </UnitTestResult>
    <UnitTestResult executionId="198432a5-f6c7-4726-9d6a-0a924b48a749" testId="e7a46001-7e93-22be-a1fb-2583c50c3867" testName="DateTimeGT" computerName="MIKE-NOTEBOOK2" duration="00:00:00" startTime="0001-01-01T08:00:00.0000000+08:00" endTime="0001-01-01T08:00:00.0000000+08:00" testType="13cdc9d9-ddb5-4fa4-a97d-d965ccfc6d4b" outcome="NotExecuted" testListId="8c84fa94-04c1-424b-9868-57a2d4851a1d">
    </UnitTestResult>
    <UnitTestResult executionId="1d94b845-9afe-4b98-8548-853eae6645fe" testId="bbe8b0f0-9924-b6ae-32c2-4e48cef7f2f2" testName="DateTimeGE" computerName="MIKE-NOTEBOOK2" duration="00:00:00" startTime="0001-01-01T08:00:00.0000000+08:00" endTime="0001-01-01T08:00:00.0000000+08:00" testType="13cdc9d9-ddb5-4fa4-a97d-d965ccfc6d4b" outcome="NotExecuted" testListId="8c84fa94-04c1-424b-9868-57a2d4851a1d">
    </UnitTestResult>
    <UnitTestResult executionId="65e68324-6bdb-4ee3-819f-2005059d1982" testId="cc0e75e8-c23d-d5d0-3e19-0d695c678591" testName="DateTimeLT" computerName="MIKE-NOTEBOOK2" duration="00:00:00" startTime="0001-01-01T08:00:00.0000000+08:00" endTime="0001-01-01T08:00:00.0000000+08:00" testType="13cdc9d9-ddb5-4fa4-a97d-d965ccfc6d4b" outcome="NotExecuted" testListId="8c84fa94-04c1-424b-9868-57a2d4851a1d">
    </UnitTestResult>
    <UnitTestResult executionId="7d2e7a4e-2fb8-495b-8ee7-d7f27a77d0b7" testId="3c556e7b-3a88-4c68-d43f-ac85bed83e69" testName="DateTimeLE" computerName="MIKE-NOTEBOOK2" duration="00:00:00" startTime="0001-01-01T08:00:00.0000000+08:00" endTime="0001-01-01T08:00:00.0000000+08:00" testType="13cdc9d9-ddb5-4fa4-a97d-d965ccfc6d4b" outcome="NotExecuted" testListId="8c84fa94-04c1-424b-9868-57a2d4851a1d">
    </UnitTestResult>
    <UnitTestResult executionId="59144ec2-7a72-4e37-884f-f9183f5c762c" testId="5d3bfcdc-d59f-60f5-56fd-3d3ddad5ac7e" testName="DateTime_Date" computerName="MIKE-NOTEBOOK2" duration="00:00:00" startTime="0001-01-01T08:00:00.0000000+08:00" endTime="0001-01-01T08:00:00.0000000+08:00" testType="13cdc9d9-ddb5-4fa4-a97d-d965ccfc6d4b" outcome="NotExecuted" testListId="8c84fa94-04c1-424b-9868-57a2d4851a1d">
    </UnitTestResult>
    <UnitTestResult executionId="522400dc-7c82-4a6d-bf23-44dc2ae8cbd3" testId="0e2c74db-c8e0-feeb-f7b4-ee478fd1b7b3" testName="DateTime_TimeOfDay" computerName="MIKE-NOTEBOOK2" duration="00:00:00" startTime="0001-01-01T08:00:00.0000000+08:00" endTime="0001-01-01T08:00:00.0000000+08:00" testType="13cdc9d9-ddb5-4fa4-a97d-d965ccfc6d4b" outcome="NotExecuted" testListId="8c84fa94-04c1-424b-9868-57a2d4851a1d">
    </UnitTestResult>
    <UnitTestResult executionId="0c21742b-a3ad-4dda-943b-989a76069981" testId="86016d73-3904-c210-6067-2e5d8e38071a" testName="Insert_Simple" computerName="MIKE-NOTEBOOK2" duration="00:00:00" startTime="0001-01-01T08:00:00.0000000+08:00" endTime="0001-01-01T08:00:00.0000000+08:00" testType="13cdc9d9-ddb5-4fa4-a97d-d965ccfc6d4b" outcome="NotExecuted" testListId="8c84fa94-04c1-424b-9868-57a2d4851a1d">
    </UnitTestResult>
    <UnitTestResult executionId="b0fe0d60-1b48-41bb-b8f0-bbaeade0bb42" testId="dcab420c-bab4-7638-4fce-acab7bc6fdb7" testName="Insert_OneToMany" computerName="MIKE-NOTEBOOK2" duration="00:00:00" startTime="0001-01-01T08:00:00.0000000+08:00" endTime="0001-01-01T08:00:00.0000000+08:00" testType="13cdc9d9-ddb5-4fa4-a97d-d965ccfc6d4b" outcome="NotExecuted" testListId="8c84fa94-04c1-424b-9868-57a2d4851a1d">
    </UnitTestResult>
    <UnitTestResult executionId="83c0a409-0471-4a12-ab72-b3adda71e507" testId="5b976b0d-a3a3-0015-c690-ea0bafb312f4" testName="Insert_ManyToMany" computerName="MIKE-NOTEBOOK2" duration="00:00:00" startTime="0001-01-01T08:00:00.0000000+08:00" endTime="0001-01-01T08:00:00.0000000+08:00" testType="13cdc9d9-ddb5-4fa4-a97d-d965ccfc6d4b" outcome="NotExecuted" testListId="8c84fa94-04c1-424b-9868-57a2d4851a1d">
    </UnitTestResult>
    <UnitTestResult executionId="a46bbdce-18e6-4f06-833e-3e6737e3e770" testId="3c2f5ba0-ad0d-fb4b-7689-bec1c1674051" testName="Delete_ManyToMany" computerName="MIKE-NOTEBOOK2" duration="00:00:00" startTime="0001-01-01T08:00:00.0000000+08:00" endTime="0001-01-01T08:00:00.0000000+08:00" testType="13cdc9d9-ddb5-4fa4-a97d-d965ccfc6d4b" outcome="NotExecuted" testListId="8c84fa94-04c1-424b-9868-57a2d4851a1d">
    </UnitTestResult>
    <UnitTestResult executionId="6a713d42-51ec-4a7e-bf56-db81d8ab8505" testId="3a90f6a4-0f0c-c1a3-9b00-25a278847b5a" testName="Update" computerName="MIKE-NOTEBOOK2" duration="00:00:00" startTime="0001-01-01T08:00:00.0000000+08:00" endTime="0001-01-01T08:00:00.0000000+08:00" testType="13cdc9d9-ddb5-4fa4-a97d-d965ccfc6d4b" outcome="NotExecuted" testListId="8c84fa94-04c1-424b-9868-57a2d4851a1d">
    </UnitTestResult>
    <UnitTestResult executionId="de2add0a-e0d9-463a-9570-a5e1f6544181" testId="7ba928e1-0973-4c77-d029-e17b1f6390e6" testName="Inherit" computerName="MIKE-NOTEBOOK2" duration="00:00:00" startTime="0001-01-01T08:00:00.0000000+08:00" endTime="0001-01-01T08:00:00.0000000+08:00" testType="13cdc9d9-ddb5-4fa4-a97d-d965ccfc6d4b" outcome="NotExecuted" testListId="8c84fa94-04c1-424b-9868-57a2d4851a1d">
    </UnitTestResult>
    <UnitTestResult executionId="d7f91e77-3014-461a-8e86-2d38ca45a379" testId="543908f5-5ba0-ab4d-d32b-a9f2b73b410f" testName="Insert_Inherit" computerName="MIKE-NOTEBOOK2" duration="00:00:00" startTime="0001-01-01T08:00:00.0000000+08:00" endTime="0001-01-01T08:00:00.0000000+08:00" testType="13cdc9d9-ddb5-4fa4-a97d-d965ccfc6d4b" outcome="NotExecuted" testListId="8c84fa94-04c1-424b-9868-57a2d4851a1d">
    </UnitTestResult>
    <UnitTestResult executionId="fb548803-737c-496d-ad50-089fcfc7eb82" testId="80afa14b-8d36-1c8f-39d3-5f0ec5825881" testName="DataLoadOptionsTest" computerName="MIKE-NOTEBOOK2" duration="00:00:00" startTime="0001-01-01T08:00:00.0000000+08:00" endTime="0001-01-01T08:00:00.0000000+08:00" testType="13cdc9d9-ddb5-4fa4-a97d-d965ccfc6d4b" outcome="NotExecuted" testListId="8c84fa94-04c1-424b-9868-57a2d4851a1d">
    </UnitTestResult>
    <UnitTestResult executionId="8fe86c48-c26d-4219-9532-b1438d69d2a5" testId="51320184-23d2-36be-2d2c-975bb2a27340" testName="Null" computerName="MIKE-NOTEBOOK2" duration="00:00:00" startTime="0001-01-01T08:00:00.0000000+08:00" endTime="0001-01-01T08:00:00.0000000+08:00" testType="13cdc9d9-ddb5-4fa4-a97d-d965ccfc6d4b" outcome="NotExecuted" testListId="8c84fa94-04c1-424b-9868-57a2d4851a1d">
    </UnitTestResult>
    <UnitTestResult executionId="b36fe0b7-e6d8-4ec3-b8c8-eb1d0bcecc6f" testId="2908e470-2d2a-f25d-5427-ca655ac611d3" testName="CreateDatabase" computerName="MIKE-NOTEBOOK2" duration="00:00:00" startTime="0001-01-01T08:00:00.0000000+08:00" endTime="0001-01-01T08:00:00.0000000+08:00" testType="13cdc9d9-ddb5-4fa4-a97d-d965ccfc6d4b" outcome="NotExecuted" testListId="8c84fa94-04c1-424b-9868-57a2d4851a1d">
    </UnitTestResult>
    <UnitTestResult executionId="12e92fd4-56c4-4c40-b4b2-a0ae1ebbc883" testId="2a6b5c94-e089-71cd-f89b-dcb01f740cf0" testName="ResolveAll" computerName="MIKE-NOTEBOOK2" duration="00:00:00" startTime="0001-01-01T08:00:00.0000000+08:00" endTime="0001-01-01T08:00:00.0000000+08:00" testType="13cdc9d9-ddb5-4fa4-a97d-d965ccfc6d4b" outcome="NotExecuted" testListId="8c84fa94-04c1-424b-9868-57a2d4851a1d">
    </UnitTestResult>
    <UnitTestResult executionId="094661c9-b865-41c9-bf33-45d902536fe6" testId="06ea1067-95b7-298a-695d-2096f664b4cc" testName="ComposeKey" computerName="MIKE-NOTEBOOK2" duration="00:00:00" startTime="0001-01-01T08:00:00.0000000+08:00" endTime="0001-01-01T08:00:00.0000000+08:00" testType="13cdc9d9-ddb5-4fa4-a97d-d965ccfc6d4b" outcome="NotExecuted" testListId="8c84fa94-04c1-424b-9868-57a2d4851a1d">
    </UnitTestResult>
    <UnitTestResult executionId="6dcab0f8-78c2-4efe-a0cd-6f8a047ba5ce" testId="f2ee4033-41ac-dcde-984d-5ea35687a6a3" testName="AutoGuid" computerName="MIKE-NOTEBOOK2" duration="00:00:00" startTime="0001-01-01T08:00:00.0000000+08:00" endTime="0001-01-01T08:00:00.0000000+08:00" testType="13cdc9d9-ddb5-4fa4-a97d-d965ccfc6d4b" outcome="NotExecuted" testListId="8c84fa94-04c1-424b-9868-57a2d4851a1d">
    </UnitTestResult>
    <UnitTestResult executionId="95eb9578-b611-49aa-b207-535e3bfec93b" testId="99854217-8fd5-87eb-853c-88ee3a5bc23a" testName="Association" computerName="MIKE-NOTEBOOK2" duration="00:00:00" startTime="0001-01-01T08:00:00.0000000+08:00" endTime="0001-01-01T08:00:00.0000000+08:00" testType="13cdc9d9-ddb5-4fa4-a97d-d965ccfc6d4b" outcome="NotExecuted" testListId="8c84fa94-04c1-424b-9868-57a2d4851a1d">
    </UnitTestResult>
    <UnitTestResult executionId="97a02e1a-fa89-4f45-89ab-3e445fa78bf3" testId="1fea7049-0e30-221f-4a09-1103e68a049e" testName="Test1" computerName="MIKE-NOTEBOOK2" duration="00:00:00" startTime="0001-01-01T08:00:00.0000000+08:00" endTime="0001-01-01T08:00:00.0000000+08:00" testType="13cdc9d9-ddb5-4fa4-a97d-d965ccfc6d4b" outcome="NotExecuted" testListId="8c84fa94-04c1-424b-9868-57a2d4851a1d">
    </UnitTestResult>
    <UnitTestResult executionId="4ed18dd7-6b83-4af9-8359-30a755279b89" testId="1d721389-af3b-30fc-8f7c-6024b9a99314" testName="Test2" computerName="MIKE-NOTEBOOK2" duration="00:00:00" startTime="0001-01-01T08:00:00.0000000+08:00" endTime="0001-01-01T08:00:00.0000000+08:00" testType="13cdc9d9-ddb5-4fa4-a97d-d965ccfc6d4b" outcome="NotExecuted" testListId="8c84fa94-04c1-424b-9868-57a2d4851a1d">
    </UnitTestResult>
    <UnitTestResult executionId="c0259842-a10f-464f-a5c8-f7d2551b15d2" testId="1597b38c-2fa1-3d23-df80-01dcb73e4ed7" testName="StringConnect" computerName="MIKE-NOTEBOOK2" duration="00:00:00" startTime="0001-01-01T08:00:00.0000000+08:00" endTime="0001-01-01T08:00:00.0000000+08:00" testType="13cdc9d9-ddb5-4fa4-a97d-d965ccfc6d4b" outcome="NotExecuted" testListId="8c84fa94-04c1-424b-9868-57a2d4851a1d">
    </UnitTestResult>
    <UnitTestResult executionId="cebd4a52-77ea-40e8-bb17-0f6540e2e935" testId="fa8dda7f-a4f4-111c-9322-8f6349cc36c6" testName="Aggregate_Null" computerName="MIKE-NOTEBOOK2" duration="00:00:00" startTime="0001-01-01T08:00:00.0000000+08:00" endTime="0001-01-01T08:00:00.0000000+08:00" testType="13cdc9d9-ddb5-4fa4-a97d-d965ccfc6d4b" outcome="NotExecuted" testListId="8c84fa94-04c1-424b-9868-57a2d4851a1d">
    </UnitTestResult>
    <UnitTestResult executionId="6413a962-fcef-4bfa-bab0-bdceee90a432" testId="8bdd8e0c-9c03-a7fb-6960-13afb2c66dad" testName="GetDefaultValue" computerName="MIKE-NOTEBOOK2" duration="00:00:00" startTime="0001-01-01T08:00:00.0000000+08:00" endTime="0001-01-01T08:00:00.0000000+08:00" testType="13cdc9d9-ddb5-4fa4-a97d-d965ccfc6d4b" outcome="NotExecuted" testListId="8c84fa94-04c1-424b-9868-57a2d4851a1d">
    </UnitTestResult>
    <UnitTestResult executionId="fdaeb81d-d3b6-4aed-a5d4-0089b33f0e66" testId="051235bd-a218-4c69-f9ef-0fb2b23484c6" testName="Math_Abs" computerName="MIKE-NOTEBOOK2" duration="00:00:00" startTime="0001-01-01T08:00:00.0000000+08:00" endTime="0001-01-01T08:00:00.0000000+08:00" testType="13cdc9d9-ddb5-4fa4-a97d-d965ccfc6d4b" outcome="NotExecuted" testListId="8c84fa94-04c1-424b-9868-57a2d4851a1d">
    </UnitTestResult>
    <UnitTestResult executionId="1defa77a-6a19-4e63-979d-fc64467177b3" testId="ff482888-932c-3694-5b04-f03df920b124" testName="Math_Acos" computerName="MIKE-NOTEBOOK2" duration="00:00:00" startTime="0001-01-01T08:00:00.0000000+08:00" endTime="0001-01-01T08:00:00.0000000+08:00" testType="13cdc9d9-ddb5-4fa4-a97d-d965ccfc6d4b" outcome="NotExecuted" testListId="8c84fa94-04c1-424b-9868-57a2d4851a1d">
    </UnitTestResult>
    <UnitTestResult executionId="2820f313-7f62-40f7-97bf-ed4f96647a40" testId="0b4e67d2-a3a5-9458-ee25-fa1c73737a2e" testName="Math_Asin" computerName="MIKE-NOTEBOOK2" duration="00:00:00" startTime="0001-01-01T08:00:00.0000000+08:00" endTime="0001-01-01T08:00:00.0000000+08:00" testType="13cdc9d9-ddb5-4fa4-a97d-d965ccfc6d4b" outcome="NotExecuted" testListId="8c84fa94-04c1-424b-9868-57a2d4851a1d">
    </UnitTestResult>
    <UnitTestResult executionId="2ce535de-ecde-41c1-8d7c-a7023e4a61c2" testId="2169b153-5d82-b6d6-ea62-ab56efa2e3b3" testName="Math_Atan" computerName="MIKE-NOTEBOOK2" duration="00:00:00" startTime="0001-01-01T08:00:00.0000000+08:00" endTime="0001-01-01T08:00:00.0000000+08:00" testType="13cdc9d9-ddb5-4fa4-a97d-d965ccfc6d4b" outcome="NotExecuted" testListId="8c84fa94-04c1-424b-9868-57a2d4851a1d">
    </UnitTestResult>
    <UnitTestResult executionId="95fb229b-ac41-4954-9b41-ab79d63cfc8f" testId="d148878e-82dd-f813-64c4-e9b3d98353db" testName="Math_Atan2" computerName="MIKE-NOTEBOOK2" duration="00:00:00" startTime="0001-01-01T08:00:00.0000000+08:00" endTime="0001-01-01T08:00:00.0000000+08:00" testType="13cdc9d9-ddb5-4fa4-a97d-d965ccfc6d4b" outcome="NotExecuted" testListId="8c84fa94-04c1-424b-9868-57a2d4851a1d">
    </UnitTestResult>
    <UnitTestResult executionId="515e0aaa-b270-4fb8-8a3d-a5e5aad05e7d" testId="f35a97bf-bf86-3d84-4898-725605d86fb2" testName="Math_BigMul" computerName="MIKE-NOTEBOOK2" duration="00:00:00" startTime="0001-01-01T08:00:00.0000000+08:00" endTime="0001-01-01T08:00:00.0000000+08:00" testType="13cdc9d9-ddb5-4fa4-a97d-d965ccfc6d4b" outcome="NotExecuted" testListId="8c84fa94-04c1-424b-9868-57a2d4851a1d">
    </UnitTestResult>
    <UnitTestResult executionId="ab1a8b35-0a43-4187-9a47-2bf71d78fbec" testId="8de2f614-2bfe-0f34-2023-38c08bda3420" testName="Math_Ceiling" computerName="MIKE-NOTEBOOK2" duration="00:00:00" startTime="0001-01-01T08:00:00.0000000+08:00" endTime="0001-01-01T08:00:00.0000000+08:00" testType="13cdc9d9-ddb5-4fa4-a97d-d965ccfc6d4b" outcome="NotExecuted" testListId="8c84fa94-04c1-424b-9868-57a2d4851a1d">
    </UnitTestResult>
    <UnitTestResult executionId="daf7d7e2-6488-48dd-b8aa-86047189412e" testId="ba91e0d4-336e-2082-a0d7-759023213742" testName="Math_Cos" computerName="MIKE-NOTEBOOK2" duration="00:00:00" startTime="0001-01-01T08:00:00.0000000+08:00" endTime="0001-01-01T08:00:00.0000000+08:00" testType="13cdc9d9-ddb5-4fa4-a97d-d965ccfc6d4b" outcome="NotExecuted" testListId="8c84fa94-04c1-424b-9868-57a2d4851a1d">
    </UnitTestResult>
    <UnitTestResult executionId="75a3bc45-3d5f-42d0-a1dd-337868da9735" testId="d197c513-e2a5-0bc9-c74b-601e384d6633" testName="Math_Cosh" computerName="MIKE-NOTEBOOK2" duration="00:00:00" startTime="0001-01-01T08:00:00.0000000+08:00" endTime="0001-01-01T08:00:00.0000000+08:00" testType="13cdc9d9-ddb5-4fa4-a97d-d965ccfc6d4b" outcome="NotExecuted" testListId="8c84fa94-04c1-424b-9868-57a2d4851a1d">
    </UnitTestResult>
    <UnitTestResult executionId="00146dd9-0442-4e22-b3a0-15b6a6b54a3e" testId="217add7d-219d-c18f-21a5-220944ec976e" testName="Math_DivRem" computerName="MIKE-NOTEBOOK2" duration="00:00:00" startTime="0001-01-01T08:00:00.0000000+08:00" endTime="0001-01-01T08:00:00.0000000+08:00" testType="13cdc9d9-ddb5-4fa4-a97d-d965ccfc6d4b" outcome="NotExecuted" testListId="8c84fa94-04c1-424b-9868-57a2d4851a1d">
    </UnitTestResult>
    <UnitTestResult executionId="c22cf2d3-4c16-461f-b8a9-ec408fad92d1" testId="f9ab64b5-5531-9e24-973d-5cf6133953a5" testName="Math_Exp" computerName="MIKE-NOTEBOOK2" duration="00:00:00" startTime="0001-01-01T08:00:00.0000000+08:00" endTime="0001-01-01T08:00:00.0000000+08:00" testType="13cdc9d9-ddb5-4fa4-a97d-d965ccfc6d4b" outcome="NotExecuted" testListId="8c84fa94-04c1-424b-9868-57a2d4851a1d">
    </UnitTestResult>
    <UnitTestResult executionId="c8edf150-ac96-4cb3-a574-d87fd496e3ed" testId="ec9a32d2-df7c-3230-dcb2-4da3805a09ce" testName="Math_Floor" computerName="MIKE-NOTEBOOK2" duration="00:00:00" startTime="0001-01-01T08:00:00.0000000+08:00" endTime="0001-01-01T08:00:00.0000000+08:00" testType="13cdc9d9-ddb5-4fa4-a97d-d965ccfc6d4b" outcome="NotExecuted" testListId="8c84fa94-04c1-424b-9868-57a2d4851a1d">
    </UnitTestResult>
    <UnitTestResult executionId="af9cb861-a4a2-4ffc-bc7d-0c71b31d453b" testId="f3197db1-bfbd-1b66-8e92-d40c5b27e1f9" testName="Math_Log" computerName="MIKE-NOTEBOOK2" duration="00:00:00" startTime="0001-01-01T08:00:00.0000000+08:00" endTime="0001-01-01T08:00:00.0000000+08:00" testType="13cdc9d9-ddb5-4fa4-a97d-d965ccfc6d4b" outcome="NotExecuted" testListId="8c84fa94-04c1-424b-9868-57a2d4851a1d">
    </UnitTestResult>
    <UnitTestResult executionId="62d765ec-5159-4bc9-9628-1f4b78b1fdb2" testId="d75b476e-9c73-4f05-8511-9f28d4f35f57" testName="Math_Log10" computerName="MIKE-NOTEBOOK2" duration="00:00:00" startTime="0001-01-01T08:00:00.0000000+08:00" endTime="0001-01-01T08:00:00.0000000+08:00" testType="13cdc9d9-ddb5-4fa4-a97d-d965ccfc6d4b" outcome="NotExecuted" testListId="8c84fa94-04c1-424b-9868-57a2d4851a1d">
    </UnitTestResult>
    <UnitTestResult executionId="33991a7b-1e20-4d78-8f55-768555f1660c" testId="763759d1-24f1-a8a0-a0ed-5b0e4cb28178" testName="Math_Max" computerName="MIKE-NOTEBOOK2" duration="00:00:00" startTime="0001-01-01T08:00:00.0000000+08:00" endTime="0001-01-01T08:00:00.0000000+08:00" testType="13cdc9d9-ddb5-4fa4-a97d-d965ccfc6d4b" outcome="NotExecuted" testListId="8c84fa94-04c1-424b-9868-57a2d4851a1d">
    </UnitTestResult>
    <UnitTestResult executionId="058bd72d-04dc-4bad-9824-fd8cd5223db2" testId="64296870-46a3-1fa3-0a14-8a55b2c5c6b7" testName="Math_Min" computerName="MIKE-NOTEBOOK2" duration="00:00:00" startTime="0001-01-01T08:00:00.0000000+08:00" endTime="0001-01-01T08:00:00.0000000+08:00" testType="13cdc9d9-ddb5-4fa4-a97d-d965ccfc6d4b" outcome="NotExecuted" testListId="8c84fa94-04c1-424b-9868-57a2d4851a1d">
    </UnitTestResult>
    <UnitTestResult executionId="3576244f-4c68-45f4-bb8c-222100c6f255" testId="663ddd63-73a3-74bb-435d-29c31b12cb67" testName="Math_Pow" computerName="MIKE-NOTEBOOK2" duration="00:00:00" startTime="0001-01-01T08:00:00.0000000+08:00" endTime="0001-01-01T08:00:00.0000000+08:00" testType="13cdc9d9-ddb5-4fa4-a97d-d965ccfc6d4b" outcome="NotExecuted" testListId="8c84fa94-04c1-424b-9868-57a2d4851a1d">
    </UnitTestResult>
    <UnitTestResult executionId="6496844e-e1dc-41dd-8f30-b0e54acbd728" testId="5b5adf4b-0c71-f748-d486-5a6ceeebe763" testName="Math_Round2" computerName="MIKE-NOTEBOOK2" duration="00:00:00" startTime="0001-01-01T08:00:00.0000000+08:00" endTime="0001-01-01T08:00:00.0000000+08:00" testType="13cdc9d9-ddb5-4fa4-a97d-d965ccfc6d4b" outcome="NotExecuted" testListId="8c84fa94-04c1-424b-9868-57a2d4851a1d">
    </UnitTestResult>
    <UnitTestResult executionId="abd5a018-f398-41c3-bd49-a4846f5ab9ef" testId="904fd28c-be43-52a5-fdaf-9bd464ca98d8" testName="Math_Sign" computerName="MIKE-NOTEBOOK2" duration="00:00:00" startTime="0001-01-01T08:00:00.0000000+08:00" endTime="0001-01-01T08:00:00.0000000+08:00" testType="13cdc9d9-ddb5-4fa4-a97d-d965ccfc6d4b" outcome="NotExecuted" testListId="8c84fa94-04c1-424b-9868-57a2d4851a1d">
    </UnitTestResult>
    <UnitTestResult executionId="5df295d1-33ef-4156-a3ce-14b89cc51ee6" testId="b190f4d0-262b-af94-fe66-18361dda395a" testName="Math_Sin" computerName="MIKE-NOTEBOOK2" duration="00:00:00" startTime="0001-01-01T08:00:00.0000000+08:00" endTime="0001-01-01T08:00:00.0000000+08:00" testType="13cdc9d9-ddb5-4fa4-a97d-d965ccfc6d4b" outcome="NotExecuted" testListId="8c84fa94-04c1-424b-9868-57a2d4851a1d">
    </UnitTestResult>
    <UnitTestResult executionId="68a1392b-5888-481e-a930-cee644f57e53" testId="bb0e570d-ca6b-d131-25d8-100bf3e4805e" testName="Math_Sinh" computerName="MIKE-NOTEBOOK2" duration="00:00:00" startTime="0001-01-01T08:00:00.0000000+08:00" endTime="0001-01-01T08:00:00.0000000+08:00" testType="13cdc9d9-ddb5-4fa4-a97d-d965ccfc6d4b" outcome="NotExecuted" testListId="8c84fa94-04c1-424b-9868-57a2d4851a1d">
    </UnitTestResult>
    <UnitTestResult executionId="69b9d118-a6b6-4aaa-bc10-e0845bcf8c7b" testId="97ad8210-b54a-6e9c-0023-e7306f59f816" testName="Math_Sqrt" computerName="MIKE-NOTEBOOK2" duration="00:00:00" startTime="0001-01-01T08:00:00.0000000+08:00" endTime="0001-01-01T08:00:00.0000000+08:00" testType="13cdc9d9-ddb5-4fa4-a97d-d965ccfc6d4b" outcome="NotExecuted" testListId="8c84fa94-04c1-424b-9868-57a2d4851a1d">
    </UnitTestResult>
    <UnitTestResult executionId="7424767b-91d2-431c-92cf-9c77c2047002" testId="514e057f-2fad-09c9-dd58-09d4aa79a78a" testName="Math_Tan" computerName="MIKE-NOTEBOOK2" duration="00:00:00" startTime="0001-01-01T08:00:00.0000000+08:00" endTime="0001-01-01T08:00:00.0000000+08:00" testType="13cdc9d9-ddb5-4fa4-a97d-d965ccfc6d4b" outcome="NotExecuted" testListId="8c84fa94-04c1-424b-9868-57a2d4851a1d">
    </UnitTestResult>
    <UnitTestResult executionId="f7ce500d-3d30-426d-aee7-becaac781eb7" testId="5b3ab977-dfa7-408e-ef70-005184140cd0" testName="Math_Tanh" computerName="MIKE-NOTEBOOK2" duration="00:00:00" startTime="0001-01-01T08:00:00.0000000+08:00" endTime="0001-01-01T08:00:00.0000000+08:00" testType="13cdc9d9-ddb5-4fa4-a97d-d965ccfc6d4b" outcome="NotExecuted" testListId="8c84fa94-04c1-424b-9868-57a2d4851a1d">
    </UnitTestResult>
    <UnitTestResult executionId="e4715e50-92de-4af8-93a9-4efaaa4cd7f1" testId="d1283c37-2114-72aa-e6cf-da6da17db5ba" testName="Math_Truncate1" computerName="MIKE-NOTEBOOK2" duration="00:00:00" startTime="0001-01-01T08:00:00.0000000+08:00" endTime="0001-01-01T08:00:00.0000000+08:00" testType="13cdc9d9-ddb5-4fa4-a97d-d965ccfc6d4b" outcome="NotExecuted" testListId="8c84fa94-04c1-424b-9868-57a2d4851a1d">
    </UnitTestResult>
    <UnitTestResult executionId="1aaebe2b-0624-4c86-92ea-98cdf985c80d" testId="365c948a-ae24-c1b0-5f37-02df78b3a3e6" testName="String_Clone" computerName="MIKE-NOTEBOOK2" duration="00:00:00" startTime="0001-01-01T08:00:00.0000000+08:00" endTime="0001-01-01T08:00:00.0000000+08:00" testType="13cdc9d9-ddb5-4fa4-a97d-d965ccfc6d4b" outcome="NotExecuted" testListId="8c84fa94-04c1-424b-9868-57a2d4851a1d">
    </UnitTestResult>
    <UnitTestResult executionId="361750d0-fd55-418c-b94e-b979748d37c3" testId="10bc396c-5112-da59-ba31-54ac7921cf2a" testName="String_CompareTo" computerName="MIKE-NOTEBOOK2" duration="00:00:00" startTime="0001-01-01T08:00:00.0000000+08:00" endTime="0001-01-01T08:00:00.0000000+08:00" testType="13cdc9d9-ddb5-4fa4-a97d-d965ccfc6d4b" outcome="NotExecuted" testListId="8c84fa94-04c1-424b-9868-57a2d4851a1d">
    </UnitTestResult>
    <UnitTestResult executionId="98026fe2-4f87-4a7d-bab5-9009c97383ef" testId="f821f7a1-567e-7302-113c-3e6db9654e3d" testName="String_Contains" computerName="MIKE-NOTEBOOK2" duration="00:00:00" startTime="0001-01-01T08:00:00.0000000+08:00" endTime="0001-01-01T08:00:00.0000000+08:00" testType="13cdc9d9-ddb5-4fa4-a97d-d965ccfc6d4b" outcome="NotExecuted" testListId="8c84fa94-04c1-424b-9868-57a2d4851a1d">
    </UnitTestResult>
    <UnitTestResult executionId="154c1e70-ee3a-4847-b3d2-51588bdec5ec" testId="8cfe8a62-c8e7-f1c0-f07b-590a05cd134f" testName="String_EndsWith" computerName="MIKE-NOTEBOOK2" duration="00:00:00" startTime="0001-01-01T08:00:00.0000000+08:00" endTime="0001-01-01T08:00:00.0000000+08:00" testType="13cdc9d9-ddb5-4fa4-a97d-d965ccfc6d4b" outcome="NotExecuted" testListId="8c84fa94-04c1-424b-9868-57a2d4851a1d">
    </UnitTestResult>
    <UnitTestResult executionId="48c36182-3cf9-41f8-bd2b-a2a3d497567f" testId="0b5abaca-8cc8-6202-8e14-839db3f8139e" testName="String_Equals1" computerName="MIKE-NOTEBOOK2" duration="00:00:00" startTime="0001-01-01T08:00:00.0000000+08:00" endTime="0001-01-01T08:00:00.0000000+08:00" testType="13cdc9d9-ddb5-4fa4-a97d-d965ccfc6d4b" outcome="NotExecuted" testListId="8c84fa94-04c1-424b-9868-57a2d4851a1d">
    </UnitTestResult>
    <UnitTestResult executionId="1fe71e84-a210-41bb-aa8c-3f612e592dbb" testId="d731b0f2-b2e1-d54e-4c81-3ad52079ef80" testName="String_Equals2" computerName="MIKE-NOTEBOOK2" duration="00:00:00" startTime="0001-01-01T08:00:00.0000000+08:00" endTime="0001-01-01T08:00:00.0000000+08:00" testType="13cdc9d9-ddb5-4fa4-a97d-d965ccfc6d4b" outcome="NotExecuted" testListId="8c84fa94-04c1-424b-9868-57a2d4851a1d">
    </UnitTestResult>
    <UnitTestResult executionId="f7df459e-5d5a-4714-8283-6887f388dd28" testId="10d8b07b-52c7-4d69-1a17-3c931fcada0c" testName="String_Equals3" computerName="MIKE-NOTEBOOK2" duration="00:00:00" startTime="0001-01-01T08:00:00.0000000+08:00" endTime="0001-01-01T08:00:00.0000000+08:00" testType="13cdc9d9-ddb5-4fa4-a97d-d965ccfc6d4b" outcome="NotExecuted" testListId="8c84fa94-04c1-424b-9868-57a2d4851a1d">
    </UnitTestResult>
    <UnitTestResult executionId="27c33c70-cf22-4cc3-b3ce-5686f39478a5" testId="29d83646-f34a-d13a-1963-88e6c6c881c4" testName="String_IndexOf1" computerName="MIKE-NOTEBOOK2" duration="00:00:00" startTime="0001-01-01T08:00:00.0000000+08:00" endTime="0001-01-01T08:00:00.0000000+08:00" testType="13cdc9d9-ddb5-4fa4-a97d-d965ccfc6d4b" outcome="NotExecuted" testListId="8c84fa94-04c1-424b-9868-57a2d4851a1d">
    </UnitTestResult>
    <UnitTestResult executionId="76a57ce5-5b3f-4742-b119-519b6fdc7686" testId="c44bb749-8009-c3cc-feee-d9ec2e218be6" testName="String_IndexOf2" computerName="MIKE-NOTEBOOK2" duration="00:00:00" startTime="0001-01-01T08:00:00.0000000+08:00" endTime="0001-01-01T08:00:00.0000000+08:00" testType="13cdc9d9-ddb5-4fa4-a97d-d965ccfc6d4b" outcome="NotExecuted" testListId="8c84fa94-04c1-424b-9868-57a2d4851a1d">
    </UnitTestResult>
    <UnitTestResult executionId="16e419c3-7719-4215-9f5a-1d989e1ec018" testId="41e9e239-4a8e-2df2-5225-e5c9f40ab099" testName="String_IndexOf3" computerName="MIKE-NOTEBOOK2" duration="00:00:00" startTime="0001-01-01T08:00:00.0000000+08:00" endTime="0001-01-01T08:00:00.0000000+08:00" testType="13cdc9d9-ddb5-4fa4-a97d-d965ccfc6d4b" outcome="NotExecuted" testListId="8c84fa94-04c1-424b-9868-57a2d4851a1d">
    </UnitTestResult>
    <UnitTestResult executionId="ed64af5b-2204-49eb-b6d5-bbf422bf030f" testId="28208f41-7434-cdea-d9e0-f808eaf195e8" testName="String_IndexOf4" computerName="MIKE-NOTEBOOK2" duration="00:00:00" startTime="0001-01-01T08:00:00.0000000+08:00" endTime="0001-01-01T08:00:00.0000000+08:00" testType="13cdc9d9-ddb5-4fa4-a97d-d965ccfc6d4b" outcome="NotExecuted" testListId="8c84fa94-04c1-424b-9868-57a2d4851a1d">
    </UnitTestResult>
    <UnitTestResult executionId="09d17bf6-104e-4775-bbda-2e7db20ecddf" testId="398b4ad1-7e36-7b21-309c-9b7640bde6ff" testName="String_Insert" computerName="MIKE-NOTEBOOK2" duration="00:00:00" startTime="0001-01-01T08:00:00.0000000+08:00" endTime="0001-01-01T08:00:00.0000000+08:00" testType="13cdc9d9-ddb5-4fa4-a97d-d965ccfc6d4b" outcome="NotExecuted" testListId="8c84fa94-04c1-424b-9868-57a2d4851a1d">
    </UnitTestResult>
    <UnitTestResult executionId="da1df49d-4959-4b87-94fc-cb9e853a5e4b" testId="7effbd4f-3e30-e686-bff1-28f9af77184e" testName="String_Length" computerName="MIKE-NOTEBOOK2" duration="00:00:00" startTime="0001-01-01T08:00:00.0000000+08:00" endTime="0001-01-01T08:00:00.0000000+08:00" testType="13cdc9d9-ddb5-4fa4-a97d-d965ccfc6d4b" outcome="NotExecuted" testListId="8c84fa94-04c1-424b-9868-57a2d4851a1d">
    </UnitTestResult>
    <UnitTestResult executionId="1d21118f-4a7d-40a7-8ff4-59da89686d42" testId="2dcd5ee2-28a2-aec7-3c2f-8e8799131df7" testName="String_Substring1" computerName="MIKE-NOTEBOOK2" duration="00:00:00" startTime="0001-01-01T08:00:00.0000000+08:00" endTime="0001-01-01T08:00:00.0000000+08:00" testType="13cdc9d9-ddb5-4fa4-a97d-d965ccfc6d4b" outcome="NotExecuted" testListId="8c84fa94-04c1-424b-9868-57a2d4851a1d">
    </UnitTestResult>
    <UnitTestResult executionId="2af0bce8-4d32-4e89-93a6-dd3ac4920414" testId="384b6cf7-951c-8d88-f77a-b76c8b595dd6" testName="String_Substring2" computerName="MIKE-NOTEBOOK2" duration="00:00:00" startTime="0001-01-01T08:00:00.0000000+08:00" endTime="0001-01-01T08:00:00.0000000+08:00" testType="13cdc9d9-ddb5-4fa4-a97d-d965ccfc6d4b" outcome="NotExecuted" testListId="8c84fa94-04c1-424b-9868-57a2d4851a1d">
    </UnitTestResult>
    <UnitTestResult executionId="072f6cae-2337-46fb-990d-645331a9a948" testId="81552f55-b332-9ebd-8985-26bcf5e6743b" testName="String_ToLower1" computerName="MIKE-NOTEBOOK2" duration="00:00:00" startTime="0001-01-01T08:00:00.0000000+08:00" endTime="0001-01-01T08:00:00.0000000+08:00" testType="13cdc9d9-ddb5-4fa4-a97d-d965ccfc6d4b" outcome="NotExecuted" testListId="8c84fa94-04c1-424b-9868-57a2d4851a1d">
    </UnitTestResult>
    <UnitTestResult executionId="4fb4b37a-d137-497b-850f-04cc9d95f67d" testId="a8950996-46ee-9ddd-5d56-9ddf1ff66444" testName="String_ToLower2" computerName="MIKE-NOTEBOOK2" duration="00:00:00" startTime="0001-01-01T08:00:00.0000000+08:00" endTime="0001-01-01T08:00:00.0000000+08:00" testType="13cdc9d9-ddb5-4fa4-a97d-d965ccfc6d4b" outcome="NotExecuted" testListId="8c84fa94-04c1-424b-9868-57a2d4851a1d">
    </UnitTestResult>
    <UnitTestResult executionId="fec47767-a965-40e2-8e46-23d0fdfd99ee" testId="79b2eeb1-2f6a-2f94-1743-1eaf488d95f9" testName="String_ToLowerInvariant" computerName="MIKE-NOTEBOOK2" duration="00:00:00" startTime="0001-01-01T08:00:00.0000000+08:00" endTime="0001-01-01T08:00:00.0000000+08:00" testType="13cdc9d9-ddb5-4fa4-a97d-d965ccfc6d4b" outcome="NotExecuted" testListId="8c84fa94-04c1-424b-9868-57a2d4851a1d">
    </UnitTestResult>
    <UnitTestResult executionId="207fd774-e8e4-4d18-8913-af8713b51522" testId="f8313e25-0561-11bf-7930-bfba1592abb8" testName="String_ToUpper1" computerName="MIKE-NOTEBOOK2" duration="00:00:00" startTime="0001-01-01T08:00:00.0000000+08:00" endTime="0001-01-01T08:00:00.0000000+08:00" testType="13cdc9d9-ddb5-4fa4-a97d-d965ccfc6d4b" outcome="NotExecuted" testListId="8c84fa94-04c1-424b-9868-57a2d4851a1d">
    </UnitTestResult>
    <UnitTestResult executionId="e8025c06-4a64-4893-ae7f-1e41876d6c05" testId="e38c6940-5ac1-490f-117e-48373e01d63f" testName="String_ToUpper2" computerName="MIKE-NOTEBOOK2" duration="00:00:00" startTime="0001-01-01T08:00:00.0000000+08:00" endTime="0001-01-01T08:00:00.0000000+08:00" testType="13cdc9d9-ddb5-4fa4-a97d-d965ccfc6d4b" outcome="NotExecuted" testListId="8c84fa94-04c1-424b-9868-57a2d4851a1d">
    </UnitTestResult>
    <UnitTestResult executionId="8f3fa6fe-6be2-4dcb-91bc-df7583b3ce3b" testId="1c1eab8b-ce33-961c-7895-aa7abb35a033" testName="String_ToUpperInvariant" computerName="MIKE-NOTEBOOK2" duration="00:00:00" startTime="0001-01-01T08:00:00.0000000+08:00" endTime="0001-01-01T08:00:00.0000000+08:00" testType="13cdc9d9-ddb5-4fa4-a97d-d965ccfc6d4b" outcome="NotExecuted" testListId="8c84fa94-04c1-424b-9868-57a2d4851a1d">
    </UnitTestResult>
    <UnitTestResult executionId="31c9a91f-9cd7-467d-bf07-0b7f2b7ea699" testId="85095640-3534-557d-7ebf-de999a9be7ac" testName="String_Trim1" computerName="MIKE-NOTEBOOK2" duration="00:00:00" startTime="0001-01-01T08:00:00.0000000+08:00" endTime="0001-01-01T08:00:00.0000000+08:00" testType="13cdc9d9-ddb5-4fa4-a97d-d965ccfc6d4b" outcome="NotExecuted" testListId="8c84fa94-04c1-424b-9868-57a2d4851a1d">
    </UnitTestResult>
    <UnitTestResult executionId="20f9c2bf-143c-412a-8a3a-ae89ac8b9928" testId="38d76fba-6f91-7251-e70f-cccf24eadf35" testName="String_Char" computerName="MIKE-NOTEBOOK2" duration="00:00:00" startTime="0001-01-01T08:00:00.0000000+08:00" endTime="0001-01-01T08:00:00.0000000+08:00" testType="13cdc9d9-ddb5-4fa4-a97d-d965ccfc6d4b" outcome="NotExecuted" testListId="8c84fa94-04c1-424b-9868-57a2d4851a1d">
    </UnitTestResult>
    <UnitTestResult executionId="95b83c5a-e436-4653-8fea-31a3f70d457c" testId="8d1c4fa7-2e29-248c-45ce-2c1e1b306954" testName="DateTime_Add" computerName="MIKE-NOTEBOOK2" duration="00:00:00" startTime="0001-01-01T08:00:00.0000000+08:00" endTime="0001-01-01T08:00:00.0000000+08:00" testType="13cdc9d9-ddb5-4fa4-a97d-d965ccfc6d4b" outcome="NotExecuted" testListId="8c84fa94-04c1-424b-9868-57a2d4851a1d">
    </UnitTestResult>
    <UnitTestResult executionId="1ad6a170-de0f-4d28-a9a0-2559087db55d" testId="26f93eca-7576-788d-a04a-2178667b1bd3" testName="DateTime_AddDays" computerName="MIKE-NOTEBOOK2" duration="00:00:00" startTime="0001-01-01T08:00:00.0000000+08:00" endTime="0001-01-01T08:00:00.0000000+08:00" testType="13cdc9d9-ddb5-4fa4-a97d-d965ccfc6d4b" outcome="NotExecuted" testListId="8c84fa94-04c1-424b-9868-57a2d4851a1d">
    </UnitTestResult>
    <UnitTestResult executionId="d18b6645-4f87-48c5-8233-9381360174ba" testId="e855a301-465e-2c07-3584-3526cea81237" testName="DateTime_AddHours" computerName="MIKE-NOTEBOOK2" duration="00:00:00" startTime="0001-01-01T08:00:00.0000000+08:00" endTime="0001-01-01T08:00:00.0000000+08:00" testType="13cdc9d9-ddb5-4fa4-a97d-d965ccfc6d4b" outcome="NotExecuted" testListId="8c84fa94-04c1-424b-9868-57a2d4851a1d">
    </UnitTestResult>
    <UnitTestResult executionId="41f1191f-d37a-4bc1-89e9-73689a57a515" testId="0bf6b92f-e13e-bdd4-c1c6-0cfc616601a5" testName="DateTime_AddMinutes" computerName="MIKE-NOTEBOOK2" duration="00:00:00" startTime="0001-01-01T08:00:00.0000000+08:00" endTime="0001-01-01T08:00:00.0000000+08:00" testType="13cdc9d9-ddb5-4fa4-a97d-d965ccfc6d4b" outcome="NotExecuted" testListId="8c84fa94-04c1-424b-9868-57a2d4851a1d">
    </UnitTestResult>
    <UnitTestResult executionId="13f946c2-77d2-472e-96bc-ce542c61a8b1" testId="1e7ede16-9902-11a5-0aa9-62ce8f6a8815" testName="DateTime_AddMonths" computerName="MIKE-NOTEBOOK2" duration="00:00:00" startTime="0001-01-01T08:00:00.0000000+08:00" endTime="0001-01-01T08:00:00.0000000+08:00" testType="13cdc9d9-ddb5-4fa4-a97d-d965ccfc6d4b" outcome="NotExecuted" testListId="8c84fa94-04c1-424b-9868-57a2d4851a1d">
    </UnitTestResult>
    <UnitTestResult executionId="75acb73c-c20b-47e1-a9f0-16e256dbf5c2" testId="3b0ca8b9-2146-f810-4e69-710ec07c1b0c" testName="DateTime_AddSeconds" computerName="MIKE-NOTEBOOK2" duration="00:00:00" startTime="0001-01-01T08:00:00.0000000+08:00" endTime="0001-01-01T08:00:00.0000000+08:00" testType="13cdc9d9-ddb5-4fa4-a97d-d965ccfc6d4b" outcome="NotExecuted" testListId="8c84fa94-04c1-424b-9868-57a2d4851a1d">
    </UnitTestResult>
    <UnitTestResult executionId="b1d7aeef-f121-41f4-868e-cde5a9b8dcbe" testId="137f2216-e2ee-8587-94c2-c457835ac92a" testName="DateTime_AddYears" computerName="MIKE-NOTEBOOK2" duration="00:00:00" startTime="0001-01-01T08:00:00.0000000+08:00" endTime="0001-01-01T08:00:00.0000000+08:00" testType="13cdc9d9-ddb5-4fa4-a97d-d965ccfc6d4b" outcome="NotExecuted" testListId="8c84fa94-04c1-424b-9868-57a2d4851a1d">
    </UnitTestResult>
    <UnitTestResult executionId="21f0c243-eaf6-4a71-b6ef-a09881401b8b" testId="2f1df184-832f-af7a-00fc-63c6ff3b74bf" testName="DateTime_ToLoaclTime" computerName="MIKE-NOTEBOOK2" duration="00:00:00" startTime="0001-01-01T08:00:00.0000000+08:00" endTime="0001-01-01T08:00:00.0000000+08:00" testType="13cdc9d9-ddb5-4fa4-a97d-d965ccfc6d4b" outcome="NotExecuted" testListId="8c84fa94-04c1-424b-9868-57a2d4851a1d">
    </UnitTestResult>
    <UnitTestResult executionId="99098d9e-95e7-4e3e-b013-140a13dc3355" testId="62d38c81-8534-d35a-e3b4-fe4dd44d5596" testName="DateTime_Subtract" computerName="MIKE-NOTEBOOK2" duration="00:00:00" startTime="0001-01-01T08:00:00.0000000+08:00" endTime="0001-01-01T08:00:00.0000000+08:00" testType="13cdc9d9-ddb5-4fa4-a97d-d965ccfc6d4b" outcome="NotExecuted" testListId="8c84fa94-04c1-424b-9868-57a2d4851a1d">
    </UnitTestResult>
    <UnitTestResult executionId="f8d1becf-abdc-4f63-ae73-ed633b7d5b40" testId="4c8022df-c405-b347-db84-81f804a135a3" testName="DateTime_Hour" computerName="MIKE-NOTEBOOK2" duration="00:00:00" startTime="0001-01-01T08:00:00.0000000+08:00" endTime="0001-01-01T08:00:00.0000000+08:00" testType="13cdc9d9-ddb5-4fa4-a97d-d965ccfc6d4b" outcome="NotExecuted" testListId="8c84fa94-04c1-424b-9868-57a2d4851a1d">
    </UnitTestResult>
    <UnitTestResult executionId="5f22a5e7-b089-4b7f-a0ed-1ae49709f76d" testId="312f2145-a939-64ec-bce3-f297bc2d8632" testName="DateTime_Minute" computerName="MIKE-NOTEBOOK2" duration="00:00:00" startTime="0001-01-01T08:00:00.0000000+08:00" endTime="0001-01-01T08:00:00.0000000+08:00" testType="13cdc9d9-ddb5-4fa4-a97d-d965ccfc6d4b" outcome="NotExecuted" testListId="8c84fa94-04c1-424b-9868-57a2d4851a1d">
    </UnitTestResult>
    <UnitTestResult executionId="693cedba-7dab-424f-8211-04eef7986b43" testId="46d152aa-bfb3-6d90-57fd-98333b7da172" testName="DateTime_Second" computerName="MIKE-NOTEBOOK2" duration="00:00:00" startTime="0001-01-01T08:00:00.0000000+08:00" endTime="0001-01-01T08:00:00.0000000+08:00" testType="13cdc9d9-ddb5-4fa4-a97d-d965ccfc6d4b" outcome="NotExecuted" testListId="8c84fa94-04c1-424b-9868-57a2d4851a1d">
    </UnitTestResult>
    <UnitTestResult executionId="1424506c-8dea-49a6-9722-0524d45b055c" testId="94f4bd1f-ea13-bea9-409a-2851f069cbf9" testName="DateTime_DayOfWeek" computerName="MIKE-NOTEBOOK2" duration="00:00:00" startTime="0001-01-01T08:00:00.0000000+08:00" endTime="0001-01-01T08:00:00.0000000+08:00" testType="13cdc9d9-ddb5-4fa4-a97d-d965ccfc6d4b" outcome="NotExecuted" testListId="8c84fa94-04c1-424b-9868-57a2d4851a1d">
    </UnitTestResult>
    <UnitTestResult executionId="46987e37-3147-4ff8-985b-84885444d592" testId="bf61b087-c38a-98ff-a9f7-7db12c2aa04d" testName="DateTime_DayOfYear" computerName="MIKE-NOTEBOOK2" duration="00:00:00" startTime="0001-01-01T08:00:00.0000000+08:00" endTime="0001-01-01T08:00:00.0000000+08:00" testType="13cdc9d9-ddb5-4fa4-a97d-d965ccfc6d4b" outcome="NotExecuted" testListId="8c84fa94-04c1-424b-9868-57a2d4851a1d">
    </UnitTestResult>
    <UnitTestResult executionId="21e8af84-95af-40ca-8139-4278f25ddc58" testId="1fc3962f-1591-9952-7f3f-8b5e279d74f5" testName="DateTime_ToString" computerName="MIKE-NOTEBOOK2" duration="00:00:00" startTime="0001-01-01T08:00:00.0000000+08:00" endTime="0001-01-01T08:00:00.0000000+08:00" testType="13cdc9d9-ddb5-4fa4-a97d-d965ccfc6d4b" outcome="NotExecuted" testListId="8c84fa94-04c1-424b-9868-57a2d4851a1d">
    </UnitTestResult>
    <UnitTestResult executionId="a97adaac-77c5-4312-9a53-46b8dbc2c4c3" testId="af4c10bc-373c-ffa1-5f22-a1bd21ec2d3a" testName="Convert_ToBoolean" computerName="MIKE-NOTEBOOK2" duration="00:00:00" startTime="0001-01-01T08:00:00.0000000+08:00" endTime="0001-01-01T08:00:00.0000000+08:00" testType="13cdc9d9-ddb5-4fa4-a97d-d965ccfc6d4b" outcome="NotExecuted" testListId="8c84fa94-04c1-424b-9868-57a2d4851a1d">
    </UnitTestResult>
    <UnitTestResult executionId="7c6e87f4-6f07-4412-bb4c-8a6ecd1ae483" testId="0f665854-1872-0cb2-f151-65f58a71cfe9" testName="Convert_ToByte" computerName="MIKE-NOTEBOOK2" duration="00:00:00" startTime="0001-01-01T08:00:00.0000000+08:00" endTime="0001-01-01T08:00:00.0000000+08:00" testType="13cdc9d9-ddb5-4fa4-a97d-d965ccfc6d4b" outcome="NotExecuted" testListId="8c84fa94-04c1-424b-9868-57a2d4851a1d">
    </UnitTestResult>
    <UnitTestResult executionId="91b4f3a8-19cb-4684-a3a2-956b118d7b91" testId="1c4034f6-c227-fdfc-da54-57a95fb8d950" testName="Convert_ToInt32" computerName="MIKE-NOTEBOOK2" duration="00:00:00" startTime="0001-01-01T08:00:00.0000000+08:00" endTime="0001-01-01T08:00:00.0000000+08:00" testType="13cdc9d9-ddb5-4fa4-a97d-d965ccfc6d4b" outcome="NotExecuted" testListId="8c84fa94-04c1-424b-9868-57a2d4851a1d">
    </UnitTestResult>
    <UnitTestResult executionId="53804b80-ab47-419b-9f20-4aa3dc555dbc" testId="48784cb7-d8fd-a3e3-da90-1c1fcb9f66b4" testName="Convert_ToInt64" computerName="MIKE-NOTEBOOK2" duration="00:00:00" startTime="0001-01-01T08:00:00.0000000+08:00" endTime="0001-01-01T08:00:00.0000000+08:00" testType="13cdc9d9-ddb5-4fa4-a97d-d965ccfc6d4b" outcome="NotExecuted" testListId="8c84fa94-04c1-424b-9868-57a2d4851a1d">
    </UnitTestResult>
    <UnitTestResult executionId="d11e7360-0d89-4bd4-9758-371df02806e1" testId="5708ed64-1da5-2494-0927-a19bfdd762b8" testName="Convert_ToSByte" computerName="MIKE-NOTEBOOK2" duration="00:00:00" startTime="0001-01-01T08:00:00.0000000+08:00" endTime="0001-01-01T08:00:00.0000000+08:00" testType="13cdc9d9-ddb5-4fa4-a97d-d965ccfc6d4b" outcome="NotExecuted" testListId="8c84fa94-04c1-424b-9868-57a2d4851a1d">
    </UnitTestResult>
    <UnitTestResult executionId="ec935cae-423a-413b-b2c3-c9757eb033ac" testId="8160c214-7cc9-e107-eee6-e658c7430bc1" testName="Convert_ToSingle" computerName="MIKE-NOTEBOOK2" duration="00:00:00" startTime="0001-01-01T08:00:00.0000000+08:00" endTime="0001-01-01T08:00:00.0000000+08:00" testType="13cdc9d9-ddb5-4fa4-a97d-d965ccfc6d4b" outcome="NotExecuted" testListId="8c84fa94-04c1-424b-9868-57a2d4851a1d">
    </UnitTestResult>
    <UnitTestResult executionId="f21598df-408e-49cc-a417-cd44bb4de8e7" testId="71258bed-f2fa-4834-be79-c44ca83fb4cd" testName="Convert_ToString" computerName="MIKE-NOTEBOOK2" duration="00:00:00" startTime="0001-01-01T08:00:00.0000000+08:00" endTime="0001-01-01T08:00:00.0000000+08:00" testType="13cdc9d9-ddb5-4fa4-a97d-d965ccfc6d4b" outcome="NotExecuted" testListId="8c84fa94-04c1-424b-9868-57a2d4851a1d">
    </UnitTestResult>
    <UnitTestResult executionId="7cc1731f-fdf9-4523-820f-26aadf70f8b0" testId="1a8568e8-1082-be63-2943-6c50ac4b8215" testName="Convert_ToDateTime" computerName="MIKE-NOTEBOOK2" duration="00:00:00" startTime="0001-01-01T08:00:00.0000000+08:00" endTime="0001-01-01T08:00:00.0000000+08:00" testType="13cdc9d9-ddb5-4fa4-a97d-d965ccfc6d4b" outcome="NotExecuted" testListId="8c84fa94-04c1-424b-9868-57a2d4851a1d">
    </UnitTestResult>
    <UnitTestResult executionId="db15221b-ac03-4281-b561-36c749b6339b" testId="f57fd5c5-bbcc-3eb4-e493-01455be5baea" testName="SqlMethod_Len" computerName="MIKE-NOTEBOOK2" duration="00:00:00" startTime="0001-01-01T08:00:00.0000000+08:00" endTime="0001-01-01T08:00:00.0000000+08:00" testType="13cdc9d9-ddb5-4fa4-a97d-d965ccfc6d4b" outcome="NotExecuted" testListId="8c84fa94-04c1-424b-9868-57a2d4851a1d">
    </UnitTestResult>
    <UnitTestResult executionId="b5c69434-5d3e-4bfc-accc-a368bf604352" testId="ed9beafe-b8ea-911b-cdd5-8f4714e68b6e" testName="SqlMethod_Remote" computerName="MIKE-NOTEBOOK2" duration="00:00:00" startTime="0001-01-01T08:00:00.0000000+08:00" endTime="0001-01-01T08:00:00.0000000+08:00" testType="13cdc9d9-ddb5-4fa4-a97d-d965ccfc6d4b" outcome="NotExecuted" testListId="8c84fa94-04c1-424b-9868-57a2d4851a1d">
    </UnitTestResult>
    <UnitTestResult executionId="8bd7f8bc-90fa-4521-8d7b-83266cbf0d78" testId="85ae651a-82fd-606e-cff9-bd5efdf55813" testName="CRUD_Update1" computerName="MIKE-NOTEBOOK2" duration="00:00:00" startTime="0001-01-01T08:00:00.0000000+08:00" endTime="0001-01-01T08:00:00.0000000+08:00" testType="13cdc9d9-ddb5-4fa4-a97d-d965ccfc6d4b" outcome="NotExecuted" testListId="8c84fa94-04c1-424b-9868-57a2d4851a1d">
    </UnitTestResult>
    <UnitTestResult executionId="05d507ce-a9c3-4a9f-8ee4-60ef9106bf35" testId="e6572672-0488-1a55-c524-e5371376680d" testName="CRUD_Update2" computerName="MIKE-NOTEBOOK2" duration="00:00:00" startTime="0001-01-01T08:00:00.0000000+08:00" endTime="0001-01-01T08:00:00.0000000+08:00" testType="13cdc9d9-ddb5-4fa4-a97d-d965ccfc6d4b" outcome="NotExecuted" testListId="8c84fa94-04c1-424b-9868-57a2d4851a1d">
    </UnitTestResult>
    <UnitTestResult executionId="3481ef57-1a7d-4b0c-8f9b-fca6181874e4" testId="a766d48f-5e1b-c201-b70e-4ed74c91d6f0" testName="CRUD_Update3" computerName="MIKE-NOTEBOOK2" duration="00:00:00" startTime="0001-01-01T08:00:00.0000000+08:00" endTime="0001-01-01T08:00:00.0000000+08:00" testType="13cdc9d9-ddb5-4fa4-a97d-d965ccfc6d4b" outcome="NotExecuted" testListId="8c84fa94-04c1-424b-9868-57a2d4851a1d">
    </UnitTestResult>
    <UnitTestResult executionId="79329a67-c69f-42c1-927c-c26ca526bdff" testId="b97ca7c4-f0ab-9955-ac1b-7765cb53e8ab" testName="CRUD_Update4" computerName="MIKE-NOTEBOOK2" duration="00:00:00" startTime="0001-01-01T08:00:00.0000000+08:00" endTime="0001-01-01T08:00:00.0000000+08:00" testType="13cdc9d9-ddb5-4fa4-a97d-d965ccfc6d4b" outcome="NotExecuted" testListId="8c84fa94-04c1-424b-9868-57a2d4851a1d">
    </UnitTestResult>
    <UnitTestResult executionId="e3b61a1d-2cc8-49da-96c8-455b715a8993" testId="03855a09-4063-d524-f86d-75246c4c45fe" testName="CRUD_Delete1" computerName="MIKE-NOTEBOOK2" duration="00:00:00" startTime="0001-01-01T08:00:00.0000000+08:00" endTime="0001-01-01T08:00:00.0000000+08:00" testType="13cdc9d9-ddb5-4fa4-a97d-d965ccfc6d4b" outcome="NotExecuted" testListId="8c84fa94-04c1-424b-9868-57a2d4851a1d">
    </UnitTestResult>
    <UnitTestResult executionId="2e40ac19-4711-4f14-bd2b-f3371b234a52" testId="50df54be-f057-bb02-4d13-d6006fd2df57" testName="CRUD_Delete2" computerName="MIKE-NOTEBOOK2" duration="00:00:00" startTime="0001-01-01T08:00:00.0000000+08:00" endTime="0001-01-01T08:00:00.0000000+08:00" testType="13cdc9d9-ddb5-4fa4-a97d-d965ccfc6d4b" outcome="NotExecuted" testListId="8c84fa94-04c1-424b-9868-57a2d4851a1d">
    </UnitTestResult>
    <UnitTestResult executionId="06a4f98c-94b3-4e8a-b9af-f26273d1a6b8" testId="32cd13a6-0dfd-5da5-c26b-19e12cb7ada0" testName="CRUD_Insert1" computerName="MIKE-NOTEBOOK2" duration="00:00:00" startTime="0001-01-01T08:00:00.0000000+08:00" endTime="0001-01-01T08:00:00.0000000+08:00" testType="13cdc9d9-ddb5-4fa4-a97d-d965ccfc6d4b" outcome="NotExecuted" testListId="8c84fa94-04c1-424b-9868-57a2d4851a1d">
    </UnitTestResult>
    <UnitTestResult executionId="ab65985e-f95f-459f-9d16-35de6567cd85" testId="7360b796-3866-302e-528e-485e66467d6d" testName="CRUD_Insert2" computerName="MIKE-NOTEBOOK2" duration="00:00:00" startTime="0001-01-01T08:00:00.0000000+08:00" endTime="0001-01-01T08:00:00.0000000+08:00" testType="13cdc9d9-ddb5-4fa4-a97d-d965ccfc6d4b" outcome="NotExecuted" testListId="8c84fa94-04c1-424b-9868-57a2d4851a1d">
    </UnitTestResult>
    <UnitTestResult executionId="11554c43-e412-4a30-aba6-d6f134227425" testId="01d9235e-b48f-545a-68e9-33982d513f0a" testName="String_NullSelect" computerName="MIKE-NOTEBOOK2" duration="00:00:00" startTime="0001-01-01T08:00:00.0000000+08:00" endTime="0001-01-01T08:00:00.0000000+08:00" testType="13cdc9d9-ddb5-4fa4-a97d-d965ccfc6d4b" outcome="NotExecuted" testListId="8c84fa94-04c1-424b-9868-57a2d4851a1d">
    </UnitTestResult>
    <UnitTestResult executionId="d337312e-70d0-4376-9da8-bc0390316f0c" testId="445aae5e-39ee-ace3-b8c8-ff635a002c0a" testName="IfEqualTest" computerName="MIKE-NOTEBOOK2" duration="00:00:00" startTime="0001-01-01T08:00:00.0000000+08:00" endTime="0001-01-01T08:00:00.0000000+08:00" testType="13cdc9d9-ddb5-4fa4-a97d-d965ccfc6d4b" outcome="NotExecuted" testListId="8c84fa94-04c1-424b-9868-57a2d4851a1d">
    </UnitTestResult>
    <UnitTestResult executionId="a68919c1-b41c-47bd-ae84-2e96ca553704" testId="d8451628-bae5-ae05-f545-374e450bb1cb" testName="CreateTale" computerName="MIKE-NOTEBOOK2" duration="00:00:00" startTime="0001-01-01T08:00:00.0000000+08:00" endTime="0001-01-01T08:00:00.0000000+08:00" testType="13cdc9d9-ddb5-4fa4-a97d-d965ccfc6d4b" outcome="NotExecuted" testListId="8c84fa94-04c1-424b-9868-57a2d4851a1d">
    </UnitTestResult>
    <UnitTestResult executionId="fb92b564-6a77-40b6-90db-f51d86e31646" testId="2bab8e0a-bd8f-eecb-bab6-8aa032163100" testName="DeleteTable" computerName="MIKE-NOTEBOOK2" duration="00:00:00" startTime="0001-01-01T08:00:00.0000000+08:00" endTime="0001-01-01T08:00:00.0000000+08:00" testType="13cdc9d9-ddb5-4fa4-a97d-d965ccfc6d4b" outcome="NotExecuted" testListId="8c84fa94-04c1-424b-9868-57a2d4851a1d">
    </UnitTestResult>
    <UnitTestResult executionId="f55718fa-2581-4177-a24c-3f47adc66a4c" testId="5787e32b-147b-dbff-daa4-450b6871d291" testName="TableExists" computerName="MIKE-NOTEBOOK2" duration="00:00:00" startTime="0001-01-01T08:00:00.0000000+08:00" endTime="0001-01-01T08:00:00.0000000+08:00" testType="13cdc9d9-ddb5-4fa4-a97d-d965ccfc6d4b" outcome="NotExecuted" testListId="8c84fa94-04c1-424b-9868-57a2d4851a1d">
    </UnitTestResult>
    <UnitTestResult executionId="88d5d36d-ed3a-4a2a-906b-713900f62b73" testId="ec60fce9-dad6-e3bd-8d93-8e7504fcb291" testName="LongCount" computerName="MIKE-NOTEBOOK2" duration="00:00:00" startTime="0001-01-01T08:00:00.0000000+08:00" endTime="0001-01-01T08:00:00.0000000+08:00" testType="13cdc9d9-ddb5-4fa4-a97d-d965ccfc6d4b" outcome="NotExecuted" testListId="8c84fa94-04c1-424b-9868-57a2d4851a1d">
    </UnitTestResult>
    <UnitTestResult executionId="7dfaa67b-ec9b-4324-9832-332a83e05e5f" testId="da59585d-a51c-793c-f679-2a0f6fb32457" testName="Command" computerName="MIKE-NOTEBOOK2" duration="00:00:00" startTime="0001-01-01T08:00:00.0000000+08:00" endTime="0001-01-01T08:00:00.0000000+08:00" testType="13cdc9d9-ddb5-4fa4-a97d-d965ccfc6d4b" outcome="NotExecuted" testListId="8c84fa94-04c1-424b-9868-57a2d4851a1d">
    </UnitTestResult>
    <UnitTestResult executionId="cde4cbb8-c4fe-454c-88bc-4aa86bd2ca9b" testId="76e429c0-bad1-0930-19f9-dd8b54d27a79" testName="DataType_Guid" computerName="MIKE-NOTEBOOK2" duration="00:00:00" startTime="0001-01-01T08:00:00.0000000+08:00" endTime="0001-01-01T08:00:00.0000000+08:00" testType="13cdc9d9-ddb5-4fa4-a97d-d965ccfc6d4b" outcome="NotExecuted" testListId="8c84fa94-04c1-424b-9868-57a2d4851a1d">
    </UnitTestResult>
    <UnitTestResult executionId="5e0d125a-a355-4086-9b9e-fb8fb612a631" testId="beeaa7c3-8cf0-b466-b2b0-abc933b2c511" testName="DataType_Int64" computerName="MIKE-NOTEBOOK2" duration="00:00:00" startTime="0001-01-01T08:00:00.0000000+08:00" endTime="0001-01-01T08:00:00.0000000+08:00" testType="13cdc9d9-ddb5-4fa4-a97d-d965ccfc6d4b" outcome="NotExecuted" testListId="8c84fa94-04c1-424b-9868-57a2d4851a1d">
    </UnitTestResult>
    <UnitTestResult executionId="e5e57a7f-ca9f-427a-ab38-32547de80001" testId="dd4999d7-8534-cab1-a8f8-21dd539742a0" testName="DataType_UInt64" computerName="MIKE-NOTEBOOK2" duration="00:00:00" startTime="0001-01-01T08:00:00.0000000+08:00" endTime="0001-01-01T08:00:00.0000000+08:00" testType="13cdc9d9-ddb5-4fa4-a97d-d965ccfc6d4b" outcome="NotExecuted" testListId="8c84fa94-04c1-424b-9868-57a2d4851a1d">
    </UnitTestResult>
    <UnitTestResult executionId="f11ccf58-5247-4074-950a-78f575ab2cf3" testId="c319fc25-55ed-01b7-47d5-b84a22b1c601" testName="DataType_Enum" computerName="MIKE-NOTEBOOK2" duration="00:00:00" startTime="0001-01-01T08:00:00.0000000+08:00" endTime="0001-01-01T08:00:00.0000000+08:00" testType="13cdc9d9-ddb5-4fa4-a97d-d965ccfc6d4b" outcome="NotExecuted" testListId="8c84fa94-04c1-424b-9868-57a2d4851a1d">
    </UnitTestResult>
    <UnitTestResult executionId="8b65478d-b628-4356-8247-74e203a0b862" testId="fcb22a38-a02a-9890-319f-b0212b16d9d5" testName="DataType_Char" computerName="MIKE-NOTEBOOK2" duration="00:00:00" startTime="0001-01-01T08:00:00.0000000+08:00" endTime="0001-01-01T08:00:00.0000000+08:00" testType="13cdc9d9-ddb5-4fa4-a97d-d965ccfc6d4b" outcome="NotExecuted" testListId="8c84fa94-04c1-424b-9868-57a2d4851a1d">
    </UnitTestResult>
    <UnitTestResult executionId="958f8428-a735-483e-9445-c138aaa969a7" testId="986146aa-0e69-f622-f640-879f33516ebf" testName="DataType_XDocument" computerName="MIKE-NOTEBOOK2" duration="00:00:00" startTime="0001-01-01T08:00:00.0000000+08:00" endTime="0001-01-01T08:00:00.0000000+08:00" testType="13cdc9d9-ddb5-4fa4-a97d-d965ccfc6d4b" outcome="NotExecuted" testListId="8c84fa94-04c1-424b-9868-57a2d4851a1d">
    </UnitTestResult>
    <UnitTestResult executionId="5398d6ed-9ffe-48a6-b792-3a62158e271b" testId="5ea7e41b-93f3-7190-1e9a-962fefc1d01c" testName="DataType_XElement" computerName="MIKE-NOTEBOOK2" duration="00:00:00" startTime="0001-01-01T08:00:00.0000000+08:00" endTime="0001-01-01T08:00:00.0000000+08:00" testType="13cdc9d9-ddb5-4fa4-a97d-d965ccfc6d4b" outcome="NotExecuted" testListId="8c84fa94-04c1-424b-9868-57a2d4851a1d">
    </UnitTestResult>
    <UnitTestResult executionId="3782c7e7-ac4c-491d-9183-4bad1ea78261" testId="b6f97f57-af6c-43ff-ebdd-30f3ba8154c9" testName="Where_Simple1" computerName="MIKE-NOTEBOOK2" duration="00:00:00" startTime="0001-01-01T08:00:00.0000000+08:00" endTime="0001-01-01T08:00:00.0000000+08:00" testType="13cdc9d9-ddb5-4fa4-a97d-d965ccfc6d4b" outcome="NotExecuted" testListId="8c84fa94-04c1-424b-9868-57a2d4851a1d">
    </UnitTestResult>
    <UnitTestResult executionId="b69e06f5-2010-44d7-bdb9-37288dfcf266" testId="82af1eed-bdec-350a-f220-f6156df2cccb" testName="Where_Simple2" computerName="MIKE-NOTEBOOK2" duration="00:00:00" startTime="0001-01-01T08:00:00.0000000+08:00" endTime="0001-01-01T08:00:00.0000000+08:00" testType="13cdc9d9-ddb5-4fa4-a97d-d965ccfc6d4b" outcome="NotExecuted" testListId="8c84fa94-04c1-424b-9868-57a2d4851a1d">
    </UnitTestResult>
    <UnitTestResult executionId="440ba006-1af7-416d-a6f0-6acb45822c94" testId="a978df68-50b7-fe58-a661-6c057e102475" testName="Where_Simple3" computerName="MIKE-NOTEBOOK2" duration="00:00:00" startTime="0001-01-01T08:00:00.0000000+08:00" endTime="0001-01-01T08:00:00.0000000+08:00" testType="13cdc9d9-ddb5-4fa4-a97d-d965ccfc6d4b" outcome="NotExecuted" testListId="8c84fa94-04c1-424b-9868-57a2d4851a1d">
    </UnitTestResult>
    <UnitTestResult executionId="e2e13f89-aa39-41ca-9d32-9cedd0d64172" testId="b58a1d20-146f-70cc-2ea9-01cf1d5c86e7" testName="Where_Simple4" computerName="MIKE-NOTEBOOK2" duration="00:00:00" startTime="0001-01-01T08:00:00.0000000+08:00" endTime="0001-01-01T08:00:00.0000000+08:00" testType="13cdc9d9-ddb5-4fa4-a97d-d965ccfc6d4b" outcome="NotExecuted" testListId="8c84fa94-04c1-424b-9868-57a2d4851a1d">
    </UnitTestResult>
    <UnitTestResult executionId="4efb581a-21c7-4153-9e12-a363315336c3" testId="f31656c3-887f-d158-c854-6d11210dfb45" testName="Where_Drilldown" computerName="MIKE-NOTEBOOK2" duration="00:00:00" startTime="0001-01-01T08:00:00.0000000+08:00" endTime="0001-01-01T08:00:00.0000000+08:00" testType="13cdc9d9-ddb5-4fa4-a97d-d965ccfc6d4b" outcome="NotExecuted" testListId="8c84fa94-04c1-424b-9868-57a2d4851a1d">
    </UnitTestResult>
    <UnitTestResult executionId="0e6c50bb-495b-4666-9b35-c08fbf05a147" testId="7adf742b-e980-8402-2d0a-904bb8e0748f" testName="First" computerName="MIKE-NOTEBOOK2" duration="00:00:00" startTime="0001-01-01T08:00:00.0000000+08:00" endTime="0001-01-01T08:00:00.0000000+08:00" testType="13cdc9d9-ddb5-4fa4-a97d-d965ccfc6d4b" outcome="NotExecuted" testListId="8c84fa94-04c1-424b-9868-57a2d4851a1d">
    </UnitTestResult>
    <UnitTestResult executionId="b410ee01-d7ab-46eb-9353-c09bb78dd4aa" testId="f2bcd943-e0bb-49bc-fdaa-4335b5d991e8" testName="FirstOrDefault" computerName="MIKE-NOTEBOOK2" duration="00:00:00" startTime="0001-01-01T08:00:00.0000000+08:00" endTime="0001-01-01T08:00:00.0000000+08:00" testType="13cdc9d9-ddb5-4fa4-a97d-d965ccfc6d4b" outcome="NotExecuted" testListId="8c84fa94-04c1-424b-9868-57a2d4851a1d">
    </UnitTestResult>
    <UnitTestResult executionId="243fb97e-3b4b-42f7-afbe-3a5035fab9f4" testId="f4002e03-40a9-8445-e406-39c0ca2e689b" testName="SingleOrDefault" computerName="MIKE-NOTEBOOK2" duration="00:00:00" startTime="0001-01-01T08:00:00.0000000+08:00" endTime="0001-01-01T08:00:00.0000000+08:00" testType="13cdc9d9-ddb5-4fa4-a97d-d965ccfc6d4b" outcome="NotExecuted" testListId="8c84fa94-04c1-424b-9868-57a2d4851a1d">
    </UnitTestResult>
    <UnitTestResult executionId="0fd52feb-062d-4993-bf35-d5a75b1bf42c" testId="cd11634e-3ca4-d573-823b-5c20762c38fe" testName="Single" computerName="MIKE-NOTEBOOK2" duration="00:00:00" startTime="0001-01-01T08:00:00.0000000+08:00" endTime="0001-01-01T08:00:00.0000000+08:00" testType="13cdc9d9-ddb5-4fa4-a97d-d965ccfc6d4b" outcome="NotExecuted" testListId="8c84fa94-04c1-424b-9868-57a2d4851a1d">
    </UnitTestResult>
    <UnitTestResult executionId="635bdcee-8b0f-48a4-8720-b94c16fd4abb" testId="68cfb933-ebd6-e497-c7c3-435d96068c9b" testName="Select_Simple" computerName="MIKE-NOTEBOOK2" duration="00:00:00" startTime="0001-01-01T08:00:00.0000000+08:00" endTime="0001-01-01T08:00:00.0000000+08:00" testType="13cdc9d9-ddb5-4fa4-a97d-d965ccfc6d4b" outcome="NotExecuted" testListId="8c84fa94-04c1-424b-9868-57a2d4851a1d">
    </UnitTestResult>
    <UnitTestResult executionId="3ab0fb5c-de01-4264-b574-eea2935c8b74" testId="eb885f7c-b512-92d3-9c20-d2a6703f3abf" testName="Select_SpecialType" computerName="MIKE-NOTEBOOK2" duration="00:00:00" startTime="0001-01-01T08:00:00.0000000+08:00" endTime="0001-01-01T08:00:00.0000000+08:00" testType="13cdc9d9-ddb5-4fa4-a97d-d965ccfc6d4b" outcome="NotExecuted" testListId="8c84fa94-04c1-424b-9868-57a2d4851a1d">
    </UnitTestResult>
    <UnitTestResult executionId="ede7a267-5667-4473-b230-71f4d3a5a83d" testId="44c361b3-9dd9-d6f6-55d0-0b99ed28e814" testName="Select_AnonymousType" computerName="MIKE-NOTEBOOK2" duration="00:00:00" startTime="0001-01-01T08:00:00.0000000+08:00" endTime="0001-01-01T08:00:00.0000000+08:00" testType="13cdc9d9-ddb5-4fa4-a97d-d965ccfc6d4b" outcome="NotExecuted" testListId="8c84fa94-04c1-424b-9868-57a2d4851a1d">
    </UnitTestResult>
    <UnitTestResult executionId="d5e6d1cd-4cc1-4187-808d-23fb70596fcf" testId="b634e784-cd54-2afa-bfd3-4aa73cedd8a3" testName="Select_LocalMethodCall" computerName="MIKE-NOTEBOOK2" duration="00:00:00" startTime="0001-01-01T08:00:00.0000000+08:00" endTime="0001-01-01T08:00:00.0000000+08:00" testType="13cdc9d9-ddb5-4fa4-a97d-d965ccfc6d4b" outcome="NotExecuted" testListId="8c84fa94-04c1-424b-9868-57a2d4851a1d">
    </UnitTestResult>
    <UnitTestResult executionId="d0b4daa8-2dfc-4c52-bf54-588f57933bcf" testId="7fd5c605-6639-3373-3b7d-f978c268ff90" testName="SelectMany_MultipleFrom" computerName="MIKE-NOTEBOOK2" duration="00:00:00" startTime="0001-01-01T08:00:00.0000000+08:00" endTime="0001-01-01T08:00:00.0000000+08:00" testType="13cdc9d9-ddb5-4fa4-a97d-d965ccfc6d4b" outcome="NotExecuted" testListId="8c84fa94-04c1-424b-9868-57a2d4851a1d">
    </UnitTestResult>
    <UnitTestResult executionId="b0de6e15-7eeb-4e11-aad8-adfb0c86dfa3" testId="62972b7c-c6bf-9eb9-8273-669d9f12bff7" testName="Select_Condition" computerName="MIKE-NOTEBOOK2" duration="00:00:00" startTime="0001-01-01T08:00:00.0000000+08:00" endTime="0001-01-01T08:00:00.0000000+08:00" testType="13cdc9d9-ddb5-4fa4-a97d-d965ccfc6d4b" outcome="NotExecuted" testListId="8c84fa94-04c1-424b-9868-57a2d4851a1d">
    </UnitTestResult>
    <UnitTestResult executionId="085e455f-e500-4983-bb4e-0ae464af49d7" testId="e8452113-fce8-7fce-8fda-e80c34365405" testName="Distinct1" computerName="MIKE-NOTEBOOK2" duration="00:00:00" startTime="0001-01-01T08:00:00.0000000+08:00" endTime="0001-01-01T08:00:00.0000000+08:00" testType="13cdc9d9-ddb5-4fa4-a97d-d965ccfc6d4b" outcome="NotExecuted" testListId="8c84fa94-04c1-424b-9868-57a2d4851a1d">
    </UnitTestResult>
    <UnitTestResult executionId="6ea0160e-e3ca-4516-8dcd-d61c6d60eb55" testId="9524bc65-e738-4aa5-d93a-70626aa3be5e" testName="Distinct2" computerName="MIKE-NOTEBOOK2" duration="00:00:00" startTime="0001-01-01T08:00:00.0000000+08:00" endTime="0001-01-01T08:00:00.0000000+08:00" testType="13cdc9d9-ddb5-4fa4-a97d-d965ccfc6d4b" outcome="NotExecuted" testListId="8c84fa94-04c1-424b-9868-57a2d4851a1d">
    </UnitTestResult>
    <UnitTestResult executionId="df3c54c3-a4d7-43ee-8d85-84827c71197c" testId="7c7c0a57-5281-b899-5a2b-add71a99ff7b" testName="Union" computerName="MIKE-NOTEBOOK2" duration="00:00:00" startTime="0001-01-01T08:00:00.0000000+08:00" endTime="0001-01-01T08:00:00.0000000+08:00" testType="13cdc9d9-ddb5-4fa4-a97d-d965ccfc6d4b" outcome="NotExecuted" testListId="8c84fa94-04c1-424b-9868-57a2d4851a1d">
    </UnitTestResult>
    <UnitTestResult executionId="cb672d60-e974-403b-99d9-3d71e1728049" testId="8394b165-ae6d-7310-99e3-78680cf1d7e4" testName="Intersect" computerName="MIKE-NOTEBOOK2" duration="00:00:00" startTime="0001-01-01T08:00:00.0000000+08:00" endTime="0001-01-01T08:00:00.0000000+08:00" testType="13cdc9d9-ddb5-4fa4-a97d-d965ccfc6d4b" outcome="NotExecuted" testListId="8c84fa94-04c1-424b-9868-57a2d4851a1d">
    </UnitTestResult>
    <UnitTestResult executionId="d91ea6e0-61b2-4af8-9c77-ac13d4cde57e" testId="e34ccf3b-d0c0-3967-688e-77ac59b9b178" testName="Except" computerName="MIKE-NOTEBOOK2" duration="00:00:00" startTime="0001-01-01T08:00:00.0000000+08:00" endTime="0001-01-01T08:00:00.0000000+08:00" testType="13cdc9d9-ddb5-4fa4-a97d-d965ccfc6d4b" outcome="NotExecuted" testListId="8c84fa94-04c1-424b-9868-57a2d4851a1d">
    </UnitTestResult>
    <UnitTestResult executionId="7099894b-3e47-422f-a9e4-532512765b9a" testId="27612d6d-3524-7745-785e-55b418466c76" testName="Take_Simple" computerName="MIKE-NOTEBOOK2" duration="00:00:00" startTime="0001-01-01T08:00:00.0000000+08:00" endTime="0001-01-01T08:00:00.0000000+08:00" testType="13cdc9d9-ddb5-4fa4-a97d-d965ccfc6d4b" outcome="NotExecuted" testListId="8c84fa94-04c1-424b-9868-57a2d4851a1d">
    </UnitTestResult>
    <UnitTestResult executionId="80bdfafb-ad14-4e86-88fa-23971786be96" testId="ef375dd7-f4aa-cdba-8e6f-aec833098a3b" testName="Take_Nested" computerName="MIKE-NOTEBOOK2" duration="00:00:00" startTime="0001-01-01T08:00:00.0000000+08:00" endTime="0001-01-01T08:00:00.0000000+08:00" testType="13cdc9d9-ddb5-4fa4-a97d-d965ccfc6d4b" outcome="NotExecuted" testListId="8c84fa94-04c1-424b-9868-57a2d4851a1d">
    </UnitTestResult>
    <UnitTestResult executionId="a2e28a21-c951-4f6d-8051-c3dd699d77cb" testId="388d948b-3d08-eca7-d65f-c35672362e3a" testName="Skip_Simple" computerName="MIKE-NOTEBOOK2" duration="00:00:00" startTime="0001-01-01T08:00:00.0000000+08:00" endTime="0001-01-01T08:00:00.0000000+08:00" testType="13cdc9d9-ddb5-4fa4-a97d-d965ccfc6d4b" outcome="NotExecuted" testListId="8c84fa94-04c1-424b-9868-57a2d4851a1d">
    </UnitTestResult>
    <UnitTestResult executionId="f07712e2-8b31-4142-b1f4-296fea2620d1" testId="87ad86b7-e710-ba61-a274-9b4a80dcf521" testName="Skip_Nested" computerName="MIKE-NOTEBOOK2" duration="00:00:00" startTime="0001-01-01T08:00:00.0000000+08:00" endTime="0001-01-01T08:00:00.0000000+08:00" testType="13cdc9d9-ddb5-4fa4-a97d-d965ccfc6d4b" outcome="NotExecuted" testListId="8c84fa94-04c1-424b-9868-57a2d4851a1d">
    </UnitTestResult>
    <UnitTestResult executionId="33c1da9f-fd89-4a4e-8bd3-a8990381e70a" testId="b01377dc-0ba7-fa7a-7748-512a0deee6a0" testName="Skip_Take" computerName="MIKE-NOTEBOOK2" duration="00:00:00" startTime="0001-01-01T08:00:00.0000000+08:00" endTime="0001-01-01T08:00:00.0000000+08:00" testType="13cdc9d9-ddb5-4fa4-a97d-d965ccfc6d4b" outcome="NotExecuted" testListId="8c84fa94-04c1-424b-9868-57a2d4851a1d">
    </UnitTestResult>
    <UnitTestResult executionId="c0d5b3d3-7379-4bee-9e73-7d30475dc0f2" testId="8f0d2539-238c-2389-844c-9d4bd7c53d8d" testName="Count_Simple" computerName="MIKE-NOTEBOOK2" duration="00:00:00" startTime="0001-01-01T08:00:00.0000000+08:00" endTime="0001-01-01T08:00:00.0000000+08:00" testType="13cdc9d9-ddb5-4fa4-a97d-d965ccfc6d4b" outcome="NotExecuted" testListId="8c84fa94-04c1-424b-9868-57a2d4851a1d">
    </UnitTestResult>
    <UnitTestResult executionId="16f52063-0abb-45f4-9332-986d7bb33f6e" testId="a1b5e6ff-5024-3d55-7e41-9c76cd0d678b" testName="Count_Conditional" computerName="MIKE-NOTEBOOK2" duration="00:00:00" startTime="0001-01-01T08:00:00.0000000+08:00" endTime="0001-01-01T08:00:00.0000000+08:00" testType="13cdc9d9-ddb5-4fa4-a97d-d965ccfc6d4b" outcome="NotExecuted" testListId="8c84fa94-04c1-424b-9868-57a2d4851a1d">
    </UnitTestResult>
    <UnitTestResult executionId="24fdb298-d86f-4cbe-bc68-9500c73eceda" testId="3d3925a9-31b7-3abf-b536-05f99cf9c52e" testName="Count_Empty" computerName="MIKE-NOTEBOOK2" duration="00:00:00" startTime="0001-01-01T08:00:00.0000000+08:00" endTime="0001-01-01T08:00:00.0000000+08:00" testType="13cdc9d9-ddb5-4fa4-a97d-d965ccfc6d4b" outcome="NotExecuted" testListId="8c84fa94-04c1-424b-9868-57a2d4851a1d">
    </UnitTestResult>
    <UnitTestResult executionId="fc5a2989-dfc3-4ad6-ae2e-f77a57c8cd7e" testId="078c1f85-d7db-337f-5f93-a30372b22230" testName="Count_Nested" computerName="MIKE-NOTEBOOK2" duration="00:00:00" startTime="0001-01-01T08:00:00.0000000+08:00" endTime="0001-01-01T08:00:00.0000000+08:00" testType="13cdc9d9-ddb5-4fa4-a97d-d965ccfc6d4b" outcome="NotExecuted" testListId="8c84fa94-04c1-424b-9868-57a2d4851a1d">
    </UnitTestResult>
    <UnitTestResult executionId="9503d3c2-2a5f-4143-b1b1-e7f898cf5179" testId="9c0404a1-01eb-776f-80f8-5b119c8fd6b3" testName="Count_Grouped" computerName="MIKE-NOTEBOOK2" duration="00:00:00" startTime="0001-01-01T08:00:00.0000000+08:00" endTime="0001-01-01T08:00:00.0000000+08:00" testType="13cdc9d9-ddb5-4fa4-a97d-d965ccfc6d4b" outcome="NotExecuted" testListId="8c84fa94-04c1-424b-9868-57a2d4851a1d">
    </UnitTestResult>
    <UnitTestResult executionId="8efdca37-07ab-4046-9a21-cde6e4857b5c" testId="a898e4b1-564d-5f28-87aa-bfc86fa5f6cf" testName="Sum_Simple" computerName="MIKE-NOTEBOOK2" duration="00:00:00" startTime="0001-01-01T08:00:00.0000000+08:00" endTime="0001-01-01T08:00:00.0000000+08:00" testType="13cdc9d9-ddb5-4fa4-a97d-d965ccfc6d4b" outcome="NotExecuted" testListId="8c84fa94-04c1-424b-9868-57a2d4851a1d">
    </UnitTestResult>
    <UnitTestResult executionId="8fe11fbc-93b5-4494-81f5-95bcad073bf3" testId="01c8780d-133e-1574-5006-9f1af7739953" testName="Sum_Empty" computerName="MIKE-NOTEBOOK2" duration="00:00:00" startTime="0001-01-01T08:00:00.0000000+08:00" endTime="0001-01-01T08:00:00.0000000+08:00" testType="13cdc9d9-ddb5-4fa4-a97d-d965ccfc6d4b" outcome="NotExecuted" testListId="8c84fa94-04c1-424b-9868-57a2d4851a1d">
    </UnitTestResult>
    <UnitTestResult executionId="2612add7-46b2-4490-998c-2bb64faa416f" testId="95db23e3-3ec0-9b30-a01e-bece86995918" testName="Sum_Projection" computerName="MIKE-NOTEBOOK2" duration="00:00:00" startTime="0001-01-01T08:00:00.0000000+08:00" endTime="0001-01-01T08:00:00.0000000+08:00" testType="13cdc9d9-ddb5-4fa4-a97d-d965ccfc6d4b" outcome="NotExecuted" testListId="8c84fa94-04c1-424b-9868-57a2d4851a1d">
    </UnitTestResult>
    <UnitTestResult executionId="d12c3f85-5c6a-4765-846a-90d981a8061a" testId="3af36106-c836-eb7e-6f41-f01caab16d73" testName="Sum_Grouped" computerName="MIKE-NOTEBOOK2" duration="00:00:00" startTime="0001-01-01T08:00:00.0000000+08:00" endTime="0001-01-01T08:00:00.0000000+08:00" testType="13cdc9d9-ddb5-4fa4-a97d-d965ccfc6d4b" outcome="NotExecuted" testListId="8c84fa94-04c1-424b-9868-57a2d4851a1d">
    </UnitTestResult>
    <UnitTestResult executionId="1be2cf9d-3310-4abf-a8a3-62830c2bae96" testId="2a0d3a7a-9a27-333b-bf32-fbd23594839e" testName="Min_Simple" computerName="MIKE-NOTEBOOK2" duration="00:00:00" startTime="0001-01-01T08:00:00.0000000+08:00" endTime="0001-01-01T08:00:00.0000000+08:00" testType="13cdc9d9-ddb5-4fa4-a97d-d965ccfc6d4b" outcome="NotExecuted" testListId="8c84fa94-04c1-424b-9868-57a2d4851a1d">
    </UnitTestResult>
    <UnitTestResult executionId="c8fef7aa-ad88-4af6-8c54-d89f32830f71" testId="26eb206f-a48c-6742-585c-7b1f10e6b531" testName="Min_Projection" computerName="MIKE-NOTEBOOK2" duration="00:00:00" startTime="0001-01-01T08:00:00.0000000+08:00" endTime="0001-01-01T08:00:00.0000000+08:00" testType="13cdc9d9-ddb5-4fa4-a97d-d965ccfc6d4b" outcome="NotExecuted" testListId="8c84fa94-04c1-424b-9868-57a2d4851a1d">
    </UnitTestResult>
    <UnitTestResult executionId="c025ce50-f987-422b-a836-72005ce95a97" testId="bc5ed30e-5751-adf3-9d10-6c802fd3d415" testName="Min_Elements" computerName="MIKE-NOTEBOOK2" duration="00:00:00" startTime="0001-01-01T08:00:00.0000000+08:00" endTime="0001-01-01T08:00:00.0000000+08:00" testType="13cdc9d9-ddb5-4fa4-a97d-d965ccfc6d4b" outcome="NotExecuted" testListId="8c84fa94-04c1-424b-9868-57a2d4851a1d">
    </UnitTestResult>
    <UnitTestResult executionId="cf951145-a038-4854-aea1-048bd6c5d045" testId="c77677ce-f0a6-8bb7-ea44-34f11dd1f02e" testName="Min_Grouped" computerName="MIKE-NOTEBOOK2" duration="00:00:00" startTime="0001-01-01T08:00:00.0000000+08:00" endTime="0001-01-01T08:00:00.0000000+08:00" testType="13cdc9d9-ddb5-4fa4-a97d-d965ccfc6d4b" outcome="NotExecuted" testListId="8c84fa94-04c1-424b-9868-57a2d4851a1d">
    </UnitTestResult>
    <UnitTestResult executionId="7ddd6217-b584-4a85-8d68-38dccf611462" testId="71ee71d0-91e4-022a-d464-ead3ae7bd652" testName="Max_Simple" computerName="MIKE-NOTEBOOK2" duration="00:00:00" startTime="0001-01-01T08:00:00.0000000+08:00" endTime="0001-01-01T08:00:00.0000000+08:00" testType="13cdc9d9-ddb5-4fa4-a97d-d965ccfc6d4b" outcome="NotExecuted" testListId="8c84fa94-04c1-424b-9868-57a2d4851a1d">
    </UnitTestResult>
    <UnitTestResult executionId="5c5209c8-2ca1-4813-8f6f-852513042652" testId="411d88f3-a2db-ec1c-1579-3fdb4b676da4" testName="Max_Projection" computerName="MIKE-NOTEBOOK2" duration="00:00:00" startTime="0001-01-01T08:00:00.0000000+08:00" endTime="0001-01-01T08:00:00.0000000+08:00" testType="13cdc9d9-ddb5-4fa4-a97d-d965ccfc6d4b" outcome="NotExecuted" testListId="8c84fa94-04c1-424b-9868-57a2d4851a1d">
    </UnitTestResult>
    <UnitTestResult executionId="7739aa57-caeb-4bae-95d0-e357db00ae35" testId="672d29e7-989b-6d61-a6e3-1763adc693cf" testName="Max_Elements" computerName="MIKE-NOTEBOOK2" duration="00:00:00" startTime="0001-01-01T08:00:00.0000000+08:00" endTime="0001-01-01T08:00:00.0000000+08:00" testType="13cdc9d9-ddb5-4fa4-a97d-d965ccfc6d4b" outcome="NotExecuted" testListId="8c84fa94-04c1-424b-9868-57a2d4851a1d">
    </UnitTestResult>
    <UnitTestResult executionId="aefc8efa-a169-40cf-a461-a91986dc39d5" testId="b0859b52-e026-0144-091d-ca1c440cc1b9" testName="Max_Grouped" computerName="MIKE-NOTEBOOK2" duration="00:00:00" startTime="0001-01-01T08:00:00.0000000+08:00" endTime="0001-01-01T08:00:00.0000000+08:00" testType="13cdc9d9-ddb5-4fa4-a97d-d965ccfc6d4b" outcome="NotExecuted" testListId="8c84fa94-04c1-424b-9868-57a2d4851a1d">
    </UnitTestResult>
    <UnitTestResult executionId="1a1cbb5e-8e08-472e-8276-165b48a12849" testId="bd0ad440-ac2f-17aa-4656-32dc72f0851a" testName="Avg_Simple" computerName="MIKE-NOTEBOOK2" duration="00:00:00" startTime="0001-01-01T08:00:00.0000000+08:00" endTime="0001-01-01T08:00:00.0000000+08:00" testType="13cdc9d9-ddb5-4fa4-a97d-d965ccfc6d4b" outcome="NotExecuted" testListId="8c84fa94-04c1-424b-9868-57a2d4851a1d">
    </UnitTestResult>
    <UnitTestResult executionId="983abb71-1938-43e1-9f69-2ab307415444" testId="06ec2276-f016-6820-0967-521c2d171f5e" testName="Avg_Projection" computerName="MIKE-NOTEBOOK2" duration="00:00:00" startTime="0001-01-01T08:00:00.0000000+08:00" endTime="0001-01-01T08:00:00.0000000+08:00" testType="13cdc9d9-ddb5-4fa4-a97d-d965ccfc6d4b" outcome="NotExecuted" testListId="8c84fa94-04c1-424b-9868-57a2d4851a1d">
    </UnitTestResult>
    <UnitTestResult executionId="91320b28-04ea-45f4-a67f-a5d91d296636" testId="589234e0-d21a-9e3c-115a-fa14bdb0282d" testName="Avg_Emelents" computerName="MIKE-NOTEBOOK2" duration="00:00:00" startTime="0001-01-01T08:00:00.0000000+08:00" endTime="0001-01-01T08:00:00.0000000+08:00" testType="13cdc9d9-ddb5-4fa4-a97d-d965ccfc6d4b" outcome="NotExecuted" testListId="8c84fa94-04c1-424b-9868-57a2d4851a1d">
    </UnitTestResult>
    <UnitTestResult executionId="ad7ba9a1-ed93-40f5-b4a7-29642dfcd8c1" testId="5590dfe4-1ea6-af60-6b26-aac520d512f9" testName="Avg_Grouped" computerName="MIKE-NOTEBOOK2" duration="00:00:00" startTime="0001-01-01T08:00:00.0000000+08:00" endTime="0001-01-01T08:00:00.0000000+08:00" testType="13cdc9d9-ddb5-4fa4-a97d-d965ccfc6d4b" outcome="NotExecuted" testListId="8c84fa94-04c1-424b-9868-57a2d4851a1d">
    </UnitTestResult>
    <UnitTestResult executionId="3da50352-9471-49d5-bdf4-97712195fe55" testId="7bf33c8d-90c3-5afa-a33f-4d9d135a6446" testName="Join_OnToMany" computerName="MIKE-NOTEBOOK2" duration="00:00:00" startTime="0001-01-01T08:00:00.0000000+08:00" endTime="0001-01-01T08:00:00.0000000+08:00" testType="13cdc9d9-ddb5-4fa4-a97d-d965ccfc6d4b" outcome="NotExecuted" testListId="8c84fa94-04c1-424b-9868-57a2d4851a1d">
    </UnitTestResult>
    <UnitTestResult executionId="77f155fc-2a3f-4237-aebd-59c1e985b98e" testId="15b27fe6-c34a-55b7-3adb-deea68f700c9" testName="Join_ManyToMany" computerName="MIKE-NOTEBOOK2" duration="00:00:00" startTime="0001-01-01T08:00:00.0000000+08:00" endTime="0001-01-01T08:00:00.0000000+08:00" testType="13cdc9d9-ddb5-4fa4-a97d-d965ccfc6d4b" outcome="NotExecuted" testListId="8c84fa94-04c1-424b-9868-57a2d4851a1d">
    </UnitTestResult>
    <UnitTestResult executionId="16a435af-d78a-4f4e-8f72-f91c5e1f160c" testId="cc27abda-bea0-e1e6-e283-7498f4f1ef1c" testName="Join_SelfJoin" computerName="MIKE-NOTEBOOK2" duration="00:00:00" startTime="0001-01-01T08:00:00.0000000+08:00" endTime="0001-01-01T08:00:00.0000000+08:00" testType="13cdc9d9-ddb5-4fa4-a97d-d965ccfc6d4b" outcome="NotExecuted" testListId="8c84fa94-04c1-424b-9868-57a2d4851a1d">
    </UnitTestResult>
    <UnitTestResult executionId="9e3497cc-e1c0-4fa0-8043-196a4cc1ce68" testId="6daee84d-4e22-8132-a78e-831b613f2364" testName="Join_TowWay" computerName="MIKE-NOTEBOOK2" duration="00:00:00" startTime="0001-01-01T08:00:00.0000000+08:00" endTime="0001-01-01T08:00:00.0000000+08:00" testType="13cdc9d9-ddb5-4fa4-a97d-d965ccfc6d4b" outcome="NotExecuted" testListId="8c84fa94-04c1-424b-9868-57a2d4851a1d">
    </UnitTestResult>
    <UnitTestResult executionId="79859eeb-b505-4201-a78b-87e7808c0472" testId="27ff45cc-f22a-1db3-db13-9769d47656b6" testName="Join_ThreeWay" computerName="MIKE-NOTEBOOK2" duration="00:00:00" startTime="0001-01-01T08:00:00.0000000+08:00" endTime="0001-01-01T08:00:00.0000000+08:00" testType="13cdc9d9-ddb5-4fa4-a97d-d965ccfc6d4b" outcome="NotExecuted" testListId="8c84fa94-04c1-424b-9868-57a2d4851a1d">
    </UnitTestResult>
    <UnitTestResult executionId="73727ac3-8534-45b6-bb9f-68430ce13f16" testId="9a9bd9f3-783e-dac7-2dc7-4db88db86769" testName="Join_LeftOuter" computerName="MIKE-NOTEBOOK2" duration="00:00:00" startTime="0001-01-01T08:00:00.0000000+08:00" endTime="0001-01-01T08:00:00.0000000+08:00" testType="13cdc9d9-ddb5-4fa4-a97d-d965ccfc6d4b" outcome="NotExecuted" testListId="8c84fa94-04c1-424b-9868-57a2d4851a1d">
    </UnitTestResult>
    <UnitTestResult executionId="7278dd77-0c32-442b-a3be-11c6628d79ec" testId="38fba2d2-5d99-3023-4050-d61d0125c431" testName="Join_LetAssignment" computerName="MIKE-NOTEBOOK2" duration="00:00:00" startTime="0001-01-01T08:00:00.0000000+08:00" endTime="0001-01-01T08:00:00.0000000+08:00" testType="13cdc9d9-ddb5-4fa4-a97d-d965ccfc6d4b" outcome="NotExecuted" testListId="8c84fa94-04c1-424b-9868-57a2d4851a1d">
    </UnitTestResult>
    <UnitTestResult executionId="1233228e-4aef-4eaf-b53d-8ff9ef221004" testId="80cc2336-bc8e-f4ea-2344-2ff2ca3b6a2c" testName="Join_CompositeKey" computerName="MIKE-NOTEBOOK2" duration="00:00:00" startTime="0001-01-01T08:00:00.0000000+08:00" endTime="0001-01-01T08:00:00.0000000+08:00" testType="13cdc9d9-ddb5-4fa4-a97d-d965ccfc6d4b" outcome="NotExecuted" testListId="8c84fa94-04c1-424b-9868-57a2d4851a1d">
    </UnitTestResult>
    <UnitTestResult executionId="154a0e37-03b3-41a5-b3a3-c0741ac5bebd" testId="776b138b-47b6-76c7-23fa-76028159a63d" testName="Join_NullableNonnullableKeyRelationship" computerName="MIKE-NOTEBOOK2" duration="00:00:00" startTime="0001-01-01T08:00:00.0000000+08:00" endTime="0001-01-01T08:00:00.0000000+08:00" testType="13cdc9d9-ddb5-4fa4-a97d-d965ccfc6d4b" outcome="NotExecuted" testListId="8c84fa94-04c1-424b-9868-57a2d4851a1d">
    </UnitTestResult>
    <UnitTestResult executionId="fd385f52-5816-4374-87f0-b9a983118399" testId="b75fbfd5-7e02-1748-d5a4-775f1a5283b8" testName="Join" computerName="MIKE-NOTEBOOK2" duration="00:00:00" startTime="0001-01-01T08:00:00.0000000+08:00" endTime="0001-01-01T08:00:00.0000000+08:00" testType="13cdc9d9-ddb5-4fa4-a97d-d965ccfc6d4b" outcome="NotExecuted" testListId="8c84fa94-04c1-424b-9868-57a2d4851a1d">
    </UnitTestResult>
    <UnitTestResult executionId="72ac4b45-8eba-4022-9c7c-e914328814c7" testId="dae17ebf-ef4a-f1db-ef4c-60027274323b" testName="OrderBy_Simple" computerName="MIKE-NOTEBOOK2" duration="00:00:00" startTime="0001-01-01T08:00:00.0000000+08:00" endTime="0001-01-01T08:00:00.0000000+08:00" testType="13cdc9d9-ddb5-4fa4-a97d-d965ccfc6d4b" outcome="NotExecuted" testListId="8c84fa94-04c1-424b-9868-57a2d4851a1d">
    </UnitTestResult>
    <UnitTestResult executionId="01ee53d5-9cc8-4a1f-9bf4-cf5be8932598" testId="dd67c3da-ab6a-d42b-f13a-2e74c79e9d38" testName="OrderBy_Conditional" computerName="MIKE-NOTEBOOK2" duration="00:00:00" startTime="0001-01-01T08:00:00.0000000+08:00" endTime="0001-01-01T08:00:00.0000000+08:00" testType="13cdc9d9-ddb5-4fa4-a97d-d965ccfc6d4b" outcome="NotExecuted" testListId="8c84fa94-04c1-424b-9868-57a2d4851a1d">
    </UnitTestResult>
    <UnitTestResult executionId="dbb7fd55-938c-4966-81af-cee035666936" testId="bb8a53ed-364b-a792-613b-450e6d3d1e01" testName="OrderBy_ThenByDescending" computerName="MIKE-NOTEBOOK2" duration="00:00:00" startTime="0001-01-01T08:00:00.0000000+08:00" endTime="0001-01-01T08:00:00.0000000+08:00" testType="13cdc9d9-ddb5-4fa4-a97d-d965ccfc6d4b" outcome="NotExecuted" testListId="8c84fa94-04c1-424b-9868-57a2d4851a1d">
    </UnitTestResult>
    <UnitTestResult executionId="84ebd819-8998-4193-a1d7-279cc0d3a273" testId="c786ed93-ec80-00a9-7517-6ffd1791c818" testName="OrderBy_GroupBy" computerName="MIKE-NOTEBOOK2" duration="00:00:00" startTime="0001-01-01T08:00:00.0000000+08:00" endTime="0001-01-01T08:00:00.0000000+08:00" testType="13cdc9d9-ddb5-4fa4-a97d-d965ccfc6d4b" outcome="NotExecuted" testListId="8c84fa94-04c1-424b-9868-57a2d4851a1d">
    </UnitTestResult>
    <UnitTestResult executionId="3c97975e-9d9d-4b5c-b84e-d54567260bce" testId="a79d0930-c7e2-a19c-13d3-a1e7034db807" testName="GroupBy_Simple" computerName="MIKE-NOTEBOOK2" duration="00:00:00" startTime="0001-01-01T08:00:00.0000000+08:00" endTime="0001-01-01T08:00:00.0000000+08:00" testType="13cdc9d9-ddb5-4fa4-a97d-d965ccfc6d4b" outcome="NotExecuted" testListId="8c84fa94-04c1-424b-9868-57a2d4851a1d">
    </UnitTestResult>
    <UnitTestResult executionId="fff95602-516f-4264-936d-41d29a4414b0" testId="f502e5a1-938d-455d-f7b4-9c83fa4c6d85" testName="GroupBy_Select" computerName="MIKE-NOTEBOOK2" duration="00:00:00" startTime="0001-01-01T08:00:00.0000000+08:00" endTime="0001-01-01T08:00:00.0000000+08:00" testType="13cdc9d9-ddb5-4fa4-a97d-d965ccfc6d4b" outcome="NotExecuted" testListId="8c84fa94-04c1-424b-9868-57a2d4851a1d">
    </UnitTestResult>
    <UnitTestResult executionId="7bc32f83-313c-497e-887d-364dd9978c88" testId="125c5aab-e582-8e3e-fc9c-4dc99eff7cce" testName="GroupBy_Max" computerName="MIKE-NOTEBOOK2" duration="00:00:00" startTime="0001-01-01T08:00:00.0000000+08:00" endTime="0001-01-01T08:00:00.0000000+08:00" testType="13cdc9d9-ddb5-4fa4-a97d-d965ccfc6d4b" outcome="NotExecuted" testListId="8c84fa94-04c1-424b-9868-57a2d4851a1d">
    </UnitTestResult>
    <UnitTestResult executionId="39a00378-ce6c-49e9-b3d5-aec595cb177a" testId="38c83933-2be3-e567-6c8a-886a97f95d64" testName="GroupBy_Min" computerName="MIKE-NOTEBOOK2" duration="00:00:00" startTime="0001-01-01T08:00:00.0000000+08:00" endTime="0001-01-01T08:00:00.0000000+08:00" testType="13cdc9d9-ddb5-4fa4-a97d-d965ccfc6d4b" outcome="NotExecuted" testListId="8c84fa94-04c1-424b-9868-57a2d4851a1d">
    </UnitTestResult>
    <UnitTestResult executionId="a20fc99a-426a-46aa-98df-6bb21353e646" testId="9de6d62b-8e45-acec-1d91-c742c9fdb24b" testName="GroupBy_Avg" computerName="MIKE-NOTEBOOK2" duration="00:00:00" startTime="0001-01-01T08:00:00.0000000+08:00" endTime="0001-01-01T08:00:00.0000000+08:00" testType="13cdc9d9-ddb5-4fa4-a97d-d965ccfc6d4b" outcome="NotExecuted" testListId="8c84fa94-04c1-424b-9868-57a2d4851a1d">
    </UnitTestResult>
    <UnitTestResult executionId="50f2fb71-44f7-4d75-a110-8088af09fcb1" testId="07f00875-507e-8e4a-1dfe-f39f0e8f2a00" testName="GroupBy_Sum" computerName="MIKE-NOTEBOOK2" duration="00:00:00" startTime="0001-01-01T08:00:00.0000000+08:00" endTime="0001-01-01T08:00:00.0000000+08:00" testType="13cdc9d9-ddb5-4fa4-a97d-d965ccfc6d4b" outcome="NotExecuted" testListId="8c84fa94-04c1-424b-9868-57a2d4851a1d">
    </UnitTestResult>
    <UnitTestResult executionId="91c0a316-6be8-4933-8615-acb7014a9df0" testId="8355127c-8700-b028-7e11-b2ff278f8282" testName="GroupByCount" computerName="MIKE-NOTEBOOK2" duration="00:00:00" startTime="0001-01-01T08:00:00.0000000+08:00" endTime="0001-01-01T08:00:00.0000000+08:00" testType="13cdc9d9-ddb5-4fa4-a97d-d965ccfc6d4b" outcome="NotExecuted" testListId="8c84fa94-04c1-424b-9868-57a2d4851a1d">
    </UnitTestResult>
    <UnitTestResult executionId="203be351-f95e-4c21-a6f5-b65ba026c86d" testId="7d4b6ad4-44e0-eddf-1e60-7a2290b5367b" testName="GroupBy_ConditionalCount" computerName="MIKE-NOTEBOOK2" duration="00:00:00" startTime="0001-01-01T08:00:00.0000000+08:00" endTime="0001-01-01T08:00:00.0000000+08:00" testType="13cdc9d9-ddb5-4fa4-a97d-d965ccfc6d4b" outcome="NotExecuted" testListId="8c84fa94-04c1-424b-9868-57a2d4851a1d">
    </UnitTestResult>
    <UnitTestResult executionId="b78c2a33-4210-40ce-b622-18c28dd65a0a" testId="721a360e-ab43-136e-b0f6-808e2320e576" testName="GroupBy_Where" computerName="MIKE-NOTEBOOK2" duration="00:00:00" startTime="0001-01-01T08:00:00.0000000+08:00" endTime="0001-01-01T08:00:00.0000000+08:00" testType="13cdc9d9-ddb5-4fa4-a97d-d965ccfc6d4b" outcome="NotExecuted" testListId="8c84fa94-04c1-424b-9868-57a2d4851a1d">
    </UnitTestResult>
    <UnitTestResult executionId="00d6da81-5170-4b39-ba87-22b7d88677c5" testId="7748f97f-80ef-c85c-8439-a3aa84f6f504" testName="GroupBy_MultipleColumns" computerName="MIKE-NOTEBOOK2" duration="00:00:00" startTime="0001-01-01T08:00:00.0000000+08:00" endTime="0001-01-01T08:00:00.0000000+08:00" testType="13cdc9d9-ddb5-4fa4-a97d-d965ccfc6d4b" outcome="NotExecuted" testListId="8c84fa94-04c1-424b-9868-57a2d4851a1d">
    </UnitTestResult>
    <UnitTestResult executionId="addda79e-ab8b-455d-9bae-87eb0504a5d7" testId="656ee13f-e2e3-baa3-aadc-559f0e5957af" testName="GroupBy_Expression" computerName="MIKE-NOTEBOOK2" duration="00:00:00" startTime="0001-01-01T08:00:00.0000000+08:00" endTime="0001-01-01T08:00:00.0000000+08:00" testType="13cdc9d9-ddb5-4fa4-a97d-d965ccfc6d4b" outcome="NotExecuted" testListId="8c84fa94-04c1-424b-9868-57a2d4851a1d">
    </UnitTestResult>
    <UnitTestResult executionId="64094d87-8abb-4eda-8e44-20acde48b2ef" testId="88ff366a-7082-94a1-4ccb-e2066fa5cd97" testName="GroupBy_Nested" computerName="MIKE-NOTEBOOK2" duration="00:00:00" startTime="0001-01-01T08:00:00.0000000+08:00" endTime="0001-01-01T08:00:00.0000000+08:00" testType="13cdc9d9-ddb5-4fa4-a97d-d965ccfc6d4b" outcome="NotExecuted" testListId="8c84fa94-04c1-424b-9868-57a2d4851a1d">
    </UnitTestResult>
    <UnitTestResult executionId="23c0e899-6c35-47c2-9dd0-de6541d79f42" testId="e4d6b53f-4a49-bc67-8d50-045f452084d1" testName="GroupBy_Year" computerName="MIKE-NOTEBOOK2" duration="00:00:00" startTime="0001-01-01T08:00:00.0000000+08:00" endTime="0001-01-01T08:00:00.0000000+08:00" testType="13cdc9d9-ddb5-4fa4-a97d-d965ccfc6d4b" outcome="NotExecuted" testListId="8c84fa94-04c1-424b-9868-57a2d4851a1d">
    </UnitTestResult>
    <UnitTestResult executionId="9515025e-2c76-4774-b31f-4520597380a9" testId="965ce2b3-4bcc-b749-e8a9-5b2a698d6fd2" testName="GroupBy_Month" computerName="MIKE-NOTEBOOK2" duration="00:00:00" startTime="0001-01-01T08:00:00.0000000+08:00" endTime="0001-01-01T08:00:00.0000000+08:00" testType="13cdc9d9-ddb5-4fa4-a97d-d965ccfc6d4b" outcome="NotExecuted" testListId="8c84fa94-04c1-424b-9868-57a2d4851a1d">
    </UnitTestResult>
    <UnitTestResult executionId="69db6db0-d1d4-4518-85af-ab60e42d7512" testId="627b2fad-80fe-48d0-1f5b-8b5402d82b73" testName="GroupBy_Day" computerName="MIKE-NOTEBOOK2" duration="00:00:00" startTime="0001-01-01T08:00:00.0000000+08:00" endTime="0001-01-01T08:00:00.0000000+08:00" testType="13cdc9d9-ddb5-4fa4-a97d-d965ccfc6d4b" outcome="NotExecuted" testListId="8c84fa94-04c1-424b-9868-57a2d4851a1d">
    </UnitTestResult>
    <UnitTestResult executionId="36c3c1f2-2628-489a-82ff-554c4743e480" testId="372b9be2-9075-3f52-e908-ce5fea093770" testName="GroupBy_Date" computerName="MIKE-NOTEBOOK2" duration="00:00:00" startTime="0001-01-01T08:00:00.0000000+08:00" endTime="0001-01-01T08:00:00.0000000+08:00" testType="13cdc9d9-ddb5-4fa4-a97d-d965ccfc6d4b" outcome="NotExecuted" testListId="8c84fa94-04c1-424b-9868-57a2d4851a1d">
    </UnitTestResult>
    <UnitTestResult executionId="9baf41bd-65cc-4afe-b92a-4f1139cd2ef0" testId="47dfeed4-9f30-ec2e-5917-3a0712821960" testName="Any_Simple" computerName="MIKE-NOTEBOOK2" duration="00:00:00" startTime="0001-01-01T08:00:00.0000000+08:00" endTime="0001-01-01T08:00:00.0000000+08:00" testType="13cdc9d9-ddb5-4fa4-a97d-d965ccfc6d4b" outcome="NotExecuted" testListId="8c84fa94-04c1-424b-9868-57a2d4851a1d">
    </UnitTestResult>
    <UnitTestResult executionId="f87bfb22-8aeb-48da-9cef-b3985b054367" testId="02ebe06d-c2c9-bcb4-9cc6-6199566d43d8" testName="Any_Condition" computerName="MIKE-NOTEBOOK2" duration="00:00:00" startTime="0001-01-01T08:00:00.0000000+08:00" endTime="0001-01-01T08:00:00.0000000+08:00" testType="13cdc9d9-ddb5-4fa4-a97d-d965ccfc6d4b" outcome="NotExecuted" testListId="8c84fa94-04c1-424b-9868-57a2d4851a1d">
    </UnitTestResult>
    <UnitTestResult executionId="0c42cf24-5034-4e31-84cf-4bc151069389" testId="8badeff0-133c-24df-9d45-ad8800d43ca2" testName="Any_Grouped" computerName="MIKE-NOTEBOOK2" duration="00:00:00" startTime="0001-01-01T08:00:00.0000000+08:00" endTime="0001-01-01T08:00:00.0000000+08:00" testType="13cdc9d9-ddb5-4fa4-a97d-d965ccfc6d4b" outcome="NotExecuted" testListId="8c84fa94-04c1-424b-9868-57a2d4851a1d">
    </UnitTestResult>
    <UnitTestResult executionId="1d90d44e-e632-4137-8d84-f31f09674033" testId="53cc52c1-ae0a-dfe7-bc69-eb3db5e8969a" testName="All_Simple" computerName="MIKE-NOTEBOOK2" duration="00:00:00" startTime="0001-01-01T08:00:00.0000000+08:00" endTime="0001-01-01T08:00:00.0000000+08:00" testType="13cdc9d9-ddb5-4fa4-a97d-d965ccfc6d4b" outcome="NotExecuted" testListId="8c84fa94-04c1-424b-9868-57a2d4851a1d">
    </UnitTestResult>
    <UnitTestResult executionId="bdcdd944-c549-49be-a1bb-deb90ef4cf36" testId="205aeb4d-4fa5-4cf9-df11-ccc0730271dc" testName="All_Grouped" computerName="MIKE-NOTEBOOK2" duration="00:00:00" startTime="0001-01-01T08:00:00.0000000+08:00" endTime="0001-01-01T08:00:00.0000000+08:00" testType="13cdc9d9-ddb5-4fa4-a97d-d965ccfc6d4b" outcome="NotExecuted" testListId="8c84fa94-04c1-424b-9868-57a2d4851a1d">
    </UnitTestResult>
    <UnitTestResult executionId="71fd7b36-e814-45f3-9ee7-88a461dc14c5" testId="1d5cb13b-0d31-98b2-6d20-690c514fb249" testName="Contains" computerName="MIKE-NOTEBOOK2" duration="00:00:00" startTime="0001-01-01T08:00:00.0000000+08:00" endTime="0001-01-01T08:00:00.0000000+08:00" testType="13cdc9d9-ddb5-4fa4-a97d-d965ccfc6d4b" outcome="NotExecuted" testListId="8c84fa94-04c1-424b-9868-57a2d4851a1d">
    </UnitTestResult>
    <UnitTestResult executionId="ffd9b9c6-5266-42a6-a709-29c7943e7a45" testId="6b5453c1-f0a5-2a7b-2454-27f605cd6cd6" testName="Like" computerName="MIKE-NOTEBOOK2" duration="00:00:00" startTime="0001-01-01T08:00:00.0000000+08:00" endTime="0001-01-01T08:00:00.0000000+08:00" testType="13cdc9d9-ddb5-4fa4-a97d-d965ccfc6d4b" outcome="NotExecuted" testListId="8c84fa94-04c1-424b-9868-57a2d4851a1d">
    </UnitTestResult>
    <UnitTestResult executionId="7a2c1719-b9ac-442a-a1a7-7a06b713b1d1" testId="4bf68dce-407c-a3af-462a-189abfd4c045" testName="TestNull" computerName="MIKE-NOTEBOOK2" duration="00:00:00" startTime="0001-01-01T08:00:00.0000000+08:00" endTime="0001-01-01T08:00:00.0000000+08:00" testType="13cdc9d9-ddb5-4fa4-a97d-d965ccfc6d4b" outcome="NotExecuted" testListId="8c84fa94-04c1-424b-9868-57a2d4851a1d">
    </UnitTestResult>
    <UnitTestResult executionId="9cab6426-b450-474c-9992-c5d66278c1de" testId="7ce31d75-0e05-53cf-5bd0-37285326417a" testName="CollectionConvert" computerName="MIKE-NOTEBOOK2" duration="00:00:00" startTime="0001-01-01T08:00:00.0000000+08:00" endTime="0001-01-01T08:00:00.0000000+08:00" testType="13cdc9d9-ddb5-4fa4-a97d-d965ccfc6d4b" outcome="NotExecuted" testListId="8c84fa94-04c1-424b-9868-57a2d4851a1d">
    </UnitTestResult>
    <UnitTestResult executionId="f348d3bf-c537-4038-a348-ea217a0442ac" testId="4bdf5380-5b81-fcd0-98b1-77248e10874b" testName="Concat" computerName="MIKE-NOTEBOOK2" duration="00:00:00" startTime="0001-01-01T08:00:00.0000000+08:00" endTime="0001-01-01T08:00:00.0000000+08:00" testType="13cdc9d9-ddb5-4fa4-a97d-d965ccfc6d4b" outcome="NotExecuted" testListId="8c84fa94-04c1-424b-9868-57a2d4851a1d">
    </UnitTestResult>
    <UnitTestResult executionId="005b2b6d-6d41-4db2-8832-4000dbe0b9b9" testId="98cdfd2f-10cc-dc00-398c-31ced5118593" testName="StringConcat" computerName="MIKE-NOTEBOOK2" duration="00:00:00" startTime="0001-01-01T08:00:00.0000000+08:00" endTime="0001-01-01T08:00:00.0000000+08:00" testType="13cdc9d9-ddb5-4fa4-a97d-d965ccfc6d4b" outcome="NotExecuted" testListId="8c84fa94-04c1-424b-9868-57a2d4851a1d">
    </UnitTestResult>
    <UnitTestResult executionId="7f8acb74-08a5-47fd-9e75-dc1328678689" testId="20552e87-7e02-58bf-eb6c-7811143ceee2" testName="StringLength" computerName="MIKE-NOTEBOOK2" duration="00:00:00" startTime="0001-01-01T08:00:00.0000000+08:00" endTime="0001-01-01T08:00:00.0000000+08:00" testType="13cdc9d9-ddb5-4fa4-a97d-d965ccfc6d4b" outcome="NotExecuted" testListId="8c84fa94-04c1-424b-9868-57a2d4851a1d">
    </UnitTestResult>
    <UnitTestResult executionId="86adcc81-71aa-4627-b219-38249b5332af" testId="2d3f7ad4-b648-6185-504d-9ed34ca2d768" testName="StringContain" computerName="MIKE-NOTEBOOK2" duration="00:00:00" startTime="0001-01-01T08:00:00.0000000+08:00" endTime="0001-01-01T08:00:00.0000000+08:00" testType="13cdc9d9-ddb5-4fa4-a97d-d965ccfc6d4b" outcome="NotExecuted" testListId="8c84fa94-04c1-424b-9868-57a2d4851a1d">
    </UnitTestResult>
    <UnitTestResult executionId="fe3a31c3-4196-4f9d-b511-2407707a7d4e" testId="76b5c719-f85a-6653-2177-2162660dd4a9" testName="StringIndexOf" computerName="MIKE-NOTEBOOK2" duration="00:00:00" startTime="0001-01-01T08:00:00.0000000+08:00" endTime="0001-01-01T08:00:00.0000000+08:00" testType="13cdc9d9-ddb5-4fa4-a97d-d965ccfc6d4b" outcome="NotExecuted" testListId="8c84fa94-04c1-424b-9868-57a2d4851a1d">
    </UnitTestResult>
    <UnitTestResult executionId="6eb55cd6-85f7-4d0a-ada2-d7861ab23d1f" testId="c0f21cce-b3c9-c0ed-df24-c13d1566bb3c" testName="StringStartsWith" computerName="MIKE-NOTEBOOK2" duration="00:00:00" startTime="0001-01-01T08:00:00.0000000+08:00" endTime="0001-01-01T08:00:00.0000000+08:00" testType="13cdc9d9-ddb5-4fa4-a97d-d965ccfc6d4b" outcome="NotExecuted" testListId="8c84fa94-04c1-424b-9868-57a2d4851a1d">
    </UnitTestResult>
    <UnitTestResult executionId="e19c30d2-47d2-4eec-818d-c5c2e74a36c5" testId="be5827df-6aa3-899c-fa82-caa03a2d833b" testName="StringEndsWith" computerName="MIKE-NOTEBOOK2" duration="00:00:00" startTime="0001-01-01T08:00:00.0000000+08:00" endTime="0001-01-01T08:00:00.0000000+08:00" testType="13cdc9d9-ddb5-4fa4-a97d-d965ccfc6d4b" outcome="NotExecuted" testListId="8c84fa94-04c1-424b-9868-57a2d4851a1d">
    </UnitTestResult>
    <UnitTestResult executionId="524cb11f-162a-42f4-a1d6-2d3d56e5e049" testId="e27474a7-b4e1-a395-87c4-229cb091a817" testName="StringSubstring" computerName="MIKE-NOTEBOOK2" duration="00:00:00" startTime="0001-01-01T08:00:00.0000000+08:00" endTime="0001-01-01T08:00:00.0000000+08:00" testType="13cdc9d9-ddb5-4fa4-a97d-d965ccfc6d4b" outcome="NotExecuted" testListId="8c84fa94-04c1-424b-9868-57a2d4851a1d">
    </UnitTestResult>
    <UnitTestResult executionId="9467f0b8-e72a-4e05-994e-ab39c925b1d0" testId="c1e1961d-7103-c14c-df21-75db9cd03453" testName="StringToUpper" computerName="MIKE-NOTEBOOK2" duration="00:00:00" startTime="0001-01-01T08:00:00.0000000+08:00" endTime="0001-01-01T08:00:00.0000000+08:00" testType="13cdc9d9-ddb5-4fa4-a97d-d965ccfc6d4b" outcome="NotExecuted" testListId="8c84fa94-04c1-424b-9868-57a2d4851a1d">
    </UnitTestResult>
    <UnitTestResult executionId="a734c190-0950-4051-ba2e-8a12c0b8c3aa" testId="86bd9f23-cccd-0ab5-1d9f-e9bc59550eb6" testName="StringToLower" computerName="MIKE-NOTEBOOK2" duration="00:00:00" startTime="0001-01-01T08:00:00.0000000+08:00" endTime="0001-01-01T08:00:00.0000000+08:00" testType="13cdc9d9-ddb5-4fa4-a97d-d965ccfc6d4b" outcome="NotExecuted" testListId="8c84fa94-04c1-424b-9868-57a2d4851a1d">
    </UnitTestResult>
    <UnitTestResult executionId="fb966533-24b0-4adb-9ad7-59354f24537b" testId="28b2d312-d59b-c66e-631e-ae15df97b52b" testName="String_Trim" computerName="MIKE-NOTEBOOK2" duration="00:00:00" startTime="0001-01-01T08:00:00.0000000+08:00" endTime="0001-01-01T08:00:00.0000000+08:00" testType="13cdc9d9-ddb5-4fa4-a97d-d965ccfc6d4b" outcome="NotExecuted" testListId="8c84fa94-04c1-424b-9868-57a2d4851a1d">
    </UnitTestResult>
    <UnitTestResult executionId="6ca6d0a8-1753-4c36-8370-39166b8e2d41" testId="d300838f-94ed-860f-7524-a2fd78b14378" testName="String_TrimStart" computerName="MIKE-NOTEBOOK2" duration="00:00:00" startTime="0001-01-01T08:00:00.0000000+08:00" endTime="0001-01-01T08:00:00.0000000+08:00" testType="13cdc9d9-ddb5-4fa4-a97d-d965ccfc6d4b" outcome="NotExecuted" testListId="8c84fa94-04c1-424b-9868-57a2d4851a1d">
    </UnitTestResult>
    <UnitTestResult executionId="19f33136-2913-4d50-b373-2af42bdada8f" testId="e9db2e7d-0882-9e98-ffc7-e0816f5b6f82" testName="String_TrimEnd" computerName="MIKE-NOTEBOOK2" duration="00:00:00" startTime="0001-01-01T08:00:00.0000000+08:00" endTime="0001-01-01T08:00:00.0000000+08:00" testType="13cdc9d9-ddb5-4fa4-a97d-d965ccfc6d4b" outcome="NotExecuted" testListId="8c84fa94-04c1-424b-9868-57a2d4851a1d">
    </UnitTestResult>
    <UnitTestResult executionId="f45e8901-d8ac-48a6-9f21-c05679b4d539" testId="b3efc610-fe52-52eb-8036-2de5836e0344" testName="StringInsert" computerName="MIKE-NOTEBOOK2" duration="00:00:00" startTime="0001-01-01T08:00:00.0000000+08:00" endTime="0001-01-01T08:00:00.0000000+08:00" testType="13cdc9d9-ddb5-4fa4-a97d-d965ccfc6d4b" outcome="NotExecuted" testListId="8c84fa94-04c1-424b-9868-57a2d4851a1d">
    </UnitTestResult>
    <UnitTestResult executionId="de63be7d-98d7-4467-9100-1237f7c5e2d2" testId="091a1996-2493-1a27-02bd-9f88bf4b169b" testName="StringRemove" computerName="MIKE-NOTEBOOK2" duration="00:00:00" startTime="0001-01-01T08:00:00.0000000+08:00" endTime="0001-01-01T08:00:00.0000000+08:00" testType="13cdc9d9-ddb5-4fa4-a97d-d965ccfc6d4b" outcome="NotExecuted" testListId="8c84fa94-04c1-424b-9868-57a2d4851a1d">
    </UnitTestResult>
    <UnitTestResult executionId="1e270e1b-9d04-4cbe-8c76-fa4513ae284b" testId="afaa58fe-c8ed-4e24-5dcf-6ea268b212c3" testName="StringRelace" computerName="MIKE-NOTEBOOK2" duration="00:00:00" startTime="0001-01-01T08:00:00.0000000+08:00" endTime="0001-01-01T08:00:00.0000000+08:00" testType="13cdc9d9-ddb5-4fa4-a97d-d965ccfc6d4b" outcome="NotExecuted" testListId="8c84fa94-04c1-424b-9868-57a2d4851a1d">
    </UnitTestResult>
    <UnitTestResult executionId="d1f4a2fa-692b-41fe-82c0-812ca377b504" testId="1b3561a7-e0d2-d7ba-5b76-39e02cdb372d" testName="DateTime_Year" computerName="MIKE-NOTEBOOK2" duration="00:00:00" startTime="0001-01-01T08:00:00.0000000+08:00" endTime="0001-01-01T08:00:00.0000000+08:00" testType="13cdc9d9-ddb5-4fa4-a97d-d965ccfc6d4b" outcome="NotExecuted" testListId="8c84fa94-04c1-424b-9868-57a2d4851a1d">
    </UnitTestResult>
    <UnitTestResult executionId="7b31b361-a7bd-41a3-87f3-62897b9004fa" testId="31d1bf8f-6dcf-7c71-4b42-677d88eb6ad4" testName="DateTime_Month" computerName="MIKE-NOTEBOOK2" duration="00:00:00" startTime="0001-01-01T08:00:00.0000000+08:00" endTime="0001-01-01T08:00:00.0000000+08:00" testType="13cdc9d9-ddb5-4fa4-a97d-d965ccfc6d4b" outcome="NotExecuted" testListId="8c84fa94-04c1-424b-9868-57a2d4851a1d">
    </UnitTestResult>
    <UnitTestResult executionId="72c3f6e6-2df7-44f4-b9d7-b4f3bec07269" testId="b3629347-df57-ba59-7792-49cdde2dc77e" testName="DateTime_Day" computerName="MIKE-NOTEBOOK2" duration="00:00:00" startTime="0001-01-01T08:00:00.0000000+08:00" endTime="0001-01-01T08:00:00.0000000+08:00" testType="13cdc9d9-ddb5-4fa4-a97d-d965ccfc6d4b" outcome="NotExecuted" testListId="8c84fa94-04c1-424b-9868-57a2d4851a1d">
    </UnitTestResult>
    <UnitTestResult executionId="973109f4-33ea-4baf-ba34-4efb7c0aa074" testId="b5747546-eaeb-f5de-4486-d164df2753a1" testName="DateTimeGT" computerName="MIKE-NOTEBOOK2" duration="00:00:00" startTime="0001-01-01T08:00:00.0000000+08:00" endTime="0001-01-01T08:00:00.0000000+08:00" testType="13cdc9d9-ddb5-4fa4-a97d-d965ccfc6d4b" outcome="NotExecuted" testListId="8c84fa94-04c1-424b-9868-57a2d4851a1d">
    </UnitTestResult>
    <UnitTestResult executionId="dd249fb8-5017-4db1-8181-2acf54cce1e4" testId="657c283c-baa0-59e1-afd4-30ab0a8192ea" testName="DateTimeGE" computerName="MIKE-NOTEBOOK2" duration="00:00:00" startTime="0001-01-01T08:00:00.0000000+08:00" endTime="0001-01-01T08:00:00.0000000+08:00" testType="13cdc9d9-ddb5-4fa4-a97d-d965ccfc6d4b" outcome="NotExecuted" testListId="8c84fa94-04c1-424b-9868-57a2d4851a1d">
    </UnitTestResult>
    <UnitTestResult executionId="e7aa3dcb-8137-4fd5-b550-227f2689c888" testId="a2d1a44f-2a45-4567-5c88-e8a9b7f73d60" testName="DateTimeLT" computerName="MIKE-NOTEBOOK2" duration="00:00:00" startTime="0001-01-01T08:00:00.0000000+08:00" endTime="0001-01-01T08:00:00.0000000+08:00" testType="13cdc9d9-ddb5-4fa4-a97d-d965ccfc6d4b" outcome="NotExecuted" testListId="8c84fa94-04c1-424b-9868-57a2d4851a1d">
    </UnitTestResult>
    <UnitTestResult executionId="3e52de90-7ed1-4f0d-b5e1-b5c4ab54e6f8" testId="506dd1f4-3885-2f83-d6b1-7a89debf3daa" testName="DateTimeLE" computerName="MIKE-NOTEBOOK2" duration="00:00:00" startTime="0001-01-01T08:00:00.0000000+08:00" endTime="0001-01-01T08:00:00.0000000+08:00" testType="13cdc9d9-ddb5-4fa4-a97d-d965ccfc6d4b" outcome="NotExecuted" testListId="8c84fa94-04c1-424b-9868-57a2d4851a1d">
    </UnitTestResult>
    <UnitTestResult executionId="d85fc5ba-9249-4f26-b3c0-6350eb7f1aef" testId="2e6b6c23-6921-ed84-50c9-8d7ca68935f4" testName="DateTime_Date" computerName="MIKE-NOTEBOOK2" duration="00:00:00" startTime="0001-01-01T08:00:00.0000000+08:00" endTime="0001-01-01T08:00:00.0000000+08:00" testType="13cdc9d9-ddb5-4fa4-a97d-d965ccfc6d4b" outcome="NotExecuted" testListId="8c84fa94-04c1-424b-9868-57a2d4851a1d">
    </UnitTestResult>
    <UnitTestResult executionId="c3c0956e-da82-49ff-9b31-a3585fd9f59e" testId="06a9d520-a064-8606-1d09-112443ec00d3" testName="DateTime_TimeOfDay" computerName="MIKE-NOTEBOOK2" duration="00:00:00" startTime="0001-01-01T08:00:00.0000000+08:00" endTime="0001-01-01T08:00:00.0000000+08:00" testType="13cdc9d9-ddb5-4fa4-a97d-d965ccfc6d4b" outcome="NotExecuted" testListId="8c84fa94-04c1-424b-9868-57a2d4851a1d">
    </UnitTestResult>
    <UnitTestResult executionId="50490371-eee0-41bf-8353-20c6027c615e" testId="70a5c86d-7f21-842b-e5dc-8566d17ae18c" testName="Insert_Simple" computerName="MIKE-NOTEBOOK2" duration="00:00:00" startTime="0001-01-01T08:00:00.0000000+08:00" endTime="0001-01-01T08:00:00.0000000+08:00" testType="13cdc9d9-ddb5-4fa4-a97d-d965ccfc6d4b" outcome="NotExecuted" testListId="8c84fa94-04c1-424b-9868-57a2d4851a1d">
    </UnitTestResult>
    <UnitTestResult executionId="c9db8163-fdae-459e-aff6-a516c0ca1548" testId="d2426980-60c9-e990-35b6-8dc99c13389f" testName="Insert_OneToMany" computerName="MIKE-NOTEBOOK2" duration="00:00:00" startTime="0001-01-01T08:00:00.0000000+08:00" endTime="0001-01-01T08:00:00.0000000+08:00" testType="13cdc9d9-ddb5-4fa4-a97d-d965ccfc6d4b" outcome="NotExecuted" testListId="8c84fa94-04c1-424b-9868-57a2d4851a1d">
    </UnitTestResult>
    <UnitTestResult executionId="5ff4bce2-e143-42b2-aad8-8efab3643b48" testId="62b767c1-e33f-4dbe-e9f4-90e80e75211e" testName="Insert_ManyToMany" computerName="MIKE-NOTEBOOK2" duration="00:00:00" startTime="0001-01-01T08:00:00.0000000+08:00" endTime="0001-01-01T08:00:00.0000000+08:00" testType="13cdc9d9-ddb5-4fa4-a97d-d965ccfc6d4b" outcome="NotExecuted" testListId="8c84fa94-04c1-424b-9868-57a2d4851a1d">
    </UnitTestResult>
    <UnitTestResult executionId="a00ea33c-23ca-46da-85fb-091828d7cf06" testId="7740dae2-e037-da2a-2f6f-b31edeb53503" testName="Delete_ManyToMany" computerName="MIKE-NOTEBOOK2" duration="00:00:00" startTime="0001-01-01T08:00:00.0000000+08:00" endTime="0001-01-01T08:00:00.0000000+08:00" testType="13cdc9d9-ddb5-4fa4-a97d-d965ccfc6d4b" outcome="NotExecuted" testListId="8c84fa94-04c1-424b-9868-57a2d4851a1d">
    </UnitTestResult>
    <UnitTestResult executionId="5c9d4522-3aec-4359-9ea2-2a6fbbda524f" testId="d6782145-17d3-8cd1-e8cb-86da39e977ec" testName="Update" computerName="MIKE-NOTEBOOK2" duration="00:00:00" startTime="0001-01-01T08:00:00.0000000+08:00" endTime="0001-01-01T08:00:00.0000000+08:00" testType="13cdc9d9-ddb5-4fa4-a97d-d965ccfc6d4b" outcome="NotExecuted" testListId="8c84fa94-04c1-424b-9868-57a2d4851a1d">
    </UnitTestResult>
    <UnitTestResult executionId="37a9546b-4f87-4c0e-a93c-4f99be5edf2a" testId="bc0e2879-1132-6a1a-5365-0d663f4f4fcd" testName="Inherit" computerName="MIKE-NOTEBOOK2" duration="00:00:00" startTime="0001-01-01T08:00:00.0000000+08:00" endTime="0001-01-01T08:00:00.0000000+08:00" testType="13cdc9d9-ddb5-4fa4-a97d-d965ccfc6d4b" outcome="NotExecuted" testListId="8c84fa94-04c1-424b-9868-57a2d4851a1d">
    </UnitTestResult>
    <UnitTestResult executionId="be7586a3-7b7f-4c50-8c8d-6cfe821d9835" testId="1bded621-fd99-97c6-c15c-f2f324b425d3" testName="Insert_Inherit" computerName="MIKE-NOTEBOOK2" duration="00:00:00" startTime="0001-01-01T08:00:00.0000000+08:00" endTime="0001-01-01T08:00:00.0000000+08:00" testType="13cdc9d9-ddb5-4fa4-a97d-d965ccfc6d4b" outcome="NotExecuted" testListId="8c84fa94-04c1-424b-9868-57a2d4851a1d">
    </UnitTestResult>
    <UnitTestResult executionId="17c65f91-b59c-401e-ad62-72ad4fc764d1" testId="f1c48d32-be76-d78b-8be4-3899f89536e0" testName="DataLoadOptionsTest" computerName="MIKE-NOTEBOOK2" duration="00:00:00" startTime="0001-01-01T08:00:00.0000000+08:00" endTime="0001-01-01T08:00:00.0000000+08:00" testType="13cdc9d9-ddb5-4fa4-a97d-d965ccfc6d4b" outcome="NotExecuted" testListId="8c84fa94-04c1-424b-9868-57a2d4851a1d">
    </UnitTestResult>
    <UnitTestResult executionId="c934ea72-0ce1-4618-9c16-23b7af173197" testId="0e794329-20ff-8bff-0241-d4d60d82a24a" testName="Null" computerName="MIKE-NOTEBOOK2" duration="00:00:00" startTime="0001-01-01T08:00:00.0000000+08:00" endTime="0001-01-01T08:00:00.0000000+08:00" testType="13cdc9d9-ddb5-4fa4-a97d-d965ccfc6d4b" outcome="NotExecuted" testListId="8c84fa94-04c1-424b-9868-57a2d4851a1d">
    </UnitTestResult>
    <UnitTestResult executionId="d3b81f6b-b806-4d49-9200-27d71c75a96f" testId="1356ff42-e677-16bb-8c07-28154268f441" testName="CreateDatabase" computerName="MIKE-NOTEBOOK2" duration="00:00:00" startTime="0001-01-01T08:00:00.0000000+08:00" endTime="0001-01-01T08:00:00.0000000+08:00" testType="13cdc9d9-ddb5-4fa4-a97d-d965ccfc6d4b" outcome="NotExecuted" testListId="8c84fa94-04c1-424b-9868-57a2d4851a1d">
    </UnitTestResult>
    <UnitTestResult executionId="d548c649-e496-41e1-b705-d5e6547b731b" testId="3a98d3ac-4556-953c-d38b-3535fcb006f1" testName="ResolveAll" computerName="MIKE-NOTEBOOK2" duration="00:00:00" startTime="0001-01-01T08:00:00.0000000+08:00" endTime="0001-01-01T08:00:00.0000000+08:00" testType="13cdc9d9-ddb5-4fa4-a97d-d965ccfc6d4b" outcome="NotExecuted" testListId="8c84fa94-04c1-424b-9868-57a2d4851a1d">
    </UnitTestResult>
    <UnitTestResult executionId="a43a0ead-feba-4960-a03b-aa408b281493" testId="cfb380c9-c923-dc0c-c9e8-85535d57a535" testName="ComposeKey" computerName="MIKE-NOTEBOOK2" duration="00:00:00" startTime="0001-01-01T08:00:00.0000000+08:00" endTime="0001-01-01T08:00:00.0000000+08:00" testType="13cdc9d9-ddb5-4fa4-a97d-d965ccfc6d4b" outcome="NotExecuted" testListId="8c84fa94-04c1-424b-9868-57a2d4851a1d">
    </UnitTestResult>
    <UnitTestResult executionId="9076248f-b959-48cb-b710-34674b73f805" testId="5dc61897-5f53-1452-5020-aee38b0c8958" testName="AutoGuid" computerName="MIKE-NOTEBOOK2" duration="00:00:00" startTime="0001-01-01T08:00:00.0000000+08:00" endTime="0001-01-01T08:00:00.0000000+08:00" testType="13cdc9d9-ddb5-4fa4-a97d-d965ccfc6d4b" outcome="NotExecuted" testListId="8c84fa94-04c1-424b-9868-57a2d4851a1d">
    </UnitTestResult>
    <UnitTestResult executionId="246d464d-f678-4029-b5b0-e406444bba38" testId="2c6f5ffb-6d1d-c383-322e-a2f84765f8eb" testName="Association" computerName="MIKE-NOTEBOOK2" duration="00:00:00" startTime="0001-01-01T08:00:00.0000000+08:00" endTime="0001-01-01T08:00:00.0000000+08:00" testType="13cdc9d9-ddb5-4fa4-a97d-d965ccfc6d4b" outcome="NotExecuted" testListId="8c84fa94-04c1-424b-9868-57a2d4851a1d">
    </UnitTestResult>
    <UnitTestResult executionId="84c3cd32-e22c-40b4-bef3-24a4a5f1416f" testId="242d9d33-fc43-5ba7-f421-04377e4c8eeb" testName="Test1" computerName="MIKE-NOTEBOOK2" duration="00:00:00" startTime="0001-01-01T08:00:00.0000000+08:00" endTime="0001-01-01T08:00:00.0000000+08:00" testType="13cdc9d9-ddb5-4fa4-a97d-d965ccfc6d4b" outcome="NotExecuted" testListId="8c84fa94-04c1-424b-9868-57a2d4851a1d">
    </UnitTestResult>
    <UnitTestResult executionId="7982b9a5-a7c9-4ad1-9541-664b22fc6cbe" testId="8408f7ef-84ed-0fc1-0d56-fa816b7ace4e" testName="Test2" computerName="MIKE-NOTEBOOK2" duration="00:00:00" startTime="0001-01-01T08:00:00.0000000+08:00" endTime="0001-01-01T08:00:00.0000000+08:00" testType="13cdc9d9-ddb5-4fa4-a97d-d965ccfc6d4b" outcome="NotExecuted" testListId="8c84fa94-04c1-424b-9868-57a2d4851a1d">
    </UnitTestResult>
    <UnitTestResult executionId="cbdd9216-848d-4580-8514-91130195b2b8" testId="5e9ea4cf-ae67-d7fe-bb6f-a996d963662c" testName="ToQueryString" computerName="MIKE-NOTEBOOK2" duration="00:00:00" startTime="0001-01-01T08:00:00.0000000+08:00" endTime="0001-01-01T08:00:00.0000000+08:00" testType="13cdc9d9-ddb5-4fa4-a97d-d965ccfc6d4b" outcome="NotExecuted" testListId="8c84fa94-04c1-424b-9868-57a2d4851a1d">
    </UnitTestResult>
    <UnitTestResult executionId="e2106ebd-4009-4e96-a90f-8ee518cc841d" testId="13a055b3-dd52-f653-12b3-75c2e209173f" testName="ParseSqlDataType" computerName="MIKE-NOTEBOOK2" duration="00:00:00" startTime="0001-01-01T08:00:00.0000000+08:00" endTime="0001-01-01T08:00:00.0000000+08:00" testType="13cdc9d9-ddb5-4fa4-a97d-d965ccfc6d4b" outcome="NotExecuted" testListId="8c84fa94-04c1-424b-9868-57a2d4851a1d">
    </UnitTestResult>
    <UnitTestResult executionId="9233ae83-426a-48d7-af11-0e473813ec3f" testId="221b2c15-8d83-ca21-f50b-d3e89bc199f7" testName="GetSqlDataType" computerName="MIKE-NOTEBOOK2" duration="00:00:00" startTime="0001-01-01T08:00:00.0000000+08:00" endTime="0001-01-01T08:00:00.0000000+08:00" testType="13cdc9d9-ddb5-4fa4-a97d-d965ccfc6d4b" outcome="NotExecuted" testListId="8c84fa94-04c1-424b-9868-57a2d4851a1d">
    </UnitTestResult>
    <UnitTestResult executionId="d599e827-a1ba-4237-8542-d466f231ca92" testId="f32cac5d-da2c-89de-a93b-ca7be08b187b" testName="ParseSqlDataType" computerName="MIKE-NOTEBOOK2" duration="00:00:00" startTime="0001-01-01T08:00:00.0000000+08:00" endTime="0001-01-01T08:00:00.0000000+08:00" testType="13cdc9d9-ddb5-4fa4-a97d-d965ccfc6d4b" outcome="NotExecuted" testListId="8c84fa94-04c1-424b-9868-57a2d4851a1d">
    </UnitTestResult>
    <UnitTestResult executionId="62c8363e-4e08-4ca5-9e72-d1d6aceceafb" testId="0ceac575-41e1-36ed-f966-a8cf550af88c" testName="FromTypeTest" computerName="MIKE-NOTEBOOK2" duration="00:00:00" startTime="0001-01-01T08:00:00.0000000+08:00" endTime="0001-01-01T08:00:00.0000000+08:00" testType="13cdc9d9-ddb5-4fa4-a97d-d965ccfc6d4b" outcome="NotExecuted" testListId="8c84fa94-04c1-424b-9868-57a2d4851a1d">
    </UnitTestResult>
    <UnitTestResult executionId="da60327b-b145-4ee4-b19b-f89a13f8a5bf" testId="728aa7fe-ad94-9e5f-01ae-04f53b88c63c" testName="FromObjectTest" computerName="MIKE-NOTEBOOK2" duration="00:00:00" startTime="0001-01-01T08:00:00.0000000+08:00" endTime="0001-01-01T08:00:00.0000000+08:00" testType="13cdc9d9-ddb5-4fa4-a97d-d965ccfc6d4b" outcome="NotExecuted" testListId="8c84fa94-04c1-424b-9868-57a2d4851a1d">
    </UnitTestResult>
    <UnitTestResult executionId="83d91eee-23be-4510-a214-571b19eb483a" testId="61a1dec8-4eeb-09e9-7d2d-a8212e2ef330" testName="StoreAndReuseQuery" computerName="MIKE-NOTEBOOK2" duration="00:00:00" startTime="0001-01-01T08:00:00.0000000+08:00" endTime="0001-01-01T08:00:00.0000000+08:00" testType="13cdc9d9-ddb5-4fa4-a97d-d965ccfc6d4b" outcome="NotExecuted" testListId="8c84fa94-04c1-424b-9868-57a2d4851a1d">
    </UnitTestResult>
    <UnitTestResult executionId="bfca96d2-c808-47d7-809f-f6bbd365371a" testId="0f56250a-fcaa-2fa0-39e7-32c7818710b4" testName="Aggregate_Null" computerName="MIKE-NOTEBOOK2" duration="00:00:00" startTime="0001-01-01T08:00:00.0000000+08:00" endTime="0001-01-01T08:00:00.0000000+08:00" testType="13cdc9d9-ddb5-4fa4-a97d-d965ccfc6d4b" outcome="NotExecuted" testListId="8c84fa94-04c1-424b-9868-57a2d4851a1d">
    </UnitTestResult>
    <UnitTestResult executionId="0e290941-9f4c-4ba1-a27b-405c25800f4d" testId="156974d6-908f-6eba-8a37-d4828f9dfdc0" testName="GetDefaultValue" computerName="MIKE-NOTEBOOK2" duration="00:00:00" startTime="0001-01-01T08:00:00.0000000+08:00" endTime="0001-01-01T08:00:00.0000000+08:00" testType="13cdc9d9-ddb5-4fa4-a97d-d965ccfc6d4b" outcome="NotExecuted" testListId="8c84fa94-04c1-424b-9868-57a2d4851a1d">
    </UnitTestResult>
    <UnitTestResult executionId="5106a76d-4223-4773-ac75-597a6ef647f5" testId="0d98e4ae-5769-0c21-077b-77c0850cabe2" testName="Math_Abs" computerName="MIKE-NOTEBOOK2" duration="00:00:00" startTime="0001-01-01T08:00:00.0000000+08:00" endTime="0001-01-01T08:00:00.0000000+08:00" testType="13cdc9d9-ddb5-4fa4-a97d-d965ccfc6d4b" outcome="NotExecuted" testListId="8c84fa94-04c1-424b-9868-57a2d4851a1d">
    </UnitTestResult>
    <UnitTestResult executionId="d4489b4d-a8e7-4c3d-82f6-1529002fc17b" testId="9cfaddae-b528-086a-5b77-537c9d8bf7be" testName="Math_Acos" computerName="MIKE-NOTEBOOK2" duration="00:00:00" startTime="0001-01-01T08:00:00.0000000+08:00" endTime="0001-01-01T08:00:00.0000000+08:00" testType="13cdc9d9-ddb5-4fa4-a97d-d965ccfc6d4b" outcome="NotExecuted" testListId="8c84fa94-04c1-424b-9868-57a2d4851a1d">
    </UnitTestResult>
    <UnitTestResult executionId="73f1498a-ebc0-4055-bc7b-454bd07c628e" testId="9dd7fbec-cf87-3e75-83f5-281b124146ce" testName="Math_Asin" computerName="MIKE-NOTEBOOK2" duration="00:00:00" startTime="0001-01-01T08:00:00.0000000+08:00" endTime="0001-01-01T08:00:00.0000000+08:00" testType="13cdc9d9-ddb5-4fa4-a97d-d965ccfc6d4b" outcome="NotExecuted" testListId="8c84fa94-04c1-424b-9868-57a2d4851a1d">
    </UnitTestResult>
    <UnitTestResult executionId="fc4649e1-d1e7-4353-b657-bbc100e96b54" testId="9c958c50-3899-c320-11ce-00b9c32b0da7" testName="Math_Atan" computerName="MIKE-NOTEBOOK2" duration="00:00:00" startTime="0001-01-01T08:00:00.0000000+08:00" endTime="0001-01-01T08:00:00.0000000+08:00" testType="13cdc9d9-ddb5-4fa4-a97d-d965ccfc6d4b" outcome="NotExecuted" testListId="8c84fa94-04c1-424b-9868-57a2d4851a1d">
    </UnitTestResult>
    <UnitTestResult executionId="d61434a2-da18-4332-8980-7f31c0c29a64" testId="6b31990a-d1b3-23dd-e135-a189817157b1" testName="Math_Atan2" computerName="MIKE-NOTEBOOK2" duration="00:00:00" startTime="0001-01-01T08:00:00.0000000+08:00" endTime="0001-01-01T08:00:00.0000000+08:00" testType="13cdc9d9-ddb5-4fa4-a97d-d965ccfc6d4b" outcome="NotExecuted" testListId="8c84fa94-04c1-424b-9868-57a2d4851a1d">
    </UnitTestResult>
    <UnitTestResult executionId="d0b4fbde-bf26-4391-81f4-c4cb69189380" testId="9c3796a3-8db8-03a3-d578-bbe9f314aa6c" testName="Math_BigMul" computerName="MIKE-NOTEBOOK2" duration="00:00:00" startTime="0001-01-01T08:00:00.0000000+08:00" endTime="0001-01-01T08:00:00.0000000+08:00" testType="13cdc9d9-ddb5-4fa4-a97d-d965ccfc6d4b" outcome="NotExecuted" testListId="8c84fa94-04c1-424b-9868-57a2d4851a1d">
    </UnitTestResult>
    <UnitTestResult executionId="666eef2c-6e3c-413a-888d-0b09d5bee2ea" testId="d22526ba-e47c-b1fb-65d4-6e249ef6090c" testName="Math_Ceiling" computerName="MIKE-NOTEBOOK2" duration="00:00:00" startTime="0001-01-01T08:00:00.0000000+08:00" endTime="0001-01-01T08:00:00.0000000+08:00" testType="13cdc9d9-ddb5-4fa4-a97d-d965ccfc6d4b" outcome="NotExecuted" testListId="8c84fa94-04c1-424b-9868-57a2d4851a1d">
    </UnitTestResult>
    <UnitTestResult executionId="a5c70d46-680a-44a0-be05-9b401dcbd7f2" testId="0d4b18ce-113f-f0f7-370b-d79cd366a98b" testName="Math_Cos" computerName="MIKE-NOTEBOOK2" duration="00:00:00" startTime="0001-01-01T08:00:00.0000000+08:00" endTime="0001-01-01T08:00:00.0000000+08:00" testType="13cdc9d9-ddb5-4fa4-a97d-d965ccfc6d4b" outcome="NotExecuted" testListId="8c84fa94-04c1-424b-9868-57a2d4851a1d">
    </UnitTestResult>
    <UnitTestResult executionId="b99d4618-5000-4764-9495-740bc3fd17b1" testId="ebd3ed36-3eb7-dd2e-b2ac-d406020d886e" testName="Math_Cosh" computerName="MIKE-NOTEBOOK2" duration="00:00:00" startTime="0001-01-01T08:00:00.0000000+08:00" endTime="0001-01-01T08:00:00.0000000+08:00" testType="13cdc9d9-ddb5-4fa4-a97d-d965ccfc6d4b" outcome="NotExecuted" testListId="8c84fa94-04c1-424b-9868-57a2d4851a1d">
    </UnitTestResult>
    <UnitTestResult executionId="6846cd0f-f444-4b64-9635-2a9275afa22b" testId="30f8407b-3712-3aab-f34e-e8f16883987e" testName="Math_DivRem" computerName="MIKE-NOTEBOOK2" duration="00:00:00" startTime="0001-01-01T08:00:00.0000000+08:00" endTime="0001-01-01T08:00:00.0000000+08:00" testType="13cdc9d9-ddb5-4fa4-a97d-d965ccfc6d4b" outcome="NotExecuted" testListId="8c84fa94-04c1-424b-9868-57a2d4851a1d">
    </UnitTestResult>
    <UnitTestResult executionId="ad285de5-6c03-4487-bcfa-e8c7fc2ecb5e" testId="e316cfe0-f568-9c6d-d492-f18f6452ad25" testName="Math_Exp" computerName="MIKE-NOTEBOOK2" duration="00:00:00" startTime="0001-01-01T08:00:00.0000000+08:00" endTime="0001-01-01T08:00:00.0000000+08:00" testType="13cdc9d9-ddb5-4fa4-a97d-d965ccfc6d4b" outcome="NotExecuted" testListId="8c84fa94-04c1-424b-9868-57a2d4851a1d">
    </UnitTestResult>
    <UnitTestResult executionId="4a7dc23d-8c41-4137-b5f0-fc1681804ea3" testId="2c590ea5-a7a7-3916-064b-3a5ebec31a09" testName="Math_Floor" computerName="MIKE-NOTEBOOK2" duration="00:00:00" startTime="0001-01-01T08:00:00.0000000+08:00" endTime="0001-01-01T08:00:00.0000000+08:00" testType="13cdc9d9-ddb5-4fa4-a97d-d965ccfc6d4b" outcome="NotExecuted" testListId="8c84fa94-04c1-424b-9868-57a2d4851a1d">
    </UnitTestResult>
    <UnitTestResult executionId="87c5b5a6-1020-48af-93c0-2aed3536b515" testId="e40d3f7b-8dcf-6a16-7b99-d7e49e27fa94" testName="Math_Log" computerName="MIKE-NOTEBOOK2" duration="00:00:00" startTime="0001-01-01T08:00:00.0000000+08:00" endTime="0001-01-01T08:00:00.0000000+08:00" testType="13cdc9d9-ddb5-4fa4-a97d-d965ccfc6d4b" outcome="NotExecuted" testListId="8c84fa94-04c1-424b-9868-57a2d4851a1d">
    </UnitTestResult>
    <UnitTestResult executionId="26c4958f-75a7-4590-a918-627f1daef1ed" testId="f825365e-ef8e-29bd-c933-2b4389fa0470" testName="Math_Log10" computerName="MIKE-NOTEBOOK2" duration="00:00:00" startTime="0001-01-01T08:00:00.0000000+08:00" endTime="0001-01-01T08:00:00.0000000+08:00" testType="13cdc9d9-ddb5-4fa4-a97d-d965ccfc6d4b" outcome="NotExecuted" testListId="8c84fa94-04c1-424b-9868-57a2d4851a1d">
    </UnitTestResult>
    <UnitTestResult executionId="cfbb58b5-0c2c-4535-8e3a-5b445355fae8" testId="1826c312-9005-4d77-b25d-f9c81c063545" testName="Math_Max" computerName="MIKE-NOTEBOOK2" duration="00:00:00" startTime="0001-01-01T08:00:00.0000000+08:00" endTime="0001-01-01T08:00:00.0000000+08:00" testType="13cdc9d9-ddb5-4fa4-a97d-d965ccfc6d4b" outcome="NotExecuted" testListId="8c84fa94-04c1-424b-9868-57a2d4851a1d">
    </UnitTestResult>
    <UnitTestResult executionId="c3f0da37-a69f-46ce-8638-e59a6984880d" testId="37f2fe2e-4149-eda7-57da-2259a33fbf50" testName="Math_Min" computerName="MIKE-NOTEBOOK2" duration="00:00:00" startTime="0001-01-01T08:00:00.0000000+08:00" endTime="0001-01-01T08:00:00.0000000+08:00" testType="13cdc9d9-ddb5-4fa4-a97d-d965ccfc6d4b" outcome="NotExecuted" testListId="8c84fa94-04c1-424b-9868-57a2d4851a1d">
    </UnitTestResult>
    <UnitTestResult executionId="33b9268d-c263-4a6c-836e-4fd433c021ad" testId="34f3008d-1607-7a02-6161-cdfac5fd18c2" testName="Math_Pow" computerName="MIKE-NOTEBOOK2" duration="00:00:00" startTime="0001-01-01T08:00:00.0000000+08:00" endTime="0001-01-01T08:00:00.0000000+08:00" testType="13cdc9d9-ddb5-4fa4-a97d-d965ccfc6d4b" outcome="NotExecuted" testListId="8c84fa94-04c1-424b-9868-57a2d4851a1d">
    </UnitTestResult>
    <UnitTestResult executionId="9a9927e9-f733-4899-9191-431d295b2ed7" testId="a53bf01e-be43-87af-8888-e82be9d580ca" testName="Math_Round2" computerName="MIKE-NOTEBOOK2" duration="00:00:00" startTime="0001-01-01T08:00:00.0000000+08:00" endTime="0001-01-01T08:00:00.0000000+08:00" testType="13cdc9d9-ddb5-4fa4-a97d-d965ccfc6d4b" outcome="NotExecuted" testListId="8c84fa94-04c1-424b-9868-57a2d4851a1d">
    </UnitTestResult>
    <UnitTestResult executionId="a61b8c98-78c7-4d85-8368-37d0c9ac7e16" testId="a28f575e-8a01-ce7a-d011-0b5485bb2ae8" testName="Math_Sign" computerName="MIKE-NOTEBOOK2" duration="00:00:00" startTime="0001-01-01T08:00:00.0000000+08:00" endTime="0001-01-01T08:00:00.0000000+08:00" testType="13cdc9d9-ddb5-4fa4-a97d-d965ccfc6d4b" outcome="NotExecuted" testListId="8c84fa94-04c1-424b-9868-57a2d4851a1d">
    </UnitTestResult>
    <UnitTestResult executionId="f8d183d2-88c6-4e60-88e8-75cd6ed5e12d" testId="cfebeaae-d221-21df-7190-ddf14ae69925" testName="Math_Sin" computerName="MIKE-NOTEBOOK2" duration="00:00:00" startTime="0001-01-01T08:00:00.0000000+08:00" endTime="0001-01-01T08:00:00.0000000+08:00" testType="13cdc9d9-ddb5-4fa4-a97d-d965ccfc6d4b" outcome="NotExecuted" testListId="8c84fa94-04c1-424b-9868-57a2d4851a1d">
    </UnitTestResult>
    <UnitTestResult executionId="5d1ff154-bcbe-4d7f-afa2-a3ba218ba8db" testId="50f6b687-06e2-f593-ba3f-5b44c41bf96e" testName="Math_Sinh" computerName="MIKE-NOTEBOOK2" duration="00:00:00" startTime="0001-01-01T08:00:00.0000000+08:00" endTime="0001-01-01T08:00:00.0000000+08:00" testType="13cdc9d9-ddb5-4fa4-a97d-d965ccfc6d4b" outcome="NotExecuted" testListId="8c84fa94-04c1-424b-9868-57a2d4851a1d">
    </UnitTestResult>
    <UnitTestResult executionId="6679083a-85b8-4a47-a4d3-c8200f21cd5a" testId="ada29727-678c-0b8f-5fee-8f2b8637e7ef" testName="Math_Sqrt" computerName="MIKE-NOTEBOOK2" duration="00:00:00" startTime="0001-01-01T08:00:00.0000000+08:00" endTime="0001-01-01T08:00:00.0000000+08:00" testType="13cdc9d9-ddb5-4fa4-a97d-d965ccfc6d4b" outcome="NotExecuted" testListId="8c84fa94-04c1-424b-9868-57a2d4851a1d">
    </UnitTestResult>
    <UnitTestResult executionId="c6b96bb5-9cb9-4b22-a0ff-a80711f435de" testId="12c967d4-952e-4dad-26c3-76bb32ca1fc3" testName="Math_Tan" computerName="MIKE-NOTEBOOK2" duration="00:00:00" startTime="0001-01-01T08:00:00.0000000+08:00" endTime="0001-01-01T08:00:00.0000000+08:00" testType="13cdc9d9-ddb5-4fa4-a97d-d965ccfc6d4b" outcome="NotExecuted" testListId="8c84fa94-04c1-424b-9868-57a2d4851a1d">
    </UnitTestResult>
    <UnitTestResult executionId="c2e4ad0d-4028-4b97-860f-ea1048902aca" testId="339ab285-9c9e-6424-eedc-f1354d9a16dc" testName="Math_Tanh" computerName="MIKE-NOTEBOOK2" duration="00:00:00" startTime="0001-01-01T08:00:00.0000000+08:00" endTime="0001-01-01T08:00:00.0000000+08:00" testType="13cdc9d9-ddb5-4fa4-a97d-d965ccfc6d4b" outcome="NotExecuted" testListId="8c84fa94-04c1-424b-9868-57a2d4851a1d">
    </UnitTestResult>
    <UnitTestResult executionId="acb87901-f41e-4425-a961-c49eea3774dc" testId="5ff38e3e-3da6-bc83-5616-99c6bddda09f" testName="Math_Truncate1" computerName="MIKE-NOTEBOOK2" duration="00:00:00" startTime="0001-01-01T08:00:00.0000000+08:00" endTime="0001-01-01T08:00:00.0000000+08:00" testType="13cdc9d9-ddb5-4fa4-a97d-d965ccfc6d4b" outcome="NotExecuted" testListId="8c84fa94-04c1-424b-9868-57a2d4851a1d">
    </UnitTestResult>
    <UnitTestResult executionId="25cb4022-d5f1-4cfc-aeec-4f13584164ca" testId="3258131c-ece7-e519-6c46-d592f8995bab" testName="String_Clone" computerName="MIKE-NOTEBOOK2" duration="00:00:00" startTime="0001-01-01T08:00:00.0000000+08:00" endTime="0001-01-01T08:00:00.0000000+08:00" testType="13cdc9d9-ddb5-4fa4-a97d-d965ccfc6d4b" outcome="NotExecuted" testListId="8c84fa94-04c1-424b-9868-57a2d4851a1d">
    </UnitTestResult>
    <UnitTestResult executionId="51aa2534-9545-4a6d-ba9d-348cf5d6dca8" testId="920cc137-672c-e735-1395-7e8041bd5789" testName="String_CompareTo" computerName="MIKE-NOTEBOOK2" duration="00:00:00" startTime="0001-01-01T08:00:00.0000000+08:00" endTime="0001-01-01T08:00:00.0000000+08:00" testType="13cdc9d9-ddb5-4fa4-a97d-d965ccfc6d4b" outcome="NotExecuted" testListId="8c84fa94-04c1-424b-9868-57a2d4851a1d">
    </UnitTestResult>
    <UnitTestResult executionId="35586878-b14a-49d8-826b-51d6d23c66b4" testId="e45e8a26-3683-cc87-7bac-c2369ffbd758" testName="String_Contains" computerName="MIKE-NOTEBOOK2" duration="00:00:00" startTime="0001-01-01T08:00:00.0000000+08:00" endTime="0001-01-01T08:00:00.0000000+08:00" testType="13cdc9d9-ddb5-4fa4-a97d-d965ccfc6d4b" outcome="NotExecuted" testListId="8c84fa94-04c1-424b-9868-57a2d4851a1d">
    </UnitTestResult>
    <UnitTestResult executionId="ec3fe689-5161-4a42-baec-40b6d59bb097" testId="33daf3dd-2be0-05b2-6ec2-edf5f2a6b9d8" testName="String_EndsWith" computerName="MIKE-NOTEBOOK2" duration="00:00:00" startTime="0001-01-01T08:00:00.0000000+08:00" endTime="0001-01-01T08:00:00.0000000+08:00" testType="13cdc9d9-ddb5-4fa4-a97d-d965ccfc6d4b" outcome="NotExecuted" testListId="8c84fa94-04c1-424b-9868-57a2d4851a1d">
    </UnitTestResult>
    <UnitTestResult executionId="295d9c71-234b-4efd-93a2-c8f6266ebcf4" testId="019faf8e-bb83-0b02-9b96-0125271f61b1" testName="String_Equals1" computerName="MIKE-NOTEBOOK2" duration="00:00:00" startTime="0001-01-01T08:00:00.0000000+08:00" endTime="0001-01-01T08:00:00.0000000+08:00" testType="13cdc9d9-ddb5-4fa4-a97d-d965ccfc6d4b" outcome="NotExecuted" testListId="8c84fa94-04c1-424b-9868-57a2d4851a1d">
    </UnitTestResult>
    <UnitTestResult executionId="6f18a357-d8a3-4aef-96c2-4fdfa50b841f" testId="0078b0a3-f26b-f25d-daa5-7a25715310d5" testName="String_Equals2" computerName="MIKE-NOTEBOOK2" duration="00:00:00" startTime="0001-01-01T08:00:00.0000000+08:00" endTime="0001-01-01T08:00:00.0000000+08:00" testType="13cdc9d9-ddb5-4fa4-a97d-d965ccfc6d4b" outcome="NotExecuted" testListId="8c84fa94-04c1-424b-9868-57a2d4851a1d">
    </UnitTestResult>
    <UnitTestResult executionId="4bc8b09e-8953-443c-a31e-81ef3b314a06" testId="55e1d91c-1871-d7d1-9c1c-25f46390271b" testName="String_Equals3" computerName="MIKE-NOTEBOOK2" duration="00:00:00" startTime="0001-01-01T08:00:00.0000000+08:00" endTime="0001-01-01T08:00:00.0000000+08:00" testType="13cdc9d9-ddb5-4fa4-a97d-d965ccfc6d4b" outcome="NotExecuted" testListId="8c84fa94-04c1-424b-9868-57a2d4851a1d">
    </UnitTestResult>
    <UnitTestResult executionId="a8baf5a9-f6bd-4e08-8649-a83ad22a1e38" testId="8cdc5ac7-0b17-7a3b-4b26-6b851e1cd6b4" testName="String_IndexOf1" computerName="MIKE-NOTEBOOK2" duration="00:00:00" startTime="0001-01-01T08:00:00.0000000+08:00" endTime="0001-01-01T08:00:00.0000000+08:00" testType="13cdc9d9-ddb5-4fa4-a97d-d965ccfc6d4b" outcome="NotExecuted" testListId="8c84fa94-04c1-424b-9868-57a2d4851a1d">
    </UnitTestResult>
    <UnitTestResult executionId="69f39185-c860-4829-a15f-2df399cb9bd7" testId="96177d53-5b73-9fe0-ee8b-031a911ac8c2" testName="String_IndexOf2" computerName="MIKE-NOTEBOOK2" duration="00:00:00" startTime="0001-01-01T08:00:00.0000000+08:00" endTime="0001-01-01T08:00:00.0000000+08:00" testType="13cdc9d9-ddb5-4fa4-a97d-d965ccfc6d4b" outcome="NotExecuted" testListId="8c84fa94-04c1-424b-9868-57a2d4851a1d">
    </UnitTestResult>
    <UnitTestResult executionId="e1b469fb-b77f-4004-9186-ba2514cc6c65" testId="1ec55e6c-26d1-db9e-e9a2-3357de1e0b2b" testName="String_IndexOf3" computerName="MIKE-NOTEBOOK2" duration="00:00:00" startTime="0001-01-01T08:00:00.0000000+08:00" endTime="0001-01-01T08:00:00.0000000+08:00" testType="13cdc9d9-ddb5-4fa4-a97d-d965ccfc6d4b" outcome="NotExecuted" testListId="8c84fa94-04c1-424b-9868-57a2d4851a1d">
    </UnitTestResult>
    <UnitTestResult executionId="586efd8a-27ab-4f07-a6cd-81ad75c75b4e" testId="f74bbe1e-cce8-f1d5-4d07-ec604b621117" testName="String_IndexOf4" computerName="MIKE-NOTEBOOK2" duration="00:00:00" startTime="0001-01-01T08:00:00.0000000+08:00" endTime="0001-01-01T08:00:00.0000000+08:00" testType="13cdc9d9-ddb5-4fa4-a97d-d965ccfc6d4b" outcome="NotExecuted" testListId="8c84fa94-04c1-424b-9868-57a2d4851a1d">
    </UnitTestResult>
    <UnitTestResult executionId="62192627-9224-4ed0-91a8-859fd234dcc2" testId="eacd17fd-fe3b-fcf2-d636-41250a5a4731" testName="String_Insert" computerName="MIKE-NOTEBOOK2" duration="00:00:00" startTime="0001-01-01T08:00:00.0000000+08:00" endTime="0001-01-01T08:00:00.0000000+08:00" testType="13cdc9d9-ddb5-4fa4-a97d-d965ccfc6d4b" outcome="NotExecuted" testListId="8c84fa94-04c1-424b-9868-57a2d4851a1d">
    </UnitTestResult>
    <UnitTestResult executionId="b537c5de-8253-492e-b087-b0200d9d0c7e" testId="96674347-791d-4d3e-1a81-74bae514eede" testName="String_Length" computerName="MIKE-NOTEBOOK2" duration="00:00:00" startTime="0001-01-01T08:00:00.0000000+08:00" endTime="0001-01-01T08:00:00.0000000+08:00" testType="13cdc9d9-ddb5-4fa4-a97d-d965ccfc6d4b" outcome="NotExecuted" testListId="8c84fa94-04c1-424b-9868-57a2d4851a1d">
    </UnitTestResult>
    <UnitTestResult executionId="06e3e325-3e9e-46ba-a110-dffc0d158725" testId="aff4595a-9c8c-9f6e-b82b-c9498b6057bd" testName="String_Substring1" computerName="MIKE-NOTEBOOK2" duration="00:00:00" startTime="0001-01-01T08:00:00.0000000+08:00" endTime="0001-01-01T08:00:00.0000000+08:00" testType="13cdc9d9-ddb5-4fa4-a97d-d965ccfc6d4b" outcome="NotExecuted" testListId="8c84fa94-04c1-424b-9868-57a2d4851a1d">
    </UnitTestResult>
    <UnitTestResult executionId="c7d2782f-131a-4370-a62d-8541ff5abb69" testId="25f9bdaf-03a1-69bb-66cd-450cf37d9415" testName="String_Substring2" computerName="MIKE-NOTEBOOK2" duration="00:00:00" startTime="0001-01-01T08:00:00.0000000+08:00" endTime="0001-01-01T08:00:00.0000000+08:00" testType="13cdc9d9-ddb5-4fa4-a97d-d965ccfc6d4b" outcome="NotExecuted" testListId="8c84fa94-04c1-424b-9868-57a2d4851a1d">
    </UnitTestResult>
    <UnitTestResult executionId="72faaace-87a1-4b75-8d76-c574d4696ad5" testId="08c46089-b65f-9a97-cfe1-3a82d71f8bef" testName="String_ToLower1" computerName="MIKE-NOTEBOOK2" duration="00:00:00" startTime="0001-01-01T08:00:00.0000000+08:00" endTime="0001-01-01T08:00:00.0000000+08:00" testType="13cdc9d9-ddb5-4fa4-a97d-d965ccfc6d4b" outcome="NotExecuted" testListId="8c84fa94-04c1-424b-9868-57a2d4851a1d">
    </UnitTestResult>
    <UnitTestResult executionId="d2bf4143-0aec-4c3a-9c9d-b93b4d293e4e" testId="a9b8f021-2d14-a0c5-4495-1eeb8cb74ae8" testName="String_ToLower2" computerName="MIKE-NOTEBOOK2" duration="00:00:00" startTime="0001-01-01T08:00:00.0000000+08:00" endTime="0001-01-01T08:00:00.0000000+08:00" testType="13cdc9d9-ddb5-4fa4-a97d-d965ccfc6d4b" outcome="NotExecuted" testListId="8c84fa94-04c1-424b-9868-57a2d4851a1d">
    </UnitTestResult>
    <UnitTestResult executionId="cd253f91-fa30-467a-a300-7968e847e0ea" testId="4a7f821d-57fc-90d5-4013-d076b0fafe82" testName="String_ToLowerInvariant" computerName="MIKE-NOTEBOOK2" duration="00:00:00" startTime="0001-01-01T08:00:00.0000000+08:00" endTime="0001-01-01T08:00:00.0000000+08:00" testType="13cdc9d9-ddb5-4fa4-a97d-d965ccfc6d4b" outcome="NotExecuted" testListId="8c84fa94-04c1-424b-9868-57a2d4851a1d">
    </UnitTestResult>
    <UnitTestResult executionId="1fb9956d-147b-44c8-a63a-5da4041e5c6c" testId="2677d899-f048-858c-e233-498744c71cca" testName="String_ToUpper1" computerName="MIKE-NOTEBOOK2" duration="00:00:00" startTime="0001-01-01T08:00:00.0000000+08:00" endTime="0001-01-01T08:00:00.0000000+08:00" testType="13cdc9d9-ddb5-4fa4-a97d-d965ccfc6d4b" outcome="NotExecuted" testListId="8c84fa94-04c1-424b-9868-57a2d4851a1d">
    </UnitTestResult>
    <UnitTestResult executionId="f030e960-9713-4db8-b570-a16b1523d672" testId="45e3f3b4-e799-549a-8a94-228faa61c7df" testName="String_ToUpper2" computerName="MIKE-NOTEBOOK2" duration="00:00:00" startTime="0001-01-01T08:00:00.0000000+08:00" endTime="0001-01-01T08:00:00.0000000+08:00" testType="13cdc9d9-ddb5-4fa4-a97d-d965ccfc6d4b" outcome="NotExecuted" testListId="8c84fa94-04c1-424b-9868-57a2d4851a1d">
    </UnitTestResult>
    <UnitTestResult executionId="2e88785c-d646-4db1-919e-7983aa3c75c7" testId="2aba796f-836f-ffd3-1090-c688b78f3a44" testName="String_ToUpperInvariant" computerName="MIKE-NOTEBOOK2" duration="00:00:00" startTime="0001-01-01T08:00:00.0000000+08:00" endTime="0001-01-01T08:00:00.0000000+08:00" testType="13cdc9d9-ddb5-4fa4-a97d-d965ccfc6d4b" outcome="NotExecuted" testListId="8c84fa94-04c1-424b-9868-57a2d4851a1d">
    </UnitTestResult>
    <UnitTestResult executionId="6d5ea538-ceac-49a9-897d-4d7323428546" testId="b5a6f9e1-35bf-b241-c20d-9b32294147b3" testName="String_Trim1" computerName="MIKE-NOTEBOOK2" duration="00:00:00" startTime="0001-01-01T08:00:00.0000000+08:00" endTime="0001-01-01T08:00:00.0000000+08:00" testType="13cdc9d9-ddb5-4fa4-a97d-d965ccfc6d4b" outcome="NotExecuted" testListId="8c84fa94-04c1-424b-9868-57a2d4851a1d">
    </UnitTestResult>
    <UnitTestResult executionId="d32b27b9-4904-41d2-9bc8-b288defcb43c" testId="35ced8a8-4aab-2ffc-da2a-322b3d669b9e" testName="String_Char" computerName="MIKE-NOTEBOOK2" duration="00:00:00" startTime="0001-01-01T08:00:00.0000000+08:00" endTime="0001-01-01T08:00:00.0000000+08:00" testType="13cdc9d9-ddb5-4fa4-a97d-d965ccfc6d4b" outcome="NotExecuted" testListId="8c84fa94-04c1-424b-9868-57a2d4851a1d">
    </UnitTestResult>
    <UnitTestResult executionId="06c493aa-e5e0-44af-b536-4df30e09b800" testId="4292b526-8116-2069-91d8-503c27d89db7" testName="DateTime_Add" computerName="MIKE-NOTEBOOK2" duration="00:00:00" startTime="0001-01-01T08:00:00.0000000+08:00" endTime="0001-01-01T08:00:00.0000000+08:00" testType="13cdc9d9-ddb5-4fa4-a97d-d965ccfc6d4b" outcome="NotExecuted" testListId="8c84fa94-04c1-424b-9868-57a2d4851a1d">
    </UnitTestResult>
    <UnitTestResult executionId="4c8051de-05ee-4703-aeb9-8547eb151bb9" testId="b2a4af59-9848-820f-5755-865726fcfb70" testName="DateTime_AddDays" computerName="MIKE-NOTEBOOK2" duration="00:00:00" startTime="0001-01-01T08:00:00.0000000+08:00" endTime="0001-01-01T08:00:00.0000000+08:00" testType="13cdc9d9-ddb5-4fa4-a97d-d965ccfc6d4b" outcome="NotExecuted" testListId="8c84fa94-04c1-424b-9868-57a2d4851a1d">
    </UnitTestResult>
    <UnitTestResult executionId="d68682a5-15b4-4b5e-b8e1-a51b722e2229" testId="9ddce0f5-6bd6-da5e-3512-77c51eda9849" testName="DateTime_AddHours" computerName="MIKE-NOTEBOOK2" duration="00:00:00" startTime="0001-01-01T08:00:00.0000000+08:00" endTime="0001-01-01T08:00:00.0000000+08:00" testType="13cdc9d9-ddb5-4fa4-a97d-d965ccfc6d4b" outcome="NotExecuted" testListId="8c84fa94-04c1-424b-9868-57a2d4851a1d">
    </UnitTestResult>
    <UnitTestResult executionId="b26cba83-26d8-40fe-b203-694bec96abc8" testId="64ef96d4-7f1a-518e-7617-b01a509af04b" testName="DateTime_AddMinutes" computerName="MIKE-NOTEBOOK2" duration="00:00:00" startTime="0001-01-01T08:00:00.0000000+08:00" endTime="0001-01-01T08:00:00.0000000+08:00" testType="13cdc9d9-ddb5-4fa4-a97d-d965ccfc6d4b" outcome="NotExecuted" testListId="8c84fa94-04c1-424b-9868-57a2d4851a1d">
    </UnitTestResult>
    <UnitTestResult executionId="2c727450-af00-405b-8b43-6a3d03fcd7db" testId="fcf94bbc-ec5c-5a7a-4a3a-76c44f3eb342" testName="DateTime_AddMonths" computerName="MIKE-NOTEBOOK2" duration="00:00:00" startTime="0001-01-01T08:00:00.0000000+08:00" endTime="0001-01-01T08:00:00.0000000+08:00" testType="13cdc9d9-ddb5-4fa4-a97d-d965ccfc6d4b" outcome="NotExecuted" testListId="8c84fa94-04c1-424b-9868-57a2d4851a1d">
    </UnitTestResult>
    <UnitTestResult executionId="ca9a86e9-e826-4123-9460-f72c1620ace4" testId="63082f23-b909-d154-c4bb-91434b9a521a" testName="DateTime_AddSeconds" computerName="MIKE-NOTEBOOK2" duration="00:00:00" startTime="0001-01-01T08:00:00.0000000+08:00" endTime="0001-01-01T08:00:00.0000000+08:00" testType="13cdc9d9-ddb5-4fa4-a97d-d965ccfc6d4b" outcome="NotExecuted" testListId="8c84fa94-04c1-424b-9868-57a2d4851a1d">
    </UnitTestResult>
    <UnitTestResult executionId="b21f6350-2fa0-4642-a678-21793f4894ac" testId="863f944d-c871-186a-4e6b-38432e6292e4" testName="DateTime_AddYears" computerName="MIKE-NOTEBOOK2" duration="00:00:00" startTime="0001-01-01T08:00:00.0000000+08:00" endTime="0001-01-01T08:00:00.0000000+08:00" testType="13cdc9d9-ddb5-4fa4-a97d-d965ccfc6d4b" outcome="NotExecuted" testListId="8c84fa94-04c1-424b-9868-57a2d4851a1d">
    </UnitTestResult>
    <UnitTestResult executionId="b8378a95-0d9c-40f8-8cb3-e9c2b086c632" testId="509d5086-a792-e687-1253-dd35adfea97d" testName="DateTime_ToLoaclTime" computerName="MIKE-NOTEBOOK2" duration="00:00:00" startTime="0001-01-01T08:00:00.0000000+08:00" endTime="0001-01-01T08:00:00.0000000+08:00" testType="13cdc9d9-ddb5-4fa4-a97d-d965ccfc6d4b" outcome="NotExecuted" testListId="8c84fa94-04c1-424b-9868-57a2d4851a1d">
    </UnitTestResult>
    <UnitTestResult executionId="0e256ccb-b038-45fb-b4d3-c3913c1202e9" testId="c5a519fe-dfa8-2155-a3e8-e1977aacf8fa" testName="DateTime_Subtract" computerName="MIKE-NOTEBOOK2" duration="00:00:00" startTime="0001-01-01T08:00:00.0000000+08:00" endTime="0001-01-01T08:00:00.0000000+08:00" testType="13cdc9d9-ddb5-4fa4-a97d-d965ccfc6d4b" outcome="NotExecuted" testListId="8c84fa94-04c1-424b-9868-57a2d4851a1d">
    </UnitTestResult>
    <UnitTestResult executionId="4a9703ce-6ba2-4dc2-9e88-b3db769bf0a2" testId="f816e8c7-3173-e369-84e8-a29af1d39533" testName="DateTime_Hour" computerName="MIKE-NOTEBOOK2" duration="00:00:00" startTime="0001-01-01T08:00:00.0000000+08:00" endTime="0001-01-01T08:00:00.0000000+08:00" testType="13cdc9d9-ddb5-4fa4-a97d-d965ccfc6d4b" outcome="NotExecuted" testListId="8c84fa94-04c1-424b-9868-57a2d4851a1d">
    </UnitTestResult>
    <UnitTestResult executionId="4d41d93e-549e-46b9-b6d2-9ce1e3c6a753" testId="9639361b-5c29-89a2-1b54-1b33b084038b" testName="DateTime_Minute" computerName="MIKE-NOTEBOOK2" duration="00:00:00" startTime="0001-01-01T08:00:00.0000000+08:00" endTime="0001-01-01T08:00:00.0000000+08:00" testType="13cdc9d9-ddb5-4fa4-a97d-d965ccfc6d4b" outcome="NotExecuted" testListId="8c84fa94-04c1-424b-9868-57a2d4851a1d">
    </UnitTestResult>
    <UnitTestResult executionId="a31a4c01-61f4-4a56-9f8a-135a7e933bfe" testId="088bc471-3340-0dea-e1ff-ad668953be7d" testName="DateTime_Second" computerName="MIKE-NOTEBOOK2" duration="00:00:00" startTime="0001-01-01T08:00:00.0000000+08:00" endTime="0001-01-01T08:00:00.0000000+08:00" testType="13cdc9d9-ddb5-4fa4-a97d-d965ccfc6d4b" outcome="NotExecuted" testListId="8c84fa94-04c1-424b-9868-57a2d4851a1d">
    </UnitTestResult>
    <UnitTestResult executionId="e60f9b22-cd0b-45ef-b24c-0a99d57e71ba" testId="17b0df05-22ae-9ff0-3ff1-a8394c80991a" testName="DateTime_DayOfWeek" computerName="MIKE-NOTEBOOK2" duration="00:00:00" startTime="0001-01-01T08:00:00.0000000+08:00" endTime="0001-01-01T08:00:00.0000000+08:00" testType="13cdc9d9-ddb5-4fa4-a97d-d965ccfc6d4b" outcome="NotExecuted" testListId="8c84fa94-04c1-424b-9868-57a2d4851a1d">
    </UnitTestResult>
    <UnitTestResult executionId="435c2b2d-b030-42f5-8d5b-5b473152a14e" testId="3f69e1ea-d5ca-2e48-5357-524014d0d529" testName="DateTime_DayOfYear" computerName="MIKE-NOTEBOOK2" duration="00:00:00" startTime="0001-01-01T08:00:00.0000000+08:00" endTime="0001-01-01T08:00:00.0000000+08:00" testType="13cdc9d9-ddb5-4fa4-a97d-d965ccfc6d4b" outcome="NotExecuted" testListId="8c84fa94-04c1-424b-9868-57a2d4851a1d">
    </UnitTestResult>
    <UnitTestResult executionId="5bde1e5f-028e-44c2-8187-2cc17b22a364" testId="77e2ef3b-c931-3cfa-5e9f-4bdae9094ca8" testName="DateTime_ToString" computerName="MIKE-NOTEBOOK2" duration="00:00:00" startTime="0001-01-01T08:00:00.0000000+08:00" endTime="0001-01-01T08:00:00.0000000+08:00" testType="13cdc9d9-ddb5-4fa4-a97d-d965ccfc6d4b" outcome="NotExecuted" testListId="8c84fa94-04c1-424b-9868-57a2d4851a1d">
    </UnitTestResult>
    <UnitTestResult executionId="5944dd3b-ee97-4714-b6bf-97e2fdafeaf0" testId="295440b2-467b-3749-dd61-9c1b50509f05" testName="Convert_ToBoolean" computerName="MIKE-NOTEBOOK2" duration="00:00:00" startTime="0001-01-01T08:00:00.0000000+08:00" endTime="0001-01-01T08:00:00.0000000+08:00" testType="13cdc9d9-ddb5-4fa4-a97d-d965ccfc6d4b" outcome="NotExecuted" testListId="8c84fa94-04c1-424b-9868-57a2d4851a1d">
    </UnitTestResult>
    <UnitTestResult executionId="61690225-419b-4588-acad-66812b2a4850" testId="030bdfb2-c182-faae-9de8-e084b969d5b4" testName="Convert_ToByte" computerName="MIKE-NOTEBOOK2" duration="00:00:00" startTime="0001-01-01T08:00:00.0000000+08:00" endTime="0001-01-01T08:00:00.0000000+08:00" testType="13cdc9d9-ddb5-4fa4-a97d-d965ccfc6d4b" outcome="NotExecuted" testListId="8c84fa94-04c1-424b-9868-57a2d4851a1d">
    </UnitTestResult>
    <UnitTestResult executionId="721081f7-a76e-4884-9116-ad58aaa365e5" testId="bbd280cf-758b-7098-9516-80033a3c9ee3" testName="Convert_ToInt32" computerName="MIKE-NOTEBOOK2" duration="00:00:00" startTime="0001-01-01T08:00:00.0000000+08:00" endTime="0001-01-01T08:00:00.0000000+08:00" testType="13cdc9d9-ddb5-4fa4-a97d-d965ccfc6d4b" outcome="NotExecuted" testListId="8c84fa94-04c1-424b-9868-57a2d4851a1d">
    </UnitTestResult>
    <UnitTestResult executionId="7b33c39f-8a3d-4a15-817f-99a946ecd8f1" testId="a60f177a-65d2-43d3-e8b0-86f7f37e1668" testName="Convert_ToInt64" computerName="MIKE-NOTEBOOK2" duration="00:00:00" startTime="0001-01-01T08:00:00.0000000+08:00" endTime="0001-01-01T08:00:00.0000000+08:00" testType="13cdc9d9-ddb5-4fa4-a97d-d965ccfc6d4b" outcome="NotExecuted" testListId="8c84fa94-04c1-424b-9868-57a2d4851a1d">
    </UnitTestResult>
    <UnitTestResult executionId="b44b3f90-5d18-49cb-b09c-7a8add2e55fd" testId="b74f21d1-aaa1-6893-8061-cdd67a1d44a9" testName="Convert_ToSByte" computerName="MIKE-NOTEBOOK2" duration="00:00:00" startTime="0001-01-01T08:00:00.0000000+08:00" endTime="0001-01-01T08:00:00.0000000+08:00" testType="13cdc9d9-ddb5-4fa4-a97d-d965ccfc6d4b" outcome="NotExecuted" testListId="8c84fa94-04c1-424b-9868-57a2d4851a1d">
    </UnitTestResult>
    <UnitTestResult executionId="31a193a4-bdac-44a7-8f04-e2a5181b4375" testId="89b04b39-702a-896f-cca0-1f335ddf1e5b" testName="Convert_ToSingle" computerName="MIKE-NOTEBOOK2" duration="00:00:00" startTime="0001-01-01T08:00:00.0000000+08:00" endTime="0001-01-01T08:00:00.0000000+08:00" testType="13cdc9d9-ddb5-4fa4-a97d-d965ccfc6d4b" outcome="NotExecuted" testListId="8c84fa94-04c1-424b-9868-57a2d4851a1d">
    </UnitTestResult>
    <UnitTestResult executionId="bb9026e3-0fe0-4009-b18f-ba04b69ee4b4" testId="a172e539-44f5-b384-0a4d-184397d8e7dd" testName="Convert_ToString" computerName="MIKE-NOTEBOOK2" duration="00:00:00" startTime="0001-01-01T08:00:00.0000000+08:00" endTime="0001-01-01T08:00:00.0000000+08:00" testType="13cdc9d9-ddb5-4fa4-a97d-d965ccfc6d4b" outcome="NotExecuted" testListId="8c84fa94-04c1-424b-9868-57a2d4851a1d">
    </UnitTestResult>
    <UnitTestResult executionId="3c4e72b0-a038-4673-a9b6-a084c7e554ba" testId="4ea38d5f-b5d2-b437-d106-622c751c479d" testName="Convert_ToDateTime" computerName="MIKE-NOTEBOOK2" duration="00:00:00" startTime="0001-01-01T08:00:00.0000000+08:00" endTime="0001-01-01T08:00:00.0000000+08:00" testType="13cdc9d9-ddb5-4fa4-a97d-d965ccfc6d4b" outcome="NotExecuted" testListId="8c84fa94-04c1-424b-9868-57a2d4851a1d">
    </UnitTestResult>
    <UnitTestResult executionId="dc473b61-3741-4c45-b3e9-9f6f3796cb40" testId="0f1fa5ba-ad1d-fdb1-e104-eecf23acdbc6" testName="SqlMethod_Len" computerName="MIKE-NOTEBOOK2" duration="00:00:00" startTime="0001-01-01T08:00:00.0000000+08:00" endTime="0001-01-01T08:00:00.0000000+08:00" testType="13cdc9d9-ddb5-4fa4-a97d-d965ccfc6d4b" outcome="NotExecuted" testListId="8c84fa94-04c1-424b-9868-57a2d4851a1d">
    </UnitTestResult>
    <UnitTestResult executionId="ab25690d-0076-4a87-8732-1c8f5ff2e17e" testId="a954d289-fb7c-ae2d-7268-eed55e5855c8" testName="SqlMethod_Remote" computerName="MIKE-NOTEBOOK2" duration="00:00:00" startTime="0001-01-01T08:00:00.0000000+08:00" endTime="0001-01-01T08:00:00.0000000+08:00" testType="13cdc9d9-ddb5-4fa4-a97d-d965ccfc6d4b" outcome="NotExecuted" testListId="8c84fa94-04c1-424b-9868-57a2d4851a1d">
    </UnitTestResult>
    <UnitTestResult executionId="9ab248de-52d9-4246-9d79-5530bb3a2082" testId="6f044019-8814-267f-e0f9-37c87c027458" testName="CRUD_Update1" computerName="MIKE-NOTEBOOK2" duration="00:00:00" startTime="0001-01-01T08:00:00.0000000+08:00" endTime="0001-01-01T08:00:00.0000000+08:00" testType="13cdc9d9-ddb5-4fa4-a97d-d965ccfc6d4b" outcome="NotExecuted" testListId="8c84fa94-04c1-424b-9868-57a2d4851a1d">
    </UnitTestResult>
    <UnitTestResult executionId="a5242511-1e5e-4275-a584-cfeea10d5f34" testId="ee47bc88-112a-7bbb-4dfa-339e3a88c421" testName="CRUD_Update2" computerName="MIKE-NOTEBOOK2" duration="00:00:00" startTime="0001-01-01T08:00:00.0000000+08:00" endTime="0001-01-01T08:00:00.0000000+08:00" testType="13cdc9d9-ddb5-4fa4-a97d-d965ccfc6d4b" outcome="NotExecuted" testListId="8c84fa94-04c1-424b-9868-57a2d4851a1d">
    </UnitTestResult>
    <UnitTestResult executionId="c5c1f49a-1c29-464f-966e-5c2be5e18d2e" testId="d5297578-3588-dfde-778d-74a3689a3c6a" testName="CRUD_Update3" computerName="MIKE-NOTEBOOK2" duration="00:00:00" startTime="0001-01-01T08:00:00.0000000+08:00" endTime="0001-01-01T08:00:00.0000000+08:00" testType="13cdc9d9-ddb5-4fa4-a97d-d965ccfc6d4b" outcome="NotExecuted" testListId="8c84fa94-04c1-424b-9868-57a2d4851a1d">
    </UnitTestResult>
    <UnitTestResult executionId="20b02acf-2640-4b5e-be0f-0b765d5d8a03" testId="44f2cb16-ecab-f935-4087-fd83cae4e6f3" testName="CRUD_Update4" computerName="MIKE-NOTEBOOK2" duration="00:00:00" startTime="0001-01-01T08:00:00.0000000+08:00" endTime="0001-01-01T08:00:00.0000000+08:00" testType="13cdc9d9-ddb5-4fa4-a97d-d965ccfc6d4b" outcome="NotExecuted" testListId="8c84fa94-04c1-424b-9868-57a2d4851a1d">
    </UnitTestResult>
    <UnitTestResult executionId="06b1c470-6cb7-4fea-bd92-e35e69ad0850" testId="3efd9ca2-2c85-766f-a21c-d6abbc288499" testName="CRUD_Delete1" computerName="MIKE-NOTEBOOK2" duration="00:00:00" startTime="0001-01-01T08:00:00.0000000+08:00" endTime="0001-01-01T08:00:00.0000000+08:00" testType="13cdc9d9-ddb5-4fa4-a97d-d965ccfc6d4b" outcome="NotExecuted" testListId="8c84fa94-04c1-424b-9868-57a2d4851a1d">
    </UnitTestResult>
    <UnitTestResult executionId="cbc3b831-843d-46ca-8706-19826e8f8c3c" testId="e20f8100-c30b-9e42-15ab-52c5a4b28d14" testName="CRUD_Delete2" computerName="MIKE-NOTEBOOK2" duration="00:00:00" startTime="0001-01-01T08:00:00.0000000+08:00" endTime="0001-01-01T08:00:00.0000000+08:00" testType="13cdc9d9-ddb5-4fa4-a97d-d965ccfc6d4b" outcome="NotExecuted" testListId="8c84fa94-04c1-424b-9868-57a2d4851a1d">
    </UnitTestResult>
    <UnitTestResult executionId="91aa35cf-e840-4945-a926-0f937ab32e8b" testId="9a43eb14-cd62-89c4-60af-c0903f7728fa" testName="CRUD_Insert1" computerName="MIKE-NOTEBOOK2" duration="00:00:00" startTime="0001-01-01T08:00:00.0000000+08:00" endTime="0001-01-01T08:00:00.0000000+08:00" testType="13cdc9d9-ddb5-4fa4-a97d-d965ccfc6d4b" outcome="NotExecuted" testListId="8c84fa94-04c1-424b-9868-57a2d4851a1d">
    </UnitTestResult>
    <UnitTestResult executionId="de099352-9803-441f-a849-3b68bc4fc3e9" testId="3f6a0dfd-ccf4-5d53-3a16-c1eedc226699" testName="CRUD_Insert2" computerName="MIKE-NOTEBOOK2" duration="00:00:00" startTime="0001-01-01T08:00:00.0000000+08:00" endTime="0001-01-01T08:00:00.0000000+08:00" testType="13cdc9d9-ddb5-4fa4-a97d-d965ccfc6d4b" outcome="NotExecuted" testListId="8c84fa94-04c1-424b-9868-57a2d4851a1d">
    </UnitTestResult>
    <UnitTestResult executionId="b76e5718-9714-418d-b26d-a5feb6469f0f" testId="8a9fe937-f424-f95f-77ca-76fd3929e65f" testName="String_NullSelect" computerName="MIKE-NOTEBOOK2" duration="00:00:00" startTime="0001-01-01T08:00:00.0000000+08:00" endTime="0001-01-01T08:00:00.0000000+08:00" testType="13cdc9d9-ddb5-4fa4-a97d-d965ccfc6d4b" outcome="NotExecuted" testListId="8c84fa94-04c1-424b-9868-57a2d4851a1d">
    </UnitTestResult>
    <UnitTestResult executionId="0628b017-d33a-4d5e-945e-04ea1e8531be" testId="0a3c34e3-54e9-8fa1-639a-c6365f82cb5f" testName="IfEqualTest" computerName="MIKE-NOTEBOOK2" duration="00:00:00" startTime="0001-01-01T08:00:00.0000000+08:00" endTime="0001-01-01T08:00:00.0000000+08:00" testType="13cdc9d9-ddb5-4fa4-a97d-d965ccfc6d4b" outcome="NotExecuted" testListId="8c84fa94-04c1-424b-9868-57a2d4851a1d">
    </UnitTestResult>
    <UnitTestResult executionId="5bf1be7f-0ca8-413a-b214-629ac3d27d79" testId="78dc759e-36b3-06fe-144e-dca3c10ddc92" testName="CreateTale" computerName="MIKE-NOTEBOOK2" duration="00:00:00" startTime="0001-01-01T08:00:00.0000000+08:00" endTime="0001-01-01T08:00:00.0000000+08:00" testType="13cdc9d9-ddb5-4fa4-a97d-d965ccfc6d4b" outcome="NotExecuted" testListId="8c84fa94-04c1-424b-9868-57a2d4851a1d">
    </UnitTestResult>
    <UnitTestResult executionId="f383c908-ebf0-4391-8efe-c08421260568" testId="730c6e7c-8c65-ebd0-02be-9b6497b346cb" testName="DeleteTable" computerName="MIKE-NOTEBOOK2" duration="00:00:00" startTime="0001-01-01T08:00:00.0000000+08:00" endTime="0001-01-01T08:00:00.0000000+08:00" testType="13cdc9d9-ddb5-4fa4-a97d-d965ccfc6d4b" outcome="NotExecuted" testListId="8c84fa94-04c1-424b-9868-57a2d4851a1d">
    </UnitTestResult>
    <UnitTestResult executionId="5c4a0495-ebd3-4080-9b31-c373007a7cc9" testId="904f5e92-a2fb-8c38-9a1f-80b3705af768" testName="TableExists" computerName="MIKE-NOTEBOOK2" duration="00:00:00" startTime="0001-01-01T08:00:00.0000000+08:00" endTime="0001-01-01T08:00:00.0000000+08:00" testType="13cdc9d9-ddb5-4fa4-a97d-d965ccfc6d4b" outcome="NotExecuted" testListId="8c84fa94-04c1-424b-9868-57a2d4851a1d">
    </UnitTestResult>
    <UnitTestResult executionId="f4e39b15-023c-4487-bc37-9d664e071174" testId="71f1cd19-287b-8584-1dc8-3787961a47b2" testName="LongCount" computerName="MIKE-NOTEBOOK2" duration="00:00:00" startTime="0001-01-01T08:00:00.0000000+08:00" endTime="0001-01-01T08:00:00.0000000+08:00" testType="13cdc9d9-ddb5-4fa4-a97d-d965ccfc6d4b" outcome="NotExecuted" testListId="8c84fa94-04c1-424b-9868-57a2d4851a1d">
    </UnitTestResult>
    <UnitTestResult executionId="6e735102-023e-4d9c-9d34-f98d6513e4ce" testId="0e0601dc-c79f-64f0-88ae-74c9940f1047" testName="Command" computerName="MIKE-NOTEBOOK2" duration="00:00:00" startTime="0001-01-01T08:00:00.0000000+08:00" endTime="0001-01-01T08:00:00.0000000+08:00" testType="13cdc9d9-ddb5-4fa4-a97d-d965ccfc6d4b" outcome="NotExecuted" testListId="8c84fa94-04c1-424b-9868-57a2d4851a1d">
    </UnitTestResult>
    <UnitTestResult executionId="5fa1c211-b177-45ab-9d33-ea26d5eb3bd9" testId="6880eeb1-0f13-2656-3063-5eb4c9e16f12" testName="DataType_Guid" computerName="MIKE-NOTEBOOK2" duration="00:00:00" startTime="0001-01-01T08:00:00.0000000+08:00" endTime="0001-01-01T08:00:00.0000000+08:00" testType="13cdc9d9-ddb5-4fa4-a97d-d965ccfc6d4b" outcome="NotExecuted" testListId="8c84fa94-04c1-424b-9868-57a2d4851a1d">
    </UnitTestResult>
    <UnitTestResult executionId="23b0b436-792e-4f07-a2bf-66620b184115" testId="865fae28-dc5e-1d78-0e39-d4e5b81360a8" testName="DataType_Int64" computerName="MIKE-NOTEBOOK2" duration="00:00:00" startTime="0001-01-01T08:00:00.0000000+08:00" endTime="0001-01-01T08:00:00.0000000+08:00" testType="13cdc9d9-ddb5-4fa4-a97d-d965ccfc6d4b" outcome="NotExecuted" testListId="8c84fa94-04c1-424b-9868-57a2d4851a1d">
    </UnitTestResult>
    <UnitTestResult executionId="c0a6659f-7c79-4e3d-820c-691c7beda4d3" testId="7c5f5f3a-0032-2422-7f37-ead713cc28c2" testName="DataType_UInt64" computerName="MIKE-NOTEBOOK2" duration="00:00:00" startTime="0001-01-01T08:00:00.0000000+08:00" endTime="0001-01-01T08:00:00.0000000+08:00" testType="13cdc9d9-ddb5-4fa4-a97d-d965ccfc6d4b" outcome="NotExecuted" testListId="8c84fa94-04c1-424b-9868-57a2d4851a1d">
    </UnitTestResult>
    <UnitTestResult executionId="b0c53c0b-26b6-4f14-909a-92cd1daf440a" testId="426e3a55-2a83-b468-37f5-2ba1561aa8db" testName="DataType_Enum" computerName="MIKE-NOTEBOOK2" duration="00:00:00" startTime="0001-01-01T08:00:00.0000000+08:00" endTime="0001-01-01T08:00:00.0000000+08:00" testType="13cdc9d9-ddb5-4fa4-a97d-d965ccfc6d4b" outcome="NotExecuted" testListId="8c84fa94-04c1-424b-9868-57a2d4851a1d">
    </UnitTestResult>
    <UnitTestResult executionId="405934a1-92ff-42a7-98ce-7d52b5ff93ee" testId="ac4fab52-b3b8-cdff-300c-613fb68b9d15" testName="DataType_Char" computerName="MIKE-NOTEBOOK2" duration="00:00:00" startTime="0001-01-01T08:00:00.0000000+08:00" endTime="0001-01-01T08:00:00.0000000+08:00" testType="13cdc9d9-ddb5-4fa4-a97d-d965ccfc6d4b" outcome="NotExecuted" testListId="8c84fa94-04c1-424b-9868-57a2d4851a1d">
    </UnitTestResult>
    <UnitTestResult executionId="66defad6-8e61-47e8-84c9-1a42e3ab8f90" testId="6ae61497-7cc2-b1ad-fb30-3370c74e48b3" testName="DataType_XDocument" computerName="MIKE-NOTEBOOK2" duration="00:00:00" startTime="0001-01-01T08:00:00.0000000+08:00" endTime="0001-01-01T08:00:00.0000000+08:00" testType="13cdc9d9-ddb5-4fa4-a97d-d965ccfc6d4b" outcome="NotExecuted" testListId="8c84fa94-04c1-424b-9868-57a2d4851a1d">
    </UnitTestResult>
    <UnitTestResult executionId="e26d739c-74f1-47ae-82e7-d29f35a6f5ef" testId="a270bc6a-6f14-6bfd-5a87-990644d5e897" testName="DataType_XElement" computerName="MIKE-NOTEBOOK2" duration="00:00:00" startTime="0001-01-01T08:00:00.0000000+08:00" endTime="0001-01-01T08:00:00.0000000+08:00" testType="13cdc9d9-ddb5-4fa4-a97d-d965ccfc6d4b" outcome="NotExecuted" testListId="8c84fa94-04c1-424b-9868-57a2d4851a1d">
    </UnitTestResult>
    <UnitTestResult executionId="7ee5c88a-eb8a-41bb-8b97-704942d780a5" testId="483bf4d8-ce5b-a71b-3faf-d606a961dc73" testName="Where_Simple1" computerName="MIKE-NOTEBOOK2" duration="00:00:00" startTime="0001-01-01T08:00:00.0000000+08:00" endTime="0001-01-01T08:00:00.0000000+08:00" testType="13cdc9d9-ddb5-4fa4-a97d-d965ccfc6d4b" outcome="NotExecuted" testListId="8c84fa94-04c1-424b-9868-57a2d4851a1d">
    </UnitTestResult>
    <UnitTestResult executionId="b311344d-5d46-4562-bd9f-87f5f76a967e" testId="f7466e21-4b4a-0b77-68ae-a315a5b85e4c" testName="Where_Simple2" computerName="MIKE-NOTEBOOK2" duration="00:00:00" startTime="0001-01-01T08:00:00.0000000+08:00" endTime="0001-01-01T08:00:00.0000000+08:00" testType="13cdc9d9-ddb5-4fa4-a97d-d965ccfc6d4b" outcome="NotExecuted" testListId="8c84fa94-04c1-424b-9868-57a2d4851a1d">
    </UnitTestResult>
    <UnitTestResult executionId="56365205-7298-476c-91b8-c5c95c792ff1" testId="c1a79ec1-18ff-444a-32b0-b6a96755391d" testName="Where_Simple3" computerName="MIKE-NOTEBOOK2" duration="00:00:00" startTime="0001-01-01T08:00:00.0000000+08:00" endTime="0001-01-01T08:00:00.0000000+08:00" testType="13cdc9d9-ddb5-4fa4-a97d-d965ccfc6d4b" outcome="NotExecuted" testListId="8c84fa94-04c1-424b-9868-57a2d4851a1d">
    </UnitTestResult>
    <UnitTestResult executionId="f04514fe-547a-4389-8779-3f6fe6efab91" testId="ed9a85e7-3660-fdb3-7dc9-345c333c3d93" testName="Where_Simple4" computerName="MIKE-NOTEBOOK2" duration="00:00:00" startTime="0001-01-01T08:00:00.0000000+08:00" endTime="0001-01-01T08:00:00.0000000+08:00" testType="13cdc9d9-ddb5-4fa4-a97d-d965ccfc6d4b" outcome="NotExecuted" testListId="8c84fa94-04c1-424b-9868-57a2d4851a1d">
    </UnitTestResult>
    <UnitTestResult executionId="b706290e-75fe-409e-b3a0-4da0f9202b6f" testId="f0b585bc-572e-52f9-bc6d-bc1ed448be39" testName="Where_Drilldown" computerName="MIKE-NOTEBOOK2" duration="00:00:00" startTime="0001-01-01T08:00:00.0000000+08:00" endTime="0001-01-01T08:00:00.0000000+08:00" testType="13cdc9d9-ddb5-4fa4-a97d-d965ccfc6d4b" outcome="NotExecuted" testListId="8c84fa94-04c1-424b-9868-57a2d4851a1d">
    </UnitTestResult>
    <UnitTestResult executionId="9e8dc1b4-7c70-4ee7-85d3-41e08b9c86e4" testId="1cb0e9b9-9e5d-0272-3743-a4d71a5f974e" testName="First" computerName="MIKE-NOTEBOOK2" duration="00:00:00" startTime="0001-01-01T08:00:00.0000000+08:00" endTime="0001-01-01T08:00:00.0000000+08:00" testType="13cdc9d9-ddb5-4fa4-a97d-d965ccfc6d4b" outcome="NotExecuted" testListId="8c84fa94-04c1-424b-9868-57a2d4851a1d">
    </UnitTestResult>
    <UnitTestResult executionId="d514aa25-f9ab-4c72-8fa9-d00e73583207" testId="2242d400-7cea-0d2b-38be-cf408facd3b2" testName="FirstOrDefault" computerName="MIKE-NOTEBOOK2" duration="00:00:00" startTime="0001-01-01T08:00:00.0000000+08:00" endTime="0001-01-01T08:00:00.0000000+08:00" testType="13cdc9d9-ddb5-4fa4-a97d-d965ccfc6d4b" outcome="NotExecuted" testListId="8c84fa94-04c1-424b-9868-57a2d4851a1d">
    </UnitTestResult>
    <UnitTestResult executionId="b4b11001-da79-4721-83d6-a816cab0a916" testId="f3eede7a-6e44-03c3-57c5-9f77a6691881" testName="SingleOrDefault" computerName="MIKE-NOTEBOOK2" duration="00:00:00" startTime="0001-01-01T08:00:00.0000000+08:00" endTime="0001-01-01T08:00:00.0000000+08:00" testType="13cdc9d9-ddb5-4fa4-a97d-d965ccfc6d4b" outcome="NotExecuted" testListId="8c84fa94-04c1-424b-9868-57a2d4851a1d">
    </UnitTestResult>
    <UnitTestResult executionId="24f54d2e-df1c-4a7b-a84f-30856c9a9ea4" testId="64770297-c85d-ed5b-1371-843cc0373e03" testName="Single" computerName="MIKE-NOTEBOOK2" duration="00:00:00" startTime="0001-01-01T08:00:00.0000000+08:00" endTime="0001-01-01T08:00:00.0000000+08:00" testType="13cdc9d9-ddb5-4fa4-a97d-d965ccfc6d4b" outcome="NotExecuted" testListId="8c84fa94-04c1-424b-9868-57a2d4851a1d">
    </UnitTestResult>
    <UnitTestResult executionId="ba384ed0-a333-4778-a97f-3fd91b47b520" testId="2224c58d-0a9d-62c2-6dc4-cc6a83578c0e" testName="Select_Simple" computerName="MIKE-NOTEBOOK2" duration="00:00:00" startTime="0001-01-01T08:00:00.0000000+08:00" endTime="0001-01-01T08:00:00.0000000+08:00" testType="13cdc9d9-ddb5-4fa4-a97d-d965ccfc6d4b" outcome="NotExecuted" testListId="8c84fa94-04c1-424b-9868-57a2d4851a1d">
    </UnitTestResult>
    <UnitTestResult executionId="fcac669b-2b29-489a-a86e-1fc64e641d5d" testId="a57569f0-331a-e3e2-307c-92b7c81c644a" testName="Select_SpecialType" computerName="MIKE-NOTEBOOK2" duration="00:00:00" startTime="0001-01-01T08:00:00.0000000+08:00" endTime="0001-01-01T08:00:00.0000000+08:00" testType="13cdc9d9-ddb5-4fa4-a97d-d965ccfc6d4b" outcome="NotExecuted" testListId="8c84fa94-04c1-424b-9868-57a2d4851a1d">
    </UnitTestResult>
    <UnitTestResult executionId="c4ca71ed-a2c7-489f-ba3a-9d8461b77ba0" testId="c5804a65-dedd-7436-bff6-52d685970e52" testName="Select_AnonymousType" computerName="MIKE-NOTEBOOK2" duration="00:00:00" startTime="0001-01-01T08:00:00.0000000+08:00" endTime="0001-01-01T08:00:00.0000000+08:00" testType="13cdc9d9-ddb5-4fa4-a97d-d965ccfc6d4b" outcome="NotExecuted" testListId="8c84fa94-04c1-424b-9868-57a2d4851a1d">
    </UnitTestResult>
    <UnitTestResult executionId="ed0f11fd-e8d7-493d-ba14-c885931f76df" testId="fe2419cc-5abf-d9be-e903-997e616a50a6" testName="Select_LocalMethodCall" computerName="MIKE-NOTEBOOK2" duration="00:00:00" startTime="0001-01-01T08:00:00.0000000+08:00" endTime="0001-01-01T08:00:00.0000000+08:00" testType="13cdc9d9-ddb5-4fa4-a97d-d965ccfc6d4b" outcome="NotExecuted" testListId="8c84fa94-04c1-424b-9868-57a2d4851a1d">
    </UnitTestResult>
    <UnitTestResult executionId="74d775bf-24bf-4738-952b-17c1add51362" testId="c18aee88-7a18-3c95-b2db-26940120d7da" testName="SelectMany_MultipleFrom" computerName="MIKE-NOTEBOOK2" duration="00:00:00" startTime="0001-01-01T08:00:00.0000000+08:00" endTime="0001-01-01T08:00:00.0000000+08:00" testType="13cdc9d9-ddb5-4fa4-a97d-d965ccfc6d4b" outcome="NotExecuted" testListId="8c84fa94-04c1-424b-9868-57a2d4851a1d">
    </UnitTestResult>
    <UnitTestResult executionId="1183d98c-6e90-4fb7-8d4e-cfc2992da14b" testId="2f668af4-1a41-f5a8-78ac-191936937654" testName="Select_Condition" computerName="MIKE-NOTEBOOK2" duration="00:00:00" startTime="0001-01-01T08:00:00.0000000+08:00" endTime="0001-01-01T08:00:00.0000000+08:00" testType="13cdc9d9-ddb5-4fa4-a97d-d965ccfc6d4b" outcome="NotExecuted" testListId="8c84fa94-04c1-424b-9868-57a2d4851a1d">
    </UnitTestResult>
    <UnitTestResult executionId="b95a9489-37f4-48d8-b373-cdf25f88bd94" testId="f970e053-2f72-c30b-4f76-394596a82140" testName="Distinct1" computerName="MIKE-NOTEBOOK2" duration="00:00:00" startTime="0001-01-01T08:00:00.0000000+08:00" endTime="0001-01-01T08:00:00.0000000+08:00" testType="13cdc9d9-ddb5-4fa4-a97d-d965ccfc6d4b" outcome="NotExecuted" testListId="8c84fa94-04c1-424b-9868-57a2d4851a1d">
    </UnitTestResult>
    <UnitTestResult executionId="ad60b9d6-9a00-4054-ba44-f65e70d8383b" testId="eb71ff85-843d-abad-d524-b24edac9b9ff" testName="Distinct2" computerName="MIKE-NOTEBOOK2" duration="00:00:00" startTime="0001-01-01T08:00:00.0000000+08:00" endTime="0001-01-01T08:00:00.0000000+08:00" testType="13cdc9d9-ddb5-4fa4-a97d-d965ccfc6d4b" outcome="NotExecuted" testListId="8c84fa94-04c1-424b-9868-57a2d4851a1d">
    </UnitTestResult>
    <UnitTestResult executionId="e1add0f9-5a58-4f93-96d5-3e4a745a73da" testId="a8edbbbe-e240-7eeb-b9f2-a08826569c83" testName="Union" computerName="MIKE-NOTEBOOK2" duration="00:00:00" startTime="0001-01-01T08:00:00.0000000+08:00" endTime="0001-01-01T08:00:00.0000000+08:00" testType="13cdc9d9-ddb5-4fa4-a97d-d965ccfc6d4b" outcome="NotExecuted" testListId="8c84fa94-04c1-424b-9868-57a2d4851a1d">
    </UnitTestResult>
    <UnitTestResult executionId="d307812f-149c-4653-9373-87dd51d15982" testId="4f7fb219-dbfe-1c7a-4b83-184d31d6438e" testName="Intersect" computerName="MIKE-NOTEBOOK2" duration="00:00:00" startTime="0001-01-01T08:00:00.0000000+08:00" endTime="0001-01-01T08:00:00.0000000+08:00" testType="13cdc9d9-ddb5-4fa4-a97d-d965ccfc6d4b" outcome="NotExecuted" testListId="8c84fa94-04c1-424b-9868-57a2d4851a1d">
    </UnitTestResult>
    <UnitTestResult executionId="70de314c-16b0-42f2-88d2-006dd345db98" testId="c6207631-e942-1914-c87d-6b019b4f3076" testName="Except" computerName="MIKE-NOTEBOOK2" duration="00:00:00" startTime="0001-01-01T08:00:00.0000000+08:00" endTime="0001-01-01T08:00:00.0000000+08:00" testType="13cdc9d9-ddb5-4fa4-a97d-d965ccfc6d4b" outcome="NotExecuted" testListId="8c84fa94-04c1-424b-9868-57a2d4851a1d">
    </UnitTestResult>
    <UnitTestResult executionId="1529f235-6c5c-4717-8353-99d72135450a" testId="12048a73-23f9-7788-a97e-5125ac2e288c" testName="Take_Simple" computerName="MIKE-NOTEBOOK2" duration="00:00:00" startTime="0001-01-01T08:00:00.0000000+08:00" endTime="0001-01-01T08:00:00.0000000+08:00" testType="13cdc9d9-ddb5-4fa4-a97d-d965ccfc6d4b" outcome="NotExecuted" testListId="8c84fa94-04c1-424b-9868-57a2d4851a1d">
    </UnitTestResult>
    <UnitTestResult executionId="023764b0-887b-4888-b69f-7392f588d4f6" testId="261705e3-9989-85e5-b93a-927b72319458" testName="Take_Nested" computerName="MIKE-NOTEBOOK2" duration="00:00:00" startTime="0001-01-01T08:00:00.0000000+08:00" endTime="0001-01-01T08:00:00.0000000+08:00" testType="13cdc9d9-ddb5-4fa4-a97d-d965ccfc6d4b" outcome="NotExecuted" testListId="8c84fa94-04c1-424b-9868-57a2d4851a1d">
    </UnitTestResult>
    <UnitTestResult executionId="c4d604fc-91b9-44a9-980f-4f5868934516" testId="d013439f-96da-1c37-bf77-3f8dce13a46b" testName="Skip_Simple" computerName="MIKE-NOTEBOOK2" duration="00:00:00" startTime="0001-01-01T08:00:00.0000000+08:00" endTime="0001-01-01T08:00:00.0000000+08:00" testType="13cdc9d9-ddb5-4fa4-a97d-d965ccfc6d4b" outcome="NotExecuted" testListId="8c84fa94-04c1-424b-9868-57a2d4851a1d">
    </UnitTestResult>
    <UnitTestResult executionId="4e76286d-abb9-44a6-a7db-d40f0870d74a" testId="631c9d1f-230a-7a25-6a5c-275235c2613f" testName="Skip_Nested" computerName="MIKE-NOTEBOOK2" duration="00:00:00" startTime="0001-01-01T08:00:00.0000000+08:00" endTime="0001-01-01T08:00:00.0000000+08:00" testType="13cdc9d9-ddb5-4fa4-a97d-d965ccfc6d4b" outcome="NotExecuted" testListId="8c84fa94-04c1-424b-9868-57a2d4851a1d">
    </UnitTestResult>
    <UnitTestResult executionId="50fc9281-8454-4aac-87c5-a016aa1e102f" testId="a6146f59-fc36-207c-fe01-c336b5828cd9" testName="Skip_Take" computerName="MIKE-NOTEBOOK2" duration="00:00:00" startTime="0001-01-01T08:00:00.0000000+08:00" endTime="0001-01-01T08:00:00.0000000+08:00" testType="13cdc9d9-ddb5-4fa4-a97d-d965ccfc6d4b" outcome="NotExecuted" testListId="8c84fa94-04c1-424b-9868-57a2d4851a1d">
    </UnitTestResult>
    <UnitTestResult executionId="8e1f8de9-4c66-4373-af74-e61ebe685e5b" testId="81f4e56f-24dd-84f7-c1f9-ccbefb52adb3" testName="Count_Simple" computerName="MIKE-NOTEBOOK2" duration="00:00:00" startTime="0001-01-01T08:00:00.0000000+08:00" endTime="0001-01-01T08:00:00.0000000+08:00" testType="13cdc9d9-ddb5-4fa4-a97d-d965ccfc6d4b" outcome="NotExecuted" testListId="8c84fa94-04c1-424b-9868-57a2d4851a1d">
    </UnitTestResult>
    <UnitTestResult executionId="63d86884-c439-46c8-b7e7-c86414c4eaed" testId="a698c150-b9db-b7a5-09cd-8d861ad75ff8" testName="Count_Conditional" computerName="MIKE-NOTEBOOK2" duration="00:00:00" startTime="0001-01-01T08:00:00.0000000+08:00" endTime="0001-01-01T08:00:00.0000000+08:00" testType="13cdc9d9-ddb5-4fa4-a97d-d965ccfc6d4b" outcome="NotExecuted" testListId="8c84fa94-04c1-424b-9868-57a2d4851a1d">
    </UnitTestResult>
    <UnitTestResult executionId="dd3337e4-c15d-41ee-9e3f-efe49bfaabe5" testId="b6586467-46c1-d277-246b-aa6e379a1edb" testName="Count_Empty" computerName="MIKE-NOTEBOOK2" duration="00:00:00" startTime="0001-01-01T08:00:00.0000000+08:00" endTime="0001-01-01T08:00:00.0000000+08:00" testType="13cdc9d9-ddb5-4fa4-a97d-d965ccfc6d4b" outcome="NotExecuted" testListId="8c84fa94-04c1-424b-9868-57a2d4851a1d">
    </UnitTestResult>
    <UnitTestResult executionId="83b1f2a9-d832-4f64-853e-64311bd6626f" testId="d79703ba-08f1-af6e-07ab-b772dd140fd1" testName="Count_Nested" computerName="MIKE-NOTEBOOK2" duration="00:00:00" startTime="0001-01-01T08:00:00.0000000+08:00" endTime="0001-01-01T08:00:00.0000000+08:00" testType="13cdc9d9-ddb5-4fa4-a97d-d965ccfc6d4b" outcome="NotExecuted" testListId="8c84fa94-04c1-424b-9868-57a2d4851a1d">
    </UnitTestResult>
    <UnitTestResult executionId="47fa7391-7826-41b0-a883-5deeee889bc5" testId="84a8e1a2-0f2d-893b-cdaa-74a07bd7034f" testName="Count_Grouped" computerName="MIKE-NOTEBOOK2" duration="00:00:00" startTime="0001-01-01T08:00:00.0000000+08:00" endTime="0001-01-01T08:00:00.0000000+08:00" testType="13cdc9d9-ddb5-4fa4-a97d-d965ccfc6d4b" outcome="NotExecuted" testListId="8c84fa94-04c1-424b-9868-57a2d4851a1d">
    </UnitTestResult>
    <UnitTestResult executionId="e4dbcf47-e515-4478-a8b3-12bf41aacc9d" testId="bc26947a-122d-b20d-a152-29bfac657b0d" testName="Sum_Simple" computerName="MIKE-NOTEBOOK2" duration="00:00:00" startTime="0001-01-01T08:00:00.0000000+08:00" endTime="0001-01-01T08:00:00.0000000+08:00" testType="13cdc9d9-ddb5-4fa4-a97d-d965ccfc6d4b" outcome="NotExecuted" testListId="8c84fa94-04c1-424b-9868-57a2d4851a1d">
    </UnitTestResult>
    <UnitTestResult executionId="9eab1f95-ddc0-4544-b10b-fe069206e181" testId="17c04c44-08af-3eca-0fcf-941c83ec2f74" testName="Sum_Empty" computerName="MIKE-NOTEBOOK2" duration="00:00:00" startTime="0001-01-01T08:00:00.0000000+08:00" endTime="0001-01-01T08:00:00.0000000+08:00" testType="13cdc9d9-ddb5-4fa4-a97d-d965ccfc6d4b" outcome="NotExecuted" testListId="8c84fa94-04c1-424b-9868-57a2d4851a1d">
    </UnitTestResult>
    <UnitTestResult executionId="771f97df-764d-4a6d-aafe-869d3423ef9f" testId="6167a4e0-ed2e-6a2a-f1a2-be04c4056ce5" testName="Sum_Projection" computerName="MIKE-NOTEBOOK2" duration="00:00:00" startTime="0001-01-01T08:00:00.0000000+08:00" endTime="0001-01-01T08:00:00.0000000+08:00" testType="13cdc9d9-ddb5-4fa4-a97d-d965ccfc6d4b" outcome="NotExecuted" testListId="8c84fa94-04c1-424b-9868-57a2d4851a1d">
    </UnitTestResult>
    <UnitTestResult executionId="f7f19316-b467-46ce-b71f-2970900fd976" testId="9bf22ec7-84b2-2a54-f917-b553889c438e" testName="Sum_Grouped" computerName="MIKE-NOTEBOOK2" duration="00:00:00" startTime="0001-01-01T08:00:00.0000000+08:00" endTime="0001-01-01T08:00:00.0000000+08:00" testType="13cdc9d9-ddb5-4fa4-a97d-d965ccfc6d4b" outcome="NotExecuted" testListId="8c84fa94-04c1-424b-9868-57a2d4851a1d">
    </UnitTestResult>
    <UnitTestResult executionId="31840c48-bcfc-4ab8-b43f-ab4f08d23af1" testId="0be59d99-e9e1-09ad-61d9-951ac8d4ae71" testName="Min_Simple" computerName="MIKE-NOTEBOOK2" duration="00:00:00" startTime="0001-01-01T08:00:00.0000000+08:00" endTime="0001-01-01T08:00:00.0000000+08:00" testType="13cdc9d9-ddb5-4fa4-a97d-d965ccfc6d4b" outcome="NotExecuted" testListId="8c84fa94-04c1-424b-9868-57a2d4851a1d">
    </UnitTestResult>
    <UnitTestResult executionId="bfffb1bd-5632-41b2-917e-1aff85cb3f3c" testId="ae1275a9-0903-b458-0129-a2189a5fbda1" testName="Min_Projection" computerName="MIKE-NOTEBOOK2" duration="00:00:00" startTime="0001-01-01T08:00:00.0000000+08:00" endTime="0001-01-01T08:00:00.0000000+08:00" testType="13cdc9d9-ddb5-4fa4-a97d-d965ccfc6d4b" outcome="NotExecuted" testListId="8c84fa94-04c1-424b-9868-57a2d4851a1d">
    </UnitTestResult>
    <UnitTestResult executionId="68a70253-711c-45c7-a7e2-4f3921bd42fd" testId="30602b49-d76d-2bfb-775d-31c52f9c28f8" testName="Min_Elements" computerName="MIKE-NOTEBOOK2" duration="00:00:00" startTime="0001-01-01T08:00:00.0000000+08:00" endTime="0001-01-01T08:00:00.0000000+08:00" testType="13cdc9d9-ddb5-4fa4-a97d-d965ccfc6d4b" outcome="NotExecuted" testListId="8c84fa94-04c1-424b-9868-57a2d4851a1d">
    </UnitTestResult>
    <UnitTestResult executionId="571924d8-a28b-4614-9428-bca7a3d51452" testId="908cef36-817d-34cf-a1ae-f044e6a4518a" testName="Min_Grouped" computerName="MIKE-NOTEBOOK2" duration="00:00:00" startTime="0001-01-01T08:00:00.0000000+08:00" endTime="0001-01-01T08:00:00.0000000+08:00" testType="13cdc9d9-ddb5-4fa4-a97d-d965ccfc6d4b" outcome="NotExecuted" testListId="8c84fa94-04c1-424b-9868-57a2d4851a1d">
    </UnitTestResult>
    <UnitTestResult executionId="97212a46-054f-44c2-bc37-0a7ab1179328" testId="0695e2e5-8c23-6d34-bcef-d3f94c509e06" testName="Max_Simple" computerName="MIKE-NOTEBOOK2" duration="00:00:00" startTime="0001-01-01T08:00:00.0000000+08:00" endTime="0001-01-01T08:00:00.0000000+08:00" testType="13cdc9d9-ddb5-4fa4-a97d-d965ccfc6d4b" outcome="NotExecuted" testListId="8c84fa94-04c1-424b-9868-57a2d4851a1d">
    </UnitTestResult>
    <UnitTestResult executionId="13e3fc22-240a-4b52-9afb-6ac4a4574d75" testId="9247bd14-59a6-43f5-0835-b8ae4fbaac68" testName="Max_Projection" computerName="MIKE-NOTEBOOK2" duration="00:00:00" startTime="0001-01-01T08:00:00.0000000+08:00" endTime="0001-01-01T08:00:00.0000000+08:00" testType="13cdc9d9-ddb5-4fa4-a97d-d965ccfc6d4b" outcome="NotExecuted" testListId="8c84fa94-04c1-424b-9868-57a2d4851a1d">
    </UnitTestResult>
    <UnitTestResult executionId="0f22f1cb-b4b4-478a-8843-728fca01358a" testId="3cbd4ee4-f25d-d43e-a3a6-731520bcc04c" testName="Max_Elements" computerName="MIKE-NOTEBOOK2" duration="00:00:00" startTime="0001-01-01T08:00:00.0000000+08:00" endTime="0001-01-01T08:00:00.0000000+08:00" testType="13cdc9d9-ddb5-4fa4-a97d-d965ccfc6d4b" outcome="NotExecuted" testListId="8c84fa94-04c1-424b-9868-57a2d4851a1d">
    </UnitTestResult>
    <UnitTestResult executionId="07fbcb0a-ea7c-4a04-969b-711d65998590" testId="844851ef-52b6-24fc-4b29-4260c2d40fbe" testName="Max_Grouped" computerName="MIKE-NOTEBOOK2" duration="00:00:00" startTime="0001-01-01T08:00:00.0000000+08:00" endTime="0001-01-01T08:00:00.0000000+08:00" testType="13cdc9d9-ddb5-4fa4-a97d-d965ccfc6d4b" outcome="NotExecuted" testListId="8c84fa94-04c1-424b-9868-57a2d4851a1d">
    </UnitTestResult>
    <UnitTestResult executionId="63d4bda4-8d08-46e6-be61-98ab0c0cdc5f" testId="bdf8bbbb-2d70-4fdc-e08d-3769f48badbf" testName="Avg_Simple" computerName="MIKE-NOTEBOOK2" duration="00:00:00" startTime="0001-01-01T08:00:00.0000000+08:00" endTime="0001-01-01T08:00:00.0000000+08:00" testType="13cdc9d9-ddb5-4fa4-a97d-d965ccfc6d4b" outcome="NotExecuted" testListId="8c84fa94-04c1-424b-9868-57a2d4851a1d">
    </UnitTestResult>
    <UnitTestResult executionId="0e5a7148-c7b6-4684-9d65-0acb3ca9d09b" testId="ad7af65e-f275-a4cb-de87-7c6d052ecb93" testName="Avg_Projection" computerName="MIKE-NOTEBOOK2" duration="00:00:00" startTime="0001-01-01T08:00:00.0000000+08:00" endTime="0001-01-01T08:00:00.0000000+08:00" testType="13cdc9d9-ddb5-4fa4-a97d-d965ccfc6d4b" outcome="NotExecuted" testListId="8c84fa94-04c1-424b-9868-57a2d4851a1d">
    </UnitTestResult>
    <UnitTestResult executionId="07422fde-31d6-4933-8d8c-dc3dac4c0da5" testId="ba043789-d965-08d8-ab68-adcdc0f2cc5a" testName="Avg_Emelents" computerName="MIKE-NOTEBOOK2" duration="00:00:00" startTime="0001-01-01T08:00:00.0000000+08:00" endTime="0001-01-01T08:00:00.0000000+08:00" testType="13cdc9d9-ddb5-4fa4-a97d-d965ccfc6d4b" outcome="NotExecuted" testListId="8c84fa94-04c1-424b-9868-57a2d4851a1d">
    </UnitTestResult>
    <UnitTestResult executionId="1fe452b6-526f-4de7-ad4c-9c0a1f912fff" testId="46b1131b-2c04-7df4-d316-e0473472212b" testName="Avg_Grouped" computerName="MIKE-NOTEBOOK2" duration="00:00:00" startTime="0001-01-01T08:00:00.0000000+08:00" endTime="0001-01-01T08:00:00.0000000+08:00" testType="13cdc9d9-ddb5-4fa4-a97d-d965ccfc6d4b" outcome="NotExecuted" testListId="8c84fa94-04c1-424b-9868-57a2d4851a1d">
    </UnitTestResult>
    <UnitTestResult executionId="0fc833fc-ba2d-4163-a5cc-8be42ed69d03" testId="0c24f0a0-a921-870a-e72e-0d180f372258" testName="Join_OnToMany" computerName="MIKE-NOTEBOOK2" duration="00:00:00" startTime="0001-01-01T08:00:00.0000000+08:00" endTime="0001-01-01T08:00:00.0000000+08:00" testType="13cdc9d9-ddb5-4fa4-a97d-d965ccfc6d4b" outcome="NotExecuted" testListId="8c84fa94-04c1-424b-9868-57a2d4851a1d">
    </UnitTestResult>
    <UnitTestResult executionId="e23240ab-0ecf-415b-a96e-f93c449ef6c0" testId="552f89b6-811e-4fac-5525-1a49211274cb" testName="Join_ManyToMany" computerName="MIKE-NOTEBOOK2" duration="00:00:00" startTime="0001-01-01T08:00:00.0000000+08:00" endTime="0001-01-01T08:00:00.0000000+08:00" testType="13cdc9d9-ddb5-4fa4-a97d-d965ccfc6d4b" outcome="NotExecuted" testListId="8c84fa94-04c1-424b-9868-57a2d4851a1d">
    </UnitTestResult>
    <UnitTestResult executionId="49953548-96e7-4c18-873b-e3e38e11102f" testId="cf56fe91-2d71-5a52-af72-58d2ebd3ca9e" testName="Join_SelfJoin" computerName="MIKE-NOTEBOOK2" duration="00:00:00" startTime="0001-01-01T08:00:00.0000000+08:00" endTime="0001-01-01T08:00:00.0000000+08:00" testType="13cdc9d9-ddb5-4fa4-a97d-d965ccfc6d4b" outcome="NotExecuted" testListId="8c84fa94-04c1-424b-9868-57a2d4851a1d">
    </UnitTestResult>
    <UnitTestResult executionId="291efa06-ad31-479f-9bd4-d9a54429ec9f" testId="03225c33-5747-f22f-1230-76808db5f468" testName="Join_TowWay" computerName="MIKE-NOTEBOOK2" duration="00:00:00" startTime="0001-01-01T08:00:00.0000000+08:00" endTime="0001-01-01T08:00:00.0000000+08:00" testType="13cdc9d9-ddb5-4fa4-a97d-d965ccfc6d4b" outcome="NotExecuted" testListId="8c84fa94-04c1-424b-9868-57a2d4851a1d">
    </UnitTestResult>
    <UnitTestResult executionId="ff63f9d0-75a7-4e1e-80ff-3f82d942246b" testId="13fa0664-ea40-9b9d-ad2b-71c58fc597cb" testName="Join_ThreeWay" computerName="MIKE-NOTEBOOK2" duration="00:00:00" startTime="0001-01-01T08:00:00.0000000+08:00" endTime="0001-01-01T08:00:00.0000000+08:00" testType="13cdc9d9-ddb5-4fa4-a97d-d965ccfc6d4b" outcome="NotExecuted" testListId="8c84fa94-04c1-424b-9868-57a2d4851a1d">
    </UnitTestResult>
    <UnitTestResult executionId="d2019656-b16b-40da-a651-9d0be3319dcb" testId="19f07334-414f-8713-950f-33b720105502" testName="Join_LeftOuter" computerName="MIKE-NOTEBOOK2" duration="00:00:00" startTime="0001-01-01T08:00:00.0000000+08:00" endTime="0001-01-01T08:00:00.0000000+08:00" testType="13cdc9d9-ddb5-4fa4-a97d-d965ccfc6d4b" outcome="NotExecuted" testListId="8c84fa94-04c1-424b-9868-57a2d4851a1d">
    </UnitTestResult>
    <UnitTestResult executionId="0de02385-5851-4170-846d-3bb347b298b0" testId="798dd586-b501-b020-0f72-fabcd8738d45" testName="Join_LetAssignment" computerName="MIKE-NOTEBOOK2" duration="00:00:00" startTime="0001-01-01T08:00:00.0000000+08:00" endTime="0001-01-01T08:00:00.0000000+08:00" testType="13cdc9d9-ddb5-4fa4-a97d-d965ccfc6d4b" outcome="NotExecuted" testListId="8c84fa94-04c1-424b-9868-57a2d4851a1d">
    </UnitTestResult>
    <UnitTestResult executionId="11a3b143-546c-4c2a-af05-ff5ca7610b06" testId="2ac3414d-28e0-0794-c5df-388c87c10f16" testName="Join_CompositeKey" computerName="MIKE-NOTEBOOK2" duration="00:00:00" startTime="0001-01-01T08:00:00.0000000+08:00" endTime="0001-01-01T08:00:00.0000000+08:00" testType="13cdc9d9-ddb5-4fa4-a97d-d965ccfc6d4b" outcome="NotExecuted" testListId="8c84fa94-04c1-424b-9868-57a2d4851a1d">
    </UnitTestResult>
    <UnitTestResult executionId="97a0a7dc-6915-4eaa-bb99-75a817f9642a" testId="54eb1c99-f649-ccf9-20c8-d913d1d33b36" testName="Join_NullableNonnullableKeyRelationship" computerName="MIKE-NOTEBOOK2" duration="00:00:00" startTime="0001-01-01T08:00:00.0000000+08:00" endTime="0001-01-01T08:00:00.0000000+08:00" testType="13cdc9d9-ddb5-4fa4-a97d-d965ccfc6d4b" outcome="NotExecuted" testListId="8c84fa94-04c1-424b-9868-57a2d4851a1d">
    </UnitTestResult>
    <UnitTestResult executionId="ca2b0373-032a-42c7-a537-090bdde5b15f" testId="2ccc693b-5552-ca15-0cd3-47940863e0e8" testName="Join" computerName="MIKE-NOTEBOOK2" duration="00:00:00" startTime="0001-01-01T08:00:00.0000000+08:00" endTime="0001-01-01T08:00:00.0000000+08:00" testType="13cdc9d9-ddb5-4fa4-a97d-d965ccfc6d4b" outcome="NotExecuted" testListId="8c84fa94-04c1-424b-9868-57a2d4851a1d">
    </UnitTestResult>
    <UnitTestResult executionId="218c855e-18cd-4c26-9f14-078fa1c6d51d" testId="71ad6574-59b7-2381-c330-0ef03b45a3c0" testName="OrderBy_Simple" computerName="MIKE-NOTEBOOK2" duration="00:00:00" startTime="0001-01-01T08:00:00.0000000+08:00" endTime="0001-01-01T08:00:00.0000000+08:00" testType="13cdc9d9-ddb5-4fa4-a97d-d965ccfc6d4b" outcome="NotExecuted" testListId="8c84fa94-04c1-424b-9868-57a2d4851a1d">
    </UnitTestResult>
    <UnitTestResult executionId="8e557a85-49cb-4fb6-bf98-99b1b3219c8a" testId="e42b1cfa-38c9-f10d-e908-9fb5a8bed70b" testName="OrderBy_Conditional" computerName="MIKE-NOTEBOOK2" duration="00:00:00" startTime="0001-01-01T08:00:00.0000000+08:00" endTime="0001-01-01T08:00:00.0000000+08:00" testType="13cdc9d9-ddb5-4fa4-a97d-d965ccfc6d4b" outcome="NotExecuted" testListId="8c84fa94-04c1-424b-9868-57a2d4851a1d">
    </UnitTestResult>
    <UnitTestResult executionId="a79b1491-e552-4580-8890-2afb311b57e0" testId="af4d4e2a-07d8-69ae-ec1b-e0d9aeb80c20" testName="OrderBy_ThenByDescending" computerName="MIKE-NOTEBOOK2" duration="00:00:00" startTime="0001-01-01T08:00:00.0000000+08:00" endTime="0001-01-01T08:00:00.0000000+08:00" testType="13cdc9d9-ddb5-4fa4-a97d-d965ccfc6d4b" outcome="NotExecuted" testListId="8c84fa94-04c1-424b-9868-57a2d4851a1d">
    </UnitTestResult>
    <UnitTestResult executionId="8d9f13ab-17f2-49c4-9a67-db265335a277" testId="05674b16-56af-20d1-bba7-91df9bd77f79" testName="OrderBy_GroupBy" computerName="MIKE-NOTEBOOK2" duration="00:00:00" startTime="0001-01-01T08:00:00.0000000+08:00" endTime="0001-01-01T08:00:00.0000000+08:00" testType="13cdc9d9-ddb5-4fa4-a97d-d965ccfc6d4b" outcome="NotExecuted" testListId="8c84fa94-04c1-424b-9868-57a2d4851a1d">
    </UnitTestResult>
    <UnitTestResult executionId="4c4e0b69-11fd-46e7-b729-02df237284af" testId="8e8c18c9-41b1-67e6-9670-ab5f00f872e8" testName="GroupBy_Simple" computerName="MIKE-NOTEBOOK2" duration="00:00:00" startTime="0001-01-01T08:00:00.0000000+08:00" endTime="0001-01-01T08:00:00.0000000+08:00" testType="13cdc9d9-ddb5-4fa4-a97d-d965ccfc6d4b" outcome="NotExecuted" testListId="8c84fa94-04c1-424b-9868-57a2d4851a1d">
    </UnitTestResult>
    <UnitTestResult executionId="3c9366f6-aa8d-4883-bc5d-bdde1c3b0ba3" testId="5aee714a-4462-518c-14ca-a22df2e2891f" testName="GroupBy_Select" computerName="MIKE-NOTEBOOK2" duration="00:00:00" startTime="0001-01-01T08:00:00.0000000+08:00" endTime="0001-01-01T08:00:00.0000000+08:00" testType="13cdc9d9-ddb5-4fa4-a97d-d965ccfc6d4b" outcome="NotExecuted" testListId="8c84fa94-04c1-424b-9868-57a2d4851a1d">
    </UnitTestResult>
    <UnitTestResult executionId="b45288d8-43a1-4934-96a8-c894aed07316" testId="6078dd4a-8e78-e282-9868-c03bce247724" testName="GroupBy_Max" computerName="MIKE-NOTEBOOK2" duration="00:00:00" startTime="0001-01-01T08:00:00.0000000+08:00" endTime="0001-01-01T08:00:00.0000000+08:00" testType="13cdc9d9-ddb5-4fa4-a97d-d965ccfc6d4b" outcome="NotExecuted" testListId="8c84fa94-04c1-424b-9868-57a2d4851a1d">
    </UnitTestResult>
    <UnitTestResult executionId="152783d3-6d6d-4d56-b7d7-4e148899d467" testId="9295f4f6-8b7b-703b-2e8a-b630e4c11427" testName="GroupBy_Min" computerName="MIKE-NOTEBOOK2" duration="00:00:00" startTime="0001-01-01T08:00:00.0000000+08:00" endTime="0001-01-01T08:00:00.0000000+08:00" testType="13cdc9d9-ddb5-4fa4-a97d-d965ccfc6d4b" outcome="NotExecuted" testListId="8c84fa94-04c1-424b-9868-57a2d4851a1d">
    </UnitTestResult>
    <UnitTestResult executionId="4bb24934-a268-4e35-abb2-711be83e3d63" testId="a5eb3026-92fc-4477-23c3-8c3a0287dec0" testName="GroupBy_Avg" computerName="MIKE-NOTEBOOK2" duration="00:00:00" startTime="0001-01-01T08:00:00.0000000+08:00" endTime="0001-01-01T08:00:00.0000000+08:00" testType="13cdc9d9-ddb5-4fa4-a97d-d965ccfc6d4b" outcome="NotExecuted" testListId="8c84fa94-04c1-424b-9868-57a2d4851a1d">
    </UnitTestResult>
    <UnitTestResult executionId="2b6cf10c-bf29-42c5-8af9-46b3ef7eb364" testId="ad072412-e0d7-763d-aee0-91cf8b1f53b6" testName="GroupBy_Sum" computerName="MIKE-NOTEBOOK2" duration="00:00:00" startTime="0001-01-01T08:00:00.0000000+08:00" endTime="0001-01-01T08:00:00.0000000+08:00" testType="13cdc9d9-ddb5-4fa4-a97d-d965ccfc6d4b" outcome="NotExecuted" testListId="8c84fa94-04c1-424b-9868-57a2d4851a1d">
    </UnitTestResult>
    <UnitTestResult executionId="814f1198-89d8-4ce9-9f47-93d8d930b242" testId="7f1c3203-9c93-5728-456a-7339f2b9c8e0" testName="GroupByCount" computerName="MIKE-NOTEBOOK2" duration="00:00:00" startTime="0001-01-01T08:00:00.0000000+08:00" endTime="0001-01-01T08:00:00.0000000+08:00" testType="13cdc9d9-ddb5-4fa4-a97d-d965ccfc6d4b" outcome="NotExecuted" testListId="8c84fa94-04c1-424b-9868-57a2d4851a1d">
    </UnitTestResult>
    <UnitTestResult executionId="9a529773-9c9d-4195-9551-d0ba3f168407" testId="57d72d3c-45ff-8b87-5348-65103c311c50" testName="GroupBy_ConditionalCount" computerName="MIKE-NOTEBOOK2" duration="00:00:00" startTime="0001-01-01T08:00:00.0000000+08:00" endTime="0001-01-01T08:00:00.0000000+08:00" testType="13cdc9d9-ddb5-4fa4-a97d-d965ccfc6d4b" outcome="NotExecuted" testListId="8c84fa94-04c1-424b-9868-57a2d4851a1d">
    </UnitTestResult>
    <UnitTestResult executionId="0d981618-0ada-4019-ac8f-a1b7973a15c1" testId="ab2bda31-41b0-0525-8725-86634fd88e23" testName="GroupBy_Where" computerName="MIKE-NOTEBOOK2" duration="00:00:00" startTime="0001-01-01T08:00:00.0000000+08:00" endTime="0001-01-01T08:00:00.0000000+08:00" testType="13cdc9d9-ddb5-4fa4-a97d-d965ccfc6d4b" outcome="NotExecuted" testListId="8c84fa94-04c1-424b-9868-57a2d4851a1d">
    </UnitTestResult>
    <UnitTestResult executionId="53c91409-6da8-4224-8a8c-e133305d926e" testId="9891a3cc-40f7-022d-8b88-c60d2529f9d9" testName="GroupBy_MultipleColumns" computerName="MIKE-NOTEBOOK2" duration="00:00:00" startTime="0001-01-01T08:00:00.0000000+08:00" endTime="0001-01-01T08:00:00.0000000+08:00" testType="13cdc9d9-ddb5-4fa4-a97d-d965ccfc6d4b" outcome="NotExecuted" testListId="8c84fa94-04c1-424b-9868-57a2d4851a1d">
    </UnitTestResult>
    <UnitTestResult executionId="1ce045fc-d2dd-4a25-9035-ea11b55c0b7d" testId="d9d96dd1-8c10-dbe8-b8a8-4d01f6e9fc93" testName="GroupBy_Expression" computerName="MIKE-NOTEBOOK2" duration="00:00:00" startTime="0001-01-01T08:00:00.0000000+08:00" endTime="0001-01-01T08:00:00.0000000+08:00" testType="13cdc9d9-ddb5-4fa4-a97d-d965ccfc6d4b" outcome="NotExecuted" testListId="8c84fa94-04c1-424b-9868-57a2d4851a1d">
    </UnitTestResult>
    <UnitTestResult executionId="bf8bbf1a-927d-472a-9e5b-3ee5b73c29be" testId="506f8d56-690e-a1df-526b-a685ae6d3a1b" testName="GroupBy_Nested" computerName="MIKE-NOTEBOOK2" duration="00:00:00" startTime="0001-01-01T08:00:00.0000000+08:00" endTime="0001-01-01T08:00:00.0000000+08:00" testType="13cdc9d9-ddb5-4fa4-a97d-d965ccfc6d4b" outcome="NotExecuted" testListId="8c84fa94-04c1-424b-9868-57a2d4851a1d">
    </UnitTestResult>
    <UnitTestResult executionId="51135b42-568d-41a9-82b7-a2294d65c26f" testId="1c2d2aee-c7a8-db40-764d-befec0b925bf" testName="GroupBy_Year" computerName="MIKE-NOTEBOOK2" duration="00:00:00" startTime="0001-01-01T08:00:00.0000000+08:00" endTime="0001-01-01T08:00:00.0000000+08:00" testType="13cdc9d9-ddb5-4fa4-a97d-d965ccfc6d4b" outcome="NotExecuted" testListId="8c84fa94-04c1-424b-9868-57a2d4851a1d">
    </UnitTestResult>
    <UnitTestResult executionId="713ccb3f-210a-49ae-aeef-4ea9307a29d5" testId="b737e2fe-3453-78fe-2a92-25adc5763a22" testName="GroupBy_Month" computerName="MIKE-NOTEBOOK2" duration="00:00:00" startTime="0001-01-01T08:00:00.0000000+08:00" endTime="0001-01-01T08:00:00.0000000+08:00" testType="13cdc9d9-ddb5-4fa4-a97d-d965ccfc6d4b" outcome="NotExecuted" testListId="8c84fa94-04c1-424b-9868-57a2d4851a1d">
    </UnitTestResult>
    <UnitTestResult executionId="d7213948-3f80-4b9f-b785-bf209d184cf8" testId="9a76fa34-b984-9cd8-ed11-1efdb7b43d6a" testName="GroupBy_Day" computerName="MIKE-NOTEBOOK2" duration="00:00:00" startTime="0001-01-01T08:00:00.0000000+08:00" endTime="0001-01-01T08:00:00.0000000+08:00" testType="13cdc9d9-ddb5-4fa4-a97d-d965ccfc6d4b" outcome="NotExecuted" testListId="8c84fa94-04c1-424b-9868-57a2d4851a1d">
    </UnitTestResult>
    <UnitTestResult executionId="b6ab15dc-dd81-49ed-a13a-5cacb7c7aa15" testId="d4bc71b4-15a2-c20a-d2dd-3ea685c53b29" testName="GroupBy_Date" computerName="MIKE-NOTEBOOK2" duration="00:00:00" startTime="0001-01-01T08:00:00.0000000+08:00" endTime="0001-01-01T08:00:00.0000000+08:00" testType="13cdc9d9-ddb5-4fa4-a97d-d965ccfc6d4b" outcome="NotExecuted" testListId="8c84fa94-04c1-424b-9868-57a2d4851a1d">
    </UnitTestResult>
    <UnitTestResult executionId="4e51c7e3-0c2f-4392-878a-41aabe216707" testId="35ca7380-03c2-cd0a-88f7-7b1358db4690" testName="Any_Simple" computerName="MIKE-NOTEBOOK2" duration="00:00:00" startTime="0001-01-01T08:00:00.0000000+08:00" endTime="0001-01-01T08:00:00.0000000+08:00" testType="13cdc9d9-ddb5-4fa4-a97d-d965ccfc6d4b" outcome="NotExecuted" testListId="8c84fa94-04c1-424b-9868-57a2d4851a1d">
    </UnitTestResult>
    <UnitTestResult executionId="21b0492f-0614-4910-b30c-642fa1d941fa" testId="6a0b4dec-db3d-da56-924a-b6e0af93607c" testName="Any_Condition" computerName="MIKE-NOTEBOOK2" duration="00:00:00" startTime="0001-01-01T08:00:00.0000000+08:00" endTime="0001-01-01T08:00:00.0000000+08:00" testType="13cdc9d9-ddb5-4fa4-a97d-d965ccfc6d4b" outcome="NotExecuted" testListId="8c84fa94-04c1-424b-9868-57a2d4851a1d">
    </UnitTestResult>
    <UnitTestResult executionId="9336a8d2-21b5-403e-abbd-37e1f45406e8" testId="9ab05595-46b5-bebd-4a9c-658d7932db5f" testName="Any_Grouped" computerName="MIKE-NOTEBOOK2" duration="00:00:00" startTime="0001-01-01T08:00:00.0000000+08:00" endTime="0001-01-01T08:00:00.0000000+08:00" testType="13cdc9d9-ddb5-4fa4-a97d-d965ccfc6d4b" outcome="NotExecuted" testListId="8c84fa94-04c1-424b-9868-57a2d4851a1d">
    </UnitTestResult>
    <UnitTestResult executionId="bcb807b8-2943-4e46-bc73-df9ece4618b8" testId="22519131-28da-6e96-0605-02248aa6fe7d" testName="All_Simple" computerName="MIKE-NOTEBOOK2" duration="00:00:00" startTime="0001-01-01T08:00:00.0000000+08:00" endTime="0001-01-01T08:00:00.0000000+08:00" testType="13cdc9d9-ddb5-4fa4-a97d-d965ccfc6d4b" outcome="NotExecuted" testListId="8c84fa94-04c1-424b-9868-57a2d4851a1d">
    </UnitTestResult>
    <UnitTestResult executionId="ca92c1bb-ee2d-48a4-9f45-b2a80e02cbde" testId="d1407a6a-9244-69ca-3a71-b0bcf731368c" testName="All_Grouped" computerName="MIKE-NOTEBOOK2" duration="00:00:00" startTime="0001-01-01T08:00:00.0000000+08:00" endTime="0001-01-01T08:00:00.0000000+08:00" testType="13cdc9d9-ddb5-4fa4-a97d-d965ccfc6d4b" outcome="NotExecuted" testListId="8c84fa94-04c1-424b-9868-57a2d4851a1d">
    </UnitTestResult>
    <UnitTestResult executionId="b992a393-053e-4ded-8b5e-241d21f803d4" testId="7489b3a7-7c89-9d9d-63ab-c5997e502cfa" testName="Contains" computerName="MIKE-NOTEBOOK2" duration="00:00:00" startTime="0001-01-01T08:00:00.0000000+08:00" endTime="0001-01-01T08:00:00.0000000+08:00" testType="13cdc9d9-ddb5-4fa4-a97d-d965ccfc6d4b" outcome="NotExecuted" testListId="8c84fa94-04c1-424b-9868-57a2d4851a1d">
    </UnitTestResult>
    <UnitTestResult executionId="be04e6e3-497e-4089-b150-dc1c7810559e" testId="41c03d9e-ebfd-4646-760b-08e9c1b8fd21" testName="Like" computerName="MIKE-NOTEBOOK2" duration="00:00:00" startTime="0001-01-01T08:00:00.0000000+08:00" endTime="0001-01-01T08:00:00.0000000+08:00" testType="13cdc9d9-ddb5-4fa4-a97d-d965ccfc6d4b" outcome="NotExecuted" testListId="8c84fa94-04c1-424b-9868-57a2d4851a1d">
    </UnitTestResult>
    <UnitTestResult executionId="fae78a52-b0dc-4798-8707-586ba655841f" testId="5e898760-e443-072d-ec8b-3ad3d16ecdc4" testName="TestNull" computerName="MIKE-NOTEBOOK2" duration="00:00:00" startTime="0001-01-01T08:00:00.0000000+08:00" endTime="0001-01-01T08:00:00.0000000+08:00" testType="13cdc9d9-ddb5-4fa4-a97d-d965ccfc6d4b" outcome="NotExecuted" testListId="8c84fa94-04c1-424b-9868-57a2d4851a1d">
    </UnitTestResult>
    <UnitTestResult executionId="2904ae27-18f7-464d-8f05-19301e26effc" testId="3aa170b9-e3da-8ca8-f7be-59a7fcb64ffc" testName="CollectionConvert" computerName="MIKE-NOTEBOOK2" duration="00:00:00" startTime="0001-01-01T08:00:00.0000000+08:00" endTime="0001-01-01T08:00:00.0000000+08:00" testType="13cdc9d9-ddb5-4fa4-a97d-d965ccfc6d4b" outcome="NotExecuted" testListId="8c84fa94-04c1-424b-9868-57a2d4851a1d">
    </UnitTestResult>
    <UnitTestResult executionId="3784df17-5f15-449d-af9c-83f0ce5843d7" testId="840db7b3-d48f-ad55-9ede-9cf9b9c0687c" testName="Concat" computerName="MIKE-NOTEBOOK2" duration="00:00:00" startTime="0001-01-01T08:00:00.0000000+08:00" endTime="0001-01-01T08:00:00.0000000+08:00" testType="13cdc9d9-ddb5-4fa4-a97d-d965ccfc6d4b" outcome="NotExecuted" testListId="8c84fa94-04c1-424b-9868-57a2d4851a1d">
    </UnitTestResult>
    <UnitTestResult executionId="7734916a-3727-4b12-95f5-1e74cbacbce8" testId="ab7f8f68-6697-f7b7-cfcd-30efdf2fa6c6" testName="StringConcat" computerName="MIKE-NOTEBOOK2" duration="00:00:00" startTime="0001-01-01T08:00:00.0000000+08:00" endTime="0001-01-01T08:00:00.0000000+08:00" testType="13cdc9d9-ddb5-4fa4-a97d-d965ccfc6d4b" outcome="NotExecuted" testListId="8c84fa94-04c1-424b-9868-57a2d4851a1d">
    </UnitTestResult>
    <UnitTestResult executionId="bab2d22e-928a-4cc2-b0df-1e985311b636" testId="9aafa6fa-33e5-b606-ed7a-6b88e460d5ef" testName="StringLength" computerName="MIKE-NOTEBOOK2" duration="00:00:00" startTime="0001-01-01T08:00:00.0000000+08:00" endTime="0001-01-01T08:00:00.0000000+08:00" testType="13cdc9d9-ddb5-4fa4-a97d-d965ccfc6d4b" outcome="NotExecuted" testListId="8c84fa94-04c1-424b-9868-57a2d4851a1d">
    </UnitTestResult>
    <UnitTestResult executionId="06c4b0f2-19a0-4715-83bf-7d6195166a0b" testId="057e62be-1ea3-f408-a8ac-520bb0d48b29" testName="StringContain" computerName="MIKE-NOTEBOOK2" duration="00:00:00" startTime="0001-01-01T08:00:00.0000000+08:00" endTime="0001-01-01T08:00:00.0000000+08:00" testType="13cdc9d9-ddb5-4fa4-a97d-d965ccfc6d4b" outcome="NotExecuted" testListId="8c84fa94-04c1-424b-9868-57a2d4851a1d">
    </UnitTestResult>
    <UnitTestResult executionId="6fac48c4-4760-4617-aa80-0c62a9c5f258" testId="5e2ac90e-4525-ee87-9c9c-e9909fa429f6" testName="StringIndexOf" computerName="MIKE-NOTEBOOK2" duration="00:00:00" startTime="0001-01-01T08:00:00.0000000+08:00" endTime="0001-01-01T08:00:00.0000000+08:00" testType="13cdc9d9-ddb5-4fa4-a97d-d965ccfc6d4b" outcome="NotExecuted" testListId="8c84fa94-04c1-424b-9868-57a2d4851a1d">
    </UnitTestResult>
    <UnitTestResult executionId="c83e4b9c-89df-478c-a5d1-2d3023302db2" testId="707d5c1b-55bb-2124-d48c-a3b571ec5c86" testName="StringStartsWith" computerName="MIKE-NOTEBOOK2" duration="00:00:00" startTime="0001-01-01T08:00:00.0000000+08:00" endTime="0001-01-01T08:00:00.0000000+08:00" testType="13cdc9d9-ddb5-4fa4-a97d-d965ccfc6d4b" outcome="NotExecuted" testListId="8c84fa94-04c1-424b-9868-57a2d4851a1d">
    </UnitTestResult>
    <UnitTestResult executionId="8c1c6e54-1558-4d5d-9bfe-5ecbb6b83073" testId="c5277f3d-04f7-de65-70fd-9b5a89ef5fef" testName="StringEndsWith" computerName="MIKE-NOTEBOOK2" duration="00:00:00" startTime="0001-01-01T08:00:00.0000000+08:00" endTime="0001-01-01T08:00:00.0000000+08:00" testType="13cdc9d9-ddb5-4fa4-a97d-d965ccfc6d4b" outcome="NotExecuted" testListId="8c84fa94-04c1-424b-9868-57a2d4851a1d">
    </UnitTestResult>
    <UnitTestResult executionId="5f1d4cae-c38b-475f-9c47-e036eb3235a0" testId="5e18e0b8-7c37-0dd7-ce93-2ac964952236" testName="StringSubstring" computerName="MIKE-NOTEBOOK2" duration="00:00:00" startTime="0001-01-01T08:00:00.0000000+08:00" endTime="0001-01-01T08:00:00.0000000+08:00" testType="13cdc9d9-ddb5-4fa4-a97d-d965ccfc6d4b" outcome="NotExecuted" testListId="8c84fa94-04c1-424b-9868-57a2d4851a1d">
    </UnitTestResult>
    <UnitTestResult executionId="c28ace8a-3eae-459b-bf8e-95e07fe6ffa5" testId="1f3444ed-d67d-5cc6-3687-72f0b51f4d55" testName="StringToUpper" computerName="MIKE-NOTEBOOK2" duration="00:00:00" startTime="0001-01-01T08:00:00.0000000+08:00" endTime="0001-01-01T08:00:00.0000000+08:00" testType="13cdc9d9-ddb5-4fa4-a97d-d965ccfc6d4b" outcome="NotExecuted" testListId="8c84fa94-04c1-424b-9868-57a2d4851a1d">
    </UnitTestResult>
    <UnitTestResult executionId="e6a744e0-3fe6-4a48-87be-836aaf5ea2fb" testId="9a27ffd7-53cf-e543-409b-2cadb2e046b8" testName="StringToLower" computerName="MIKE-NOTEBOOK2" duration="00:00:00" startTime="0001-01-01T08:00:00.0000000+08:00" endTime="0001-01-01T08:00:00.0000000+08:00" testType="13cdc9d9-ddb5-4fa4-a97d-d965ccfc6d4b" outcome="NotExecuted" testListId="8c84fa94-04c1-424b-9868-57a2d4851a1d">
    </UnitTestResult>
    <UnitTestResult executionId="0f14596b-eb6b-4fa1-9fc6-125259287502" testId="dd3cc5c7-ed00-8b19-534a-6ecb004d72c9" testName="String_Trim" computerName="MIKE-NOTEBOOK2" duration="00:00:00" startTime="0001-01-01T08:00:00.0000000+08:00" endTime="0001-01-01T08:00:00.0000000+08:00" testType="13cdc9d9-ddb5-4fa4-a97d-d965ccfc6d4b" outcome="NotExecuted" testListId="8c84fa94-04c1-424b-9868-57a2d4851a1d">
    </UnitTestResult>
    <UnitTestResult executionId="95611f7f-f6df-4cc7-8c67-45d58a71bb9f" testId="d4534976-dec5-f4ee-3a44-42ede5fe294a" testName="String_TrimStart" computerName="MIKE-NOTEBOOK2" duration="00:00:00" startTime="0001-01-01T08:00:00.0000000+08:00" endTime="0001-01-01T08:00:00.0000000+08:00" testType="13cdc9d9-ddb5-4fa4-a97d-d965ccfc6d4b" outcome="NotExecuted" testListId="8c84fa94-04c1-424b-9868-57a2d4851a1d">
    </UnitTestResult>
    <UnitTestResult executionId="8b84d00b-a362-4363-8407-96611028a8df" testId="3bfb9aba-e918-c1d7-6512-6377e3e1ab34" testName="String_TrimEnd" computerName="MIKE-NOTEBOOK2" duration="00:00:00" startTime="0001-01-01T08:00:00.0000000+08:00" endTime="0001-01-01T08:00:00.0000000+08:00" testType="13cdc9d9-ddb5-4fa4-a97d-d965ccfc6d4b" outcome="NotExecuted" testListId="8c84fa94-04c1-424b-9868-57a2d4851a1d">
    </UnitTestResult>
    <UnitTestResult executionId="a759e825-fa72-43c0-8217-8d2a515b00c9" testId="ede60a8c-89c0-2b21-79b7-5cbd6692b120" testName="StringInsert" computerName="MIKE-NOTEBOOK2" duration="00:00:00" startTime="0001-01-01T08:00:00.0000000+08:00" endTime="0001-01-01T08:00:00.0000000+08:00" testType="13cdc9d9-ddb5-4fa4-a97d-d965ccfc6d4b" outcome="NotExecuted" testListId="8c84fa94-04c1-424b-9868-57a2d4851a1d">
    </UnitTestResult>
    <UnitTestResult executionId="83ac6e3f-2117-4a84-bd5d-23ace99ea0cf" testId="3775e63c-149a-3c2d-7b5a-b5105b68d7ba" testName="StringRemove" computerName="MIKE-NOTEBOOK2" duration="00:00:00" startTime="0001-01-01T08:00:00.0000000+08:00" endTime="0001-01-01T08:00:00.0000000+08:00" testType="13cdc9d9-ddb5-4fa4-a97d-d965ccfc6d4b" outcome="NotExecuted" testListId="8c84fa94-04c1-424b-9868-57a2d4851a1d">
    </UnitTestResult>
    <UnitTestResult executionId="0d5a6200-1182-4c76-be4f-eb2257da6497" testId="9e8eabc7-fda4-b1ba-f6ed-16ceb7741a31" testName="StringRelace" computerName="MIKE-NOTEBOOK2" duration="00:00:00" startTime="0001-01-01T08:00:00.0000000+08:00" endTime="0001-01-01T08:00:00.0000000+08:00" testType="13cdc9d9-ddb5-4fa4-a97d-d965ccfc6d4b" outcome="NotExecuted" testListId="8c84fa94-04c1-424b-9868-57a2d4851a1d">
    </UnitTestResult>
    <UnitTestResult executionId="e49dc8c9-1b95-4014-8844-a8155f579cea" testId="a77c1721-6608-3b87-ba2d-8f98748fc323" testName="DateTime_Year" computerName="MIKE-NOTEBOOK2" duration="00:00:00" startTime="0001-01-01T08:00:00.0000000+08:00" endTime="0001-01-01T08:00:00.0000000+08:00" testType="13cdc9d9-ddb5-4fa4-a97d-d965ccfc6d4b" outcome="NotExecuted" testListId="8c84fa94-04c1-424b-9868-57a2d4851a1d">
    </UnitTestResult>
    <UnitTestResult executionId="d9f211f6-afba-4a37-a680-6a62c8501de9" testId="eae7590f-e8f2-3355-864d-ee03c8bd0ad2" testName="DateTime_Month" computerName="MIKE-NOTEBOOK2" duration="00:00:00" startTime="0001-01-01T08:00:00.0000000+08:00" endTime="0001-01-01T08:00:00.0000000+08:00" testType="13cdc9d9-ddb5-4fa4-a97d-d965ccfc6d4b" outcome="NotExecuted" testListId="8c84fa94-04c1-424b-9868-57a2d4851a1d">
    </UnitTestResult>
    <UnitTestResult executionId="89ba72c5-9b81-42ba-b775-ef90b469c480" testId="4508aa98-f940-859b-14f6-70358d0606bc" testName="DateTime_Day" computerName="MIKE-NOTEBOOK2" duration="00:00:00" startTime="0001-01-01T08:00:00.0000000+08:00" endTime="0001-01-01T08:00:00.0000000+08:00" testType="13cdc9d9-ddb5-4fa4-a97d-d965ccfc6d4b" outcome="NotExecuted" testListId="8c84fa94-04c1-424b-9868-57a2d4851a1d">
    </UnitTestResult>
    <UnitTestResult executionId="eb9b250a-0df0-4c69-95cc-3a1d3ed62754" testId="685b510b-9f1d-32ef-db17-38df3a72daab" testName="DateTimeGT" computerName="MIKE-NOTEBOOK2" duration="00:00:00" startTime="0001-01-01T08:00:00.0000000+08:00" endTime="0001-01-01T08:00:00.0000000+08:00" testType="13cdc9d9-ddb5-4fa4-a97d-d965ccfc6d4b" outcome="NotExecuted" testListId="8c84fa94-04c1-424b-9868-57a2d4851a1d">
    </UnitTestResult>
    <UnitTestResult executionId="adc0be87-235e-452a-899a-f160890be90a" testId="0b134ea4-4fd2-07ea-9b19-f7e29505f697" testName="DateTimeGE" computerName="MIKE-NOTEBOOK2" duration="00:00:00" startTime="0001-01-01T08:00:00.0000000+08:00" endTime="0001-01-01T08:00:00.0000000+08:00" testType="13cdc9d9-ddb5-4fa4-a97d-d965ccfc6d4b" outcome="NotExecuted" testListId="8c84fa94-04c1-424b-9868-57a2d4851a1d">
    </UnitTestResult>
    <UnitTestResult executionId="44eddbff-48b4-4ebe-91a1-72df40cfd592" testId="92e5b34d-631c-a996-532a-12cbad08df43" testName="DateTimeLT" computerName="MIKE-NOTEBOOK2" duration="00:00:00" startTime="0001-01-01T08:00:00.0000000+08:00" endTime="0001-01-01T08:00:00.0000000+08:00" testType="13cdc9d9-ddb5-4fa4-a97d-d965ccfc6d4b" outcome="NotExecuted" testListId="8c84fa94-04c1-424b-9868-57a2d4851a1d">
    </UnitTestResult>
    <UnitTestResult executionId="2fb6423f-87e9-4ade-93f8-4e8f971e1934" testId="5f76ea3c-a821-8a58-272f-5298699ae6e6" testName="DateTimeLE" computerName="MIKE-NOTEBOOK2" duration="00:00:00" startTime="0001-01-01T08:00:00.0000000+08:00" endTime="0001-01-01T08:00:00.0000000+08:00" testType="13cdc9d9-ddb5-4fa4-a97d-d965ccfc6d4b" outcome="NotExecuted" testListId="8c84fa94-04c1-424b-9868-57a2d4851a1d">
    </UnitTestResult>
    <UnitTestResult executionId="a153fa08-034e-43cc-bf21-bf2c0220426f" testId="f4e63c89-a47b-1e82-98a9-83fe4e2170e6" testName="DateTime_Date" computerName="MIKE-NOTEBOOK2" duration="00:00:00" startTime="0001-01-01T08:00:00.0000000+08:00" endTime="0001-01-01T08:00:00.0000000+08:00" testType="13cdc9d9-ddb5-4fa4-a97d-d965ccfc6d4b" outcome="NotExecuted" testListId="8c84fa94-04c1-424b-9868-57a2d4851a1d">
    </UnitTestResult>
    <UnitTestResult executionId="7a89cde2-62ec-4adb-af4a-c4d5f85f253e" testId="eda40bf2-c866-d6c0-cca3-10229141bf79" testName="DateTime_TimeOfDay" computerName="MIKE-NOTEBOOK2" duration="00:00:00" startTime="0001-01-01T08:00:00.0000000+08:00" endTime="0001-01-01T08:00:00.0000000+08:00" testType="13cdc9d9-ddb5-4fa4-a97d-d965ccfc6d4b" outcome="NotExecuted" testListId="8c84fa94-04c1-424b-9868-57a2d4851a1d">
    </UnitTestResult>
    <UnitTestResult executionId="fdadfe0a-412f-4e26-b2e0-053a2e2f2160" testId="c0fa9ebf-8971-5d40-01ec-302ce01a0bec" testName="Insert_Simple" computerName="MIKE-NOTEBOOK2" duration="00:00:00" startTime="0001-01-01T08:00:00.0000000+08:00" endTime="0001-01-01T08:00:00.0000000+08:00" testType="13cdc9d9-ddb5-4fa4-a97d-d965ccfc6d4b" outcome="NotExecuted" testListId="8c84fa94-04c1-424b-9868-57a2d4851a1d">
    </UnitTestResult>
    <UnitTestResult executionId="031d498b-a53f-4cb0-8e03-0bfb8822bea7" testId="00659c34-f2f3-635c-570e-cf519dbd02ea" testName="Insert_OneToMany" computerName="MIKE-NOTEBOOK2" duration="00:00:00" startTime="0001-01-01T08:00:00.0000000+08:00" endTime="0001-01-01T08:00:00.0000000+08:00" testType="13cdc9d9-ddb5-4fa4-a97d-d965ccfc6d4b" outcome="NotExecuted" testListId="8c84fa94-04c1-424b-9868-57a2d4851a1d">
    </UnitTestResult>
    <UnitTestResult executionId="d9eed688-0320-4560-9ab7-3956d96af001" testId="695c4ab6-f4ac-ea72-49e6-a9039bbff4ff" testName="Insert_ManyToMany" computerName="MIKE-NOTEBOOK2" duration="00:00:00" startTime="0001-01-01T08:00:00.0000000+08:00" endTime="0001-01-01T08:00:00.0000000+08:00" testType="13cdc9d9-ddb5-4fa4-a97d-d965ccfc6d4b" outcome="NotExecuted" testListId="8c84fa94-04c1-424b-9868-57a2d4851a1d">
    </UnitTestResult>
    <UnitTestResult executionId="c5c7df87-f774-4fc9-8766-3a7c99f92005" testId="70cfe48e-4cd8-1bac-f678-75542e07174f" testName="Delete_ManyToMany" computerName="MIKE-NOTEBOOK2" duration="00:00:00" startTime="0001-01-01T08:00:00.0000000+08:00" endTime="0001-01-01T08:00:00.0000000+08:00" testType="13cdc9d9-ddb5-4fa4-a97d-d965ccfc6d4b" outcome="NotExecuted" testListId="8c84fa94-04c1-424b-9868-57a2d4851a1d">
    </UnitTestResult>
    <UnitTestResult executionId="89f7a2a5-6461-4e7c-ab31-0330ac28a10c" testId="87874127-fede-769f-93d0-e49994a15469" testName="Update" computerName="MIKE-NOTEBOOK2" duration="00:00:00" startTime="0001-01-01T08:00:00.0000000+08:00" endTime="0001-01-01T08:00:00.0000000+08:00" testType="13cdc9d9-ddb5-4fa4-a97d-d965ccfc6d4b" outcome="NotExecuted" testListId="8c84fa94-04c1-424b-9868-57a2d4851a1d">
    </UnitTestResult>
    <UnitTestResult executionId="359beab7-cc91-4f0b-a020-14aa812ec520" testId="293b6710-c005-b73d-f91a-71bd69070228" testName="Inherit" computerName="MIKE-NOTEBOOK2" duration="00:00:00" startTime="0001-01-01T08:00:00.0000000+08:00" endTime="0001-01-01T08:00:00.0000000+08:00" testType="13cdc9d9-ddb5-4fa4-a97d-d965ccfc6d4b" outcome="NotExecuted" testListId="8c84fa94-04c1-424b-9868-57a2d4851a1d">
    </UnitTestResult>
    <UnitTestResult executionId="95cdd53d-2faf-4f36-a2e2-2a84ea5bba31" testId="30df2ce9-ff6a-5ce7-c53b-236cf8bb5676" testName="Insert_Inherit" computerName="MIKE-NOTEBOOK2" duration="00:00:00" startTime="0001-01-01T08:00:00.0000000+08:00" endTime="0001-01-01T08:00:00.0000000+08:00" testType="13cdc9d9-ddb5-4fa4-a97d-d965ccfc6d4b" outcome="NotExecuted" testListId="8c84fa94-04c1-424b-9868-57a2d4851a1d">
    </UnitTestResult>
    <UnitTestResult executionId="1a3e26fc-55a5-4c79-9090-78306b190be8" testId="913db542-fec8-7714-7764-d1e199b07476" testName="DataLoadOptionsTest" computerName="MIKE-NOTEBOOK2" duration="00:00:00" startTime="0001-01-01T08:00:00.0000000+08:00" endTime="0001-01-01T08:00:00.0000000+08:00" testType="13cdc9d9-ddb5-4fa4-a97d-d965ccfc6d4b" outcome="NotExecuted" testListId="8c84fa94-04c1-424b-9868-57a2d4851a1d">
    </UnitTestResult>
    <UnitTestResult executionId="85a00d2c-f3a1-498a-b29c-8f4ef3a96167" testId="88ef1e60-3ecd-2146-a8c4-838c3a9fc62d" testName="Null" computerName="MIKE-NOTEBOOK2" duration="00:00:00" startTime="0001-01-01T08:00:00.0000000+08:00" endTime="0001-01-01T08:00:00.0000000+08:00" testType="13cdc9d9-ddb5-4fa4-a97d-d965ccfc6d4b" outcome="NotExecuted" testListId="8c84fa94-04c1-424b-9868-57a2d4851a1d">
    </UnitTestResult>
    <UnitTestResult executionId="a3335687-cab9-4ca0-bc63-e16880e4d464" testId="2a3fb2c3-c3f7-473c-8aa3-60a15c0efb17" testName="CreateDatabase" computerName="MIKE-NOTEBOOK2" duration="00:00:00" startTime="0001-01-01T08:00:00.0000000+08:00" endTime="0001-01-01T08:00:00.0000000+08:00" testType="13cdc9d9-ddb5-4fa4-a97d-d965ccfc6d4b" outcome="NotExecuted" testListId="8c84fa94-04c1-424b-9868-57a2d4851a1d">
    </UnitTestResult>
    <UnitTestResult executionId="eaf460c0-41cd-4ca8-89f1-20dd8d4adc12" testId="688b1437-e3ed-5556-dc02-58f12276d1a3" testName="ResolveAll" computerName="MIKE-NOTEBOOK2" duration="00:00:00" startTime="0001-01-01T08:00:00.0000000+08:00" endTime="0001-01-01T08:00:00.0000000+08:00" testType="13cdc9d9-ddb5-4fa4-a97d-d965ccfc6d4b" outcome="NotExecuted" testListId="8c84fa94-04c1-424b-9868-57a2d4851a1d">
    </UnitTestResult>
    <UnitTestResult executionId="8618ed90-ac20-429b-95cb-9daed34f2cbe" testId="ccf665a2-1668-1d4b-9b83-9a8692001964" testName="ComposeKey" computerName="MIKE-NOTEBOOK2" duration="00:00:00" startTime="0001-01-01T08:00:00.0000000+08:00" endTime="0001-01-01T08:00:00.0000000+08:00" testType="13cdc9d9-ddb5-4fa4-a97d-d965ccfc6d4b" outcome="NotExecuted" testListId="8c84fa94-04c1-424b-9868-57a2d4851a1d">
    </UnitTestResult>
    <UnitTestResult executionId="9881a94b-5fa4-4b86-8b61-e08d5d2d0725" testId="90a6a9e4-bea4-bfca-5f6c-83438471e0af" testName="AutoGuid" computerName="MIKE-NOTEBOOK2" duration="00:00:00" startTime="0001-01-01T08:00:00.0000000+08:00" endTime="0001-01-01T08:00:00.0000000+08:00" testType="13cdc9d9-ddb5-4fa4-a97d-d965ccfc6d4b" outcome="NotExecuted" testListId="8c84fa94-04c1-424b-9868-57a2d4851a1d">
    </UnitTestResult>
    <UnitTestResult executionId="581e115e-8a7d-4287-b2c1-7bc4abcdf690" testId="9bca2565-db9c-902a-67d9-fb5abcc8bc86" testName="Association" computerName="MIKE-NOTEBOOK2" duration="00:00:00" startTime="0001-01-01T08:00:00.0000000+08:00" endTime="0001-01-01T08:00:00.0000000+08:00" testType="13cdc9d9-ddb5-4fa4-a97d-d965ccfc6d4b" outcome="NotExecuted" testListId="8c84fa94-04c1-424b-9868-57a2d4851a1d">
    </UnitTestResult>
    <UnitTestResult executionId="8b5cda34-95c9-4353-b4ec-903836df3728" testId="9375b82e-99d3-34cf-587f-edfcbb0c2df4" testName="Test1" computerName="MIKE-NOTEBOOK2" duration="00:00:00" startTime="0001-01-01T08:00:00.0000000+08:00" endTime="0001-01-01T08:00:00.0000000+08:00" testType="13cdc9d9-ddb5-4fa4-a97d-d965ccfc6d4b" outcome="NotExecuted" testListId="8c84fa94-04c1-424b-9868-57a2d4851a1d">
    </UnitTestResult>
    <UnitTestResult executionId="4b792a01-ffe1-45fc-a528-4f72357a826a" testId="68dd71f7-1e67-e58b-3f41-c6716763e285" testName="Test2" computerName="MIKE-NOTEBOOK2" duration="00:00:00" startTime="0001-01-01T08:00:00.0000000+08:00" endTime="0001-01-01T08:00:00.0000000+08:00" testType="13cdc9d9-ddb5-4fa4-a97d-d965ccfc6d4b" outcome="NotExecuted" testListId="8c84fa94-04c1-424b-9868-57a2d4851a1d">
    </UnitTestResult>
    <UnitTestResult executionId="1a7c2173-bb10-484d-a757-8e830f847ee7" testId="484438cb-fed1-3cf2-b7e6-8e71e5e67594" testName="DateDiffYear" computerName="MIKE-NOTEBOOK2" duration="00:00:00" startTime="0001-01-01T08:00:00.0000000+08:00" endTime="0001-01-01T08:00:00.0000000+08:00" testType="13cdc9d9-ddb5-4fa4-a97d-d965ccfc6d4b" outcome="NotExecuted" testListId="8c84fa94-04c1-424b-9868-57a2d4851a1d">
    </UnitTestResult>
    <UnitTestResult executionId="2ac6597f-f0a1-4fa9-bed0-298a408c1036" testId="eaf2df92-93ed-a081-854f-09f5cbe94a72" testName="DateDiffMonth" computerName="MIKE-NOTEBOOK2" duration="00:00:00" startTime="0001-01-01T08:00:00.0000000+08:00" endTime="0001-01-01T08:00:00.0000000+08:00" testType="13cdc9d9-ddb5-4fa4-a97d-d965ccfc6d4b" outcome="NotExecuted" testListId="8c84fa94-04c1-424b-9868-57a2d4851a1d">
    </UnitTestResult>
    <UnitTestResult executionId="d75f7d41-3035-4039-8ccd-217dc7c25979" testId="93a52078-c6ff-b35d-70a0-b71ca612447f" testName="DateDiffDay" computerName="MIKE-NOTEBOOK2" duration="00:00:00" startTime="0001-01-01T08:00:00.0000000+08:00" endTime="0001-01-01T08:00:00.0000000+08:00" testType="13cdc9d9-ddb5-4fa4-a97d-d965ccfc6d4b" outcome="NotExecuted" testListId="8c84fa94-04c1-424b-9868-57a2d4851a1d">
    </UnitTestResult>
    <UnitTestResult executionId="5d53d784-9f2c-447b-8179-1fce0bfe5537" testId="210efdc4-2718-cccb-c951-718a4c9427f3" testName="DateDiffHour" computerName="MIKE-NOTEBOOK2" duration="00:00:00" startTime="0001-01-01T08:00:00.0000000+08:00" endTime="0001-01-01T08:00:00.0000000+08:00" testType="13cdc9d9-ddb5-4fa4-a97d-d965ccfc6d4b" outcome="NotExecuted" testListId="8c84fa94-04c1-424b-9868-57a2d4851a1d">
    </UnitTestResult>
    <UnitTestResult executionId="bf308897-6d2c-4d60-bd3c-60e2e489c04f" testId="3a7241f3-d50a-e2c6-c147-9b8487d12b02" testName="DateDiffMinute" computerName="MIKE-NOTEBOOK2" duration="00:00:00" startTime="0001-01-01T08:00:00.0000000+08:00" endTime="0001-01-01T08:00:00.0000000+08:00" testType="13cdc9d9-ddb5-4fa4-a97d-d965ccfc6d4b" outcome="NotExecuted" testListId="8c84fa94-04c1-424b-9868-57a2d4851a1d">
    </UnitTestResult>
    <UnitTestResult executionId="4335d294-cad2-42be-a2d1-2b56738ee199" testId="60c17fa0-96ba-59c2-ed35-e1ed597161f4" testName="DateDiffMillisecond" computerName="MIKE-NOTEBOOK2" duration="00:00:00" startTime="0001-01-01T08:00:00.0000000+08:00" endTime="0001-01-01T08:00:00.0000000+08:00" testType="13cdc9d9-ddb5-4fa4-a97d-d965ccfc6d4b" outcome="NotExecuted" testListId="8c84fa94-04c1-424b-9868-57a2d4851a1d">
    </UnitTestResult>
    <UnitTestResult executionId="a60ba598-95b1-4c83-ae0b-62da33918fce" testId="ff9f76f9-abf1-a8db-046d-155fb8b41b9f" testName="DateDiffSecond" computerName="MIKE-NOTEBOOK2" duration="00:00:00" startTime="0001-01-01T08:00:00.0000000+08:00" endTime="0001-01-01T08:00:00.0000000+08:00" testType="13cdc9d9-ddb5-4fa4-a97d-d965ccfc6d4b" outcome="NotExecuted" testListId="8c84fa94-04c1-424b-9868-57a2d4851a1d">
    </UnitTestResult>
    <UnitTestResult executionId="59e641e9-aeb2-4efd-ae90-5c53e4e719be" testId="b46d37ee-20d6-0ca2-86ff-6bd8906f53d2" testName="DateDiffYear" computerName="MIKE-NOTEBOOK2" duration="00:00:00" startTime="0001-01-01T08:00:00.0000000+08:00" endTime="0001-01-01T08:00:00.0000000+08:00" testType="13cdc9d9-ddb5-4fa4-a97d-d965ccfc6d4b" outcome="NotExecuted" testListId="8c84fa94-04c1-424b-9868-57a2d4851a1d">
    </UnitTestResult>
    <UnitTestResult executionId="62ebd6a7-03ac-43cd-8287-502005a37ddc" testId="fb478761-8a16-b987-0dfd-e90acb5204fe" testName="DateDiffMonth" computerName="MIKE-NOTEBOOK2" duration="00:00:00" startTime="0001-01-01T08:00:00.0000000+08:00" endTime="0001-01-01T08:00:00.0000000+08:00" testType="13cdc9d9-ddb5-4fa4-a97d-d965ccfc6d4b" outcome="NotExecuted" testListId="8c84fa94-04c1-424b-9868-57a2d4851a1d">
    </UnitTestResult>
    <UnitTestResult executionId="48c294ac-640c-43dd-8e44-0898faa5db5b" testId="d0b1f3cf-554e-f1c3-5cc1-92f5c1a2893d" testName="DateDiffDay" computerName="MIKE-NOTEBOOK2" duration="00:00:00" startTime="0001-01-01T08:00:00.0000000+08:00" endTime="0001-01-01T08:00:00.0000000+08:00" testType="13cdc9d9-ddb5-4fa4-a97d-d965ccfc6d4b" outcome="NotExecuted" testListId="8c84fa94-04c1-424b-9868-57a2d4851a1d">
    </UnitTestResult>
    <UnitTestResult executionId="13ca3a89-9b0f-46d8-b5d4-6a0bd62e89e2" testId="74a48452-1f38-3cef-6457-c80626297aea" testName="DateDiffHour" computerName="MIKE-NOTEBOOK2" duration="00:00:00" startTime="0001-01-01T08:00:00.0000000+08:00" endTime="0001-01-01T08:00:00.0000000+08:00" testType="13cdc9d9-ddb5-4fa4-a97d-d965ccfc6d4b" outcome="NotExecuted" testListId="8c84fa94-04c1-424b-9868-57a2d4851a1d">
    </UnitTestResult>
    <UnitTestResult executionId="15ca6d38-ea10-42f4-9f5d-63d919caecd0" testId="d4de7814-9a7c-e5ca-2e80-70d79a5043a9" testName="DateDiffMinute" computerName="MIKE-NOTEBOOK2" duration="00:00:00" startTime="0001-01-01T08:00:00.0000000+08:00" endTime="0001-01-01T08:00:00.0000000+08:00" testType="13cdc9d9-ddb5-4fa4-a97d-d965ccfc6d4b" outcome="NotExecuted" testListId="8c84fa94-04c1-424b-9868-57a2d4851a1d">
    </UnitTestResult>
    <UnitTestResult executionId="28c532de-c6e8-4b00-bfcd-95f74caf8903" testId="923a0686-4c99-15de-a6e6-285a28b7f04b" testName="DateDiffMillisecond" computerName="MIKE-NOTEBOOK2" duration="00:00:00" startTime="0001-01-01T08:00:00.0000000+08:00" endTime="0001-01-01T08:00:00.0000000+08:00" testType="13cdc9d9-ddb5-4fa4-a97d-d965ccfc6d4b" outcome="NotExecuted" testListId="8c84fa94-04c1-424b-9868-57a2d4851a1d">
    </UnitTestResult>
    <UnitTestResult executionId="5516ce1a-aca5-4904-add5-251558083c0a" testId="2da2e24d-5217-799d-7a26-72eaa5ac2217" testName="DateDiffSecond" computerName="MIKE-NOTEBOOK2" duration="00:00:00" startTime="0001-01-01T08:00:00.0000000+08:00" endTime="0001-01-01T08:00:00.0000000+08:00" testType="13cdc9d9-ddb5-4fa4-a97d-d965ccfc6d4b" outcome="NotExecuted" testListId="8c84fa94-04c1-424b-9868-57a2d4851a1d">
    </UnitTestResult>
    <UnitTestResult executionId="f9a5da40-cab1-4597-b9cd-29c82c45dec8" testId="2dccbbcf-b25c-48eb-2a14-a8c22042cec5" testName="DateDiffYear" computerName="MIKE-NOTEBOOK2" duration="00:00:00" startTime="0001-01-01T08:00:00.0000000+08:00" endTime="0001-01-01T08:00:00.0000000+08:00" testType="13cdc9d9-ddb5-4fa4-a97d-d965ccfc6d4b" outcome="NotExecuted" testListId="8c84fa94-04c1-424b-9868-57a2d4851a1d">
    </UnitTestResult>
    <UnitTestResult executionId="3dd8464d-5a24-4007-b634-4d7371c3b5ce" testId="df5b52c0-0680-b452-27af-dc1b5c5ef1a1" testName="DateDiffMonth" computerName="MIKE-NOTEBOOK2" duration="00:00:00" startTime="0001-01-01T08:00:00.0000000+08:00" endTime="0001-01-01T08:00:00.0000000+08:00" testType="13cdc9d9-ddb5-4fa4-a97d-d965ccfc6d4b" outcome="NotExecuted" testListId="8c84fa94-04c1-424b-9868-57a2d4851a1d">
    </UnitTestResult>
    <UnitTestResult executionId="c80b0c6c-a549-47f0-98e7-fc7db4fa0f17" testId="6ad0efad-01fa-5a6b-24e3-309e70fa3e6b" testName="DateDiffDay" computerName="MIKE-NOTEBOOK2" duration="00:00:00" startTime="0001-01-01T08:00:00.0000000+08:00" endTime="0001-01-01T08:00:00.0000000+08:00" testType="13cdc9d9-ddb5-4fa4-a97d-d965ccfc6d4b" outcome="NotExecuted" testListId="8c84fa94-04c1-424b-9868-57a2d4851a1d">
    </UnitTestResult>
    <UnitTestResult executionId="2dee8e00-bfb0-4ed7-bd60-a8356e006210" testId="fdaabea6-ff38-9210-f4a6-8045cfbbbfab" testName="DateDiffHour" computerName="MIKE-NOTEBOOK2" duration="00:00:00" startTime="0001-01-01T08:00:00.0000000+08:00" endTime="0001-01-01T08:00:00.0000000+08:00" testType="13cdc9d9-ddb5-4fa4-a97d-d965ccfc6d4b" outcome="NotExecuted" testListId="8c84fa94-04c1-424b-9868-57a2d4851a1d">
    </UnitTestResult>
    <UnitTestResult executionId="6a8c4ee1-a928-42c0-84fb-797c7b895875" testId="7025176a-2c52-d983-e674-9db6f89239ab" testName="DateDiffMinute" computerName="MIKE-NOTEBOOK2" duration="00:00:00" startTime="0001-01-01T08:00:00.0000000+08:00" endTime="0001-01-01T08:00:00.0000000+08:00" testType="13cdc9d9-ddb5-4fa4-a97d-d965ccfc6d4b" outcome="NotExecuted" testListId="8c84fa94-04c1-424b-9868-57a2d4851a1d">
    </UnitTestResult>
    <UnitTestResult executionId="6741c82f-6295-471c-b6e4-e90890891a30" testId="f2c7fe76-8b2a-731e-3be5-5ceb7f75f8e5" testName="DateDiffMillisecond" computerName="MIKE-NOTEBOOK2" duration="00:00:00" startTime="0001-01-01T08:00:00.0000000+08:00" endTime="0001-01-01T08:00:00.0000000+08:00" testType="13cdc9d9-ddb5-4fa4-a97d-d965ccfc6d4b" outcome="NotExecuted" testListId="8c84fa94-04c1-424b-9868-57a2d4851a1d">
    </UnitTestResult>
    <UnitTestResult executionId="816546e7-280d-42af-bd4d-4f454cc1b433" testId="f97c2558-89a5-61c1-f835-d2860b5f9747" testName="DateDiffSecond" computerName="MIKE-NOTEBOOK2" duration="00:00:00" startTime="0001-01-01T08:00:00.0000000+08:00" endTime="0001-01-01T08:00:00.0000000+08:00" testType="13cdc9d9-ddb5-4fa4-a97d-d965ccfc6d4b" outcome="NotExecuted" testListId="8c84fa94-04c1-424b-9868-57a2d4851a1d">
    </UnitTestResult>
    <UnitTestResult executionId="6e732c9d-5a13-4e5b-9818-f87b899db866" testId="1fd86746-7cc4-2e8d-7877-3ad9f89f71fd" testName="DateDiffYear" computerName="MIKE-NOTEBOOK2" duration="00:00:00" startTime="0001-01-01T08:00:00.0000000+08:00" endTime="0001-01-01T08:00:00.0000000+08:00" testType="13cdc9d9-ddb5-4fa4-a97d-d965ccfc6d4b" outcome="NotExecuted" testListId="8c84fa94-04c1-424b-9868-57a2d4851a1d">
    </UnitTestResult>
    <UnitTestResult executionId="32a14dfd-8c8a-4e5d-a283-cf019767efd1" testId="2272f426-2964-ce01-7924-67b4ac6498fc" testName="DateDiffMonth" computerName="MIKE-NOTEBOOK2" duration="00:00:00" startTime="0001-01-01T08:00:00.0000000+08:00" endTime="0001-01-01T08:00:00.0000000+08:00" testType="13cdc9d9-ddb5-4fa4-a97d-d965ccfc6d4b" outcome="NotExecuted" testListId="8c84fa94-04c1-424b-9868-57a2d4851a1d">
    </UnitTestResult>
    <UnitTestResult executionId="f49a61aa-2b00-4a5b-9669-40d0d8069c31" testId="f775b527-55c0-6f46-7694-e3bf56255569" testName="DateDiffDay" computerName="MIKE-NOTEBOOK2" duration="00:00:00" startTime="0001-01-01T08:00:00.0000000+08:00" endTime="0001-01-01T08:00:00.0000000+08:00" testType="13cdc9d9-ddb5-4fa4-a97d-d965ccfc6d4b" outcome="NotExecuted" testListId="8c84fa94-04c1-424b-9868-57a2d4851a1d">
    </UnitTestResult>
    <UnitTestResult executionId="6495e748-8729-445b-a570-44bcbf1a71ac" testId="15feac6e-5a6e-7446-8c2d-6832bbb1aa74" testName="DateDiffHour" computerName="MIKE-NOTEBOOK2" duration="00:00:00" startTime="0001-01-01T08:00:00.0000000+08:00" endTime="0001-01-01T08:00:00.0000000+08:00" testType="13cdc9d9-ddb5-4fa4-a97d-d965ccfc6d4b" outcome="NotExecuted" testListId="8c84fa94-04c1-424b-9868-57a2d4851a1d">
    </UnitTestResult>
    <UnitTestResult executionId="df16b820-d9c6-402b-b79f-194eed5826f7" testId="82e0a5ce-ee51-33f9-e62f-d8e1df0e0184" testName="DateDiffMinute" computerName="MIKE-NOTEBOOK2" duration="00:00:00" startTime="0001-01-01T08:00:00.0000000+08:00" endTime="0001-01-01T08:00:00.0000000+08:00" testType="13cdc9d9-ddb5-4fa4-a97d-d965ccfc6d4b" outcome="NotExecuted" testListId="8c84fa94-04c1-424b-9868-57a2d4851a1d">
    </UnitTestResult>
    <UnitTestResult executionId="d864f4be-8a8f-4df0-9ee5-fae9cbe2a040" testId="466d00e1-09dc-4a37-0238-5750ace9946f" testName="DateDiffMillisecond" computerName="MIKE-NOTEBOOK2" duration="00:00:00" startTime="0001-01-01T08:00:00.0000000+08:00" endTime="0001-01-01T08:00:00.0000000+08:00" testType="13cdc9d9-ddb5-4fa4-a97d-d965ccfc6d4b" outcome="NotExecuted" testListId="8c84fa94-04c1-424b-9868-57a2d4851a1d">
    </UnitTestResult>
    <UnitTestResult executionId="7ecd2801-9b0a-46dd-b1ba-f5d127c41fae" testId="a45abed7-3cb2-9895-1212-771e83a36bf6" testName="DateDiffSecond" computerName="MIKE-NOTEBOOK2" duration="00:00:00" startTime="0001-01-01T08:00:00.0000000+08:00" endTime="0001-01-01T08:00:00.0000000+08:00" testType="13cdc9d9-ddb5-4fa4-a97d-d965ccfc6d4b" outcome="NotExecuted" testListId="8c84fa94-04c1-424b-9868-57a2d4851a1d">
    </UnitTestResult>
    <UnitTestResult executionId="8fab3a4e-fb8e-4ff3-abba-21c702b043c6" testId="cb7939b7-42c0-a08b-d4e1-9df5a159ba8c" testName="GetStringTest" computerName="MIKE-NOTEBOOK2" duration="00:00:00" startTime="0001-01-01T08:00:00.0000000+08:00" endTime="0001-01-01T08:00:00.0000000+08:00" testType="13cdc9d9-ddb5-4fa4-a97d-d965ccfc6d4b" outcome="NotExecuted" testListId="8c84fa94-04c1-424b-9868-57a2d4851a1d">
    </UnitTestResult>
    <UnitTestResult executionId="44caf8fa-a810-48c6-9b44-48d0a2e92ddd" testId="a7844984-3d33-dde8-2d30-6893e92420f6" testName="Test1" computerName="MIKE-NOTEBOOK2" duration="00:00:00" startTime="0001-01-01T08:00:00.0000000+08:00" endTime="0001-01-01T08:00:00.0000000+08:00" testType="13cdc9d9-ddb5-4fa4-a97d-d965ccfc6d4b" outcome="NotExecuted" testListId="8c84fa94-04c1-424b-9868-57a2d4851a1d">
    </UnitTestResult>
    <UnitTestResult executionId="b68a17a3-0e1a-4daf-a7b1-6c3fb80de921" testId="394dcf41-efb5-b878-29a9-13d948b45486" testName="Test2" computerName="MIKE-NOTEBOOK2" duration="00:00:00" startTime="0001-01-01T08:00:00.0000000+08:00" endTime="0001-01-01T08:00:00.0000000+08:00" testType="13cdc9d9-ddb5-4fa4-a97d-d965ccfc6d4b" outcome="NotExecuted" testListId="8c84fa94-04c1-424b-9868-57a2d4851a1d">
    </UnitTestResult>
  </Results>
</TestRun>