<?xml version="1.0" encoding="UTF-8"?>
<TestRun id="7423cd7a-32dd-4c50-a53f-3d235e77105f" name="Mike@MIKE-NOTEBOOK2 2013-06-19 11:39:33" runUser="MIKE-NOTEBOOK2\Mike" xmlns="http://microsoft.com/schemas/VisualStudio/TeamTest/2006">
  <TestRunConfiguration name="Default Run Configuration" id="46aceb3c-19e9-47fa-b1d6-3caa447ae124">
    <Deployment userDeploymentRoot="D:\ALinq\Source\Trunk\Test\TestResults" useDefaultDeploymentRoot="false" runDeploymentRoot="D:\ALinq\Source\Trunk\Test\TestResults\Mike_MIKE-NOTEBOOK2 2013-06-19 11_39_33">
      <DeploymentItem filename="D:\ALinq\Source\Trunk\Northwind\bin\Debug\NorthwindDatabase.dll" />
      <DeploymentItem filename="D:\ALinq\Source\Trunk\Test\bin\Debug\Oracle.DataAccess.dll" />
    </Deployment>
    <Hosts skipUnhostableTests="false" />
    <TestTypeSpecific />
  </TestRunConfiguration>
  <ResultSummary outcome="Completed">
    <Counters total="1" executed="1" passed="1" error="0" failed="0" timeout="0" aborted="0" inconclusive="0" passedButRunAborted="0" notRunnable="0" notExecuted="0" disconnected="0" warning="0" completed="0" inProgress="0" pending="0" />
  </ResultSummary>
  <Times creation="2013-06-19T11:39:33.8127287+08:00" queuing="2013-06-19T11:39:57.1460633+08:00" start="2013-06-19T11:39:57.8841055+08:00" finish="2013-06-19T11:40:04.3464751+08:00" />
  <TestDefinitions>
    <UnitTest name="GroupBy_Min" storage="d:\alinq\source\trunk\test\bin\debug\test.dll" id="a34dd9e2-d142-1c2b-1abe-e58541331544">
      <Css projectStructure="" iteration="" />
      <Owners>
        <Owner name="" />
      </Owners>
      <Execution id="4a661ae8-5d15-49ac-8221-09b89c1d0df8" />
      <TestMethod codeBase="D:\ALinq\Source\Trunk\Test\bin\Debug\Test.dll" adapterTypeName="Microsoft.VisualStudio.TestTools.TestTypes.Unit.UnitTestAdapter, Microsoft.VisualStudio.QualityTools.Tips.UnitTest.Adapter, Version=9.0.0.0, Culture=neutral, PublicKeyToken=b03f5f7f11d50a3a" className="Test.MySqlTest, Test" name="GroupBy_Min" />
    </UnitTest>
  </TestDefinitions>
  <TestLists>
    <TestList name="Results Not in a List" id="8c84fa94-04c1-424b-9868-57a2d4851a1d" />
    <TestList name="All Loaded Results" id="19431567-8539-422a-85d7-44ee4e166bda" />
  </TestLists>
  <TestEntries>
    <TestEntry testId="a34dd9e2-d142-1c2b-1abe-e58541331544" executionId="4a661ae8-5d15-49ac-8221-09b89c1d0df8" testListId="8c84fa94-04c1-424b-9868-57a2d4851a1d" />
  </TestEntries>
  <Results>
    <UnitTestResult executionId="4a661ae8-5d15-49ac-8221-09b89c1d0df8" testId="a34dd9e2-d142-1c2b-1abe-e58541331544" testName="GroupBy_Min" computerName="MIKE-NOTEBOOK2" duration="00:00:04.6892005" startTime="2013-06-19T11:39:58.1661216+08:00" endTime="2013-06-19T11:40:04.1204622+08:00" testType="13cdc9d9-ddb5-4fa4-a97d-d965ccfc6d4b" outcome="Passed" testListId="8c84fa94-04c1-424b-9868-57a2d4851a1d">
      <Output>
        <StdOut>Free Edition is limited to 18 tables in a database.
For more information about ALinq, please visit http://www.alinq.org.


SELECT IFNULL(MIN(`t0`.`UnitPrice`),0) AS `MinPrice`, `t0`.`CategoryID` AS `Key`
FROM `Products` AS `t0`
GROUP BY `t0`.`CategoryID`
-- CommandType: Text
-- Context: MySqlProvider Model: MySql AttributedMetaModel Build: 3.0.40.35

SELECT IFNULL(MIN(`t0`.`OrderDate`), CAST('0001-01-01' AS DATETIME)) AS `MinDate`, `t0`.`EmployeeID` AS `Key`
FROM `Orders` AS `t0`
GROUP BY `t0`.`EmployeeID`
-- CommandType: Text
-- Context: MySqlProvider Model: MySql AttributedMetaModel Build: 3.0.40.35

0001/1/1 0:00:00</StdOut>
      </Output>
    </UnitTestResult>
  </Results>
</TestRun>