<?xml version="1.0" encoding="UTF-8"?>
<TestRun id="e0d72524-8ab7-411e-b682-a3781a0d5d74" name="Mike@MIKE-NOTEBOOK2 2013-06-19 12:17:41" runUser="MIKE-NOTEBOOK2\Mike" xmlns="http://microsoft.com/schemas/VisualStudio/TeamTest/2006">
  <TestRunConfiguration name="Default Run Configuration" id="5642d187-9ebe-4033-8c08-29fb47846fe9">
    <Deployment userDeploymentRoot="D:\ALinq\Source\Trunk\Test\TestResults" useDefaultDeploymentRoot="false" runDeploymentRoot="D:\ALinq\Source\Trunk\Test\TestResults\Mike_MIKE-NOTEBOOK2 2013-06-19 12_17_41">
      <DeploymentItem filename="D:\ALinq\Source\Trunk\Northwind\bin\Debug\NorthwindDatabase.dll" />
      <DeploymentItem filename="D:\ALinq\Source\Trunk\Test\bin\Debug\Oracle.DataAccess.dll" />
    </Deployment>
    <Hosts skipUnhostableTests="false" />
    <TestTypeSpecific />
  </TestRunConfiguration>
  <ResultSummary outcome="Failed">
    <Counters total="1" executed="1" error="0" failed="1" timeout="0" aborted="0" inconclusive="0" passedButRunAborted="0" notRunnable="0" notExecuted="0" disconnected="0" warning="0" passed="0" completed="0" inProgress="0" pending="0" />
  </ResultSummary>
  <Times creation="2013-06-19T12:17:41.4025714+08:00" queuing="2013-06-19T12:17:45.1537859+08:00" start="2013-06-19T12:17:45.7988228+08:00" finish="2013-06-19T12:17:49.2920226+08:00" />
  <TestDefinitions>
    <UnitTest name="GroupBy_Min" storage="d:\alinq\source\trunk\test\bin\debug\test.dll" id="e166480e-5731-94f6-6b47-d1373309f64e">
      <Css projectStructure="" iteration="" />
      <Owners>
        <Owner name="" />
      </Owners>
      <Execution id="4be4972c-63fd-4f8b-b8ae-0f33007723dd" />
      <TestMethod codeBase="D:\ALinq\Source\Trunk\Test\bin\Debug\Test.dll" adapterTypeName="Microsoft.VisualStudio.TestTools.TestTypes.Unit.UnitTestAdapter, Microsoft.VisualStudio.QualityTools.Tips.UnitTest.Adapter, Version=9.0.0.0, Culture=neutral, PublicKeyToken=b03f5f7f11d50a3a" className="Test.FirebirdTest, Test" name="GroupBy_Min" />
    </UnitTest>
  </TestDefinitions>
  <TestLists>
    <TestList name="Results Not in a List" id="8c84fa94-04c1-424b-9868-57a2d4851a1d" />
    <TestList name="All Loaded Results" id="19431567-8539-422a-85d7-44ee4e166bda" />
  </TestLists>
  <TestEntries>
    <TestEntry testId="e166480e-5731-94f6-6b47-d1373309f64e" executionId="4be4972c-63fd-4f8b-b8ae-0f33007723dd" testListId="8c84fa94-04c1-424b-9868-57a2d4851a1d" />
  </TestEntries>
  <Results>
    <UnitTestResult executionId="4be4972c-63fd-4f8b-b8ae-0f33007723dd" testId="e166480e-5731-94f6-6b47-d1373309f64e" testName="GroupBy_Min" computerName="MIKE-NOTEBOOK2" duration="00:00:02.0213797" startTime="2013-06-19T12:17:45.9558318+08:00" endTime="2013-06-19T12:17:49.0940113+08:00" testType="13cdc9d9-ddb5-4fa4-a97d-d965ccfc6d4b" outcome="Failed" testListId="8c84fa94-04c1-424b-9868-57a2d4851a1d">
      <Output>
        <StdOut>Free Edition is limited to 18 tables in a database.
For more information about ALinq, please visit http://www.alinq.org.</StdOut>
        <ErrorInfo>
          <Message>Test method Test.FirebirdTest.GroupBy_Min threw exception:  System.Exception: Free edition is limited to 18 tables in a database..</Message>
          <StackTrace>    在 ALinq.SqlClient.SqlProvider.Execute(Expression query, QueryInfo queryInfo, IObjectReaderFactory factory, Object[] parentArgs, Object[] userArgs, ICompiledSubQuery[] subQueries, Object lastResult)
   在 ALinq.SqlClient.SqlProvider.ExecuteAll(Expression query, QueryInfo[] queryInfos, IObjectReaderFactory factory, Object[] userArguments, ICompiledSubQuery[] subQueries)
   在 ALinq.SqlClient.SqlProvider.Execute(Expression query)
   在 ALinq.DataQuery`1.System.Collections.Generic.IEnumerable&lt;T&gt;.GetEnumerator()
   在 System.Collections.Generic.List`1..ctor(IEnumerable`1 collection)
   在 System.Linq.Enumerable.ToList[TSource](IEnumerable`1 source)
   在 Test.SqlTest.GroupBy_Min() 位置 D:\ALinq\Source\Trunk\Test\SqlTest.cs:行号 1028
</StackTrace>
        </ErrorInfo>
      </Output>
    </UnitTestResult>
  </Results>
</TestRun>