<?xml version="1.0" encoding="UTF-8"?>
<TestRun id="408fba87-e983-4cb9-8677-1317fd14a13e" name="Mike@MIKE-NOTEBOOK2 2013-06-19 23:31:37" runUser="MIKE-NOTEBOOK2\Mike" xmlns="http://microsoft.com/schemas/VisualStudio/TeamTest/2006">
  <TestRunConfiguration name="Default Run Configuration" id="460055e2-0ed2-402f-a8f1-d30129e551ee">
    <Deployment runDeploymentRoot="D:\ALinq\Source\Trunk\Test\TestResults\Mike_MIKE-NOTEBOOK2 2013-06-19 23_31_37">
      <DeploymentItem filename="D:\ALinq\Source\Trunk\Northwind\bin\Debug\NorthwindDatabase.dll" />
      <DeploymentItem filename="D:\ALinq\Source\Trunk\Test\bin\Debug\Oracle.DataAccess.dll" />
    </Deployment>
    <Hosts skipUnhostableTests="false" />
    <TestTypeSpecific />
  </TestRunConfiguration>
  <ResultSummary outcome="Failed">
    <Counters total="1" executed="1" error="0" failed="1" timeout="0" aborted="0" inconclusive="0" passedButRunAborted="0" notRunnable="0" notExecuted="0" disconnected="0" warning="0" passed="0" completed="0" inProgress="0" pending="0" />
  </ResultSummary>
  <Times creation="2013-06-19T23:31:37.9252007+08:00" queuing="2013-06-19T23:31:46.0006626+08:00" start="2013-06-19T23:31:46.9177151+08:00" finish="2013-06-19T23:32:15.3093390+08:00" />
  <TestDefinitions>
    <UnitTest name="GroupBy_Min" storage="d:\alinq\source\trunk\test\bin\debug\test.dll" id="d665ba45-555c-c938-1f98-e6aa51f3d56d">
      <Css projectStructure="" iteration="" />
      <Owners>
        <Owner name="" />
      </Owners>
      <Execution id="f4bd8c8c-58f0-4bec-8e6c-f3247cb219f9" />
      <TestMethod codeBase="D:\ALinq\Source\Trunk\Test\bin\Debug\Test.dll" adapterTypeName="Microsoft.VisualStudio.TestTools.TestTypes.Unit.UnitTestAdapter, Microsoft.VisualStudio.QualityTools.Tips.UnitTest.Adapter, Version=9.0.0.0, Culture=neutral, PublicKeyToken=b03f5f7f11d50a3a" className="Test.DB2Test, Test" name="GroupBy_Min" />
    </UnitTest>
  </TestDefinitions>
  <TestLists>
    <TestList name="Results Not in a List" id="8c84fa94-04c1-424b-9868-57a2d4851a1d" />
    <TestList name="All Loaded Results" id="19431567-8539-422a-85d7-44ee4e166bda" />
  </TestLists>
  <TestEntries>
    <TestEntry testId="d665ba45-555c-c938-1f98-e6aa51f3d56d" executionId="f4bd8c8c-58f0-4bec-8e6c-f3247cb219f9" testListId="8c84fa94-04c1-424b-9868-57a2d4851a1d" />
  </TestEntries>
  <Results>
    <UnitTestResult executionId="f4bd8c8c-58f0-4bec-8e6c-f3247cb219f9" testId="d665ba45-555c-c938-1f98-e6aa51f3d56d" testName="GroupBy_Min" computerName="MIKE-NOTEBOOK2" duration="00:00:26.2456836" startTime="2013-06-19T23:31:47.1807301+08:00" endTime="2013-06-19T23:32:14.9003156+08:00" testType="13cdc9d9-ddb5-4fa4-a97d-d965ccfc6d4b" outcome="Failed" testListId="8c84fa94-04c1-424b-9868-57a2d4851a1d">
      <Output>
        <StdOut>This software is unregistered and will be expired after 111 days.

SELECT NVL(MIN(t0.UnitPrice),0) AS MinPrice, t0.CategoryID AS Key
FROM Products AS t0
GROUP BY t0.CategoryID
-- CommandType: Text
-- Context: DB2Provider Model: DB2 AttributedMetaModel Build: 3.0.40.35</StdOut>
        <ErrorInfo>
          <Message>Assert.IsTrue failed. </Message>
          <StackTrace>   在 Test.SqlTest.GroupBy_Min() 位置 D:\ALinq\Source\Trunk\Test\SqlTest.cs:行号 1035
</StackTrace>
        </ErrorInfo>
      </Output>
    </UnitTestResult>
  </Results>
</TestRun>