<?xml version="1.0" encoding="UTF-8"?>
<TestRun id="9d867f0c-5eb2-49de-b0db-6f4aaf7f862e" name="Mike@MIKE-NOTEBOOK2 2013-06-19 13:09:24" runUser="MIKE-NOTEBOOK2\Mike" xmlns="http://microsoft.com/schemas/VisualStudio/TeamTest/2006">
  <TestRunConfiguration name="Default Run Configuration" id="4247ab37-1e20-4df4-9019-1e9ba6d8cea9">
    <Deployment userDeploymentRoot="D:\ALinq\Source\Trunk\Test\TestResults" useDefaultDeploymentRoot="false" runDeploymentRoot="D:\ALinq\Source\Trunk\Test\TestResults\Mike_MIKE-NOTEBOOK2 2013-06-19 13_09_24">
      <DeploymentItem filename="D:\ALinq\Source\Trunk\Northwind\bin\Debug\NorthwindDatabase.dll" />
      <DeploymentItem filename="D:\ALinq\Source\Trunk\Test\bin\Debug\Oracle.DataAccess.dll" />
    </Deployment>
    <Hosts skipUnhostableTests="false" />
    <TestTypeSpecific />
  </TestRunConfiguration>
  <ResultSummary outcome="Failed">
    <Counters total="1" executed="1" error="0" failed="1" timeout="0" aborted="0" inconclusive="0" passedButRunAborted="0" notRunnable="0" notExecuted="0" disconnected="0" warning="0" passed="0" completed="0" inProgress="0" pending="0" />
  </ResultSummary>
  <Times creation="2013-06-19T13:09:24.7510727+08:00" queuing="2013-06-19T13:09:29.3913382+08:00" start="2013-06-19T13:09:30.1413811+08:00" finish="2013-06-19T13:09:55.3178211+08:00" />
  <TestDefinitions>
    <UnitTest name="GroupBy_Min" storage="d:\alinq\source\trunk\test\bin\debug\test.dll" id="4e42a741-7ccd-2a7a-fddb-e78b1e9d51f7">
      <Css projectStructure="" iteration="" />
      <Owners>
        <Owner name="" />
      </Owners>
      <Execution id="827349f2-01d0-4b62-b8c8-ed1850493aba" />
      <TestMethod codeBase="D:\ALinq\Source\Trunk\Test\bin\Debug\Test.dll" adapterTypeName="Microsoft.VisualStudio.TestTools.TestTypes.Unit.UnitTestAdapter, Microsoft.VisualStudio.QualityTools.Tips.UnitTest.Adapter, Version=9.0.0.0, Culture=neutral, PublicKeyToken=b03f5f7f11d50a3a" className="Test.PgsqlTest, Test" name="GroupBy_Min" />
    </UnitTest>
  </TestDefinitions>
  <TestLists>
    <TestList name="Results Not in a List" id="8c84fa94-04c1-424b-9868-57a2d4851a1d" />
    <TestList name="All Loaded Results" id="19431567-8539-422a-85d7-44ee4e166bda" />
  </TestLists>
  <TestEntries>
    <TestEntry testId="4e42a741-7ccd-2a7a-fddb-e78b1e9d51f7" executionId="827349f2-01d0-4b62-b8c8-ed1850493aba" testListId="8c84fa94-04c1-424b-9868-57a2d4851a1d" />
  </TestEntries>
  <Results>
    <UnitTestResult executionId="827349f2-01d0-4b62-b8c8-ed1850493aba" testId="4e42a741-7ccd-2a7a-fddb-e78b1e9d51f7" testName="GroupBy_Min" computerName="MIKE-NOTEBOOK2" duration="00:00:23.0552207" startTime="2013-06-19T13:09:30.3563934+08:00" endTime="2013-06-19T13:09:54.9898023+08:00" testType="13cdc9d9-ddb5-4fa4-a97d-d965ccfc6d4b" outcome="Failed" testListId="8c84fa94-04c1-424b-9868-57a2d4851a1d">
      <Output>
        <StdOut>This software is unregistered and will be expired after 112 days.</StdOut>
        <ErrorInfo>
          <Message>Test method Test.PgsqlTest.GroupBy_Min threw exception:  Npgsql.NpgsqlException: Failed to establish a connection to 'VPC1'. ---&gt;  System.Exception: Failed to establish a connection to 'VPC1'..</Message>
          <StackTrace>    在 Npgsql.NpgsqlClosedState.Open(NpgsqlConnector context)
 --- End of inner exception stack trace ---
    在 Npgsql.NpgsqlClosedState.Open(NpgsqlConnector context)
   在 Npgsql.NpgsqlConnector.Open()
   在 Npgsql.NpgsqlConnectorPool.GetPooledConnector(NpgsqlConnection Connection)
   在 Npgsql.NpgsqlConnectorPool.RequestPooledConnectorInternal(NpgsqlConnection Connection)
   在 Npgsql.NpgsqlConnectorPool.RequestPooledConnector(NpgsqlConnection Connection)
   在 Npgsql.NpgsqlConnectorPool.RequestConnector(NpgsqlConnection Connection)
   在 Npgsql.NpgsqlConnection.Open()
   在 ALinq.SqlClient.SqlConnectionManager.UseConnection(IConnectionUser user)
   在 ALinq.SqlClient.SqlProvider.Execute(Expression query, QueryInfo queryInfo, IObjectReaderFactory factory, Object[] parentArgs, Object[] userArgs, ICompiledSubQuery[] subQueries, Object lastResult)
   在 ALinq.SqlClient.SqlProvider.ExecuteAll(Expression query, QueryInfo[] queryInfos, IObjectReaderFactory factory, Object[] userArguments, ICompiledSubQuery[] subQueries)
   在 ALinq.SqlClient.SqlProvider.Execute(Expression query)
   在 ALinq.DataQuery`1.System.Collections.Generic.IEnumerable&lt;T&gt;.GetEnumerator()
   在 System.Collections.Generic.List`1..ctor(IEnumerable`1 collection)
   在 System.Linq.Enumerable.ToList[TSource](IEnumerable`1 source)
   在 Test.SqlTest.GroupBy_Min() 位置 D:\ALinq\Source\Trunk\Test\SqlTest.cs:行号 1028
</StackTrace>
        </ErrorInfo>
      </Output>
    </UnitTestResult>
  </Results>
</TestRun>